status file for recon-all
Thu Mar 12 18:10:45 CET 2026
#@# Tessellate lh Thu Mar 12 18:10:45 CET 2026
#@# Smooth1 lh Thu Mar 12 18:10:49 CET 2026
#@# Inflation1 lh Thu Mar 12 18:10:52 CET 2026
#@# QSphere lh Thu Mar 12 18:11:05 CET 2026
#@# Fix Topology lh Thu Mar 12 18:12:44 CET 2026
#@# Smooth2 lh Thu Mar 12 18:19:12 CET 2026
#@# Inflation2 lh Thu Mar 12 18:19:15 CET 2026
#@# Curv .H and .K lh Thu Mar 12 18:19:36 CET 2026
#@# Sphere lh Thu Mar 12 18:20:20 CET 2026
#@# Surf Reg lh Thu Mar 12 18:25:14 CET 2026
#@# Jacobian white lh Thu Mar 12 18:29:15 CET 2026
#@# AvgCurv lh Thu Mar 12 18:29:16 CET 2026
#@# Cortical Parc lh Thu Mar 12 18:29:17 CET 2026
#@# white curv lh Thu Mar 12 18:36:24 CET 2026
#@# white area lh Thu Mar 12 18:36:26 CET 2026
#@# pial curv lh Thu Mar 12 18:36:26 CET 2026
#@# pial area lh Thu Mar 12 18:36:28 CET 2026
#@# thickness lh Thu Mar 12 18:36:29 CET 2026
#@# area and vertex vol lh Thu Mar 12 18:36:57 CET 2026
#@# Curvature Stats lh Thu Mar 12 18:36:59 CET 2026
#@# Cortical Parc 2 lh Thu Mar 12 18:37:01 CET 2026
#@# Cortical Parc 3 lh Thu Mar 12 18:37:14 CET 2026
#@# WM/GM Contrast lh Thu Mar 12 18:37:25 CET 2026
recon-all -s sub-v1s3x0050783_ses-1 finished without error at Thu Mar 12 18:37:28 CET 2026



#New# invocation of recon-all 



status file for recon-all
Thu Mar 12 19:09:16 CET 2026
#@# white curv lh Thu Mar 12 19:09:16 CET 2026
#@# white area lh Thu Mar 12 19:09:16 CET 2026
#@# pial curv lh Thu Mar 12 19:09:16 CET 2026
#@# pial area lh Thu Mar 12 19:09:16 CET 2026
#@# thickness lh Thu Mar 12 19:09:16 CET 2026
#@# area and vertex vol lh Thu Mar 12 19:09:16 CET 2026
#@# Parcellation Stats lh Thu Mar 12 19:09:16 CET 2026
#@# Parcellation Stats 2 lh Thu Mar 12 19:09:34 CET 2026
#@# Parcellation Stats 3 lh Thu Mar 12 19:09:44 CET 2026
#@# BA_exvivo Labels lh Thu Mar 12 19:09:53 CET 2026
recon-all -s sub-v1s3x0050783_ses-1 finished without error at Thu Mar 12 19:12:38 CET 2026
