status file for recon-all
Tue Mar 10 03:32:24 CET 2026
#@# Tessellate rh Tue Mar 10 03:32:24 CET 2026
#@# Smooth1 rh Tue Mar 10 03:32:29 CET 2026
#@# Inflation1 rh Tue Mar 10 03:32:32 CET 2026
#@# QSphere rh Tue Mar 10 03:32:49 CET 2026
#@# Fix Topology rh Tue Mar 10 03:34:31 CET 2026
#@# Smooth2 rh Tue Mar 10 03:41:20 CET 2026
#@# Inflation2 rh Tue Mar 10 03:41:23 CET 2026
#@# Curv .H and .K rh Tue Mar 10 03:41:41 CET 2026
#@# Sphere rh Tue Mar 10 03:42:37 CET 2026
#@# Surf Reg rh Tue Mar 10 03:47:18 CET 2026
#@# Jacobian white rh Tue Mar 10 03:53:31 CET 2026
#@# AvgCurv rh Tue Mar 10 03:53:32 CET 2026
#@# Cortical Parc rh Tue Mar 10 03:53:33 CET 2026
#@# white curv rh Tue Mar 10 04:02:35 CET 2026
#@# white area rh Tue Mar 10 04:02:38 CET 2026
#@# pial curv rh Tue Mar 10 04:02:39 CET 2026
#@# pial area rh Tue Mar 10 04:02:41 CET 2026
#@# thickness rh Tue Mar 10 04:02:42 CET 2026
#@# area and vertex vol rh Tue Mar 10 04:03:21 CET 2026
#@# Curvature Stats rh Tue Mar 10 04:03:23 CET 2026
#@# Cortical Parc 2 rh Tue Mar 10 04:03:26 CET 2026
#@# Cortical Parc 3 rh Tue Mar 10 04:03:44 CET 2026
#@# WM/GM Contrast rh Tue Mar 10 04:03:57 CET 2026
recon-all -s sub-v1s3x0050814_ses-1 finished without error at Tue Mar 10 04:04:01 CET 2026



#New# invocation of recon-all 



status file for recon-all
Tue Mar 10 04:16:55 CET 2026
#@# white curv rh Tue Mar 10 04:16:55 CET 2026
#@# white area rh Tue Mar 10 04:16:55 CET 2026
#@# pial curv rh Tue Mar 10 04:16:55 CET 2026
#@# pial area rh Tue Mar 10 04:16:55 CET 2026
#@# thickness rh Tue Mar 10 04:16:55 CET 2026
#@# area and vertex vol rh Tue Mar 10 04:16:55 CET 2026
#@# Parcellation Stats rh Tue Mar 10 04:16:55 CET 2026
#@# Parcellation Stats 2 rh Tue Mar 10 04:17:20 CET 2026
#@# Parcellation Stats 3 rh Tue Mar 10 04:17:33 CET 2026
#@# BA_exvivo Labels rh Tue Mar 10 04:17:45 CET 2026
recon-all -s sub-v1s3x0050814_ses-1 finished without error at Tue Mar 10 04:20:57 CET 2026
