status file for recon-all
Tue Mar 10 03:02:01 CET 2026
#@# Tessellate lh Tue Mar 10 03:02:01 CET 2026
#@# Smooth1 lh Tue Mar 10 03:02:05 CET 2026
#@# Inflation1 lh Tue Mar 10 03:02:08 CET 2026
#@# QSphere lh Tue Mar 10 03:02:23 CET 2026
#@# Fix Topology lh Tue Mar 10 03:03:56 CET 2026
#@# Smooth2 lh Tue Mar 10 03:10:58 CET 2026
#@# Inflation2 lh Tue Mar 10 03:11:01 CET 2026
#@# Curv .H and .K lh Tue Mar 10 03:11:19 CET 2026
#@# Sphere lh Tue Mar 10 03:12:15 CET 2026
#@# Surf Reg lh Tue Mar 10 03:16:22 CET 2026
#@# Jacobian white lh Tue Mar 10 03:22:23 CET 2026
#@# AvgCurv lh Tue Mar 10 03:22:24 CET 2026
#@# Cortical Parc lh Tue Mar 10 03:22:25 CET 2026
#@# white curv lh Tue Mar 10 03:31:04 CET 2026
#@# white area lh Tue Mar 10 03:31:06 CET 2026
#@# pial curv lh Tue Mar 10 03:31:07 CET 2026
#@# pial area lh Tue Mar 10 03:31:09 CET 2026
#@# thickness lh Tue Mar 10 03:31:10 CET 2026
#@# area and vertex vol lh Tue Mar 10 03:31:44 CET 2026
#@# Curvature Stats lh Tue Mar 10 03:31:46 CET 2026
#@# Cortical Parc 2 lh Tue Mar 10 03:31:49 CET 2026
#@# Cortical Parc 3 lh Tue Mar 10 03:32:06 CET 2026
#@# WM/GM Contrast lh Tue Mar 10 03:32:19 CET 2026
recon-all -s sub-v1s3x0050814_ses-1 finished without error at Tue Mar 10 03:32:23 CET 2026



#New# invocation of recon-all 



status file for recon-all
Tue Mar 10 04:12:46 CET 2026
#@# white curv lh Tue Mar 10 04:12:46 CET 2026
#@# white area lh Tue Mar 10 04:12:46 CET 2026
#@# pial curv lh Tue Mar 10 04:12:46 CET 2026
#@# pial area lh Tue Mar 10 04:12:46 CET 2026
#@# thickness lh Tue Mar 10 04:12:46 CET 2026
#@# area and vertex vol lh Tue Mar 10 04:12:46 CET 2026
#@# Parcellation Stats lh Tue Mar 10 04:12:46 CET 2026
#@# Parcellation Stats 2 lh Tue Mar 10 04:13:15 CET 2026
#@# Parcellation Stats 3 lh Tue Mar 10 04:13:28 CET 2026
#@# BA_exvivo Labels lh Tue Mar 10 04:13:40 CET 2026
recon-all -s sub-v1s3x0050814_ses-1 finished without error at Tue Mar 10 04:16:52 CET 2026
