/out/sourcedata/freesurfer/sub-v1s3x0050809_ses-1/mri
/opt/freesurfer/bin/talairach_avi
--i orig_nu.mgz --xfm transforms/talairach.auto.xfm
talairach_avi 7.3.2
Linux dna087 5.14.0-427.37.1.el9_4.x86_64 #1 SMP PREEMPT_DYNAMIC Fri Sep 13 12:41:50 EDT 2024 x86_64 x86_64 x86_64 GNU/Linux
Tue Mar 10 00:56:15 CET 2026
mri_convert orig_nu.mgz talsrcimg.img 
reading from orig_nu.mgz...
TR=0.00, TE=0.00, TI=0.00, flip angle=0.00
i_ras = (-1, 0, 0)
j_ras = (0, 0, -1)
k_ras = (0, 1, 0)
writing to talsrcimg.img...
Analyze Output Matrix
-1.00000   0.00000   0.00000   129.68591;
 0.00000   0.00000   1.00000  -135.05637;
 0.00000  -1.00000   0.00000   141.20013;
 0.00000   0.00000   0.00000   1.00000;
--------------------
INFO: set hdr.hist.orient to -1
mpr2mni305 talsrcimg
Tue Mar 10 00:56:16 CET 2026
/opt/freesurfer/bin/mpr2mni305 talsrcimg
mpr2mni305 7.3.2
target=711-2C_as_mni_average_305

---------------------------------------------------------------------
analyzeto4dfp talsrcimg -O0 -y
---------------------------------------------------------------------

freesurfer ifh2hdr.c
Tue Mar 10 00:56:16 2026
Writing: talsrcimg.4dfp.hdr
freesurfer analyzeto4dfp.c
Reading: talsrcimg.hdr
header size 348 bytes
hdr.dime.datatype	offset=70	value=2
hdr.dime.bitpix		offset=72	value=8
hdr.hist.orient		offset=252	value=-1
dimensionality     4
dimensions       256       256       256         1
Reading: talsrcimg.img
Writing: talsrcimg.4dfp.img
Writing: talsrcimg.4dfp.ifh
ifh2hdr talsrcimg -r0to233
ori=2

---------------------------------------------------------------------
gauss_4dfp talsrcimg 1.1
---------------------------------------------------------------------

freesurfer gauss_4dfp.c
Reading: talsrcimg.4dfp.img
Writing: talsrcimg_g11.4dfp.img
image dimensions 256 256 256 padded to 288 288 288
processing volume 1freesurfer ifh2hdr.c
Tue Mar 10 00:56:17 2026
Writing: talsrcimg_g11.4dfp.hdr

Writing: talsrcimg_g11.4dfp.ifh
including: talsrcimg.4dfp.img.rec in talsrcimg_g11.4dfp.img.rec

---------------------------------------------------------------------
imgreg_4dfp /opt/freesurfer/average/711-2C_as_mni_average_305 none talsrcimg_g11 none talsrcimg_to_711-2C_as_mni_average_305_t4 4355
---------------------------------------------------------------------

freesurfer imgreg_4dfp.c
/opt/freesurfer/average/711-2C_as_mni_average_305.4dfp.img
       256       256       256         1
  1.000000  1.000000  1.000000
orientation T byte_order littleendian
Reading image: /opt/freesurfer/average/711-2C_as_mni_average_305.4dfp.img
dimensions:      256       256       256
mmppix:       1.0000   -1.0000   -1.0000
center:     128.0000 -129.0000 -129.0000
talsrcimg_g11.4dfp.img
       256       256       256         1
  1.000000  1.000000  1.000000
orientation T byte_order littleendian
Reading image: talsrcimg_g11.4dfp.img
dimensions:      256       256       256
mmppix:       1.0000   -1.0000   -1.0000
center:     128.0000 -129.0000 -129.0000
t4_read: open error in t4_sub.f l:  41 t4_file(1:l)talsrcimg_to_711-2C_as_mni_average_305_t4 
t4_read: transform initialized to I4
rotation matrix determinant  1.000000
image alignment mode   4355 decimal     1103 hex
   -7.5000  -45.0000  -45.0000 8234.7383   23.1275
    0.0000  -45.0000  -45.0000 8624.3350   23.1089
    7.5000  -45.0000  -45.0000 8192.9521   23.1123
   -7.5000  -37.5000  -45.0000 8572.2285   23.0868
    0.0000  -37.5000  -45.0000 8962.3398   23.0607
    7.5000  -37.5000  -45.0000 8511.7168   23.0652
   -7.5000  -30.0000  -45.0000 9188.3154   23.0831
    0.0000  -30.0000  -45.0000 9612.6279   23.0489
    7.5000  -30.0000  -45.0000 9099.4648   23.0467
   -7.5000  -22.5000  -45.0000 9816.3564   23.1294
    0.0000  -22.5000  -45.000010259.5518   23.0970
    7.5000  -22.5000  -45.0000 9666.6182   23.0870
   -7.5000  -15.0000  -45.000010372.5537   23.1693
    0.0000  -15.0000  -45.000010814.6250   23.1468
    7.5000  -15.0000  -45.000010213.5674   23.1383
   -7.5000   -7.5000  -45.000010838.8809   23.1636
    0.0000   -7.5000  -45.000011281.5635   23.1469
    7.5000   -7.5000  -45.000010705.2285   23.1449
   -7.5000    0.0000  -45.000011113.2217   23.1275
    0.0000    0.0000  -45.000011584.2549   23.1089
    7.5000    0.0000  -45.000010969.0439   23.1123
   -7.5000    7.5000  -45.000010556.5938   23.0868
    0.0000    7.5000  -45.000011018.8066   23.0607
    7.5000    7.5000  -45.000010420.5107   23.0652
   -7.5000   15.0000  -45.0000 9669.3535   23.0831
    0.0000   15.0000  -45.000010090.6133   23.0489
    7.5000   15.0000  -45.0000 9505.7051   23.0467
   -7.5000   22.5000  -45.0000 8790.6504   23.1262
    0.0000   22.5000  -45.0000 9166.3486   23.0938
    7.5000   22.5000  -45.0000 8617.3691   23.0839
   -7.5000   30.0000  -45.0000 7906.5435   22.8606
    0.0000   30.0000  -45.0000 8241.6768   22.8383
    7.5000   30.0000  -45.0000 7759.8022   22.8299
   -7.5000   37.5000  -45.0000 7375.3076   22.8550
    0.0000   37.5000  -45.0000 7694.2319   22.8385
    7.5000   37.5000  -45.0000 7282.5454   22.8365
   -7.5000   45.0000  -45.0000 6598.7822   22.2453
    0.0000   45.0000  -45.0000 6870.0991   22.2276
    7.5000   45.0000  -45.0000 6481.2788   22.2308
   -7.5000  -45.0000  -37.5000 8921.0020   23.0314
    0.0000  -45.0000  -37.5000 9329.3984   22.9997
    7.5000  -45.0000  -37.5000 8836.3877   22.9838
   -7.5000  -37.5000  -37.5000 9232.9785   22.9776
    0.0000  -37.5000  -37.5000 9658.5088   22.9359
    7.5000  -37.5000  -37.5000 9141.8047   22.9226
   -7.5000  -30.0000  -37.5000 9891.8408   22.9543
    0.0000  -30.0000  -37.500010343.8594   22.9058
    7.5000  -30.0000  -37.5000 9755.1377   22.8939
   -7.5000  -22.5000  -37.500010532.9268   22.9948
    0.0000  -22.5000  -37.500011043.5244   22.9512
    7.5000  -22.5000  -37.500010352.1084   22.9384
   -7.5000  -15.0000  -37.500011092.2988   23.0482
    0.0000  -15.0000  -37.500011594.1992   23.0159
    7.5000  -15.0000  -37.500010907.9062   23.0032
   -7.5000   -7.5000  -37.500011598.8584   23.0613
    0.0000   -7.5000  -37.500012103.4375   23.0342
    7.5000   -7.5000  -37.500011412.6592   23.0197
   -7.5000    0.0000  -37.500011918.6475   23.0314
    0.0000    0.0000  -37.500012440.6152   22.9997
    7.5000    0.0000  -37.500011703.8438   22.9838
   -7.5000    7.5000  -37.500011349.6455   22.9776
    0.0000    7.5000  -37.500011865.3643   22.9359
    7.5000    7.5000  -37.500011150.5879   22.9226
   -7.5000   15.0000  -37.500010335.7002   22.9543
    0.0000   15.0000  -37.500010798.4863   22.9058
    7.5000   15.0000  -37.500010151.6631   22.8939
   -7.5000   22.5000  -37.5000 9312.1055   22.9917
    0.0000   22.5000  -37.5000 9755.8223   22.9480
    7.5000   22.5000  -37.5000 9166.3896   22.9353
   -7.5000   30.0000  -37.5000 8335.4609   22.7411
    0.0000   30.0000  -37.5000 8748.1445   22.7092
    7.5000   30.0000  -37.5000 8228.0283   22.6966
   -7.5000   37.5000  -37.5000 7772.2363   22.7539
    0.0000   37.5000  -37.5000 8142.2202   22.7272
    7.5000   37.5000  -37.5000 7695.6445   22.7129
   -7.5000   45.0000  -37.5000 6943.6924   22.1521
    0.0000   45.0000  -37.5000 7219.3960   22.1217
    7.5000   45.0000  -37.5000 6830.6680   22.1063
   -7.5000  -45.0000  -30.0000 9722.2832   24.0039
    0.0000  -45.0000  -30.000010160.2021   23.9558
    7.5000  -45.0000  -30.0000 9627.5996   23.9396
   -7.5000  -37.5000  -30.000010058.0527   23.9387
    0.0000  -37.5000  -30.000010518.1963   23.8789
    7.5000  -37.5000  -30.0000 9960.8447   23.8665
   -7.5000  -30.0000  -30.000010743.1768   23.8853
    0.0000  -30.0000  -30.000011253.8516   23.8203
    7.5000  -30.0000  -30.000010616.3945   23.8123
   -7.5000  -22.5000  -30.000011451.9834   23.9064
    0.0000  -22.5000  -30.000012010.4336   23.8490
    7.5000  -22.5000  -30.000011257.6777   23.8428
   -7.5000  -15.0000  -30.000012047.2256   23.9712
    0.0000  -15.0000  -30.000012624.2695   23.9253
    7.5000  -15.0000  -30.000011816.2334   23.9170
   -7.5000   -7.5000  -30.000012592.5850   24.0153
    0.0000   -7.5000  -30.000013185.5312   23.9734
    7.5000   -7.5000  -30.000012379.2051   23.9595
   -7.5000    0.0000  -30.000012899.3311   24.0039
    0.0000    0.0000  -30.000013518.3047   23.9558
    7.5000    0.0000  -30.000012661.4287   23.9396
   -7.5000    7.5000  -30.000012280.3711   23.9387
    0.0000    7.5000  -30.000012874.0996   23.8789
    7.5000    7.5000  -30.000012054.3545   23.8665
   -7.5000   15.0000  -30.000011141.2568   23.8853
    0.0000   15.0000  -30.000011666.4014   23.8203
    7.5000   15.0000  -30.000010933.0928   23.8123
   -7.5000   22.5000  -30.000010008.7803   23.9006
    0.0000   22.5000  -30.000010481.9873   23.8433
    7.5000   22.5000  -30.0000 9880.7666   23.8370
   -7.5000   30.0000  -30.0000 8939.4053   23.6541
    0.0000   30.0000  -30.0000 9364.6621   23.6087
    7.5000   30.0000  -30.0000 8833.2227   23.6005
   -7.5000   37.5000  -30.0000 8311.6650   23.6975
    0.0000   37.5000  -30.0000 8730.1094   23.6562
    7.5000   37.5000  -30.0000 8236.8203   23.6425
   -7.5000   45.0000  -30.0000 7383.7861   23.1035
    0.0000   45.0000  -30.0000 7707.8843   23.0571
    7.5000   45.0000  -30.0000 7287.5684   23.0415
   -7.5000  -45.0000  -22.500010525.7275   24.8225
    0.0000  -45.0000  -22.500010974.6484   24.7759
    7.5000  -45.0000  -22.500010416.2344   24.7850
   -7.5000  -37.5000  -22.500010895.6797   24.7632
    0.0000  -37.5000  -22.500011380.0996   24.7041
    7.5000  -37.5000  -22.500010781.6777   24.7163
   -7.5000  -30.0000  -22.500011643.9209   24.7018
    0.0000  -30.0000  -22.500012158.6309   24.6355
    7.5000  -30.0000  -22.500011471.4404   24.6447
   -7.5000  -22.5000  -22.500012408.6699   24.7064
    0.0000  -22.5000  -22.500012982.1943   24.6474
    7.5000  -22.5000  -22.500012149.0498   24.6522
   -7.5000  -15.0000  -22.500013061.7529   24.7652
    0.0000  -15.0000  -22.500013659.5576   24.7180
    7.5000  -15.0000  -22.500012747.8057   24.7203
   -7.5000   -7.5000  -22.500013609.0762   24.8197
    0.0000   -7.5000  -22.500014247.2686   24.7779
    7.5000   -7.5000  -22.500013333.5576   24.7814
   -7.5000    0.0000  -22.500013892.9199   24.8225
    0.0000    0.0000  -22.500014536.9219   24.7759
    7.5000    0.0000  -22.500013608.6816   24.7850
   -7.5000    7.5000  -22.500013217.3604   24.7632
    0.0000    7.5000  -22.500013809.8486   24.7041
    7.5000    7.5000  -22.500012920.4512   24.7163
   -7.5000   15.0000  -22.500011950.7285   24.7018
    0.0000   15.0000  -22.500012501.7324   24.6355
    7.5000   15.0000  -22.500011730.7256   24.6447
   -7.5000   22.5000  -22.500010730.1895   24.6988
    0.0000   22.5000  -22.500011247.3877   24.6398
    7.5000   22.5000  -22.500010574.0859   24.6446
   -7.5000   30.0000  -22.5000 9569.9814   24.4412
    0.0000   30.0000  -22.500010033.0996   24.3947
    7.5000   30.0000  -22.5000 9458.9824   24.3969
   -7.5000   37.5000  -22.5000 8863.9473   24.4951
    0.0000   37.5000  -22.5000 9289.3008   24.4538
    7.5000   37.5000  -22.5000 8765.2041   24.4573
   -7.5000   45.0000  -22.5000 7854.8940   23.9091
    0.0000   45.0000  -22.5000 8190.0044   23.8641
    7.5000   45.0000  -22.5000 7731.3911   23.8728
   -7.5000  -45.0000  -15.000011278.4492   25.4018
    0.0000  -45.0000  -15.000011759.2744   25.3711
    7.5000  -45.0000  -15.000011163.5107   25.4058
   -7.5000  -37.5000  -15.000011706.4443   25.3578
    0.0000  -37.5000  -15.000012207.7734   25.3145
    7.5000  -37.5000  -15.000011565.1074   25.3498
   -7.5000  -30.0000  -15.000012536.0146   25.3160
    0.0000  -30.0000  -15.000013054.0674   25.2612
    7.5000  -30.0000  -15.000012346.4258   25.2830
   -7.5000  -22.5000  -15.000013305.6826   25.3227
    0.0000  -22.5000  -15.000013894.8594   25.2722
    7.5000  -22.5000  -15.000013027.0830   25.2816
   -7.5000  -15.0000  -15.000013992.7773   25.3655
    0.0000  -15.0000  -15.000014655.6289   25.3282
    7.5000  -15.0000  -15.000013659.7285   25.3370
   -7.5000   -7.5000  -15.000014631.3008   25.4025
    0.0000   -7.5000  -15.000015319.8857   25.3736
    7.5000   -7.5000  -15.000014299.8037   25.3942
   -7.5000    0.0000  -15.000014926.0049   25.4018
    0.0000    0.0000  -15.000015632.2998   25.3711
    7.5000    0.0000  -15.000014578.9844   25.4058
   -7.5000    7.5000  -15.000014173.3828   25.3578
    0.0000    7.5000  -15.000014806.2139   25.3145
    7.5000    7.5000  -15.000013789.9521   25.3498
   -7.5000   15.0000  -15.000012803.5449   25.3160
    0.0000   15.0000  -15.000013380.7627   25.2612
    7.5000   15.0000  -15.000012511.6045   25.2830
   -7.5000   22.5000  -15.000011506.5586   25.3137
    0.0000   22.5000  -15.000012025.9951   25.2633
    7.5000   22.5000  -15.000011284.0771   25.2727
   -7.5000   30.0000  -15.000010261.8223   25.0372
    0.0000   30.0000  -15.000010717.8525   25.0004
    7.5000   30.0000  -15.000010085.0195   25.0091
   -7.5000   37.5000  -15.0000 9441.1836   25.0738
    0.0000   37.5000  -15.0000 9845.6562   25.0452
    7.5000   37.5000  -15.0000 9284.9238   25.0655
   -7.5000   45.0000  -15.0000 8299.1660   24.4825
    0.0000   45.0000  -15.0000 8657.5186   24.4529
    7.5000   45.0000  -15.0000 8179.8682   24.4863
   -7.5000  -45.0000   -7.500012128.5020   25.6914
    0.0000  -45.0000   -7.500012607.6553   25.6726
    7.5000  -45.0000   -7.500011995.7744   25.7026
   -7.5000  -37.5000   -7.500012605.2305   25.6553
    0.0000  -37.5000   -7.500013122.0039   25.6266
    7.5000  -37.5000   -7.500012444.5322   25.6566
   -7.5000  -30.0000   -7.500013508.4795   25.6425
    0.0000  -30.0000   -7.500014058.0713   25.6028
    7.5000  -30.0000   -7.500013303.5273   25.6178
   -7.5000  -22.5000   -7.500014308.7803   25.6727
    0.0000  -22.5000   -7.500014928.8291   25.6350
    7.5000  -22.5000   -7.500014015.6006   25.6361
   -7.5000  -15.0000   -7.500015029.9004   25.7077
    0.0000  -15.0000   -7.500015687.8330   25.6817
    7.5000  -15.0000   -7.500014636.6504   25.6843
   -7.5000   -7.5000   -7.500015697.1289   25.7135
    0.0000   -7.5000   -7.500016411.1172   25.6954
    7.5000   -7.5000   -7.500015288.6875   25.7121
   -7.5000    0.0000   -7.500015958.1143   25.6914
    0.0000    0.0000   -7.500016711.1387   25.6726
    7.5000    0.0000   -7.500015545.8027   25.7026
   -7.5000    7.5000   -7.500015178.6289   25.6553
    0.0000    7.5000   -7.500015826.1260   25.6266
    7.5000    7.5000   -7.500014696.3662   25.6566
   -7.5000   15.0000   -7.500013715.2021   25.6425
    0.0000   15.0000   -7.500014324.1406   25.6028
    7.5000   15.0000   -7.500013321.3467   25.6178
   -7.5000   22.5000   -7.500012328.2109   25.6608
    0.0000   22.5000   -7.500012871.4365   25.6232
    7.5000   22.5000   -7.500011995.6758   25.6243
   -7.5000   30.0000   -7.500010977.5713   25.3743
    0.0000   30.0000   -7.500011489.8408   25.3486
    7.5000   30.0000   -7.500010761.8896   25.3513
   -7.5000   37.5000   -7.500010044.3242   25.3801
    0.0000   37.5000   -7.500010490.1045   25.3622
    7.5000   37.5000   -7.5000 9872.3018   25.3786
   -7.5000   45.0000   -7.5000 8790.4385   24.7674
    0.0000   45.0000   -7.5000 9163.6152   24.7493
    7.5000   45.0000   -7.5000 8650.8232   24.7783
   -7.5000  -45.0000    0.000012845.4600   25.7522
    0.0000  -45.0000    0.000013312.7236   25.7324
    7.5000  -45.0000    0.000012734.5283   25.7364
   -7.5000  -37.5000    0.000013408.2129   25.7090
    0.0000  -37.5000    0.000013899.1768   25.6805
    7.5000  -37.5000    0.000013259.2998   25.6857
   -7.5000  -30.0000    0.000014471.7363   25.7064
    0.0000  -30.0000    0.000015008.6904   25.6689
    7.5000  -30.0000    0.000014260.0156   25.6666
   -7.5000  -22.5000    0.000015348.1035   25.7572
    0.0000  -22.5000    0.000015952.5322   25.7220
    7.5000  -22.5000    0.000015028.2422   25.7111
   -7.5000  -15.0000    0.000016078.0107   25.7995
    0.0000  -15.0000    0.000016728.1797   25.7757
    7.5000  -15.0000    0.000015653.1709   25.7666
   -7.5000   -7.5000    0.000016743.1426   25.7919
    0.0000   -7.5000    0.000017424.9570   25.7745
    7.5000   -7.5000    0.000016282.0801   25.7726
   -7.5000    0.0000    0.000016917.3262   25.7522
    0.0000    0.0000    0.000017628.0430   25.7324
    7.5000    0.0000    0.000016463.7734   25.7364
   -7.5000    7.5000    0.000015975.2217   25.7090
    0.0000    7.5000    0.000016595.0977   25.6805
    7.5000    7.5000    0.000015431.7002   25.6857
   -7.5000   15.0000    0.000014503.9463   25.7064
    0.0000   15.0000    0.000015074.9814   25.6689
    7.5000   15.0000    0.000013985.6016   25.6666
   -7.5000   22.5000    0.000013083.7451   25.7453
    0.0000   22.5000    0.000013615.0059   25.7101
    7.5000   22.5000    0.000012637.1338   25.6993
   -7.5000   30.0000    0.000011683.0342   25.4657
    0.0000   30.0000    0.000012184.6982   25.4421
    7.5000   30.0000    0.000011366.1787   25.4331
   -7.5000   37.5000    0.000010708.7451   25.4581
    0.0000   37.5000    0.000011174.6152   25.4409
    7.5000   37.5000    0.000010462.8203   25.4390
   -7.5000   45.0000    0.0000 9324.7627   24.8283
    0.0000   45.0000    0.0000 9731.7295   24.8093
    7.5000   45.0000    0.0000 9118.7383   24.8131
   -7.5000  -45.0000    7.500012504.9062   25.7680
    0.0000  -45.0000    7.500012960.5771   25.7325
    7.5000  -45.0000    7.500012433.3613   25.7146
   -7.5000  -37.5000    7.500013104.4199   25.7079
    0.0000  -37.5000    7.500013545.2656   25.6612
    7.5000  -37.5000    7.500012982.1924   25.6463
   -7.5000  -30.0000    7.500014245.2617   25.6819
    0.0000  -30.0000    7.500014828.3574   25.6275
    7.5000  -30.0000    7.500014029.3955   25.6143
   -7.5000  -22.5000    7.500015133.5820   25.7271
    0.0000  -22.5000    7.500015773.8926   25.6782
    7.5000  -22.5000    7.500014859.1699   25.6640
   -7.5000  -15.0000    7.500015802.2480   25.7867
    0.0000  -15.0000    7.500016391.6406   25.7505
    7.5000  -15.0000    7.500015508.1973   25.7363
   -7.5000   -7.5000    7.500016437.2988   25.8013
    0.0000   -7.5000    7.500017037.8457   25.7710
    7.5000   -7.5000    7.500016111.0205   25.7548
   -7.5000    0.0000    7.500016539.9316   25.7680
    0.0000    0.0000    7.500017167.6719   25.7325
    7.5000    0.0000    7.500016239.9111   25.7146
   -7.5000    7.5000    7.500015499.7637   25.7079
    0.0000    7.5000    7.500016079.6543   25.6612
    7.5000    7.5000    7.500015114.4609   25.6463
   -7.5000   15.0000    7.500014138.7979   25.6819
    0.0000   15.0000    7.500014689.6885   25.6275
    7.5000   15.0000    7.500013708.7510   25.6143
   -7.5000   22.5000    7.500012822.1748   25.7152
    0.0000   22.5000    7.500013308.1377   25.6664
    7.5000   22.5000    7.500012395.2871   25.6522
   -7.5000   30.0000    7.500011481.3477   25.4529
    0.0000   30.0000    7.500011937.6162   25.4172
    7.5000   30.0000    7.500011135.1357   25.4032
   -7.5000   37.5000    7.500010572.3076   25.4674
    0.0000   37.5000    7.500010993.1152   25.4375
    7.5000   37.5000    7.500010275.6777   25.4215
   -7.5000   45.0000    7.5000 9214.2520   24.8426
    0.0000   45.0000    7.5000 9574.3262   24.8084
    7.5000   45.0000    7.5000 8978.8369   24.7912
   -7.5000  -45.0000   15.000011974.4082   25.7763
    0.0000  -45.0000   15.000012412.1104   25.7246
    7.5000  -45.0000   15.000011988.5137   25.7072
   -7.5000  -37.5000   15.000012519.0693   25.7062
    0.0000  -37.5000   15.000012935.4023   25.6420
    7.5000  -37.5000   15.000012530.7314   25.6287
   -7.5000  -30.0000   15.000013565.9053   25.6488
    0.0000  -30.0000   15.000014139.8975   25.5791
    7.5000  -30.0000   15.000013551.0479   25.5705
   -7.5000  -22.5000   15.000014501.7441   25.6715
    0.0000  -22.5000   15.000015087.0049   25.6099
    7.5000  -22.5000   15.000014424.7715   25.6032
   -7.5000  -15.0000   15.000015295.6592   25.7412
    0.0000  -15.0000   15.000015851.1133   25.6918
    7.5000  -15.0000   15.000015125.7012   25.6829
   -7.5000   -7.5000   15.000015989.0166   25.7885
    0.0000   -7.5000   15.000016558.1719   25.7435
    7.5000   -7.5000   15.000015707.9229   25.7286
   -7.5000    0.0000   15.000016029.6074   25.7763
    0.0000    0.0000   15.000016633.1777   25.7246
    7.5000    0.0000   15.000015772.4229   25.7072
   -7.5000    7.5000   15.000014907.9209   25.7062
    0.0000    7.5000   15.000015472.5869   25.6420
    7.5000    7.5000   15.000014620.6191   25.6287
   -7.5000   15.0000   15.000013542.0361   25.6488
    0.0000   15.0000   15.000014069.8174   25.5791
    7.5000   15.0000   15.000013294.8467   25.5705
   -7.5000   22.5000   15.000012324.4717   25.6597
    0.0000   22.5000   15.000012775.7578   25.5981
    7.5000   22.5000   15.000012030.4375   25.5914
   -7.5000   30.0000   15.000011044.8242   25.4080
    0.0000   30.0000   15.000011464.2734   25.3593
    7.5000   30.0000   15.000010784.1455   25.3505
   -7.5000   37.5000   15.000010161.1465   25.4547
    0.0000   37.5000   15.000010577.2148   25.4103
    7.5000   37.5000   15.0000 9927.2881   25.3956
   -7.5000   45.0000   15.0000 8858.7529   24.8495
    0.0000   45.0000   15.0000 9239.7510   24.7996
    7.5000   45.0000   15.0000 8664.5703   24.7828
   -7.5000  -45.0000   22.500011415.9287   25.7677
    0.0000  -45.0000   22.500011851.7734   25.7193
    7.5000  -45.0000   22.500011465.2402   25.7288
   -7.5000  -37.5000   22.500011934.2568   25.7061
    0.0000  -37.5000   22.500012375.0811   25.6448
    7.5000  -37.5000   22.500011946.1650   25.6575
   -7.5000  -30.0000   22.500012873.2158   25.6424
    0.0000  -30.0000   22.500013437.9092   25.5737
    7.5000  -30.0000   22.500012887.2393   25.5832
   -7.5000  -22.5000   22.500013760.4980   25.6472
    0.0000  -22.5000   22.500014407.9492   25.5859
    7.5000  -22.5000   22.500013729.5732   25.5909
   -7.5000  -15.0000   22.500014595.8301   25.7082
    0.0000  -15.0000   22.500015304.7812   25.6593
    7.5000  -15.0000   22.500014473.6152   25.6616
   -7.5000   -7.5000   22.500015283.8262   25.7648
    0.0000   -7.5000   22.500016036.6523   25.7215
    7.5000   -7.5000   22.500015077.8896   25.7251
   -7.5000    0.0000   22.500015291.7520   25.7677
    0.0000    0.0000   22.500016045.9014   25.7193
    7.5000    0.0000   22.500015119.4727   25.7288
   -7.5000    7.5000   22.500014130.7119   25.7061
    0.0000    7.5000   22.500014741.5693   25.6448
    7.5000    7.5000   22.500013932.9170   25.6575
   -7.5000   15.0000   22.500012812.9141   25.6424
    0.0000   15.0000   22.500013350.3740   25.5737
    7.5000   15.0000   22.500012659.3828   25.5832
   -7.5000   22.5000   22.500011633.6123   25.6354
    0.0000   22.5000   22.500012100.3271   25.5742
    7.5000   22.5000   22.500011458.0684   25.5791
   -7.5000   30.0000   22.500010439.1426   25.3755
    0.0000   30.0000   22.500010829.1074   25.3272
    7.5000   30.0000   22.500010289.4600   25.3295
   -7.5000   37.5000   22.5000 9609.3057   25.4314
    0.0000   37.5000   22.5000 9946.4971   25.3886
    7.5000   37.5000   22.5000 9457.6201   25.3922
   -7.5000   45.0000   22.5000 8421.3223   24.8410
    0.0000   45.0000   22.5000 8719.7520   24.7943
    7.5000   45.0000   22.5000 8277.4033   24.8034
   -7.5000  -45.0000   30.000010831.1250   25.7504
    0.0000  -45.0000   30.000011314.4102   25.7192
    7.5000  -45.0000   30.000010789.7803   25.7545
   -7.5000  -37.5000   30.000011329.5049   25.7058
    0.0000  -37.5000   30.000011774.2070   25.6619
    7.5000  -37.5000   30.000011274.5713   25.6977
   -7.5000  -30.0000   30.000012117.8154   25.6634
    0.0000  -30.0000   30.000012565.8994   25.6079
    7.5000  -30.0000   30.000012095.8691   25.6300
   -7.5000  -22.5000   30.000012868.1670   25.6702
    0.0000  -22.5000   30.000013333.1426   25.6191
    7.5000  -22.5000   30.000012845.5820   25.6286
   -7.5000  -15.0000   30.000013548.7959   25.7136
    0.0000  -15.0000   30.000014069.0303   25.6758
    7.5000  -15.0000   30.000013521.5820   25.6847
   -7.5000   -7.5000   30.000014235.3867   25.7511
    0.0000   -7.5000   30.000014815.6426   25.7218
    7.5000   -7.5000   30.000014160.2617   25.7427
   -7.5000    0.0000   30.000014345.2158   25.7504
    0.0000    0.0000   30.000014967.7773   25.7192
    7.5000    0.0000   30.000014279.2842   25.7545
   -7.5000    7.5000   30.000013265.2686   25.7058
    0.0000    7.5000   30.000013779.6748   25.6619
    7.5000    7.5000   30.000013130.8516   25.6977
   -7.5000   15.0000   30.000012044.8857   25.6634
    0.0000   15.0000   30.000012510.3545   25.6079
    7.5000   15.0000   30.000011898.0537   25.6300
   -7.5000   22.5000   30.000010902.0342   25.6584
    0.0000   22.5000   30.000011307.3779   25.6073
    7.5000   22.5000   30.000010688.9453   25.6168
   -7.5000   30.0000   30.0000 9734.2100   25.3808
    0.0000   30.0000   30.000010092.4092   25.3435
    7.5000   30.0000   30.0000 9555.3174   25.3523
   -7.5000   37.5000   30.0000 8907.1953   25.4179
    0.0000   37.5000   30.0000 9221.6094   25.3889
    7.5000   37.5000   30.0000 8758.1562   25.4095
   -7.5000   45.0000   30.0000 7805.7646   24.8251
    0.0000   45.0000   30.0000 8087.2969   24.7950
    7.5000   45.0000   30.0000 7692.3887   24.8289
   -7.5000  -45.0000   37.500010472.6680   25.7658
    0.0000  -45.0000   37.500010961.2822   25.7469
    7.5000  -45.0000   37.500010430.0205   25.7770
   -7.5000  -37.5000   37.500010868.6250   25.7296
    0.0000  -37.5000   37.500011334.8779   25.7010
    7.5000  -37.5000   37.500010839.9775   25.7309
   -7.5000  -30.0000   37.500011593.0547   25.7167
    0.0000  -30.0000   37.500012061.6787   25.6771
    7.5000  -30.0000   37.500011571.6143   25.6922
   -7.5000  -22.5000   37.500012288.2197   25.7470
    0.0000  -22.5000   37.500012778.5107   25.7093
    7.5000  -22.5000   37.500012274.3486   25.7107
   -7.5000  -15.0000   37.500012900.1299   25.7821
    0.0000  -15.0000   37.500013447.2041   25.7560
    7.5000  -15.0000   37.500012889.8438   25.7589
   -7.5000   -7.5000   37.500013538.2949   25.7880
    0.0000   -7.5000   37.500014119.8008   25.7697
    7.5000   -7.5000   37.500013496.6035   25.7866
   -7.5000    0.0000   37.500013730.4365   25.7658
    0.0000    0.0000   37.500014320.2598   25.7469
    7.5000    0.0000   37.500013718.8359   25.7770
   -7.5000    7.5000   37.500012683.1504   25.7296
    0.0000    7.5000   37.500013167.0625   25.7010
    7.5000    7.5000   37.500012607.8594   25.7309
   -7.5000   15.0000   37.500011527.6406   25.7167
    0.0000   15.0000   37.500011973.0869   25.6771
    7.5000   15.0000   37.500011436.6895   25.6922
   -7.5000   22.5000   37.500010420.5801   25.7351
    0.0000   22.5000   37.500010808.0693   25.6975
    7.5000   22.5000   37.500010273.6533   25.6988
   -7.5000   30.0000   37.5000 9323.4062   25.4484
    0.0000   30.0000   37.5000 9677.2715   25.4227
    7.5000   30.0000   37.5000 9174.0127   25.4256
   -7.5000   37.5000   37.5000 8507.7617   25.4543
    0.0000   37.5000   37.5000 8844.1221   25.4362
    7.5000   37.5000   37.5000 8404.5859   25.4528
   -7.5000   45.0000   37.5000 7443.9258   24.8409
    0.0000   45.0000   37.5000 7722.4116   24.8227
    7.5000   45.0000   37.5000 7352.1514   24.8517
   -7.5000  -45.0000   45.0000 9597.1562   25.9022
    0.0000  -45.0000   45.000010044.4531   25.8811
    7.5000  -45.0000   45.0000 9524.8691   25.8840
   -7.5000  -37.5000   45.0000 9926.6582   25.8576
    0.0000  -37.5000   45.000010370.5645   25.8281
    7.5000  -37.5000   45.0000 9889.1426   25.8323
   -7.5000  -30.0000   45.000010587.5732   25.8547
    0.0000  -30.0000   45.000011020.5381   25.8162
    7.5000  -30.0000   45.000010568.2861   25.8131
   -7.5000  -22.5000   45.000011186.1650   25.9068
    0.0000  -22.5000   45.000011650.3506   25.8703
    7.5000  -22.5000   45.000011198.9941   25.8585
   -7.5000  -15.0000   45.000011720.8691   25.9507
    0.0000  -15.0000   45.000012216.6152   25.9252
    7.5000  -15.0000   45.000011751.7178   25.9151
   -7.5000   -7.5000   45.000012270.1338   25.9432
    0.0000   -7.5000   45.000012791.5117   25.9241
    7.5000   -7.5000   45.000012286.9395   25.9213
   -7.5000    0.0000   45.000012500.2393   25.9022
    0.0000    0.0000   45.000013030.4443   25.8811
    7.5000    0.0000   45.000012512.4463   25.8840
   -7.5000    7.5000   45.000011536.1270   25.8576
    0.0000    7.5000   45.000012004.7666   25.8281
    7.5000    7.5000   45.000011484.9062   25.8323
   -7.5000   15.0000   45.000010516.2363   25.8547
    0.0000   15.0000   45.000010921.8984   25.8162
    7.5000   15.0000   45.000010428.3125   25.8131
   -7.5000   22.5000   45.0000 9528.9062   25.8948
    0.0000   22.5000   45.0000 9874.8760   25.8583
    7.5000   22.5000   45.0000 9389.7188   25.8465
   -7.5000   30.0000   45.0000 8535.2031   25.6126
    0.0000   30.0000   45.0000 8859.2959   25.5875
    7.5000   30.0000   45.0000 8408.5645   25.5775
   -7.5000   37.5000   45.0000 7798.1074   25.6052
    0.0000   37.5000   45.0000 8100.5771   25.5864
    7.5000   37.5000   45.0000 7722.7954   25.5836
   -7.5000   45.0000   45.0000 6813.3662   24.9839
    0.0000   45.0000   45.0000 7084.1392   24.9637
    7.5000   45.0000   45.0000 6762.1914   24.9665

---------------------------------------------------------------------
imgreg_4dfp /opt/freesurfer/average/711-2C_as_mni_average_305 /opt/freesurfer/average/711-2B_as_mni_average_305_mask talsrcimg_g11 none talsrcimg_to_711-2C_as_mni_average_305_t4 4355
---------------------------------------------------------------------

freesurfer imgreg_4dfp.c
/opt/freesurfer/average/711-2C_as_mni_average_305.4dfp.img
       256       256       256         1
  1.000000  1.000000  1.000000
orientation T byte_order littleendian
Reading image: /opt/freesurfer/average/711-2C_as_mni_average_305.4dfp.img
dimensions:      256       256       256
mmppix:       1.0000   -1.0000   -1.0000
center:     128.0000 -129.0000 -129.0000
/opt/freesurfer/average/711-2B_as_mni_average_305_mask.4dfp.img
       256       256       256         1
  1.000000  1.000000  1.000000
orientation T byte_order littleendian
Reading mask: /opt/freesurfer/average/711-2B_as_mni_average_305_mask.4dfp.img (2306576 pixels)
talsrcimg_g11.4dfp.img
       256       256       256         1
  1.000000  1.000000  1.000000
orientation T byte_order littleendian
Reading image: talsrcimg_g11.4dfp.img
dimensions:      256       256       256
mmppix:       1.0000   -1.0000   -1.0000
center:     128.0000 -129.0000 -129.0000
rotation matrix determinant  1.000000
image alignment mode   4355 decimal     1103 hex
   -7.5000  -45.0000  -45.0000 2158.2280   25.3504
    0.0000  -45.0000  -45.0000 2179.0674   25.3796
    7.5000  -45.0000  -45.0000 2160.2654   25.4041
   -7.5000  -37.5000  -45.0000 2204.7690   24.2904
    0.0000  -37.5000  -45.0000 2217.2227   24.2893
    7.5000  -37.5000  -45.0000 2198.1345   24.4590
   -7.5000  -30.0000  -45.0000 2224.0017   24.0065
    0.0000  -30.0000  -45.0000 2236.8228   23.9815
    7.5000  -30.0000  -45.0000 2212.7502   24.1549
   -7.5000  -22.5000  -45.0000 2223.4001   24.0534
    0.0000  -22.5000  -45.0000 2234.9614   23.9756
    7.5000  -22.5000  -45.0000 2214.1765   24.2063
   -7.5000  -15.0000  -45.0000 2217.9004   24.4197
    0.0000  -15.0000  -45.0000 2226.7620   24.2603
    7.5000  -15.0000  -45.0000 2207.5925   24.5241
   -7.5000   -7.5000  -45.0000 2198.2322   25.1491
    0.0000   -7.5000  -45.0000 2207.6853   24.9413
    7.5000   -7.5000  -45.0000 2186.0388   25.2583
   -7.5000    0.0000  -45.0000 2159.9277   26.2781
    0.0000    0.0000  -45.0000 2175.0737   26.0580
    7.5000    0.0000  -45.0000 2149.0117   26.3931
   -7.5000    7.5000  -45.0000 2114.7166   27.8243
    0.0000    7.5000  -45.0000 2127.3359   27.6347
    7.5000    7.5000  -45.0000 2102.8083   28.0397
   -7.5000   15.0000  -45.0000 2048.1199   29.9835
    0.0000   15.0000  -45.0000 2061.1697   29.8229
    7.5000   15.0000  -45.0000 2032.9728   30.1913
   -7.5000   22.5000  -45.0000 1969.6506   32.8454
    0.0000   22.5000  -45.0000 1985.1582   32.5992
    7.5000   22.5000  -45.0000 1951.7156   33.1220
   -7.5000   30.0000  -45.0000 1862.7805   36.6264
    0.0000   30.0000  -45.0000 1875.7526   36.2127
    7.5000   30.0000  -45.0000 1843.5073   36.8739
   -7.5000   37.5000  -45.0000 1744.9193   41.7848
    0.0000   37.5000  -45.0000 1758.5170   41.1978
    7.5000   37.5000  -45.0000 1741.4844   41.8562
   -7.5000   45.0000  -45.0000 1631.0851   48.8124
    0.0000   45.0000  -45.0000 1638.3939   48.2290
    7.5000   45.0000  -45.0000 1619.1217   48.9483
   -7.5000  -45.0000  -37.5000 2271.5652   23.3137
    0.0000  -45.0000  -37.5000 2288.4929   23.3750
    7.5000  -45.0000  -37.5000 2266.4482   23.3512
   -7.5000  -37.5000  -37.5000 2309.1868   22.3599
    0.0000  -37.5000  -37.5000 2327.8438   22.3393
    7.5000  -37.5000  -37.5000 2304.3879   22.4274
   -7.5000  -30.0000  -37.5000 2328.9507   21.9133
    0.0000  -30.0000  -37.5000 2347.8433   21.8728
    7.5000  -30.0000  -37.5000 2316.6133   22.0235
   -7.5000  -22.5000  -37.5000 2324.0034   21.8816
    0.0000  -22.5000  -37.5000 2343.1340   21.8340
    7.5000  -22.5000  -37.5000 2309.6160   21.9892
   -7.5000  -15.0000  -37.5000 2310.3948   22.2450
    0.0000  -15.0000  -37.5000 2323.8083   22.1115
    7.5000  -15.0000  -37.5000 2305.0337   22.3587
   -7.5000   -7.5000  -37.5000 2295.8213   22.8972
    0.0000   -7.5000  -37.5000 2307.7344   22.7833
    7.5000   -7.5000  -37.5000 2286.2915   22.9868
   -7.5000    0.0000  -37.5000 2267.9270   23.9198
    0.0000    0.0000  -37.5000 2283.3279   23.7793
    7.5000    0.0000  -37.5000 2260.9285   24.0087
   -7.5000    7.5000  -37.5000 2226.4722   25.3728
    0.0000    7.5000  -37.5000 2239.5508   25.1726
    7.5000    7.5000  -37.5000 2215.3621   25.4792
   -7.5000   15.0000  -37.5000 2153.4663   27.3059
    0.0000   15.0000  -37.5000 2165.7227   27.0466
    7.5000   15.0000  -37.5000 2141.0186   27.4473
   -7.5000   22.5000  -37.5000 2067.0293   29.9066
    0.0000   22.5000  -37.5000 2080.2422   29.6039
    7.5000   22.5000  -37.5000 2050.8059   30.0284
   -7.5000   30.0000  -37.5000 1953.4620   33.3558
    0.0000   30.0000  -37.5000 1963.1318   33.1027
    7.5000   30.0000  -37.5000 1933.2266   33.5422
   -7.5000   37.5000  -37.5000 1833.0842   37.9635
    0.0000   37.5000  -37.5000 1840.5270   37.5487
    7.5000   37.5000  -37.5000 1822.8768   38.0991
   -7.5000   45.0000  -37.5000 1707.2213   44.1915
    0.0000   45.0000  -37.5000 1705.0830   43.6798
    7.5000   45.0000  -37.5000 1689.3474   44.3660
   -7.5000  -45.0000  -30.0000 2405.7405   22.1720
    0.0000  -45.0000  -30.0000 2420.0149   22.1733
    7.5000  -45.0000  -30.0000 2399.2478   22.1705
   -7.5000  -37.5000  -30.0000 2443.3713   21.2200
    0.0000  -37.5000  -30.0000 2462.5427   21.1879
    7.5000  -37.5000  -30.0000 2437.5750   21.2766
   -7.5000  -30.0000  -30.0000 2469.2314   20.7709
    0.0000  -30.0000  -30.0000 2488.2285   20.6348
    7.5000  -30.0000  -30.0000 2457.3533   20.7788
   -7.5000  -22.5000  -30.0000 2476.6863   20.6541
    0.0000  -22.5000  -30.0000 2494.4785   20.6130
    7.5000  -22.5000  -30.0000 2466.5168   20.7233
   -7.5000  -15.0000  -30.0000 2472.1479   21.0295
    0.0000  -15.0000  -30.0000 2483.8369   20.9187
    7.5000  -15.0000  -30.0000 2461.4485   21.0662
   -7.5000   -7.5000  -30.0000 2454.8481   21.6801
    0.0000   -7.5000  -30.0000 2471.7290   21.5520
    7.5000   -7.5000  -30.0000 2447.4353   21.7833
   -7.5000    0.0000  -30.0000 2421.4846   22.6769
    0.0000    0.0000  -30.0000 2443.2112   22.5137
    7.5000    0.0000  -30.0000 2413.6106   22.7433
   -7.5000    7.5000  -30.0000 2375.5596   23.9903
    0.0000    7.5000  -30.0000 2392.7979   23.8388
    7.5000    7.5000  -30.0000 2361.5964   24.1505
   -7.5000   15.0000  -30.0000 2300.5938   25.7909
    0.0000   15.0000  -30.0000 2310.4973   25.6025
    7.5000   15.0000  -30.0000 2278.5964   25.9601
   -7.5000   22.5000  -30.0000 2197.3450   28.2064
    0.0000   22.5000  -30.0000 2209.6335   28.0066
    7.5000   22.5000  -30.0000 2179.6101   28.3981
   -7.5000   30.0000  -30.0000 2073.6877   31.5860
    0.0000   30.0000  -30.0000 2087.4663   31.3320
    7.5000   30.0000  -30.0000 2055.4700   31.7184
   -7.5000   37.5000  -30.0000 1946.7378   35.9019
    0.0000   37.5000  -30.0000 1960.7827   35.6537
    7.5000   37.5000  -30.0000 1932.6415   36.0217
   -7.5000   45.0000  -30.0000 1806.6012   41.6503
    0.0000   45.0000  -30.0000 1812.1967   41.3330
    7.5000   45.0000  -30.0000 1790.0967   41.9891
   -7.5000  -45.0000  -22.5000 2506.8667   20.9264
    0.0000  -45.0000  -22.5000 2516.4954   20.8168
    7.5000  -45.0000  -22.5000 2501.2891   20.8487
   -7.5000  -37.5000  -22.5000 2554.7224   20.0263
    0.0000  -37.5000  -22.5000 2567.4607   19.8711
    7.5000  -37.5000  -22.5000 2548.6284   19.9950
   -7.5000  -30.0000  -22.5000 2585.0750   19.4294
    0.0000  -30.0000  -22.5000 2600.2529   19.3077
    7.5000  -30.0000  -22.5000 2574.6863   19.4777
   -7.5000  -22.5000  -22.5000 2613.6909   19.3111
    0.0000  -22.5000  -22.5000 2629.5920   19.2250
    7.5000  -22.5000  -22.5000 2593.7456   19.3378
   -7.5000  -15.0000  -22.5000 2614.5154   19.6696
    0.0000  -15.0000  -22.5000 2625.7219   19.5747
    7.5000  -15.0000  -22.5000 2593.6707   19.7126
   -7.5000   -7.5000  -22.5000 2594.3894   20.3722
    0.0000   -7.5000  -22.5000 2610.1858   20.2344
    7.5000   -7.5000  -22.5000 2582.1816   20.4202
   -7.5000    0.0000  -22.5000 2557.1543   21.3317
    0.0000    0.0000  -22.5000 2579.4988   21.2177
    7.5000    0.0000  -22.5000 2547.3513   21.4773
   -7.5000    7.5000  -22.5000 2507.4036   22.6153
    0.0000    7.5000  -22.5000 2527.8550   22.4813
    7.5000    7.5000  -22.5000 2486.7773   22.7928
   -7.5000   15.0000  -22.5000 2419.5015   24.3046
    0.0000   15.0000  -22.5000 2434.1326   24.1760
    7.5000   15.0000  -22.5000 2398.5645   24.5140
   -7.5000   22.5000  -22.5000 2307.0195   26.6533
    0.0000   22.5000  -22.5000 2323.3589   26.4973
    7.5000   22.5000  -22.5000 2290.1899   26.8587
   -7.5000   30.0000  -22.5000 2172.7954   29.8554
    0.0000   30.0000  -22.5000 2188.6760   29.6215
    7.5000   30.0000  -22.5000 2158.1216   29.9920
   -7.5000   37.5000  -22.5000 2036.2272   33.9659
    0.0000   37.5000  -22.5000 2048.7148   33.7116
    7.5000   37.5000  -22.5000 2021.9315   34.1014
   -7.5000   45.0000  -22.5000 1891.5790   39.3043
    0.0000   45.0000  -22.5000 1894.9398   39.1887
    7.5000   45.0000  -22.5000 1869.6946   39.7818
   -7.5000  -45.0000  -15.0000 2569.2063   19.6704
    0.0000  -45.0000  -15.0000 2583.6541   19.5213
    7.5000  -45.0000  -15.0000 2563.4504   19.6573
   -7.5000  -37.5000  -15.0000 2632.0920   18.7776
    0.0000  -37.5000  -15.0000 2647.7979   18.6782
    7.5000  -37.5000  -15.0000 2624.6128   18.8115
   -7.5000  -30.0000  -15.0000 2672.7603   18.2271
    0.0000  -30.0000  -15.0000 2683.9387   18.1014
    7.5000  -30.0000  -15.0000 2662.3708   18.2626
   -7.5000  -22.5000  -15.0000 2703.0168   18.0066
    0.0000  -22.5000  -15.0000 2723.3916   17.8908
    7.5000  -22.5000  -15.0000 2681.0601   18.0744
   -7.5000  -15.0000  -15.0000 2715.8245   18.3218
    0.0000  -15.0000  -15.0000 2731.1162   18.2543
    7.5000  -15.0000  -15.0000 2687.1541   18.4232
   -7.5000   -7.5000  -15.0000 2702.0078   19.0115
    0.0000   -7.5000  -15.0000 2722.9575   18.9280
    7.5000   -7.5000  -15.0000 2685.5833   19.1103
   -7.5000    0.0000  -15.0000 2668.0562   20.0135
    0.0000    0.0000  -15.0000 2691.5105   19.9215
    7.5000    0.0000  -15.0000 2652.8801   20.1864
   -7.5000    7.5000  -15.0000 2605.3030   21.3312
    0.0000    7.5000  -15.0000 2625.6318   21.1995
    7.5000    7.5000  -15.0000 2584.0415   21.5836
   -7.5000   15.0000  -15.0000 2511.6890   23.0494
    0.0000   15.0000  -15.0000 2525.5806   22.9002
    7.5000   15.0000  -15.0000 2489.7097   23.2780
   -7.5000   22.5000  -15.0000 2388.2781   25.3330
    0.0000   22.5000  -15.0000 2403.7034   25.1418
    7.5000   22.5000  -15.0000 2374.0527   25.5256
   -7.5000   30.0000  -15.0000 2249.3433   28.3140
    0.0000   30.0000  -15.0000 2261.4827   28.1565
    7.5000   30.0000  -15.0000 2226.5044   28.4473
   -7.5000   37.5000  -15.0000 2103.8833   32.1703
    0.0000   37.5000  -15.0000 2110.5884   32.0643
    7.5000   37.5000  -15.0000 2078.9800   32.3671
   -7.5000   45.0000  -15.0000 1945.1886   37.2185
    0.0000   45.0000  -15.0000 1948.5439   37.2358
    7.5000   45.0000  -15.0000 1924.1166   37.5296
   -7.5000  -45.0000   -7.5000 2631.4055   18.5970
    0.0000  -45.0000   -7.5000 2642.2327   18.4396
    7.5000  -45.0000   -7.5000 2622.5620   18.6815
   -7.5000  -37.5000   -7.5000 2704.1433   17.6949
    0.0000  -37.5000   -7.5000 2716.4998   17.5289
    7.5000  -37.5000   -7.5000 2690.3828   17.7526
   -7.5000  -30.0000   -7.5000 2757.8411   17.1311
    0.0000  -30.0000   -7.5000 2769.6465   16.9942
    7.5000  -30.0000   -7.5000 2743.2878   17.1968
   -7.5000  -22.5000   -7.5000 2793.7642   16.8873
    0.0000  -22.5000   -7.5000 2814.2725   16.7774
    7.5000  -22.5000   -7.5000 2772.3108   16.9740
   -7.5000  -15.0000   -7.5000 2805.7598   17.1199
    0.0000  -15.0000   -7.5000 2826.0938   17.0721
    7.5000  -15.0000   -7.5000 2776.0437   17.2880
   -7.5000   -7.5000   -7.5000 2798.7400   17.8024
    0.0000   -7.5000   -7.5000 2821.0637   17.6935
    7.5000   -7.5000   -7.5000 2779.0254   17.9265
   -7.5000    0.0000   -7.5000 2755.1609   18.7699
    0.0000    0.0000   -7.5000 2777.4189   18.6498
    7.5000    0.0000   -7.5000 2738.7009   18.9386
   -7.5000    7.5000   -7.5000 2683.6719   20.0715
    0.0000    7.5000   -7.5000 2703.0764   19.9592
    7.5000    7.5000   -7.5000 2665.4431   20.3215
   -7.5000   15.0000   -7.5000 2579.3782   21.8744
    0.0000   15.0000   -7.5000 2593.0098   21.7322
    7.5000   15.0000   -7.5000 2558.6824   22.1137
   -7.5000   22.5000   -7.5000 2452.9297   24.2180
    0.0000   22.5000   -7.5000 2470.5305   24.0241
    7.5000   22.5000   -7.5000 2434.4614   24.4330
   -7.5000   30.0000   -7.5000 2309.8940   27.0653
    0.0000   30.0000   -7.5000 2324.4595   26.8510
    7.5000   30.0000   -7.5000 2293.9521   27.2573
   -7.5000   37.5000   -7.5000 2148.9194   30.6975
    0.0000   37.5000   -7.5000 2154.7053   30.5359
    7.5000   37.5000   -7.5000 2130.5859   30.9743
   -7.5000   45.0000   -7.5000 1979.0992   35.4386
    0.0000   45.0000   -7.5000 1988.7415   35.3184
    7.5000   45.0000   -7.5000 1964.2192   35.7986
   -7.5000  -45.0000    0.0000 2657.2180   17.7873
    0.0000  -45.0000    0.0000 2668.3237   17.5815
    7.5000  -45.0000    0.0000 2654.8191   17.9969
   -7.5000  -37.5000    0.0000 2747.2656   16.8500
    0.0000  -37.5000    0.0000 2765.5347   16.6702
    7.5000  -37.5000    0.0000 2738.6824   16.9852
   -7.5000  -30.0000    0.0000 2823.3965   16.3211
    0.0000  -30.0000    0.0000 2844.4849   16.1262
    7.5000  -30.0000    0.0000 2806.6636   16.4119
   -7.5000  -22.5000    0.0000 2877.1226   16.0784
    0.0000  -22.5000    0.0000 2902.7739   15.9191
    7.5000  -22.5000    0.0000 2852.0742   16.2266
   -7.5000  -15.0000    0.0000 2897.8000   16.2831
    0.0000  -15.0000    0.0000 2929.9976   16.1234
    7.5000  -15.0000    0.0000 2860.9485   16.4488
   -7.5000   -7.5000    0.0000 2882.5833   16.8963
    0.0000   -7.5000    0.0000 2906.6028   16.7429
    7.5000   -7.5000    0.0000 2855.2927   17.0660
   -7.5000    0.0000    0.0000 2824.2886   17.8075
    0.0000    0.0000    0.0000 2845.3762   17.6263
    7.5000    0.0000    0.0000 2805.7380   18.0076
   -7.5000    7.5000    0.0000 2737.1514   19.1464
    0.0000    7.5000    0.0000 2760.8396   18.9618
    7.5000    7.5000    0.0000 2722.8494   19.4051
   -7.5000   15.0000    0.0000 2622.5408   20.9978
    0.0000   15.0000    0.0000 2643.6826   20.8038
    7.5000   15.0000    0.0000 2607.0015   21.2900
   -7.5000   22.5000    0.0000 2493.1814   23.3631
    0.0000   22.5000    0.0000 2514.9517   23.1544
    7.5000   22.5000    0.0000 2473.6326   23.6241
   -7.5000   30.0000    0.0000 2349.1191   26.1438
    0.0000   30.0000    0.0000 2368.7139   25.9422
    7.5000   30.0000    0.0000 2332.7407   26.4021
   -7.5000   37.5000    0.0000 2186.6274   29.5827
    0.0000   37.5000    0.0000 2199.4426   29.4665
    7.5000   37.5000    0.0000 2165.3027   29.9167
   -7.5000   45.0000    0.0000 2006.0897   34.0685
    0.0000   45.0000    0.0000 2023.4497   33.9161
    7.5000   45.0000    0.0000 1992.3826   34.4682
   -7.5000  -45.0000    7.5000 2667.0876   17.3256
    0.0000  -45.0000    7.5000 2676.0938   17.0430
    7.5000  -45.0000    7.5000 2665.2266   17.6250
   -7.5000  -37.5000    7.5000 2771.4465   16.3085
    0.0000  -37.5000    7.5000 2786.6431   16.0345
    7.5000  -37.5000    7.5000 2756.9404   16.5146
   -7.5000  -30.0000    7.5000 2862.6250   15.7325
    0.0000  -30.0000    7.5000 2889.3042   15.4572
    7.5000  -30.0000    7.5000 2843.4736   15.8946
   -7.5000  -22.5000    7.5000 2939.7532   15.5637
    0.0000  -22.5000    7.5000 2971.9211   15.3048
    7.5000  -22.5000    7.5000 2904.2185   15.7138
   -7.5000  -15.0000    7.5000 2978.6611   15.7094
    0.0000  -15.0000    7.5000 3015.1741   15.4575
    7.5000  -15.0000    7.5000 2927.8953   15.9354
   -7.5000   -7.5000    7.5000 2950.0339   16.3288
    0.0000   -7.5000    7.5000 2977.2410   16.0783
    7.5000   -7.5000    7.5000 2904.9587   16.5809
   -7.5000    0.0000    7.5000 2868.9780   17.2412
    0.0000    0.0000    7.5000 2890.8738   17.0033
    7.5000    0.0000    7.5000 2847.9365   17.5035
   -7.5000    7.5000    7.5000 2774.0911   18.5837
    0.0000    7.5000    7.5000 2797.1514   18.3604
    7.5000    7.5000    7.5000 2755.3804   18.8208
   -7.5000   15.0000    7.5000 2658.2554   20.4585
    0.0000   15.0000    7.5000 2677.0415   20.2157
    7.5000   15.0000    7.5000 2635.0505   20.6782
   -7.5000   22.5000    7.5000 2520.4680   22.8245
    0.0000   22.5000    7.5000 2535.0132   22.5536
    7.5000   22.5000    7.5000 2500.9934   23.0387
   -7.5000   30.0000    7.5000 2374.1895   25.6795
    0.0000   30.0000    7.5000 2388.3362   25.4200
    7.5000   30.0000    7.5000 2354.1719   25.8986
   -7.5000   37.5000    7.5000 2210.8159   29.0382
    0.0000   37.5000    7.5000 2222.7024   28.8000
    7.5000   37.5000    7.5000 2190.4285   29.3306
   -7.5000   45.0000    7.5000 2029.1953   33.4040
    0.0000   45.0000    7.5000 2042.8882   33.1584
    7.5000   45.0000    7.5000 2013.9510   33.8080
   -7.5000  -45.0000   15.0000 2642.9111   17.2214
    0.0000  -45.0000   15.0000 2650.3242   16.8899
    7.5000  -45.0000   15.0000 2642.7588   17.5582
   -7.5000  -37.5000   15.0000 2751.4041   16.0718
    0.0000  -37.5000   15.0000 2758.6553   15.7496
    7.5000  -37.5000   15.0000 2749.6895   16.3960
   -7.5000  -30.0000   15.0000 2857.4019   15.4528
    0.0000  -30.0000   15.0000 2877.1914   15.1523
    7.5000  -30.0000   15.0000 2848.8027   15.7364
   -7.5000  -22.5000   15.0000 2947.7725   15.3463
    0.0000  -22.5000   15.0000 2972.5879   15.1049
    7.5000  -22.5000   15.0000 2913.4902   15.5406
   -7.5000  -15.0000   15.0000 2989.8940   15.5379
    0.0000  -15.0000   15.0000 3035.1636   15.2840
    7.5000  -15.0000   15.0000 2937.1455   15.7441
   -7.5000   -7.5000   15.0000 2963.6077   16.1851
    0.0000   -7.5000   15.0000 2997.6941   15.9636
    7.5000   -7.5000   15.0000 2913.8010   16.3758
   -7.5000    0.0000   15.0000 2872.6145   17.0899
    0.0000    0.0000   15.0000 2897.4202   16.8831
    7.5000    0.0000   15.0000 2846.9175   17.3136
   -7.5000    7.5000   15.0000 2777.8455   18.4696
    0.0000    7.5000   15.0000 2798.9709   18.2326
    7.5000    7.5000   15.0000 2758.0684   18.6420
   -7.5000   15.0000   15.0000 2657.9309   20.3536
    0.0000   15.0000   15.0000 2672.6643   20.1128
    7.5000   15.0000   15.0000 2638.3584   20.4785
   -7.5000   22.5000   15.0000 2528.2595   22.6286
    0.0000   22.5000   15.0000 2536.5554   22.3908
    7.5000   22.5000   15.0000 2504.9329   22.7894
   -7.5000   30.0000   15.0000 2373.4790   25.3475
    0.0000   30.0000   15.0000 2387.7632   25.1889
    7.5000   30.0000   15.0000 2352.8772   25.5788
   -7.5000   37.5000   15.0000 2208.6658   28.6601
    0.0000   37.5000   15.0000 2220.2612   28.5876
    7.5000   37.5000   15.0000 2188.9854   28.9612
   -7.5000   45.0000   15.0000 2025.7969   32.8397
    0.0000   45.0000   15.0000 2043.4274   32.8485
    7.5000   45.0000   15.0000 2013.2170   33.3495
   -7.5000  -45.0000   22.5000 2611.6877   17.4216
    0.0000  -45.0000   22.5000 2618.1785   17.0622
    7.5000  -45.0000   22.5000 2623.0557   17.8029
   -7.5000  -37.5000   22.5000 2723.9050   16.3597
    0.0000  -37.5000   22.5000 2727.6990   16.0305
    7.5000  -37.5000   22.5000 2726.5652   16.6830
   -7.5000  -30.0000   22.5000 2835.7810   15.7606
    0.0000  -30.0000   22.5000 2851.5166   15.5699
    7.5000  -30.0000   22.5000 2827.0291   16.0392
   -7.5000  -22.5000   22.5000 2907.8997   15.6141
    0.0000  -22.5000   22.5000 2934.5459   15.4537
    7.5000  -22.5000   22.5000 2879.6511   15.8592
   -7.5000  -15.0000   22.5000 2945.8044   15.8248
    0.0000  -15.0000   22.5000 2982.4214   15.6756
    7.5000  -15.0000   22.5000 2901.6589   16.0311
   -7.5000   -7.5000   22.5000 2926.8394   16.4955
    0.0000   -7.5000   22.5000 2959.3721   16.3879
    7.5000   -7.5000   22.5000 2880.2979   16.6360
   -7.5000    0.0000   22.5000 2843.9832   17.4889
    0.0000    0.0000   22.5000 2872.4346   17.3633
    7.5000    0.0000   22.5000 2813.7625   17.6368
   -7.5000    7.5000   22.5000 2753.3657   18.7822
    0.0000    7.5000   22.5000 2775.3154   18.6185
    7.5000    7.5000   22.5000 2728.1067   18.9567
   -7.5000   15.0000   22.5000 2635.0405   20.5091
    0.0000   15.0000   22.5000 2649.9011   20.2885
    7.5000   15.0000   22.5000 2618.3457   20.6624
   -7.5000   22.5000   22.5000 2510.7688   22.6563
    0.0000   22.5000   22.5000 2521.3630   22.4407
    7.5000   22.5000   22.5000 2491.9358   22.8418
   -7.5000   30.0000   22.5000 2355.3984   25.3122
    0.0000   30.0000   22.5000 2366.4849   25.1630
    7.5000   30.0000   22.5000 2341.6528   25.5865
   -7.5000   37.5000   22.5000 2184.3435   28.7156
    0.0000   37.5000   22.5000 2195.0747   28.5243
    7.5000   37.5000   22.5000 2167.8279   29.0602
   -7.5000   45.0000   22.5000 2008.0887   32.9832
    0.0000   45.0000   22.5000 2023.8402   32.8471
    7.5000   45.0000   22.5000 2000.0769   33.4694
   -7.5000  -45.0000   30.0000 2587.4868   18.1169
    0.0000  -45.0000   30.0000 2595.2646   17.8188
    7.5000  -45.0000   30.0000 2582.6721   18.4590
   -7.5000  -37.5000   30.0000 2693.2710   17.1145
    0.0000  -37.5000   30.0000 2696.7263   16.7808
    7.5000  -37.5000   30.0000 2684.5757   17.4202
   -7.5000  -30.0000   30.0000 2781.7876   16.4574
    0.0000  -30.0000   30.0000 2782.4426   16.1462
    7.5000  -30.0000   30.0000 2770.0715   16.7343
   -7.5000  -22.5000   30.0000 2850.5840   16.1940
    0.0000  -22.5000   30.0000 2860.7039   15.9050
    7.5000  -22.5000   30.0000 2826.4597   16.4394
   -7.5000  -15.0000   30.0000 2873.9978   16.4144
    0.0000  -15.0000   30.0000 2892.3752   16.1968
    7.5000  -15.0000   30.0000 2840.7458   16.6023
   -7.5000   -7.5000   30.0000 2857.3093   17.1433
    0.0000   -7.5000   30.0000 2883.1465   16.9965
    7.5000   -7.5000   30.0000 2818.9373   17.3107
   -7.5000    0.0000   30.0000 2782.6509   18.2192
    0.0000    0.0000   30.0000 2807.5952   18.0432
    7.5000    0.0000   30.0000 2757.4209   18.3737
   -7.5000    7.5000   30.0000 2699.9236   19.5318
    0.0000    7.5000   30.0000 2717.8105   19.3388
    7.5000    7.5000   30.0000 2680.8542   19.7026
   -7.5000   15.0000   30.0000 2587.0239   21.2010
    0.0000   15.0000   30.0000 2603.1484   21.0448
    7.5000   15.0000   30.0000 2571.6689   21.3712
   -7.5000   22.5000   30.0000 2464.8960   23.1996
    0.0000   22.5000   30.0000 2480.3359   23.0035
    7.5000   22.5000   30.0000 2445.8960   23.3454
   -7.5000   30.0000   30.0000 2313.8994   25.7738
    0.0000   30.0000   30.0000 2322.1699   25.5669
    7.5000   30.0000   30.0000 2295.1062   25.9123
   -7.5000   37.5000   30.0000 2149.3965   29.1629
    0.0000   37.5000   30.0000 2157.0137   28.9632
    7.5000   37.5000   30.0000 2132.7717   29.3576
   -7.5000   45.0000   30.0000 1982.9915   33.3420
    0.0000   45.0000   30.0000 1995.6025   33.2342
    7.5000   45.0000   30.0000 1967.2959   33.8094
   -7.5000  -45.0000   37.5000 2549.7168   19.0615
    0.0000  -45.0000   37.5000 2563.8208   18.8683
    7.5000  -45.0000   37.5000 2539.7637   19.4598
   -7.5000  -37.5000   37.5000 2644.8931   17.9451
    0.0000  -37.5000   37.5000 2654.6924   17.7224
    7.5000  -37.5000   37.5000 2635.6841   18.3205
   -7.5000  -30.0000   37.5000 2729.3501   17.3380
    0.0000  -30.0000   37.5000 2732.9939   17.0343
    7.5000  -30.0000   37.5000 2706.7786   17.6440
   -7.5000  -22.5000   37.5000 2790.2454   17.1021
    0.0000  -22.5000   37.5000 2795.2300   16.8437
    7.5000  -22.5000   37.5000 2758.6897   17.3495
   -7.5000  -15.0000   37.5000 2795.8201   17.2736
    0.0000  -15.0000   37.5000 2807.6121   17.0660
    7.5000  -15.0000   37.5000 2764.9861   17.5133
   -7.5000   -7.5000   37.5000 2773.1465   18.0070
    0.0000   -7.5000   37.5000 2791.5510   17.8049
    7.5000   -7.5000   37.5000 2738.0371   18.2354
   -7.5000    0.0000   37.5000 2706.8379   19.1095
    0.0000    0.0000   37.5000 2723.8704   18.8970
    7.5000    0.0000   37.5000 2681.7927   19.2848
   -7.5000    7.5000   37.5000 2626.5173   20.4189
    0.0000    7.5000   37.5000 2639.2280   20.2511
    7.5000    7.5000   37.5000 2606.3621   20.6341
   -7.5000   15.0000   37.5000 2522.2493   22.0811
    0.0000   15.0000   37.5000 2533.9421   21.9484
    7.5000   15.0000   37.5000 2506.1333   22.3192
   -7.5000   22.5000   37.5000 2402.7891   24.1728
    0.0000   22.5000   37.5000 2414.6387   24.0830
    7.5000   22.5000   37.5000 2387.3894   24.4537
   -7.5000   30.0000   37.5000 2257.1604   26.7564
    0.0000   30.0000   37.5000 2262.5757   26.5833
    7.5000   30.0000   37.5000 2235.4885   26.9908
   -7.5000   37.5000   37.5000 2105.0959   29.9820
    0.0000   37.5000   37.5000 2111.1096   29.8862
    7.5000   37.5000   37.5000 2082.5745   30.3449
   -7.5000   45.0000   37.5000 1945.4214   34.2417
    0.0000   45.0000   37.5000 1957.7783   34.0897
    7.5000   45.0000   37.5000 1931.0149   34.6779
   -7.5000  -45.0000   45.0000 2492.5339   20.2476
    0.0000  -45.0000   45.0000 2506.8489   20.1039
    7.5000  -45.0000   45.0000 2477.9766   20.6267
   -7.5000  -37.5000   45.0000 2581.1021   19.0476
    0.0000  -37.5000   45.0000 2592.3101   18.8825
    7.5000  -37.5000   45.0000 2567.0227   19.4695
   -7.5000  -30.0000   45.0000 2657.4226   18.4150
    0.0000  -30.0000   45.0000 2664.7000   18.1878
    7.5000  -30.0000   45.0000 2637.6956   18.7894
   -7.5000  -22.5000   45.0000 2703.0317   18.1765
    0.0000  -22.5000   45.0000 2708.7361   18.0295
    7.5000  -22.5000   45.0000 2680.8662   18.5041
   -7.5000  -15.0000   45.0000 2701.5811   18.3526
    0.0000  -15.0000   45.0000 2706.2629   18.1981
    7.5000  -15.0000   45.0000 2681.1006   18.6625
   -7.5000   -7.5000   45.0000 2669.5693   19.0749
    0.0000   -7.5000   45.0000 2685.3049   18.9188
    7.5000   -7.5000   45.0000 2653.9270   19.3636
   -7.5000    0.0000   45.0000 2619.9307   20.0918
    0.0000    0.0000   45.0000 2634.3447   19.9341
    7.5000    0.0000   45.0000 2600.5261   20.3248
   -7.5000    7.5000   45.0000 2548.0784   21.5094
    0.0000    7.5000   45.0000 2556.8193   21.3144
    7.5000    7.5000   45.0000 2523.9905   21.7106
   -7.5000   15.0000   45.0000 2449.6870   23.1509
    0.0000   15.0000   45.0000 2454.1340   22.9849
    7.5000   15.0000   45.0000 2425.7898   23.4146
   -7.5000   22.5000   45.0000 2331.9680   25.3799
    0.0000   22.5000   45.0000 2337.5950   25.2790
    7.5000   22.5000   45.0000 2310.3674   25.6379
   -7.5000   30.0000   45.0000 2192.4761   28.0385
    0.0000   30.0000   45.0000 2199.8171   27.9226
    7.5000   30.0000   45.0000 2167.2466   28.3332
   -7.5000   37.5000   45.0000 2046.2825   31.1939
    0.0000   37.5000   45.0000 2050.4431   31.1981
    7.5000   37.5000   45.0000 2028.3872   31.6634
   -7.5000   45.0000   45.0000 1894.5739   35.3955
    0.0000   45.0000   45.0000 1900.2072   35.3930
    7.5000   45.0000   45.0000 1883.1266   36.0549

---------------------------------------------------------------------
imgreg_4dfp /opt/freesurfer/average/711-2C_as_mni_average_305 /opt/freesurfer/average/711-2B_as_mni_average_305_mask talsrcimg_g11 none talsrcimg_to_711-2C_as_mni_average_305_t4 1283
---------------------------------------------------------------------

freesurfer imgreg_4dfp.c
/opt/freesurfer/average/711-2C_as_mni_average_305.4dfp.img
       256       256       256         1
  1.000000  1.000000  1.000000
orientation T byte_order littleendian
Reading image: /opt/freesurfer/average/711-2C_as_mni_average_305.4dfp.img
dimensions:      256       256       256
mmppix:       1.0000   -1.0000   -1.0000
center:     128.0000 -129.0000 -129.0000
/opt/freesurfer/average/711-2B_as_mni_average_305_mask.4dfp.img
       256       256       256         1
  1.000000  1.000000  1.000000
orientation T byte_order littleendian
Reading mask: /opt/freesurfer/average/711-2B_as_mni_average_305_mask.4dfp.img (2306576 pixels)
talsrcimg_g11.4dfp.img
       256       256       256         1
  1.000000  1.000000  1.000000
orientation T byte_order littleendian
Reading image: talsrcimg_g11.4dfp.img
dimensions:      256       256       256
mmppix:       1.0000   -1.0000   -1.0000
center:     128.0000 -129.0000 -129.0000
rotation matrix determinant  1.000000
fimgreg.f
image alignment mode   1283 decimal      503 hex
parameters
    0.0000  -15.0000   15.0000    0.0000    0.0000    0.0000
eta,q 0.95193 15.39095
niter,ni,del,rscale     5    3   12.0000    1.2000
parameter  4  0.563297 ->  0.500000 qaram    1.1500
parameters
   -1.6258  -13.7963   14.5124   -3.4500    1.2267   -0.4330
eta,q 0.95539 15.31999
  0.0615  0.0617  0.0518  0.0464  0.0565  0.0502
  0.0534  0.0560  0.0512  0.0453  0.0518  0.0474
  0.0488  0.0522  0.0489  0.0452  0.0480  0.0454
  0.0515  0.0483  0.0467  0.0465  0.0451  0.0446
  0.0598  0.0470  0.0472  0.0493  0.0449  0.0454
  0.0683  0.0502  0.0507  0.0515  0.0473  0.0484
  0.0758  0.0550  0.0562  0.0550  0.0503  0.0526
niter,ni,del,rscale     5    3   12.0000    1.2000
parameters
   -2.4536  -12.6323   13.6507   -3.6523    1.7843    0.1695
eta,q 0.95624 15.30455
  0.0594  0.0619  0.0490  0.0518  0.0534  0.0517
  0.0510  0.0548  0.0477  0.0480  0.0495  0.0486
  0.0459  0.0487  0.0451  0.0455  0.0458  0.0457
  0.0446  0.0446  0.0440  0.0441  0.0442  0.0441
  0.0495  0.0444  0.0454  0.0455  0.0445  0.0435
  0.0595  0.0474  0.0497  0.0492  0.0467  0.0451
  0.0688  0.0531  0.0541  0.0524  0.0511  0.0503
niter,ni,del,rscale     4    3   12.0000    1.2000
parameters
   -2.6837  -12.4648   13.6415   -3.7832    1.8999    0.2591
eta,q 0.95642 15.30344
  0.0636  0.0583  0.0504  0.0519  0.0525  0.0510
  0.0521  0.0518  0.0482  0.0478  0.0484  0.0476
  0.0450  0.0462  0.0459  0.0451  0.0450  0.0452
  0.0438  0.0436  0.0436  0.0436  0.0436  0.0436
  0.0473  0.0454  0.0438  0.0449  0.0443  0.0434
  0.0559  0.0497  0.0475  0.0487  0.0472  0.0460
  0.0652  0.0575  0.0517  0.0523  0.0525  0.0519
niter,ni,del,rscale     3    3   12.0000    1.2000
parameters
   -2.7286  -12.4128   13.6340   -3.8092    1.9197    0.2886
eta,q 0.95644 15.30347
  0.0650  0.0580  0.0504  0.0521  0.0523  0.0509
  0.0532  0.0513  0.0482  0.0480  0.0482  0.0475
  0.0455  0.0459  0.0459  0.0451  0.0449  0.0451
  0.0436  0.0436  0.0436  0.0436  0.0436  0.0436
  0.0468  0.0456  0.0437  0.0448  0.0443  0.0434
  0.0550  0.0502  0.0474  0.0484  0.0474  0.0461
  0.0643  0.0581  0.0517  0.0521  0.0528  0.0522
registration optimization eta report
parameter search radius
    6.0000    6.0000    6.0000    6.9000    6.0000    6.0000
100000*second partial in parameter space
       58.       39.       20.       17.       25.       22.
  0.0650  0.0580  0.0504  0.0521  0.0523  0.0509
  0.0532  0.0513  0.0482  0.0480  0.0482  0.0475
  0.0455  0.0459  0.0459  0.0451  0.0449  0.0451
  0.0436  0.0436  0.0436  0.0436  0.0436  0.0436
  0.0468  0.0456  0.0437  0.0448  0.0443  0.0434
  0.0550  0.0502  0.0474  0.0484  0.0474  0.0461
  0.0643  0.0581  0.0517  0.0521  0.0528  0.0522
   -2.7286  -12.4128   13.6340   -3.8092    1.9197    0.2886
eta,q 0.95644 15.30347

---------------------------------------------------------------------
imgreg_4dfp /opt/freesurfer/average/711-2C_as_mni_average_305 /opt/freesurfer/average/711-2B_as_mni_average_305_mask talsrcimg_g11 none talsrcimg_to_711-2C_as_mni_average_305_t4 3335
---------------------------------------------------------------------

freesurfer imgreg_4dfp.c
/opt/freesurfer/average/711-2C_as_mni_average_305.4dfp.img
       256       256       256         1
  1.000000  1.000000  1.000000
orientation T byte_order littleendian
Reading image: /opt/freesurfer/average/711-2C_as_mni_average_305.4dfp.img
dimensions:      256       256       256
mmppix:       1.0000   -1.0000   -1.0000
center:     128.0000 -129.0000 -129.0000
/opt/freesurfer/average/711-2B_as_mni_average_305_mask.4dfp.img
       256       256       256         1
  1.000000  1.000000  1.000000
orientation T byte_order littleendian
Reading mask: /opt/freesurfer/average/711-2B_as_mni_average_305_mask.4dfp.img (2306576 pixels)
talsrcimg_g11.4dfp.img
       256       256       256         1
  1.000000  1.000000  1.000000
orientation T byte_order littleendian
Reading image: talsrcimg_g11.4dfp.img
dimensions:      256       256       256
mmppix:       1.0000   -1.0000   -1.0000
center:     128.0000 -129.0000 -129.0000
fimgreg.f
image alignment mode   3335 decimal      D07 hex
parameters
   -2.7286  -12.4128   13.6340   -0.0574   -0.2211   -0.2769
   -0.2800   -3.3760    0.5034    6.6266    3.3499   -6.6398
eta,q 0.95845 15.40677
niter,ni,del,rscale     5    3    5.0000    1.2000
parameter  4  1.361178 ->  0.500000 qaram    1.1500
parameter  5  1.406428 ->  0.500000 qaram    1.1500
parameter  6  1.004556 ->  0.500000 qaram    1.1500
parameters
   -2.4068  -12.2592   13.5535   -4.1974   -4.3611   -4.4169
    0.4284   -2.1999    1.1667    4.8676    2.0008   -5.8424
eta,q 0.97258 15.29324
  0.0459  0.0445  0.0433  0.0356  0.0308  0.0283  0.0325  0.0376  0.0308  0.0299  0.0290  0.0298
  0.0438  0.0429  0.0424  0.0362  0.0320  0.0279  0.0303  0.0333  0.0293  0.0283  0.0279  0.0286
  0.0423  0.0418  0.0417  0.0382  0.0340  0.0291  0.0288  0.0297  0.0283  0.0276  0.0275  0.0278
  0.0415  0.0414  0.0414  0.0415  0.0366  0.0325  0.0280  0.0280  0.0278  0.0278  0.0276  0.0274
  0.0416  0.0417  0.0417  0.0456  0.0398  0.0380  0.0282  0.0281  0.0279  0.0289  0.0281  0.0275
  0.0424  0.0425  0.0425  0.0503  0.0439  0.0433  0.0293  0.0299  0.0286  0.0309  0.0291  0.0281
  0.0442  0.0437  0.0436  0.0546  0.0486  0.0478  0.0311  0.0330  0.0299  0.0338  0.0305  0.0290
niter,ni,del,rscale     7    3    5.0000    1.2000
parameter  3  0.856358 ->  0.500000 qaram    1.1500
parameters
   -2.2872  -13.2239   12.1735   -5.6594   -8.0405   -6.6340
   -0.1652   -2.0157    1.3378    4.9178    2.2360   -6.0361
eta,q 0.97576 15.13140
  0.0326  0.0281  0.0252  0.0293  0.0256  0.0286  0.0273  0.0308  0.0267  0.0278  0.0261  0.0259
  0.0299  0.0271  0.0248  0.0272  0.0243  0.0266  0.0255  0.0271  0.0254  0.0259  0.0251  0.0250
  0.0281  0.0269  0.0254  0.0255  0.0241  0.0246  0.0245  0.0249  0.0245  0.0247  0.0244  0.0245
  0.0274  0.0274  0.0269  0.0249  0.0250  0.0241  0.0243  0.0242  0.0242  0.0242  0.0242  0.0242
  0.0278  0.0286  0.0289  0.0264  0.0270  0.0273  0.0249  0.0249  0.0244  0.0246  0.0244  0.0244
  0.0293  0.0304  0.0313  0.0299  0.0296  0.0327  0.0264  0.0268  0.0252  0.0257  0.0249  0.0251
  0.0316  0.0327  0.0340  0.0350  0.0333  0.0393  0.0284  0.0300  0.0265  0.0278  0.0258  0.0261
niter,ni,del,rscale     7    3    5.0000    1.2000
parameters
   -2.2361  -13.1794   11.5344   -4.1500   -7.8353   -7.6481
   -0.2019   -1.9322    1.4037    5.1273    2.1978   -6.3252
eta,q 0.97599 15.17437
  0.0285  0.0275  0.0262  0.0300  0.0278  0.0294  0.0278  0.0308  0.0265  0.0276  0.0258  0.0256
  0.0262  0.0257  0.0247  0.0278  0.0258  0.0275  0.0258  0.0271  0.0251  0.0257  0.0248  0.0247
  0.0248  0.0246  0.0241  0.0258  0.0241  0.0254  0.0245  0.0248  0.0243  0.0245  0.0242  0.0242
  0.0242  0.0242  0.0242  0.0240  0.0234  0.0234  0.0240  0.0240  0.0240  0.0240  0.0240  0.0240
  0.0247  0.0246  0.0252  0.0232  0.0238  0.0242  0.0245  0.0247  0.0243  0.0243  0.0242  0.0242
  0.0260  0.0256  0.0269  0.0243  0.0253  0.0292  0.0259  0.0270  0.0251  0.0253  0.0248  0.0249
  0.0282  0.0272  0.0293  0.0277  0.0275  0.0352  0.0278  0.0304  0.0264  0.0273  0.0259  0.0259
niter,ni,del,rscale     6    3    5.0000    1.2000
parameters
   -2.2591  -13.0602   11.3223   -3.9864   -7.7047   -8.0001
   -0.2358   -1.9080    1.4541    5.3331    2.2389   -6.5166
eta,q 0.97581 15.17898
  0.0283  0.0275  0.0267  0.0293  0.0281  0.0299  0.0279  0.0308  0.0266  0.0277  0.0259  0.0258
  0.0259  0.0256  0.0250  0.0273  0.0262  0.0281  0.0259  0.0272  0.0253  0.0258  0.0249  0.0249
  0.0245  0.0244  0.0241  0.0254  0.0246  0.0261  0.0246  0.0249  0.0245  0.0246  0.0244  0.0244
  0.0240  0.0240  0.0240  0.0240  0.0239  0.0239  0.0242  0.0242  0.0242  0.0242  0.0242  0.0242
  0.0246  0.0243  0.0245  0.0239  0.0244  0.0234  0.0247  0.0249  0.0244  0.0244  0.0243  0.0244
  0.0261  0.0253  0.0257  0.0259  0.0259  0.0273  0.0260  0.0272  0.0252  0.0254  0.0249  0.0250
  0.0284  0.0268  0.0276  0.0300  0.0280  0.0334  0.0280  0.0306  0.0265  0.0274  0.0259  0.0260
niter,ni,del,rscale     5    3    5.0000    1.2000
parameters
   -2.2504  -13.0068   11.2392   -3.9200   -7.6937   -8.1036
   -0.2455   -1.8993    1.4769    5.4315    2.2319   -6.6248
eta,q 0.97576 15.18028
  0.0286  0.0274  0.0270  0.0294  0.0282  0.0302  0.0280  0.0308  0.0266  0.0276  0.0259  0.0259
  0.0262  0.0256  0.0253  0.0274  0.0263  0.0283  0.0260  0.0272  0.0253  0.0258  0.0250  0.0250
  0.0247  0.0245  0.0244  0.0255  0.0247  0.0264  0.0247  0.0249  0.0245  0.0246  0.0244  0.0244
  0.0242  0.0242  0.0242  0.0242  0.0242  0.0242  0.0242  0.0242  0.0242  0.0242  0.0242  0.0242
  0.0247  0.0245  0.0246  0.0242  0.0247  0.0233  0.0247  0.0250  0.0245  0.0245  0.0244  0.0244
  0.0262  0.0255  0.0256  0.0262  0.0262  0.0267  0.0260  0.0272  0.0253  0.0255  0.0249  0.0250
  0.0285  0.0271  0.0273  0.0303  0.0283  0.0328  0.0280  0.0307  0.0266  0.0275  0.0260  0.0260
niter,ni,del,rscale     4    3    5.0000    1.2000
parameters
   -2.2455  -12.9811   11.2098   -3.8966   -7.7027   -8.1320
   -0.2494   -1.8942    1.4831    5.4777    2.2275   -6.6721
eta,q 0.97575 15.18068
  0.0286  0.0274  0.0271  0.0294  0.0283  0.0302  0.0280  0.0308  0.0266  0.0275  0.0259  0.0259
  0.0262  0.0256  0.0254  0.0274  0.0263  0.0284  0.0260  0.0272  0.0253  0.0257  0.0250  0.0250
  0.0247  0.0246  0.0244  0.0256  0.0248  0.0264  0.0247  0.0250  0.0245  0.0246  0.0245  0.0245
  0.0242  0.0242  0.0242  0.0242  0.0242  0.0242  0.0243  0.0242  0.0243  0.0242  0.0242  0.0242
  0.0248  0.0246  0.0246  0.0243  0.0248  0.0233  0.0247  0.0250  0.0245  0.0245  0.0244  0.0244
  0.0262  0.0256  0.0256  0.0263  0.0263  0.0265  0.0261  0.0272  0.0253  0.0255  0.0249  0.0250
  0.0285  0.0272  0.0271  0.0304  0.0283  0.0327  0.0280  0.0307  0.0266  0.0275  0.0260  0.0260
niter,ni,del,rscale     3    3    5.0000    1.2000
parameters
   -2.2431  -12.9703   11.2001   -3.8876   -7.7107   -8.1390
   -0.2493   -1.8893    1.4933    5.4959    2.2147   -6.6934
eta,q 0.97575 15.18083
  0.0286  0.0273  0.0272  0.0294  0.0283  0.0302  0.0280  0.0308  0.0266  0.0275  0.0259  0.0259
  0.0262  0.0256  0.0254  0.0274  0.0264  0.0284  0.0260  0.0272  0.0253  0.0257  0.0250  0.0250
  0.0247  0.0246  0.0245  0.0256  0.0248  0.0265  0.0247  0.0250  0.0245  0.0246  0.0245  0.0245
  0.0243  0.0243  0.0243  0.0243  0.0242  0.0243  0.0243  0.0243  0.0243  0.0243  0.0243  0.0243
  0.0248  0.0246  0.0246  0.0243  0.0248  0.0233  0.0247  0.0250  0.0245  0.0245  0.0244  0.0244
  0.0263  0.0256  0.0256  0.0264  0.0263  0.0265  0.0261  0.0272  0.0253  0.0255  0.0249  0.0250
  0.0286  0.0272  0.0271  0.0305  0.0284  0.0326  0.0280  0.0307  0.0266  0.0276  0.0260  0.0260
registration optimization eta report
parameter search radius
    2.4000    2.4000    2.7600    8.2800    8.2800    8.2800
    7.2000    7.2000    7.2000    7.2000    7.2000    7.2000
100000*second partial in parameter space
       75.       52.       38.        8.        6.       11.
        7.       12.        4.        6.        3.        3.
  0.0286  0.0273  0.0272  0.0294  0.0283  0.0302  0.0280  0.0308  0.0266  0.0275  0.0259  0.0259
  0.0262  0.0256  0.0254  0.0274  0.0264  0.0284  0.0260  0.0272  0.0253  0.0257  0.0250  0.0250
  0.0247  0.0246  0.0245  0.0256  0.0248  0.0265  0.0247  0.0250  0.0245  0.0246  0.0245  0.0245
  0.0243  0.0243  0.0243  0.0243  0.0242  0.0243  0.0243  0.0243  0.0243  0.0243  0.0243  0.0243
  0.0248  0.0246  0.0246  0.0243  0.0248  0.0233  0.0247  0.0250  0.0245  0.0245  0.0244  0.0244
  0.0263  0.0256  0.0256  0.0264  0.0263  0.0265  0.0261  0.0272  0.0253  0.0255  0.0249  0.0250
  0.0286  0.0272  0.0271  0.0305  0.0284  0.0326  0.0280  0.0307  0.0266  0.0276  0.0260  0.0260
   -2.2431  -12.9703   11.2001   -3.8876   -7.7107   -8.1390
   -0.2493   -1.8893    1.4933    5.4959    2.2147   -6.6934
eta,q 0.97575 15.18083

---------------------------------------------------------------------
imgreg_4dfp /opt/freesurfer/average/711-2C_as_mni_average_305 /opt/freesurfer/average/711-2B_as_mni_average_305_mask talsrcimg_g11 none talsrcimg_to_711-2C_as_mni_average_305_t4 2311
---------------------------------------------------------------------

freesurfer imgreg_4dfp.c
/opt/freesurfer/average/711-2C_as_mni_average_305.4dfp.img
       256       256       256         1
  1.000000  1.000000  1.000000
orientation T byte_order littleendian
Reading image: /opt/freesurfer/average/711-2C_as_mni_average_305.4dfp.img
dimensions:      256       256       256
mmppix:       1.0000   -1.0000   -1.0000
center:     128.0000 -129.0000 -129.0000
/opt/freesurfer/average/711-2B_as_mni_average_305_mask.4dfp.img
       256       256       256         1
  1.000000  1.000000  1.000000
orientation T byte_order littleendian
Reading mask: /opt/freesurfer/average/711-2B_as_mni_average_305_mask.4dfp.img (2306576 pixels)
talsrcimg_g11.4dfp.img
       256       256       256         1
  1.000000  1.000000  1.000000
orientation T byte_order littleendian
Reading image: talsrcimg_g11.4dfp.img
dimensions:      256       256       256
mmppix:       1.0000   -1.0000   -1.0000
center:     128.0000 -129.0000 -129.0000
fimgreg.f
image alignment mode   2311 decimal      907 hex
parameters
   -2.2431  -12.9703   11.2001   -3.8876   -7.7107   -8.1390
   -0.2493   -1.8893    1.4933    5.4959    2.2147   -6.6934
eta,q 0.97575 15.18083
niter,ni,del,rscale     5    3    5.0000    0.8000
parameters
   -2.2578  -12.9942   11.1165   -2.9391   -7.8755   -6.7506
   -0.2057   -2.0282    1.5351    5.1705    1.9560   -7.3997
eta,q 0.97674 15.22752
  0.0262  0.0256  0.0251  0.0269  0.0256  0.0278  0.0253  0.0272  0.0245  0.0248  0.0244  0.0239
  0.0251  0.0248  0.0246  0.0258  0.0248  0.0266  0.0242  0.0251  0.0238  0.0239  0.0237  0.0235
  0.0245  0.0244  0.0243  0.0249  0.0242  0.0253  0.0235  0.0237  0.0234  0.0234  0.0234  0.0233
  0.0243  0.0243  0.0243  0.0242  0.0241  0.0241  0.0233  0.0233  0.0233  0.0233  0.0233  0.0233
  0.0245  0.0244  0.0244  0.0241  0.0243  0.0232  0.0235  0.0239  0.0234  0.0236  0.0235  0.0235
  0.0252  0.0249  0.0247  0.0245  0.0249  0.0236  0.0242  0.0255  0.0238  0.0242  0.0239  0.0239
  0.0263  0.0256  0.0253  0.0256  0.0258  0.0256  0.0252  0.0276  0.0244  0.0253  0.0247  0.0245
niter,ni,del,rscale     4    3    5.0000    0.7000
parameters
   -2.2996  -12.9836   11.3593   -3.1858   -7.9618   -6.4773
   -0.1955   -2.0556    1.5378    5.2532    1.8533   -7.2818
eta,q 0.97687 15.22499
  0.0249  0.0244  0.0247  0.0250  0.0245  0.0264  0.0246  0.0263  0.0240  0.0245  0.0240  0.0238
  0.0240  0.0238  0.0240  0.0241  0.0238  0.0253  0.0238  0.0246  0.0235  0.0238  0.0235  0.0235
  0.0234  0.0234  0.0235  0.0235  0.0234  0.0242  0.0233  0.0235  0.0232  0.0233  0.0232  0.0232
  0.0233  0.0233  0.0233  0.0232  0.0232  0.0232  0.0231  0.0231  0.0231  0.0231  0.0231  0.0231
  0.0235  0.0234  0.0233  0.0235  0.0234  0.0231  0.0233  0.0236  0.0232  0.0233  0.0233  0.0232
  0.0241  0.0238  0.0235  0.0243  0.0239  0.0241  0.0238  0.0247  0.0235  0.0237  0.0236  0.0234
  0.0251  0.0244  0.0240  0.0257  0.0246  0.0263  0.0246  0.0263  0.0240  0.0244  0.0241  0.0238
niter,ni,del,rscale     3    3    5.0000    0.6000
parameters
   -2.3107  -13.0040   11.4203   -3.1947   -8.0183   -6.2920
   -0.1746   -2.0535    1.5576    5.1418    1.8255   -7.2693
eta,q 0.97694 15.22404
  0.0244  0.0239  0.0240  0.0246  0.0241  0.0258  0.0242  0.0256  0.0237  0.0240  0.0238  0.0236
  0.0237  0.0235  0.0236  0.0239  0.0236  0.0248  0.0236  0.0242  0.0234  0.0235  0.0234  0.0233
  0.0233  0.0232  0.0232  0.0234  0.0232  0.0238  0.0232  0.0233  0.0231  0.0231  0.0231  0.0231
  0.0231  0.0231  0.0231  0.0231  0.0231  0.0231  0.0231  0.0231  0.0231  0.0231  0.0231  0.0231
  0.0233  0.0232  0.0232  0.0233  0.0233  0.0231  0.0232  0.0234  0.0231  0.0232  0.0232  0.0231
  0.0237  0.0235  0.0234  0.0238  0.0236  0.0240  0.0236  0.0242  0.0233  0.0235  0.0234  0.0233
  0.0245  0.0240  0.0239  0.0248  0.0242  0.0257  0.0242  0.0255  0.0237  0.0241  0.0238  0.0236
niter,ni,del,rscale     2    3    5.0000    0.5000
parameters
   -2.3158  -13.0242   11.4655   -3.1745   -8.0537   -6.1084
   -0.1693   -2.0622    1.5361    5.0478    1.8314   -7.2816
eta,q 0.97698 15.22414
  0.0240  0.0236  0.0237  0.0242  0.0238  0.0251  0.0238  0.0248  0.0235  0.0237  0.0236  0.0234
  0.0235  0.0233  0.0234  0.0236  0.0234  0.0243  0.0234  0.0238  0.0232  0.0233  0.0233  0.0232
  0.0232  0.0231  0.0231  0.0232  0.0231  0.0235  0.0231  0.0232  0.0231  0.0231  0.0231  0.0231
  0.0231  0.0231  0.0231  0.0231  0.0231  0.0231  0.0230  0.0230  0.0230  0.0230  0.0230  0.0230
  0.0232  0.0231  0.0231  0.0232  0.0231  0.0231  0.0231  0.0233  0.0231  0.0231  0.0231  0.0231
  0.0235  0.0233  0.0233  0.0235  0.0234  0.0237  0.0234  0.0239  0.0232  0.0234  0.0233  0.0232
  0.0240  0.0237  0.0236  0.0242  0.0238  0.0250  0.0238  0.0248  0.0235  0.0238  0.0236  0.0234
niter,ni,del,rscale     1    3    5.0000    0.4000
parameters
   -2.3212  -13.0407   11.5030   -3.1760   -8.0919   -5.9565
   -0.1539   -2.0742    1.5198    4.9770    1.8277   -7.3075
eta,q 0.97700 15.22345
  0.0236  0.0234  0.0235  0.0238  0.0235  0.0245  0.0235  0.0242  0.0233  0.0234  0.0234  0.0232
  0.0233  0.0232  0.0232  0.0234  0.0232  0.0239  0.0232  0.0235  0.0231  0.0232  0.0232  0.0231
  0.0231  0.0231  0.0231  0.0231  0.0231  0.0233  0.0231  0.0231  0.0230  0.0230  0.0230  0.0230
  0.0230  0.0230  0.0230  0.0230  0.0230  0.0230  0.0230  0.0230  0.0230  0.0230  0.0230  0.0230
  0.0231  0.0231  0.0231  0.0231  0.0231  0.0231  0.0231  0.0231  0.0230  0.0231  0.0230  0.0230
  0.0233  0.0232  0.0232  0.0234  0.0232  0.0235  0.0232  0.0236  0.0231  0.0232  0.0232  0.0231
  0.0236  0.0234  0.0234  0.0238  0.0235  0.0243  0.0235  0.0242  0.0233  0.0235  0.0234  0.0232
registration optimization eta report
parameter search radius
    0.8000    0.8000    0.8000    2.4000    2.4000    2.4000
    2.4000    2.4000    2.4000    2.4000    2.4000    2.4000
100000*second partial in parameter space
       96.       59.       63.       13.        8.       24.
        9.       21.        5.        8.        6.        4.
  0.0236  0.0234  0.0235  0.0238  0.0235  0.0245  0.0235  0.0242  0.0233  0.0234  0.0234  0.0232
  0.0233  0.0232  0.0232  0.0234  0.0232  0.0239  0.0232  0.0235  0.0231  0.0232  0.0232  0.0231
  0.0231  0.0231  0.0231  0.0231  0.0231  0.0233  0.0231  0.0231  0.0230  0.0230  0.0230  0.0230
  0.0230  0.0230  0.0230  0.0230  0.0230  0.0230  0.0230  0.0230  0.0230  0.0230  0.0230  0.0230
  0.0231  0.0231  0.0231  0.0231  0.0231  0.0231  0.0231  0.0231  0.0230  0.0231  0.0230  0.0230
  0.0233  0.0232  0.0232  0.0234  0.0232  0.0235  0.0232  0.0236  0.0231  0.0232  0.0232  0.0231
  0.0236  0.0234  0.0234  0.0238  0.0235  0.0243  0.0235  0.0242  0.0233  0.0235  0.0234  0.0232
   -2.3212  -13.0407   11.5030   -3.1760   -8.0919   -5.9565
   -0.1539   -2.0742    1.5198    4.9770    1.8277   -7.3075
eta,q 0.97700 15.22345

---------------------------------------------------------------------
imgreg_4dfp /opt/freesurfer/average/711-2C_as_mni_average_305 /opt/freesurfer/average/711-2B_as_mni_average_305_mask talsrcimg_g11 none talsrcimg_to_711-2C_as_mni_average_305_t4 2311
---------------------------------------------------------------------

freesurfer imgreg_4dfp.c
/opt/freesurfer/average/711-2C_as_mni_average_305.4dfp.img
       256       256       256         1
  1.000000  1.000000  1.000000
orientation T byte_order littleendian
Reading image: /opt/freesurfer/average/711-2C_as_mni_average_305.4dfp.img
dimensions:      256       256       256
mmppix:       1.0000   -1.0000   -1.0000
center:     128.0000 -129.0000 -129.0000
/opt/freesurfer/average/711-2B_as_mni_average_305_mask.4dfp.img
       256       256       256         1
  1.000000  1.000000  1.000000
orientation T byte_order littleendian
Reading mask: /opt/freesurfer/average/711-2B_as_mni_average_305_mask.4dfp.img (2306576 pixels)
talsrcimg_g11.4dfp.img
       256       256       256         1
  1.000000  1.000000  1.000000
orientation T byte_order littleendian
Reading image: talsrcimg_g11.4dfp.img
dimensions:      256       256       256
mmppix:       1.0000   -1.0000   -1.0000
center:     128.0000 -129.0000 -129.0000
fimgreg.f
image alignment mode   2311 decimal      907 hex
parameters
   -2.3212  -13.0407   11.5030   -3.1760   -8.0919   -5.9565
   -0.1539   -2.0742    1.5198    4.9770    1.8277   -7.3075
eta,q 0.97700 15.22346
niter,ni,del,rscale     5    3    5.0000    0.8000
parameters
   -2.3079  -13.0285   11.5252   -3.5399   -8.0165   -6.4200
   -0.1863   -2.0334    1.5294    5.2083    1.8182   -7.0530
eta,q 0.97686 15.21567
  0.0254  0.0246  0.0246  0.0252  0.0248  0.0264  0.0250  0.0271  0.0243  0.0251  0.0243  0.0241
  0.0241  0.0237  0.0238  0.0242  0.0239  0.0251  0.0240  0.0250  0.0237  0.0240  0.0237  0.0236
  0.0233  0.0232  0.0232  0.0233  0.0232  0.0238  0.0234  0.0236  0.0233  0.0234  0.0233  0.0233
  0.0230  0.0230  0.0230  0.0230  0.0230  0.0230  0.0231  0.0231  0.0231  0.0231  0.0231  0.0231
  0.0233  0.0232  0.0232  0.0234  0.0232  0.0235  0.0234  0.0236  0.0233  0.0233  0.0233  0.0232
  0.0241  0.0237  0.0237  0.0245  0.0238  0.0256  0.0240  0.0250  0.0237  0.0238  0.0237  0.0235
  0.0253  0.0245  0.0246  0.0263  0.0247  0.0289  0.0251  0.0269  0.0243  0.0247  0.0243  0.0239
niter,ni,del,rscale     4    3    5.0000    0.7000
parameters
   -2.2962  -13.0339   11.4508   -3.3128   -7.9930   -6.4460
   -0.1750   -2.0178    1.5549    5.1557    1.8264   -7.1209
eta,q 0.97688 15.22036
  0.0249  0.0243  0.0241  0.0252  0.0245  0.0262  0.0246  0.0263  0.0240  0.0244  0.0241  0.0238
  0.0239  0.0236  0.0236  0.0243  0.0237  0.0251  0.0238  0.0246  0.0235  0.0237  0.0235  0.0234
  0.0233  0.0233  0.0232  0.0236  0.0233  0.0239  0.0233  0.0235  0.0232  0.0233  0.0232  0.0232
  0.0231  0.0231  0.0231  0.0231  0.0231  0.0231  0.0231  0.0231  0.0231  0.0231  0.0231  0.0231
  0.0233  0.0233  0.0233  0.0232  0.0233  0.0232  0.0233  0.0235  0.0232  0.0233  0.0232  0.0232
  0.0239  0.0237  0.0237  0.0238  0.0237  0.0245  0.0238  0.0246  0.0235  0.0237  0.0235  0.0234
  0.0248  0.0243  0.0244  0.0250  0.0245  0.0270  0.0246  0.0262  0.0240  0.0245  0.0241  0.0238
niter,ni,del,rscale     3    3    5.0000    0.6000
parameters
   -2.3036  -13.0299   11.4421   -3.2033   -8.0092   -6.2861
   -0.1799   -2.0392    1.5510    5.0929    1.8267   -7.2154
eta,q 0.97694 15.22338
  0.0244  0.0240  0.0239  0.0247  0.0241  0.0257  0.0242  0.0255  0.0237  0.0240  0.0238  0.0235
  0.0237  0.0235  0.0235  0.0240  0.0236  0.0248  0.0236  0.0242  0.0233  0.0235  0.0234  0.0233
  0.0233  0.0232  0.0232  0.0234  0.0232  0.0238  0.0232  0.0233  0.0231  0.0232  0.0231  0.0231
  0.0231  0.0231  0.0231  0.0231  0.0231  0.0231  0.0231  0.0231  0.0231  0.0231  0.0231  0.0231
  0.0233  0.0232  0.0232  0.0232  0.0232  0.0231  0.0232  0.0234  0.0231  0.0232  0.0231  0.0231
  0.0237  0.0235  0.0235  0.0237  0.0236  0.0240  0.0236  0.0242  0.0233  0.0235  0.0234  0.0233
  0.0244  0.0239  0.0240  0.0246  0.0241  0.0258  0.0242  0.0255  0.0237  0.0241  0.0238  0.0236
niter,ni,del,rscale     2    3    5.0000    0.5000
parameters
   -2.3141  -13.0357   11.4695   -3.1781   -8.0510   -6.1085
   -0.1692   -2.0616    1.5374    5.0291    1.8310   -7.2640
eta,q 0.97698 15.22382
  0.0240  0.0237  0.0237  0.0242  0.0238  0.0251  0.0238  0.0248  0.0235  0.0237  0.0236  0.0234
  0.0235  0.0233  0.0234  0.0236  0.0234  0.0243  0.0234  0.0238  0.0232  0.0233  0.0233  0.0232
  0.0232  0.0231  0.0231  0.0232  0.0231  0.0235  0.0231  0.0232  0.0231  0.0231  0.0231  0.0231
  0.0231  0.0231  0.0231  0.0231  0.0231  0.0231  0.0230  0.0230  0.0230  0.0230  0.0230  0.0230
  0.0232  0.0231  0.0231  0.0232  0.0232  0.0231  0.0231  0.0233  0.0231  0.0231  0.0231  0.0231
  0.0235  0.0233  0.0233  0.0235  0.0234  0.0237  0.0234  0.0239  0.0232  0.0234  0.0233  0.0232
  0.0240  0.0237  0.0236  0.0242  0.0238  0.0250  0.0238  0.0248  0.0235  0.0238  0.0236  0.0234
niter,ni,del,rscale     1    3    5.0000    0.4000
parameters
   -2.3211  -13.0424   11.5069   -3.1740   -8.0866   -5.9556
   -0.1482   -2.0727    1.5128    4.9617    1.8311   -7.2936
eta,q 0.97700 15.22348
  0.0236  0.0234  0.0235  0.0238  0.0235  0.0245  0.0235  0.0242  0.0233  0.0234  0.0234  0.0232
  0.0233  0.0232  0.0232  0.0234  0.0232  0.0239  0.0232  0.0235  0.0231  0.0232  0.0232  0.0231
  0.0231  0.0231  0.0231  0.0231  0.0231  0.0233  0.0231  0.0231  0.0230  0.0230  0.0230  0.0230
  0.0230  0.0230  0.0230  0.0230  0.0230  0.0230  0.0230  0.0230  0.0230  0.0230  0.0230  0.0230
  0.0231  0.0231  0.0231  0.0231  0.0231  0.0231  0.0231  0.0231  0.0230  0.0231  0.0230  0.0230
  0.0233  0.0232  0.0232  0.0234  0.0232  0.0235  0.0232  0.0236  0.0231  0.0232  0.0232  0.0231
  0.0236  0.0234  0.0234  0.0238  0.0235  0.0243  0.0235  0.0242  0.0233  0.0235  0.0234  0.0232
registration optimization eta report
parameter search radius
    0.8000    0.8000    0.8000    2.4000    2.4000    2.4000
    2.4000    2.4000    2.4000    2.4000    2.4000    2.4000
100000*second partial in parameter space
       95.       60.       62.       13.        8.       24.
        9.       21.        5.        8.        6.        4.
  0.0236  0.0234  0.0235  0.0238  0.0235  0.0245  0.0235  0.0242  0.0233  0.0234  0.0234  0.0232
  0.0233  0.0232  0.0232  0.0234  0.0232  0.0239  0.0232  0.0235  0.0231  0.0232  0.0232  0.0231
  0.0231  0.0231  0.0231  0.0231  0.0231  0.0233  0.0231  0.0231  0.0230  0.0230  0.0230  0.0230
  0.0230  0.0230  0.0230  0.0230  0.0230  0.0230  0.0230  0.0230  0.0230  0.0230  0.0230  0.0230
  0.0231  0.0231  0.0231  0.0231  0.0231  0.0231  0.0231  0.0231  0.0230  0.0231  0.0230  0.0230
  0.0233  0.0232  0.0232  0.0234  0.0232  0.0235  0.0232  0.0236  0.0231  0.0232  0.0232  0.0231
  0.0236  0.0234  0.0234  0.0238  0.0235  0.0243  0.0235  0.0242  0.0233  0.0235  0.0234  0.0232
   -2.3211  -13.0424   11.5069   -3.1740   -8.0866   -5.9556
   -0.1482   -2.0727    1.5128    4.9617    1.8311   -7.2936
eta,q 0.97700 15.22348

---------------------------------------------------------------------
compute_vox2vox talsrcimg talsrcimg_to_711-2C_as_mni_average_305_t4 /opt/freesurfer/average/711-2C_as_mni_average_305
---------------------------------------------------------------------

freesurfer compute_vox2vox.c
Reading: talsrcimg.4dfp.ifh
Reading: talsrcimg_to_711-2C_as_mni_average_305_t4
Reading: /opt/freesurfer/average/711-2C_as_mni_average_305.4dfp.ifh
Writing: talsrcimg_to_711-2C_as_mni_average_305_t4_vox2vox.txt

start time Tue Mar 10 00:56:16 CET 2026
end		time Tue Mar 10 00:56:29 CET 2026

mpr2mni305 success

avi2talxfm orig_nu.mgz /opt/freesurfer/average/mni305.cor.mgz talsrcimg_to_711-2C_as_mni_average_305_t4_vox2vox.txt transforms/talairach.auto.xfm
avi2talxfm done
mv -f /out/sourcedata/freesurfer/sub-v1s3x0050809_ses-1/mri/talsrcimg_to_711-2C_as_mni_average_305_t4_vox2vox.txt /out/sourcedata/freesurfer/sub-v1s3x0050809_ses-1/mri/transforms/talsrcimg_to_711-2C_as_mni_average_305_t4_vox2vox.txt
lta_convert --src orig_nu.mgz --trg /opt/freesurfer/average/mni305.cor.mgz --inxfm transforms/talairach.auto.xfm --outlta transforms/talairach.auto.xfm.lta --subject fsaverage
7.3.2

--src: orig_nu.mgz src image (geometry).
--trg: /opt/freesurfer/average/mni305.cor.mgz trg image (geometry).
--inmni: transforms/talairach.auto.xfm input MNI/XFM transform.
--outlta: transforms/talairach.auto.xfm.lta output LTA.
--s: fsaverage subject name
 LTA read, type : 1
 1.03230   0.02257   0.00345   1.59050;
-0.02133   1.05843   0.08395  -5.67473;
-0.01584  -0.05751   1.08339   1.14253;
 0.00000   0.00000   0.00000   1.00000;
setting subject to fsaverage
Writing  LTA to file transforms/talairach.auto.xfm.lta...
lta_convert successful.
 
 
Started at Tue Mar 10 00:56:15 CET 2026
Ended   at Tue Mar 10 00:56:29 CET 2026
talairach_avi done
