status file for recon-all
Tue Mar 10 03:35:13 CET 2026
#@# Tessellate rh Tue Mar 10 03:35:13 CET 2026
#@# Smooth1 rh Tue Mar 10 03:35:16 CET 2026
#@# Inflation1 rh Tue Mar 10 03:35:19 CET 2026
#@# QSphere rh Tue Mar 10 03:35:29 CET 2026
#@# Fix Topology rh Tue Mar 10 03:36:25 CET 2026
#@# Smooth2 rh Tue Mar 10 03:41:55 CET 2026
#@# Inflation2 rh Tue Mar 10 03:41:58 CET 2026
#@# Curv .H and .K rh Tue Mar 10 03:42:09 CET 2026
#@# Sphere rh Tue Mar 10 03:42:58 CET 2026
#@# Surf Reg rh Tue Mar 10 03:44:49 CET 2026
#@# Jacobian white rh Tue Mar 10 03:48:05 CET 2026
#@# AvgCurv rh Tue Mar 10 03:48:06 CET 2026
#@# Cortical Parc rh Tue Mar 10 03:48:07 CET 2026
#@# white curv rh Tue Mar 10 03:54:17 CET 2026
#@# white area rh Tue Mar 10 03:54:19 CET 2026
#@# pial curv rh Tue Mar 10 03:54:20 CET 2026
#@# pial area rh Tue Mar 10 03:54:21 CET 2026
#@# thickness rh Tue Mar 10 03:54:22 CET 2026
#@# area and vertex vol rh Tue Mar 10 03:54:53 CET 2026
#@# Curvature Stats rh Tue Mar 10 03:54:54 CET 2026
#@# Cortical Parc 2 rh Tue Mar 10 03:54:56 CET 2026
#@# Cortical Parc 3 rh Tue Mar 10 03:55:09 CET 2026
#@# WM/GM Contrast rh Tue Mar 10 03:55:19 CET 2026
recon-all -s sub-v1s3x0050820_ses-1 finished without error at Tue Mar 10 03:55:22 CET 2026



#New# invocation of recon-all 



status file for recon-all
Tue Mar 10 04:03:39 CET 2026
#@# white curv rh Tue Mar 10 04:03:39 CET 2026
#@# white area rh Tue Mar 10 04:03:39 CET 2026
#@# pial curv rh Tue Mar 10 04:03:39 CET 2026
#@# pial area rh Tue Mar 10 04:03:39 CET 2026
#@# thickness rh Tue Mar 10 04:03:39 CET 2026
#@# area and vertex vol rh Tue Mar 10 04:03:39 CET 2026
#@# Parcellation Stats rh Tue Mar 10 04:03:39 CET 2026
#@# Parcellation Stats 2 rh Tue Mar 10 04:03:58 CET 2026
#@# Parcellation Stats 3 rh Tue Mar 10 04:04:07 CET 2026
#@# BA_exvivo Labels rh Tue Mar 10 04:04:17 CET 2026
recon-all -s sub-v1s3x0050820_ses-1 finished without error at Tue Mar 10 04:06:41 CET 2026
