status file for recon-all
Tue Mar 10 01:35:04 CET 2026
#@# MotionCor Tue Mar 10 01:35:06 CET 2026
#@# Talairach Tue Mar 10 01:35:15 CET 2026
#@# Talairach Failure Detection Tue Mar 10 01:39:39 CET 2026
#@# Nu Intensity Correction Tue Mar 10 01:39:39 CET 2026
#@# Intensity Normalization Tue Mar 10 01:42:51 CET 2026
recon-all -s sub-v1s3x0050820_ses-1 finished without error at Tue Mar 10 01:44:24 CET 2026



#New# invocation of recon-all 



status file for recon-all
Tue Mar 10 01:52:48 CET 2026
#@# EM Registration Tue Mar 10 01:52:48 CET 2026
recon-all -s sub-v1s3x0050820_ses-1 finished without error at Tue Mar 10 01:54:08 CET 2026



#New# invocation of recon-all 



status file for recon-all
Tue Mar 10 01:54:10 CET 2026
#@# CA Normalize Tue Mar 10 01:54:10 CET 2026
#@# CA Reg Tue Mar 10 01:55:30 CET 2026
#@# SubCort Seg Tue Mar 10 02:37:16 CET 2026
#@# CC Seg Tue Mar 10 03:06:25 CET 2026
#@# Merge ASeg Tue Mar 10 03:06:57 CET 2026
#@# Intensity Normalization2 Tue Mar 10 03:06:57 CET 2026
#@# Mask BFS Tue Mar 10 03:09:15 CET 2026
#@# WM Segmentation Tue Mar 10 03:09:16 CET 2026
#@# Fill Tue Mar 10 03:11:06 CET 2026
recon-all -s sub-v1s3x0050820_ses-1 finished without error at Tue Mar 10 03:12:06 CET 2026



#New# invocation of recon-all 



status file for recon-all
Tue Mar 10 03:55:28 CET 2026
#@# white curv lh Tue Mar 10 03:55:28 CET 2026
#@# white area lh Tue Mar 10 03:55:28 CET 2026
#@# pial curv lh Tue Mar 10 03:55:28 CET 2026
#@# pial area lh Tue Mar 10 03:55:28 CET 2026
#@# thickness lh Tue Mar 10 03:55:28 CET 2026
#@# area and vertex vol lh Tue Mar 10 03:55:28 CET 2026
#@# white curv rh Tue Mar 10 03:55:29 CET 2026
#@# white area rh Tue Mar 10 03:55:29 CET 2026
#@# pial curv rh Tue Mar 10 03:55:29 CET 2026
#@# pial area rh Tue Mar 10 03:55:29 CET 2026
#@# thickness rh Tue Mar 10 03:55:29 CET 2026
#@# area and vertex vol rh Tue Mar 10 03:55:29 CET 2026
#@# Cortical ribbon mask Tue Mar 10 03:55:29 CET 2026
recon-all -s sub-v1s3x0050820_ses-1 finished without error at Tue Mar 10 04:00:29 CET 2026



#New# invocation of recon-all 



status file for recon-all
Tue Mar 10 04:06:45 CET 2026
#@# white curv lh Tue Mar 10 04:06:45 CET 2026
#@# white area lh Tue Mar 10 04:06:45 CET 2026
#@# pial curv lh Tue Mar 10 04:06:45 CET 2026
#@# pial area lh Tue Mar 10 04:06:45 CET 2026
#@# thickness lh Tue Mar 10 04:06:45 CET 2026
#@# area and vertex vol lh Tue Mar 10 04:06:45 CET 2026
#@# white curv rh Tue Mar 10 04:06:45 CET 2026
#@# white area rh Tue Mar 10 04:06:45 CET 2026
#@# pial curv rh Tue Mar 10 04:06:45 CET 2026
#@# pial area rh Tue Mar 10 04:06:45 CET 2026
#@# thickness rh Tue Mar 10 04:06:45 CET 2026
#@# area and vertex vol rh Tue Mar 10 04:06:45 CET 2026
#@# Curvature Stats lh Tue Mar 10 04:06:45 CET 2026
#@# Curvature Stats rh Tue Mar 10 04:06:47 CET 2026
#@# Relabel Hypointensities Tue Mar 10 04:06:50 CET 2026
#@# APas-to-ASeg Tue Mar 10 04:07:04 CET 2026
#@# AParc-to-ASeg aparc Tue Mar 10 04:07:12 CET 2026
#@# AParc-to-ASeg aparc.a2009s Tue Mar 10 04:07:59 CET 2026
#@# AParc-to-ASeg aparc.DKTatlas Tue Mar 10 04:08:43 CET 2026
#@# WMParc Tue Mar 10 04:09:28 CET 2026
#@# ASeg Stats Tue Mar 10 04:13:03 CET 2026
recon-all -s sub-v1s3x0050820_ses-1 finished without error at Tue Mar 10 04:13:34 CET 2026
