/out/sourcedata/freesurfer/sub-v1s3x0050824_ses-1/mri
/opt/freesurfer/bin/talairach_avi
--i orig_nu.mgz --xfm transforms/talairach.auto.xfm
talairach_avi 7.3.2
Linux dna062 5.14.0-427.37.1.el9_4.x86_64 #1 SMP PREEMPT_DYNAMIC Fri Sep 13 12:41:50 EDT 2024 x86_64 x86_64 x86_64 GNU/Linux
Tue Mar 10 01:41:58 CET 2026
mri_convert orig_nu.mgz talsrcimg.img 
reading from orig_nu.mgz...
TR=0.00, TE=0.00, TI=0.00, flip angle=0.00
i_ras = (-1, 0, 0)
j_ras = (0, 0, -1)
k_ras = (0, 1, 0)
writing to talsrcimg.img...
Analyze Output Matrix
-1.00000   0.00000   0.00000   126.09666;
 0.00000   0.00000   1.00000  -149.45358;
 0.00000  -1.00000   0.00000   139.29517;
 0.00000   0.00000   0.00000   1.00000;
--------------------
INFO: set hdr.hist.orient to -1
mpr2mni305 talsrcimg
Tue Mar 10 01:41:59 CET 2026
/opt/freesurfer/bin/mpr2mni305 talsrcimg
mpr2mni305 7.3.2
target=711-2C_as_mni_average_305

---------------------------------------------------------------------
analyzeto4dfp talsrcimg -O0 -y
---------------------------------------------------------------------

freesurfer ifh2hdr.c
Tue Mar 10 01:41:59 2026
Writing: talsrcimg.4dfp.hdr
freesurfer analyzeto4dfp.c
Reading: talsrcimg.hdr
header size 348 bytes
hdr.dime.datatype	offset=70	value=2
hdr.dime.bitpix		offset=72	value=8
hdr.hist.orient		offset=252	value=-1
dimensionality     4
dimensions       256       256       256         1
Reading: talsrcimg.img
Writing: talsrcimg.4dfp.img
Writing: talsrcimg.4dfp.ifh
ifh2hdr talsrcimg -r0to231
ori=2

---------------------------------------------------------------------
gauss_4dfp talsrcimg 1.1
---------------------------------------------------------------------

freesurfer gauss_4dfp.c
Reading: talsrcimg.4dfp.img
Writing: talsrcimg_g11.4dfp.img
image dimensions 256 256 256 padded to 288 288 288
processing volume 1freesurfer ifh2hdr.c
Tue Mar 10 01:42:01 2026
Writing: talsrcimg_g11.4dfp.hdr

Writing: talsrcimg_g11.4dfp.ifh
including: talsrcimg.4dfp.img.rec in talsrcimg_g11.4dfp.img.rec

---------------------------------------------------------------------
imgreg_4dfp /opt/freesurfer/average/711-2C_as_mni_average_305 none talsrcimg_g11 none talsrcimg_to_711-2C_as_mni_average_305_t4 4355
---------------------------------------------------------------------

freesurfer imgreg_4dfp.c
/opt/freesurfer/average/711-2C_as_mni_average_305.4dfp.img
       256       256       256         1
  1.000000  1.000000  1.000000
orientation T byte_order littleendian
Reading image: /opt/freesurfer/average/711-2C_as_mni_average_305.4dfp.img
dimensions:      256       256       256
mmppix:       1.0000   -1.0000   -1.0000
center:     128.0000 -129.0000 -129.0000
talsrcimg_g11.4dfp.img
       256       256       256         1
  1.000000  1.000000  1.000000
orientation T byte_order littleendian
Reading image: talsrcimg_g11.4dfp.img
dimensions:      256       256       256
mmppix:       1.0000   -1.0000   -1.0000
center:     128.0000 -129.0000 -129.0000
t4_read: open error in t4_sub.f l:  41 t4_file(1:l)talsrcimg_to_711-2C_as_mni_average_305_t4 
t4_read: transform initialized to I4
rotation matrix determinant  1.000000
image alignment mode   4355 decimal     1103 hex
   -7.5000  -45.0000  -45.0000 7792.8296   21.3851
    0.0000  -45.0000  -45.0000 8134.4507   21.3389
    7.5000  -45.0000  -45.0000 7741.7710   21.3308
   -7.5000  -37.5000  -45.0000 8200.7559   21.3777
    0.0000  -37.5000  -45.0000 8567.6934   21.3488
    7.5000  -37.5000  -45.0000 8155.1260   21.3449
   -7.5000  -30.0000  -45.0000 8902.5039   21.3919
    0.0000  -30.0000  -45.0000 9329.0771   21.3949
    7.5000  -30.0000  -45.0000 8892.7461   21.4006
   -7.5000  -22.5000  -45.0000 9562.8301   21.4204
    0.0000  -22.5000  -45.000010018.1504   21.4355
    7.5000  -22.5000  -45.0000 9537.6523   21.4440
   -7.5000  -15.0000  -45.000010150.9004   21.4354
    0.0000  -15.0000  -45.000010635.2637   21.4346
    7.5000  -15.0000  -45.000010070.0195   21.4383
   -7.5000   -7.5000  -45.000010705.1357   21.4140
    0.0000   -7.5000  -45.000011198.8887   21.3837
    7.5000   -7.5000  -45.000010617.0381   21.3804
   -7.5000    0.0000  -45.000011128.1826   21.3848
    0.0000    0.0000  -45.000011601.7344   21.3385
    7.5000    0.0000  -45.000011067.3564   21.3304
   -7.5000    7.5000  -45.000010690.5586   21.3777
    0.0000    7.5000  -45.000011174.3779   21.3488
    7.5000    7.5000  -45.000010674.4717   21.3449
   -7.5000   15.0000  -45.000010079.9727   21.3919
    0.0000   15.0000  -45.000010511.7637   21.3949
    7.5000   15.0000  -45.000010033.0752   21.4006
   -7.5000   22.5000  -45.0000 9273.2051   21.4174
    0.0000   22.5000  -45.0000 9644.9668   21.4326
    7.5000   22.5000  -45.0000 9171.8975   21.4410
   -7.5000   30.0000  -45.0000 8442.3252   21.1497
    0.0000   30.0000  -45.0000 8745.8652   21.1489
    7.5000   30.0000  -45.0000 8275.8867   21.1526
   -7.5000   37.5000  -45.0000 7901.9136   21.1287
    0.0000   37.5000  -45.0000 8185.6826   21.0987
    7.5000   37.5000  -45.0000 7749.2559   21.0955
   -7.5000   45.0000  -45.0000 7187.7080   20.5682
    0.0000   45.0000  -45.0000 7463.0972   20.5237
    7.5000   45.0000  -45.0000 7077.9097   20.5159
   -7.5000  -45.0000  -37.5000 8391.2246   21.2134
    0.0000  -45.0000  -37.5000 8764.6826   21.1664
    7.5000  -45.0000  -37.5000 8329.8740   21.1478
   -7.5000  -37.5000  -37.5000 8836.0869   21.2075
    0.0000  -37.5000  -37.5000 9240.1123   21.1734
    7.5000  -37.5000  -37.5000 8797.9521   21.1639
   -7.5000  -30.0000  -37.5000 9564.9170   21.2131
    0.0000  -30.0000  -37.500010008.6953   21.2055
    7.5000  -30.0000  -37.5000 9530.3818   21.2076
   -7.5000  -22.5000  -37.500010245.7207   21.2288
    0.0000  -22.5000  -37.500010735.2568   21.2333
    7.5000  -22.5000  -37.500010188.1846   21.2365
   -7.5000  -15.0000  -37.500010870.3311   21.2407
    0.0000  -15.0000  -37.500011390.1875   21.2345
    7.5000  -15.0000  -37.500010750.9727   21.2299
   -7.5000   -7.5000  -37.500011423.3926   21.2308
    0.0000   -7.5000  -37.500011965.1367   21.1992
    7.5000   -7.5000  -37.500011334.1191   21.1846
   -7.5000    0.0000  -37.500011821.8818   21.2131
    0.0000    0.0000  -37.500012365.3154   21.1660
    7.5000    0.0000  -37.500011757.0273   21.1474
   -7.5000    7.5000  -37.500011390.7490   21.2075
    0.0000    7.5000  -37.500011956.1211   21.1734
    7.5000    7.5000  -37.500011364.4541   21.1639
   -7.5000   15.0000  -37.500010752.1709   21.2131
    0.0000   15.0000  -37.500011274.0391   21.2055
    7.5000   15.0000  -37.500010691.7266   21.2076
   -7.5000   22.5000  -37.5000 9857.1328   21.2259
    0.0000   22.5000  -37.500010302.9531   21.2304
    7.5000   22.5000  -37.5000 9745.0664   21.2336
   -7.5000   30.0000  -37.5000 8916.1953   20.9577
    0.0000   30.0000  -37.5000 9280.2090   20.9515
    7.5000   30.0000  -37.5000 8769.0645   20.9470
   -7.5000   37.5000  -37.5000 8313.3555   20.9479
    0.0000   37.5000  -37.5000 8642.6904   20.9167
    7.5000   37.5000  -37.5000 8179.1475   20.9023
   -7.5000   45.0000  -37.5000 7552.8926   20.4027
    0.0000   45.0000  -37.5000 7851.7056   20.3573
    7.5000   45.0000  -37.5000 7466.0679   20.3394
   -7.5000  -45.0000  -30.0000 9142.4551   22.0235
    0.0000  -45.0000  -30.0000 9553.9180   21.9890
    7.5000  -45.0000  -30.0000 9102.6719   21.9706
   -7.5000  -37.5000  -30.0000 9626.2412   22.0297
    0.0000  -37.5000  -30.000010079.7959   22.0060
    7.5000  -37.5000  -30.0000 9583.8740   21.9951
   -7.5000  -30.0000  -30.000010407.2695   22.0483
    0.0000  -30.0000  -30.000010895.1768   22.0441
    7.5000  -30.0000  -30.000010362.6357   22.0416
   -7.5000  -22.5000  -30.000011098.3408   22.0611
    0.0000  -22.5000  -30.000011653.1465   22.0646
    7.5000  -22.5000  -30.000011055.9502   22.0626
   -7.5000  -15.0000  -30.000011765.2686   22.0611
    0.0000  -15.0000  -30.000012338.8682   22.0560
    7.5000  -15.0000  -30.000011675.8594   22.0480
   -7.5000   -7.5000  -30.000012373.0684   22.0416
    0.0000   -7.5000  -30.000012964.4629   22.0182
    7.5000   -7.5000  -30.000012268.0264   22.0021
   -7.5000    0.0000  -30.000012761.0654   22.0231
    0.0000    0.0000  -30.000013353.3281   21.9886
    7.5000    0.0000  -30.000012673.4258   21.9702
   -7.5000    7.5000  -30.000012309.3330   22.0297
    0.0000    7.5000  -30.000012903.2832   22.0060
    7.5000    7.5000  -30.000012237.8574   21.9951
   -7.5000   15.0000  -30.000011612.9746   22.0483
    0.0000   15.0000  -30.000012189.0732   22.0441
    7.5000   15.0000  -30.000011530.3779   22.0416
   -7.5000   22.5000  -30.000010614.7969   22.0559
    0.0000   22.5000  -30.000011135.7441   22.0593
    7.5000   22.5000  -30.000010511.2568   22.0573
   -7.5000   30.0000  -30.0000 9548.8691   21.7691
    0.0000   30.0000  -30.0000 9972.1357   21.7642
    7.5000   30.0000  -30.0000 9410.5938   21.7562
   -7.5000   37.5000  -30.0000 8886.8535   21.7499
    0.0000   37.5000  -30.0000 9280.7256   21.7269
    7.5000   37.5000  -30.0000 8795.9121   21.7110
   -7.5000   45.0000  -30.0000 8045.9136   21.1964
    0.0000   45.0000  -30.0000 8407.6934   21.1632
    7.5000   45.0000  -30.0000 7997.8672   21.1455
   -7.5000  -45.0000  -22.5000 9908.6807   22.7776
    0.0000  -45.0000  -22.500010388.1582   22.7595
    7.5000  -45.0000  -22.5000 9845.0459   22.7526
   -7.5000  -37.5000  -22.500010449.3457   22.7920
    0.0000  -37.5000  -22.500010964.2500   22.7865
    7.5000  -37.5000  -22.500010379.4648   22.7782
   -7.5000  -30.0000  -22.500011293.1816   22.8335
    0.0000  -30.0000  -22.500011863.0312   22.8448
    7.5000  -30.0000  -22.500011216.6807   22.8383
   -7.5000  -22.5000  -22.500012065.2441   22.8602
    0.0000  -22.5000  -22.500012662.9834   22.8734
    7.5000  -22.5000  -22.500011988.7520   22.8702
   -7.5000  -15.0000  -22.500012743.8535   22.8536
    0.0000  -15.0000  -22.500013366.2891   22.8560
    7.5000  -15.0000  -22.500012643.7207   22.8537
   -7.5000   -7.5000  -22.500013379.5547   22.8121
    0.0000   -7.5000  -22.500014015.0264   22.8000
    7.5000   -7.5000  -22.500013253.2617   22.7958
   -7.5000    0.0000  -22.500013766.9521   22.7772
    0.0000    0.0000  -22.500014427.6699   22.7591
    7.5000    0.0000  -22.500013651.7949   22.7523
   -7.5000    7.5000  -22.500013268.8057   22.7920
    0.0000    7.5000  -22.500013912.7998   22.7865
    7.5000    7.5000  -22.500013153.4844   22.7782
   -7.5000   15.0000  -22.500012528.5713   22.8335
    0.0000   15.0000  -22.500013151.0215   22.8448
    7.5000   15.0000  -22.500012421.7148   22.8383
   -7.5000   22.5000  -22.500011437.5332   22.8531
    0.0000   22.5000  -22.500012022.7539   22.8664
    7.5000   22.5000  -22.500011347.2988   22.8632
   -7.5000   30.0000  -22.500010249.3135   22.5547
    0.0000   30.0000  -22.500010727.0107   22.5570
    7.5000   30.0000  -22.500010124.1709   22.5548
   -7.5000   37.5000  -22.5000 9531.8369   22.5137
    0.0000   37.5000  -22.5000 9972.0186   22.5018
    7.5000   37.5000  -22.5000 9453.6221   22.4976
   -7.5000   45.0000  -22.5000 8590.1270   21.9382
    0.0000   45.0000  -22.5000 8981.8047   21.9208
    7.5000   45.0000  -22.5000 8545.8936   21.9142
   -7.5000  -45.0000  -15.000010704.9170   23.3272
    0.0000  -45.0000  -15.000011195.6846   23.3108
    7.5000  -45.0000  -15.000010601.4883   23.3129
   -7.5000  -37.5000  -15.000011280.4043   23.3345
    0.0000  -37.5000  -15.000011820.2227   23.3354
    7.5000  -37.5000  -15.000011181.7666   23.3309
   -7.5000  -30.0000  -15.000012189.8066   23.3828
    0.0000  -30.0000  -15.000012808.9199   23.4062
    7.5000  -30.0000  -15.000012096.5918   23.4012
   -7.5000  -22.5000  -15.000013009.4980   23.4264
    0.0000  -22.5000  -15.000013655.8633   23.4513
    7.5000  -22.5000  -15.000012900.7881   23.4519
   -7.5000  -15.0000  -15.000013752.3555   23.4288
    0.0000  -15.0000  -15.000014426.1826   23.4368
    7.5000  -15.0000  -15.000013585.6807   23.4417
   -7.5000   -7.5000  -15.000014418.4600   23.3775
    0.0000   -7.5000  -15.000015144.2461   23.3666
    7.5000   -7.5000  -15.000014216.3438   23.3727
   -7.5000    0.0000  -15.000014842.1309   23.3268
    0.0000    0.0000  -15.000015617.9746   23.3105
    7.5000    0.0000  -15.000014669.7012   23.3125
   -7.5000    7.5000  -15.000014265.1279   23.3345
    0.0000    7.5000  -15.000014998.1055   23.3354
    7.5000    7.5000  -15.000014085.6748   23.3309
   -7.5000   15.0000  -15.000013420.6914   23.3828
    0.0000   15.0000  -15.000014136.7598   23.4062
    7.5000   15.0000  -15.000013293.2061   23.4012
   -7.5000   22.5000  -15.000012241.7930   23.4181
    0.0000   22.5000  -15.000012874.5186   23.4430
    7.5000   22.5000  -15.000012141.6113   23.4436
   -7.5000   30.0000  -15.000010986.2275   23.1256
    0.0000   30.0000  -15.000011505.7129   23.1335
    7.5000   30.0000  -15.000010872.2051   23.1384
   -7.5000   37.5000  -15.000010248.6855   23.0750
    0.0000   37.5000  -15.000010703.6758   23.0642
    7.5000   37.5000  -15.000010121.8428   23.0703
   -7.5000   45.0000  -15.0000 9178.3086   22.4816
    0.0000   45.0000  -15.0000 9580.1328   22.4658
    7.5000   45.0000  -15.0000 9081.4893   22.4677
   -7.5000  -45.0000   -7.500011486.4482   23.6070
    0.0000  -45.0000   -7.500012030.3457   23.5733
    7.5000  -45.0000   -7.500011376.6836   23.5721
   -7.5000  -37.5000   -7.500012146.3008   23.6029
    0.0000  -37.5000   -7.500012738.4775   23.5895
    7.5000  -37.5000   -7.500012022.0615   23.5857
   -7.5000  -30.0000   -7.500013136.0908   23.6368
    0.0000  -30.0000   -7.500013794.5166   23.6553
    7.5000  -30.0000   -7.500013009.3516   23.6559
   -7.5000  -22.5000   -7.500013989.0420   23.6811
    0.0000  -22.5000   -7.500014673.4648   23.7074
    7.5000  -22.5000   -7.500013853.7061   23.7128
   -7.5000  -15.0000   -7.500014779.6738   23.6945
    0.0000  -15.0000   -7.500015499.2500   23.7011
    7.5000  -15.0000   -7.500014596.8271   23.7070
   -7.5000   -7.5000   -7.500015500.1631   23.6540
    0.0000   -7.5000   -7.500016294.7656   23.6324
    7.5000   -7.5000   -7.500015307.0205   23.6361
   -7.5000    0.0000   -7.500015985.2188   23.6066
    0.0000    0.0000   -7.500016875.2480   23.5729
    7.5000    0.0000   -7.500015818.2695   23.5717
   -7.5000    7.5000   -7.500015309.6143   23.6029
    0.0000    7.5000   -7.500016167.8809   23.5895
    7.5000    7.5000   -7.500015133.6533   23.5857
   -7.5000   15.0000   -7.500014406.8379   23.6368
    0.0000   15.0000   -7.500015199.0146   23.6553
    7.5000   15.0000   -7.500014260.6035   23.6559
   -7.5000   22.5000   -7.500013175.4346   23.6701
    0.0000   22.5000   -7.500013846.9844   23.6964
    7.5000   22.5000   -7.500013018.9365   23.7019
   -7.5000   30.0000   -7.500011788.6113   23.3873
    0.0000   30.0000   -7.500012364.3887   23.3938
    7.5000   30.0000   -7.500011611.1055   23.3995
   -7.5000   37.5000   -7.500011016.3242   23.3473
    0.0000   37.5000   -7.500011531.1211   23.3259
    7.5000   37.5000   -7.500010837.6406   23.3296
   -7.5000   45.0000   -7.5000 9823.0098   22.7564
    0.0000   45.0000   -7.500010251.7764   22.7238
    7.5000   45.0000   -7.5000 9698.5068   22.7227
   -7.5000  -45.0000    0.000012267.4775   23.6574
    0.0000  -45.0000    0.000012803.3965   23.6072
    7.5000  -45.0000    0.000012175.9238   23.5956
   -7.5000  -37.5000    0.000012923.7393   23.6482
    0.0000  -37.5000    0.000013532.4580   23.6164
    7.5000  -37.5000    0.000012832.0234   23.6098
   -7.5000  -30.0000    0.000014001.8057   23.6624
    0.0000  -30.0000    0.000014680.5381   23.6656
    7.5000  -30.0000    0.000013889.2510   23.6699
   -7.5000  -22.5000    0.000014933.3193   23.6931
    0.0000  -22.5000    0.000015645.0410   23.7101
    7.5000  -22.5000    0.000014797.2832   23.7174
   -7.5000  -15.0000    0.000015746.2812   23.7103
    0.0000  -15.0000    0.000016494.8047   23.7103
    7.5000  -15.0000    0.000015590.4463   23.7122
   -7.5000   -7.5000    0.000016502.1914   23.6885
    0.0000   -7.5000    0.000017325.2695   23.6561
    7.5000   -7.5000    0.000016362.6650   23.6501
   -7.5000    0.0000    0.000017002.7520   23.6570
    0.0000    0.0000    0.000017970.8340   23.6068
    7.5000    0.0000    0.000016914.2266   23.5952
   -7.5000    7.5000    0.000016216.8174   23.6482
    0.0000    7.5000    0.000017188.2285   23.6164
    7.5000    7.5000    0.000016132.8594   23.6098
   -7.5000   15.0000    0.000015236.6191   23.6624
    0.0000   15.0000    0.000016134.3369   23.6656
    7.5000   15.0000    0.000015136.2432   23.6699
   -7.5000   22.5000    0.000013982.7607   23.6822
    0.0000   22.5000    0.000014730.5488   23.6991
    7.5000   22.5000    0.000013801.2549   23.7065
   -7.5000   30.0000    0.000012526.9463   23.4034
    0.0000   30.0000    0.000013195.2637   23.4034
    7.5000   30.0000    0.000012347.6875   23.4053
   -7.5000   37.5000    0.000011738.1445   23.3819
    0.0000   37.5000    0.000012328.1211   23.3500
    7.5000   37.5000    0.000011531.5898   23.3440
   -7.5000   45.0000    0.000010435.0371   22.8073
    0.0000   45.0000    0.000010926.4893   22.7588
    7.5000   45.0000    0.000010293.7959   22.7476
   -7.5000  -45.0000    7.500012057.3252   23.6548
    0.0000  -45.0000    7.500012536.6436   23.6033
    7.5000  -45.0000    7.500011966.1836   23.5824
   -7.5000  -37.5000    7.500012666.7139   23.6486
    0.0000  -37.5000    7.500013192.7012   23.6115
    7.5000  -37.5000    7.500012607.3262   23.6009
   -7.5000  -30.0000    7.500013760.7568   23.6547
    0.0000  -30.0000    7.500014323.7070   23.6469
    7.5000  -30.0000    7.500013650.8730   23.6495
   -7.5000  -22.5000    7.500014785.1621   23.6715
    0.0000  -22.5000    7.500015362.6182   23.6772
    7.5000  -22.5000    7.500014631.8184   23.6809
   -7.5000  -15.0000    7.500015601.5088   23.6841
    0.0000  -15.0000    7.500016276.4492   23.6779
    7.5000  -15.0000    7.500015564.0117   23.6728
   -7.5000   -7.5000    7.500016283.6230   23.6733
    0.0000   -7.5000    7.500017092.1055   23.6390
    7.5000   -7.5000    7.500016336.0254   23.6225
   -7.5000    0.0000    7.500016714.6816   23.6544
    0.0000    0.0000    7.500017654.0996   23.6029
    7.5000    0.0000    7.500016775.4844   23.5820
   -7.5000    7.5000    7.500015911.9297   23.6486
    0.0000    7.5000    7.500016848.4824   23.6115
    7.5000    7.5000    7.500015911.5469   23.6009
   -7.5000   15.0000    7.500014946.4834   23.6547
    0.0000   15.0000    7.500015810.4229   23.6469
    7.5000   15.0000    7.500014830.8145   23.6495
   -7.5000   22.5000    7.500013742.7910   23.6606
    0.0000   22.5000    7.500014474.4941   23.6663
    7.5000   22.5000    7.500013515.6055   23.6700
   -7.5000   30.0000    7.500012361.8311   23.3776
    0.0000   30.0000    7.500013010.2617   23.3715
    7.5000   30.0000    7.500012122.0146   23.3665
   -7.5000   37.5000    7.500011601.0537   23.3669
    0.0000   37.5000    7.500012205.3486   23.3331
    7.5000   37.5000    7.500011371.8398   23.3168
   -7.5000   45.0000    7.500010296.6309   22.8043
    0.0000   45.0000    7.500010802.2715   22.7546
    7.5000   45.0000    7.500010132.3320   22.7344
   -7.5000  -45.0000   15.000011648.9990   23.6495
    0.0000  -45.0000   15.000012084.3750   23.6125
    7.5000  -45.0000   15.000011603.6631   23.5927
   -7.5000  -37.5000   15.000012213.5645   23.6561
    0.0000  -37.5000   15.000012682.4092   23.6307
    7.5000  -37.5000   15.000012196.1221   23.6191
   -7.5000  -30.0000   15.000013270.2930   23.6761
    0.0000  -30.0000   15.000013745.2100   23.6716
    7.5000  -30.0000   15.000013218.0576   23.6690
   -7.5000  -22.5000   15.000014417.9609   23.6899
    0.0000  -22.5000   15.000014963.1279   23.6936
    7.5000  -22.5000   15.000014242.9385   23.6915
   -7.5000  -15.0000   15.000015457.8145   23.6899
    0.0000  -15.0000   15.000016115.8984   23.6844
    7.5000  -15.0000   15.000015312.2754   23.6758
   -7.5000   -7.5000   15.000016107.3057   23.6689
    0.0000   -7.5000   15.000016849.8203   23.6438
    7.5000   -7.5000   15.000016096.6416   23.6266
   -7.5000    0.0000   15.000016418.4902   23.6491
    0.0000    0.0000   15.000017220.4043   23.6121
    7.5000    0.0000   15.000016392.3281   23.5923
   -7.5000    7.5000   15.000015543.6045   23.6561
    0.0000    7.5000   15.000016333.7109   23.6307
    7.5000    7.5000   15.000015469.8984   23.6191
   -7.5000   15.0000   15.000014524.4248   23.6761
    0.0000   15.0000   15.000015203.6445   23.6716
    7.5000   15.0000   15.000014336.5254   23.6690
   -7.5000   22.5000   15.000013284.2109   23.6790
    0.0000   22.5000   15.000013876.8330   23.6827
    7.5000   22.5000   15.000013053.0820   23.6806
   -7.5000   30.0000   15.000011944.4385   23.3833
    0.0000   30.0000   15.000012476.9609   23.3779
    7.5000   30.0000   15.000011717.2559   23.3694
   -7.5000   37.5000   15.000011223.3496   23.3626
    0.0000   37.5000   15.000011750.3691   23.3378
    7.5000   37.5000   15.000011011.2324   23.3208
   -7.5000   45.0000   15.0000 9949.7588   22.7983
    0.0000   45.0000   15.000010403.7461   22.7625
    7.5000   45.0000   15.0000 9775.3145   22.7434
   -7.5000  -45.0000   22.500011129.4541   23.6449
    0.0000  -45.0000   22.500011554.4268   23.6262
    7.5000  -45.0000   22.500011111.8018   23.6191
   -7.5000  -37.5000   22.500011643.4600   23.6599
    0.0000  -37.5000   22.500012065.0703   23.6542
    7.5000  -37.5000   22.500011680.8555   23.6456
   -7.5000  -30.0000   22.500012670.5225   23.7030
    0.0000  -30.0000   22.500013117.4932   23.7148
    7.5000  -30.0000   22.500012696.2715   23.7080
   -7.5000  -22.5000   22.500013802.9033   23.7307
    0.0000  -22.5000   22.500014295.1758   23.7445
    7.5000  -22.5000   22.500013680.4863   23.7411
   -7.5000  -15.0000   22.500014918.4355   23.7239
    0.0000  -15.0000   22.500015342.5898   23.7263
    7.5000  -15.0000   22.500014634.9082   23.7240
   -7.5000   -7.5000   22.500015744.2998   23.6808
    0.0000   -7.5000   22.500016145.2891   23.6682
    7.5000   -7.5000   22.500015367.1113   23.6639
   -7.5000    0.0000   22.500016057.4150   23.6445
    0.0000    0.0000   22.500016528.4570   23.6258
    7.5000    0.0000   22.500015710.0732   23.6187
   -7.5000    7.5000   22.500015039.6445   23.6599
    0.0000    7.5000   22.500015576.0801   23.6542
    7.5000    7.5000   22.500014778.0576   23.6456
   -7.5000   15.0000   22.500013874.3076   23.7030
    0.0000   15.0000   22.500014400.8809   23.7148
    7.5000   15.0000   22.500013643.6133   23.7080
   -7.5000   22.5000   22.500012618.1387   23.7198
    0.0000   22.5000   22.500013125.7949   23.7335
    7.5000   22.5000   22.500012436.0537   23.7302
   -7.5000   30.0000   22.500011341.6934   23.4169
    0.0000   30.0000   22.500011791.2402   23.4193
    7.5000   30.0000   22.500011181.7646   23.4170
   -7.5000   37.5000   22.500010723.6592   23.3743
    0.0000   37.5000   22.500011157.9219   23.3619
    7.5000   37.5000   22.500010543.7822   23.3576
   -7.5000   45.0000   22.5000 9508.0801   22.7934
    0.0000   45.0000   22.5000 9924.0098   22.7753
    7.5000   45.0000   22.5000 9369.4834   22.7684
   -7.5000  -45.0000   30.000010477.2061   23.6474
    0.0000  -45.0000   30.000010934.7354   23.6307
    7.5000  -45.0000   30.000010483.5420   23.6328
   -7.5000  -37.5000   30.000011024.0635   23.6548
    0.0000  -37.5000   30.000011459.0947   23.6557
    7.5000  -37.5000   30.000011031.5020   23.6510
   -7.5000  -30.0000   30.000012026.7207   23.7037
    0.0000  -30.0000   30.000012493.8701   23.7274
    7.5000  -30.0000   30.000012000.4268   23.7223
   -7.5000  -22.5000   30.000013006.6035   23.7479
    0.0000  -22.5000   30.000013450.3926   23.7731
    7.5000  -22.5000   30.000012881.3438   23.7737
   -7.5000  -15.0000   30.000013828.4824   23.7503
    0.0000  -15.0000   30.000014244.0986   23.7584
    7.5000  -15.0000   30.000013636.2705   23.7634
   -7.5000   -7.5000   30.000014594.5049   23.6984
    0.0000   -7.5000   30.000015032.0010   23.6873
    7.5000   -7.5000   30.000014341.9844   23.6935
   -7.5000    0.0000   30.000015025.6797   23.6470
    0.0000    0.0000   30.000015566.6777   23.6304
    7.5000    0.0000   30.000014780.5889   23.6325
   -7.5000    7.5000   30.000014183.2617   23.6548
    0.0000    7.5000   30.000014731.0010   23.6557
    7.5000    7.5000   30.000013931.0430   23.6510
   -7.5000   15.0000   30.000013078.3125   23.7037
    0.0000   15.0000   30.000013557.1543   23.7274
    7.5000   15.0000   30.000012867.1758   23.7223
   -7.5000   22.5000   30.000011919.4062   23.7369
    0.0000   22.5000   30.000012356.5059   23.7622
    7.5000   22.5000   30.000011734.4785   23.7628
   -7.5000   30.0000   30.000010690.9375   23.4429
    0.0000   30.0000   30.000011075.2314   23.4509
    7.5000   30.0000   30.000010544.5322   23.4559
   -7.5000   37.5000   30.000010046.0137   23.3917
    0.0000   37.5000   30.000010430.5303   23.3807
    7.5000   37.5000   30.0000 9916.3428   23.3869
   -7.5000   45.0000   30.0000 8918.1660   22.7961
    0.0000   45.0000   30.0000 9263.2520   22.7801
    7.5000   45.0000   30.0000 8814.4131   22.7821
   -7.5000  -45.0000   37.500010209.5723   23.6733
    0.0000  -45.0000   37.500010665.6035   23.6393
    7.5000  -45.0000   37.500010153.7119   23.6380
   -7.5000  -37.5000   37.500010732.4775   23.6690
    0.0000  -37.5000   37.500011206.1768   23.6553
    7.5000  -37.5000   37.500010697.3984   23.6513
   -7.5000  -30.0000   37.500011664.3486   23.7027
    0.0000  -30.0000   37.500012134.0352   23.7211
    7.5000  -30.0000   37.500011607.1836   23.7216
   -7.5000  -22.5000   37.500012517.2305   23.7471
    0.0000  -22.5000   37.500012941.8477   23.7735
    7.5000  -22.5000   37.500012397.4316   23.7789
   -7.5000  -15.0000   37.500013201.1299   23.7608
    0.0000  -15.0000   37.500013593.6816   23.7676
    7.5000  -15.0000   37.500013048.4824   23.7734
   -7.5000   -7.5000   37.500013924.4053   23.7205
    0.0000   -7.5000   37.500014366.1934   23.6988
    7.5000   -7.5000   37.500013780.8584   23.7024
   -7.5000    0.0000   37.500014397.6025   23.6729
    0.0000    0.0000   37.500014909.1484   23.6389
    7.5000    0.0000   37.500014270.9521   23.6376
   -7.5000    7.5000   37.500013675.5938   23.6690
    0.0000    7.5000   37.500014194.7129   23.6553
    7.5000    7.5000   37.500013540.2236   23.6513
   -7.5000   15.0000   37.500012651.1523   23.7027
    0.0000   15.0000   37.500013105.7930   23.7211
    7.5000   15.0000   37.500012524.5146   23.7216
   -7.5000   22.5000   37.500011515.5586   23.7361
    0.0000   22.5000   37.500011925.5078   23.7626
    7.5000   22.5000   37.500011351.4170   23.7680
   -7.5000   30.0000   37.500010349.6270   23.4533
    0.0000   30.0000   37.500010709.3330   23.4600
    7.5000   30.0000   37.500010173.3584   23.4657
   -7.5000   37.5000   37.5000 9719.3154   23.4135
    0.0000   37.5000   37.500010043.3438   23.3920
    7.5000   37.5000   37.5000 9534.3662   23.3956
   -7.5000   45.0000   37.5000 8610.8975   22.8220
    0.0000   45.0000   37.5000 8918.4951   22.7892
    7.5000   45.0000   37.5000 8483.3438   22.7879
   -7.5000  -45.0000   45.0000 9435.1426   23.7613
    0.0000  -45.0000   45.0000 9893.9697   23.7098
    7.5000  -45.0000   45.0000 9384.9346   23.6975
   -7.5000  -37.5000   45.0000 9904.6006   23.7523
    0.0000  -37.5000   45.000010380.1631   23.7195
    7.5000  -37.5000   45.0000 9859.4287   23.7124
   -7.5000  -30.0000   45.000010718.0430   23.7672
    0.0000  -30.0000   45.000011199.9092   23.7698
    7.5000  -30.0000   45.000010665.4316   23.7737
   -7.5000  -22.5000   45.000011453.1875   23.7984
    0.0000  -22.5000   45.000011875.0156   23.8149
    7.5000  -22.5000   45.000011351.3389   23.8218
   -7.5000  -15.0000   45.000012068.2148   23.8153
    0.0000  -15.0000   45.000012449.1885   23.8147
    7.5000  -15.0000   45.000011936.1533   23.8160
   -7.5000   -7.5000   45.000012715.3965   23.7928
    0.0000   -7.5000   45.000013146.4268   23.7594
    7.5000   -7.5000   45.000012590.6631   23.7527
   -7.5000    0.0000   45.000013170.9814   23.7609
    0.0000    0.0000   45.000013658.3936   23.7094
    7.5000    0.0000   45.000013087.3154   23.6971
   -7.5000    7.5000   45.000012523.8311   23.7523
    0.0000    7.5000   45.000013009.9619   23.7195
    7.5000    7.5000   45.000012454.5312   23.7124
   -7.5000   15.0000   45.000011610.0137   23.7672
    0.0000   15.0000   45.000012025.7705   23.7698
    7.5000   15.0000   45.000011511.1562   23.7737
   -7.5000   22.5000   45.000010605.6396   23.7873
    0.0000   22.5000   45.000010975.0557   23.8039
    7.5000   22.5000   45.000010491.1094   23.8107
   -7.5000   30.0000   45.0000 9542.0713   23.5051
    0.0000   30.0000   45.0000 9861.8418   23.5045
    7.5000   30.0000   45.0000 9411.9922   23.5057
   -7.5000   37.5000   45.0000 8927.8350   23.4829
    0.0000   37.5000   45.0000 9224.9482   23.4499
    7.5000   37.5000   45.0000 8779.5039   23.4433
   -7.5000   45.0000   45.0000 7897.5986   22.9179
    0.0000   45.0000   45.0000 8198.5752   22.8681
    7.5000   45.0000   45.0000 7798.0806   22.8563

---------------------------------------------------------------------
imgreg_4dfp /opt/freesurfer/average/711-2C_as_mni_average_305 /opt/freesurfer/average/711-2B_as_mni_average_305_mask talsrcimg_g11 none talsrcimg_to_711-2C_as_mni_average_305_t4 4355
---------------------------------------------------------------------

freesurfer imgreg_4dfp.c
/opt/freesurfer/average/711-2C_as_mni_average_305.4dfp.img
       256       256       256         1
  1.000000  1.000000  1.000000
orientation T byte_order littleendian
Reading image: /opt/freesurfer/average/711-2C_as_mni_average_305.4dfp.img
dimensions:      256       256       256
mmppix:       1.0000   -1.0000   -1.0000
center:     128.0000 -129.0000 -129.0000
/opt/freesurfer/average/711-2B_as_mni_average_305_mask.4dfp.img
       256       256       256         1
  1.000000  1.000000  1.000000
orientation T byte_order littleendian
Reading mask: /opt/freesurfer/average/711-2B_as_mni_average_305_mask.4dfp.img (2306576 pixels)
talsrcimg_g11.4dfp.img
       256       256       256         1
  1.000000  1.000000  1.000000
orientation T byte_order littleendian
Reading image: talsrcimg_g11.4dfp.img
dimensions:      256       256       256
mmppix:       1.0000   -1.0000   -1.0000
center:     128.0000 -129.0000 -129.0000
rotation matrix determinant  1.000000
image alignment mode   4355 decimal     1103 hex
   -7.5000  -45.0000  -45.0000 2108.6021   24.9434
    0.0000  -45.0000  -45.0000 2115.5068   24.9984
    7.5000  -45.0000  -45.0000 2091.9380   25.2773
   -7.5000  -37.5000  -45.0000 2156.1975   23.6459
    0.0000  -37.5000  -45.0000 2162.5181   23.6931
    7.5000  -37.5000  -45.0000 2137.2063   23.9871
   -7.5000  -30.0000  -45.0000 2193.3997   22.8096
    0.0000  -30.0000  -45.0000 2206.2490   22.8182
    7.5000  -30.0000  -45.0000 2178.2598   23.1134
   -7.5000  -22.5000  -45.0000 2216.8096   22.4552
    0.0000  -22.5000  -45.0000 2222.5225   22.4103
    7.5000  -22.5000  -45.0000 2203.8862   22.7474
   -7.5000  -15.0000  -45.0000 2217.1396   22.5377
    0.0000  -15.0000  -45.0000 2224.4668   22.4576
    7.5000  -15.0000  -45.0000 2195.9153   22.8183
   -7.5000   -7.5000  -45.0000 2213.4153   22.9379
    0.0000   -7.5000  -45.0000 2220.5420   22.8213
    7.5000   -7.5000  -45.0000 2185.9648   23.1837
   -7.5000    0.0000  -45.0000 2190.1904   23.6104
    0.0000    0.0000  -45.0000 2193.7583   23.4477
    7.5000    0.0000  -45.0000 2167.1360   23.8207
   -7.5000    7.5000  -45.0000 2151.3044   24.6390
    0.0000    7.5000  -45.0000 2163.7056   24.4250
    7.5000    7.5000  -45.0000 2134.7200   24.7465
   -7.5000   15.0000  -45.0000 2104.0840   26.0752
    0.0000   15.0000  -45.0000 2117.7087   25.9189
    7.5000   15.0000  -45.0000 2086.6064   26.2150
   -7.5000   22.5000  -45.0000 2043.9431   28.0385
    0.0000   22.5000  -45.0000 2048.6941   27.9264
    7.5000   22.5000  -45.0000 2016.7643   28.3298
   -7.5000   30.0000  -45.0000 1955.2345   30.6180
    0.0000   30.0000  -45.0000 1957.8557   30.5397
    7.5000   30.0000  -45.0000 1924.1772   31.1022
   -7.5000   37.5000  -45.0000 1846.7513   34.1229
    0.0000   37.5000  -45.0000 1857.7502   33.9648
    7.5000   37.5000  -45.0000 1826.3068   34.5861
   -7.5000   45.0000  -45.0000 1733.9283   38.9039
    0.0000   45.0000  -45.0000 1747.8057   38.6853
    7.5000   45.0000  -45.0000 1728.2540   39.2353
   -7.5000  -45.0000  -37.5000 2214.7583   22.9118
    0.0000  -45.0000  -37.5000 2222.0095   22.9896
    7.5000  -45.0000  -37.5000 2194.3438   23.1354
   -7.5000  -37.5000  -37.5000 2267.8040   21.6718
    0.0000  -37.5000  -37.5000 2274.2202   21.7941
    7.5000  -37.5000  -37.5000 2246.4612   21.9440
   -7.5000  -30.0000  -37.5000 2302.5637   20.9993
    0.0000  -30.0000  -37.5000 2308.5459   21.0179
    7.5000  -30.0000  -37.5000 2279.6816   21.2545
   -7.5000  -22.5000  -37.5000 2319.6448   20.6743
    0.0000  -22.5000  -37.5000 2328.3357   20.6807
    7.5000  -22.5000  -37.5000 2296.9832   20.8612
   -7.5000  -15.0000  -37.5000 2317.2119   20.6075
    0.0000  -15.0000  -37.5000 2325.3713   20.5568
    7.5000  -15.0000  -37.5000 2292.7424   20.8319
   -7.5000   -7.5000  -37.5000 2312.0508   20.8955
    0.0000   -7.5000  -37.5000 2323.1851   20.7694
    7.5000   -7.5000  -37.5000 2292.0825   21.0364
   -7.5000    0.0000  -37.5000 2296.4114   21.4954
    0.0000    0.0000  -37.5000 2305.2637   21.3523
    7.5000    0.0000  -37.5000 2276.6265   21.5956
   -7.5000    7.5000  -37.5000 2265.4939   22.5048
    0.0000    7.5000  -37.5000 2279.5830   22.3045
    7.5000    7.5000  -37.5000 2248.8435   22.5514
   -7.5000   15.0000  -37.5000 2215.5906   23.7727
    0.0000   15.0000  -37.5000 2226.7349   23.6389
    7.5000   15.0000  -37.5000 2196.2952   23.9584
   -7.5000   22.5000  -37.5000 2144.2166   25.5464
    0.0000   22.5000  -37.5000 2151.6145   25.4222
    7.5000   22.5000  -37.5000 2120.0159   25.8135
   -7.5000   30.0000  -37.5000 2051.2490   27.9823
    0.0000   30.0000  -37.5000 2055.2134   27.8341
    7.5000   30.0000  -37.5000 2025.4082   28.3415
   -7.5000   37.5000  -37.5000 1936.9276   31.2372
    0.0000   37.5000  -37.5000 1941.1183   30.9106
    7.5000   37.5000  -37.5000 1915.4382   31.5318
   -7.5000   45.0000  -37.5000 1817.9781   35.5226
    0.0000   45.0000  -37.5000 1823.4683   35.2029
    7.5000   45.0000  -37.5000 1806.0905   35.7609
   -7.5000  -45.0000  -30.0000 2356.6504   21.8697
    0.0000  -45.0000  -30.0000 2365.3953   21.8803
    7.5000  -45.0000  -30.0000 2341.7190   22.0432
   -7.5000  -37.5000  -30.0000 2417.3748   20.6923
    0.0000  -37.5000  -30.0000 2427.2534   20.7596
    7.5000  -37.5000  -30.0000 2397.4421   20.8857
   -7.5000  -30.0000  -30.0000 2452.6921   20.0142
    0.0000  -30.0000  -30.0000 2459.3928   20.0359
    7.5000  -30.0000  -30.0000 2421.1016   20.1690
   -7.5000  -22.5000  -30.0000 2456.7222   19.5506
    0.0000  -22.5000  -30.0000 2475.0190   19.5853
    7.5000  -22.5000  -30.0000 2436.9568   19.7824
   -7.5000  -15.0000  -30.0000 2458.4829   19.5102
    0.0000  -15.0000  -30.0000 2470.5264   19.4817
    7.5000  -15.0000  -30.0000 2437.9631   19.6625
   -7.5000   -7.5000  -30.0000 2464.4844   19.7255
    0.0000   -7.5000  -30.0000 2475.2158   19.6749
    7.5000   -7.5000  -30.0000 2441.6975   19.8958
   -7.5000    0.0000  -30.0000 2448.2590   20.3569
    0.0000    0.0000  -30.0000 2459.7876   20.2273
    7.5000    0.0000  -30.0000 2429.4009   20.4460
   -7.5000    7.5000  -30.0000 2418.6350   21.3108
    0.0000    7.5000  -30.0000 2429.4824   21.1625
    7.5000    7.5000  -30.0000 2400.8855   21.3431
   -7.5000   15.0000  -30.0000 2361.5903   22.6156
    0.0000   15.0000  -30.0000 2375.4043   22.4910
    7.5000   15.0000  -30.0000 2341.5876   22.6892
   -7.5000   22.5000  -30.0000 2284.2607   24.3111
    0.0000   22.5000  -30.0000 2298.0107   24.2009
    7.5000   22.5000  -30.0000 2262.4607   24.4699
   -7.5000   30.0000  -30.0000 2181.7791   26.5730
    0.0000   30.0000  -30.0000 2191.1370   26.4741
    7.5000   30.0000  -30.0000 2154.7605   26.7565
   -7.5000   37.5000  -30.0000 2054.8501   29.6224
    0.0000   37.5000  -30.0000 2065.8997   29.4871
    7.5000   37.5000  -30.0000 2035.2610   29.8021
   -7.5000   45.0000  -30.0000 1931.1283   33.6930
    0.0000   45.0000  -30.0000 1944.6707   33.5017
    7.5000   45.0000  -30.0000 1917.8347   33.8862
   -7.5000  -45.0000  -22.5000 2462.1367   20.8044
    0.0000  -45.0000  -22.5000 2473.0164   20.7762
    7.5000  -45.0000  -22.5000 2440.4285   20.9372
   -7.5000  -37.5000  -22.5000 2532.5703   19.5915
    0.0000  -37.5000  -22.5000 2544.4719   19.6090
    7.5000  -37.5000  -22.5000 2505.5723   19.7181
   -7.5000  -30.0000  -22.5000 2564.7793   18.7937
    0.0000  -30.0000  -22.5000 2580.7549   18.8262
    7.5000  -30.0000  -22.5000 2541.3367   18.9618
   -7.5000  -22.5000  -22.5000 2595.3811   18.4019
    0.0000  -22.5000  -22.5000 2606.6187   18.3650
    7.5000  -22.5000  -22.5000 2563.9971   18.5088
   -7.5000  -15.0000  -22.5000 2595.4958   18.3655
    0.0000  -15.0000  -22.5000 2606.8289   18.3587
    7.5000  -15.0000  -22.5000 2574.9465   18.4733
   -7.5000   -7.5000  -22.5000 2597.4697   18.5639
    0.0000   -7.5000  -22.5000 2607.2952   18.5156
    7.5000   -7.5000  -22.5000 2579.0708   18.6967
   -7.5000    0.0000  -22.5000 2577.4006   19.1388
    0.0000    0.0000  -22.5000 2589.7468   19.0287
    7.5000    0.0000  -22.5000 2556.8213   19.2058
   -7.5000    7.5000  -22.5000 2552.6670   20.0607
    0.0000    7.5000  -22.5000 2569.7893   19.9606
    7.5000    7.5000  -22.5000 2529.2493   20.1399
   -7.5000   15.0000  -22.5000 2489.3359   21.3489
    0.0000   15.0000  -22.5000 2506.5078   21.2809
    7.5000   15.0000  -22.5000 2468.0491   21.4568
   -7.5000   22.5000  -22.5000 2401.8308   22.9980
    0.0000   22.5000  -22.5000 2423.2241   22.9698
    7.5000   22.5000  -22.5000 2381.1182   23.2001
   -7.5000   30.0000  -22.5000 2293.9976   25.1214
    0.0000   30.0000  -22.5000 2305.0542   25.0313
    7.5000   30.0000  -22.5000 2266.1592   25.3999
   -7.5000   37.5000  -22.5000 2163.3621   27.9752
    0.0000   37.5000  -22.5000 2177.0984   27.9032
    7.5000   37.5000  -22.5000 2144.6829   28.1714
   -7.5000   45.0000  -22.5000 2025.7682   31.6568
    0.0000   45.0000  -22.5000 2042.1726   31.5530
    7.5000   45.0000  -22.5000 2006.7139   31.8130
   -7.5000  -45.0000  -15.0000 2529.1265   19.6872
    0.0000  -45.0000  -15.0000 2536.0422   19.6451
    7.5000  -45.0000  -15.0000 2502.7661   19.8356
   -7.5000  -37.5000  -15.0000 2604.6763   18.4842
    0.0000  -37.5000  -15.0000 2611.0713   18.4247
    7.5000  -37.5000  -15.0000 2582.9419   18.5861
   -7.5000  -30.0000  -15.0000 2650.9895   17.6522
    0.0000  -30.0000  -15.0000 2659.5146   17.6307
    7.5000  -30.0000  -15.0000 2629.4575   17.7865
   -7.5000  -22.5000  -15.0000 2682.5500   17.1994
    0.0000  -22.5000  -15.0000 2694.3477   17.1558
    7.5000  -22.5000  -15.0000 2659.2148   17.3439
   -7.5000  -15.0000  -15.0000 2700.2900   17.1623
    0.0000  -15.0000  -15.0000 2709.6592   17.1232
    7.5000  -15.0000  -15.0000 2668.6819   17.2607
   -7.5000   -7.5000  -15.0000 2702.7227   17.3974
    0.0000   -7.5000  -15.0000 2716.4939   17.3861
    7.5000   -7.5000  -15.0000 2673.7671   17.5372
   -7.5000    0.0000  -15.0000 2689.3391   17.9361
    0.0000    0.0000  -15.0000 2705.6475   17.8991
    7.5000    0.0000  -15.0000 2663.2542   18.0622
   -7.5000    7.5000  -15.0000 2657.3562   18.8401
    0.0000    7.5000  -15.0000 2678.6584   18.7667
    7.5000    7.5000  -15.0000 2635.4893   18.9646
   -7.5000   15.0000  -15.0000 2588.7358   20.0981
    0.0000   15.0000  -15.0000 2612.2761   20.0319
    7.5000   15.0000  -15.0000 2571.9971   20.2485
   -7.5000   22.5000  -15.0000 2492.8416   21.7071
    0.0000   22.5000  -15.0000 2511.0186   21.6448
    7.5000   22.5000  -15.0000 2470.2146   21.9134
   -7.5000   30.0000  -15.0000 2377.3042   23.7795
    0.0000   30.0000  -15.0000 2385.3767   23.6344
    7.5000   30.0000  -15.0000 2348.9546   23.9936
   -7.5000   37.5000  -15.0000 2246.1802   26.3754
    0.0000   37.5000  -15.0000 2255.4292   26.2335
    7.5000   37.5000  -15.0000 2219.8452   26.6219
   -7.5000   45.0000  -15.0000 2096.5190   29.7804
    0.0000   45.0000  -15.0000 2103.7427   29.5859
    7.5000   45.0000  -15.0000 2070.0962   29.9557
   -7.5000  -45.0000   -7.5000 2570.2439   18.6459
    0.0000  -45.0000   -7.5000 2589.7124   18.5820
    7.5000  -45.0000   -7.5000 2549.5898   18.7769
   -7.5000  -37.5000   -7.5000 2666.1621   17.4543
    0.0000  -37.5000   -7.5000 2681.3022   17.4088
    7.5000  -37.5000   -7.5000 2641.8215   17.5661
   -7.5000  -30.0000   -7.5000 2723.4827   16.6110
    0.0000  -30.0000   -7.5000 2733.4272   16.5695
    7.5000  -30.0000   -7.5000 2698.3018   16.7511
   -7.5000  -22.5000   -7.5000 2761.9900   16.1236
    0.0000  -22.5000   -7.5000 2766.9221   16.0464
    7.5000  -22.5000   -7.5000 2734.5554   16.2795
   -7.5000  -15.0000   -7.5000 2781.3335   15.9826
    0.0000  -15.0000   -7.5000 2792.4812   15.9822
    7.5000  -15.0000   -7.5000 2746.3469   16.1634
   -7.5000   -7.5000   -7.5000 2792.4783   16.2406
    0.0000   -7.5000   -7.5000 2809.2275   16.2308
    7.5000   -7.5000   -7.5000 2757.2402   16.3861
   -7.5000    0.0000   -7.5000 2781.0688   16.8359
    0.0000    0.0000   -7.5000 2805.2739   16.8074
    7.5000    0.0000   -7.5000 2760.5588   16.9834
   -7.5000    7.5000   -7.5000 2744.5747   17.6960
    0.0000    7.5000   -7.5000 2766.3518   17.5966
    7.5000    7.5000   -7.5000 2726.2153   17.8241
   -7.5000   15.0000   -7.5000 2671.6973   18.8950
    0.0000   15.0000   -7.5000 2695.7966   18.8259
    7.5000   15.0000   -7.5000 2655.6235   19.0598
   -7.5000   22.5000   -7.5000 2573.9438   20.5020
    0.0000   22.5000   -7.5000 2587.2893   20.4355
    7.5000   22.5000   -7.5000 2542.3933   20.6599
   -7.5000   30.0000   -7.5000 2443.5571   22.4824
    0.0000   30.0000   -7.5000 2456.9304   22.3941
    7.5000   30.0000   -7.5000 2411.9192   22.6668
   -7.5000   37.5000   -7.5000 2309.6804   24.9886
    0.0000   37.5000   -7.5000 2319.6292   24.8367
    7.5000   37.5000   -7.5000 2281.2363   25.1254
   -7.5000   45.0000   -7.5000 2151.3301   28.1351
    0.0000   45.0000   -7.5000 2160.6719   27.9213
    7.5000   45.0000   -7.5000 2126.4248   28.2796
   -7.5000  -45.0000    0.0000 2607.0698   17.9067
    0.0000  -45.0000    0.0000 2624.6997   17.7797
    7.5000  -45.0000    0.0000 2592.5264   18.0745
   -7.5000  -37.5000    0.0000 2708.3755   16.7273
    0.0000  -37.5000    0.0000 2724.6836   16.6111
    7.5000  -37.5000    0.0000 2693.4739   16.8550
   -7.5000  -30.0000    0.0000 2780.1377   15.8649
    0.0000  -30.0000    0.0000 2793.9065   15.7536
    7.5000  -30.0000    0.0000 2759.2607   15.9904
   -7.5000  -22.5000    0.0000 2827.6724   15.2886
    0.0000  -22.5000    0.0000 2840.8926   15.2444
    7.5000  -22.5000    0.0000 2797.5803   15.4674
   -7.5000  -15.0000    0.0000 2860.6067   15.0699
    0.0000  -15.0000    0.0000 2871.2847   15.0319
    7.5000  -15.0000    0.0000 2819.7703   15.3500
   -7.5000   -7.5000    0.0000 2872.2844   15.3136
    0.0000   -7.5000    0.0000 2889.5249   15.2683
    7.5000   -7.5000    0.0000 2839.0720   15.5801
   -7.5000    0.0000    0.0000 2850.8350   15.9211
    0.0000    0.0000    0.0000 2880.4077   15.8505
    7.5000    0.0000    0.0000 2835.0979   16.1298
   -7.5000    7.5000    0.0000 2814.8042   16.7998
    0.0000    7.5000    0.0000 2838.1799   16.7068
    7.5000    7.5000    0.0000 2797.5166   16.9768
   -7.5000   15.0000    0.0000 2731.0977   17.9275
    0.0000   15.0000    0.0000 2754.8794   17.8770
    7.5000   15.0000    0.0000 2713.7793   18.1771
   -7.5000   22.5000    0.0000 2632.3408   19.4879
    0.0000   22.5000    0.0000 2645.2180   19.4546
    7.5000   22.5000    0.0000 2600.9446   19.7598
   -7.5000   30.0000    0.0000 2498.4041   21.4970
    0.0000   30.0000    0.0000 2511.5391   21.4474
    7.5000   30.0000    0.0000 2466.8027   21.7876
   -7.5000   37.5000    0.0000 2358.7812   23.9368
    0.0000   37.5000    0.0000 2372.3533   23.8378
    7.5000   37.5000    0.0000 2327.7549   24.1766
   -7.5000   45.0000    0.0000 2195.5889   26.9959
    0.0000   45.0000    0.0000 2205.4778   26.8646
    7.5000   45.0000    0.0000 2171.0500   27.1921
   -7.5000  -45.0000    7.5000 2622.1272   17.4967
    0.0000  -45.0000    7.5000 2636.8005   17.2085
    7.5000  -45.0000    7.5000 2612.2007   17.5948
   -7.5000  -37.5000    7.5000 2723.6667   16.2775
    0.0000  -37.5000    7.5000 2742.7083   16.0447
    7.5000  -37.5000    7.5000 2718.7783   16.3583
   -7.5000  -30.0000    7.5000 2810.5779   15.3538
    0.0000  -30.0000    7.5000 2832.0164   15.1964
    7.5000  -30.0000    7.5000 2800.2178   15.4713
   -7.5000  -22.5000    7.5000 2880.2537   14.7879
    0.0000  -22.5000    7.5000 2895.6982   14.6431
    7.5000  -22.5000    7.5000 2855.0564   14.9317
   -7.5000  -15.0000    7.5000 2924.4905   14.5196
    0.0000  -15.0000    7.5000 2948.7168   14.4575
    7.5000  -15.0000    7.5000 2892.9509   14.8124
   -7.5000   -7.5000    7.5000 2937.4851   14.7385
    0.0000   -7.5000    7.5000 2965.1804   14.6683
    7.5000   -7.5000    7.5000 2905.0920   15.1550
   -7.5000    0.0000    7.5000 2908.7769   15.3706
    0.0000    0.0000    7.5000 2943.7139   15.2974
    7.5000    0.0000    7.5000 2888.5398   15.6736
   -7.5000    7.5000    7.5000 2860.7109   16.2171
    0.0000    7.5000    7.5000 2883.9600   16.1197
    7.5000    7.5000    7.5000 2841.6187   16.4028
   -7.5000   15.0000    7.5000 2775.9902   17.3351
    0.0000   15.0000    7.5000 2799.8975   17.2253
    7.5000   15.0000    7.5000 2757.8599   17.5002
   -7.5000   22.5000    7.5000 2669.5305   18.9307
    0.0000   22.5000    7.5000 2688.0642   18.8509
    7.5000   22.5000    7.5000 2643.4995   19.1403
   -7.5000   30.0000    7.5000 2536.3352   20.9769
    0.0000   30.0000    7.5000 2554.5779   20.9240
    7.5000   30.0000    7.5000 2509.7812   21.2334
   -7.5000   37.5000    7.5000 2391.3311   23.3617
    0.0000   37.5000    7.5000 2408.1665   23.3441
    7.5000   37.5000    7.5000 2367.3953   23.6120
   -7.5000   45.0000    7.5000 2229.7698   26.3931
    0.0000   45.0000    7.5000 2241.1338   26.3015
    7.5000   45.0000    7.5000 2208.3975   26.6013
   -7.5000  -45.0000   15.0000 2609.6128   17.3151
    0.0000  -45.0000   15.0000 2619.4033   16.9048
    7.5000  -45.0000   15.0000 2608.1565   17.4400
   -7.5000  -37.5000   15.0000 2715.6145   16.0264
    0.0000  -37.5000   15.0000 2734.2161   15.6975
    7.5000  -37.5000   15.0000 2717.6636   16.1505
   -7.5000  -30.0000   15.0000 2811.5427   15.1134
    0.0000  -30.0000   15.0000 2835.3208   14.8401
    7.5000  -30.0000   15.0000 2810.0574   15.2683
   -7.5000  -22.5000   15.0000 2887.4634   14.5955
    0.0000  -22.5000   15.0000 2921.2036   14.3395
    7.5000  -22.5000   15.0000 2879.4321   14.7324
   -7.5000  -15.0000   15.0000 2963.7512   14.5496
    0.0000  -15.0000   15.0000 3000.2673   14.3297
    7.5000  -15.0000   15.0000 2937.3704   14.6919
   -7.5000   -7.5000   15.0000 2984.2678   14.7148
    0.0000   -7.5000   15.0000 3027.6313   14.5846
    7.5000   -7.5000   15.0000 2954.9304   15.0033
   -7.5000    0.0000   15.0000 2935.0762   15.1058
    0.0000    0.0000   15.0000 2980.8264   15.0171
    7.5000    0.0000   15.0000 2914.3845   15.4144
   -7.5000    7.5000   15.0000 2866.3018   15.9306
    0.0000    7.5000   15.0000 2900.1978   15.8105
    7.5000    7.5000   15.0000 2861.6973   16.1643
   -7.5000   15.0000   15.0000 2782.8723   17.1108
    0.0000   15.0000   15.0000 2807.1929   17.0075
    7.5000   15.0000   15.0000 2772.7837   17.2828
   -7.5000   22.5000   15.0000 2679.6167   18.7408
    0.0000   22.5000   15.0000 2696.2302   18.6537
    7.5000   22.5000   15.0000 2658.3079   18.9040
   -7.5000   30.0000   15.0000 2552.9043   20.7535
    0.0000   30.0000   15.0000 2565.3311   20.6934
    7.5000   30.0000   15.0000 2528.6365   20.9258
   -7.5000   37.5000   15.0000 2406.0181   23.1357
    0.0000   37.5000   15.0000 2419.9653   23.0886
    7.5000   37.5000   15.0000 2382.8237   23.3201
   -7.5000   45.0000   15.0000 2242.7500   26.1446
    0.0000   45.0000   15.0000 2251.9360   25.9742
    7.5000   45.0000   15.0000 2222.0544   26.2333
   -7.5000  -45.0000   22.5000 2585.5107   17.4364
    0.0000  -45.0000   22.5000 2594.8113   16.8979
    7.5000  -45.0000   22.5000 2589.1257   17.5709
   -7.5000  -37.5000   22.5000 2686.8606   16.1467
    0.0000  -37.5000   22.5000 2702.3745   15.6734
    7.5000  -37.5000   22.5000 2702.1890   16.2914
   -7.5000  -30.0000   22.5000 2786.2773   15.2752
    0.0000  -30.0000   22.5000 2809.4863   14.9003
    7.5000  -30.0000   22.5000 2799.1365   15.4292
   -7.5000  -22.5000   22.5000 2874.5876   14.8486
    0.0000  -22.5000   22.5000 2907.9561   14.5187
    7.5000  -22.5000   22.5000 2875.4407   14.9544
   -7.5000  -15.0000   22.5000 2956.5422   14.7339
    0.0000  -15.0000   22.5000 3001.8164   14.4629
    7.5000  -15.0000   22.5000 2937.2175   14.8255
   -7.5000   -7.5000   22.5000 2980.2102   14.9325
    0.0000   -7.5000   22.5000 3027.1096   14.6352
    7.5000   -7.5000   22.5000 2950.0347   15.0368
   -7.5000    0.0000   22.5000 2934.2944   15.3029
    0.0000    0.0000   22.5000 2972.4470   15.0652
    7.5000    0.0000   22.5000 2912.6897   15.4241
   -7.5000    7.5000   22.5000 2864.2114   16.0589
    0.0000    7.5000   22.5000 2892.9258   15.9163
    7.5000    7.5000   22.5000 2856.1067   16.2267
   -7.5000   15.0000   22.5000 2774.7810   17.1908
    0.0000   15.0000   22.5000 2794.8572   17.0685
    7.5000   15.0000   22.5000 2765.5374   17.3564
   -7.5000   22.5000   22.5000 2667.7886   18.7938
    0.0000   22.5000   22.5000 2683.0898   18.6785
    7.5000   22.5000   22.5000 2654.6553   18.9353
   -7.5000   30.0000   22.5000 2542.5654   20.7403
    0.0000   30.0000   22.5000 2557.1531   20.6988
    7.5000   30.0000   22.5000 2525.9438   20.9374
   -7.5000   37.5000   22.5000 2401.1150   23.0876
    0.0000   37.5000   22.5000 2418.1787   23.0668
    7.5000   37.5000   22.5000 2381.9734   23.2867
   -7.5000   45.0000   22.5000 2233.8696   25.9899
    0.0000   45.0000   22.5000 2254.3079   25.9803
    7.5000   45.0000   22.5000 2223.9397   26.1825
   -7.5000  -45.0000   30.0000 2545.4556   17.9036
    0.0000  -45.0000   30.0000 2559.4775   17.4440
    7.5000  -45.0000   30.0000 2553.8691   18.0556
   -7.5000  -37.5000   30.0000 2651.7107   16.7101
    0.0000  -37.5000   30.0000 2662.7192   16.2518
    7.5000  -37.5000   30.0000 2662.6743   16.8170
   -7.5000  -30.0000   30.0000 2746.2834   15.8629
    0.0000  -30.0000   30.0000 2763.6697   15.4253
    7.5000  -30.0000   30.0000 2755.8572   15.9636
   -7.5000  -22.5000   30.0000 2837.6790   15.3154
    0.0000  -22.5000   30.0000 2858.6709   14.9315
    7.5000  -22.5000   30.0000 2839.6418   15.3839
   -7.5000  -15.0000   30.0000 2908.7437   15.0413
    0.0000  -15.0000   30.0000 2945.0090   14.7491
    7.5000  -15.0000   30.0000 2895.2017   15.1396
   -7.5000   -7.5000   30.0000 2930.3279   15.1992
    0.0000   -7.5000   30.0000 2965.2893   14.9574
    7.5000   -7.5000   30.0000 2907.2234   15.3089
   -7.5000    0.0000   30.0000 2894.4507   15.6950
    0.0000    0.0000   30.0000 2935.0703   15.5172
    7.5000    0.0000   30.0000 2877.4768   15.7904
   -7.5000    7.5000   30.0000 2831.6592   16.5442
    0.0000    7.5000   30.0000 2867.0320   16.4071
    7.5000    7.5000   30.0000 2820.4438   16.6369
   -7.5000   15.0000   30.0000 2732.2485   17.7303
    0.0000   15.0000   30.0000 2755.1990   17.6138
    7.5000   15.0000   30.0000 2726.1477   17.8328
   -7.5000   22.5000   30.0000 2630.9373   19.2468
    0.0000   22.5000   30.0000 2645.9631   19.1472
    7.5000   22.5000   30.0000 2621.6401   19.3790
   -7.5000   30.0000   30.0000 2506.0562   21.0806
    0.0000   30.0000   30.0000 2523.5940   21.0205
    7.5000   30.0000   30.0000 2495.6948   21.2793
   -7.5000   37.5000   30.0000 2369.1499   23.2836
    0.0000   37.5000   30.0000 2387.4956   23.2041
    7.5000   37.5000   30.0000 2358.4475   23.4782
   -7.5000   45.0000   30.0000 2205.2246   26.0430
    0.0000   45.0000   30.0000 2226.0159   25.9697
    7.5000   45.0000   30.0000 2202.1343   26.2690
   -7.5000  -45.0000   37.5000 2500.9995   18.8180
    0.0000  -45.0000   37.5000 2520.0630   18.4203
    7.5000  -45.0000   37.5000 2503.1863   18.8536
   -7.5000  -37.5000   37.5000 2607.7068   17.5587
    0.0000  -37.5000   37.5000 2628.2793   17.1249
    7.5000  -37.5000   37.5000 2612.4087   17.5818
   -7.5000  -30.0000   37.5000 2702.0615   16.6307
    0.0000  -30.0000   37.5000 2717.3320   16.2149
    7.5000  -30.0000   37.5000 2704.9727   16.7084
   -7.5000  -22.5000   37.5000 2783.7913   16.0233
    0.0000  -22.5000   37.5000 2801.6250   15.6289
    7.5000  -22.5000   37.5000 2781.0164   16.0699
   -7.5000  -15.0000   37.5000 2832.1865   15.6825
    0.0000  -15.0000   37.5000 2850.5691   15.3054
    7.5000  -15.0000   37.5000 2822.2134   15.7308
   -7.5000   -7.5000   37.5000 2860.1995   15.8025
    0.0000   -7.5000   37.5000 2880.4644   15.5254
    7.5000   -7.5000   37.5000 2846.0427   15.8344
   -7.5000    0.0000   37.5000 2831.7080   16.3801
    0.0000    0.0000   37.5000 2864.3640   16.1630
    7.5000    0.0000   37.5000 2823.8909   16.4271
   -7.5000    7.5000   37.5000 2775.0215   17.2516
    0.0000    7.5000   37.5000 2811.9414   17.0825
    7.5000    7.5000   37.5000 2767.5371   17.3241
   -7.5000   15.0000   37.5000 2678.8901   18.4184
    0.0000   15.0000   37.5000 2703.6780   18.2923
    7.5000   15.0000   37.5000 2678.2666   18.5318
   -7.5000   22.5000   37.5000 2576.1882   19.9453
    0.0000   22.5000   37.5000 2595.3206   19.8637
    7.5000   22.5000   37.5000 2571.5457   20.0347
   -7.5000   30.0000   37.5000 2456.8013   21.7922
    0.0000   30.0000   37.5000 2476.4656   21.7024
    7.5000   30.0000   37.5000 2446.7087   21.8599
   -7.5000   37.5000   37.5000 2318.8401   23.9196
    0.0000   37.5000   37.5000 2336.5894   23.8051
    7.5000   37.5000   37.5000 2314.9111   24.0307
   -7.5000   45.0000   37.5000 2161.6479   26.6197
    0.0000   45.0000   37.5000 2180.8911   26.4616
    7.5000   45.0000   37.5000 2158.7324   26.7270
   -7.5000  -45.0000   45.0000 2446.8865   19.9074
    0.0000  -45.0000   45.0000 2475.7615   19.5138
    7.5000  -45.0000   45.0000 2449.7356   19.8281
   -7.5000  -37.5000   45.0000 2552.7417   18.5673
    0.0000  -37.5000   45.0000 2584.8396   18.1689
    7.5000  -37.5000   45.0000 2558.7207   18.5232
   -7.5000  -30.0000   45.0000 2637.9761   17.5626
    0.0000  -30.0000   45.0000 2666.2834   17.1819
    7.5000  -30.0000   45.0000 2644.0747   17.5646
   -7.5000  -22.5000   45.0000 2712.9412   16.9091
    0.0000  -22.5000   45.0000 2732.9495   16.4799
    7.5000  -22.5000   45.0000 2711.5881   16.8833
   -7.5000  -15.0000   45.0000 2751.8860   16.5496
    0.0000  -15.0000   45.0000 2763.8450   16.1659
    7.5000  -15.0000   45.0000 2743.5967   16.5431
   -7.5000   -7.5000   45.0000 2775.3235   16.6220
    0.0000   -7.5000   45.0000 2792.5090   16.3102
    7.5000   -7.5000   45.0000 2765.4236   16.6462
   -7.5000    0.0000   45.0000 2745.4492   17.2465
    0.0000    0.0000   45.0000 2774.5107   16.9573
    7.5000    0.0000   45.0000 2745.8779   17.2519
   -7.5000    7.5000   45.0000 2688.2546   18.1419
    0.0000    7.5000   45.0000 2725.9382   17.9141
    7.5000    7.5000   45.0000 2690.7280   18.1477
   -7.5000   15.0000   45.0000 2604.1042   19.3229
    0.0000   15.0000   45.0000 2629.8547   19.1483
    7.5000   15.0000   45.0000 2606.1152   19.3723
   -7.5000   22.5000   45.0000 2504.5854   20.8160
    0.0000   22.5000   45.0000 2527.0562   20.7230
    7.5000   22.5000   45.0000 2508.1958   20.9212
   -7.5000   30.0000   45.0000 2392.1589   22.6963
    0.0000   30.0000   45.0000 2407.2893   22.6013
    7.5000   30.0000   45.0000 2389.9021   22.7478
   -7.5000   37.5000   45.0000 2255.0264   24.8846
    0.0000   37.5000   45.0000 2274.7490   24.7142
    7.5000   37.5000   45.0000 2256.4937   24.9162
   -7.5000   45.0000   45.0000 2100.9375   27.5183
    0.0000   45.0000   45.0000 2126.7676   27.3601
    7.5000   45.0000   45.0000 2103.0115   27.6198

---------------------------------------------------------------------
imgreg_4dfp /opt/freesurfer/average/711-2C_as_mni_average_305 /opt/freesurfer/average/711-2B_as_mni_average_305_mask talsrcimg_g11 none talsrcimg_to_711-2C_as_mni_average_305_t4 1283
---------------------------------------------------------------------

freesurfer imgreg_4dfp.c
/opt/freesurfer/average/711-2C_as_mni_average_305.4dfp.img
       256       256       256         1
  1.000000  1.000000  1.000000
orientation T byte_order littleendian
Reading image: /opt/freesurfer/average/711-2C_as_mni_average_305.4dfp.img
dimensions:      256       256       256
mmppix:       1.0000   -1.0000   -1.0000
center:     128.0000 -129.0000 -129.0000
/opt/freesurfer/average/711-2B_as_mni_average_305_mask.4dfp.img
       256       256       256         1
  1.000000  1.000000  1.000000
orientation T byte_order littleendian
Reading mask: /opt/freesurfer/average/711-2B_as_mni_average_305_mask.4dfp.img (2306576 pixels)
talsrcimg_g11.4dfp.img
       256       256       256         1
  1.000000  1.000000  1.000000
orientation T byte_order littleendian
Reading image: talsrcimg_g11.4dfp.img
dimensions:      256       256       256
mmppix:       1.0000   -1.0000   -1.0000
center:     128.0000 -129.0000 -129.0000
rotation matrix determinant  1.000000
fimgreg.f
image alignment mode   1283 decimal      503 hex
parameters
    0.0000   -7.5000   15.0000    0.0000    0.0000    0.0000
eta,q 0.94956 14.59420
niter,ni,del,rscale     5    3   12.0000    1.2000
parameter  3 -0.592026 -> -0.500000 qaram    1.1500
parameter  4  4.783802 ->  0.500000 qaram    1.1500
parameters
   -1.0423   -9.6958   18.4500   -3.4500    0.3190   -2.5394
eta,q 0.95451 14.55006
  0.0610  0.0553  0.0704  0.0446  0.0548  0.0473
  0.0553  0.0520  0.0616  0.0463  0.0512  0.0459
  0.0533  0.0519  0.0558  0.0480  0.0482  0.0456
  0.0537  0.0534  0.0518  0.0490  0.0468  0.0464
  0.0550  0.0556  0.0496  0.0504  0.0466  0.0483
  0.0608  0.0599  0.0495  0.0521  0.0493  0.0505
  0.0703  0.0659  0.0499  0.0546  0.0540  0.0531
niter,ni,del,rscale     6    3   12.0000    1.2000
parameter  4  0.764160 ->  0.500000 qaram    1.3225
parameters
   -1.6761   -7.5649   18.5285   -7.4175    0.2846   -1.9866
eta,q 0.96037 14.59097
  0.0596  0.0590  0.0572  0.0412  0.0494  0.0474
  0.0527  0.0531  0.0507  0.0399  0.0448  0.0437
  0.0471  0.0486  0.0447  0.0402  0.0410  0.0411
  0.0455  0.0458  0.0429  0.0429  0.0399  0.0398
  0.0481  0.0430  0.0436  0.0469  0.0413  0.0395
  0.0574  0.0431  0.0486  0.0506  0.0447  0.0415
  0.0683  0.0486  0.0579  0.0543  0.0497  0.0455
niter,ni,del,rscale     6    3   12.0000    1.2000
parameters
   -1.5815   -6.4830   17.8435   -8.2272    0.2603   -2.0216
eta,q 0.96117 14.66091
  0.0589  0.0579  0.0535  0.0475  0.0475  0.0454
  0.0517  0.0491  0.0457  0.0417  0.0440  0.0419
  0.0430  0.0427  0.0401  0.0392  0.0406  0.0396
  0.0396  0.0396  0.0388  0.0388  0.0388  0.0388
  0.0409  0.0389  0.0419  0.0405  0.0397  0.0394
  0.0485  0.0428  0.0511  0.0452  0.0435  0.0421
  0.0599  0.0481  0.0604  0.0517  0.0484  0.0456
niter,ni,del,rscale     5    3   12.0000    1.2000
parameters
   -1.5438   -6.1928   17.6638   -8.4216    0.2610   -2.0079
eta,q 0.96118 14.67177
  0.0573  0.0539  0.0559  0.0496  0.0472  0.0455
  0.0500  0.0449  0.0470  0.0422  0.0439  0.0419
  0.0416  0.0403  0.0406  0.0393  0.0406  0.0396
  0.0388  0.0388  0.0388  0.0388  0.0388  0.0388
  0.0403  0.0403  0.0406  0.0397  0.0395  0.0395
  0.0474  0.0448  0.0483  0.0439  0.0432  0.0420
  0.0587  0.0500  0.0580  0.0500  0.0481  0.0454
niter,ni,del,rscale     4    3   12.0000    1.2000
parameters
   -1.5282   -6.1421   17.6157   -8.4607    0.2549   -2.0062
eta,q 0.96117 14.67345
  0.0570  0.0526  0.0565  0.0501  0.0471  0.0455
  0.0497  0.0438  0.0474  0.0423  0.0439  0.0418
  0.0415  0.0399  0.0409  0.0393  0.0406  0.0396
  0.0388  0.0388  0.0388  0.0388  0.0388  0.0388
  0.0404  0.0408  0.0404  0.0395  0.0394  0.0395
  0.0474  0.0453  0.0476  0.0436  0.0431  0.0420
  0.0586  0.0507  0.0573  0.0496  0.0481  0.0454
registration optimization eta report
parameter search radius
    6.0000    6.0000    6.9000    7.9350    6.0000    6.0000
100000*second partial in parameter space
       53.       36.       38.       18.       24.       18.
  0.0570  0.0526  0.0565  0.0501  0.0471  0.0455
  0.0497  0.0438  0.0474  0.0423  0.0439  0.0418
  0.0415  0.0399  0.0409  0.0393  0.0406  0.0396
  0.0388  0.0388  0.0388  0.0388  0.0388  0.0388
  0.0404  0.0408  0.0404  0.0395  0.0394  0.0395
  0.0474  0.0453  0.0476  0.0436  0.0431  0.0420
  0.0586  0.0507  0.0573  0.0496  0.0481  0.0454
   -1.5282   -6.1421   17.6157   -8.4607    0.2549   -2.0062
eta,q 0.96117 14.67345

---------------------------------------------------------------------
imgreg_4dfp /opt/freesurfer/average/711-2C_as_mni_average_305 /opt/freesurfer/average/711-2B_as_mni_average_305_mask talsrcimg_g11 none talsrcimg_to_711-2C_as_mni_average_305_t4 3335
---------------------------------------------------------------------

freesurfer imgreg_4dfp.c
/opt/freesurfer/average/711-2C_as_mni_average_305.4dfp.img
       256       256       256         1
  1.000000  1.000000  1.000000
orientation T byte_order littleendian
Reading image: /opt/freesurfer/average/711-2C_as_mni_average_305.4dfp.img
dimensions:      256       256       256
mmppix:       1.0000   -1.0000   -1.0000
center:     128.0000 -129.0000 -129.0000
/opt/freesurfer/average/711-2B_as_mni_average_305_mask.4dfp.img
       256       256       256         1
  1.000000  1.000000  1.000000
orientation T byte_order littleendian
Reading mask: /opt/freesurfer/average/711-2B_as_mni_average_305_mask.4dfp.img (2306576 pixels)
talsrcimg_g11.4dfp.img
       256       256       256         1
  1.000000  1.000000  1.000000
orientation T byte_order littleendian
Reading image: talsrcimg_g11.4dfp.img
dimensions:      256       256       256
mmppix:       1.0000   -1.0000   -1.0000
center:     128.0000 -129.0000 -129.0000
fimgreg.f
image alignment mode   3335 decimal      D07 hex
parameters
   -1.5282   -6.1421   17.6157   -0.0623   -1.1512   -1.0893
    3.5282    0.0753   -3.5008   14.7196    0.4449  -14.7130
eta,q 0.96421 14.56594
niter,ni,del,rscale     5    3    5.0000    1.2000
parameter  4  1.588714 ->  0.500000 qaram    1.1500
parameter  5  1.289728 ->  0.500000 qaram    1.1500
parameters
   -1.3992   -6.0399   17.1473   -4.2023   -5.2912   -4.2597
    2.2805    0.8259   -2.7443   13.1878    3.9673  -15.2737
eta,q 0.97487 14.42305
  0.0398  0.0389  0.0375  0.0288  0.0256  0.0272  0.0288  0.0334  0.0289  0.0282  0.0292  0.0269
  0.0378  0.0372  0.0363  0.0299  0.0261  0.0262  0.0269  0.0299  0.0273  0.0265  0.0276  0.0258
  0.0364  0.0361  0.0357  0.0323  0.0278  0.0258  0.0259  0.0271  0.0262  0.0256  0.0264  0.0252
  0.0358  0.0358  0.0358  0.0357  0.0305  0.0264  0.0259  0.0258  0.0257  0.0257  0.0255  0.0252
  0.0360  0.0361  0.0365  0.0399  0.0338  0.0292  0.0269  0.0262  0.0258  0.0268  0.0252  0.0255
  0.0372  0.0370  0.0378  0.0444  0.0376  0.0342  0.0290  0.0280  0.0265  0.0289  0.0252  0.0263
  0.0392  0.0383  0.0395  0.0492  0.0417  0.0403  0.0317  0.0309  0.0278  0.0320  0.0256  0.0275
niter,ni,del,rscale     6    3    5.0000    1.2000
parameters
   -1.1893   -5.7569   16.5837   -6.4838   -7.0380   -4.2945
    2.3439    0.3513   -3.0953   13.5852    4.6381  -16.8156
eta,q 0.97552 14.32730
  0.0304  0.0291  0.0260  0.0277  0.0278  0.0267  0.0287  0.0294  0.0270  0.0282  0.0260  0.0257
  0.0277  0.0271  0.0253  0.0260  0.0261  0.0259  0.0267  0.0264  0.0256  0.0263  0.0252  0.0249
  0.0259  0.0258  0.0250  0.0249  0.0249  0.0251  0.0253  0.0248  0.0248  0.0252  0.0247  0.0245
  0.0251  0.0251  0.0250  0.0250  0.0248  0.0247  0.0247  0.0247  0.0246  0.0246  0.0246  0.0246
  0.0254  0.0252  0.0255  0.0267  0.0263  0.0240  0.0251  0.0257  0.0250  0.0247  0.0247  0.0251
  0.0266  0.0260  0.0265  0.0303  0.0290  0.0246  0.0265  0.0276  0.0260  0.0257  0.0250  0.0260
  0.0289  0.0277  0.0279  0.0350  0.0319  0.0280  0.0287  0.0305  0.0274  0.0276  0.0255  0.0271
niter,ni,del,rscale     5    3    5.0000    1.2000
parameters
   -1.1512   -5.5269   16.4007   -6.6201   -7.4277   -4.4065
    2.4100    0.3583   -3.1976   14.1048    4.8202  -17.3688
eta,q 0.97552 14.31778
  0.0288  0.0282  0.0257  0.0290  0.0289  0.0264  0.0286  0.0299  0.0271  0.0281  0.0257  0.0261
  0.0265  0.0264  0.0250  0.0272  0.0269  0.0255  0.0265  0.0268  0.0257  0.0262  0.0250  0.0251
  0.0250  0.0251  0.0245  0.0255  0.0254  0.0249  0.0251  0.0249  0.0248  0.0251  0.0246  0.0246
  0.0245  0.0245  0.0244  0.0244  0.0245  0.0245  0.0245  0.0245  0.0245  0.0245  0.0245  0.0245
  0.0249  0.0246  0.0246  0.0246  0.0251  0.0238  0.0250  0.0253  0.0249  0.0246  0.0246  0.0248
  0.0263  0.0255  0.0253  0.0265  0.0273  0.0245  0.0263  0.0269  0.0258  0.0255  0.0250  0.0256
  0.0286  0.0271  0.0263  0.0303  0.0301  0.0277  0.0286  0.0296  0.0272  0.0272  0.0255  0.0266
niter,ni,del,rscale     4    3    5.0000    1.2000
parameters
   -1.1450   -5.4233   16.3034   -6.5601   -7.5491   -4.3995
    2.4298    0.3798   -3.2591   14.3461    4.9545  -17.5967
eta,q 0.97554 14.32295
  0.0286  0.0279  0.0258  0.0292  0.0291  0.0264  0.0285  0.0299  0.0270  0.0278  0.0256  0.0262
  0.0264  0.0262  0.0251  0.0273  0.0271  0.0255  0.0265  0.0267  0.0257  0.0259  0.0249  0.0252
  0.0250  0.0250  0.0246  0.0256  0.0255  0.0249  0.0250  0.0249  0.0248  0.0249  0.0246  0.0246
  0.0245  0.0245  0.0245  0.0245  0.0245  0.0245  0.0245  0.0245  0.0245  0.0245  0.0245  0.0245
  0.0249  0.0247  0.0246  0.0245  0.0249  0.0237  0.0249  0.0252  0.0248  0.0247  0.0246  0.0247
  0.0263  0.0257  0.0252  0.0263  0.0270  0.0243  0.0263  0.0269  0.0257  0.0256  0.0249  0.0254
  0.0286  0.0274  0.0261  0.0300  0.0298  0.0275  0.0286  0.0296  0.0271  0.0274  0.0255  0.0264
niter,ni,del,rscale     3    3    5.0000    1.2000
parameters
   -1.1466   -5.3805   16.2498   -6.5313   -7.5930   -4.4168
    2.4497    0.3807   -3.2940   14.4453    5.0287  -17.6981
eta,q 0.97555 14.32456
  0.0286  0.0277  0.0258  0.0292  0.0291  0.0264  0.0285  0.0298  0.0270  0.0276  0.0256  0.0263
  0.0264  0.0260  0.0251  0.0273  0.0272  0.0255  0.0264  0.0267  0.0257  0.0258  0.0249  0.0252
  0.0249  0.0249  0.0246  0.0256  0.0255  0.0249  0.0250  0.0249  0.0248  0.0249  0.0245  0.0246
  0.0245  0.0245  0.0245  0.0245  0.0244  0.0245  0.0245  0.0245  0.0245  0.0245  0.0245  0.0245
  0.0249  0.0247  0.0246  0.0245  0.0248  0.0237  0.0249  0.0252  0.0248  0.0247  0.0246  0.0247
  0.0263  0.0258  0.0251  0.0263  0.0269  0.0243  0.0263  0.0269  0.0257  0.0257  0.0249  0.0254
  0.0286  0.0276  0.0260  0.0300  0.0297  0.0276  0.0286  0.0296  0.0271  0.0275  0.0255  0.0264
niter,ni,del,rscale     2    3    5.0000    1.2000
parameters
   -1.1500   -5.3621   16.2279   -6.5215   -7.6140   -4.4161
    2.4631    0.3768   -3.3134   14.4905    5.0701  -17.7406
eta,q 0.97555 14.32554
  0.0286  0.0276  0.0258  0.0291  0.0291  0.0264  0.0285  0.0298  0.0270  0.0276  0.0256  0.0264
  0.0263  0.0260  0.0251  0.0273  0.0272  0.0255  0.0264  0.0267  0.0257  0.0258  0.0249  0.0252
  0.0249  0.0249  0.0246  0.0256  0.0255  0.0249  0.0250  0.0249  0.0248  0.0249  0.0245  0.0246
  0.0245  0.0245  0.0245  0.0245  0.0244  0.0245  0.0245  0.0245  0.0245  0.0245  0.0245  0.0245
  0.0249  0.0248  0.0246  0.0245  0.0248  0.0237  0.0249  0.0252  0.0248  0.0247  0.0246  0.0247
  0.0263  0.0258  0.0251  0.0264  0.0269  0.0243  0.0263  0.0269  0.0257  0.0257  0.0249  0.0254
  0.0286  0.0276  0.0259  0.0301  0.0297  0.0276  0.0286  0.0296  0.0271  0.0276  0.0255  0.0263
registration optimization eta report
parameter search radius
    2.4000    2.4000    2.4000    8.2800    8.2800    7.2000
    7.2000    7.2000    7.2000    7.2000    7.2000    7.2000
100000*second partial in parameter space
       72.       55.       25.        7.        7.        5.
        8.       10.        5.        6.        2.        4.
  0.0286  0.0276  0.0258  0.0291  0.0291  0.0264  0.0285  0.0298  0.0270  0.0276  0.0256  0.0264
  0.0263  0.0260  0.0251  0.0273  0.0272  0.0255  0.0264  0.0267  0.0257  0.0258  0.0249  0.0252
  0.0249  0.0249  0.0246  0.0256  0.0255  0.0249  0.0250  0.0249  0.0248  0.0249  0.0245  0.0246
  0.0245  0.0245  0.0245  0.0245  0.0244  0.0245  0.0245  0.0245  0.0245  0.0245  0.0245  0.0245
  0.0249  0.0248  0.0246  0.0245  0.0248  0.0237  0.0249  0.0252  0.0248  0.0247  0.0246  0.0247
  0.0263  0.0258  0.0251  0.0264  0.0269  0.0243  0.0263  0.0269  0.0257  0.0257  0.0249  0.0254
  0.0286  0.0276  0.0259  0.0301  0.0297  0.0276  0.0286  0.0296  0.0271  0.0276  0.0255  0.0263
   -1.1500   -5.3621   16.2279   -6.5215   -7.6140   -4.4161
    2.4631    0.3768   -3.3134   14.4905    5.0701  -17.7406
eta,q 0.97555 14.32554

---------------------------------------------------------------------
imgreg_4dfp /opt/freesurfer/average/711-2C_as_mni_average_305 /opt/freesurfer/average/711-2B_as_mni_average_305_mask talsrcimg_g11 none talsrcimg_to_711-2C_as_mni_average_305_t4 2311
---------------------------------------------------------------------

freesurfer imgreg_4dfp.c
/opt/freesurfer/average/711-2C_as_mni_average_305.4dfp.img
       256       256       256         1
  1.000000  1.000000  1.000000
orientation T byte_order littleendian
Reading image: /opt/freesurfer/average/711-2C_as_mni_average_305.4dfp.img
dimensions:      256       256       256
mmppix:       1.0000   -1.0000   -1.0000
center:     128.0000 -129.0000 -129.0000
/opt/freesurfer/average/711-2B_as_mni_average_305_mask.4dfp.img
       256       256       256         1
  1.000000  1.000000  1.000000
orientation T byte_order littleendian
Reading mask: /opt/freesurfer/average/711-2B_as_mni_average_305_mask.4dfp.img (2306576 pixels)
talsrcimg_g11.4dfp.img
       256       256       256         1
  1.000000  1.000000  1.000000
orientation T byte_order littleendian
Reading image: talsrcimg_g11.4dfp.img
dimensions:      256       256       256
mmppix:       1.0000   -1.0000   -1.0000
center:     128.0000 -129.0000 -129.0000
fimgreg.f
image alignment mode   2311 decimal      907 hex
parameters
   -1.1500   -5.3621   16.2279   -6.5215   -7.6140   -4.4161
    2.4631    0.3768   -3.3134   14.4905    5.0701  -17.7406
eta,q 0.97555 14.32554
niter,ni,del,rscale     5    3    5.0000    0.8000
parameter  6 -0.513446 -> -0.500000 qaram    1.1500
parameters
   -1.1459   -5.3160   16.2610   -5.6121   -7.3749   -1.6561
    2.1012    0.6937   -3.4416   14.9890    5.4061  -17.9406
eta,q 0.97659 14.46119
  0.0263  0.0260  0.0251  0.0268  0.0265  0.0254  0.0253  0.0274  0.0248  0.0261  0.0245  0.0246
  0.0253  0.0252  0.0247  0.0258  0.0255  0.0249  0.0243  0.0254  0.0241  0.0249  0.0239  0.0239
  0.0247  0.0247  0.0245  0.0250  0.0248  0.0246  0.0236  0.0240  0.0236  0.0240  0.0236  0.0235
  0.0245  0.0245  0.0245  0.0244  0.0243  0.0243  0.0235  0.0235  0.0235  0.0235  0.0234  0.0234
  0.0247  0.0246  0.0245  0.0243  0.0244  0.0238  0.0239  0.0237  0.0237  0.0235  0.0235  0.0236
  0.0253  0.0250  0.0247  0.0247  0.0251  0.0235  0.0247  0.0247  0.0242  0.0241  0.0237  0.0241
  0.0263  0.0259  0.0250  0.0257  0.0263  0.0243  0.0260  0.0265  0.0249  0.0253  0.0242  0.0248
niter,ni,del,rscale     5    3    5.0000    0.8000
parameters
   -1.2698   -5.3673   16.3248   -5.9469   -7.5888   -2.9725
    2.4064    0.2482   -3.4537   14.9688    5.0990  -17.7568
eta,q 0.97617 14.41323
  0.0253  0.0250  0.0248  0.0255  0.0256  0.0250  0.0261  0.0262  0.0251  0.0255  0.0244  0.0249
  0.0242  0.0241  0.0240  0.0245  0.0246  0.0246  0.0250  0.0247  0.0244  0.0246  0.0240  0.0243
  0.0235  0.0236  0.0236  0.0237  0.0238  0.0241  0.0242  0.0239  0.0240  0.0241  0.0239  0.0240
  0.0234  0.0234  0.0234  0.0234  0.0234  0.0234  0.0239  0.0239  0.0238  0.0238  0.0238  0.0238
  0.0238  0.0236  0.0235  0.0237  0.0237  0.0239  0.0240  0.0244  0.0240  0.0240  0.0239  0.0239
  0.0246  0.0242  0.0239  0.0247  0.0247  0.0261  0.0246  0.0255  0.0244  0.0246  0.0242  0.0242
  0.0259  0.0252  0.0246  0.0265  0.0262  0.0299  0.0257  0.0272  0.0251  0.0256  0.0245  0.0247
niter,ni,del,rscale     4    3    5.0000    0.7000
parameters
   -1.2513   -5.3150   16.1596   -5.6846   -7.3788   -3.2918
    2.3691    0.3092   -3.4796   15.0591    5.2623  -17.8902
eta,q 0.97611 14.41890
  0.0254  0.0251  0.0243  0.0257  0.0257  0.0250  0.0254  0.0262  0.0249  0.0252  0.0244  0.0246
  0.0245  0.0244  0.0240  0.0248  0.0249  0.0246  0.0246  0.0249  0.0244  0.0246  0.0241  0.0242
  0.0240  0.0240  0.0238  0.0242  0.0242  0.0243  0.0241  0.0241  0.0240  0.0241  0.0239  0.0240
  0.0238  0.0238  0.0238  0.0238  0.0238  0.0238  0.0239  0.0239  0.0239  0.0239  0.0239  0.0239
  0.0240  0.0239  0.0240  0.0239  0.0238  0.0234  0.0241  0.0242  0.0240  0.0240  0.0239  0.0240
  0.0245  0.0243  0.0242  0.0244  0.0244  0.0242  0.0246  0.0249  0.0244  0.0244  0.0241  0.0243
  0.0253  0.0250  0.0246  0.0254  0.0255  0.0263  0.0255  0.0260  0.0249  0.0252  0.0243  0.0247
niter,ni,del,rscale     3    3    5.0000    0.6000
parameters
   -1.2514   -5.2879   16.0819   -5.5872   -7.2798   -2.8296
    2.3074    0.3774   -3.5073   15.2201    5.4837  -18.0489
eta,q 0.97631 14.44195
  0.0250  0.0248  0.0243  0.0252  0.0253  0.0249  0.0249  0.0255  0.0244  0.0249  0.0241  0.0242
  0.0244  0.0243  0.0240  0.0246  0.0247  0.0246  0.0242  0.0245  0.0240  0.0243  0.0239  0.0239
  0.0240  0.0240  0.0239  0.0241  0.0241  0.0243  0.0238  0.0239  0.0238  0.0239  0.0237  0.0237
  0.0239  0.0239  0.0239  0.0239  0.0239  0.0239  0.0237  0.0237  0.0237  0.0237  0.0237  0.0237
  0.0240  0.0240  0.0240  0.0240  0.0240  0.0234  0.0238  0.0239  0.0238  0.0238  0.0237  0.0238
  0.0244  0.0243  0.0241  0.0244  0.0244  0.0237  0.0243  0.0244  0.0240  0.0241  0.0238  0.0240
  0.0250  0.0248  0.0244  0.0252  0.0253  0.0250  0.0249  0.0253  0.0245  0.0247  0.0240  0.0243
niter,ni,del,rscale     2    3    5.0000    0.5000
parameters
   -1.2724   -5.2756   16.0439   -5.5721   -7.2752   -2.4528
    2.2791    0.3860   -3.5104   15.3278    5.6622  -18.1878
eta,q 0.97646 14.45337
  0.0245  0.0243  0.0240  0.0246  0.0247  0.0246  0.0244  0.0249  0.0241  0.0245  0.0239  0.0240
  0.0240  0.0240  0.0238  0.0242  0.0242  0.0244  0.0239  0.0241  0.0238  0.0240  0.0237  0.0237
  0.0238  0.0238  0.0237  0.0238  0.0239  0.0241  0.0237  0.0237  0.0236  0.0237  0.0236  0.0236
  0.0237  0.0237  0.0237  0.0237  0.0237  0.0237  0.0236  0.0236  0.0236  0.0236  0.0235  0.0235
  0.0238  0.0237  0.0237  0.0238  0.0238  0.0234  0.0237  0.0237  0.0236  0.0236  0.0236  0.0236
  0.0241  0.0240  0.0239  0.0241  0.0241  0.0237  0.0240  0.0241  0.0238  0.0239  0.0236  0.0238
  0.0245  0.0243  0.0241  0.0247  0.0248  0.0247  0.0244  0.0248  0.0241  0.0244  0.0238  0.0240
niter,ni,del,rscale     1    3    5.0000    0.4000
parameters
   -1.2945   -5.2645   16.0728   -5.5555   -7.2958   -2.0544
    2.2435    0.3987   -3.4899   15.3899    5.7476  -18.2473
eta,q 0.97657 14.46209
  0.0241  0.0240  0.0238  0.0242  0.0242  0.0245  0.0240  0.0243  0.0238  0.0241  0.0237  0.0237
  0.0238  0.0238  0.0237  0.0239  0.0239  0.0243  0.0237  0.0238  0.0236  0.0237  0.0235  0.0236
  0.0236  0.0236  0.0236  0.0236  0.0236  0.0239  0.0235  0.0235  0.0235  0.0235  0.0235  0.0235
  0.0235  0.0235  0.0235  0.0235  0.0235  0.0235  0.0234  0.0234  0.0234  0.0234  0.0234  0.0234
  0.0236  0.0236  0.0236  0.0236  0.0236  0.0234  0.0235  0.0235  0.0235  0.0235  0.0234  0.0235
  0.0238  0.0237  0.0237  0.0238  0.0239  0.0236  0.0237  0.0238  0.0236  0.0237  0.0235  0.0236
  0.0241  0.0240  0.0238  0.0242  0.0243  0.0243  0.0240  0.0243  0.0238  0.0240  0.0236  0.0238
registration optimization eta report
parameter search radius
    0.8000    0.8000    0.8000    2.4000    2.4000    2.7600
    2.4000    2.4000    2.4000    2.4000    2.4000    2.4000
100000*second partial in parameter space
       84.       67.       42.       11.       12.       11.
       10.       15.        6.       10.        4.        5.
  0.0241  0.0240  0.0238  0.0242  0.0242  0.0245  0.0240  0.0243  0.0238  0.0241  0.0237  0.0237
  0.0238  0.0238  0.0237  0.0239  0.0239  0.0243  0.0237  0.0238  0.0236  0.0237  0.0235  0.0236
  0.0236  0.0236  0.0236  0.0236  0.0236  0.0239  0.0235  0.0235  0.0235  0.0235  0.0235  0.0235
  0.0235  0.0235  0.0235  0.0235  0.0235  0.0235  0.0234  0.0234  0.0234  0.0234  0.0234  0.0234
  0.0236  0.0236  0.0236  0.0236  0.0236  0.0234  0.0235  0.0235  0.0235  0.0235  0.0234  0.0235
  0.0238  0.0237  0.0237  0.0238  0.0239  0.0236  0.0237  0.0238  0.0236  0.0237  0.0235  0.0236
  0.0241  0.0240  0.0238  0.0242  0.0243  0.0243  0.0240  0.0243  0.0238  0.0240  0.0236  0.0238
   -1.2945   -5.2645   16.0728   -5.5555   -7.2958   -2.0544
    2.2435    0.3987   -3.4899   15.3899    5.7476  -18.2473
eta,q 0.97657 14.46209

---------------------------------------------------------------------
imgreg_4dfp /opt/freesurfer/average/711-2C_as_mni_average_305 /opt/freesurfer/average/711-2B_as_mni_average_305_mask talsrcimg_g11 none talsrcimg_to_711-2C_as_mni_average_305_t4 2311
---------------------------------------------------------------------

freesurfer imgreg_4dfp.c
/opt/freesurfer/average/711-2C_as_mni_average_305.4dfp.img
       256       256       256         1
  1.000000  1.000000  1.000000
orientation T byte_order littleendian
Reading image: /opt/freesurfer/average/711-2C_as_mni_average_305.4dfp.img
dimensions:      256       256       256
mmppix:       1.0000   -1.0000   -1.0000
center:     128.0000 -129.0000 -129.0000
/opt/freesurfer/average/711-2B_as_mni_average_305_mask.4dfp.img
       256       256       256         1
  1.000000  1.000000  1.000000
orientation T byte_order littleendian
Reading mask: /opt/freesurfer/average/711-2B_as_mni_average_305_mask.4dfp.img (2306576 pixels)
talsrcimg_g11.4dfp.img
       256       256       256         1
  1.000000  1.000000  1.000000
orientation T byte_order littleendian
Reading image: talsrcimg_g11.4dfp.img
dimensions:      256       256       256
mmppix:       1.0000   -1.0000   -1.0000
center:     128.0000 -129.0000 -129.0000
fimgreg.f
image alignment mode   2311 decimal      907 hex
parameters
   -1.2945   -5.2645   16.0728   -5.5555   -7.2958   -2.0544
    2.2435    0.3987   -3.4899   15.3899    5.7476  -18.2473
eta,q 0.97657 14.46208
niter,ni,del,rscale     5    3    5.0000    0.8000
parameters
   -1.3053   -5.2983   16.1870   -5.9179   -7.5877   -2.8707
    2.3953    0.2261   -3.5072   15.1602    5.3406  -17.9762
eta,q 0.97624 14.42260
  0.0256  0.0250  0.0248  0.0255  0.0256  0.0249  0.0259  0.0266  0.0250  0.0254  0.0243  0.0249
  0.0244  0.0242  0.0241  0.0245  0.0246  0.0246  0.0248  0.0249  0.0243  0.0245  0.0239  0.0243
  0.0237  0.0236  0.0236  0.0237  0.0238  0.0241  0.0241  0.0240  0.0239  0.0240  0.0238  0.0239
  0.0234  0.0234  0.0234  0.0234  0.0235  0.0235  0.0238  0.0238  0.0238  0.0238  0.0238  0.0238
  0.0237  0.0236  0.0235  0.0237  0.0238  0.0236  0.0240  0.0242  0.0239  0.0240  0.0239  0.0238
  0.0244  0.0242  0.0239  0.0248  0.0248  0.0250  0.0246  0.0252  0.0244  0.0246  0.0241  0.0241
  0.0256  0.0252  0.0245  0.0265  0.0263  0.0277  0.0257  0.0269  0.0251  0.0258  0.0245  0.0247
niter,ni,del,rscale     4    3    5.0000    0.7000
parameters
   -1.2682   -5.2840   16.1067   -5.6919   -7.4168   -2.9042
    2.3433    0.3366   -3.5097   15.1947    5.4437  -18.0372
eta,q 0.97627 14.43315
  0.0254  0.0250  0.0244  0.0256  0.0256  0.0248  0.0253  0.0262  0.0247  0.0252  0.0242  0.0245
  0.0245  0.0243  0.0240  0.0248  0.0248  0.0245  0.0244  0.0248  0.0242  0.0244  0.0239  0.0241
  0.0240  0.0239  0.0238  0.0241  0.0241  0.0242  0.0239  0.0240  0.0239  0.0239  0.0238  0.0238
  0.0238  0.0238  0.0238  0.0238  0.0237  0.0237  0.0237  0.0237  0.0237  0.0237  0.0237  0.0237
  0.0239  0.0239  0.0239  0.0238  0.0238  0.0234  0.0239  0.0240  0.0238  0.0238  0.0238  0.0238
  0.0244  0.0243  0.0241  0.0243  0.0244  0.0240  0.0245  0.0247  0.0242  0.0243  0.0239  0.0241
  0.0252  0.0250  0.0245  0.0254  0.0255  0.0255  0.0254  0.0259  0.0248  0.0252  0.0242  0.0245
niter,ni,del,rscale     3    3    5.0000    0.6000
parameters
   -1.2682   -5.2773   16.0586   -5.6135   -7.3359   -2.5083
    2.2855    0.3967   -3.5174   15.2806    5.5872  -18.1443
eta,q 0.97643 14.44898
  0.0249  0.0247  0.0242  0.0251  0.0252  0.0247  0.0248  0.0255  0.0243  0.0248  0.0240  0.0242
  0.0242  0.0242  0.0239  0.0244  0.0245  0.0245  0.0241  0.0244  0.0239  0.0242  0.0238  0.0238
  0.0239  0.0239  0.0238  0.0240  0.0240  0.0242  0.0237  0.0238  0.0237  0.0238  0.0236  0.0236
  0.0237  0.0237  0.0237  0.0237  0.0237  0.0237  0.0236  0.0236  0.0236  0.0236  0.0236  0.0236
  0.0239  0.0238  0.0238  0.0238  0.0238  0.0234  0.0237  0.0238  0.0237  0.0237  0.0236  0.0237
  0.0243  0.0241  0.0240  0.0242  0.0243  0.0237  0.0241  0.0244  0.0239  0.0241  0.0237  0.0239
  0.0249  0.0247  0.0243  0.0251  0.0252  0.0247  0.0248  0.0253  0.0244  0.0247  0.0239  0.0242
niter,ni,del,rscale     2    3    5.0000    0.5000
parameters
   -1.2873   -5.2738   16.0792   -5.5944   -7.3350   -2.1545
    2.2581    0.4005   -3.5003   15.3415    5.6692  -18.2164
eta,q 0.97654 14.45778
  0.0244  0.0242  0.0240  0.0245  0.0246  0.0245  0.0243  0.0248  0.0240  0.0244  0.0238  0.0239
  0.0239  0.0239  0.0238  0.0241  0.0241  0.0243  0.0238  0.0240  0.0237  0.0239  0.0236  0.0237
  0.0236  0.0237  0.0236  0.0237  0.0237  0.0240  0.0236  0.0236  0.0235  0.0236  0.0235  0.0235
  0.0236  0.0236  0.0236  0.0236  0.0236  0.0236  0.0235  0.0235  0.0235  0.0235  0.0235  0.0235
  0.0237  0.0236  0.0236  0.0236  0.0237  0.0234  0.0236  0.0236  0.0235  0.0235  0.0235  0.0235
  0.0240  0.0239  0.0237  0.0240  0.0240  0.0237  0.0239  0.0241  0.0237  0.0238  0.0236  0.0237
  0.0244  0.0242  0.0240  0.0246  0.0247  0.0245  0.0243  0.0248  0.0240  0.0243  0.0238  0.0240
niter,ni,del,rscale     1    3    5.0000    0.4000
parameters
   -1.3043   -5.2683   16.1376   -5.5894   -7.3468   -1.8506
    2.2268    0.4075   -3.4686   15.3691    5.7134  -18.2371
eta,q 0.97661 14.46399
  0.0240  0.0239  0.0238  0.0241  0.0242  0.0243  0.0239  0.0243  0.0238  0.0240  0.0236  0.0237
  0.0237  0.0237  0.0236  0.0238  0.0238  0.0241  0.0236  0.0238  0.0236  0.0237  0.0235  0.0235
  0.0235  0.0235  0.0235  0.0235  0.0236  0.0238  0.0235  0.0235  0.0234  0.0235  0.0234  0.0234
  0.0235  0.0235  0.0235  0.0235  0.0235  0.0235  0.0234  0.0234  0.0234  0.0234  0.0234  0.0234
  0.0235  0.0235  0.0235  0.0235  0.0235  0.0234  0.0235  0.0235  0.0234  0.0234  0.0234  0.0234
  0.0237  0.0236  0.0236  0.0237  0.0238  0.0236  0.0237  0.0238  0.0235  0.0236  0.0235  0.0235
  0.0240  0.0239  0.0237  0.0241  0.0242  0.0242  0.0240  0.0243  0.0237  0.0240  0.0236  0.0237
registration optimization eta report
parameter search radius
    0.8000    0.8000    0.8000    2.4000    2.4000    2.4000
    2.4000    2.4000    2.4000    2.4000    2.4000    2.4000
100000*second partial in parameter space
       86.       68.       47.       12.       12.       14.
       10.       16.        6.       11.        4.        6.
  0.0240  0.0239  0.0238  0.0241  0.0242  0.0243  0.0239  0.0243  0.0238  0.0240  0.0236  0.0237
  0.0237  0.0237  0.0236  0.0238  0.0238  0.0241  0.0236  0.0238  0.0236  0.0237  0.0235  0.0235
  0.0235  0.0235  0.0235  0.0235  0.0236  0.0238  0.0235  0.0235  0.0234  0.0235  0.0234  0.0234
  0.0235  0.0235  0.0235  0.0235  0.0235  0.0235  0.0234  0.0234  0.0234  0.0234  0.0234  0.0234
  0.0235  0.0235  0.0235  0.0235  0.0235  0.0234  0.0235  0.0235  0.0234  0.0234  0.0234  0.0234
  0.0237  0.0236  0.0236  0.0237  0.0238  0.0236  0.0237  0.0238  0.0235  0.0236  0.0235  0.0235
  0.0240  0.0239  0.0237  0.0241  0.0242  0.0242  0.0240  0.0243  0.0237  0.0240  0.0236  0.0237
   -1.3043   -5.2683   16.1376   -5.5894   -7.3468   -1.8506
    2.2268    0.4075   -3.4686   15.3691    5.7134  -18.2371
eta,q 0.97661 14.46399

---------------------------------------------------------------------
compute_vox2vox talsrcimg talsrcimg_to_711-2C_as_mni_average_305_t4 /opt/freesurfer/average/711-2C_as_mni_average_305
---------------------------------------------------------------------

freesurfer compute_vox2vox.c
Reading: talsrcimg.4dfp.ifh
Reading: talsrcimg_to_711-2C_as_mni_average_305_t4
Reading: /opt/freesurfer/average/711-2C_as_mni_average_305.4dfp.ifh
Writing: talsrcimg_to_711-2C_as_mni_average_305_t4_vox2vox.txt

start time Tue Mar 10 01:41:59 CET 2026
end		time Tue Mar 10 01:43:31 CET 2026

mpr2mni305 success

avi2talxfm orig_nu.mgz /opt/freesurfer/average/mni305.cor.mgz talsrcimg_to_711-2C_as_mni_average_305_t4_vox2vox.txt transforms/talairach.auto.xfm
avi2talxfm done
mv -f /out/sourcedata/freesurfer/sub-v1s3x0050824_ses-1/mri/talsrcimg_to_711-2C_as_mni_average_305_t4_vox2vox.txt /out/sourcedata/freesurfer/sub-v1s3x0050824_ses-1/mri/transforms/talsrcimg_to_711-2C_as_mni_average_305_t4_vox2vox.txt
lta_convert --src orig_nu.mgz --trg /opt/freesurfer/average/mni305.cor.mgz --inxfm transforms/talairach.auto.xfm --outlta transforms/talairach.auto.xfm.lta --subject fsaverage
7.3.2

--src: orig_nu.mgz src image (geometry).
--trg: /opt/freesurfer/average/mni305.cor.mgz trg image (geometry).
--inmni: transforms/talairach.auto.xfm input MNI/XFM transform.
--outlta: transforms/talairach.auto.xfm.lta output LTA.
--s: fsaverage subject name
 LTA read, type : 1
 1.05829  -0.00040  -0.02551   4.57898;
-0.05262   0.98841   0.19581   3.04865;
 0.04835  -0.16397   1.04586  -5.92560;
 0.00000   0.00000   0.00000   1.00000;
setting subject to fsaverage
Writing  LTA to file transforms/talairach.auto.xfm.lta...
lta_convert successful.
 
 
Started at Tue Mar 10 01:41:58 CET 2026
Ended   at Tue Mar 10 01:43:31 CET 2026
talairach_avi done
