status file for recon-all
Tue Mar 10 01:39:55 CET 2026
#@# Tessellate rh Tue Mar 10 01:39:55 CET 2026
#@# Smooth1 rh Tue Mar 10 01:39:59 CET 2026
#@# Inflation1 rh Tue Mar 10 01:40:01 CET 2026
#@# QSphere rh Tue Mar 10 01:40:10 CET 2026
#@# Fix Topology rh Tue Mar 10 01:41:00 CET 2026
#@# Smooth2 rh Tue Mar 10 01:48:21 CET 2026
#@# Inflation2 rh Tue Mar 10 01:48:23 CET 2026
#@# Curv .H and .K rh Tue Mar 10 01:48:34 CET 2026
#@# Sphere rh Tue Mar 10 01:49:22 CET 2026
#@# Surf Reg rh Tue Mar 10 01:51:49 CET 2026
#@# Jacobian white rh Tue Mar 10 01:55:10 CET 2026
#@# AvgCurv rh Tue Mar 10 01:55:11 CET 2026
#@# Cortical Parc rh Tue Mar 10 01:55:11 CET 2026
#@# white curv rh Tue Mar 10 02:01:07 CET 2026
#@# white area rh Tue Mar 10 02:01:08 CET 2026
#@# pial curv rh Tue Mar 10 02:01:09 CET 2026
#@# pial area rh Tue Mar 10 02:01:11 CET 2026
#@# thickness rh Tue Mar 10 02:01:11 CET 2026
#@# area and vertex vol rh Tue Mar 10 02:01:41 CET 2026
#@# Curvature Stats rh Tue Mar 10 02:01:43 CET 2026
#@# Cortical Parc 2 rh Tue Mar 10 02:01:45 CET 2026
#@# Cortical Parc 3 rh Tue Mar 10 02:01:59 CET 2026
#@# WM/GM Contrast rh Tue Mar 10 02:02:09 CET 2026
recon-all -s sub-v1s3x0050782_ses-1 finished without error at Tue Mar 10 02:02:12 CET 2026



#New# invocation of recon-all 



status file for recon-all
Tue Mar 10 02:11:18 CET 2026
#@# white curv rh Tue Mar 10 02:11:18 CET 2026
#@# white area rh Tue Mar 10 02:11:18 CET 2026
#@# pial curv rh Tue Mar 10 02:11:18 CET 2026
#@# pial area rh Tue Mar 10 02:11:18 CET 2026
#@# thickness rh Tue Mar 10 02:11:18 CET 2026
#@# area and vertex vol rh Tue Mar 10 02:11:18 CET 2026
#@# Parcellation Stats rh Tue Mar 10 02:11:18 CET 2026
#@# Parcellation Stats 2 rh Tue Mar 10 02:11:37 CET 2026
#@# Parcellation Stats 3 rh Tue Mar 10 02:11:47 CET 2026
#@# BA_exvivo Labels rh Tue Mar 10 02:11:56 CET 2026
recon-all -s sub-v1s3x0050782_ses-1 finished without error at Tue Mar 10 02:14:17 CET 2026
