status file for recon-all
Mon Mar  9 23:40:33 CET 2026
#@# MotionCor Mon Mar  9 23:40:34 CET 2026
#@# Talairach Mon Mar  9 23:40:44 CET 2026
#@# Talairach Failure Detection Mon Mar  9 23:45:08 CET 2026
#@# Nu Intensity Correction Mon Mar  9 23:45:08 CET 2026
#@# Intensity Normalization Mon Mar  9 23:48:24 CET 2026
recon-all -s sub-v1s3x0050782_ses-1 finished without error at Mon Mar  9 23:49:51 CET 2026



#New# invocation of recon-all 



status file for recon-all
Mon Mar  9 23:58:24 CET 2026
#@# EM Registration Mon Mar  9 23:58:24 CET 2026
recon-all -s sub-v1s3x0050782_ses-1 finished without error at Mon Mar  9 23:59:46 CET 2026



#New# invocation of recon-all 



status file for recon-all
Mon Mar  9 23:59:48 CET 2026
#@# CA Normalize Mon Mar  9 23:59:48 CET 2026
#@# CA Reg Tue Mar 10 00:01:06 CET 2026
#@# SubCort Seg Tue Mar 10 00:39:32 CET 2026
#@# CC Seg Tue Mar 10 01:09:22 CET 2026
#@# Merge ASeg Tue Mar 10 01:09:53 CET 2026
#@# Intensity Normalization2 Tue Mar 10 01:09:53 CET 2026
#@# Mask BFS Tue Mar 10 01:12:00 CET 2026
#@# WM Segmentation Tue Mar 10 01:12:01 CET 2026
#@# Fill Tue Mar 10 01:13:56 CET 2026
recon-all -s sub-v1s3x0050782_ses-1 finished without error at Tue Mar 10 01:14:57 CET 2026



#New# invocation of recon-all 



status file for recon-all
Tue Mar 10 02:02:18 CET 2026
#@# white curv lh Tue Mar 10 02:02:18 CET 2026
#@# white area lh Tue Mar 10 02:02:18 CET 2026
#@# pial curv lh Tue Mar 10 02:02:18 CET 2026
#@# pial area lh Tue Mar 10 02:02:18 CET 2026
#@# thickness lh Tue Mar 10 02:02:18 CET 2026
#@# area and vertex vol lh Tue Mar 10 02:02:18 CET 2026
#@# white curv rh Tue Mar 10 02:02:18 CET 2026
#@# white area rh Tue Mar 10 02:02:18 CET 2026
#@# pial curv rh Tue Mar 10 02:02:18 CET 2026
#@# pial area rh Tue Mar 10 02:02:18 CET 2026
#@# thickness rh Tue Mar 10 02:02:18 CET 2026
#@# area and vertex vol rh Tue Mar 10 02:02:18 CET 2026
#@# Cortical ribbon mask Tue Mar 10 02:02:18 CET 2026
recon-all -s sub-v1s3x0050782_ses-1 finished without error at Tue Mar 10 02:08:15 CET 2026



#New# invocation of recon-all 



status file for recon-all
Tue Mar 10 02:14:22 CET 2026
#@# white curv lh Tue Mar 10 02:14:22 CET 2026
#@# white area lh Tue Mar 10 02:14:22 CET 2026
#@# pial curv lh Tue Mar 10 02:14:22 CET 2026
#@# pial area lh Tue Mar 10 02:14:22 CET 2026
#@# thickness lh Tue Mar 10 02:14:22 CET 2026
#@# area and vertex vol lh Tue Mar 10 02:14:22 CET 2026
#@# white curv rh Tue Mar 10 02:14:22 CET 2026
#@# white area rh Tue Mar 10 02:14:22 CET 2026
#@# pial curv rh Tue Mar 10 02:14:22 CET 2026
#@# pial area rh Tue Mar 10 02:14:22 CET 2026
#@# thickness rh Tue Mar 10 02:14:22 CET 2026
#@# area and vertex vol rh Tue Mar 10 02:14:22 CET 2026
#@# Curvature Stats lh Tue Mar 10 02:14:22 CET 2026
#@# Curvature Stats rh Tue Mar 10 02:14:24 CET 2026
#@# Relabel Hypointensities Tue Mar 10 02:14:26 CET 2026
#@# APas-to-ASeg Tue Mar 10 02:14:41 CET 2026
#@# AParc-to-ASeg aparc Tue Mar 10 02:14:49 CET 2026
#@# AParc-to-ASeg aparc.a2009s Tue Mar 10 02:15:28 CET 2026
#@# AParc-to-ASeg aparc.DKTatlas Tue Mar 10 02:16:07 CET 2026
#@# WMParc Tue Mar 10 02:16:44 CET 2026
#@# ASeg Stats Tue Mar 10 02:20:19 CET 2026
recon-all -s sub-v1s3x0050782_ses-1 finished without error at Tue Mar 10 02:20:50 CET 2026
