/out/sourcedata/freesurfer/sub-v1s3x0050804_ses-1/mri
/opt/freesurfer/bin/talairach_avi
--i orig_nu.mgz --xfm transforms/talairach.auto.xfm
talairach_avi 7.3.2
Linux dna058 5.14.0-427.37.1.el9_4.x86_64 #1 SMP PREEMPT_DYNAMIC Fri Sep 13 12:41:50 EDT 2024 x86_64 x86_64 x86_64 GNU/Linux
Tue Mar 10 00:51:18 CET 2026
mri_convert orig_nu.mgz talsrcimg.img 
reading from orig_nu.mgz...
TR=0.00, TE=0.00, TI=0.00, flip angle=0.00
i_ras = (-1, 0, 0)
j_ras = (0, 0, -1)
k_ras = (0, 1, 0)
writing to talsrcimg.img...
Analyze Output Matrix
-1.00000   0.00000   0.00000   126.56447;
 0.00000   0.00000   1.00000  -165.96490;
 0.00000  -1.00000   0.00000   191.47687;
 0.00000   0.00000   0.00000   1.00000;
--------------------
INFO: set hdr.hist.orient to -1
mpr2mni305 talsrcimg
Tue Mar 10 00:51:18 CET 2026
/opt/freesurfer/bin/mpr2mni305 talsrcimg
mpr2mni305 7.3.2
target=711-2C_as_mni_average_305

---------------------------------------------------------------------
analyzeto4dfp talsrcimg -O0 -y
---------------------------------------------------------------------

freesurfer ifh2hdr.c
Tue Mar 10 00:51:19 2026
Writing: talsrcimg.4dfp.hdr
freesurfer analyzeto4dfp.c
Reading: talsrcimg.hdr
header size 348 bytes
hdr.dime.datatype	offset=70	value=2
hdr.dime.bitpix		offset=72	value=8
hdr.hist.orient		offset=252	value=-1
dimensionality     4
dimensions       256       256       256         1
Reading: talsrcimg.img
Writing: talsrcimg.4dfp.img
Writing: talsrcimg.4dfp.ifh
ifh2hdr talsrcimg -r0to240
ori=2

---------------------------------------------------------------------
gauss_4dfp talsrcimg 1.1
---------------------------------------------------------------------

freesurfer gauss_4dfp.c
Reading: talsrcimg.4dfp.img
Writing: talsrcimg_g11.4dfp.img
image dimensions 256 256 256 padded to 288 288 288
processing volume 1freesurfer ifh2hdr.c
Tue Mar 10 00:51:20 2026
Writing: talsrcimg_g11.4dfp.hdr

Writing: talsrcimg_g11.4dfp.ifh
including: talsrcimg.4dfp.img.rec in talsrcimg_g11.4dfp.img.rec

---------------------------------------------------------------------
imgreg_4dfp /opt/freesurfer/average/711-2C_as_mni_average_305 none talsrcimg_g11 none talsrcimg_to_711-2C_as_mni_average_305_t4 4355
---------------------------------------------------------------------

freesurfer imgreg_4dfp.c
/opt/freesurfer/average/711-2C_as_mni_average_305.4dfp.img
       256       256       256         1
  1.000000  1.000000  1.000000
orientation T byte_order littleendian
Reading image: /opt/freesurfer/average/711-2C_as_mni_average_305.4dfp.img
dimensions:      256       256       256
mmppix:       1.0000   -1.0000   -1.0000
center:     128.0000 -129.0000 -129.0000
talsrcimg_g11.4dfp.img
       256       256       256         1
  1.000000  1.000000  1.000000
orientation T byte_order littleendian
Reading image: talsrcimg_g11.4dfp.img
dimensions:      256       256       256
mmppix:       1.0000   -1.0000   -1.0000
center:     128.0000 -129.0000 -129.0000
t4_read: open error in t4_sub.f l:  41 t4_file(1:l)talsrcimg_to_711-2C_as_mni_average_305_t4 
t4_read: transform initialized to I4
rotation matrix determinant  1.000000
image alignment mode   4355 decimal     1103 hex
   -7.5000  -45.0000  -45.0000 9011.3486   23.6615
    0.0000  -45.0000  -45.0000 9449.1963   23.6826
    7.5000  -45.0000  -45.0000 9055.4814   23.6161
   -7.5000  -37.5000  -45.0000 9139.4121   23.6234
    0.0000  -37.5000  -45.0000 9573.8135   23.6233
    7.5000  -37.5000  -45.0000 9167.4258   23.5649
   -7.5000  -30.0000  -45.0000 9512.0156   23.5925
    0.0000  -30.0000  -45.0000 9966.6660   23.5696
    7.5000  -30.0000  -45.0000 9565.5254   23.5126
   -7.5000  -22.5000  -45.0000 9847.0352   23.6040
    0.0000  -22.5000  -45.000010289.3174   23.5829
    7.5000  -22.5000  -45.0000 9901.4941   23.5207
   -7.5000  -15.0000  -45.000010107.1494   23.6353
    0.0000  -15.0000  -45.000010541.0840   23.6340
    7.5000  -15.0000  -45.000010145.1182   23.5651
   -7.5000   -7.5000  -45.000010225.7090   23.6658
    0.0000   -7.5000  -45.000010672.3906   23.6838
    7.5000   -7.5000  -45.000010279.7168   23.6117
   -7.5000    0.0000  -45.000010137.9473   23.6615
    0.0000    0.0000  -45.000010552.5879   23.6826
    7.5000    0.0000  -45.000010177.1621   23.6161
   -7.5000    7.5000  -45.0000 9190.3379   23.6234
    0.0000    7.5000  -45.0000 9559.9131   23.6233
    7.5000    7.5000  -45.0000 9208.8613   23.5649
   -7.5000   15.0000  -45.0000 8288.6260   23.7233
    0.0000   15.0000  -45.0000 8639.0596   23.6995
    7.5000   15.0000  -45.0000 8323.5371   23.6413
   -7.5000   22.5000  -45.0000 7493.7871   23.9937
    0.0000   22.5000  -45.0000 7773.8770   23.9727
    7.5000   22.5000  -45.0000 7470.8677   23.9082
   -7.5000   30.0000  -45.0000 6664.7598   24.0335
    0.0000   30.0000  -45.0000 6911.0312   24.0293
    7.5000   30.0000  -45.0000 6651.4097   23.9575
   -7.5000   37.5000  -45.0000 6065.1104   24.5887
    0.0000   37.5000  -45.0000 6286.4082   24.6000
    7.5000   37.5000  -45.0000 6045.5659   24.5203
   -7.5000   45.0000  -45.0000 5308.9907   24.7768
    0.0000   45.0000  -45.0000 5496.5122   24.7930
    7.5000   45.0000  -45.0000 5265.3135   24.7134
   -7.5000  -45.0000  -37.5000 9606.3203   23.6305
    0.0000  -45.0000  -37.500010101.3730   23.6493
    7.5000  -45.0000  -37.5000 9647.6396   23.5850
   -7.5000  -37.5000  -37.5000 9702.5996   23.5992
    0.0000  -37.5000  -37.500010214.5879   23.5981
    7.5000  -37.5000  -37.5000 9753.4844   23.5412
   -7.5000  -30.0000  -37.500010088.5400   23.5817
    0.0000  -30.0000  -37.500010592.7012   23.5576
    7.5000  -30.0000  -37.500010143.0410   23.5022
   -7.5000  -22.5000  -37.500010409.9170   23.6066
    0.0000  -22.5000  -37.500010897.4238   23.5849
    7.5000  -22.5000  -37.500010462.7188   23.5276
   -7.5000  -15.0000  -37.500010687.2461   23.6351
    0.0000  -15.0000  -37.500011177.7334   23.6332
    7.5000  -15.0000  -37.500010707.0820   23.5708
   -7.5000   -7.5000  -37.500010831.7520   23.6469
    0.0000   -7.5000  -37.500011324.9648   23.6625
    7.5000   -7.5000  -37.500010834.9854   23.5946
   -7.5000    0.0000  -37.500010717.9473   23.6305
    0.0000    0.0000  -37.500011197.8662   23.6493
    7.5000    0.0000  -37.500010723.5967   23.5850
   -7.5000    7.5000  -37.5000 9698.1191   23.5992
    0.0000    7.5000  -37.500010131.1533   23.5981
    7.5000    7.5000  -37.5000 9722.2090   23.5412
   -7.5000   15.0000  -37.5000 8732.8789   23.7178
    0.0000   15.0000  -37.5000 9112.0879   23.6933
    7.5000   15.0000  -37.5000 8763.3242   23.6371
   -7.5000   22.5000  -37.5000 7857.2505   23.9989
    0.0000   22.5000  -37.5000 8177.3218   23.9770
    7.5000   22.5000  -37.5000 7854.0767   23.9195
   -7.5000   30.0000  -37.5000 6947.7705   24.0357
    0.0000   30.0000  -37.5000 7227.2900   24.0310
    7.5000   30.0000  -37.5000 6962.3823   23.9692
   -7.5000   37.5000  -37.5000 6311.9800   24.5776
    0.0000   37.5000  -37.5000 6551.6494   24.5893
    7.5000   37.5000  -37.5000 6299.1567   24.5176
   -7.5000   45.0000  -37.5000 5542.2573   24.7521
    0.0000   45.0000  -37.5000 5734.2061   24.7713
    7.5000   45.0000  -37.5000 5493.0962   24.6951
   -7.5000  -45.0000  -30.000010398.2646   24.6238
    0.0000  -45.0000  -30.000010950.2197   24.6440
    7.5000  -45.0000  -30.000010451.1279   24.5872
   -7.5000  -37.5000  -30.000010486.4209   24.6044
    0.0000  -37.5000  -30.000011054.4102   24.6087
    7.5000  -37.5000  -30.000010519.7227   24.5553
   -7.5000  -30.0000  -30.000010933.0234   24.5982
    0.0000  -30.0000  -30.000011508.6582   24.5817
    7.5000  -30.0000  -30.000010967.7256   24.5294
   -7.5000  -22.5000  -30.000011263.5547   24.6299
    0.0000  -22.5000  -30.000011803.3115   24.6160
    7.5000  -22.5000  -30.000011273.9219   24.5678
   -7.5000  -15.0000  -30.000011512.5459   24.6559
    0.0000  -15.0000  -30.000012051.5752   24.6585
    7.5000  -15.0000  -30.000011496.8496   24.6093
   -7.5000   -7.5000  -30.000011624.7881   24.6511
    0.0000   -7.5000  -30.000012165.9785   24.6669
    7.5000   -7.5000  -30.000011603.4668   24.6101
   -7.5000    0.0000  -30.000011478.4951   24.6238
    0.0000    0.0000  -30.000012038.7627   24.6440
    7.5000    0.0000  -30.000011501.7812   24.5872
   -7.5000    7.5000  -30.000010374.1035   24.6044
    0.0000    7.5000  -30.000010886.0879   24.6087
    7.5000    7.5000  -30.000010410.0049   24.5553
   -7.5000   15.0000  -30.0000 9351.9639   24.7469
    0.0000   15.0000  -30.0000 9792.1406   24.7307
    7.5000   15.0000  -30.0000 9382.2568   24.6786
   -7.5000   22.5000  -30.0000 8382.7520   25.0383
    0.0000   22.5000  -30.0000 8727.4014   25.0243
    7.5000   22.5000  -30.0000 8389.6396   24.9784
   -7.5000   30.0000  -30.0000 7381.7578   25.0805
    0.0000   30.0000  -30.0000 7675.8013   25.0822
    7.5000   30.0000  -30.0000 7391.3442   25.0367
   -7.5000   37.5000  -30.0000 6692.5190   25.6361
    0.0000   37.5000  -30.0000 6947.5854   25.6521
    7.5000   37.5000  -30.0000 6674.6865   25.5929
   -7.5000   45.0000  -30.0000 5867.5034   25.8241
    0.0000   45.0000  -30.0000 6074.1855   25.8510
    7.5000   45.0000  -30.0000 5832.5728   25.7827
   -7.5000  -45.0000  -22.500011204.0293   25.4399
    0.0000  -45.0000  -22.500011767.5410   25.4608
    7.5000  -45.0000  -22.500011258.6084   25.4098
   -7.5000  -37.5000  -22.500011303.0576   25.4265
    0.0000  -37.5000  -22.500011895.8203   25.4354
    7.5000  -37.5000  -22.500011341.9619   25.3843
   -7.5000  -30.0000  -22.500011797.7920   25.4176
    0.0000  -30.0000  -22.500012411.4531   25.4086
    7.5000  -30.0000  -22.500011822.8193   25.3593
   -7.5000  -22.5000  -22.500012146.9902   25.4406
    0.0000  -22.5000  -22.500012749.4434   25.4335
    7.5000  -22.5000  -22.500012133.4600   25.3913
   -7.5000  -15.0000  -22.500012378.5781   25.4665
    0.0000  -15.0000  -22.500012984.0791   25.4719
    7.5000  -15.0000  -22.500012338.9414   25.4302
   -7.5000   -7.5000  -22.500012458.0332   25.4645
    0.0000   -7.5000  -22.500013060.0840   25.4802
    7.5000   -7.5000  -22.500012427.6270   25.4311
   -7.5000    0.0000  -22.500012286.9971   25.4399
    0.0000    0.0000  -22.500012916.5996   25.4608
    7.5000    0.0000  -22.500012314.1074   25.4097
   -7.5000    7.5000  -22.500011145.6582   25.4265
    0.0000    7.5000  -22.500011687.7041   25.4354
    7.5000    7.5000  -22.500011173.5791   25.3843
   -7.5000   15.0000  -22.500010033.2461   25.5712
    0.0000   15.0000  -22.500010512.4561   25.5625
    7.5000   15.0000  -22.500010059.0713   25.5143
   -7.5000   22.5000  -22.5000 8929.2275   25.8571
    0.0000   22.5000  -22.5000 9327.5586   25.8501
    7.5000   22.5000  -22.5000 8938.9756   25.8101
   -7.5000   30.0000  -22.5000 7831.4829   25.9079
    0.0000   30.0000  -22.5000 8175.2031   25.9142
    7.5000   30.0000  -22.5000 7857.2314   25.8757
   -7.5000   37.5000  -22.5000 7118.3193   26.4861
    0.0000   37.5000  -22.5000 7393.4624   26.5026
    7.5000   37.5000  -22.5000 7095.6270   26.4481
   -7.5000   45.0000  -22.5000 6200.9717   26.6994
    0.0000   45.0000  -22.5000 6436.0913   26.7262
    7.5000   45.0000  -22.5000 6193.8740   26.6628
   -7.5000  -45.0000  -15.000011935.5615   26.0241
    0.0000  -45.0000  -15.000012499.4590   26.0451
    7.5000  -45.0000  -15.000012023.2588   25.9877
   -7.5000  -37.5000  -15.000012049.8408   26.0074
    0.0000  -37.5000  -15.000012640.6895   26.0149
    7.5000  -37.5000  -15.000012122.0576   25.9581
   -7.5000  -30.0000  -15.000012524.1055   25.9850
    0.0000  -30.0000  -15.000013156.2627   25.9748
    7.5000  -30.0000  -15.000012588.5537   25.9214
   -7.5000  -22.5000  -15.000012949.6211   25.9905
    0.0000  -22.5000  -15.000013608.3389   25.9821
    7.5000  -22.5000  -15.000012983.6416   25.9348
   -7.5000  -15.0000  -15.000013191.8857   26.0165
    0.0000  -15.0000  -15.000013839.3350   26.0206
    7.5000  -15.0000  -15.000013195.6387   25.9723
   -7.5000   -7.5000  -15.000013314.4932   26.0337
    0.0000   -7.5000  -15.000013964.8438   26.0497
    7.5000   -7.5000  -15.000013273.4258   25.9946
   -7.5000    0.0000  -15.000013151.4316   26.0241
    0.0000    0.0000  -15.000013798.7227   26.0451
    7.5000    0.0000  -15.000013132.4268   25.9877
   -7.5000    7.5000  -15.000011974.9062   26.0074
    0.0000    7.5000  -15.000012552.6943   26.0149
    7.5000    7.5000  -15.000011974.3750   25.9581
   -7.5000   15.0000  -15.000010774.8936   26.1352
    0.0000   15.0000  -15.000011262.5771   26.1246
    7.5000   15.0000  -15.000010764.0967   26.0721
   -7.5000   22.5000  -15.0000 9558.7734   26.4096
    0.0000   22.5000  -15.0000 9973.5781   26.4019
    7.5000   22.5000  -15.0000 9546.9658   26.3543
   -7.5000   30.0000  -15.0000 8351.5938   26.4667
    0.0000   30.0000  -15.0000 8710.2129   26.4716
    7.5000   30.0000  -15.0000 8361.6328   26.4231
   -7.5000   37.5000  -15.0000 7557.7700   27.0705
    0.0000   37.5000  -15.0000 7847.0078   27.0840
    7.5000   37.5000  -15.0000 7536.7104   27.0191
   -7.5000   45.0000  -15.0000 6569.3745   27.3158
    0.0000   45.0000  -15.0000 6834.2969   27.3360
    7.5000   45.0000  -15.0000 6565.7139   27.2643
   -7.5000  -45.0000   -7.500012691.5479   26.3319
    0.0000  -45.0000   -7.500013262.2500   26.3538
    7.5000  -45.0000   -7.500012813.8428   26.2846
   -7.5000  -37.5000   -7.500012840.0430   26.3009
    0.0000  -37.5000   -7.500013392.7188   26.3035
    7.5000  -37.5000   -7.500012929.5342   26.2391
   -7.5000  -30.0000   -7.500013323.6797   26.2662
    0.0000  -30.0000   -7.500013929.9248   26.2472
    7.5000  -30.0000   -7.500013410.1875   26.1858
   -7.5000  -22.5000   -7.500013811.4043   26.2670
    0.0000  -22.5000   -7.500014447.9785   26.2499
    7.5000  -22.5000   -7.500013880.7480   26.1883
   -7.5000  -15.0000   -7.500014070.0986   26.2971
    0.0000  -15.0000   -7.500014694.6826   26.2976
    7.5000  -15.0000   -7.500014082.6182   26.2314
   -7.5000   -7.5000   -7.500014211.8457   26.3317
    0.0000   -7.5000   -7.500014834.4453   26.3497
    7.5000   -7.5000   -7.500014164.3770   26.2789
   -7.5000    0.0000   -7.500014107.4600   26.3319
    0.0000    0.0000   -7.500014736.8115   26.3538
    7.5000    0.0000   -7.500014081.3525   26.2846
   -7.5000    7.5000   -7.500012852.7393   26.3009
    0.0000    7.5000   -7.500013422.4395   26.3035
    7.5000    7.5000   -7.500012861.8184   26.2391
   -7.5000   15.0000   -7.500011581.0518   26.4118
    0.0000   15.0000   -7.500012074.3994   26.3919
    7.5000   15.0000   -7.500011585.1816   26.3301
   -7.5000   22.5000   -7.500010263.5342   26.6874
    0.0000   22.5000   -7.500010693.2080   26.6712
    7.5000   22.5000   -7.500010249.3047   26.6068
   -7.5000   30.0000   -7.5000 8956.4932   26.7478
    0.0000   30.0000   -7.5000 9339.4590   26.7471
    7.5000   30.0000   -7.5000 8956.8115   26.6776
   -7.5000   37.5000   -7.5000 8037.2832   27.3665
    0.0000   37.5000   -7.5000 8351.2793   27.3782
    7.5000   37.5000   -7.5000 8024.9478   27.2964
   -7.5000   45.0000   -7.5000 6961.7715   27.6299
    0.0000   45.0000   -7.5000 7233.9502   27.6461
    7.5000   45.0000   -7.5000 6949.8682   27.5616
   -7.5000  -45.0000    0.000013382.3291   26.4123
    0.0000  -45.0000    0.000013896.0781   26.4341
    7.5000  -45.0000    0.000013478.9072   26.3590
   -7.5000  -37.5000    0.000013507.7188   26.3701
    0.0000  -37.5000    0.000013968.1875   26.3684
    7.5000  -37.5000    0.000013565.7148   26.3022
   -7.5000  -30.0000    0.000014104.7197   26.3360
    0.0000  -30.0000    0.000014599.6348   26.3088
    7.5000  -30.0000    0.000014142.3213   26.2442
   -7.5000  -22.5000    0.000014581.1104   26.3488
    0.0000  -22.5000    0.000015132.4639   26.3236
    7.5000  -22.5000    0.000014642.6240   26.2536
   -7.5000  -15.0000    0.000014911.8262   26.3834
    0.0000  -15.0000    0.000015416.9473   26.3804
    7.5000  -15.0000    0.000014905.8232   26.3029
   -7.5000   -7.5000    0.000015025.1289   26.4170
    0.0000   -7.5000    0.000015584.6582   26.4355
    7.5000   -7.5000    0.000014996.6143   26.3545
   -7.5000    0.0000    0.000014900.0527   26.4123
    0.0000    0.0000    0.000015520.7871   26.4341
    7.5000    0.0000    0.000014894.0156   26.3590
   -7.5000    7.5000    0.000013591.0186   26.3701
    0.0000    7.5000    0.000014174.4688   26.3684
    7.5000    7.5000    0.000013626.8037   26.3022
   -7.5000   15.0000    0.000012297.3223   26.4817
    0.0000   15.0000    0.000012799.1094   26.4534
    7.5000   15.0000    0.000012314.5449   26.3876
   -7.5000   22.5000    0.000010897.7715   26.7740
    0.0000   22.5000    0.000011322.3506   26.7490
    7.5000   22.5000    0.000010875.4277   26.6763
   -7.5000   30.0000    0.0000 9470.5234   26.8363
    0.0000   30.0000    0.0000 9871.8701   26.8299
    7.5000   30.0000    0.0000 9451.5205   26.7493
   -7.5000   37.5000    0.0000 8474.7480   27.4543
    0.0000   37.5000    0.0000 8810.2344   27.4652
    7.5000   37.5000    0.0000 8436.1445   27.3757
   -7.5000   45.0000    0.0000 7321.3579   27.7163
    0.0000   45.0000    0.0000 7590.3779   27.7324
    7.5000   45.0000    0.0000 7266.4546   27.6425
   -7.5000  -45.0000    7.500013075.9805   26.4419
    0.0000  -45.0000    7.500013557.0664   26.4629
    7.5000  -45.0000    7.500013149.8818   26.3909
   -7.5000  -37.5000    7.500013238.6338   26.4068
    0.0000  -37.5000    7.500013659.2773   26.4056
    7.5000  -37.5000    7.500013299.4521   26.3419
   -7.5000  -30.0000    7.500013860.7549   26.3873
    0.0000  -30.0000    7.500014226.2158   26.3603
    7.5000  -30.0000    7.500013867.0713   26.2983
   -7.5000  -22.5000    7.500014254.8740   26.4152
    0.0000  -22.5000    7.500014643.1816   26.3909
    7.5000  -22.5000    7.500014284.5557   26.3267
   -7.5000  -15.0000    7.500014546.5459   26.4470
    0.0000  -15.0000    7.500014933.8457   26.4449
    7.5000  -15.0000    7.500014526.5566   26.3751
   -7.5000   -7.5000    7.500014611.8516   26.4603
    0.0000   -7.5000    7.500015041.7480   26.4777
    7.5000   -7.5000    7.500014593.7441   26.4017
   -7.5000    0.0000    7.500014480.7119   26.4419
    0.0000    0.0000    7.500015011.1406   26.4629
    7.5000    0.0000    7.500014467.9121   26.3909
   -7.5000    7.5000    7.500013243.2432   26.4068
    0.0000    7.5000    7.500013804.9893   26.4056
    7.5000    7.5000    7.500013279.3037   26.3419
   -7.5000   15.0000    7.500011977.6973   26.5396
    0.0000   15.0000    7.500012453.1406   26.5121
    7.5000   15.0000    7.500011982.0273   26.4492
   -7.5000   22.5000    7.500010576.9785   26.8455
    0.0000   22.5000    7.500010974.2695   26.8209
    7.5000   22.5000    7.500010569.4531   26.7566
   -7.5000   30.0000    7.5000 9202.9189   26.9058
    0.0000   30.0000    7.5000 9554.3730   26.9005
    7.5000   30.0000    7.5000 9178.9131   26.8313
   -7.5000   37.5000    7.5000 8240.6055   27.5123
    0.0000   37.5000    7.5000 8547.0859   27.5254
    7.5000   37.5000    7.5000 8201.6348   27.4451
   -7.5000   45.0000    7.5000 7104.4849   27.7621
    0.0000   45.0000    7.5000 7366.6597   27.7835
    7.5000   45.0000    7.5000 7070.2417   27.6980
   -7.5000  -45.0000   15.000012638.7363   26.4419
    0.0000  -45.0000   15.000013187.5547   26.4636
    7.5000  -45.0000   15.000012724.0615   26.4026
   -7.5000  -37.5000   15.000012804.1230   26.4211
    0.0000  -37.5000   15.000013305.3232   26.4257
    7.5000  -37.5000   15.000012887.9424   26.3683
   -7.5000  -30.0000   15.000013284.2373   26.4144
    0.0000  -30.0000   15.000013774.6592   26.3967
    7.5000  -30.0000   15.000013325.5312   26.3405
   -7.5000  -22.5000   15.000013694.2520   26.4484
    0.0000  -22.5000   15.000014176.4990   26.4336
    7.5000  -22.5000   15.000013708.7305   26.3818
   -7.5000  -15.0000   15.000013959.6016   26.4764
    0.0000  -15.0000   15.000014420.7510   26.4792
    7.5000  -15.0000   15.000013952.0410   26.4263
   -7.5000   -7.5000   15.000014031.4707   26.4713
    0.0000   -7.5000   15.000014456.5430   26.4882
    7.5000   -7.5000   15.000014003.9775   26.4272
   -7.5000    0.0000   15.000013874.3457   26.4419
    0.0000    0.0000   15.000014322.5068   26.4636
    7.5000    0.0000   15.000013834.9336   26.4026
   -7.5000    7.5000   15.000012674.7432   26.4211
    0.0000    7.5000   15.000013119.0693   26.4257
    7.5000    7.5000   15.000012690.9570   26.3683
   -7.5000   15.0000   15.000011469.5811   26.5741
    0.0000   15.0000   15.000011862.5264   26.5567
    7.5000   15.0000   15.000011465.0811   26.5007
   -7.5000   22.5000   15.000010120.9932   26.8811
    0.0000   22.5000   15.000010456.7021   26.8660
    7.5000   22.5000   15.000010083.9746   26.8167
   -7.5000   30.0000   15.0000 8805.5928   26.9402
    0.0000   30.0000   15.0000 9084.5459   26.9421
    7.5000   30.0000   15.0000 8770.1885   26.8932
   -7.5000   37.5000   15.0000 7910.6255   27.5371
    0.0000   37.5000   15.0000 8170.4419   27.5543
    7.5000   37.5000   15.0000 7888.2710   27.4907
   -7.5000   45.0000   15.0000 6805.9238   27.7757
    0.0000   45.0000   15.0000 7043.5625   27.8047
    7.5000   45.0000   15.0000 6783.5698   27.7312
   -7.5000  -45.0000   22.500012024.6035   26.4086
    0.0000  -45.0000   22.500012522.8086   26.4303
    7.5000  -45.0000   22.500012085.9170   26.3773
   -7.5000  -37.5000   22.500012172.2295   26.3947
    0.0000  -37.5000   22.500012636.7832   26.4040
    7.5000  -37.5000   22.500012223.6201   26.3509
   -7.5000  -30.0000   22.500012623.5283   26.3855
    0.0000  -30.0000   22.500013160.3652   26.3762
    7.5000  -30.0000   22.500012685.3281   26.3250
   -7.5000  -22.5000   22.500013093.0986   26.4094
    0.0000  -22.5000   22.500013654.6387   26.4020
    7.5000  -22.5000   22.500013131.1094   26.3582
   -7.5000  -15.0000   22.500013355.1729   26.4362
    0.0000  -15.0000   22.500013865.5254   26.4419
    7.5000  -15.0000   22.500013374.3857   26.3986
   -7.5000   -7.5000   22.500013397.3535   26.4342
    0.0000   -7.5000   22.500013840.4287   26.4504
    7.5000   -7.5000   22.500013372.9941   26.3995
   -7.5000    0.0000   22.500013169.7773   26.4086
    0.0000    0.0000   22.500013614.8477   26.4303
    7.5000    0.0000   22.500013132.9160   26.3773
   -7.5000    7.5000   22.500012025.5547   26.3947
    0.0000    7.5000   22.500012409.4375   26.4040
    7.5000    7.5000   22.500011999.4062   26.3509
   -7.5000   15.0000   22.500010859.1855   26.5449
    0.0000   15.0000   22.500011187.9258   26.5359
    7.5000   15.0000   22.500010827.1221   26.4859
   -7.5000   22.5000   22.5000 9557.8555   26.8376
    0.0000   22.5000   22.5000 9858.0801   26.8303
    7.5000   22.5000   22.5000 9514.1533   26.7888
   -7.5000   30.0000   22.5000 8311.9033   26.8982
    0.0000   30.0000   22.5000 8565.2607   26.9048
    7.5000   30.0000   22.5000 8281.6709   26.8648
   -7.5000   37.5000   22.5000 7484.1626   27.4985
    0.0000   37.5000   22.5000 7696.2329   27.5157
    7.5000   37.5000   22.5000 7447.0327   27.4591
   -7.5000   45.0000   22.5000 6429.2119   27.7402
    0.0000   45.0000   22.5000 6611.1978   27.7680
    7.5000   45.0000   22.5000 6404.0142   27.7021
   -7.5000  -45.0000   30.000011241.9902   26.3813
    0.0000  -45.0000   30.000011748.6602   26.4026
    7.5000  -45.0000   30.000011327.1348   26.3444
   -7.5000  -37.5000   30.000011363.0537   26.3644
    0.0000  -37.5000   30.000011821.1602   26.3720
    7.5000  -37.5000   30.000011379.2197   26.3144
   -7.5000  -30.0000   30.000011835.0244   26.3417
    0.0000  -30.0000   30.000012354.1553   26.3314
    7.5000  -30.0000   30.000011856.5898   26.2772
   -7.5000  -22.5000   30.000012269.0850   26.3473
    0.0000  -22.5000   30.000012826.3477   26.3387
    7.5000  -22.5000   30.000012316.3340   26.2908
   -7.5000  -15.0000   30.000012500.4893   26.3736
    0.0000  -15.0000   30.000013049.8662   26.3778
    7.5000  -15.0000   30.000012563.2744   26.3288
   -7.5000   -7.5000   30.000012525.9600   26.3910
    0.0000   -7.5000   30.000013020.7422   26.4073
    7.5000   -7.5000   30.000012528.3447   26.3513
   -7.5000    0.0000   30.000012334.7549   26.3813
    0.0000    0.0000   30.000012791.9844   26.4026
    7.5000    0.0000   30.000012320.9902   26.3444
   -7.5000    7.5000   30.000011249.7197   26.3644
    0.0000    7.5000   30.000011637.6094   26.3720
    7.5000    7.5000   30.000011215.5195   26.3144
   -7.5000   15.0000   30.000010164.0059   26.4939
    0.0000   15.0000   30.000010462.9639   26.4832
    7.5000   15.0000   30.000010152.2578   26.4300
   -7.5000   22.5000   30.0000 8931.2461   26.7692
    0.0000   22.5000   30.0000 9193.7695   26.7614
    7.5000   22.5000   30.0000 8899.6846   26.7132
   -7.5000   30.0000   30.0000 7745.0483   26.8300
    0.0000   30.0000   30.0000 7960.7119   26.8350
    7.5000   30.0000   30.0000 7708.4102   26.7858
   -7.5000   37.5000   30.0000 6965.6948   27.4420
    0.0000   37.5000   30.0000 7175.7988   27.4558
    7.5000   37.5000   30.0000 6937.3579   27.3900
   -7.5000   45.0000   30.0000 6005.6865   27.6980
    0.0000   45.0000   30.0000 6193.6865   27.7185
    7.5000   45.0000   30.0000 5967.7671   27.6458
   -7.5000  -45.0000   37.500010875.3994   26.5453
    0.0000  -45.0000   37.500011411.5781   26.5672
    7.5000  -45.0000   37.500010948.3633   26.4972
   -7.5000  -37.5000   37.500010970.3369   26.5138
    0.0000  -37.5000   37.500011466.8730   26.5165
    7.5000  -37.5000   37.500011002.1836   26.4514
   -7.5000  -30.0000   37.500011412.3301   26.4785
    0.0000  -30.0000   37.500011951.4570   26.4593
    7.5000  -30.0000   37.500011442.7998   26.3972
   -7.5000  -22.5000   37.500011806.1582   26.4792
    0.0000  -22.5000   37.500012366.6689   26.4616
    7.5000  -22.5000   37.500011865.6641   26.3992
   -7.5000  -15.0000   37.500012056.1396   26.5099
    0.0000  -15.0000   37.500012613.8213   26.5098
    7.5000  -15.0000   37.500012149.7354   26.4426
   -7.5000   -7.5000   37.500012061.6172   26.5450
    0.0000   -7.5000   37.500012596.4414   26.5626
    7.5000   -7.5000   37.500012100.7676   26.4909
   -7.5000    0.0000   37.500011881.6885   26.5453
    0.0000    0.0000   37.500012357.5820   26.5672
    7.5000    0.0000   37.500011881.4258   26.4972
   -7.5000    7.5000   37.500010816.4648   26.5138
    0.0000    7.5000   37.500011232.1494   26.5165
    7.5000    7.5000   37.500010815.0205   26.4514
   -7.5000   15.0000   37.5000 9801.4805   26.6261
    0.0000   15.0000   37.500010133.9404   26.6060
    7.5000   15.0000   37.5000 9767.5889   26.5435
   -7.5000   22.5000   37.5000 8610.5361   26.9058
    0.0000   22.5000   37.5000 8908.2432   26.8890
    7.5000   22.5000   37.5000 8586.1191   26.8238
   -7.5000   30.0000   37.5000 7477.7729   26.9699
    0.0000   30.0000   37.5000 7704.0010   26.9686
    7.5000   30.0000   37.5000 7455.7241   26.8981
   -7.5000   37.5000   37.5000 6723.9443   27.5977
    0.0000   37.5000   37.5000 6946.3184   27.6090
    7.5000   37.5000   37.5000 6708.0332   27.5260
   -7.5000   45.0000   37.5000 5809.8242   27.8705
    0.0000   45.0000   37.5000 6030.5210   27.8867
    7.5000   45.0000   37.5000 5776.4321   27.8011
   -7.5000  -45.0000   45.000010000.0000   26.7337
    0.0000  -45.0000   45.000010505.6270   26.7539
    7.5000  -45.0000   45.000010052.5889   26.6741
   -7.5000  -37.5000   45.000010065.0762   26.6884
    0.0000  -37.5000   45.000010547.1904   26.6855
    7.5000  -37.5000   45.000010107.5205   26.6160
   -7.5000  -30.0000   45.000010434.3633   26.6503
    0.0000  -30.0000   45.000010939.0234   26.6213
    7.5000  -30.0000   45.000010488.7588   26.5544
   -7.5000  -22.5000   45.000010811.3848   26.6626
    0.0000  -22.5000   45.000011321.7637   26.6343
    7.5000  -22.5000   45.000010868.3564   26.5617
   -7.5000  -15.0000   45.000011052.9082   26.7000
    0.0000  -15.0000   45.000011556.2324   26.6933
    7.5000  -15.0000   45.000011127.6895   26.6119
   -7.5000   -7.5000   45.000011087.9551   26.7374
    0.0000   -7.5000   45.000011572.4727   26.7529
    7.5000   -7.5000   45.000011135.3691   26.6669
   -7.5000    0.0000   45.000010884.0215   26.7337
    0.0000    0.0000   45.000011350.9424   26.7539
    7.5000    0.0000   45.000010935.9678   26.6741
   -7.5000    7.5000   45.0000 9897.1221   26.6884
    0.0000    7.5000   45.000010295.8467   26.6855
    7.5000    7.5000   45.0000 9926.5869   26.6160
   -7.5000   15.0000   45.0000 8925.3545   26.8006
    0.0000   15.0000   45.0000 9250.0000   26.7703
    7.5000   15.0000   45.0000 8913.3350   26.7022
   -7.5000   22.5000   45.0000 7891.1553   27.1012
    0.0000   22.5000   45.0000 8165.4951   27.0730
    7.5000   22.5000   45.0000 7878.7734   26.9975
   -7.5000   30.0000   45.0000 6890.9849   27.1713
    0.0000   30.0000   45.0000 7117.7876   27.1610
    7.5000   30.0000   45.0000 6860.7695   27.0762
   -7.5000   37.5000   45.0000 6201.9800   27.8118
    0.0000   37.5000   45.0000 6409.0415   27.8194
    7.5000   37.5000   45.0000 6185.6084   27.7243
   -7.5000   45.0000   45.0000 5350.4849   28.1096
    0.0000   45.0000   45.0000 5527.7412   28.1238
    7.5000   45.0000   45.0000 5336.8315   28.0280

---------------------------------------------------------------------
imgreg_4dfp /opt/freesurfer/average/711-2C_as_mni_average_305 /opt/freesurfer/average/711-2B_as_mni_average_305_mask talsrcimg_g11 none talsrcimg_to_711-2C_as_mni_average_305_t4 4355
---------------------------------------------------------------------

freesurfer imgreg_4dfp.c
/opt/freesurfer/average/711-2C_as_mni_average_305.4dfp.img
       256       256       256         1
  1.000000  1.000000  1.000000
orientation T byte_order littleendian
Reading image: /opt/freesurfer/average/711-2C_as_mni_average_305.4dfp.img
dimensions:      256       256       256
mmppix:       1.0000   -1.0000   -1.0000
center:     128.0000 -129.0000 -129.0000
/opt/freesurfer/average/711-2B_as_mni_average_305_mask.4dfp.img
       256       256       256         1
  1.000000  1.000000  1.000000
orientation T byte_order littleendian
Reading mask: /opt/freesurfer/average/711-2B_as_mni_average_305_mask.4dfp.img (2306576 pixels)
talsrcimg_g11.4dfp.img
       256       256       256         1
  1.000000  1.000000  1.000000
orientation T byte_order littleendian
Reading image: talsrcimg_g11.4dfp.img
dimensions:      256       256       256
mmppix:       1.0000   -1.0000   -1.0000
center:     128.0000 -129.0000 -129.0000
rotation matrix determinant  1.000000
image alignment mode   4355 decimal     1103 hex
   -7.5000  -52.5000  -45.0000 2266.1770   22.9670
    0.0000  -52.5000  -45.0000 2292.8062   22.7113
    7.5000  -52.5000  -45.0000 2276.8032   22.8221
   -7.5000  -45.0000  -45.0000 2279.2988   22.6663
    0.0000  -45.0000  -45.0000 2309.1572   22.3821
    7.5000  -45.0000  -45.0000 2286.8645   22.5726
   -7.5000  -37.5000  -45.0000 2273.0496   22.7394
    0.0000  -37.5000  -45.0000 2302.3757   22.3821
    7.5000  -37.5000  -45.0000 2279.2544   22.5488
   -7.5000  -30.0000  -45.0000 2243.2500   23.1123
    0.0000  -30.0000  -45.0000 2276.0593   22.7211
    7.5000  -30.0000  -45.0000 2256.7554   22.9179
   -7.5000  -22.5000  -45.0000 2208.4678   23.9901
    0.0000  -22.5000  -45.0000 2242.2939   23.5976
    7.5000  -22.5000  -45.0000 2221.2686   23.7198
   -7.5000  -15.0000  -45.0000 2147.5896   25.2035
    0.0000  -15.0000  -45.0000 2185.3137   24.8593
    7.5000  -15.0000  -45.0000 2160.9768   24.9987
   -7.5000   -7.5000  -45.0000 2073.5918   26.8077
    0.0000   -7.5000  -45.0000 2111.8445   26.3817
    7.5000   -7.5000  -45.0000 2089.6479   26.5779
   -7.5000    0.0000  -45.0000 1986.6742   28.9401
    0.0000    0.0000  -45.0000 2016.7511   28.4415
    7.5000    0.0000  -45.0000 1994.9712   28.7166
   -7.5000    7.5000  -45.0000 1885.6414   31.7721
    0.0000    7.5000  -45.0000 1910.0846   31.2724
    7.5000    7.5000  -45.0000 1889.5685   31.5034
   -7.5000   15.0000  -45.0000 1770.4155   35.7797
    0.0000   15.0000  -45.0000 1798.9020   35.2284
    7.5000   15.0000  -45.0000 1775.6727   35.4177
   -7.5000   22.5000  -45.0000 1650.3920   41.3583
    0.0000   22.5000  -45.0000 1671.7129   40.7626
    7.5000   22.5000  -45.0000 1645.8439   41.0875
   -7.5000   30.0000  -45.0000 1524.5363   49.2862
    0.0000   30.0000  -45.0000 1540.7661   48.5650
    7.5000   30.0000  -45.0000 1524.4601   49.0168
   -7.5000   37.5000  -45.0000 1385.1154   60.4523
    0.0000   37.5000  -45.0000 1408.0759   59.8635
    7.5000   37.5000  -45.0000 1394.9617   60.3926
   -7.5000  -52.5000  -37.5000 2361.6277   21.1858
    0.0000  -52.5000  -37.5000 2394.1113   20.9595
    7.5000  -52.5000  -37.5000 2371.6089   21.0563
   -7.5000  -45.0000  -37.5000 2377.1311   20.9021
    0.0000  -45.0000  -37.5000 2412.2378   20.6512
    7.5000  -45.0000  -37.5000 2385.8594   20.8009
   -7.5000  -37.5000  -37.5000 2370.1382   20.9017
    0.0000  -37.5000  -37.5000 2408.3547   20.6085
    7.5000  -37.5000  -37.5000 2384.8765   20.7648
   -7.5000  -30.0000  -37.5000 2347.1794   21.2474
    0.0000  -30.0000  -37.5000 2384.5195   20.9095
    7.5000  -30.0000  -37.5000 2366.0757   21.0813
   -7.5000  -22.5000  -37.5000 2309.0830   22.0316
    0.0000  -22.5000  -37.5000 2345.5940   21.6978
    7.5000  -22.5000  -37.5000 2324.0137   21.7867
   -7.5000  -15.0000  -37.5000 2241.9153   23.1758
    0.0000  -15.0000  -37.5000 2281.2185   22.8497
    7.5000  -15.0000  -37.5000 2257.8875   22.9590
   -7.5000   -7.5000  -37.5000 2166.0596   24.5675
    0.0000   -7.5000  -37.5000 2202.3184   24.2507
    7.5000   -7.5000  -37.5000 2176.8088   24.4255
   -7.5000    0.0000  -37.5000 2072.8430   26.4856
    0.0000    0.0000  -37.5000 2101.0491   26.1076
    7.5000    0.0000  -37.5000 2077.3054   26.3390
   -7.5000    7.5000  -37.5000 1966.9230   29.0680
    0.0000    7.5000  -37.5000 1994.6251   28.6223
    7.5000    7.5000  -37.5000 1975.5648   28.8571
   -7.5000   15.0000  -37.5000 1848.0034   32.7062
    0.0000   15.0000  -37.5000 1875.6217   32.1459
    7.5000   15.0000  -37.5000 1854.7452   32.4257
   -7.5000   22.5000  -37.5000 1721.2727   37.6313
    0.0000   22.5000  -37.5000 1747.5808   37.1851
    7.5000   22.5000  -37.5000 1723.1047   37.5014
   -7.5000   30.0000  -37.5000 1590.3071   44.6140
    0.0000   30.0000  -37.5000 1613.8080   44.0775
    7.5000   30.0000  -37.5000 1600.7885   44.4968
   -7.5000   37.5000  -37.5000 1451.1598   54.1638
    0.0000   37.5000  -37.5000 1470.2347   53.8863
    7.5000   37.5000  -37.5000 1453.2279   54.3315
   -7.5000  -52.5000  -30.0000 2495.0027   20.2151
    0.0000  -52.5000  -30.0000 2529.9958   20.0320
    7.5000  -52.5000  -30.0000 2507.6067   20.0766
   -7.5000  -45.0000  -30.0000 2510.1941   19.9441
    0.0000  -45.0000  -30.0000 2550.1416   19.7883
    7.5000  -45.0000  -30.0000 2524.0144   19.8606
   -7.5000  -37.5000  -30.0000 2513.2520   19.9607
    0.0000  -37.5000  -30.0000 2556.5657   19.7300
    7.5000  -37.5000  -30.0000 2528.2561   19.7942
   -7.5000  -30.0000  -30.0000 2499.4136   20.2862
    0.0000  -30.0000  -30.0000 2541.2136   20.0153
    7.5000  -30.0000  -30.0000 2515.6184   20.1181
   -7.5000  -22.5000  -30.0000 2460.5598   21.0208
    0.0000  -22.5000  -30.0000 2497.2178   20.7137
    7.5000  -22.5000  -30.0000 2474.7661   20.8290
   -7.5000  -15.0000  -30.0000 2389.1086   22.0109
    0.0000  -15.0000  -30.0000 2427.7751   21.7426
    7.5000  -15.0000  -30.0000 2403.4368   21.8837
   -7.5000   -7.5000  -30.0000 2302.8149   23.3561
    0.0000   -7.5000  -30.0000 2341.1064   23.0671
    7.5000   -7.5000  -30.0000 2315.0781   23.2515
   -7.5000    0.0000  -30.0000 2204.0051   25.1409
    0.0000    0.0000  -30.0000 2237.0103   24.8120
    7.5000    0.0000  -30.0000 2210.8059   25.0209
   -7.5000    7.5000  -30.0000 2089.7542   27.6391
    0.0000    7.5000  -30.0000 2119.5205   27.2285
    7.5000    7.5000  -30.0000 2097.2922   27.4600
   -7.5000   15.0000  -30.0000 1961.5724   30.9922
    0.0000   15.0000  -30.0000 1992.0924   30.5040
    7.5000   15.0000  -30.0000 1967.8984   30.7416
   -7.5000   22.5000  -30.0000 1831.4939   35.5604
    0.0000   22.5000  -30.0000 1857.6049   35.1765
    7.5000   22.5000  -30.0000 1834.6217   35.5230
   -7.5000   30.0000  -30.0000 1692.7417   42.0689
    0.0000   30.0000  -30.0000 1716.5647   41.5642
    7.5000   30.0000  -30.0000 1697.7328   42.0549
   -7.5000   37.5000  -30.0000 1543.1636   50.8309
    0.0000   37.5000  -30.0000 1560.9301   50.2581
    7.5000   37.5000  -30.0000 1547.1980   50.8411
   -7.5000  -52.5000  -22.5000 2595.6895   19.0342
    0.0000  -52.5000  -22.5000 2633.5703   18.8584
    7.5000  -52.5000  -22.5000 2612.4380   18.8806
   -7.5000  -45.0000  -22.5000 2620.1753   18.7603
    0.0000  -45.0000  -22.5000 2657.8621   18.5828
    7.5000  -45.0000  -22.5000 2636.3533   18.6148
   -7.5000  -37.5000  -22.5000 2631.2114   18.8237
    0.0000  -37.5000  -22.5000 2677.1956   18.6422
    7.5000  -37.5000  -22.5000 2646.8599   18.6599
   -7.5000  -30.0000  -22.5000 2620.0149   19.2368
    0.0000  -30.0000  -22.5000 2667.6162   18.9972
    7.5000  -30.0000  -22.5000 2638.1975   19.0708
   -7.5000  -22.5000  -22.5000 2584.3503   19.9074
    0.0000  -22.5000  -22.5000 2627.8047   19.6592
    7.5000  -22.5000  -22.5000 2599.3022   19.7669
   -7.5000  -15.0000  -22.5000 2511.5398   20.8047
    0.0000  -15.0000  -22.5000 2555.9341   20.5723
    7.5000  -15.0000  -22.5000 2527.3328   20.6723
   -7.5000   -7.5000  -22.5000 2422.7993   22.0285
    0.0000   -7.5000  -22.5000 2463.0901   21.7418
    7.5000   -7.5000  -22.5000 2433.7129   21.9237
   -7.5000    0.0000  -22.5000 2314.2920   23.6717
    0.0000    0.0000  -22.5000 2352.8743   23.3775
    7.5000    0.0000  -22.5000 2327.7617   23.5779
   -7.5000    7.5000  -22.5000 2195.7949   26.0455
    0.0000    7.5000  -22.5000 2225.2009   25.7148
    7.5000    7.5000  -22.5000 2206.0095   25.8601
   -7.5000   15.0000  -22.5000 2061.6904   29.2433
    0.0000   15.0000  -22.5000 2089.6104   28.8757
    7.5000   15.0000  -22.5000 2068.7791   29.0363
   -7.5000   22.5000  -22.5000 1919.3993   33.5309
    0.0000   22.5000  -22.5000 1950.4926   33.1883
    7.5000   22.5000  -22.5000 1924.8949   33.4292
   -7.5000   30.0000  -22.5000 1773.6750   39.4508
    0.0000   30.0000  -22.5000 1804.2598   39.0041
    7.5000   30.0000  -22.5000 1780.1104   39.2835
   -7.5000   37.5000  -22.5000 1624.2615   47.2183
    0.0000   37.5000  -22.5000 1644.6323   46.8202
    7.5000   37.5000  -22.5000 1629.0972   47.2839
   -7.5000  -52.5000  -15.0000 2662.5054   17.8677
    0.0000  -52.5000  -15.0000 2707.0103   17.6253
    7.5000  -52.5000  -15.0000 2682.9417   17.7054
   -7.5000  -45.0000  -15.0000 2697.2805   17.5407
    0.0000  -45.0000  -15.0000 2742.3989   17.2998
    7.5000  -45.0000  -15.0000 2718.9561   17.3996
   -7.5000  -37.5000  -15.0000 2706.5750   17.6324
    0.0000  -37.5000  -15.0000 2756.3010   17.3751
    7.5000  -37.5000  -15.0000 2725.5679   17.4169
   -7.5000  -30.0000  -15.0000 2701.0034   18.1088
    0.0000  -30.0000  -15.0000 2759.7749   17.8848
    7.5000  -30.0000  -15.0000 2723.9385   17.9048
   -7.5000  -22.5000  -15.0000 2675.4619   18.8153
    0.0000  -22.5000  -15.0000 2736.4592   18.6037
    7.5000  -22.5000  -15.0000 2701.3159   18.6634
   -7.5000  -15.0000  -15.0000 2610.9250   19.6999
    0.0000  -15.0000  -15.0000 2661.9272   19.4697
    7.5000  -15.0000  -15.0000 2631.3594   19.5465
   -7.5000   -7.5000  -15.0000 2519.0203   20.8383
    0.0000   -7.5000  -15.0000 2567.4785   20.5716
    7.5000   -7.5000  -15.0000 2532.2234   20.6926
   -7.5000    0.0000  -15.0000 2403.8630   22.4193
    0.0000    0.0000  -15.0000 2449.1582   22.1319
    7.5000    0.0000  -15.0000 2418.7803   22.2822
   -7.5000    7.5000  -15.0000 2274.6997   24.6965
    0.0000    7.5000  -15.0000 2314.8281   24.3638
    7.5000    7.5000  -15.0000 2289.4163   24.4819
   -7.5000   15.0000  -15.0000 2129.7000   27.7097
    0.0000   15.0000  -15.0000 2159.5691   27.3110
    7.5000   15.0000  -15.0000 2140.7375   27.4518
   -7.5000   22.5000  -15.0000 1984.1611   31.7273
    0.0000   22.5000  -15.0000 2016.2054   31.1816
    7.5000   22.5000  -15.0000 1990.8617   31.4170
   -7.5000   30.0000  -15.0000 1829.6488   37.0971
    0.0000   30.0000  -15.0000 1863.5955   36.5499
    7.5000   30.0000  -15.0000 1835.7896   36.8677
   -7.5000   37.5000  -15.0000 1676.1932   44.1653
    0.0000   37.5000  -15.0000 1704.1254   43.6331
    7.5000   37.5000  -15.0000 1679.4858   43.9310
   -7.5000  -52.5000   -7.5000 2721.7466   16.8764
    0.0000  -52.5000   -7.5000 2769.7153   16.5751
    7.5000  -52.5000   -7.5000 2747.8833   16.7394
   -7.5000  -45.0000   -7.5000 2765.0969   16.4958
    0.0000  -45.0000   -7.5000 2820.4812   16.1942
    7.5000  -45.0000   -7.5000 2793.0271   16.3857
   -7.5000  -37.5000   -7.5000 2784.6985   16.5690
    0.0000  -37.5000   -7.5000 2839.8169   16.2563
    7.5000  -37.5000   -7.5000 2810.2788   16.3909
   -7.5000  -30.0000   -7.5000 2776.5825   17.0848
    0.0000  -30.0000   -7.5000 2840.0759   16.8228
    7.5000  -30.0000   -7.5000 2804.9170   16.8807
   -7.5000  -22.5000   -7.5000 2751.0452   17.8179
    0.0000  -22.5000   -7.5000 2811.1731   17.5342
    7.5000  -22.5000   -7.5000 2777.7681   17.5878
   -7.5000  -15.0000   -7.5000 2683.1890   18.7064
    0.0000  -15.0000   -7.5000 2744.7817   18.4201
    7.5000  -15.0000   -7.5000 2707.1082   18.4943
   -7.5000   -7.5000   -7.5000 2591.0276   19.8815
    0.0000   -7.5000   -7.5000 2648.5046   19.5949
    7.5000   -7.5000   -7.5000 2610.1824   19.7095
   -7.5000    0.0000   -7.5000 2473.2239   21.3997
    0.0000    0.0000   -7.5000 2524.5525   21.1099
    7.5000    0.0000   -7.5000 2491.8718   21.2796
   -7.5000    7.5000   -7.5000 2339.6035   23.5361
    0.0000    7.5000   -7.5000 2384.0686   23.2282
    7.5000    7.5000   -7.5000 2357.6165   23.3846
   -7.5000   15.0000   -7.5000 2188.4785   26.3509
    0.0000   15.0000   -7.5000 2222.0342   25.9569
    7.5000   15.0000   -7.5000 2200.0540   26.1255
   -7.5000   22.5000   -7.5000 2034.4030   30.0500
    0.0000   22.5000   -7.5000 2063.5811   29.5630
    7.5000   22.5000   -7.5000 2046.1648   29.8667
   -7.5000   30.0000   -7.5000 1870.4412   35.0099
    0.0000   30.0000   -7.5000 1897.7528   34.3946
    7.5000   30.0000   -7.5000 1877.7870   34.8678
   -7.5000   37.5000   -7.5000 1705.4578   41.2840
    0.0000   37.5000   -7.5000 1731.5541   40.7794
    7.5000   37.5000   -7.5000 1717.7788   41.3015
   -7.5000  -52.5000    0.0000 2754.1389   16.2694
    0.0000  -52.5000    0.0000 2793.2395   15.8595
    7.5000  -52.5000    0.0000 2778.4746   16.1303
   -7.5000  -45.0000    0.0000 2806.6570   15.8193
    0.0000  -45.0000    0.0000 2860.4526   15.4068
    7.5000  -45.0000    0.0000 2835.4097   15.6783
   -7.5000  -37.5000    0.0000 2847.5857   15.7644
    0.0000  -37.5000    0.0000 2898.9697   15.3195
    7.5000  -37.5000    0.0000 2866.9929   15.6381
   -7.5000  -30.0000    0.0000 2842.0095   16.3229
    0.0000  -30.0000    0.0000 2893.9734   15.9152
    7.5000  -30.0000    0.0000 2866.8972   16.1301
   -7.5000  -22.5000    0.0000 2812.2019   17.0926
    0.0000  -22.5000    0.0000 2872.9336   16.7086
    7.5000  -22.5000    0.0000 2841.9287   16.8540
   -7.5000  -15.0000    0.0000 2742.8215   17.9618
    0.0000  -15.0000    0.0000 2799.9001   17.6383
    7.5000  -15.0000    0.0000 2761.4246   17.8013
   -7.5000   -7.5000    0.0000 2642.0417   19.1654
    0.0000   -7.5000    0.0000 2704.3579   18.8168
    7.5000   -7.5000    0.0000 2663.9661   19.0343
   -7.5000    0.0000    0.0000 2523.2493   20.7245
    0.0000    0.0000    0.0000 2575.9224   20.3986
    7.5000    0.0000    0.0000 2538.6753   20.5644
   -7.5000    7.5000    0.0000 2379.2051   22.7454
    0.0000    7.5000    0.0000 2420.4465   22.4504
    7.5000    7.5000    0.0000 2398.5972   22.6578
   -7.5000   15.0000    0.0000 2225.8157   25.5324
    0.0000   15.0000    0.0000 2258.7334   25.1744
    7.5000   15.0000    0.0000 2241.6235   25.3413
   -7.5000   22.5000    0.0000 2066.3728   28.9803
    0.0000   22.5000    0.0000 2098.7095   28.5532
    7.5000   22.5000    0.0000 2075.5750   28.8610
   -7.5000   30.0000    0.0000 1888.8235   33.5082
    0.0000   30.0000    0.0000 1924.0897   33.0718
    7.5000   30.0000    0.0000 1894.2291   33.4587
   -7.5000   37.5000    0.0000 1722.3438   39.4215
    0.0000   37.5000    0.0000 1752.8230   38.9996
    7.5000   37.5000    0.0000 1734.3038   39.5021
   -7.5000  -52.5000    7.5000 2763.2131   16.0524
    0.0000  -52.5000    7.5000 2798.7820   15.5392
    7.5000  -52.5000    7.5000 2784.0820   15.8419
   -7.5000  -45.0000    7.5000 2826.5056   15.5304
    0.0000  -45.0000    7.5000 2876.5051   15.0858
    7.5000  -45.0000    7.5000 2848.3313   15.3350
   -7.5000  -37.5000    7.5000 2869.0457   15.4397
    0.0000  -37.5000    7.5000 2928.5144   14.9725
    7.5000  -37.5000    7.5000 2895.8469   15.2786
   -7.5000  -30.0000    7.5000 2881.3740   15.8618
    0.0000  -30.0000    7.5000 2936.4380   15.3739
    7.5000  -30.0000    7.5000 2904.3872   15.6521
   -7.5000  -22.5000    7.5000 2846.7197   16.5991
    0.0000  -22.5000    7.5000 2904.5847   16.1951
    7.5000  -22.5000    7.5000 2875.1553   16.4225
   -7.5000  -15.0000    7.5000 2773.3840   17.5298
    0.0000  -15.0000    7.5000 2826.7976   17.1654
    7.5000  -15.0000    7.5000 2794.2112   17.4164
   -7.5000   -7.5000    7.5000 2672.6453   18.7506
    0.0000   -7.5000    7.5000 2723.0889   18.4030
    7.5000   -7.5000    7.5000 2692.7349   18.6315
   -7.5000    0.0000    7.5000 2546.5266   20.3024
    0.0000    0.0000    7.5000 2593.6460   20.0026
    7.5000    0.0000    7.5000 2559.7783   20.1913
   -7.5000    7.5000    7.5000 2403.2756   22.3269
    0.0000    7.5000    7.5000 2444.1582   22.0503
    7.5000    7.5000    7.5000 2417.0405   22.2204
   -7.5000   15.0000    7.5000 2250.6404   25.0364
    0.0000   15.0000    7.5000 2282.2188   24.7506
    7.5000   15.0000    7.5000 2258.4192   24.8981
   -7.5000   22.5000    7.5000 2082.7283   28.4313
    0.0000   22.5000    7.5000 2113.7830   28.1752
    7.5000   22.5000    7.5000 2087.7019   28.3840
   -7.5000   30.0000    7.5000 1901.4143   32.8322
    0.0000   30.0000    7.5000 1931.7944   32.5070
    7.5000   30.0000    7.5000 1909.1390   32.7095
   -7.5000   37.5000    7.5000 1733.4189   38.6251
    0.0000   37.5000    7.5000 1759.9677   38.1263
    7.5000   37.5000    7.5000 1744.4153   38.4561
   -7.5000  -52.5000   15.0000 2739.3682   16.0270
    0.0000  -52.5000   15.0000 2777.5803   15.5583
    7.5000  -52.5000   15.0000 2764.3516   15.7827
   -7.5000  -45.0000   15.0000 2813.2654   15.5772
    0.0000  -45.0000   15.0000 2859.7971   15.1208
    7.5000  -45.0000   15.0000 2840.0200   15.3342
   -7.5000  -37.5000   15.0000 2856.1501   15.4970
    0.0000  -37.5000   15.0000 2910.9988   15.0769
    7.5000  -37.5000   15.0000 2884.5151   15.2940
   -7.5000  -30.0000   15.0000 2865.3306   15.7280
    0.0000  -30.0000   15.0000 2923.2991   15.3625
    7.5000  -30.0000   15.0000 2892.1426   15.5115
   -7.5000  -22.5000   15.0000 2841.0159   16.3738
    0.0000  -22.5000   15.0000 2892.8281   16.0064
    7.5000  -22.5000   15.0000 2861.0674   16.1822
   -7.5000  -15.0000   15.0000 2773.1655   17.3231
    0.0000  -15.0000   15.0000 2816.9517   17.0314
    7.5000  -15.0000   15.0000 2791.8286   17.1651
   -7.5000   -7.5000   15.0000 2675.2468   18.6707
    0.0000   -7.5000   15.0000 2716.3215   18.3971
    7.5000   -7.5000   15.0000 2693.3918   18.4985
   -7.5000    0.0000   15.0000 2549.0901   20.3069
    0.0000    0.0000   15.0000 2590.1133   20.0282
    7.5000    0.0000   15.0000 2563.9260   20.1552
   -7.5000    7.5000   15.0000 2402.7031   22.3649
    0.0000    7.5000   15.0000 2439.0801   22.0471
    7.5000    7.5000   15.0000 2418.6248   22.1957
   -7.5000   15.0000   15.0000 2248.6184   24.9941
    0.0000   15.0000   15.0000 2278.0205   24.6419
    7.5000   15.0000   15.0000 2254.8848   24.8032
   -7.5000   22.5000   15.0000 2082.0305   28.2697
    0.0000   22.5000   15.0000 2109.8928   28.0071
    7.5000   22.5000   15.0000 2088.0281   28.1933
   -7.5000   30.0000   15.0000 1904.3799   32.5651
    0.0000   30.0000   15.0000 1930.8746   32.2851
    7.5000   30.0000   15.0000 1911.8900   32.4727
   -7.5000   37.5000   15.0000 1736.6760   38.3245
    0.0000   37.5000   15.0000 1760.6335   37.9307
    7.5000   37.5000   15.0000 1744.2114   38.2717
   -7.5000  -52.5000   22.5000 2694.3037   16.3332
    0.0000  -52.5000   22.5000 2735.0422   15.8908
    7.5000  -52.5000   22.5000 2718.0461   16.0826
   -7.5000  -45.0000   22.5000 2766.8582   15.8767
    0.0000  -45.0000   22.5000 2814.9526   15.4598
    7.5000  -45.0000   22.5000 2791.6660   15.6481
   -7.5000  -37.5000   22.5000 2813.5676   15.7718
    0.0000  -37.5000   22.5000 2872.8638   15.3408
    7.5000  -37.5000   22.5000 2843.2053   15.5433
   -7.5000  -30.0000   22.5000 2817.5906   15.9163
    0.0000  -30.0000   22.5000 2886.8018   15.5333
    7.5000  -30.0000   22.5000 2854.5881   15.7152
   -7.5000  -22.5000   22.5000 2801.4641   16.5822
    0.0000  -22.5000   22.5000 2856.9421   16.2419
    7.5000  -22.5000   22.5000 2826.4626   16.3873
   -7.5000  -15.0000   22.5000 2742.0752   17.6135
    0.0000  -15.0000   22.5000 2785.3301   17.3259
    7.5000  -15.0000   22.5000 2763.6294   17.4440
   -7.5000   -7.5000   22.5000 2654.2468   18.9635
    0.0000   -7.5000   22.5000 2691.0410   18.6820
    7.5000   -7.5000   22.5000 2673.3750   18.7804
   -7.5000    0.0000   22.5000 2533.3655   20.5970
    0.0000    0.0000   22.5000 2572.0845   20.3355
    7.5000    0.0000   22.5000 2545.8596   20.4130
   -7.5000    7.5000   22.5000 2391.3479   22.6438
    0.0000    7.5000   22.5000 2427.1594   22.3389
    7.5000    7.5000   22.5000 2405.3533   22.4239
   -7.5000   15.0000   22.5000 2233.7117   25.1937
    0.0000   15.0000   22.5000 2266.2026   24.8094
    7.5000   15.0000   22.5000 2245.4888   24.8983
   -7.5000   22.5000   22.5000 2066.2336   28.3967
    0.0000   22.5000   22.5000 2097.0620   28.0079
    7.5000   22.5000   22.5000 2077.4050   28.1998
   -7.5000   30.0000   22.5000 1896.3693   32.6621
    0.0000   30.0000   22.5000 1915.9109   32.1895
    7.5000   30.0000   22.5000 1901.7462   32.4567
   -7.5000   37.5000   22.5000 1729.8439   38.3787
    0.0000   37.5000   22.5000 1749.7292   37.9107
    7.5000   37.5000   22.5000 1738.5895   38.1108
   -7.5000  -52.5000   30.0000 2626.2346   17.0040
    0.0000  -52.5000   30.0000 2677.6323   16.6427
    7.5000  -52.5000   30.0000 2651.9285   16.7673
   -7.5000  -45.0000   30.0000 2697.6631   16.4908
    0.0000  -45.0000   30.0000 2747.3945   16.1282
    7.5000  -45.0000   30.0000 2721.3977   16.2776
   -7.5000  -37.5000   30.0000 2751.7007   16.2793
    0.0000  -37.5000   30.0000 2798.3994   15.8554
    7.5000  -37.5000   30.0000 2771.9180   16.0396
   -7.5000  -30.0000   30.0000 2763.6797   16.3862
    0.0000  -30.0000   30.0000 2819.3223   16.0181
    7.5000  -30.0000   30.0000 2789.1858   16.1270
   -7.5000  -22.5000   30.0000 2739.0505   17.0019
    0.0000  -22.5000   30.0000 2793.9441   16.6862
    7.5000  -22.5000   30.0000 2765.7205   16.8121
   -7.5000  -15.0000   30.0000 2672.3945   18.0577
    0.0000  -15.0000   30.0000 2715.8911   17.7573
    7.5000  -15.0000   30.0000 2698.4771   17.8934
   -7.5000   -7.5000   30.0000 2589.4436   19.4094
    0.0000   -7.5000   30.0000 2629.3059   19.1170
    7.5000   -7.5000   30.0000 2608.4294   19.2654
   -7.5000    0.0000   30.0000 2484.5146   21.0419
    0.0000    0.0000   30.0000 2523.7446   20.7182
    7.5000    0.0000   30.0000 2503.6716   20.8827
   -7.5000    7.5000   30.0000 2358.6692   23.0971
    0.0000    7.5000   30.0000 2395.2388   22.7528
    7.5000    7.5000   30.0000 2372.0378   22.9061
   -7.5000   15.0000   30.0000 2207.5073   25.6708
    0.0000   15.0000   30.0000 2230.6912   25.2861
    7.5000   15.0000   30.0000 2218.5620   25.3533
   -7.5000   22.5000   30.0000 2038.5685   28.8472
    0.0000   22.5000   30.0000 2067.9097   28.3995
    7.5000   22.5000   30.0000 2056.6619   28.5190
   -7.5000   30.0000   30.0000 1871.2236   33.0359
    0.0000   30.0000   30.0000 1891.9495   32.4189
    7.5000   30.0000   30.0000 1879.7238   32.6405
   -7.5000   37.5000   30.0000 1710.9872   38.5378
    0.0000   37.5000   30.0000 1734.3409   37.9625
    7.5000   37.5000   30.0000 1716.2239   38.2769
   -7.5000  -52.5000   37.5000 2555.5166   17.9489
    0.0000  -52.5000   37.5000 2600.2939   17.6420
    7.5000  -52.5000   37.5000 2577.4775   17.7621
   -7.5000  -45.0000   37.5000 2626.7932   17.3168
    0.0000  -45.0000   37.5000 2674.7822   17.0182
    7.5000  -45.0000   37.5000 2644.6741   17.1478
   -7.5000  -37.5000   37.5000 2677.8176   17.0804
    0.0000  -37.5000   37.5000 2724.0903   16.7230
    7.5000  -37.5000   37.5000 2694.4287   16.8663
   -7.5000  -30.0000   37.5000 2689.0022   17.2043
    0.0000  -30.0000   37.5000 2732.7402   16.8895
    7.5000  -30.0000   37.5000 2704.3396   16.9713
   -7.5000  -22.5000   37.5000 2661.7905   17.7559
    0.0000  -22.5000   37.5000 2704.3027   17.4969
    7.5000  -22.5000   37.5000 2680.3247   17.5862
   -7.5000  -15.0000   37.5000 2601.6064   18.7604
    0.0000  -15.0000   37.5000 2639.1978   18.4776
    7.5000  -15.0000   37.5000 2622.4155   18.5868
   -7.5000   -7.5000   37.5000 2520.2422   20.1094
    0.0000   -7.5000   37.5000 2557.7681   19.7749
    7.5000   -7.5000   37.5000 2534.3337   19.9296
   -7.5000    0.0000   37.5000 2424.1570   21.7736
    0.0000    0.0000   37.5000 2452.4534   21.4226
    7.5000    0.0000   37.5000 2431.6284   21.5850
   -7.5000    7.5000   37.5000 2310.7722   23.7611
    0.0000    7.5000   37.5000 2338.9858   23.3890
    7.5000    7.5000   37.5000 2321.7327   23.5998
   -7.5000   15.0000   37.5000 2166.7468   26.2611
    0.0000   15.0000   37.5000 2188.1658   25.9046
    7.5000   15.0000   37.5000 2171.9119   26.0707
   -7.5000   22.5000   37.5000 2005.4456   29.5038
    0.0000   22.5000   37.5000 2035.5848   29.0763
    7.5000   22.5000   37.5000 2012.5931   29.3157
   -7.5000   30.0000   37.5000 1841.9005   33.6997
    0.0000   30.0000   37.5000 1865.8865   33.2421
    7.5000   30.0000   37.5000 1848.2102   33.4997
   -7.5000   37.5000   37.5000 1687.1034   39.1845
    0.0000   37.5000   37.5000 1706.6533   38.6676
    7.5000   37.5000   37.5000 1697.1519   39.0932
   -7.5000  -52.5000   45.0000 2477.3213   19.1676
    0.0000  -52.5000   45.0000 2520.9189   18.8493
    7.5000  -52.5000   45.0000 2494.2959   18.9878
   -7.5000  -45.0000   45.0000 2545.2600   18.4697
    0.0000  -45.0000   45.0000 2588.5488   18.1748
    7.5000  -45.0000   45.0000 2556.6721   18.3068
   -7.5000  -37.5000   45.0000 2592.4153   18.1275
    0.0000  -37.5000   45.0000 2633.0840   17.8388
    7.5000  -37.5000   45.0000 2604.3044   17.9594
   -7.5000  -30.0000   45.0000 2592.7751   18.2891
    0.0000  -30.0000   45.0000 2634.6357   18.0202
    7.5000  -30.0000   45.0000 2608.5244   18.0992
   -7.5000  -22.5000   45.0000 2568.2603   18.8774
    0.0000  -22.5000   45.0000 2602.4097   18.5900
    7.5000  -22.5000   45.0000 2581.3669   18.6797
   -7.5000  -15.0000   45.0000 2511.2422   19.8617
    0.0000  -15.0000   45.0000 2540.4609   19.5733
    7.5000  -15.0000   45.0000 2522.6494   19.6320
   -7.5000   -7.5000   45.0000 2439.6755   21.0920
    0.0000   -7.5000   45.0000 2471.5249   20.8158
    7.5000   -7.5000   45.0000 2449.1990   20.9653
   -7.5000    0.0000   45.0000 2346.8948   22.7582
    0.0000    0.0000   45.0000 2373.3762   22.3786
    7.5000    0.0000   45.0000 2355.4758   22.6240
   -7.5000    7.5000   45.0000 2238.4458   24.7670
    0.0000    7.5000   45.0000 2264.3279   24.3778
    7.5000    7.5000   45.0000 2251.8804   24.6351
   -7.5000   15.0000   45.0000 2104.8047   27.3452
    0.0000   15.0000   45.0000 2125.8135   26.9460
    7.5000   15.0000   45.0000 2115.6731   27.1767
   -7.5000   22.5000   45.0000 1960.7001   30.6368
    0.0000   22.5000   45.0000 1982.6511   30.2333
    7.5000   22.5000   45.0000 1970.9822   30.3939
   -7.5000   30.0000   45.0000 1809.2518   34.8804
    0.0000   30.0000   45.0000 1829.2924   34.3537
    7.5000   30.0000   45.0000 1816.2136   34.6367
   -7.5000   37.5000   45.0000 1651.4851   40.4955
    0.0000   37.5000   45.0000 1666.1776   39.9924
    7.5000   37.5000   45.0000 1659.8220   40.4212

---------------------------------------------------------------------
imgreg_4dfp /opt/freesurfer/average/711-2C_as_mni_average_305 /opt/freesurfer/average/711-2B_as_mni_average_305_mask talsrcimg_g11 none talsrcimg_to_711-2C_as_mni_average_305_t4 1283
---------------------------------------------------------------------

freesurfer imgreg_4dfp.c
/opt/freesurfer/average/711-2C_as_mni_average_305.4dfp.img
       256       256       256         1
  1.000000  1.000000  1.000000
orientation T byte_order littleendian
Reading image: /opt/freesurfer/average/711-2C_as_mni_average_305.4dfp.img
dimensions:      256       256       256
mmppix:       1.0000   -1.0000   -1.0000
center:     128.0000 -129.0000 -129.0000
/opt/freesurfer/average/711-2B_as_mni_average_305_mask.4dfp.img
       256       256       256         1
  1.000000  1.000000  1.000000
orientation T byte_order littleendian
Reading mask: /opt/freesurfer/average/711-2B_as_mni_average_305_mask.4dfp.img (2306576 pixels)
talsrcimg_g11.4dfp.img
       256       256       256         1
  1.000000  1.000000  1.000000
orientation T byte_order littleendian
Reading image: talsrcimg_g11.4dfp.img
dimensions:      256       256       256
mmppix:       1.0000   -1.0000   -1.0000
center:     128.0000 -129.0000 -129.0000
rotation matrix determinant  1.000000
fimgreg.f
image alignment mode   1283 decimal      503 hex
parameters
    0.0000  -30.0000    7.5000    0.0000    0.0000    0.0000
eta,q 0.92212 15.28683
niter,ni,del,rscale     5    3   12.0000    1.2000
parameter  3 -0.670241 -> -0.500000 qaram    1.1500
parameter  4-18.667269 ->  0.500000 qaram    1.1500
parameters
    0.2400  -29.2949   10.9500   -3.4500    0.6213    0.5124
eta,q 0.92746 15.03853
  0.0895  0.0892  0.0862  0.0693  0.0785  0.0775
  0.0856  0.0867  0.0848  0.0712  0.0754  0.0764
  0.0837  0.0839  0.0841  0.0759  0.0724  0.0747
  0.0837  0.0835  0.0830  0.0815  0.0722  0.0729
  0.0852  0.0831  0.0813  0.0856  0.0744  0.0723
  0.0859  0.0836  0.0814  0.0892  0.0753  0.0740
  0.0876  0.0876  0.0825  0.0922  0.0752  0.0775
niter,ni,del,rscale     6    3   12.0000    1.2000
parameter  4  1.353930 ->  0.500000 qaram    1.3225
parameters
    0.5060  -28.5278   10.3999   -7.4175    1.4619    0.5274
eta,q 0.93309 15.15243
  0.0844  0.0825  0.0801  0.0647  0.0700  0.0713
  0.0793  0.0802  0.0768  0.0666  0.0694  0.0696
  0.0755  0.0764  0.0730  0.0692  0.0689  0.0677
  0.0725  0.0723  0.0714  0.0714  0.0674  0.0669
  0.0720  0.0713  0.0748  0.0772  0.0670  0.0676
  0.0771  0.0744  0.0797  0.0839  0.0681  0.0693
  0.0839  0.0808  0.0819  0.0888  0.0696  0.0715
niter,ni,del,rscale     6    3   12.0000    1.2000
parameter  4  1.120825 ->  0.500000 qaram    1.5209
parameters
    0.1026  -28.2865    9.8118  -11.9801    1.3803    0.1353
eta,q 0.93687 15.11983
  0.0761  0.0774  0.0730  0.0607  0.0663  0.0663
  0.0724  0.0728  0.0720  0.0628  0.0644  0.0650
  0.0692  0.0689  0.0690  0.0640  0.0633  0.0638
  0.0669  0.0671  0.0670  0.0671  0.0631  0.0631
  0.0688  0.0675  0.0686  0.0708  0.0629  0.0638
  0.0737  0.0707  0.0720  0.0752  0.0636  0.0652
  0.0798  0.0768  0.0771  0.0826  0.0673  0.0676
niter,ni,del,rscale     6    3   12.0000    1.2000
parameter  4  2.412730 ->  0.500000 qaram    1.7490
parameters
    0.4374  -28.2731    9.0780  -17.2272    1.6204    1.4601
eta,q 0.94236 15.15663
  0.0731  0.0715  0.0710  0.0552  0.0629  0.0651
  0.0694  0.0671  0.0665  0.0573  0.0598  0.0623
  0.0662  0.0641  0.0627  0.0602  0.0585  0.0597
  0.0631  0.0630  0.0630  0.0624  0.0580  0.0580
  0.0637  0.0637  0.0662  0.0655  0.0582  0.0576
  0.0664  0.0663  0.0699  0.0697  0.0593  0.0585
  0.0727  0.0720  0.0736  0.0737  0.0622  0.0613
niter,ni,del,rscale     6    3   12.0000    1.2000
parameter  4  1.568229 ->  0.500000 qaram    2.0114
parameters
    0.6096  -27.5658    8.4892  -23.2612    0.8474    1.0176
eta,q 0.94957 14.95638
  0.0699  0.0655  0.0660  0.0514  0.0570  0.0555
  0.0661  0.0605  0.0610  0.0503  0.0525  0.0526
  0.0616  0.0582  0.0576  0.0541  0.0507  0.0509
  0.0576  0.0575  0.0574  0.0572  0.0506  0.0505
  0.0585  0.0577  0.0603  0.0610  0.0521  0.0516
  0.0629  0.0596  0.0643  0.0641  0.0562  0.0535
  0.0709  0.0617  0.0678  0.0690  0.0607  0.0573
niter,ni,del,rscale     6    3   12.0000    1.2000
parameters
    0.8305  -25.6217    7.8932  -24.2958    0.5126    1.2412
eta,q 0.95257 15.02034
  0.0664  0.0654  0.0605  0.0650  0.0552  0.0543
  0.0599  0.0598  0.0536  0.0523  0.0509  0.0518
  0.0542  0.0549  0.0493  0.0474  0.0480  0.0491
  0.0504  0.0502  0.0487  0.0484  0.0475  0.0475
  0.0508  0.0487  0.0520  0.0555  0.0486  0.0480
  0.0563  0.0505  0.0582  0.0620  0.0521  0.0503
  0.0663  0.0546  0.0636  0.0641  0.0572  0.0542
niter,ni,del,rscale     5    3   12.0000    1.2000
parameters
    0.9579  -25.3754    7.8812  -24.5001    0.4883    1.2370
eta,q 0.95279 15.02945
  0.0646  0.0589  0.0620  0.0677  0.0556  0.0539
  0.0558  0.0544  0.0552  0.0546  0.0514  0.0513
  0.0500  0.0498  0.0498  0.0478  0.0481  0.0487
  0.0474  0.0474  0.0473  0.0473  0.0472  0.0472
  0.0490  0.0487  0.0493  0.0533  0.0480  0.0479
  0.0545  0.0530  0.0556  0.0606  0.0511  0.0507
  0.0636  0.0575  0.0619  0.0637  0.0561  0.0546
niter,ni,del,rscale     4    3   12.0000    1.2000
parameters
    0.9845  -25.3011    7.8914  -24.5747    0.4805    1.2223
eta,q 0.95283 15.03078
  0.0641  0.0581  0.0619  0.0682  0.0557  0.0539
  0.0552  0.0537  0.0552  0.0551  0.0514  0.0512
  0.0495  0.0494  0.0498  0.0478  0.0480  0.0486
  0.0472  0.0472  0.0472  0.0472  0.0472  0.0472
  0.0491  0.0488  0.0491  0.0529  0.0479  0.0479
  0.0549  0.0534  0.0554  0.0603  0.0510  0.0507
  0.0639  0.0577  0.0618  0.0638  0.0560  0.0546
niter,ni,del,rscale     3    3   12.0000    1.2000
parameters
    0.9912  -25.2730    7.8962  -24.6049    0.4776    1.2142
eta,q 0.95285 15.03098
  0.0640  0.0579  0.0618  0.0684  0.0557  0.0539
  0.0551  0.0535  0.0552  0.0553  0.0514  0.0512
  0.0494  0.0492  0.0498  0.0479  0.0480  0.0486
  0.0472  0.0472  0.0472  0.0472  0.0471  0.0471
  0.0492  0.0489  0.0491  0.0527  0.0479  0.0479
  0.0550  0.0534  0.0554  0.0602  0.0510  0.0507
  0.0640  0.0577  0.0618  0.0638  0.0560  0.0546
registration optimization eta report
parameter search radius
    6.0000    6.0000    6.9000   12.0681    6.0000    6.0000
100000*second partial in parameter space
       46.       28.       30.       13.       24.       19.
  0.0640  0.0579  0.0618  0.0684  0.0557  0.0539
  0.0551  0.0535  0.0552  0.0553  0.0514  0.0512
  0.0494  0.0492  0.0498  0.0479  0.0480  0.0486
  0.0472  0.0472  0.0472  0.0472  0.0471  0.0471
  0.0492  0.0489  0.0491  0.0527  0.0479  0.0479
  0.0550  0.0534  0.0554  0.0602  0.0510  0.0507
  0.0640  0.0577  0.0618  0.0638  0.0560  0.0546
    0.9912  -25.2730    7.8962  -24.6049    0.4776    1.2142
eta,q 0.95285 15.03098

---------------------------------------------------------------------
imgreg_4dfp /opt/freesurfer/average/711-2C_as_mni_average_305 /opt/freesurfer/average/711-2B_as_mni_average_305_mask talsrcimg_g11 none talsrcimg_to_711-2C_as_mni_average_305_t4 3335
---------------------------------------------------------------------

freesurfer imgreg_4dfp.c
/opt/freesurfer/average/711-2C_as_mni_average_305.4dfp.img
       256       256       256         1
  1.000000  1.000000  1.000000
orientation T byte_order littleendian
Reading image: /opt/freesurfer/average/711-2C_as_mni_average_305.4dfp.img
dimensions:      256       256       256
mmppix:       1.0000   -1.0000   -1.0000
center:     128.0000 -129.0000 -129.0000
/opt/freesurfer/average/711-2B_as_mni_average_305_mask.4dfp.img
       256       256       256         1
  1.000000  1.000000  1.000000
orientation T byte_order littleendian
Reading mask: /opt/freesurfer/average/711-2B_as_mni_average_305_mask.4dfp.img (2306576 pixels)
talsrcimg_g11.4dfp.img
       256       256       256         1
  1.000000  1.000000  1.000000
orientation T byte_order littleendian
Reading image: talsrcimg_g11.4dfp.img
dimensions:      256       256       256
mmppix:       1.0000   -1.0000   -1.0000
center:     128.0000 -129.0000 -129.0000
fimgreg.f
image alignment mode   3335 decimal      D07 hex
parameters
    0.9912  -25.2730    7.8962   -0.0259   -9.0930   -9.0831
   -1.5797   -1.6401    2.1190   41.6105    0.8336  -41.6344
eta,q 0.95543 15.02694
niter,ni,del,rscale     5    3    5.0000    1.2000
parameter  4  2.533103 ->  0.500000 qaram    1.1500
parameter  5  1.392186 ->  0.500000 qaram    1.1500
parameters
    0.7933  -24.9722    7.5754   -4.1659  -13.2330  -11.7230
   -0.2543   -0.4327    2.2040   39.4654    0.7792  -42.0139
eta,q 0.96618 14.48893
  0.0471  0.0476  0.0460  0.0342  0.0334  0.0354  0.0391  0.0418  0.0358  0.0355  0.0351  0.0352
  0.0456  0.0461  0.0451  0.0367  0.0343  0.0347  0.0370  0.0383  0.0349  0.0343  0.0344  0.0344
  0.0448  0.0450  0.0446  0.0402  0.0357  0.0346  0.0354  0.0358  0.0344  0.0338  0.0340  0.0339
  0.0446  0.0446  0.0445  0.0445  0.0376  0.0346  0.0346  0.0344  0.0342  0.0342  0.0338  0.0338
  0.0450  0.0447  0.0449  0.0496  0.0400  0.0356  0.0345  0.0343  0.0343  0.0352  0.0340  0.0341
  0.0462  0.0453  0.0458  0.0547  0.0431  0.0384  0.0352  0.0356  0.0348  0.0369  0.0344  0.0347
  0.0483  0.0463  0.0471  0.0601  0.0465  0.0426  0.0367  0.0383  0.0358  0.0396  0.0351  0.0354
niter,ni,del,rscale     6    3    5.0000    1.2000
parameter  4  0.885704 ->  0.500000 qaram    1.3225
parameters
    0.4329  -24.7274    7.7173   -8.9269  -16.4822  -10.3039
    0.2149   -0.5493    2.3300   40.5795    1.7105  -44.1964
eta,q 0.97096 14.27808
  0.0367  0.0367  0.0353  0.0298  0.0307  0.0324  0.0333  0.0344  0.0310  0.0323  0.0306  0.0298
  0.0347  0.0351  0.0345  0.0298  0.0298  0.0310  0.0314  0.0316  0.0300  0.0310  0.0299  0.0292
  0.0338  0.0341  0.0340  0.0310  0.0295  0.0300  0.0300  0.0299  0.0295  0.0300  0.0294  0.0290
  0.0338  0.0337  0.0337  0.0337  0.0300  0.0295  0.0294  0.0294  0.0294  0.0294  0.0292  0.0292
  0.0347  0.0339  0.0338  0.0377  0.0312  0.0294  0.0296  0.0301  0.0295  0.0292  0.0293  0.0297
  0.0365  0.0345  0.0342  0.0428  0.0331  0.0296  0.0307  0.0319  0.0300  0.0297  0.0295  0.0305
  0.0390  0.0356  0.0351  0.0484  0.0358  0.0309  0.0325  0.0347  0.0309  0.0312  0.0300  0.0314
niter,ni,del,rscale     6    3    5.0000    1.2000
parameters
    0.4500  -24.2440    8.5028  -11.9105  -17.1572   -9.6220
    0.3623   -0.5462    2.1922   40.7665    1.0242  -44.6856
eta,q 0.97190 14.15156
  0.0335  0.0323  0.0314  0.0313  0.0307  0.0314  0.0319  0.0332  0.0297  0.0304  0.0291  0.0296
  0.0311  0.0306  0.0303  0.0292  0.0293  0.0300  0.0299  0.0304  0.0288  0.0293  0.0285  0.0287
  0.0296  0.0296  0.0295  0.0283  0.0285  0.0289  0.0286  0.0287  0.0283  0.0286  0.0282  0.0282
  0.0290  0.0290  0.0290  0.0288  0.0283  0.0283  0.0282  0.0282  0.0282  0.0282  0.0281  0.0281
  0.0295  0.0290  0.0288  0.0309  0.0287  0.0281  0.0286  0.0288  0.0283  0.0281  0.0284  0.0284
  0.0310  0.0295  0.0289  0.0349  0.0299  0.0287  0.0297  0.0304  0.0289  0.0288  0.0289  0.0291
  0.0334  0.0304  0.0295  0.0406  0.0317  0.0308  0.0316  0.0332  0.0298  0.0305  0.0295  0.0300
niter,ni,del,rscale     5    3    5.0000    1.2000
parameters
    0.5119  -24.0615    8.9749  -12.4686  -17.4670   -9.3341
    0.2105   -0.4612    2.1124   40.6613    0.4838  -44.6132
eta,q 0.97204 14.10969
  0.0328  0.0307  0.0304  0.0335  0.0307  0.0313  0.0315  0.0333  0.0296  0.0302  0.0292  0.0298
  0.0302  0.0293  0.0294  0.0307  0.0292  0.0298  0.0296  0.0304  0.0286  0.0290  0.0284  0.0288
  0.0287  0.0284  0.0286  0.0287  0.0283  0.0286  0.0283  0.0285  0.0281  0.0283  0.0280  0.0282
  0.0281  0.0281  0.0281  0.0280  0.0280  0.0280  0.0280  0.0280  0.0280  0.0280  0.0280  0.0280
  0.0285  0.0283  0.0280  0.0288  0.0284  0.0280  0.0285  0.0286  0.0282  0.0280  0.0282  0.0282
  0.0299  0.0289  0.0283  0.0313  0.0295  0.0290  0.0298  0.0303  0.0287  0.0288  0.0288  0.0288
  0.0323  0.0300  0.0292  0.0355  0.0312  0.0313  0.0317  0.0330  0.0297  0.0306  0.0295  0.0297
niter,ni,del,rscale     4    3    5.0000    1.2000
parameters
    0.5549  -24.0136    9.1034  -12.5726  -17.4937   -9.2520
    0.1163   -0.4042    2.1027   40.6017    0.2977  -44.5455
eta,q 0.97206 14.10052
  0.0327  0.0304  0.0300  0.0339  0.0308  0.0313  0.0315  0.0333  0.0297  0.0302  0.0293  0.0298
  0.0301  0.0290  0.0290  0.0311  0.0293  0.0297  0.0296  0.0304  0.0287  0.0290  0.0285  0.0288
  0.0285  0.0282  0.0283  0.0289  0.0283  0.0285  0.0283  0.0285  0.0281  0.0283  0.0281  0.0282
  0.0280  0.0280  0.0280  0.0279  0.0280  0.0280  0.0279  0.0279  0.0279  0.0279  0.0280  0.0279
  0.0284  0.0282  0.0280  0.0285  0.0283  0.0281  0.0284  0.0286  0.0281  0.0280  0.0282  0.0282
  0.0299  0.0290  0.0286  0.0308  0.0293  0.0291  0.0297  0.0304  0.0287  0.0287  0.0287  0.0288
  0.0323  0.0301  0.0297  0.0347  0.0310  0.0316  0.0317  0.0330  0.0297  0.0306  0.0294  0.0297
niter,ni,del,rscale     3    3    5.0000    1.2000
parameters
    0.5727  -24.0137    9.1442  -12.6031  -17.4729   -9.2200
    0.0867   -0.3816    2.0941   40.5720    0.2224  -44.5105
eta,q 0.97205 14.09835
  0.0326  0.0303  0.0299  0.0340  0.0309  0.0312  0.0316  0.0333  0.0297  0.0303  0.0294  0.0298
  0.0300  0.0290  0.0289  0.0312  0.0293  0.0297  0.0296  0.0303  0.0287  0.0290  0.0286  0.0288
  0.0285  0.0282  0.0282  0.0290  0.0284  0.0285  0.0283  0.0285  0.0281  0.0283  0.0281  0.0281
  0.0279  0.0280  0.0280  0.0279  0.0279  0.0279  0.0279  0.0279  0.0279  0.0279  0.0279  0.0279
  0.0284  0.0283  0.0281  0.0285  0.0282  0.0281  0.0284  0.0286  0.0281  0.0280  0.0281  0.0282
  0.0300  0.0290  0.0287  0.0307  0.0293  0.0292  0.0297  0.0304  0.0287  0.0287  0.0286  0.0289
  0.0324  0.0302  0.0299  0.0346  0.0309  0.0316  0.0316  0.0331  0.0297  0.0306  0.0294  0.0297
niter,ni,del,rscale     2    3    5.0000    1.2000
parameters
    0.5793  -24.0182    9.1582  -12.6162  -17.4618   -9.2061
    0.0778   -0.3720    2.0988   40.5587    0.1968  -44.5027
eta,q 0.97205 14.09761
  0.0325  0.0303  0.0299  0.0341  0.0309  0.0312  0.0316  0.0333  0.0297  0.0303  0.0294  0.0298
  0.0300  0.0289  0.0289  0.0312  0.0293  0.0297  0.0296  0.0303  0.0287  0.0290  0.0286  0.0288
  0.0285  0.0282  0.0282  0.0290  0.0284  0.0285  0.0283  0.0285  0.0281  0.0283  0.0281  0.0281
  0.0279  0.0279  0.0279  0.0279  0.0279  0.0279  0.0279  0.0279  0.0279  0.0279  0.0279  0.0279
  0.0285  0.0283  0.0281  0.0285  0.0282  0.0281  0.0284  0.0286  0.0281  0.0280  0.0281  0.0282
  0.0300  0.0290  0.0288  0.0307  0.0293  0.0292  0.0297  0.0304  0.0287  0.0287  0.0286  0.0289
  0.0325  0.0303  0.0299  0.0346  0.0310  0.0317  0.0316  0.0331  0.0297  0.0306  0.0293  0.0297
registration optimization eta report
parameter search radius
    2.4000    2.4000    2.4000    9.5220    8.2800    7.2000
    7.2000    7.2000    7.2000    7.2000    7.2000    7.2000
100000*second partial in parameter space
       79.       41.       34.        7.        4.        7.
        7.       10.        3.        5.        3.        3.
  0.0325  0.0303  0.0299  0.0341  0.0309  0.0312  0.0316  0.0333  0.0297  0.0303  0.0294  0.0298
  0.0300  0.0289  0.0289  0.0312  0.0293  0.0297  0.0296  0.0303  0.0287  0.0290  0.0286  0.0288
  0.0285  0.0282  0.0282  0.0290  0.0284  0.0285  0.0283  0.0285  0.0281  0.0283  0.0281  0.0281
  0.0279  0.0279  0.0279  0.0279  0.0279  0.0279  0.0279  0.0279  0.0279  0.0279  0.0279  0.0279
  0.0285  0.0283  0.0281  0.0285  0.0282  0.0281  0.0284  0.0286  0.0281  0.0280  0.0281  0.0282
  0.0300  0.0290  0.0288  0.0307  0.0293  0.0292  0.0297  0.0304  0.0287  0.0287  0.0286  0.0289
  0.0325  0.0303  0.0299  0.0346  0.0310  0.0317  0.0316  0.0331  0.0297  0.0306  0.0293  0.0297
    0.5793  -24.0182    9.1582  -12.6162  -17.4618   -9.2061
    0.0778   -0.3720    2.0988   40.5587    0.1968  -44.5027
eta,q 0.97205 14.09761

---------------------------------------------------------------------
imgreg_4dfp /opt/freesurfer/average/711-2C_as_mni_average_305 /opt/freesurfer/average/711-2B_as_mni_average_305_mask talsrcimg_g11 none talsrcimg_to_711-2C_as_mni_average_305_t4 2311
---------------------------------------------------------------------

freesurfer imgreg_4dfp.c
/opt/freesurfer/average/711-2C_as_mni_average_305.4dfp.img
       256       256       256         1
  1.000000  1.000000  1.000000
orientation T byte_order littleendian
Reading image: /opt/freesurfer/average/711-2C_as_mni_average_305.4dfp.img
dimensions:      256       256       256
mmppix:       1.0000   -1.0000   -1.0000
center:     128.0000 -129.0000 -129.0000
/opt/freesurfer/average/711-2B_as_mni_average_305_mask.4dfp.img
       256       256       256         1
  1.000000  1.000000  1.000000
orientation T byte_order littleendian
Reading mask: /opt/freesurfer/average/711-2B_as_mni_average_305_mask.4dfp.img (2306576 pixels)
talsrcimg_g11.4dfp.img
       256       256       256         1
  1.000000  1.000000  1.000000
orientation T byte_order littleendian
Reading image: talsrcimg_g11.4dfp.img
dimensions:      256       256       256
mmppix:       1.0000   -1.0000   -1.0000
center:     128.0000 -129.0000 -129.0000
fimgreg.f
image alignment mode   2311 decimal      907 hex
parameters
    0.5793  -24.0182    9.1582  -12.6162  -17.4618   -9.2061
    0.0778   -0.3720    2.0988   40.5587    0.1968  -44.5027
eta,q 0.97205 14.09761
niter,ni,del,rscale     5    3    5.0000    0.8000
parameters
    0.5781  -24.0589    9.2264  -12.1644  -17.3338   -8.7409
    0.0298   -0.4652    2.0619   41.0571    0.0919  -44.4406
eta,q 0.97215 14.14291
  0.0300  0.0290  0.0289  0.0300  0.0290  0.0297  0.0296  0.0303  0.0286  0.0290  0.0285  0.0288
  0.0289  0.0284  0.0284  0.0290  0.0284  0.0288  0.0286  0.0289  0.0282  0.0285  0.0281  0.0283
  0.0282  0.0280  0.0281  0.0283  0.0281  0.0282  0.0281  0.0281  0.0280  0.0281  0.0279  0.0280
  0.0279  0.0279  0.0279  0.0279  0.0279  0.0279  0.0279  0.0279  0.0279  0.0279  0.0278  0.0279
  0.0282  0.0281  0.0280  0.0280  0.0280  0.0279  0.0281  0.0282  0.0280  0.0279  0.0280  0.0279
  0.0289  0.0284  0.0283  0.0285  0.0283  0.0283  0.0287  0.0291  0.0282  0.0281  0.0282  0.0283
  0.0300  0.0290  0.0288  0.0294  0.0289  0.0292  0.0297  0.0304  0.0287  0.0287  0.0286  0.0287
niter,ni,del,rscale     4    3    5.0000    0.7000
parameters
    0.5864  -24.1012    9.1252  -12.0848  -17.3620   -8.6700
    0.0167   -0.4738    2.1065   41.2138    0.0995  -44.5348
eta,q 0.97216 14.15530
  0.0295  0.0286  0.0284  0.0293  0.0287  0.0291  0.0292  0.0298  0.0284  0.0287  0.0284  0.0285
  0.0286  0.0282  0.0281  0.0285  0.0282  0.0284  0.0284  0.0287  0.0281  0.0283  0.0281  0.0281
  0.0280  0.0279  0.0279  0.0280  0.0280  0.0280  0.0280  0.0280  0.0279  0.0280  0.0279  0.0279
  0.0278  0.0278  0.0279  0.0278  0.0278  0.0278  0.0278  0.0278  0.0278  0.0278  0.0278  0.0278
  0.0280  0.0280  0.0279  0.0280  0.0279  0.0279  0.0280  0.0281  0.0279  0.0279  0.0279  0.0279
  0.0286  0.0283  0.0282  0.0284  0.0282  0.0283  0.0285  0.0287  0.0281  0.0281  0.0281  0.0282
  0.0294  0.0287  0.0287  0.0292  0.0287  0.0291  0.0292  0.0298  0.0284  0.0286  0.0283  0.0286
niter,ni,del,rscale     3    3    5.0000    0.6000
parameters
    0.5821  -24.1082    9.0913  -12.0372  -17.3738   -8.5976
    0.0032   -0.4949    2.1226   41.3844    0.1102  -44.5585
eta,q 0.97217 14.16428
  0.0290  0.0284  0.0283  0.0289  0.0285  0.0287  0.0288  0.0293  0.0282  0.0285  0.0282  0.0283
  0.0284  0.0281  0.0280  0.0283  0.0281  0.0283  0.0283  0.0284  0.0280  0.0282  0.0280  0.0280
  0.0280  0.0279  0.0279  0.0280  0.0279  0.0280  0.0279  0.0280  0.0279  0.0279  0.0279  0.0279
  0.0278  0.0278  0.0278  0.0278  0.0278  0.0278  0.0278  0.0278  0.0278  0.0278  0.0278  0.0278
  0.0280  0.0279  0.0279  0.0279  0.0279  0.0279  0.0280  0.0280  0.0279  0.0278  0.0279  0.0279
  0.0284  0.0281  0.0281  0.0283  0.0281  0.0281  0.0283  0.0285  0.0280  0.0280  0.0280  0.0281
  0.0290  0.0284  0.0284  0.0288  0.0285  0.0287  0.0288  0.0292  0.0282  0.0284  0.0282  0.0283
niter,ni,del,rscale     2    3    5.0000    0.5000
parameters
    0.5799  -24.1094    9.0738  -12.0114  -17.3952   -8.5178
   -0.0014   -0.5190    2.1918   41.5109    0.1399  -44.5859
eta,q 0.97218 14.17059
  0.0286  0.0283  0.0282  0.0285  0.0283  0.0285  0.0285  0.0288  0.0281  0.0283  0.0281  0.0282
  0.0282  0.0280  0.0280  0.0282  0.0280  0.0281  0.0281  0.0282  0.0280  0.0281  0.0279  0.0280
  0.0279  0.0279  0.0279  0.0279  0.0279  0.0279  0.0279  0.0279  0.0279  0.0279  0.0279  0.0279
  0.0278  0.0278  0.0278  0.0278  0.0278  0.0278  0.0278  0.0278  0.0278  0.0278  0.0278  0.0278
  0.0279  0.0279  0.0279  0.0279  0.0279  0.0278  0.0279  0.0280  0.0278  0.0278  0.0278  0.0279
  0.0282  0.0280  0.0280  0.0281  0.0280  0.0280  0.0282  0.0283  0.0279  0.0280  0.0279  0.0280
  0.0287  0.0282  0.0282  0.0285  0.0283  0.0284  0.0285  0.0288  0.0281  0.0282  0.0281  0.0282
niter,ni,del,rscale     1    3    5.0000    0.4000
parameters
    0.5765  -24.1116    9.0569  -11.9988  -17.3991   -8.4459
   -0.0278   -0.5475    2.2298   41.6136    0.1524  -44.5880
eta,q 0.97219 14.17579
  0.0283  0.0281  0.0280  0.0283  0.0281  0.0282  0.0283  0.0284  0.0280  0.0281  0.0280  0.0280
  0.0281  0.0279  0.0279  0.0280  0.0280  0.0280  0.0280  0.0281  0.0279  0.0280  0.0279  0.0279
  0.0279  0.0278  0.0278  0.0279  0.0279  0.0279  0.0279  0.0279  0.0278  0.0279  0.0278  0.0278
  0.0278  0.0278  0.0278  0.0278  0.0278  0.0278  0.0278  0.0278  0.0278  0.0278  0.0278  0.0278
  0.0279  0.0278  0.0279  0.0279  0.0278  0.0278  0.0279  0.0279  0.0278  0.0278  0.0278  0.0278
  0.0281  0.0279  0.0279  0.0280  0.0279  0.0279  0.0280  0.0281  0.0279  0.0279  0.0279  0.0279
  0.0284  0.0281  0.0281  0.0283  0.0281  0.0282  0.0283  0.0285  0.0280  0.0281  0.0280  0.0280
registration optimization eta report
parameter search radius
    0.8000    0.8000    0.8000    2.4000    2.4000    2.4000
    2.4000    2.4000    2.4000    2.4000    2.4000    2.4000
100000*second partial in parameter space
       82.       43.       36.        8.        5.        7.
        8.       11.        3.        5.        3.        4.
  0.0283  0.0281  0.0280  0.0283  0.0281  0.0282  0.0283  0.0284  0.0280  0.0281  0.0280  0.0280
  0.0281  0.0279  0.0279  0.0280  0.0280  0.0280  0.0280  0.0281  0.0279  0.0280  0.0279  0.0279
  0.0279  0.0278  0.0278  0.0279  0.0279  0.0279  0.0279  0.0279  0.0278  0.0279  0.0278  0.0278
  0.0278  0.0278  0.0278  0.0278  0.0278  0.0278  0.0278  0.0278  0.0278  0.0278  0.0278  0.0278
  0.0279  0.0278  0.0279  0.0279  0.0278  0.0278  0.0279  0.0279  0.0278  0.0278  0.0278  0.0278
  0.0281  0.0279  0.0279  0.0280  0.0279  0.0279  0.0280  0.0281  0.0279  0.0279  0.0279  0.0279
  0.0284  0.0281  0.0281  0.0283  0.0281  0.0282  0.0283  0.0285  0.0280  0.0281  0.0280  0.0280
    0.5765  -24.1116    9.0569  -11.9988  -17.3991   -8.4459
   -0.0278   -0.5475    2.2298   41.6136    0.1524  -44.5880
eta,q 0.97219 14.17579

---------------------------------------------------------------------
imgreg_4dfp /opt/freesurfer/average/711-2C_as_mni_average_305 /opt/freesurfer/average/711-2B_as_mni_average_305_mask talsrcimg_g11 none talsrcimg_to_711-2C_as_mni_average_305_t4 2311
---------------------------------------------------------------------

freesurfer imgreg_4dfp.c
/opt/freesurfer/average/711-2C_as_mni_average_305.4dfp.img
       256       256       256         1
  1.000000  1.000000  1.000000
orientation T byte_order littleendian
Reading image: /opt/freesurfer/average/711-2C_as_mni_average_305.4dfp.img
dimensions:      256       256       256
mmppix:       1.0000   -1.0000   -1.0000
center:     128.0000 -129.0000 -129.0000
/opt/freesurfer/average/711-2B_as_mni_average_305_mask.4dfp.img
       256       256       256         1
  1.000000  1.000000  1.000000
orientation T byte_order littleendian
Reading mask: /opt/freesurfer/average/711-2B_as_mni_average_305_mask.4dfp.img (2306576 pixels)
talsrcimg_g11.4dfp.img
       256       256       256         1
  1.000000  1.000000  1.000000
orientation T byte_order littleendian
Reading image: talsrcimg_g11.4dfp.img
dimensions:      256       256       256
mmppix:       1.0000   -1.0000   -1.0000
center:     128.0000 -129.0000 -129.0000
fimgreg.f
image alignment mode   2311 decimal      907 hex
parameters
    0.5765  -24.1116    9.0569  -11.9988  -17.3991   -8.4459
   -0.0278   -0.5475    2.2298   41.6136    0.1524  -44.5880
eta,q 0.97219 14.17579
niter,ni,del,rscale     5    3    5.0000    0.8000
parameters
    0.5746  -24.0882    9.0108  -12.0777  -17.5477   -8.8128
    0.0576   -0.4587    2.1294   41.1946    0.1769  -44.6374
eta,q 0.97215 14.14999
  0.0299  0.0290  0.0287  0.0295  0.0289  0.0292  0.0296  0.0305  0.0285  0.0287  0.0285  0.0287
  0.0288  0.0283  0.0282  0.0286  0.0283  0.0285  0.0287  0.0290  0.0281  0.0283  0.0281  0.0282
  0.0281  0.0279  0.0279  0.0280  0.0279  0.0280  0.0280  0.0281  0.0279  0.0280  0.0279  0.0279
  0.0278  0.0278  0.0278  0.0278  0.0278  0.0278  0.0278  0.0278  0.0278  0.0278  0.0279  0.0278
  0.0281  0.0279  0.0279  0.0280  0.0279  0.0280  0.0280  0.0281  0.0279  0.0279  0.0279  0.0279
  0.0288  0.0283  0.0282  0.0286  0.0283  0.0286  0.0286  0.0289  0.0282  0.0284  0.0282  0.0283
  0.0299  0.0289  0.0288  0.0297  0.0290  0.0300  0.0295  0.0302  0.0286  0.0293  0.0285  0.0287
niter,ni,del,rscale     4    3    5.0000    0.7000
parameters
    0.5728  -24.0705    9.0804  -12.0524  -17.4441   -8.7082
    0.0377   -0.4847    2.0897   41.2942    0.1601  -44.5833
eta,q 0.97217 14.15699
  0.0294  0.0287  0.0286  0.0292  0.0287  0.0291  0.0292  0.0298  0.0284  0.0286  0.0284  0.0285
  0.0286  0.0282  0.0282  0.0285  0.0283  0.0284  0.0284  0.0286  0.0281  0.0283  0.0281  0.0282
  0.0280  0.0280  0.0280  0.0280  0.0280  0.0280  0.0280  0.0280  0.0279  0.0280  0.0279  0.0279
  0.0278  0.0278  0.0279  0.0278  0.0278  0.0278  0.0278  0.0278  0.0278  0.0278  0.0278  0.0278
  0.0280  0.0280  0.0279  0.0280  0.0279  0.0279  0.0280  0.0281  0.0279  0.0279  0.0279  0.0279
  0.0286  0.0282  0.0281  0.0284  0.0282  0.0283  0.0285  0.0287  0.0281  0.0281  0.0281  0.0281
  0.0295  0.0286  0.0285  0.0292  0.0287  0.0291  0.0292  0.0298  0.0284  0.0287  0.0284  0.0285
niter,ni,del,rscale     3    3    5.0000    0.6000
parameters
    0.5773  -24.0912    9.0760  -12.0171  -17.4166   -8.6091
    0.0184   -0.5027    2.1399   41.4212    0.1465  -44.5797
eta,q 0.97217 14.16502
  0.0290  0.0284  0.0283  0.0289  0.0285  0.0288  0.0288  0.0293  0.0282  0.0284  0.0282  0.0283
  0.0284  0.0281  0.0281  0.0283  0.0281  0.0283  0.0283  0.0284  0.0280  0.0282  0.0280  0.0281
  0.0280  0.0279  0.0279  0.0280  0.0279  0.0280  0.0279  0.0280  0.0279  0.0279  0.0279  0.0279
  0.0278  0.0278  0.0278  0.0278  0.0278  0.0278  0.0278  0.0278  0.0278  0.0278  0.0278  0.0278
  0.0280  0.0279  0.0279  0.0279  0.0279  0.0279  0.0280  0.0280  0.0279  0.0278  0.0279  0.0279
  0.0284  0.0281  0.0280  0.0283  0.0281  0.0281  0.0283  0.0285  0.0280  0.0280  0.0280  0.0281
  0.0290  0.0284  0.0284  0.0288  0.0285  0.0287  0.0288  0.0292  0.0282  0.0284  0.0282  0.0283
niter,ni,del,rscale     2    3    5.0000    0.5000
parameters
    0.5764  -24.0992    9.0630  -12.0081  -17.4148   -8.5213
    0.0063   -0.5223    2.1751   41.5180    0.1519  -44.5896
eta,q 0.97218 14.17057
  0.0286  0.0282  0.0282  0.0285  0.0283  0.0285  0.0285  0.0288  0.0281  0.0283  0.0281  0.0282
  0.0282  0.0280  0.0280  0.0281  0.0280  0.0281  0.0281  0.0282  0.0279  0.0280  0.0279  0.0280
  0.0279  0.0279  0.0279  0.0279  0.0279  0.0279  0.0279  0.0279  0.0279  0.0279  0.0279  0.0279
  0.0278  0.0278  0.0278  0.0278  0.0278  0.0278  0.0278  0.0278  0.0278  0.0278  0.0278  0.0278
  0.0279  0.0279  0.0279  0.0279  0.0279  0.0278  0.0279  0.0280  0.0278  0.0278  0.0279  0.0279
  0.0282  0.0280  0.0280  0.0281  0.0280  0.0280  0.0282  0.0283  0.0279  0.0280  0.0279  0.0280
  0.0286  0.0282  0.0282  0.0285  0.0283  0.0284  0.0285  0.0288  0.0281  0.0282  0.0281  0.0282
niter,ni,del,rscale     1    3    5.0000    0.4000
parameters
    0.5725  -24.1073    9.0572  -12.0016  -17.4032   -8.4463
   -0.0210   -0.5493    2.2252   41.6161    0.1438  -44.5817
eta,q 0.97218 14.17551
  0.0283  0.0281  0.0280  0.0283  0.0281  0.0282  0.0283  0.0284  0.0280  0.0281  0.0280  0.0280
  0.0281  0.0279  0.0279  0.0280  0.0280  0.0280  0.0280  0.0281  0.0279  0.0280  0.0279  0.0279
  0.0279  0.0278  0.0278  0.0279  0.0279  0.0279  0.0279  0.0279  0.0278  0.0279  0.0278  0.0278
  0.0278  0.0278  0.0278  0.0278  0.0278  0.0278  0.0278  0.0278  0.0278  0.0278  0.0278  0.0278
  0.0279  0.0279  0.0278  0.0279  0.0278  0.0278  0.0279  0.0279  0.0278  0.0278  0.0278  0.0278
  0.0281  0.0279  0.0279  0.0280  0.0279  0.0280  0.0280  0.0281  0.0279  0.0279  0.0279  0.0279
  0.0284  0.0281  0.0280  0.0283  0.0281  0.0282  0.0283  0.0285  0.0280  0.0281  0.0280  0.0280
registration optimization eta report
parameter search radius
    0.8000    0.8000    0.8000    2.4000    2.4000    2.4000
    2.4000    2.4000    2.4000    2.4000    2.4000    2.4000
100000*second partial in parameter space
       82.       43.       35.        8.        5.        7.
        8.       11.        3.        5.        3.        4.
  0.0283  0.0281  0.0280  0.0283  0.0281  0.0282  0.0283  0.0284  0.0280  0.0281  0.0280  0.0280
  0.0281  0.0279  0.0279  0.0280  0.0280  0.0280  0.0280  0.0281  0.0279  0.0280  0.0279  0.0279
  0.0279  0.0278  0.0278  0.0279  0.0279  0.0279  0.0279  0.0279  0.0278  0.0279  0.0278  0.0278
  0.0278  0.0278  0.0278  0.0278  0.0278  0.0278  0.0278  0.0278  0.0278  0.0278  0.0278  0.0278
  0.0279  0.0279  0.0278  0.0279  0.0278  0.0278  0.0279  0.0279  0.0278  0.0278  0.0278  0.0278
  0.0281  0.0279  0.0279  0.0280  0.0279  0.0280  0.0280  0.0281  0.0279  0.0279  0.0279  0.0279
  0.0284  0.0281  0.0280  0.0283  0.0281  0.0282  0.0283  0.0285  0.0280  0.0281  0.0280  0.0280
    0.5725  -24.1073    9.0572  -12.0016  -17.4032   -8.4463
   -0.0210   -0.5493    2.2252   41.6161    0.1438  -44.5817
eta,q 0.97218 14.17551

---------------------------------------------------------------------
compute_vox2vox talsrcimg talsrcimg_to_711-2C_as_mni_average_305_t4 /opt/freesurfer/average/711-2C_as_mni_average_305
---------------------------------------------------------------------

freesurfer compute_vox2vox.c
Reading: talsrcimg.4dfp.ifh
Reading: talsrcimg_to_711-2C_as_mni_average_305_t4
Reading: /opt/freesurfer/average/711-2C_as_mni_average_305.4dfp.ifh
Writing: talsrcimg_to_711-2C_as_mni_average_305_t4_vox2vox.txt

start time Tue Mar 10 00:51:18 CET 2026
end		time Tue Mar 10 00:52:44 CET 2026

mpr2mni305 success

avi2talxfm orig_nu.mgz /opt/freesurfer/average/mni305.cor.mgz talsrcimg_to_711-2C_as_mni_average_305_t4_vox2vox.txt transforms/talairach.auto.xfm
avi2talxfm done
mv -f /out/sourcedata/freesurfer/sub-v1s3x0050804_ses-1/mri/talsrcimg_to_711-2C_as_mni_average_305_t4_vox2vox.txt /out/sourcedata/freesurfer/sub-v1s3x0050804_ses-1/mri/transforms/talsrcimg_to_711-2C_as_mni_average_305_t4_vox2vox.txt
lta_convert --src orig_nu.mgz --trg /opt/freesurfer/average/mni305.cor.mgz --inxfm transforms/talairach.auto.xfm --outlta transforms/talairach.auto.xfm.lta --subject fsaverage
7.3.2

--src: orig_nu.mgz src image (geometry).
--trg: /opt/freesurfer/average/mni305.cor.mgz trg image (geometry).
--inmni: transforms/talairach.auto.xfm input MNI/XFM transform.
--outlta: transforms/talairach.auto.xfm.lta output LTA.
--s: fsaverage subject name
 LTA read, type : 1
 1.13629   0.00537   0.00319   2.14984;
-0.01340   0.87701   0.47336   6.16460;
-0.02386  -0.44202   0.97211  -50.12184;
 0.00000   0.00000   0.00000   1.00000;
setting subject to fsaverage
Writing  LTA to file transforms/talairach.auto.xfm.lta...
lta_convert successful.
 
 
Started at Tue Mar 10 00:51:18 CET 2026
Ended   at Tue Mar 10 00:52:44 CET 2026
talairach_avi done
