status file for recon-all
Tue Mar 10 01:17:58 CET 2026
#@# Tessellate rh Tue Mar 10 01:17:58 CET 2026
#@# Smooth1 rh Tue Mar 10 01:18:01 CET 2026
#@# Inflation1 rh Tue Mar 10 01:18:02 CET 2026
#@# QSphere rh Tue Mar 10 01:18:10 CET 2026
#@# Fix Topology rh Tue Mar 10 01:18:48 CET 2026
#@# Smooth2 rh Tue Mar 10 01:22:48 CET 2026
#@# Inflation2 rh Tue Mar 10 01:22:50 CET 2026
#@# Curv .H and .K rh Tue Mar 10 01:22:57 CET 2026
#@# Sphere rh Tue Mar 10 01:23:35 CET 2026
#@# Surf Reg rh Tue Mar 10 01:25:39 CET 2026
#@# Jacobian white rh Tue Mar 10 01:28:06 CET 2026
#@# AvgCurv rh Tue Mar 10 01:28:07 CET 2026
#@# Cortical Parc rh Tue Mar 10 01:28:07 CET 2026
#@# white curv rh Tue Mar 10 01:33:26 CET 2026
#@# white area rh Tue Mar 10 01:33:27 CET 2026
#@# pial curv rh Tue Mar 10 01:33:27 CET 2026
#@# pial area rh Tue Mar 10 01:33:29 CET 2026
#@# thickness rh Tue Mar 10 01:33:29 CET 2026
#@# area and vertex vol rh Tue Mar 10 01:33:48 CET 2026
#@# Curvature Stats rh Tue Mar 10 01:33:49 CET 2026
#@# Cortical Parc 2 rh Tue Mar 10 01:33:51 CET 2026
#@# Cortical Parc 3 rh Tue Mar 10 01:34:01 CET 2026
#@# WM/GM Contrast rh Tue Mar 10 01:34:08 CET 2026
recon-all -s sub-v1s3x0050787_ses-1 finished without error at Tue Mar 10 01:34:10 CET 2026



#New# invocation of recon-all 



status file for recon-all
Tue Mar 10 01:40:40 CET 2026
#@# white curv rh Tue Mar 10 01:40:40 CET 2026
#@# white area rh Tue Mar 10 01:40:40 CET 2026
#@# pial curv rh Tue Mar 10 01:40:40 CET 2026
#@# pial area rh Tue Mar 10 01:40:40 CET 2026
#@# thickness rh Tue Mar 10 01:40:40 CET 2026
#@# area and vertex vol rh Tue Mar 10 01:40:40 CET 2026
#@# Parcellation Stats rh Tue Mar 10 01:40:40 CET 2026
#@# Parcellation Stats 2 rh Tue Mar 10 01:40:55 CET 2026
#@# Parcellation Stats 3 rh Tue Mar 10 01:41:03 CET 2026
#@# BA_exvivo Labels rh Tue Mar 10 01:41:10 CET 2026
recon-all -s sub-v1s3x0050787_ses-1 finished without error at Tue Mar 10 01:42:59 CET 2026
