status file for recon-all
Tue Mar 10 01:01:18 CET 2026
#@# Tessellate lh Tue Mar 10 01:01:18 CET 2026
#@# Smooth1 lh Tue Mar 10 01:01:20 CET 2026
#@# Inflation1 lh Tue Mar 10 01:01:22 CET 2026
#@# QSphere lh Tue Mar 10 01:01:30 CET 2026
#@# Fix Topology lh Tue Mar 10 01:02:10 CET 2026
#@# Smooth2 lh Tue Mar 10 01:06:14 CET 2026
#@# Inflation2 lh Tue Mar 10 01:06:16 CET 2026
#@# Curv .H and .K lh Tue Mar 10 01:06:25 CET 2026
#@# Sphere lh Tue Mar 10 01:07:02 CET 2026
#@# Surf Reg lh Tue Mar 10 01:09:18 CET 2026
#@# Jacobian white lh Tue Mar 10 01:11:51 CET 2026
#@# AvgCurv lh Tue Mar 10 01:11:52 CET 2026
#@# Cortical Parc lh Tue Mar 10 01:11:53 CET 2026
#@# white curv lh Tue Mar 10 01:17:11 CET 2026
#@# white area lh Tue Mar 10 01:17:13 CET 2026
#@# pial curv lh Tue Mar 10 01:17:13 CET 2026
#@# pial area lh Tue Mar 10 01:17:14 CET 2026
#@# thickness lh Tue Mar 10 01:17:15 CET 2026
#@# area and vertex vol lh Tue Mar 10 01:17:34 CET 2026
#@# Curvature Stats lh Tue Mar 10 01:17:35 CET 2026
#@# Cortical Parc 2 lh Tue Mar 10 01:17:37 CET 2026
#@# Cortical Parc 3 lh Tue Mar 10 01:17:46 CET 2026
#@# WM/GM Contrast lh Tue Mar 10 01:17:53 CET 2026
recon-all -s sub-v1s3x0050787_ses-1 finished without error at Tue Mar 10 01:17:56 CET 2026



#New# invocation of recon-all 



status file for recon-all
Tue Mar 10 01:38:22 CET 2026
#@# white curv lh Tue Mar 10 01:38:22 CET 2026
#@# white area lh Tue Mar 10 01:38:22 CET 2026
#@# pial curv lh Tue Mar 10 01:38:22 CET 2026
#@# pial area lh Tue Mar 10 01:38:22 CET 2026
#@# thickness lh Tue Mar 10 01:38:22 CET 2026
#@# area and vertex vol lh Tue Mar 10 01:38:22 CET 2026
#@# Parcellation Stats lh Tue Mar 10 01:38:23 CET 2026
#@# Parcellation Stats 2 lh Tue Mar 10 01:38:37 CET 2026
#@# Parcellation Stats 3 lh Tue Mar 10 01:38:45 CET 2026
#@# BA_exvivo Labels lh Tue Mar 10 01:38:52 CET 2026
recon-all -s sub-v1s3x0050787_ses-1 finished without error at Tue Mar 10 01:40:39 CET 2026
