status file for recon-all
Tue Mar 10 01:34:04 CET 2026
#@# MotionCor Tue Mar 10 01:34:06 CET 2026
#@# Talairach Tue Mar 10 01:34:15 CET 2026
#@# Talairach Failure Detection Tue Mar 10 01:38:39 CET 2026
#@# Nu Intensity Correction Tue Mar 10 01:38:39 CET 2026
#@# Intensity Normalization Tue Mar 10 01:41:53 CET 2026
recon-all -s sub-v1s3x0050819_ses-1 finished without error at Tue Mar 10 01:43:25 CET 2026



#New# invocation of recon-all 



status file for recon-all
Tue Mar 10 01:52:08 CET 2026
#@# EM Registration Tue Mar 10 01:52:08 CET 2026
recon-all -s sub-v1s3x0050819_ses-1 finished without error at Tue Mar 10 01:53:28 CET 2026



#New# invocation of recon-all 



status file for recon-all
Tue Mar 10 01:53:30 CET 2026
#@# CA Normalize Tue Mar 10 01:53:30 CET 2026
#@# CA Reg Tue Mar 10 01:54:50 CET 2026
#@# SubCort Seg Tue Mar 10 02:35:14 CET 2026
#@# CC Seg Tue Mar 10 03:06:21 CET 2026
#@# Merge ASeg Tue Mar 10 03:06:53 CET 2026
#@# Intensity Normalization2 Tue Mar 10 03:06:53 CET 2026
#@# Mask BFS Tue Mar 10 03:09:07 CET 2026
#@# WM Segmentation Tue Mar 10 03:09:08 CET 2026
#@# Fill Tue Mar 10 03:11:00 CET 2026
recon-all -s sub-v1s3x0050819_ses-1 finished without error at Tue Mar 10 03:12:01 CET 2026



#New# invocation of recon-all 



status file for recon-all
Tue Mar 10 03:56:56 CET 2026
#@# white curv lh Tue Mar 10 03:56:56 CET 2026
#@# white area lh Tue Mar 10 03:56:56 CET 2026
#@# pial curv lh Tue Mar 10 03:56:56 CET 2026
#@# pial area lh Tue Mar 10 03:56:56 CET 2026
#@# thickness lh Tue Mar 10 03:56:56 CET 2026
#@# area and vertex vol lh Tue Mar 10 03:56:56 CET 2026
#@# white curv rh Tue Mar 10 03:56:56 CET 2026
#@# white area rh Tue Mar 10 03:56:56 CET 2026
#@# pial curv rh Tue Mar 10 03:56:56 CET 2026
#@# pial area rh Tue Mar 10 03:56:56 CET 2026
#@# thickness rh Tue Mar 10 03:56:56 CET 2026
#@# area and vertex vol rh Tue Mar 10 03:56:56 CET 2026
#@# Cortical ribbon mask Tue Mar 10 03:56:56 CET 2026
recon-all -s sub-v1s3x0050819_ses-1 finished without error at Tue Mar 10 04:02:27 CET 2026



#New# invocation of recon-all 



status file for recon-all
Tue Mar 10 04:09:10 CET 2026
#@# white curv lh Tue Mar 10 04:09:10 CET 2026
#@# white area lh Tue Mar 10 04:09:10 CET 2026
#@# pial curv lh Tue Mar 10 04:09:10 CET 2026
#@# pial area lh Tue Mar 10 04:09:10 CET 2026
#@# thickness lh Tue Mar 10 04:09:10 CET 2026
#@# area and vertex vol lh Tue Mar 10 04:09:10 CET 2026
#@# white curv rh Tue Mar 10 04:09:10 CET 2026
#@# white area rh Tue Mar 10 04:09:10 CET 2026
#@# pial curv rh Tue Mar 10 04:09:10 CET 2026
#@# pial area rh Tue Mar 10 04:09:10 CET 2026
#@# thickness rh Tue Mar 10 04:09:10 CET 2026
#@# area and vertex vol rh Tue Mar 10 04:09:10 CET 2026
#@# Curvature Stats lh Tue Mar 10 04:09:10 CET 2026
#@# Curvature Stats rh Tue Mar 10 04:09:13 CET 2026
#@# Relabel Hypointensities Tue Mar 10 04:09:15 CET 2026
#@# APas-to-ASeg Tue Mar 10 04:09:30 CET 2026
#@# AParc-to-ASeg aparc Tue Mar 10 04:09:39 CET 2026
#@# AParc-to-ASeg aparc.a2009s Tue Mar 10 04:10:19 CET 2026
#@# AParc-to-ASeg aparc.DKTatlas Tue Mar 10 04:11:03 CET 2026
#@# WMParc Tue Mar 10 04:11:46 CET 2026
#@# ASeg Stats Tue Mar 10 04:15:20 CET 2026
recon-all -s sub-v1s3x0050819_ses-1 finished without error at Tue Mar 10 04:15:51 CET 2026
