status file for recon-all
Tue Mar 10 03:12:07 CET 2026
#@# Tessellate lh Tue Mar 10 03:12:07 CET 2026
#@# Smooth1 lh Tue Mar 10 03:12:11 CET 2026
#@# Inflation1 lh Tue Mar 10 03:12:14 CET 2026
#@# QSphere lh Tue Mar 10 03:12:25 CET 2026
#@# Fix Topology lh Tue Mar 10 03:13:22 CET 2026
#@# Smooth2 lh Tue Mar 10 03:19:56 CET 2026
#@# Inflation2 lh Tue Mar 10 03:19:59 CET 2026
#@# Curv .H and .K lh Tue Mar 10 03:20:10 CET 2026
#@# Sphere lh Tue Mar 10 03:21:02 CET 2026
#@# Surf Reg lh Tue Mar 10 03:23:00 CET 2026
#@# Jacobian white lh Tue Mar 10 03:26:32 CET 2026
#@# AvgCurv lh Tue Mar 10 03:26:33 CET 2026
#@# Cortical Parc lh Tue Mar 10 03:26:33 CET 2026
#@# white curv lh Tue Mar 10 03:33:05 CET 2026
#@# white area lh Tue Mar 10 03:33:06 CET 2026
#@# pial curv lh Tue Mar 10 03:33:07 CET 2026
#@# pial area lh Tue Mar 10 03:33:09 CET 2026
#@# thickness lh Tue Mar 10 03:33:10 CET 2026
#@# area and vertex vol lh Tue Mar 10 03:33:42 CET 2026
#@# Curvature Stats lh Tue Mar 10 03:33:44 CET 2026
#@# Cortical Parc 2 lh Tue Mar 10 03:33:46 CET 2026
#@# Cortical Parc 3 lh Tue Mar 10 03:34:01 CET 2026
#@# WM/GM Contrast lh Tue Mar 10 03:34:11 CET 2026
recon-all -s sub-v1s3x0050819_ses-1 finished without error at Tue Mar 10 03:34:15 CET 2026



#New# invocation of recon-all 



status file for recon-all
Tue Mar 10 04:02:30 CET 2026
#@# white curv lh Tue Mar 10 04:02:30 CET 2026
#@# white area lh Tue Mar 10 04:02:30 CET 2026
#@# pial curv lh Tue Mar 10 04:02:30 CET 2026
#@# pial area lh Tue Mar 10 04:02:30 CET 2026
#@# thickness lh Tue Mar 10 04:02:30 CET 2026
#@# area and vertex vol lh Tue Mar 10 04:02:30 CET 2026
#@# Parcellation Stats lh Tue Mar 10 04:02:30 CET 2026
#@# Parcellation Stats 2 lh Tue Mar 10 04:02:52 CET 2026
#@# Parcellation Stats 3 lh Tue Mar 10 04:03:03 CET 2026
#@# BA_exvivo Labels lh Tue Mar 10 04:03:14 CET 2026
recon-all -s sub-v1s3x0050819_ses-1 finished without error at Tue Mar 10 04:05:47 CET 2026
