status file for recon-all
Tue Mar 10 02:36:25 CET 2026
#@# Tessellate lh Tue Mar 10 02:36:25 CET 2026
#@# Smooth1 lh Tue Mar 10 02:36:29 CET 2026
#@# Inflation1 lh Tue Mar 10 02:36:32 CET 2026
#@# QSphere lh Tue Mar 10 02:36:42 CET 2026
#@# Fix Topology lh Tue Mar 10 02:37:38 CET 2026
#@# Smooth2 lh Tue Mar 10 02:49:53 CET 2026
#@# Inflation2 lh Tue Mar 10 02:49:55 CET 2026
#@# Curv .H and .K lh Tue Mar 10 02:50:06 CET 2026
#@# Sphere lh Tue Mar 10 02:50:56 CET 2026
#@# Surf Reg lh Tue Mar 10 02:53:48 CET 2026
#@# Jacobian white lh Tue Mar 10 02:57:12 CET 2026
#@# AvgCurv lh Tue Mar 10 02:57:13 CET 2026
#@# Cortical Parc lh Tue Mar 10 02:57:14 CET 2026
#@# white curv lh Tue Mar 10 03:04:22 CET 2026
#@# white area lh Tue Mar 10 03:04:24 CET 2026
#@# pial curv lh Tue Mar 10 03:04:24 CET 2026
#@# pial area lh Tue Mar 10 03:04:26 CET 2026
#@# thickness lh Tue Mar 10 03:04:27 CET 2026
#@# area and vertex vol lh Tue Mar 10 03:04:58 CET 2026
#@# Curvature Stats lh Tue Mar 10 03:05:00 CET 2026
#@# Cortical Parc 2 lh Tue Mar 10 03:05:02 CET 2026
#@# Cortical Parc 3 lh Tue Mar 10 03:05:15 CET 2026
#@# WM/GM Contrast lh Tue Mar 10 03:05:26 CET 2026
recon-all -s sub-v1s3x0050810_ses-1 finished without error at Tue Mar 10 03:05:29 CET 2026



#New# invocation of recon-all 



status file for recon-all
Tue Mar 10 03:35:42 CET 2026
#@# white curv lh Tue Mar 10 03:35:42 CET 2026
#@# white area lh Tue Mar 10 03:35:42 CET 2026
#@# pial curv lh Tue Mar 10 03:35:42 CET 2026
#@# pial area lh Tue Mar 10 03:35:42 CET 2026
#@# thickness lh Tue Mar 10 03:35:42 CET 2026
#@# area and vertex vol lh Tue Mar 10 03:35:42 CET 2026
#@# Parcellation Stats lh Tue Mar 10 03:35:42 CET 2026
#@# Parcellation Stats 2 lh Tue Mar 10 03:36:02 CET 2026
#@# Parcellation Stats 3 lh Tue Mar 10 03:36:12 CET 2026
#@# BA_exvivo Labels lh Tue Mar 10 03:36:22 CET 2026
recon-all -s sub-v1s3x0050810_ses-1 finished without error at Tue Mar 10 03:38:48 CET 2026
