status file for recon-all
Tue Mar 10 03:05:32 CET 2026
#@# Tessellate rh Tue Mar 10 03:05:32 CET 2026
#@# Smooth1 rh Tue Mar 10 03:05:35 CET 2026
#@# Inflation1 rh Tue Mar 10 03:05:38 CET 2026
#@# QSphere rh Tue Mar 10 03:05:48 CET 2026
#@# Fix Topology rh Tue Mar 10 03:06:43 CET 2026
#@# Smooth2 rh Tue Mar 10 03:12:54 CET 2026
#@# Inflation2 rh Tue Mar 10 03:12:57 CET 2026
#@# Curv .H and .K rh Tue Mar 10 03:13:09 CET 2026
#@# Sphere rh Tue Mar 10 03:13:59 CET 2026
#@# Surf Reg rh Tue Mar 10 03:16:14 CET 2026
#@# Jacobian white rh Tue Mar 10 03:19:55 CET 2026
#@# AvgCurv rh Tue Mar 10 03:19:56 CET 2026
#@# Cortical Parc rh Tue Mar 10 03:19:56 CET 2026
#@# white curv rh Tue Mar 10 03:26:20 CET 2026
#@# white area rh Tue Mar 10 03:26:22 CET 2026
#@# pial curv rh Tue Mar 10 03:26:22 CET 2026
#@# pial area rh Tue Mar 10 03:26:24 CET 2026
#@# thickness rh Tue Mar 10 03:26:25 CET 2026
#@# area and vertex vol rh Tue Mar 10 03:26:57 CET 2026
#@# Curvature Stats rh Tue Mar 10 03:26:58 CET 2026
#@# Cortical Parc 2 rh Tue Mar 10 03:27:00 CET 2026
#@# Cortical Parc 3 rh Tue Mar 10 03:27:14 CET 2026
#@# WM/GM Contrast rh Tue Mar 10 03:27:25 CET 2026
recon-all -s sub-v1s3x0050810_ses-1 finished without error at Tue Mar 10 03:27:27 CET 2026



#New# invocation of recon-all 



status file for recon-all
Tue Mar 10 03:38:50 CET 2026
#@# white curv rh Tue Mar 10 03:38:50 CET 2026
#@# white area rh Tue Mar 10 03:38:50 CET 2026
#@# pial curv rh Tue Mar 10 03:38:50 CET 2026
#@# pial area rh Tue Mar 10 03:38:50 CET 2026
#@# thickness rh Tue Mar 10 03:38:51 CET 2026
#@# area and vertex vol rh Tue Mar 10 03:38:51 CET 2026
#@# Parcellation Stats rh Tue Mar 10 03:38:51 CET 2026
#@# Parcellation Stats 2 rh Tue Mar 10 03:39:11 CET 2026
#@# Parcellation Stats 3 rh Tue Mar 10 03:39:21 CET 2026
#@# BA_exvivo Labels rh Tue Mar 10 03:39:31 CET 2026
recon-all -s sub-v1s3x0050810_ses-1 finished without error at Tue Mar 10 03:41:59 CET 2026
