status file for recon-all
Tue Mar 10 00:56:04 CET 2026
#@# MotionCor Tue Mar 10 00:56:06 CET 2026
#@# Talairach Tue Mar 10 00:56:16 CET 2026
#@# Talairach Failure Detection Tue Mar 10 01:00:42 CET 2026
#@# Nu Intensity Correction Tue Mar 10 01:00:42 CET 2026
#@# Intensity Normalization Tue Mar 10 01:03:54 CET 2026
recon-all -s sub-v1s3x0050810_ses-1 finished without error at Tue Mar 10 01:05:24 CET 2026



#New# invocation of recon-all 



status file for recon-all
Tue Mar 10 01:14:04 CET 2026
#@# EM Registration Tue Mar 10 01:14:04 CET 2026
recon-all -s sub-v1s3x0050810_ses-1 finished without error at Tue Mar 10 01:15:26 CET 2026



#New# invocation of recon-all 



status file for recon-all
Tue Mar 10 01:15:28 CET 2026
#@# CA Normalize Tue Mar 10 01:15:28 CET 2026
#@# CA Reg Tue Mar 10 01:16:47 CET 2026
#@# SubCort Seg Tue Mar 10 01:58:52 CET 2026
#@# CC Seg Tue Mar 10 02:30:32 CET 2026
#@# Merge ASeg Tue Mar 10 02:31:05 CET 2026
#@# Intensity Normalization2 Tue Mar 10 02:31:05 CET 2026
#@# Mask BFS Tue Mar 10 02:33:16 CET 2026
#@# WM Segmentation Tue Mar 10 02:33:17 CET 2026
#@# Fill Tue Mar 10 02:35:18 CET 2026
recon-all -s sub-v1s3x0050810_ses-1 finished without error at Tue Mar 10 02:36:21 CET 2026



#New# invocation of recon-all 



status file for recon-all
Tue Mar 10 03:27:34 CET 2026
#@# white curv lh Tue Mar 10 03:27:34 CET 2026
#@# white area lh Tue Mar 10 03:27:34 CET 2026
#@# pial curv lh Tue Mar 10 03:27:34 CET 2026
#@# pial area lh Tue Mar 10 03:27:34 CET 2026
#@# thickness lh Tue Mar 10 03:27:34 CET 2026
#@# area and vertex vol lh Tue Mar 10 03:27:34 CET 2026
#@# white curv rh Tue Mar 10 03:27:34 CET 2026
#@# white area rh Tue Mar 10 03:27:34 CET 2026
#@# pial curv rh Tue Mar 10 03:27:34 CET 2026
#@# pial area rh Tue Mar 10 03:27:34 CET 2026
#@# thickness rh Tue Mar 10 03:27:34 CET 2026
#@# area and vertex vol rh Tue Mar 10 03:27:34 CET 2026
#@# Cortical ribbon mask Tue Mar 10 03:27:34 CET 2026
recon-all -s sub-v1s3x0050810_ses-1 finished without error at Tue Mar 10 03:35:38 CET 2026



#New# invocation of recon-all 



status file for recon-all
Tue Mar 10 03:42:06 CET 2026
#@# white curv lh Tue Mar 10 03:42:06 CET 2026
#@# white area lh Tue Mar 10 03:42:06 CET 2026
#@# pial curv lh Tue Mar 10 03:42:06 CET 2026
#@# pial area lh Tue Mar 10 03:42:06 CET 2026
#@# thickness lh Tue Mar 10 03:42:06 CET 2026
#@# area and vertex vol lh Tue Mar 10 03:42:06 CET 2026
#@# white curv rh Tue Mar 10 03:42:06 CET 2026
#@# white area rh Tue Mar 10 03:42:06 CET 2026
#@# pial curv rh Tue Mar 10 03:42:06 CET 2026
#@# pial area rh Tue Mar 10 03:42:06 CET 2026
#@# thickness rh Tue Mar 10 03:42:06 CET 2026
#@# area and vertex vol rh Tue Mar 10 03:42:06 CET 2026
#@# Curvature Stats lh Tue Mar 10 03:42:06 CET 2026
#@# Curvature Stats rh Tue Mar 10 03:42:08 CET 2026
#@# Relabel Hypointensities Tue Mar 10 03:42:11 CET 2026
#@# APas-to-ASeg Tue Mar 10 03:42:26 CET 2026
#@# AParc-to-ASeg aparc Tue Mar 10 03:42:34 CET 2026
#@# AParc-to-ASeg aparc.a2009s Tue Mar 10 03:43:17 CET 2026
#@# AParc-to-ASeg aparc.DKTatlas Tue Mar 10 03:44:01 CET 2026
#@# WMParc Tue Mar 10 03:44:48 CET 2026
#@# ASeg Stats Tue Mar 10 03:48:30 CET 2026
recon-all -s sub-v1s3x0050810_ses-1 finished without error at Tue Mar 10 03:49:03 CET 2026
