Log file for defect2seg
Tue Mar 10 01:53:00 CET 2026

setenv SUBJECTS_DIR /out/sourcedata/freesurfer
cd /out/sourcedata/freesurfer/sub-v1s3x0050784_ses-1/scripts
/opt/freesurfer/bin/defect2seg --s sub-v1s3x0050784_ses-1 --rh-only --cortex

freesurfer-linux-ubuntu22_x86_64-7.3.2-20220804-6354275
defect2seg 7.3.2
Linux dna052 5.14.0-427.37.1.el9_4.x86_64 #1 SMP PREEMPT_DYNAMIC Fri Sep 13 12:41:50 EDT 2024 x86_64 x86_64 x86_64 GNU/Linux
pid 3511134
mri_label2label --label-cortex /out/sourcedata/freesurfer/sub-v1s3x0050784_ses-1/surf/rh.orig.nofix /out/sourcedata/freesurfer/sub-v1s3x0050784_ses-1/mri/aseg.presurf.mgz 0 /out/sourcedata/freesurfer/sub-v1s3x0050784_ses-1/label/rh.nofix.cortex.label

 Generating cortex label... RemoveHipAmgy=0
 NucAccIsMedialWall=0
 mris->useRealRAS=0
20 non-cortical segments detected
only using segment with 6404 vertices
erasing segment 0 (vno[0] = 33955)
erasing segment 1 (vno[0] = 36024)
erasing segment 3 (vno[0] = 47273)
erasing segment 4 (vno[0] = 71450)
erasing segment 5 (vno[0] = 76415)
erasing segment 6 (vno[0] = 76603)
erasing segment 7 (vno[0] = 78374)
erasing segment 8 (vno[0] = 79694)
erasing segment 9 (vno[0] = 86540)
erasing segment 10 (vno[0] = 88697)
erasing segment 11 (vno[0] = 88744)
erasing segment 12 (vno[0] = 89591)
erasing segment 13 (vno[0] = 89624)
erasing segment 14 (vno[0] = 90640)
erasing segment 15 (vno[0] = 90674)
erasing segment 16 (vno[0] = 90696)
erasing segment 17 (vno[0] = 94918)
erasing segment 18 (vno[0] = 94930)
erasing segment 19 (vno[0] = 96972)
mri_label2vol --defects /out/sourcedata/freesurfer/sub-v1s3x0050784_ses-1/surf/rh.orig.nofix /out/sourcedata/freesurfer/sub-v1s3x0050784_ses-1/surf/rh.defect_labels /out/sourcedata/freesurfer/sub-v1s3x0050784_ses-1/mri/orig.mgz 2000 0 /out/sourcedata/freesurfer/sub-v1s3x0050784_ses-1/mri/rh.surface.defects.mgz /out/sourcedata/freesurfer/sub-v1s3x0050784_ses-1/label/rh.nofix.cortex.label
mri_label2vol supposed to be reproducible but seed not set
Contraining to label /out/sourcedata/freesurfer/sub-v1s3x0050784_ses-1/label/rh.nofix.cortex.label
Changing input type 0 to MRI_INT
Converting defects to volume: offset=2000, merge=0
Writing to /out/sourcedata/freesurfer/sub-v1s3x0050784_ses-1/mri/rh.surface.defects.mgz
mris_defects_pointset -s /out/sourcedata/freesurfer/sub-v1s3x0050784_ses-1/surf/rh.orig.nofix -d /out/sourcedata/freesurfer/sub-v1s3x0050784_ses-1/surf/rh.defect_labels -o /out/sourcedata/freesurfer/sub-v1s3x0050784_ses-1/surf/rh.defects.pointset --label /out/sourcedata/freesurfer/sub-v1s3x0050784_ses-1/label/rh.nofix.cortex.label
Reading in surface /out/sourcedata/freesurfer/sub-v1s3x0050784_ses-1/surf/rh.orig.nofix
Reading in defect segmentation /out/sourcedata/freesurfer/sub-v1s3x0050784_ses-1/surf/rh.defect_labels
Reading in label /out/sourcedata/freesurfer/sub-v1s3x0050784_ses-1/label/rh.nofix.cortex.label
#VMPC# mris_defects_pointset 1443824
mris_defects_pointset done
 
Started at Tue Mar 10 01:53:00 CET 2026 
Ended   at Tue Mar 10 01:53:15 CET 2026
Defect2seg-Run-Time-Sec 15
Defect2seg-Run-Time-Min 0.30
Defect2seg-Run-Time-Hours 0.00
 
defect2seg Done
