status file for recon-all
Mon Mar  9 23:40:39 CET 2026
#@# MotionCor Mon Mar  9 23:40:40 CET 2026
#@# Talairach Mon Mar  9 23:40:51 CET 2026
#@# Talairach Failure Detection Mon Mar  9 23:45:18 CET 2026
#@# Nu Intensity Correction Mon Mar  9 23:45:18 CET 2026
#@# Intensity Normalization Mon Mar  9 23:48:35 CET 2026
recon-all -s sub-v1s3x0050784_ses-1 finished without error at Mon Mar  9 23:50:01 CET 2026



#New# invocation of recon-all 



status file for recon-all
Mon Mar  9 23:58:47 CET 2026
#@# EM Registration Mon Mar  9 23:58:47 CET 2026
recon-all -s sub-v1s3x0050784_ses-1 finished without error at Tue Mar 10 00:01:09 CET 2026



#New# invocation of recon-all 



status file for recon-all
Tue Mar 10 00:01:11 CET 2026
#@# CA Normalize Tue Mar 10 00:01:11 CET 2026
#@# CA Reg Tue Mar 10 00:02:32 CET 2026
#@# SubCort Seg Tue Mar 10 00:51:21 CET 2026
#@# CC Seg Tue Mar 10 01:22:04 CET 2026
#@# Merge ASeg Tue Mar 10 01:23:01 CET 2026
#@# Intensity Normalization2 Tue Mar 10 01:23:01 CET 2026
#@# Mask BFS Tue Mar 10 01:25:16 CET 2026
#@# WM Segmentation Tue Mar 10 01:25:16 CET 2026
#@# Fill Tue Mar 10 01:27:13 CET 2026
recon-all -s sub-v1s3x0050784_ses-1 finished without error at Tue Mar 10 01:28:17 CET 2026



#New# invocation of recon-all 



status file for recon-all
Tue Mar 10 02:16:12 CET 2026
#@# white curv lh Tue Mar 10 02:16:12 CET 2026
#@# white area lh Tue Mar 10 02:16:12 CET 2026
#@# pial curv lh Tue Mar 10 02:16:12 CET 2026
#@# pial area lh Tue Mar 10 02:16:12 CET 2026
#@# thickness lh Tue Mar 10 02:16:12 CET 2026
#@# area and vertex vol lh Tue Mar 10 02:16:12 CET 2026
#@# white curv rh Tue Mar 10 02:16:12 CET 2026
#@# white area rh Tue Mar 10 02:16:12 CET 2026
#@# pial curv rh Tue Mar 10 02:16:12 CET 2026
#@# pial area rh Tue Mar 10 02:16:12 CET 2026
#@# thickness rh Tue Mar 10 02:16:12 CET 2026
#@# area and vertex vol rh Tue Mar 10 02:16:12 CET 2026
#@# Cortical ribbon mask Tue Mar 10 02:16:12 CET 2026
recon-all -s sub-v1s3x0050784_ses-1 finished without error at Tue Mar 10 02:22:04 CET 2026



#New# invocation of recon-all 



status file for recon-all
Tue Mar 10 02:28:16 CET 2026
#@# white curv lh Tue Mar 10 02:28:16 CET 2026
#@# white area lh Tue Mar 10 02:28:16 CET 2026
#@# pial curv lh Tue Mar 10 02:28:16 CET 2026
#@# pial area lh Tue Mar 10 02:28:16 CET 2026
#@# thickness lh Tue Mar 10 02:28:16 CET 2026
#@# area and vertex vol lh Tue Mar 10 02:28:16 CET 2026
#@# white curv rh Tue Mar 10 02:28:16 CET 2026
#@# white area rh Tue Mar 10 02:28:16 CET 2026
#@# pial curv rh Tue Mar 10 02:28:16 CET 2026
#@# pial area rh Tue Mar 10 02:28:16 CET 2026
#@# thickness rh Tue Mar 10 02:28:16 CET 2026
#@# area and vertex vol rh Tue Mar 10 02:28:16 CET 2026
#@# Curvature Stats lh Tue Mar 10 02:28:16 CET 2026
#@# Curvature Stats rh Tue Mar 10 02:28:18 CET 2026
#@# Relabel Hypointensities Tue Mar 10 02:28:21 CET 2026
#@# APas-to-ASeg Tue Mar 10 02:28:35 CET 2026
#@# AParc-to-ASeg aparc Tue Mar 10 02:28:45 CET 2026
#@# AParc-to-ASeg aparc.a2009s Tue Mar 10 02:29:37 CET 2026
#@# AParc-to-ASeg aparc.DKTatlas Tue Mar 10 02:30:25 CET 2026
#@# WMParc Tue Mar 10 02:31:07 CET 2026
#@# ASeg Stats Tue Mar 10 02:35:11 CET 2026
recon-all -s sub-v1s3x0050784_ses-1 finished without error at Tue Mar 10 02:35:54 CET 2026
