status file for recon-all
Tue Mar 10 01:28:23 CET 2026
#@# Tessellate lh Tue Mar 10 01:28:23 CET 2026
#@# Smooth1 lh Tue Mar 10 01:28:27 CET 2026
#@# Inflation1 lh Tue Mar 10 01:28:29 CET 2026
#@# QSphere lh Tue Mar 10 01:28:41 CET 2026
#@# Fix Topology lh Tue Mar 10 01:29:50 CET 2026
#@# Smooth2 lh Tue Mar 10 01:35:11 CET 2026
#@# Inflation2 lh Tue Mar 10 01:35:14 CET 2026
#@# Curv .H and .K lh Tue Mar 10 01:35:28 CET 2026
#@# Sphere lh Tue Mar 10 01:36:12 CET 2026
#@# Surf Reg lh Tue Mar 10 01:39:49 CET 2026
#@# Jacobian white lh Tue Mar 10 01:43:09 CET 2026
#@# AvgCurv lh Tue Mar 10 01:43:10 CET 2026
#@# Cortical Parc lh Tue Mar 10 01:43:11 CET 2026
#@# white curv lh Tue Mar 10 01:49:35 CET 2026
#@# white area lh Tue Mar 10 01:49:37 CET 2026
#@# pial curv lh Tue Mar 10 01:49:38 CET 2026
#@# pial area lh Tue Mar 10 01:49:39 CET 2026
#@# thickness lh Tue Mar 10 01:49:40 CET 2026
#@# area and vertex vol lh Tue Mar 10 01:50:07 CET 2026
#@# Curvature Stats lh Tue Mar 10 01:50:09 CET 2026
#@# Cortical Parc 2 lh Tue Mar 10 01:50:11 CET 2026
#@# Cortical Parc 3 lh Tue Mar 10 01:50:23 CET 2026
#@# WM/GM Contrast lh Tue Mar 10 01:50:33 CET 2026
recon-all -s sub-v1s3x0050784_ses-1 finished without error at Tue Mar 10 01:50:36 CET 2026



#New# invocation of recon-all 



status file for recon-all
Tue Mar 10 02:22:08 CET 2026
#@# white curv lh Tue Mar 10 02:22:08 CET 2026
#@# white area lh Tue Mar 10 02:22:08 CET 2026
#@# pial curv lh Tue Mar 10 02:22:08 CET 2026
#@# pial area lh Tue Mar 10 02:22:08 CET 2026
#@# thickness lh Tue Mar 10 02:22:08 CET 2026
#@# area and vertex vol lh Tue Mar 10 02:22:08 CET 2026
#@# Parcellation Stats lh Tue Mar 10 02:22:08 CET 2026
#@# Parcellation Stats 2 lh Tue Mar 10 02:22:25 CET 2026
#@# Parcellation Stats 3 lh Tue Mar 10 02:22:33 CET 2026
#@# BA_exvivo Labels lh Tue Mar 10 02:22:41 CET 2026
recon-all -s sub-v1s3x0050784_ses-1 finished without error at Tue Mar 10 02:25:08 CET 2026
