status file for recon-all
Tue Mar 10 01:50:38 CET 2026
#@# Tessellate rh Tue Mar 10 01:50:38 CET 2026
#@# Smooth1 rh Tue Mar 10 01:50:41 CET 2026
#@# Inflation1 rh Tue Mar 10 01:50:44 CET 2026
#@# QSphere rh Tue Mar 10 01:50:56 CET 2026
#@# Fix Topology rh Tue Mar 10 01:52:14 CET 2026
#@# Smooth2 rh Tue Mar 10 01:57:43 CET 2026
#@# Inflation2 rh Tue Mar 10 01:57:46 CET 2026
#@# Curv .H and .K rh Tue Mar 10 01:57:59 CET 2026
#@# Sphere rh Tue Mar 10 01:58:44 CET 2026
#@# Surf Reg rh Tue Mar 10 02:02:53 CET 2026
#@# Jacobian white rh Tue Mar 10 02:08:38 CET 2026
#@# AvgCurv rh Tue Mar 10 02:08:39 CET 2026
#@# Cortical Parc rh Tue Mar 10 02:08:39 CET 2026
#@# white curv rh Tue Mar 10 02:15:01 CET 2026
#@# white area rh Tue Mar 10 02:15:03 CET 2026
#@# pial curv rh Tue Mar 10 02:15:04 CET 2026
#@# pial area rh Tue Mar 10 02:15:05 CET 2026
#@# thickness rh Tue Mar 10 02:15:06 CET 2026
#@# area and vertex vol rh Tue Mar 10 02:15:33 CET 2026
#@# Curvature Stats rh Tue Mar 10 02:15:35 CET 2026
#@# Cortical Parc 2 rh Tue Mar 10 02:15:37 CET 2026
#@# Cortical Parc 3 rh Tue Mar 10 02:15:51 CET 2026
#@# WM/GM Contrast rh Tue Mar 10 02:16:01 CET 2026
recon-all -s sub-v1s3x0050784_ses-1 finished without error at Tue Mar 10 02:16:03 CET 2026



#New# invocation of recon-all 



status file for recon-all
Tue Mar 10 02:25:12 CET 2026
#@# white curv rh Tue Mar 10 02:25:12 CET 2026
#@# white area rh Tue Mar 10 02:25:12 CET 2026
#@# pial curv rh Tue Mar 10 02:25:12 CET 2026
#@# pial area rh Tue Mar 10 02:25:12 CET 2026
#@# thickness rh Tue Mar 10 02:25:12 CET 2026
#@# area and vertex vol rh Tue Mar 10 02:25:12 CET 2026
#@# Parcellation Stats rh Tue Mar 10 02:25:12 CET 2026
#@# Parcellation Stats 2 rh Tue Mar 10 02:25:28 CET 2026
#@# Parcellation Stats 3 rh Tue Mar 10 02:25:37 CET 2026
#@# BA_exvivo Labels rh Tue Mar 10 02:25:45 CET 2026
recon-all -s sub-v1s3x0050784_ses-1 finished without error at Tue Mar 10 02:28:11 CET 2026
