status file for recon-all
Thu Mar 12 18:21:36 CET 2026
#@# Tessellate lh Thu Mar 12 18:21:36 CET 2026
#@# Smooth1 lh Thu Mar 12 18:21:40 CET 2026
#@# Inflation1 lh Thu Mar 12 18:21:43 CET 2026
#@# QSphere lh Thu Mar 12 18:21:59 CET 2026
#@# Fix Topology lh Thu Mar 12 18:23:33 CET 2026
#@# Smooth2 lh Thu Mar 12 18:31:15 CET 2026
#@# Inflation2 lh Thu Mar 12 18:31:18 CET 2026
#@# Curv .H and .K lh Thu Mar 12 18:31:37 CET 2026
#@# Sphere lh Thu Mar 12 18:32:25 CET 2026
#@# Surf Reg lh Thu Mar 12 18:36:56 CET 2026
#@# Jacobian white lh Thu Mar 12 18:41:14 CET 2026
#@# AvgCurv lh Thu Mar 12 18:41:15 CET 2026
#@# Cortical Parc lh Thu Mar 12 18:41:16 CET 2026
#@# white curv lh Thu Mar 12 18:48:46 CET 2026
#@# white area lh Thu Mar 12 18:48:48 CET 2026
#@# pial curv lh Thu Mar 12 18:48:49 CET 2026
#@# pial area lh Thu Mar 12 18:48:51 CET 2026
#@# thickness lh Thu Mar 12 18:48:51 CET 2026
#@# area and vertex vol lh Thu Mar 12 18:49:21 CET 2026
#@# Curvature Stats lh Thu Mar 12 18:49:23 CET 2026
#@# Cortical Parc 2 lh Thu Mar 12 18:49:26 CET 2026
#@# Cortical Parc 3 lh Thu Mar 12 18:49:40 CET 2026
#@# WM/GM Contrast lh Thu Mar 12 18:49:50 CET 2026
recon-all -s sub-v1s3x0050823_ses-1 finished without error at Thu Mar 12 18:49:53 CET 2026



#New# invocation of recon-all 



status file for recon-all
Thu Mar 12 19:28:38 CET 2026
#@# white curv lh Thu Mar 12 19:28:38 CET 2026
#@# white area lh Thu Mar 12 19:28:38 CET 2026
#@# pial curv lh Thu Mar 12 19:28:38 CET 2026
#@# pial area lh Thu Mar 12 19:28:38 CET 2026
#@# thickness lh Thu Mar 12 19:28:38 CET 2026
#@# area and vertex vol lh Thu Mar 12 19:28:38 CET 2026
#@# Parcellation Stats lh Thu Mar 12 19:28:38 CET 2026
#@# Parcellation Stats 2 lh Thu Mar 12 19:28:58 CET 2026
#@# Parcellation Stats 3 lh Thu Mar 12 19:29:07 CET 2026
#@# BA_exvivo Labels lh Thu Mar 12 19:29:17 CET 2026
recon-all -s sub-v1s3x0050823_ses-1 finished without error at Thu Mar 12 19:32:00 CET 2026
