status file for recon-all
Thu Mar 12 18:49:57 CET 2026
#@# Tessellate rh Thu Mar 12 18:49:57 CET 2026
#@# Smooth1 rh Thu Mar 12 18:50:01 CET 2026
#@# Inflation1 rh Thu Mar 12 18:50:04 CET 2026
#@# QSphere rh Thu Mar 12 18:50:19 CET 2026
#@# Fix Topology rh Thu Mar 12 18:51:22 CET 2026
#@# Smooth2 rh Thu Mar 12 18:58:00 CET 2026
#@# Inflation2 rh Thu Mar 12 18:58:03 CET 2026
#@# Curv .H and .K rh Thu Mar 12 18:58:21 CET 2026
#@# Sphere rh Thu Mar 12 18:59:09 CET 2026
#@# Surf Reg rh Thu Mar 12 19:04:02 CET 2026
#@# Jacobian white rh Thu Mar 12 19:09:43 CET 2026
#@# AvgCurv rh Thu Mar 12 19:09:43 CET 2026
#@# Cortical Parc rh Thu Mar 12 19:09:44 CET 2026
#@# white curv rh Thu Mar 12 19:17:23 CET 2026
#@# white area rh Thu Mar 12 19:17:25 CET 2026
#@# pial curv rh Thu Mar 12 19:17:26 CET 2026
#@# pial area rh Thu Mar 12 19:17:28 CET 2026
#@# thickness rh Thu Mar 12 19:17:29 CET 2026
#@# area and vertex vol rh Thu Mar 12 19:18:00 CET 2026
#@# Curvature Stats rh Thu Mar 12 19:18:01 CET 2026
#@# Cortical Parc 2 rh Thu Mar 12 19:18:04 CET 2026
#@# Cortical Parc 3 rh Thu Mar 12 19:18:18 CET 2026
#@# WM/GM Contrast rh Thu Mar 12 19:18:29 CET 2026
recon-all -s sub-v1s3x0050823_ses-1 finished without error at Thu Mar 12 19:18:32 CET 2026



#New# invocation of recon-all 



status file for recon-all
Thu Mar 12 19:32:02 CET 2026
#@# white curv rh Thu Mar 12 19:32:02 CET 2026
#@# white area rh Thu Mar 12 19:32:02 CET 2026
#@# pial curv rh Thu Mar 12 19:32:02 CET 2026
#@# pial area rh Thu Mar 12 19:32:02 CET 2026
#@# thickness rh Thu Mar 12 19:32:02 CET 2026
#@# area and vertex vol rh Thu Mar 12 19:32:02 CET 2026
#@# Parcellation Stats rh Thu Mar 12 19:32:02 CET 2026
#@# Parcellation Stats 2 rh Thu Mar 12 19:32:22 CET 2026
#@# Parcellation Stats 3 rh Thu Mar 12 19:32:32 CET 2026
#@# BA_exvivo Labels rh Thu Mar 12 19:32:41 CET 2026
recon-all -s sub-v1s3x0050823_ses-1 finished without error at Thu Mar 12 19:35:25 CET 2026
