status file for recon-all
Thu Mar 12 17:55:35 CET 2026
#@# Tessellate lh Thu Mar 12 17:55:35 CET 2026
#@# Smooth1 lh Thu Mar 12 17:55:38 CET 2026
#@# Inflation1 lh Thu Mar 12 17:55:40 CET 2026
#@# QSphere lh Thu Mar 12 17:55:53 CET 2026
#@# Fix Topology lh Thu Mar 12 17:57:04 CET 2026
#@# Smooth2 lh Thu Mar 12 18:02:20 CET 2026
#@# Inflation2 lh Thu Mar 12 18:02:23 CET 2026
#@# Curv .H and .K lh Thu Mar 12 18:02:39 CET 2026
#@# Sphere lh Thu Mar 12 18:03:19 CET 2026
#@# Surf Reg lh Thu Mar 12 18:05:57 CET 2026
#@# Jacobian white lh Thu Mar 12 18:09:50 CET 2026
#@# AvgCurv lh Thu Mar 12 18:09:51 CET 2026
#@# Cortical Parc lh Thu Mar 12 18:09:52 CET 2026
#@# white curv lh Thu Mar 12 18:16:43 CET 2026
#@# white area lh Thu Mar 12 18:16:45 CET 2026
#@# pial curv lh Thu Mar 12 18:16:46 CET 2026
#@# pial area lh Thu Mar 12 18:16:47 CET 2026
#@# thickness lh Thu Mar 12 18:16:48 CET 2026
#@# area and vertex vol lh Thu Mar 12 18:17:09 CET 2026
#@# Curvature Stats lh Thu Mar 12 18:17:10 CET 2026
#@# Cortical Parc 2 lh Thu Mar 12 18:17:13 CET 2026
#@# Cortical Parc 3 lh Thu Mar 12 18:17:24 CET 2026
#@# WM/GM Contrast lh Thu Mar 12 18:17:32 CET 2026
recon-all -s sub-v1s3x0050786_ses-1 finished without error at Thu Mar 12 18:17:34 CET 2026



#New# invocation of recon-all 



status file for recon-all
Thu Mar 12 18:46:51 CET 2026
#@# white curv lh Thu Mar 12 18:46:51 CET 2026
#@# white area lh Thu Mar 12 18:46:51 CET 2026
#@# pial curv lh Thu Mar 12 18:46:51 CET 2026
#@# pial area lh Thu Mar 12 18:46:51 CET 2026
#@# thickness lh Thu Mar 12 18:46:51 CET 2026
#@# area and vertex vol lh Thu Mar 12 18:46:51 CET 2026
#@# Parcellation Stats lh Thu Mar 12 18:46:51 CET 2026
#@# Parcellation Stats 2 lh Thu Mar 12 18:47:08 CET 2026
#@# Parcellation Stats 3 lh Thu Mar 12 18:47:17 CET 2026
#@# BA_exvivo Labels lh Thu Mar 12 18:47:26 CET 2026
recon-all -s sub-v1s3x0050786_ses-1 finished without error at Thu Mar 12 18:49:41 CET 2026
