status file for recon-all
Thu Mar 12 16:22:15 CET 2026
#@# MotionCor Thu Mar 12 16:22:17 CET 2026
#@# Talairach Thu Mar 12 16:22:23 CET 2026
#@# Talairach Failure Detection Thu Mar 12 16:25:13 CET 2026
#@# Nu Intensity Correction Thu Mar 12 16:25:13 CET 2026
#@# Intensity Normalization Thu Mar 12 16:27:58 CET 2026
recon-all -s sub-v1s3x0050786_ses-1 finished without error at Thu Mar 12 16:28:54 CET 2026



#New# invocation of recon-all 



status file for recon-all
Thu Mar 12 16:36:30 CET 2026
#@# EM Registration Thu Mar 12 16:36:30 CET 2026
recon-all -s sub-v1s3x0050786_ses-1 finished without error at Thu Mar 12 16:38:22 CET 2026



#New# invocation of recon-all 



status file for recon-all
Thu Mar 12 16:38:26 CET 2026
#@# CA Normalize Thu Mar 12 16:38:26 CET 2026
#@# CA Reg Thu Mar 12 16:39:18 CET 2026
#@# SubCort Seg Thu Mar 12 17:26:54 CET 2026
#@# CC Seg Thu Mar 12 17:51:34 CET 2026
#@# Merge ASeg Thu Mar 12 17:51:52 CET 2026
#@# Intensity Normalization2 Thu Mar 12 17:51:52 CET 2026
#@# Mask BFS Thu Mar 12 17:53:19 CET 2026
#@# WM Segmentation Thu Mar 12 17:53:20 CET 2026
#@# Fill Thu Mar 12 17:54:53 CET 2026
recon-all -s sub-v1s3x0050786_ses-1 finished without error at Thu Mar 12 17:55:31 CET 2026



#New# invocation of recon-all 



status file for recon-all
Thu Mar 12 18:41:01 CET 2026
#@# white curv lh Thu Mar 12 18:41:01 CET 2026
#@# white area lh Thu Mar 12 18:41:01 CET 2026
#@# pial curv lh Thu Mar 12 18:41:01 CET 2026
#@# pial area lh Thu Mar 12 18:41:01 CET 2026
#@# thickness lh Thu Mar 12 18:41:01 CET 2026
#@# area and vertex vol lh Thu Mar 12 18:41:01 CET 2026
#@# white curv rh Thu Mar 12 18:41:01 CET 2026
#@# white area rh Thu Mar 12 18:41:01 CET 2026
#@# pial curv rh Thu Mar 12 18:41:01 CET 2026
#@# pial area rh Thu Mar 12 18:41:01 CET 2026
#@# thickness rh Thu Mar 12 18:41:01 CET 2026
#@# area and vertex vol rh Thu Mar 12 18:41:01 CET 2026
#@# Cortical ribbon mask Thu Mar 12 18:41:01 CET 2026
recon-all -s sub-v1s3x0050786_ses-1 finished without error at Thu Mar 12 18:46:48 CET 2026



#New# invocation of recon-all 



status file for recon-all
Thu Mar 12 18:52:41 CET 2026
#@# white curv lh Thu Mar 12 18:52:41 CET 2026
#@# white area lh Thu Mar 12 18:52:41 CET 2026
#@# pial curv lh Thu Mar 12 18:52:41 CET 2026
#@# pial area lh Thu Mar 12 18:52:41 CET 2026
#@# thickness lh Thu Mar 12 18:52:41 CET 2026
#@# area and vertex vol lh Thu Mar 12 18:52:41 CET 2026
#@# white curv rh Thu Mar 12 18:52:41 CET 2026
#@# white area rh Thu Mar 12 18:52:41 CET 2026
#@# pial curv rh Thu Mar 12 18:52:41 CET 2026
#@# pial area rh Thu Mar 12 18:52:41 CET 2026
#@# thickness rh Thu Mar 12 18:52:41 CET 2026
#@# area and vertex vol rh Thu Mar 12 18:52:41 CET 2026
#@# Curvature Stats lh Thu Mar 12 18:52:41 CET 2026
#@# Curvature Stats rh Thu Mar 12 18:52:43 CET 2026
#@# Relabel Hypointensities Thu Mar 12 18:52:46 CET 2026
#@# APas-to-ASeg Thu Mar 12 18:52:57 CET 2026
#@# AParc-to-ASeg aparc Thu Mar 12 18:53:05 CET 2026
#@# AParc-to-ASeg aparc.a2009s Thu Mar 12 18:53:34 CET 2026
#@# AParc-to-ASeg aparc.DKTatlas Thu Mar 12 18:54:03 CET 2026
#@# WMParc Thu Mar 12 18:54:30 CET 2026
#@# ASeg Stats Thu Mar 12 18:56:21 CET 2026
recon-all -s sub-v1s3x0050786_ses-1 finished without error at Thu Mar 12 18:56:41 CET 2026
