/out/sourcedata/freesurfer/sub-v1s3x0050774_ses-1/mri
/opt/freesurfer/bin/talairach_avi
--i orig_nu.mgz --xfm transforms/talairach.auto.xfm
talairach_avi 7.3.2
Linux dna050 5.14.0-427.37.1.el9_4.x86_64 #1 SMP PREEMPT_DYNAMIC Fri Sep 13 12:41:50 EDT 2024 x86_64 x86_64 x86_64 GNU/Linux
Mon Mar  9 22:48:45 CET 2026
mri_convert orig_nu.mgz talsrcimg.img 
reading from orig_nu.mgz...
TR=0.00, TE=0.00, TI=0.00, flip angle=0.00
i_ras = (-1, 0, 0)
j_ras = (0, 0, -1)
k_ras = (0, 1, 0)
writing to talsrcimg.img...
Analyze Output Matrix
-1.00000   0.00000   0.00000   133.21225;
 0.00000   0.00000   1.00000  -125.85906;
 0.00000  -1.00000   0.00000   115.70976;
 0.00000   0.00000   0.00000   1.00000;
--------------------
INFO: set hdr.hist.orient to -1
mpr2mni305 talsrcimg
Mon Mar  9 22:48:45 CET 2026
/opt/freesurfer/bin/mpr2mni305 talsrcimg
mpr2mni305 7.3.2
target=711-2C_as_mni_average_305

---------------------------------------------------------------------
analyzeto4dfp talsrcimg -O0 -y
---------------------------------------------------------------------

freesurfer ifh2hdr.c
Mon Mar  9 22:48:46 2026
Writing: talsrcimg.4dfp.hdr
freesurfer analyzeto4dfp.c
Reading: talsrcimg.hdr
header size 348 bytes
hdr.dime.datatype	offset=70	value=2
hdr.dime.bitpix		offset=72	value=8
hdr.hist.orient		offset=252	value=-1
dimensionality     4
dimensions       256       256       256         1
Reading: talsrcimg.img
Writing: talsrcimg.4dfp.img
Writing: talsrcimg.4dfp.ifh
ifh2hdr talsrcimg -r0to255
ori=2

---------------------------------------------------------------------
gauss_4dfp talsrcimg 1.1
---------------------------------------------------------------------

freesurfer gauss_4dfp.c
Reading: talsrcimg.4dfp.img
Writing: talsrcimg_g11.4dfp.img
image dimensions 256 256 256 padded to 288 288 288
processing volume 1freesurfer ifh2hdr.c
Mon Mar  9 22:48:48 2026
Writing: talsrcimg_g11.4dfp.hdr

Writing: talsrcimg_g11.4dfp.ifh
including: talsrcimg.4dfp.img.rec in talsrcimg_g11.4dfp.img.rec

---------------------------------------------------------------------
imgreg_4dfp /opt/freesurfer/average/711-2C_as_mni_average_305 none talsrcimg_g11 none talsrcimg_to_711-2C_as_mni_average_305_t4 4355
---------------------------------------------------------------------

freesurfer imgreg_4dfp.c
/opt/freesurfer/average/711-2C_as_mni_average_305.4dfp.img
       256       256       256         1
  1.000000  1.000000  1.000000
orientation T byte_order littleendian
Reading image: /opt/freesurfer/average/711-2C_as_mni_average_305.4dfp.img
dimensions:      256       256       256
mmppix:       1.0000   -1.0000   -1.0000
center:     128.0000 -129.0000 -129.0000
talsrcimg_g11.4dfp.img
       256       256       256         1
  1.000000  1.000000  1.000000
orientation T byte_order littleendian
Reading image: talsrcimg_g11.4dfp.img
dimensions:      256       256       256
mmppix:       1.0000   -1.0000   -1.0000
center:     128.0000 -129.0000 -129.0000
t4_read: open error in t4_sub.f l:  41 t4_file(1:l)talsrcimg_to_711-2C_as_mni_average_305_t4 
t4_read: transform initialized to I4
rotation matrix determinant  1.000000
image alignment mode   4355 decimal     1103 hex
   -7.5000  -45.0000  -45.0000 6241.4756   22.4433
    0.0000  -45.0000  -45.0000 6487.9854   22.4560
    7.5000  -45.0000  -45.0000 6248.0283   22.4839
   -7.5000  -37.5000  -45.0000 6757.1035   22.3706
    0.0000  -37.5000  -45.0000 7035.2905   22.3742
    7.5000  -37.5000  -45.0000 6768.3687   22.3944
   -7.5000  -30.0000  -45.0000 7536.7539   22.3905
    0.0000  -30.0000  -45.0000 7849.1353   22.3944
    7.5000  -30.0000  -45.0000 7547.0488   22.4147
   -7.5000  -22.5000  -45.0000 8342.9199   22.3788
    0.0000  -22.5000  -45.0000 8690.0459   22.3968
    7.5000  -22.5000  -45.0000 8329.6953   22.4289
   -7.5000  -15.0000  -45.0000 9041.2070   22.3460
    0.0000  -15.0000  -45.0000 9422.9404   22.3773
    7.5000  -15.0000  -45.0000 9020.1699   22.4199
   -7.5000   -7.5000  -45.0000 9693.4648   22.3225
    0.0000   -7.5000  -45.000010130.0732   22.3487
    7.5000   -7.5000  -45.0000 9664.3203   22.3870
   -7.5000    0.0000  -45.000010263.6367   22.3309
    0.0000    0.0000  -45.000010745.4551   22.3435
    7.5000    0.0000  -45.000010250.5010   22.3712
   -7.5000    7.5000  -45.000010103.8730   22.3661
    0.0000    7.5000  -45.000010584.4922   22.3696
    7.5000    7.5000  -45.000010118.2480   22.3898
   -7.5000   15.0000  -45.0000 9865.6426   22.3905
    0.0000   15.0000  -45.000010334.3125   22.3944
    7.5000   15.0000  -45.0000 9881.5039   22.4147
   -7.5000   22.5000  -45.0000 9513.8994   22.3757
    0.0000   22.5000  -45.0000 9973.6465   22.3937
    7.5000   22.5000  -45.0000 9540.6250   22.4259
   -7.5000   30.0000  -45.0000 9073.2178   22.0482
    0.0000   30.0000  -45.0000 9494.0713   22.0791
    7.5000   30.0000  -45.0000 9085.2070   22.1211
   -7.5000   37.5000  -45.0000 8720.7969   22.0250
    0.0000   37.5000  -45.0000 9118.4561   22.0509
    7.5000   37.5000  -45.0000 8737.3672   22.0886
   -7.5000   45.0000  -45.0000 8034.1572   21.4738
    0.0000   45.0000  -45.0000 8403.7910   21.4860
    7.5000   45.0000  -45.0000 8046.0391   21.5126
   -7.5000  -45.0000  -37.5000 6738.7217   22.2668
    0.0000  -45.0000  -37.5000 7025.0337   22.2609
    7.5000  -45.0000  -37.5000 6749.1128   22.2777
   -7.5000  -37.5000  -37.5000 7313.4927   22.2036
    0.0000  -37.5000  -37.5000 7624.9399   22.1801
    7.5000  -37.5000  -37.5000 7307.3877   22.1849
   -7.5000  -30.0000  -37.5000 8196.0693   22.2353
    0.0000  -30.0000  -37.5000 8553.8086   22.2040
    7.5000  -30.0000  -37.5000 8177.8701   22.2061
   -7.5000  -22.5000  -37.5000 9056.3682   22.2268
    0.0000  -22.5000  -37.5000 9455.8223   22.2103
    7.5000  -22.5000  -37.5000 9022.2422   22.2247
   -7.5000  -15.0000  -37.5000 9785.6113   22.1861
    0.0000  -15.0000  -37.500010243.5762   22.1898
    7.5000  -15.0000  -37.5000 9754.1953   22.2168
   -7.5000   -7.5000  -37.500010466.9326   22.1518
    0.0000   -7.5000  -37.500010958.3994   22.1585
    7.5000   -7.5000  -37.500010414.3086   22.1848
   -7.5000    0.0000  -37.500011026.5488   22.1564
    0.0000    0.0000  -37.500011559.8027   22.1506
    7.5000    0.0000  -37.500010987.7324   22.1672
   -7.5000    7.5000  -37.500010827.0430   22.1990
    0.0000    7.5000  -37.500011384.9688   22.1756
    7.5000    7.5000  -37.500010818.1631   22.1804
   -7.5000   15.0000  -37.500010551.7188   22.2352
    0.0000   15.0000  -37.500011089.6943   22.2039
    7.5000   15.0000  -37.500010523.2305   22.2061
   -7.5000   22.5000  -37.500010138.9980   22.2238
    0.0000   22.5000  -37.500010645.6846   22.2072
    7.5000   22.5000  -37.500010123.5557   22.2217
   -7.5000   30.0000  -37.5000 9679.2021   21.8904
    0.0000   30.0000  -37.500010147.7041   21.8941
    7.5000   30.0000  -37.5000 9663.8525   21.9208
   -7.5000   37.5000  -37.5000 9333.5479   21.8566
    0.0000   37.5000  -37.5000 9773.5996   21.8632
    7.5000   37.5000  -37.5000 9315.7080   21.8892
   -7.5000   45.0000  -37.5000 8546.6953   21.3060
    0.0000   45.0000  -37.5000 8963.0928   21.3004
    7.5000   45.0000  -37.5000 8521.7656   21.3164
   -7.5000  -45.0000  -30.0000 7371.5786   23.1135
    0.0000  -45.0000  -30.0000 7676.7197   23.0847
    7.5000  -45.0000  -30.0000 7357.9404   23.1008
   -7.5000  -37.5000  -30.0000 8020.3506   23.0560
    0.0000  -37.5000  -30.0000 8380.6611   23.0017
    7.5000  -37.5000  -30.0000 7999.6758   23.0036
   -7.5000  -30.0000  -30.0000 8984.8125   23.0872
    0.0000  -30.0000  -30.0000 9399.3916   23.0130
    7.5000  -30.0000  -30.0000 8938.1621   23.0083
   -7.5000  -22.5000  -30.0000 9902.3877   23.0662
    0.0000  -22.5000  -30.000010359.6602   23.0019
    7.5000  -22.5000  -30.0000 9863.5400   23.0059
   -7.5000  -15.0000  -30.000010713.1484   23.0140
    0.0000  -15.0000  -30.000011224.8340   22.9766
    7.5000  -15.0000  -30.000010644.2285   22.9927
   -7.5000   -7.5000  -30.000011445.2480   22.9829
    0.0000   -7.5000  -30.000012002.7275   22.9615
    7.5000   -7.5000  -30.000011352.4189   22.9829
   -7.5000    0.0000  -30.000012039.9141   22.9993
    0.0000    0.0000  -30.000012636.5996   22.9709
    7.5000    0.0000  -30.000011940.9229   22.9867
   -7.5000    7.5000  -30.000011800.4941   23.0513
    0.0000    7.5000  -30.000012374.6455   22.9970
    7.5000    7.5000  -30.000011708.3926   22.9989
   -7.5000   15.0000  -30.000011469.4180   23.0872
    0.0000   15.0000  -30.000012035.0010   23.0129
    7.5000   15.0000  -30.000011395.8154   23.0083
   -7.5000   22.5000  -30.000010971.8574   23.0607
    0.0000   22.5000  -30.000011516.9336   22.9964
    7.5000   22.5000  -30.000010911.6807   23.0004
   -7.5000   30.0000  -30.000010512.7314   22.7094
    0.0000   30.0000  -30.000011009.2363   22.6726
    7.5000   30.0000  -30.000010432.1279   22.6884
   -7.5000   37.5000  -30.000010130.4785   22.6788
    0.0000   37.5000  -30.000010616.8496   22.6577
    7.5000   37.5000  -30.000010069.3965   22.6788
   -7.5000   45.0000  -30.0000 9222.6016   22.1328
    0.0000   45.0000  -30.0000 9654.1445   22.1055
    7.5000   45.0000  -30.0000 9152.6689   22.1207
   -7.5000  -45.0000  -22.5000 8030.9639   23.9016
    0.0000  -45.0000  -22.5000 8398.7275   23.8693
    7.5000  -45.0000  -22.5000 7988.4771   23.8972
   -7.5000  -37.5000  -22.5000 8774.5166   23.8421
    0.0000  -37.5000  -22.5000 9168.0908   23.7859
    7.5000  -37.5000  -22.5000 8698.5615   23.8035
   -7.5000  -30.0000  -22.5000 9813.0420   23.8575
    0.0000  -30.0000  -22.500010245.6221   23.7781
    7.5000  -30.0000  -22.5000 9728.4209   23.7882
   -7.5000  -22.5000  -22.500010817.2920   23.8157
    0.0000  -22.5000  -22.500011304.7705   23.7405
    7.5000  -22.5000  -22.500010704.6230   23.7530
   -7.5000  -15.0000  -22.500011724.0488   23.7580
    0.0000  -15.0000  -22.500012253.2646   23.7088
    7.5000  -15.0000  -22.500011567.1387   23.7294
   -7.5000   -7.5000  -22.500012475.6338   23.7457
    0.0000   -7.5000  -22.500013080.6465   23.7168
    7.5000   -7.5000  -22.500012340.8301   23.7448
   -7.5000    0.0000  -22.500013099.7197   23.7833
    0.0000    0.0000  -22.500013729.3320   23.7515
    7.5000    0.0000  -22.500012953.2871   23.7790
   -7.5000    7.5000  -22.500012840.8369   23.8373
    0.0000    7.5000  -22.500013471.4102   23.7811
    7.5000    7.5000  -22.500012664.6201   23.7987
   -7.5000   15.0000  -22.500012451.1367   23.8575
    0.0000   15.0000  -22.500013055.9570   23.7780
    7.5000   15.0000  -22.500012336.3320   23.7882
   -7.5000   22.5000  -22.500011877.1719   23.8084
    0.0000   22.5000  -22.500012451.0215   23.7332
    7.5000   22.5000  -22.500011756.4502   23.7456
   -7.5000   30.0000  -22.500011343.2842   23.4473
    0.0000   30.0000  -22.500011902.1191   23.3987
    7.5000   30.0000  -22.500011216.5918   23.4190
   -7.5000   37.5000  -22.500010958.0596   23.4351
    0.0000   37.5000  -22.500011485.5752   23.4065
    7.5000   37.5000  -22.500010865.9209   23.4342
   -7.5000   45.0000  -22.5000 9912.2061   22.9045
    0.0000   45.0000  -22.500010392.4736   22.8739
    7.5000   45.0000  -22.5000 9853.8301   22.9004
   -7.5000  -45.0000  -15.0000 8724.1406   24.5024
    0.0000  -45.0000  -15.0000 9104.4727   24.4885
    7.5000  -45.0000  -15.0000 8685.2412   24.5306
   -7.5000  -37.5000  -15.0000 9507.4111   24.4311
    0.0000  -37.5000  -15.0000 9932.0742   24.4025
    7.5000  -37.5000  -15.0000 9441.4219   24.4394
   -7.5000  -30.0000  -15.000010602.4033   24.4297
    0.0000  -30.0000  -15.000011083.2578   24.3861
    7.5000  -30.0000  -15.000010530.3105   24.4186
   -7.5000  -22.5000  -15.000011674.1816   24.3784
    0.0000  -22.5000  -15.000012213.2910   24.3384
    7.5000  -22.5000  -15.000011559.2998   24.3717
   -7.5000  -15.0000  -15.000012663.1475   24.3282
    0.0000  -15.0000  -15.000013262.6494   24.3069
    7.5000  -15.0000  -15.000012534.8857   24.3453
   -7.5000   -7.5000  -15.000013448.7383   24.3337
    0.0000   -7.5000  -15.000014088.2959   24.3243
    7.5000   -7.5000  -15.000013329.5752   24.3664
   -7.5000    0.0000  -15.000014177.1807   24.3807
    0.0000    0.0000  -15.000014836.9951   24.3672
    7.5000    0.0000  -15.000013989.5537   24.4089
   -7.5000    7.5000  -15.000013873.2861   24.4262
    0.0000    7.5000  -15.000014557.3643   24.3976
    7.5000    7.5000  -15.000013659.4629   24.4345
   -7.5000   15.0000  -15.000013451.4443   24.4296
    0.0000   15.0000  -15.000014132.2002   24.3861
    7.5000   15.0000  -15.000013258.7441   24.4185
   -7.5000   22.5000  -15.000012789.2764   24.3697
    0.0000   22.5000  -15.000013436.2578   24.3298
    7.5000   22.5000  -15.000012637.9297   24.3631
   -7.5000   30.0000  -15.000012182.4033   24.0133
    0.0000   30.0000  -15.000012787.3926   23.9924
    7.5000   30.0000  -15.000012033.3779   24.0302
   -7.5000   37.5000  -15.000011771.7705   24.0188
    0.0000   37.5000  -15.000012340.8115   24.0095
    7.5000   37.5000  -15.000011642.6289   24.0510
   -7.5000   45.0000  -15.000010629.4443   23.4940
    0.0000   45.0000  -15.000011113.2832   23.4810
    7.5000   45.0000  -15.000010541.8994   23.5212
   -7.5000  -45.0000   -7.5000 9437.3018   24.8241
    0.0000  -45.0000   -7.5000 9850.7949   24.8331
    7.5000  -45.0000   -7.5000 9386.5439   24.8769
   -7.5000  -37.5000   -7.500010275.2637   24.7452
    0.0000  -37.5000   -7.500010729.8867   24.7468
    7.5000  -37.5000   -7.500010226.4756   24.7857
   -7.5000  -30.0000   -7.500011440.3545   24.7473
    0.0000  -30.0000   -7.500011973.0928   24.7469
    7.5000  -30.0000   -7.500011392.4629   24.7856
   -7.5000  -22.5000   -7.500012587.5322   24.7096
    0.0000  -22.5000   -7.500013186.4521   24.7190
    7.5000  -22.5000   -7.500012498.2178   24.7648
   -7.5000  -15.0000   -7.500013620.7725   24.6695
    0.0000  -15.0000   -7.500014308.4541   24.6912
    7.5000  -15.0000   -7.500013548.8018   24.7441
   -7.5000   -7.5000   -7.500014478.5986   24.6675
    0.0000   -7.5000   -7.500015178.3105   24.6871
    7.5000   -7.5000   -7.500014360.0137   24.7374
   -7.5000    0.0000   -7.500015279.3164   24.7007
    0.0000    0.0000   -7.500016012.0801   24.7098
    7.5000    0.0000   -7.500015078.6240   24.7533
   -7.5000    7.5000   -7.500014968.9648   24.7402
    0.0000    7.5000   -7.500015719.7041   24.7418
    7.5000    7.5000   -7.500014709.1348   24.7807
   -7.5000   15.0000   -7.500014522.7686   24.7473
    0.0000   15.0000   -7.500015280.6250   24.7469
    7.5000   15.0000   -7.500014285.7344   24.7856
   -7.5000   22.5000   -7.500013798.0332   24.6982
    0.0000   22.5000   -7.500014552.0596   24.7076
    7.5000   22.5000   -7.500013627.4492   24.7534
   -7.5000   30.0000   -7.500013115.5654   24.3495
    0.0000   30.0000   -7.500013777.9365   24.3710
    7.5000   30.0000   -7.500012935.3018   24.4232
   -7.5000   37.5000   -7.500012707.1484   24.3476
    0.0000   37.5000   -7.500013309.1895   24.3670
    7.5000   37.5000   -7.500012522.2305   24.4166
   -7.5000   45.0000   -7.500011418.4805   23.8068
    0.0000   45.0000   -7.500011979.4951   23.8156
    7.5000   45.0000   -7.500011288.0430   23.8575
   -7.5000  -45.0000    0.000010104.4795   24.8889
    0.0000  -45.0000    0.000010577.2070   24.9025
    7.5000  -45.0000    0.000010091.5449   24.9340
   -7.5000  -37.5000    0.000011013.8555   24.8109
    0.0000  -37.5000    0.000011535.4854   24.8151
    7.5000  -37.5000    0.000010991.3096   24.8381
   -7.5000  -30.0000    0.000012262.6162   24.8320
    0.0000  -30.0000    0.000012848.9414   24.8377
    7.5000  -30.0000    0.000012225.1846   24.8612
   -7.5000  -22.5000    0.000013467.1582   24.8160
    0.0000  -22.5000    0.000014147.6816   24.8381
    7.5000  -22.5000    0.000013422.3809   24.8748
   -7.5000  -15.0000    0.000014560.1533   24.7779
    0.0000  -15.0000    0.000015312.6123   24.8143
    7.5000  -15.0000    0.000014523.2021   24.8625
   -7.5000   -7.5000    0.000015485.3223   24.7532
    0.0000   -7.5000    0.000016235.0312   24.7827
    7.5000   -7.5000    0.000015384.8086   24.8258
   -7.5000    0.0000    0.000016308.8555   24.7653
    0.0000    0.0000    0.000017166.6816   24.7789
    7.5000    0.0000    0.000016146.5645   24.8101
   -7.5000    7.5000    0.000015944.9541   24.8059
    0.0000    7.5000    0.000016813.8262   24.8100
    7.5000    7.5000    0.000015739.0957   24.8331
   -7.5000   15.0000    0.000015479.8447   24.8319
    0.0000   15.0000    0.000016359.8047   24.8376
    7.5000   15.0000    0.000015281.0264   24.8612
   -7.5000   22.5000    0.000014737.9502   24.8046
    0.0000   22.5000    0.000015554.8125   24.8267
    7.5000   22.5000    0.000014554.8799   24.8634
   -7.5000   30.0000    0.000013936.8574   24.4572
    0.0000   30.0000    0.000014656.7930   24.4931
    7.5000   30.0000    0.000013719.1533   24.5407
   -7.5000   37.5000    0.000013511.8398   24.4329
    0.0000   37.5000    0.000014174.4551   24.4619
    7.5000   37.5000    0.000013278.9395   24.5045
   -7.5000   45.0000    0.000012146.8115   23.8709
    0.0000   45.0000    0.000012761.3086   23.8840
    7.5000   45.0000    0.000011992.9619   23.9141
   -7.5000  -45.0000    7.500010034.4639   24.8615
    0.0000  -45.0000    7.500010520.1133   24.8548
    7.5000  -45.0000    7.500010054.8301   24.8734
   -7.5000  -37.5000    7.500010901.0352   24.7904
    0.0000  -37.5000    7.500011426.6406   24.7641
    7.5000  -37.5000    7.500010912.0469   24.7693
   -7.5000  -30.0000    7.500012116.9521   24.8252
    0.0000  -30.0000    7.500012686.1943   24.7900
    7.5000  -30.0000    7.500012137.8184   24.7922
   -7.5000  -22.5000    7.500013271.7227   24.8159
    0.0000  -22.5000    7.500013897.4639   24.7972
    7.5000  -22.5000    7.500013292.9951   24.8131
   -7.5000  -15.0000    7.500014320.1992   24.7712
    0.0000  -15.0000    7.500015028.0352   24.7751
    7.5000  -15.0000    7.500014355.7734   24.8050
   -7.5000   -7.5000    7.500015299.0742   24.7335
    0.0000   -7.5000    7.500016094.9268   24.7407
    7.5000   -7.5000    7.500015293.8584   24.7700
   -7.5000    0.0000    7.500016160.1777   24.7385
    0.0000    0.0000    7.500017059.7891   24.7318
    7.5000    0.0000    7.500016067.9131   24.7502
   -7.5000    7.5000    7.500015756.4727   24.7854
    0.0000    7.5000    7.500016597.4629   24.7590
    7.5000    7.5000    7.500015614.1143   24.7643
   -7.5000   15.0000    7.500015270.5234   24.8252
    0.0000   15.0000    7.500016069.9502   24.7900
    7.5000   15.0000    7.500015133.3652   24.7922
   -7.5000   22.5000    7.500014504.9844   24.8045
    0.0000   22.5000    7.500015289.6855   24.7857
    7.5000   22.5000    7.500014373.1396   24.8017
   -7.5000   30.0000    7.500013626.5996   24.4506
    0.0000   30.0000    7.500014322.9336   24.4544
    7.5000   30.0000    7.500013460.7939   24.4840
   -7.5000   37.5000    7.500013238.6309   24.4134
    0.0000   37.5000    7.500013872.1660   24.4205
    7.5000   37.5000    7.500012991.4482   24.4494
   -7.5000   45.0000    7.500011926.3223   23.8451
    0.0000   45.0000    7.500012491.5225   23.8386
    7.5000   45.0000    7.500011760.4902   23.8564
   -7.5000  -45.0000   15.0000 9808.7646   24.8201
    0.0000  -45.0000   15.000010260.7305   24.7892
    7.5000  -45.0000   15.0000 9820.3047   24.8065
   -7.5000  -37.5000   15.000010603.6387   24.7583
    0.0000  -37.5000   15.000011071.8809   24.7001
    7.5000  -37.5000   15.000010614.4189   24.7021
   -7.5000  -30.0000   15.000011748.4951   24.7918
    0.0000  -30.0000   15.000012256.5215   24.7121
    7.5000  -30.0000   15.000011808.2764   24.7071
   -7.5000  -22.5000   15.000012847.3311   24.7693
    0.0000  -22.5000   15.000013420.8564   24.7003
    7.5000  -22.5000   15.000012908.0723   24.7045
   -7.5000  -15.0000   15.000013854.2881   24.7132
    0.0000  -15.0000   15.000014468.5977   24.6731
    7.5000  -15.0000   15.000013931.2002   24.6903
   -7.5000   -7.5000   15.000014866.0410   24.6798
    0.0000   -7.5000   15.000015606.6709   24.6569
    7.5000   -7.5000   15.000014908.5342   24.6798
   -7.5000    0.0000   15.000015770.8379   24.6975
    0.0000    0.0000   15.000016612.1094   24.6670
    7.5000    0.0000   15.000015770.2178   24.6839
   -7.5000    7.5000   15.000015418.0176   24.7533
    0.0000    7.5000   15.000016124.3281   24.6950
    7.5000    7.5000   15.000015337.4512   24.6970
   -7.5000   15.0000   15.000014985.0938   24.7918
    0.0000   15.0000   15.000015628.4580   24.7121
    7.5000   15.0000   15.000014834.9551   24.7071
   -7.5000   22.5000   15.000014205.5869   24.7579
    0.0000   22.5000   15.000014859.9521   24.6889
    7.5000   22.5000   15.000014061.2109   24.6932
   -7.5000   30.0000   15.000013258.5752   24.3933
    0.0000   30.0000   15.000013850.1758   24.3538
    7.5000   30.0000   15.000013073.1006   24.3708
   -7.5000   37.5000   15.000012813.4541   24.3604
    0.0000   37.5000   15.000013382.7275   24.3378
    7.5000   37.5000   15.000012555.8721   24.3604
   -7.5000   45.0000   15.000011554.4297   23.8055
    0.0000   45.0000   15.000012069.9043   23.7761
    7.5000   45.0000   15.000011334.1885   23.7925
   -7.5000  -45.0000   22.5000 9436.7266   24.8118
    0.0000  -45.0000   22.5000 9876.5039   24.7782
    7.5000  -45.0000   22.5000 9456.0156   24.8072
   -7.5000  -37.5000   22.500010189.9033   24.7500
    0.0000  -37.5000   22.500010610.2148   24.6916
    7.5000  -37.5000   22.500010200.1592   24.7099
   -7.5000  -30.0000   22.500011274.9561   24.7660
    0.0000  -30.0000   22.500011699.1699   24.6835
    7.5000  -30.0000   22.500011277.6006   24.6941
   -7.5000  -22.5000   22.500012303.8877   24.7226
    0.0000  -22.5000   22.500012762.3027   24.6446
    7.5000  -22.5000   22.500012344.7441   24.6575
   -7.5000  -15.0000   22.500013236.9932   24.6627
    0.0000  -15.0000   22.500013751.1797   24.6116
    7.5000  -15.0000   22.500013351.1836   24.6330
   -7.5000   -7.5000   22.500014182.4756   24.6500
    0.0000   -7.5000   22.500014728.1025   24.6199
    7.5000   -7.5000   22.500014276.3809   24.6490
   -7.5000    0.0000   22.500015056.0859   24.6890
    0.0000    0.0000   22.500015663.8174   24.6560
    7.5000    0.0000   22.500015065.7842   24.6845
   -7.5000    7.5000   22.500014835.4795   24.7450
    0.0000    7.5000   22.500015437.5117   24.6866
    7.5000    7.5000   22.500014743.0664   24.7049
   -7.5000   15.0000   22.500014496.9014   24.7660
    0.0000   15.0000   22.500015134.3584   24.6835
    7.5000   15.0000   22.500014326.3477   24.6940
   -7.5000   22.5000   22.500013743.9961   24.7112
    0.0000   22.5000   22.500014388.8701   24.6332
    7.5000   22.5000   22.500013552.9639   24.6461
   -7.5000   30.0000   22.500012729.3809   24.3436
    0.0000   30.0000   22.500013352.2256   24.2931
    7.5000   30.0000   22.500012561.8750   24.3142
   -7.5000   37.5000   22.500012224.0225   24.3309
    0.0000   37.5000   22.500012806.9365   24.3013
    7.5000   37.5000   22.500012034.2529   24.3300
   -7.5000   45.0000   22.500011037.2881   23.7973
    0.0000   45.0000   22.500011506.2266   23.7655
    7.5000   45.0000   22.500010852.1680   23.7930
   -7.5000  -45.0000   30.0000 8930.1631   24.8386
    0.0000  -45.0000   30.0000 9340.3281   24.8246
    7.5000  -45.0000   30.0000 8922.7178   24.8672
   -7.5000  -37.5000   30.0000 9600.8174   24.7664
    0.0000  -37.5000   30.000010016.7314   24.7374
    7.5000  -37.5000   30.0000 9611.0625   24.7748
   -7.5000  -30.0000   30.000010604.6943   24.7649
    0.0000  -30.0000   30.000011007.1113   24.7208
    7.5000  -30.0000   30.000010595.4189   24.7537
   -7.5000  -22.5000   30.000011568.0195   24.7129
    0.0000  -22.5000   30.000012015.0283   24.6724
    7.5000  -22.5000   30.000011617.4531   24.7062
   -7.5000  -15.0000   30.000012460.3467   24.6621
    0.0000  -15.0000   30.000012917.6660   24.6405
    7.5000  -15.0000   30.000012546.8828   24.6794
   -7.5000   -7.5000   30.000013404.6680   24.6676
    0.0000   -7.5000   30.000013857.6465   24.6581
    7.5000   -7.5000   30.000013437.2197   24.7008
   -7.5000    0.0000   30.000014285.2246   24.7153
    0.0000    0.0000   30.000014753.3926   24.7016
    7.5000    0.0000   30.000014228.0527   24.7439
   -7.5000    7.5000   30.000014094.6074   24.7614
    0.0000    7.5000   30.000014577.6904   24.7324
    7.5000    7.5000   30.000013983.5107   24.7698
   -7.5000   15.0000   30.000013772.8652   24.7649
    0.0000   15.0000   30.000014299.8135   24.7207
    7.5000   15.0000   30.000013605.2451   24.7537
   -7.5000   22.5000   30.000013091.7871   24.7015
    0.0000   22.5000   30.000013639.2910   24.6610
    7.5000   22.5000   30.000012913.4551   24.6948
   -7.5000   30.0000   30.000012097.5928   24.3429
    0.0000   30.0000   30.000012630.5420   24.3216
    7.5000   30.0000   30.000011974.3037   24.3600
   -7.5000   37.5000   30.000011583.9463   24.3484
    0.0000   37.5000   30.000012086.1455   24.3390
    7.5000   37.5000   30.000011419.1660   24.3811
   -7.5000   45.0000   30.000010437.6143   23.8227
    0.0000   45.0000   30.000010875.2773   23.8095
    7.5000   45.0000   30.000010275.8623   23.8502
   -7.5000  -45.0000   37.5000 8669.4502   24.8835
    0.0000  -45.0000   37.5000 9071.4404   24.8926
    7.5000  -45.0000   37.5000 8643.2061   24.9365
   -7.5000  -37.5000   37.5000 9336.1045   24.8043
    0.0000  -37.5000   37.5000 9752.2441   24.8059
    7.5000  -37.5000   37.5000 9313.8633   24.8450
   -7.5000  -30.0000   37.500010318.7471   24.8064
    0.0000  -30.0000   37.500010741.7754   24.8059
    7.5000  -30.0000   37.500010311.0234   24.8447
   -7.5000  -22.5000   37.500011247.9756   24.7685
    0.0000  -22.5000   37.500011727.5322   24.7779
    7.5000  -22.5000   37.500011276.8604   24.8239
   -7.5000  -15.0000   37.500012163.3545   24.7283
    0.0000  -15.0000   37.500012639.3379   24.7502
    7.5000  -15.0000   37.500012207.5332   24.8032
   -7.5000   -7.5000   37.500013059.3926   24.7265
    0.0000   -7.5000   37.500013521.1807   24.7462
    7.5000   -7.5000   37.500013068.8564   24.7966
   -7.5000    0.0000   37.500013853.3057   24.7597
    0.0000    0.0000   37.500014312.8164   24.7689
    7.5000    0.0000   37.500013789.2539   24.8126
   -7.5000    7.5000   37.500013638.7891   24.7993
    0.0000    7.5000   37.500014112.1865   24.8009
    7.5000    7.5000   37.500013557.4980   24.8399
   -7.5000   15.0000   37.500013300.5928   24.8064
    0.0000   15.0000   37.500013789.4746   24.8059
    7.5000   15.0000   37.500013190.0713   24.8447
   -7.5000   22.5000   37.500012671.3027   24.7571
    0.0000   22.5000   37.500013180.8760   24.7665
    7.5000   22.5000   37.500012549.4180   24.8124
   -7.5000   30.0000   37.500011771.8682   24.4083
    0.0000   30.0000   37.500012248.7715   24.4299
    7.5000   30.0000   37.500011666.4072   24.4822
   -7.5000   37.5000   37.500011235.2529   24.4065
    0.0000   37.5000   37.500011691.4824   24.4259
    7.5000   37.5000   37.500011094.1016   24.4757
   -7.5000   45.0000   37.500010130.9248   23.8655
    0.0000   45.0000   37.500010540.5312   23.8744
    7.5000   45.0000   37.5000 9985.9199   23.9164
   -7.5000  -45.0000   45.0000 8030.0303   24.9038
    0.0000  -45.0000   45.0000 8393.5244   24.9175
    7.5000  -45.0000   45.0000 8020.5015   24.9486
   -7.5000  -37.5000   45.0000 8648.9131   24.8251
    0.0000  -37.5000   45.0000 9037.3711   24.8293
    7.5000  -37.5000   45.0000 8640.0732   24.8518
   -7.5000  -30.0000   45.0000 9557.9688   24.8458
    0.0000  -30.0000   45.000010010.7803   24.8514
    7.5000  -30.0000   45.0000 9561.9492   24.8743
   -7.5000  -22.5000   45.000010427.5781   24.8294
    0.0000  -22.5000   45.000010921.1445   24.8514
    7.5000  -22.5000   45.000010437.9736   24.8876
   -7.5000  -15.0000   45.000011284.0508   24.7913
    0.0000  -15.0000   45.000011769.5566   24.8276
    7.5000  -15.0000   45.000011282.0859   24.8755
   -7.5000   -7.5000   45.000012072.9961   24.7669
    0.0000   -7.5000   45.000012537.5059   24.7963
    7.5000   -7.5000   45.000012023.8096   24.8392
   -7.5000    0.0000   45.000012707.4482   24.7793
    0.0000    0.0000   45.000013166.7812   24.7929
    7.5000    0.0000   45.000012649.3193   24.8238
   -7.5000    7.5000   45.000012467.3701   24.8200
    0.0000    7.5000   45.000012934.7305   24.8242
    7.5000    7.5000   45.000012413.4678   24.8467
   -7.5000   15.0000   45.000012129.6934   24.8458
    0.0000   15.0000   45.000012599.9697   24.8514
    7.5000   15.0000   45.000012085.1572   24.8743
   -7.5000   22.5000   45.000011581.8906   24.8179
    0.0000   22.5000   45.000012048.2988   24.8399
    7.5000   22.5000   45.000011527.2471   24.8761
   -7.5000   30.0000   45.000010796.2881   24.4683
    0.0000   30.0000   45.000011240.4648   24.5041
    7.5000   30.0000   45.000010754.1074   24.5514
   -7.5000   37.5000   45.000010299.0713   24.4442
    0.0000   37.5000   45.000010707.4492   24.4733
    7.5000   37.5000   45.000010232.8574   24.5156
   -7.5000   45.0000   45.0000 9298.2637   23.8952
    0.0000   45.0000   45.0000 9669.5752   23.9084
    7.5000   45.0000   45.0000 9217.2520   23.9382

---------------------------------------------------------------------
imgreg_4dfp /opt/freesurfer/average/711-2C_as_mni_average_305 /opt/freesurfer/average/711-2B_as_mni_average_305_mask talsrcimg_g11 none talsrcimg_to_711-2C_as_mni_average_305_t4 4355
---------------------------------------------------------------------

freesurfer imgreg_4dfp.c
/opt/freesurfer/average/711-2C_as_mni_average_305.4dfp.img
       256       256       256         1
  1.000000  1.000000  1.000000
orientation T byte_order littleendian
Reading image: /opt/freesurfer/average/711-2C_as_mni_average_305.4dfp.img
dimensions:      256       256       256
mmppix:       1.0000   -1.0000   -1.0000
center:     128.0000 -129.0000 -129.0000
/opt/freesurfer/average/711-2B_as_mni_average_305_mask.4dfp.img
       256       256       256         1
  1.000000  1.000000  1.000000
orientation T byte_order littleendian
Reading mask: /opt/freesurfer/average/711-2B_as_mni_average_305_mask.4dfp.img (2306576 pixels)
talsrcimg_g11.4dfp.img
       256       256       256         1
  1.000000  1.000000  1.000000
orientation T byte_order littleendian
Reading image: talsrcimg_g11.4dfp.img
dimensions:      256       256       256
mmppix:       1.0000   -1.0000   -1.0000
center:     128.0000 -129.0000 -129.0000
rotation matrix determinant  1.000000
image alignment mode   4355 decimal     1103 hex
   -7.5000  -45.0000  -45.0000 1811.6041   33.4903
    0.0000  -45.0000  -45.0000 1818.0878   33.2704
    7.5000  -45.0000  -45.0000 1805.2925   33.3286
   -7.5000  -37.5000  -45.0000 1903.2603   29.8014
    0.0000  -37.5000  -45.0000 1914.1029   29.6510
    7.5000  -37.5000  -45.0000 1898.8354   29.7474
   -7.5000  -30.0000  -45.0000 1990.3591   27.0895
    0.0000  -30.0000  -45.0000 2000.8754   26.9713
    7.5000  -30.0000  -45.0000 1985.2585   27.0136
   -7.5000  -22.5000  -45.0000 2072.1111   25.2802
    0.0000  -22.5000  -45.0000 2082.6438   25.2167
    7.5000  -22.5000  -45.0000 2068.9331   25.3196
   -7.5000  -15.0000  -45.0000 2122.3030   24.1211
    0.0000  -15.0000  -45.0000 2135.0024   24.0155
    7.5000  -15.0000  -45.0000 2117.4294   24.1521
   -7.5000   -7.5000  -45.0000 2159.2231   23.2176
    0.0000   -7.5000  -45.0000 2173.9880   23.1693
    7.5000   -7.5000  -45.0000 2153.3589   23.3723
   -7.5000    0.0000  -45.0000 2175.6663   22.8041
    0.0000    0.0000  -45.0000 2186.7314   22.6750
    7.5000    0.0000  -45.0000 2169.1655   22.8657
   -7.5000    7.5000  -45.0000 2166.8450   22.8899
    0.0000    7.5000  -45.0000 2182.1150   22.7483
    7.5000    7.5000  -45.0000 2163.5437   23.0176
   -7.5000   15.0000  -45.0000 2148.0676   23.4579
    0.0000   15.0000  -45.0000 2164.3291   23.3237
    7.5000   15.0000  -45.0000 2142.6497   23.5702
   -7.5000   22.5000  -45.0000 2111.2986   24.6132
    0.0000   22.5000  -45.0000 2132.3997   24.3927
    7.5000   22.5000  -45.0000 2109.0918   24.5758
   -7.5000   30.0000  -45.0000 2052.1482   25.9627
    0.0000   30.0000  -45.0000 2071.3330   25.7384
    7.5000   30.0000  -45.0000 2052.8191   25.9300
   -7.5000   37.5000  -45.0000 1982.6821   27.6485
    0.0000   37.5000  -45.0000 2000.8146   27.4734
    7.5000   37.5000  -45.0000 1982.2992   27.6118
   -7.5000   45.0000  -45.0000 1895.3724   30.1274
    0.0000   45.0000  -45.0000 1915.2101   29.8349
    7.5000   45.0000  -45.0000 1897.8225   30.0787
   -7.5000  -45.0000  -37.5000 1889.6130   30.5419
    0.0000  -45.0000  -37.5000 1899.5425   30.3180
    7.5000  -45.0000  -37.5000 1882.5260   30.4249
   -7.5000  -37.5000  -37.5000 1990.6517   27.2462
    0.0000  -37.5000  -37.5000 2003.6245   27.0919
    7.5000  -37.5000  -37.5000 1980.1312   27.1086
   -7.5000  -30.0000  -37.5000 2094.9346   24.7959
    0.0000  -30.0000  -37.5000 2105.1753   24.6857
    7.5000  -30.0000  -37.5000 2083.7598   24.6152
   -7.5000  -22.5000  -37.5000 2181.1208   23.1968
    0.0000  -22.5000  -37.5000 2193.6978   23.1282
    7.5000  -22.5000  -37.5000 2172.8093   23.1012
   -7.5000  -15.0000  -37.5000 2232.9277   22.0881
    0.0000  -15.0000  -37.5000 2245.3518   21.9791
    7.5000  -15.0000  -37.5000 2227.1501   22.0312
   -7.5000   -7.5000  -37.5000 2261.9192   21.3061
    0.0000   -7.5000  -37.5000 2280.0071   21.1934
    7.5000   -7.5000  -37.5000 2254.3979   21.2802
   -7.5000    0.0000  -37.5000 2269.9846   20.8323
    0.0000    0.0000  -37.5000 2287.5239   20.7088
    7.5000    0.0000  -37.5000 2266.9553   20.8816
   -7.5000    7.5000  -37.5000 2264.1924   20.9735
    0.0000    7.5000  -37.5000 2286.8850   20.7655
    7.5000    7.5000  -37.5000 2262.6770   20.9805
   -7.5000   15.0000  -37.5000 2248.7268   21.4737
    0.0000   15.0000  -37.5000 2269.4282   21.2542
    7.5000   15.0000  -37.5000 2243.8491   21.4221
   -7.5000   22.5000  -37.5000 2211.3987   22.4357
    0.0000   22.5000  -37.5000 2236.9248   22.1957
    7.5000   22.5000  -37.5000 2211.5342   22.3512
   -7.5000   30.0000  -37.5000 2157.7273   23.7092
    0.0000   30.0000  -37.5000 2180.8201   23.4852
    7.5000   30.0000  -37.5000 2158.7805   23.5956
   -7.5000   37.5000  -37.5000 2084.0049   25.2892
    0.0000   37.5000  -37.5000 2106.6536   25.1032
    7.5000   37.5000  -37.5000 2081.8755   25.1981
   -7.5000   45.0000  -37.5000 1990.5437   27.4515
    0.0000   45.0000  -37.5000 2017.1724   27.1761
    7.5000   45.0000  -37.5000 1990.5542   27.4706
   -7.5000  -45.0000  -30.0000 1994.0656   28.9107
    0.0000  -45.0000  -30.0000 2009.1555   28.7530
    7.5000  -45.0000  -30.0000 1981.7968   28.8417
   -7.5000  -37.5000  -30.0000 2111.6040   25.8601
    0.0000  -37.5000  -30.0000 2129.5413   25.7464
    7.5000  -37.5000  -30.0000 2097.2371   25.6986
   -7.5000  -30.0000  -30.0000 2228.4473   23.6192
    0.0000  -30.0000  -30.0000 2240.7881   23.5144
    7.5000  -30.0000  -30.0000 2210.0522   23.3724
   -7.5000  -22.5000  -30.0000 2319.8098   21.9636
    0.0000  -22.5000  -30.0000 2332.6123   21.8444
    7.5000  -22.5000  -30.0000 2308.8564   21.7338
   -7.5000  -15.0000  -30.0000 2370.7646   20.8113
    0.0000  -15.0000  -30.0000 2388.2837   20.7509
    7.5000  -15.0000  -30.0000 2362.5601   20.6951
   -7.5000   -7.5000  -30.0000 2405.6321   20.1896
    0.0000   -7.5000  -30.0000 2426.6604   20.0696
    7.5000   -7.5000  -30.0000 2399.3347   20.1025
   -7.5000    0.0000  -30.0000 2411.3000   19.8245
    0.0000    0.0000  -30.0000 2437.4109   19.6770
    7.5000    0.0000  -30.0000 2413.3477   19.7972
   -7.5000    7.5000  -30.0000 2408.2405   19.9274
    0.0000    7.5000  -30.0000 2437.3958   19.7405
    7.5000    7.5000  -30.0000 2409.3159   19.8354
   -7.5000   15.0000  -30.0000 2392.4084   20.3584
    0.0000   15.0000  -30.0000 2418.5894   20.0946
    7.5000   15.0000  -30.0000 2392.9338   20.2238
   -7.5000   22.5000  -30.0000 2358.8765   21.2010
    0.0000   22.5000  -30.0000 2386.2114   20.9796
    7.5000   22.5000  -30.0000 2358.8342   21.1393
   -7.5000   30.0000  -30.0000 2304.7004   22.4094
    0.0000   30.0000  -30.0000 2332.6133   22.1568
    7.5000   30.0000  -30.0000 2306.3403   22.3426
   -7.5000   37.5000  -30.0000 2219.6138   23.9320
    0.0000   37.5000  -30.0000 2249.4839   23.7109
    7.5000   37.5000  -30.0000 2223.6682   23.8926
   -7.5000   45.0000  -30.0000 2118.0117   26.0646
    0.0000   45.0000  -30.0000 2143.2673   25.7995
    7.5000   45.0000  -30.0000 2115.1348   26.0387
   -7.5000  -45.0000  -22.5000 2070.4053   27.3200
    0.0000  -45.0000  -22.5000 2091.3513   27.3689
    7.5000  -45.0000  -22.5000 2055.1633   27.3409
   -7.5000  -37.5000  -22.5000 2210.3936   24.4954
    0.0000  -37.5000  -22.5000 2225.0781   24.4976
    7.5000  -37.5000  -22.5000 2182.2063   24.3778
   -7.5000  -30.0000  -22.5000 2333.5366   22.3052
    0.0000  -30.0000  -22.5000 2341.1721   22.2230
    7.5000  -30.0000  -22.5000 2306.2517   22.1025
   -7.5000  -22.5000  -22.5000 2428.3174   20.6230
    0.0000  -22.5000  -22.5000 2437.4431   20.5117
    7.5000  -22.5000  -22.5000 2404.4900   20.4546
   -7.5000  -15.0000  -22.5000 2482.0735   19.5097
    0.0000  -15.0000  -22.5000 2497.1411   19.4147
    7.5000  -15.0000  -22.5000 2463.9094   19.3444
   -7.5000   -7.5000  -22.5000 2526.0408   18.8652
    0.0000   -7.5000  -22.5000 2547.2400   18.7136
    7.5000   -7.5000  -22.5000 2521.0508   18.7236
   -7.5000    0.0000  -22.5000 2543.1436   18.6273
    0.0000    0.0000  -22.5000 2568.1157   18.4592
    7.5000    0.0000  -22.5000 2544.9578   18.4871
   -7.5000    7.5000  -22.5000 2541.2976   18.7917
    0.0000    7.5000  -22.5000 2566.9219   18.5841
    7.5000    7.5000  -22.5000 2541.9028   18.6431
   -7.5000   15.0000  -22.5000 2525.0293   19.1208
    0.0000   15.0000  -22.5000 2551.8269   18.9322
    7.5000   15.0000  -22.5000 2528.6421   19.0423
   -7.5000   22.5000  -22.5000 2489.8440   19.9275
    0.0000   22.5000  -22.5000 2520.4465   19.6608
    7.5000   22.5000  -22.5000 2493.4060   19.8199
   -7.5000   30.0000  -22.5000 2428.2290   21.0722
    0.0000   30.0000  -22.5000 2462.9470   20.8092
    7.5000   30.0000  -22.5000 2428.1538   20.9512
   -7.5000   37.5000  -22.5000 2339.1150   22.5279
    0.0000   37.5000  -22.5000 2370.3474   22.3115
    7.5000   37.5000  -22.5000 2340.2842   22.5083
   -7.5000   45.0000  -22.5000 2222.7351   24.5494
    0.0000   45.0000  -22.5000 2252.3560   24.3413
    7.5000   45.0000  -22.5000 2226.6433   24.5681
   -7.5000  -45.0000  -15.0000 2129.4023   25.8905
    0.0000  -45.0000  -15.0000 2143.2617   25.9635
    7.5000  -45.0000  -15.0000 2116.3455   26.0138
   -7.5000  -37.5000  -15.0000 2273.5408   23.1470
    0.0000  -37.5000  -15.0000 2285.7949   23.1244
    7.5000  -37.5000  -15.0000 2249.9021   23.1317
   -7.5000  -30.0000  -15.0000 2392.5962   20.9639
    0.0000  -30.0000  -15.0000 2404.7839   20.8337
    7.5000  -30.0000  -15.0000 2369.4407   20.9073
   -7.5000  -22.5000  -15.0000 2492.5530   19.2924
    0.0000  -22.5000  -15.0000 2502.6484   19.1901
    7.5000  -22.5000  -15.0000 2468.3638   19.1805
   -7.5000  -15.0000  -15.0000 2561.6216   18.1895
    0.0000  -15.0000  -15.0000 2577.6516   18.1005
    7.5000  -15.0000  -15.0000 2548.9377   18.0838
   -7.5000   -7.5000  -15.0000 2613.3916   17.5942
    0.0000   -7.5000  -15.0000 2632.7734   17.4704
    7.5000   -7.5000  -15.0000 2617.0090   17.4857
   -7.5000    0.0000  -15.0000 2646.6960   17.3947
    0.0000    0.0000  -15.0000 2670.0574   17.2540
    7.5000    0.0000  -15.0000 2644.6155   17.2757
   -7.5000    7.5000  -15.0000 2652.6379   17.5949
    0.0000    7.5000  -15.0000 2676.5862   17.4115
    7.5000    7.5000  -15.0000 2648.1633   17.4492
   -7.5000   15.0000  -15.0000 2637.7522   17.9658
    0.0000   15.0000  -15.0000 2666.1504   17.7537
    7.5000   15.0000  -15.0000 2637.8062   17.8328
   -7.5000   22.5000  -15.0000 2602.1934   18.7067
    0.0000   22.5000  -15.0000 2633.7993   18.4762
    7.5000   22.5000  -15.0000 2603.5637   18.6095
   -7.5000   30.0000  -15.0000 2532.0525   19.7770
    0.0000   30.0000  -15.0000 2567.8467   19.5310
    7.5000   30.0000  -15.0000 2534.8945   19.7031
   -7.5000   37.5000  -15.0000 2431.4539   21.2515
    0.0000   37.5000  -15.0000 2465.4653   21.0042
    7.5000   37.5000  -15.0000 2437.6213   21.1841
   -7.5000   45.0000  -15.0000 2305.9319   23.1634
    0.0000   45.0000  -15.0000 2332.0967   22.9453
    7.5000   45.0000  -15.0000 2314.3733   23.2040
   -7.5000  -45.0000   -7.5000 2169.0522   24.5723
    0.0000  -45.0000   -7.5000 2173.1387   24.4743
    7.5000  -45.0000   -7.5000 2149.2366   24.7193
   -7.5000  -37.5000   -7.5000 2314.3564   21.8957
    0.0000  -37.5000   -7.5000 2327.7263   21.8569
    7.5000  -37.5000   -7.5000 2290.0969   21.9562
   -7.5000  -30.0000   -7.5000 2433.8843   19.7878
    0.0000  -30.0000   -7.5000 2449.3464   19.7094
    7.5000  -30.0000   -7.5000 2412.0945   19.8229
   -7.5000  -22.5000   -7.5000 2541.2134   18.1607
    0.0000  -22.5000   -7.5000 2558.2002   18.1063
    7.5000  -22.5000   -7.5000 2517.9177   18.1608
   -7.5000  -15.0000   -7.5000 2624.2024   17.0392
    0.0000  -15.0000   -7.5000 2648.9802   16.9494
    7.5000  -15.0000   -7.5000 2614.0244   17.0105
   -7.5000   -7.5000   -7.5000 2689.1187   16.4106
    0.0000   -7.5000   -7.5000 2714.9509   16.3100
    7.5000   -7.5000   -7.5000 2689.4551   16.3491
   -7.5000    0.0000   -7.5000 2733.3665   16.2593
    0.0000    0.0000   -7.5000 2758.7473   16.0731
    7.5000    0.0000   -7.5000 2730.1370   16.1478
   -7.5000    7.5000   -7.5000 2750.1780   16.4189
    0.0000    7.5000   -7.5000 2783.4922   16.2825
    7.5000    7.5000   -7.5000 2745.4663   16.2910
   -7.5000   15.0000   -7.5000 2738.2773   16.8946
    0.0000   15.0000   -7.5000 2776.8765   16.6936
    7.5000   15.0000   -7.5000 2739.1492   16.7565
   -7.5000   22.5000   -7.5000 2697.3022   17.5986
    0.0000   22.5000   -7.5000 2737.9065   17.3999
    7.5000   22.5000   -7.5000 2703.4624   17.5209
   -7.5000   30.0000   -7.5000 2620.4177   18.6557
    0.0000   30.0000   -7.5000 2657.5701   18.4275
    7.5000   30.0000   -7.5000 2629.3489   18.5941
   -7.5000   37.5000   -7.5000 2516.1155   20.0475
    0.0000   37.5000   -7.5000 2545.9158   19.8309
    7.5000   37.5000   -7.5000 2521.5032   20.0354
   -7.5000   45.0000   -7.5000 2371.6223   21.9857
    0.0000   45.0000   -7.5000 2402.4272   21.7473
    7.5000   45.0000   -7.5000 2379.7920   21.9548
   -7.5000  -45.0000    0.0000 2191.6318   23.5225
    0.0000  -45.0000    0.0000 2201.8464   23.4137
    7.5000  -45.0000    0.0000 2180.7544   23.7787
   -7.5000  -37.5000    0.0000 2341.9885   20.9468
    0.0000  -37.5000    0.0000 2356.5432   20.8650
    7.5000  -37.5000    0.0000 2325.9626   21.1209
   -7.5000  -30.0000    0.0000 2463.8381   18.9155
    0.0000  -30.0000    0.0000 2482.8604   18.7948
    7.5000  -30.0000    0.0000 2445.6865   19.0258
   -7.5000  -22.5000    0.0000 2581.1213   17.3602
    0.0000  -22.5000    0.0000 2604.2910   17.2478
    7.5000  -22.5000    0.0000 2563.4053   17.4003
   -7.5000  -15.0000    0.0000 2679.7930   16.2218
    0.0000  -15.0000    0.0000 2708.8083   16.1192
    7.5000  -15.0000    0.0000 2674.8716   16.2339
   -7.5000   -7.5000    0.0000 2754.6250   15.5722
    0.0000   -7.5000    0.0000 2785.4766   15.4240
    7.5000   -7.5000    0.0000 2754.9863   15.5028
   -7.5000    0.0000    0.0000 2808.6187   15.3517
    0.0000    0.0000    0.0000 2847.5408   15.1865
    7.5000    0.0000    0.0000 2808.4521   15.2526
   -7.5000    7.5000    0.0000 2835.6433   15.4487
    0.0000    7.5000    0.0000 2881.3887   15.2605
    7.5000    7.5000    0.0000 2833.9080   15.3430
   -7.5000   15.0000    0.0000 2825.6653   15.9816
    0.0000   15.0000    0.0000 2875.8967   15.7683
    7.5000   15.0000    0.0000 2829.6616   15.8931
   -7.5000   22.5000    0.0000 2774.6223   16.7144
    0.0000   22.5000    0.0000 2818.8723   16.4928
    7.5000   22.5000    0.0000 2787.1282   16.6359
   -7.5000   30.0000    0.0000 2683.5454   17.7562
    0.0000   30.0000    0.0000 2722.7585   17.5162
    7.5000   30.0000    0.0000 2696.7705   17.7229
   -7.5000   37.5000    0.0000 2565.7112   19.1857
    0.0000   37.5000    0.0000 2603.2324   18.9420
    7.5000   37.5000    0.0000 2575.9382   19.2003
   -7.5000   45.0000    0.0000 2420.6711   21.1260
    0.0000   45.0000    0.0000 2452.0237   20.8400
    7.5000   45.0000    0.0000 2426.2502   21.1161
   -7.5000  -45.0000    7.5000 2214.2573   22.8717
    0.0000  -45.0000    7.5000 2222.6401   22.7235
    7.5000  -45.0000    7.5000 2205.3108   23.1954
   -7.5000  -37.5000    7.5000 2357.0388   20.3562
    0.0000  -37.5000    7.5000 2367.2380   20.1472
    7.5000  -37.5000    7.5000 2347.1875   20.5831
   -7.5000  -30.0000    7.5000 2479.6550   18.3567
    0.0000  -30.0000    7.5000 2494.7629   18.1298
    7.5000  -30.0000    7.5000 2469.4341   18.5178
   -7.5000  -22.5000    7.5000 2601.8293   16.7854
    0.0000  -22.5000    7.5000 2621.0464   16.5601
    7.5000  -22.5000    7.5000 2594.8374   16.8649
   -7.5000  -15.0000    7.5000 2710.2092   15.6507
    0.0000  -15.0000    7.5000 2738.7571   15.4311
    7.5000  -15.0000    7.5000 2711.2698   15.6548
   -7.5000   -7.5000    7.5000 2803.5605   14.9747
    0.0000   -7.5000    7.5000 2841.2703   14.7810
    7.5000   -7.5000    7.5000 2806.1677   14.9185
   -7.5000    0.0000    7.5000 2872.3389   14.7333
    0.0000    0.0000    7.5000 2928.2017   14.5453
    7.5000    0.0000    7.5000 2874.9490   14.6440
   -7.5000    7.5000    7.5000 2915.8650   14.7874
    0.0000    7.5000    7.5000 2983.7949   14.5169
    7.5000    7.5000    7.5000 2912.0811   14.6911
   -7.5000   15.0000    7.5000 2895.3333   15.3034
    0.0000   15.0000    7.5000 2959.6458   15.0162
    7.5000   15.0000    7.5000 2900.4749   15.2444
   -7.5000   22.5000    7.5000 2823.4529   16.1056
    0.0000   22.5000    7.5000 2875.8159   15.8031
    7.5000   22.5000    7.5000 2838.5974   16.0825
   -7.5000   30.0000    7.5000 2719.1921   17.1905
    0.0000   30.0000    7.5000 2766.3066   16.8674
    7.5000   30.0000    7.5000 2738.4082   17.1886
   -7.5000   37.5000    7.5000 2598.5203   18.6085
    0.0000   37.5000    7.5000 2639.0410   18.2972
    7.5000   37.5000    7.5000 2609.3459   18.6325
   -7.5000   45.0000    7.5000 2446.2273   20.6114
    0.0000   45.0000    7.5000 2478.6938   20.2634
    7.5000   45.0000    7.5000 2455.8694   20.5788
   -7.5000  -45.0000   15.0000 2221.9419   22.6498
    0.0000  -45.0000   15.0000 2223.1284   22.2952
    7.5000  -45.0000   15.0000 2216.7800   22.9405
   -7.5000  -37.5000   15.0000 2356.5947   20.0872
    0.0000  -37.5000   15.0000 2354.5442   19.7267
    7.5000  -37.5000   15.0000 2346.8438   20.3086
   -7.5000  -30.0000   15.0000 2479.3813   18.0912
    0.0000  -30.0000   15.0000 2476.0942   17.7275
    7.5000  -30.0000   15.0000 2470.7810   18.2184
   -7.5000  -22.5000   15.0000 2601.4382   16.4822
    0.0000  -22.5000   15.0000 2609.5012   16.1306
    7.5000  -22.5000   15.0000 2597.0913   16.5544
   -7.5000  -15.0000   15.0000 2711.2190   15.2974
    0.0000  -15.0000   15.0000 2737.1304   14.9995
    7.5000  -15.0000   15.0000 2716.0603   15.3656
   -7.5000   -7.5000   15.0000 2817.4932   14.6213
    0.0000   -7.5000   15.0000 2855.0017   14.3397
    7.5000   -7.5000   15.0000 2822.6692   14.6208
   -7.5000    0.0000   15.0000 2902.5886   14.3531
    0.0000    0.0000   15.0000 2965.9324   14.1234
    7.5000    0.0000   15.0000 2903.5581   14.3254
   -7.5000    7.5000   15.0000 2958.4209   14.4128
    0.0000    7.5000   15.0000 3034.8425   14.1230
    7.5000    7.5000   15.0000 2948.7366   14.3713
   -7.5000   15.0000   15.0000 2929.7051   15.0171
    0.0000   15.0000   15.0000 3003.1641   14.6291
    7.5000   15.0000   15.0000 2930.4033   14.9490
   -7.5000   22.5000   15.0000 2838.3003   15.8213
    0.0000   22.5000   15.0000 2892.6411   15.5095
    7.5000   22.5000   15.0000 2854.1287   15.7951
   -7.5000   30.0000   15.0000 2730.5308   16.8844
    0.0000   30.0000   15.0000 2775.9504   16.6016
    7.5000   30.0000   15.0000 2749.7981   16.8744
   -7.5000   37.5000   15.0000 2600.6736   18.3637
    0.0000   37.5000   15.0000 2640.4885   18.1025
    7.5000   37.5000   15.0000 2614.5166   18.3402
   -7.5000   45.0000   15.0000 2447.6746   20.3587
    0.0000   45.0000   15.0000 2481.2261   20.0792
    7.5000   45.0000   15.0000 2462.4712   20.3163
   -7.5000  -45.0000   22.5000 2216.8997   22.6621
    0.0000  -45.0000   22.5000 2218.2854   22.2414
    7.5000  -45.0000   22.5000 2213.3557   22.9911
   -7.5000  -37.5000   22.5000 2345.7239   20.1148
    0.0000  -37.5000   22.5000 2343.6453   19.6516
    7.5000  -37.5000   22.5000 2339.5327   20.3580
   -7.5000  -30.0000   22.5000 2465.2444   18.1218
    0.0000  -30.0000   22.5000 2457.8613   17.5855
    7.5000  -30.0000   22.5000 2452.7983   18.2283
   -7.5000  -22.5000   22.5000 2584.3032   16.4899
    0.0000  -22.5000   22.5000 2583.1003   16.0148
    7.5000  -22.5000   22.5000 2574.5000   16.5509
   -7.5000  -15.0000   22.5000 2693.9600   15.2905
    0.0000  -15.0000   22.5000 2712.6619   14.8386
    7.5000  -15.0000   22.5000 2698.9805   15.3524
   -7.5000   -7.5000   22.5000 2804.4980   14.5716
    0.0000   -7.5000   22.5000 2835.4583   14.1809
    7.5000   -7.5000   22.5000 2813.9983   14.6120
   -7.5000    0.0000   22.5000 2886.7307   14.2869
    0.0000    0.0000   22.5000 2944.4434   13.9579
    7.5000    0.0000   22.5000 2887.8569   14.3086
   -7.5000    7.5000   22.5000 2947.4470   14.4693
    0.0000    7.5000   22.5000 3011.3047   14.1215
    7.5000    7.5000   22.5000 2938.6987   14.4093
   -7.5000   15.0000   22.5000 2917.6152   15.0194
    0.0000   15.0000   22.5000 2985.4507   14.7605
    7.5000   15.0000   22.5000 2913.3696   14.9402
   -7.5000   22.5000   22.5000 2830.2549   15.7984
    0.0000   22.5000   22.5000 2881.2024   15.5821
    7.5000   22.5000   22.5000 2838.2590   15.7481
   -7.5000   30.0000   22.5000 2715.0847   16.9095
    0.0000   30.0000   22.5000 2759.2078   16.6689
    7.5000   30.0000   22.5000 2732.8132   16.8752
   -7.5000   37.5000   22.5000 2583.7974   18.4204
    0.0000   37.5000   22.5000 2622.3098   18.1595
    7.5000   37.5000   22.5000 2606.1282   18.3477
   -7.5000   45.0000   22.5000 2440.5198   20.3858
    0.0000   45.0000   22.5000 2469.3821   20.1334
    7.5000   45.0000   22.5000 2455.5010   20.3305
   -7.5000  -45.0000   30.0000 2198.0388   23.0099
    0.0000  -45.0000   30.0000 2199.5481   22.4957
    7.5000  -45.0000   30.0000 2187.0212   23.2566
   -7.5000  -37.5000   30.0000 2320.0986   20.4424
    0.0000  -37.5000   30.0000 2321.7485   19.8632
    7.5000  -37.5000   30.0000 2311.1289   20.6396
   -7.5000  -30.0000   30.0000 2430.5015   18.4253
    0.0000  -30.0000   30.0000 2425.6565   17.8714
    7.5000  -30.0000   30.0000 2419.6455   18.5175
   -7.5000  -22.5000   30.0000 2549.1836   16.8374
    0.0000  -22.5000   30.0000 2548.1516   16.2951
    7.5000  -22.5000   30.0000 2545.3511   16.9015
   -7.5000  -15.0000   30.0000 2649.9312   15.6462
    0.0000  -15.0000   30.0000 2661.8181   15.1406
    7.5000  -15.0000   30.0000 2657.3284   15.6839
   -7.5000   -7.5000   30.0000 2760.9998   14.9686
    0.0000   -7.5000   30.0000 2777.6235   14.5574
    7.5000   -7.5000   30.0000 2767.4565   15.0090
   -7.5000    0.0000   30.0000 2844.5964   14.7050
    0.0000    0.0000   30.0000 2884.1338   14.3363
    7.5000    0.0000   30.0000 2843.2136   14.6814
   -7.5000    7.5000   30.0000 2888.9961   14.8464
    0.0000    7.5000   30.0000 2933.4407   14.5362
    7.5000    7.5000   30.0000 2888.8577   14.7674
   -7.5000   15.0000   30.0000 2856.3005   15.3481
    0.0000   15.0000   30.0000 2910.1404   15.0764
    7.5000   15.0000   30.0000 2856.8462   15.2739
   -7.5000   22.5000   30.0000 2785.0808   16.1734
    0.0000   22.5000   30.0000 2837.4006   15.9299
    7.5000   22.5000   30.0000 2794.7593   16.0984
   -7.5000   30.0000   30.0000 2671.5547   17.2967
    0.0000   30.0000   30.0000 2712.3115   17.0337
    7.5000   30.0000   30.0000 2687.9341   17.2445
   -7.5000   37.5000   30.0000 2549.8379   18.7643
    0.0000   37.5000   30.0000 2580.9851   18.4980
    7.5000   37.5000   30.0000 2568.1025   18.7250
   -7.5000   45.0000   30.0000 2409.9963   20.6678
    0.0000   45.0000   30.0000 2441.7004   20.4132
    7.5000   45.0000   30.0000 2423.9094   20.6379
   -7.5000  -45.0000   37.5000 2159.4277   23.6260
    0.0000  -45.0000   37.5000 2165.0500   23.1083
    7.5000  -45.0000   37.5000 2153.2732   23.7967
   -7.5000  -37.5000   37.5000 2288.1870   21.0378
    0.0000  -37.5000   37.5000 2290.5439   20.5256
    7.5000  -37.5000   37.5000 2278.9575   21.1558
   -7.5000  -30.0000   37.5000 2400.7332   19.0396
    0.0000  -30.0000   37.5000 2400.9810   18.5768
    7.5000  -30.0000   37.5000 2390.8203   19.1700
   -7.5000  -22.5000   37.5000 2506.2131   17.5428
    0.0000  -22.5000   37.5000 2514.9934   17.0689
    7.5000  -22.5000   37.5000 2502.5625   17.6460
   -7.5000  -15.0000   37.5000 2607.4399   16.4024
    0.0000  -15.0000   37.5000 2614.7661   15.9624
    7.5000  -15.0000   37.5000 2609.1035   16.5015
   -7.5000   -7.5000   37.5000 2705.4978   15.7135
    0.0000   -7.5000   37.5000 2712.8562   15.2771
    7.5000   -7.5000   37.5000 2710.3542   15.7766
   -7.5000    0.0000   37.5000 2776.2827   15.3612
    0.0000    0.0000   37.5000 2799.9106   14.9931
    7.5000    0.0000   37.5000 2775.8240   15.3464
   -7.5000    7.5000   37.5000 2815.5447   15.4922
    0.0000    7.5000   37.5000 2836.4099   15.2395
    7.5000    7.5000   37.5000 2815.3228   15.4627
   -7.5000   15.0000   37.5000 2773.9568   16.0591
    0.0000   15.0000   37.5000 2809.6145   15.8184
    7.5000   15.0000   37.5000 2777.4307   16.0229
   -7.5000   22.5000   37.5000 2710.3894   16.8537
    0.0000   22.5000   37.5000 2757.8889   16.6249
    7.5000   22.5000   37.5000 2716.8906   16.8013
   -7.5000   30.0000   37.5000 2609.2891   18.0369
    0.0000   30.0000   37.5000 2642.5513   17.7710
    7.5000   30.0000   37.5000 2616.8052   17.9337
   -7.5000   37.5000   37.5000 2499.7507   19.5197
    0.0000   37.5000   37.5000 2525.9158   19.2359
    7.5000   37.5000   37.5000 2508.2097   19.4098
   -7.5000   45.0000   37.5000 2363.0452   21.3436
    0.0000   45.0000   37.5000 2392.0818   21.0907
    7.5000   45.0000   37.5000 2375.1255   21.2517
   -7.5000  -45.0000   45.0000 2109.1460   24.5491
    0.0000  -45.0000   45.0000 2117.9280   24.0626
    7.5000  -45.0000   45.0000 2111.7227   24.6829
   -7.5000  -37.5000   45.0000 2237.9685   21.9112
    0.0000  -37.5000   45.0000 2248.8828   21.5261
    7.5000  -37.5000   45.0000 2238.9780   22.0666
   -7.5000  -30.0000   45.0000 2350.3284   20.0186
    0.0000  -30.0000   45.0000 2364.3113   19.6161
    7.5000  -30.0000   45.0000 2352.0042   20.1141
   -7.5000  -22.5000   45.0000 2450.1182   18.5346
    0.0000  -22.5000   45.0000 2470.9871   18.1646
    7.5000  -22.5000   45.0000 2453.3167   18.6124
   -7.5000  -15.0000   45.0000 2549.2957   17.3987
    0.0000  -15.0000   45.0000 2566.6047   16.9961
    7.5000  -15.0000   45.0000 2552.1941   17.4584
   -7.5000   -7.5000   45.0000 2636.7078   16.6661
    0.0000   -7.5000   45.0000 2651.4004   16.2324
    7.5000   -7.5000   45.0000 2637.9790   16.6795
   -7.5000    0.0000   45.0000 2690.2847   16.2511
    0.0000    0.0000   45.0000 2709.7290   15.9367
    7.5000    0.0000   45.0000 2691.0293   16.2579
   -7.5000    7.5000   45.0000 2714.8647   16.3798
    0.0000    7.5000   45.0000 2738.0474   16.0970
    7.5000    7.5000   45.0000 2717.9290   16.3457
   -7.5000   15.0000   45.0000 2673.2214   16.9405
    0.0000   15.0000   45.0000 2703.8762   16.6969
    7.5000   15.0000   45.0000 2681.9900   16.9279
   -7.5000   22.5000   45.0000 2607.4197   17.7693
    0.0000   22.5000   45.0000 2644.7720   17.5093
    7.5000   22.5000   45.0000 2614.4482   17.7128
   -7.5000   30.0000   45.0000 2515.4421   18.9438
    0.0000   30.0000   45.0000 2550.3289   18.7392
    7.5000   30.0000   45.0000 2529.4722   18.8984
   -7.5000   37.5000   45.0000 2420.7148   20.4682
    0.0000   37.5000   45.0000 2444.2822   20.2586
    7.5000   37.5000   45.0000 2430.4348   20.3779
   -7.5000   45.0000   45.0000 2302.5635   22.2640
    0.0000   45.0000   45.0000 2325.2896   22.0669
    7.5000   45.0000   45.0000 2309.2908   22.1592

---------------------------------------------------------------------
imgreg_4dfp /opt/freesurfer/average/711-2C_as_mni_average_305 /opt/freesurfer/average/711-2B_as_mni_average_305_mask talsrcimg_g11 none talsrcimg_to_711-2C_as_mni_average_305_t4 1283
---------------------------------------------------------------------

freesurfer imgreg_4dfp.c
/opt/freesurfer/average/711-2C_as_mni_average_305.4dfp.img
       256       256       256         1
  1.000000  1.000000  1.000000
orientation T byte_order littleendian
Reading image: /opt/freesurfer/average/711-2C_as_mni_average_305.4dfp.img
dimensions:      256       256       256
mmppix:       1.0000   -1.0000   -1.0000
center:     128.0000 -129.0000 -129.0000
/opt/freesurfer/average/711-2B_as_mni_average_305_mask.4dfp.img
       256       256       256         1
  1.000000  1.000000  1.000000
orientation T byte_order littleendian
Reading mask: /opt/freesurfer/average/711-2B_as_mni_average_305_mask.4dfp.img (2306576 pixels)
talsrcimg_g11.4dfp.img
       256       256       256         1
  1.000000  1.000000  1.000000
orientation T byte_order littleendian
Reading image: talsrcimg_g11.4dfp.img
dimensions:      256       256       256
mmppix:       1.0000   -1.0000   -1.0000
center:     128.0000 -129.0000 -129.0000
rotation matrix determinant  1.000000
fimgreg.f
image alignment mode   1283 decimal      503 hex
parameters
    0.0000    7.5000   15.0000    0.0000    0.0000    0.0000
eta,q 0.95050 14.12928
niter,ni,del,rscale     5    3   12.0000    1.2000
parameter  4 67.373260 ->  0.500000 qaram    1.1500
parameters
   -0.3738    9.1607   16.1562   -3.4500   -0.5159   -2.7490
eta,q 0.95595 14.11292
  0.0652  0.0622  0.0586  0.0429  0.0538  0.0442
  0.0574  0.0565  0.0550  0.0439  0.0486  0.0436
  0.0526  0.0520  0.0528  0.0460  0.0450  0.0443
  0.0513  0.0508  0.0513  0.0505  0.0443  0.0443
  0.0547  0.0509  0.0505  0.0534  0.0463  0.0453
  0.0615  0.0505  0.0512  0.0553  0.0510  0.0480
  0.0674  0.0539  0.0550  0.0573  0.0579  0.0527
niter,ni,del,rscale     5    3   12.0000    1.2000
parameter  4  0.756551 ->  0.500000 qaram    1.3225
parameters
   -0.4533   10.3849   15.7143   -7.4175   -1.0860   -1.9248
eta,q 0.96084 14.09644
  0.0630  0.0590  0.0496  0.0417  0.0474  0.0479
  0.0537  0.0519  0.0465  0.0393  0.0424  0.0435
  0.0467  0.0469  0.0436  0.0402  0.0395  0.0402
  0.0440  0.0440  0.0431  0.0430  0.0394  0.0391
  0.0465  0.0431  0.0447  0.0477  0.0418  0.0395
  0.0537  0.0451  0.0471  0.0520  0.0452  0.0407
  0.0647  0.0508  0.0523  0.0553  0.0501  0.0441
niter,ni,del,rscale     5    3   12.0000    1.2000
parameters
   -0.2760   11.5945   14.9876   -7.5489   -1.2195   -1.9093
eta,q 0.96173 14.13935
  0.0617  0.0641  0.0462  0.0524  0.0477  0.0460
  0.0499  0.0534  0.0414  0.0446  0.0436  0.0413
  0.0424  0.0429  0.0385  0.0383  0.0400  0.0383
  0.0392  0.0392  0.0388  0.0383  0.0383  0.0383
  0.0423  0.0392  0.0416  0.0409  0.0403  0.0391
  0.0497  0.0429  0.0448  0.0460  0.0439  0.0417
  0.0582  0.0499  0.0497  0.0521  0.0487  0.0453
niter,ni,del,rscale     4    3   12.0000    1.2000
parameters
   -0.2322   11.8003   15.0171   -7.6606   -1.2517   -1.9246
eta,q 0.96164 14.14471
  0.0602  0.0580  0.0487  0.0523  0.0480  0.0460
  0.0482  0.0461  0.0433  0.0446  0.0439  0.0414
  0.0407  0.0395  0.0394  0.0386  0.0403  0.0383
  0.0383  0.0383  0.0384  0.0384  0.0384  0.0384
  0.0424  0.0409  0.0405  0.0408  0.0401  0.0394
  0.0496  0.0468  0.0436  0.0458  0.0438  0.0420
  0.0578  0.0534  0.0478  0.0519  0.0484  0.0454
niter,ni,del,rscale     3    3   12.0000    1.2000
parameters
   -0.2322   11.8664   15.0219   -7.7135   -1.2510   -1.9330
eta,q 0.96163 14.14668
  0.0601  0.0571  0.0488  0.0524  0.0481  0.0461
  0.0480  0.0452  0.0433  0.0448  0.0440  0.0415
  0.0406  0.0391  0.0393  0.0388  0.0404  0.0383
  0.0384  0.0384  0.0384  0.0384  0.0384  0.0384
  0.0427  0.0414  0.0405  0.0407  0.0401  0.0394
  0.0499  0.0473  0.0438  0.0456  0.0437  0.0421
  0.0581  0.0537  0.0480  0.0517  0.0484  0.0454
niter,ni,del,rscale     2    3   12.0000    1.2000
parameters
   -0.2363   11.8914   15.0225   -7.7358   -1.2471   -1.9361
eta,q 0.96163 14.14750
  0.0602  0.0568  0.0488  0.0524  0.0481  0.0462
  0.0481  0.0449  0.0433  0.0449  0.0440  0.0415
  0.0406  0.0390  0.0393  0.0389  0.0404  0.0383
  0.0384  0.0384  0.0384  0.0384  0.0384  0.0384
  0.0427  0.0415  0.0406  0.0407  0.0401  0.0394
  0.0500  0.0475  0.0438  0.0455  0.0437  0.0421
  0.0582  0.0538  0.0480  0.0516  0.0484  0.0454
registration optimization eta report
parameter search radius
    6.0000    6.0000    6.0000    7.9350    6.0000    6.0000
100000*second partial in parameter space
       56.       47.       27.       22.       26.       21.
  0.0602  0.0568  0.0488  0.0524  0.0481  0.0462
  0.0481  0.0449  0.0433  0.0449  0.0440  0.0415
  0.0406  0.0390  0.0393  0.0389  0.0404  0.0383
  0.0384  0.0384  0.0384  0.0384  0.0384  0.0384
  0.0427  0.0415  0.0406  0.0407  0.0401  0.0394
  0.0500  0.0475  0.0438  0.0455  0.0437  0.0421
  0.0582  0.0538  0.0480  0.0516  0.0484  0.0454
   -0.2363   11.8914   15.0225   -7.7358   -1.2471   -1.9361
eta,q 0.96163 14.14750

---------------------------------------------------------------------
imgreg_4dfp /opt/freesurfer/average/711-2C_as_mni_average_305 /opt/freesurfer/average/711-2B_as_mni_average_305_mask talsrcimg_g11 none talsrcimg_to_711-2C_as_mni_average_305_t4 3335
---------------------------------------------------------------------

freesurfer imgreg_4dfp.c
/opt/freesurfer/average/711-2C_as_mni_average_305.4dfp.img
       256       256       256         1
  1.000000  1.000000  1.000000
orientation T byte_order littleendian
Reading image: /opt/freesurfer/average/711-2C_as_mni_average_305.4dfp.img
dimensions:      256       256       256
mmppix:       1.0000   -1.0000   -1.0000
center:     128.0000 -129.0000 -129.0000
/opt/freesurfer/average/711-2B_as_mni_average_305_mask.4dfp.img
       256       256       256         1
  1.000000  1.000000  1.000000
orientation T byte_order littleendian
Reading mask: /opt/freesurfer/average/711-2B_as_mni_average_305_mask.4dfp.img (2306576 pixels)
talsrcimg_g11.4dfp.img
       256       256       256         1
  1.000000  1.000000  1.000000
orientation T byte_order littleendian
Reading image: talsrcimg_g11.4dfp.img
dimensions:      256       256       256
mmppix:       1.0000   -1.0000   -1.0000
center:     128.0000 -129.0000 -129.0000
fimgreg.f
image alignment mode   3335 decimal      D07 hex
parameters
   -0.2363   11.8914   15.0225   -0.0808   -0.9567   -0.9336
    3.0549    2.6101   -3.3777   13.3800   -2.1764  -13.4574
eta,q 0.96180 14.22674
niter,ni,del,rscale     5    3    5.0000    1.2000
parameter  4  0.834784 ->  0.500000 qaram    1.1500
parameter  5  1.649590 ->  0.500000 qaram    1.1500
parameter  6  0.673751 ->  0.500000 qaram    1.1500
parameter 10  0.678212 ->  0.500000 qaram    1.1500
parameter 12  0.928056 ->  0.500000 qaram    1.1500
parameters
   -0.0158   11.7557   15.3728   -4.2208   -5.0967   -5.0736
    4.2501    3.0687   -1.4084    9.2400   -3.4575  -17.5974
eta,q 0.97342 13.74721
  0.0429  0.0402  0.0408  0.0352  0.0300  0.0302  0.0339  0.0356  0.0329  0.0285  0.0288  0.0265
  0.0405  0.0390  0.0395  0.0354  0.0311  0.0299  0.0320  0.0330  0.0315  0.0278  0.0282  0.0265
  0.0389  0.0384  0.0386  0.0362  0.0329  0.0303  0.0306  0.0308  0.0304  0.0282  0.0279  0.0269
  0.0382  0.0382  0.0382  0.0381  0.0355  0.0316  0.0299  0.0298  0.0298  0.0296  0.0278  0.0278
  0.0384  0.0385  0.0382  0.0412  0.0385  0.0340  0.0299  0.0301  0.0296  0.0322  0.0282  0.0290
  0.0394  0.0393  0.0387  0.0454  0.0417  0.0372  0.0306  0.0317  0.0299  0.0355  0.0289  0.0305
  0.0415  0.0408  0.0396  0.0502  0.0458  0.0413  0.0320  0.0346  0.0307  0.0388  0.0299  0.0322
niter,ni,del,rscale     7    3    5.0000    1.2000
parameters
   -0.1075   11.8947   15.3302   -5.6457   -8.4590   -5.3772
    3.8752    3.0579   -1.7374   10.0826   -3.3188  -19.7043
eta,q 0.97466 13.54004
  0.0306  0.0301  0.0285  0.0298  0.0275  0.0287  0.0288  0.0308  0.0281  0.0312  0.0269  0.0268
  0.0283  0.0283  0.0274  0.0282  0.0261  0.0273  0.0271  0.0283  0.0268  0.0287  0.0262  0.0258
  0.0269  0.0271  0.0267  0.0269  0.0256  0.0263  0.0260  0.0264  0.0259  0.0268  0.0257  0.0254
  0.0266  0.0266  0.0265  0.0265  0.0266  0.0256  0.0257  0.0257  0.0257  0.0257  0.0255  0.0255
  0.0272  0.0267  0.0268  0.0275  0.0285  0.0251  0.0262  0.0262  0.0261  0.0257  0.0256  0.0263
  0.0288  0.0277  0.0275  0.0300  0.0316  0.0266  0.0275  0.0280  0.0271  0.0271  0.0261  0.0276
  0.0313  0.0295  0.0286  0.0343  0.0361  0.0306  0.0295  0.0311  0.0286  0.0297  0.0268  0.0292
niter,ni,del,rscale     6    3    5.0000    1.2000
parameters
   -0.0812   11.8623   15.2335   -5.1864   -9.0566   -5.2771
    3.9182    3.0735   -1.7931   10.3971   -3.3003  -20.0358
eta,q 0.97484 13.53932
  0.0296  0.0288  0.0271  0.0297  0.0292  0.0288  0.0288  0.0305  0.0278  0.0302  0.0266  0.0275
  0.0273  0.0270  0.0261  0.0279  0.0274  0.0272  0.0269  0.0279  0.0264  0.0278  0.0258  0.0263
  0.0258  0.0257  0.0255  0.0264  0.0258  0.0261  0.0256  0.0260  0.0255  0.0261  0.0253  0.0254
  0.0253  0.0253  0.0253  0.0253  0.0252  0.0252  0.0252  0.0252  0.0252  0.0252  0.0252  0.0252
  0.0258  0.0259  0.0256  0.0252  0.0261  0.0246  0.0256  0.0257  0.0255  0.0254  0.0253  0.0256
  0.0272  0.0271  0.0263  0.0265  0.0278  0.0259  0.0268  0.0276  0.0265  0.0270  0.0258  0.0265
  0.0294  0.0290  0.0274  0.0295  0.0309  0.0298  0.0287  0.0307  0.0279  0.0298  0.0266  0.0279
niter,ni,del,rscale     5    3    5.0000    1.2000
parameters
   -0.0892   11.8955   15.2291   -5.1263   -9.1648   -5.2565
    3.9283    3.0739   -1.8154   10.4888   -3.2865  -20.1163
eta,q 0.97487 13.53983
  0.0294  0.0289  0.0271  0.0293  0.0294  0.0287  0.0287  0.0305  0.0278  0.0299  0.0266  0.0277
  0.0270  0.0269  0.0260  0.0275  0.0277  0.0271  0.0268  0.0278  0.0264  0.0276  0.0258  0.0264
  0.0256  0.0256  0.0254  0.0261  0.0260  0.0260  0.0256  0.0259  0.0255  0.0260  0.0253  0.0255
  0.0252  0.0252  0.0252  0.0252  0.0251  0.0252  0.0251  0.0251  0.0251  0.0251  0.0251  0.0251
  0.0257  0.0256  0.0254  0.0252  0.0258  0.0245  0.0255  0.0257  0.0255  0.0255  0.0253  0.0255
  0.0271  0.0268  0.0261  0.0267  0.0273  0.0259  0.0267  0.0276  0.0264  0.0271  0.0258  0.0264
  0.0294  0.0286  0.0271  0.0300  0.0301  0.0299  0.0287  0.0307  0.0278  0.0300  0.0266  0.0278
niter,ni,del,rscale     4    3    5.0000    1.2000
parameters
   -0.0897   11.9068   15.2255   -5.1144   -9.1893   -5.2558
    3.9317    3.0746   -1.8173   10.5184   -3.2821  -20.1396
eta,q 0.97487 13.53993
  0.0294  0.0288  0.0271  0.0293  0.0295  0.0287  0.0287  0.0304  0.0278  0.0298  0.0266  0.0277
  0.0270  0.0268  0.0260  0.0275  0.0277  0.0271  0.0268  0.0278  0.0264  0.0275  0.0258  0.0264
  0.0256  0.0255  0.0253  0.0261  0.0260  0.0260  0.0256  0.0259  0.0254  0.0259  0.0253  0.0255
  0.0251  0.0251  0.0251  0.0251  0.0251  0.0251  0.0251  0.0251  0.0251  0.0251  0.0251  0.0251
  0.0256  0.0256  0.0254  0.0252  0.0257  0.0245  0.0255  0.0257  0.0255  0.0255  0.0253  0.0255
  0.0270  0.0269  0.0260  0.0267  0.0273  0.0260  0.0267  0.0276  0.0264  0.0272  0.0258  0.0264
  0.0293  0.0286  0.0271  0.0300  0.0300  0.0300  0.0287  0.0307  0.0278  0.0301  0.0266  0.0277
registration optimization eta report
parameter search radius
    2.4000    2.4000    2.4000    8.2800    8.2800    8.2800
    7.2000    7.2000    7.2000    8.2800    7.2000    8.2800
100000*second partial in parameter space
       73.       61.       34.        7.        7.        6.
        7.       10.        5.        7.        3.        4.
  0.0294  0.0288  0.0271  0.0293  0.0295  0.0287  0.0287  0.0304  0.0278  0.0298  0.0266  0.0277
  0.0270  0.0268  0.0260  0.0275  0.0277  0.0271  0.0268  0.0278  0.0264  0.0275  0.0258  0.0264
  0.0256  0.0255  0.0253  0.0261  0.0260  0.0260  0.0256  0.0259  0.0254  0.0259  0.0253  0.0255
  0.0251  0.0251  0.0251  0.0251  0.0251  0.0251  0.0251  0.0251  0.0251  0.0251  0.0251  0.0251
  0.0256  0.0256  0.0254  0.0252  0.0257  0.0245  0.0255  0.0257  0.0255  0.0255  0.0253  0.0255
  0.0270  0.0269  0.0260  0.0267  0.0273  0.0260  0.0267  0.0276  0.0264  0.0272  0.0258  0.0264
  0.0293  0.0286  0.0271  0.0300  0.0300  0.0300  0.0287  0.0307  0.0278  0.0301  0.0266  0.0277
   -0.0897   11.9068   15.2255   -5.1144   -9.1893   -5.2558
    3.9317    3.0746   -1.8173   10.5184   -3.2821  -20.1396
eta,q 0.97487 13.53993

---------------------------------------------------------------------
imgreg_4dfp /opt/freesurfer/average/711-2C_as_mni_average_305 /opt/freesurfer/average/711-2B_as_mni_average_305_mask talsrcimg_g11 none talsrcimg_to_711-2C_as_mni_average_305_t4 2311
---------------------------------------------------------------------

freesurfer imgreg_4dfp.c
/opt/freesurfer/average/711-2C_as_mni_average_305.4dfp.img
       256       256       256         1
  1.000000  1.000000  1.000000
orientation T byte_order littleendian
Reading image: /opt/freesurfer/average/711-2C_as_mni_average_305.4dfp.img
dimensions:      256       256       256
mmppix:       1.0000   -1.0000   -1.0000
center:     128.0000 -129.0000 -129.0000
/opt/freesurfer/average/711-2B_as_mni_average_305_mask.4dfp.img
       256       256       256         1
  1.000000  1.000000  1.000000
orientation T byte_order littleendian
Reading mask: /opt/freesurfer/average/711-2B_as_mni_average_305_mask.4dfp.img (2306576 pixels)
talsrcimg_g11.4dfp.img
       256       256       256         1
  1.000000  1.000000  1.000000
orientation T byte_order littleendian
Reading image: talsrcimg_g11.4dfp.img
dimensions:      256       256       256
mmppix:       1.0000   -1.0000   -1.0000
center:     128.0000 -129.0000 -129.0000
fimgreg.f
image alignment mode   2311 decimal      907 hex
parameters
   -0.0897   11.9068   15.2255   -5.1144   -9.1893   -5.2558
    3.9317    3.0746   -1.8173   10.5184   -3.2821  -20.1396
eta,q 0.97487 13.53993
niter,ni,del,rscale     5    3    5.0000    0.8000
parameters
   -0.1033   11.8760   15.2089   -4.2612   -8.9678   -3.5017
    3.9884    3.0671   -1.6706   10.5353   -3.5072  -20.4877
eta,q 0.97544 13.65862
  0.0270  0.0268  0.0260  0.0271  0.0271  0.0268  0.0263  0.0276  0.0260  0.0267  0.0254  0.0255
  0.0259  0.0259  0.0255  0.0263  0.0261  0.0261  0.0254  0.0260  0.0252  0.0256  0.0249  0.0250
  0.0253  0.0253  0.0252  0.0256  0.0254  0.0256  0.0248  0.0250  0.0247  0.0249  0.0246  0.0246
  0.0251  0.0251  0.0251  0.0251  0.0250  0.0250  0.0246  0.0246  0.0246  0.0246  0.0246  0.0246
  0.0254  0.0254  0.0252  0.0250  0.0252  0.0246  0.0247  0.0249  0.0247  0.0248  0.0247  0.0247
  0.0260  0.0260  0.0255  0.0254  0.0259  0.0246  0.0253  0.0260  0.0251  0.0255  0.0250  0.0252
  0.0270  0.0269  0.0260  0.0262  0.0268  0.0255  0.0262  0.0277  0.0258  0.0268  0.0256  0.0258
niter,ni,del,rscale     4    3    5.0000    0.7000
parameters
   -0.1231   11.9613   15.4038   -4.5246   -9.0810   -3.4744
    3.9355    3.1050   -1.7250   10.7716   -3.4982  -20.3580
eta,q 0.97548 13.65001
  0.0261  0.0261  0.0257  0.0258  0.0261  0.0259  0.0258  0.0269  0.0255  0.0263  0.0252  0.0254
  0.0252  0.0253  0.0251  0.0251  0.0253  0.0255  0.0251  0.0257  0.0250  0.0255  0.0248  0.0250
  0.0247  0.0248  0.0247  0.0247  0.0247  0.0249  0.0247  0.0249  0.0246  0.0248  0.0246  0.0246
  0.0246  0.0246  0.0246  0.0245  0.0245  0.0245  0.0245  0.0245  0.0245  0.0245  0.0245  0.0245
  0.0247  0.0247  0.0246  0.0247  0.0248  0.0245  0.0247  0.0248  0.0247  0.0246  0.0246  0.0246
  0.0253  0.0251  0.0248  0.0253  0.0254  0.0250  0.0251  0.0256  0.0250  0.0251  0.0248  0.0249
  0.0261  0.0258  0.0252  0.0263  0.0262  0.0263  0.0259  0.0269  0.0256  0.0260  0.0252  0.0253
niter,ni,del,rscale     3    3    5.0000    0.6000
parameters
   -0.1214   11.9543   15.4498   -4.4794   -9.1595   -3.2546
    3.9643    3.1197   -1.7321   10.7640   -3.5105  -20.3413
eta,q 0.97553 13.65563
  0.0257  0.0256  0.0252  0.0256  0.0257  0.0257  0.0255  0.0263  0.0252  0.0257  0.0250  0.0251
  0.0250  0.0250  0.0248  0.0251  0.0251  0.0253  0.0249  0.0253  0.0248  0.0251  0.0247  0.0248
  0.0246  0.0246  0.0246  0.0247  0.0246  0.0248  0.0246  0.0247  0.0246  0.0247  0.0245  0.0246
  0.0245  0.0245  0.0245  0.0245  0.0245  0.0245  0.0245  0.0245  0.0245  0.0245  0.0245  0.0245
  0.0246  0.0246  0.0246  0.0246  0.0247  0.0244  0.0246  0.0246  0.0246  0.0246  0.0245  0.0245
  0.0250  0.0250  0.0248  0.0250  0.0252  0.0248  0.0249  0.0253  0.0248  0.0251  0.0247  0.0248
  0.0257  0.0256  0.0251  0.0256  0.0258  0.0257  0.0254  0.0263  0.0252  0.0258  0.0250  0.0251
niter,ni,del,rscale     2    3    5.0000    0.5000
parameters
   -0.1245   11.9482   15.5041   -4.4665   -9.2095   -3.0070
    3.9706    3.1211   -1.7394   10.7570   -3.5089  -20.3234
eta,q 0.97556 13.66199
  0.0253  0.0252  0.0250  0.0252  0.0254  0.0254  0.0251  0.0257  0.0250  0.0254  0.0248  0.0249
  0.0248  0.0248  0.0247  0.0248  0.0249  0.0251  0.0247  0.0250  0.0247  0.0249  0.0246  0.0247
  0.0246  0.0246  0.0245  0.0246  0.0246  0.0247  0.0245  0.0246  0.0245  0.0246  0.0245  0.0245
  0.0245  0.0245  0.0245  0.0245  0.0245  0.0245  0.0244  0.0244  0.0244  0.0244  0.0244  0.0244
  0.0246  0.0246  0.0245  0.0245  0.0246  0.0244  0.0245  0.0246  0.0245  0.0245  0.0245  0.0245
  0.0248  0.0248  0.0246  0.0248  0.0249  0.0247  0.0247  0.0250  0.0247  0.0249  0.0246  0.0246
  0.0253  0.0252  0.0249  0.0253  0.0254  0.0253  0.0251  0.0257  0.0250  0.0254  0.0248  0.0249
niter,ni,del,rscale     1    3    5.0000    0.4000
parameters
   -0.1286   11.9424   15.5572   -4.4892   -9.2572   -2.7995
    3.9717    3.1226   -1.7545   10.7650   -3.4879  -20.3036
eta,q 0.97558 13.66581
  0.0249  0.0249  0.0248  0.0249  0.0250  0.0251  0.0249  0.0253  0.0248  0.0250  0.0247  0.0247
  0.0247  0.0247  0.0246  0.0247  0.0247  0.0248  0.0246  0.0248  0.0246  0.0247  0.0245  0.0246
  0.0245  0.0245  0.0245  0.0245  0.0245  0.0246  0.0245  0.0245  0.0244  0.0245  0.0245  0.0245
  0.0244  0.0244  0.0244  0.0244  0.0244  0.0244  0.0244  0.0244  0.0244  0.0244  0.0244  0.0244
  0.0245  0.0245  0.0245  0.0245  0.0245  0.0244  0.0245  0.0245  0.0245  0.0245  0.0244  0.0244
  0.0247  0.0247  0.0245  0.0247  0.0247  0.0246  0.0246  0.0248  0.0246  0.0247  0.0245  0.0245
  0.0250  0.0249  0.0247  0.0250  0.0251  0.0250  0.0249  0.0253  0.0248  0.0251  0.0247  0.0247
registration optimization eta report
parameter search radius
    0.8000    0.8000    0.8000    2.4000    2.4000    2.4000
    2.4000    2.4000    2.4000    2.4000    2.4000    2.4000
100000*second partial in parameter space
       80.       76.       47.        9.       11.       11.
        8.       15.        6.       11.        4.        5.
  0.0249  0.0249  0.0248  0.0249  0.0250  0.0251  0.0249  0.0253  0.0248  0.0250  0.0247  0.0247
  0.0247  0.0247  0.0246  0.0247  0.0247  0.0248  0.0246  0.0248  0.0246  0.0247  0.0245  0.0246
  0.0245  0.0245  0.0245  0.0245  0.0245  0.0246  0.0245  0.0245  0.0244  0.0245  0.0245  0.0245
  0.0244  0.0244  0.0244  0.0244  0.0244  0.0244  0.0244  0.0244  0.0244  0.0244  0.0244  0.0244
  0.0245  0.0245  0.0245  0.0245  0.0245  0.0244  0.0245  0.0245  0.0245  0.0245  0.0244  0.0244
  0.0247  0.0247  0.0245  0.0247  0.0247  0.0246  0.0246  0.0248  0.0246  0.0247  0.0245  0.0245
  0.0250  0.0249  0.0247  0.0250  0.0251  0.0250  0.0249  0.0253  0.0248  0.0251  0.0247  0.0247
   -0.1286   11.9424   15.5572   -4.4892   -9.2572   -2.7995
    3.9717    3.1226   -1.7545   10.7650   -3.4879  -20.3036
eta,q 0.97558 13.66581

---------------------------------------------------------------------
imgreg_4dfp /opt/freesurfer/average/711-2C_as_mni_average_305 /opt/freesurfer/average/711-2B_as_mni_average_305_mask talsrcimg_g11 none talsrcimg_to_711-2C_as_mni_average_305_t4 2311
---------------------------------------------------------------------

freesurfer imgreg_4dfp.c
/opt/freesurfer/average/711-2C_as_mni_average_305.4dfp.img
       256       256       256         1
  1.000000  1.000000  1.000000
orientation T byte_order littleendian
Reading image: /opt/freesurfer/average/711-2C_as_mni_average_305.4dfp.img
dimensions:      256       256       256
mmppix:       1.0000   -1.0000   -1.0000
center:     128.0000 -129.0000 -129.0000
/opt/freesurfer/average/711-2B_as_mni_average_305_mask.4dfp.img
       256       256       256         1
  1.000000  1.000000  1.000000
orientation T byte_order littleendian
Reading mask: /opt/freesurfer/average/711-2B_as_mni_average_305_mask.4dfp.img (2306576 pixels)
talsrcimg_g11.4dfp.img
       256       256       256         1
  1.000000  1.000000  1.000000
orientation T byte_order littleendian
Reading image: talsrcimg_g11.4dfp.img
dimensions:      256       256       256
mmppix:       1.0000   -1.0000   -1.0000
center:     128.0000 -129.0000 -129.0000
fimgreg.f
image alignment mode   2311 decimal      907 hex
parameters
   -0.1286   11.9424   15.5572   -4.4892   -9.2572   -2.7995
    3.9717    3.1226   -1.7545   10.7650   -3.4879  -20.3036
eta,q 0.97558 13.66580
niter,ni,del,rscale     5    3    5.0000    0.8000
parameters
   -0.1150   11.9676   15.5995   -4.7565   -9.2676   -3.4583
    3.9434    3.1056   -1.7649   10.8099   -3.5327  -20.1351
eta,q 0.97547 13.63279
  0.0265  0.0263  0.0257  0.0261  0.0265  0.0260  0.0262  0.0275  0.0259  0.0266  0.0254  0.0257
  0.0253  0.0253  0.0250  0.0252  0.0255  0.0254  0.0253  0.0260  0.0251  0.0256  0.0249  0.0251
  0.0246  0.0246  0.0246  0.0246  0.0247  0.0248  0.0247  0.0249  0.0247  0.0249  0.0246  0.0247
  0.0244  0.0244  0.0244  0.0244  0.0244  0.0244  0.0245  0.0245  0.0245  0.0245  0.0245  0.0245
  0.0246  0.0246  0.0245  0.0247  0.0247  0.0246  0.0247  0.0249  0.0247  0.0247  0.0246  0.0246
  0.0253  0.0253  0.0249  0.0254  0.0255  0.0258  0.0253  0.0259  0.0252  0.0255  0.0249  0.0250
  0.0264  0.0262  0.0256  0.0266  0.0265  0.0279  0.0263  0.0276  0.0259  0.0267  0.0255  0.0256
niter,ni,del,rscale     4    3    5.0000    0.7000
parameters
   -0.1158   11.9291   15.5026   -4.5266   -9.1998   -3.4618
    3.9656    3.1252   -1.7251   10.7441   -3.5203  -20.2088
eta,q 0.97549 13.64320
  0.0261  0.0259  0.0253  0.0260  0.0262  0.0259  0.0258  0.0269  0.0256  0.0261  0.0252  0.0253
  0.0252  0.0251  0.0248  0.0253  0.0254  0.0254  0.0251  0.0256  0.0250  0.0253  0.0248  0.0249
  0.0247  0.0247  0.0246  0.0248  0.0248  0.0249  0.0247  0.0248  0.0246  0.0247  0.0246  0.0246
  0.0245  0.0245  0.0245  0.0245  0.0245  0.0245  0.0245  0.0245  0.0245  0.0245  0.0245  0.0245
  0.0247  0.0247  0.0247  0.0246  0.0247  0.0245  0.0247  0.0247  0.0246  0.0247  0.0246  0.0246
  0.0252  0.0253  0.0250  0.0250  0.0253  0.0250  0.0251  0.0256  0.0250  0.0253  0.0248  0.0249
  0.0261  0.0260  0.0255  0.0258  0.0261  0.0264  0.0258  0.0269  0.0255  0.0263  0.0252  0.0254
niter,ni,del,rscale     3    3    5.0000    0.6000
parameters
   -0.1214   11.9325   15.4808   -4.4653   -9.1813   -3.2417
    3.9621    3.1218   -1.7244   10.7292   -3.5112  -20.2790
eta,q 0.97553 13.65447
  0.0257  0.0256  0.0251  0.0256  0.0258  0.0257  0.0255  0.0263  0.0252  0.0257  0.0250  0.0251
  0.0250  0.0250  0.0248  0.0251  0.0251  0.0253  0.0249  0.0253  0.0248  0.0251  0.0247  0.0248
  0.0246  0.0246  0.0246  0.0247  0.0247  0.0248  0.0246  0.0247  0.0246  0.0247  0.0245  0.0245
  0.0245  0.0245  0.0245  0.0245  0.0245  0.0245  0.0245  0.0245  0.0245  0.0245  0.0245  0.0245
  0.0246  0.0246  0.0246  0.0246  0.0247  0.0244  0.0246  0.0247  0.0246  0.0246  0.0245  0.0245
  0.0250  0.0250  0.0248  0.0249  0.0251  0.0248  0.0249  0.0253  0.0248  0.0251  0.0247  0.0248
  0.0257  0.0256  0.0252  0.0256  0.0258  0.0257  0.0255  0.0263  0.0252  0.0258  0.0250  0.0251
niter,ni,del,rscale     2    3    5.0000    0.5000
parameters
   -0.1249   11.9379   15.5134   -4.4623   -9.2136   -2.9981
    3.9686    3.1193   -1.7307   10.7377   -3.5138  -20.3002
eta,q 0.97556 13.66170
  0.0253  0.0252  0.0250  0.0252  0.0254  0.0254  0.0251  0.0257  0.0250  0.0254  0.0248  0.0249
  0.0248  0.0248  0.0247  0.0248  0.0249  0.0251  0.0247  0.0250  0.0247  0.0249  0.0246  0.0247
  0.0245  0.0246  0.0245  0.0246  0.0246  0.0247  0.0245  0.0246  0.0245  0.0246  0.0245  0.0245
  0.0245  0.0245  0.0245  0.0245  0.0245  0.0245  0.0244  0.0244  0.0244  0.0244  0.0244  0.0244
  0.0246  0.0246  0.0245  0.0245  0.0246  0.0244  0.0245  0.0246  0.0245  0.0245  0.0245  0.0245
  0.0248  0.0248  0.0247  0.0248  0.0249  0.0247  0.0247  0.0250  0.0247  0.0249  0.0246  0.0246
  0.0253  0.0252  0.0249  0.0253  0.0254  0.0253  0.0251  0.0257  0.0250  0.0254  0.0248  0.0249
niter,ni,del,rscale     1    3    5.0000    0.4000
parameters
   -0.1289   11.9388   15.5604   -4.4868   -9.2549   -2.7941
    3.9683    3.1212   -1.7512   10.7502   -3.4907  -20.2941
eta,q 0.97558 13.66593
  0.0249  0.0249  0.0248  0.0249  0.0250  0.0251  0.0249  0.0253  0.0248  0.0250  0.0247  0.0247
  0.0246  0.0247  0.0246  0.0247  0.0247  0.0248  0.0246  0.0248  0.0246  0.0247  0.0245  0.0246
  0.0245  0.0245  0.0245  0.0245  0.0245  0.0246  0.0245  0.0245  0.0245  0.0245  0.0244  0.0244
  0.0244  0.0244  0.0244  0.0244  0.0244  0.0244  0.0244  0.0244  0.0244  0.0244  0.0244  0.0244
  0.0245  0.0245  0.0245  0.0245  0.0245  0.0244  0.0245  0.0245  0.0245  0.0245  0.0244  0.0245
  0.0247  0.0247  0.0245  0.0247  0.0247  0.0246  0.0246  0.0248  0.0246  0.0247  0.0245  0.0245
  0.0250  0.0249  0.0247  0.0250  0.0251  0.0250  0.0249  0.0253  0.0248  0.0250  0.0247  0.0247
registration optimization eta report
parameter search radius
    0.8000    0.8000    0.8000    2.4000    2.4000    2.4000
    2.4000    2.4000    2.4000    2.4000    2.4000    2.4000
100000*second partial in parameter space
       80.       76.       47.        9.       11.       11.
        8.       15.        6.       11.        4.        5.
  0.0249  0.0249  0.0248  0.0249  0.0250  0.0251  0.0249  0.0253  0.0248  0.0250  0.0247  0.0247
  0.0246  0.0247  0.0246  0.0247  0.0247  0.0248  0.0246  0.0248  0.0246  0.0247  0.0245  0.0246
  0.0245  0.0245  0.0245  0.0245  0.0245  0.0246  0.0245  0.0245  0.0245  0.0245  0.0244  0.0244
  0.0244  0.0244  0.0244  0.0244  0.0244  0.0244  0.0244  0.0244  0.0244  0.0244  0.0244  0.0244
  0.0245  0.0245  0.0245  0.0245  0.0245  0.0244  0.0245  0.0245  0.0245  0.0245  0.0244  0.0245
  0.0247  0.0247  0.0245  0.0247  0.0247  0.0246  0.0246  0.0248  0.0246  0.0247  0.0245  0.0245
  0.0250  0.0249  0.0247  0.0250  0.0251  0.0250  0.0249  0.0253  0.0248  0.0250  0.0247  0.0247
   -0.1289   11.9388   15.5604   -4.4868   -9.2549   -2.7941
    3.9683    3.1212   -1.7512   10.7502   -3.4907  -20.2941
eta,q 0.97558 13.66593

---------------------------------------------------------------------
compute_vox2vox talsrcimg talsrcimg_to_711-2C_as_mni_average_305_t4 /opt/freesurfer/average/711-2C_as_mni_average_305
---------------------------------------------------------------------

freesurfer compute_vox2vox.c
Reading: talsrcimg.4dfp.ifh
Reading: talsrcimg_to_711-2C_as_mni_average_305_t4
Reading: /opt/freesurfer/average/711-2C_as_mni_average_305.4dfp.ifh
Writing: talsrcimg_to_711-2C_as_mni_average_305_t4_vox2vox.txt

start time Mon Mar 9 22:48:45 CET 2026
end		time Mon Mar 9 22:50:20 CET 2026

mpr2mni305 success

avi2talxfm orig_nu.mgz /opt/freesurfer/average/mni305.cor.mgz talsrcimg_to_711-2C_as_mni_average_305_t4_vox2vox.txt transforms/talairach.auto.xfm
avi2talxfm done
mv -f /out/sourcedata/freesurfer/sub-v1s3x0050774_ses-1/mri/talsrcimg_to_711-2C_as_mni_average_305_t4_vox2vox.txt /out/sourcedata/freesurfer/sub-v1s3x0050774_ses-1/mri/transforms/talsrcimg_to_711-2C_as_mni_average_305_t4_vox2vox.txt
lta_convert --src orig_nu.mgz --trg /opt/freesurfer/average/mni305.cor.mgz --inxfm transforms/talairach.auto.xfm --outlta transforms/talairach.auto.xfm.lta --subject fsaverage
7.3.2

--src: orig_nu.mgz src image (geometry).
--trg: /opt/freesurfer/average/mni305.cor.mgz trg image (geometry).
--inmni: transforms/talairach.auto.xfm input MNI/XFM transform.
--outlta: transforms/talairach.auto.xfm.lta output LTA.
--s: fsaverage subject name
 LTA read, type : 1
 1.04501  -0.02781  -0.05192  -3.84497;
 0.04073   1.00283   0.22249  -18.61710;
 0.01534  -0.11934   1.07463   3.50212;
 0.00000   0.00000   0.00000   1.00000;
setting subject to fsaverage
Writing  LTA to file transforms/talairach.auto.xfm.lta...
lta_convert successful.
 
 
Started at Mon Mar 9 22:48:45 CET 2026
Ended   at Mon Mar  9 22:50:20 CET 2026
talairach_avi done
