/out/sourcedata/freesurfer/sub-v1s3x0050775_ses-1/mri
/opt/freesurfer/bin/talairach_avi
--i orig_nu.mgz --xfm transforms/talairach.auto.xfm
talairach_avi 7.3.2
Linux dna059 5.14.0-427.37.1.el9_4.x86_64 #1 SMP PREEMPT_DYNAMIC Fri Sep 13 12:41:50 EDT 2024 x86_64 x86_64 x86_64 GNU/Linux
Mon Mar  9 23:12:01 CET 2026
mri_convert orig_nu.mgz talsrcimg.img 
reading from orig_nu.mgz...
TR=0.00, TE=0.00, TI=0.00, flip angle=0.00
i_ras = (-1, 0, 0)
j_ras = (0, 0, -1)
k_ras = (0, 1, 0)
writing to talsrcimg.img...
Analyze Output Matrix
-1.00000   0.00000   0.00000   138.18524;
 0.00000   0.00000   1.00000  -146.62880;
 0.00000  -1.00000   0.00000   146.52130;
 0.00000   0.00000   0.00000   1.00000;
--------------------
INFO: set hdr.hist.orient to -1
mpr2mni305 talsrcimg
Mon Mar  9 23:12:01 CET 2026
/opt/freesurfer/bin/mpr2mni305 talsrcimg
mpr2mni305 7.3.2
target=711-2C_as_mni_average_305

---------------------------------------------------------------------
analyzeto4dfp talsrcimg -O0 -y
---------------------------------------------------------------------

freesurfer ifh2hdr.c
Mon Mar  9 23:12:02 2026
Writing: talsrcimg.4dfp.hdr
freesurfer analyzeto4dfp.c
Reading: talsrcimg.hdr
header size 348 bytes
hdr.dime.datatype	offset=70	value=2
hdr.dime.bitpix		offset=72	value=8
hdr.hist.orient		offset=252	value=-1
dimensionality     4
dimensions       256       256       256         1
Reading: talsrcimg.img
Writing: talsrcimg.4dfp.img
Writing: talsrcimg.4dfp.ifh
ifh2hdr talsrcimg -r0to241
ori=2

---------------------------------------------------------------------
gauss_4dfp talsrcimg 1.1
---------------------------------------------------------------------

freesurfer gauss_4dfp.c
Reading: talsrcimg.4dfp.img
Writing: talsrcimg_g11.4dfp.img
image dimensions 256 256 256 padded to 288 288 288
processing volume 1freesurfer ifh2hdr.c
Mon Mar  9 23:12:03 2026
Writing: talsrcimg_g11.4dfp.hdr

Writing: talsrcimg_g11.4dfp.ifh
including: talsrcimg.4dfp.img.rec in talsrcimg_g11.4dfp.img.rec

---------------------------------------------------------------------
imgreg_4dfp /opt/freesurfer/average/711-2C_as_mni_average_305 none talsrcimg_g11 none talsrcimg_to_711-2C_as_mni_average_305_t4 4355
---------------------------------------------------------------------

freesurfer imgreg_4dfp.c
/opt/freesurfer/average/711-2C_as_mni_average_305.4dfp.img
       256       256       256         1
  1.000000  1.000000  1.000000
orientation T byte_order littleendian
Reading image: /opt/freesurfer/average/711-2C_as_mni_average_305.4dfp.img
dimensions:      256       256       256
mmppix:       1.0000   -1.0000   -1.0000
center:     128.0000 -129.0000 -129.0000
talsrcimg_g11.4dfp.img
       256       256       256         1
  1.000000  1.000000  1.000000
orientation T byte_order littleendian
Reading image: talsrcimg_g11.4dfp.img
dimensions:      256       256       256
mmppix:       1.0000   -1.0000   -1.0000
center:     128.0000 -129.0000 -129.0000
t4_read: open error in t4_sub.f l:  41 t4_file(1:l)talsrcimg_to_711-2C_as_mni_average_305_t4 
t4_read: transform initialized to I4
rotation matrix determinant  1.000000
image alignment mode   4355 decimal     1103 hex
   -7.5000  -45.0000  -45.0000 8445.8047   19.3833
    0.0000  -45.0000  -45.0000 8842.4414   19.3348
    7.5000  -45.0000  -45.0000 8601.8174   19.2862
   -7.5000  -37.5000  -45.0000 8691.0312   19.3597
    0.0000  -37.5000  -45.0000 9131.4824   19.3032
    7.5000  -37.5000  -45.0000 8890.3750   19.2626
   -7.5000  -30.0000  -45.0000 9295.5771   19.3881
    0.0000  -30.0000  -45.0000 9763.5342   19.3313
    7.5000  -30.0000  -45.0000 9498.7227   19.2878
   -7.5000  -22.5000  -45.0000 9896.5068   19.4456
    0.0000  -22.5000  -45.000010362.2139   19.3948
    7.5000  -22.5000  -45.000010078.0674   19.3401
   -7.5000  -15.0000  -45.000010340.7842   19.4756
    0.0000  -15.0000  -45.000010818.8906   19.4336
    7.5000  -15.0000  -45.000010512.6543   19.3702
   -7.5000   -7.5000  -45.000010571.1768   19.4417
    0.0000   -7.5000  -45.000011065.3311   19.4016
    7.5000   -7.5000  -45.000010772.0840   19.3415
   -7.5000    0.0000  -45.000010612.5283   19.3833
    0.0000    0.0000  -45.000011085.7930   19.3348
    7.5000    0.0000  -45.000010775.4326   19.2862
   -7.5000    7.5000  -45.0000 9841.4512   19.3597
    0.0000    7.5000  -45.000010258.9297   19.3032
    7.5000    7.5000  -45.0000 9948.9336   19.2626
   -7.5000   15.0000  -45.0000 9011.3203   19.4004
    0.0000   15.0000  -45.0000 9425.9072   19.3433
    7.5000   15.0000  -45.0000 9144.0635   19.2994
   -7.5000   22.5000  -45.0000 8222.1055   19.5512
    0.0000   22.5000  -45.0000 8602.7227   19.4998
    7.5000   22.5000  -45.0000 8327.6562   19.4428
   -7.5000   30.0000  -45.0000 7461.9458   19.5367
    0.0000   30.0000  -45.0000 7836.0771   19.4960
    7.5000   30.0000  -45.0000 7578.7476   19.4347
   -7.5000   37.5000  -45.0000 7062.9058   19.9160
    0.0000   37.5000  -45.0000 7412.0967   19.8791
    7.5000   37.5000  -45.0000 7168.9214   19.8077
   -7.5000   45.0000  -45.0000 6370.1255   19.9366
    0.0000   45.0000  -45.0000 6692.8481   19.9026
    7.5000   45.0000  -45.0000 6491.9136   19.8537
   -7.5000  -45.0000  -37.5000 9040.9004   19.1924
    0.0000  -45.0000  -37.5000 9503.1025   19.1399
    7.5000  -45.0000  -37.5000 9236.9746   19.0896
   -7.5000  -37.5000  -37.5000 9273.9766   19.1532
    0.0000  -37.5000  -37.5000 9776.4004   19.0962
    7.5000  -37.5000  -37.5000 9515.9111   19.0532
   -7.5000  -30.0000  -37.5000 9876.4502   19.1661
    0.0000  -30.0000  -37.500010393.6631   19.1109
    7.5000  -30.0000  -37.500010117.1201   19.0674
   -7.5000  -22.5000  -37.500010483.0967   19.2238
    0.0000  -22.5000  -37.500011012.5225   19.1742
    7.5000  -22.5000  -37.500010709.7080   19.1229
   -7.5000  -15.0000  -37.500010943.7617   19.2681
    0.0000  -15.0000  -37.500011511.5215   19.2246
    7.5000  -15.0000  -37.500011192.6299   19.1657
   -7.5000   -7.5000  -37.500011192.3096   19.2495
    0.0000   -7.5000  -37.500011771.9502   19.2050
    7.5000   -7.5000  -37.500011458.9131   19.1466
   -7.5000    0.0000  -37.500011226.8672   19.1924
    0.0000    0.0000  -37.500011774.2217   19.1399
    7.5000    0.0000  -37.500011479.0498   19.0896
   -7.5000    7.5000  -37.500010385.4922   19.1532
    0.0000    7.5000  -37.500010882.0713   19.0962
    7.5000    7.5000  -37.500010600.9268   19.0532
   -7.5000   15.0000  -37.5000 9477.1895   19.1780
    0.0000   15.0000  -37.5000 9958.9307   19.1225
    7.5000   15.0000  -37.5000 9697.9346   19.0786
   -7.5000   22.5000  -37.5000 8616.3984   19.3299
    0.0000   22.5000  -37.5000 9038.0176   19.2786
    7.5000   22.5000  -37.5000 8792.3887   19.2258
   -7.5000   30.0000  -37.5000 7812.7808   19.3202
    0.0000   30.0000  -37.5000 8182.9897   19.2778
    7.5000   30.0000  -37.5000 7943.5913   19.2198
   -7.5000   37.5000  -37.5000 7391.2065   19.7068
    0.0000   37.5000  -37.5000 7726.3584   19.6636
    7.5000   37.5000  -37.5000 7489.8735   19.5928
   -7.5000   45.0000  -37.5000 6675.2769   19.7319
    0.0000   45.0000  -37.5000 6988.2202   19.6935
    7.5000   45.0000  -37.5000 6769.0107   19.6423
   -7.5000  -45.0000  -30.0000 9831.1611   19.8910
    0.0000  -45.0000  -30.000010375.2090   19.8348
    7.5000  -45.0000  -30.000010089.1416   19.7760
   -7.5000  -37.5000  -30.000010084.5879   19.8340
    0.0000  -37.5000  -30.000010657.9336   19.7785
    7.5000  -37.5000  -30.000010374.1221   19.7276
   -7.5000  -30.0000  -30.000010686.0498   19.8271
    0.0000  -30.0000  -30.000011288.7998   19.7797
    7.5000  -30.0000  -30.000010977.1133   19.7317
   -7.5000  -22.5000  -30.000011277.0566   19.8849
    0.0000  -22.5000  -30.000011927.2061   19.8440
    7.5000  -22.5000  -30.000011584.3926   19.7898
   -7.5000  -15.0000  -30.000011787.8203   19.9465
    0.0000  -15.0000  -30.000012475.6094   19.9066
    7.5000  -15.0000  -30.000012089.0088   19.8433
   -7.5000   -7.5000  -30.000012042.5430   19.9457
    0.0000   -7.5000  -30.000012719.6592   19.8985
    7.5000   -7.5000  -30.000012360.5684   19.8336
   -7.5000    0.0000  -30.000012060.4268   19.8910
    0.0000    0.0000  -30.000012745.7363   19.8348
    7.5000    0.0000  -30.000012419.8076   19.7760
   -7.5000    7.5000  -30.000011144.2646   19.8340
    0.0000    7.5000  -30.000011767.0166   19.7785
    7.5000    7.5000  -30.000011475.2402   19.7276
   -7.5000   15.0000  -30.000010158.9609   19.8410
    0.0000   15.0000  -30.000010707.9346   19.7934
    7.5000   15.0000  -30.000010466.9775   19.7455
   -7.5000   22.5000  -30.0000 9236.1904   19.9992
    0.0000   22.5000  -30.0000 9676.3398   19.9557
    7.5000   22.5000  -30.0000 9456.3906   19.9019
   -7.5000   30.0000  -30.0000 8356.4980   20.0109
    0.0000   30.0000  -30.0000 8754.8145   19.9706
    7.5000   30.0000  -30.0000 8524.5430   19.9083
   -7.5000   37.5000  -30.0000 7880.0688   20.4270
    0.0000   37.5000  -30.0000 8268.0518   20.3805
    7.5000   37.5000  -30.0000 8017.4365   20.3037
   -7.5000   45.0000  -30.0000 7101.0811   20.4852
    0.0000   45.0000  -30.0000 7431.0288   20.4439
    7.5000   45.0000  -30.0000 7191.2866   20.3843
   -7.5000  -45.0000  -22.500010676.3311   20.5529
    0.0000  -45.0000  -22.500011300.6914   20.4948
    7.5000  -45.0000  -22.500010993.8076   20.4335
   -7.5000  -37.5000  -22.500010957.5967   20.4953
    0.0000  -37.5000  -22.500011602.0928   20.4406
    7.5000  -37.5000  -22.500011289.1641   20.3871
   -7.5000  -30.0000  -22.500011568.8916   20.4816
    0.0000  -30.0000  -22.500012261.5303   20.4405
    7.5000  -30.0000  -22.500011940.5566   20.3900
   -7.5000  -22.5000  -22.500012201.5186   20.5337
    0.0000  -22.5000  -22.500012928.1045   20.5017
    7.5000  -22.5000  -22.500012578.1963   20.4433
   -7.5000  -15.0000  -22.500012735.7656   20.5957
    0.0000  -15.0000  -22.500013520.9023   20.5619
    7.5000  -15.0000  -22.500013111.5342   20.4929
   -7.5000   -7.5000  -22.500013020.9062   20.6012
    0.0000   -7.5000  -22.500013818.4297   20.5549
    7.5000   -7.5000  -22.500013421.0811   20.4860
   -7.5000    0.0000  -22.500013024.7344   20.5529
    0.0000    0.0000  -22.500013812.9229   20.4948
    7.5000    0.0000  -22.500013478.4258   20.4335
   -7.5000    7.5000  -22.500012015.3623   20.4953
    0.0000    7.5000  -22.500012733.4150   20.4406
    7.5000    7.5000  -22.500012418.7891   20.3871
   -7.5000   15.0000  -22.500010982.4834   20.4980
    0.0000   15.0000  -22.500011579.9219   20.4570
    7.5000   15.0000  -22.500011310.7725   20.4067
   -7.5000   22.5000  -22.5000 9920.8438   20.6549
    0.0000   22.5000  -22.500010436.5518   20.6205
    7.5000   22.5000  -22.500010199.8359   20.5636
   -7.5000   30.0000  -22.5000 8977.6260   20.6824
    0.0000   30.0000  -22.5000 9405.5879   20.6467
    7.5000   30.0000  -22.5000 9149.1230   20.5799
   -7.5000   37.5000  -22.5000 8418.0439   21.1175
    0.0000   37.5000  -22.5000 8840.9385   21.0730
    7.5000   37.5000  -22.5000 8597.9414   20.9946
   -7.5000   45.0000  -22.5000 7575.0815   21.2051
    0.0000   45.0000  -22.5000 7915.0962   21.1623
    7.5000   45.0000  -22.5000 7679.2129   21.1008
   -7.5000  -45.0000  -15.000011524.2734   21.0145
    0.0000  -45.0000  -15.000012223.5332   20.9591
    7.5000  -45.0000  -15.000011902.9707   20.9005
   -7.5000  -37.5000  -15.000011835.1670   20.9704
    0.0000  -37.5000  -15.000012555.2686   20.9159
    7.5000  -37.5000  -15.000012224.8574   20.8651
   -7.5000  -30.0000  -15.000012501.5566   20.9676
    0.0000  -30.0000  -15.000013284.1084   20.9260
    7.5000  -30.0000  -15.000012920.9180   20.8756
   -7.5000  -22.5000  -15.000013148.8115   21.0164
    0.0000  -22.5000  -15.000013978.7725   20.9854
    7.5000  -22.5000  -15.000013566.0898   20.9236
   -7.5000  -15.0000  -15.000013693.0225   21.0658
    0.0000  -15.0000  -15.000014585.1191   21.0346
    7.5000  -15.0000  -15.000014144.5977   20.9615
   -7.5000   -7.5000  -15.000014004.5186   21.0608
    0.0000   -7.5000  -15.000014918.0586   21.0184
    7.5000   -7.5000  -15.000014500.3125   20.9489
   -7.5000    0.0000  -15.000014008.9004   21.0145
    0.0000    0.0000  -15.000014912.5078   20.9591
    7.5000    0.0000  -15.000014516.4541   20.9005
   -7.5000    7.5000  -15.000012942.1445   20.9704
    0.0000    7.5000  -15.000013740.6943   20.9159
    7.5000    7.5000  -15.000013367.4941   20.8651
   -7.5000   15.0000  -15.000011835.7871   20.9846
    0.0000   15.0000  -15.000012485.0078   20.9434
    7.5000   15.0000  -15.000012139.6787   20.8928
   -7.5000   22.5000  -15.000010663.8457   21.1363
    0.0000   22.5000  -15.000011218.3535   21.1043
    7.5000   22.5000  -15.000010938.7637   21.0433
   -7.5000   30.0000  -15.0000 9614.4795   21.1630
    0.0000   30.0000  -15.000010073.3555   21.1300
    7.5000   30.0000  -15.0000 9803.2959   21.0604
   -7.5000   37.5000  -15.0000 8973.3223   21.5961
    0.0000   37.5000  -15.0000 9433.5146   21.5576
    7.5000   37.5000  -15.0000 9162.6963   21.4803
   -7.5000   45.0000  -15.0000 8038.3154   21.6880
    0.0000   45.0000  -15.0000 8416.5645   21.6486
    7.5000   45.0000  -15.0000 8179.9878   21.5902
   -7.5000  -45.0000   -7.500012457.1367   21.2427
    0.0000  -45.0000   -7.500013261.7891   21.1912
    7.5000  -45.0000   -7.500012898.4385   21.1349
   -7.5000  -37.5000   -7.500012818.1250   21.2139
    0.0000  -37.5000   -7.500013683.5811   21.1573
    7.5000  -37.5000   -7.500013298.6250   21.1094
   -7.5000  -30.0000   -7.500013560.6348   21.2324
    0.0000  -30.0000   -7.500014454.0596   21.1811
    7.5000  -30.0000   -7.500014019.5078   21.1310
   -7.5000  -22.5000   -7.500014155.3311   21.2863
    0.0000  -22.5000   -7.500015097.4727   21.2435
    7.5000  -22.5000   -7.500014609.2324   21.1802
   -7.5000  -15.0000   -7.500014696.7021   21.3216
    0.0000  -15.0000   -7.500015699.2686   21.2843
    7.5000  -15.0000   -7.500015148.5078   21.2100
   -7.5000   -7.5000   -7.500015055.1123   21.2964
    0.0000   -7.5000   -7.500016115.0439   21.2557
    7.5000   -7.5000   -7.500015595.0645   21.1863
   -7.5000    0.0000   -7.500015114.5088   21.2427
    0.0000    0.0000   -7.500016146.6152   21.1912
    7.5000    0.0000   -7.500015642.8154   21.1349
   -7.5000    7.5000   -7.500013980.7422   21.2139
    0.0000    7.5000   -7.500014845.9727   21.1573
    7.5000    7.5000   -7.500014406.8779   21.1094
   -7.5000   15.0000   -7.500012742.3496   21.2477
    0.0000   15.0000   -7.500013460.2549   21.1965
    7.5000   15.0000   -7.500013074.5488   21.1460
   -7.5000   22.5000   -7.500011505.9287   21.3974
    0.0000   22.5000   -7.500012130.9834   21.3545
    7.5000   22.5000   -7.500011759.8955   21.2901
   -7.5000   30.0000   -7.500010340.6143   21.4067
    0.0000   30.0000   -7.500010865.0498   21.3694
    7.5000   30.0000   -7.500010538.9678   21.2985
   -7.5000   37.5000   -7.5000 9604.3750   21.8241
    0.0000   37.5000   -7.500010126.3467   21.7884
    7.5000   37.5000   -7.5000 9812.7373   21.7098
   -7.5000   45.0000   -7.5000 8571.1924   21.8958
    0.0000   45.0000   -7.5000 9025.4736   21.8606
    7.5000   45.0000   -7.5000 8743.0771   21.8044
   -7.5000  -45.0000    0.000013265.7188   21.2987
    0.0000  -45.0000    0.000014159.1533   21.2477
    7.5000  -45.0000    0.000013762.8564   21.1934
   -7.5000  -37.5000    0.000013732.3604   21.2725
    0.0000  -37.5000    0.000014757.9121   21.2127
    7.5000  -37.5000    0.000014338.7490   21.1668
   -7.5000  -30.0000    0.000014533.2314   21.3021
    0.0000  -30.0000    0.000015617.0264   21.2416
    7.5000  -30.0000    0.000015133.3350   21.1925
   -7.5000  -22.5000    0.000015148.3691   21.3639
    0.0000  -22.5000    0.000016196.8350   21.3096
    7.5000  -22.5000    0.000015645.6621   21.2482
   -7.5000  -15.0000    0.000015701.7051   21.3970
    0.0000  -15.0000    0.000016693.3027   21.3523
    7.5000  -15.0000    0.000016101.9297   21.2815
   -7.5000   -7.5000    0.000016118.7314   21.3615
    0.0000   -7.5000    0.000017148.2129   21.3192
    7.5000   -7.5000    0.000016565.0078   21.2522
   -7.5000    0.0000    0.000016215.5488   21.2987
    0.0000    0.0000    0.000017257.1250   21.2477
    7.5000    0.0000    0.000016702.5391   21.1934
   -7.5000    7.5000    0.000014992.0205   21.2725
    0.0000    7.5000    0.000015927.5723   21.2127
    7.5000    7.5000    0.000015440.9043   21.1668
   -7.5000   15.0000    0.000013623.1055   21.3154
    0.0000   15.0000    0.000014451.2324   21.2546
    7.5000   15.0000    0.000014012.2637   21.2049
   -7.5000   22.5000    0.000012293.9209   21.4708
    0.0000   22.5000    0.000013057.6367   21.4159
    7.5000   22.5000    0.000012641.1650   21.3519
   -7.5000   30.0000    0.000010993.7080   21.4660
    0.0000   30.0000    0.000011684.6455   21.4227
    7.5000   30.0000    0.000011292.5410   21.3541
   -7.5000   37.5000    0.000010224.6406   21.8760
    0.0000   37.5000    0.000010858.6406   21.8372
    7.5000   37.5000    0.000010475.8027   21.7580
   -7.5000   45.0000    0.0000 9129.1670   21.9308
    0.0000   45.0000    0.0000 9645.6055   21.8955
    7.5000   45.0000    0.0000 9313.3330   21.8406
   -7.5000  -45.0000    7.500013012.3076   21.3402
    0.0000  -45.0000    7.500013891.4990   21.2844
    7.5000  -45.0000    7.500013500.0166   21.2278
   -7.5000  -37.5000    7.500013513.6357   21.2965
    0.0000  -37.5000    7.500014537.2266   21.2354
    7.5000  -37.5000    7.500014086.0859   21.1869
   -7.5000  -30.0000    7.500014391.4365   21.3116
    0.0000  -30.0000    7.500015609.3701   21.2521
    7.5000  -30.0000    7.500015100.3408   21.2029
   -7.5000  -22.5000    7.500015085.0098   21.3769
    0.0000  -22.5000    7.500016251.8682   21.3233
    7.5000  -22.5000    7.500015668.5049   21.2651
   -7.5000  -15.0000    7.500015584.0107   21.4264
    0.0000  -15.0000    7.500016585.4688   21.3797
    7.5000  -15.0000    7.500015905.2158   21.3130
   -7.5000   -7.5000    7.500016002.5430   21.4047
    0.0000   -7.5000    7.500016974.7207   21.3574
    7.5000   -7.5000    7.500016315.0527   21.2915
   -7.5000    0.0000    7.500016063.2168   21.3402
    0.0000    0.0000    7.500017110.0098   21.2844
    7.5000    0.0000    7.500016508.9102   21.2278
   -7.5000    7.5000    7.500014838.4023   21.2965
    0.0000    7.5000    7.500015855.7783   21.2354
    7.5000    7.5000    7.500015348.4043   21.1869
   -7.5000   15.0000    7.500013418.2500   21.3248
    0.0000   15.0000    7.500014370.0605   21.2649
    7.5000   15.0000    7.500013916.4424   21.2153
   -7.5000   22.5000    7.500012099.1172   21.4872
    0.0000   22.5000    7.500012969.7285   21.4317
    7.5000   22.5000    7.500012546.3838   21.3718
   -7.5000   30.0000    7.500010816.9873   21.4905
    0.0000   30.0000    7.500011565.2852   21.4450
    7.5000   30.0000    7.500011189.1045   21.3792
   -7.5000   37.5000    7.500010044.7383   21.9165
    0.0000   37.5000    7.500010731.3203   21.8707
    7.5000   37.5000    7.500010356.6768   21.7910
   -7.5000   45.0000    7.5000 8967.7080   21.9820
    0.0000   45.0000    7.5000 9526.1621   21.9420
    7.5000   45.0000    7.5000 9177.0938   21.8842
   -7.5000  -45.0000   15.000012598.5107   21.3595
    0.0000  -45.0000   15.000013384.7295   21.2991
    7.5000  -45.0000   15.000012984.6816   21.2360
   -7.5000  -37.5000   15.000013091.8896   21.2982
    0.0000  -37.5000   15.000013956.4248   21.2386
    7.5000  -37.5000   15.000013484.9326   21.1840
   -7.5000  -30.0000   15.000014010.1641   21.2908
    0.0000  -30.0000   15.000015114.6338   21.2399
    7.5000  -30.0000   15.000014616.7373   21.1884
   -7.5000  -22.5000   15.000014750.8330   21.3529
    0.0000  -22.5000   15.000016038.4297   21.3090
    7.5000  -22.5000   15.000015488.5742   21.2508
   -7.5000  -15.0000   15.000015255.5967   21.4190
    0.0000  -15.0000   15.000016472.0723   21.3762
    7.5000  -15.0000   15.000015897.1191   21.3082
   -7.5000   -7.5000   15.000015627.7158   21.4182
    0.0000   -7.5000   15.000016816.2578   21.3675
    7.5000   -7.5000   15.000016193.2266   21.2978
   -7.5000    0.0000   15.000015673.0840   21.3595
    0.0000    0.0000   15.000016955.3418   21.2991
    7.5000    0.0000   15.000016305.4121   21.2360
   -7.5000    7.5000   15.000014438.4287   21.2982
    0.0000    7.5000   15.000015608.5947   21.2386
    7.5000    7.5000   15.000015050.8369   21.1840
   -7.5000   15.0000   15.000013034.7324   21.3057
    0.0000   15.0000   15.000014029.9746   21.2546
    7.5000   15.0000   15.000013561.3799   21.2031
   -7.5000   22.5000   15.000011788.7129   21.4708
    0.0000   22.5000   15.000012611.6973   21.4242
    7.5000   22.5000   15.000012183.2871   21.3664
   -7.5000   30.0000   15.000010537.8955   21.4945
    0.0000   30.0000   15.000011252.6406   21.4512
    7.5000   30.0000   15.000010872.3633   21.3843
   -7.5000   37.5000   15.0000 9742.3193   21.9414
    0.0000   37.5000   15.000010410.9209   21.8915
    7.5000   37.5000   15.000010025.7803   21.8090
   -7.5000   45.0000   15.0000 8653.5811   22.0331
    0.0000   45.0000   15.0000 9220.7695   21.9887
    7.5000   45.0000   15.0000 8896.8047   21.9246
   -7.5000  -45.0000   22.500012047.3271   21.3356
    0.0000  -45.0000   22.500012663.2783   21.2753
    7.5000  -45.0000   22.500012310.3154   21.2116
   -7.5000  -37.5000   22.500012530.7480   21.2757
    0.0000  -37.5000   22.500013221.3418   21.2190
    7.5000  -37.5000   22.500012803.6377   21.1634
   -7.5000  -30.0000   22.500013451.9766   21.2615
    0.0000  -30.0000   22.500014408.7783   21.2189
    7.5000  -30.0000   22.500013975.2207   21.1665
   -7.5000  -22.5000   22.500014204.3320   21.3156
    0.0000  -22.5000   22.500015247.9648   21.2824
    7.5000  -22.5000   22.500014831.1475   21.2218
   -7.5000  -15.0000   22.500014634.2676   21.3800
    0.0000  -15.0000   22.500015684.1201   21.3449
    7.5000  -15.0000   22.500015260.2363   21.2733
   -7.5000   -7.5000   22.500014990.8730   21.3857
    0.0000   -7.5000   22.500016128.5391   21.3376
    7.5000   -7.5000   22.500015627.2852   21.2661
   -7.5000    0.0000   22.500015071.6904   21.3356
    0.0000    0.0000   22.500016283.7549   21.2753
    7.5000    0.0000   22.500015731.8877   21.2116
   -7.5000    7.5000   22.500013833.3496   21.2757
    0.0000    7.5000   22.500014829.0342   21.2190
    7.5000    7.5000   22.500014352.2324   21.1634
   -7.5000   15.0000   22.500012445.4971   21.2786
    0.0000   15.0000   22.500013269.4512   21.2360
    7.5000   15.0000   22.500012857.4814   21.1838
   -7.5000   22.5000   22.500011229.5117   21.4381
    0.0000   22.5000   22.500011939.4395   21.4025
    7.5000   22.5000   22.500011566.8711   21.3434
   -7.5000   30.0000   22.500010071.6006   21.4729
    0.0000   30.0000   22.500010691.6143   21.4359
    7.5000   30.0000   22.500010352.3223   21.3666
   -7.5000   37.5000   22.5000 9271.1777   21.9248
    0.0000   37.5000   22.5000 9852.4131   21.8785
    7.5000   37.5000   22.5000 9506.2637   21.7972
   -7.5000   45.0000   22.5000 8211.7754   22.0317
    0.0000   45.0000   22.5000 8720.4385   21.9873
    7.5000   45.0000   22.5000 8402.8096   21.9233
   -7.5000  -45.0000   30.000011415.3193   21.3030
    0.0000  -45.0000   30.000011890.2402   21.2468
    7.5000  -45.0000   30.000011552.9443   21.1874
   -7.5000  -37.5000   30.000011890.2910   21.2583
    0.0000  -37.5000   30.000012460.7822   21.2031
    7.5000  -37.5000   30.000012103.4404   21.1515
   -7.5000  -30.0000   30.000012791.2773   21.2554
    0.0000  -30.0000   30.000013548.6807   21.2133
    7.5000  -30.0000   30.000013181.7559   21.1621
   -7.5000  -22.5000   30.000013454.2607   21.3049
    0.0000  -22.5000   30.000014250.1650   21.2735
    7.5000  -22.5000   30.000013868.0010   21.2108
   -7.5000  -15.0000   30.000013794.4717   21.3550
    0.0000  -15.0000   30.000014641.7490   21.3233
    7.5000  -15.0000   30.000014253.1426   21.2493
   -7.5000   -7.5000   30.000014049.5322   21.3499
    0.0000   -7.5000   30.000015023.5518   21.3069
    7.5000   -7.5000   30.000014572.4326   21.2364
   -7.5000    0.0000   30.000014148.8154   21.3030
    0.0000    0.0000   30.000015131.7822   21.2468
    7.5000    0.0000   30.000014620.5674   21.1874
   -7.5000    7.5000   30.000013007.1543   21.2583
    0.0000    7.5000   30.000013813.3057   21.2031
    7.5000    7.5000   30.000013327.4160   21.1515
   -7.5000   15.0000   30.000011691.5068   21.2727
    0.0000   15.0000   30.000012398.1104   21.2309
    7.5000   15.0000   30.000011962.4150   21.1796
   -7.5000   22.5000   30.000010511.7686   21.4242
    0.0000   22.5000   30.000011134.3545   21.3917
    7.5000   22.5000   30.000010743.5303   21.3299
   -7.5000   30.0000   30.0000 9390.6582   21.4536
    0.0000   30.0000   30.0000 9938.5107   21.4201
    7.5000   30.0000   30.0000 9586.6123   21.3496
   -7.5000   37.5000   30.0000 8640.2979   21.8926
    0.0000   37.5000   30.0000 9124.0449   21.8536
    7.5000   37.5000   30.0000 8813.3643   21.7752
   -7.5000   45.0000   30.0000 7640.5283   21.9915
    0.0000   45.0000   30.0000 8031.8506   21.9515
    7.5000   45.0000   30.0000 7772.6294   21.8923
   -7.5000  -45.0000   37.500011233.5625   21.4463
    0.0000  -45.0000   37.500011670.5117   21.3942
    7.5000  -45.0000   37.500011312.3672   21.3373
   -7.5000  -37.5000   37.500011692.9717   21.4171
    0.0000  -37.5000   37.500012210.8818   21.3597
    7.5000  -37.5000   37.500011841.9688   21.3114
   -7.5000  -30.0000   37.500012513.0156   21.4361
    0.0000  -30.0000   37.500013147.1982   21.3842
    7.5000  -30.0000   37.500012757.5234   21.3338
   -7.5000  -22.5000   37.500013106.1748   21.4911
    0.0000  -22.5000   37.500013756.2246   21.4478
    7.5000  -22.5000   37.500013345.8174   21.3840
   -7.5000  -15.0000   37.500013397.6621   21.5269
    0.0000  -15.0000   37.500014117.1709   21.4892
    7.5000  -15.0000   37.500013692.1182   21.4143
   -7.5000   -7.5000   37.500013560.8018   21.5010
    0.0000   -7.5000   37.500014308.4941   21.4600
    7.5000   -7.5000   37.500013860.8184   21.3899
   -7.5000    0.0000   37.500013632.0195   21.4463
    0.0000    0.0000   37.500014399.9092   21.3942
    7.5000    0.0000   37.500013899.4199   21.3373
   -7.5000    7.5000   37.500012579.0342   21.4171
    0.0000    7.5000   37.500013256.5439   21.3597
    7.5000    7.5000   37.500012775.7227   21.3114
   -7.5000   15.0000   37.500011311.7930   21.4516
    0.0000   15.0000   37.500011938.9688   21.3998
    7.5000   15.0000   37.500011523.4404   21.3490
   -7.5000   22.5000   37.500010137.7305   21.6042
    0.0000   22.5000   37.500010692.0674   21.5608
    7.5000   22.5000   37.500010331.9160   21.4959
   -7.5000   30.0000   37.5000 9035.5156   21.6163
    0.0000   30.0000   37.5000 9488.2480   21.5786
    7.5000   30.0000   37.5000 9180.3613   21.5071
   -7.5000   37.5000   37.5000 8299.7432   22.0409
    0.0000   37.5000   37.5000 8707.3428   22.0048
    7.5000   37.5000   37.5000 8432.2334   21.9253
   -7.5000   45.0000   37.5000 7329.0815   22.1189
    0.0000   45.0000   37.5000 7695.3784   22.0834
    7.5000   45.0000   37.5000 7450.6284   22.0266
   -7.5000  -45.0000   45.000010489.7061   21.6305
    0.0000  -45.0000   45.000010938.3457   21.5781
    7.5000  -45.0000   45.000010606.7178   21.5223
   -7.5000  -37.5000   45.000010859.5635   21.6004
    0.0000  -37.5000   45.000011367.5254   21.5395
    7.5000  -37.5000   45.000011034.6133   21.4927
   -7.5000  -30.0000   45.000011566.9336   21.6252
    0.0000  -30.0000   45.000012125.7207   21.5638
    7.5000  -30.0000   45.000011762.4961   21.5143
   -7.5000  -22.5000   45.000012088.3848   21.6859
    0.0000  -22.5000   45.000012630.5371   21.6307
    7.5000  -22.5000   45.000012259.9150   21.5689
   -7.5000  -15.0000   45.000012361.8809   21.7222
    0.0000  -15.0000   45.000012928.7012   21.6764
    7.5000  -15.0000   45.000012564.9297   21.6048
   -7.5000   -7.5000   45.000012471.8408   21.6916
    0.0000   -7.5000   45.000013035.8555   21.6480
    7.5000   -7.5000   45.000012638.4248   21.5796
   -7.5000    0.0000   45.000012492.7754   21.6305
    0.0000    0.0000   45.000013108.5273   21.5781
    7.5000    0.0000   45.000012631.2158   21.5223
   -7.5000    7.5000   45.000011546.4082   21.6004
    0.0000    7.5000   45.000012118.0557   21.5395
    7.5000    7.5000   45.000011681.7852   21.4927
   -7.5000   15.0000   45.000010389.5381   21.6390
    0.0000   15.0000   45.000010922.7930   21.5773
    7.5000   15.0000   45.000010562.4521   21.5272
   -7.5000   22.5000   45.0000 9296.6338   21.7969
    0.0000   22.5000   45.0000 9781.5352   21.7411
    7.5000   22.5000   45.0000 9466.7188   21.6767
   -7.5000   30.0000   45.0000 8305.4141   21.7982
    0.0000   30.0000   45.0000 8705.6406   21.7538
    7.5000   30.0000   45.0000 8406.9199   21.6845
   -7.5000   37.5000   45.0000 7634.1543   22.2306
    0.0000   37.5000   45.0000 7981.6499   22.1907
    7.5000   37.5000   45.0000 7719.9761   22.1095
   -7.5000   45.0000   45.0000 6756.0259   22.3164
    0.0000   45.0000   45.0000 7068.5479   22.2804
    7.5000   45.0000   45.0000 6836.8760   22.2238

---------------------------------------------------------------------
imgreg_4dfp /opt/freesurfer/average/711-2C_as_mni_average_305 /opt/freesurfer/average/711-2B_as_mni_average_305_mask talsrcimg_g11 none talsrcimg_to_711-2C_as_mni_average_305_t4 4355
---------------------------------------------------------------------

freesurfer imgreg_4dfp.c
/opt/freesurfer/average/711-2C_as_mni_average_305.4dfp.img
       256       256       256         1
  1.000000  1.000000  1.000000
orientation T byte_order littleendian
Reading image: /opt/freesurfer/average/711-2C_as_mni_average_305.4dfp.img
dimensions:      256       256       256
mmppix:       1.0000   -1.0000   -1.0000
center:     128.0000 -129.0000 -129.0000
/opt/freesurfer/average/711-2B_as_mni_average_305_mask.4dfp.img
       256       256       256         1
  1.000000  1.000000  1.000000
orientation T byte_order littleendian
Reading mask: /opt/freesurfer/average/711-2B_as_mni_average_305_mask.4dfp.img (2306576 pixels)
talsrcimg_g11.4dfp.img
       256       256       256         1
  1.000000  1.000000  1.000000
orientation T byte_order littleendian
Reading image: talsrcimg_g11.4dfp.img
dimensions:      256       256       256
mmppix:       1.0000   -1.0000   -1.0000
center:     128.0000 -129.0000 -129.0000
rotation matrix determinant  1.000000
image alignment mode   4355 decimal     1103 hex
   -7.5000  -45.0000  -45.0000 2194.0972   23.8595
    0.0000  -45.0000  -45.0000 2215.0005   23.4396
    7.5000  -45.0000  -45.0000 2217.3491   23.5020
   -7.5000  -37.5000  -45.0000 2229.0859   23.2771
    0.0000  -37.5000  -45.0000 2255.0564   22.7862
    7.5000  -37.5000  -45.0000 2263.3003   22.8166
   -7.5000  -30.0000  -45.0000 2243.7939   23.0762
    0.0000  -30.0000  -45.0000 2279.1484   22.5085
    7.5000  -30.0000  -45.0000 2288.3857   22.4957
   -7.5000  -22.5000  -45.0000 2249.5757   23.2802
    0.0000  -22.5000  -45.0000 2280.2673   22.5584
    7.5000  -22.5000  -45.0000 2288.5872   22.4278
   -7.5000  -15.0000  -45.0000 2239.9016   23.6787
    0.0000  -15.0000  -45.0000 2271.5457   22.8941
    7.5000  -15.0000  -45.0000 2278.8745   22.7909
   -7.5000   -7.5000  -45.0000 2215.4202   24.3258
    0.0000   -7.5000  -45.0000 2252.9536   23.5966
    7.5000   -7.5000  -45.0000 2257.2856   23.4672
   -7.5000    0.0000  -45.0000 2168.1680   25.2596
    0.0000    0.0000  -45.0000 2198.9719   24.5197
    7.5000    0.0000  -45.0000 2204.6450   24.3829
   -7.5000    7.5000  -45.0000 2109.7407   26.5826
    0.0000    7.5000  -45.0000 2148.4607   25.7563
    7.5000    7.5000  -45.0000 2152.2588   25.6684
   -7.5000   15.0000  -45.0000 2026.6367   28.4314
    0.0000   15.0000  -45.0000 2072.9412   27.5807
    7.5000   15.0000  -45.0000 2076.8984   27.5003
   -7.5000   22.5000  -45.0000 1931.7933   31.0471
    0.0000   22.5000  -45.0000 1973.1566   30.1273
    7.5000   22.5000  -45.0000 1975.2120   29.9274
   -7.5000   30.0000  -45.0000 1827.1721   34.4806
    0.0000   30.0000  -45.0000 1869.0814   33.5729
    7.5000   30.0000  -45.0000 1862.1232   33.3690
   -7.5000   37.5000  -45.0000 1714.9344   39.1664
    0.0000   37.5000  -45.0000 1747.9889   38.0788
    7.5000   37.5000  -45.0000 1744.2355   37.6942
   -7.5000   45.0000  -45.0000 1583.4866   45.3531
    0.0000   45.0000  -45.0000 1616.6464   43.7957
    7.5000   45.0000  -45.0000 1614.9109   43.3097
   -7.5000  -45.0000  -37.5000 2295.8982   21.9788
    0.0000  -45.0000  -37.5000 2325.5127   21.5590
    7.5000  -45.0000  -37.5000 2327.8962   21.5875
   -7.5000  -37.5000  -37.5000 2317.4634   21.4860
    0.0000  -37.5000  -37.5000 2355.0610   21.0301
    7.5000  -37.5000  -37.5000 2359.8188   21.0582
   -7.5000  -30.0000  -37.5000 2329.1167   21.2910
    0.0000  -30.0000  -37.5000 2373.0488   20.7408
    7.5000  -30.0000  -37.5000 2378.5447   20.7513
   -7.5000  -22.5000  -37.5000 2335.0425   21.4446
    0.0000  -22.5000  -37.5000 2372.3992   20.8313
    7.5000  -22.5000  -37.5000 2381.8931   20.7290
   -7.5000  -15.0000  -37.5000 2325.8198   21.7063
    0.0000  -15.0000  -37.5000 2368.8464   21.0517
    7.5000  -15.0000  -37.5000 2384.3899   20.9625
   -7.5000   -7.5000  -37.5000 2308.1506   22.3654
    0.0000   -7.5000  -37.5000 2357.1326   21.6573
    7.5000   -7.5000  -37.5000 2360.2800   21.5630
   -7.5000    0.0000  -37.5000 2268.0469   23.2225
    0.0000    0.0000  -37.5000 2306.5522   22.5289
    7.5000    0.0000  -37.5000 2314.5488   22.4170
   -7.5000    7.5000  -37.5000 2205.9600   24.4098
    0.0000    7.5000  -37.5000 2250.3569   23.6607
    7.5000    7.5000  -37.5000 2260.1113   23.5843
   -7.5000   15.0000  -37.5000 2120.9363   26.0626
    0.0000   15.0000  -37.5000 2170.0227   25.3161
    7.5000   15.0000  -37.5000 2171.5903   25.2208
   -7.5000   22.5000  -37.5000 2022.0969   28.4739
    0.0000   22.5000  -37.5000 2064.7383   27.6184
    7.5000   22.5000  -37.5000 2065.2944   27.5671
   -7.5000   30.0000  -37.5000 1908.3405   31.5978
    0.0000   30.0000  -37.5000 1946.6729   30.7897
    7.5000   30.0000  -37.5000 1942.8953   30.6190
   -7.5000   37.5000  -37.5000 1793.0613   35.8900
    0.0000   37.5000  -37.5000 1818.9277   34.9452
    7.5000   37.5000  -37.5000 1824.9165   34.6900
   -7.5000   45.0000  -37.5000 1661.7804   41.3269
    0.0000   45.0000  -37.5000 1691.7755   40.0533
    7.5000   45.0000  -37.5000 1690.6838   39.7454
   -7.5000  -45.0000  -30.0000 2430.8127   20.9795
    0.0000  -45.0000  -30.0000 2469.5515   20.5473
    7.5000  -45.0000  -30.0000 2478.1836   20.5466
   -7.5000  -37.5000  -30.0000 2452.2134   20.4624
    0.0000  -37.5000  -30.0000 2494.8738   20.0507
    7.5000  -37.5000  -30.0000 2502.9785   20.0358
   -7.5000  -30.0000  -30.0000 2465.8320   20.3007
    0.0000  -30.0000  -30.0000 2505.7507   19.7938
    7.5000  -30.0000  -30.0000 2513.5515   19.7763
   -7.5000  -22.5000  -30.0000 2464.3594   20.3109
    0.0000  -22.5000  -30.0000 2509.8611   19.8096
    7.5000  -22.5000  -30.0000 2518.8706   19.7489
   -7.5000  -15.0000  -30.0000 2468.4443   20.5999
    0.0000  -15.0000  -30.0000 2514.6145   19.9860
    7.5000  -15.0000  -30.0000 2521.3079   19.8715
   -7.5000   -7.5000  -30.0000 2451.8149   21.1578
    0.0000   -7.5000  -30.0000 2498.3933   20.5339
    7.5000   -7.5000  -30.0000 2501.6348   20.4410
   -7.5000    0.0000  -30.0000 2403.7839   22.0157
    0.0000    0.0000  -30.0000 2452.8372   21.3803
    7.5000    0.0000  -30.0000 2456.2429   21.2734
   -7.5000    7.5000  -30.0000 2342.5872   23.1314
    0.0000    7.5000  -30.0000 2395.8875   22.5184
    7.5000    7.5000  -30.0000 2401.2124   22.4617
   -7.5000   15.0000  -30.0000 2258.2234   24.7263
    0.0000   15.0000  -30.0000 2310.8145   24.0405
    7.5000   15.0000  -30.0000 2318.7834   24.0181
   -7.5000   22.5000  -30.0000 2145.5435   26.9698
    0.0000   22.5000  -30.0000 2190.5989   26.1843
    7.5000   22.5000  -30.0000 2197.4038   26.1757
   -7.5000   30.0000  -30.0000 2020.5358   29.9663
    0.0000   30.0000  -30.0000 2062.0657   29.1914
    7.5000   30.0000  -30.0000 2060.8823   29.0932
   -7.5000   37.5000  -30.0000 1897.7881   33.9546
    0.0000   37.5000  -30.0000 1940.5717   33.0743
    7.5000   37.5000  -30.0000 1944.1890   32.9348
   -7.5000   45.0000  -30.0000 1757.4194   39.1944
    0.0000   45.0000  -30.0000 1789.8054   38.0433
    7.5000   45.0000  -30.0000 1788.1047   37.8673
   -7.5000  -45.0000  -22.5000 2534.5239   19.8051
    0.0000  -45.0000  -22.5000 2575.7085   19.3645
    7.5000  -45.0000  -22.5000 2591.1252   19.3143
   -7.5000  -37.5000  -22.5000 2565.2212   19.2831
    0.0000  -37.5000  -22.5000 2603.5637   18.8871
    7.5000  -37.5000  -22.5000 2612.9873   18.8379
   -7.5000  -30.0000  -22.5000 2587.6775   19.0601
    0.0000  -30.0000  -22.5000 2626.5833   18.6008
    7.5000  -30.0000  -22.5000 2634.0371   18.5516
   -7.5000  -22.5000  -22.5000 2603.8745   19.0882
    0.0000  -22.5000  -22.5000 2641.3401   18.6095
    7.5000  -22.5000  -22.5000 2648.8135   18.5399
   -7.5000  -15.0000  -22.5000 2594.8247   19.3501
    0.0000  -15.0000  -22.5000 2644.5823   18.8226
    7.5000  -15.0000  -22.5000 2648.8115   18.7055
   -7.5000   -7.5000  -22.5000 2575.0842   19.8603
    0.0000   -7.5000  -22.5000 2626.6111   19.3333
    7.5000   -7.5000  -22.5000 2631.8005   19.2282
   -7.5000    0.0000  -22.5000 2524.7671   20.6493
    0.0000    0.0000  -22.5000 2580.6147   20.0688
    7.5000    0.0000  -22.5000 2593.0378   20.0268
   -7.5000    7.5000  -22.5000 2467.9553   21.7805
    0.0000    7.5000  -22.5000 2524.6465   21.2020
    7.5000    7.5000  -22.5000 2529.8726   21.1785
   -7.5000   15.0000  -22.5000 2381.1121   23.3812
    0.0000   15.0000  -22.5000 2432.0825   22.6846
    7.5000   15.0000  -22.5000 2438.2800   22.6436
   -7.5000   22.5000  -22.5000 2260.9500   25.4195
    0.0000   22.5000  -22.5000 2310.8201   24.6573
    7.5000   22.5000  -22.5000 2316.2297   24.5837
   -7.5000   30.0000  -22.5000 2126.4307   28.1769
    0.0000   30.0000  -22.5000 2163.3967   27.4251
    7.5000   30.0000  -22.5000 2161.6946   27.2363
   -7.5000   37.5000  -22.5000 1985.3981   31.8893
    0.0000   37.5000  -22.5000 2030.9463   31.0474
    7.5000   37.5000  -22.5000 2033.8254   30.9099
   -7.5000   45.0000  -22.5000 1840.0736   36.7307
    0.0000   45.0000  -22.5000 1868.2953   35.6509
    7.5000   45.0000  -22.5000 1870.3152   35.5440
   -7.5000  -45.0000  -15.0000 2608.3359   18.5188
    0.0000  -45.0000  -15.0000 2649.2512   18.1225
    7.5000  -45.0000  -15.0000 2662.7693   17.9787
   -7.5000  -37.5000  -15.0000 2648.7329   18.0988
    0.0000  -37.5000  -15.0000 2684.5083   17.6431
    7.5000  -37.5000  -15.0000 2697.2778   17.5307
   -7.5000  -30.0000  -15.0000 2675.3098   17.8892
    0.0000  -30.0000  -15.0000 2717.3000   17.4077
    7.5000  -30.0000  -15.0000 2726.2314   17.2807
   -7.5000  -22.5000  -15.0000 2698.8669   17.9107
    0.0000  -22.5000  -15.0000 2750.5681   17.4902
    7.5000  -22.5000  -15.0000 2756.1130   17.3909
   -7.5000  -15.0000  -15.0000 2688.8857   18.1905
    0.0000  -15.0000  -15.0000 2747.3547   17.7315
    7.5000  -15.0000  -15.0000 2755.2573   17.6168
   -7.5000   -7.5000  -15.0000 2667.4905   18.6634
    0.0000   -7.5000  -15.0000 2724.0654   18.1443
    7.5000   -7.5000  -15.0000 2740.3765   18.0913
   -7.5000    0.0000  -15.0000 2626.5706   19.4171
    0.0000    0.0000  -15.0000 2681.5068   18.8354
    7.5000    0.0000  -15.0000 2692.8159   18.7909
   -7.5000    7.5000  -15.0000 2567.8604   20.5723
    0.0000    7.5000  -15.0000 2629.0325   19.9642
    7.5000    7.5000  -15.0000 2628.9749   19.9150
   -7.5000   15.0000  -15.0000 2473.3127   22.1057
    0.0000   15.0000  -15.0000 2529.0083   21.4503
    7.5000   15.0000  -15.0000 2528.1980   21.3610
   -7.5000   22.5000  -15.0000 2345.4507   23.9892
    0.0000   22.5000  -15.0000 2400.3340   23.3481
    7.5000   22.5000  -15.0000 2408.5325   23.2193
   -7.5000   30.0000  -15.0000 2200.9744   26.5910
    0.0000   30.0000  -15.0000 2241.3882   25.8571
    7.5000   30.0000  -15.0000 2246.9016   25.6995
   -7.5000   37.5000  -15.0000 2050.8530   30.0569
    0.0000   37.5000  -15.0000 2098.6558   29.2093
    7.5000   37.5000  -15.0000 2099.7686   29.0940
   -7.5000   45.0000  -15.0000 1892.3192   34.5926
    0.0000   45.0000  -15.0000 1924.8833   33.5890
    7.5000   45.0000  -15.0000 1927.2655   33.4000
   -7.5000  -45.0000   -7.5000 2678.5068   17.5703
    0.0000  -45.0000   -7.5000 2728.7300   17.1248
    7.5000  -45.0000   -7.5000 2739.7134   17.0151
   -7.5000  -37.5000   -7.5000 2719.1599   17.0940
    0.0000  -37.5000   -7.5000 2765.1323   16.6547
    7.5000  -37.5000   -7.5000 2775.0977   16.5157
   -7.5000  -30.0000   -7.5000 2750.8691   16.8511
    0.0000  -30.0000   -7.5000 2799.5913   16.4253
    7.5000  -30.0000   -7.5000 2807.4143   16.2759
   -7.5000  -22.5000   -7.5000 2769.3691   16.8648
    0.0000  -22.5000   -7.5000 2824.8813   16.3541
    7.5000  -22.5000   -7.5000 2833.6094   16.2527
   -7.5000  -15.0000   -7.5000 2767.4956   17.1170
    0.0000  -15.0000   -7.5000 2829.4399   16.6224
    7.5000  -15.0000   -7.5000 2835.0164   16.5097
   -7.5000   -7.5000   -7.5000 2747.4778   17.6084
    0.0000   -7.5000   -7.5000 2814.6892   17.0676
    7.5000   -7.5000   -7.5000 2826.8518   16.9687
   -7.5000    0.0000   -7.5000 2709.0327   18.3910
    0.0000    0.0000   -7.5000 2771.4905   17.7504
    7.5000    0.0000   -7.5000 2777.1633   17.6692
   -7.5000    7.5000   -7.5000 2645.1531   19.5209
    0.0000    7.5000   -7.5000 2707.3147   18.8563
    7.5000    7.5000   -7.5000 2708.4099   18.7831
   -7.5000   15.0000   -7.5000 2542.8669   21.0050
    0.0000   15.0000   -7.5000 2604.9277   20.3336
    7.5000   15.0000   -7.5000 2606.2803   20.2718
   -7.5000   22.5000   -7.5000 2417.3105   22.9048
    0.0000   22.5000   -7.5000 2474.2451   22.2141
    7.5000   22.5000   -7.5000 2476.6382   22.0868
   -7.5000   30.0000   -7.5000 2261.3464   25.4892
    0.0000   30.0000   -7.5000 2312.5327   24.6696
    7.5000   30.0000   -7.5000 2312.4734   24.5226
   -7.5000   37.5000   -7.5000 2095.1936   28.6838
    0.0000   37.5000   -7.5000 2153.2551   27.7879
    7.5000   37.5000   -7.5000 2153.9563   27.6832
   -7.5000   45.0000   -7.5000 1927.8763   32.8187
    0.0000   45.0000   -7.5000 1974.8876   31.8402
    7.5000   45.0000   -7.5000 1974.3452   31.8024
   -7.5000  -45.0000    0.0000 2732.4109   16.8218
    0.0000  -45.0000    0.0000 2776.4119   16.3736
    7.5000  -45.0000    0.0000 2790.2314   16.2606
   -7.5000  -37.5000    0.0000 2774.6956   16.4448
    0.0000  -37.5000    0.0000 2821.9663   16.0656
    7.5000  -37.5000    0.0000 2837.4561   15.8780
   -7.5000  -30.0000    0.0000 2798.1519   16.1159
    0.0000  -30.0000    0.0000 2849.4609   15.7811
    7.5000  -30.0000    0.0000 2865.1086   15.6298
   -7.5000  -22.5000    0.0000 2816.7876   16.0924
    0.0000  -22.5000    0.0000 2878.7732   15.5637
    7.5000  -22.5000    0.0000 2891.1299   15.4115
   -7.5000  -15.0000    0.0000 2817.5859   16.3396
    0.0000  -15.0000    0.0000 2882.1787   15.7057
    7.5000  -15.0000    0.0000 2889.5667   15.5829
   -7.5000   -7.5000    0.0000 2808.7974   16.8562
    0.0000   -7.5000    0.0000 2875.9404   16.2114
    7.5000   -7.5000    0.0000 2884.1138   16.0603
   -7.5000    0.0000    0.0000 2768.7539   17.6335
    0.0000    0.0000    0.0000 2828.0928   16.9989
    7.5000    0.0000    0.0000 2834.8862   16.8874
   -7.5000    7.5000    0.0000 2692.0056   18.7577
    0.0000    7.5000    0.0000 2754.9338   18.0779
    7.5000    7.5000    0.0000 2761.7629   18.0061
   -7.5000   15.0000    0.0000 2588.4998   20.2307
    0.0000   15.0000    0.0000 2651.4084   19.5341
    7.5000   15.0000    0.0000 2655.3359   19.4852
   -7.5000   22.5000    0.0000 2463.3784   22.2316
    0.0000   22.5000    0.0000 2525.7219   21.4921
    7.5000   22.5000    0.0000 2528.4827   21.4266
   -7.5000   30.0000    0.0000 2305.5571   24.8172
    0.0000   30.0000    0.0000 2363.3281   24.0209
    7.5000   30.0000    0.0000 2361.3245   23.9175
   -7.5000   37.5000    0.0000 2138.2246   27.9942
    0.0000   37.5000    0.0000 2194.1978   27.0830
    7.5000   37.5000    0.0000 2191.9675   26.9514
   -7.5000   45.0000    0.0000 1963.8818   31.9704
    0.0000   45.0000    0.0000 2003.9772   30.8666
    7.5000   45.0000    0.0000 2006.1455   30.7737
   -7.5000  -45.0000    7.5000 2777.0369   16.2788
    0.0000  -45.0000    7.5000 2815.5459   15.8042
    7.5000  -45.0000    7.5000 2830.7380   15.6710
   -7.5000  -37.5000    7.5000 2820.4338   15.9156
    0.0000  -37.5000    7.5000 2866.7686   15.4846
    7.5000  -37.5000    7.5000 2877.0308   15.2786
   -7.5000  -30.0000    7.5000 2841.7283   15.7620
    0.0000  -30.0000    7.5000 2897.7812   15.4120
    7.5000  -30.0000    7.5000 2910.0391   15.1876
   -7.5000  -22.5000    7.5000 2859.9656   15.7503
    0.0000  -22.5000    7.5000 2930.0513   15.2757
    7.5000  -22.5000    7.5000 2944.6594   15.0624
   -7.5000  -15.0000    7.5000 2860.8838   15.9651
    0.0000  -15.0000    7.5000 2926.5945   15.2728
    7.5000  -15.0000    7.5000 2930.1074   15.0842
   -7.5000   -7.5000    7.5000 2847.2798   16.4780
    0.0000   -7.5000    7.5000 2912.6467   15.8136
    7.5000   -7.5000    7.5000 2915.7659   15.6297
   -7.5000    0.0000    7.5000 2797.1951   17.2062
    0.0000    0.0000    7.5000 2859.9946   16.5830
    7.5000    0.0000    7.5000 2865.6445   16.4799
   -7.5000    7.5000    7.5000 2724.7361   18.2294
    0.0000    7.5000    7.5000 2781.9661   17.6107
    7.5000    7.5000    7.5000 2791.5815   17.5430
   -7.5000   15.0000    7.5000 2612.9812   19.7361
    0.0000   15.0000    7.5000 2673.9529   19.1036
    7.5000   15.0000    7.5000 2682.6892   19.0462
   -7.5000   22.5000    7.5000 2490.7297   21.8129
    0.0000   22.5000    7.5000 2550.5156   21.1534
    7.5000   22.5000    7.5000 2551.8196   21.0925
   -7.5000   30.0000    7.5000 2330.1223   24.4385
    0.0000   30.0000    7.5000 2387.3057   23.7365
    7.5000   30.0000    7.5000 2393.1399   23.6737
   -7.5000   37.5000    7.5000 2166.1726   27.6392
    0.0000   37.5000    7.5000 2219.7441   26.8316
    7.5000   37.5000    7.5000 2219.6626   26.7557
   -7.5000   45.0000    7.5000 1990.9633   31.6169
    0.0000   45.0000    7.5000 2030.4738   30.6916
    7.5000   45.0000    7.5000 2030.5830   30.5487
   -7.5000  -45.0000   15.0000 2794.5686   15.9371
    0.0000  -45.0000   15.0000 2834.6526   15.3631
    7.5000  -45.0000   15.0000 2845.0779   15.1817
   -7.5000  -37.5000   15.0000 2838.3206   15.6511
    0.0000  -37.5000   15.0000 2881.3997   15.0849
    7.5000  -37.5000   15.0000 2886.5198   14.8604
   -7.5000  -30.0000   15.0000 2871.4885   15.5683
    0.0000  -30.0000   15.0000 2919.8713   15.0632
    7.5000  -30.0000   15.0000 2930.3110   14.8437
   -7.5000  -22.5000   15.0000 2889.0403   15.6540
    0.0000  -22.5000   15.0000 2966.7336   15.1665
    7.5000  -22.5000   15.0000 2971.5503   14.9849
   -7.5000  -15.0000   15.0000 2895.1572   15.9802
    0.0000  -15.0000   15.0000 2982.3269   15.4560
    7.5000  -15.0000   15.0000 2981.7722   15.2936
   -7.5000   -7.5000   15.0000 2868.7983   16.4392
    0.0000   -7.5000   15.0000 2941.4426   15.8421
    7.5000   -7.5000   15.0000 2947.2041   15.7873
   -7.5000    0.0000   15.0000 2804.8640   17.0703
    0.0000    0.0000   15.0000 2874.5647   16.4795
    7.5000    0.0000   15.0000 2874.7939   16.4328
   -7.5000    7.5000   15.0000 2730.4792   18.0680
    0.0000    7.5000   15.0000 2788.4773   17.5029
    7.5000    7.5000   15.0000 2796.1055   17.4272
   -7.5000   15.0000   15.0000 2624.7424   19.6288
    0.0000   15.0000   15.0000 2676.9275   19.0118
    7.5000   15.0000   15.0000 2686.2014   18.9425
   -7.5000   22.5000   15.0000 2503.6836   21.7040
    0.0000   22.5000   15.0000 2554.1741   21.0503
    7.5000   22.5000   15.0000 2557.9824   20.9943
   -7.5000   30.0000   15.0000 2341.0828   24.3611
    0.0000   30.0000   15.0000 2391.3411   23.6448
    7.5000   30.0000   15.0000 2398.7656   23.5562
   -7.5000   37.5000   15.0000 2176.5327   27.6145
    0.0000   37.5000   15.0000 2229.2698   26.8623
    7.5000   37.5000   15.0000 2227.8191   26.7677
   -7.5000   45.0000   15.0000 1995.0460   31.5870
    0.0000   45.0000   15.0000 2039.3580   30.7158
    7.5000   45.0000   15.0000 2045.2174   30.5854
   -7.5000  -45.0000   22.5000 2796.9092   15.8024
    0.0000  -45.0000   22.5000 2833.6360   15.1537
    7.5000  -45.0000   22.5000 2840.1418   14.9771
   -7.5000  -37.5000   22.5000 2837.4487   15.5433
    0.0000  -37.5000   22.5000 2880.3928   14.9151
    7.5000  -37.5000   22.5000 2880.7510   14.7221
   -7.5000  -30.0000   22.5000 2874.7837   15.5999
    0.0000  -30.0000   22.5000 2925.5215   15.0567
    7.5000  -30.0000   22.5000 2934.9185   14.8617
   -7.5000  -22.5000   22.5000 2903.6614   15.8087
    0.0000  -22.5000   22.5000 2984.5515   15.3016
    7.5000  -22.5000   22.5000 2995.4397   15.1506
   -7.5000  -15.0000   22.5000 2902.6084   16.1216
    0.0000  -15.0000   22.5000 2994.7498   15.5458
    7.5000  -15.0000   22.5000 2999.0393   15.4542
   -7.5000   -7.5000   22.5000 2875.7756   16.6131
    0.0000   -7.5000   22.5000 2953.9487   16.0080
    7.5000   -7.5000   22.5000 2961.5581   15.9450
   -7.5000    0.0000   22.5000 2806.0337   17.3582
    0.0000    0.0000   22.5000 2875.9526   16.7911
    7.5000    0.0000   22.5000 2879.2686   16.7036
   -7.5000    7.5000   22.5000 2723.7444   18.4025
    0.0000    7.5000   22.5000 2775.0588   17.8759
    7.5000    7.5000   22.5000 2785.3506   17.7971
   -7.5000   15.0000   22.5000 2619.6553   19.8792
    0.0000   15.0000   22.5000 2666.9463   19.3258
    7.5000   15.0000   22.5000 2672.5242   19.2439
   -7.5000   22.5000   22.5000 2496.3994   21.8832
    0.0000   22.5000   22.5000 2544.2021   21.2798
    7.5000   22.5000   22.5000 2548.2593   21.2127
   -7.5000   30.0000   22.5000 2341.2212   24.4768
    0.0000   30.0000   22.5000 2385.0454   23.7971
    7.5000   30.0000   22.5000 2388.4709   23.6679
   -7.5000   37.5000   22.5000 2168.5376   27.7553
    0.0000   37.5000   22.5000 2220.3748   26.9292
    7.5000   37.5000   22.5000 2219.0637   26.7647
   -7.5000   45.0000   22.5000 1989.6134   31.8231
    0.0000   45.0000   22.5000 2032.7880   30.9243
    7.5000   45.0000   22.5000 2036.8345   30.7229
   -7.5000  -45.0000   30.0000 2778.8499   16.0172
    0.0000  -45.0000   30.0000 2810.1160   15.3213
    7.5000  -45.0000   30.0000 2811.8276   15.1811
   -7.5000  -37.5000   30.0000 2821.6145   15.8211
    0.0000  -37.5000   30.0000 2858.2812   15.1786
    7.5000  -37.5000   30.0000 2860.7268   15.0469
   -7.5000  -30.0000   30.0000 2860.4895   15.9158
    0.0000  -30.0000   30.0000 2913.1277   15.3515
    7.5000  -30.0000   30.0000 2923.0481   15.2178
   -7.5000  -22.5000   30.0000 2887.1292   16.0964
    0.0000  -22.5000   30.0000 2962.0269   15.5106
    7.5000  -22.5000   30.0000 2970.6416   15.4591
   -7.5000  -15.0000   30.0000 2880.7361   16.4562
    0.0000  -15.0000   30.0000 2958.9187   15.8128
    7.5000  -15.0000   30.0000 2961.2275   15.7269
   -7.5000   -7.5000   30.0000 2849.1287   16.9964
    0.0000   -7.5000   30.0000 2928.3987   16.3955
    7.5000   -7.5000   30.0000 2934.2983   16.2737
   -7.5000    0.0000   30.0000 2788.5107   17.8828
    0.0000    0.0000   30.0000 2853.1108   17.2872
    7.5000    0.0000   30.0000 2856.6863   17.1639
   -7.5000    7.5000   30.0000 2701.9133   19.0632
    0.0000    7.5000   30.0000 2749.3149   18.4623
    7.5000    7.5000   30.0000 2762.8289   18.3562
   -7.5000   15.0000   30.0000 2593.5972   20.5182
    0.0000   15.0000   30.0000 2641.7676   19.9707
    7.5000   15.0000   30.0000 2648.3313   19.8184
   -7.5000   22.5000   30.0000 2468.2864   22.4068
    0.0000   22.5000   30.0000 2512.8999   21.8477
    7.5000   22.5000   30.0000 2519.8594   21.7126
   -7.5000   30.0000   30.0000 2314.7520   24.8714
    0.0000   30.0000   30.0000 2357.6846   24.2202
    7.5000   30.0000   30.0000 2361.7266   24.0776
   -7.5000   37.5000   30.0000 2150.6184   28.1030
    0.0000   37.5000   30.0000 2186.0339   27.3051
    7.5000   37.5000   30.0000 2196.5095   27.1151
   -7.5000   45.0000   30.0000 1969.1890   32.1192
    0.0000   45.0000   30.0000 2004.0607   31.0463
    7.5000   45.0000   30.0000 2009.5831   30.9207
   -7.5000  -45.0000   37.5000 2755.5266   16.6419
    0.0000  -45.0000   37.5000 2786.0122   15.9117
    7.5000  -45.0000   37.5000 2782.7644   15.7716
   -7.5000  -37.5000   37.5000 2791.7273   16.3941
    0.0000  -37.5000   37.5000 2829.0154   15.7287
    7.5000  -37.5000   37.5000 2825.9849   15.5740
   -7.5000  -30.0000   37.5000 2824.2141   16.3704
    0.0000  -30.0000   37.5000 2884.0574   15.8159
    7.5000  -30.0000   37.5000 2876.7031   15.6987
   -7.5000  -22.5000   37.5000 2849.6938   16.5588
    0.0000  -22.5000   37.5000 2906.3174   15.9485
    7.5000  -22.5000   37.5000 2903.5518   15.8531
   -7.5000  -15.0000   37.5000 2838.6560   16.9912
    0.0000  -15.0000   37.5000 2903.2327   16.4045
    7.5000  -15.0000   37.5000 2901.0681   16.2768
   -7.5000   -7.5000   37.5000 2806.7476   17.6563
    0.0000   -7.5000   37.5000 2868.6086   17.0817
    7.5000   -7.5000   37.5000 2873.6267   16.9510
   -7.5000    0.0000   37.5000 2746.9070   18.6058
    0.0000    0.0000   37.5000 2805.5027   18.0112
    7.5000    0.0000   37.5000 2807.9563   17.8994
   -7.5000    7.5000   37.5000 2666.5398   19.8124
    0.0000    7.5000   37.5000 2713.7209   19.1759
    7.5000    7.5000   37.5000 2713.7664   19.0464
   -7.5000   15.0000   37.5000 2552.4451   21.3328
    0.0000   15.0000   37.5000 2599.1233   20.7232
    7.5000   15.0000   37.5000 2605.1306   20.5920
   -7.5000   22.5000   37.5000 2432.7065   23.2734
    0.0000   22.5000   37.5000 2472.2576   22.6279
    7.5000   22.5000   37.5000 2480.0774   22.5333
   -7.5000   30.0000   37.5000 2278.1421   25.6485
    0.0000   30.0000   37.5000 2309.9390   24.9699
    7.5000   30.0000   37.5000 2318.4319   24.8217
   -7.5000   37.5000   37.5000 2110.3826   28.7881
    0.0000   37.5000   37.5000 2145.0400   28.0004
    7.5000   37.5000   37.5000 2153.4485   27.8189
   -7.5000   45.0000   37.5000 1940.0436   32.8451
    0.0000   45.0000   37.5000 1976.0217   31.7939
    7.5000   45.0000   37.5000 1980.4630   31.6042
   -7.5000  -45.0000   45.0000 2706.8792   17.3440
    0.0000  -45.0000   45.0000 2739.2366   16.5029
    7.5000  -45.0000   45.0000 2740.2898   16.4178
   -7.5000  -37.5000   45.0000 2740.0466   16.9702
    0.0000  -37.5000   45.0000 2783.7808   16.2709
    7.5000  -37.5000   45.0000 2784.4468   16.1774
   -7.5000  -30.0000   45.0000 2765.2991   16.9629
    0.0000  -30.0000   45.0000 2815.2937   16.3076
    7.5000  -30.0000   45.0000 2811.8418   16.1837
   -7.5000  -22.5000   45.0000 2784.4233   17.1429
    0.0000  -22.5000   45.0000 2835.1951   16.5149
    7.5000  -22.5000   45.0000 2825.2939   16.4151
   -7.5000  -15.0000   45.0000 2773.2754   17.6683
    0.0000  -15.0000   45.0000 2827.2812   17.0990
    7.5000  -15.0000   45.0000 2824.6587   17.0137
   -7.5000   -7.5000   45.0000 2735.4412   18.4219
    0.0000   -7.5000   45.0000 2785.7627   17.9173
    7.5000   -7.5000   45.0000 2791.8833   17.8134
   -7.5000    0.0000   45.0000 2678.5251   19.4411
    0.0000    0.0000   45.0000 2727.8547   18.8390
    7.5000    0.0000   45.0000 2728.7463   18.7724
   -7.5000    7.5000   45.0000 2601.4124   20.7081
    0.0000    7.5000   45.0000 2646.0847   20.0132
    7.5000    7.5000   45.0000 2642.9746   19.9508
   -7.5000   15.0000   45.0000 2493.7310   22.2643
    0.0000   15.0000   45.0000 2536.4351   21.6101
    7.5000   15.0000   45.0000 2543.1360   21.5501
   -7.5000   22.5000   45.0000 2375.8320   24.2425
    0.0000   22.5000   45.0000 2418.7026   23.5970
    7.5000   22.5000   45.0000 2428.7830   23.4869
   -7.5000   30.0000   45.0000 2230.0352   26.8356
    0.0000   30.0000   45.0000 2261.7437   26.1319
    7.5000   30.0000   45.0000 2266.7534   25.9290
   -7.5000   37.5000   45.0000 2068.8982   29.8993
    0.0000   37.5000   45.0000 2094.3193   29.1136
    7.5000   37.5000   45.0000 2097.7522   28.8796
   -7.5000   45.0000   45.0000 1908.8646   33.8923
    0.0000   45.0000   45.0000 1936.4124   32.9364
    7.5000   45.0000   45.0000 1935.5767   32.7442

---------------------------------------------------------------------
imgreg_4dfp /opt/freesurfer/average/711-2C_as_mni_average_305 /opt/freesurfer/average/711-2B_as_mni_average_305_mask talsrcimg_g11 none talsrcimg_to_711-2C_as_mni_average_305_t4 1283
---------------------------------------------------------------------

freesurfer imgreg_4dfp.c
/opt/freesurfer/average/711-2C_as_mni_average_305.4dfp.img
       256       256       256         1
  1.000000  1.000000  1.000000
orientation T byte_order littleendian
Reading image: /opt/freesurfer/average/711-2C_as_mni_average_305.4dfp.img
dimensions:      256       256       256
mmppix:       1.0000   -1.0000   -1.0000
center:     128.0000 -129.0000 -129.0000
/opt/freesurfer/average/711-2B_as_mni_average_305_mask.4dfp.img
       256       256       256         1
  1.000000  1.000000  1.000000
orientation T byte_order littleendian
Reading mask: /opt/freesurfer/average/711-2B_as_mni_average_305_mask.4dfp.img (2306576 pixels)
talsrcimg_g11.4dfp.img
       256       256       256         1
  1.000000  1.000000  1.000000
orientation T byte_order littleendian
Reading image: talsrcimg_g11.4dfp.img
dimensions:      256       256       256
mmppix:       1.0000   -1.0000   -1.0000
center:     128.0000 -129.0000 -129.0000
rotation matrix determinant  1.000000
fimgreg.f
image alignment mode   1283 decimal      503 hex
parameters
    7.5000  -15.0000   22.5000    0.0000    0.0000    0.0000
eta,q 0.93872 15.45957
niter,ni,del,rscale     5    3   12.0000    1.2000
parameter  1  0.658041 ->  0.500000 qaram    1.1500
parameter  2  0.577217 ->  0.500000 qaram    1.1500
parameter  3  0.773013 ->  0.500000 qaram    1.1500
parameter  4 -3.732248 ->  0.500000 qaram    1.1500
parameters
    4.0500  -18.4500   19.0500   -3.4500    1.2742    1.8203
eta,q 0.94579 15.10462
  0.0616  0.0585  0.0572  0.0532  0.0607  0.0594
  0.0593  0.0596  0.0573  0.0542  0.0563  0.0564
  0.0608  0.0592  0.0587  0.0559  0.0538  0.0549
  0.0636  0.0599  0.0590  0.0580  0.0547  0.0544
  0.0693  0.0600  0.0604  0.0597  0.0541  0.0542
  0.0772  0.0611  0.0638  0.0604  0.0542  0.0545
  0.0844  0.0648  0.0673  0.0615  0.0561  0.0552
niter,ni,del,rscale     7    3   12.0000    1.2000
parameter  2 -0.623600 -> -0.500000 qaram    1.3225
parameter  4 -3.936762 ->  0.500000 qaram    1.3225
parameters
    3.3858  -14.4825   18.3620   -7.4175    1.8195    1.9983
eta,q 0.95664 15.32516
  0.0650  0.0692  0.0579  0.0399  0.0549  0.0520
  0.0583  0.0636  0.0545  0.0423  0.0489  0.0481
  0.0543  0.0571  0.0534  0.0464  0.0446  0.0448
  0.0542  0.0540  0.0510  0.0516  0.0434  0.0434
  0.0570  0.0523  0.0525  0.0559  0.0439  0.0437
  0.0632  0.0510  0.0571  0.0576  0.0463  0.0466
  0.0683  0.0525  0.0613  0.0602  0.0513  0.0518
niter,ni,del,rscale     7    3   12.0000    1.2000
parameter  4  0.510315 ->  0.500000 qaram    1.5209
parameters
    3.4045  -13.4217   18.7910  -11.9801    1.7027    1.8926
eta,q 0.96064 15.31021
  0.0656  0.0651  0.0576  0.0445  0.0502  0.0484
  0.0569  0.0569  0.0528  0.0401  0.0450  0.0443
  0.0471  0.0484  0.0465  0.0399  0.0412  0.0404
  0.0434  0.0434  0.0436  0.0435  0.0393  0.0394
  0.0475  0.0461  0.0447  0.0477  0.0407  0.0409
  0.0569  0.0506  0.0488  0.0539  0.0451  0.0445
  0.0651  0.0566  0.0559  0.0576  0.0518  0.0491
niter,ni,del,rscale     7    3   12.0000    1.2000
parameters
    3.3105  -12.2049   18.3996  -11.8210    1.9302    1.8260
eta,q 0.96006 15.31010
  0.0643  0.0654  0.0539  0.0538  0.0504  0.0487
  0.0531  0.0567  0.0489  0.0477  0.0455  0.0445
  0.0424  0.0455  0.0421  0.0436  0.0423  0.0412
  0.0394  0.0393  0.0402  0.0400  0.0400  0.0399
  0.0442  0.0423  0.0442  0.0432  0.0404  0.0410
  0.0547  0.0477  0.0508  0.0474  0.0437  0.0446
  0.0647  0.0543  0.0570  0.0528  0.0499  0.0494
niter,ni,del,rscale     6    3   12.0000    1.2000
parameters
    3.1981  -11.9447   18.4729  -11.8090    2.0675    1.8684
eta,q 0.95976 15.30989
  0.0629  0.0613  0.0556  0.0535  0.0504  0.0493
  0.0520  0.0506  0.0507  0.0478  0.0456  0.0450
  0.0425  0.0407  0.0436  0.0434  0.0424  0.0417
  0.0399  0.0399  0.0403  0.0403  0.0403  0.0402
  0.0441  0.0443  0.0432  0.0439  0.0408  0.0411
  0.0539  0.0510  0.0494  0.0481  0.0442  0.0445
  0.0634  0.0561  0.0557  0.0531  0.0504  0.0494
niter,ni,del,rscale     5    3   12.0000    1.2000
parameters
    3.1652  -11.8898   18.5268  -11.7747    2.1232    1.8928
eta,q 0.95969 15.31070
  0.0637  0.0604  0.0557  0.0536  0.0502  0.0493
  0.0525  0.0496  0.0506  0.0479  0.0455  0.0450
  0.0428  0.0401  0.0435  0.0435  0.0423  0.0418
  0.0402  0.0402  0.0403  0.0403  0.0403  0.0403
  0.0441  0.0448  0.0433  0.0439  0.0409  0.0412
  0.0538  0.0516  0.0496  0.0483  0.0446  0.0446
  0.0631  0.0568  0.0558  0.0530  0.0507  0.0495
registration optimization eta report
parameter search radius
    6.9000    7.9350    6.9000    9.1253    6.0000    6.0000
100000*second partial in parameter space
       48.       29.       31.       14.       28.       25.
  0.0637  0.0604  0.0557  0.0536  0.0502  0.0493
  0.0525  0.0496  0.0506  0.0479  0.0455  0.0450
  0.0428  0.0401  0.0435  0.0435  0.0423  0.0418
  0.0402  0.0402  0.0403  0.0403  0.0403  0.0403
  0.0441  0.0448  0.0433  0.0439  0.0409  0.0412
  0.0538  0.0516  0.0496  0.0483  0.0446  0.0446
  0.0631  0.0568  0.0558  0.0530  0.0507  0.0495
    3.1652  -11.8898   18.5268  -11.7747    2.1232    1.8928
eta,q 0.95969 15.31070

---------------------------------------------------------------------
imgreg_4dfp /opt/freesurfer/average/711-2C_as_mni_average_305 /opt/freesurfer/average/711-2B_as_mni_average_305_mask talsrcimg_g11 none talsrcimg_to_711-2C_as_mni_average_305_t4 3335
---------------------------------------------------------------------

freesurfer imgreg_4dfp.c
/opt/freesurfer/average/711-2C_as_mni_average_305.4dfp.img
       256       256       256         1
  1.000000  1.000000  1.000000
orientation T byte_order littleendian
Reading image: /opt/freesurfer/average/711-2C_as_mni_average_305.4dfp.img
dimensions:      256       256       256
mmppix:       1.0000   -1.0000   -1.0000
center:     128.0000 -129.0000 -129.0000
/opt/freesurfer/average/711-2B_as_mni_average_305_mask.4dfp.img
       256       256       256         1
  1.000000  1.000000  1.000000
orientation T byte_order littleendian
Reading mask: /opt/freesurfer/average/711-2B_as_mni_average_305_mask.4dfp.img (2306576 pixels)
talsrcimg_g11.4dfp.img
       256       256       256         1
  1.000000  1.000000  1.000000
orientation T byte_order littleendian
Reading image: talsrcimg_g11.4dfp.img
dimensions:      256       256       256
mmppix:       1.0000   -1.0000   -1.0000
center:     128.0000 -129.0000 -129.0000
fimgreg.f
image alignment mode   3335 decimal      D07 hex
parameters
    3.1652  -11.8898   18.5268   -0.1232   -2.1327   -2.1714
   -2.4778   -4.2989    3.3007   20.2754    3.7048  -20.3923
eta,q 0.95890 15.28035
niter,ni,del,rscale     5    3    5.0000    1.2000
parameter  4  1.086856 ->  0.500000 qaram    1.1500
parameter  5  6.208810 ->  0.500000 qaram    1.1500
parameters
    3.1905  -11.4958   18.0535   -4.2632   -6.2727   -4.6930
   -2.0419   -3.0330    4.7023   17.2215    4.6470  -23.2122
eta,q 0.96842 15.13676
  0.0447  0.0437  0.0423  0.0368  0.0296  0.0344  0.0364  0.0400  0.0359  0.0334  0.0333  0.0323
  0.0428  0.0427  0.0414  0.0374  0.0323  0.0335  0.0347  0.0365  0.0344  0.0322  0.0327  0.0317
  0.0415  0.0418  0.0409  0.0387  0.0351  0.0330  0.0335  0.0341  0.0333  0.0320  0.0322  0.0316
  0.0411  0.0411  0.0410  0.0409  0.0377  0.0331  0.0330  0.0330  0.0328  0.0327  0.0319  0.0319
  0.0415  0.0410  0.0415  0.0442  0.0408  0.0345  0.0332  0.0329  0.0328  0.0344  0.0319  0.0326
  0.0427  0.0416  0.0425  0.0482  0.0441  0.0379  0.0341  0.0340  0.0333  0.0369  0.0322  0.0337
  0.0446  0.0426  0.0439  0.0526  0.0474  0.0427  0.0358  0.0363  0.0341  0.0404  0.0328  0.0351
niter,ni,del,rscale     6    3    5.0000    1.2000
parameter  2  0.707282 ->  0.500000 qaram    1.1500
parameter  3  0.763712 ->  0.500000 qaram    1.1500
parameter  5  0.666537 ->  0.500000 qaram    1.3225
parameters
    3.2880  -12.8758   16.6735   -6.4527  -11.0337   -2.2057
   -2.3738   -3.4246    4.4648   17.1597    3.5614  -25.3441
eta,q 0.97409 15.07660
  0.0355  0.0307  0.0294  0.0314  0.0279  0.0308  0.0295  0.0311  0.0288  0.0312  0.0272  0.0271
  0.0333  0.0302  0.0293  0.0299  0.0268  0.0293  0.0276  0.0283  0.0273  0.0286  0.0266  0.0262
  0.0320  0.0306  0.0296  0.0292  0.0271  0.0279  0.0265  0.0266  0.0264  0.0268  0.0262  0.0259
  0.0316  0.0316  0.0302  0.0293  0.0291  0.0268  0.0262  0.0262  0.0261  0.0261  0.0261  0.0261
  0.0319  0.0331  0.0313  0.0304  0.0323  0.0262  0.0267  0.0269  0.0265  0.0266  0.0265  0.0268
  0.0330  0.0350  0.0326  0.0329  0.0359  0.0263  0.0281  0.0290  0.0276  0.0284  0.0271  0.0280
  0.0349  0.0373  0.0343  0.0366  0.0400  0.0278  0.0302  0.0323  0.0292  0.0316  0.0280  0.0295
niter,ni,del,rscale     7    3    5.0000    1.2000
parameters
    3.3020  -12.6109   16.5373   -5.5009  -12.3275   -2.4761
   -2.3580   -3.3234    4.6652   17.9671    3.0569  -26.0663
eta,q 0.97445 15.08538
  0.0300  0.0314  0.0281  0.0306  0.0316  0.0290  0.0293  0.0311  0.0287  0.0313  0.0268  0.0274
  0.0277  0.0287  0.0268  0.0285  0.0286  0.0275  0.0274  0.0281  0.0272  0.0288  0.0261  0.0262
  0.0264  0.0268  0.0260  0.0268  0.0263  0.0264  0.0261  0.0263  0.0261  0.0268  0.0257  0.0257
  0.0259  0.0259  0.0258  0.0258  0.0257  0.0256  0.0257  0.0257  0.0257  0.0257  0.0256  0.0256
  0.0264  0.0260  0.0262  0.0257  0.0275  0.0255  0.0261  0.0261  0.0259  0.0258  0.0257  0.0260
  0.0277  0.0273  0.0272  0.0266  0.0313  0.0267  0.0273  0.0278  0.0269  0.0270  0.0263  0.0269
  0.0299  0.0298  0.0285  0.0293  0.0362  0.0308  0.0293  0.0309  0.0284  0.0296  0.0272  0.0282
niter,ni,del,rscale     6    3    5.0000    1.2000
parameters
    3.3369  -12.4064   16.2800   -5.1594  -12.7151   -2.6976
   -2.4198   -3.2379    4.7690   18.3816    2.7912  -26.5675
eta,q 0.97456 15.09210
  0.0296  0.0307  0.0275  0.0299  0.0324  0.0290  0.0290  0.0311  0.0285  0.0307  0.0267  0.0274
  0.0274  0.0282  0.0263  0.0279  0.0295  0.0275  0.0271  0.0279  0.0270  0.0283  0.0260  0.0262
  0.0260  0.0265  0.0256  0.0263  0.0268  0.0263  0.0259  0.0261  0.0260  0.0264  0.0256  0.0256
  0.0256  0.0255  0.0255  0.0254  0.0254  0.0254  0.0255  0.0255  0.0255  0.0255  0.0255  0.0255
  0.0260  0.0257  0.0260  0.0255  0.0264  0.0253  0.0259  0.0260  0.0258  0.0258  0.0256  0.0258
  0.0273  0.0271  0.0270  0.0268  0.0298  0.0266  0.0271  0.0278  0.0268  0.0272  0.0261  0.0267
  0.0294  0.0296  0.0284  0.0298  0.0342  0.0307  0.0292  0.0309  0.0284  0.0300  0.0270  0.0280
niter,ni,del,rscale     5    3    5.0000    1.2000
parameters
    3.3569  -12.3354   16.1316   -5.0413  -12.8662   -2.8376
   -2.4477   -3.1857    4.8215   18.6045    2.6533  -26.8388
eta,q 0.97458 15.09290
  0.0295  0.0302  0.0277  0.0298  0.0326  0.0290  0.0290  0.0311  0.0284  0.0305  0.0267  0.0276
  0.0272  0.0279  0.0263  0.0278  0.0297  0.0275  0.0271  0.0278  0.0269  0.0281  0.0260  0.0262
  0.0259  0.0262  0.0256  0.0262  0.0269  0.0263  0.0259  0.0261  0.0259  0.0263  0.0255  0.0256
  0.0254  0.0254  0.0254  0.0254  0.0254  0.0254  0.0254  0.0255  0.0255  0.0254  0.0254  0.0254
  0.0259  0.0258  0.0258  0.0255  0.0262  0.0252  0.0258  0.0259  0.0258  0.0258  0.0256  0.0258
  0.0272  0.0274  0.0268  0.0270  0.0294  0.0265  0.0271  0.0278  0.0268  0.0273  0.0260  0.0266
  0.0293  0.0299  0.0281  0.0301  0.0337  0.0306  0.0291  0.0309  0.0284  0.0302  0.0269  0.0278
niter,ni,del,rscale     4    3    5.0000    1.2000
parameters
    3.3713  -12.2984   16.0491   -4.9855  -12.9363   -2.9175
   -2.4620   -3.1541    4.8505   18.7273    2.5711  -26.9783
eta,q 0.97457 15.09305
  0.0295  0.0301  0.0278  0.0297  0.0326  0.0291  0.0290  0.0311  0.0283  0.0304  0.0268  0.0277
  0.0272  0.0278  0.0264  0.0277  0.0297  0.0276  0.0271  0.0278  0.0269  0.0280  0.0260  0.0263
  0.0259  0.0262  0.0256  0.0262  0.0270  0.0263  0.0259  0.0260  0.0259  0.0262  0.0256  0.0256
  0.0254  0.0254  0.0254  0.0254  0.0254  0.0254  0.0254  0.0254  0.0254  0.0254  0.0254  0.0254
  0.0259  0.0259  0.0258  0.0255  0.0262  0.0252  0.0258  0.0260  0.0258  0.0259  0.0255  0.0257
  0.0272  0.0275  0.0267  0.0270  0.0292  0.0264  0.0271  0.0278  0.0268  0.0274  0.0260  0.0265
  0.0293  0.0300  0.0280  0.0303  0.0336  0.0306  0.0291  0.0310  0.0284  0.0303  0.0269  0.0278
niter,ni,del,rscale     3    3    5.0000    1.2000
parameters
    3.3781  -12.2790   16.0047   -4.9577  -12.9730   -2.9634
   -2.4722   -3.1363    4.8623   18.7952    2.5253  -27.0576
eta,q 0.97457 15.09300
  0.0294  0.0300  0.0279  0.0297  0.0326  0.0291  0.0290  0.0311  0.0283  0.0303  0.0268  0.0278
  0.0272  0.0277  0.0265  0.0277  0.0298  0.0276  0.0271  0.0278  0.0269  0.0280  0.0260  0.0263
  0.0259  0.0261  0.0256  0.0262  0.0270  0.0263  0.0259  0.0260  0.0259  0.0262  0.0256  0.0256
  0.0254  0.0254  0.0254  0.0254  0.0254  0.0254  0.0254  0.0254  0.0254  0.0254  0.0254  0.0254
  0.0259  0.0259  0.0258  0.0255  0.0261  0.0252  0.0258  0.0260  0.0258  0.0259  0.0255  0.0257
  0.0272  0.0275  0.0267  0.0271  0.0292  0.0264  0.0270  0.0278  0.0268  0.0275  0.0260  0.0265
  0.0294  0.0301  0.0280  0.0303  0.0335  0.0305  0.0291  0.0310  0.0284  0.0304  0.0268  0.0277
niter,ni,del,rscale     2    3    5.0000    1.2000
parameters
    3.3823  -12.2676   15.9793   -4.9424  -12.9913   -2.9910
   -2.4746   -3.1274    4.8730   18.8321    2.5040  -27.1023
eta,q 0.97456 15.09294
  0.0294  0.0300  0.0279  0.0297  0.0327  0.0292  0.0290  0.0311  0.0283  0.0303  0.0268  0.0278
  0.0272  0.0277  0.0265  0.0277  0.0298  0.0276  0.0271  0.0278  0.0269  0.0279  0.0260  0.0263
  0.0259  0.0261  0.0257  0.0262  0.0270  0.0263  0.0259  0.0260  0.0259  0.0262  0.0256  0.0256
  0.0254  0.0254  0.0254  0.0254  0.0254  0.0254  0.0254  0.0254  0.0254  0.0254  0.0254  0.0254
  0.0259  0.0259  0.0258  0.0255  0.0261  0.0252  0.0258  0.0260  0.0258  0.0259  0.0255  0.0257
  0.0272  0.0275  0.0266  0.0271  0.0291  0.0264  0.0270  0.0279  0.0268  0.0275  0.0260  0.0265
  0.0294  0.0301  0.0279  0.0303  0.0335  0.0305  0.0291  0.0311  0.0284  0.0305  0.0268  0.0277
registration optimization eta report
parameter search radius
    2.4000    2.7600    2.7600    8.2800    9.5220    7.2000
    7.2000    7.2000    7.2000    7.2000    7.2000    7.2000
100000*second partial in parameter space
       69.       60.       33.        7.        8.        9.
        7.       11.        6.        9.        3.        4.
  0.0294  0.0300  0.0279  0.0297  0.0327  0.0292  0.0290  0.0311  0.0283  0.0303  0.0268  0.0278
  0.0272  0.0277  0.0265  0.0277  0.0298  0.0276  0.0271  0.0278  0.0269  0.0279  0.0260  0.0263
  0.0259  0.0261  0.0257  0.0262  0.0270  0.0263  0.0259  0.0260  0.0259  0.0262  0.0256  0.0256
  0.0254  0.0254  0.0254  0.0254  0.0254  0.0254  0.0254  0.0254  0.0254  0.0254  0.0254  0.0254
  0.0259  0.0259  0.0258  0.0255  0.0261  0.0252  0.0258  0.0260  0.0258  0.0259  0.0255  0.0257
  0.0272  0.0275  0.0266  0.0271  0.0291  0.0264  0.0270  0.0279  0.0268  0.0275  0.0260  0.0265
  0.0294  0.0301  0.0279  0.0303  0.0335  0.0305  0.0291  0.0311  0.0284  0.0305  0.0268  0.0277
    3.3823  -12.2676   15.9793   -4.9424  -12.9913   -2.9910
   -2.4746   -3.1274    4.8730   18.8321    2.5040  -27.1023
eta,q 0.97456 15.09294

---------------------------------------------------------------------
imgreg_4dfp /opt/freesurfer/average/711-2C_as_mni_average_305 /opt/freesurfer/average/711-2B_as_mni_average_305_mask talsrcimg_g11 none talsrcimg_to_711-2C_as_mni_average_305_t4 2311
---------------------------------------------------------------------

freesurfer imgreg_4dfp.c
/opt/freesurfer/average/711-2C_as_mni_average_305.4dfp.img
       256       256       256         1
  1.000000  1.000000  1.000000
orientation T byte_order littleendian
Reading image: /opt/freesurfer/average/711-2C_as_mni_average_305.4dfp.img
dimensions:      256       256       256
mmppix:       1.0000   -1.0000   -1.0000
center:     128.0000 -129.0000 -129.0000
/opt/freesurfer/average/711-2B_as_mni_average_305_mask.4dfp.img
       256       256       256         1
  1.000000  1.000000  1.000000
orientation T byte_order littleendian
Reading mask: /opt/freesurfer/average/711-2B_as_mni_average_305_mask.4dfp.img (2306576 pixels)
talsrcimg_g11.4dfp.img
       256       256       256         1
  1.000000  1.000000  1.000000
orientation T byte_order littleendian
Reading image: talsrcimg_g11.4dfp.img
dimensions:      256       256       256
mmppix:       1.0000   -1.0000   -1.0000
center:     128.0000 -129.0000 -129.0000
fimgreg.f
image alignment mode   2311 decimal      907 hex
parameters
    3.3823  -12.2676   15.9793   -4.9424  -12.9913   -2.9910
   -2.4746   -3.1274    4.8730   18.8321    2.5040  -27.1023
eta,q 0.97456 15.09294
niter,ni,del,rscale     5    3    5.0000    0.8000
parameters
    3.3728  -12.2050   15.9191   -4.2084  -12.5808   -2.2202
   -2.4593   -3.1255    4.8439   18.9000    2.3590  -27.3222
eta,q 0.97483 15.16837
  0.0272  0.0272  0.0262  0.0273  0.0283  0.0275  0.0269  0.0280  0.0267  0.0279  0.0258  0.0262
  0.0262  0.0263  0.0258  0.0264  0.0269  0.0266  0.0260  0.0264  0.0259  0.0265  0.0254  0.0256
  0.0256  0.0257  0.0255  0.0258  0.0259  0.0258  0.0254  0.0255  0.0254  0.0255  0.0252  0.0252
  0.0254  0.0254  0.0254  0.0254  0.0254  0.0253  0.0252  0.0252  0.0252  0.0252  0.0252  0.0252
  0.0256  0.0256  0.0255  0.0254  0.0254  0.0251  0.0254  0.0255  0.0253  0.0254  0.0253  0.0254
  0.0262  0.0261  0.0259  0.0257  0.0262  0.0254  0.0259  0.0264  0.0259  0.0263  0.0255  0.0258
  0.0272  0.0270  0.0263  0.0265  0.0276  0.0267  0.0269  0.0280  0.0267  0.0278  0.0259  0.0264
niter,ni,del,rscale     4    3    5.0000    0.7000
parameters
    3.3644  -12.1952   16.0295   -4.4754  -12.6800   -1.8994
   -2.4069   -3.1215    4.8639   18.9976    2.3450  -27.4037
eta,q 0.97487 15.16931
  0.0266  0.0266  0.0260  0.0263  0.0271  0.0268  0.0265  0.0273  0.0263  0.0273  0.0256  0.0260
  0.0258  0.0258  0.0256  0.0257  0.0261  0.0261  0.0258  0.0261  0.0257  0.0262  0.0253  0.0255
  0.0253  0.0254  0.0253  0.0253  0.0255  0.0255  0.0253  0.0254  0.0253  0.0254  0.0252  0.0252
  0.0252  0.0252  0.0252  0.0252  0.0252  0.0252  0.0251  0.0251  0.0251  0.0251  0.0251  0.0251
  0.0253  0.0253  0.0252  0.0253  0.0254  0.0251  0.0253  0.0254  0.0253  0.0253  0.0252  0.0252
  0.0258  0.0258  0.0254  0.0258  0.0262  0.0255  0.0257  0.0261  0.0257  0.0260  0.0253  0.0256
  0.0266  0.0266  0.0258  0.0267  0.0274  0.0266  0.0264  0.0273  0.0263  0.0271  0.0257  0.0260
niter,ni,del,rscale     3    3    5.0000    0.6000
parameters
    3.3690  -12.1521   16.0874   -4.4559  -12.7393   -1.6690
   -2.3972   -3.1249    4.8786   19.0737    2.3113  -27.4635
eta,q 0.97490 15.17801
  0.0262  0.0262  0.0257  0.0260  0.0266  0.0263  0.0261  0.0267  0.0260  0.0267  0.0255  0.0257
  0.0256  0.0257  0.0254  0.0256  0.0259  0.0258  0.0256  0.0258  0.0255  0.0259  0.0253  0.0254
  0.0253  0.0253  0.0252  0.0253  0.0253  0.0254  0.0252  0.0253  0.0252  0.0253  0.0251  0.0252
  0.0251  0.0251  0.0251  0.0251  0.0251  0.0251  0.0251  0.0251  0.0251  0.0251  0.0251  0.0251
  0.0252  0.0252  0.0252  0.0252  0.0253  0.0251  0.0252  0.0253  0.0252  0.0253  0.0251  0.0252
  0.0256  0.0255  0.0253  0.0255  0.0259  0.0254  0.0255  0.0258  0.0255  0.0258  0.0253  0.0254
  0.0262  0.0261  0.0256  0.0261  0.0268  0.0262  0.0261  0.0267  0.0260  0.0266  0.0255  0.0258
niter,ni,del,rscale     2    3    5.0000    0.5000
parameters
    3.3705  -12.1191   16.1221   -4.4384  -12.7808   -1.4761
   -2.3863   -3.1295    4.8913   19.1236    2.2854  -27.5214
eta,q 0.97491 15.18507
  0.0258  0.0259  0.0255  0.0257  0.0262  0.0259  0.0258  0.0262  0.0257  0.0262  0.0253  0.0255
  0.0254  0.0255  0.0253  0.0254  0.0256  0.0256  0.0254  0.0256  0.0254  0.0256  0.0252  0.0253
  0.0252  0.0252  0.0252  0.0252  0.0252  0.0253  0.0252  0.0252  0.0252  0.0252  0.0251  0.0251
  0.0251  0.0251  0.0251  0.0251  0.0251  0.0251  0.0251  0.0251  0.0251  0.0251  0.0251  0.0251
  0.0252  0.0252  0.0251  0.0251  0.0252  0.0251  0.0252  0.0252  0.0251  0.0252  0.0251  0.0251
  0.0254  0.0254  0.0253  0.0254  0.0256  0.0253  0.0254  0.0256  0.0254  0.0256  0.0252  0.0253
  0.0258  0.0258  0.0254  0.0258  0.0263  0.0259  0.0258  0.0262  0.0257  0.0262  0.0254  0.0255
niter,ni,del,rscale     1    3    5.0000    0.4000
parameters
    3.3758  -12.0970   16.1537   -4.4382  -12.7992   -1.2883
   -2.3848   -3.1400    4.9045   19.1521    2.2454  -27.5568
eta,q 0.97493 15.19126
  0.0256  0.0256  0.0253  0.0255  0.0258  0.0256  0.0255  0.0258  0.0255  0.0258  0.0252  0.0253
  0.0253  0.0253  0.0252  0.0253  0.0254  0.0254  0.0253  0.0254  0.0253  0.0254  0.0251  0.0252
  0.0251  0.0251  0.0251  0.0251  0.0252  0.0252  0.0251  0.0252  0.0251  0.0252  0.0251  0.0251
  0.0251  0.0251  0.0251  0.0251  0.0251  0.0251  0.0251  0.0251  0.0251  0.0251  0.0251  0.0251
  0.0251  0.0251  0.0251  0.0251  0.0252  0.0251  0.0251  0.0252  0.0251  0.0251  0.0251  0.0251
  0.0253  0.0253  0.0252  0.0252  0.0254  0.0252  0.0253  0.0254  0.0252  0.0254  0.0251  0.0252
  0.0255  0.0255  0.0253  0.0255  0.0259  0.0256  0.0255  0.0258  0.0255  0.0258  0.0252  0.0254
registration optimization eta report
parameter search radius
    0.8000    0.8000    0.8000    2.4000    2.4000    2.4000
    2.4000    2.4000    2.4000    2.4000    2.4000    2.4000
100000*second partial in parameter space
       74.       73.       38.        7.       13.        9.
        8.       13.        7.       13.        3.        5.
  0.0256  0.0256  0.0253  0.0255  0.0258  0.0256  0.0255  0.0258  0.0255  0.0258  0.0252  0.0253
  0.0253  0.0253  0.0252  0.0253  0.0254  0.0254  0.0253  0.0254  0.0253  0.0254  0.0251  0.0252
  0.0251  0.0251  0.0251  0.0251  0.0252  0.0252  0.0251  0.0252  0.0251  0.0252  0.0251  0.0251
  0.0251  0.0251  0.0251  0.0251  0.0251  0.0251  0.0251  0.0251  0.0251  0.0251  0.0251  0.0251
  0.0251  0.0251  0.0251  0.0251  0.0252  0.0251  0.0251  0.0252  0.0251  0.0251  0.0251  0.0251
  0.0253  0.0253  0.0252  0.0252  0.0254  0.0252  0.0253  0.0254  0.0252  0.0254  0.0251  0.0252
  0.0255  0.0255  0.0253  0.0255  0.0259  0.0256  0.0255  0.0258  0.0255  0.0258  0.0252  0.0254
    3.3758  -12.0970   16.1537   -4.4382  -12.7992   -1.2883
   -2.3848   -3.1400    4.9045   19.1521    2.2454  -27.5568
eta,q 0.97493 15.19126

---------------------------------------------------------------------
imgreg_4dfp /opt/freesurfer/average/711-2C_as_mni_average_305 /opt/freesurfer/average/711-2B_as_mni_average_305_mask talsrcimg_g11 none talsrcimg_to_711-2C_as_mni_average_305_t4 2311
---------------------------------------------------------------------

freesurfer imgreg_4dfp.c
/opt/freesurfer/average/711-2C_as_mni_average_305.4dfp.img
       256       256       256         1
  1.000000  1.000000  1.000000
orientation T byte_order littleendian
Reading image: /opt/freesurfer/average/711-2C_as_mni_average_305.4dfp.img
dimensions:      256       256       256
mmppix:       1.0000   -1.0000   -1.0000
center:     128.0000 -129.0000 -129.0000
/opt/freesurfer/average/711-2B_as_mni_average_305_mask.4dfp.img
       256       256       256         1
  1.000000  1.000000  1.000000
orientation T byte_order littleendian
Reading mask: /opt/freesurfer/average/711-2B_as_mni_average_305_mask.4dfp.img (2306576 pixels)
talsrcimg_g11.4dfp.img
       256       256       256         1
  1.000000  1.000000  1.000000
orientation T byte_order littleendian
Reading image: talsrcimg_g11.4dfp.img
dimensions:      256       256       256
mmppix:       1.0000   -1.0000   -1.0000
center:     128.0000 -129.0000 -129.0000
fimgreg.f
image alignment mode   2311 decimal      907 hex
parameters
    3.3758  -12.0970   16.1537   -4.4382  -12.7992   -1.2883
   -2.3848   -3.1400    4.9045   19.1521    2.2454  -27.5568
eta,q 0.97493 15.19125
niter,ni,del,rscale     5    3    5.0000    0.8000
parameters
    3.3761  -12.1138   16.2435   -4.7884  -12.9841   -1.7850
   -2.4184   -3.1229    4.9229   19.2196    2.3971  -27.3402
eta,q 0.97485 15.15664
  0.0270  0.0268  0.0262  0.0265  0.0275  0.0268  0.0268  0.0279  0.0266  0.0278  0.0258  0.0264
  0.0259  0.0259  0.0256  0.0257  0.0263  0.0260  0.0259  0.0264  0.0259  0.0264  0.0254  0.0257
  0.0253  0.0253  0.0252  0.0252  0.0254  0.0254  0.0254  0.0255  0.0254  0.0255  0.0252  0.0253
  0.0251  0.0251  0.0251  0.0251  0.0251  0.0251  0.0252  0.0252  0.0252  0.0252  0.0252  0.0252
  0.0253  0.0253  0.0252  0.0253  0.0254  0.0252  0.0253  0.0254  0.0253  0.0254  0.0252  0.0253
  0.0259  0.0259  0.0255  0.0259  0.0264  0.0261  0.0259  0.0263  0.0258  0.0262  0.0254  0.0256
  0.0270  0.0270  0.0259  0.0272  0.0281  0.0284  0.0269  0.0279  0.0266  0.0277  0.0257  0.0261
niter,ni,del,rscale     4    3    5.0000    0.7000
parameters
    3.3757  -12.0918   16.1365   -4.4945  -12.8447   -1.8274
   -2.4348   -3.1383    4.9175   19.1660    2.3561  -27.4049
eta,q 0.97488 15.17076
  0.0266  0.0265  0.0258  0.0265  0.0273  0.0266  0.0264  0.0273  0.0263  0.0271  0.0256  0.0260
  0.0258  0.0258  0.0254  0.0258  0.0263  0.0259  0.0257  0.0261  0.0257  0.0261  0.0253  0.0255
  0.0253  0.0253  0.0252  0.0254  0.0255  0.0254  0.0253  0.0254  0.0253  0.0254  0.0252  0.0252
  0.0252  0.0252  0.0252  0.0251  0.0251  0.0251  0.0251  0.0251  0.0251  0.0251  0.0251  0.0251
  0.0253  0.0253  0.0253  0.0252  0.0253  0.0251  0.0253  0.0254  0.0253  0.0254  0.0252  0.0252
  0.0258  0.0257  0.0255  0.0255  0.0259  0.0256  0.0257  0.0261  0.0257  0.0261  0.0253  0.0255
  0.0266  0.0265  0.0259  0.0263  0.0271  0.0270  0.0265  0.0273  0.0263  0.0273  0.0256  0.0260
niter,ni,del,rscale     3    3    5.0000    0.6000
parameters
    3.3688  -12.1040   16.1068   -4.4429  -12.7973   -1.6742
   -2.4150   -3.1360    4.9008   19.1451    2.3044  -27.4819
eta,q 0.97490 15.17884
  0.0262  0.0261  0.0256  0.0260  0.0267  0.0263  0.0261  0.0267  0.0260  0.0266  0.0255  0.0257
  0.0256  0.0256  0.0253  0.0256  0.0259  0.0257  0.0256  0.0258  0.0255  0.0258  0.0253  0.0254
  0.0252  0.0252  0.0252  0.0253  0.0254  0.0254  0.0252  0.0253  0.0252  0.0253  0.0251  0.0252
  0.0251  0.0251  0.0251  0.0251  0.0251  0.0251  0.0251  0.0251  0.0251  0.0251  0.0251  0.0251
  0.0252  0.0252  0.0252  0.0252  0.0252  0.0251  0.0252  0.0253  0.0252  0.0253  0.0251  0.0252
  0.0256  0.0256  0.0254  0.0255  0.0258  0.0254  0.0255  0.0258  0.0255  0.0258  0.0253  0.0254
  0.0262  0.0262  0.0257  0.0261  0.0267  0.0263  0.0261  0.0267  0.0260  0.0267  0.0255  0.0258
niter,ni,del,rscale     2    3    5.0000    0.5000
parameters
    3.3713  -12.1014   16.1200   -4.4340  -12.7957   -1.4843
   -2.3909   -3.1303    4.8968   19.1539    2.2763  -27.5329
eta,q 0.97492 15.18537
  0.0258  0.0258  0.0255  0.0257  0.0262  0.0259  0.0258  0.0262  0.0257  0.0262  0.0253  0.0255
  0.0254  0.0254  0.0253  0.0254  0.0256  0.0256  0.0254  0.0256  0.0254  0.0256  0.0252  0.0253
  0.0252  0.0252  0.0251  0.0252  0.0253  0.0253  0.0252  0.0252  0.0252  0.0252  0.0251  0.0251
  0.0251  0.0251  0.0251  0.0251  0.0251  0.0251  0.0251  0.0251  0.0251  0.0251  0.0251  0.0251
  0.0252  0.0252  0.0251  0.0251  0.0252  0.0251  0.0251  0.0252  0.0251  0.0252  0.0251  0.0251
  0.0254  0.0254  0.0253  0.0254  0.0256  0.0253  0.0254  0.0256  0.0254  0.0256  0.0252  0.0253
  0.0258  0.0258  0.0255  0.0258  0.0263  0.0259  0.0258  0.0262  0.0257  0.0262  0.0253  0.0255
niter,ni,del,rscale     1    3    5.0000    0.4000
parameters
    3.3746  -12.0884   16.1523   -4.4310  -12.8062   -1.2956
   -2.3856   -3.1349    4.9051   19.1697    2.2383  -27.5727
eta,q 0.97493 15.19165
  0.0256  0.0256  0.0253  0.0255  0.0258  0.0256  0.0255  0.0258  0.0255  0.0258  0.0252  0.0253
  0.0253  0.0253  0.0252  0.0253  0.0254  0.0254  0.0253  0.0254  0.0253  0.0254  0.0251  0.0252
  0.0251  0.0251  0.0251  0.0251  0.0252  0.0252  0.0251  0.0252  0.0251  0.0251  0.0251  0.0251
  0.0251  0.0251  0.0251  0.0251  0.0251  0.0251  0.0251  0.0251  0.0251  0.0251  0.0251  0.0251
  0.0251  0.0251  0.0251  0.0251  0.0251  0.0251  0.0251  0.0252  0.0251  0.0251  0.0251  0.0251
  0.0253  0.0253  0.0252  0.0252  0.0254  0.0252  0.0253  0.0254  0.0253  0.0254  0.0251  0.0252
  0.0255  0.0255  0.0253  0.0255  0.0258  0.0255  0.0255  0.0258  0.0255  0.0258  0.0252  0.0254
registration optimization eta report
parameter search radius
    0.8000    0.8000    0.8000    2.4000    2.4000    2.4000
    2.4000    2.4000    2.4000    2.4000    2.4000    2.4000
100000*second partial in parameter space
       74.       73.       37.        7.       13.        9.
        8.       13.        7.       13.        3.        5.
  0.0256  0.0256  0.0253  0.0255  0.0258  0.0256  0.0255  0.0258  0.0255  0.0258  0.0252  0.0253
  0.0253  0.0253  0.0252  0.0253  0.0254  0.0254  0.0253  0.0254  0.0253  0.0254  0.0251  0.0252
  0.0251  0.0251  0.0251  0.0251  0.0252  0.0252  0.0251  0.0252  0.0251  0.0251  0.0251  0.0251
  0.0251  0.0251  0.0251  0.0251  0.0251  0.0251  0.0251  0.0251  0.0251  0.0251  0.0251  0.0251
  0.0251  0.0251  0.0251  0.0251  0.0251  0.0251  0.0251  0.0252  0.0251  0.0251  0.0251  0.0251
  0.0253  0.0253  0.0252  0.0252  0.0254  0.0252  0.0253  0.0254  0.0253  0.0254  0.0251  0.0252
  0.0255  0.0255  0.0253  0.0255  0.0258  0.0255  0.0255  0.0258  0.0255  0.0258  0.0252  0.0254
    3.3746  -12.0884   16.1523   -4.4310  -12.8062   -1.2956
   -2.3856   -3.1349    4.9051   19.1697    2.2383  -27.5727
eta,q 0.97493 15.19165

---------------------------------------------------------------------
compute_vox2vox talsrcimg talsrcimg_to_711-2C_as_mni_average_305_t4 /opt/freesurfer/average/711-2C_as_mni_average_305
---------------------------------------------------------------------

freesurfer compute_vox2vox.c
Reading: talsrcimg.4dfp.ifh
Reading: talsrcimg_to_711-2C_as_mni_average_305_t4
Reading: /opt/freesurfer/average/711-2C_as_mni_average_305.4dfp.ifh
Writing: talsrcimg_to_711-2C_as_mni_average_305_t4_vox2vox.txt

start time Mon Mar 9 23:12:01 CET 2026
end		time Mon Mar 9 23:13:29 CET 2026

mpr2mni305 success

avi2talxfm orig_nu.mgz /opt/freesurfer/average/mni305.cor.mgz talsrcimg_to_711-2C_as_mni_average_305_t4_vox2vox.txt transforms/talairach.auto.xfm
avi2talxfm done
mv -f /out/sourcedata/freesurfer/sub-v1s3x0050775_ses-1/mri/talsrcimg_to_711-2C_as_mni_average_305_t4_vox2vox.txt /out/sourcedata/freesurfer/sub-v1s3x0050775_ses-1/mri/transforms/talsrcimg_to_711-2C_as_mni_average_305_t4_vox2vox.txt
lta_convert --src orig_nu.mgz --trg /opt/freesurfer/average/mni305.cor.mgz --inxfm transforms/talairach.auto.xfm --outlta transforms/talairach.auto.xfm.lta --subject fsaverage
7.3.2

--src: orig_nu.mgz src image (geometry).
--trg: /opt/freesurfer/average/mni305.cor.mgz trg image (geometry).
--inmni: transforms/talairach.auto.xfm input MNI/XFM transform.
--outlta: transforms/talairach.auto.xfm.lta output LTA.
--s: fsaverage subject name
 LTA read, type : 1
 1.04387   0.02601   0.03678  -13.24626;
-0.03776   0.95357   0.30051   0.20308;
-0.05042  -0.21111   1.07873  -5.75020;
 0.00000   0.00000   0.00000   1.00000;
setting subject to fsaverage
Writing  LTA to file transforms/talairach.auto.xfm.lta...
lta_convert successful.
 
 
Started at Mon Mar 9 23:12:01 CET 2026
Ended   at Mon Mar  9 23:13:29 CET 2026
talairach_avi done
