/out/sourcedata/freesurfer/sub-v1s3x0050793_ses-1/mri
/opt/freesurfer/bin/talairach_avi
--i orig_nu.mgz --xfm transforms/talairach.auto.xfm
talairach_avi 7.3.2
Linux dna020 5.14.0-427.37.1.el9_4.x86_64 #1 SMP PREEMPT_DYNAMIC Fri Sep 13 12:41:50 EDT 2024 x86_64 x86_64 x86_64 GNU/Linux
Tue Mar 10 00:22:34 CET 2026
mri_convert orig_nu.mgz talsrcimg.img 
reading from orig_nu.mgz...
TR=0.00, TE=0.00, TI=0.00, flip angle=0.00
i_ras = (-1, 0, 0)
j_ras = (0, 0, -1)
k_ras = (0, 1, 0)
writing to talsrcimg.img...
Analyze Output Matrix
-1.00000   0.00000   0.00000   137.47610;
 0.00000   0.00000   1.00000  -144.84521;
 0.00000  -1.00000   0.00000   129.44716;
 0.00000   0.00000   0.00000   1.00000;
--------------------
INFO: set hdr.hist.orient to -1
mpr2mni305 talsrcimg
Tue Mar 10 00:22:35 CET 2026
/opt/freesurfer/bin/mpr2mni305 talsrcimg
mpr2mni305 7.3.2
target=711-2C_as_mni_average_305

---------------------------------------------------------------------
analyzeto4dfp talsrcimg -O0 -y
---------------------------------------------------------------------

freesurfer ifh2hdr.c
Tue Mar 10 00:22:35 2026
Writing: talsrcimg.4dfp.hdr
freesurfer analyzeto4dfp.c
Reading: talsrcimg.hdr
header size 348 bytes
hdr.dime.datatype	offset=70	value=2
hdr.dime.bitpix		offset=72	value=8
hdr.hist.orient		offset=252	value=-1
dimensionality     4
dimensions       256       256       256         1
Reading: talsrcimg.img
Writing: talsrcimg.4dfp.img
Writing: talsrcimg.4dfp.ifh
ifh2hdr talsrcimg -r0to243
ori=2

---------------------------------------------------------------------
gauss_4dfp talsrcimg 1.1
---------------------------------------------------------------------

freesurfer gauss_4dfp.c
Reading: talsrcimg.4dfp.img
Writing: talsrcimg_g11.4dfp.img
image dimensions 256 256 256 padded to 288 288 288
processing volume 1freesurfer ifh2hdr.c
Tue Mar 10 00:22:37 2026
Writing: talsrcimg_g11.4dfp.hdr

Writing: talsrcimg_g11.4dfp.ifh
including: talsrcimg.4dfp.img.rec in talsrcimg_g11.4dfp.img.rec

---------------------------------------------------------------------
imgreg_4dfp /opt/freesurfer/average/711-2C_as_mni_average_305 none talsrcimg_g11 none talsrcimg_to_711-2C_as_mni_average_305_t4 4355
---------------------------------------------------------------------

freesurfer imgreg_4dfp.c
/opt/freesurfer/average/711-2C_as_mni_average_305.4dfp.img
       256       256       256         1
  1.000000  1.000000  1.000000
orientation T byte_order littleendian
Reading image: /opt/freesurfer/average/711-2C_as_mni_average_305.4dfp.img
dimensions:      256       256       256
mmppix:       1.0000   -1.0000   -1.0000
center:     128.0000 -129.0000 -129.0000
talsrcimg_g11.4dfp.img
       256       256       256         1
  1.000000  1.000000  1.000000
orientation T byte_order littleendian
Reading image: talsrcimg_g11.4dfp.img
dimensions:      256       256       256
mmppix:       1.0000   -1.0000   -1.0000
center:     128.0000 -129.0000 -129.0000
t4_read: open error in t4_sub.f l:  41 t4_file(1:l)talsrcimg_to_711-2C_as_mni_average_305_t4 
t4_read: transform initialized to I4
rotation matrix determinant  1.000000
image alignment mode   4355 decimal     1103 hex
   -7.5000  -45.0000  -45.0000 6875.0479   25.6376
    0.0000  -45.0000  -45.0000 7129.9175   25.6936
    7.5000  -45.0000  -45.0000 6855.2256   25.6601
   -7.5000  -37.5000  -45.0000 7367.0029   25.5255
    0.0000  -37.5000  -45.0000 7632.7891   25.5784
    7.5000  -37.5000  -45.0000 7307.4639   25.5489
   -7.5000  -30.0000  -45.0000 8170.8755   25.4757
    0.0000  -30.0000  -45.0000 8453.6543   25.5336
    7.5000  -30.0000  -45.0000 8088.0806   25.5064
   -7.5000  -22.5000  -45.0000 8902.0059   25.5445
    0.0000  -22.5000  -45.0000 9203.1270   25.6064
    7.5000  -22.5000  -45.0000 8776.4258   25.5730
   -7.5000  -15.0000  -45.0000 9501.2881   25.6487
    0.0000  -15.0000  -45.0000 9842.7637   25.7079
    7.5000  -15.0000  -45.0000 9379.3789   25.6671
   -7.5000   -7.5000  -45.000010020.2500   25.6917
    0.0000   -7.5000  -45.000010412.8467   25.7501
    7.5000   -7.5000  -45.0000 9904.0791   25.7115
   -7.5000    0.0000  -45.000010465.7217   25.6376
    0.0000    0.0000  -45.000010847.3477   25.6936
    7.5000    0.0000  -45.000010348.9609   25.6601
   -7.5000    7.5000  -45.000010127.6318   25.5255
    0.0000    7.5000  -45.000010520.9912   25.5784
    7.5000    7.5000  -45.000010077.6250   25.5489
   -7.5000   15.0000  -45.0000 9795.5186   25.4757
    0.0000   15.0000  -45.000010156.2324   25.5336
    7.5000   15.0000  -45.0000 9727.4297   25.5064
   -7.5000   22.5000  -45.0000 9318.2764   25.5410
    0.0000   22.5000  -45.0000 9657.8359   25.6029
    7.5000   22.5000  -45.0000 9228.6445   25.5695
   -7.5000   30.0000  -45.0000 8640.4814   25.3069
    0.0000   30.0000  -45.0000 8898.4414   25.3653
    7.5000   30.0000  -45.0000 8503.5293   25.3250
   -7.5000   37.5000  -45.0000 8148.0742   25.3493
    0.0000   37.5000  -45.0000 8355.7744   25.4070
    7.5000   37.5000  -45.0000 8011.8091   25.3688
   -7.5000   45.0000  -45.0000 7363.5669   24.6536
    0.0000   45.0000  -45.0000 7566.0059   24.7075
    7.5000   45.0000  -45.0000 7256.8784   24.6753
   -7.5000  -45.0000  -37.5000 7397.4053   25.5019
    0.0000  -45.0000  -37.5000 7687.2100   25.5758
    7.5000  -45.0000  -37.5000 7359.2480   25.5371
   -7.5000  -37.5000  -37.5000 7953.6880   25.4230
    0.0000  -37.5000  -37.5000 8255.4570   25.4963
    7.5000  -37.5000  -37.5000 7886.3101   25.4678
   -7.5000  -30.0000  -37.5000 8792.1357   25.3918
    0.0000  -30.0000  -37.5000 9121.9395   25.4784
    7.5000  -30.0000  -37.5000 8724.5078   25.4576
   -7.5000  -22.5000  -37.5000 9563.8975   25.4425
    0.0000  -22.5000  -37.5000 9905.2432   25.5371
    7.5000  -22.5000  -37.5000 9454.7676   25.5097
   -7.5000  -15.0000  -37.500010156.1260   25.5126
    0.0000  -15.0000  -37.500010550.2988   25.6017
    7.5000  -15.0000  -37.500010043.9336   25.5609
   -7.5000   -7.5000  -37.500010679.6738   25.5407
    0.0000   -7.5000  -37.500011071.9805   25.6224
    7.5000   -7.5000  -37.500010547.7812   25.5780
   -7.5000    0.0000  -37.500011154.1650   25.5019
    0.0000    0.0000  -37.500011573.0635   25.5758
    7.5000    0.0000  -37.500011035.0469   25.5371
   -7.5000    7.5000  -37.500010832.9395   25.4230
    0.0000    7.5000  -37.500011269.8457   25.4963
    7.5000    7.5000  -37.500010726.2529   25.4678
   -7.5000   15.0000  -37.500010427.1504   25.3918
    0.0000   15.0000  -37.500010813.0732   25.4784
    7.5000   15.0000  -37.500010286.6289   25.4576
   -7.5000   22.5000  -37.5000 9937.1562   25.4390
    0.0000   22.5000  -37.500010299.2852   25.5336
    7.5000   22.5000  -37.5000 9804.9805   25.5062
   -7.5000   30.0000  -37.5000 9217.3564   25.1726
    0.0000   30.0000  -37.5000 9487.6465   25.2606
    7.5000   30.0000  -37.5000 9042.5068   25.2203
   -7.5000   37.5000  -37.5000 8620.2637   25.2003
    0.0000   37.5000  -37.5000 8861.3086   25.2810
    7.5000   37.5000  -37.5000 8455.7432   25.2371
   -7.5000   45.0000  -37.5000 7773.2256   24.5231
    0.0000   45.0000  -37.5000 7997.8296   24.5942
    7.5000   45.0000  -37.5000 7620.5420   24.5570
   -7.5000  -45.0000  -30.0000 8085.5806   26.5742
    0.0000  -45.0000  -30.0000 8409.7041   26.6856
    7.5000  -45.0000  -30.0000 8045.5898   26.6425
   -7.5000  -37.5000  -30.0000 8676.9492   26.5352
    0.0000  -37.5000  -30.0000 9033.8037   26.6452
    7.5000  -37.5000  -30.0000 8611.8350   26.6186
   -7.5000  -30.0000  -30.0000 9579.9600   26.5152
    0.0000  -30.0000  -30.0000 9985.0342   26.6364
    7.5000  -30.0000  -30.0000 9500.1045   26.6242
   -7.5000  -22.5000  -30.000010395.9463   26.5314
    0.0000  -22.5000  -30.000010825.9951   26.6575
    7.5000  -22.5000  -30.000010279.7002   26.6383
   -7.5000  -15.0000  -30.000011016.2412   26.5580
    0.0000  -15.0000  -30.000011469.4463   26.6800
    7.5000  -15.0000  -30.000010860.6055   26.6412
   -7.5000   -7.5000  -30.000011586.5039   26.5807
    0.0000   -7.5000  -30.000012058.2041   26.6991
    7.5000   -7.5000  -30.000011435.6289   26.6510
   -7.5000    0.0000  -30.000012123.8369   26.5742
    0.0000    0.0000  -30.000012638.7568   26.6856
    7.5000    0.0000  -30.000011991.3203   26.6425
   -7.5000    7.5000  -30.000011771.0928   26.5352
    0.0000    7.5000  -30.000012271.7246   26.6452
    7.5000    7.5000  -30.000011616.0537   26.6186
   -7.5000   15.0000  -30.000011294.0381   26.5152
    0.0000   15.0000  -30.000011705.3203   26.6364
    7.5000   15.0000  -30.000011084.3398   26.6242
   -7.5000   22.5000  -30.000010755.8564   26.5250
    0.0000   22.5000  -30.000011160.8623   26.6511
    7.5000   22.5000  -30.000010540.1025   26.6319
   -7.5000   30.0000  -30.0000 9941.5479   26.2066
    0.0000   30.0000  -30.000010275.4746   26.3270
    7.5000   30.0000  -30.0000 9714.2168   26.2887
   -7.5000   37.5000  -30.0000 9238.0059   26.2290
    0.0000   37.5000  -30.0000 9534.9629   26.3458
    7.5000   37.5000  -30.0000 9031.1797   26.2984
   -7.5000   45.0000  -30.0000 8302.1680   25.5730
    0.0000   45.0000  -30.0000 8609.7324   25.6802
    7.5000   45.0000  -30.0000 8164.3296   25.6388
   -7.5000  -45.0000  -22.5000 8817.2314   27.4999
    0.0000  -45.0000  -22.5000 9201.8848   27.6356
    7.5000  -45.0000  -22.5000 8795.1074   27.5941
   -7.5000  -37.5000  -22.5000 9452.4062   27.4717
    0.0000  -37.5000  -22.5000 9854.4121   27.6019
    7.5000  -37.5000  -22.5000 9398.7061   27.5768
   -7.5000  -30.0000  -22.500010397.5566   27.4475
    0.0000  -30.0000  -22.500010867.2998   27.5743
    7.5000  -30.0000  -22.500010292.8877   27.5645
   -7.5000  -22.5000  -22.500011247.9814   27.4464
    0.0000  -22.5000  -22.500011723.4404   27.5689
    7.5000  -22.5000  -22.500011085.2139   27.5521
   -7.5000  -15.0000  -22.500011888.0703   27.4604
    0.0000  -15.0000  -22.500012412.1699   27.5841
    7.5000  -15.0000  -22.500011706.0742   27.5477
   -7.5000   -7.5000  -22.500012528.3018   27.4892
    0.0000   -7.5000  -22.500013109.0479   27.6228
    7.5000   -7.5000  -22.500012361.5537   27.5773
   -7.5000    0.0000  -22.500013137.0459   27.4999
    0.0000    0.0000  -22.500013757.1924   27.6356
    7.5000    0.0000  -22.500012975.2871   27.5941
   -7.5000    7.5000  -22.500012751.7041   27.4717
    0.0000    7.5000  -22.500013347.2578   27.6019
    7.5000    7.5000  -22.500012555.7559   27.5768
   -7.5000   15.0000  -22.500012182.8223   27.4475
    0.0000   15.0000  -22.500012717.2266   27.5743
    7.5000   15.0000  -22.500011946.9873   27.5645
   -7.5000   22.5000  -22.500011548.8105   27.4379
    0.0000   22.5000  -22.500012036.1797   27.5604
    7.5000   22.5000  -22.500011289.3467   27.5436
   -7.5000   30.0000  -22.500010685.2979   27.1012
    0.0000   30.0000  -22.500011111.5332   27.2233
    7.5000   30.0000  -22.500010420.0410   27.1873
   -7.5000   37.5000  -22.5000 9954.6387   27.1297
    0.0000   37.5000  -22.500010332.4316   27.2615
    7.5000   37.5000  -22.5000 9715.6953   27.2166
   -7.5000   45.0000  -22.5000 8904.8721   26.4838
    0.0000   45.0000  -22.5000 9251.9316   26.6144
    7.5000   45.0000  -22.5000 8757.9180   26.5745
   -7.5000  -45.0000  -15.0000 9568.6914   28.1701
    0.0000  -45.0000  -15.0000 9993.5674   28.2911
    7.5000  -45.0000  -15.0000 9527.9268   28.2508
   -7.5000  -37.5000  -15.000010212.2383   28.1125
    0.0000  -37.5000  -15.000010653.4180   28.2238
    7.5000  -37.5000  -15.000010124.0400   28.1941
   -7.5000  -30.0000  -15.000011149.8447   28.0714
    0.0000  -30.0000  -15.000011652.9336   28.1677
    7.5000  -30.0000  -15.000011015.0547   28.1484
   -7.5000  -22.5000  -15.000012033.9893   28.0856
    0.0000  -22.5000  -15.000012558.1289   28.1732
    7.5000  -22.5000  -15.000011869.0576   28.1469
   -7.5000  -15.0000  -15.000012743.0361   28.1296
    0.0000  -15.0000  -15.000013268.3252   28.2234
    7.5000  -15.0000  -15.000012546.7080   28.1832
   -7.5000   -7.5000  -15.000013436.5518   28.1728
    0.0000   -7.5000  -15.000014028.9326   28.2852
    7.5000   -7.5000  -15.000013265.1807   28.2410
   -7.5000    0.0000  -15.000014088.5635   28.1701
    0.0000    0.0000  -15.000014784.9238   28.2911
    7.5000    0.0000  -15.000013920.1914   28.2508
   -7.5000    7.5000  -15.000013706.0625   28.1125
    0.0000    7.5000  -15.000014369.0410   28.2238
    7.5000    7.5000  -15.000013473.5039   28.1941
   -7.5000   15.0000  -15.000013034.6553   28.0714
    0.0000   15.0000  -15.000013661.7617   28.1677
    7.5000   15.0000  -15.000012793.9951   28.1484
   -7.5000   22.5000  -15.000012287.0439   28.0757
    0.0000   22.5000  -15.000012853.8145   28.1632
    7.5000   22.5000  -15.000012027.6572   28.1370
   -7.5000   30.0000  -15.000011412.0293   27.7656
    0.0000   30.0000  -15.000011913.0215   27.8581
    7.5000   30.0000  -15.000011154.2617   27.8184
   -7.5000   37.5000  -15.000010678.6787   27.8081
    0.0000   37.5000  -15.000011121.5840   27.9191
    7.5000   37.5000  -15.000010423.2510   27.8755
   -7.5000   45.0000  -15.0000 9567.6865   27.1456
    0.0000   45.0000  -15.0000 9932.7021   27.2622
    7.5000   45.0000  -15.0000 9386.8828   27.2233
   -7.5000  -45.0000   -7.500010301.5381   28.4864
    0.0000  -45.0000   -7.500010718.2334   28.5675
    7.5000  -45.0000   -7.500010220.0176   28.5286
   -7.5000  -37.5000   -7.500010990.2617   28.3813
    0.0000  -37.5000   -7.500011461.1904   28.4531
    7.5000  -37.5000   -7.500010885.1006   28.4187
   -7.5000  -30.0000   -7.500011985.1475   28.3247
    0.0000  -30.0000   -7.500012509.3438   28.3872
    7.5000  -30.0000   -7.500011835.5088   28.3558
   -7.5000  -22.5000   -7.500012908.5176   28.3769
    0.0000  -22.5000   -7.500013419.2998   28.4362
    7.5000  -22.5000   -7.500012721.6963   28.3978
   -7.5000  -15.0000   -7.500013655.2227   28.4710
    0.0000  -15.0000   -7.500014156.8965   28.5348
    7.5000  -15.0000   -7.500013463.8203   28.4883
   -7.5000   -7.5000   -7.500014356.6914   28.5237
    0.0000   -7.5000   -7.500014927.3262   28.5999
    7.5000   -7.5000   -7.500014214.0684   28.5561
   -7.5000    0.0000   -7.500015068.6689   28.4864
    0.0000    0.0000   -7.500015742.4062   28.5675
    7.5000    0.0000   -7.500014869.6924   28.5286
   -7.5000    7.5000   -7.500014666.2803   28.3813
    0.0000    7.5000   -7.500015328.8281   28.4531
    7.5000    7.5000   -7.500014424.4717   28.4187
   -7.5000   15.0000   -7.500013933.4082   28.3247
    0.0000   15.0000   -7.500014575.6064   28.3872
    7.5000   15.0000   -7.500013661.5684   28.3558
   -7.5000   22.5000   -7.500013144.5889   28.3638
    0.0000   22.5000   -7.500013745.2656   28.4231
    7.5000   22.5000   -7.500012861.1494   28.3847
   -7.5000   30.0000   -7.500012186.9072   28.1018
    0.0000   30.0000   -7.500012698.5000   28.1648
    7.5000   30.0000   -7.500011919.1328   28.1188
   -7.5000   37.5000   -7.500011450.2354   28.1538
    0.0000   37.5000   -7.500011902.6016   28.2291
    7.5000   37.5000   -7.500011165.8389   28.1858
   -7.5000   45.0000   -7.500010274.3848   27.4555
    0.0000   45.0000   -7.500010664.5332   27.5336
    7.5000   45.0000   -7.500010050.2812   27.4962
   -7.5000  -45.0000    0.000010914.7646   28.5262
    0.0000  -45.0000    0.000011348.3770   28.5886
    7.5000  -45.0000    0.000010847.0156   28.5503
   -7.5000  -37.5000    0.000011625.4902   28.4033
    0.0000  -37.5000    0.000012137.6797   28.4617
    7.5000  -37.5000    0.000011583.7490   28.4277
   -7.5000  -30.0000    0.000012743.3193   28.3495
    0.0000  -30.0000    0.000013307.5400   28.4129
    7.5000  -30.0000    0.000012672.4883   28.3809
   -7.5000  -22.5000    0.000013713.7891   28.4257
    0.0000  -22.5000    0.000014254.1025   28.4940
    7.5000  -22.5000    0.000013612.2939   28.4546
   -7.5000  -15.0000    0.000014442.0186   28.5399
    0.0000  -15.0000    0.000014962.2031   28.6059
    7.5000  -15.0000    0.000014343.6963   28.5585
   -7.5000   -7.5000    0.000015131.0439   28.5863
    0.0000   -7.5000    0.000015682.7334   28.6516
    7.5000   -7.5000    0.000015061.2725   28.6071
   -7.5000    0.0000    0.000015880.0547   28.5262
    0.0000    0.0000    0.000016485.7500   28.5886
    7.5000    0.0000    0.000015737.9922   28.5503
   -7.5000    7.5000    0.000015485.4307   28.4033
    0.0000    7.5000    0.000016092.6680   28.4617
    7.5000    7.5000    0.000015324.0850   28.4277
   -7.5000   15.0000    0.000014711.2236   28.3495
    0.0000   15.0000    0.000015305.7920   28.4129
    7.5000   15.0000    0.000014513.6680   28.3809
   -7.5000   22.5000    0.000013881.2656   28.4126
    0.0000   22.5000    0.000014437.1143   28.4809
    7.5000   22.5000    0.000013594.7363   28.4415
   -7.5000   30.0000    0.000012875.4502   28.1706
    0.0000   30.0000    0.000013314.8760   28.2357
    7.5000   30.0000    0.000012555.8125   28.1889
   -7.5000   37.5000    0.000012118.5400   28.2163
    0.0000   37.5000    0.000012529.8799   28.2808
    7.5000   37.5000    0.000011798.7881   28.2369
   -7.5000   45.0000    0.000010824.1953   27.4959
    0.0000   45.0000    0.000011194.8838   27.5561
    7.5000   45.0000    0.000010562.4746   27.5192
   -7.5000  -45.0000    7.500010669.6826   28.5283
    0.0000  -45.0000    7.500011105.7412   28.6108
    7.5000  -45.0000    7.500010627.3535   28.5675
   -7.5000  -37.5000    7.500011349.5234   28.4397
    0.0000  -37.5000    7.500011857.5459   28.5217
    7.5000  -37.5000    7.500011357.2832   28.4898
   -7.5000  -30.0000    7.500012440.0771   28.4046
    0.0000  -30.0000    7.500013032.7549   28.5014
    7.5000  -30.0000    7.500012488.7500   28.4783
   -7.5000  -22.5000    7.500013528.8242   28.4614
    0.0000  -22.5000    7.500014119.2422   28.5672
    7.5000  -22.5000    7.500013510.4033   28.5366
   -7.5000  -15.0000    7.500014252.5059   28.5401
    0.0000  -15.0000    7.500014769.8779   28.6398
    7.5000  -15.0000    7.500014206.7363   28.5942
   -7.5000   -7.5000    7.500014803.9248   28.5718
    0.0000   -7.5000    7.500015295.7539   28.6631
    7.5000   -7.5000    7.500014811.2598   28.6134
   -7.5000    0.0000    7.500015422.7939   28.5283
    0.0000    0.0000    7.500015918.7793   28.6108
    7.5000    0.0000    7.500015423.1924   28.5675
   -7.5000    7.5000    7.500015035.4258   28.4397
    0.0000    7.5000    7.500015555.5479   28.5217
    7.5000    7.5000    7.500015042.7500   28.4898
   -7.5000   15.0000    7.500014330.2432   28.4046
    0.0000   15.0000    7.500014840.3760   28.5014
    7.5000   15.0000    7.500014272.5498   28.4783
   -7.5000   22.5000    7.500013492.5117   28.4482
    0.0000   22.5000    7.500013985.2168   28.5540
    7.5000   22.5000    7.500013380.8936   28.5234
   -7.5000   30.0000    7.500012510.9873   28.1707
    0.0000   30.0000    7.500012903.2979   28.2691
    7.5000   30.0000    7.500012321.4775   28.2241
   -7.5000   37.5000    7.500011791.2979   28.2020
    0.0000   37.5000    7.500012151.1152   28.2922
    7.5000   37.5000    7.500011577.4883   28.2430
   -7.5000   45.0000    7.500010558.7188   27.4980
    0.0000   45.0000    7.500010887.7344   27.5775
    7.5000   45.0000    7.500010356.1416   27.5357
   -7.5000  -45.0000   15.000010303.1133   28.5363
    0.0000  -45.0000   15.000010720.6895   28.6559
    7.5000  -45.0000   15.000010281.2402   28.6097
   -7.5000  -37.5000   15.000010930.0762   28.4944
    0.0000  -37.5000   15.000011376.8135   28.6126
    7.5000  -37.5000   15.000010942.9199   28.5840
   -7.5000  -30.0000   15.000011923.1914   28.4730
    0.0000  -30.0000   15.000012446.2510   28.6031
    7.5000  -30.0000   15.000011989.7686   28.5900
   -7.5000  -22.5000   15.000013014.7920   28.4903
    0.0000  -22.5000   15.000013617.5068   28.6257
    7.5000  -22.5000   15.000013013.4814   28.6052
   -7.5000  -15.0000   15.000013826.0361   28.5189
    0.0000  -15.0000   15.000014337.0547   28.6499
    7.5000  -15.0000   15.000013829.5166   28.6083
   -7.5000   -7.5000   15.000014205.0684   28.5433
    0.0000   -7.5000   15.000014613.4785   28.6705
    7.5000   -7.5000   15.000014329.3291   28.6188
   -7.5000    0.0000   15.000014774.9951   28.5363
    0.0000    0.0000   15.000015179.0547   28.6559
    7.5000    0.0000   15.000014942.3838   28.6097
   -7.5000    7.5000   15.000014440.3730   28.4944
    0.0000    7.5000   15.000014849.3545   28.6126
    7.5000    7.5000   15.000014599.8535   28.5840
   -7.5000   15.0000   15.000013791.9736   28.4730
    0.0000   15.0000   15.000014198.3662   28.6031
    7.5000   15.0000   15.000013873.2734   28.5900
   -7.5000   22.5000   15.000012960.9482   28.4772
    0.0000   22.5000   15.000013346.9824   28.6126
    7.5000   22.5000   15.000012929.2705   28.5920
   -7.5000   30.0000   15.000011971.3164   28.1498
    0.0000   30.0000   15.000012310.6299   28.2792
    7.5000   30.0000   15.000011842.8867   28.2380
   -7.5000   37.5000   15.000011299.3916   28.1739
    0.0000   37.5000   15.000011635.4824   28.2994
    7.5000   37.5000   15.000011134.7881   28.2484
   -7.5000   45.0000   15.000010122.1465   27.5057
    0.0000   45.0000   15.000010451.9941   27.6210
    7.5000   45.0000   15.0000 9978.5967   27.5765
   -7.5000  -45.0000   22.5000 9825.1553   28.5471
    0.0000  -45.0000   22.500010283.5762   28.6879
    7.5000  -45.0000   22.5000 9840.8867   28.6449
   -7.5000  -37.5000   22.500010413.5566   28.5178
    0.0000  -37.5000   22.500010866.2080   28.6530
    7.5000  -37.5000   22.500010421.0684   28.6269
   -7.5000  -30.0000   22.500011350.2900   28.4927
    0.0000  -30.0000   22.500011842.2891   28.6243
    7.5000  -30.0000   22.500011395.4473   28.6142
   -7.5000  -22.5000   22.500012267.3838   28.4915
    0.0000  -22.5000   22.500012784.6758   28.6187
    7.5000  -22.5000   22.500012311.2500   28.6012
   -7.5000  -15.0000   22.500012971.3916   28.5061
    0.0000  -15.0000   22.500013474.4814   28.6345
    7.5000  -15.0000   22.500013077.5576   28.5967
   -7.5000   -7.5000   22.500013611.5225   28.5360
    0.0000   -7.5000   22.500014102.5000   28.6747
    7.5000   -7.5000   22.500013775.6670   28.6274
   -7.5000    0.0000   22.500014408.9600   28.5471
    0.0000    0.0000   22.500014939.2969   28.6879
    7.5000    0.0000   22.500014558.6445   28.6449
   -7.5000    7.5000   22.500014073.4434   28.5178
    0.0000    7.5000   22.500014553.1514   28.6530
    7.5000    7.5000   22.500014155.9463   28.6269
   -7.5000   15.0000   22.500013405.6367   28.4927
    0.0000   15.0000   22.500013823.7061   28.6243
    7.5000   15.0000   22.500013419.0244   28.6142
   -7.5000   22.5000   22.500012475.2832   28.4784
    0.0000   22.5000   22.500012859.3389   28.6055
    7.5000   22.5000   22.500012409.1729   28.5881
   -7.5000   30.0000   22.500011417.6689   28.1371
    0.0000   30.0000   22.500011738.5020   28.2639
    7.5000   30.0000   22.500011293.8213   28.2266
   -7.5000   37.5000   22.500010758.4414   28.1667
    0.0000   37.5000   22.500011084.7666   28.3036
    7.5000   37.5000   22.500010638.3350   28.2569
   -7.5000   45.0000   22.5000 9649.4014   27.5161
    0.0000   45.0000   22.5000 9972.2910   27.6519
    7.5000   45.0000   22.5000 9576.6172   27.6104
   -7.5000  -45.0000   30.0000 9255.6650   28.5567
    0.0000  -45.0000   30.0000 9659.1816   28.6794
    7.5000  -45.0000   30.0000 9217.7061   28.6385
   -7.5000  -37.5000   30.0000 9759.9238   28.4983
    0.0000  -37.5000   30.000010193.2744   28.6111
    7.5000  -37.5000   30.0000 9768.6377   28.5811
   -7.5000  -30.0000   30.000010645.2422   28.4566
    0.0000  -30.0000   30.000011154.9580   28.5543
    7.5000  -30.0000   30.000010699.2178   28.5347
   -7.5000  -22.5000   30.000011435.7559   28.4710
    0.0000  -22.5000   30.000011950.9922   28.5598
    7.5000  -22.5000   30.000011497.7891   28.5332
   -7.5000  -15.0000   30.000012080.4062   28.5157
    0.0000  -15.0000   30.000012563.9238   28.6107
    7.5000  -15.0000   30.000012179.7705   28.5699
   -7.5000   -7.5000   30.000012828.6074   28.5594
    0.0000   -7.5000   30.000013339.1475   28.6734
    7.5000   -7.5000   30.000012935.7705   28.6286
   -7.5000    0.0000   30.000013630.2070   28.5567
    0.0000    0.0000   30.000014228.3691   28.6794
    7.5000    0.0000   30.000013722.9453   28.6385
   -7.5000    7.5000   30.000013365.8779   28.4983
    0.0000    7.5000   30.000013964.9980   28.6111
    7.5000    7.5000   30.000013380.9951   28.5811
   -7.5000   15.0000   30.000012677.7012   28.4566
    0.0000   15.0000   30.000013285.3584   28.5543
    7.5000   15.0000   30.000012670.8555   28.5347
   -7.5000   22.5000   30.000011720.9199   28.4579
    0.0000   22.5000   30.000012288.4814   28.5467
    7.5000   22.5000   30.000011700.0176   28.5201
   -7.5000   30.0000   30.000010690.4678   28.1466
    0.0000   30.0000   30.000011137.1943   28.2404
    7.5000   30.0000   30.000010614.5049   28.2002
   -7.5000   37.5000   30.000010069.5742   28.1898
    0.0000   37.5000   30.000010489.8340   28.3023
    7.5000   37.5000   30.0000 9981.0977   28.2581
   -7.5000   45.0000   30.0000 9013.9492   27.5254
    0.0000   45.0000   30.0000 9378.0703   27.6436
    7.5000   45.0000   30.0000 8959.7432   27.6042
   -7.5000  -45.0000   37.5000 9005.8711   28.5449
    0.0000  -45.0000   37.5000 9367.7471   28.6261
    7.5000  -45.0000   37.5000 8941.0664   28.5873
   -7.5000  -37.5000   37.5000 9477.7539   28.4396
    0.0000  -37.5000   37.5000 9903.0156   28.5115
    7.5000  -37.5000   37.5000 9432.5586   28.4771
   -7.5000  -30.0000   37.500010330.8330   28.3829
    0.0000  -30.0000   37.500010818.3467   28.4455
    7.5000  -30.0000   37.500010305.0049   28.4141
   -7.5000  -22.5000   37.500011132.3086   28.4352
    0.0000  -22.5000   37.500011613.9619   28.4946
    7.5000  -22.5000   37.500011119.0078   28.4562
   -7.5000  -15.0000   37.500011811.9111   28.5295
    0.0000  -15.0000   37.500012302.2305   28.5935
    7.5000  -15.0000   37.500011824.7539   28.5469
   -7.5000   -7.5000   37.500012507.3857   28.5823
    0.0000   -7.5000   37.500013016.8535   28.6587
    7.5000   -7.5000   37.500012520.7773   28.6148
   -7.5000    0.0000   37.500013155.8506   28.5449
    0.0000    0.0000   37.500013719.3359   28.6261
    7.5000    0.0000   37.500013192.2725   28.5873
   -7.5000    7.5000   37.500012856.2510   28.4396
    0.0000    7.5000   37.500013393.4258   28.5115
    7.5000    7.5000   37.500012867.6250   28.4771
   -7.5000   15.0000   37.500012172.4717   28.3829
    0.0000   15.0000   37.500012720.3779   28.4455
    7.5000   15.0000   37.500012190.9932   28.4141
   -7.5000   22.5000   37.500011318.5762   28.4221
    0.0000   22.5000   37.500011830.9229   28.4815
    7.5000   22.5000   37.500011315.4365   28.4431
   -7.5000   30.0000   37.500010375.3691   28.1602
    0.0000   30.0000   37.500010797.0361   28.2234
    7.5000   30.0000   37.500010325.7715   28.1774
   -7.5000   37.5000   37.5000 9722.7021   28.2124
    0.0000   37.5000   37.500010085.6553   28.2878
    7.5000   37.5000   37.5000 9658.1826   28.2445
   -7.5000   45.0000   37.5000 8688.9502   27.5140
    0.0000   45.0000   37.5000 9040.0039   27.5923
    7.5000   45.0000   37.5000 8639.7412   27.5549
   -7.5000  -45.0000   45.0000 8340.7305   28.5849
    0.0000  -45.0000   45.0000 8700.0332   28.6496
    7.5000  -45.0000   45.0000 8275.3867   28.6110
   -7.5000  -37.5000   45.0000 8821.4551   28.4610
    0.0000  -37.5000   45.0000 9209.2900   28.5212
    7.5000  -37.5000   45.0000 8752.6621   28.4867
   -7.5000  -30.0000   45.0000 9612.5605   28.4061
    0.0000  -30.0000   45.000010098.8467   28.4712
    7.5000  -30.0000   45.0000 9574.8779   28.4387
   -7.5000  -22.5000   45.000010372.1973   28.4823
    0.0000  -22.5000   45.000010887.4785   28.5526
    7.5000  -22.5000   45.000010317.3867   28.5131
   -7.5000  -15.0000   45.000011011.5430   28.5975
    0.0000  -15.0000   45.000011509.0742   28.6657
    7.5000  -15.0000   45.000010951.6738   28.6184
   -7.5000   -7.5000   45.000011607.1592   28.6450
    0.0000   -7.5000   45.000012090.1582   28.7127
    7.5000   -7.5000   45.000011564.9316   28.6682
   -7.5000    0.0000   45.000012072.3643   28.5849
    0.0000    0.0000   45.000012582.3574   28.6496
    7.5000    0.0000   45.000012086.0234   28.6110
   -7.5000    7.5000   45.000011689.3877   28.4610
    0.0000    7.5000   45.000012187.3242   28.5212
    7.5000    7.5000   45.000011726.6436   28.4867
   -7.5000   15.0000   45.000011100.2139   28.4061
    0.0000   15.0000   45.000011593.8564   28.4712
    7.5000   15.0000   45.000011123.1582   28.4387
   -7.5000   22.5000   45.000010402.3730   28.4691
    0.0000   22.5000   45.000010845.2168   28.5394
    7.5000   22.5000   45.000010424.1904   28.4998
   -7.5000   30.0000   45.0000 9530.8320   28.2250
    0.0000   30.0000   45.0000 9890.5293   28.2923
    7.5000   30.0000   45.0000 9523.2881   28.2456
   -7.5000   37.5000   45.0000 8899.6631   28.2718
    0.0000   37.5000   45.0000 9224.7471   28.3386
    7.5000   37.5000   45.0000 8869.8867   28.2948
   -7.5000   45.0000   45.0000 7963.5571   27.5651
    0.0000   45.0000   45.0000 8255.9551   27.6274
    7.5000   45.0000   45.0000 7909.8784   27.5902

---------------------------------------------------------------------
imgreg_4dfp /opt/freesurfer/average/711-2C_as_mni_average_305 /opt/freesurfer/average/711-2B_as_mni_average_305_mask talsrcimg_g11 none talsrcimg_to_711-2C_as_mni_average_305_t4 4355
---------------------------------------------------------------------

freesurfer imgreg_4dfp.c
/opt/freesurfer/average/711-2C_as_mni_average_305.4dfp.img
       256       256       256         1
  1.000000  1.000000  1.000000
orientation T byte_order littleendian
Reading image: /opt/freesurfer/average/711-2C_as_mni_average_305.4dfp.img
dimensions:      256       256       256
mmppix:       1.0000   -1.0000   -1.0000
center:     128.0000 -129.0000 -129.0000
/opt/freesurfer/average/711-2B_as_mni_average_305_mask.4dfp.img
       256       256       256         1
  1.000000  1.000000  1.000000
orientation T byte_order littleendian
Reading mask: /opt/freesurfer/average/711-2B_as_mni_average_305_mask.4dfp.img (2306576 pixels)
talsrcimg_g11.4dfp.img
       256       256       256         1
  1.000000  1.000000  1.000000
orientation T byte_order littleendian
Reading image: talsrcimg_g11.4dfp.img
dimensions:      256       256       256
mmppix:       1.0000   -1.0000   -1.0000
center:     128.0000 -129.0000 -129.0000
rotation matrix determinant  1.000000
image alignment mode   4355 decimal     1103 hex
   -7.5000  -45.0000  -45.0000 1874.5476   31.0712
    0.0000  -45.0000  -45.0000 1877.6736   30.7133
    7.5000  -45.0000  -45.0000 1870.8636   30.9428
   -7.5000  -37.5000  -45.0000 1958.3601   28.3632
    0.0000  -37.5000  -45.0000 1962.3365   28.0098
    7.5000  -37.5000  -45.0000 1947.5321   28.2210
   -7.5000  -30.0000  -45.0000 2031.8560   26.4308
    0.0000  -30.0000  -45.0000 2038.5225   26.1798
    7.5000  -30.0000  -45.0000 2023.5084   26.2860
   -7.5000  -22.5000  -45.0000 2098.7986   25.1535
    0.0000  -22.5000  -45.0000 2102.6138   24.9874
    7.5000  -22.5000  -45.0000 2079.2058   25.1423
   -7.5000  -15.0000  -45.0000 2135.0649   24.5148
    0.0000  -15.0000  -45.0000 2143.0901   24.2903
    7.5000  -15.0000  -45.0000 2119.8794   24.5250
   -7.5000   -7.5000  -45.0000 2146.9424   24.2999
    0.0000   -7.5000  -45.0000 2164.5154   24.0400
    7.5000   -7.5000  -45.0000 2133.5769   24.3185
   -7.5000    0.0000  -45.0000 2140.4836   24.6598
    0.0000    0.0000  -45.0000 2148.5696   24.3379
    7.5000    0.0000  -45.0000 2126.7327   24.8038
   -7.5000    7.5000  -45.0000 2105.6055   25.3336
    0.0000    7.5000  -45.0000 2125.4626   25.1252
    7.5000    7.5000  -45.0000 2102.0325   25.5381
   -7.5000   15.0000  -45.0000 2066.4255   26.6253
    0.0000   15.0000  -45.0000 2080.1208   26.2966
    7.5000   15.0000  -45.0000 2063.9216   26.7123
   -7.5000   22.5000  -45.0000 2002.6757   28.3589
    0.0000   22.5000  -45.0000 2015.4939   28.0003
    7.5000   22.5000  -45.0000 1992.5413   28.4029
   -7.5000   30.0000  -45.0000 1914.9480   30.7167
    0.0000   30.0000  -45.0000 1929.7168   30.2750
    7.5000   30.0000  -45.0000 1901.1893   30.6762
   -7.5000   37.5000  -45.0000 1815.2949   33.7613
    0.0000   37.5000  -45.0000 1822.7677   33.3340
    7.5000   37.5000  -45.0000 1802.1145   33.9084
   -7.5000   45.0000  -45.0000 1693.6566   37.9941
    0.0000   45.0000  -45.0000 1705.9415   37.4772
    7.5000   45.0000  -45.0000 1689.3026   38.0160
   -7.5000  -45.0000  -37.5000 1953.3690   28.6016
    0.0000  -45.0000  -37.5000 1962.1866   28.2357
    7.5000  -45.0000  -37.5000 1944.1583   28.5148
   -7.5000  -37.5000  -37.5000 2057.6279   26.1867
    0.0000  -37.5000  -37.5000 2067.5398   25.8730
    7.5000  -37.5000  -37.5000 2052.2551   26.1282
   -7.5000  -30.0000  -37.5000 2140.2090   24.4080
    0.0000  -30.0000  -37.5000 2151.2300   24.1972
    7.5000  -30.0000  -37.5000 2138.2566   24.3640
   -7.5000  -22.5000  -37.5000 2197.2778   23.1669
    0.0000  -22.5000  -37.5000 2208.0081   23.0625
    7.5000  -22.5000  -37.5000 2189.0923   23.1805
   -7.5000  -15.0000  -37.5000 2225.7410   22.5226
    0.0000  -15.0000  -37.5000 2241.0442   22.3596
    7.5000  -15.0000  -37.5000 2225.9011   22.4987
   -7.5000   -7.5000  -37.5000 2237.8511   22.4299
    0.0000   -7.5000  -37.5000 2251.5605   22.2633
    7.5000   -7.5000  -37.5000 2235.2764   22.4533
   -7.5000    0.0000  -37.5000 2228.5669   22.6954
    0.0000    0.0000  -37.5000 2242.6804   22.5504
    7.5000    0.0000  -37.5000 2231.0896   22.8135
   -7.5000    7.5000  -37.5000 2210.4043   23.3836
    0.0000    7.5000  -37.5000 2227.9111   23.2162
    7.5000    7.5000  -37.5000 2206.4546   23.5328
   -7.5000   15.0000  -37.5000 2160.4375   24.4388
    0.0000   15.0000  -37.5000 2179.4150   24.2286
    7.5000   15.0000  -37.5000 2156.0830   24.5539
   -7.5000   22.5000  -37.5000 2095.1470   26.0325
    0.0000   22.5000  -37.5000 2117.3862   25.7887
    7.5000   22.5000  -37.5000 2093.8457   26.1141
   -7.5000   30.0000  -37.5000 2006.5916   28.1466
    0.0000   30.0000  -37.5000 2022.2603   27.9333
    7.5000   30.0000  -37.5000 1995.4440   28.2282
   -7.5000   37.5000  -37.5000 1892.9596   31.0544
    0.0000   37.5000  -37.5000 1907.1930   30.6918
    7.5000   37.5000  -37.5000 1885.7561   31.1631
   -7.5000   45.0000  -37.5000 1776.9647   35.0690
    0.0000   45.0000  -37.5000 1794.0935   34.5890
    7.5000   45.0000  -37.5000 1769.6349   34.9553
   -7.5000  -45.0000  -30.0000 2077.0007   27.3310
    0.0000  -45.0000  -30.0000 2090.2661   27.0917
    7.5000  -45.0000  -30.0000 2062.1887   27.3142
   -7.5000  -37.5000  -30.0000 2190.6648   24.9080
    0.0000  -37.5000  -30.0000 2204.9924   24.7118
    7.5000  -37.5000  -30.0000 2177.4744   24.9469
   -7.5000  -30.0000  -30.0000 2278.8767   23.2134
    0.0000  -30.0000  -30.0000 2294.2727   23.0433
    7.5000  -30.0000  -30.0000 2269.1162   23.2040
   -7.5000  -22.5000  -30.0000 2337.5789   22.0247
    0.0000  -22.5000  -30.0000 2350.7437   21.9609
    7.5000  -22.5000  -30.0000 2323.5239   22.0391
   -7.5000  -15.0000  -30.0000 2363.8591   21.3331
    0.0000  -15.0000  -30.0000 2377.9460   21.3611
    7.5000  -15.0000  -30.0000 2355.5151   21.4164
   -7.5000   -7.5000  -30.0000 2372.8230   21.3748
    0.0000   -7.5000  -30.0000 2396.0510   21.3352
    7.5000   -7.5000  -30.0000 2373.6438   21.4515
   -7.5000    0.0000  -30.0000 2367.2700   21.6560
    0.0000    0.0000  -30.0000 2388.5657   21.5827
    7.5000    0.0000  -30.0000 2368.9053   21.7390
   -7.5000    7.5000  -30.0000 2347.7854   22.2529
    0.0000    7.5000  -30.0000 2369.5691   22.1356
    7.5000    7.5000  -30.0000 2342.1626   22.3734
   -7.5000   15.0000  -30.0000 2301.3496   23.2122
    0.0000   15.0000  -30.0000 2321.4744   23.0989
    7.5000   15.0000  -30.0000 2292.2952   23.3510
   -7.5000   22.5000  -30.0000 2227.6121   24.6769
    0.0000   22.5000  -30.0000 2251.6143   24.5897
    7.5000   22.5000  -30.0000 2224.8027   24.8354
   -7.5000   30.0000  -30.0000 2126.2712   26.7035
    0.0000   30.0000  -30.0000 2149.0491   26.5638
    7.5000   30.0000  -30.0000 2120.0469   26.8748
   -7.5000   37.5000  -30.0000 2003.8669   29.4884
    0.0000   37.5000  -30.0000 2024.2527   29.3352
    7.5000   37.5000  -30.0000 2002.0369   29.6813
   -7.5000   45.0000  -30.0000 1882.1888   33.1972
    0.0000   45.0000  -30.0000 1910.6610   32.9216
    7.5000   45.0000  -30.0000 1880.0702   33.2275
   -7.5000  -45.0000  -22.5000 2179.2061   26.0600
    0.0000  -45.0000  -22.5000 2199.6733   25.9436
    7.5000  -45.0000  -22.5000 2171.8799   26.1526
   -7.5000  -37.5000  -22.5000 2298.7056   23.5893
    0.0000  -37.5000  -22.5000 2313.8420   23.5056
    7.5000  -37.5000  -22.5000 2284.0552   23.6235
   -7.5000  -30.0000  -22.5000 2393.0134   21.7883
    0.0000  -30.0000  -22.5000 2405.4666   21.6750
    7.5000  -30.0000  -22.5000 2373.9890   21.7713
   -7.5000  -22.5000  -22.5000 2452.3257   20.6223
    0.0000  -22.5000  -22.5000 2462.6919   20.5740
    7.5000  -22.5000  -22.5000 2430.4377   20.5783
   -7.5000  -15.0000  -22.5000 2473.9390   20.0617
    0.0000  -15.0000  -22.5000 2497.2231   20.0401
    7.5000  -15.0000  -22.5000 2462.2600   20.0737
   -7.5000   -7.5000  -22.5000 2495.6089   20.0913
    0.0000   -7.5000  -22.5000 2525.4570   20.0503
    7.5000   -7.5000  -22.5000 2490.4919   20.1200
   -7.5000    0.0000  -22.5000 2493.9016   20.3976
    0.0000    0.0000  -22.5000 2522.3389   20.4041
    7.5000    0.0000  -22.5000 2490.8418   20.4559
   -7.5000    7.5000  -22.5000 2476.8701   20.9367
    0.0000    7.5000  -22.5000 2504.7375   20.9266
    7.5000    7.5000  -22.5000 2471.9932   21.0501
   -7.5000   15.0000  -22.5000 2428.6184   21.8805
    0.0000   15.0000  -22.5000 2457.3848   21.8199
    7.5000   15.0000  -22.5000 2422.5481   21.9730
   -7.5000   22.5000  -22.5000 2348.9590   23.2378
    0.0000   22.5000  -22.5000 2378.4578   23.1990
    7.5000   22.5000  -22.5000 2343.3623   23.3866
   -7.5000   30.0000  -22.5000 2240.4272   25.1437
    0.0000   30.0000  -22.5000 2268.7710   25.0628
    7.5000   30.0000  -22.5000 2233.1763   25.3124
   -7.5000   37.5000  -22.5000 2107.1294   27.6303
    0.0000   37.5000  -22.5000 2130.9949   27.5075
    7.5000   37.5000  -22.5000 2100.8425   27.7790
   -7.5000   45.0000  -22.5000 1974.8899   31.0464
    0.0000   45.0000  -22.5000 1994.7894   30.9388
    7.5000   45.0000  -22.5000 1970.1591   31.2505
   -7.5000  -45.0000  -15.0000 2248.3281   24.7638
    0.0000  -45.0000  -15.0000 2264.0857   24.5911
    7.5000  -45.0000  -15.0000 2234.3804   24.7754
   -7.5000  -37.5000  -15.0000 2370.4844   22.3150
    0.0000  -37.5000  -15.0000 2378.6396   22.1361
    7.5000  -37.5000  -15.0000 2344.0610   22.3172
   -7.5000  -30.0000  -15.0000 2456.2073   20.4459
    0.0000  -30.0000  -15.0000 2464.8938   20.3298
    7.5000  -30.0000  -15.0000 2434.6077   20.4170
   -7.5000  -22.5000  -15.0000 2527.0002   19.2631
    0.0000  -22.5000  -15.0000 2542.7061   19.1809
    7.5000  -22.5000  -15.0000 2512.8486   19.2045
   -7.5000  -15.0000  -15.0000 2561.8140   18.6806
    0.0000  -15.0000  -15.0000 2583.9575   18.6343
    7.5000  -15.0000  -15.0000 2551.5232   18.7408
   -7.5000   -7.5000  -15.0000 2597.9905   18.6917
    0.0000   -7.5000  -15.0000 2623.0706   18.6177
    7.5000   -7.5000  -15.0000 2586.0444   18.7079
   -7.5000    0.0000  -15.0000 2603.3792   19.0998
    0.0000    0.0000  -15.0000 2636.8271   19.0657
    7.5000    0.0000  -15.0000 2596.2905   19.1090
   -7.5000    7.5000  -15.0000 2589.7976   19.7137
    0.0000    7.5000  -15.0000 2620.0872   19.6829
    7.5000    7.5000  -15.0000 2576.0137   19.7446
   -7.5000   15.0000  -15.0000 2531.1895   20.5838
    0.0000   15.0000  -15.0000 2565.4385   20.5349
    7.5000   15.0000  -15.0000 2522.3481   20.6409
   -7.5000   22.5000  -15.0000 2451.8823   21.8853
    0.0000   22.5000  -15.0000 2483.7712   21.8377
    7.5000   22.5000  -15.0000 2440.5781   22.0457
   -7.5000   30.0000  -15.0000 2337.9241   23.6306
    0.0000   30.0000  -15.0000 2365.1743   23.5766
    7.5000   30.0000  -15.0000 2327.5334   23.7925
   -7.5000   37.5000  -15.0000 2197.9797   25.9541
    0.0000   37.5000  -15.0000 2216.3572   25.8608
    7.5000   37.5000  -15.0000 2187.9773   26.0993
   -7.5000   45.0000  -15.0000 2045.5830   29.0857
    0.0000   45.0000  -15.0000 2058.1597   29.0207
    7.5000   45.0000  -15.0000 2037.3899   29.3413
   -7.5000  -45.0000   -7.5000 2290.9373   23.5058
    0.0000  -45.0000   -7.5000 2290.0027   23.2731
    7.5000  -45.0000   -7.5000 2271.5007   23.6135
   -7.5000  -37.5000   -7.5000 2410.0161   21.1130
    0.0000  -37.5000   -7.5000 2416.7881   20.9112
    7.5000  -37.5000   -7.5000 2388.7395   21.2434
   -7.5000  -30.0000   -7.5000 2504.9475   19.3152
    0.0000  -30.0000   -7.5000 2516.6733   19.1446
    7.5000  -30.0000   -7.5000 2485.7153   19.3754
   -7.5000  -22.5000   -7.5000 2594.1064   18.1493
    0.0000  -22.5000   -7.5000 2610.3894   18.0448
    7.5000  -22.5000   -7.5000 2580.0171   18.1907
   -7.5000  -15.0000   -7.5000 2652.1138   17.5042
    0.0000  -15.0000   -7.5000 2672.9102   17.3920
    7.5000  -15.0000   -7.5000 2635.3125   17.5739
   -7.5000   -7.5000   -7.5000 2691.8528   17.4225
    0.0000   -7.5000   -7.5000 2715.3542   17.3654
    7.5000   -7.5000   -7.5000 2676.1162   17.5211
   -7.5000    0.0000   -7.5000 2701.9683   17.8628
    0.0000    0.0000   -7.5000 2734.2109   17.7749
    7.5000    0.0000   -7.5000 2683.6777   17.8645
   -7.5000    7.5000   -7.5000 2681.8262   18.4961
    0.0000    7.5000   -7.5000 2713.7573   18.4564
    7.5000    7.5000   -7.5000 2660.0229   18.5032
   -7.5000   15.0000   -7.5000 2623.8306   19.3810
    0.0000   15.0000   -7.5000 2657.1348   19.3485
    7.5000   15.0000   -7.5000 2604.2639   19.4591
   -7.5000   22.5000   -7.5000 2542.5676   20.6509
    0.0000   22.5000   -7.5000 2573.3284   20.5910
    7.5000   22.5000   -7.5000 2524.2532   20.7877
   -7.5000   30.0000   -7.5000 2418.0056   22.3103
    0.0000   30.0000   -7.5000 2442.4414   22.2549
    7.5000   30.0000   -7.5000 2404.1450   22.4517
   -7.5000   37.5000   -7.5000 2269.6929   24.5825
    0.0000   37.5000   -7.5000 2287.8462   24.5063
    7.5000   37.5000   -7.5000 2251.9768   24.7516
   -7.5000   45.0000   -7.5000 2107.7554   27.5956
    0.0000   45.0000   -7.5000 2119.5034   27.4732
    7.5000   45.0000   -7.5000 2095.4587   27.7176
   -7.5000  -45.0000    0.0000 2308.2336   22.4582
    0.0000  -45.0000    0.0000 2314.1982   22.3180
    7.5000  -45.0000    0.0000 2301.0164   22.8413
   -7.5000  -37.5000    0.0000 2431.5640   20.2318
    0.0000  -37.5000    0.0000 2445.2617   20.0796
    7.5000  -37.5000    0.0000 2430.2681   20.5890
   -7.5000  -30.0000    0.0000 2544.1082   18.5568
    0.0000  -30.0000    0.0000 2560.0469   18.3945
    7.5000  -30.0000    0.0000 2541.2693   18.8340
   -7.5000  -22.5000    0.0000 2643.6814   17.3799
    0.0000  -22.5000    0.0000 2666.4502   17.2557
    7.5000  -22.5000    0.0000 2642.1794   17.5984
   -7.5000  -15.0000    0.0000 2714.0784   16.6204
    0.0000  -15.0000    0.0000 2742.7454   16.5038
    7.5000  -15.0000    0.0000 2707.4727   16.8741
   -7.5000   -7.5000    0.0000 2764.7166   16.4589
    0.0000   -7.5000    0.0000 2796.1472   16.3661
    7.5000   -7.5000    0.0000 2752.3240   16.6937
   -7.5000    0.0000    0.0000 2779.1440   16.8440
    0.0000    0.0000    0.0000 2810.4724   16.7768
    7.5000    0.0000    0.0000 2761.0596   16.9897
   -7.5000    7.5000    0.0000 2758.6140   17.4755
    0.0000    7.5000    0.0000 2791.0779   17.4141
    7.5000    7.5000    0.0000 2734.3577   17.5967
   -7.5000   15.0000    0.0000 2694.2117   18.4319
    0.0000   15.0000    0.0000 2729.9060   18.3680
    7.5000   15.0000    0.0000 2682.2793   18.5527
   -7.5000   22.5000    0.0000 2601.8821   19.6955
    0.0000   22.5000    0.0000 2634.8044   19.6339
    7.5000   22.5000    0.0000 2591.8997   19.8374
   -7.5000   30.0000    0.0000 2471.2622   21.3678
    0.0000   30.0000    0.0000 2489.2197   21.3287
    7.5000   30.0000    0.0000 2457.4451   21.5414
   -7.5000   37.5000    0.0000 2316.7639   23.6924
    0.0000   37.5000    0.0000 2336.7729   23.6266
    7.5000   37.5000    0.0000 2303.5193   23.8549
   -7.5000   45.0000    0.0000 2151.1143   26.6152
    0.0000   45.0000    0.0000 2167.3672   26.4338
    7.5000   45.0000    0.0000 2142.2185   26.7278
   -7.5000  -45.0000    7.5000 2321.5701   21.7786
    0.0000  -45.0000    7.5000 2331.0305   21.7300
    7.5000  -45.0000    7.5000 2321.9885   22.3111
   -7.5000  -37.5000    7.5000 2456.3708   19.7039
    0.0000  -37.5000    7.5000 2471.3857   19.6259
    7.5000  -37.5000    7.5000 2455.2148   20.1801
   -7.5000  -30.0000    7.5000 2571.7498   18.1102
    0.0000  -30.0000    7.5000 2590.2444   17.9834
    7.5000  -30.0000    7.5000 2577.3843   18.5528
   -7.5000  -22.5000    7.5000 2688.3171   17.0029
    0.0000  -22.5000    7.5000 2711.0295   16.8322
    7.5000  -22.5000    7.5000 2691.9160   17.3205
   -7.5000  -15.0000    7.5000 2770.5764   16.1591
    0.0000  -15.0000    7.5000 2805.0276   16.0272
    7.5000  -15.0000    7.5000 2765.2620   16.4732
   -7.5000   -7.5000    7.5000 2825.4592   15.7852
    0.0000   -7.5000    7.5000 2868.2036   15.6001
    7.5000   -7.5000    7.5000 2807.8647   16.0972
   -7.5000    0.0000    7.5000 2840.8557   16.0470
    0.0000    0.0000    7.5000 2877.7549   15.9322
    7.5000    0.0000    7.5000 2814.7095   16.3109
   -7.5000    7.5000    7.5000 2815.2590   16.7439
    0.0000    7.5000    7.5000 2848.5593   16.6320
    7.5000    7.5000    7.5000 2800.6526   16.9756
   -7.5000   15.0000    7.5000 2739.9490   17.8311
    0.0000   15.0000    7.5000 2777.6865   17.7033
    7.5000   15.0000    7.5000 2732.4475   18.0212
   -7.5000   22.5000    7.5000 2634.5371   19.1419
    0.0000   22.5000    7.5000 2669.0918   19.0422
    7.5000   22.5000    7.5000 2637.2490   19.3479
   -7.5000   30.0000    7.5000 2500.7322   20.8664
    0.0000   30.0000    7.5000 2520.9285   20.7649
    7.5000   30.0000    7.5000 2493.0039   21.0956
   -7.5000   37.5000    7.5000 2345.6719   23.2112
    0.0000   37.5000    7.5000 2369.1794   23.0747
    7.5000   37.5000    7.5000 2339.4644   23.4144
   -7.5000   45.0000    7.5000 2174.6724   26.0546
    0.0000   45.0000    7.5000 2195.0647   25.8827
    7.5000   45.0000    7.5000 2169.8533   26.2935
   -7.5000  -45.0000   15.0000 2316.6975   21.5647
    0.0000  -45.0000   15.0000 2332.2166   21.4039
    7.5000  -45.0000   15.0000 2318.6714   22.0255
   -7.5000  -37.5000   15.0000 2458.8906   19.5098
    0.0000  -37.5000   15.0000 2476.0718   19.3343
    7.5000  -37.5000   15.0000 2456.4172   19.9692
   -7.5000  -30.0000   15.0000 2577.4512   17.9330
    0.0000  -30.0000   15.0000 2596.1572   17.7507
    7.5000  -30.0000   15.0000 2576.8403   18.3759
   -7.5000  -22.5000   15.0000 2694.0046   16.8224
    0.0000  -22.5000   15.0000 2716.5598   16.6219
    7.5000  -22.5000   15.0000 2693.4143   17.1578
   -7.5000  -15.0000   15.0000 2792.6304   16.0836
    0.0000  -15.0000   15.0000 2824.3960   15.9001
    7.5000  -15.0000   15.0000 2780.0046   16.3694
   -7.5000   -7.5000   15.0000 2850.8506   15.5167
    0.0000   -7.5000   15.0000 2886.9148   15.2940
    7.5000   -7.5000   15.0000 2825.4048   15.8573
   -7.5000    0.0000   15.0000 2869.5569   15.5815
    0.0000    0.0000   15.0000 2897.5217   15.3049
    7.5000    0.0000   15.0000 2843.8467   15.9620
   -7.5000    7.5000   15.0000 2838.4194   16.4236
    0.0000    7.5000   15.0000 2864.1587   16.1867
    7.5000    7.5000   15.0000 2824.3013   16.7574
   -7.5000   15.0000   15.0000 2751.5391   17.5711
    0.0000   15.0000   15.0000 2778.4683   17.3438
    7.5000   15.0000   15.0000 2739.0139   17.7754
   -7.5000   22.5000   15.0000 2636.5210   18.9478
    0.0000   22.5000   15.0000 2666.5527   18.7440
    7.5000   22.5000   15.0000 2633.4561   19.0599
   -7.5000   30.0000   15.0000 2497.5632   20.7208
    0.0000   30.0000   15.0000 2525.5679   20.5364
    7.5000   30.0000   15.0000 2493.6858   20.8261
   -7.5000   37.5000   15.0000 2350.1855   23.0011
    0.0000   37.5000   15.0000 2379.7717   22.9157
    7.5000   37.5000   15.0000 2342.9695   23.1617
   -7.5000   45.0000   15.0000 2182.3013   25.8390
    0.0000   45.0000   15.0000 2205.0442   25.7435
    7.5000   45.0000   15.0000 2178.0254   26.0430
   -7.5000  -45.0000   22.5000 2303.4553   21.6892
    0.0000  -45.0000   22.5000 2325.5752   21.6001
    7.5000  -45.0000   22.5000 2302.5012   22.2287
   -7.5000  -37.5000   22.5000 2443.0957   19.5856
    0.0000  -37.5000   22.5000 2464.5532   19.4300
    7.5000  -37.5000   22.5000 2433.7988   20.0398
   -7.5000  -30.0000   22.5000 2564.9148   18.0315
    0.0000  -30.0000   22.5000 2586.3936   17.8112
    7.5000  -30.0000   22.5000 2552.8184   18.4507
   -7.5000  -22.5000   22.5000 2673.2085   16.8862
    0.0000  -22.5000   22.5000 2699.1599   16.6317
    7.5000  -22.5000   22.5000 2663.8877   17.2275
   -7.5000  -15.0000   22.5000 2766.6882   16.1266
    0.0000  -15.0000   22.5000 2801.1978   15.8783
    7.5000  -15.0000   22.5000 2754.0850   16.4689
   -7.5000   -7.5000   22.5000 2836.4119   15.7507
    0.0000   -7.5000   22.5000 2867.0232   15.4659
    7.5000   -7.5000   22.5000 2821.1282   16.1000
   -7.5000    0.0000   22.5000 2877.7900   16.0028
    0.0000    0.0000   22.5000 2910.2043   15.7880
    7.5000    0.0000   22.5000 2856.5657   16.3147
   -7.5000    7.5000   22.5000 2834.9668   16.6984
    0.0000    7.5000   22.5000 2865.8726   16.5144
    7.5000    7.5000   22.5000 2818.6155   16.9210
   -7.5000   15.0000   22.5000 2739.0100   17.6485
    0.0000   15.0000   22.5000 2774.2014   17.4279
    7.5000   15.0000   22.5000 2729.6809   17.8158
   -7.5000   22.5000   22.5000 2619.4346   19.0483
    0.0000   22.5000   22.5000 2651.2861   18.8313
    7.5000   22.5000   22.5000 2615.7751   19.1435
   -7.5000   30.0000   22.5000 2487.4517   20.8868
    0.0000   30.0000   22.5000 2507.0476   20.6991
    7.5000   30.0000   22.5000 2481.3792   20.9304
   -7.5000   37.5000   22.5000 2344.1675   23.1451
    0.0000   37.5000   22.5000 2362.6914   23.0540
    7.5000   37.5000   22.5000 2335.4480   23.2744
   -7.5000   45.0000   22.5000 2172.5483   25.9913
    0.0000   45.0000   22.5000 2198.0171   25.9140
    7.5000   45.0000   22.5000 2172.6333   26.2049
   -7.5000  -45.0000   30.0000 2278.1848   22.2594
    0.0000  -45.0000   30.0000 2299.0247   22.0763
    7.5000  -45.0000   30.0000 2262.7175   22.6235
   -7.5000  -37.5000   30.0000 2403.7087   20.0649
    0.0000  -37.5000   30.0000 2430.9600   19.8871
    7.5000  -37.5000   30.0000 2391.0630   20.4263
   -7.5000  -30.0000   30.0000 2518.1699   18.4509
    0.0000  -30.0000   30.0000 2546.8181   18.2669
    7.5000  -30.0000   30.0000 2507.9648   18.8313
   -7.5000  -22.5000   30.0000 2620.8892   17.3462
    0.0000  -22.5000   30.0000 2646.8110   17.1533
    7.5000  -22.5000   30.0000 2606.7959   17.6713
   -7.5000  -15.0000   30.0000 2712.4741   16.6286
    0.0000  -15.0000   30.0000 2737.1025   16.3884
    7.5000  -15.0000   30.0000 2699.5688   16.9645
   -7.5000   -7.5000   30.0000 2790.8669   16.3854
    0.0000   -7.5000   30.0000 2814.7756   16.1873
    7.5000   -7.5000   30.0000 2778.8196   16.7329
   -7.5000    0.0000   30.0000 2815.1367   16.7278
    0.0000    0.0000   30.0000 2854.0210   16.5689
    7.5000    0.0000   30.0000 2803.4795   16.9227
   -7.5000    7.5000   30.0000 2780.0718   17.4193
    0.0000    7.5000   30.0000 2807.9541   17.2905
    7.5000    7.5000   30.0000 2766.7595   17.5337
   -7.5000   15.0000   30.0000 2689.3540   18.3101
    0.0000   15.0000   30.0000 2723.3530   18.2414
    7.5000   15.0000   30.0000 2680.3779   18.4830
   -7.5000   22.5000   30.0000 2581.3604   19.5612
    0.0000   22.5000   30.0000 2615.1384   19.5132
    7.5000   22.5000   30.0000 2568.8538   19.7264
   -7.5000   30.0000   30.0000 2450.2241   21.4115
    0.0000   30.0000   30.0000 2474.1272   21.3321
    7.5000   30.0000   30.0000 2438.1411   21.4852
   -7.5000   37.5000   30.0000 2308.8267   23.6846
    0.0000   37.5000   30.0000 2330.4360   23.5641
    7.5000   37.5000   30.0000 2302.1228   23.7326
   -7.5000   45.0000   30.0000 2143.1917   26.4415
    0.0000   45.0000   30.0000 2162.0691   26.2927
    7.5000   45.0000   30.0000 2140.3306   26.4927
   -7.5000  -45.0000   37.5000 2242.8997   23.1486
    0.0000  -45.0000   37.5000 2260.9175   22.8854
    7.5000  -45.0000   37.5000 2229.4749   23.4588
   -7.5000  -37.5000   37.5000 2361.7812   20.8861
    0.0000  -37.5000   37.5000 2385.5251   20.6877
    7.5000  -37.5000   37.5000 2340.6667   21.1466
   -7.5000  -30.0000   37.5000 2471.2412   19.2868
    0.0000  -30.0000   37.5000 2497.8521   19.1312
    7.5000  -30.0000   37.5000 2451.2917   19.5794
   -7.5000  -22.5000   37.5000 2570.9329   18.2344
    0.0000  -22.5000   37.5000 2599.7922   18.0665
    7.5000  -22.5000   37.5000 2556.3923   18.5100
   -7.5000  -15.0000   37.5000 2656.4644   17.5042
    0.0000  -15.0000   37.5000 2685.5667   17.3618
    7.5000  -15.0000   37.5000 2644.8733   17.8692
   -7.5000   -7.5000   37.5000 2717.1384   17.3279
    0.0000   -7.5000   37.5000 2736.4221   17.2078
    7.5000   -7.5000   37.5000 2705.6079   17.5964
   -7.5000    0.0000   37.5000 2728.2637   17.5960
    0.0000    0.0000   37.5000 2755.4097   17.4952
    7.5000    0.0000   37.5000 2723.0681   17.7860
   -7.5000    7.5000   37.5000 2694.9285   18.2473
    0.0000    7.5000   37.5000 2711.4783   18.1387
    7.5000    7.5000   37.5000 2684.0552   18.3804
   -7.5000   15.0000   37.5000 2612.9819   19.2375
    0.0000   15.0000   37.5000 2641.6729   19.0838
    7.5000   15.0000   37.5000 2602.3708   19.3953
   -7.5000   22.5000   37.5000 2516.9495   20.5424
    0.0000   22.5000   37.5000 2550.4365   20.4691
    7.5000   22.5000   37.5000 2502.7649   20.7258
   -7.5000   30.0000   37.5000 2401.7192   22.3315
    0.0000   30.0000   37.5000 2427.0847   22.2523
    7.5000   30.0000   37.5000 2386.8188   22.4412
   -7.5000   37.5000   37.5000 2260.5273   24.4860
    0.0000   37.5000   37.5000 2274.1143   24.3380
    7.5000   37.5000   37.5000 2249.0564   24.6051
   -7.5000   45.0000   37.5000 2099.4387   27.1965
    0.0000   45.0000   37.5000 2119.5964   27.0708
    7.5000   45.0000   37.5000 2090.0737   27.2797
   -7.5000  -45.0000   45.0000 2200.5925   24.3330
    0.0000  -45.0000   45.0000 2214.5364   24.1362
    7.5000  -45.0000   45.0000 2178.4524   24.6391
   -7.5000  -37.5000   45.0000 2319.1377   22.1409
    0.0000  -37.5000   45.0000 2339.2180   21.9951
    7.5000  -37.5000   45.0000 2289.2180   22.3659
   -7.5000  -30.0000   45.0000 2422.7375   20.5378
    0.0000  -30.0000   45.0000 2452.4514   20.4510
    7.5000  -30.0000   45.0000 2400.2908   20.8303
   -7.5000  -22.5000   45.0000 2516.2063   19.3965
    0.0000  -22.5000   45.0000 2553.4441   19.2961
    7.5000  -22.5000   45.0000 2493.5056   19.6916
   -7.5000  -15.0000   45.0000 2592.0122   18.6419
    0.0000  -15.0000   45.0000 2618.5413   18.5665
    7.5000  -15.0000   45.0000 2571.5776   18.9051
   -7.5000   -7.5000   45.0000 2634.3306   18.4980
    0.0000   -7.5000   45.0000 2653.7571   18.3708
    7.5000   -7.5000   45.0000 2620.6504   18.6719
   -7.5000    0.0000   45.0000 2627.9421   18.6882
    0.0000    0.0000   45.0000 2643.0737   18.5690
    7.5000    0.0000   45.0000 2619.8967   18.8603
   -7.5000    7.5000   45.0000 2589.0862   19.2580
    0.0000    7.5000   45.0000 2605.2605   19.1504
    7.5000    7.5000   45.0000 2582.9253   19.4110
   -7.5000   15.0000   45.0000 2516.4397   20.2471
    0.0000   15.0000   45.0000 2543.5938   20.1458
    7.5000   15.0000   45.0000 2511.9629   20.4424
   -7.5000   22.5000   45.0000 2432.9543   21.6556
    0.0000   22.5000   45.0000 2465.3267   21.5831
    7.5000   22.5000   45.0000 2425.5352   21.8698
   -7.5000   30.0000   45.0000 2325.0378   23.4381
    0.0000   30.0000   45.0000 2347.9211   23.4080
    7.5000   30.0000   45.0000 2314.5862   23.6589
   -7.5000   37.5000   45.0000 2192.4272   25.7158
    0.0000   37.5000   45.0000 2207.2363   25.6419
    7.5000   37.5000   45.0000 2183.9224   25.8556
   -7.5000   45.0000   45.0000 2044.6416   28.4492
    0.0000   45.0000   45.0000 2057.5217   28.2800
    7.5000   45.0000   45.0000 2036.6191   28.5561

---------------------------------------------------------------------
imgreg_4dfp /opt/freesurfer/average/711-2C_as_mni_average_305 /opt/freesurfer/average/711-2B_as_mni_average_305_mask talsrcimg_g11 none talsrcimg_to_711-2C_as_mni_average_305_t4 1283
---------------------------------------------------------------------

freesurfer imgreg_4dfp.c
/opt/freesurfer/average/711-2C_as_mni_average_305.4dfp.img
       256       256       256         1
  1.000000  1.000000  1.000000
orientation T byte_order littleendian
Reading image: /opt/freesurfer/average/711-2C_as_mni_average_305.4dfp.img
dimensions:      256       256       256
mmppix:       1.0000   -1.0000   -1.0000
center:     128.0000 -129.0000 -129.0000
/opt/freesurfer/average/711-2B_as_mni_average_305_mask.4dfp.img
       256       256       256         1
  1.000000  1.000000  1.000000
orientation T byte_order littleendian
Reading mask: /opt/freesurfer/average/711-2B_as_mni_average_305_mask.4dfp.img (2306576 pixels)
talsrcimg_g11.4dfp.img
       256       256       256         1
  1.000000  1.000000  1.000000
orientation T byte_order littleendian
Reading image: talsrcimg_g11.4dfp.img
dimensions:      256       256       256
mmppix:       1.0000   -1.0000   -1.0000
center:     128.0000 -129.0000 -129.0000
rotation matrix determinant  1.000000
fimgreg.f
image alignment mode   1283 decimal      503 hex
parameters
    0.0000    0.0000   22.5000    0.0000    0.0000    0.0000
eta,q 0.91138 15.64005
niter,ni,del,rscale     5    3   12.0000    1.2000
parameter  2  0.555589 ->  0.500000 qaram    1.1500
parameters
   -0.5555   -3.4500   20.2783   -0.3120   -0.6980   -1.7421
eta,q 0.91677 15.11626
  0.0935  0.0911  0.0866  0.0892  0.0907  0.0870
  0.0930  0.0850  0.0853  0.0880  0.0871  0.0838
  0.0918  0.0852  0.0830  0.0852  0.0839  0.0832
  0.0898  0.0894  0.0840  0.0833  0.0836  0.0835
  0.0896  0.0951  0.0880  0.0838  0.0862  0.0857
  0.0919  0.0996  0.0944  0.0872  0.0905  0.0905
  0.0984  0.1011  0.1011  0.0925  0.0935  0.0964
niter,ni,del,rscale     5    3   12.0000    1.2000
parameters
   -0.5703   -2.1487   19.3090   -0.9656   -0.6626   -1.7434
eta,q 0.91722 15.12262
  0.0924  0.1059  0.0878  0.0866  0.0896  0.0885
  0.0890  0.1026  0.0889  0.0858  0.0873  0.0854
  0.0851  0.0932  0.0853  0.0833  0.0841  0.0834
  0.0832  0.0832  0.0820  0.0829  0.0828  0.0828
  0.0839  0.0836  0.0849  0.0840  0.0837  0.0829
  0.0875  0.0908  0.0899  0.0854  0.0863  0.0848
  0.0940  0.0976  0.0961  0.0902  0.0901  0.0890
niter,ni,del,rscale     4    3   12.0000    1.2000
parameters
   -0.5717   -1.9233   18.1540   -3.0650    0.1028   -1.1717
eta,q 0.91498 14.91464
  0.0905  0.1010  0.0854  0.0853  0.0901  0.0892
  0.0881  0.0964  0.0890  0.0863  0.0892  0.0866
  0.0849  0.0889  0.0875  0.0855  0.0876  0.0853
  0.0828  0.0828  0.0828  0.0855  0.0856  0.0852
  0.0828  0.0870  0.0835  0.0859  0.0854  0.0845
  0.0862  0.0945  0.0882  0.0856  0.0871  0.0854
  0.0925  0.0998  0.0939  0.0880  0.0892  0.0880
niter,ni,del,rscale     3    3   12.0000    1.2000
parameter  4 12.491147 ->  0.500000 qaram    1.1500
parameters
   -1.0850   -2.0986   15.5189   -6.5150   -1.0619   -1.0293
eta,q 0.91513 14.87630
  0.0892  0.0965  0.0841  0.0829  0.0861  0.0866
  0.0872  0.0891  0.0857  0.0840  0.0857  0.0859
  0.0862  0.0880  0.0869  0.0860  0.0852  0.0851
  0.0850  0.0854  0.0857  0.0868  0.0846  0.0849
  0.0844  0.0848  0.0838  0.0887  0.0849  0.0843
  0.0872  0.0925  0.0869  0.0910  0.0867  0.0849
  0.0933  0.0972  0.0928  0.0916  0.0890  0.0872
niter,ni,del,rscale     3    3   12.0000    1.2000
parameter  3  0.600825 ->  0.500000 qaram    1.1500
parameter  4 -0.798335 -> -0.500000 qaram    1.3225
parameters
    0.1853   -1.7600   12.0689   -2.5475   -3.0176   -2.0353
eta,q 0.91893 15.18945
  0.0902  0.0957  0.0826  0.0918  0.0850  0.0826
  0.0865  0.0846  0.0844  0.0890  0.0819  0.0817
  0.0860  0.0813  0.0848  0.0875  0.0812  0.0812
  0.0849  0.0833  0.0837  0.0847  0.0823  0.0812
  0.0825  0.0862  0.0841  0.0828  0.0848  0.0816
  0.0828  0.0884  0.0863  0.0822  0.0882  0.0824
  0.0876  0.0887  0.0897  0.0835  0.0903  0.0845
niter,ni,del,rscale     4    3   12.0000    1.2000
parameters
   -0.8987   -2.2663   12.7819   -3.5082   -2.7521   -4.5441
eta,q 0.91790 15.10498
  0.0867  0.0974  0.0988  0.0892  0.0890  0.0831
  0.0828  0.0862  0.0858  0.0878  0.0855  0.0818
  0.0816  0.0809  0.0801  0.0849  0.0833  0.0822
  0.0811  0.0812  0.0806  0.0818  0.0826  0.0826
  0.0830  0.0874  0.0857  0.0840  0.0831  0.0835
  0.0864  0.0939  0.0896  0.0903  0.0855  0.0843
  0.0942  0.0970  0.0869  0.0949  0.0875  0.0862
niter,ni,del,rscale     3    3   12.0000    1.2000
parameters
   -0.7590   -2.3853   13.2248   -3.7135   -1.5503   -3.2050
eta,q 0.91691 15.05848
  0.0907  0.0986  0.0943  0.0911  0.0896  0.0882
  0.0856  0.0872  0.0823  0.0879  0.0864  0.0842
  0.0837  0.0822  0.0805  0.0856  0.0839  0.0823
  0.0821  0.0821  0.0819  0.0828  0.0829  0.0826
  0.0828  0.0864  0.0864  0.0838  0.0827  0.0834
  0.0855  0.0918  0.0883  0.0887  0.0839  0.0838
  0.0899  0.0958  0.0854  0.0925  0.0857  0.0835
niter,ni,del,rscale     2    3   12.0000    1.2000
parameters
   -0.8153   -2.5239   13.5059   -4.1893   -1.6639   -2.8193
eta,q 0.91598 15.00658
  0.0896  0.0989  0.0922  0.0907  0.0871  0.0859
  0.0857  0.0858  0.0816  0.0865  0.0846  0.0831
  0.0843  0.0813  0.0809  0.0857  0.0843  0.0830
  0.0831  0.0831  0.0830  0.0834  0.0838  0.0838
  0.0839  0.0872  0.0864  0.0831  0.0844  0.0845
  0.0855  0.0915  0.0879  0.0885  0.0857  0.0842
  0.0902  0.0948  0.0847  0.0934  0.0867  0.0841
niter,ni,del,rscale     1    3   12.0000    1.2000
parameters
   -0.6558   -2.5317   13.3643   -4.1203   -2.1478   -3.1135
eta,q 0.91635 15.01297
  0.0897  0.0996  0.0910  0.0914  0.0871  0.0852
  0.0859  0.0864  0.0812  0.0872  0.0845  0.0828
  0.0849  0.0818  0.0815  0.0862  0.0839  0.0830
  0.0840  0.0840  0.0840  0.0838  0.0837  0.0838
  0.0840  0.0873  0.0867  0.0823  0.0848  0.0843
  0.0849  0.0913  0.0879  0.0868  0.0863  0.0839
  0.0897  0.0946  0.0854  0.0925  0.0872  0.0843
registration optimization eta report
parameter search radius
    6.0000    6.9000    6.9000    7.9350    6.0000    6.0000
100000*second partial in parameter space
       16.       29.        9.       13.        9.        3.
  0.0897  0.0996  0.0910  0.0914  0.0871  0.0852
  0.0859  0.0864  0.0812  0.0872  0.0845  0.0828
  0.0849  0.0818  0.0815  0.0862  0.0839  0.0830
  0.0840  0.0840  0.0840  0.0838  0.0837  0.0838
  0.0840  0.0873  0.0867  0.0823  0.0848  0.0843
  0.0849  0.0913  0.0879  0.0868  0.0863  0.0839
  0.0897  0.0946  0.0854  0.0925  0.0872  0.0843
   -0.6558   -2.5317   13.3643   -4.1203   -2.1478   -3.1135
eta,q 0.91635 15.01297

---------------------------------------------------------------------
imgreg_4dfp /opt/freesurfer/average/711-2C_as_mni_average_305 /opt/freesurfer/average/711-2B_as_mni_average_305_mask talsrcimg_g11 none talsrcimg_to_711-2C_as_mni_average_305_t4 3335
---------------------------------------------------------------------

freesurfer imgreg_4dfp.c
/opt/freesurfer/average/711-2C_as_mni_average_305.4dfp.img
       256       256       256         1
  1.000000  1.000000  1.000000
orientation T byte_order littleendian
Reading image: /opt/freesurfer/average/711-2C_as_mni_average_305.4dfp.img
dimensions:      256       256       256
mmppix:       1.0000   -1.0000   -1.0000
center:     128.0000 -129.0000 -129.0000
/opt/freesurfer/average/711-2B_as_mni_average_305_mask.4dfp.img
       256       256       256         1
  1.000000  1.000000  1.000000
orientation T byte_order littleendian
Reading mask: /opt/freesurfer/average/711-2B_as_mni_average_305_mask.4dfp.img (2306576 pixels)
talsrcimg_g11.4dfp.img
       256       256       256         1
  1.000000  1.000000  1.000000
orientation T byte_order littleendian
Reading image: talsrcimg_g11.4dfp.img
dimensions:      256       256       256
mmppix:       1.0000   -1.0000   -1.0000
center:     128.0000 -129.0000 -129.0000
fimgreg.f
image alignment mode   3335 decimal      D07 hex
parameters
   -0.6558   -2.5317   13.3643   -0.2178   -0.3911   -0.3285
    5.1484    4.1228   -5.4275    6.9714   -3.7477   -7.1800
eta,q 0.91721 15.03830
niter,ni,del,rscale     5    3    5.0000    1.2000
parameter  2 -0.623334 -> -0.500000 qaram    1.1500
parameter  4  4.113771 ->  0.500000 qaram    1.1500
parameter  5  5.225338 ->  0.500000 qaram    1.1500
parameter  6 18.306831 ->  0.500000 qaram    1.1500
parameter  8  0.608419 ->  0.500000 qaram    1.1500
parameters
   -1.2354   -1.1517   14.0730   -4.3578   -4.5311   -4.4685
    3.4896   -0.0172   -5.7653   10.0492   -4.3109  -10.1970
eta,q 0.94111 14.43631
  0.0838  0.0857  0.0839  0.0716  0.0657  0.0568  0.0626  0.0607  0.0612  0.0642  0.0608  0.0596
  0.0830  0.0844  0.0831  0.0747  0.0690  0.0601  0.0617  0.0598  0.0603  0.0625  0.0599  0.0591
  0.0826  0.0833  0.0825  0.0782  0.0723  0.0650  0.0612  0.0602  0.0599  0.0608  0.0594  0.0589
  0.0828  0.0826  0.0822  0.0822  0.0756  0.0699  0.0613  0.0612  0.0598  0.0598  0.0592  0.0592
  0.0834  0.0823  0.0822  0.0866  0.0789  0.0740  0.0620  0.0627  0.0600  0.0592  0.0596  0.0600
  0.0843  0.0822  0.0824  0.0912  0.0829  0.0780  0.0631  0.0650  0.0606  0.0595  0.0603  0.0609
  0.0856  0.0823  0.0826  0.0958  0.0875  0.0832  0.0648  0.0675  0.0614  0.0602  0.0612  0.0619
niter,ni,del,rscale     7    3    5.0000    1.2000
parameter  2 -0.583459 -> -0.500000 qaram    1.3225
parameter  3 -0.867351 -> -0.500000 qaram    1.1500
parameter  4  1.756315 ->  0.500000 qaram    1.3225
parameter  5  3.360763 ->  0.500000 qaram    1.3225
parameter  6  0.935059 ->  0.500000 qaram    1.3225
parameter 12  1.128489 ->  0.500000 qaram    1.1500
parameters
   -0.9651    0.4353   15.4530   -9.1188   -9.2921   -9.2295
    4.0079    2.5077   -3.0510    9.0710   -2.7967  -14.3370
eta,q 0.96358 14.40609
  0.0628  0.0645  0.0629  0.0479  0.0392  0.0383  0.0425  0.0476  0.0422  0.0417  0.0405  0.0360
  0.0610  0.0621  0.0611  0.0498  0.0424  0.0391  0.0409  0.0444  0.0406  0.0395  0.0394  0.0363
  0.0596  0.0602  0.0594  0.0528  0.0462  0.0404  0.0399  0.0414  0.0393  0.0384  0.0386  0.0369
  0.0589  0.0588  0.0581  0.0569  0.0506  0.0435  0.0394  0.0393  0.0385  0.0382  0.0382  0.0380
  0.0590  0.0582  0.0572  0.0621  0.0555  0.0490  0.0395  0.0385  0.0382  0.0390  0.0381  0.0396
  0.0599  0.0581  0.0568  0.0675  0.0605  0.0560  0.0403  0.0392  0.0384  0.0413  0.0384  0.0414
  0.0615  0.0584  0.0569  0.0736  0.0660  0.0624  0.0418  0.0419  0.0391  0.0443  0.0392  0.0435
niter,ni,del,rscale     7    3    5.0000    1.2000
parameter  5  0.837591 ->  0.500000 qaram    1.5209
parameter 10 -1.110397 -> -0.500000 qaram    1.1500
parameter 12  1.289093 ->  0.500000 qaram    1.3225
parameters
   -1.1904    1.9046   15.2487  -13.7730  -14.7673  -11.3766
    3.5606    1.3693   -4.0126   13.2110   -3.6360  -19.0980
eta,q 0.97313 14.14945
  0.0399  0.0443  0.0373  0.0357  0.0311  0.0329  0.0338  0.0351  0.0329  0.0385  0.0292  0.0266
  0.0377  0.0408  0.0361  0.0344  0.0308  0.0318  0.0324  0.0324  0.0317  0.0356  0.0287  0.0267
  0.0366  0.0381  0.0354  0.0340  0.0321  0.0313  0.0314  0.0311  0.0311  0.0331  0.0285  0.0274
  0.0364  0.0364  0.0353  0.0353  0.0340  0.0310  0.0312  0.0311  0.0310  0.0309  0.0285  0.0285
  0.0372  0.0354  0.0357  0.0391  0.0370  0.0305  0.0316  0.0323  0.0315  0.0293  0.0287  0.0297
  0.0389  0.0355  0.0365  0.0448  0.0408  0.0334  0.0328  0.0345  0.0327  0.0283  0.0291  0.0311
  0.0414  0.0367  0.0380  0.0514  0.0459  0.0418  0.0346  0.0379  0.0342  0.0281  0.0296  0.0327
niter,ni,del,rscale     7    3    5.0000    1.2000
parameter 12  0.573126 ->  0.500000 qaram    1.5209
parameters
   -1.0036    2.6609   14.7341  -13.6599  -16.9522  -11.2673
    3.3215    1.8010   -3.6423   16.9581   -3.5750  -24.5731
eta,q 0.97629 14.16992
  0.0318  0.0352  0.0278  0.0319  0.0309  0.0308  0.0295  0.0334  0.0292  0.0339  0.0260  0.0246
  0.0293  0.0315  0.0269  0.0295  0.0282  0.0285  0.0276  0.0294  0.0276  0.0304  0.0253  0.0237
  0.0276  0.0286  0.0264  0.0276  0.0264  0.0270  0.0264  0.0269  0.0265  0.0278  0.0249  0.0239
  0.0269  0.0268  0.0265  0.0264  0.0263  0.0261  0.0261  0.0260  0.0261  0.0261  0.0248  0.0248
  0.0271  0.0265  0.0270  0.0264  0.0286  0.0253  0.0266  0.0267  0.0263  0.0250  0.0250  0.0262
  0.0283  0.0277  0.0279  0.0283  0.0318  0.0260  0.0280  0.0286  0.0272  0.0250  0.0254  0.0280
  0.0305  0.0300  0.0292  0.0327  0.0366  0.0326  0.0300  0.0318  0.0287  0.0265  0.0259  0.0301
niter,ni,del,rscale     7    3    5.0000    1.2000
parameters
   -0.9224    3.2346   14.2303  -13.3018  -17.9497  -11.2958
    3.1651    2.0829   -3.6044   18.3700   -3.7120  -24.1616
eta,q 0.97678 14.17471
  0.0285  0.0324  0.0251  0.0295  0.0300  0.0299  0.0272  0.0313  0.0264  0.0304  0.0244  0.0292
  0.0260  0.0285  0.0240  0.0269  0.0270  0.0271  0.0252  0.0268  0.0248  0.0269  0.0236  0.0255
  0.0244  0.0254  0.0235  0.0248  0.0245  0.0250  0.0238  0.0241  0.0237  0.0246  0.0232  0.0234
  0.0237  0.0237  0.0235  0.0234  0.0233  0.0234  0.0234  0.0234  0.0234  0.0234  0.0232  0.0232
  0.0241  0.0237  0.0240  0.0232  0.0251  0.0220  0.0239  0.0241  0.0238  0.0232  0.0233  0.0240
  0.0255  0.0252  0.0252  0.0252  0.0285  0.0246  0.0254  0.0262  0.0248  0.0242  0.0237  0.0255
  0.0279  0.0280  0.0270  0.0298  0.0334  0.0328  0.0276  0.0301  0.0263  0.0270  0.0244  0.0277
niter,ni,del,rscale     6    3    5.0000    1.2000
parameters
   -0.9181    3.4364   14.0681  -12.9899  -18.1043  -11.3062
    3.2301    2.2223   -3.5610   18.3716   -3.6025  -24.1244
eta,q 0.97685 14.18013
  0.0277  0.0302  0.0251  0.0294  0.0306  0.0300  0.0272  0.0312  0.0262  0.0286  0.0244  0.0287
  0.0253  0.0267  0.0240  0.0268  0.0275  0.0273  0.0251  0.0267  0.0245  0.0256  0.0236  0.0251
  0.0238  0.0243  0.0234  0.0247  0.0248  0.0251  0.0237  0.0239  0.0235  0.0239  0.0232  0.0232
  0.0232  0.0232  0.0232  0.0232  0.0231  0.0231  0.0231  0.0231  0.0231  0.0231  0.0231  0.0231
  0.0237  0.0237  0.0235  0.0230  0.0240  0.0214  0.0236  0.0239  0.0235  0.0235  0.0233  0.0241
  0.0252  0.0256  0.0243  0.0251  0.0273  0.0241  0.0249  0.0263  0.0245  0.0251  0.0236  0.0257
  0.0277  0.0287  0.0257  0.0298  0.0318  0.0333  0.0271  0.0306  0.0261  0.0290  0.0243  0.0279
niter,ni,del,rscale     5    3    5.0000    1.2000
parameters
   -0.9201    3.4395   14.0276  -12.9322  -18.1126  -11.3328
    3.2329    2.2180   -3.5633   18.3738   -3.5769  -24.1331
eta,q 0.97685 14.18102
  0.0276  0.0294  0.0252  0.0292  0.0308  0.0299  0.0272  0.0309  0.0261  0.0286  0.0244  0.0286
  0.0252  0.0261  0.0240  0.0267  0.0276  0.0273  0.0251  0.0265  0.0245  0.0256  0.0236  0.0251
  0.0237  0.0239  0.0234  0.0246  0.0249  0.0251  0.0237  0.0238  0.0235  0.0239  0.0232  0.0232
  0.0231  0.0231  0.0232  0.0232  0.0231  0.0231  0.0232  0.0232  0.0232  0.0232  0.0232  0.0232
  0.0236  0.0239  0.0233  0.0230  0.0239  0.0214  0.0236  0.0240  0.0236  0.0235  0.0233  0.0241
  0.0252  0.0261  0.0241  0.0254  0.0271  0.0241  0.0250  0.0265  0.0246  0.0251  0.0236  0.0257
  0.0277  0.0293  0.0254  0.0303  0.0315  0.0334  0.0272  0.0309  0.0261  0.0291  0.0243  0.0279
niter,ni,del,rscale     4    3    5.0000    1.2000
parameters
   -0.9229    3.4388   14.0180  -12.9262  -18.1106  -11.3425
    3.2357    2.2154   -3.5661   18.3783   -3.5606  -24.1373
eta,q 0.97684 14.18112
  0.0276  0.0294  0.0253  0.0292  0.0308  0.0300  0.0272  0.0309  0.0261  0.0286  0.0244  0.0286
  0.0252  0.0260  0.0241  0.0266  0.0276  0.0273  0.0251  0.0265  0.0245  0.0256  0.0236  0.0251
  0.0237  0.0239  0.0234  0.0245  0.0250  0.0251  0.0237  0.0238  0.0235  0.0239  0.0232  0.0232
  0.0232  0.0232  0.0232  0.0232  0.0231  0.0231  0.0232  0.0232  0.0232  0.0232  0.0232  0.0232
  0.0236  0.0239  0.0233  0.0231  0.0239  0.0214  0.0236  0.0240  0.0236  0.0235  0.0233  0.0241
  0.0252  0.0261  0.0240  0.0255  0.0271  0.0241  0.0250  0.0265  0.0246  0.0251  0.0237  0.0257
  0.0277  0.0293  0.0254  0.0304  0.0315  0.0334  0.0272  0.0309  0.0261  0.0290  0.0243  0.0279
registration optimization eta report
parameter search radius
    2.4000    3.1740    2.7600    9.5220   10.9503    9.5220
    7.2000    8.2800    7.2000    8.2800    7.2000   10.9503
100000*second partial in parameter space
       78.       61.       29.        7.        6.       10.
        8.       11.        6.        8.        2.        4.
  0.0276  0.0294  0.0253  0.0292  0.0308  0.0300  0.0272  0.0309  0.0261  0.0286  0.0244  0.0286
  0.0252  0.0260  0.0241  0.0266  0.0276  0.0273  0.0251  0.0265  0.0245  0.0256  0.0236  0.0251
  0.0237  0.0239  0.0234  0.0245  0.0250  0.0251  0.0237  0.0238  0.0235  0.0239  0.0232  0.0232
  0.0232  0.0232  0.0232  0.0232  0.0231  0.0231  0.0232  0.0232  0.0232  0.0232  0.0232  0.0232
  0.0236  0.0239  0.0233  0.0231  0.0239  0.0214  0.0236  0.0240  0.0236  0.0235  0.0233  0.0241
  0.0252  0.0261  0.0240  0.0255  0.0271  0.0241  0.0250  0.0265  0.0246  0.0251  0.0237  0.0257
  0.0277  0.0293  0.0254  0.0304  0.0315  0.0334  0.0272  0.0309  0.0261  0.0290  0.0243  0.0279
   -0.9229    3.4388   14.0180  -12.9262  -18.1106  -11.3425
    3.2357    2.2154   -3.5661   18.3783   -3.5606  -24.1373
eta,q 0.97684 14.18112

---------------------------------------------------------------------
imgreg_4dfp /opt/freesurfer/average/711-2C_as_mni_average_305 /opt/freesurfer/average/711-2B_as_mni_average_305_mask talsrcimg_g11 none talsrcimg_to_711-2C_as_mni_average_305_t4 2311
---------------------------------------------------------------------

freesurfer imgreg_4dfp.c
/opt/freesurfer/average/711-2C_as_mni_average_305.4dfp.img
       256       256       256         1
  1.000000  1.000000  1.000000
orientation T byte_order littleendian
Reading image: /opt/freesurfer/average/711-2C_as_mni_average_305.4dfp.img
dimensions:      256       256       256
mmppix:       1.0000   -1.0000   -1.0000
center:     128.0000 -129.0000 -129.0000
/opt/freesurfer/average/711-2B_as_mni_average_305_mask.4dfp.img
       256       256       256         1
  1.000000  1.000000  1.000000
orientation T byte_order littleendian
Reading mask: /opt/freesurfer/average/711-2B_as_mni_average_305_mask.4dfp.img (2306576 pixels)
talsrcimg_g11.4dfp.img
       256       256       256         1
  1.000000  1.000000  1.000000
orientation T byte_order littleendian
Reading image: talsrcimg_g11.4dfp.img
dimensions:      256       256       256
mmppix:       1.0000   -1.0000   -1.0000
center:     128.0000 -129.0000 -129.0000
fimgreg.f
image alignment mode   2311 decimal      907 hex
parameters
   -0.9229    3.4388   14.0180  -12.9262  -18.1106  -11.3425
    3.2357    2.2154   -3.5661   18.3783   -3.5606  -24.1373
eta,q 0.97685 14.18112
niter,ni,del,rscale     5    3    5.0000    0.8000
parameter  6 -0.885685 -> -0.500000 qaram    1.1500
parameters
   -0.9129    3.4328   14.0700  -11.5841  -17.6777   -8.5825
    3.3345    2.4963   -3.4674   18.7834   -2.9807  -24.7143
eta,q 0.97877 14.31707
  0.0252  0.0248  0.0239  0.0255  0.0254  0.0261  0.0237  0.0261  0.0232  0.0253  0.0228  0.0226
  0.0241  0.0239  0.0235  0.0246  0.0243  0.0250  0.0225  0.0237  0.0222  0.0235  0.0220  0.0217
  0.0234  0.0233  0.0233  0.0237  0.0234  0.0239  0.0217  0.0221  0.0216  0.0221  0.0215  0.0212
  0.0232  0.0232  0.0232  0.0232  0.0229  0.0229  0.0214  0.0214  0.0214  0.0214  0.0213  0.0213
  0.0234  0.0234  0.0232  0.0229  0.0229  0.0219  0.0216  0.0217  0.0216  0.0214  0.0214  0.0217
  0.0240  0.0239  0.0234  0.0231  0.0236  0.0213  0.0223  0.0230  0.0221  0.0224  0.0216  0.0224
  0.0252  0.0249  0.0238  0.0240  0.0248  0.0221  0.0235  0.0252  0.0230  0.0244  0.0222  0.0233
niter,ni,del,rscale     5    3    5.0000    0.8000
parameters
   -1.0732    3.3466   14.3442  -12.3080  -18.1482   -9.0679
    3.3268    2.1839   -3.5205   19.1411   -3.1038  -25.1671
eta,q 0.97862 14.29062
  0.0233  0.0231  0.0233  0.0229  0.0234  0.0250  0.0235  0.0247  0.0230  0.0246  0.0223  0.0226
  0.0220  0.0220  0.0222  0.0220  0.0223  0.0237  0.0224  0.0228  0.0222  0.0231  0.0218  0.0218
  0.0213  0.0214  0.0215  0.0214  0.0215  0.0224  0.0217  0.0217  0.0216  0.0220  0.0215  0.0214
  0.0212  0.0212  0.0212  0.0212  0.0212  0.0212  0.0215  0.0215  0.0215  0.0215  0.0214  0.0214
  0.0217  0.0215  0.0212  0.0216  0.0217  0.0212  0.0217  0.0220  0.0217  0.0215  0.0215  0.0217
  0.0227  0.0223  0.0216  0.0228  0.0229  0.0235  0.0224  0.0234  0.0222  0.0223  0.0219  0.0223
  0.0243  0.0236  0.0222  0.0248  0.0247  0.0286  0.0236  0.0256  0.0231  0.0240  0.0224  0.0230
niter,ni,del,rscale     4    3    5.0000    0.7000
parameters
   -1.0540    3.4301   14.1796  -12.0300  -18.1863   -9.0282
    3.3463    2.2646   -3.5264   19.3994   -3.0370  -25.4130
eta,q 0.97874 14.30166
  0.0233  0.0231  0.0221  0.0232  0.0233  0.0247  0.0229  0.0244  0.0225  0.0238  0.0221  0.0224
  0.0222  0.0222  0.0216  0.0224  0.0224  0.0235  0.0220  0.0227  0.0219  0.0226  0.0216  0.0216
  0.0216  0.0216  0.0214  0.0217  0.0217  0.0224  0.0215  0.0217  0.0214  0.0217  0.0214  0.0213
  0.0214  0.0214  0.0214  0.0214  0.0213  0.0213  0.0213  0.0213  0.0213  0.0213  0.0213  0.0213
  0.0216  0.0215  0.0216  0.0213  0.0215  0.0210  0.0215  0.0216  0.0214  0.0214  0.0213  0.0215
  0.0222  0.0219  0.0219  0.0218  0.0223  0.0224  0.0220  0.0226  0.0219  0.0221  0.0216  0.0219
  0.0232  0.0228  0.0225  0.0230  0.0236  0.0258  0.0229  0.0242  0.0225  0.0234  0.0220  0.0225
niter,ni,del,rscale     3    3    5.0000    0.6000
parameters
   -1.0652    3.4629   14.1400  -11.9495  -18.2180   -8.7830
    3.3355    2.2806   -3.5228   19.5177   -2.9772  -25.5420
eta,q 0.97889 14.30830
  0.0226  0.0225  0.0220  0.0226  0.0228  0.0242  0.0223  0.0235  0.0221  0.0231  0.0218  0.0220
  0.0219  0.0218  0.0215  0.0220  0.0221  0.0232  0.0217  0.0222  0.0216  0.0221  0.0214  0.0214
  0.0214  0.0214  0.0213  0.0215  0.0215  0.0222  0.0213  0.0214  0.0212  0.0214  0.0212  0.0212
  0.0213  0.0213  0.0213  0.0213  0.0212  0.0213  0.0211  0.0211  0.0211  0.0211  0.0211  0.0211
  0.0214  0.0214  0.0214  0.0213  0.0214  0.0209  0.0213  0.0214  0.0212  0.0213  0.0212  0.0213
  0.0219  0.0217  0.0216  0.0217  0.0220  0.0219  0.0217  0.0222  0.0216  0.0218  0.0214  0.0216
  0.0227  0.0224  0.0220  0.0227  0.0230  0.0243  0.0224  0.0235  0.0221  0.0229  0.0217  0.0221
niter,ni,del,rscale     2    3    5.0000    0.5000
parameters
   -1.0791    3.4766   14.1752  -11.9217  -18.2622   -8.5005
    3.3302    2.2787   -3.5203   19.5667   -2.9397  -25.6075
eta,q 0.97900 14.31217
  0.0221  0.0220  0.0217  0.0221  0.0223  0.0235  0.0219  0.0227  0.0217  0.0224  0.0215  0.0217
  0.0215  0.0215  0.0214  0.0216  0.0217  0.0227  0.0214  0.0218  0.0213  0.0217  0.0212  0.0213
  0.0212  0.0212  0.0212  0.0213  0.0213  0.0218  0.0211  0.0212  0.0211  0.0212  0.0211  0.0210
  0.0211  0.0211  0.0211  0.0211  0.0211  0.0211  0.0210  0.0210  0.0210  0.0210  0.0210  0.0210
  0.0212  0.0212  0.0212  0.0212  0.0212  0.0209  0.0211  0.0212  0.0211  0.0211  0.0211  0.0211
  0.0216  0.0215  0.0213  0.0215  0.0217  0.0216  0.0214  0.0218  0.0213  0.0216  0.0212  0.0213
  0.0221  0.0219  0.0216  0.0221  0.0224  0.0233  0.0219  0.0227  0.0217  0.0224  0.0214  0.0217
niter,ni,del,rscale     1    3    5.0000    0.4000
parameters
   -1.0887    3.4843   14.2328  -11.9146  -18.3179   -8.2353
    3.3372    2.2697   -3.5319   19.5680   -2.9176  -25.6305
eta,q 0.97909 14.31367
  0.0216  0.0216  0.0215  0.0216  0.0218  0.0228  0.0215  0.0221  0.0214  0.0219  0.0212  0.0214
  0.0213  0.0213  0.0212  0.0213  0.0214  0.0221  0.0212  0.0214  0.0211  0.0213  0.0211  0.0211
  0.0211  0.0211  0.0210  0.0211  0.0211  0.0215  0.0210  0.0210  0.0210  0.0210  0.0210  0.0209
  0.0210  0.0210  0.0210  0.0210  0.0210  0.0210  0.0209  0.0209  0.0209  0.0209  0.0209  0.0209
  0.0211  0.0211  0.0210  0.0210  0.0211  0.0209  0.0210  0.0210  0.0210  0.0210  0.0210  0.0210
  0.0213  0.0212  0.0211  0.0213  0.0214  0.0214  0.0212  0.0215  0.0211  0.0213  0.0210  0.0211
  0.0217  0.0215  0.0213  0.0217  0.0219  0.0225  0.0215  0.0221  0.0214  0.0219  0.0212  0.0214
registration optimization eta report
parameter search radius
    0.8000    0.8000    0.8000    2.4000    2.4000    2.7600
    2.4000    2.4000    2.4000    2.4000    2.4000    2.4000
100000*second partial in parameter space
      101.       86.       62.       11.       14.       22.
       10.       20.        8.       16.        5.        8.
  0.0216  0.0216  0.0215  0.0216  0.0218  0.0228  0.0215  0.0221  0.0214  0.0219  0.0212  0.0214
  0.0213  0.0213  0.0212  0.0213  0.0214  0.0221  0.0212  0.0214  0.0211  0.0213  0.0211  0.0211
  0.0211  0.0211  0.0210  0.0211  0.0211  0.0215  0.0210  0.0210  0.0210  0.0210  0.0210  0.0209
  0.0210  0.0210  0.0210  0.0210  0.0210  0.0210  0.0209  0.0209  0.0209  0.0209  0.0209  0.0209
  0.0211  0.0211  0.0210  0.0210  0.0211  0.0209  0.0210  0.0210  0.0210  0.0210  0.0210  0.0210
  0.0213  0.0212  0.0211  0.0213  0.0214  0.0214  0.0212  0.0215  0.0211  0.0213  0.0210  0.0211
  0.0217  0.0215  0.0213  0.0217  0.0219  0.0225  0.0215  0.0221  0.0214  0.0219  0.0212  0.0214
   -1.0887    3.4843   14.2328  -11.9146  -18.3179   -8.2353
    3.3372    2.2697   -3.5319   19.5680   -2.9176  -25.6305
eta,q 0.97909 14.31367

---------------------------------------------------------------------
imgreg_4dfp /opt/freesurfer/average/711-2C_as_mni_average_305 /opt/freesurfer/average/711-2B_as_mni_average_305_mask talsrcimg_g11 none talsrcimg_to_711-2C_as_mni_average_305_t4 2311
---------------------------------------------------------------------

freesurfer imgreg_4dfp.c
/opt/freesurfer/average/711-2C_as_mni_average_305.4dfp.img
       256       256       256         1
  1.000000  1.000000  1.000000
orientation T byte_order littleendian
Reading image: /opt/freesurfer/average/711-2C_as_mni_average_305.4dfp.img
dimensions:      256       256       256
mmppix:       1.0000   -1.0000   -1.0000
center:     128.0000 -129.0000 -129.0000
/opt/freesurfer/average/711-2B_as_mni_average_305_mask.4dfp.img
       256       256       256         1
  1.000000  1.000000  1.000000
orientation T byte_order littleendian
Reading mask: /opt/freesurfer/average/711-2B_as_mni_average_305_mask.4dfp.img (2306576 pixels)
talsrcimg_g11.4dfp.img
       256       256       256         1
  1.000000  1.000000  1.000000
orientation T byte_order littleendian
Reading image: talsrcimg_g11.4dfp.img
dimensions:      256       256       256
mmppix:       1.0000   -1.0000   -1.0000
center:     128.0000 -129.0000 -129.0000
fimgreg.f
image alignment mode   2311 decimal      907 hex
parameters
   -1.0887    3.4843   14.2328  -11.9146  -18.3179   -8.2353
    3.3372    2.2697   -3.5319   19.5680   -2.9176  -25.6305
eta,q 0.97908 14.31367
niter,ni,del,rscale     5    3    5.0000    0.8000
parameters
   -1.0980    3.4715   14.3521  -12.4009  -18.5501   -8.7100
    3.3476    2.1899   -3.5367   19.5011   -3.0826  -25.3704
eta,q 0.97880 14.28785
  0.0234  0.0230  0.0229  0.0229  0.0234  0.0243  0.0233  0.0249  0.0227  0.0241  0.0221  0.0230
  0.0220  0.0219  0.0218  0.0219  0.0223  0.0231  0.0221  0.0228  0.0219  0.0226  0.0215  0.0219
  0.0212  0.0212  0.0212  0.0212  0.0214  0.0219  0.0214  0.0216  0.0214  0.0216  0.0213  0.0213
  0.0209  0.0209  0.0209  0.0209  0.0210  0.0210  0.0212  0.0212  0.0212  0.0212  0.0212  0.0212
  0.0212  0.0212  0.0211  0.0212  0.0213  0.0212  0.0214  0.0217  0.0214  0.0215  0.0213  0.0214
  0.0221  0.0219  0.0215  0.0223  0.0224  0.0233  0.0221  0.0230  0.0219  0.0225  0.0217  0.0219
  0.0235  0.0231  0.0223  0.0243  0.0242  0.0275  0.0233  0.0252  0.0227  0.0245  0.0222  0.0225
niter,ni,del,rscale     4    3    5.0000    0.7000
parameters
   -1.0627    3.4987   14.2127  -12.0874  -18.3919   -8.7059
    3.3508    2.2752   -3.5260   19.4777   -3.0176  -25.4229
eta,q 0.97889 14.30036
  0.0231  0.0228  0.0221  0.0231  0.0233  0.0241  0.0228  0.0244  0.0224  0.0235  0.0220  0.0224
  0.0221  0.0219  0.0215  0.0222  0.0224  0.0230  0.0219  0.0226  0.0217  0.0223  0.0215  0.0216
  0.0214  0.0214  0.0212  0.0216  0.0216  0.0220  0.0213  0.0215  0.0213  0.0215  0.0212  0.0212
  0.0212  0.0212  0.0212  0.0212  0.0211  0.0211  0.0211  0.0211  0.0211  0.0211  0.0211  0.0211
  0.0214  0.0213  0.0214  0.0211  0.0212  0.0210  0.0213  0.0214  0.0213  0.0213  0.0212  0.0213
  0.0220  0.0218  0.0218  0.0217  0.0219  0.0222  0.0218  0.0225  0.0217  0.0222  0.0215  0.0217
  0.0229  0.0227  0.0224  0.0228  0.0232  0.0249  0.0228  0.0241  0.0224  0.0237  0.0219  0.0223
niter,ni,del,rscale     3    3    5.0000    0.6000
parameters
   -1.0722    3.4877   14.2011  -12.0051  -18.3285   -8.4987
    3.3375    2.2778   -3.5276   19.4975   -2.9671  -25.4876
eta,q 0.97898 14.30727
  0.0225  0.0223  0.0219  0.0225  0.0228  0.0236  0.0222  0.0235  0.0220  0.0230  0.0217  0.0220
  0.0217  0.0216  0.0214  0.0218  0.0220  0.0227  0.0216  0.0221  0.0214  0.0220  0.0213  0.0214
  0.0213  0.0212  0.0212  0.0214  0.0214  0.0218  0.0211  0.0213  0.0211  0.0213  0.0211  0.0211
  0.0211  0.0211  0.0211  0.0211  0.0211  0.0211  0.0210  0.0210  0.0210  0.0210  0.0210  0.0210
  0.0213  0.0212  0.0212  0.0212  0.0212  0.0209  0.0211  0.0213  0.0211  0.0212  0.0211  0.0212
  0.0218  0.0216  0.0215  0.0216  0.0218  0.0218  0.0216  0.0221  0.0214  0.0218  0.0213  0.0215
  0.0225  0.0223  0.0219  0.0225  0.0228  0.0236  0.0223  0.0235  0.0220  0.0230  0.0216  0.0220
niter,ni,del,rscale     2    3    5.0000    0.5000
parameters
   -1.0843    3.4837   14.2474  -11.9839  -18.3295   -8.2684
    3.3426    2.2747   -3.5331   19.5078   -2.9388  -25.5305
eta,q 0.97907 14.31064
  0.0220  0.0218  0.0217  0.0220  0.0222  0.0230  0.0218  0.0227  0.0216  0.0224  0.0214  0.0217
  0.0214  0.0214  0.0213  0.0215  0.0216  0.0223  0.0213  0.0217  0.0212  0.0216  0.0211  0.0212
  0.0211  0.0211  0.0211  0.0212  0.0212  0.0216  0.0210  0.0211  0.0210  0.0211  0.0210  0.0210
  0.0210  0.0210  0.0210  0.0210  0.0210  0.0210  0.0209  0.0209  0.0209  0.0209  0.0209  0.0209
  0.0211  0.0211  0.0211  0.0211  0.0211  0.0209  0.0210  0.0211  0.0210  0.0211  0.0210  0.0210
  0.0215  0.0214  0.0212  0.0214  0.0215  0.0215  0.0213  0.0217  0.0212  0.0215  0.0211  0.0213
  0.0220  0.0219  0.0216  0.0221  0.0223  0.0228  0.0218  0.0227  0.0216  0.0224  0.0214  0.0216
niter,ni,del,rscale     1    3    5.0000    0.4000
parameters
   -1.0911    3.4832   14.3000  -11.9751  -18.3526   -8.0621
    3.3493    2.2688   -3.5376   19.5038   -2.9319  -25.5638
eta,q 0.97912 14.31227
  0.0216  0.0215  0.0214  0.0216  0.0217  0.0224  0.0214  0.0221  0.0213  0.0218  0.0212  0.0214
  0.0212  0.0212  0.0211  0.0212  0.0213  0.0218  0.0211  0.0214  0.0211  0.0213  0.0210  0.0211
  0.0210  0.0210  0.0210  0.0210  0.0210  0.0213  0.0209  0.0210  0.0209  0.0210  0.0209  0.0209
  0.0209  0.0209  0.0209  0.0209  0.0209  0.0209  0.0209  0.0209  0.0209  0.0209  0.0209  0.0209
  0.0210  0.0210  0.0210  0.0210  0.0210  0.0209  0.0209  0.0210  0.0209  0.0210  0.0209  0.0210
  0.0212  0.0212  0.0211  0.0212  0.0213  0.0213  0.0211  0.0214  0.0211  0.0213  0.0210  0.0211
  0.0216  0.0215  0.0213  0.0216  0.0218  0.0222  0.0214  0.0221  0.0213  0.0219  0.0212  0.0214
registration optimization eta report
parameter search radius
    0.8000    0.8000    0.8000    2.4000    2.4000    2.4000
    2.4000    2.4000    2.4000    2.4000    2.4000    2.4000
100000*second partial in parameter space
      100.       86.       64.       11.       14.       24.
       10.       20.        8.       17.        5.        8.
  0.0216  0.0215  0.0214  0.0216  0.0217  0.0224  0.0214  0.0221  0.0213  0.0218  0.0212  0.0214
  0.0212  0.0212  0.0211  0.0212  0.0213  0.0218  0.0211  0.0214  0.0211  0.0213  0.0210  0.0211
  0.0210  0.0210  0.0210  0.0210  0.0210  0.0213  0.0209  0.0210  0.0209  0.0210  0.0209  0.0209
  0.0209  0.0209  0.0209  0.0209  0.0209  0.0209  0.0209  0.0209  0.0209  0.0209  0.0209  0.0209
  0.0210  0.0210  0.0210  0.0210  0.0210  0.0209  0.0209  0.0210  0.0209  0.0210  0.0209  0.0210
  0.0212  0.0212  0.0211  0.0212  0.0213  0.0213  0.0211  0.0214  0.0211  0.0213  0.0210  0.0211
  0.0216  0.0215  0.0213  0.0216  0.0218  0.0222  0.0214  0.0221  0.0213  0.0219  0.0212  0.0214
   -1.0911    3.4832   14.3000  -11.9751  -18.3526   -8.0621
    3.3493    2.2688   -3.5376   19.5038   -2.9319  -25.5638
eta,q 0.97912 14.31227

---------------------------------------------------------------------
compute_vox2vox talsrcimg talsrcimg_to_711-2C_as_mni_average_305_t4 /opt/freesurfer/average/711-2C_as_mni_average_305
---------------------------------------------------------------------

freesurfer compute_vox2vox.c
Reading: talsrcimg.4dfp.ifh
Reading: talsrcimg_to_711-2C_as_mni_average_305_t4
Reading: /opt/freesurfer/average/711-2C_as_mni_average_305.4dfp.ifh
Writing: talsrcimg_to_711-2C_as_mni_average_305_t4_vox2vox.txt

start time Tue Mar 10 00:22:35 CET 2026
end		time Tue Mar 10 00:24:01 CET 2026

mpr2mni305 success

avi2talxfm orig_nu.mgz /opt/freesurfer/average/mni305.cor.mgz talsrcimg_to_711-2C_as_mni_average_305_t4_vox2vox.txt transforms/talairach.auto.xfm
avi2talxfm done
mv -f /out/sourcedata/freesurfer/sub-v1s3x0050793_ses-1/mri/talsrcimg_to_711-2C_as_mni_average_305_t4_vox2vox.txt /out/sourcedata/freesurfer/sub-v1s3x0050793_ses-1/mri/transforms/talsrcimg_to_711-2C_as_mni_average_305_t4_vox2vox.txt
lta_convert --src orig_nu.mgz --trg /opt/freesurfer/average/mni305.cor.mgz --inxfm transforms/talairach.auto.xfm --outlta transforms/talairach.auto.xfm.lta --subject fsaverage
7.3.2

--src: orig_nu.mgz src image (geometry).
--trg: /opt/freesurfer/average/mni305.cor.mgz trg image (geometry).
--inmni: transforms/talairach.auto.xfm input MNI/XFM transform.
--outlta: transforms/talairach.auto.xfm.lta output LTA.
--s: fsaverage subject name
 LTA read, type : 1
 1.13339  -0.01698  -0.05181  -8.20969;
 0.04670   1.01925   0.31721   0.00257;
 0.03795  -0.24421   1.14676  -5.40901;
 0.00000   0.00000   0.00000   1.00000;
setting subject to fsaverage
Writing  LTA to file transforms/talairach.auto.xfm.lta...
lta_convert successful.
 
 
Started at Tue Mar 10 00:22:34 CET 2026
Ended   at Tue Mar 10 00:24:01 CET 2026
talairach_avi done
