status file for recon-all
Mon Mar  9 23:48:24 CET 2026
#@# MotionCor Mon Mar  9 23:48:25 CET 2026
#@# Talairach Mon Mar  9 23:48:31 CET 2026
#@# Talairach Failure Detection Mon Mar  9 23:51:20 CET 2026
#@# Nu Intensity Correction Mon Mar  9 23:51:20 CET 2026
#@# Intensity Normalization Mon Mar  9 23:54:05 CET 2026
recon-all -s sub-v1s3x0050788_ses-1 finished without error at Mon Mar  9 23:55:00 CET 2026



#New# invocation of recon-all 



status file for recon-all
Tue Mar 10 00:02:36 CET 2026
#@# EM Registration Tue Mar 10 00:02:36 CET 2026
recon-all -s sub-v1s3x0050788_ses-1 finished without error at Tue Mar 10 00:04:48 CET 2026



#New# invocation of recon-all 



status file for recon-all
Tue Mar 10 00:04:50 CET 2026
#@# CA Normalize Tue Mar 10 00:04:50 CET 2026
#@# CA Reg Tue Mar 10 00:05:43 CET 2026
#@# SubCort Seg Tue Mar 10 00:49:16 CET 2026
#@# CC Seg Tue Mar 10 01:12:03 CET 2026
#@# Merge ASeg Tue Mar 10 01:12:24 CET 2026
#@# Intensity Normalization2 Tue Mar 10 01:12:24 CET 2026
#@# Mask BFS Tue Mar 10 01:13:52 CET 2026
#@# WM Segmentation Tue Mar 10 01:13:53 CET 2026
#@# Fill Tue Mar 10 01:15:27 CET 2026
recon-all -s sub-v1s3x0050788_ses-1 finished without error at Tue Mar 10 01:16:04 CET 2026



#New# invocation of recon-all 



status file for recon-all
Tue Mar 10 02:04:26 CET 2026
#@# white curv lh Tue Mar 10 02:04:26 CET 2026
#@# white area lh Tue Mar 10 02:04:26 CET 2026
#@# pial curv lh Tue Mar 10 02:04:26 CET 2026
#@# pial area lh Tue Mar 10 02:04:26 CET 2026
#@# thickness lh Tue Mar 10 02:04:26 CET 2026
#@# area and vertex vol lh Tue Mar 10 02:04:26 CET 2026
#@# white curv rh Tue Mar 10 02:04:26 CET 2026
#@# white area rh Tue Mar 10 02:04:26 CET 2026
#@# pial curv rh Tue Mar 10 02:04:26 CET 2026
#@# pial area rh Tue Mar 10 02:04:26 CET 2026
#@# thickness rh Tue Mar 10 02:04:26 CET 2026
#@# area and vertex vol rh Tue Mar 10 02:04:26 CET 2026
#@# Cortical ribbon mask Tue Mar 10 02:04:26 CET 2026
recon-all -s sub-v1s3x0050788_ses-1 finished without error at Tue Mar 10 02:09:30 CET 2026



#New# invocation of recon-all 



status file for recon-all
Tue Mar 10 02:15:06 CET 2026
#@# white curv lh Tue Mar 10 02:15:06 CET 2026
#@# white area lh Tue Mar 10 02:15:06 CET 2026
#@# pial curv lh Tue Mar 10 02:15:06 CET 2026
#@# pial area lh Tue Mar 10 02:15:06 CET 2026
#@# thickness lh Tue Mar 10 02:15:06 CET 2026
#@# area and vertex vol lh Tue Mar 10 02:15:06 CET 2026
#@# white curv rh Tue Mar 10 02:15:06 CET 2026
#@# white area rh Tue Mar 10 02:15:06 CET 2026
#@# pial curv rh Tue Mar 10 02:15:06 CET 2026
#@# pial area rh Tue Mar 10 02:15:06 CET 2026
#@# thickness rh Tue Mar 10 02:15:06 CET 2026
#@# area and vertex vol rh Tue Mar 10 02:15:06 CET 2026
#@# Curvature Stats lh Tue Mar 10 02:15:06 CET 2026
#@# Curvature Stats rh Tue Mar 10 02:15:08 CET 2026
#@# Relabel Hypointensities Tue Mar 10 02:15:10 CET 2026
#@# APas-to-ASeg Tue Mar 10 02:15:21 CET 2026
#@# AParc-to-ASeg aparc Tue Mar 10 02:15:29 CET 2026
#@# AParc-to-ASeg aparc.a2009s Tue Mar 10 02:16:08 CET 2026
#@# AParc-to-ASeg aparc.DKTatlas Tue Mar 10 02:16:40 CET 2026
#@# WMParc Tue Mar 10 02:17:19 CET 2026
#@# ASeg Stats Tue Mar 10 02:19:22 CET 2026
recon-all -s sub-v1s3x0050788_ses-1 finished without error at Tue Mar 10 02:19:44 CET 2026
