status file for recon-all
Tue Mar 10 01:41:50 CET 2026
#@# Tessellate rh Tue Mar 10 01:41:50 CET 2026
#@# Smooth1 rh Tue Mar 10 01:41:53 CET 2026
#@# Inflation1 rh Tue Mar 10 01:41:55 CET 2026
#@# QSphere rh Tue Mar 10 01:42:15 CET 2026
#@# Fix Topology rh Tue Mar 10 01:43:32 CET 2026
#@# Smooth2 rh Tue Mar 10 01:49:16 CET 2026
#@# Inflation2 rh Tue Mar 10 01:49:19 CET 2026
#@# Curv .H and .K rh Tue Mar 10 01:49:33 CET 2026
#@# Sphere rh Tue Mar 10 01:50:13 CET 2026
#@# Surf Reg rh Tue Mar 10 01:52:46 CET 2026
#@# Jacobian white rh Tue Mar 10 01:56:36 CET 2026
#@# AvgCurv rh Tue Mar 10 01:56:37 CET 2026
#@# Cortical Parc rh Tue Mar 10 01:56:38 CET 2026
#@# white curv rh Tue Mar 10 02:03:32 CET 2026
#@# white area rh Tue Mar 10 02:03:33 CET 2026
#@# pial curv rh Tue Mar 10 02:03:34 CET 2026
#@# pial area rh Tue Mar 10 02:03:36 CET 2026
#@# thickness rh Tue Mar 10 02:03:36 CET 2026
#@# area and vertex vol rh Tue Mar 10 02:03:57 CET 2026
#@# Curvature Stats rh Tue Mar 10 02:03:58 CET 2026
#@# Cortical Parc 2 rh Tue Mar 10 02:04:00 CET 2026
#@# Cortical Parc 3 rh Tue Mar 10 02:04:11 CET 2026
#@# WM/GM Contrast rh Tue Mar 10 02:04:19 CET 2026
recon-all -s sub-v1s3x0050788_ses-1 finished without error at Tue Mar 10 02:04:21 CET 2026



#New# invocation of recon-all 



status file for recon-all
Tue Mar 10 02:12:19 CET 2026
#@# white curv rh Tue Mar 10 02:12:19 CET 2026
#@# white area rh Tue Mar 10 02:12:19 CET 2026
#@# pial curv rh Tue Mar 10 02:12:19 CET 2026
#@# pial area rh Tue Mar 10 02:12:19 CET 2026
#@# thickness rh Tue Mar 10 02:12:20 CET 2026
#@# area and vertex vol rh Tue Mar 10 02:12:20 CET 2026
#@# Parcellation Stats rh Tue Mar 10 02:12:20 CET 2026
#@# Parcellation Stats 2 rh Tue Mar 10 02:12:36 CET 2026
#@# Parcellation Stats 3 rh Tue Mar 10 02:12:45 CET 2026
#@# BA_exvivo Labels rh Tue Mar 10 02:12:54 CET 2026
recon-all -s sub-v1s3x0050788_ses-1 finished without error at Tue Mar 10 02:15:03 CET 2026
