status file for recon-all
Tue Mar 10 02:32:00 CET 2026
#@# Tessellate rh Tue Mar 10 02:32:00 CET 2026
#@# Smooth1 rh Tue Mar 10 02:32:02 CET 2026
#@# Inflation1 rh Tue Mar 10 02:32:05 CET 2026
#@# QSphere rh Tue Mar 10 02:32:13 CET 2026
#@# Fix Topology rh Tue Mar 10 02:33:06 CET 2026
#@# Smooth2 rh Tue Mar 10 02:38:25 CET 2026
#@# Inflation2 rh Tue Mar 10 02:38:27 CET 2026
#@# Curv .H and .K rh Tue Mar 10 02:38:36 CET 2026
#@# Sphere rh Tue Mar 10 02:39:16 CET 2026
#@# Surf Reg rh Tue Mar 10 02:41:07 CET 2026
#@# Jacobian white rh Tue Mar 10 02:43:47 CET 2026
#@# AvgCurv rh Tue Mar 10 02:43:48 CET 2026
#@# Cortical Parc rh Tue Mar 10 02:43:48 CET 2026
#@# white curv rh Tue Mar 10 02:49:57 CET 2026
#@# white area rh Tue Mar 10 02:49:58 CET 2026
#@# pial curv rh Tue Mar 10 02:49:59 CET 2026
#@# pial area rh Tue Mar 10 02:50:00 CET 2026
#@# thickness rh Tue Mar 10 02:50:01 CET 2026
#@# area and vertex vol rh Tue Mar 10 02:50:21 CET 2026
#@# Curvature Stats rh Tue Mar 10 02:50:22 CET 2026
#@# Cortical Parc 2 rh Tue Mar 10 02:50:24 CET 2026
#@# Cortical Parc 3 rh Tue Mar 10 02:50:34 CET 2026
#@# WM/GM Contrast rh Tue Mar 10 02:50:41 CET 2026
recon-all -s sub-v1s3x0050808_ses-1 finished without error at Tue Mar 10 02:50:44 CET 2026



#New# invocation of recon-all 



status file for recon-all
Tue Mar 10 02:57:21 CET 2026
#@# white curv rh Tue Mar 10 02:57:21 CET 2026
#@# white area rh Tue Mar 10 02:57:21 CET 2026
#@# pial curv rh Tue Mar 10 02:57:21 CET 2026
#@# pial area rh Tue Mar 10 02:57:21 CET 2026
#@# thickness rh Tue Mar 10 02:57:21 CET 2026
#@# area and vertex vol rh Tue Mar 10 02:57:21 CET 2026
#@# Parcellation Stats rh Tue Mar 10 02:57:21 CET 2026
#@# Parcellation Stats 2 rh Tue Mar 10 02:57:37 CET 2026
#@# Parcellation Stats 3 rh Tue Mar 10 02:57:46 CET 2026
#@# BA_exvivo Labels rh Tue Mar 10 02:57:54 CET 2026
recon-all -s sub-v1s3x0050808_ses-1 finished without error at Tue Mar 10 02:59:53 CET 2026
