status file for recon-all
Tue Mar 10 00:41:37 CET 2026
#@# MotionCor Tue Mar 10 00:41:39 CET 2026
#@# Talairach Tue Mar 10 00:41:49 CET 2026
#@# Talairach Failure Detection Tue Mar 10 00:46:14 CET 2026
#@# Nu Intensity Correction Tue Mar 10 00:46:14 CET 2026
#@# Intensity Normalization Tue Mar 10 00:49:30 CET 2026
recon-all -s sub-v1s3x0050802_ses-1 finished without error at Tue Mar 10 00:50:57 CET 2026



#New# invocation of recon-all 



status file for recon-all
Tue Mar 10 00:59:45 CET 2026
#@# EM Registration Tue Mar 10 00:59:45 CET 2026
recon-all -s sub-v1s3x0050802_ses-1 finished without error at Tue Mar 10 01:01:55 CET 2026



#New# invocation of recon-all 



status file for recon-all
Tue Mar 10 01:01:59 CET 2026
#@# CA Normalize Tue Mar 10 01:01:59 CET 2026
#@# CA Reg Tue Mar 10 01:03:18 CET 2026
#@# SubCort Seg Tue Mar 10 01:58:15 CET 2026
#@# CC Seg Tue Mar 10 02:31:43 CET 2026
#@# Merge ASeg Tue Mar 10 02:32:14 CET 2026
#@# Intensity Normalization2 Tue Mar 10 02:32:14 CET 2026
#@# Mask BFS Tue Mar 10 02:34:26 CET 2026
#@# WM Segmentation Tue Mar 10 02:34:27 CET 2026
#@# Fill Tue Mar 10 02:36:28 CET 2026
recon-all -s sub-v1s3x0050802_ses-1 finished without error at Tue Mar 10 02:37:31 CET 2026



#New# invocation of recon-all 



status file for recon-all
Tue Mar 10 03:30:08 CET 2026
#@# white curv lh Tue Mar 10 03:30:08 CET 2026
#@# white area lh Tue Mar 10 03:30:08 CET 2026
#@# pial curv lh Tue Mar 10 03:30:08 CET 2026
#@# pial area lh Tue Mar 10 03:30:08 CET 2026
#@# thickness lh Tue Mar 10 03:30:08 CET 2026
#@# area and vertex vol lh Tue Mar 10 03:30:08 CET 2026
#@# white curv rh Tue Mar 10 03:30:09 CET 2026
#@# white area rh Tue Mar 10 03:30:09 CET 2026
#@# pial curv rh Tue Mar 10 03:30:09 CET 2026
#@# pial area rh Tue Mar 10 03:30:09 CET 2026
#@# thickness rh Tue Mar 10 03:30:09 CET 2026
#@# area and vertex vol rh Tue Mar 10 03:30:09 CET 2026
#@# Cortical ribbon mask Tue Mar 10 03:30:09 CET 2026
recon-all -s sub-v1s3x0050802_ses-1 finished without error at Tue Mar 10 03:35:21 CET 2026



#New# invocation of recon-all 



status file for recon-all
Tue Mar 10 03:42:16 CET 2026
#@# white curv lh Tue Mar 10 03:42:17 CET 2026
#@# white area lh Tue Mar 10 03:42:17 CET 2026
#@# pial curv lh Tue Mar 10 03:42:17 CET 2026
#@# pial area lh Tue Mar 10 03:42:17 CET 2026
#@# thickness lh Tue Mar 10 03:42:17 CET 2026
#@# area and vertex vol lh Tue Mar 10 03:42:17 CET 2026
#@# white curv rh Tue Mar 10 03:42:17 CET 2026
#@# white area rh Tue Mar 10 03:42:17 CET 2026
#@# pial curv rh Tue Mar 10 03:42:17 CET 2026
#@# pial area rh Tue Mar 10 03:42:17 CET 2026
#@# thickness rh Tue Mar 10 03:42:17 CET 2026
#@# area and vertex vol rh Tue Mar 10 03:42:17 CET 2026
#@# Curvature Stats lh Tue Mar 10 03:42:17 CET 2026
#@# Curvature Stats rh Tue Mar 10 03:42:19 CET 2026
#@# Relabel Hypointensities Tue Mar 10 03:42:22 CET 2026
#@# APas-to-ASeg Tue Mar 10 03:42:37 CET 2026
#@# AParc-to-ASeg aparc Tue Mar 10 03:42:48 CET 2026
#@# AParc-to-ASeg aparc.a2009s Tue Mar 10 03:43:43 CET 2026
#@# AParc-to-ASeg aparc.DKTatlas Tue Mar 10 03:44:32 CET 2026
#@# WMParc Tue Mar 10 03:45:16 CET 2026
#@# ASeg Stats Tue Mar 10 03:48:49 CET 2026
recon-all -s sub-v1s3x0050802_ses-1 finished without error at Tue Mar 10 03:49:27 CET 2026
