status file for recon-all
Tue Mar 10 03:04:36 CET 2026
#@# Tessellate rh Tue Mar 10 03:04:36 CET 2026
#@# Smooth1 rh Tue Mar 10 03:04:40 CET 2026
#@# Inflation1 rh Tue Mar 10 03:04:42 CET 2026
#@# QSphere rh Tue Mar 10 03:04:57 CET 2026
#@# Fix Topology rh Tue Mar 10 03:05:59 CET 2026
#@# Smooth2 rh Tue Mar 10 03:12:07 CET 2026
#@# Inflation2 rh Tue Mar 10 03:12:10 CET 2026
#@# Curv .H and .K rh Tue Mar 10 03:12:26 CET 2026
#@# Sphere rh Tue Mar 10 03:13:15 CET 2026
#@# Surf Reg rh Tue Mar 10 03:17:00 CET 2026
#@# Jacobian white rh Tue Mar 10 03:21:32 CET 2026
#@# AvgCurv rh Tue Mar 10 03:21:33 CET 2026
#@# Cortical Parc rh Tue Mar 10 03:21:34 CET 2026
#@# white curv rh Tue Mar 10 03:28:56 CET 2026
#@# white area rh Tue Mar 10 03:28:58 CET 2026
#@# pial curv rh Tue Mar 10 03:28:59 CET 2026
#@# pial area rh Tue Mar 10 03:29:00 CET 2026
#@# thickness rh Tue Mar 10 03:29:01 CET 2026
#@# area and vertex vol rh Tue Mar 10 03:29:31 CET 2026
#@# Curvature Stats rh Tue Mar 10 03:29:33 CET 2026
#@# Cortical Parc 2 rh Tue Mar 10 03:29:35 CET 2026
#@# Cortical Parc 3 rh Tue Mar 10 03:29:49 CET 2026
#@# WM/GM Contrast rh Tue Mar 10 03:29:59 CET 2026
recon-all -s sub-v1s3x0050802_ses-1 finished without error at Tue Mar 10 03:30:03 CET 2026



#New# invocation of recon-all 



status file for recon-all
Tue Mar 10 03:38:47 CET 2026
#@# white curv rh Tue Mar 10 03:38:47 CET 2026
#@# white area rh Tue Mar 10 03:38:47 CET 2026
#@# pial curv rh Tue Mar 10 03:38:47 CET 2026
#@# pial area rh Tue Mar 10 03:38:47 CET 2026
#@# thickness rh Tue Mar 10 03:38:47 CET 2026
#@# area and vertex vol rh Tue Mar 10 03:38:47 CET 2026
#@# Parcellation Stats rh Tue Mar 10 03:38:47 CET 2026
#@# Parcellation Stats 2 rh Tue Mar 10 03:39:07 CET 2026
#@# Parcellation Stats 3 rh Tue Mar 10 03:39:17 CET 2026
#@# BA_exvivo Labels rh Tue Mar 10 03:39:27 CET 2026
recon-all -s sub-v1s3x0050802_ses-1 finished without error at Tue Mar 10 03:42:12 CET 2026
