/out/sourcedata/freesurfer/sub-v1s3x0050790_ses-1/mri
/opt/freesurfer/bin/talairach_avi
--i orig_nu.mgz --xfm transforms/talairach.auto.xfm
talairach_avi 7.3.2
Linux dna061 5.14.0-427.37.1.el9_4.x86_64 #1 SMP PREEMPT_DYNAMIC Fri Sep 13 12:41:50 EDT 2024 x86_64 x86_64 x86_64 GNU/Linux
Tue Mar 10 00:10:11 CET 2026
mri_convert orig_nu.mgz talsrcimg.img 
reading from orig_nu.mgz...
TR=0.00, TE=0.00, TI=0.00, flip angle=0.00
i_ras = (-1, 0, 0)
j_ras = (0, 0, -1)
k_ras = (-7.34684e-40, 1, 0)
writing to talsrcimg.img...
Analyze Output Matrix
-1.00000   0.00000  -0.00000   129.50000;
 0.00000   0.00000   1.00000  -128.50000;
 0.00000  -1.00000   0.00000   129.50000;
 0.00000   0.00000   0.00000   1.00000;
--------------------
INFO: set hdr.hist.orient to -1
mpr2mni305 talsrcimg
Tue Mar 10 00:10:12 CET 2026
/opt/freesurfer/bin/mpr2mni305 talsrcimg
mpr2mni305 7.3.2
target=711-2C_as_mni_average_305

---------------------------------------------------------------------
analyzeto4dfp talsrcimg -O0 -y
---------------------------------------------------------------------

freesurfer ifh2hdr.c
Tue Mar 10 00:10:12 2026
Writing: talsrcimg.4dfp.hdr
freesurfer analyzeto4dfp.c
Reading: talsrcimg.hdr
header size 348 bytes
hdr.dime.datatype	offset=70	value=2
hdr.dime.bitpix		offset=72	value=8
hdr.hist.orient		offset=252	value=-1
dimensionality     4
dimensions       256       256       256         1
Reading: talsrcimg.img
Writing: talsrcimg.4dfp.img
Writing: talsrcimg.4dfp.ifh
ifh2hdr talsrcimg -r0to232
ori=2

---------------------------------------------------------------------
gauss_4dfp talsrcimg 1.1
---------------------------------------------------------------------

freesurfer gauss_4dfp.c
Reading: talsrcimg.4dfp.img
Writing: talsrcimg_g11.4dfp.img
image dimensions 256 256 256 padded to 288 288 288
processing volume 1freesurfer ifh2hdr.c
Tue Mar 10 00:10:14 2026
Writing: talsrcimg_g11.4dfp.hdr

Writing: talsrcimg_g11.4dfp.ifh
including: talsrcimg.4dfp.img.rec in talsrcimg_g11.4dfp.img.rec

---------------------------------------------------------------------
imgreg_4dfp /opt/freesurfer/average/711-2C_as_mni_average_305 none talsrcimg_g11 none talsrcimg_to_711-2C_as_mni_average_305_t4 4355
---------------------------------------------------------------------

freesurfer imgreg_4dfp.c
/opt/freesurfer/average/711-2C_as_mni_average_305.4dfp.img
       256       256       256         1
  1.000000  1.000000  1.000000
orientation T byte_order littleendian
Reading image: /opt/freesurfer/average/711-2C_as_mni_average_305.4dfp.img
dimensions:      256       256       256
mmppix:       1.0000   -1.0000   -1.0000
center:     128.0000 -129.0000 -129.0000
talsrcimg_g11.4dfp.img
       256       256       256         1
  1.000000  1.000000  1.000000
orientation T byte_order littleendian
Reading image: talsrcimg_g11.4dfp.img
dimensions:      256       256       256
mmppix:       1.0000   -1.0000   -1.0000
center:     128.0000 -129.0000 -129.0000
t4_read: open error in t4_sub.f l:  41 t4_file(1:l)talsrcimg_to_711-2C_as_mni_average_305_t4 
t4_read: transform initialized to I4
rotation matrix determinant  1.000000
image alignment mode   4355 decimal     1103 hex
   -7.5000  -45.0000  -45.0000 6323.8516   22.3140
    0.0000  -45.0000  -45.0000 6586.1860   22.3354
    7.5000  -45.0000  -45.0000 6320.2085   22.2700
   -7.5000  -37.5000  -45.0000 6795.8091   22.2864
    0.0000  -37.5000  -45.0000 7088.3501   22.2889
    7.5000  -37.5000  -45.0000 6793.4761   22.2307
   -7.5000  -30.0000  -45.0000 7550.2720   22.2329
    0.0000  -30.0000  -45.0000 7878.2451   22.2279
    7.5000  -30.0000  -45.0000 7568.5874   22.1901
   -7.5000  -22.5000  -45.0000 8309.5527   22.2098
    0.0000  -22.5000  -45.0000 8676.7549   22.2175
    7.5000  -22.5000  -45.0000 8318.3535   22.1929
   -7.5000  -15.0000  -45.0000 8854.2939   22.2363
    0.0000  -15.0000  -45.0000 9267.8115   22.2618
    7.5000  -15.0000  -45.0000 8839.8955   22.2331
   -7.5000   -7.5000  -45.0000 9456.7988   22.2869
    0.0000   -7.5000  -45.0000 9878.1611   22.3185
    7.5000   -7.5000  -45.0000 9421.9453   22.2694
   -7.5000    0.0000  -45.000010020.1104   22.3140
    0.0000    0.0000  -45.000010461.2969   22.3354
    7.5000    0.0000  -45.0000 9961.3740   22.2700
   -7.5000    7.5000  -45.0000 9855.8857   22.2864
    0.0000    7.5000  -45.000010309.9092   22.2889
    7.5000    7.5000  -45.0000 9815.7881   22.2307
   -7.5000   15.0000  -45.0000 9519.7402   22.2329
    0.0000   15.0000  -45.0000 9931.9531   22.2279
    7.5000   15.0000  -45.0000 9513.8496   22.1901
   -7.5000   22.5000  -45.0000 9122.6143   22.2068
    0.0000   22.5000  -45.0000 9485.8721   22.2145
    7.5000   22.5000  -45.0000 9098.5400   22.1899
   -7.5000   30.0000  -45.0000 8615.5586   21.9400
    0.0000   30.0000  -45.0000 8936.0791   21.9651
    7.5000   30.0000  -45.0000 8558.7676   21.9368
   -7.5000   37.5000  -45.0000 8148.1089   21.9899
    0.0000   37.5000  -45.0000 8432.7500   22.0211
    7.5000   37.5000  -45.0000 8066.5112   21.9726
   -7.5000   45.0000  -45.0000 7402.4395   21.4576
    0.0000   45.0000  -45.0000 7660.1675   21.4782
    7.5000   45.0000  -45.0000 7358.9438   21.4153
   -7.5000  -45.0000  -37.5000 6716.5068   21.9943
    0.0000  -45.0000  -37.5000 7008.9263   22.0342
    7.5000  -45.0000  -37.5000 6709.0786   21.9928
   -7.5000  -37.5000  -37.5000 7221.5342   21.9671
    0.0000  -37.5000  -37.5000 7534.2944   21.9934
    7.5000  -37.5000  -37.5000 7222.9082   21.9592
   -7.5000  -30.0000  -37.5000 8039.2646   21.9162
    0.0000  -30.0000  -37.5000 8400.6436   21.9362
    7.5000  -30.0000  -37.5000 8073.2168   21.9216
   -7.5000  -22.5000  -37.5000 8813.7422   21.8913
    0.0000  -22.5000  -37.5000 9226.2188   21.9214
    7.5000  -22.5000  -37.5000 8862.6689   21.9200
   -7.5000  -15.0000  -37.5000 9394.0215   21.9121
    0.0000  -15.0000  -37.5000 9891.6064   21.9571
    7.5000  -15.0000  -37.5000 9432.3760   21.9533
   -7.5000   -7.5000  -37.500010004.7969   21.9642
    0.0000   -7.5000  -37.500010529.8506   22.0126
    7.5000   -7.5000  -37.500010019.6738   21.9883
   -7.5000    0.0000  -37.500010526.5449   21.9943
    0.0000    0.0000  -37.500011072.6152   22.0342
    7.5000    0.0000  -37.500010543.5410   21.9928
   -7.5000    7.5000  -37.500010390.7217   21.9671
    0.0000    7.5000  -37.500010922.3857   21.9934
    7.5000    7.5000  -37.500010400.2588   21.9592
   -7.5000   15.0000  -37.500010078.2500   21.9162
    0.0000   15.0000  -37.500010578.2822   21.9362
    7.5000   15.0000  -37.500010091.3447   21.9216
   -7.5000   22.5000  -37.5000 9651.7119   21.8883
    0.0000   22.5000  -37.500010131.0537   21.9184
    7.5000   22.5000  -37.5000 9647.5381   21.9170
   -7.5000   30.0000  -37.5000 9110.8037   21.6201
    0.0000   30.0000  -37.5000 9550.6533   21.6645
    7.5000   30.0000  -37.5000 9074.1201   21.6607
   -7.5000   37.5000  -37.5000 8590.1201   21.6715
    0.0000   37.5000  -37.5000 8977.1865   21.7192
    7.5000   37.5000  -37.5000 8536.2510   21.6953
   -7.5000   45.0000  -37.5000 7758.6885   21.1501
    0.0000   45.0000  -37.5000 8088.1040   21.1885
    7.5000   45.0000  -37.5000 7736.2119   21.1487
   -7.5000  -45.0000  -30.0000 7275.5151   22.9020
    0.0000  -45.0000  -30.0000 7625.2339   22.9465
    7.5000  -45.0000  -30.0000 7292.4619   22.9108
   -7.5000  -37.5000  -30.0000 7868.1455   22.8589
    0.0000  -37.5000  -30.0000 8227.5566   22.8954
    7.5000  -37.5000  -30.0000 7869.4976   22.8707
   -7.5000  -30.0000  -30.0000 8747.0283   22.8013
    0.0000  -30.0000  -30.0000 9160.5010   22.8369
    7.5000  -30.0000  -30.0000 8762.9541   22.8348
   -7.5000  -22.5000  -30.0000 9584.1318   22.7834
    0.0000  -22.5000  -30.000010056.6367   22.8307
    7.5000  -22.5000  -30.0000 9590.1797   22.8408
   -7.5000  -15.0000  -30.000010242.6162   22.8189
    0.0000  -15.0000  -30.000010817.9531   22.8775
    7.5000  -15.0000  -30.000010239.5664   22.8812
   -7.5000   -7.5000  -30.000010892.0557   22.8799
    0.0000   -7.5000  -30.000011502.9072   22.9347
    7.5000   -7.5000  -30.000010873.2031   22.9150
   -7.5000    0.0000  -30.000011447.2021   22.9020
    0.0000    0.0000  -30.000012061.4170   22.9465
    7.5000    0.0000  -30.000011398.8311   22.9108
   -7.5000    7.5000  -30.000011271.4336   22.8589
    0.0000    7.5000  -30.000011865.3535   22.8954
    7.5000    7.5000  -30.000011210.5332   22.8707
   -7.5000   15.0000  -30.000010922.2695   22.8013
    0.0000   15.0000  -30.000011481.9258   22.8369
    7.5000   15.0000  -30.000010879.9492   22.8348
   -7.5000   22.5000  -30.000010433.0342   22.7779
    0.0000   22.5000  -30.000010990.3975   22.8252
    7.5000   22.5000  -30.000010396.7744   22.8354
   -7.5000   30.0000  -30.0000 9814.1924   22.5169
    0.0000   30.0000  -30.000010362.7197   22.5748
    7.5000   30.0000  -30.0000 9772.3027   22.5784
   -7.5000   37.5000  -30.0000 9211.6504   22.5772
    0.0000   37.5000  -30.0000 9714.3594   22.6312
    7.5000   37.5000  -30.0000 9194.6406   22.6118
   -7.5000   45.0000  -30.0000 8261.5244   22.0392
    0.0000   45.0000  -30.0000 8711.7412   22.0820
    7.5000   45.0000  -30.0000 8296.7773   22.0476
   -7.5000  -45.0000  -22.5000 7892.1929   23.7038
    0.0000  -45.0000  -22.5000 8260.9150   23.7283
    7.5000  -45.0000  -22.5000 7890.7456   23.6718
   -7.5000  -37.5000  -22.5000 8526.4414   23.6420
    0.0000  -37.5000  -22.5000 8936.5176   23.6596
    7.5000  -37.5000  -22.5000 8509.8105   23.6176
   -7.5000  -30.0000  -22.5000 9478.5088   23.5772
    0.0000  -30.0000  -22.5000 9943.5303   23.5993
    7.5000  -30.0000  -22.5000 9453.1592   23.5821
   -7.5000  -22.5000  -22.500010385.9736   23.5726
    0.0000  -22.5000  -22.500010910.7598   23.6107
    7.5000  -22.5000  -22.500010342.0029   23.6037
   -7.5000  -15.0000  -22.500011106.1494   23.6316
    0.0000  -15.0000  -22.500011726.6406   23.6792
    7.5000  -15.0000  -22.500011096.0703   23.6601
   -7.5000   -7.5000  -22.500011802.8525   23.6981
    0.0000   -7.5000  -22.500012472.9277   23.7366
    7.5000   -7.5000  -22.500011755.7715   23.6927
   -7.5000    0.0000  -22.500012423.2559   23.7038
    0.0000    0.0000  -22.500013132.2402   23.7283
    7.5000    0.0000  -22.500012336.7168   23.6718
   -7.5000    7.5000  -22.500012201.0400   23.6420
    0.0000    7.5000  -22.500012880.0566   23.6596
    7.5000    7.5000  -22.500012087.8926   23.6176
   -7.5000   15.0000  -22.500011742.7793   23.5772
    0.0000   15.0000  -22.500012422.0146   23.5993
    7.5000   15.0000  -22.500011682.3467   23.5821
   -7.5000   22.5000  -22.500011195.3721   23.5653
    0.0000   22.5000  -22.500011857.0898   23.6034
    7.5000   22.5000  -22.500011143.6816   23.5964
   -7.5000   30.0000  -22.500010556.0713   23.3225
    0.0000   30.0000  -22.500011191.8652   23.3695
    7.5000   30.0000  -22.500010504.8418   23.3506
   -7.5000   37.5000  -22.5000 9968.0186   23.3882
    0.0000   37.5000  -22.500010531.9268   23.4261
    7.5000   37.5000  -22.5000 9922.0791   23.3828
   -7.5000   45.0000  -22.5000 8917.1191   22.8280
    0.0000   45.0000  -22.5000 9404.5254   22.8515
    7.5000   45.0000  -22.5000 8904.4277   22.7971
   -7.5000  -45.0000  -15.0000 8500.2021   24.2772
    0.0000  -45.0000  -15.0000 8888.5654   24.2784
    7.5000  -45.0000  -15.0000 8467.3652   24.1956
   -7.5000  -37.5000  -15.0000 9194.8770   24.2124
    0.0000  -37.5000  -15.0000 9633.3652   24.2021
    7.5000  -37.5000  -15.0000 9154.2900   24.1342
   -7.5000  -30.0000  -15.000010221.9336   24.1488
    0.0000  -30.0000  -15.000010731.7236   24.1433
    7.5000  -30.0000  -15.000010168.2100   24.1005
   -7.5000  -22.5000  -15.000011133.6738   24.1527
    0.0000  -22.5000  -15.000011725.6592   24.1665
    7.5000  -22.5000  -15.000011088.9473   24.1333
   -7.5000  -15.0000  -15.000011915.3750   24.2217
    0.0000  -15.0000  -15.000012603.2480   24.2467
    7.5000  -15.0000  -15.000011908.2871   24.1994
   -7.5000   -7.5000  -15.000012651.8496   24.2826
    0.0000   -7.5000  -15.000013392.3574   24.2997
    7.5000   -7.5000  -15.000012602.1191   24.2279
   -7.5000    0.0000  -15.000013349.0830   24.2772
    0.0000    0.0000  -15.000014162.3076   24.2784
    7.5000    0.0000  -15.000013241.7295   24.1956
   -7.5000    7.5000  -15.000013083.3486   24.2124
    0.0000    7.5000  -15.000013918.1328   24.2021
    7.5000    7.5000  -15.000012998.4668   24.1342
   -7.5000   15.0000  -15.000012608.2139   24.1488
    0.0000   15.0000  -15.000013408.1689   24.1433
    7.5000   15.0000  -15.000012565.1670   24.1005
   -7.5000   22.5000  -15.000011968.5137   24.1442
    0.0000   22.5000  -15.000012719.3262   24.1580
    7.5000   22.5000  -15.000011905.9785   24.1248
   -7.5000   30.0000  -15.000011274.2363   23.9082
    0.0000   30.0000  -15.000011975.1719   23.9330
    7.5000   30.0000  -15.000011204.3643   23.8862
   -7.5000   37.5000  -15.000010664.2988   23.9684
    0.0000   37.5000  -15.000011300.9141   23.9852
    7.5000   37.5000  -15.000010636.2236   23.9144
   -7.5000   45.0000  -15.0000 9544.1260   23.3943
    0.0000   45.0000  -15.000010112.2979   23.3954
    7.5000   45.0000  -15.0000 9544.3037   23.3156
   -7.5000  -45.0000   -7.5000 9095.9922   24.5501
    0.0000  -45.0000   -7.5000 9525.4160   24.5523
    7.5000  -45.0000   -7.5000 9064.6064   24.4623
   -7.5000  -37.5000   -7.5000 9852.6211   24.5025
    0.0000  -37.5000   -7.500010339.2598   24.4863
    7.5000  -37.5000   -7.5000 9842.0049   24.4083
   -7.5000  -30.0000   -7.500011002.6953   24.4453
    0.0000  -30.0000   -7.500011551.0059   24.4266
    7.5000  -30.0000   -7.500010990.6670   24.3730
   -7.5000  -22.5000   -7.500012003.6992   24.4407
    0.0000  -22.5000   -7.500012648.1084   24.4399
    7.5000  -22.5000   -7.500011994.6074   24.3978
   -7.5000  -15.0000   -7.500012843.3223   24.4932
    0.0000  -15.0000   -7.500013592.4570   24.5086
    7.5000  -15.0000   -7.500012857.6553   24.4560
   -7.5000   -7.5000   -7.500013582.5977   24.5455
    0.0000   -7.5000   -7.500014374.1787   24.5613
    7.5000   -7.5000   -7.500013527.7812   24.4852
   -7.5000    0.0000   -7.500014293.4355   24.5501
    0.0000    0.0000   -7.500015195.8770   24.5523
    7.5000    0.0000   -7.500014208.2061   24.4623
   -7.5000    7.5000   -7.500014073.8262   24.5025
    0.0000    7.5000   -7.500015001.4131   24.4863
    7.5000    7.5000   -7.500014014.8838   24.4083
   -7.5000   15.0000   -7.500013618.2832   24.4453
    0.0000   15.0000   -7.500014493.8203   24.4266
    7.5000   15.0000   -7.500013549.6328   24.3730
   -7.5000   22.5000   -7.500012882.2705   24.4295
    0.0000   22.5000   -7.500013703.4580   24.4286
    7.5000   22.5000   -7.500012795.7480   24.3865
   -7.5000   30.0000   -7.500012068.4727   24.1756
    0.0000   30.0000   -7.500012824.0967   24.1907
    7.5000   30.0000   -7.500011990.8408   24.1389
   -7.5000   37.5000   -7.500011440.0518   24.2272
    0.0000   37.5000   -7.500012171.3857   24.2428
    7.5000   37.5000   -7.500011411.0557   24.1676
   -7.5000   45.0000   -7.500010257.1113   23.6616
    0.0000   45.0000   -7.500010916.2969   23.6637
    7.5000   45.0000   -7.500010266.6699   23.5771
   -7.5000  -45.0000    0.0000 9579.0703   24.5889
    0.0000  -45.0000    0.000010054.5742   24.6125
    7.5000  -45.0000    0.0000 9573.3193   24.5398
   -7.5000  -37.5000    0.000010410.9219   24.5586
    0.0000  -37.5000    0.000010945.3994   24.5616
    7.5000  -37.5000    0.000010408.4492   24.4970
   -7.5000  -30.0000    0.000011712.3076   24.5034
    0.0000  -30.0000    0.000012285.8643   24.4976
    7.5000  -30.0000    0.000011694.2754   24.4554
   -7.5000  -22.5000    0.000012938.4199   24.4814
    0.0000  -22.5000    0.000013675.0195   24.4891
    7.5000  -22.5000    0.000012946.6729   24.4613
   -7.5000  -15.0000    0.000013826.3701   24.5107
    0.0000  -15.0000    0.000014707.9736   24.5377
    7.5000  -15.0000    0.000013893.9707   24.5052
   -7.5000   -7.5000    0.000014489.3789   24.5629
    0.0000   -7.5000    0.000015360.1045   24.5970
    7.5000   -7.5000    0.000014496.5322   24.5421
   -7.5000    0.0000    0.000015195.2979   24.5889
    0.0000    0.0000    0.000016142.7412   24.6125
    7.5000    0.0000    0.000015171.9170   24.5398
   -7.5000    7.5000    0.000014956.8730   24.5586
    0.0000    7.5000    0.000015878.5527   24.5616
    7.5000    7.5000    0.000014937.1875   24.4970
   -7.5000   15.0000    0.000014492.0518   24.5034
    0.0000   15.0000    0.000015414.7891   24.4976
    7.5000   15.0000    0.000014466.5957   24.4554
   -7.5000   22.5000    0.000013693.3418   24.4702
    0.0000   22.5000    0.000014611.8242   24.4778
    7.5000   22.5000    0.000013679.9473   24.4500
   -7.5000   30.0000    0.000012761.6143   24.1935
    0.0000   30.0000    0.000013609.3945   24.2201
    7.5000   30.0000    0.000012749.0518   24.1881
   -7.5000   37.5000    0.000012125.6172   24.2450
    0.0000   37.5000    0.000012955.7227   24.2787
    7.5000   37.5000    0.000012181.6484   24.2245
   -7.5000   45.0000    0.000010890.9688   23.7009
    0.0000   45.0000    0.000011636.9961   23.7236
    7.5000   45.0000    0.000010951.3877   23.6535
   -7.5000  -45.0000    7.5000 9377.0840   24.5863
    0.0000  -45.0000    7.5000 9858.6797   24.6311
    7.5000  -45.0000    7.5000 9407.0400   24.5848
   -7.5000  -37.5000    7.500010192.5371   24.5558
    0.0000  -37.5000    7.500010652.8633   24.5854
    7.5000  -37.5000    7.500010165.3213   24.5473
   -7.5000  -30.0000    7.500011502.3496   24.4989
    0.0000  -30.0000    7.500012035.6055   24.5214
    7.5000  -30.0000    7.500011471.7734   24.5051
   -7.5000  -22.5000    7.500012912.1699   24.4710
    0.0000  -22.5000    7.500013781.9844   24.5048
    7.5000  -22.5000    7.500012970.2842   24.5034
   -7.5000  -15.0000    7.500013961.9453   24.4942
    0.0000  -15.0000    7.500015024.7461   24.5448
    7.5000  -15.0000    7.500014122.3184   24.5407
   -7.5000   -7.5000    7.500014520.7646   24.5525
    0.0000   -7.5000    7.500015402.7812   24.6069
    7.5000   -7.5000    7.500014622.0693   24.5799
   -7.5000    0.0000    7.500015109.2471   24.5863
    0.0000    0.0000    7.500015912.0830   24.6311
    7.5000    0.0000    7.500015147.7881   24.5848
   -7.5000    7.5000    7.500014807.5693   24.5558
    0.0000    7.5000    7.500015637.4707   24.5854
    7.5000    7.5000    7.500014859.0645   24.5473
   -7.5000   15.0000    7.500014357.8799   24.4989
    0.0000   15.0000    7.500015245.1572   24.5214
    7.5000   15.0000    7.500014415.8633   24.5051
   -7.5000   22.5000    7.500013601.7715   24.4598
    0.0000   22.5000    7.500014476.6729   24.4935
    7.5000   22.5000    7.500013677.9922   24.4921
   -7.5000   30.0000    7.500012637.7217   24.1772
    0.0000   30.0000    7.500013466.7041   24.2271
    7.5000   30.0000    7.500012662.1621   24.2231
   -7.5000   37.5000    7.500012033.8584   24.2347
    0.0000   37.5000    7.500012859.9258   24.2884
    7.5000   37.5000    7.500012099.8164   24.2618
   -7.5000   45.0000    7.500010826.3408   23.6983
    0.0000   45.0000    7.500011557.0957   23.7415
    7.5000   45.0000    7.500010860.4502   23.6970
   -7.5000  -45.0000   15.0000 9092.4951   24.5930
    0.0000  -45.0000   15.0000 9514.1104   24.6407
    7.5000  -45.0000   15.0000 9055.6865   24.6024
   -7.5000  -37.5000   15.0000 9845.4014   24.5467
    0.0000  -37.5000   15.000010252.2607   24.5859
    7.5000  -37.5000   15.0000 9736.2158   24.5594
   -7.5000  -30.0000   15.000011082.1387   24.4849
    0.0000  -30.0000   15.000011638.1406   24.5231
    7.5000  -30.0000   15.000011030.2539   24.5208
   -7.5000  -22.5000   15.000012503.7832   24.4656
    0.0000  -22.5000   15.000013520.9512   24.5164
    7.5000  -22.5000   15.000012642.4590   24.5273
   -7.5000  -15.0000   15.000013698.0029   24.5037
    0.0000  -15.0000   15.000014612.6318   24.5667
    7.5000  -15.0000   15.000013887.3525   24.5706
   -7.5000   -7.5000   15.000014228.2461   24.5693
    0.0000   -7.5000   15.000014762.7979   24.6281
    7.5000   -7.5000   15.000014426.5225   24.6069
   -7.5000    0.0000   15.000014760.4941   24.5930
    0.0000    0.0000   15.000015180.3184   24.6407
    7.5000    0.0000   15.000014902.2119   24.6024
   -7.5000    7.5000   15.000014474.5771   24.5467
    0.0000    7.5000   15.000014985.4541   24.5859
    7.5000    7.5000   15.000014533.8291   24.5594
   -7.5000   15.0000   15.000014121.3086   24.4849
    0.0000   15.0000   15.000014763.2754   24.5231
    7.5000   15.0000   15.000014051.7539   24.5208
   -7.5000   22.5000   15.000013385.2393   24.4544
    0.0000   22.5000   15.000014068.9600   24.5051
    7.5000   22.5000   15.000013280.4717   24.5160
   -7.5000   30.0000   15.000012377.8408   24.1866
    0.0000   30.0000   15.000013073.1895   24.2487
    7.5000   30.0000   15.000012224.9678   24.2526
   -7.5000   37.5000   15.000011728.2451   24.2513
    0.0000   37.5000   15.000012449.0469   24.3094
    7.5000   37.5000   15.000011623.0977   24.2885
   -7.5000   45.0000   15.000010531.9424   23.7048
    0.0000   45.0000   15.000011201.6367   23.7508
    7.5000   45.0000   15.000010487.5332   23.7139
   -7.5000  -45.0000   22.5000 8742.0850   24.6065
    0.0000  -45.0000   22.5000 9198.3018   24.6319
    7.5000  -45.0000   22.5000 8710.7168   24.5732
   -7.5000  -37.5000   22.5000 9382.4766   24.5423
    0.0000  -37.5000   22.5000 9812.3945   24.5605
    7.5000  -37.5000   22.5000 9352.3320   24.5170
   -7.5000  -30.0000   22.500010553.2656   24.4750
    0.0000  -30.0000   22.500011134.0234   24.4979
    7.5000  -30.0000   22.500010625.3848   24.4801
   -7.5000  -22.5000   22.500011837.8701   24.4702
    0.0000  -22.5000   22.500012693.3516   24.5098
    7.5000  -22.5000   22.500012091.5703   24.5025
   -7.5000  -15.0000   22.500012852.4746   24.5315
    0.0000  -15.0000   22.500013525.5430   24.5809
    7.5000  -15.0000   22.500012987.3486   24.5611
   -7.5000   -7.5000   22.500013642.8145   24.6006
    0.0000   -7.5000   22.500014034.4570   24.6405
    7.5000   -7.5000   22.500013517.5322   24.5949
   -7.5000    0.0000   22.500014507.0645   24.6065
    0.0000    0.0000   22.500014958.2354   24.6319
    7.5000    0.0000   22.500014198.9238   24.5732
   -7.5000    7.5000   22.500014335.8057   24.5423
    0.0000    7.5000   22.500014844.0664   24.5605
    7.5000    7.5000   22.500013932.6299   24.5170
   -7.5000   15.0000   22.500013825.8184   24.4750
    0.0000   15.0000   22.500014421.6826   24.4979
    7.5000   15.0000   22.500013436.5410   24.4801
   -7.5000   22.5000   22.500012961.0869   24.4589
    0.0000   22.5000   22.500013555.0996   24.4985
    7.5000   22.5000   22.500012667.1240   24.4912
   -7.5000   30.0000   22.500011882.4912   24.2140
    0.0000   30.0000   22.500012509.9990   24.2628
    7.5000   30.0000   22.500011694.7666   24.2432
   -7.5000   37.5000   22.500011246.0664   24.2822
    0.0000   37.5000   22.500011879.7861   24.3216
    7.5000   37.5000   22.500011125.6572   24.2766
   -7.5000   45.0000   22.500010116.6885   23.7178
    0.0000   45.0000   22.500010722.4297   23.7423
    7.5000   45.0000   22.500010043.0254   23.6858
   -7.5000  -45.0000   30.0000 8219.7061   24.6104
    0.0000  -45.0000   30.0000 8659.5361   24.6116
    7.5000  -45.0000   30.0000 8234.2393   24.5277
   -7.5000  -37.5000   30.0000 8826.8955   24.5447
    0.0000  -37.5000   30.0000 9257.4404   24.5342
    7.5000  -37.5000   30.0000 8874.0859   24.4654
   -7.5000  -30.0000   30.0000 9962.3984   24.4802
    0.0000  -30.0000   30.000010529.8799   24.4746
    7.5000  -30.0000   30.000010090.6133   24.4312
   -7.5000  -22.5000   30.000011147.1943   24.4842
    0.0000  -22.5000   30.000011802.8896   24.4982
    7.5000  -22.5000   30.000011268.8516   24.4645
   -7.5000  -15.0000   30.000012046.7900   24.5541
    0.0000  -15.0000   30.000012506.9463   24.5795
    7.5000  -15.0000   30.000011930.4033   24.5315
   -7.5000   -7.5000   30.000012739.7461   24.6159
    0.0000   -7.5000   30.000013171.6602   24.6332
    7.5000   -7.5000   30.000012469.1865   24.5604
   -7.5000    0.0000   30.000013457.0674   24.6104
    0.0000    0.0000   30.000014020.0127   24.6116
    7.5000    0.0000   30.000013175.9893   24.5276
   -7.5000    7.5000   30.000013273.3428   24.5447
    0.0000    7.5000   30.000013872.2393   24.5342
    7.5000    7.5000   30.000013024.3779   24.4654
   -7.5000   15.0000   30.000012849.3203   24.4802
    0.0000   15.0000   30.000013492.3555   24.4746
    7.5000   15.0000   30.000012631.6357   24.4312
   -7.5000   22.5000   30.000012057.2764   24.4729
    0.0000   22.5000   30.000012691.3857   24.4869
    7.5000   22.5000   30.000011914.8916   24.4532
   -7.5000   30.0000   30.000011064.1426   24.2363
    0.0000   30.0000   30.000011699.5225   24.2614
    7.5000   30.0000   30.000010997.4336   24.2140
   -7.5000   37.5000   30.000010483.2920   24.2973
    0.0000   37.5000   30.000011058.3867   24.3144
    7.5000   37.5000   30.000010428.1055   24.2426
   -7.5000   45.0000   30.0000 9430.6328   23.7216
    0.0000   45.0000   30.0000 9953.7822   23.7227
    7.5000   45.0000   30.0000 9385.3594   23.6418
   -7.5000  -45.0000   37.5000 7996.8730   24.6244
    0.0000  -45.0000   37.5000 8419.5225   24.6264
    7.5000  -45.0000   37.5000 7967.7461   24.5358
   -7.5000  -37.5000   37.5000 8682.9326   24.5758
    0.0000  -37.5000   37.5000 9124.6387   24.5594
    7.5000  -37.5000   37.5000 8652.5293   24.4808
   -7.5000  -30.0000   37.5000 9733.9385   24.5180
    0.0000  -30.0000   37.500010273.0742   24.4990
    7.5000  -30.0000   37.5000 9780.0908   24.4448
   -7.5000  -22.5000   37.500010713.7061   24.5138
    0.0000  -22.5000   37.500011247.1719   24.5126
    7.5000  -22.5000   37.500010722.9121   24.4699
   -7.5000  -15.0000   37.500011440.2148   24.5672
    0.0000  -15.0000   37.500011873.9473   24.5823
    7.5000  -15.0000   37.500011331.7715   24.5292
   -7.5000   -7.5000   37.500012044.0938   24.6200
    0.0000   -7.5000   37.500012511.7207   24.6358
    7.5000   -7.5000   37.500011932.5439   24.5589
   -7.5000    0.0000   37.500012641.6904   24.6243
    0.0000    0.0000   37.500013224.8555   24.6264
    7.5000    0.0000   37.500012574.2012   24.5358
   -7.5000    7.5000   37.500012443.4932   24.5758
    0.0000    7.5000   37.500013002.2568   24.5594
    7.5000    7.5000   37.500012386.3945   24.4808
   -7.5000   15.0000   37.500012117.8281   24.5180
    0.0000   15.0000   37.500012682.2695   24.4990
    7.5000   15.0000   37.500012052.3438   24.4448
   -7.5000   22.5000   37.500011517.1074   24.5025
    0.0000   22.5000   37.500012092.3633   24.5013
    7.5000   22.5000   37.500011468.2100   24.4587
   -7.5000   30.0000   37.500010633.2979   24.2492
    0.0000   30.0000   37.500011152.0869   24.2642
    7.5000   30.0000   37.500010598.7920   24.2117
   -7.5000   37.5000   37.500010055.0098   24.3014
    0.0000   37.5000   37.500010520.8281   24.3169
    7.5000   37.5000   37.500010015.1533   24.2411
   -7.5000   45.0000   37.5000 9057.2676   23.7350
    0.0000   45.0000   37.5000 9495.0000   23.7370
    7.5000   45.0000   37.5000 9027.6328   23.6497
   -7.5000  -45.0000   45.0000 7371.0005   24.8865
    0.0000  -45.0000   45.0000 7773.4736   24.9107
    7.5000  -45.0000   45.0000 7384.0933   24.8357
   -7.5000  -37.5000   45.0000 8000.5337   24.8554
    0.0000  -37.5000   45.0000 8423.7207   24.8577
    7.5000  -37.5000   45.0000 8034.4531   24.7910
   -7.5000  -30.0000   45.0000 8902.1875   24.7987
    0.0000  -30.0000   45.0000 9410.8887   24.7915
    7.5000  -30.0000   45.0000 8996.3926   24.7480
   -7.5000  -22.5000   45.0000 9718.4766   24.7765
    0.0000  -22.5000   45.000010211.9404   24.7833
    7.5000  -22.5000   45.0000 9773.9512   24.7547
   -7.5000  -15.0000   45.000010364.7812   24.8069
    0.0000  -15.0000   45.000010834.6924   24.8341
    7.5000  -15.0000   45.000010350.5547   24.8007
   -7.5000   -7.5000   45.000010951.7764   24.8601
    0.0000   -7.5000   45.000011439.2227   24.8953
    7.5000   -7.5000   45.000010947.1641   24.8387
   -7.5000    0.0000   45.000011497.5244   24.8865
    0.0000    0.0000   45.000012022.6758   24.9107
    7.5000    0.0000   45.000011506.0078   24.8357
   -7.5000    7.5000   45.000011300.9287   24.8554
    0.0000    7.5000   45.000011803.0830   24.8577
    7.5000    7.5000   45.000011306.5635   24.7910
   -7.5000   15.0000   45.000011022.1865   24.7987
    0.0000   15.0000   45.000011539.4268   24.7915
    7.5000   15.0000   45.000011021.5039   24.7480
   -7.5000   22.5000   45.000010536.9824   24.7651
    0.0000   22.5000   45.000011032.3271   24.7718
    7.5000   22.5000   45.000010533.2168   24.7432
   -7.5000   30.0000   45.0000 9726.2393   24.4837
    0.0000   30.0000   45.000010176.6836   24.5106
    7.5000   30.0000   45.0000 9721.4043   24.4776
   -7.5000   37.5000   45.0000 9172.3877   24.5363
    0.0000   37.5000   45.0000 9612.7139   24.5710
    7.5000   37.5000   45.0000 9171.7969   24.5151
   -7.5000   45.0000   45.0000 8285.1045   23.9986
    0.0000   45.0000   45.0000 8708.5732   24.0220
    7.5000   45.0000   45.0000 8295.6211   23.9496

---------------------------------------------------------------------
imgreg_4dfp /opt/freesurfer/average/711-2C_as_mni_average_305 /opt/freesurfer/average/711-2B_as_mni_average_305_mask talsrcimg_g11 none talsrcimg_to_711-2C_as_mni_average_305_t4 4355
---------------------------------------------------------------------

freesurfer imgreg_4dfp.c
/opt/freesurfer/average/711-2C_as_mni_average_305.4dfp.img
       256       256       256         1
  1.000000  1.000000  1.000000
orientation T byte_order littleendian
Reading image: /opt/freesurfer/average/711-2C_as_mni_average_305.4dfp.img
dimensions:      256       256       256
mmppix:       1.0000   -1.0000   -1.0000
center:     128.0000 -129.0000 -129.0000
/opt/freesurfer/average/711-2B_as_mni_average_305_mask.4dfp.img
       256       256       256         1
  1.000000  1.000000  1.000000
orientation T byte_order littleendian
Reading mask: /opt/freesurfer/average/711-2B_as_mni_average_305_mask.4dfp.img (2306576 pixels)
talsrcimg_g11.4dfp.img
       256       256       256         1
  1.000000  1.000000  1.000000
orientation T byte_order littleendian
Reading image: talsrcimg_g11.4dfp.img
dimensions:      256       256       256
mmppix:       1.0000   -1.0000   -1.0000
center:     128.0000 -129.0000 -129.0000
rotation matrix determinant  1.000000
image alignment mode   4355 decimal     1103 hex
   -7.5000  -45.0000  -45.0000 1829.5785   30.2420
    0.0000  -45.0000  -45.0000 1830.8442   30.0711
    7.5000  -45.0000  -45.0000 1806.2628   30.5143
   -7.5000  -37.5000  -45.0000 1927.2876   27.5955
    0.0000  -37.5000  -45.0000 1929.6410   27.5488
    7.5000  -37.5000  -45.0000 1904.7340   27.7961
   -7.5000  -30.0000  -45.0000 2005.7015   25.5050
    0.0000  -30.0000  -45.0000 2008.5571   25.5512
    7.5000  -30.0000  -45.0000 1991.4545   25.6313
   -7.5000  -22.5000  -45.0000 2064.8206   23.9037
    0.0000  -22.5000  -45.0000 2071.4385   23.8546
    7.5000  -22.5000  -45.0000 2048.7288   24.0312
   -7.5000  -15.0000  -45.0000 2088.5110   22.8279
    0.0000  -15.0000  -45.0000 2094.4172   22.7001
    7.5000  -15.0000  -45.0000 2075.1687   22.9245
   -7.5000   -7.5000  -45.0000 2111.1211   22.4680
    0.0000   -7.5000  -45.0000 2115.0876   22.2882
    7.5000   -7.5000  -45.0000 2101.7126   22.6006
   -7.5000    0.0000  -45.0000 2118.5266   22.6463
    0.0000    0.0000  -45.0000 2119.9121   22.4320
    7.5000    0.0000  -45.0000 2099.1494   22.7040
   -7.5000    7.5000  -45.0000 2110.2661   23.4169
    0.0000    7.5000  -45.0000 2123.1064   23.1321
    7.5000    7.5000  -45.0000 2095.5369   23.2447
   -7.5000   15.0000  -45.0000 2061.7637   24.4087
    0.0000   15.0000  -45.0000 2075.9041   24.0167
    7.5000   15.0000  -45.0000 2060.6956   24.2502
   -7.5000   22.5000  -45.0000 2010.7578   25.5248
    0.0000   22.5000  -45.0000 2022.8151   25.1068
    7.5000   22.5000  -45.0000 2009.2994   25.4364
   -7.5000   30.0000  -45.0000 1922.0044   27.1143
    0.0000   30.0000  -45.0000 1933.7395   26.7457
    7.5000   30.0000  -45.0000 1915.0374   27.2276
   -7.5000   37.5000  -45.0000 1826.5890   29.3874
    0.0000   37.5000  -45.0000 1846.6310   28.9055
    7.5000   37.5000  -45.0000 1818.3162   29.3665
   -7.5000   45.0000  -45.0000 1729.2631   32.3591
    0.0000   45.0000  -45.0000 1748.6145   31.9761
    7.5000   45.0000  -45.0000 1729.6135   32.2668
   -7.5000  -45.0000  -37.5000 1908.5244   28.0046
    0.0000  -45.0000  -37.5000 1905.8032   27.9259
    7.5000  -45.0000  -37.5000 1884.5930   28.3170
   -7.5000  -37.5000  -37.5000 2007.7998   25.5252
    0.0000  -37.5000  -37.5000 2010.3112   25.5249
    7.5000  -37.5000  -37.5000 1994.4451   25.7254
   -7.5000  -30.0000  -37.5000 2098.7673   23.5490
    0.0000  -30.0000  -37.5000 2107.8835   23.6544
    7.5000  -30.0000  -37.5000 2095.0554   23.7288
   -7.5000  -22.5000  -37.5000 2160.1082   22.0310
    0.0000  -22.5000  -37.5000 2171.6782   22.1739
    7.5000  -22.5000  -37.5000 2158.9319   22.2205
   -7.5000  -15.0000  -37.5000 2180.7224   21.0808
    0.0000  -15.0000  -37.5000 2202.0952   21.1642
    7.5000  -15.0000  -37.5000 2182.9546   21.2349
   -7.5000   -7.5000  -37.5000 2195.3896   20.8359
    0.0000   -7.5000  -37.5000 2214.2476   20.7261
    7.5000   -7.5000  -37.5000 2192.6990   20.9036
   -7.5000    0.0000  -37.5000 2184.1218   20.7616
    0.0000    0.0000  -37.5000 2204.3069   20.6646
    7.5000    0.0000  -37.5000 2188.7571   20.8074
   -7.5000    7.5000  -37.5000 2183.4929   21.2496
    0.0000    7.5000  -37.5000 2202.0278   21.1251
    7.5000    7.5000  -37.5000 2182.7188   21.2114
   -7.5000   15.0000  -37.5000 2154.1248   22.0606
    0.0000   15.0000  -37.5000 2165.8174   21.8768
    7.5000   15.0000  -37.5000 2154.3599   22.0310
   -7.5000   22.5000  -37.5000 2113.8743   23.2034
    0.0000   22.5000  -37.5000 2127.6487   22.9293
    7.5000   22.5000  -37.5000 2113.2573   23.1453
   -7.5000   30.0000  -37.5000 2030.2988   24.8284
    0.0000   30.0000  -37.5000 2044.4824   24.5249
    7.5000   30.0000  -37.5000 2027.2156   24.8659
   -7.5000   37.5000  -37.5000 1921.5803   26.9125
    0.0000   37.5000  -37.5000 1937.3715   26.4917
    7.5000   37.5000  -37.5000 1917.1013   26.8814
   -7.5000   45.0000  -37.5000 1814.7511   29.6687
    0.0000   45.0000  -37.5000 1824.8828   29.2088
    7.5000   45.0000  -37.5000 1807.6635   29.4723
   -7.5000  -45.0000  -30.0000 2012.7947   27.1262
    0.0000  -45.0000  -30.0000 2018.4186   27.1247
    7.5000  -45.0000  -30.0000 2005.5035   27.3267
   -7.5000  -37.5000  -30.0000 2126.0391   24.5148
    0.0000  -37.5000  -30.0000 2134.8752   24.5776
    7.5000  -37.5000  -30.0000 2124.8225   24.7128
   -7.5000  -30.0000  -30.0000 2223.4978   22.5483
    0.0000  -30.0000  -30.0000 2234.8320   22.6727
    7.5000  -30.0000  -30.0000 2224.5977   22.7086
   -7.5000  -22.5000  -30.0000 2293.0071   21.1129
    0.0000  -22.5000  -30.0000 2315.7490   21.3190
    7.5000  -22.5000  -30.0000 2289.6289   21.2929
   -7.5000  -15.0000  -30.0000 2323.4097   20.1969
    0.0000  -15.0000  -30.0000 2344.6382   20.3479
    7.5000  -15.0000  -30.0000 2315.1274   20.3581
   -7.5000   -7.5000  -30.0000 2331.7642   19.9269
    0.0000   -7.5000  -30.0000 2354.8999   19.9243
    7.5000   -7.5000  -30.0000 2327.1958   20.0046
   -7.5000    0.0000  -30.0000 2321.9573   19.7670
    0.0000    0.0000  -30.0000 2346.7207   19.7306
    7.5000    0.0000  -30.0000 2318.8403   19.7642
   -7.5000    7.5000  -30.0000 2316.3262   20.1342
    0.0000    7.5000  -30.0000 2340.8154   20.1217
    7.5000    7.5000  -30.0000 2315.2581   20.1490
   -7.5000   15.0000  -30.0000 2288.1226   20.8405
    0.0000   15.0000  -30.0000 2304.2664   20.7630
    7.5000   15.0000  -30.0000 2292.9846   20.8412
   -7.5000   22.5000  -30.0000 2248.1118   21.9806
    0.0000   22.5000  -30.0000 2261.2058   21.8054
    7.5000   22.5000  -30.0000 2254.1973   21.9789
   -7.5000   30.0000  -30.0000 2164.8535   23.5689
    0.0000   30.0000  -30.0000 2177.9121   23.3223
    7.5000   30.0000  -30.0000 2166.7322   23.5640
   -7.5000   37.5000  -30.0000 2051.0374   25.6168
    0.0000   37.5000  -30.0000 2062.5051   25.3497
    7.5000   37.5000  -30.0000 2047.2412   25.5654
   -7.5000   45.0000  -30.0000 1922.4161   28.1402
    0.0000   45.0000  -30.0000 1940.3160   27.8192
    7.5000   45.0000  -30.0000 1928.4919   28.0187
   -7.5000  -45.0000  -22.5000 2097.2288   25.9257
    0.0000  -45.0000  -22.5000 2110.9092   26.0786
    7.5000  -45.0000  -22.5000 2101.4448   26.0288
   -7.5000  -37.5000  -22.5000 2227.7488   23.4830
    0.0000  -37.5000  -22.5000 2241.7183   23.6054
    7.5000  -37.5000  -22.5000 2227.0759   23.5897
   -7.5000  -30.0000  -22.5000 2325.6157   21.4511
    0.0000  -30.0000  -22.5000 2342.1584   21.5466
    7.5000  -30.0000  -22.5000 2316.8401   21.5134
   -7.5000  -22.5000  -22.5000 2403.4592   20.0555
    0.0000  -22.5000  -22.5000 2421.8271   20.1677
    7.5000  -22.5000  -22.5000 2395.1340   20.1355
   -7.5000  -15.0000  -22.5000 2435.3740   19.1358
    0.0000  -15.0000  -22.5000 2457.9021   19.2672
    7.5000  -15.0000  -22.5000 2432.0464   19.2394
   -7.5000   -7.5000  -22.5000 2457.0488   18.7520
    0.0000   -7.5000  -22.5000 2478.3721   18.8341
    7.5000   -7.5000  -22.5000 2447.0254   18.8281
   -7.5000    0.0000  -22.5000 2448.7231   18.6671
    0.0000    0.0000  -22.5000 2473.5659   18.7181
    7.5000    0.0000  -22.5000 2450.8325   18.6814
   -7.5000    7.5000  -22.5000 2441.8235   19.0473
    0.0000    7.5000  -22.5000 2467.5820   19.0320
    7.5000    7.5000  -22.5000 2443.3962   19.0274
   -7.5000   15.0000  -22.5000 2401.4048   19.6597
    0.0000   15.0000  -22.5000 2427.6267   19.6633
    7.5000   15.0000  -22.5000 2405.5815   19.6561
   -7.5000   22.5000  -22.5000 2360.8093   20.7344
    0.0000   22.5000  -22.5000 2385.1201   20.7048
    7.5000   22.5000  -22.5000 2365.7231   20.7543
   -7.5000   30.0000  -22.5000 2279.9399   22.1815
    0.0000   30.0000  -22.5000 2308.2764   22.1066
    7.5000   30.0000  -22.5000 2287.3325   22.1758
   -7.5000   37.5000  -22.5000 2165.3823   24.0637
    0.0000   37.5000  -22.5000 2187.0020   23.9349
    7.5000   37.5000  -22.5000 2168.5273   23.9756
   -7.5000   45.0000  -22.5000 2026.2546   26.5247
    0.0000   45.0000  -22.5000 2047.2504   26.3085
    7.5000   45.0000  -22.5000 2030.4257   26.3940
   -7.5000  -45.0000  -15.0000 2163.6492   24.8227
    0.0000  -45.0000  -15.0000 2180.9663   24.9600
    7.5000  -45.0000  -15.0000 2162.2544   24.8949
   -7.5000  -37.5000  -15.0000 2299.4233   22.4254
    0.0000  -37.5000  -15.0000 2316.6450   22.5011
    7.5000  -37.5000  -15.0000 2291.0366   22.4651
   -7.5000  -30.0000  -15.0000 2400.1230   20.5290
    0.0000  -30.0000  -15.0000 2422.0317   20.6209
    7.5000  -30.0000  -15.0000 2386.8677   20.5371
   -7.5000  -22.5000  -15.0000 2468.0886   19.0421
    0.0000  -22.5000  -15.0000 2489.3296   19.1431
    7.5000  -22.5000  -15.0000 2458.9993   19.0553
   -7.5000  -15.0000  -15.0000 2510.1362   18.0900
    0.0000  -15.0000  -15.0000 2532.3247   18.2195
    7.5000  -15.0000  -15.0000 2508.4795   18.1946
   -7.5000   -7.5000  -15.0000 2538.3923   17.5821
    0.0000   -7.5000  -15.0000 2559.6331   17.6788
    7.5000   -7.5000  -15.0000 2535.2178   17.6440
   -7.5000    0.0000  -15.0000 2546.5884   17.5481
    0.0000    0.0000  -15.0000 2574.4993   17.6346
    7.5000    0.0000  -15.0000 2540.8125   17.4834
   -7.5000    7.5000  -15.0000 2536.5610   17.9231
    0.0000    7.5000  -15.0000 2574.4648   17.9811
    7.5000    7.5000  -15.0000 2539.3088   17.8747
   -7.5000   15.0000  -15.0000 2496.0833   18.4754
    0.0000   15.0000  -15.0000 2531.0989   18.5427
    7.5000   15.0000  -15.0000 2502.2478   18.4975
   -7.5000   22.5000  -15.0000 2440.7988   19.4356
    0.0000   22.5000  -15.0000 2473.4456   19.4577
    7.5000   22.5000  -15.0000 2445.0210   19.4688
   -7.5000   30.0000  -15.0000 2363.5767   20.7919
    0.0000   30.0000  -15.0000 2395.7744   20.7820
    7.5000   30.0000  -15.0000 2367.4502   20.8147
   -7.5000   37.5000  -15.0000 2247.5950   22.6756
    0.0000   37.5000  -15.0000 2273.9922   22.5635
    7.5000   37.5000  -15.0000 2259.4333   22.5912
   -7.5000   45.0000  -15.0000 2104.8464   25.0014
    0.0000   45.0000  -15.0000 2125.4678   24.8884
    7.5000   45.0000  -15.0000 2111.0061   24.9524
   -7.5000  -45.0000   -7.5000 2208.7725   23.9081
    0.0000  -45.0000   -7.5000 2231.5264   23.9021
    7.5000  -45.0000   -7.5000 2205.0410   23.9066
   -7.5000  -37.5000   -7.5000 2346.9924   21.6569
    0.0000  -37.5000   -7.5000 2369.1060   21.6409
    7.5000  -37.5000   -7.5000 2341.9238   21.6286
   -7.5000  -30.0000   -7.5000 2450.1528   19.7717
    0.0000  -30.0000   -7.5000 2474.3406   19.8053
    7.5000  -30.0000   -7.5000 2444.7690   19.7722
   -7.5000  -22.5000   -7.5000 2525.8162   18.2587
    0.0000  -22.5000   -7.5000 2551.8340   18.3332
    7.5000  -22.5000   -7.5000 2522.3784   18.3131
   -7.5000  -15.0000   -7.5000 2570.9871   17.1292
    0.0000  -15.0000   -7.5000 2596.1245   17.2152
    7.5000  -15.0000   -7.5000 2565.4949   17.2483
   -7.5000   -7.5000   -7.5000 2603.7747   16.4517
    0.0000   -7.5000   -7.5000 2623.9734   16.5645
    7.5000   -7.5000   -7.5000 2589.7505   16.5795
   -7.5000    0.0000   -7.5000 2620.8259   16.3564
    0.0000    0.0000   -7.5000 2656.7158   16.4628
    7.5000    0.0000   -7.5000 2609.8369   16.3664
   -7.5000    7.5000   -7.5000 2614.8704   16.7344
    0.0000    7.5000   -7.5000 2657.0825   16.8111
    7.5000    7.5000   -7.5000 2614.9094   16.7209
   -7.5000   15.0000   -7.5000 2577.7896   17.3502
    0.0000   15.0000   -7.5000 2615.0422   17.3840
    7.5000   15.0000   -7.5000 2588.2002   17.3964
   -7.5000   22.5000   -7.5000 2520.9307   18.2211
    0.0000   22.5000   -7.5000 2553.6211   18.2229
    7.5000   22.5000   -7.5000 2527.6960   18.3011
   -7.5000   30.0000   -7.5000 2432.7942   19.5656
    0.0000   30.0000   -7.5000 2456.4258   19.5000
    7.5000   30.0000   -7.5000 2435.2502   19.5641
   -7.5000   37.5000   -7.5000 2319.4536   21.4594
    0.0000   37.5000   -7.5000 2344.1492   21.3533
    7.5000   37.5000   -7.5000 2318.0708   21.3937
   -7.5000   45.0000   -7.5000 2171.4534   23.7798
    0.0000   45.0000   -7.5000 2190.7290   23.6911
    7.5000   45.0000   -7.5000 2164.6526   23.6497
   -7.5000  -45.0000    0.0000 2222.4307   23.2495
    0.0000  -45.0000    0.0000 2244.9570   23.2265
    7.5000  -45.0000    0.0000 2231.3577   23.4035
   -7.5000  -37.5000    0.0000 2363.1865   21.0648
    0.0000  -37.5000    0.0000 2388.0295   21.0259
    7.5000  -37.5000    0.0000 2369.1213   21.0944
   -7.5000  -30.0000    0.0000 2472.0706   19.2632
    0.0000  -30.0000    0.0000 2498.2012   19.2632
    7.5000  -30.0000    0.0000 2477.9297   19.2831
   -7.5000  -22.5000    0.0000 2567.7974   17.8247
    0.0000  -22.5000    0.0000 2602.1155   17.8437
    7.5000  -22.5000    0.0000 2572.1895   17.8764
   -7.5000  -15.0000    0.0000 2617.7429   16.5378
    0.0000  -15.0000    0.0000 2656.7297   16.6047
    7.5000  -15.0000    0.0000 2620.0464   16.6973
   -7.5000   -7.5000    0.0000 2642.9021   15.6465
    0.0000   -7.5000    0.0000 2671.5439   15.6604
    7.5000   -7.5000    0.0000 2633.2002   15.7755
   -7.5000    0.0000    0.0000 2667.3440   15.4278
    0.0000    0.0000    0.0000 2708.1570   15.4275
    7.5000    0.0000    0.0000 2656.9741   15.4904
   -7.5000    7.5000    0.0000 2664.3235   15.7426
    0.0000    7.5000    0.0000 2699.8066   15.7343
    7.5000    7.5000    0.0000 2670.8928   15.7950
   -7.5000   15.0000    0.0000 2632.0828   16.3694
    0.0000   15.0000    0.0000 2663.6150   16.3186
    7.5000   15.0000    0.0000 2647.4263   16.4234
   -7.5000   22.5000    0.0000 2574.1462   17.3204
    0.0000   22.5000    0.0000 2606.1099   17.1960
    7.5000   22.5000    0.0000 2584.6426   17.3813
   -7.5000   30.0000    0.0000 2477.1079   18.7038
    0.0000   30.0000    0.0000 2501.6150   18.5657
    7.5000   30.0000    0.0000 2478.0989   18.7854
   -7.5000   37.5000    0.0000 2359.8481   20.5749
    0.0000   37.5000    0.0000 2382.6567   20.4667
    7.5000   37.5000    0.0000 2361.4553   20.6335
   -7.5000   45.0000    0.0000 2208.3555   22.8673
    0.0000   45.0000    0.0000 2230.0403   22.7540
    7.5000   45.0000    0.0000 2205.2788   22.8189
   -7.5000  -45.0000    7.5000 2232.6067   23.0132
    0.0000  -45.0000    7.5000 2259.4485   22.9353
    7.5000  -45.0000    7.5000 2254.0613   23.2092
   -7.5000  -37.5000    7.5000 2369.3345   20.7702
    0.0000  -37.5000    7.5000 2395.2534   20.6432
    7.5000  -37.5000    7.5000 2388.3992   20.8643
   -7.5000  -30.0000    7.5000 2477.5007   18.9982
    0.0000  -30.0000    7.5000 2506.6514   18.8997
    7.5000  -30.0000    7.5000 2498.7090   19.0500
   -7.5000  -22.5000    7.5000 2585.7437   17.6190
    0.0000  -22.5000    7.5000 2622.9832   17.5884
    7.5000  -22.5000    7.5000 2605.1785   17.6965
   -7.5000  -15.0000    7.5000 2657.3362   16.3878
    0.0000  -15.0000    7.5000 2715.7827   16.4471
    7.5000  -15.0000    7.5000 2676.5254   16.5643
   -7.5000   -7.5000    7.5000 2670.5447   15.1934
    0.0000   -7.5000    7.5000 2700.1313   15.0628
    7.5000   -7.5000    7.5000 2685.4998   15.4312
   -7.5000    0.0000    7.5000 2685.3875   14.7968
    0.0000    0.0000    7.5000 2721.7087   14.5921
    7.5000    0.0000    7.5000 2691.6116   14.9424
   -7.5000    7.5000    7.5000 2698.9263   15.0989
    0.0000    7.5000    7.5000 2728.6223   14.8590
    7.5000    7.5000    7.5000 2710.1926   15.2295
   -7.5000   15.0000    7.5000 2666.9077   15.7846
    0.0000   15.0000    7.5000 2696.3042   15.5762
    7.5000   15.0000    7.5000 2684.9150   15.9311
   -7.5000   22.5000    7.5000 2608.7000   16.8057
    0.0000   22.5000    7.5000 2639.1023   16.6201
    7.5000   22.5000    7.5000 2636.7500   16.9726
   -7.5000   30.0000    7.5000 2513.0347   18.2456
    0.0000   30.0000    7.5000 2540.0247   18.0944
    7.5000   30.0000    7.5000 2528.4646   18.4010
   -7.5000   37.5000    7.5000 2394.4636   20.1337
    0.0000   37.5000    7.5000 2421.4678   20.0135
    7.5000   37.5000    7.5000 2411.0901   20.2322
   -7.5000   45.0000    7.5000 2241.2698   22.4146
    0.0000   45.0000    7.5000 2262.8535   22.2920
    7.5000   45.0000    7.5000 2242.2832   22.5041
   -7.5000  -45.0000   15.0000 2229.7676   23.0205
    0.0000  -45.0000   15.0000 2239.8623   22.6255
    7.5000  -45.0000   15.0000 2235.1230   22.9838
   -7.5000  -37.5000   15.0000 2361.7212   20.7120
    0.0000  -37.5000   15.0000 2372.4097   20.3677
    7.5000  -37.5000   15.0000 2366.9741   20.6538
   -7.5000  -30.0000   15.0000 2471.3335   18.9093
    0.0000  -30.0000   15.0000 2489.0820   18.6785
    7.5000  -30.0000   15.0000 2484.4766   18.9384
   -7.5000  -22.5000   15.0000 2578.8323   17.5306
    0.0000  -22.5000   15.0000 2609.7881   17.4402
    7.5000  -22.5000   15.0000 2604.5359   17.6439
   -7.5000  -15.0000   15.0000 2646.2551   16.3372
    0.0000  -15.0000   15.0000 2705.1501   16.2886
    7.5000  -15.0000   15.0000 2685.0134   16.5701
   -7.5000   -7.5000   15.0000 2672.4702   15.1631
    0.0000   -7.5000   15.0000 2703.5059   14.8013
    7.5000   -7.5000   15.0000 2710.9880   15.4352
   -7.5000    0.0000   15.0000 2707.4158   14.6789
    0.0000    0.0000   15.0000 2713.2434   14.1447
    7.5000    0.0000   15.0000 2733.9138   14.9152
   -7.5000    7.5000   15.0000 2725.7559   14.8977
    0.0000    7.5000   15.0000 2738.9893   14.4650
    7.5000    7.5000   15.0000 2738.5994   15.0158
   -7.5000   15.0000   15.0000 2688.0308   15.6332
    0.0000   15.0000   15.0000 2709.5002   15.3609
    7.5000   15.0000   15.0000 2700.0483   15.7410
   -7.5000   22.5000   15.0000 2625.0535   16.7226
    0.0000   22.5000   15.0000 2647.2769   16.4575
    7.5000   22.5000   15.0000 2647.9175   16.7362
   -7.5000   30.0000   15.0000 2525.7334   18.2177
    0.0000   30.0000   15.0000 2551.2173   17.9631
    7.5000   30.0000   15.0000 2544.9509   18.1783
   -7.5000   37.5000   15.0000 2401.6628   20.1321
    0.0000   37.5000   15.0000 2437.6936   19.9074
    7.5000   37.5000   15.0000 2416.7988   20.0196
   -7.5000   45.0000   15.0000 2247.6919   22.3713
    0.0000   45.0000   15.0000 2277.7485   22.2147
    7.5000   45.0000   15.0000 2253.0210   22.2786
   -7.5000  -45.0000   22.5000 2213.7490   23.2357
    0.0000  -45.0000   22.5000 2228.1951   22.8784
    7.5000  -45.0000   22.5000 2212.0327   23.2561
   -7.5000  -37.5000   22.5000 2334.1533   20.7438
    0.0000  -37.5000   22.5000 2347.8452   20.3880
    7.5000  -37.5000   22.5000 2340.6289   20.7784
   -7.5000  -30.0000   22.5000 2443.7690   18.9573
    0.0000  -30.0000   22.5000 2456.6116   18.5778
    7.5000  -30.0000   22.5000 2458.7495   19.0161
   -7.5000  -22.5000   22.5000 2551.5225   17.6532
    0.0000  -22.5000   22.5000 2572.3726   17.3878
    7.5000  -22.5000   22.5000 2589.8110   17.7981
   -7.5000  -15.0000   22.5000 2614.2615   16.4677
    0.0000  -15.0000   22.5000 2650.9998   16.1746
    7.5000  -15.0000   22.5000 2656.6282   16.6977
   -7.5000   -7.5000   22.5000 2677.7825   15.6021
    0.0000   -7.5000   22.5000 2674.7686   15.0880
    7.5000   -7.5000   22.5000 2689.4519   15.6289
   -7.5000    0.0000   22.5000 2732.1660   15.3338
    0.0000    0.0000   22.5000 2747.4260   14.8771
    7.5000    0.0000   22.5000 2725.6843   15.1637
   -7.5000    7.5000   22.5000 2747.7241   15.3956
    0.0000    7.5000   22.5000 2775.7222   15.1442
    7.5000    7.5000   22.5000 2738.1172   15.2611
   -7.5000   15.0000   22.5000 2688.8428   15.9711
    0.0000   15.0000   22.5000 2717.8445   15.7954
    7.5000   15.0000   22.5000 2692.4297   15.9316
   -7.5000   22.5000   22.5000 2616.0562   16.9979
    0.0000   22.5000   22.5000 2635.0437   16.7972
    7.5000   22.5000   22.5000 2625.2981   16.9567
   -7.5000   30.0000   22.5000 2519.3408   18.4090
    0.0000   30.0000   22.5000 2544.0298   18.2286
    7.5000   30.0000   22.5000 2530.9817   18.3386
   -7.5000   37.5000   22.5000 2399.5803   20.2522
    0.0000   37.5000   22.5000 2427.8147   20.0869
    7.5000   37.5000   22.5000 2412.6174   20.1273
   -7.5000   45.0000   22.5000 2242.7302   22.4363
    0.0000   45.0000   22.5000 2273.4207   22.3753
    7.5000   45.0000   22.5000 2250.8618   22.3400
   -7.5000  -45.0000   30.0000 2178.8960   23.7426
    0.0000  -45.0000   30.0000 2193.1807   23.2875
    7.5000  -45.0000   30.0000 2192.6506   23.8514
   -7.5000  -37.5000   30.0000 2286.9824   21.2774
    0.0000  -37.5000   30.0000 2303.9531   20.7932
    7.5000  -37.5000   30.0000 2311.6294   21.3969
   -7.5000  -30.0000   30.0000 2408.4199   19.6590
    0.0000  -30.0000   30.0000 2410.9319   19.1368
    7.5000  -30.0000   30.0000 2423.4834   19.6750
   -7.5000  -22.5000   30.0000 2525.0596   18.3963
    0.0000  -22.5000   30.0000 2541.3367   18.0476
    7.5000  -22.5000   30.0000 2547.3767   18.3563
   -7.5000  -15.0000   30.0000 2603.6572   17.2015
    0.0000  -15.0000   30.0000 2594.5178   16.5584
    7.5000  -15.0000   30.0000 2606.4573   17.1065
   -7.5000   -7.5000   30.0000 2651.0618   16.3312
    0.0000   -7.5000   30.0000 2655.9780   15.7729
    7.5000   -7.5000   30.0000 2639.0850   16.0932
   -7.5000    0.0000   30.0000 2696.6162   16.0212
    0.0000    0.0000   30.0000 2725.5891   15.7208
    7.5000    0.0000   30.0000 2686.4890   15.7674
   -7.5000    7.5000   30.0000 2718.3516   16.0792
    0.0000    7.5000   30.0000 2751.1130   15.9240
    7.5000    7.5000   30.0000 2718.5994   15.9152
   -7.5000   15.0000   30.0000 2668.8440   16.6741
    0.0000   15.0000   30.0000 2703.9934   16.6042
    7.5000   15.0000   30.0000 2675.3494   16.6530
   -7.5000   22.5000   30.0000 2577.8420   17.7022
    0.0000   22.5000   30.0000 2609.4077   17.6210
    7.5000   22.5000   30.0000 2588.6892   17.6910
   -7.5000   30.0000   30.0000 2474.3643   19.0312
    0.0000   30.0000   30.0000 2511.5396   18.9645
    7.5000   30.0000   30.0000 2492.6973   19.0409
   -7.5000   37.5000   30.0000 2357.0115   20.7613
    0.0000   37.5000   30.0000 2387.8057   20.6788
    7.5000   37.5000   30.0000 2376.7747   20.7020
   -7.5000   45.0000   30.0000 2203.2812   22.8681
    0.0000   45.0000   30.0000 2231.7178   22.7209
    7.5000   45.0000   30.0000 2218.4028   22.7357
   -7.5000  -45.0000   37.5000 2145.3208   25.0295
    0.0000  -45.0000   37.5000 2163.7944   24.5794
    7.5000  -45.0000   37.5000 2157.8440   25.0121
   -7.5000  -37.5000   37.5000 2274.9070   22.6565
    0.0000  -37.5000   37.5000 2279.8352   22.0938
    7.5000  -37.5000   37.5000 2281.6262   22.6170
   -7.5000  -30.0000   37.5000 2382.4792   20.8107
    0.0000  -30.0000   37.5000 2396.5259   20.3110
    7.5000  -30.0000   37.5000 2392.3108   20.7080
   -7.5000  -22.5000   37.5000 2483.4456   19.2466
    0.0000  -22.5000   37.5000 2493.9656   18.6796
    7.5000  -22.5000   37.5000 2501.6047   19.1177
   -7.5000  -15.0000   37.5000 2551.3958   17.8647
    0.0000  -15.0000   37.5000 2546.9150   17.1780
    7.5000  -15.0000   37.5000 2552.2888   17.6656
   -7.5000   -7.5000   37.5000 2605.5029   17.0506
    0.0000   -7.5000   37.5000 2619.6824   16.5492
    7.5000   -7.5000   37.5000 2609.8381   16.8717
   -7.5000    0.0000   37.5000 2638.5454   16.7896
    0.0000    0.0000   37.5000 2667.6870   16.4951
    7.5000    0.0000   37.5000 2647.7178   16.6122
   -7.5000    7.5000   37.5000 2655.4519   16.9484
    0.0000    7.5000   37.5000 2682.7261   16.7185
    7.5000    7.5000   37.5000 2665.5432   16.8143
   -7.5000   15.0000   37.5000 2609.0603   17.5356
    0.0000   15.0000   37.5000 2642.0781   17.3503
    7.5000   15.0000   37.5000 2619.3674   17.4386
   -7.5000   22.5000   37.5000 2528.7908   18.5666
    0.0000   22.5000   37.5000 2569.0500   18.4560
    7.5000   22.5000   37.5000 2549.6006   18.5467
   -7.5000   30.0000   37.5000 2429.0317   19.9330
    0.0000   30.0000   37.5000 2467.5938   19.8158
    7.5000   30.0000   37.5000 2455.5378   19.8804
   -7.5000   37.5000   37.5000 2304.7815   21.5577
    0.0000   37.5000   37.5000 2328.3408   21.4896
    7.5000   37.5000   37.5000 2322.9624   21.4694
   -7.5000   45.0000   37.5000 2148.3140   23.5965
    0.0000   45.0000   37.5000 2178.1738   23.4813
    7.5000   45.0000   37.5000 2166.6155   23.4333
   -7.5000  -45.0000   45.0000 2104.5151   26.6127
    0.0000  -45.0000   45.0000 2123.3923   26.1892
    7.5000  -45.0000   45.0000 2120.5779   26.6213
   -7.5000  -37.5000   45.0000 2225.5833   23.9604
    0.0000  -37.5000   45.0000 2243.1345   23.4899
    7.5000  -37.5000   45.0000 2241.3079   23.9019
   -7.5000  -30.0000   45.0000 2320.2825   21.7898
    0.0000  -30.0000   45.0000 2347.2053   21.3214
    7.5000  -30.0000   45.0000 2341.6814   21.7312
   -7.5000  -22.5000   45.0000 2417.5569   20.0643
    0.0000  -22.5000   45.0000 2428.4258   19.4223
    7.5000  -22.5000   45.0000 2426.4834   19.8812
   -7.5000  -15.0000   45.0000 2484.3215   18.7258
    0.0000  -15.0000   45.0000 2498.0383   18.1277
    7.5000  -15.0000   45.0000 2489.1406   18.5231
   -7.5000   -7.5000   45.0000 2540.1772   18.0429
    0.0000   -7.5000   45.0000 2556.2217   17.6053
    7.5000   -7.5000   45.0000 2551.3079   17.8874
   -7.5000    0.0000   45.0000 2566.3755   17.7935
    0.0000    0.0000   45.0000 2591.1587   17.4620
    7.5000    0.0000   45.0000 2584.7983   17.6363
   -7.5000    7.5000   45.0000 2571.3628   17.9732
    0.0000    7.5000   45.0000 2600.7583   17.6928
    7.5000    7.5000   45.0000 2591.1497   17.8342
   -7.5000   15.0000   45.0000 2524.5425   18.5078
    0.0000   15.0000   45.0000 2560.4019   18.2770
    7.5000   15.0000   45.0000 2543.5681   18.4398
   -7.5000   22.5000   45.0000 2462.0527   19.4932
    0.0000   22.5000   45.0000 2496.7864   19.3206
    7.5000   22.5000   45.0000 2481.4114   19.4683
   -7.5000   30.0000   45.0000 2364.5330   20.8658
    0.0000   30.0000   45.0000 2394.1514   20.7169
    7.5000   30.0000   45.0000 2385.6328   20.8353
   -7.5000   37.5000   45.0000 2233.0095   22.5455
    0.0000   37.5000   45.0000 2260.7603   22.4717
    7.5000   37.5000   45.0000 2247.0627   22.4680
   -7.5000   45.0000   45.0000 2082.9248   24.5939
    0.0000   45.0000   45.0000 2119.3633   24.5146
    7.5000   45.0000   45.0000 2100.3479   24.5246

---------------------------------------------------------------------
imgreg_4dfp /opt/freesurfer/average/711-2C_as_mni_average_305 /opt/freesurfer/average/711-2B_as_mni_average_305_mask talsrcimg_g11 none talsrcimg_to_711-2C_as_mni_average_305_t4 1283
---------------------------------------------------------------------

freesurfer imgreg_4dfp.c
/opt/freesurfer/average/711-2C_as_mni_average_305.4dfp.img
       256       256       256         1
  1.000000  1.000000  1.000000
orientation T byte_order littleendian
Reading image: /opt/freesurfer/average/711-2C_as_mni_average_305.4dfp.img
dimensions:      256       256       256
mmppix:       1.0000   -1.0000   -1.0000
center:     128.0000 -129.0000 -129.0000
/opt/freesurfer/average/711-2B_as_mni_average_305_mask.4dfp.img
       256       256       256         1
  1.000000  1.000000  1.000000
orientation T byte_order littleendian
Reading mask: /opt/freesurfer/average/711-2B_as_mni_average_305_mask.4dfp.img (2306576 pixels)
talsrcimg_g11.4dfp.img
       256       256       256         1
  1.000000  1.000000  1.000000
orientation T byte_order littleendian
Reading image: talsrcimg_g11.4dfp.img
dimensions:      256       256       256
mmppix:       1.0000   -1.0000   -1.0000
center:     128.0000 -129.0000 -129.0000
rotation matrix determinant  1.000000
fimgreg.f
image alignment mode   1283 decimal      503 hex
parameters
    0.0000    7.5000   22.5000    0.0000    0.0000    0.0000
eta,q 0.87175 15.11301
niter,ni,del,rscale     5    3   12.0000    1.2000
parameter  2  0.573283 ->  0.500000 qaram    1.1500
parameters
   -2.3088    4.0500   24.6969   -0.2311    1.0146    0.6609
eta,q 0.87620 15.36543
  0.1341  0.1321  0.1422  0.1323  0.1332  0.1264
  0.1315  0.1254  0.1373  0.1285  0.1278  0.1272
  0.1321  0.1250  0.1303  0.1255  0.1251  0.1264
  0.1341  0.1309  0.1252  0.1241  0.1239  0.1246
  0.1340  0.1370  0.1240  0.1256  0.1252  0.1233
  0.1347  0.1409  0.1252  0.1298  0.1260  0.1244
  0.1384  0.1430  0.1294  0.1334  0.1278  0.1276
niter,ni,del,rscale     5    3   12.0000    1.2000
parameters
   -1.8813    4.8632   24.5877   -1.7021    0.6494    0.6945
eta,q 0.87634 15.38301
  0.1375  0.1463  0.1365  0.1288  0.1289  0.1266
  0.1303  0.1368  0.1290  0.1250  0.1258  0.1265
  0.1244  0.1298  0.1248  0.1238  0.1237  0.1251
  0.1238  0.1245  0.1250  0.1249  0.1238  0.1237
  0.1281  0.1282  0.1265  0.1269  0.1251  0.1235
  0.1298  0.1336  0.1306  0.1307  0.1268  0.1249
  0.1321  0.1374  0.1362  0.1350  0.1298  0.1280
niter,ni,del,rscale     4    3   12.0000    1.2000
parameters
   -1.3591    5.7572   24.4662   -3.0189    0.1458    0.1666
eta,q 0.87630 15.42383
  0.1360  0.1449  0.1345  0.1298  0.1281  0.1256
  0.1294  0.1356  0.1288  0.1253  0.1264  0.1249
  0.1241  0.1287  0.1252  0.1237  0.1242  0.1243
  0.1237  0.1246  0.1253  0.1252  0.1239  0.1237
  0.1269  0.1279  0.1266  0.1278  0.1253  0.1237
  0.1277  0.1319  0.1296  0.1307  0.1271  0.1248
  0.1311  0.1358  0.1347  0.1348  0.1299  0.1275
niter,ni,del,rscale     3    3   12.0000    1.2000
parameters
   -0.7440    6.4643   24.4794   -3.8324   -0.6817   -0.8466
eta,q 0.87593 15.48569
  0.1339  0.1439  0.1336  0.1315  0.1262  0.1249
  0.1283  0.1352  0.1293  0.1267  0.1260  0.1246
  0.1239  0.1277  0.1252  0.1237  0.1244  0.1242
  0.1237  0.1245  0.1245  0.1245  0.1239  0.1238
  0.1254  0.1264  0.1262  0.1276  0.1249  0.1239
  0.1253  0.1314  0.1284  0.1307  0.1263  0.1249
  0.1301  0.1370  0.1338  0.1346  0.1288  0.1273
niter,ni,del,rscale     2    3   12.0000    1.2000
parameters
    0.1415    6.8884   24.5834   -4.1228   -2.5065   -1.1416
eta,q 0.87549 15.46861
  0.1325  0.1439  0.1339  0.1327  0.1242  0.1244
  0.1283  0.1344  0.1295  0.1285  0.1247  0.1247
  0.1248  0.1278  0.1245  0.1245  0.1244  0.1249
  0.1241  0.1244  0.1241  0.1241  0.1240  0.1244
  0.1245  0.1263  0.1255  0.1265  0.1242  0.1236
  0.1239  0.1335  0.1275  0.1299  0.1250  0.1239
  0.1292  0.1387  0.1339  0.1337  0.1274  0.1256
niter,ni,del,rscale     1    3   12.0000    1.2000
parameters
    0.8112    7.0293   24.8749   -3.9239   -1.8998   -1.5725
eta,q 0.87554 15.53644
  0.1341  0.1433  0.1333  0.1332  0.1259  0.1249
  0.1291  0.1340  0.1284  0.1301  0.1233  0.1250
  0.1265  0.1281  0.1238  0.1254  0.1238  0.1250
  0.1245  0.1242  0.1240  0.1242  0.1242  0.1243
  0.1240  0.1278  0.1239  0.1254  0.1244  0.1240
  0.1254  0.1356  0.1252  0.1287  0.1237  0.1245
  0.1316  0.1403  0.1325  0.1324  0.1247  0.1261
registration optimization eta report
parameter search radius
    6.0000    6.9000    6.0000    6.0000    6.0000    6.0000
100000*second partial in parameter space
       23.       35.       27.       23.        3.        3.
  0.1341  0.1433  0.1333  0.1332  0.1259  0.1249
  0.1291  0.1340  0.1284  0.1301  0.1233  0.1250
  0.1265  0.1281  0.1238  0.1254  0.1238  0.1250
  0.1245  0.1242  0.1240  0.1242  0.1242  0.1243
  0.1240  0.1278  0.1239  0.1254  0.1244  0.1240
  0.1254  0.1356  0.1252  0.1287  0.1237  0.1245
  0.1316  0.1403  0.1325  0.1324  0.1247  0.1261
    0.8112    7.0293   24.8749   -3.9239   -1.8998   -1.5725
eta,q 0.87554 15.53644

---------------------------------------------------------------------
imgreg_4dfp /opt/freesurfer/average/711-2C_as_mni_average_305 /opt/freesurfer/average/711-2B_as_mni_average_305_mask talsrcimg_g11 none talsrcimg_to_711-2C_as_mni_average_305_t4 3335
---------------------------------------------------------------------

freesurfer imgreg_4dfp.c
/opt/freesurfer/average/711-2C_as_mni_average_305.4dfp.img
       256       256       256         1
  1.000000  1.000000  1.000000
orientation T byte_order littleendian
Reading image: /opt/freesurfer/average/711-2C_as_mni_average_305.4dfp.img
dimensions:      256       256       256
mmppix:       1.0000   -1.0000   -1.0000
center:     128.0000 -129.0000 -129.0000
/opt/freesurfer/average/711-2B_as_mni_average_305_mask.4dfp.img
       256       256       256         1
  1.000000  1.000000  1.000000
orientation T byte_order littleendian
Reading mask: /opt/freesurfer/average/711-2B_as_mni_average_305_mask.4dfp.img (2306576 pixels)
talsrcimg_g11.4dfp.img
       256       256       256         1
  1.000000  1.000000  1.000000
orientation T byte_order littleendian
Reading image: talsrcimg_g11.4dfp.img
dimensions:      256       256       256
mmppix:       1.0000   -1.0000   -1.0000
center:     128.0000 -129.0000 -129.0000
fimgreg.f
image alignment mode   3335 decimal      D07 hex
parameters
    0.8112    7.0293   24.8749   -0.0926   -0.2658   -0.2893
    2.5110    3.4939   -2.7427    6.7498   -3.3151   -6.8394
eta,q 0.87448 15.33201
niter,ni,del,rscale     5    3    5.0000    1.2000
parameter  3  0.842516 ->  0.500000 qaram    1.1500
parameter  4  2.103287 ->  0.500000 qaram    1.1500
parameter  5  1.165334 ->  0.500000 qaram    1.1500
parameter 10 -1.132331 -> -0.500000 qaram    1.1500
parameter 11 -0.688734 -> -0.500000 qaram    1.1500
parameter 12 -3.495526 -> -0.500000 qaram    1.1500
parameters
   -0.3752    7.0323   23.4949   -4.2326   -4.4058   -3.4233
    2.2025    0.8493   -3.2567   10.8898    0.8249   -2.6994
eta,q 0.89155 15.04825
  0.1256  0.1261  0.1243  0.1158  0.1144  0.1148  0.1169  0.1166  0.1155  0.1235  0.1149  0.1183
  0.1251  0.1256  0.1242  0.1178  0.1148  0.1151  0.1161  0.1149  0.1150  0.1204  0.1136  0.1160
  0.1251  0.1253  0.1244  0.1208  0.1166  0.1155  0.1156  0.1146  0.1147  0.1174  0.1126  0.1137
  0.1255  0.1250  0.1250  0.1242  0.1186  0.1151  0.1154  0.1154  0.1146  0.1146  0.1121  0.1116
  0.1263  0.1249  0.1259  0.1283  0.1208  0.1158  0.1156  0.1169  0.1147  0.1128  0.1117  0.1097
  0.1274  0.1253  0.1269  0.1333  0.1245  0.1205  0.1163  0.1188  0.1152  0.1119  0.1116  0.1080
  0.1287  0.1264  0.1280  0.1380  0.1286  0.1272  0.1173  0.1211  0.1158  0.1114  0.1115  0.1066
niter,ni,del,rscale     7    3    5.0000    1.2000
parameter  3  5.622973 ->  0.500000 qaram    1.3225
parameter  4  1.047558 ->  0.500000 qaram    1.3225
parameter 11 -0.635097 -> -0.500000 qaram    1.3225
parameter 12 -1.710361 -> -0.500000 qaram    1.3225
parameters
   -0.0335    6.8770   21.9079   -8.9936   -6.9815   -6.7700
    2.8139   -0.0773   -2.3678   14.9285    5.5859    2.0616
eta,q 0.90152 14.84746
  0.1115  0.1095  0.1052  0.1015  0.1042  0.1014  0.1040  0.1041  0.1028  0.1078  0.1024  0.1070
  0.1100  0.1088  0.1060  0.1024  0.1029  0.1020  0.1031  0.1026  0.1023  0.1054  0.1017  0.1048
  0.1090  0.1085  0.1071  0.1037  0.1020  0.1020  0.1023  0.1020  0.1020  0.1035  0.1013  0.1027
  0.1085  0.1084  0.1084  0.1063  0.1027  0.1020  0.1020  0.1020  0.1019  0.1019  0.1011  0.1008
  0.1085  0.1085  0.1097  0.1104  0.1038  0.1022  0.1022  0.1027  0.1020  0.1011  0.1008  0.0993
  0.1090  0.1090  0.1109  0.1156  0.1066  0.1035  0.1027  0.1037  0.1021  0.1013  0.1008  0.0982
  0.1102  0.1100  0.1123  0.1206  0.1097  0.1073  0.1035  0.1053  0.1024  0.1022  0.1008  0.0974
niter,ni,del,rscale     7    3    5.0000    1.2000
parameter  3  2.485829 ->  0.500000 qaram    1.5209
parameter  4  0.658094 ->  0.500000 qaram    1.5209
parameter  5  0.549660 ->  0.500000 qaram    1.3225
parameter  6  0.515343 ->  0.500000 qaram    1.1500
parameter  9  0.058803 -> -0.500000 qaram    1.1500
parameter 10 -0.727741 -> -0.500000 qaram    1.3225
parameter 11 -0.607967 -> -0.500000 qaram    1.5209
parameter 12 -0.766221 -> -0.500000 qaram    1.5209
parameters
   -0.1794    6.8808   20.0829  -14.4688  -11.7425  -10.9100
    2.2832   -0.0942    1.7722   19.6895   11.0611    7.5368
eta,q 0.90803 14.49771
  0.1003  0.0996  0.0949  0.0939  0.0944  0.0941  0.0947  0.0963  0.0936  0.0967  0.0941  0.0968
  0.0992  0.0991  0.0958  0.0945  0.0947  0.0938  0.0942  0.0950  0.0937  0.0960  0.0937  0.0952
  0.0986  0.0987  0.0971  0.0953  0.0949  0.0940  0.0939  0.0942  0.0938  0.0949  0.0933  0.0939
  0.0985  0.0985  0.0985  0.0962  0.0947  0.0947  0.0939  0.0939  0.0939  0.0937  0.0930  0.0929
  0.0988  0.0985  0.1000  0.0979  0.0955  0.0954  0.0941  0.0941  0.0938  0.0931  0.0929  0.0922
  0.0996  0.0989  0.1017  0.1020  0.0974  0.0964  0.0945  0.0950  0.0937  0.0930  0.0929  0.0919
  0.1007  0.0998  0.1038  0.1082  0.0992  0.1000  0.0950  0.0963  0.0935  0.0935  0.0929  0.0921
niter,ni,del,rscale     7    3    5.0000    1.2000
parameter  3  1.358275 ->  0.500000 qaram    1.7490
parameter  5  4.435278 ->  0.500000 qaram    1.5209
parameter  7 -0.743395 -> -0.500000 qaram    1.1500
parameter  9 -0.735648 -> -0.500000 qaram    1.3225
parameter 12  0.915078 ->  0.500000 qaram    1.7490
parameters
    0.3747    7.7162   17.9840  -19.8251  -17.2177  -13.9806
    6.4232    2.2561    6.5332   18.0880   11.8526    1.2403
eta,q 0.91563 14.08538
  0.0944  0.0929  0.0891  0.0894  0.0842  0.0870  0.0886  0.0891  0.0879  0.0870  0.0863  0.0841
  0.0932  0.0925  0.0895  0.0890  0.0859  0.0866  0.0877  0.0876  0.0869  0.0857  0.0855  0.0843
  0.0924  0.0922  0.0904  0.0890  0.0875  0.0862  0.0868  0.0864  0.0861  0.0851  0.0851  0.0846
  0.0920  0.0919  0.0918  0.0897  0.0890  0.0864  0.0862  0.0857  0.0854  0.0849  0.0849  0.0849
  0.0919  0.0918  0.0934  0.0909  0.0908  0.0874  0.0858  0.0854  0.0850  0.0855  0.0849  0.0853
  0.0922  0.0918  0.0954  0.0931  0.0925  0.0901  0.0857  0.0857  0.0848  0.0870  0.0852  0.0860
  0.0928  0.0921  0.0975  0.0973  0.0950  0.0949  0.0857  0.0865  0.0850  0.0895  0.0860  0.0872
niter,ni,del,rscale     7    3    5.0000    1.2000
parameter  2 13.721475 ->  0.500000 qaram    1.1500
parameter  3  2.992755 ->  0.500000 qaram    2.0114
parameter  5 -4.024869 ->  0.500000 qaram    1.7490
parameter  6  0.861964 ->  0.500000 qaram    1.3225
parameter  7  0.960844 ->  0.500000 qaram    1.3225
parameter  9  1.704346 ->  0.500000 qaram    1.5209
parameter 10  3.761159 ->  0.500000 qaram    1.5209
parameter 11  0.915450 ->  0.500000 qaram    1.7490
parameter 12  1.786366 ->  0.500000 qaram    2.0114
parameters
    0.4137    6.3362   15.5704  -20.2395  -23.5141  -18.7416
    1.6622   -0.1315    1.0580   12.6128    5.5562   -6.0006
eta,q 0.95104 14.32934
  0.0863  0.0813  0.0768  0.0816  0.0643  0.0683  0.0676  0.0683  0.0635  0.0547  0.0555  0.0467
  0.0852  0.0823  0.0783  0.0804  0.0688  0.0689  0.0674  0.0674  0.0640  0.0564  0.0557  0.0483
  0.0846  0.0833  0.0803  0.0793  0.0739  0.0695  0.0679  0.0671  0.0653  0.0598  0.0563  0.0513
  0.0844  0.0844  0.0825  0.0788  0.0789  0.0702  0.0691  0.0674  0.0671  0.0643  0.0572  0.0558
  0.0846  0.0855  0.0850  0.0790  0.0831  0.0709  0.0707  0.0683  0.0693  0.0689  0.0584  0.0615
  0.0852  0.0865  0.0877  0.0802  0.0868  0.0723  0.0725  0.0695  0.0716  0.0731  0.0602  0.0675
  0.0862  0.0877  0.0906  0.0826  0.0899  0.0756  0.0742  0.0708  0.0739  0.0769  0.0625  0.0728
niter,ni,del,rscale     7    3    5.0000    1.2000
parameter  2  1.054713 ->  0.500000 qaram    1.3225
parameter  3  0.878543 ->  0.500000 qaram    2.3131
parameter  4 -0.797623 -> -0.500000 qaram    1.7490
parameter  6 -1.504935 -> -0.500000 qaram    1.5209
parameters
   -0.6543    4.7492   12.7947  -13.9431  -29.1050  -13.2664
    2.5259   -0.7262   -0.7819   13.1761    1.4189  -10.8369
eta,q 0.96353 14.50928
  0.0493  0.0422  0.0405  0.0480  0.0415  0.0437  0.0422  0.0398  0.0401  0.0430  0.0375  0.0377
  0.0485  0.0432  0.0406  0.0453  0.0395  0.0416  0.0399  0.0383  0.0382  0.0405  0.0369  0.0368
  0.0484  0.0451  0.0416  0.0428  0.0383  0.0398  0.0382  0.0374  0.0372  0.0384  0.0368  0.0365
  0.0490  0.0483  0.0436  0.0407  0.0390  0.0385  0.0374  0.0373  0.0373  0.0371  0.0370  0.0368
  0.0502  0.0529  0.0464  0.0394  0.0464  0.0378  0.0376  0.0378  0.0383  0.0370  0.0374  0.0377
  0.0521  0.0588  0.0503  0.0390  0.0627  0.0372  0.0388  0.0389  0.0401  0.0383  0.0381  0.0394
  0.0545  0.0656  0.0549  0.0392  0.0761  0.0360  0.0409  0.0408  0.0429  0.0430  0.0389  0.0422
niter,ni,del,rscale     7    3    5.0000    1.2000
parameters
   -0.1567    3.5948   12.1287  -13.5907  -28.0846  -14.8672
    1.9003   -0.4804   -0.4783   13.8008    2.4179  -10.7679
eta,q 0.96449 14.50713
  0.0407  0.0374  0.0400  0.0427  0.0439  0.0397  0.0394  0.0397  0.0403  0.0405  0.0380  0.0383
  0.0387  0.0362  0.0369  0.0397  0.0406  0.0376  0.0373  0.0371  0.0379  0.0381  0.0365  0.0369
  0.0372  0.0358  0.0358  0.0373  0.0378  0.0361  0.0359  0.0359  0.0362  0.0364  0.0357  0.0358
  0.0365  0.0363  0.0358  0.0357  0.0356  0.0352  0.0355  0.0355  0.0355  0.0355  0.0355  0.0355
  0.0364  0.0378  0.0369  0.0347  0.0343  0.0344  0.0364  0.0360  0.0361  0.0357  0.0357  0.0358
  0.0370  0.0399  0.0392  0.0360  0.0353  0.0383  0.0381  0.0371  0.0376  0.0370  0.0363  0.0367
  0.0383  0.0427  0.0420  0.0446  0.0442  0.0484  0.0404  0.0388  0.0398  0.0398  0.0371  0.0383
niter,ni,del,rscale     6    3    5.0000    1.2000
parameters
   -0.0774    3.6915   11.5732  -13.2477  -28.5939  -15.5863
    1.6895   -0.4022   -0.6557   14.4471    2.7683  -10.8544
eta,q 0.96428 14.45391
  0.0389  0.0399  0.0395  0.0426  0.0433  0.0405  0.0398  0.0395  0.0403  0.0408  0.0380  0.0383
  0.0370  0.0377  0.0370  0.0396  0.0400  0.0382  0.0377  0.0371  0.0379  0.0384  0.0365  0.0370
  0.0359  0.0362  0.0357  0.0371  0.0374  0.0366  0.0362  0.0360  0.0363  0.0366  0.0358  0.0360
  0.0355  0.0355  0.0355  0.0355  0.0354  0.0356  0.0357  0.0357  0.0357  0.0357  0.0357  0.0357
  0.0358  0.0359  0.0364  0.0344  0.0347  0.0346  0.0364  0.0362  0.0365  0.0360  0.0360  0.0360
  0.0368  0.0373  0.0385  0.0358  0.0370  0.0367  0.0380  0.0374  0.0382  0.0374  0.0367  0.0370
  0.0384  0.0395  0.0414  0.0446  0.0490  0.0454  0.0401  0.0390  0.0405  0.0400  0.0374  0.0384
niter,ni,del,rscale     5    3    5.0000    1.2000
parameters
   -0.0399    3.9289   11.2917  -13.2410  -28.9150  -15.9100
    1.6246   -0.3767   -0.7252   14.9706    2.8058  -11.1290
eta,q 0.96410 14.42064
  0.0389  0.0406  0.0400  0.0425  0.0436  0.0409  0.0400  0.0396  0.0406  0.0410  0.0380  0.0384
  0.0371  0.0382  0.0376  0.0396  0.0404  0.0386  0.0379  0.0372  0.0382  0.0385  0.0366  0.0371
  0.0361  0.0365  0.0361  0.0372  0.0377  0.0369  0.0364  0.0362  0.0365  0.0367  0.0360  0.0362
  0.0357  0.0357  0.0357  0.0357  0.0357  0.0358  0.0359  0.0359  0.0359  0.0359  0.0359  0.0359
  0.0361  0.0360  0.0364  0.0348  0.0349  0.0349  0.0365  0.0364  0.0366  0.0363  0.0362  0.0362
  0.0371  0.0373  0.0382  0.0364  0.0371  0.0364  0.0380  0.0375  0.0383  0.0377  0.0369  0.0372
  0.0387  0.0394  0.0409  0.0455  0.0484  0.0444  0.0401  0.0392  0.0406  0.0403  0.0376  0.0386
niter,ni,del,rscale     4    3    5.0000    1.2000
parameters
   -0.0310    4.0781   11.1378  -13.2269  -29.0995  -16.1111
    1.5970   -0.3612   -0.7295   15.2931    2.8162  -11.3415
eta,q 0.96399 14.40397
  0.0390  0.0405  0.0403  0.0426  0.0438  0.0411  0.0401  0.0397  0.0407  0.0410  0.0381  0.0385
  0.0372  0.0381  0.0379  0.0397  0.0406  0.0387  0.0381  0.0373  0.0383  0.0385  0.0367  0.0372
  0.0362  0.0365  0.0364  0.0374  0.0379  0.0370  0.0365  0.0363  0.0366  0.0367  0.0361  0.0363
  0.0359  0.0359  0.0359  0.0359  0.0359  0.0360  0.0360  0.0360  0.0360  0.0360  0.0360  0.0360
  0.0363  0.0363  0.0365  0.0350  0.0351  0.0350  0.0366  0.0365  0.0367  0.0365  0.0363  0.0362
  0.0373  0.0376  0.0382  0.0365  0.0371  0.0363  0.0381  0.0377  0.0384  0.0379  0.0371  0.0372
  0.0389  0.0397  0.0408  0.0455  0.0480  0.0442  0.0402  0.0393  0.0407  0.0406  0.0378  0.0387
niter,ni,del,rscale     3    3    5.0000    1.2000
parameters
   -0.0263    4.1645   11.0393  -13.2159  -29.1955  -16.2305
    1.5806   -0.3448   -0.7253   15.4909    2.8163  -11.4704
eta,q 0.96392 14.39548
  0.0391  0.0404  0.0405  0.0427  0.0439  0.0412  0.0402  0.0397  0.0408  0.0410  0.0381  0.0386
  0.0373  0.0381  0.0381  0.0398  0.0407  0.0388  0.0381  0.0374  0.0384  0.0385  0.0368  0.0373
  0.0363  0.0365  0.0365  0.0375  0.0380  0.0371  0.0366  0.0363  0.0367  0.0367  0.0362  0.0364
  0.0360  0.0360  0.0360  0.0360  0.0360  0.0360  0.0361  0.0361  0.0361  0.0361  0.0361  0.0361
  0.0364  0.0365  0.0366  0.0351  0.0352  0.0351  0.0366  0.0366  0.0367  0.0366  0.0364  0.0363
  0.0374  0.0378  0.0383  0.0367  0.0371  0.0363  0.0381  0.0377  0.0384  0.0380  0.0371  0.0373
  0.0390  0.0399  0.0408  0.0455  0.0478  0.0440  0.0402  0.0394  0.0407  0.0408  0.0378  0.0387
niter,ni,del,rscale     2    3    5.0000    1.2000
parameters
   -0.0210    4.2131   10.9823  -13.2088  -29.2538  -16.3007
    1.5611   -0.3318   -0.7245   15.6032    2.8234  -11.5506
eta,q 0.96388 14.39044
  0.0391  0.0403  0.0406  0.0427  0.0440  0.0413  0.0402  0.0398  0.0408  0.0410  0.0382  0.0386
  0.0374  0.0380  0.0382  0.0399  0.0408  0.0389  0.0382  0.0374  0.0384  0.0385  0.0368  0.0373
  0.0364  0.0366  0.0366  0.0375  0.0381  0.0372  0.0366  0.0364  0.0367  0.0367  0.0363  0.0365
  0.0361  0.0361  0.0361  0.0361  0.0361  0.0361  0.0361  0.0361  0.0361  0.0361  0.0361  0.0361
  0.0364  0.0366  0.0366  0.0352  0.0352  0.0352  0.0367  0.0366  0.0368  0.0367  0.0365  0.0363
  0.0375  0.0379  0.0383  0.0367  0.0371  0.0363  0.0382  0.0378  0.0384  0.0381  0.0372  0.0373
  0.0390  0.0400  0.0408  0.0456  0.0477  0.0440  0.0403  0.0394  0.0407  0.0410  0.0379  0.0388
niter,ni,del,rscale     1    3    5.0000    1.2000
parameters
   -0.0175    4.2423   10.9479  -13.2035  -29.2844  -16.3388
    1.5489   -0.3243   -0.7228   15.6705    2.8213  -11.5986
eta,q 0.96385 14.38807
  0.0391  0.0403  0.0406  0.0428  0.0440  0.0413  0.0402  0.0398  0.0408  0.0410  0.0382  0.0386
  0.0374  0.0380  0.0382  0.0399  0.0408  0.0390  0.0382  0.0375  0.0384  0.0385  0.0368  0.0374
  0.0364  0.0366  0.0367  0.0376  0.0382  0.0372  0.0367  0.0364  0.0367  0.0367  0.0363  0.0365
  0.0361  0.0361  0.0361  0.0361  0.0361  0.0361  0.0361  0.0361  0.0361  0.0361  0.0361  0.0361
  0.0365  0.0366  0.0367  0.0353  0.0353  0.0352  0.0367  0.0367  0.0368  0.0367  0.0365  0.0364
  0.0375  0.0380  0.0383  0.0368  0.0371  0.0363  0.0382  0.0378  0.0385  0.0382  0.0372  0.0373
  0.0391  0.0401  0.0408  0.0456  0.0477  0.0439  0.0403  0.0394  0.0408  0.0410  0.0379  0.0388
registration optimization eta report
parameter search radius
    2.4000    3.1740    5.5513   12.5928   12.5928   10.9503
    9.5220    7.2000   10.9503   10.9503   12.5928   14.4818
100000*second partial in parameter space
       52.       40.       15.        5.        6.        6.
        4.        7.        4.        4.        1.        1.
  0.0391  0.0403  0.0406  0.0428  0.0440  0.0413  0.0402  0.0398  0.0408  0.0410  0.0382  0.0386
  0.0374  0.0380  0.0382  0.0399  0.0408  0.0390  0.0382  0.0375  0.0384  0.0385  0.0368  0.0374
  0.0364  0.0366  0.0367  0.0376  0.0382  0.0372  0.0367  0.0364  0.0367  0.0367  0.0363  0.0365
  0.0361  0.0361  0.0361  0.0361  0.0361  0.0361  0.0361  0.0361  0.0361  0.0361  0.0361  0.0361
  0.0365  0.0366  0.0367  0.0353  0.0353  0.0352  0.0367  0.0367  0.0368  0.0367  0.0365  0.0364
  0.0375  0.0380  0.0383  0.0368  0.0371  0.0363  0.0382  0.0378  0.0385  0.0382  0.0372  0.0373
  0.0391  0.0401  0.0408  0.0456  0.0477  0.0439  0.0403  0.0394  0.0408  0.0410  0.0379  0.0388
   -0.0175    4.2423   10.9479  -13.2035  -29.2844  -16.3388
    1.5489   -0.3243   -0.7228   15.6705    2.8213  -11.5986
eta,q 0.96385 14.38807

---------------------------------------------------------------------
imgreg_4dfp /opt/freesurfer/average/711-2C_as_mni_average_305 /opt/freesurfer/average/711-2B_as_mni_average_305_mask talsrcimg_g11 none talsrcimg_to_711-2C_as_mni_average_305_t4 2311
---------------------------------------------------------------------

freesurfer imgreg_4dfp.c
/opt/freesurfer/average/711-2C_as_mni_average_305.4dfp.img
       256       256       256         1
  1.000000  1.000000  1.000000
orientation T byte_order littleendian
Reading image: /opt/freesurfer/average/711-2C_as_mni_average_305.4dfp.img
dimensions:      256       256       256
mmppix:       1.0000   -1.0000   -1.0000
center:     128.0000 -129.0000 -129.0000
/opt/freesurfer/average/711-2B_as_mni_average_305_mask.4dfp.img
       256       256       256         1
  1.000000  1.000000  1.000000
orientation T byte_order littleendian
Reading mask: /opt/freesurfer/average/711-2B_as_mni_average_305_mask.4dfp.img (2306576 pixels)
talsrcimg_g11.4dfp.img
       256       256       256         1
  1.000000  1.000000  1.000000
orientation T byte_order littleendian
Reading image: talsrcimg_g11.4dfp.img
dimensions:      256       256       256
mmppix:       1.0000   -1.0000   -1.0000
center:     128.0000 -129.0000 -129.0000
fimgreg.f
image alignment mode   2311 decimal      907 hex
parameters
   -0.0175    4.2423   10.9479  -13.2035  -29.2844  -16.3388
    1.5489   -0.3243   -0.7228   15.6705    2.8213  -11.5986
eta,q 0.96385 14.38807
niter,ni,del,rscale     5    3    5.0000    0.8000
parameter  4 -1.584361 -> -0.500000 qaram    1.1500
parameter  5 -0.942498 -> -0.500000 qaram    1.1500
parameter  6 -2.387817 -> -0.500000 qaram    1.1500
parameter 11 -0.586161 -> -0.500000 qaram    1.1500
parameters
   -0.0394    4.2180   10.9991  -10.4435  -26.5244  -13.5788
    1.6713    0.6085   -0.3725   16.0150    5.5813  -12.9680
eta,q 0.96621 14.92435
  0.0375  0.0372  0.0366  0.0379  0.0381  0.0365  0.0355  0.0380  0.0354  0.0354  0.0347  0.0339
  0.0367  0.0366  0.0363  0.0372  0.0372  0.0358  0.0347  0.0357  0.0346  0.0347  0.0343  0.0338
  0.0363  0.0362  0.0362  0.0366  0.0363  0.0353  0.0342  0.0345  0.0342  0.0342  0.0341  0.0338
  0.0361  0.0361  0.0361  0.0361  0.0356  0.0348  0.0340  0.0340  0.0340  0.0340  0.0339  0.0338
  0.0363  0.0363  0.0362  0.0358  0.0350  0.0343  0.0341  0.0340  0.0340  0.0340  0.0338  0.0339
  0.0368  0.0367  0.0363  0.0355  0.0348  0.0339  0.0346  0.0345  0.0344  0.0343  0.0338  0.0341
  0.0375  0.0373  0.0365  0.0352  0.0348  0.0337  0.0354  0.0355  0.0350  0.0351  0.0339  0.0343
niter,ni,del,rscale     7    3    5.0000    1.0000
parameters
    0.1025    3.5569   11.1726  -10.3202  -25.8531  -13.9440
    1.4578    0.2229   -1.0430   15.3019    5.8486  -13.0074
eta,q 0.96648 14.96524
  0.0366  0.0344  0.0345  0.0367  0.0369  0.0364  0.0356  0.0369  0.0350  0.0349  0.0343  0.0340
  0.0351  0.0338  0.0339  0.0355  0.0355  0.0355  0.0345  0.0348  0.0341  0.0341  0.0339  0.0338
  0.0342  0.0335  0.0336  0.0345  0.0343  0.0345  0.0338  0.0338  0.0336  0.0336  0.0336  0.0336
  0.0338  0.0338  0.0335  0.0335  0.0335  0.0334  0.0335  0.0335  0.0335  0.0335  0.0335  0.0335
  0.0339  0.0344  0.0336  0.0330  0.0333  0.0324  0.0339  0.0340  0.0339  0.0338  0.0335  0.0336
  0.0346  0.0355  0.0338  0.0341  0.0339  0.0342  0.0347  0.0354  0.0347  0.0345  0.0338  0.0338
  0.0360  0.0370  0.0342  0.0378  0.0364  0.0396  0.0360  0.0380  0.0359  0.0361  0.0342  0.0341
niter,ni,del,rscale     6    3    5.0000    0.9000
parameters
    0.1173    3.3993   11.3188   -9.8847  -25.3191  -13.1769
    1.6753    0.2980   -1.1276   14.9444    6.0232  -13.0895
eta,q 0.96714 15.06811
  0.0356  0.0349  0.0342  0.0362  0.0362  0.0360  0.0350  0.0368  0.0344  0.0342  0.0338  0.0333
  0.0345  0.0341  0.0338  0.0352  0.0350  0.0352  0.0338  0.0345  0.0335  0.0335  0.0333  0.0331
  0.0338  0.0336  0.0336  0.0343  0.0340  0.0343  0.0331  0.0333  0.0330  0.0330  0.0330  0.0329
  0.0335  0.0335  0.0335  0.0335  0.0333  0.0333  0.0329  0.0329  0.0328  0.0328  0.0329  0.0329
  0.0337  0.0338  0.0335  0.0330  0.0332  0.0322  0.0330  0.0332  0.0330  0.0330  0.0329  0.0329
  0.0344  0.0345  0.0337  0.0337  0.0338  0.0326  0.0336  0.0344  0.0336  0.0336  0.0332  0.0331
  0.0356  0.0354  0.0340  0.0364  0.0357  0.0361  0.0346  0.0366  0.0345  0.0349  0.0337  0.0334
niter,ni,del,rscale     5    3    5.0000    0.8000
parameters
    0.0745    3.1637   11.5266   -9.7012  -24.7358  -12.5665
    1.8806    0.2543   -1.1137   14.3513    5.9540  -13.1793
eta,q 0.96763 15.14981
  0.0346  0.0338  0.0336  0.0353  0.0352  0.0354  0.0341  0.0357  0.0336  0.0334  0.0332  0.0327
  0.0336  0.0332  0.0332  0.0344  0.0341  0.0346  0.0332  0.0338  0.0329  0.0328  0.0327  0.0326
  0.0330  0.0329  0.0329  0.0336  0.0333  0.0337  0.0326  0.0327  0.0325  0.0325  0.0325  0.0324
  0.0329  0.0329  0.0328  0.0328  0.0328  0.0327  0.0323  0.0323  0.0323  0.0323  0.0324  0.0324
  0.0331  0.0332  0.0329  0.0325  0.0327  0.0318  0.0325  0.0327  0.0325  0.0325  0.0324  0.0324
  0.0337  0.0337  0.0330  0.0333  0.0332  0.0324  0.0330  0.0339  0.0329  0.0331  0.0327  0.0325
  0.0348  0.0346  0.0332  0.0358  0.0346  0.0355  0.0338  0.0359  0.0336  0.0343  0.0332  0.0328
niter,ni,del,rscale     4    3    5.0000    0.7000
parameters
    0.0070    2.8920   11.8092   -9.4475  -24.0599  -11.7517
    2.1321    0.2088   -1.0069   13.4483    5.6713  -13.5414
eta,q 0.96833 15.24957
  0.0337  0.0330  0.0330  0.0345  0.0343  0.0348  0.0332  0.0348  0.0328  0.0323  0.0324  0.0319
  0.0330  0.0326  0.0327  0.0337  0.0334  0.0340  0.0324  0.0330  0.0322  0.0320  0.0320  0.0318
  0.0325  0.0323  0.0324  0.0330  0.0327  0.0331  0.0319  0.0320  0.0318  0.0317  0.0317  0.0317
  0.0324  0.0324  0.0323  0.0323  0.0322  0.0321  0.0317  0.0317  0.0317  0.0317  0.0317  0.0317
  0.0326  0.0326  0.0323  0.0321  0.0322  0.0314  0.0318  0.0321  0.0318  0.0319  0.0318  0.0317
  0.0331  0.0331  0.0324  0.0327  0.0325  0.0318  0.0322  0.0331  0.0321  0.0325  0.0321  0.0319
  0.0340  0.0338  0.0326  0.0347  0.0335  0.0342  0.0329  0.0349  0.0327  0.0336  0.0326  0.0321
niter,ni,del,rscale     3    3    5.0000    0.6000
parameters
   -0.1015    2.4734   12.2749   -9.1889  -23.0416  -10.5809
    2.4429    0.1449   -0.7966   11.9364    5.1840  -14.0344
eta,q 0.96948 15.37460
  0.0327  0.0319  0.0324  0.0334  0.0333  0.0340  0.0320  0.0334  0.0316  0.0308  0.0311  0.0307
  0.0321  0.0317  0.0320  0.0327  0.0325  0.0331  0.0313  0.0319  0.0311  0.0306  0.0307  0.0306
  0.0317  0.0316  0.0317  0.0321  0.0319  0.0322  0.0309  0.0310  0.0308  0.0305  0.0306  0.0305
  0.0317  0.0317  0.0316  0.0315  0.0315  0.0313  0.0307  0.0307  0.0307  0.0307  0.0305  0.0305
  0.0319  0.0320  0.0315  0.0313  0.0313  0.0306  0.0307  0.0311  0.0307  0.0311  0.0307  0.0306
  0.0324  0.0324  0.0316  0.0319  0.0315  0.0308  0.0311  0.0321  0.0310  0.0318  0.0310  0.0307
  0.0331  0.0330  0.0317  0.0335  0.0322  0.0325  0.0316  0.0336  0.0314  0.0328  0.0315  0.0309
niter,ni,del,rscale     2    3    5.0000    0.5000
parameter  2  0.659865 ->  0.500000 qaram    1.1500
parameter  3 -0.590934 -> -0.500000 qaram    1.1500
parameter 10  0.544541 ->  0.500000 qaram    1.1500
parameters
   -0.2810    1.8984   12.8499   -8.9978  -21.8526   -9.3631
    2.7055    0.0270   -0.5814   10.2114    4.8084  -13.6980
eta,q 0.97099 15.48003
  0.0311  0.0303  0.0311  0.0317  0.0316  0.0324  0.0303  0.0315  0.0300  0.0292  0.0296  0.0294
  0.0307  0.0302  0.0307  0.0311  0.0309  0.0316  0.0298  0.0302  0.0296  0.0290  0.0292  0.0292
  0.0305  0.0303  0.0304  0.0305  0.0304  0.0308  0.0295  0.0295  0.0294  0.0291  0.0290  0.0291
  0.0305  0.0305  0.0302  0.0301  0.0301  0.0299  0.0293  0.0293  0.0293  0.0293  0.0290  0.0290
  0.0307  0.0308  0.0301  0.0300  0.0299  0.0293  0.0293  0.0297  0.0293  0.0297  0.0292  0.0290
  0.0312  0.0313  0.0301  0.0305  0.0300  0.0294  0.0296  0.0305  0.0295  0.0304  0.0295  0.0291
  0.0318  0.0319  0.0302  0.0317  0.0304  0.0307  0.0300  0.0318  0.0298  0.0313  0.0299  0.0292
niter,ni,del,rscale     4    3    5.0000    0.7000
parameters
   -0.4692    1.2884   13.5050   -9.6102  -21.4646   -9.1895
    2.8754   -0.3141   -0.6623    9.2330    4.5292  -12.7968
eta,q 0.97159 15.49247
  0.0306  0.0294  0.0313  0.0311  0.0313  0.0322  0.0303  0.0316  0.0297  0.0298  0.0295  0.0292
  0.0296  0.0289  0.0300  0.0301  0.0301  0.0310  0.0294  0.0297  0.0290  0.0289  0.0288  0.0288
  0.0291  0.0287  0.0292  0.0291  0.0292  0.0299  0.0288  0.0287  0.0286  0.0285  0.0285  0.0286
  0.0290  0.0290  0.0287  0.0285  0.0287  0.0287  0.0285  0.0285  0.0285  0.0285  0.0284  0.0284
  0.0295  0.0297  0.0286  0.0288  0.0287  0.0281  0.0287  0.0292  0.0287  0.0290  0.0286  0.0284
  0.0304  0.0307  0.0286  0.0305  0.0292  0.0294  0.0292  0.0305  0.0291  0.0300  0.0290  0.0285
  0.0318  0.0322  0.0289  0.0340  0.0308  0.0330  0.0301  0.0326  0.0298  0.0316  0.0297  0.0287
niter,ni,del,rscale     3    3    5.0000    0.6000
parameters
   -0.5350    1.1082   13.6556   -9.3743  -21.2231   -8.8372
    2.8738   -0.3341   -0.7531    8.9004    4.5021  -12.4754
eta,q 0.97194 15.52163
  0.0297  0.0294  0.0294  0.0307  0.0302  0.0311  0.0293  0.0310  0.0290  0.0295  0.0290  0.0286
  0.0289  0.0288  0.0288  0.0298  0.0293  0.0302  0.0287  0.0293  0.0285  0.0287  0.0284  0.0283
  0.0285  0.0284  0.0285  0.0290  0.0287  0.0293  0.0282  0.0283  0.0282  0.0282  0.0281  0.0281
  0.0284  0.0284  0.0284  0.0284  0.0283  0.0283  0.0281  0.0281  0.0281  0.0281  0.0281  0.0281
  0.0286  0.0287  0.0284  0.0282  0.0283  0.0278  0.0282  0.0284  0.0282  0.0283  0.0282  0.0281
  0.0291  0.0293  0.0287  0.0289  0.0288  0.0286  0.0286  0.0294  0.0285  0.0290  0.0285  0.0282
  0.0300  0.0302  0.0290  0.0308  0.0300  0.0312  0.0294  0.0309  0.0291  0.0301  0.0290  0.0284
niter,ni,del,rscale     2    3    5.0000    0.5000
parameters
   -0.5697    1.0453   13.7961   -9.2016  -21.1228   -8.4633
    2.9140   -0.3556   -0.8169    8.7888    4.4965  -12.3299
eta,q 0.97219 15.54173
  0.0290  0.0290  0.0289  0.0298  0.0293  0.0303  0.0288  0.0300  0.0285  0.0290  0.0285  0.0281
  0.0285  0.0284  0.0284  0.0292  0.0287  0.0296  0.0282  0.0287  0.0281  0.0284  0.0281  0.0280
  0.0281  0.0281  0.0282  0.0285  0.0282  0.0288  0.0279  0.0280  0.0279  0.0279  0.0279  0.0278
  0.0281  0.0281  0.0281  0.0281  0.0280  0.0280  0.0278  0.0278  0.0278  0.0278  0.0278  0.0278
  0.0282  0.0282  0.0281  0.0279  0.0281  0.0276  0.0279  0.0281  0.0279  0.0280  0.0279  0.0278
  0.0286  0.0286  0.0282  0.0285  0.0284  0.0283  0.0282  0.0288  0.0281  0.0284  0.0281  0.0279
  0.0292  0.0292  0.0285  0.0299  0.0293  0.0301  0.0287  0.0300  0.0285  0.0292  0.0285  0.0281
niter,ni,del,rscale     1    3    5.0000    0.4000
parameters
   -0.6101    1.0294   13.9460   -9.0620  -21.0947   -8.0989
    2.9520   -0.3849   -0.8479    8.7457    4.4802  -12.2353
eta,q 0.97238 15.55521
  0.0284  0.0285  0.0284  0.0291  0.0286  0.0296  0.0283  0.0291  0.0281  0.0285  0.0281  0.0278
  0.0281  0.0281  0.0281  0.0285  0.0282  0.0290  0.0279  0.0283  0.0278  0.0280  0.0278  0.0277
  0.0279  0.0279  0.0279  0.0281  0.0279  0.0283  0.0277  0.0278  0.0277  0.0277  0.0277  0.0276
  0.0278  0.0278  0.0278  0.0278  0.0278  0.0278  0.0276  0.0276  0.0276  0.0276  0.0276  0.0276
  0.0279  0.0279  0.0278  0.0278  0.0278  0.0275  0.0277  0.0278  0.0277  0.0277  0.0277  0.0276
  0.0282  0.0281  0.0279  0.0281  0.0281  0.0280  0.0279  0.0283  0.0278  0.0280  0.0279  0.0277
  0.0286  0.0285  0.0281  0.0291  0.0286  0.0292  0.0282  0.0292  0.0281  0.0285  0.0281  0.0278
registration optimization eta report
parameter search radius
    0.8000    0.9200    0.9200    2.7600    2.7600    2.7600
    2.4000    2.4000    2.4000    2.7600    2.7600    2.4000
100000*second partial in parameter space
      111.       79.       54.       17.       11.       22.
       11.       26.        8.       11.        7.        3.
  0.0284  0.0285  0.0284  0.0291  0.0286  0.0296  0.0283  0.0291  0.0281  0.0285  0.0281  0.0278
  0.0281  0.0281  0.0281  0.0285  0.0282  0.0290  0.0279  0.0283  0.0278  0.0280  0.0278  0.0277
  0.0279  0.0279  0.0279  0.0281  0.0279  0.0283  0.0277  0.0278  0.0277  0.0277  0.0277  0.0276
  0.0278  0.0278  0.0278  0.0278  0.0278  0.0278  0.0276  0.0276  0.0276  0.0276  0.0276  0.0276
  0.0279  0.0279  0.0278  0.0278  0.0278  0.0275  0.0277  0.0278  0.0277  0.0277  0.0277  0.0276
  0.0282  0.0281  0.0279  0.0281  0.0281  0.0280  0.0279  0.0283  0.0278  0.0280  0.0279  0.0277
  0.0286  0.0285  0.0281  0.0291  0.0286  0.0292  0.0282  0.0292  0.0281  0.0285  0.0281  0.0278
   -0.6101    1.0294   13.9460   -9.0620  -21.0947   -8.0989
    2.9520   -0.3849   -0.8479    8.7457    4.4802  -12.2353
eta,q 0.97238 15.55521

---------------------------------------------------------------------
imgreg_4dfp /opt/freesurfer/average/711-2C_as_mni_average_305 /opt/freesurfer/average/711-2B_as_mni_average_305_mask talsrcimg_g11 none talsrcimg_to_711-2C_as_mni_average_305_t4 2311
---------------------------------------------------------------------

freesurfer imgreg_4dfp.c
/opt/freesurfer/average/711-2C_as_mni_average_305.4dfp.img
       256       256       256         1
  1.000000  1.000000  1.000000
orientation T byte_order littleendian
Reading image: /opt/freesurfer/average/711-2C_as_mni_average_305.4dfp.img
dimensions:      256       256       256
mmppix:       1.0000   -1.0000   -1.0000
center:     128.0000 -129.0000 -129.0000
/opt/freesurfer/average/711-2B_as_mni_average_305_mask.4dfp.img
       256       256       256         1
  1.000000  1.000000  1.000000
orientation T byte_order littleendian
Reading mask: /opt/freesurfer/average/711-2B_as_mni_average_305_mask.4dfp.img (2306576 pixels)
talsrcimg_g11.4dfp.img
       256       256       256         1
  1.000000  1.000000  1.000000
orientation T byte_order littleendian
Reading image: talsrcimg_g11.4dfp.img
dimensions:      256       256       256
mmppix:       1.0000   -1.0000   -1.0000
center:     128.0000 -129.0000 -129.0000
fimgreg.f
image alignment mode   2311 decimal      907 hex
parameters
   -0.6101    1.0294   13.9460   -9.0620  -21.0947   -8.0989
    2.9520   -0.3849   -0.8479    8.7457    4.4802  -12.2353
eta,q 0.97238 15.55521
niter,ni,del,rscale     5    3    5.0000    0.8000
parameters
   -0.6524    1.0161   14.1580   -9.8255  -21.4342   -8.5467
    3.0109   -0.5370   -0.8447    8.7515    4.2966  -11.9647
eta,q 0.97191 15.50855
  0.0304  0.0296  0.0296  0.0300  0.0300  0.0311  0.0303  0.0324  0.0298  0.0303  0.0291  0.0289
  0.0288  0.0285  0.0285  0.0291  0.0289  0.0301  0.0291  0.0297  0.0288  0.0291  0.0285  0.0284
  0.0279  0.0279  0.0279  0.0282  0.0281  0.0290  0.0284  0.0284  0.0283  0.0284  0.0282  0.0282
  0.0276  0.0276  0.0276  0.0276  0.0278  0.0278  0.0281  0.0281  0.0281  0.0281  0.0281  0.0281
  0.0280  0.0279  0.0277  0.0279  0.0280  0.0278  0.0283  0.0288  0.0283  0.0283  0.0283  0.0281
  0.0290  0.0285  0.0281  0.0299  0.0290  0.0300  0.0290  0.0303  0.0288  0.0290  0.0286  0.0284
  0.0307  0.0297  0.0287  0.0339  0.0313  0.0342  0.0302  0.0328  0.0298  0.0304  0.0292  0.0287
niter,ni,del,rscale     4    3    5.0000    0.7000
parameters
   -0.6063    1.0377   13.9779   -9.4790  -21.2835   -8.6354
    2.9367   -0.4146   -0.8106    8.7358    4.3597  -12.1028
eta,q 0.97202 15.52272
  0.0301  0.0296  0.0288  0.0305  0.0299  0.0307  0.0296  0.0320  0.0293  0.0297  0.0289  0.0285
  0.0290  0.0288  0.0283  0.0296  0.0290  0.0298  0.0287  0.0297  0.0286  0.0288  0.0284  0.0282
  0.0283  0.0283  0.0281  0.0287  0.0283  0.0289  0.0282  0.0284  0.0281  0.0282  0.0281  0.0280
  0.0281  0.0281  0.0281  0.0281  0.0279  0.0279  0.0280  0.0280  0.0280  0.0280  0.0280  0.0280
  0.0283  0.0282  0.0283  0.0278  0.0280  0.0277  0.0282  0.0284  0.0281  0.0281  0.0281  0.0280
  0.0288  0.0287  0.0286  0.0284  0.0285  0.0291  0.0288  0.0295  0.0286  0.0287  0.0284  0.0282
  0.0298  0.0295  0.0292  0.0303  0.0299  0.0321  0.0298  0.0314  0.0293  0.0298  0.0288  0.0286
niter,ni,del,rscale     3    3    5.0000    0.6000
parameters
   -0.5937    1.0224   13.9153   -9.2663  -21.1580   -8.4582
    2.9250   -0.3724   -0.8216    8.7287    4.4165  -12.1673
eta,q 0.97219 15.53916
  0.0295  0.0291  0.0286  0.0299  0.0294  0.0303  0.0291  0.0309  0.0288  0.0292  0.0286  0.0282
  0.0286  0.0285  0.0282  0.0292  0.0287  0.0295  0.0284  0.0292  0.0283  0.0284  0.0282  0.0280
  0.0281  0.0281  0.0280  0.0285  0.0282  0.0287  0.0280  0.0281  0.0279  0.0280  0.0279  0.0279
  0.0280  0.0280  0.0280  0.0280  0.0279  0.0279  0.0278  0.0278  0.0278  0.0278  0.0278  0.0278
  0.0281  0.0281  0.0281  0.0278  0.0280  0.0276  0.0279  0.0282  0.0279  0.0279  0.0279  0.0279
  0.0286  0.0285  0.0283  0.0284  0.0284  0.0284  0.0284  0.0292  0.0283  0.0284  0.0281  0.0280
  0.0294  0.0291  0.0287  0.0299  0.0293  0.0306  0.0292  0.0307  0.0288  0.0292  0.0285  0.0283
niter,ni,del,rscale     2    3    5.0000    0.5000
parameters
   -0.6106    1.0186   13.9666   -9.1232  -21.1097   -8.1803
    2.9448   -0.3782   -0.8378    8.7269    4.4353  -12.1874
eta,q 0.97234 15.55178
  0.0289  0.0286  0.0284  0.0293  0.0288  0.0298  0.0286  0.0300  0.0284  0.0286  0.0283  0.0280
  0.0283  0.0282  0.0281  0.0287  0.0283  0.0291  0.0281  0.0286  0.0280  0.0281  0.0279  0.0278
  0.0279  0.0279  0.0279  0.0282  0.0279  0.0284  0.0278  0.0279  0.0277  0.0278  0.0277  0.0277
  0.0278  0.0278  0.0278  0.0278  0.0278  0.0278  0.0277  0.0277  0.0277  0.0277  0.0277  0.0277
  0.0279  0.0279  0.0279  0.0278  0.0278  0.0275  0.0278  0.0279  0.0277  0.0278  0.0277  0.0277
  0.0283  0.0282  0.0280  0.0282  0.0281  0.0281  0.0281  0.0287  0.0280  0.0281  0.0279  0.0278
  0.0289  0.0286  0.0283  0.0293  0.0288  0.0296  0.0286  0.0299  0.0284  0.0287  0.0282  0.0280
niter,ni,del,rscale     1    3    5.0000    0.4000
parameters
   -0.6397    1.0234   14.0729   -9.0203  -21.1079   -7.8885
    2.9622   -0.3990   -0.8513    8.7265    4.4350  -12.1503
eta,q 0.97246 15.56043
  0.0283  0.0282  0.0281  0.0287  0.0283  0.0292  0.0282  0.0291  0.0280  0.0282  0.0279  0.0277
  0.0279  0.0279  0.0279  0.0282  0.0279  0.0287  0.0278  0.0282  0.0277  0.0278  0.0277  0.0276
  0.0277  0.0277  0.0277  0.0279  0.0277  0.0281  0.0276  0.0277  0.0276  0.0276  0.0276  0.0276
  0.0277  0.0277  0.0277  0.0277  0.0276  0.0276  0.0275  0.0275  0.0275  0.0275  0.0275  0.0275
  0.0277  0.0277  0.0277  0.0276  0.0277  0.0275  0.0276  0.0277  0.0276  0.0276  0.0276  0.0276
  0.0280  0.0279  0.0278  0.0279  0.0279  0.0279  0.0278  0.0283  0.0278  0.0278  0.0277  0.0276
  0.0284  0.0282  0.0279  0.0287  0.0283  0.0289  0.0281  0.0291  0.0280  0.0282  0.0279  0.0277
registration optimization eta report
parameter search radius
    0.8000    0.8000    0.8000    2.4000    2.4000    2.4000
    2.4000    2.4000    2.4000    2.4000    2.4000    2.4000
100000*second partial in parameter space
      113.       81.       57.       18.       11.       25.
       11.       27.        8.       12.        7.        3.
  0.0283  0.0282  0.0281  0.0287  0.0283  0.0292  0.0282  0.0291  0.0280  0.0282  0.0279  0.0277
  0.0279  0.0279  0.0279  0.0282  0.0279  0.0287  0.0278  0.0282  0.0277  0.0278  0.0277  0.0276
  0.0277  0.0277  0.0277  0.0279  0.0277  0.0281  0.0276  0.0277  0.0276  0.0276  0.0276  0.0276
  0.0277  0.0277  0.0277  0.0277  0.0276  0.0276  0.0275  0.0275  0.0275  0.0275  0.0275  0.0275
  0.0277  0.0277  0.0277  0.0276  0.0277  0.0275  0.0276  0.0277  0.0276  0.0276  0.0276  0.0276
  0.0280  0.0279  0.0278  0.0279  0.0279  0.0279  0.0278  0.0283  0.0278  0.0278  0.0277  0.0276
  0.0284  0.0282  0.0279  0.0287  0.0283  0.0289  0.0281  0.0291  0.0280  0.0282  0.0279  0.0277
   -0.6397    1.0234   14.0729   -9.0203  -21.1079   -7.8885
    2.9622   -0.3990   -0.8513    8.7265    4.4350  -12.1503
eta,q 0.97246 15.56043

---------------------------------------------------------------------
compute_vox2vox talsrcimg talsrcimg_to_711-2C_as_mni_average_305_t4 /opt/freesurfer/average/711-2C_as_mni_average_305
---------------------------------------------------------------------

freesurfer compute_vox2vox.c
Reading: talsrcimg.4dfp.ifh
Reading: talsrcimg_to_711-2C_as_mni_average_305_t4
Reading: /opt/freesurfer/average/711-2C_as_mni_average_305.4dfp.ifh
Writing: talsrcimg_to_711-2C_as_mni_average_305_t4_vox2vox.txt

start time Tue Mar 10 00:10:12 CET 2026
end		time Tue Mar 10 00:11:46 CET 2026

mpr2mni305 success

avi2talxfm orig_nu.mgz /opt/freesurfer/average/mni305.cor.mgz talsrcimg_to_711-2C_as_mni_average_305_t4_vox2vox.txt transforms/talairach.auto.xfm
avi2talxfm done
mv -f /out/sourcedata/freesurfer/sub-v1s3x0050790_ses-1/mri/talsrcimg_to_711-2C_as_mni_average_305_t4_vox2vox.txt /out/sourcedata/freesurfer/sub-v1s3x0050790_ses-1/mri/transforms/talsrcimg_to_711-2C_as_mni_average_305_t4_vox2vox.txt
lta_convert --src orig_nu.mgz --trg /opt/freesurfer/average/mni305.cor.mgz --inxfm transforms/talairach.auto.xfm --outlta transforms/talairach.auto.xfm.lta --subject fsaverage
7.3.2

--src: orig_nu.mgz src image (geometry).
--trg: /opt/freesurfer/average/mni305.cor.mgz trg image (geometry).
--inmni: transforms/talairach.auto.xfm input MNI/XFM transform.
--outlta: transforms/talairach.auto.xfm.lta output LTA.
--s: fsaverage subject name
 LTA read, type : 1
 1.09836   0.00854  -0.03993   0.09830;
-0.05058   1.06964   0.16664  -15.77895;
 0.01745  -0.11822   1.24869  -0.29526;
 0.00000   0.00000   0.00000   1.00000;
setting subject to fsaverage
Writing  LTA to file transforms/talairach.auto.xfm.lta...
lta_convert successful.
 
 
Started at Tue Mar 10 00:10:11 CET 2026
Ended   at Tue Mar 10 00:11:46 CET 2026
talairach_avi done
