/out/sourcedata/freesurfer/sub-v1s3x0050785_ses-1/mri
/opt/freesurfer/bin/talairach_avi
--i orig_nu.mgz --xfm transforms/talairach.auto.xfm
talairach_avi 7.3.2
Linux dna067 5.14.0-427.37.1.el9_4.x86_64 #1 SMP PREEMPT_DYNAMIC Fri Sep 13 12:41:50 EDT 2024 x86_64 x86_64 x86_64 GNU/Linux
Mon Mar  9 23:44:18 CET 2026
mri_convert orig_nu.mgz talsrcimg.img 
reading from orig_nu.mgz...
TR=0.00, TE=0.00, TI=0.00, flip angle=0.00
i_ras = (-1, 0, 0)
j_ras = (0, 0, -1)
k_ras = (0, 1, 0)
writing to talsrcimg.img...
Analyze Output Matrix
-1.00000   0.00000   0.00000   126.66925;
 0.00000   0.00000   1.00000  -136.25824;
 0.00000  -1.00000   0.00000   145.85291;
 0.00000   0.00000   0.00000   1.00000;
--------------------
INFO: set hdr.hist.orient to -1
mpr2mni305 talsrcimg
Mon Mar  9 23:44:19 CET 2026
/opt/freesurfer/bin/mpr2mni305 talsrcimg
mpr2mni305 7.3.2
target=711-2C_as_mni_average_305

---------------------------------------------------------------------
analyzeto4dfp talsrcimg -O0 -y
---------------------------------------------------------------------

freesurfer ifh2hdr.c
Mon Mar  9 23:44:19 2026
Writing: talsrcimg.4dfp.hdr
freesurfer analyzeto4dfp.c
Reading: talsrcimg.hdr
header size 348 bytes
hdr.dime.datatype	offset=70	value=2
hdr.dime.bitpix		offset=72	value=8
hdr.hist.orient		offset=252	value=-1
dimensionality     4
dimensions       256       256       256         1
Reading: talsrcimg.img
Writing: talsrcimg.4dfp.img
Writing: talsrcimg.4dfp.ifh
ifh2hdr talsrcimg -r0to225
ori=2

---------------------------------------------------------------------
gauss_4dfp talsrcimg 1.1
---------------------------------------------------------------------

freesurfer gauss_4dfp.c
Reading: talsrcimg.4dfp.img
Writing: talsrcimg_g11.4dfp.img
image dimensions 256 256 256 padded to 288 288 288
processing volume 1freesurfer ifh2hdr.c
Mon Mar  9 23:44:20 2026
Writing: talsrcimg_g11.4dfp.hdr

Writing: talsrcimg_g11.4dfp.ifh
including: talsrcimg.4dfp.img.rec in talsrcimg_g11.4dfp.img.rec

---------------------------------------------------------------------
imgreg_4dfp /opt/freesurfer/average/711-2C_as_mni_average_305 none talsrcimg_g11 none talsrcimg_to_711-2C_as_mni_average_305_t4 4355
---------------------------------------------------------------------

freesurfer imgreg_4dfp.c
/opt/freesurfer/average/711-2C_as_mni_average_305.4dfp.img
       256       256       256         1
  1.000000  1.000000  1.000000
orientation T byte_order littleendian
Reading image: /opt/freesurfer/average/711-2C_as_mni_average_305.4dfp.img
dimensions:      256       256       256
mmppix:       1.0000   -1.0000   -1.0000
center:     128.0000 -129.0000 -129.0000
talsrcimg_g11.4dfp.img
       256       256       256         1
  1.000000  1.000000  1.000000
orientation T byte_order littleendian
Reading image: talsrcimg_g11.4dfp.img
dimensions:      256       256       256
mmppix:       1.0000   -1.0000   -1.0000
center:     128.0000 -129.0000 -129.0000
t4_read: open error in t4_sub.f l:  41 t4_file(1:l)talsrcimg_to_711-2C_as_mni_average_305_t4 
t4_read: transform initialized to I4
rotation matrix determinant  1.000000
image alignment mode   4355 decimal     1103 hex
   -7.5000  -45.0000  -45.0000 7593.2021   27.1282
    0.0000  -45.0000  -45.0000 7907.8193   27.1366
    7.5000  -45.0000  -45.0000 7539.0747   27.0870
   -7.5000  -37.5000  -45.0000 7984.3936   27.0762
    0.0000  -37.5000  -45.0000 8290.9932   27.0704
    7.5000  -37.5000  -45.0000 7915.3286   27.0266
   -7.5000  -30.0000  -45.0000 8621.9600   27.0565
    0.0000  -30.0000  -45.0000 8973.3691   27.0328
    7.5000  -30.0000  -45.0000 8535.7441   26.9766
   -7.5000  -22.5000  -45.0000 9190.1172   27.0971
    0.0000  -22.5000  -45.0000 9585.8799   27.0700
    7.5000  -22.5000  -45.0000 9101.9199   26.9921
   -7.5000  -15.0000  -45.0000 9727.4785   27.1475
    0.0000  -15.0000  -45.000010113.4395   27.1312
    7.5000  -15.0000  -45.0000 9615.7441   27.0444
   -7.5000   -7.5000  -45.000010204.5342   27.1588
    0.0000   -7.5000  -45.000010600.4131   27.1603
    7.5000   -7.5000  -45.000010089.7324   27.0892
   -7.5000    0.0000  -45.000010665.4463   27.1282
    0.0000    0.0000  -45.000011068.2529   27.1366
    7.5000    0.0000  -45.000010534.2266   27.0870
   -7.5000    7.5000  -45.000010350.9189   27.0762
    0.0000    7.5000  -45.000010739.0889   27.0704
    7.5000    7.5000  -45.000010210.7734   27.0266
   -7.5000   15.0000  -45.0000 9668.1055   27.0565
    0.0000   15.0000  -45.000010024.1094   27.0328
    7.5000   15.0000  -45.0000 9514.4961   26.9766
   -7.5000   22.5000  -45.0000 8844.3428   27.0934
    0.0000   22.5000  -45.0000 9162.3857   27.0662
    7.5000   22.5000  -45.0000 8677.0684   26.9884
   -7.5000   30.0000  -45.0000 8042.3745   26.7857
    0.0000   30.0000  -45.0000 8334.0557   26.7697
    7.5000   30.0000  -45.0000 7838.2397   26.6840
   -7.5000   37.5000  -45.0000 7541.2192   26.7968
    0.0000   37.5000  -45.0000 7804.0596   26.7983
    7.5000   37.5000  -45.0000 7328.5742   26.7282
   -7.5000   45.0000  -45.0000 6789.7114   26.0870
    0.0000   45.0000  -45.0000 7009.7344   26.0951
    7.5000   45.0000  -45.0000 6596.2690   26.0474
   -7.5000  -45.0000  -37.5000 8258.3906   26.9513
    0.0000  -45.0000  -37.5000 8615.1689   26.9611
    7.5000  -45.0000  -37.5000 8170.5942   26.9153
   -7.5000  -37.5000  -37.5000 8681.9941   26.9030
    0.0000  -37.5000  -37.5000 9055.7891   26.9002
    7.5000  -37.5000  -37.5000 8601.3203   26.8598
   -7.5000  -30.0000  -37.5000 9350.0029   26.8854
    0.0000  -30.0000  -37.5000 9742.4111   26.8676
    7.5000  -30.0000  -37.5000 9265.9980   26.8094
   -7.5000  -22.5000  -37.5000 9929.7158   26.9232
    0.0000  -22.5000  -37.500010361.6709   26.9021
    7.5000  -22.5000  -37.5000 9834.3701   26.8178
   -7.5000  -15.0000  -37.500010467.3691   26.9675
    0.0000  -15.0000  -37.500010906.9453   26.9567
    7.5000  -15.0000  -37.500010353.2656   26.8654
   -7.5000   -7.5000  -37.500010967.7412   26.9781
    0.0000   -7.5000  -37.500011425.8828   26.9829
    7.5000   -7.5000  -37.500010843.6045   26.9124
   -7.5000    0.0000  -37.500011436.7031   26.9513
    0.0000    0.0000  -37.500011881.3828   26.9611
    7.5000    0.0000  -37.500011280.3564   26.9153
   -7.5000    7.5000  -37.500011072.4912   26.9030
    0.0000    7.5000  -37.500011482.2773   26.9002
    7.5000    7.5000  -37.500010902.5547   26.8598
   -7.5000   15.0000  -37.500010332.2988   26.8854
    0.0000   15.0000  -37.500010726.2686   26.8676
    7.5000   15.0000  -37.500010166.9219   26.8094
   -7.5000   22.5000  -37.5000 9420.3848   26.9195
    0.0000   22.5000  -37.5000 9786.9814   26.8984
    7.5000   22.5000  -37.5000 9246.2412   26.8141
   -7.5000   30.0000  -37.5000 8495.7803   26.6081
    0.0000   30.0000  -37.5000 8828.2090   26.5975
    7.5000   30.0000  -37.5000 8301.6318   26.5074
   -7.5000   37.5000  -37.5000 7920.0713   26.6186
    0.0000   37.5000  -37.5000 8214.4355   26.6233
    7.5000   37.5000  -37.5000 7704.3823   26.5537
   -7.5000   45.0000  -37.5000 7098.2188   25.9169
    0.0000   45.0000  -37.5000 7350.5483   25.9263
    7.5000   45.0000  -37.5000 6906.6333   25.8823
   -7.5000  -45.0000  -30.0000 9102.4629   28.0876
    0.0000  -45.0000  -30.0000 9533.7373   28.1160
    7.5000  -45.0000  -30.0000 9038.3311   28.0879
   -7.5000  -37.5000  -30.0000 9566.6602   28.0413
    0.0000  -37.5000  -30.000010015.2002   28.0627
    7.5000  -37.5000  -30.0000 9486.0850   28.0397
   -7.5000  -30.0000  -30.000010273.3223   28.0181
    0.0000  -30.0000  -30.000010765.5781   28.0228
    7.5000  -30.0000  -30.000010193.9375   27.9830
   -7.5000  -22.5000  -30.000010880.6777   28.0442
    0.0000  -22.5000  -30.000011411.4053   28.0380
    7.5000  -22.5000  -30.000010801.5146   27.9742
   -7.5000  -15.0000  -30.000011428.9453   28.0799
    0.0000  -15.0000  -30.000012001.0049   28.0779
    7.5000  -15.0000  -30.000011324.2998   28.0097
   -7.5000   -7.5000  -30.000011968.3027   28.1000
    0.0000   -7.5000  -30.000012522.5410   28.1159
    7.5000   -7.5000  -30.000011844.4336   28.0667
   -7.5000    0.0000  -30.000012466.0615   28.0876
    0.0000    0.0000  -30.000012994.0801   28.1160
    7.5000    0.0000  -30.000012304.0156   28.0879
   -7.5000    7.5000  -30.000012083.7881   28.0413
    0.0000    7.5000  -30.000012572.8711   28.0627
    7.5000    7.5000  -30.000011878.5605   28.0397
   -7.5000   15.0000  -30.000011261.6445   28.0181
    0.0000   15.0000  -30.000011735.0361   28.0228
    7.5000   15.0000  -30.000011096.5488   27.9830
   -7.5000   22.5000  -30.000010198.3428   28.0375
    0.0000   22.5000  -30.000010632.0273   28.0313
    7.5000   22.5000  -30.000010039.6709   27.9674
   -7.5000   30.0000  -30.0000 9124.8232   27.7083
    0.0000   30.0000  -30.0000 9516.8604   27.7064
    7.5000   30.0000  -30.0000 8963.3682   27.6391
   -7.5000   37.5000  -30.0000 8453.5928   27.7281
    0.0000   37.5000  -30.0000 8809.6094   27.7439
    7.5000   37.5000  -30.0000 8276.3662   27.6953
   -7.5000   45.0000  -30.0000 7548.1284   27.0294
    0.0000   45.0000  -30.0000 7844.3965   27.0568
    7.5000   45.0000  -30.0000 7379.0684   27.0297
   -7.5000  -45.0000  -22.5000 9926.6699   29.0915
    0.0000  -45.0000  -22.500010388.7812   29.1418
    7.5000  -45.0000  -22.5000 9860.2109   29.1301
   -7.5000  -37.5000  -22.500010409.7549   29.0454
    0.0000  -37.5000  -22.500010901.4951   29.0928
    7.5000  -37.5000  -22.500010352.7451   29.0865
   -7.5000  -30.0000  -22.500011142.0742   29.0173
    0.0000  -30.0000  -22.500011687.1924   29.0433
    7.5000  -30.0000  -22.500011068.8154   29.0277
   -7.5000  -22.5000  -22.500011835.4248   29.0353
    0.0000  -22.5000  -22.500012442.9170   29.0414
    7.5000  -22.5000  -22.500011754.3555   29.0100
   -7.5000  -15.0000  -22.500012485.2705   29.0675
    0.0000  -15.0000  -22.500013114.2793   29.0715
    7.5000  -15.0000  -22.500012319.9141   29.0360
   -7.5000   -7.5000  -22.500013074.5996   29.0954
    0.0000   -7.5000  -22.500013694.7275   29.1222
    7.5000   -7.5000  -22.500012878.1377   29.0973
   -7.5000    0.0000  -22.500013552.6494   29.0915
    0.0000    0.0000  -22.500014169.7588   29.1418
    7.5000    0.0000  -22.500013370.2646   29.1301
   -7.5000    7.5000  -22.500013078.0186   29.0454
    0.0000    7.5000  -22.500013650.0293   29.0928
    7.5000    7.5000  -22.500012870.5889   29.0865
   -7.5000   15.0000  -22.500012223.2178   29.0173
    0.0000   15.0000  -22.500012755.8271   29.0433
    7.5000   15.0000  -22.500011992.6748   29.0277
   -7.5000   22.5000  -22.500011012.6738   29.0264
    0.0000   22.5000  -22.500011519.0254   29.0324
    7.5000   22.5000  -22.500010833.6943   29.0010
   -7.5000   30.0000  -22.5000 9829.0059   28.6873
    0.0000   30.0000  -22.500010272.2051   28.6912
    7.5000   30.0000  -22.5000 9683.8916   28.6562
   -7.5000   37.5000  -22.5000 9083.3477   28.7148
    0.0000   37.5000  -22.5000 9475.7656   28.7412
    7.5000   37.5000  -22.5000 8908.8252   28.7167
   -7.5000   45.0000  -22.5000 8081.7290   28.0165
    0.0000   45.0000  -22.5000 8423.7324   28.0650
    7.5000   45.0000  -22.5000 7913.5859   28.0538
   -7.5000  -45.0000  -15.000010731.5479   29.8221
    0.0000  -45.0000  -15.000011251.7588   29.8789
    7.5000  -45.0000  -15.000010662.1797   29.8683
   -7.5000  -37.5000  -15.000011239.9609   29.7745
    0.0000  -37.5000  -15.000011794.6064   29.8263
    7.5000  -37.5000  -15.000011184.9453   29.8206
   -7.5000  -30.0000  -15.000012030.2217   29.7470
    0.0000  -30.0000  -15.000012611.8330   29.7731
    7.5000  -30.0000  -15.000011937.7305   29.7629
   -7.5000  -22.5000  -15.000012787.3535   29.7675
    0.0000  -22.5000  -15.000013433.2285   29.7725
    7.5000  -22.5000  -15.000012678.1738   29.7513
   -7.5000  -15.0000  -15.000013535.6611   29.8027
    0.0000  -15.0000  -15.000014183.1611   29.8061
    7.5000  -15.0000  -15.000013324.1562   29.7801
   -7.5000   -7.5000  -15.000014197.9043   29.8297
    0.0000   -7.5000  -15.000014845.0791   29.8595
    7.5000   -7.5000  -15.000013948.4199   29.8391
   -7.5000    0.0000  -15.000014699.7676   29.8221
    0.0000    0.0000  -15.000015408.3682   29.8789
    7.5000    0.0000  -15.000014488.0195   29.8683
   -7.5000    7.5000  -15.000014098.7021   29.7745
    0.0000    7.5000  -15.000014739.2803   29.8263
    7.5000    7.5000  -15.000013849.2197   29.8206
   -7.5000   15.0000  -15.000013167.2334   29.7470
    0.0000   15.0000  -15.000013779.7627   29.7731
    7.5000   15.0000  -15.000012934.5166   29.7629
   -7.5000   22.5000  -15.000011874.0908   29.7570
    0.0000   22.5000  -15.000012440.9092   29.7619
    7.5000   22.5000  -15.000011677.4834   29.7408
   -7.5000   30.0000  -15.000010618.9727   29.4170
    0.0000   30.0000  -15.000011125.1689   29.4204
    7.5000   30.0000  -15.000010437.1113   29.3947
   -7.5000   37.5000  -15.0000 9755.4307   29.4436
    0.0000   37.5000  -15.000010189.9111   29.4730
    7.5000   37.5000  -15.0000 9579.7227   29.4529
   -7.5000   45.0000  -15.0000 8646.8584   28.7375
    0.0000   45.0000  -15.0000 9025.6689   28.7923
    7.5000   45.0000  -15.0000 8469.8076   28.7820
   -7.5000  -45.0000   -7.500011589.4160   30.1699
    0.0000  -45.0000   -7.500012144.7754   30.2049
    7.5000  -45.0000   -7.500011506.1670   30.1711
   -7.5000  -37.5000   -7.500012140.3086   30.1171
    0.0000  -37.5000   -7.500012730.7090   30.1410
    7.5000  -37.5000   -7.500012051.9199   30.1129
   -7.5000  -30.0000   -7.500013004.0508   30.0901
    0.0000  -30.0000   -7.500013599.3486   30.0896
    7.5000  -30.0000   -7.500012861.6738   30.0549
   -7.5000  -22.5000   -7.500013810.5928   30.1211
    0.0000  -22.5000   -7.500014446.1074   30.1071
    7.5000  -22.5000   -7.500013619.5537   30.0575
   -7.5000  -15.0000   -7.500014595.5439   30.1672
    0.0000  -15.0000   -7.500015251.4893   30.1584
    7.5000  -15.0000   -7.500014337.3584   30.1007
   -7.5000   -7.5000   -7.500015309.3848   30.1891
    0.0000   -7.5000   -7.500015996.9541   30.2046
    7.5000   -7.5000   -7.500015009.5078   30.1560
   -7.5000    0.0000   -7.500015868.9785   30.1699
    0.0000    0.0000   -7.500016637.1758   30.2049
    7.5000    0.0000   -7.500015602.9326   30.1711
   -7.5000    7.5000   -7.500015161.1738   30.1171
    0.0000    7.5000   -7.500015836.5020   30.1410
    7.5000    7.5000   -7.500014863.1553   30.1129
   -7.5000   15.0000   -7.500014126.8848   30.0901
    0.0000   15.0000   -7.500014788.1914   30.0896
    7.5000   15.0000   -7.500013851.4619   30.0549
   -7.5000   22.5000   -7.500012719.4502   30.1072
    0.0000   22.5000   -7.500013349.4727   30.0932
    7.5000   22.5000   -7.500012509.7080   30.0436
   -7.5000   30.0000   -7.500011371.8721   29.7760
    0.0000   30.0000   -7.500011946.7891   29.7673
    7.5000   30.0000   -7.500011164.0498   29.7104
   -7.5000   37.5000   -7.500010432.0742   29.7976
    0.0000   37.5000   -7.500010897.2012   29.8129
    7.5000   37.5000   -7.500010216.9580   29.7650
   -7.5000   45.0000   -7.5000 9215.1924   29.0781
    0.0000   45.0000   -7.5000 9621.9424   29.1119
    7.5000   45.0000   -7.5000 8998.2188   29.0792
   -7.5000  -45.0000    0.000012347.4922   30.1966
    0.0000  -45.0000    0.000012884.3252   30.2066
    7.5000  -45.0000    0.000012253.3174   30.1504
   -7.5000  -37.5000    0.000012952.7568   30.1395
    0.0000  -37.5000    0.000013518.0625   30.1345
    7.5000  -37.5000    0.000012848.0908   30.0850
   -7.5000  -30.0000    0.000013929.6201   30.1167
    0.0000  -30.0000    0.000014463.1494   30.0917
    7.5000  -30.0000    0.000013753.2168   30.0288
   -7.5000  -22.5000    0.000014775.6025   30.1600
    0.0000  -22.5000    0.000015349.1533   30.1303
    7.5000  -22.5000    0.000014529.3184   30.0436
   -7.5000  -15.0000    0.000015547.0898   30.2151
    0.0000  -15.0000    0.000016150.0684   30.1967
    7.5000  -15.0000    0.000015232.9004   30.0999
   -7.5000   -7.5000    0.000016265.7285   30.2287
    0.0000   -7.5000    0.000016941.1758   30.2302
    7.5000   -7.5000    0.000015964.8975   30.1505
   -7.5000    0.0000    0.000016839.0273   30.1966
    0.0000    0.0000    0.000017595.2656   30.2066
    7.5000    0.0000    0.000016557.4648   30.1504
   -7.5000    7.5000    0.000015999.1055   30.1395
    0.0000    7.5000    0.000016653.6367   30.1345
    7.5000    7.5000    0.000015656.6328   30.0850
   -7.5000   15.0000    0.000014915.2412   30.1167
    0.0000   15.0000    0.000015560.6064   30.0917
    7.5000   15.0000    0.000014581.8789   30.0288
   -7.5000   22.5000    0.000013456.5742   30.1461
    0.0000   22.5000    0.000014070.4834   30.1164
    7.5000   22.5000    0.000013182.7275   30.0297
   -7.5000   30.0000    0.000012033.2266   29.8240
    0.0000   30.0000    0.000012594.8740   29.8059
    7.5000   30.0000    0.000011773.0059   29.7104
   -7.5000   37.5000    0.000011028.0488   29.8374
    0.0000   37.5000    0.000011499.4131   29.8390
    7.5000   37.5000    0.000010756.1465   29.7603
   -7.5000   45.0000    0.0000 9712.3086   29.1060
    0.0000   45.0000    0.000010138.4717   29.1157
    7.5000   45.0000    0.0000 9451.3643   29.0615
   -7.5000  -45.0000    7.500012097.6074   30.1592
    0.0000  -45.0000    7.500012552.8770   30.1701
    7.5000  -45.0000    7.500012011.6963   30.1190
   -7.5000  -37.5000    7.500012701.4893   30.1052
    0.0000  -37.5000    7.500013152.2656   30.1021
    7.5000  -37.5000    7.500012575.8066   30.0568
   -7.5000  -30.0000    7.500013741.6904   30.0855
    0.0000  -30.0000    7.500014255.6992   30.0656
    7.5000  -30.0000    7.500013568.2822   30.0005
   -7.5000  -22.5000    7.500014607.1748   30.1278
    0.0000  -22.5000    7.500015170.9189   30.1042
    7.5000  -22.5000    7.500014400.6260   30.0098
   -7.5000  -15.0000    7.500015255.5830   30.1774
    0.0000  -15.0000    7.500015831.2373   30.1653
    7.5000  -15.0000    7.500015054.4961   30.0631
   -7.5000   -7.5000    7.500015964.0645   30.1892
    0.0000   -7.5000    7.500016570.6426   30.1946
    7.5000   -7.5000    7.500015768.0039   30.1157
   -7.5000    0.0000    7.500016482.8613   30.1592
    0.0000    0.0000    7.500017125.8965   30.1701
    7.5000    0.0000    7.500016305.5488   30.1190
   -7.5000    7.5000    7.500015508.0664   30.1052
    0.0000    7.5000    7.500016082.0039   30.1021
    7.5000    7.5000    7.500015291.3467   30.0568
   -7.5000   15.0000    7.500014465.3838   30.0855
    0.0000   15.0000    7.500014999.6182   30.0656
    7.5000   15.0000    7.500014191.2080   30.0005
   -7.5000   22.5000    7.500013090.0107   30.1139
    0.0000   22.5000    7.500013582.5752   30.0903
    7.5000   22.5000    7.500012832.2656   29.9960
   -7.5000   30.0000    7.500011718.2832   29.7868
    0.0000   30.0000    7.500012198.8359   29.7749
    7.5000   30.0000    7.500011505.0400   29.6740
   -7.5000   37.5000    7.500010773.8721   29.7985
    0.0000   37.5000    7.500011203.3652   29.8038
    7.5000   37.5000    7.500010494.6260   29.7259
   -7.5000   45.0000    7.5000 9468.9883   29.0700
    0.0000   45.0000    7.5000 9875.7432   29.0805
    7.5000   45.0000    7.5000 9233.1562   29.0312
   -7.5000  -45.0000   15.000011688.6143   30.1614
    0.0000  -45.0000   15.000012091.7686   30.1920
    7.5000  -45.0000   15.000011568.7451   30.1618
   -7.5000  -37.5000   15.000012259.8828   30.1118
    0.0000  -37.5000   15.000012650.7441   30.1348
    7.5000  -37.5000   15.000012127.7490   30.1100
   -7.5000  -30.0000   15.000013280.3184   30.0868
    0.0000  -30.0000   15.000013795.1650   30.0918
    7.5000  -30.0000   15.000013127.5332   30.0491
   -7.5000  -22.5000   15.000014132.1553   30.1149
    0.0000  -22.5000   15.000014645.5283   30.1082
    7.5000  -22.5000   15.000014015.3867   30.0396
   -7.5000  -15.0000   15.000014699.2061   30.1532
    0.0000  -15.0000   15.000015223.3213   30.1511
    7.5000  -15.0000   15.000014655.9668   30.0778
   -7.5000   -7.5000   15.000015398.1455   30.1747
    0.0000   -7.5000   15.000015843.7773   30.1919
    7.5000   -7.5000   15.000015336.7510   30.1390
   -7.5000    0.0000   15.000015890.6807   30.1614
    0.0000    0.0000   15.000016302.8193   30.1920
    7.5000    0.0000   15.000015851.9570   30.1618
   -7.5000    7.5000   15.000014895.1270   30.1118
    0.0000    7.5000   15.000015293.7451   30.1348
    7.5000    7.5000   15.000014794.1064   30.1100
   -7.5000   15.0000   15.000013879.9912   30.0868
    0.0000   15.0000   15.000014270.7188   30.0918
    7.5000   15.0000   15.000013659.3809   30.0491
   -7.5000   22.5000   15.000012557.8643   30.1010
    0.0000   22.5000   15.000012986.6201   30.0943
    7.5000   22.5000   15.000012354.7812   30.0258
   -7.5000   30.0000   15.000011284.7305   29.7630
    0.0000   30.0000   15.000011694.7900   29.7609
    7.5000   30.0000   15.000011087.0332   29.6885
   -7.5000   37.5000   15.000010386.4551   29.7842
    0.0000   37.5000   15.000010763.4805   29.8011
    7.5000   37.5000   15.000010138.2012   29.7489
   -7.5000   45.0000   15.0000 9144.8359   29.0721
    0.0000   45.0000   15.0000 9506.5957   29.1016
    7.5000   45.0000   15.0000 8907.3584   29.0725
   -7.5000  -45.0000   22.500011203.8301   30.1993
    0.0000  -45.0000   22.500011599.6846   30.2516
    7.5000  -45.0000   22.500011091.5146   30.2394
   -7.5000  -37.5000   22.500011707.0771   30.1514
    0.0000  -37.5000   22.500012113.6367   30.2007
    7.5000  -37.5000   22.500011611.3799   30.1941
   -7.5000  -30.0000   22.500012594.9238   30.1222
    0.0000  -30.0000   22.500013031.6865   30.1493
    7.5000  -30.0000   22.500012509.8770   30.1331
   -7.5000  -22.5000   22.500013362.4727   30.1410
    0.0000  -22.5000   22.500013798.0303   30.1473
    7.5000  -22.5000   22.500013321.7393   30.1146
   -7.5000  -15.0000   22.500014081.2832   30.1744
    0.0000  -15.0000   22.500014546.2998   30.1785
    7.5000  -15.0000   22.500014044.1377   30.1417
   -7.5000   -7.5000   22.500014833.7822   30.2034
    0.0000   -7.5000   22.500015333.1143   30.2311
    7.5000   -7.5000   22.500014769.5381   30.2053
   -7.5000    0.0000   22.500015367.5752   30.1993
    0.0000    0.0000   22.500015847.5000   30.2516
    7.5000    0.0000   22.500015304.6699   30.2394
   -7.5000    7.5000   22.500014355.0693   30.1514
    0.0000    7.5000   22.500014771.1650   30.2007
    7.5000    7.5000   22.500014209.6172   30.1941
   -7.5000   15.0000   22.500013323.2539   30.1222
    0.0000   15.0000   22.500013665.8027   30.1493
    7.5000   15.0000   22.500013094.0176   30.1331
   -7.5000   22.5000   22.500012035.3740   30.1271
    0.0000   22.5000   22.500012386.1084   30.1334
    7.5000   22.5000   22.500011852.9766   30.1008
   -7.5000   30.0000   22.500010825.0195   29.7839
    0.0000   30.0000   22.500011143.7998   29.7879
    7.5000   30.0000   22.500010640.9609   29.7516
   -7.5000   37.5000   22.5000 9948.9395   29.8125
    0.0000   37.5000   22.500010262.7217   29.8399
    7.5000   37.5000   22.5000 9740.8066   29.8144
   -7.5000   45.0000   22.5000 8766.5625   29.1086
    0.0000   45.0000   22.5000 9049.9902   29.1590
    7.5000   45.0000   22.5000 8538.0898   29.1473
   -7.5000  -45.0000   30.000010596.6123   30.2314
    0.0000  -45.0000   30.000011010.6211   30.2890
    7.5000  -45.0000   30.000010504.4336   30.2782
   -7.5000  -37.5000   30.000011055.6963   30.1831
    0.0000  -37.5000   30.000011497.4912   30.2356
    7.5000  -37.5000   30.000010984.7871   30.2298
   -7.5000  -30.0000   30.000011849.2158   30.1552
    0.0000  -30.0000   30.000012280.0361   30.1817
    7.5000  -30.0000   30.000011809.4033   30.1713
   -7.5000  -22.5000   30.000012629.5713   30.1760
    0.0000  -22.5000   30.000013015.2686   30.1811
    7.5000  -22.5000   30.000012573.0156   30.1596
   -7.5000  -15.0000   30.000013393.5811   30.2117
    0.0000  -15.0000   30.000013837.5977   30.2152
    7.5000  -15.0000   30.000013309.1875   30.1888
   -7.5000   -7.5000   30.000014145.6250   30.2391
    0.0000   -7.5000   30.000014634.9551   30.2692
    7.5000   -7.5000   30.000014023.2773   30.2486
   -7.5000    0.0000   30.000014671.9619   30.2314
    0.0000    0.0000   30.000015216.7393   30.2890
    7.5000    0.0000   30.000014546.2090   30.2782
   -7.5000    7.5000   30.000013634.8799   30.1831
    0.0000    7.5000   30.000014132.3594   30.2356
    7.5000    7.5000   30.000013511.1963   30.2298
   -7.5000   15.0000   30.000012572.8115   30.1552
    0.0000   15.0000   30.000012982.8789   30.1817
    7.5000   15.0000   30.000012389.5117   30.1713
   -7.5000   22.5000   30.000011355.9551   30.1621
    0.0000   22.5000   30.000011751.7129   30.1671
    7.5000   22.5000   30.000011205.6523   30.1457
   -7.5000   30.0000   30.000010215.5586   29.8207
    0.0000   30.0000   30.000010549.4268   29.8241
    7.5000   30.0000   30.000010037.7168   29.7981
   -7.5000   37.5000   30.0000 9349.4111   29.8477
    0.0000   37.5000   30.0000 9671.2969   29.8775
    7.5000   37.5000   30.0000 9193.5986   29.8571
   -7.5000   45.0000   30.0000 8235.9688   29.1395
    0.0000   45.0000   30.0000 8496.6855   29.1951
    7.5000   45.0000   30.0000 8046.4736   29.1847
   -7.5000  -45.0000   37.500010385.5283   30.2308
    0.0000  -45.0000   37.500010844.7715   30.2659
    7.5000  -45.0000   37.500010289.1240   30.2320
   -7.5000  -37.5000   37.500010846.7852   30.1779
    0.0000  -37.5000   37.500011335.7617   30.2019
    7.5000  -37.5000   37.500010759.4141   30.1737
   -7.5000  -30.0000   37.500011615.7148   30.1508
    0.0000  -30.0000   37.500012113.9805   30.1503
    7.5000  -30.0000   37.500011549.1221   30.1156
   -7.5000  -22.5000   37.500012316.4834   30.1819
    0.0000  -22.5000   37.500012804.2793   30.1679
    7.5000  -22.5000   37.500012254.9141   30.1182
   -7.5000  -15.0000   37.500013004.9307   30.2281
    0.0000  -15.0000   37.500013534.6650   30.2193
    7.5000  -15.0000   37.500012938.0322   30.1615
   -7.5000   -7.5000   37.500013690.4277   30.2500
    0.0000   -7.5000   37.500014230.2285   30.2656
    7.5000   -7.5000   37.500013585.7207   30.2169
   -7.5000    0.0000   37.500014263.9121   30.2308
    0.0000    0.0000   37.500014812.9951   30.2659
    7.5000    0.0000   37.500014135.3027   30.2320
   -7.5000    7.5000   37.500013278.4746   30.1779
    0.0000    7.5000   37.500013770.3594   30.2019
    7.5000    7.5000   37.500013170.2139   30.1737
   -7.5000   15.0000   37.500012226.3223   30.1508
    0.0000   15.0000   37.500012648.3623   30.1503
    7.5000   15.0000   37.500012083.1738   30.1156
   -7.5000   22.5000   37.500011067.1611   30.1680
    0.0000   22.5000   37.500011469.9893   30.1540
    7.5000   22.5000   37.500010933.9033   30.1043
   -7.5000   30.0000   37.5000 9936.6709   29.8369
    0.0000   30.0000   37.500010263.9580   29.8282
    7.5000   30.0000   37.5000 9742.5439   29.7712
   -7.5000   37.5000   37.5000 9069.8574   29.8585
    0.0000   37.5000   37.5000 9403.0713   29.8739
    7.5000   37.5000   37.5000 8922.3701   29.8259
   -7.5000   45.0000   37.5000 7952.2783   29.1390
    0.0000   45.0000   37.5000 8253.5225   29.1728
    7.5000   45.0000   37.5000 7805.2310   29.1402
   -7.5000  -45.0000   45.0000 9649.8369   30.0684
    0.0000  -45.0000   45.000010126.3477   30.0788
    7.5000  -45.0000   45.0000 9588.2344   30.0223
   -7.5000  -37.5000   45.000010053.4336   30.0105
    0.0000  -37.5000   45.000010542.7021   30.0062
    7.5000  -37.5000   45.0000 9983.4648   29.9567
   -7.5000  -30.0000   45.000010733.6709   29.9879
    0.0000  -30.0000   45.000011239.4443   29.9641
    7.5000  -30.0000   45.000010660.7256   29.9015
   -7.5000  -22.5000   45.000011359.0508   30.0325
    0.0000  -22.5000   45.000011852.7480   30.0040
    7.5000  -22.5000   45.000011302.6855   29.9174
   -7.5000  -15.0000   45.000011961.2832   30.0886
    0.0000  -15.0000   45.000012463.0264   30.0711
    7.5000  -15.0000   45.000011887.7617   29.9740
   -7.5000   -7.5000   45.000012569.6621   30.1017
    0.0000   -7.5000   45.000013069.4707   30.1038
    7.5000   -7.5000   45.000012465.0381   30.0236
   -7.5000    0.0000   45.000013097.5049   30.0684
    0.0000    0.0000   45.000013597.4639   30.0788
    7.5000    0.0000   45.000012986.4434   30.0223
   -7.5000    7.5000   45.000012222.6592   30.0105
    0.0000    7.5000   45.000012699.0469   30.0062
    7.5000    7.5000   45.000012136.8438   29.9567
   -7.5000   15.0000   45.000011243.6553   29.9879
    0.0000   15.0000   45.000011658.6436   29.9641
    7.5000   15.0000   45.000011125.6367   29.9015
   -7.5000   22.5000   45.000010170.3018   30.0186
    0.0000   22.5000   45.000010560.1826   29.9901
    7.5000   22.5000   45.000010071.7988   29.9035
   -7.5000   30.0000   45.0000 9110.6543   29.6966
    0.0000   30.0000   45.0000 9457.5557   29.6794
    7.5000   30.0000   45.0000 8964.7568   29.5835
   -7.5000   37.5000   45.0000 8358.3828   29.7095
    0.0000   37.5000   45.0000 8698.7080   29.7116
    7.5000   37.5000   45.0000 8218.2559   29.6325
   -7.5000   45.0000   45.0000 7324.9531   28.9956
    0.0000   45.0000   45.0000 7605.1421   29.0056
    7.5000   45.0000   45.0000 7188.3311   28.9512

---------------------------------------------------------------------
imgreg_4dfp /opt/freesurfer/average/711-2C_as_mni_average_305 /opt/freesurfer/average/711-2B_as_mni_average_305_mask talsrcimg_g11 none talsrcimg_to_711-2C_as_mni_average_305_t4 4355
---------------------------------------------------------------------

freesurfer imgreg_4dfp.c
/opt/freesurfer/average/711-2C_as_mni_average_305.4dfp.img
       256       256       256         1
  1.000000  1.000000  1.000000
orientation T byte_order littleendian
Reading image: /opt/freesurfer/average/711-2C_as_mni_average_305.4dfp.img
dimensions:      256       256       256
mmppix:       1.0000   -1.0000   -1.0000
center:     128.0000 -129.0000 -129.0000
/opt/freesurfer/average/711-2B_as_mni_average_305_mask.4dfp.img
       256       256       256         1
  1.000000  1.000000  1.000000
orientation T byte_order littleendian
Reading mask: /opt/freesurfer/average/711-2B_as_mni_average_305_mask.4dfp.img (2306576 pixels)
talsrcimg_g11.4dfp.img
       256       256       256         1
  1.000000  1.000000  1.000000
orientation T byte_order littleendian
Reading image: talsrcimg_g11.4dfp.img
dimensions:      256       256       256
mmppix:       1.0000   -1.0000   -1.0000
center:     128.0000 -129.0000 -129.0000
rotation matrix determinant  1.000000
image alignment mode   4355 decimal     1103 hex
   -7.5000  -45.0000  -45.0000 2031.3646   31.9579
    0.0000  -45.0000  -45.0000 2048.0999   31.8112
    7.5000  -45.0000  -45.0000 2025.9824   32.1536
   -7.5000  -37.5000  -45.0000 2089.5488   30.2886
    0.0000  -37.5000  -45.0000 2096.9795   30.2111
    7.5000  -37.5000  -45.0000 2079.9849   30.4394
   -7.5000  -30.0000  -45.0000 2130.7192   29.0750
    0.0000  -30.0000  -45.0000 2146.5476   28.9933
    7.5000  -30.0000  -45.0000 2119.3296   29.2537
   -7.5000  -22.5000  -45.0000 2152.5354   28.5369
    0.0000  -22.5000  -45.0000 2164.0161   28.4374
    7.5000  -22.5000  -45.0000 2141.2017   28.8188
   -7.5000  -15.0000  -45.0000 2153.1450   28.6953
    0.0000  -15.0000  -45.0000 2157.9473   28.4431
    7.5000  -15.0000  -45.0000 2137.2378   28.9205
   -7.5000   -7.5000  -45.0000 2145.2766   29.2998
    0.0000   -7.5000  -45.0000 2145.1804   29.0622
    7.5000   -7.5000  -45.0000 2122.0198   29.5248
   -7.5000    0.0000  -45.0000 2121.6841   30.5406
    0.0000    0.0000  -45.0000 2125.2463   30.2689
    7.5000    0.0000  -45.0000 2100.3289   30.7729
   -7.5000    7.5000  -45.0000 2076.9878   32.1559
    0.0000    7.5000  -45.0000 2089.2776   31.9698
    7.5000    7.5000  -45.0000 2068.9580   32.4955
   -7.5000   15.0000  -45.0000 2020.6993   34.2537
    0.0000   15.0000  -45.0000 2032.5919   34.0534
    7.5000   15.0000  -45.0000 2004.6943   34.5996
   -7.5000   22.5000  -45.0000 1941.1803   37.0035
    0.0000   22.5000  -45.0000 1952.9377   36.8583
    7.5000   22.5000  -45.0000 1923.5970   37.4330
   -7.5000   30.0000  -45.0000 1846.8274   40.7188
    0.0000   30.0000  -45.0000 1857.0046   40.4923
    7.5000   30.0000  -45.0000 1825.4412   41.2028
   -7.5000   37.5000  -45.0000 1744.2004   46.0937
    0.0000   37.5000  -45.0000 1746.3253   45.8412
    7.5000   37.5000  -45.0000 1718.2069   46.5525
   -7.5000   45.0000  -45.0000 1630.5371   53.2576
    0.0000   45.0000  -45.0000 1627.7053   52.9131
    7.5000   45.0000  -45.0000 1610.1184   53.9250
   -7.5000  -45.0000  -37.5000 2141.5288   29.2100
    0.0000  -45.0000  -37.5000 2155.5659   29.1119
    7.5000  -45.0000  -37.5000 2127.0212   29.2642
   -7.5000  -37.5000  -37.5000 2198.4014   27.6314
    0.0000  -37.5000  -37.5000 2214.4692   27.5859
    7.5000  -37.5000  -37.5000 2194.4973   27.7617
   -7.5000  -30.0000  -37.5000 2238.3000   26.5544
    0.0000  -30.0000  -37.5000 2254.7507   26.4558
    7.5000  -30.0000  -37.5000 2232.9504   26.6861
   -7.5000  -22.5000  -37.5000 2253.5374   26.0947
    0.0000  -22.5000  -37.5000 2265.9968   26.0140
    7.5000  -22.5000  -37.5000 2242.9717   26.2489
   -7.5000  -15.0000  -37.5000 2253.2112   26.2896
    0.0000  -15.0000  -37.5000 2259.9216   26.1173
    7.5000  -15.0000  -37.5000 2239.7830   26.4573
   -7.5000   -7.5000  -37.5000 2241.8291   26.6953
    0.0000   -7.5000  -37.5000 2250.2463   26.6307
    7.5000   -7.5000  -37.5000 2228.5491   27.0238
   -7.5000    0.0000  -37.5000 2219.0945   27.7645
    0.0000    0.0000  -37.5000 2228.5916   27.6154
    7.5000    0.0000  -37.5000 2200.4121   28.0451
   -7.5000    7.5000  -37.5000 2179.1313   29.1629
    0.0000    7.5000  -37.5000 2190.2268   29.0003
    7.5000    7.5000  -37.5000 2158.5820   29.4156
   -7.5000   15.0000  -37.5000 2114.3809   31.1378
    0.0000   15.0000  -37.5000 2126.2412   30.9238
    7.5000   15.0000  -37.5000 2097.4062   31.3815
   -7.5000   22.5000  -37.5000 2033.2443   33.7094
    0.0000   22.5000  -37.5000 2046.5449   33.6012
    7.5000   22.5000  -37.5000 2018.8121   34.1513
   -7.5000   30.0000  -37.5000 1932.5784   37.2433
    0.0000   30.0000  -37.5000 1941.0248   37.0813
    7.5000   30.0000  -37.5000 1911.5857   37.6989
   -7.5000   37.5000  -37.5000 1820.6748   42.1324
    0.0000   37.5000  -37.5000 1827.8989   41.9627
    7.5000   37.5000  -37.5000 1797.5111   42.6300
   -7.5000   45.0000  -37.5000 1693.5511   48.6271
    0.0000   45.0000  -37.5000 1695.1636   48.4136
    7.5000   45.0000  -37.5000 1680.5770   49.1884
   -7.5000  -45.0000  -30.0000 2278.8979   27.4950
    0.0000  -45.0000  -30.0000 2297.5642   27.4258
    7.5000  -45.0000  -30.0000 2273.4260   27.5845
   -7.5000  -37.5000  -30.0000 2344.3062   25.9977
    0.0000  -37.5000  -30.0000 2361.8782   26.0185
    7.5000  -37.5000  -30.0000 2335.2515   26.1445
   -7.5000  -30.0000  -30.0000 2386.1802   24.9852
    0.0000  -30.0000  -30.0000 2406.2881   24.9105
    7.5000  -30.0000  -30.0000 2377.8894   25.0971
   -7.5000  -22.5000  -30.0000 2401.9377   24.5668
    0.0000  -22.5000  -30.0000 2418.1477   24.5060
    7.5000  -22.5000  -30.0000 2388.3743   24.6846
   -7.5000  -15.0000  -30.0000 2398.7161   24.7103
    0.0000  -15.0000  -30.0000 2409.3525   24.6169
    7.5000  -15.0000  -30.0000 2385.8523   24.8316
   -7.5000   -7.5000  -30.0000 2386.2834   25.1250
    0.0000   -7.5000  -30.0000 2399.2693   25.0574
    7.5000   -7.5000  -30.0000 2372.5090   25.3427
   -7.5000    0.0000  -30.0000 2365.8479   26.0578
    0.0000    0.0000  -30.0000 2378.2310   25.9602
    7.5000    0.0000  -30.0000 2344.5964   26.3325
   -7.5000    7.5000  -30.0000 2329.4080   27.4824
    0.0000    7.5000  -30.0000 2343.1946   27.3610
    7.5000    7.5000  -30.0000 2308.4600   27.7627
   -7.5000   15.0000  -30.0000 2261.0635   29.3476
    0.0000   15.0000  -30.0000 2273.2708   29.2242
    7.5000   15.0000  -30.0000 2245.2939   29.7093
   -7.5000   22.5000  -30.0000 2171.8030   31.8440
    0.0000   22.5000  -30.0000 2184.6438   31.7124
    7.5000   22.5000  -30.0000 2152.9822   32.2262
   -7.5000   30.0000  -30.0000 2059.5034   35.2116
    0.0000   30.0000  -30.0000 2068.4563   35.1100
    7.5000   30.0000  -30.0000 2032.6514   35.5660
   -7.5000   37.5000  -30.0000 1933.2391   39.7191
    0.0000   37.5000  -30.0000 1945.6410   39.6443
    7.5000   37.5000  -30.0000 1909.3514   40.2246
   -7.5000   45.0000  -30.0000 1795.0430   45.5472
    0.0000   45.0000  -30.0000 1800.8507   45.4754
    7.5000   45.0000  -30.0000 1776.1150   46.2319
   -7.5000  -45.0000  -22.5000 2388.0149   25.6203
    0.0000  -45.0000  -22.5000 2397.3020   25.5803
    7.5000  -45.0000  -22.5000 2375.6628   25.7051
   -7.5000  -37.5000  -22.5000 2454.6870   24.1205
    0.0000  -37.5000  -22.5000 2466.1182   24.1315
    7.5000  -37.5000  -22.5000 2442.4065   24.2174
   -7.5000  -30.0000  -22.5000 2500.6392   23.2291
    0.0000  -30.0000  -22.5000 2514.1873   23.1883
    7.5000  -30.0000  -22.5000 2483.1606   23.3064
   -7.5000  -22.5000  -22.5000 2531.4434   22.8248
    0.0000  -22.5000  -22.5000 2552.3728   22.7859
    7.5000  -22.5000  -22.5000 2508.4277   22.9132
   -7.5000  -15.0000  -22.5000 2540.9524   22.9409
    0.0000  -15.0000  -22.5000 2551.8562   22.8976
    7.5000  -15.0000  -22.5000 2515.5688   23.0269
   -7.5000   -7.5000  -22.5000 2534.3765   23.4521
    0.0000   -7.5000  -22.5000 2544.0344   23.3336
    7.5000   -7.5000  -22.5000 2510.7593   23.6040
   -7.5000    0.0000  -22.5000 2507.1704   24.3573
    0.0000    0.0000  -22.5000 2524.9106   24.2668
    7.5000    0.0000  -22.5000 2486.0986   24.5746
   -7.5000    7.5000  -22.5000 2465.9089   25.7210
    0.0000    7.5000  -22.5000 2481.1299   25.5772
    7.5000    7.5000  -22.5000 2441.0662   25.9285
   -7.5000   15.0000  -22.5000 2394.5186   27.4967
    0.0000   15.0000  -22.5000 2406.1890   27.3734
    7.5000   15.0000  -22.5000 2366.7236   27.7663
   -7.5000   22.5000  -22.5000 2290.8127   29.8021
    0.0000   22.5000  -22.5000 2304.9338   29.6892
    7.5000   22.5000  -22.5000 2264.5881   30.0959
   -7.5000   30.0000  -22.5000 2167.3481   32.9005
    0.0000   30.0000  -22.5000 2175.8098   32.7887
    7.5000   30.0000  -22.5000 2140.5798   33.3212
   -7.5000   37.5000  -22.5000 2031.0762   37.0902
    0.0000   37.5000  -22.5000 2042.0552   37.0026
    7.5000   37.5000  -22.5000 2006.0590   37.3983
   -7.5000   45.0000  -22.5000 1884.2234   42.4595
    0.0000   45.0000  -22.5000 1893.6512   42.3423
    7.5000   45.0000  -22.5000 1858.8579   42.9300
   -7.5000  -45.0000  -15.0000 2464.7561   23.9558
    0.0000  -45.0000  -15.0000 2480.0730   23.9952
    7.5000  -45.0000  -15.0000 2446.2451   24.0306
   -7.5000  -37.5000  -15.0000 2537.9053   22.4993
    0.0000  -37.5000  -15.0000 2555.3027   22.5638
    7.5000  -37.5000  -15.0000 2522.7754   22.5634
   -7.5000  -30.0000  -15.0000 2587.3940   21.5796
    0.0000  -30.0000  -15.0000 2601.1245   21.5750
    7.5000  -30.0000  -15.0000 2567.8687   21.6225
   -7.5000  -22.5000  -15.0000 2629.0117   21.1639
    0.0000  -22.5000  -15.0000 2651.9875   21.1118
    7.5000  -22.5000  -15.0000 2609.6462   21.2488
   -7.5000  -15.0000  -15.0000 2656.4814   21.2886
    0.0000  -15.0000  -15.0000 2669.9058   21.2181
    7.5000  -15.0000  -15.0000 2625.7957   21.3083
   -7.5000   -7.5000  -15.0000 2653.4365   21.8146
    0.0000   -7.5000  -15.0000 2665.8921   21.7107
    7.5000   -7.5000  -15.0000 2624.9878   21.8971
   -7.5000    0.0000  -15.0000 2623.4382   22.7327
    0.0000    0.0000  -15.0000 2646.3760   22.6394
    7.5000    0.0000  -15.0000 2603.8450   22.9388
   -7.5000    7.5000  -15.0000 2577.3682   24.0218
    0.0000    7.5000  -15.0000 2601.0364   23.9705
    7.5000    7.5000  -15.0000 2557.0173   24.2673
   -7.5000   15.0000  -15.0000 2498.1777   25.7077
    0.0000   15.0000  -15.0000 2515.7859   25.6401
    7.5000   15.0000  -15.0000 2472.8306   25.9909
   -7.5000   22.5000  -15.0000 2388.6824   27.9046
    0.0000   22.5000  -15.0000 2399.8584   27.8577
    7.5000   22.5000  -15.0000 2364.6577   28.2171
   -7.5000   30.0000  -15.0000 2253.5554   30.8570
    0.0000   30.0000  -15.0000 2265.0718   30.8454
    7.5000   30.0000  -15.0000 2229.7041   31.3012
   -7.5000   37.5000  -15.0000 2109.1030   34.6578
    0.0000   37.5000  -15.0000 2116.2739   34.5965
    7.5000   37.5000  -15.0000 2085.8792   35.1495
   -7.5000   45.0000  -15.0000 1952.9332   39.6211
    0.0000   45.0000  -15.0000 1959.8342   39.5463
    7.5000   45.0000  -15.0000 1929.4628   40.0608
   -7.5000  -45.0000   -7.5000 2527.3110   22.6102
    0.0000  -45.0000   -7.5000 2538.2195   22.5260
    7.5000  -45.0000   -7.5000 2505.5708   22.6502
   -7.5000  -37.5000   -7.5000 2611.7341   21.1301
    0.0000  -37.5000   -7.5000 2626.9812   21.0876
    7.5000  -37.5000   -7.5000 2591.6147   21.2009
   -7.5000  -30.0000   -7.5000 2672.6897   20.1906
    0.0000  -30.0000   -7.5000 2684.7271   20.1027
    7.5000  -30.0000   -7.5000 2649.0735   20.1931
   -7.5000  -22.5000   -7.5000 2723.8179   19.7576
    0.0000  -22.5000   -7.5000 2744.1067   19.6422
    7.5000  -22.5000   -7.5000 2699.8406   19.7860
   -7.5000  -15.0000   -7.5000 2755.7534   19.8005
    0.0000  -15.0000   -7.5000 2772.5735   19.6781
    7.5000  -15.0000   -7.5000 2726.8101   19.8365
   -7.5000   -7.5000   -7.5000 2753.3357   20.3430
    0.0000   -7.5000   -7.5000 2771.3987   20.2162
    7.5000   -7.5000   -7.5000 2726.4912   20.4252
   -7.5000    0.0000   -7.5000 2722.4766   21.2008
    0.0000    0.0000   -7.5000 2752.0598   21.1346
    7.5000    0.0000   -7.5000 2703.9363   21.3802
   -7.5000    7.5000   -7.5000 2667.0945   22.4257
    0.0000    7.5000   -7.5000 2694.6665   22.3889
    7.5000    7.5000   -7.5000 2648.4727   22.7165
   -7.5000   15.0000   -7.5000 2578.9946   24.0757
    0.0000   15.0000   -7.5000 2599.0022   24.0238
    7.5000   15.0000   -7.5000 2556.5896   24.3920
   -7.5000   22.5000   -7.5000 2462.0923   26.3178
    0.0000   22.5000   -7.5000 2477.1294   26.2396
    7.5000   22.5000   -7.5000 2441.8987   26.6312
   -7.5000   30.0000   -7.5000 2321.5137   29.1973
    0.0000   30.0000   -7.5000 2339.0256   29.1427
    7.5000   30.0000   -7.5000 2299.2444   29.5658
   -7.5000   37.5000   -7.5000 2167.1965   32.8174
    0.0000   37.5000   -7.5000 2175.1936   32.7517
    7.5000   37.5000   -7.5000 2145.7341   33.1821
   -7.5000   45.0000   -7.5000 2002.9022   37.5314
    0.0000   45.0000   -7.5000 2011.6841   37.3958
    7.5000   45.0000   -7.5000 1977.7383   37.9004
   -7.5000  -45.0000    0.0000 2568.0225   21.5861
    0.0000  -45.0000    0.0000 2573.6055   21.3786
    7.5000  -45.0000    0.0000 2549.4609   21.6407
   -7.5000  -37.5000    0.0000 2667.0564   20.1099
    0.0000  -37.5000    0.0000 2677.6575   19.9200
    7.5000  -37.5000    0.0000 2649.5942   20.1797
   -7.5000  -30.0000    0.0000 2745.9995   19.1585
    0.0000  -30.0000    0.0000 2754.8430   18.9801
    7.5000  -30.0000    0.0000 2720.6836   19.1918
   -7.5000  -22.5000    0.0000 2806.1509   18.7123
    0.0000  -22.5000    0.0000 2827.1853   18.5031
    7.5000  -22.5000    0.0000 2778.1487   18.7103
   -7.5000  -15.0000    0.0000 2848.6931   18.6457
    0.0000  -15.0000    0.0000 2873.5688   18.4658
    7.5000  -15.0000    0.0000 2814.5476   18.6981
   -7.5000   -7.5000    0.0000 2847.5957   19.1677
    0.0000   -7.5000    0.0000 2875.7463   19.0340
    7.5000   -7.5000    0.0000 2816.5854   19.2817
   -7.5000    0.0000    0.0000 2810.6650   19.9907
    0.0000    0.0000    0.0000 2837.4827   19.8825
    7.5000    0.0000    0.0000 2786.8254   20.1992
   -7.5000    7.5000    0.0000 2742.0935   21.1832
    0.0000    7.5000    0.0000 2761.8064   21.0580
    7.5000    7.5000    0.0000 2720.0479   21.4877
   -7.5000   15.0000    0.0000 2642.4109   22.8643
    0.0000   15.0000    0.0000 2661.9536   22.7278
    7.5000   15.0000    0.0000 2621.2344   23.1500
   -7.5000   22.5000    0.0000 2517.5078   25.1674
    0.0000   22.5000    0.0000 2535.5720   25.0425
    7.5000   22.5000    0.0000 2495.0864   25.4639
   -7.5000   30.0000    0.0000 2376.1877   28.0315
    0.0000   30.0000    0.0000 2391.1704   27.9514
    7.5000   30.0000    0.0000 2348.6184   28.3930
   -7.5000   37.5000    0.0000 2217.3518   31.5440
    0.0000   37.5000    0.0000 2226.2676   31.5217
    7.5000   37.5000    0.0000 2190.1208   31.9704
   -7.5000   45.0000    0.0000 2042.5632   35.9801
    0.0000   45.0000    0.0000 2053.1521   35.9126
    7.5000   45.0000    0.0000 2019.1831   36.4647
   -7.5000  -45.0000    7.5000 2586.7642   20.8000
    0.0000  -45.0000    7.5000 2594.3613   20.5107
    7.5000  -45.0000    7.5000 2576.5791   20.9339
   -7.5000  -37.5000    7.5000 2696.0632   19.3676
    0.0000  -37.5000    7.5000 2704.8552   19.0651
    7.5000  -37.5000    7.5000 2680.2478   19.4674
   -7.5000  -30.0000    7.5000 2794.4324   18.4502
    0.0000  -30.0000    7.5000 2805.2427   18.1242
    7.5000  -30.0000    7.5000 2769.6853   18.4939
   -7.5000  -22.5000    7.5000 2875.4600   17.9466
    0.0000  -22.5000    7.5000 2903.0227   17.6885
    7.5000  -22.5000    7.5000 2845.3186   17.9817
   -7.5000  -15.0000    7.5000 2926.8533   17.7637
    0.0000  -15.0000    7.5000 2970.5959   17.5458
    7.5000  -15.0000    7.5000 2887.3301   17.8772
   -7.5000   -7.5000    7.5000 2933.3083   18.2769
    0.0000   -7.5000    7.5000 2974.1802   18.0827
    7.5000   -7.5000    7.5000 2891.5989   18.4601
   -7.5000    0.0000    7.5000 2878.3711   19.1157
    0.0000    0.0000    7.5000 2903.5691   18.9214
    7.5000    0.0000    7.5000 2848.1545   19.3564
   -7.5000    7.5000    7.5000 2792.6221   20.3447
    0.0000    7.5000    7.5000 2813.4189   20.1670
    7.5000    7.5000    7.5000 2771.5425   20.6409
   -7.5000   15.0000    7.5000 2689.2881   22.1165
    0.0000   15.0000    7.5000 2708.7339   21.9176
    7.5000   15.0000    7.5000 2667.8184   22.4532
   -7.5000   22.5000    7.5000 2561.8438   24.4155
    0.0000   22.5000    7.5000 2576.1223   24.2897
    7.5000   22.5000    7.5000 2535.0903   24.7530
   -7.5000   30.0000    7.5000 2410.9932   27.2117
    0.0000   30.0000    7.5000 2428.8762   27.1890
    7.5000   30.0000    7.5000 2386.8030   27.6952
   -7.5000   37.5000    7.5000 2250.2407   30.6496
    0.0000   37.5000    7.5000 2261.3616   30.6504
    7.5000   37.5000    7.5000 2218.1914   31.2164
   -7.5000   45.0000    7.5000 2071.3601   34.8391
    0.0000   45.0000    7.5000 2084.5867   34.8491
    7.5000   45.0000    7.5000 2050.0735   35.4993
   -7.5000  -45.0000   15.0000 2589.7207   20.4581
    0.0000  -45.0000   15.0000 2597.4084   20.0876
    7.5000  -45.0000   15.0000 2573.8960   20.5661
   -7.5000  -37.5000   15.0000 2702.7976   18.9816
    0.0000  -37.5000   15.0000 2715.1855   18.6383
    7.5000  -37.5000   15.0000 2690.1091   19.0863
   -7.5000  -30.0000   15.0000 2807.5752   18.0212
    0.0000  -30.0000   15.0000 2828.2080   17.6379
    7.5000  -30.0000   15.0000 2789.1011   18.1096
   -7.5000  -22.5000   15.0000 2903.2393   17.4843
    0.0000  -22.5000   15.0000 2933.8367   17.1397
    7.5000  -22.5000   15.0000 2878.6182   17.5527
   -7.5000  -15.0000   15.0000 2972.2915   17.2183
    0.0000  -15.0000   15.0000 3022.3491   16.8951
    7.5000  -15.0000   15.0000 2928.7004   17.4492
   -7.5000   -7.5000   15.0000 2980.8826   17.7085
    0.0000   -7.5000   15.0000 3022.1406   17.3581
    7.5000   -7.5000   15.0000 2927.8386   17.9918
   -7.5000    0.0000   15.0000 2911.5859   18.6678
    0.0000    0.0000   15.0000 2933.6255   18.4067
    7.5000    0.0000   15.0000 2874.6851   18.9599
   -7.5000    7.5000   15.0000 2815.9666   19.9787
    0.0000    7.5000   15.0000 2836.1506   19.7220
    7.5000    7.5000   15.0000 2789.7671   20.2549
   -7.5000   15.0000   15.0000 2700.2673   21.6898
    0.0000   15.0000   15.0000 2721.7053   21.4746
    7.5000   15.0000   15.0000 2682.1150   21.9891
   -7.5000   22.5000   15.0000 2569.8508   23.9805
    0.0000   22.5000   15.0000 2592.8230   23.8351
    7.5000   22.5000   15.0000 2550.1926   24.2873
   -7.5000   30.0000   15.0000 2418.6443   26.7083
    0.0000   30.0000   15.0000 2439.8545   26.7052
    7.5000   30.0000   15.0000 2400.8267   27.1584
   -7.5000   37.5000   15.0000 2259.3779   30.1154
    0.0000   37.5000   15.0000 2270.3442   30.1737
    7.5000   37.5000   15.0000 2238.3958   30.6631
   -7.5000   45.0000   15.0000 2080.1692   34.3712
    0.0000   45.0000   15.0000 2094.3293   34.3421
    7.5000   45.0000   15.0000 2061.8135   34.9030
   -7.5000  -45.0000   22.5000 2574.7849   20.5610
    0.0000  -45.0000   22.5000 2589.0730   20.1780
    7.5000  -45.0000   22.5000 2562.9980   20.6295
   -7.5000  -37.5000   22.5000 2685.8306   19.0160
    0.0000  -37.5000   22.5000 2701.3252   18.6288
    7.5000  -37.5000   22.5000 2673.5181   19.1514
   -7.5000  -30.0000   22.5000 2787.8906   17.9358
    0.0000  -30.0000   22.5000 2807.9382   17.5564
    7.5000  -30.0000   22.5000 2772.4585   18.0856
   -7.5000  -22.5000   22.5000 2879.7852   17.3289
    0.0000  -22.5000   22.5000 2908.5115   16.9469
    7.5000  -22.5000   22.5000 2867.4482   17.5159
   -7.5000  -15.0000   22.5000 2952.1433   17.2641
    0.0000  -15.0000   22.5000 2986.9629   16.8755
    7.5000  -15.0000   22.5000 2924.8652   17.5008
   -7.5000   -7.5000   22.5000 2958.5840   17.8394
    0.0000   -7.5000   22.5000 2999.8528   17.5257
    7.5000   -7.5000   22.5000 2914.9202   18.0592
   -7.5000    0.0000   22.5000 2895.0107   18.7292
    0.0000    0.0000   22.5000 2927.6868   18.5238
    7.5000    0.0000   22.5000 2860.4834   18.9753
   -7.5000    7.5000   22.5000 2802.7676   20.0137
    0.0000    7.5000   22.5000 2824.0957   19.7965
    7.5000    7.5000   22.5000 2771.6970   20.2152
   -7.5000   15.0000   22.5000 2686.8789   21.7291
    0.0000   15.0000   22.5000 2707.2400   21.5345
    7.5000   15.0000   22.5000 2673.0103   21.9655
   -7.5000   22.5000   22.5000 2561.7783   23.9771
    0.0000   22.5000   22.5000 2575.8652   23.7887
    7.5000   22.5000   22.5000 2548.1240   24.2161
   -7.5000   30.0000   22.5000 2413.8569   26.6866
    0.0000   30.0000   22.5000 2425.2681   26.5651
    7.5000   30.0000   22.5000 2398.3860   27.0279
   -7.5000   37.5000   22.5000 2248.9314   30.0094
    0.0000   37.5000   22.5000 2258.0120   29.9618
    7.5000   37.5000   22.5000 2230.3540   30.4568
   -7.5000   45.0000   22.5000 2069.5803   34.2007
    0.0000   45.0000   22.5000 2083.0225   34.0954
    7.5000   45.0000   22.5000 2055.6287   34.6539
   -7.5000  -45.0000   30.0000 2548.5408   20.9395
    0.0000  -45.0000   30.0000 2568.2476   20.5418
    7.5000  -45.0000   30.0000 2538.2966   21.0010
   -7.5000  -37.5000   30.0000 2655.3203   19.4339
    0.0000  -37.5000   30.0000 2671.5703   19.0332
    7.5000  -37.5000   30.0000 2638.6130   19.5505
   -7.5000  -30.0000   30.0000 2750.8391   18.3385
    0.0000  -30.0000   30.0000 2759.8315   18.0021
    7.5000  -30.0000   30.0000 2734.0215   18.5268
   -7.5000  -22.5000   30.0000 2835.3035   17.8133
    0.0000  -22.5000   30.0000 2849.1990   17.4028
    7.5000  -22.5000   30.0000 2816.8772   17.9912
   -7.5000  -15.0000   30.0000 2889.6177   17.7730
    0.0000  -15.0000   30.0000 2912.7837   17.4641
    7.5000  -15.0000   30.0000 2865.4482   17.9351
   -7.5000   -7.5000   30.0000 2889.1082   18.3886
    0.0000   -7.5000   30.0000 2914.5288   18.0935
    7.5000   -7.5000   30.0000 2854.7153   18.5106
   -7.5000    0.0000   30.0000 2835.5393   19.3037
    0.0000    0.0000   30.0000 2861.5469   19.0740
    7.5000    0.0000   30.0000 2803.4407   19.4774
   -7.5000    7.5000   30.0000 2748.2361   20.6086
    0.0000    7.5000   30.0000 2767.0845   20.4121
    7.5000    7.5000   30.0000 2717.5679   20.7559
   -7.5000   15.0000   30.0000 2644.0886   22.2471
    0.0000   15.0000   30.0000 2660.0764   22.0512
    7.5000   15.0000   30.0000 2627.4370   22.4581
   -7.5000   22.5000   30.0000 2520.3267   24.3771
    0.0000   22.5000   30.0000 2539.0823   24.2091
    7.5000   22.5000   30.0000 2509.0742   24.6127
   -7.5000   30.0000   30.0000 2377.8779   27.0030
    0.0000   30.0000   30.0000 2389.3384   26.8678
    7.5000   30.0000   30.0000 2365.0234   27.2836
   -7.5000   37.5000   30.0000 2219.2251   30.2789
    0.0000   37.5000   30.0000 2227.9834   30.1747
    7.5000   37.5000   30.0000 2203.9331   30.6564
   -7.5000   45.0000   30.0000 2045.8877   34.4010
    0.0000   45.0000   30.0000 2058.1245   34.2938
    7.5000   45.0000   30.0000 2032.5780   34.8304
   -7.5000  -45.0000   37.5000 2523.0422   21.7286
    0.0000  -45.0000   37.5000 2549.2952   21.4007
    7.5000  -45.0000   37.5000 2499.0747   21.7311
   -7.5000  -37.5000   37.5000 2621.9731   20.2130
    0.0000  -37.5000   37.5000 2644.3972   19.9827
    7.5000  -37.5000   37.5000 2595.6038   20.3211
   -7.5000  -30.0000   37.5000 2705.6521   19.1468
    0.0000  -30.0000   37.5000 2720.4880   18.8687
    7.5000  -30.0000   37.5000 2679.4331   19.3010
   -7.5000  -22.5000   37.5000 2776.2473   18.6117
    0.0000  -22.5000   37.5000 2785.4507   18.2329
    7.5000  -22.5000   37.5000 2746.6089   18.7082
   -7.5000  -15.0000   37.5000 2812.4106   18.5404
    0.0000  -15.0000   37.5000 2832.2617   18.3001
    7.5000  -15.0000   37.5000 2789.0713   18.6815
   -7.5000   -7.5000   37.5000 2798.3596   19.1590
    0.0000   -7.5000   37.5000 2814.2844   18.8821
    7.5000   -7.5000   37.5000 2767.6313   19.2502
   -7.5000    0.0000   37.5000 2752.0007   20.1090
    0.0000    0.0000   37.5000 2771.6238   19.8761
    7.5000    0.0000   37.5000 2719.3730   20.2572
   -7.5000    7.5000   37.5000 2674.4443   21.4751
    0.0000    7.5000   37.5000 2686.4741   21.2234
    7.5000    7.5000   37.5000 2644.9866   21.6168
   -7.5000   15.0000   37.5000 2574.1499   23.1149
    0.0000   15.0000   37.5000 2589.6165   22.9546
    7.5000   15.0000   37.5000 2558.5339   23.3114
   -7.5000   22.5000   37.5000 2460.9719   25.2179
    0.0000   22.5000   37.5000 2479.7603   25.0669
    7.5000   22.5000   37.5000 2451.4436   25.3726
   -7.5000   30.0000   37.5000 2328.3442   27.7825
    0.0000   30.0000   37.5000 2336.4817   27.6045
    7.5000   30.0000   37.5000 2312.2476   28.0023
   -7.5000   37.5000   37.5000 2170.5120   31.0331
    0.0000   37.5000   37.5000 2182.8325   30.8870
    7.5000   37.5000   37.5000 2158.9348   31.3866
   -7.5000   45.0000   37.5000 2007.3508   35.1111
    0.0000   45.0000   37.5000 2022.3571   34.9963
    7.5000   45.0000   37.5000 1995.4690   35.5701
   -7.5000  -45.0000   45.0000 2479.5273   22.7910
    0.0000  -45.0000   45.0000 2503.7788   22.6095
    7.5000  -45.0000   45.0000 2449.2056   22.8295
   -7.5000  -37.5000   45.0000 2570.9873   21.2481
    0.0000  -37.5000   45.0000 2593.7488   21.0648
    7.5000  -37.5000   45.0000 2541.2913   21.3292
   -7.5000  -30.0000   45.0000 2642.3210   20.1457
    0.0000  -30.0000   45.0000 2669.6509   19.9234
    7.5000  -30.0000   45.0000 2616.8613   20.2284
   -7.5000  -22.5000   45.0000 2704.4321   19.6735
    0.0000  -22.5000   45.0000 2720.8088   19.3564
    7.5000  -22.5000   45.0000 2676.8730   19.6870
   -7.5000  -15.0000   45.0000 2726.6799   19.6548
    0.0000  -15.0000   45.0000 2744.1970   19.4144
    7.5000  -15.0000   45.0000 2700.1296   19.7060
   -7.5000   -7.5000   45.0000 2710.1602   20.2205
    0.0000   -7.5000   45.0000 2720.1624   19.9312
    7.5000   -7.5000   45.0000 2682.3569   20.2468
   -7.5000    0.0000   45.0000 2658.9492   21.1287
    0.0000    0.0000   45.0000 2673.7102   20.9187
    7.5000    0.0000   45.0000 2634.9187   21.2704
   -7.5000    7.5000   45.0000 2590.8955   22.5285
    0.0000    7.5000   45.0000 2600.2437   22.2957
    7.5000    7.5000   45.0000 2560.1011   22.6833
   -7.5000   15.0000   45.0000 2500.7197   24.1904
    0.0000   15.0000   45.0000 2512.3347   24.0753
    7.5000   15.0000   45.0000 2477.9836   24.4261
   -7.5000   22.5000   45.0000 2392.6721   26.3283
    0.0000   22.5000   45.0000 2406.4585   26.2208
    7.5000   22.5000   45.0000 2380.4438   26.5486
   -7.5000   30.0000   45.0000 2261.7495   28.9722
    0.0000   30.0000   45.0000 2273.1199   28.8723
    7.5000   30.0000   45.0000 2245.7065   29.1900
   -7.5000   37.5000   45.0000 2116.8931   32.2337
    0.0000   37.5000   45.0000 2131.4731   32.2427
    7.5000   37.5000   45.0000 2104.9275   32.6422
   -7.5000   45.0000   45.0000 1963.5753   36.3847
    0.0000   45.0000   45.0000 1969.7839   36.2718
    7.5000   45.0000   45.0000 1948.7324   36.8409

---------------------------------------------------------------------
imgreg_4dfp /opt/freesurfer/average/711-2C_as_mni_average_305 /opt/freesurfer/average/711-2B_as_mni_average_305_mask talsrcimg_g11 none talsrcimg_to_711-2C_as_mni_average_305_t4 1283
---------------------------------------------------------------------

freesurfer imgreg_4dfp.c
/opt/freesurfer/average/711-2C_as_mni_average_305.4dfp.img
       256       256       256         1
  1.000000  1.000000  1.000000
orientation T byte_order littleendian
Reading image: /opt/freesurfer/average/711-2C_as_mni_average_305.4dfp.img
dimensions:      256       256       256
mmppix:       1.0000   -1.0000   -1.0000
center:     128.0000 -129.0000 -129.0000
/opt/freesurfer/average/711-2B_as_mni_average_305_mask.4dfp.img
       256       256       256         1
  1.000000  1.000000  1.000000
orientation T byte_order littleendian
Reading mask: /opt/freesurfer/average/711-2B_as_mni_average_305_mask.4dfp.img (2306576 pixels)
talsrcimg_g11.4dfp.img
       256       256       256         1
  1.000000  1.000000  1.000000
orientation T byte_order littleendian
Reading image: talsrcimg_g11.4dfp.img
dimensions:      256       256       256
mmppix:       1.0000   -1.0000   -1.0000
center:     128.0000 -129.0000 -129.0000
rotation matrix determinant  1.000000
fimgreg.f
image alignment mode   1283 decimal      503 hex
parameters
    0.0000  -15.0000   15.0000    0.0000    0.0000    0.0000
eta,q 0.94578 16.88577
niter,ni,del,rscale     5    3   12.0000    1.2000
parameter  2 -0.710838 -> -0.500000 qaram    1.1500
parameter  4-11.769049 ->  0.500000 qaram    1.1500
parameters
   -0.5711  -11.5500   15.3715   -3.4500   -0.5295    2.0821
eta,q 0.95519 16.85461
  0.0672  0.0754  0.0576  0.0447  0.0557  0.0564
  0.0629  0.0672  0.0545  0.0454  0.0496  0.0529
  0.0571  0.0595  0.0525  0.0480  0.0464  0.0489
  0.0550  0.0545  0.0514  0.0507  0.0459  0.0459
  0.0581  0.0523  0.0499  0.0526  0.0479  0.0448
  0.0653  0.0515  0.0514  0.0538  0.0525  0.0458
  0.0743  0.0510  0.0579  0.0558  0.0598  0.0486
niter,ni,del,rscale     6    3   12.0000    1.2000
parameters
   -0.6470   -9.8109   15.3293   -4.8891   -0.5668    1.6584
eta,q 0.95700 16.86227
  0.0629  0.0700  0.0561  0.0503  0.0535  0.0501
  0.0554  0.0594  0.0516  0.0442  0.0477  0.0453
  0.0481  0.0504  0.0469  0.0431  0.0438  0.0430
  0.0448  0.0448  0.0445  0.0445  0.0432  0.0432
  0.0476  0.0449  0.0450  0.0479  0.0443  0.0446
  0.0556  0.0480  0.0504  0.0510  0.0476  0.0474
  0.0643  0.0537  0.0581  0.0541  0.0538  0.0517
niter,ni,del,rscale     5    3   12.0000    1.2000
parameters
   -0.8355   -9.2487   15.1954   -4.8694   -0.4893    1.6753
eta,q 0.95681 16.88503
  0.0604  0.0663  0.0560  0.0554  0.0537  0.0510
  0.0535  0.0538  0.0503  0.0469  0.0479  0.0461
  0.0459  0.0451  0.0453  0.0432  0.0440  0.0432
  0.0430  0.0429  0.0431  0.0432  0.0432  0.0432
  0.0469  0.0451  0.0448  0.0461  0.0439  0.0443
  0.0543  0.0510  0.0509  0.0494  0.0473  0.0464
  0.0630  0.0584  0.0577  0.0526  0.0533  0.0502
niter,ni,del,rscale     4    3   12.0000    1.2000
parameters
   -0.8808   -9.1496   15.1780   -4.8896   -0.4595    1.6844
eta,q 0.95677 16.88809
  0.0608  0.0635  0.0564  0.0553  0.0535  0.0509
  0.0540  0.0510  0.0508  0.0468  0.0478  0.0460
  0.0464  0.0441  0.0456  0.0432  0.0440  0.0432
  0.0432  0.0432  0.0432  0.0432  0.0432  0.0432
  0.0467  0.0462  0.0446  0.0462  0.0440  0.0444
  0.0536  0.0527  0.0505  0.0495  0.0474  0.0464
  0.0617  0.0600  0.0572  0.0527  0.0535  0.0502
niter,ni,del,rscale     3    3   12.0000    1.2000
parameters
   -0.8934   -9.1318   15.1732   -4.8945   -0.4521    1.6881
eta,q 0.95676 16.88870
  0.0609  0.0630  0.0564  0.0554  0.0534  0.0508
  0.0541  0.0506  0.0509  0.0469  0.0478  0.0460
  0.0465  0.0440  0.0457  0.0432  0.0440  0.0432
  0.0432  0.0432  0.0432  0.0432  0.0432  0.0432
  0.0467  0.0464  0.0446  0.0462  0.0440  0.0444
  0.0535  0.0530  0.0504  0.0495  0.0475  0.0464
  0.0615  0.0603  0.0572  0.0527  0.0535  0.0501
registration optimization eta report
parameter search radius
    6.0000    6.9000    6.0000    6.9000    6.0000    6.0000
100000*second partial in parameter space
       47.       39.       37.       22.       29.       21.
  0.0609  0.0630  0.0564  0.0554  0.0534  0.0508
  0.0541  0.0506  0.0509  0.0469  0.0478  0.0460
  0.0465  0.0440  0.0457  0.0432  0.0440  0.0432
  0.0432  0.0432  0.0432  0.0432  0.0432  0.0432
  0.0467  0.0464  0.0446  0.0462  0.0440  0.0444
  0.0535  0.0530  0.0504  0.0495  0.0475  0.0464
  0.0615  0.0603  0.0572  0.0527  0.0535  0.0501
   -0.8934   -9.1318   15.1732   -4.8945   -0.4521    1.6881
eta,q 0.95676 16.88870

---------------------------------------------------------------------
imgreg_4dfp /opt/freesurfer/average/711-2C_as_mni_average_305 /opt/freesurfer/average/711-2B_as_mni_average_305_mask talsrcimg_g11 none talsrcimg_to_711-2C_as_mni_average_305_t4 3335
---------------------------------------------------------------------

freesurfer imgreg_4dfp.c
/opt/freesurfer/average/711-2C_as_mni_average_305.4dfp.img
       256       256       256         1
  1.000000  1.000000  1.000000
orientation T byte_order littleendian
Reading image: /opt/freesurfer/average/711-2C_as_mni_average_305.4dfp.img
dimensions:      256       256       256
mmppix:       1.0000   -1.0000   -1.0000
center:     128.0000 -129.0000 -129.0000
/opt/freesurfer/average/711-2B_as_mni_average_305_mask.4dfp.img
       256       256       256         1
  1.000000  1.000000  1.000000
orientation T byte_order littleendian
Reading mask: /opt/freesurfer/average/711-2B_as_mni_average_305_mask.4dfp.img (2306576 pixels)
talsrcimg_g11.4dfp.img
       256       256       256         1
  1.000000  1.000000  1.000000
orientation T byte_order littleendian
Reading image: talsrcimg_g11.4dfp.img
dimensions:      256       256       256
mmppix:       1.0000   -1.0000   -1.0000
center:     128.0000 -129.0000 -129.0000
fimgreg.f
image alignment mode   3335 decimal      D07 hex
parameters
   -0.8934   -9.1318   15.1732   -0.0465   -0.4099   -0.3677
   -3.0025    0.5344    2.9458    8.5515   -0.7890   -8.5318
eta,q 0.95566 16.97835
niter,ni,del,rscale     5    3    5.0000    1.2000
parameter  4  1.641615 ->  0.500000 qaram    1.1500
parameter  5  1.732798 ->  0.500000 qaram    1.1500
parameter  6  1.760479 ->  0.500000 qaram    1.1500
parameter 10  0.832997 ->  0.500000 qaram    1.1500
parameter 12  0.524479 ->  0.500000 qaram    1.1500
parameters
   -1.1233   -8.8402   14.8597   -4.1865   -4.5499   -4.5077
   -1.8171    0.7252    3.7501    4.4115   -0.8436  -12.6718
eta,q 0.97257 16.40572
  0.0468  0.0473  0.0458  0.0372  0.0339  0.0274  0.0343  0.0348  0.0327  0.0282  0.0301  0.0280
  0.0453  0.0459  0.0448  0.0387  0.0352  0.0294  0.0323  0.0323  0.0314  0.0279  0.0289  0.0275
  0.0445  0.0449  0.0443  0.0410  0.0370  0.0322  0.0308  0.0307  0.0305  0.0285  0.0282  0.0275
  0.0443  0.0443  0.0443  0.0443  0.0393  0.0356  0.0301  0.0301  0.0300  0.0300  0.0280  0.0280
  0.0449  0.0444  0.0447  0.0482  0.0424  0.0397  0.0302  0.0304  0.0301  0.0321  0.0282  0.0290
  0.0461  0.0450  0.0455  0.0526  0.0460  0.0449  0.0309  0.0320  0.0307  0.0347  0.0290  0.0303
  0.0480  0.0462  0.0468  0.0575  0.0494  0.0504  0.0322  0.0344  0.0318  0.0376  0.0302  0.0319
niter,ni,del,rscale     7    3    5.0000    1.2000
parameter  4  0.647474 ->  0.500000 qaram    1.3225
parameter  5  0.510134 ->  0.500000 qaram    1.3225
parameters
   -1.2121   -9.1586   14.9288   -8.9475   -9.3109   -7.0654
   -2.1460    0.5998    3.5264    6.0514   -1.2586  -11.5148
eta,q 0.97686 16.14629
  0.0315  0.0297  0.0303  0.0259  0.0249  0.0269  0.0269  0.0288  0.0256  0.0304  0.0249  0.0271
  0.0292  0.0283  0.0288  0.0250  0.0239  0.0251  0.0250  0.0259  0.0245  0.0276  0.0239  0.0252
  0.0278  0.0275  0.0278  0.0254  0.0240  0.0237  0.0239  0.0241  0.0238  0.0252  0.0233  0.0239
  0.0274  0.0274  0.0274  0.0274  0.0249  0.0238  0.0236  0.0236  0.0236  0.0236  0.0233  0.0232
  0.0280  0.0281  0.0276  0.0309  0.0270  0.0265  0.0242  0.0243  0.0239  0.0233  0.0236  0.0232
  0.0296  0.0294  0.0285  0.0353  0.0299  0.0311  0.0255  0.0262  0.0247  0.0245  0.0242  0.0240
  0.0321  0.0315  0.0301  0.0405  0.0338  0.0368  0.0274  0.0291  0.0259  0.0270  0.0252  0.0255
niter,ni,del,rscale     7    3    5.0000    1.2000
parameters
   -1.0469   -9.4512   14.7947   -8.3190   -8.4489   -8.0509
   -2.0579    0.7488    3.6628    5.6437   -1.2610  -10.7756
eta,q 0.97700 16.14025
  0.0278  0.0255  0.0254  0.0293  0.0295  0.0281  0.0268  0.0289  0.0253  0.0280  0.0249  0.0267
  0.0254  0.0239  0.0240  0.0267  0.0267  0.0259  0.0248  0.0259  0.0241  0.0255  0.0238  0.0249
  0.0239  0.0231  0.0232  0.0245  0.0242  0.0240  0.0235  0.0238  0.0233  0.0237  0.0232  0.0237
  0.0231  0.0231  0.0230  0.0230  0.0229  0.0228  0.0230  0.0230  0.0230  0.0230  0.0231  0.0231
  0.0234  0.0238  0.0235  0.0230  0.0232  0.0241  0.0235  0.0236  0.0233  0.0239  0.0233  0.0232
  0.0246  0.0250  0.0245  0.0250  0.0249  0.0275  0.0247  0.0256  0.0240  0.0261  0.0239  0.0241
  0.0268  0.0268  0.0259  0.0286  0.0278  0.0323  0.0266  0.0284  0.0252  0.0293  0.0248  0.0257
niter,ni,del,rscale     6    3    5.0000    1.2000
parameters
   -1.0359   -9.5377   14.5460   -8.1878   -8.0335   -8.5028
   -2.1495    0.7976    3.7502    5.3737   -1.1777  -10.6471
eta,q 0.97693 16.13397
  0.0272  0.0259  0.0250  0.0288  0.0292  0.0286  0.0266  0.0287  0.0253  0.0282  0.0249  0.0262
  0.0249  0.0242  0.0237  0.0263  0.0263  0.0263  0.0246  0.0258  0.0241  0.0256  0.0239  0.0246
  0.0235  0.0232  0.0231  0.0242  0.0240  0.0243  0.0234  0.0237  0.0233  0.0238  0.0232  0.0235
  0.0230  0.0230  0.0230  0.0229  0.0229  0.0229  0.0231  0.0231  0.0231  0.0231  0.0231  0.0231
  0.0234  0.0235  0.0235  0.0232  0.0234  0.0235  0.0235  0.0237  0.0233  0.0238  0.0233  0.0234
  0.0248  0.0246  0.0245  0.0254  0.0253  0.0266  0.0248  0.0256  0.0240  0.0259  0.0238  0.0244
  0.0272  0.0262  0.0259  0.0292  0.0284  0.0310  0.0267  0.0285  0.0252  0.0291  0.0248  0.0261
niter,ni,del,rscale     5    3    5.0000    1.2000
parameters
   -1.0329   -9.5735   14.4033   -8.1484   -7.8090   -8.6974
   -2.2091    0.8056    3.7615    5.2808   -1.1255  -10.6589
eta,q 0.97689 16.13193
  0.0271  0.0261  0.0252  0.0287  0.0290  0.0288  0.0267  0.0286  0.0253  0.0284  0.0249  0.0262
  0.0250  0.0243  0.0239  0.0263  0.0262  0.0266  0.0247  0.0257  0.0241  0.0258  0.0239  0.0246
  0.0236  0.0233  0.0232  0.0242  0.0240  0.0245  0.0235  0.0238  0.0233  0.0239  0.0233  0.0235
  0.0231  0.0231  0.0231  0.0230  0.0230  0.0230  0.0231  0.0231  0.0231  0.0231  0.0231  0.0231
  0.0235  0.0235  0.0235  0.0234  0.0236  0.0233  0.0236  0.0237  0.0233  0.0237  0.0233  0.0234
  0.0249  0.0246  0.0244  0.0256  0.0255  0.0262  0.0248  0.0257  0.0241  0.0258  0.0239  0.0245
  0.0272  0.0262  0.0257  0.0294  0.0288  0.0304  0.0267  0.0286  0.0253  0.0289  0.0248  0.0263
niter,ni,del,rscale     4    3    5.0000    1.2000
parameters
   -1.0342   -9.5802   14.3350   -8.1469   -7.7127   -8.7765
   -2.2294    0.8029    3.7584    5.2636   -1.0953  -10.6893
eta,q 0.97687 16.13111
  0.0272  0.0262  0.0254  0.0288  0.0289  0.0289  0.0267  0.0286  0.0253  0.0285  0.0249  0.0262
  0.0250  0.0244  0.0240  0.0263  0.0261  0.0267  0.0247  0.0257  0.0241  0.0258  0.0239  0.0246
  0.0236  0.0234  0.0233  0.0242  0.0240  0.0246  0.0235  0.0238  0.0234  0.0240  0.0233  0.0235
  0.0231  0.0231  0.0231  0.0231  0.0231  0.0231  0.0231  0.0231  0.0231  0.0231  0.0231  0.0231
  0.0235  0.0235  0.0235  0.0234  0.0237  0.0233  0.0236  0.0237  0.0234  0.0237  0.0233  0.0235
  0.0249  0.0245  0.0243  0.0256  0.0257  0.0260  0.0248  0.0257  0.0241  0.0257  0.0239  0.0246
  0.0273  0.0261  0.0256  0.0295  0.0290  0.0302  0.0267  0.0286  0.0253  0.0288  0.0249  0.0263
niter,ni,del,rscale     3    3    5.0000    1.2000
parameters
   -1.0337   -9.5789   14.3047   -8.1483   -7.6778   -8.8072
   -2.2329    0.8005    3.7533    5.2684   -1.0816  -10.7174
eta,q 0.97687 16.13072
  0.0272  0.0262  0.0255  0.0288  0.0289  0.0290  0.0267  0.0286  0.0253  0.0286  0.0249  0.0262
  0.0250  0.0245  0.0241  0.0263  0.0261  0.0267  0.0248  0.0258  0.0241  0.0259  0.0239  0.0246
  0.0236  0.0234  0.0233  0.0243  0.0240  0.0246  0.0235  0.0238  0.0234  0.0240  0.0233  0.0235
  0.0231  0.0231  0.0231  0.0231  0.0231  0.0231  0.0231  0.0231  0.0231  0.0231  0.0231  0.0231
  0.0235  0.0235  0.0235  0.0235  0.0238  0.0233  0.0236  0.0237  0.0234  0.0237  0.0234  0.0235
  0.0249  0.0245  0.0243  0.0257  0.0257  0.0260  0.0248  0.0257  0.0241  0.0257  0.0239  0.0246
  0.0273  0.0261  0.0255  0.0295  0.0291  0.0301  0.0267  0.0287  0.0253  0.0287  0.0249  0.0263
niter,ni,del,rscale     2    3    5.0000    1.2000
parameters
   -1.0353   -9.5776   14.2902   -8.1467   -7.6671   -8.8217
   -2.2333    0.7975    3.7518    5.2768   -1.0823  -10.7345
eta,q 0.97686 16.13050
  0.0272  0.0262  0.0255  0.0288  0.0289  0.0290  0.0268  0.0286  0.0253  0.0286  0.0249  0.0262
  0.0250  0.0245  0.0241  0.0263  0.0261  0.0267  0.0248  0.0258  0.0241  0.0259  0.0239  0.0246
  0.0237  0.0234  0.0234  0.0243  0.0240  0.0246  0.0235  0.0238  0.0234  0.0240  0.0233  0.0236
  0.0231  0.0231  0.0231  0.0231  0.0231  0.0231  0.0231  0.0231  0.0231  0.0231  0.0231  0.0231
  0.0235  0.0235  0.0235  0.0235  0.0238  0.0232  0.0236  0.0238  0.0234  0.0237  0.0234  0.0235
  0.0250  0.0246  0.0243  0.0257  0.0258  0.0260  0.0248  0.0257  0.0241  0.0257  0.0239  0.0246
  0.0273  0.0261  0.0255  0.0295  0.0291  0.0301  0.0267  0.0287  0.0253  0.0287  0.0249  0.0263
registration optimization eta report
parameter search radius
    2.4000    2.4000    2.4000    9.5220    9.5220    8.2800
    7.2000    7.2000    7.2000    8.2800    7.2000    8.2800
100000*second partial in parameter space
       71.       53.       41.        7.        6.        9.
        7.       11.        4.        8.        3.        5.
  0.0272  0.0262  0.0255  0.0288  0.0289  0.0290  0.0268  0.0286  0.0253  0.0286  0.0249  0.0262
  0.0250  0.0245  0.0241  0.0263  0.0261  0.0267  0.0248  0.0258  0.0241  0.0259  0.0239  0.0246
  0.0237  0.0234  0.0234  0.0243  0.0240  0.0246  0.0235  0.0238  0.0234  0.0240  0.0233  0.0236
  0.0231  0.0231  0.0231  0.0231  0.0231  0.0231  0.0231  0.0231  0.0231  0.0231  0.0231  0.0231
  0.0235  0.0235  0.0235  0.0235  0.0238  0.0232  0.0236  0.0238  0.0234  0.0237  0.0234  0.0235
  0.0250  0.0246  0.0243  0.0257  0.0258  0.0260  0.0248  0.0257  0.0241  0.0257  0.0239  0.0246
  0.0273  0.0261  0.0255  0.0295  0.0291  0.0301  0.0267  0.0287  0.0253  0.0287  0.0249  0.0263
   -1.0353   -9.5776   14.2902   -8.1467   -7.6671   -8.8217
   -2.2333    0.7975    3.7518    5.2768   -1.0823  -10.7345
eta,q 0.97686 16.13050

---------------------------------------------------------------------
imgreg_4dfp /opt/freesurfer/average/711-2C_as_mni_average_305 /opt/freesurfer/average/711-2B_as_mni_average_305_mask talsrcimg_g11 none talsrcimg_to_711-2C_as_mni_average_305_t4 2311
---------------------------------------------------------------------

freesurfer imgreg_4dfp.c
/opt/freesurfer/average/711-2C_as_mni_average_305.4dfp.img
       256       256       256         1
  1.000000  1.000000  1.000000
orientation T byte_order littleendian
Reading image: /opt/freesurfer/average/711-2C_as_mni_average_305.4dfp.img
dimensions:      256       256       256
mmppix:       1.0000   -1.0000   -1.0000
center:     128.0000 -129.0000 -129.0000
/opt/freesurfer/average/711-2B_as_mni_average_305_mask.4dfp.img
       256       256       256         1
  1.000000  1.000000  1.000000
orientation T byte_order littleendian
Reading mask: /opt/freesurfer/average/711-2B_as_mni_average_305_mask.4dfp.img (2306576 pixels)
talsrcimg_g11.4dfp.img
       256       256       256         1
  1.000000  1.000000  1.000000
orientation T byte_order littleendian
Reading image: talsrcimg_g11.4dfp.img
dimensions:      256       256       256
mmppix:       1.0000   -1.0000   -1.0000
center:     128.0000 -129.0000 -129.0000
fimgreg.f
image alignment mode   2311 decimal      907 hex
parameters
   -1.0353   -9.5776   14.2902   -8.1467   -7.6671   -8.8217
   -2.2333    0.7975    3.7518    5.2768   -1.0823  -10.7345
eta,q 0.97686 16.13051
niter,ni,del,rscale     5    3    5.0000    0.8000
parameters
   -1.0098   -9.6136   14.2469   -7.4101   -7.6655   -8.2607
   -2.2129    0.8397    3.7816    5.2227   -1.2109  -10.9632
eta,q 0.97709 16.17014
  0.0250  0.0245  0.0242  0.0252  0.0248  0.0261  0.0246  0.0258  0.0240  0.0250  0.0238  0.0240
  0.0240  0.0237  0.0236  0.0243  0.0238  0.0248  0.0237  0.0242  0.0234  0.0239  0.0233  0.0234
  0.0234  0.0233  0.0232  0.0236  0.0232  0.0238  0.0231  0.0233  0.0230  0.0232  0.0230  0.0230
  0.0231  0.0231  0.0231  0.0231  0.0231  0.0231  0.0229  0.0229  0.0229  0.0229  0.0229  0.0229
  0.0233  0.0233  0.0233  0.0231  0.0233  0.0229  0.0231  0.0232  0.0230  0.0231  0.0230  0.0231
  0.0239  0.0238  0.0237  0.0235  0.0238  0.0236  0.0237  0.0242  0.0234  0.0239  0.0233  0.0235
  0.0250  0.0246  0.0242  0.0244  0.0247  0.0253  0.0246  0.0257  0.0239  0.0252  0.0238  0.0242
niter,ni,del,rscale     4    3    5.0000    0.7000
parameters
   -1.0571   -9.5661   14.3415   -7.4698   -7.8312   -7.9552
   -2.2501    0.8156    3.7767    5.3191   -1.2752  -11.0800
eta,q 0.97717 16.17782
  0.0243  0.0241  0.0239  0.0243  0.0241  0.0253  0.0241  0.0250  0.0236  0.0246  0.0235  0.0237
  0.0235  0.0234  0.0234  0.0236  0.0234  0.0243  0.0234  0.0238  0.0232  0.0237  0.0231  0.0232
  0.0230  0.0230  0.0230  0.0231  0.0230  0.0235  0.0230  0.0231  0.0229  0.0231  0.0229  0.0229
  0.0229  0.0229  0.0229  0.0229  0.0229  0.0229  0.0228  0.0228  0.0228  0.0228  0.0228  0.0228
  0.0231  0.0230  0.0230  0.0230  0.0231  0.0228  0.0230  0.0231  0.0229  0.0230  0.0229  0.0229
  0.0236  0.0234  0.0232  0.0235  0.0236  0.0236  0.0235  0.0238  0.0232  0.0235  0.0232  0.0233
  0.0245  0.0239  0.0237  0.0244  0.0243  0.0250  0.0242  0.0251  0.0236  0.0245  0.0235  0.0238
niter,ni,del,rscale     3    3    5.0000    0.6000
parameters
   -1.0624   -9.5554   14.4246   -7.4748   -7.9794   -7.7280
   -2.2278    0.8068    3.7805    5.3701   -1.3511  -11.1085
eta,q 0.97722 16.18254
  0.0239  0.0237  0.0236  0.0239  0.0237  0.0247  0.0238  0.0244  0.0234  0.0241  0.0233  0.0234
  0.0233  0.0232  0.0232  0.0233  0.0232  0.0239  0.0232  0.0235  0.0230  0.0234  0.0230  0.0231
  0.0229  0.0229  0.0229  0.0230  0.0229  0.0233  0.0229  0.0230  0.0228  0.0230  0.0228  0.0229
  0.0228  0.0228  0.0228  0.0228  0.0228  0.0228  0.0228  0.0228  0.0228  0.0228  0.0228  0.0228
  0.0229  0.0229  0.0229  0.0229  0.0230  0.0228  0.0229  0.0230  0.0229  0.0229  0.0229  0.0229
  0.0233  0.0232  0.0231  0.0233  0.0233  0.0234  0.0232  0.0235  0.0230  0.0233  0.0230  0.0231
  0.0239  0.0236  0.0234  0.0239  0.0239  0.0245  0.0237  0.0245  0.0234  0.0241  0.0233  0.0235
niter,ni,del,rscale     2    3    5.0000    0.5000
parameters
   -1.0635   -9.5525   14.4975   -7.4627   -8.1011   -7.5259
   -2.2159    0.8083    3.7742    5.3839   -1.4184  -11.1101
eta,q 0.97726 16.18697
  0.0236  0.0234  0.0233  0.0235  0.0234  0.0242  0.0234  0.0239  0.0232  0.0237  0.0231  0.0232
  0.0231  0.0230  0.0230  0.0231  0.0230  0.0236  0.0230  0.0233  0.0229  0.0232  0.0229  0.0230
  0.0229  0.0228  0.0229  0.0229  0.0228  0.0231  0.0228  0.0229  0.0228  0.0229  0.0228  0.0228
  0.0228  0.0228  0.0228  0.0228  0.0228  0.0228  0.0228  0.0227  0.0227  0.0227  0.0227  0.0227
  0.0229  0.0228  0.0228  0.0228  0.0229  0.0228  0.0228  0.0229  0.0228  0.0228  0.0228  0.0228
  0.0231  0.0230  0.0230  0.0231  0.0231  0.0232  0.0230  0.0233  0.0229  0.0232  0.0229  0.0230
  0.0236  0.0233  0.0232  0.0236  0.0235  0.0240  0.0234  0.0239  0.0232  0.0237  0.0231  0.0232
niter,ni,del,rscale     1    3    5.0000    0.4000
parameters
   -1.0700   -9.5533   14.5678   -7.4527   -8.2073   -7.3377
   -2.2018    0.8150    3.7757    5.3810   -1.5068  -11.1100
eta,q 0.97728 16.19106
  0.0232  0.0231  0.0231  0.0232  0.0232  0.0237  0.0232  0.0235  0.0230  0.0233  0.0230  0.0230
  0.0230  0.0229  0.0229  0.0230  0.0229  0.0233  0.0229  0.0231  0.0228  0.0230  0.0228  0.0229
  0.0228  0.0228  0.0228  0.0228  0.0228  0.0230  0.0228  0.0228  0.0228  0.0228  0.0227  0.0228
  0.0227  0.0227  0.0227  0.0227  0.0227  0.0227  0.0227  0.0227  0.0227  0.0227  0.0227  0.0227
  0.0228  0.0228  0.0228  0.0228  0.0228  0.0227  0.0228  0.0228  0.0227  0.0228  0.0228  0.0228
  0.0230  0.0229  0.0229  0.0230  0.0230  0.0230  0.0229  0.0230  0.0228  0.0230  0.0229  0.0229
  0.0233  0.0231  0.0230  0.0232  0.0232  0.0236  0.0232  0.0235  0.0230  0.0233  0.0230  0.0230
registration optimization eta report
parameter search radius
    0.8000    0.8000    0.8000    2.4000    2.4000    2.4000
    2.4000    2.4000    2.4000    2.4000    2.4000    2.4000
100000*second partial in parameter space
       78.       57.       50.        9.        8.       16.
        8.       13.        5.       11.        4.        5.
  0.0232  0.0231  0.0231  0.0232  0.0232  0.0237  0.0232  0.0235  0.0230  0.0233  0.0230  0.0230
  0.0230  0.0229  0.0229  0.0230  0.0229  0.0233  0.0229  0.0231  0.0228  0.0230  0.0228  0.0229
  0.0228  0.0228  0.0228  0.0228  0.0228  0.0230  0.0228  0.0228  0.0228  0.0228  0.0227  0.0228
  0.0227  0.0227  0.0227  0.0227  0.0227  0.0227  0.0227  0.0227  0.0227  0.0227  0.0227  0.0227
  0.0228  0.0228  0.0228  0.0228  0.0228  0.0227  0.0228  0.0228  0.0227  0.0228  0.0228  0.0228
  0.0230  0.0229  0.0229  0.0230  0.0230  0.0230  0.0229  0.0230  0.0228  0.0230  0.0229  0.0229
  0.0233  0.0231  0.0230  0.0232  0.0232  0.0236  0.0232  0.0235  0.0230  0.0233  0.0230  0.0230
   -1.0700   -9.5533   14.5678   -7.4527   -8.2073   -7.3377
   -2.2018    0.8150    3.7757    5.3810   -1.5068  -11.1100
eta,q 0.97728 16.19106

---------------------------------------------------------------------
imgreg_4dfp /opt/freesurfer/average/711-2C_as_mni_average_305 /opt/freesurfer/average/711-2B_as_mni_average_305_mask talsrcimg_g11 none talsrcimg_to_711-2C_as_mni_average_305_t4 2311
---------------------------------------------------------------------

freesurfer imgreg_4dfp.c
/opt/freesurfer/average/711-2C_as_mni_average_305.4dfp.img
       256       256       256         1
  1.000000  1.000000  1.000000
orientation T byte_order littleendian
Reading image: /opt/freesurfer/average/711-2C_as_mni_average_305.4dfp.img
dimensions:      256       256       256
mmppix:       1.0000   -1.0000   -1.0000
center:     128.0000 -129.0000 -129.0000
/opt/freesurfer/average/711-2B_as_mni_average_305_mask.4dfp.img
       256       256       256         1
  1.000000  1.000000  1.000000
orientation T byte_order littleendian
Reading mask: /opt/freesurfer/average/711-2B_as_mni_average_305_mask.4dfp.img (2306576 pixels)
talsrcimg_g11.4dfp.img
       256       256       256         1
  1.000000  1.000000  1.000000
orientation T byte_order littleendian
Reading image: talsrcimg_g11.4dfp.img
dimensions:      256       256       256
mmppix:       1.0000   -1.0000   -1.0000
center:     128.0000 -129.0000 -129.0000
fimgreg.f
image alignment mode   2311 decimal      907 hex
parameters
   -1.0700   -9.5533   14.5678   -7.4527   -8.2073   -7.3377
   -2.2018    0.8150    3.7757    5.3810   -1.5068  -11.1100
eta,q 0.97728 16.19106
niter,ni,del,rscale     5    3    5.0000    0.8000
parameters
   -1.0820   -9.5175   14.6465   -7.6774   -8.1870   -7.6343
   -2.1883    0.8048    3.7832    5.4093   -1.3986  -10.9369
eta,q 0.97722 16.17777
  0.0247  0.0243  0.0241  0.0244  0.0245  0.0253  0.0245  0.0256  0.0239  0.0250  0.0238  0.0240
  0.0236  0.0234  0.0234  0.0236  0.0235  0.0242  0.0235  0.0240  0.0233  0.0239  0.0232  0.0234
  0.0229  0.0229  0.0229  0.0229  0.0229  0.0233  0.0230  0.0231  0.0229  0.0231  0.0229  0.0230
  0.0227  0.0227  0.0227  0.0227  0.0227  0.0227  0.0228  0.0228  0.0228  0.0228  0.0228  0.0228
  0.0229  0.0229  0.0228  0.0229  0.0229  0.0231  0.0230  0.0231  0.0229  0.0230  0.0229  0.0229
  0.0236  0.0234  0.0232  0.0237  0.0235  0.0244  0.0236  0.0241  0.0233  0.0238  0.0232  0.0232
  0.0247  0.0241  0.0239  0.0249  0.0244  0.0264  0.0245  0.0256  0.0238  0.0250  0.0237  0.0239
niter,ni,del,rscale     4    3    5.0000    0.7000
parameters
   -1.0563   -9.5592   14.5785   -7.5584   -8.1261   -7.6862
   -2.1912    0.8104    3.8016    5.3493   -1.4138  -10.9236
eta,q 0.97723 16.17866
  0.0243  0.0238  0.0236  0.0243  0.0242  0.0250  0.0241  0.0250  0.0236  0.0244  0.0235  0.0237
  0.0235  0.0232  0.0231  0.0235  0.0234  0.0240  0.0233  0.0238  0.0231  0.0236  0.0231  0.0232
  0.0230  0.0229  0.0228  0.0230  0.0229  0.0232  0.0229  0.0230  0.0229  0.0230  0.0228  0.0229
  0.0228  0.0228  0.0228  0.0228  0.0228  0.0228  0.0228  0.0228  0.0228  0.0228  0.0228  0.0228
  0.0229  0.0229  0.0229  0.0229  0.0229  0.0229  0.0229  0.0230  0.0229  0.0230  0.0229  0.0229
  0.0234  0.0233  0.0233  0.0233  0.0234  0.0238  0.0234  0.0238  0.0231  0.0236  0.0231  0.0232
  0.0242  0.0239  0.0238  0.0242  0.0241  0.0254  0.0241  0.0250  0.0236  0.0246  0.0235  0.0237
niter,ni,del,rscale     3    3    5.0000    0.6000
parameters
   -1.0594   -9.5673   14.5535   -7.4972   -8.1141   -7.6078
   -2.2043    0.8116    3.8176    5.3370   -1.4318  -10.9730
eta,q 0.97724 16.18274
  0.0239  0.0236  0.0234  0.0239  0.0238  0.0246  0.0237  0.0244  0.0234  0.0240  0.0233  0.0234
  0.0233  0.0231  0.0231  0.0233  0.0232  0.0238  0.0232  0.0235  0.0230  0.0234  0.0230  0.0231
  0.0229  0.0228  0.0228  0.0229  0.0229  0.0232  0.0229  0.0229  0.0228  0.0229  0.0228  0.0228
  0.0228  0.0228  0.0228  0.0228  0.0228  0.0228  0.0228  0.0228  0.0228  0.0228  0.0228  0.0228
  0.0229  0.0229  0.0229  0.0229  0.0229  0.0228  0.0229  0.0229  0.0228  0.0229  0.0228  0.0228
  0.0233  0.0232  0.0231  0.0232  0.0232  0.0235  0.0232  0.0235  0.0230  0.0233  0.0230  0.0231
  0.0239  0.0236  0.0235  0.0238  0.0238  0.0246  0.0237  0.0244  0.0233  0.0241  0.0233  0.0235
niter,ni,del,rscale     2    3    5.0000    0.5000
parameters
   -1.0619   -9.5691   14.5640   -7.4693   -8.1554   -7.4713
   -2.2072    0.8118    3.7948    5.3428   -1.4658  -11.0244
eta,q 0.97726 16.18692
  0.0235  0.0233  0.0233  0.0235  0.0234  0.0241  0.0234  0.0239  0.0232  0.0237  0.0231  0.0232
  0.0231  0.0230  0.0230  0.0231  0.0231  0.0235  0.0230  0.0233  0.0229  0.0232  0.0229  0.0229
  0.0228  0.0228  0.0228  0.0229  0.0228  0.0230  0.0228  0.0229  0.0228  0.0229  0.0228  0.0228
  0.0228  0.0228  0.0228  0.0228  0.0228  0.0228  0.0227  0.0227  0.0227  0.0227  0.0227  0.0227
  0.0228  0.0228  0.0228  0.0228  0.0228  0.0228  0.0228  0.0229  0.0228  0.0228  0.0228  0.0228
  0.0231  0.0230  0.0230  0.0231  0.0231  0.0232  0.0230  0.0232  0.0229  0.0231  0.0229  0.0230
  0.0235  0.0233  0.0232  0.0235  0.0235  0.0241  0.0234  0.0239  0.0232  0.0237  0.0231  0.0232
niter,ni,del,rscale     1    3    5.0000    0.4000
parameters
   -1.0681   -9.5609   14.6014   -7.4558   -8.2189   -7.3127
   -2.1975    0.8150    3.7838    5.3569   -1.5195  -11.0612
eta,q 0.97728 16.19133
  0.0232  0.0231  0.0231  0.0232  0.0232  0.0237  0.0232  0.0235  0.0230  0.0233  0.0230  0.0230
  0.0230  0.0229  0.0229  0.0230  0.0229  0.0233  0.0229  0.0231  0.0228  0.0230  0.0228  0.0229
  0.0228  0.0228  0.0228  0.0228  0.0228  0.0229  0.0228  0.0228  0.0227  0.0228  0.0227  0.0228
  0.0227  0.0227  0.0227  0.0227  0.0227  0.0227  0.0227  0.0227  0.0227  0.0227  0.0227  0.0227
  0.0228  0.0228  0.0228  0.0228  0.0228  0.0228  0.0228  0.0228  0.0227  0.0228  0.0228  0.0227
  0.0230  0.0229  0.0229  0.0229  0.0230  0.0230  0.0229  0.0230  0.0228  0.0230  0.0229  0.0229
  0.0232  0.0231  0.0230  0.0232  0.0232  0.0236  0.0232  0.0235  0.0230  0.0233  0.0230  0.0230
registration optimization eta report
parameter search radius
    0.8000    0.8000    0.8000    2.4000    2.4000    2.4000
    2.4000    2.4000    2.4000    2.4000    2.4000    2.4000
100000*second partial in parameter space
       78.       58.       50.        9.        8.       16.
        8.       13.        5.       11.        4.        5.
  0.0232  0.0231  0.0231  0.0232  0.0232  0.0237  0.0232  0.0235  0.0230  0.0233  0.0230  0.0230
  0.0230  0.0229  0.0229  0.0230  0.0229  0.0233  0.0229  0.0231  0.0228  0.0230  0.0228  0.0229
  0.0228  0.0228  0.0228  0.0228  0.0228  0.0229  0.0228  0.0228  0.0227  0.0228  0.0227  0.0228
  0.0227  0.0227  0.0227  0.0227  0.0227  0.0227  0.0227  0.0227  0.0227  0.0227  0.0227  0.0227
  0.0228  0.0228  0.0228  0.0228  0.0228  0.0228  0.0228  0.0228  0.0227  0.0228  0.0228  0.0227
  0.0230  0.0229  0.0229  0.0229  0.0230  0.0230  0.0229  0.0230  0.0228  0.0230  0.0229  0.0229
  0.0232  0.0231  0.0230  0.0232  0.0232  0.0236  0.0232  0.0235  0.0230  0.0233  0.0230  0.0230
   -1.0681   -9.5609   14.6014   -7.4558   -8.2189   -7.3127
   -2.1975    0.8150    3.7838    5.3569   -1.5195  -11.0612
eta,q 0.97728 16.19133

---------------------------------------------------------------------
compute_vox2vox talsrcimg talsrcimg_to_711-2C_as_mni_average_305_t4 /opt/freesurfer/average/711-2C_as_mni_average_305
---------------------------------------------------------------------

freesurfer compute_vox2vox.c
Reading: talsrcimg.4dfp.ifh
Reading: talsrcimg_to_711-2C_as_mni_average_305_t4
Reading: /opt/freesurfer/average/711-2C_as_mni_average_305.4dfp.ifh
Writing: talsrcimg_to_711-2C_as_mni_average_305_t4_vox2vox.txt

start time Mon Mar 9 23:44:19 CET 2026
end		time Mon Mar 9 23:44:33 CET 2026

mpr2mni305 success

avi2talxfm orig_nu.mgz /opt/freesurfer/average/mni305.cor.mgz talsrcimg_to_711-2C_as_mni_average_305_t4_vox2vox.txt transforms/talairach.auto.xfm
avi2talxfm done
mv -f /out/sourcedata/freesurfer/sub-v1s3x0050785_ses-1/mri/talsrcimg_to_711-2C_as_mni_average_305_t4_vox2vox.txt /out/sourcedata/freesurfer/sub-v1s3x0050785_ses-1/mri/transforms/talsrcimg_to_711-2C_as_mni_average_305_t4_vox2vox.txt
lta_convert --src orig_nu.mgz --trg /opt/freesurfer/average/mni305.cor.mgz --inxfm transforms/talairach.auto.xfm --outlta transforms/talairach.auto.xfm.lta --subject fsaverage
7.3.2

--src: orig_nu.mgz src image (geometry).
--trg: /opt/freesurfer/average/mni305.cor.mgz trg image (geometry).
--inmni: transforms/talairach.auto.xfm input MNI/XFM transform.
--outlta: transforms/talairach.auto.xfm.lta output LTA.
--s: fsaverage subject name
 LTA read, type : 1
 1.07938  -0.01091   0.02453   3.55901;
 0.01230   1.07131   0.12941  -8.69728;
-0.04522  -0.06208   1.08098  -7.64247;
 0.00000   0.00000   0.00000   1.00000;
setting subject to fsaverage
Writing  LTA to file transforms/talairach.auto.xfm.lta...
lta_convert successful.
 
 
Started at Mon Mar 9 23:44:18 CET 2026
Ended   at Mon Mar  9 23:44:33 CET 2026
talairach_avi done
