status file for recon-all
Tue Mar 10 01:11:29 CET 2026
#@# Tessellate rh Tue Mar 10 01:11:29 CET 2026
#@# Smooth1 rh Tue Mar 10 01:11:33 CET 2026
#@# Inflation1 rh Tue Mar 10 01:11:36 CET 2026
#@# QSphere rh Tue Mar 10 01:11:52 CET 2026
#@# Fix Topology rh Tue Mar 10 01:13:23 CET 2026
#@# Smooth2 rh Tue Mar 10 01:20:28 CET 2026
#@# Inflation2 rh Tue Mar 10 01:20:32 CET 2026
#@# Curv .H and .K rh Tue Mar 10 01:20:50 CET 2026
#@# Sphere rh Tue Mar 10 01:21:44 CET 2026
#@# Surf Reg rh Tue Mar 10 01:26:24 CET 2026
#@# Jacobian white rh Tue Mar 10 01:31:56 CET 2026
#@# AvgCurv rh Tue Mar 10 01:31:57 CET 2026
#@# Cortical Parc rh Tue Mar 10 01:31:58 CET 2026
#@# white curv rh Tue Mar 10 01:40:25 CET 2026
#@# white area rh Tue Mar 10 01:40:27 CET 2026
#@# pial curv rh Tue Mar 10 01:40:28 CET 2026
#@# pial area rh Tue Mar 10 01:40:30 CET 2026
#@# thickness rh Tue Mar 10 01:40:31 CET 2026
#@# area and vertex vol rh Tue Mar 10 01:41:05 CET 2026
#@# Curvature Stats rh Tue Mar 10 01:41:07 CET 2026
#@# Cortical Parc 2 rh Tue Mar 10 01:41:10 CET 2026
#@# Cortical Parc 3 rh Tue Mar 10 01:41:26 CET 2026
#@# WM/GM Contrast rh Tue Mar 10 01:41:37 CET 2026
recon-all -s sub-v1s3x0050774_ses-1 finished without error at Tue Mar 10 01:41:41 CET 2026



#New# invocation of recon-all 



status file for recon-all
Tue Mar 10 01:54:30 CET 2026
#@# white curv rh Tue Mar 10 01:54:30 CET 2026
#@# white area rh Tue Mar 10 01:54:30 CET 2026
#@# pial curv rh Tue Mar 10 01:54:30 CET 2026
#@# pial area rh Tue Mar 10 01:54:30 CET 2026
#@# thickness rh Tue Mar 10 01:54:30 CET 2026
#@# area and vertex vol rh Tue Mar 10 01:54:30 CET 2026
#@# Parcellation Stats rh Tue Mar 10 01:54:30 CET 2026
#@# Parcellation Stats 2 rh Tue Mar 10 01:54:54 CET 2026
#@# Parcellation Stats 3 rh Tue Mar 10 01:55:07 CET 2026
#@# BA_exvivo Labels rh Tue Mar 10 01:55:19 CET 2026
recon-all -s sub-v1s3x0050774_ses-1 finished without error at Tue Mar 10 01:58:24 CET 2026
