status file for recon-all
Tue Mar 10 00:42:10 CET 2026
#@# Tessellate lh Tue Mar 10 00:42:10 CET 2026
#@# Smooth1 lh Tue Mar 10 00:42:14 CET 2026
#@# Inflation1 lh Tue Mar 10 00:42:17 CET 2026
#@# QSphere lh Tue Mar 10 00:42:32 CET 2026
#@# Fix Topology lh Tue Mar 10 00:43:50 CET 2026
#@# Smooth2 lh Tue Mar 10 00:51:12 CET 2026
#@# Inflation2 lh Tue Mar 10 00:51:16 CET 2026
#@# Curv .H and .K lh Tue Mar 10 00:51:33 CET 2026
#@# Sphere lh Tue Mar 10 00:52:27 CET 2026
#@# Surf Reg lh Tue Mar 10 00:56:39 CET 2026
#@# Jacobian white lh Tue Mar 10 01:01:53 CET 2026
#@# AvgCurv lh Tue Mar 10 01:01:54 CET 2026
#@# Cortical Parc lh Tue Mar 10 01:01:55 CET 2026
#@# white curv lh Tue Mar 10 01:10:09 CET 2026
#@# white area lh Tue Mar 10 01:10:11 CET 2026
#@# pial curv lh Tue Mar 10 01:10:12 CET 2026
#@# pial area lh Tue Mar 10 01:10:14 CET 2026
#@# thickness lh Tue Mar 10 01:10:15 CET 2026
#@# area and vertex vol lh Tue Mar 10 01:10:50 CET 2026
#@# Curvature Stats lh Tue Mar 10 01:10:52 CET 2026
#@# Cortical Parc 2 lh Tue Mar 10 01:10:55 CET 2026
#@# Cortical Parc 3 lh Tue Mar 10 01:11:11 CET 2026
#@# WM/GM Contrast lh Tue Mar 10 01:11:22 CET 2026
recon-all -s sub-v1s3x0050774_ses-1 finished without error at Tue Mar 10 01:11:26 CET 2026



#New# invocation of recon-all 



status file for recon-all
Tue Mar 10 01:50:38 CET 2026
#@# white curv lh Tue Mar 10 01:50:38 CET 2026
#@# white area lh Tue Mar 10 01:50:38 CET 2026
#@# pial curv lh Tue Mar 10 01:50:38 CET 2026
#@# pial area lh Tue Mar 10 01:50:38 CET 2026
#@# thickness lh Tue Mar 10 01:50:38 CET 2026
#@# area and vertex vol lh Tue Mar 10 01:50:38 CET 2026
#@# Parcellation Stats lh Tue Mar 10 01:50:38 CET 2026
#@# Parcellation Stats 2 lh Tue Mar 10 01:51:02 CET 2026
#@# Parcellation Stats 3 lh Tue Mar 10 01:51:14 CET 2026
#@# BA_exvivo Labels lh Tue Mar 10 01:51:26 CET 2026
recon-all -s sub-v1s3x0050774_ses-1 finished without error at Tue Mar 10 01:54:28 CET 2026
