/out/sourcedata/freesurfer/sub-v1s3x0050791_ses-1/mri
/opt/freesurfer/bin/talairach_avi
--i orig_nu.mgz --xfm transforms/talairach.auto.xfm
talairach_avi 7.3.2
Linux dna014 5.14.0-427.37.1.el9_4.x86_64 #1 SMP PREEMPT_DYNAMIC Fri Sep 13 12:41:50 EDT 2024 x86_64 x86_64 x86_64 GNU/Linux
Tue Mar 10 00:15:14 CET 2026
mri_convert orig_nu.mgz talsrcimg.img 
reading from orig_nu.mgz...
TR=0.00, TE=0.00, TI=0.00, flip angle=0.00
i_ras = (-1, 0, 0)
j_ras = (0, 0, -1)
k_ras = (0, 1, 0)
writing to talsrcimg.img...
Analyze Output Matrix
-1.00000   0.00000   0.00000   128.62280;
 0.00000   0.00000   1.00000  -148.47125;
 0.00000  -1.00000   0.00000   133.73672;
 0.00000   0.00000   0.00000   1.00000;
--------------------
INFO: set hdr.hist.orient to -1
mpr2mni305 talsrcimg
Tue Mar 10 00:15:14 CET 2026
/opt/freesurfer/bin/mpr2mni305 talsrcimg
mpr2mni305 7.3.2
target=711-2C_as_mni_average_305

---------------------------------------------------------------------
analyzeto4dfp talsrcimg -O0 -y
---------------------------------------------------------------------

freesurfer ifh2hdr.c
Tue Mar 10 00:15:14 2026
Writing: talsrcimg.4dfp.hdr
freesurfer analyzeto4dfp.c
Reading: talsrcimg.hdr
header size 348 bytes
hdr.dime.datatype	offset=70	value=2
hdr.dime.bitpix		offset=72	value=8
hdr.hist.orient		offset=252	value=-1
dimensionality     4
dimensions       256       256       256         1
Reading: talsrcimg.img
Writing: talsrcimg.4dfp.img
Writing: talsrcimg.4dfp.ifh
ifh2hdr talsrcimg -r0to241
ori=2

---------------------------------------------------------------------
gauss_4dfp talsrcimg 1.1
---------------------------------------------------------------------

freesurfer gauss_4dfp.c
Reading: talsrcimg.4dfp.img
Writing: talsrcimg_g11.4dfp.img
image dimensions 256 256 256 padded to 288 288 288
processing volume 1freesurfer ifh2hdr.c
Tue Mar 10 00:15:16 2026
Writing: talsrcimg_g11.4dfp.hdr

Writing: talsrcimg_g11.4dfp.ifh
including: talsrcimg.4dfp.img.rec in talsrcimg_g11.4dfp.img.rec

---------------------------------------------------------------------
imgreg_4dfp /opt/freesurfer/average/711-2C_as_mni_average_305 none talsrcimg_g11 none talsrcimg_to_711-2C_as_mni_average_305_t4 4355
---------------------------------------------------------------------

freesurfer imgreg_4dfp.c
/opt/freesurfer/average/711-2C_as_mni_average_305.4dfp.img
       256       256       256         1
  1.000000  1.000000  1.000000
orientation T byte_order littleendian
Reading image: /opt/freesurfer/average/711-2C_as_mni_average_305.4dfp.img
dimensions:      256       256       256
mmppix:       1.0000   -1.0000   -1.0000
center:     128.0000 -129.0000 -129.0000
talsrcimg_g11.4dfp.img
       256       256       256         1
  1.000000  1.000000  1.000000
orientation T byte_order littleendian
Reading image: talsrcimg_g11.4dfp.img
dimensions:      256       256       256
mmppix:       1.0000   -1.0000   -1.0000
center:     128.0000 -129.0000 -129.0000
t4_read: open error in t4_sub.f l:  41 t4_file(1:l)talsrcimg_to_711-2C_as_mni_average_305_t4 
t4_read: transform initialized to I4
rotation matrix determinant  1.000000
image alignment mode   4355 decimal     1103 hex
   -7.5000  -45.0000  -45.0000 7469.9346   20.4572
    0.0000  -45.0000  -45.0000 7867.2505   20.4278
    7.5000  -45.0000  -45.0000 7566.8960   20.3950
   -7.5000  -37.5000  -45.0000 7934.0508   20.4451
    0.0000  -37.5000  -45.0000 8368.0674   20.4064
    7.5000  -37.5000  -45.0000 8046.9346   20.3639
   -7.5000  -30.0000  -45.0000 8615.0225   20.4200
    0.0000  -30.0000  -45.0000 9100.5742   20.3739
    7.5000  -30.0000  -45.0000 8731.0127   20.3260
   -7.5000  -22.5000  -45.0000 9260.2119   20.4017
    0.0000  -22.5000  -45.0000 9801.7734   20.3627
    7.5000  -22.5000  -45.0000 9393.7021   20.3219
   -7.5000  -15.0000  -45.0000 9859.8604   20.4057
    0.0000  -15.0000  -45.000010442.0244   20.3787
    7.5000  -15.0000  -45.000010006.4082   20.3473
   -7.5000   -7.5000  -45.000010425.2256   20.4359
    0.0000   -7.5000  -45.000011004.8916   20.4111
    7.5000   -7.5000  -45.000010583.2139   20.3823
   -7.5000    0.0000  -45.000010928.0352   20.4569
    0.0000    0.0000  -45.000011518.0049   20.4275
    7.5000    0.0000  -45.000011093.2949   20.3948
   -7.5000    7.5000  -45.000010599.8066   20.4451
    0.0000    7.5000  -45.000011171.5762   20.4064
    7.5000    7.5000  -45.000010746.3369   20.3638
   -7.5000   15.0000  -45.000010005.8125   20.4200
    0.0000   15.0000  -45.000010565.4111   20.3739
    7.5000   15.0000  -45.000010166.1484   20.3260
   -7.5000   22.5000  -45.0000 9298.9736   20.3989
    0.0000   22.5000  -45.0000 9778.0684   20.3599
    7.5000   22.5000  -45.0000 9406.3545   20.3191
   -7.5000   30.0000  -45.0000 8527.5654   20.1338
    0.0000   30.0000  -45.0000 8932.1855   20.1071
    7.5000   30.0000  -45.0000 8577.4180   20.0762
   -7.5000   37.5000  -45.0000 8090.8252   20.1636
    0.0000   37.5000  -45.0000 8495.8574   20.1391
    7.5000   37.5000  -45.0000 8150.5122   20.1107
   -7.5000   45.0000  -45.0000 7407.6035   19.6718
    0.0000   45.0000  -45.0000 7788.6592   19.6435
    7.5000   45.0000  -45.0000 7440.3149   19.6120
   -7.5000  -45.0000  -37.5000 8085.0767   20.3140
    0.0000  -45.0000  -37.5000 8505.8838   20.2968
    7.5000  -45.0000  -37.5000 8190.3481   20.2554
   -7.5000  -37.5000  -37.5000 8604.8652   20.2988
    0.0000  -37.5000  -37.5000 9041.3770   20.2736
    7.5000  -37.5000  -37.5000 8687.3711   20.2227
   -7.5000  -30.0000  -37.5000 9309.7139   20.2640
    0.0000  -30.0000  -37.5000 9817.4316   20.2324
    7.5000  -30.0000  -37.5000 9409.8809   20.1809
   -7.5000  -22.5000  -37.5000 9979.8037   20.2405
    0.0000  -22.5000  -37.500010567.2490   20.2150
    7.5000  -22.5000  -37.500010109.4092   20.1744
   -7.5000  -15.0000  -37.500010584.0781   20.2494
    0.0000  -15.0000  -37.500011209.6885   20.2327
    7.5000  -15.0000  -37.500010724.5039   20.2016
   -7.5000   -7.5000  -37.500011196.2090   20.2877
    0.0000   -7.5000  -37.500011797.2520   20.2730
    7.5000   -7.5000  -37.500011304.5518   20.2406
   -7.5000    0.0000  -37.500011711.6826   20.3137
    0.0000    0.0000  -37.500012311.7021   20.2965
    7.5000    0.0000  -37.500011817.6338   20.2551
   -7.5000    7.5000  -37.500011298.8115   20.2988
    0.0000    7.5000  -37.500011931.1182   20.2736
    7.5000    7.5000  -37.500011435.8926   20.2226
   -7.5000   15.0000  -37.500010697.5518   20.2640
    0.0000   15.0000  -37.500011337.3281   20.2324
    7.5000   15.0000  -37.500010838.8682   20.1809
   -7.5000   22.5000  -37.5000 9884.4746   20.2377
    0.0000   22.5000  -37.500010458.9912   20.2122
    7.5000   22.5000  -37.500010022.9658   20.1716
   -7.5000   30.0000  -37.5000 9043.4834   19.9796
    0.0000   30.0000  -37.5000 9517.9092   19.9630
    7.5000   30.0000  -37.5000 9120.1807   19.9324
   -7.5000   37.5000  -37.5000 8534.7910   20.0173
    0.0000   37.5000  -37.5000 8989.7471   20.0028
    7.5000   37.5000  -37.5000 8613.1240   19.9708
   -7.5000   45.0000  -37.5000 7805.8438   19.5341
    0.0000   45.0000  -37.5000 8190.3223   19.5175
    7.5000   45.0000  -37.5000 7837.9077   19.4777
   -7.5000  -45.0000  -30.0000 8869.1191   21.0867
    0.0000  -45.0000  -30.0000 9340.5449   21.0748
    7.5000  -45.0000  -30.0000 8967.1709   21.0281
   -7.5000  -37.5000  -30.0000 9429.9580   21.0675
    0.0000  -37.5000  -30.0000 9917.5195   21.0436
    7.5000  -37.5000  -30.0000 9489.8018   20.9908
   -7.5000  -30.0000  -30.000010217.1895   21.0292
    0.0000  -30.0000  -30.000010747.7471   20.9971
    7.5000  -30.0000  -30.000010261.0205   20.9483
   -7.5000  -22.5000  -30.000010944.7363   21.0097
    0.0000  -22.5000  -30.000011546.4414   20.9839
    7.5000  -22.5000  -30.000011011.7383   20.9461
   -7.5000  -15.0000  -30.000011562.9170   21.0254
    0.0000  -15.0000  -30.000012219.0371   21.0108
    7.5000  -15.0000  -30.000011642.9307   20.9804
   -7.5000   -7.5000  -30.000012195.9961   21.0639
    0.0000   -7.5000  -30.000012833.4512   21.0549
    7.5000   -7.5000  -30.000012264.4014   21.0196
   -7.5000    0.0000  -30.000012689.7441   21.0864
    0.0000    0.0000  -30.000013359.8887   21.0745
    7.5000    0.0000  -30.000012794.0898   21.0278
   -7.5000    7.5000  -30.000012260.1826   21.0675
    0.0000    7.5000  -30.000012958.4971   21.0436
    7.5000    7.5000  -30.000012381.9834   20.9907
   -7.5000   15.0000  -30.000011607.8496   21.0292
    0.0000   15.0000  -30.000012277.3691   20.9971
    7.5000   15.0000  -30.000011723.8232   20.9483
   -7.5000   22.5000  -30.000010715.5205   21.0047
    0.0000   22.5000  -30.000011324.4385   20.9789
    7.5000   22.5000  -30.000010835.4121   20.9411
   -7.5000   30.0000  -30.0000 9730.8672   20.7472
    0.0000   30.0000  -30.000010243.6016   20.7328
    7.5000   30.0000  -30.0000 9840.3701   20.7028
   -7.5000   37.5000  -30.0000 9169.7324   20.7852
    0.0000   37.5000  -30.0000 9662.5654   20.7763
    7.5000   37.5000  -30.0000 9257.9326   20.7415
   -7.5000   45.0000  -30.0000 8326.5605   20.2920
    0.0000   45.0000  -30.0000 8772.1064   20.2806
    7.5000   45.0000  -30.0000 8401.1436   20.2356
   -7.5000  -45.0000  -22.5000 9704.1406   21.7473
    0.0000  -45.0000  -22.500010197.9355   21.7296
    7.5000  -45.0000  -22.5000 9759.7666   21.6903
   -7.5000  -37.5000  -22.500010262.5488   21.7278
    0.0000  -37.5000  -22.500010790.2959   21.6923
    7.5000  -37.5000  -22.500010310.4805   21.6498
   -7.5000  -30.0000  -22.500011087.2119   21.6961
    0.0000  -30.0000  -22.500011664.7100   21.6499
    7.5000  -30.0000  -22.500011106.7725   21.6107
   -7.5000  -22.5000  -22.500011839.2344   21.6849
    0.0000  -22.5000  -22.500012509.6953   21.6476
    7.5000  -22.5000  -22.500011915.4561   21.6155
   -7.5000  -15.0000  -22.500012549.4170   21.7027
    0.0000  -15.0000  -22.500013240.0332   21.6829
    7.5000  -15.0000  -22.500012601.4404   21.6559
   -7.5000   -7.5000  -22.500013224.0146   21.7331
    0.0000   -7.5000  -22.500013915.2285   21.7222
    7.5000   -7.5000  -22.500013260.1846   21.6914
   -7.5000    0.0000  -22.500013747.7686   21.7470
    0.0000    0.0000  -22.500014488.0811   21.7294
    7.5000    0.0000  -22.500013818.6279   21.6900
   -7.5000    7.5000  -22.500013258.2783   21.7278
    0.0000    7.5000  -22.500013997.3994   21.6923
    7.5000    7.5000  -22.500013332.3164   21.6497
   -7.5000   15.0000  -22.500012507.3809   21.6961
    0.0000   15.0000  -22.500013202.6465   21.6499
    7.5000   15.0000  -22.500012612.2002   21.6107
   -7.5000   22.5000  -22.500011538.6680   21.6782
    0.0000   22.5000  -22.500012164.2080   21.6410
    7.5000   22.5000  -22.500011614.4746   21.6088
   -7.5000   30.0000  -22.500010476.2959   21.4188
    0.0000   30.0000  -22.500011011.0713   21.3993
    7.5000   30.0000  -22.500010547.0938   21.3726
   -7.5000   37.5000  -22.5000 9845.4346   21.4489
    0.0000   37.5000  -22.500010334.6367   21.4381
    7.5000   37.5000  -22.5000 9898.1152   21.4076
   -7.5000   45.0000  -22.5000 8903.1367   20.9435
    0.0000   45.0000  -22.5000 9361.9971   20.9265
    7.5000   45.0000  -22.5000 8954.0342   20.8886
   -7.5000  -45.0000  -15.000010520.5771   22.2609
    0.0000  -45.0000  -15.000010996.2578   22.2308
    7.5000  -45.0000  -15.000010500.4141   22.2008
   -7.5000  -37.5000  -15.000011113.1719   22.2436
    0.0000  -37.5000  -15.000011626.1035   22.1936
    7.5000  -37.5000  -15.000011073.1328   22.1601
   -7.5000  -30.0000  -15.000011952.9629   22.2196
    0.0000  -30.0000  -15.000012565.4141   22.1578
    7.5000  -30.0000  -15.000011958.8779   22.1226
   -7.5000  -22.5000  -15.000012760.8281   22.2119
    0.0000  -22.5000  -15.000013474.5859   22.1611
    7.5000  -22.5000  -15.000012833.5801   22.1294
   -7.5000  -15.0000  -15.000013552.0957   22.2254
    0.0000  -15.0000  -15.000014322.6797   22.1963
    7.5000  -15.0000  -15.000013579.4883   22.1700
   -7.5000   -7.5000  -15.000014287.5898   22.2500
    0.0000   -7.5000  -15.000015055.3037   22.2301
    7.5000   -7.5000  -15.000014266.9639   22.2036
   -7.5000    0.0000  -15.000014825.1426   22.2606
    0.0000    0.0000  -15.000015648.8184   22.2306
    7.5000    0.0000  -15.000014828.4258   22.2006
   -7.5000    7.5000  -15.000014204.0615   22.2436
    0.0000    7.5000  -15.000015006.0146   22.1936
    7.5000    7.5000  -15.000014241.6113   22.1600
   -7.5000   15.0000  -15.000013359.6494   22.2196
    0.0000   15.0000  -15.000014135.4707   22.1578
    7.5000   15.0000  -15.000013436.9346   22.1226
   -7.5000   22.5000  -15.000012344.5879   22.2041
    0.0000   22.5000  -15.000012989.1904   22.1533
    7.5000   22.5000  -15.000012365.7920   22.1216
   -7.5000   30.0000  -15.000011199.9570   21.9377
    0.0000   30.0000  -15.000011752.1289   21.9090
    7.5000   30.0000  -15.000011211.2949   21.8830
   -7.5000   37.5000  -15.000010515.0615   21.9621
    0.0000   37.5000  -15.000011015.4443   21.9424
    7.5000   37.5000  -15.000010502.7939   21.9162
   -7.5000   45.0000  -15.0000 9487.5781   21.4510
    0.0000   45.0000  -15.0000 9935.7949   21.4221
    7.5000   45.0000  -15.0000 9466.5410   21.3932
   -7.5000  -45.0000   -7.500011299.5352   22.5867
    0.0000  -45.0000   -7.500011822.5771   22.5480
    7.5000  -45.0000   -7.500011312.7041   22.5188
   -7.5000  -37.5000   -7.500011943.0186   22.5719
    0.0000  -37.5000   -7.500012507.4805   22.5178
    7.5000  -37.5000   -7.500011933.4473   22.4813
   -7.5000  -30.0000   -7.500012880.6445   22.5499
    0.0000  -30.0000   -7.500013549.7305   22.4856
    7.5000  -30.0000   -7.500012923.0693   22.4429
   -7.5000  -22.5000   -7.500013713.0967   22.5388
    0.0000  -22.5000   -7.500014490.6172   22.4842
    7.5000  -22.5000   -7.500013820.1631   22.4456
   -7.5000  -15.0000   -7.500014541.6738   22.5461
    0.0000  -15.0000   -7.500015355.4062   22.5101
    7.5000  -15.0000   -7.500014583.4766   22.4795
   -7.5000   -7.5000   -7.500015350.6104   22.5719
    0.0000   -7.5000   -7.500016178.2803   22.5415
    7.5000   -7.5000   -7.500015285.9414   22.5139
   -7.5000    0.0000   -7.500015963.6914   22.5864
    0.0000    0.0000   -7.500016842.7832   22.5477
    7.5000    0.0000   -7.500015905.5156   22.5185
   -7.5000    7.5000   -7.500015234.6816   22.5719
    0.0000    7.5000   -7.500016082.7129   22.5177
    7.5000    7.5000   -7.500015198.1562   22.4813
   -7.5000   15.0000   -7.500014362.9561   22.5499
    0.0000   15.0000   -7.500015151.5234   22.4856
    7.5000   15.0000   -7.500014319.9365   22.4429
   -7.5000   22.5000   -7.500013272.9766   22.5283
    0.0000   22.5000   -7.500013936.8740   22.4738
    7.5000   22.5000   -7.500013203.0859   22.4352
   -7.5000   30.0000   -7.500011990.9893   22.2537
    0.0000   30.0000   -7.500012554.1836   22.2182
    7.5000   30.0000   -7.500011952.6963   22.1880
   -7.5000   37.5000   -7.500011240.9502   22.2792
    0.0000   37.5000   -7.500011753.8271   22.2492
    7.5000   37.5000   -7.500011180.0361   22.2220
   -7.5000   45.0000   -7.500010098.1602   21.7691
    0.0000   45.0000   -7.500010554.9424   21.7318
    7.5000   45.0000   -7.500010055.8232   21.7036
   -7.5000  -45.0000    0.000012051.7705   22.6986
    0.0000  -45.0000    0.000012607.7627   22.6656
    7.5000  -45.0000    0.000012102.3730   22.6302
   -7.5000  -37.5000    0.000012719.8057   22.6843
    0.0000  -37.5000    0.000013321.8340   22.6417
    7.5000  -37.5000    0.000012758.1406   22.5952
   -7.5000  -30.0000    0.000013723.0771   22.6559
    0.0000  -30.0000    0.000014412.3145   22.6056
    7.5000  -30.0000    0.000013804.7832   22.5531
   -7.5000  -22.5000    0.000014605.4473   22.6359
    0.0000  -22.5000    0.000015402.8887   22.5934
    7.5000  -22.5000    0.000014743.3633   22.5489
   -7.5000  -15.0000    0.000015462.6006   22.6414
    0.0000  -15.0000    0.000016299.5254   22.6115
    7.5000  -15.0000    0.000015527.9248   22.5777
   -7.5000   -7.5000    0.000016339.5801   22.6754
    0.0000   -7.5000    0.000017145.1172   22.6474
    7.5000   -7.5000    0.000016226.9160   22.6164
   -7.5000    0.0000    0.000016980.3789   22.6983
    0.0000    0.0000    0.000017825.4453   22.6653
    7.5000    0.0000    0.000016849.0566   22.6299
   -7.5000    7.5000    0.000016160.0479   22.6843
    0.0000    7.5000    0.000016956.5469   22.6416
    7.5000    7.5000    0.000016044.3887   22.5952
   -7.5000   15.0000    0.000015180.3457   22.6559
    0.0000   15.0000    0.000015944.1855   22.6056
    7.5000   15.0000    0.000015088.8027   22.5531
   -7.5000   22.5000    0.000014020.2666   22.6255
    0.0000   22.5000    0.000014741.4854   22.5830
    7.5000   22.5000    0.000013924.8096   22.5385
   -7.5000   30.0000    0.000012654.7734   22.3484
    0.0000   30.0000    0.000013285.1387   22.3188
    7.5000   30.0000    0.000012621.4092   22.2855
   -7.5000   37.5000    0.000011885.8857   22.3819
    0.0000   37.5000    0.000012443.0117   22.3543
    7.5000   37.5000    0.000011837.6816   22.3237
   -7.5000   45.0000    0.000010649.0781   21.8786
    0.0000   45.0000    0.000011133.8584   21.8467
    7.5000   45.0000    0.000010613.7578   21.8126
   -7.5000  -45.0000    7.500011883.7549   22.7008
    0.0000  -45.0000    7.500012437.0039   22.6818
    7.5000  -45.0000    7.500011983.0537   22.6357
   -7.5000  -37.5000    7.500012488.7744   22.6836
    0.0000  -37.5000    7.500013061.8584   22.6557
    7.5000  -37.5000    7.500012584.7451   22.5990
   -7.5000  -30.0000    7.500013508.9805   22.6447
    0.0000  -30.0000    7.500014116.1035   22.6096
    7.5000  -30.0000    7.500013621.1934   22.5524
   -7.5000  -22.5000    7.500014461.1152   22.6187
    0.0000  -22.5000    7.500015164.5000   22.5904
    7.5000  -22.5000    7.500014613.0381   22.5452
   -7.5000  -15.0000    7.500015286.4971   22.6289
    0.0000  -15.0000    7.500016085.2695   22.6103
    7.5000  -15.0000    7.500015400.4893   22.5759
   -7.5000   -7.5000    7.500016124.7217   22.6717
    0.0000   -7.5000    7.500016842.8613   22.6554
    7.5000   -7.5000    7.500016044.1289   22.6194
   -7.5000    0.0000    7.500016688.3438   22.7005
    0.0000    0.0000    7.500017411.6895   22.6814
    7.5000    0.0000    7.500016549.7070   22.6354
   -7.5000    7.5000    7.500015837.3613   22.6836
    0.0000    7.5000    7.500016498.0312   22.6557
    7.5000    7.5000    7.500015705.1895   22.5989
   -7.5000   15.0000    7.500014803.2881   22.6447
    0.0000   15.0000    7.500015457.1592   22.6096
    7.5000   15.0000    7.500014708.4316   22.5524
   -7.5000   22.5000    7.500013652.8955   22.6083
    0.0000   22.5000    7.500014296.4844   22.5800
    7.5000   22.5000    7.500013547.1992   22.5348
   -7.5000   30.0000    7.500012373.1348   22.3360
    0.0000   30.0000    7.500012982.9092   22.3177
    7.5000   30.0000    7.500012321.5908   22.2837
   -7.5000   37.5000    7.500011629.1543   22.3783
    0.0000   37.5000    7.500012198.0615   22.3622
    7.5000   37.5000    7.500011593.0352   22.3266
   -7.5000   45.0000    7.500010401.6006   21.8807
    0.0000   45.0000    7.500010907.5303   21.8623
    7.5000   45.0000    7.500010391.4033   21.8179
   -7.5000  -45.0000   15.000011510.9795   22.6436
    0.0000  -45.0000   15.000012024.9775   22.6309
    7.5000  -45.0000   15.000011634.6113   22.5807
   -7.5000  -37.5000   15.000012057.2178   22.6230
    0.0000  -37.5000   15.000012602.4609   22.5974
    7.5000  -37.5000   15.000012204.7832   22.5406
   -7.5000  -30.0000   15.000013044.9346   22.5819
    0.0000  -30.0000   15.000013585.4961   22.5475
    7.5000  -30.0000   15.000013201.5654   22.4951
   -7.5000  -22.5000   15.000014018.0869   22.5610
    0.0000  -22.5000   15.000014726.8184   22.5333
    7.5000  -22.5000   15.000014203.6621   22.4927
   -7.5000  -15.0000   15.000014904.6934   22.5778
    0.0000  -15.0000   15.000015673.4531   22.5622
    7.5000  -15.0000   15.000015037.7598   22.5295
   -7.5000   -7.5000   15.000015672.2314   22.6192
    0.0000   -7.5000   15.000016332.6445   22.6095
    7.5000   -7.5000   15.000015657.2480   22.5716
   -7.5000    0.0000   15.000016178.8984   22.6433
    0.0000    0.0000   15.000016822.4512   22.6306
    7.5000    0.0000   15.000016067.2568   22.5804
   -7.5000    7.5000   15.000015312.8887   22.6230
    0.0000    7.5000   15.000015931.4590   22.5974
    7.5000    7.5000   15.000015212.1396   22.5406
   -7.5000   15.0000   15.000014255.9375   22.5819
    0.0000   15.0000   15.000014885.2402   22.5475
    7.5000   15.0000   15.000014223.8223   22.4951
   -7.5000   22.5000   15.000013161.2217   22.5506
    0.0000   22.5000   15.000013740.0420   22.5229
    7.5000   22.5000   15.000013099.7051   22.4823
   -7.5000   30.0000   15.000011981.8477   22.2856
    0.0000   30.0000   15.000012498.2412   22.2702
    7.5000   30.0000   15.000011906.5820   22.2380
   -7.5000   37.5000   15.000011282.6006   22.3264
    0.0000   37.5000   15.000011767.7031   22.3169
    7.5000   37.5000   15.000011226.5273   22.2795
   -7.5000   45.0000   15.000010088.4785   21.8256
    0.0000   45.0000   15.000010542.8975   21.8133
    7.5000   45.0000   15.000010056.4756   21.7649
   -7.5000  -45.0000   22.500011027.9600   22.5754
    0.0000  -45.0000   22.500011508.6445   22.5571
    7.5000  -45.0000   22.500011130.5938   22.5163
   -7.5000  -37.5000   22.500011506.6924   22.5552
    0.0000  -37.5000   22.500012040.9297   22.5183
    7.5000  -37.5000   22.500011694.0947   22.4742
   -7.5000  -30.0000   22.500012426.7705   22.5223
    0.0000  -30.0000   22.500013005.7549   22.4743
    7.5000  -30.0000   22.500012663.3848   22.4336
   -7.5000  -22.5000   22.500013376.6113   22.5107
    0.0000  -22.5000   22.500014054.5537   22.4720
    7.5000  -22.5000   22.500013604.7480   22.4386
   -7.5000  -15.0000   22.500014211.9834   22.5291
    0.0000  -15.0000   22.500014942.2148   22.5086
    7.5000  -15.0000   22.500014452.4990   22.4805
   -7.5000   -7.5000   22.500014997.6621   22.5607
    0.0000   -7.5000   22.500015753.8994   22.5494
    7.5000   -7.5000   22.500015171.1074   22.5174
   -7.5000    0.0000   22.500015599.6318   22.5751
    0.0000    0.0000   22.500016338.4375   22.5568
    7.5000    0.0000   22.500015664.7744   22.5160
   -7.5000    7.5000   22.500014725.4238   22.5551
    0.0000    7.5000   22.500015415.7432   22.5183
    7.5000    7.5000   22.500014777.8584   22.4742
   -7.5000   15.0000   22.500013716.7236   22.5223
    0.0000   15.0000   22.500014334.4893   22.4743
    7.5000   15.0000   22.500013763.8008   22.4336
   -7.5000   22.5000   22.500012611.9414   22.5003
    0.0000   22.5000   22.500013161.5684   22.4616
    7.5000   22.5000   22.500012620.2451   22.4282
   -7.5000   30.0000   22.500011482.7344   22.2375
    0.0000   30.0000   22.500011972.3193   22.2173
    7.5000   30.0000   22.500011470.0625   22.1896
   -7.5000   37.5000   22.500010789.9766   22.2688
    0.0000   37.5000   22.500011256.4912   22.2576
    7.5000   37.5000   22.500010796.0488   22.2260
   -7.5000   45.0000   22.5000 9659.8730   21.7598
    0.0000   45.0000   22.500010083.1055   21.7422
    7.5000   45.0000   22.5000 9645.4551   21.7028
   -7.5000  -45.0000   30.000010358.6709   22.5663
    0.0000  -45.0000   30.000010864.6191   22.5359
    7.5000  -45.0000   30.000010485.1221   22.5055
   -7.5000  -37.5000   30.000010851.6885   22.5489
    0.0000  -37.5000   30.000011365.1084   22.4982
    7.5000  -37.5000   30.000011036.8887   22.4642
   -7.5000  -30.0000   30.000011743.0645   22.5246
    0.0000  -30.0000   30.000012308.6338   22.4619
    7.5000  -30.0000   30.000011957.3682   22.4262
   -7.5000  -22.5000   30.000012620.4502   22.5168
    0.0000  -22.5000   30.000013280.4229   22.4652
    7.5000  -22.5000   30.000012836.1543   22.4331
   -7.5000  -15.0000   30.000013386.1611   22.5304
    0.0000  -15.0000   30.000014099.1299   22.5009
    7.5000  -15.0000   30.000013623.0713   22.4742
   -7.5000   -7.5000   30.000014197.2109   22.5554
    0.0000   -7.5000   30.000014918.5078   22.5351
    7.5000   -7.5000   30.000014361.6045   22.5083
   -7.5000    0.0000   30.000014833.7520   22.5661
    0.0000    0.0000   30.000015566.0996   22.5356
    7.5000    0.0000   30.000014938.0283   22.5052
   -7.5000    7.5000   30.000014007.1982   22.5489
    0.0000    7.5000   30.000014693.3203   22.4981
    7.5000    7.5000   30.000014090.8154   22.4641
   -7.5000   15.0000   30.000013015.8809   22.5246
    0.0000   15.0000   30.000013609.0488   22.4619
    7.5000   15.0000   30.000013070.7080   22.4262
   -7.5000   22.5000   30.000011934.2881   22.5064
    0.0000   22.5000   30.000012461.0322   22.4549
    7.5000   22.5000   30.000011936.4238   22.4228
   -7.5000   30.0000   30.000010830.1816   22.2388
    0.0000   30.0000   30.000011301.0693   22.2097
    7.5000   30.0000   30.000010816.2012   22.1834
   -7.5000   37.5000   30.000010129.4482   22.2635
    0.0000   37.5000   30.000010588.8564   22.2435
    7.5000   37.5000   30.000010151.3271   22.2170
   -7.5000   45.0000   30.0000 9020.7422   21.7511
    0.0000   45.0000   30.0000 9430.7822   21.7218
    7.5000   45.0000   30.0000 9074.8906   21.6925
   -7.5000  -45.0000   37.500010090.8604   22.6351
    0.0000  -45.0000   37.500010589.9854   22.5963
    7.5000  -45.0000   37.500010188.4570   22.5670
   -7.5000  -37.5000   37.500010618.1328   22.6202
    0.0000  -37.5000   37.500011124.9980   22.5659
    7.5000  -37.5000   37.500010730.2627   22.5294
   -7.5000  -30.0000   37.500011516.1543   22.5981
    0.0000  -30.0000   37.500012076.8428   22.5336
    7.5000  -30.0000   37.500011661.0430   22.4908
   -7.5000  -22.5000   37.500012342.3867   22.5869
    0.0000  -22.5000   37.500012943.7637   22.5322
    7.5000  -22.5000   37.500012491.4258   22.4935
   -7.5000  -15.0000   37.500013027.0605   22.5943
    0.0000  -15.0000   37.500013647.5811   22.5582
    7.5000  -15.0000   37.500013199.6094   22.5275
   -7.5000   -7.5000   37.500013762.1826   22.6202
    0.0000   -7.5000   37.500014427.7910   22.5898
    7.5000   -7.5000   37.500013953.4346   22.5621
   -7.5000    0.0000   37.500014364.1924   22.6348
    0.0000    0.0000   37.500015084.7803   22.5960
    7.5000    0.0000   37.500014569.4287   22.5667
   -7.5000    7.5000   37.500013621.4033   22.6201
    0.0000    7.5000   37.500014265.0332   22.5659
    7.5000    7.5000   37.500013751.7725   22.5293
   -7.5000   15.0000   37.500012678.2412   22.5981
    0.0000   15.0000   37.500013250.0264   22.5336
    7.5000   15.0000   37.500012743.3174   22.4908
   -7.5000   22.5000   37.500011605.1992   22.5765
    0.0000   22.5000   37.500012111.7080   22.5218
    7.5000   22.5000   37.500011618.9902   22.4831
   -7.5000   30.0000   37.500010549.2852   22.3019
    0.0000   30.0000   37.500010976.6504   22.2663
    7.5000   30.0000   37.500010495.7861   22.2360
   -7.5000   37.5000   37.5000 9840.4082   22.3274
    0.0000   37.5000   37.500010254.9678   22.2974
    7.5000   37.5000   37.5000 9823.5713   22.2701
   -7.5000   45.0000   37.5000 8720.4922   21.8173
    0.0000   45.0000   37.5000 9112.4844   21.7800
    7.5000   45.0000   37.5000 8764.5693   21.7517
   -7.5000  -45.0000   45.0000 9363.2676   22.6008
    0.0000  -45.0000   45.0000 9849.0967   22.5674
    7.5000  -45.0000   45.0000 9425.3965   22.5319
   -7.5000  -37.5000   45.0000 9865.1934   22.5861
    0.0000  -37.5000   45.000010379.6943   22.5432
    7.5000  -37.5000   45.0000 9927.5703   22.4967
   -7.5000  -30.0000   45.000010647.8594   22.5578
    0.0000  -30.0000   45.000011209.1475   22.5073
    7.5000  -30.0000   45.000010751.4043   22.4546
   -7.5000  -22.5000   45.000011379.6426   22.5384
    0.0000  -22.5000   45.000011973.2949   22.4956
    7.5000  -22.5000   45.000011499.8223   22.4508
   -7.5000  -15.0000   45.000011974.3594   22.5444
    0.0000  -15.0000   45.000012581.6592   22.5140
    7.5000  -15.0000   45.000012127.0908   22.4799
   -7.5000   -7.5000   45.000012581.4062   22.5782
    0.0000   -7.5000   45.000013207.3184   22.5497
    7.5000   -7.5000   45.000012773.0000   22.5185
   -7.5000    0.0000   45.000013109.5264   22.6005
    0.0000    0.0000   45.000013781.3496   22.5671
    7.5000    0.0000   45.000013327.5078   22.5316
   -7.5000    7.5000   45.000012469.9492   22.5861
    0.0000    7.5000   45.000013095.0635   22.5432
    7.5000    7.5000   45.000012664.7490   22.4967
   -7.5000   15.0000   45.000011604.9990   22.5578
    0.0000   15.0000   45.000012166.8262   22.5073
    7.5000   15.0000   45.000011738.9229   22.4546
   -7.5000   22.5000   45.000010661.9395   22.5279
    0.0000   22.5000   45.000011143.6885   22.4852
    7.5000   22.5000   45.000010726.2520   22.4404
   -7.5000   30.0000   45.0000 9696.1660   22.2507
    0.0000   30.0000   45.000010093.9570   22.2207
    7.5000   30.0000   45.0000 9692.9004   22.1870
   -7.5000   37.5000   45.0000 9017.7441   22.2840
    0.0000   37.5000   45.0000 9411.3945   22.2559
    7.5000   37.5000   45.0000 9044.6221   22.2252
   -7.5000   45.0000   45.0000 7999.7686   21.7942
    0.0000   45.0000   45.0000 8366.1670   21.7620
    7.5000   45.0000   45.0000 8044.4336   21.7277

---------------------------------------------------------------------
imgreg_4dfp /opt/freesurfer/average/711-2C_as_mni_average_305 /opt/freesurfer/average/711-2B_as_mni_average_305_mask talsrcimg_g11 none talsrcimg_to_711-2C_as_mni_average_305_t4 4355
---------------------------------------------------------------------

freesurfer imgreg_4dfp.c
/opt/freesurfer/average/711-2C_as_mni_average_305.4dfp.img
       256       256       256         1
  1.000000  1.000000  1.000000
orientation T byte_order littleendian
Reading image: /opt/freesurfer/average/711-2C_as_mni_average_305.4dfp.img
dimensions:      256       256       256
mmppix:       1.0000   -1.0000   -1.0000
center:     128.0000 -129.0000 -129.0000
/opt/freesurfer/average/711-2B_as_mni_average_305_mask.4dfp.img
       256       256       256         1
  1.000000  1.000000  1.000000
orientation T byte_order littleendian
Reading mask: /opt/freesurfer/average/711-2B_as_mni_average_305_mask.4dfp.img (2306576 pixels)
talsrcimg_g11.4dfp.img
       256       256       256         1
  1.000000  1.000000  1.000000
orientation T byte_order littleendian
Reading image: talsrcimg_g11.4dfp.img
dimensions:      256       256       256
mmppix:       1.0000   -1.0000   -1.0000
center:     128.0000 -129.0000 -129.0000
rotation matrix determinant  1.000000
image alignment mode   4355 decimal     1103 hex
   -7.5000  -45.0000  -45.0000 1981.9526   24.9778
    0.0000  -45.0000  -45.0000 1996.8018   24.6809
    7.5000  -45.0000  -45.0000 2000.5239   24.7001
   -7.5000  -37.5000  -45.0000 2050.2944   23.2879
    0.0000  -37.5000  -45.0000 2067.3420   23.0224
    7.5000  -37.5000  -45.0000 2069.7988   23.0827
   -7.5000  -30.0000  -45.0000 2095.5200   22.0749
    0.0000  -30.0000  -45.0000 2119.9060   21.8041
    7.5000  -30.0000  -45.0000 2118.6060   21.8734
   -7.5000  -22.5000  -45.0000 2130.2642   21.3467
    0.0000  -22.5000  -45.0000 2157.6223   21.0315
    7.5000  -22.5000  -45.0000 2157.8679   21.1022
   -7.5000  -15.0000  -45.0000 2141.5491   21.1197
    0.0000  -15.0000  -45.0000 2168.7102   20.7596
    7.5000  -15.0000  -45.0000 2174.2722   20.8682
   -7.5000   -7.5000  -45.0000 2138.0317   21.3013
    0.0000   -7.5000  -45.0000 2173.2134   20.9124
    7.5000   -7.5000  -45.0000 2176.7124   20.9998
   -7.5000    0.0000  -45.0000 2119.0103   21.8668
    0.0000    0.0000  -45.0000 2156.7634   21.5034
    7.5000    0.0000  -45.0000 2157.9961   21.5823
   -7.5000    7.5000  -45.0000 2078.1421   22.8632
    0.0000    7.5000  -45.0000 2115.0085   22.4495
    7.5000    7.5000  -45.0000 2118.2078   22.4445
   -7.5000   15.0000  -45.0000 2015.4011   24.1601
    0.0000   15.0000  -45.0000 2053.6877   23.6575
    7.5000   15.0000  -45.0000 2058.2412   23.6788
   -7.5000   22.5000  -45.0000 1945.0183   25.8451
    0.0000   22.5000  -45.0000 1978.4817   25.3710
    7.5000   22.5000  -45.0000 1986.0024   25.3630
   -7.5000   30.0000  -45.0000 1859.4316   28.3545
    0.0000   30.0000  -45.0000 1887.9604   27.7347
    7.5000   30.0000  -45.0000 1890.0928   27.8911
   -7.5000   37.5000  -45.0000 1754.0172   31.8415
    0.0000   37.5000  -45.0000 1783.1656   31.2022
    7.5000   37.5000  -45.0000 1783.7896   31.3751
   -7.5000   45.0000  -45.0000 1645.2036   36.8343
    0.0000   45.0000  -45.0000 1667.2349   36.0153
    7.5000   45.0000  -45.0000 1667.6272   36.0490
   -7.5000  -45.0000  -37.5000 2089.3613   22.7349
    0.0000  -45.0000  -37.5000 2106.3079   22.5777
    7.5000  -45.0000  -37.5000 2109.4004   22.5690
   -7.5000  -37.5000  -37.5000 2169.1050   21.1940
    0.0000  -37.5000  -37.5000 2183.4211   21.0079
    7.5000  -37.5000  -37.5000 2182.3545   21.0268
   -7.5000  -30.0000  -37.5000 2209.3245   20.1181
    0.0000  -30.0000  -37.5000 2226.9670   19.9133
    7.5000  -30.0000  -37.5000 2226.9502   19.9828
   -7.5000  -22.5000  -37.5000 2234.7410   19.5263
    0.0000  -22.5000  -37.5000 2262.1182   19.2619
    7.5000  -22.5000  -37.5000 2259.2087   19.3576
   -7.5000  -15.0000  -37.5000 2242.2419   19.3191
    0.0000  -15.0000  -37.5000 2270.2969   19.0992
    7.5000  -15.0000  -37.5000 2268.0010   19.1736
   -7.5000   -7.5000  -37.5000 2239.4387   19.4602
    0.0000   -7.5000  -37.5000 2267.4065   19.1532
    7.5000   -7.5000  -37.5000 2271.9780   19.2300
   -7.5000    0.0000  -37.5000 2224.5166   19.9748
    0.0000    0.0000  -37.5000 2252.4268   19.6138
    7.5000    0.0000  -37.5000 2257.5559   19.6661
   -7.5000    7.5000  -37.5000 2177.0305   20.7954
    0.0000    7.5000  -37.5000 2213.5059   20.4353
    7.5000    7.5000  -37.5000 2222.0691   20.4292
   -7.5000   15.0000  -37.5000 2123.7146   21.9328
    0.0000   15.0000  -37.5000 2163.3513   21.5683
    7.5000   15.0000  -37.5000 2164.0605   21.5801
   -7.5000   22.5000  -37.5000 2045.8081   23.5212
    0.0000   22.5000  -37.5000 2081.4590   23.1349
    7.5000   22.5000  -37.5000 2084.3264   23.1221
   -7.5000   30.0000  -37.5000 1954.2875   25.7220
    0.0000   30.0000  -37.5000 1984.3335   25.2856
    7.5000   30.0000  -37.5000 1983.1384   25.3287
   -7.5000   37.5000  -37.5000 1835.0682   28.8433
    0.0000   37.5000  -37.5000 1867.6909   28.3464
    7.5000   37.5000  -37.5000 1864.0652   28.3994
   -7.5000   45.0000  -37.5000 1720.7102   33.2305
    0.0000   45.0000  -37.5000 1743.1077   32.6449
    7.5000   45.0000  -37.5000 1742.0929   32.6559
   -7.5000  -45.0000  -30.0000 2228.4856   21.5065
    0.0000  -45.0000  -30.0000 2252.1602   21.3687
    7.5000  -45.0000  -30.0000 2254.8472   21.3330
   -7.5000  -37.5000  -30.0000 2315.9341   19.9822
    0.0000  -37.5000  -30.0000 2335.9680   19.8553
    7.5000  -37.5000  -30.0000 2330.8784   19.8149
   -7.5000  -30.0000  -30.0000 2359.4722   18.9745
    0.0000  -30.0000  -30.0000 2384.5779   18.7974
    7.5000  -30.0000  -30.0000 2377.3774   18.8208
   -7.5000  -22.5000  -30.0000 2390.0168   18.4335
    0.0000  -22.5000  -30.0000 2418.6653   18.2149
    7.5000  -22.5000  -30.0000 2411.8108   18.3297
   -7.5000  -15.0000  -30.0000 2390.4861   18.2871
    0.0000  -15.0000  -30.0000 2421.6140   18.1351
    7.5000  -15.0000  -30.0000 2418.6465   18.1902
   -7.5000   -7.5000  -30.0000 2388.2302   18.4224
    0.0000   -7.5000  -30.0000 2416.5442   18.1812
    7.5000   -7.5000  -30.0000 2422.7200   18.2010
   -7.5000    0.0000  -30.0000 2368.0098   18.8464
    0.0000    0.0000  -30.0000 2401.8000   18.5205
    7.5000    0.0000  -30.0000 2408.3301   18.5556
   -7.5000    7.5000  -30.0000 2329.4167   19.5751
    0.0000    7.5000  -30.0000 2371.4092   19.2635
    7.5000    7.5000  -30.0000 2372.5083   19.3006
   -7.5000   15.0000  -30.0000 2269.3662   20.6569
    0.0000   15.0000  -30.0000 2308.4731   20.3402
    7.5000   15.0000  -30.0000 2312.0544   20.3537
   -7.5000   22.5000  -30.0000 2189.9683   22.1407
    0.0000   22.5000  -30.0000 2225.6772   21.7989
    7.5000   22.5000  -30.0000 2229.3281   21.8297
   -7.5000   30.0000  -30.0000 2086.8303   24.1878
    0.0000   30.0000  -30.0000 2118.9971   23.8486
    7.5000   30.0000  -30.0000 2117.0291   23.9451
   -7.5000   37.5000  -30.0000 1962.3330   27.0877
    0.0000   37.5000  -30.0000 1997.1261   26.7039
    7.5000   37.5000  -30.0000 1992.7740   26.7417
   -7.5000   45.0000  -30.0000 1828.3462   30.9685
    0.0000   45.0000  -30.0000 1861.8153   30.4951
    7.5000   45.0000  -30.0000 1858.3015   30.6407
   -7.5000  -45.0000  -22.5000 2350.4619   20.1886
    0.0000  -45.0000  -22.5000 2370.0952   20.0349
    7.5000  -45.0000  -22.5000 2364.4033   19.9891
   -7.5000  -37.5000  -22.5000 2428.6995   18.7275
    0.0000  -37.5000  -22.5000 2450.3379   18.5798
    7.5000  -37.5000  -22.5000 2443.4883   18.5517
   -7.5000  -30.0000  -22.5000 2476.2075   17.7160
    0.0000  -30.0000  -22.5000 2503.0532   17.5400
    7.5000  -30.0000  -22.5000 2493.8359   17.5604
   -7.5000  -22.5000  -22.5000 2513.8967   17.2393
    0.0000  -22.5000  -22.5000 2545.4756   17.0226
    7.5000  -22.5000  -22.5000 2536.5410   17.0727
   -7.5000  -15.0000  -22.5000 2528.9917   17.0887
    0.0000  -15.0000  -22.5000 2557.6646   16.8969
    7.5000  -15.0000  -22.5000 2554.6333   16.9551
   -7.5000   -7.5000  -22.5000 2526.0698   17.2380
    0.0000   -7.5000  -22.5000 2557.6401   17.0132
    7.5000   -7.5000  -22.5000 2560.9434   17.0483
   -7.5000    0.0000  -22.5000 2499.5364   17.6501
    0.0000    0.0000  -22.5000 2542.2070   17.3688
    7.5000    0.0000  -22.5000 2547.5845   17.3990
   -7.5000    7.5000  -22.5000 2463.4709   18.3578
    0.0000    7.5000  -22.5000 2510.2092   18.0017
    7.5000    7.5000  -22.5000 2510.4326   18.0849
   -7.5000   15.0000  -22.5000 2395.0388   19.3400
    0.0000   15.0000  -22.5000 2434.1638   19.0270
    7.5000   15.0000  -22.5000 2440.9424   19.0773
   -7.5000   22.5000  -22.5000 2309.7844   20.7262
    0.0000   22.5000  -22.5000 2346.1787   20.4000
    7.5000   22.5000  -22.5000 2344.2209   20.4654
   -7.5000   30.0000  -22.5000 2199.9097   22.6136
    0.0000   30.0000  -22.5000 2233.3389   22.3186
    7.5000   30.0000  -22.5000 2226.9199   22.3934
   -7.5000   37.5000  -22.5000 2068.3284   25.2744
    0.0000   37.5000  -22.5000 2100.7964   24.9203
    7.5000   37.5000  -22.5000 2094.5703   24.9995
   -7.5000   45.0000  -22.5000 1925.3927   28.9142
    0.0000   45.0000  -22.5000 1959.0618   28.4701
    7.5000   45.0000  -22.5000 1954.5739   28.5953
   -7.5000  -45.0000  -15.0000 2424.7593   18.9894
    0.0000  -45.0000  -15.0000 2444.6675   18.7315
    7.5000  -45.0000  -15.0000 2432.8643   18.7461
   -7.5000  -37.5000  -15.0000 2514.2676   17.6158
    0.0000  -37.5000  -15.0000 2533.3904   17.3603
    7.5000  -37.5000  -15.0000 2520.0234   17.3552
   -7.5000  -30.0000  -15.0000 2561.6816   16.6589
    0.0000  -30.0000  -15.0000 2592.5420   16.4241
    7.5000  -30.0000  -15.0000 2584.4165   16.4431
   -7.5000  -22.5000  -15.0000 2605.3718   16.1468
    0.0000  -22.5000  -15.0000 2638.7493   15.9018
    7.5000  -22.5000  -15.0000 2637.1824   15.9180
   -7.5000  -15.0000  -15.0000 2640.6387   15.9566
    0.0000  -15.0000  -15.0000 2675.9224   15.7197
    7.5000  -15.0000  -15.0000 2669.4971   15.7519
   -7.5000   -7.5000  -15.0000 2643.8279   16.1062
    0.0000   -7.5000  -15.0000 2682.4443   15.8783
    7.5000   -7.5000  -15.0000 2680.8350   15.9293
   -7.5000    0.0000  -15.0000 2615.3828   16.5438
    0.0000    0.0000  -15.0000 2661.6926   16.2510
    7.5000    0.0000  -15.0000 2660.1362   16.3186
   -7.5000    7.5000  -15.0000 2569.6104   17.2225
    0.0000    7.5000  -15.0000 2622.8716   16.8736
    7.5000    7.5000  -15.0000 2618.4307   16.9569
   -7.5000   15.0000  -15.0000 2496.8118   18.1961
    0.0000   15.0000  -15.0000 2546.4016   17.8286
    7.5000   15.0000  -15.0000 2545.0889   17.8921
   -7.5000   22.5000  -15.0000 2402.4036   19.4669
    0.0000   22.5000  -15.0000 2440.0342   19.1013
    7.5000   22.5000  -15.0000 2437.2288   19.2030
   -7.5000   30.0000  -15.0000 2281.2332   21.2957
    0.0000   30.0000  -15.0000 2316.4785   20.9455
    7.5000   30.0000  -15.0000 2313.1868   21.0421
   -7.5000   37.5000  -15.0000 2145.4573   23.7170
    0.0000   37.5000  -15.0000 2179.1326   23.3555
    7.5000   37.5000  -15.0000 2173.1138   23.4877
   -7.5000   45.0000  -15.0000 1999.9604   27.0791
    0.0000   45.0000  -15.0000 2026.2505   26.6474
    7.5000   45.0000  -15.0000 2015.1748   26.7693
   -7.5000  -45.0000   -7.5000 2467.8726   17.9932
    0.0000  -45.0000   -7.5000 2494.2151   17.6856
    7.5000  -45.0000   -7.5000 2490.0818   17.7954
   -7.5000  -37.5000   -7.5000 2569.0085   16.6571
    0.0000  -37.5000   -7.5000 2597.9041   16.3918
    7.5000  -37.5000   -7.5000 2590.3040   16.4144
   -7.5000  -30.0000   -7.5000 2632.0515   15.7221
    0.0000  -30.0000   -7.5000 2668.9492   15.4647
    7.5000  -30.0000   -7.5000 2664.5415   15.4902
   -7.5000  -22.5000   -7.5000 2684.6860   15.1847
    0.0000  -22.5000   -7.5000 2726.9255   14.9279
    7.5000  -22.5000   -7.5000 2726.3296   14.9596
   -7.5000  -15.0000   -7.5000 2726.3420   14.9352
    0.0000  -15.0000   -7.5000 2772.3003   14.6802
    7.5000  -15.0000   -7.5000 2766.9915   14.6952
   -7.5000   -7.5000   -7.5000 2741.0789   15.0894
    0.0000   -7.5000   -7.5000 2783.3452   14.8238
    7.5000   -7.5000   -7.5000 2773.5654   14.8654
   -7.5000    0.0000   -7.5000 2717.6074   15.5377
    0.0000    0.0000   -7.5000 2769.2068   15.2387
    7.5000    0.0000   -7.5000 2763.4944   15.3128
   -7.5000    7.5000   -7.5000 2664.6377   16.2126
    0.0000    7.5000   -7.5000 2717.3711   15.8352
    7.5000    7.5000   -7.5000 2711.5190   15.9326
   -7.5000   15.0000   -7.5000 2583.9937   17.1582
    0.0000   15.0000   -7.5000 2632.8772   16.7427
    7.5000   15.0000   -7.5000 2627.0315   16.8571
   -7.5000   22.5000   -7.5000 2484.4392   18.4059
    0.0000   22.5000   -7.5000 2521.9346   18.0417
    7.5000   22.5000   -7.5000 2517.8772   18.1231
   -7.5000   30.0000   -7.5000 2350.3540   20.1627
    0.0000   30.0000   -7.5000 2387.1499   19.7838
    7.5000   30.0000   -7.5000 2382.1797   19.9021
   -7.5000   37.5000   -7.5000 2204.3379   22.4986
    0.0000   37.5000   -7.5000 2239.3186   22.1164
    7.5000   37.5000   -7.5000 2235.4238   22.2235
   -7.5000   45.0000   -7.5000 2054.2510   25.6962
    0.0000   45.0000   -7.5000 2078.4390   25.1695
    7.5000   45.0000   -7.5000 2071.3906   25.2732
   -7.5000  -45.0000    0.0000 2504.6494   17.3228
    0.0000  -45.0000    0.0000 2529.2534   16.9768
    7.5000  -45.0000    0.0000 2526.7007   17.1437
   -7.5000  -37.5000    0.0000 2612.5049   15.9844
    0.0000  -37.5000    0.0000 2647.4368   15.6715
    7.5000  -37.5000    0.0000 2640.3311   15.7436
   -7.5000  -30.0000    0.0000 2690.8008   15.0272
    0.0000  -30.0000    0.0000 2728.4126   14.7375
    7.5000  -30.0000    0.0000 2727.5820   14.7701
   -7.5000  -22.5000    0.0000 2749.7310   14.4314
    0.0000  -22.5000    0.0000 2795.0874   14.1580
    7.5000  -22.5000    0.0000 2797.5957   14.2151
   -7.5000  -15.0000    0.0000 2803.9011   14.1340
    0.0000  -15.0000    0.0000 2855.3655   13.8797
    7.5000  -15.0000    0.0000 2850.3069   13.9249
   -7.5000   -7.5000    0.0000 2826.4949   14.3034
    0.0000   -7.5000    0.0000 2877.2678   13.9930
    7.5000   -7.5000    0.0000 2859.7144   14.0538
   -7.5000    0.0000    0.0000 2803.5312   14.7286
    0.0000    0.0000    0.0000 2855.6619   14.3947
    7.5000    0.0000    0.0000 2842.8455   14.4730
   -7.5000    7.5000    0.0000 2743.0271   15.3614
    0.0000    7.5000    0.0000 2791.7332   14.9790
    7.5000    7.5000    0.0000 2786.4331   15.0916
   -7.5000   15.0000    0.0000 2653.4651   16.2842
    0.0000   15.0000    0.0000 2700.7922   15.9017
    7.5000   15.0000    0.0000 2695.8713   15.9854
   -7.5000   22.5000    0.0000 2544.3245   17.6119
    0.0000   22.5000    0.0000 2587.2527   17.2029
    7.5000   22.5000    0.0000 2578.7004   17.3252
   -7.5000   30.0000    0.0000 2403.2734   19.3538
    0.0000   30.0000    0.0000 2445.4250   18.9681
    7.5000   30.0000    0.0000 2440.0254   19.1225
   -7.5000   37.5000    0.0000 2252.4937   21.6790
    0.0000   37.5000    0.0000 2291.7449   21.2083
    7.5000   37.5000    0.0000 2289.1760   21.3454
   -7.5000   45.0000    0.0000 2093.3132   24.6345
    0.0000   45.0000    0.0000 2124.1179   24.1016
    7.5000   45.0000    0.0000 2120.6206   24.2418
   -7.5000  -45.0000    7.5000 2534.1602   16.8348
    0.0000  -45.0000    7.5000 2554.9180   16.4483
    7.5000  -45.0000    7.5000 2553.7510   16.7237
   -7.5000  -37.5000    7.5000 2640.7209   15.4522
    0.0000  -37.5000    7.5000 2671.2837   15.0850
    7.5000  -37.5000    7.5000 2670.3232   15.2700
   -7.5000  -30.0000    7.5000 2736.6470   14.4902
    0.0000  -30.0000    7.5000 2771.6318   14.1455
    7.5000  -30.0000    7.5000 2770.1978   14.2900
   -7.5000  -22.5000    7.5000 2815.3562   13.8588
    0.0000  -22.5000    7.5000 2857.2124   13.5667
    7.5000  -22.5000    7.5000 2857.2891   13.6853
   -7.5000  -15.0000    7.5000 2874.8772   13.5680
    0.0000  -15.0000    7.5000 2930.9004   13.3101
    7.5000  -15.0000    7.5000 2922.8677   13.3817
   -7.5000   -7.5000    7.5000 2903.3838   13.7383
    0.0000   -7.5000    7.5000 2969.4883   13.3946
    7.5000   -7.5000    7.5000 2941.2959   13.4914
   -7.5000    0.0000    7.5000 2874.4363   14.1208
    0.0000    0.0000    7.5000 2932.6641   13.7632
    7.5000    0.0000    7.5000 2909.8757   13.8481
   -7.5000    7.5000    7.5000 2804.7766   14.7148
    0.0000    7.5000    7.5000 2853.6604   14.3443
    7.5000    7.5000    7.5000 2843.0156   14.4488
   -7.5000   15.0000    7.5000 2709.2053   15.6750
    0.0000   15.0000    7.5000 2756.5913   15.2927
    7.5000   15.0000    7.5000 2748.3552   15.4068
   -7.5000   22.5000    7.5000 2590.2969   17.0253
    0.0000   22.5000    7.5000 2633.2588   16.6416
    7.5000   22.5000    7.5000 2624.0588   16.7388
   -7.5000   30.0000    7.5000 2445.5476   18.8064
    0.0000   30.0000    7.5000 2486.0308   18.4286
    7.5000   30.0000    7.5000 2479.2166   18.5463
   -7.5000   37.5000    7.5000 2287.6069   20.9929
    0.0000   37.5000    7.5000 2325.5400   20.6250
    7.5000   37.5000    7.5000 2317.9360   20.7439
   -7.5000   45.0000    7.5000 2120.1785   23.8582
    0.0000   45.0000    7.5000 2156.6519   23.4339
    7.5000   45.0000    7.5000 2150.9297   23.5243
   -7.5000  -45.0000   15.0000 2535.0886   16.5219
    0.0000  -45.0000   15.0000 2555.0129   16.1292
    7.5000  -45.0000   15.0000 2554.9414   16.5060
   -7.5000  -37.5000   15.0000 2648.1262   15.1259
    0.0000  -37.5000   15.0000 2672.4370   14.7323
    7.5000  -37.5000   15.0000 2673.2363   15.0413
   -7.5000  -30.0000   15.0000 2757.2632   14.1454
    0.0000  -30.0000   15.0000 2784.2551   13.7645
    7.5000  -30.0000   15.0000 2780.3704   14.0037
   -7.5000  -22.5000   15.0000 2848.7046   13.5069
    0.0000  -22.5000   15.0000 2894.8892   13.1496
    7.5000  -22.5000   15.0000 2880.2766   13.3483
   -7.5000  -15.0000   15.0000 2925.5750   13.2266
    0.0000  -15.0000   15.0000 2990.0747   12.9330
    7.5000  -15.0000   15.0000 2960.2017   13.0701
   -7.5000   -7.5000   15.0000 2952.2524   13.3785
    0.0000   -7.5000   15.0000 3027.8630   13.0482
    7.5000   -7.5000   15.0000 2984.2131   13.1580
   -7.5000    0.0000   15.0000 2913.4817   13.7722
    0.0000    0.0000   15.0000 2982.8833   13.4080
    7.5000    0.0000   15.0000 2939.8096   13.5219
   -7.5000    7.5000   15.0000 2833.6443   14.4063
    0.0000    7.5000   15.0000 2884.7283   14.0349
    7.5000    7.5000   15.0000 2862.9407   14.1680
   -7.5000   15.0000   15.0000 2727.5020   15.3456
    0.0000   15.0000   15.0000 2771.9297   15.0133
    7.5000   15.0000   15.0000 2761.6394   15.0971
   -7.5000   22.5000   15.0000 2612.5837   16.7345
    0.0000   22.5000   15.0000 2647.9817   16.3812
    7.5000   22.5000   15.0000 2636.5374   16.4496
   -7.5000   30.0000   15.0000 2466.6768   18.4770
    0.0000   30.0000   15.0000 2496.3159   18.1466
    7.5000   30.0000   15.0000 2488.0876   18.2614
   -7.5000   37.5000   15.0000 2305.4563   20.6562
    0.0000   37.5000   15.0000 2333.6052   20.3127
    7.5000   37.5000   15.0000 2327.6655   20.4578
   -7.5000   45.0000   15.0000 2131.5005   23.4523
    0.0000   45.0000   15.0000 2161.4287   23.0470
    7.5000   45.0000   15.0000 2156.1472   23.1838
   -7.5000  -45.0000   22.5000 2521.6931   16.4954
    0.0000  -45.0000   22.5000 2537.1299   16.1074
    7.5000  -45.0000   22.5000 2538.1443   16.5311
   -7.5000  -37.5000   22.5000 2635.1375   15.0857
    0.0000  -37.5000   22.5000 2662.5623   14.6822
    7.5000  -37.5000   22.5000 2658.6252   15.0294
   -7.5000  -30.0000   22.5000 2743.8840   14.0655
    0.0000  -30.0000   22.5000 2780.0176   13.6664
    7.5000  -30.0000   22.5000 2768.0491   14.0010
   -7.5000  -22.5000   22.5000 2853.9150   13.4127
    0.0000  -22.5000   22.5000 2897.3650   13.0405
    7.5000  -22.5000   22.5000 2869.5889   13.3371
   -7.5000  -15.0000   22.5000 2933.3279   13.2048
    0.0000  -15.0000   22.5000 2993.0613   12.8692
    7.5000  -15.0000   22.5000 2952.7048   13.1168
   -7.5000   -7.5000   22.5000 2957.9724   13.3511
    0.0000   -7.5000   22.5000 3032.2312   13.0624
    7.5000   -7.5000   22.5000 2977.6609   13.2659
   -7.5000    0.0000   22.5000 2916.5562   13.7927
    0.0000    0.0000   22.5000 2972.8665   13.5126
    7.5000    0.0000   22.5000 2934.1050   13.6154
   -7.5000    7.5000   22.5000 2830.2334   14.4621
    0.0000    7.5000   22.5000 2876.3259   14.1576
    7.5000    7.5000   22.5000 2856.8181   14.2365
   -7.5000   15.0000   22.5000 2720.4651   15.4125
    0.0000   15.0000   22.5000 2759.5364   15.0702
    7.5000   15.0000   22.5000 2747.7827   15.1614
   -7.5000   22.5000   22.5000 2600.2280   16.7847
    0.0000   22.5000   22.5000 2633.9463   16.4352
    7.5000   22.5000   22.5000 2623.3645   16.4913
   -7.5000   30.0000   22.5000 2458.4597   18.5065
    0.0000   30.0000   22.5000 2488.2351   18.1709
    7.5000   30.0000   22.5000 2479.3577   18.2723
   -7.5000   37.5000   22.5000 2298.2292   20.6707
    0.0000   37.5000   22.5000 2325.1714   20.3391
    7.5000   37.5000   22.5000 2316.9768   20.4519
   -7.5000   45.0000   22.5000 2127.8718   23.3832
    0.0000   45.0000   22.5000 2153.6528   23.0112
    7.5000   45.0000   22.5000 2146.4402   23.1066
   -7.5000  -45.0000   30.0000 2489.3484   16.7590
    0.0000  -45.0000   30.0000 2511.9795   16.4294
    7.5000  -45.0000   30.0000 2505.9429   16.8393
   -7.5000  -37.5000   30.0000 2604.4324   15.3376
    0.0000  -37.5000   30.0000 2626.7773   15.0052
    7.5000  -37.5000   30.0000 2623.8042   15.3858
   -7.5000  -30.0000   30.0000 2709.5989   14.3521
    0.0000  -30.0000   30.0000 2736.7920   13.9950
    7.5000  -30.0000   30.0000 2729.7566   14.3463
   -7.5000  -22.5000   30.0000 2819.2686   13.7910
    0.0000  -22.5000   30.0000 2852.5903   13.4324
    7.5000  -22.5000   30.0000 2828.0759   13.7328
   -7.5000  -15.0000   30.0000 2885.8918   13.5378
    0.0000  -15.0000   30.0000 2936.7256   13.2395
    7.5000  -15.0000   30.0000 2898.1731   13.4888
   -7.5000   -7.5000   30.0000 2912.8982   13.6656
    0.0000   -7.5000   30.0000 2961.0728   13.3932
    7.5000   -7.5000   30.0000 2919.1687   13.6455
   -7.5000    0.0000   30.0000 2873.7083   14.1498
    0.0000    0.0000   30.0000 2916.5825   13.9218
    7.5000    0.0000   30.0000 2887.1265   14.0603
   -7.5000    7.5000   30.0000 2791.2036   14.9101
    0.0000    7.5000   30.0000 2831.7136   14.6134
    7.5000    7.5000   30.0000 2804.9958   14.7245
   -7.5000   15.0000   30.0000 2678.7263   15.8615
    0.0000   15.0000   30.0000 2710.1658   15.5228
    7.5000   15.0000   30.0000 2696.4709   15.6317
   -7.5000   22.5000   30.0000 2563.4529   17.1224
    0.0000   22.5000   30.0000 2593.3164   16.7885
    7.5000   22.5000   30.0000 2576.2437   16.8525
   -7.5000   30.0000   30.0000 2426.0669   18.7916
    0.0000   30.0000   30.0000 2454.0361   18.4752
    7.5000   30.0000   30.0000 2439.7900   18.5527
   -7.5000   37.5000   30.0000 2269.9238   20.8707
    0.0000   37.5000   30.0000 2299.5259   20.5479
    7.5000   37.5000   30.0000 2285.7905   20.6518
   -7.5000   45.0000   30.0000 2098.6445   23.5143
    0.0000   45.0000   30.0000 2126.4885   23.1379
    7.5000   45.0000   30.0000 2117.6953   23.2566
   -7.5000  -45.0000   37.5000 2453.4727   17.4313
    0.0000  -45.0000   37.5000 2480.3652   17.1433
    7.5000  -45.0000   37.5000 2463.6018   17.5224
   -7.5000  -37.5000   37.5000 2569.6526   16.0653
    0.0000  -37.5000   37.5000 2590.9587   15.7656
    7.5000  -37.5000   37.5000 2577.3909   16.0948
   -7.5000  -30.0000   37.5000 2668.0947   15.1027
    0.0000  -30.0000   37.5000 2690.4685   14.7485
    7.5000  -30.0000   37.5000 2676.2361   15.0758
   -7.5000  -22.5000   37.5000 2759.9526   14.4879
    0.0000  -22.5000   37.5000 2788.0142   14.1421
    7.5000  -22.5000   37.5000 2765.7886   14.4016
   -7.5000  -15.0000   37.5000 2811.4441   14.1724
    0.0000  -15.0000   37.5000 2850.0417   13.8481
    7.5000  -15.0000   37.5000 2821.8936   14.1125
   -7.5000   -7.5000   37.5000 2837.3870   14.2829
    0.0000   -7.5000   37.5000 2872.2319   14.0251
    7.5000   -7.5000   37.5000 2846.3813   14.2364
   -7.5000    0.0000   37.5000 2796.9619   14.8297
    0.0000    0.0000   37.5000 2840.0549   14.5847
    7.5000    0.0000   37.5000 2821.3726   14.7464
   -7.5000    7.5000   37.5000 2724.1675   15.5829
    0.0000    7.5000   37.5000 2758.5134   15.3193
    7.5000    7.5000   37.5000 2738.5300   15.4296
   -7.5000   15.0000   37.5000 2615.8591   16.5520
    0.0000   15.0000   37.5000 2648.1111   16.2290
    7.5000   15.0000   37.5000 2636.2800   16.3144
   -7.5000   22.5000   37.5000 2505.5750   17.7682
    0.0000   22.5000   37.5000 2533.2302   17.4652
    7.5000   22.5000   37.5000 2522.4255   17.5652
   -7.5000   30.0000   37.5000 2379.1011   19.4147
    0.0000   30.0000   37.5000 2403.6196   19.0870
    7.5000   30.0000   37.5000 2385.6746   19.1613
   -7.5000   37.5000   37.5000 2226.8567   21.4403
    0.0000   37.5000   37.5000 2250.3281   21.0489
    7.5000   37.5000   37.5000 2241.1655   21.1652
   -7.5000   45.0000   37.5000 2056.4817   24.0353
    0.0000   45.0000   37.5000 2082.5166   23.6582
    7.5000   45.0000   37.5000 2073.6052   23.7478
   -7.5000  -45.0000   45.0000 2411.7432   18.5302
    0.0000  -45.0000   45.0000 2437.7119   18.2446
    7.5000  -45.0000   45.0000 2413.4397   18.5466
   -7.5000  -37.5000   45.0000 2523.0991   17.1115
    0.0000  -37.5000   45.0000 2550.6277   16.8223
    7.5000  -37.5000   45.0000 2525.7627   17.0868
   -7.5000  -30.0000   45.0000 2609.7104   16.0139
    0.0000  -30.0000   45.0000 2642.0056   15.7296
    7.5000  -30.0000   45.0000 2616.6406   15.9647
   -7.5000  -22.5000   45.0000 2688.2229   15.3769
    0.0000  -22.5000   45.0000 2724.9060   15.0684
    7.5000  -22.5000   45.0000 2693.5669   15.3175
   -7.5000  -15.0000   45.0000 2726.9980   15.0341
    0.0000  -15.0000   45.0000 2763.5229   14.7560
    7.5000  -15.0000   45.0000 2739.1221   15.0284
   -7.5000   -7.5000   45.0000 2742.2917   15.1131
    0.0000   -7.5000   45.0000 2772.4956   14.8689
    7.5000   -7.5000   45.0000 2754.3818   15.0794
   -7.5000    0.0000   45.0000 2700.9119   15.6290
    0.0000    0.0000   45.0000 2741.2468   15.4244
    7.5000    0.0000   45.0000 2723.6809   15.6006
   -7.5000    7.5000   45.0000 2630.0344   16.3988
    0.0000    7.5000   45.0000 2663.0417   16.1871
    7.5000    7.5000   45.0000 2647.2998   16.3031
   -7.5000   15.0000   45.0000 2531.0859   17.3956
    0.0000   15.0000   45.0000 2561.4915   17.1126
    7.5000   15.0000   45.0000 2552.6692   17.2107
   -7.5000   22.5000   45.0000 2432.9473   18.6187
    0.0000   22.5000   45.0000 2457.4138   18.3792
    7.5000   22.5000   45.0000 2449.7422   18.4913
   -7.5000   30.0000   45.0000 2316.9482   20.2602
    0.0000   30.0000   45.0000 2335.1047   19.9909
    7.5000   30.0000   45.0000 2321.8052   20.0886
   -7.5000   37.5000   45.0000 2163.7102   22.3130
    0.0000   37.5000   45.0000 2187.4751   21.9433
    7.5000   37.5000   45.0000 2179.0791   22.0859
   -7.5000   45.0000   45.0000 2003.6404   24.9047
    0.0000   45.0000   45.0000 2025.4756   24.5131
    7.5000   45.0000   45.0000 2014.1024   24.6635

---------------------------------------------------------------------
imgreg_4dfp /opt/freesurfer/average/711-2C_as_mni_average_305 /opt/freesurfer/average/711-2B_as_mni_average_305_mask talsrcimg_g11 none talsrcimg_to_711-2C_as_mni_average_305_t4 1283
---------------------------------------------------------------------

freesurfer imgreg_4dfp.c
/opt/freesurfer/average/711-2C_as_mni_average_305.4dfp.img
       256       256       256         1
  1.000000  1.000000  1.000000
orientation T byte_order littleendian
Reading image: /opt/freesurfer/average/711-2C_as_mni_average_305.4dfp.img
dimensions:      256       256       256
mmppix:       1.0000   -1.0000   -1.0000
center:     128.0000 -129.0000 -129.0000
/opt/freesurfer/average/711-2B_as_mni_average_305_mask.4dfp.img
       256       256       256         1
  1.000000  1.000000  1.000000
orientation T byte_order littleendian
Reading mask: /opt/freesurfer/average/711-2B_as_mni_average_305_mask.4dfp.img (2306576 pixels)
talsrcimg_g11.4dfp.img
       256       256       256         1
  1.000000  1.000000  1.000000
orientation T byte_order littleendian
Reading image: talsrcimg_g11.4dfp.img
dimensions:      256       256       256
mmppix:       1.0000   -1.0000   -1.0000
center:     128.0000 -129.0000 -129.0000
rotation matrix determinant  1.000000
fimgreg.f
image alignment mode   1283 decimal      503 hex
parameters
    0.0000   -7.5000   22.5000    0.0000    0.0000    0.0000
eta,q 0.95016 13.04927
niter,ni,del,rscale     5    3   12.0000    1.2000
parameter  3  0.576880 ->  0.500000 qaram    1.1500
parameters
    1.3972   -7.7877   19.0500   -2.2291    0.9022   -1.9986
eta,q 0.95358 12.93853
  0.0736  0.0581  0.0499  0.0469  0.0556  0.0476
  0.0649  0.0542  0.0468  0.0466  0.0506  0.0468
  0.0571  0.0507  0.0467  0.0463  0.0476  0.0464
  0.0516  0.0502  0.0503  0.0466  0.0463  0.0464
  0.0507  0.0513  0.0562  0.0472  0.0472  0.0475
  0.0542  0.0545  0.0633  0.0492  0.0491  0.0498
  0.0608  0.0605  0.0695  0.0533  0.0506  0.0530
niter,ni,del,rscale     5    3   12.0000    1.2000
parameter  4  1.291678 ->  0.500000 qaram    1.1500
parameters
    0.3639   -5.7661   17.9093   -5.6791    3.0133   -3.6749
eta,q 0.96083 12.98118
  0.0550  0.0564  0.0520  0.0405  0.0527  0.0428
  0.0482  0.0530  0.0487  0.0406  0.0474  0.0399
  0.0457  0.0490  0.0462  0.0423  0.0437  0.0391
  0.0464  0.0457  0.0446  0.0452  0.0409  0.0401
  0.0497  0.0446  0.0469  0.0484  0.0401  0.0421
  0.0548  0.0453  0.0527  0.0515  0.0409  0.0447
  0.0625  0.0489  0.0608  0.0557  0.0431  0.0478
niter,ni,del,rscale     5    3   12.0000    1.2000
parameters
   -0.5527   -5.2754   17.2568   -6.8044    3.7597   -3.4475
eta,q 0.96273 12.97286
  0.0520  0.0532  0.0471  0.0439  0.0485  0.0442
  0.0417  0.0469  0.0422  0.0399  0.0429  0.0412
  0.0372  0.0410  0.0381  0.0377  0.0388  0.0386
  0.0392  0.0375  0.0373  0.0372  0.0372  0.0373
  0.0446  0.0378  0.0395  0.0394  0.0379  0.0375
  0.0510  0.0424  0.0447  0.0447  0.0404  0.0399
  0.0588  0.0501  0.0522  0.0498  0.0437  0.0439
niter,ni,del,rscale     4    3   12.0000    1.2000
parameters
   -0.6243   -4.9963   16.9023   -7.1585    3.7431   -3.3606
eta,q 0.96280 12.98805
  0.0578  0.0528  0.0468  0.0454  0.0461  0.0434
  0.0449  0.0448  0.0421  0.0408  0.0411  0.0407
  0.0376  0.0389  0.0381  0.0384  0.0378  0.0385
  0.0373  0.0372  0.0372  0.0372  0.0372  0.0372
  0.0421  0.0384  0.0386  0.0380  0.0385  0.0373
  0.0484  0.0431  0.0427  0.0421  0.0417  0.0398
  0.0554  0.0500  0.0498  0.0476  0.0456  0.0438
niter,ni,del,rscale     3    3   12.0000    1.2000
parameters
   -0.5888   -4.9238   16.8393   -7.2573    3.6949   -3.3349
eta,q 0.96273 12.99298
  0.0586  0.0520  0.0475  0.0461  0.0460  0.0432
  0.0457  0.0437  0.0426  0.0412  0.0411  0.0406
  0.0380  0.0382  0.0383  0.0387  0.0379  0.0385
  0.0372  0.0372  0.0373  0.0373  0.0373  0.0373
  0.0419  0.0392  0.0384  0.0378  0.0385  0.0374
  0.0481  0.0439  0.0418  0.0415  0.0418  0.0398
  0.0549  0.0505  0.0486  0.0470  0.0457  0.0439
niter,ni,del,rscale     2    3   12.0000    1.2000
parameters
   -0.5661   -4.8998   16.8289   -7.2847    3.6713   -3.3267
eta,q 0.96269 12.99480
  0.0585  0.0518  0.0477  0.0463  0.0461  0.0432
  0.0457  0.0435  0.0427  0.0414  0.0411  0.0406
  0.0380  0.0381  0.0384  0.0389  0.0379  0.0385
  0.0373  0.0373  0.0373  0.0373  0.0373  0.0373
  0.0421  0.0394  0.0384  0.0378  0.0385  0.0374
  0.0482  0.0441  0.0417  0.0413  0.0418  0.0399
  0.0550  0.0506  0.0484  0.0469  0.0457  0.0439
registration optimization eta report
parameter search radius
    6.0000    6.0000    6.9000    6.9000    6.0000    6.0000
100000*second partial in parameter space
       53.       39.       23.       19.       24.       17.
  0.0585  0.0518  0.0477  0.0463  0.0461  0.0432
  0.0457  0.0435  0.0427  0.0414  0.0411  0.0406
  0.0380  0.0381  0.0384  0.0389  0.0379  0.0385
  0.0373  0.0373  0.0373  0.0373  0.0373  0.0373
  0.0421  0.0394  0.0384  0.0378  0.0385  0.0374
  0.0482  0.0441  0.0417  0.0413  0.0418  0.0399
  0.0550  0.0506  0.0484  0.0469  0.0457  0.0439
   -0.5661   -4.8998   16.8289   -7.2847    3.6713   -3.3267
eta,q 0.96269 12.99480

---------------------------------------------------------------------
imgreg_4dfp /opt/freesurfer/average/711-2C_as_mni_average_305 /opt/freesurfer/average/711-2B_as_mni_average_305_mask talsrcimg_g11 none talsrcimg_to_711-2C_as_mni_average_305_t4 3335
---------------------------------------------------------------------

freesurfer imgreg_4dfp.c
/opt/freesurfer/average/711-2C_as_mni_average_305.4dfp.img
       256       256       256         1
  1.000000  1.000000  1.000000
orientation T byte_order littleendian
Reading image: /opt/freesurfer/average/711-2C_as_mni_average_305.4dfp.img
dimensions:      256       256       256
mmppix:       1.0000   -1.0000   -1.0000
center:     128.0000 -129.0000 -129.0000
/opt/freesurfer/average/711-2B_as_mni_average_305_mask.4dfp.img
       256       256       256         1
  1.000000  1.000000  1.000000
orientation T byte_order littleendian
Reading mask: /opt/freesurfer/average/711-2B_as_mni_average_305_mask.4dfp.img (2306576 pixels)
talsrcimg_g11.4dfp.img
       256       256       256         1
  1.000000  1.000000  1.000000
orientation T byte_order littleendian
Reading image: talsrcimg_g11.4dfp.img
dimensions:      256       256       256
mmppix:       1.0000   -1.0000   -1.0000
center:     128.0000 -129.0000 -129.0000
fimgreg.f
image alignment mode   3335 decimal      D07 hex
parameters
   -0.5661   -4.8998   16.8289   -0.3734   -1.0214   -1.0107
    6.5666   -5.6051   -5.7909   13.0272    6.4033  -12.6539
eta,q 0.96395 12.98504
niter,ni,del,rscale     5    3    5.0000    1.2000
parameter  5  2.098447 ->  0.500000 qaram    1.1500
parameter  6  0.584138 ->  0.500000 qaram    1.1500
parameters
   -0.3028   -4.7494   16.8920   -3.7794   -5.1614   -5.1507
    7.0873   -5.7313   -5.8869   10.8775    4.2900  -14.4494
eta,q 0.97154 12.58142
  0.0407  0.0389  0.0379  0.0361  0.0290  0.0304  0.0325  0.0338  0.0314  0.0307  0.0292  0.0293
  0.0383  0.0375  0.0369  0.0354  0.0306  0.0292  0.0308  0.0313  0.0301  0.0294  0.0287  0.0288
  0.0367  0.0365  0.0363  0.0353  0.0327  0.0293  0.0296  0.0296  0.0293  0.0287  0.0285  0.0285
  0.0360  0.0360  0.0360  0.0360  0.0352  0.0311  0.0290  0.0290  0.0290  0.0290  0.0286  0.0285
  0.0363  0.0362  0.0362  0.0376  0.0385  0.0338  0.0292  0.0296  0.0294  0.0304  0.0290  0.0290
  0.0373  0.0370  0.0367  0.0402  0.0421  0.0373  0.0301  0.0314  0.0302  0.0327  0.0297  0.0298
  0.0390  0.0383  0.0377  0.0439  0.0457  0.0416  0.0317  0.0342  0.0315  0.0357  0.0308  0.0310
niter,ni,del,rscale     6    3    5.0000    1.2000
parameter  5  0.668817 ->  0.500000 qaram    1.3225
parameters
   -0.1999   -5.1890   16.0857   -1.6724   -9.9224   -5.4444
    7.2744   -5.5435   -5.5664   11.6298    3.7962  -16.0660
eta,q 0.97429 12.45653
  0.0325  0.0304  0.0291  0.0322  0.0263  0.0307  0.0292  0.0310  0.0286  0.0300  0.0270  0.0267
  0.0304  0.0290  0.0283  0.0306  0.0258  0.0290  0.0275  0.0284  0.0272  0.0281  0.0263  0.0260
  0.0290  0.0284  0.0281  0.0292  0.0262  0.0272  0.0263  0.0266  0.0262  0.0267  0.0259  0.0257
  0.0285  0.0285  0.0283  0.0281  0.0276  0.0258  0.0259  0.0259  0.0259  0.0259  0.0258  0.0258
  0.0288  0.0292  0.0291  0.0276  0.0299  0.0263  0.0262  0.0264  0.0261  0.0259  0.0260  0.0262
  0.0299  0.0306  0.0303  0.0280  0.0330  0.0287  0.0272  0.0280  0.0268  0.0268  0.0265  0.0270
  0.0319  0.0324  0.0319  0.0294  0.0370  0.0324  0.0289  0.0306  0.0281  0.0288  0.0275  0.0281
niter,ni,del,rscale     6    3    5.0000    1.2000
parameters
   -0.1002   -5.0862   15.6664   -1.1405  -11.5441   -5.6467
    7.2627   -5.3947   -5.5183   12.5019    3.4499  -16.8467
eta,q 0.97450 12.40274
  0.0299  0.0291  0.0272  0.0291  0.0286  0.0306  0.0286  0.0306  0.0279  0.0295  0.0269  0.0268
  0.0277  0.0273  0.0261  0.0275  0.0269  0.0288  0.0270  0.0280  0.0267  0.0276  0.0261  0.0261
  0.0263  0.0262  0.0256  0.0263  0.0258  0.0269  0.0260  0.0262  0.0259  0.0264  0.0257  0.0256
  0.0257  0.0257  0.0257  0.0256  0.0255  0.0256  0.0256  0.0256  0.0256  0.0256  0.0255  0.0255
  0.0260  0.0259  0.0263  0.0256  0.0265  0.0260  0.0259  0.0261  0.0259  0.0256  0.0257  0.0258
  0.0273  0.0269  0.0273  0.0265  0.0288  0.0283  0.0270  0.0277  0.0266  0.0264  0.0263  0.0265
  0.0293  0.0286  0.0286  0.0286  0.0321  0.0320  0.0287  0.0302  0.0279  0.0282  0.0272  0.0275
niter,ni,del,rscale     5    3    5.0000    1.2000
parameters
   -0.0218   -4.8850   15.4804   -0.9831  -11.9668   -5.8487
    7.2344   -5.2137   -5.4843   13.0939    3.2013  -17.1882
eta,q 0.97455 12.38949
  0.0296  0.0289  0.0274  0.0286  0.0293  0.0306  0.0285  0.0306  0.0278  0.0290  0.0269  0.0270
  0.0274  0.0272  0.0263  0.0272  0.0273  0.0287  0.0268  0.0279  0.0266  0.0274  0.0261  0.0261
  0.0260  0.0260  0.0256  0.0261  0.0261  0.0268  0.0258  0.0261  0.0258  0.0262  0.0256  0.0256
  0.0255  0.0255  0.0255  0.0254  0.0254  0.0255  0.0255  0.0255  0.0255  0.0255  0.0254  0.0254
  0.0259  0.0256  0.0259  0.0255  0.0258  0.0260  0.0258  0.0260  0.0257  0.0255  0.0256  0.0257
  0.0271  0.0265  0.0268  0.0266  0.0276  0.0283  0.0269  0.0276  0.0265  0.0264  0.0262  0.0263
  0.0291  0.0280  0.0281  0.0288  0.0305  0.0320  0.0285  0.0301  0.0278  0.0282  0.0271  0.0273
niter,ni,del,rscale     4    3    5.0000    1.2000
parameters
    0.0388   -4.7284   15.3417   -0.9128  -12.2431   -6.0634
    7.1682   -5.0536   -5.4684   13.5690    3.0461  -17.3737
eta,q 0.97457 12.37692
  0.0294  0.0287  0.0275  0.0286  0.0294  0.0306  0.0284  0.0304  0.0277  0.0288  0.0269  0.0270
  0.0273  0.0270  0.0263  0.0271  0.0274  0.0286  0.0268  0.0278  0.0266  0.0273  0.0261  0.0262
  0.0259  0.0259  0.0256  0.0260  0.0261  0.0267  0.0258  0.0261  0.0258  0.0261  0.0256  0.0256
  0.0254  0.0254  0.0254  0.0254  0.0254  0.0254  0.0255  0.0255  0.0255  0.0255  0.0254  0.0254
  0.0258  0.0256  0.0258  0.0255  0.0257  0.0260  0.0258  0.0260  0.0257  0.0255  0.0256  0.0257
  0.0270  0.0265  0.0267  0.0266  0.0275  0.0283  0.0268  0.0276  0.0265  0.0265  0.0261  0.0263
  0.0290  0.0280  0.0280  0.0289  0.0302  0.0320  0.0285  0.0300  0.0278  0.0283  0.0271  0.0272
niter,ni,del,rscale     3    3    5.0000    1.2000
parameters
    0.0902   -4.5968   15.2148   -0.8673  -12.4814   -6.2822
    7.0882   -4.9126   -5.4558   13.9899    2.9582  -17.5063
eta,q 0.97455 12.36317
  0.0294  0.0286  0.0275  0.0285  0.0293  0.0306  0.0283  0.0304  0.0277  0.0288  0.0269  0.0270
  0.0272  0.0270  0.0263  0.0271  0.0274  0.0286  0.0268  0.0278  0.0266  0.0273  0.0261  0.0262
  0.0259  0.0259  0.0256  0.0260  0.0261  0.0267  0.0258  0.0261  0.0258  0.0261  0.0256  0.0256
  0.0254  0.0254  0.0254  0.0254  0.0254  0.0254  0.0255  0.0255  0.0255  0.0255  0.0254  0.0254
  0.0258  0.0257  0.0258  0.0255  0.0256  0.0260  0.0258  0.0260  0.0257  0.0255  0.0256  0.0257
  0.0270  0.0265  0.0267  0.0266  0.0274  0.0283  0.0268  0.0275  0.0265  0.0265  0.0261  0.0263
  0.0290  0.0280  0.0280  0.0289  0.0302  0.0319  0.0285  0.0300  0.0278  0.0284  0.0270  0.0272
niter,ni,del,rscale     2    3    5.0000    1.2000
parameters
    0.1389   -4.4783   15.0960   -0.8269  -12.7114   -6.4980
    7.0149   -4.7875   -5.4687   14.3912    2.8963  -17.6118
eta,q 0.97454 12.34885
  0.0293  0.0286  0.0276  0.0285  0.0293  0.0306  0.0283  0.0303  0.0277  0.0288  0.0270  0.0271
  0.0272  0.0269  0.0263  0.0271  0.0273  0.0286  0.0268  0.0278  0.0266  0.0273  0.0261  0.0262
  0.0259  0.0259  0.0256  0.0260  0.0261  0.0267  0.0258  0.0261  0.0258  0.0261  0.0256  0.0257
  0.0254  0.0254  0.0254  0.0254  0.0254  0.0255  0.0255  0.0255  0.0255  0.0255  0.0255  0.0255
  0.0258  0.0257  0.0258  0.0256  0.0256  0.0261  0.0258  0.0260  0.0257  0.0256  0.0256  0.0257
  0.0270  0.0266  0.0267  0.0266  0.0273  0.0283  0.0268  0.0275  0.0265  0.0265  0.0261  0.0263
  0.0290  0.0280  0.0280  0.0289  0.0301  0.0319  0.0284  0.0300  0.0278  0.0284  0.0270  0.0272
niter,ni,del,rscale     1    3    5.0000    1.2000
parameters
    0.1850   -4.3614   14.9816   -0.8004  -12.9354   -6.7118
    6.9392   -4.6668   -5.4939   14.7805    2.8455  -17.7065
eta,q 0.97453 12.33397
  0.0293  0.0286  0.0276  0.0285  0.0293  0.0306  0.0283  0.0303  0.0277  0.0288  0.0270  0.0271
  0.0272  0.0269  0.0263  0.0271  0.0273  0.0286  0.0268  0.0278  0.0266  0.0273  0.0261  0.0262
  0.0259  0.0259  0.0256  0.0260  0.0261  0.0267  0.0258  0.0261  0.0258  0.0261  0.0256  0.0257
  0.0255  0.0255  0.0255  0.0254  0.0254  0.0255  0.0255  0.0255  0.0255  0.0255  0.0255  0.0255
  0.0258  0.0257  0.0258  0.0256  0.0256  0.0261  0.0259  0.0260  0.0258  0.0256  0.0256  0.0257
  0.0270  0.0266  0.0267  0.0267  0.0273  0.0283  0.0268  0.0275  0.0266  0.0266  0.0261  0.0263
  0.0290  0.0280  0.0280  0.0289  0.0301  0.0319  0.0284  0.0300  0.0278  0.0284  0.0270  0.0272
registration optimization eta report
parameter search radius
    2.4000    2.4000    2.4000    7.2000    9.5220    8.2800
    7.2000    7.2000    7.2000    7.2000    7.2000    7.2000
100000*second partial in parameter space
       64.       49.       40.        6.        5.        8.
        5.        9.        4.        6.        3.        3.
  0.0293  0.0286  0.0276  0.0285  0.0293  0.0306  0.0283  0.0303  0.0277  0.0288  0.0270  0.0271
  0.0272  0.0269  0.0263  0.0271  0.0273  0.0286  0.0268  0.0278  0.0266  0.0273  0.0261  0.0262
  0.0259  0.0259  0.0256  0.0260  0.0261  0.0267  0.0258  0.0261  0.0258  0.0261  0.0256  0.0257
  0.0255  0.0255  0.0255  0.0254  0.0254  0.0255  0.0255  0.0255  0.0255  0.0255  0.0255  0.0255
  0.0258  0.0257  0.0258  0.0256  0.0256  0.0261  0.0259  0.0260  0.0258  0.0256  0.0256  0.0257
  0.0270  0.0266  0.0267  0.0267  0.0273  0.0283  0.0268  0.0275  0.0266  0.0266  0.0261  0.0263
  0.0290  0.0280  0.0280  0.0289  0.0301  0.0319  0.0284  0.0300  0.0278  0.0284  0.0270  0.0272
    0.1850   -4.3614   14.9816   -0.8004  -12.9354   -6.7118
    6.9392   -4.6668   -5.4939   14.7805    2.8455  -17.7065
eta,q 0.97453 12.33397

---------------------------------------------------------------------
imgreg_4dfp /opt/freesurfer/average/711-2C_as_mni_average_305 /opt/freesurfer/average/711-2B_as_mni_average_305_mask talsrcimg_g11 none talsrcimg_to_711-2C_as_mni_average_305_t4 2311
---------------------------------------------------------------------

freesurfer imgreg_4dfp.c
/opt/freesurfer/average/711-2C_as_mni_average_305.4dfp.img
       256       256       256         1
  1.000000  1.000000  1.000000
orientation T byte_order littleendian
Reading image: /opt/freesurfer/average/711-2C_as_mni_average_305.4dfp.img
dimensions:      256       256       256
mmppix:       1.0000   -1.0000   -1.0000
center:     128.0000 -129.0000 -129.0000
/opt/freesurfer/average/711-2B_as_mni_average_305_mask.4dfp.img
       256       256       256         1
  1.000000  1.000000  1.000000
orientation T byte_order littleendian
Reading mask: /opt/freesurfer/average/711-2B_as_mni_average_305_mask.4dfp.img (2306576 pixels)
talsrcimg_g11.4dfp.img
       256       256       256         1
  1.000000  1.000000  1.000000
orientation T byte_order littleendian
Reading image: talsrcimg_g11.4dfp.img
dimensions:      256       256       256
mmppix:       1.0000   -1.0000   -1.0000
center:     128.0000 -129.0000 -129.0000
fimgreg.f
image alignment mode   2311 decimal      907 hex
parameters
    0.1850   -4.3614   14.9816   -0.8004  -12.9354   -6.7118
    6.9392   -4.6668   -5.4939   14.7805    2.8455  -17.7065
eta,q 0.97453 12.33397
niter,ni,del,rscale     5    3    5.0000    0.8000
parameters
    0.2255   -4.2627   14.8533   -0.3081  -12.3557   -6.4156
    7.0330   -4.5676   -5.2314   14.8527    2.6045  -18.1497
eta,q 0.97469 12.40097
  0.0272  0.0269  0.0264  0.0271  0.0266  0.0281  0.0267  0.0277  0.0266  0.0269  0.0260  0.0260
  0.0263  0.0261  0.0258  0.0264  0.0260  0.0269  0.0260  0.0265  0.0259  0.0261  0.0256  0.0256
  0.0257  0.0257  0.0255  0.0258  0.0257  0.0259  0.0255  0.0256  0.0255  0.0256  0.0254  0.0254
  0.0255  0.0255  0.0255  0.0255  0.0254  0.0254  0.0253  0.0253  0.0253  0.0253  0.0253  0.0253
  0.0256  0.0256  0.0256  0.0255  0.0253  0.0255  0.0255  0.0256  0.0254  0.0254  0.0254  0.0255
  0.0262  0.0260  0.0261  0.0258  0.0256  0.0264  0.0259  0.0263  0.0258  0.0259  0.0257  0.0258
  0.0270  0.0266  0.0267  0.0267  0.0262  0.0277  0.0266  0.0276  0.0264  0.0269  0.0261  0.0263
niter,ni,del,rscale     4    3    5.0000    0.7000
parameters
    0.2226   -4.2070   14.8963   -0.2696  -12.2634   -6.2284
    7.0129   -4.5766   -5.1527   14.9113    2.4938  -18.2459
eta,q 0.97471 12.41776
  0.0266  0.0264  0.0262  0.0265  0.0261  0.0275  0.0263  0.0271  0.0262  0.0265  0.0258  0.0259
  0.0259  0.0258  0.0257  0.0259  0.0258  0.0265  0.0257  0.0261  0.0257  0.0259  0.0255  0.0255
  0.0255  0.0255  0.0254  0.0255  0.0255  0.0257  0.0254  0.0255  0.0254  0.0255  0.0253  0.0254
  0.0253  0.0253  0.0253  0.0253  0.0253  0.0253  0.0253  0.0253  0.0253  0.0253  0.0253  0.0253
  0.0255  0.0254  0.0254  0.0254  0.0253  0.0255  0.0254  0.0255  0.0254  0.0254  0.0254  0.0254
  0.0259  0.0257  0.0257  0.0258  0.0256  0.0262  0.0257  0.0261  0.0257  0.0258  0.0256  0.0256
  0.0266  0.0263  0.0261  0.0265  0.0262  0.0272  0.0263  0.0271  0.0262  0.0265  0.0259  0.0259
niter,ni,del,rscale     3    3    5.0000    0.6000
parameters
    0.2125   -4.1924   14.9633   -0.2307  -12.1512   -6.1048
    7.0361   -4.5830   -5.1038   14.8952    2.4444  -18.2333
eta,q 0.97472 12.43079
  0.0262  0.0261  0.0260  0.0262  0.0259  0.0270  0.0260  0.0266  0.0260  0.0261  0.0257  0.0257
  0.0257  0.0256  0.0256  0.0257  0.0256  0.0262  0.0256  0.0259  0.0256  0.0257  0.0254  0.0255
  0.0254  0.0254  0.0254  0.0254  0.0254  0.0256  0.0254  0.0254  0.0254  0.0254  0.0253  0.0253
  0.0253  0.0253  0.0253  0.0253  0.0253  0.0253  0.0253  0.0253  0.0253  0.0253  0.0253  0.0253
  0.0254  0.0254  0.0253  0.0254  0.0253  0.0254  0.0253  0.0254  0.0253  0.0253  0.0253  0.0253
  0.0257  0.0256  0.0255  0.0256  0.0255  0.0260  0.0256  0.0259  0.0256  0.0256  0.0255  0.0255
  0.0263  0.0260  0.0259  0.0262  0.0259  0.0268  0.0260  0.0267  0.0259  0.0262  0.0257  0.0257
niter,ni,del,rscale     2    3    5.0000    0.5000
parameters
    0.1980   -4.2042   15.0113   -0.1826  -12.0141   -6.0170
    7.0486   -4.5976   -5.0586   14.8159    2.4303  -18.2028
eta,q 0.97474 12.44232
  0.0259  0.0258  0.0258  0.0259  0.0257  0.0265  0.0258  0.0262  0.0258  0.0258  0.0256  0.0256
  0.0256  0.0255  0.0255  0.0256  0.0255  0.0259  0.0255  0.0257  0.0255  0.0255  0.0254  0.0254
  0.0253  0.0253  0.0253  0.0254  0.0254  0.0255  0.0253  0.0254  0.0253  0.0253  0.0253  0.0253
  0.0253  0.0253  0.0253  0.0253  0.0253  0.0253  0.0253  0.0253  0.0253  0.0253  0.0253  0.0253
  0.0254  0.0253  0.0253  0.0253  0.0253  0.0254  0.0253  0.0254  0.0253  0.0253  0.0253  0.0253
  0.0256  0.0255  0.0254  0.0255  0.0254  0.0258  0.0255  0.0257  0.0255  0.0255  0.0254  0.0254
  0.0260  0.0258  0.0257  0.0259  0.0257  0.0264  0.0258  0.0262  0.0257  0.0259  0.0256  0.0256
niter,ni,del,rscale     1    3    5.0000    0.4000
parameters
    0.1832   -4.2291   15.0527   -0.1425  -11.8337   -5.9482
    7.0649   -4.6219   -5.0253   14.6934    2.4313  -18.1653
eta,q 0.97475 12.45403
  0.0257  0.0256  0.0256  0.0257  0.0256  0.0261  0.0256  0.0259  0.0256  0.0256  0.0254  0.0255
  0.0254  0.0254  0.0254  0.0255  0.0254  0.0257  0.0254  0.0255  0.0254  0.0254  0.0253  0.0253
  0.0253  0.0253  0.0253  0.0253  0.0253  0.0254  0.0253  0.0253  0.0253  0.0253  0.0253  0.0253
  0.0253  0.0253  0.0253  0.0253  0.0253  0.0253  0.0252  0.0252  0.0252  0.0253  0.0252  0.0252
  0.0253  0.0253  0.0253  0.0253  0.0253  0.0253  0.0253  0.0253  0.0253  0.0253  0.0253  0.0253
  0.0255  0.0254  0.0254  0.0254  0.0253  0.0256  0.0254  0.0255  0.0254  0.0254  0.0253  0.0253
  0.0257  0.0256  0.0255  0.0257  0.0255  0.0260  0.0256  0.0259  0.0256  0.0257  0.0254  0.0255
registration optimization eta report
parameter search radius
    0.8000    0.8000    0.8000    2.4000    2.4000    2.4000
    2.4000    2.4000    2.4000    2.4000    2.4000    2.4000
100000*second partial in parameter space
       69.       55.       46.        7.        5.       14.
        6.       11.        5.        7.        3.        4.
  0.0257  0.0256  0.0256  0.0257  0.0256  0.0261  0.0256  0.0259  0.0256  0.0256  0.0254  0.0255
  0.0254  0.0254  0.0254  0.0255  0.0254  0.0257  0.0254  0.0255  0.0254  0.0254  0.0253  0.0253
  0.0253  0.0253  0.0253  0.0253  0.0253  0.0254  0.0253  0.0253  0.0253  0.0253  0.0253  0.0253
  0.0253  0.0253  0.0253  0.0253  0.0253  0.0253  0.0252  0.0252  0.0252  0.0253  0.0252  0.0252
  0.0253  0.0253  0.0253  0.0253  0.0253  0.0253  0.0253  0.0253  0.0253  0.0253  0.0253  0.0253
  0.0255  0.0254  0.0254  0.0254  0.0253  0.0256  0.0254  0.0255  0.0254  0.0254  0.0253  0.0253
  0.0257  0.0256  0.0255  0.0257  0.0255  0.0260  0.0256  0.0259  0.0256  0.0257  0.0254  0.0255
    0.1832   -4.2291   15.0527   -0.1425  -11.8337   -5.9482
    7.0649   -4.6219   -5.0253   14.6934    2.4313  -18.1653
eta,q 0.97475 12.45403

---------------------------------------------------------------------
imgreg_4dfp /opt/freesurfer/average/711-2C_as_mni_average_305 /opt/freesurfer/average/711-2B_as_mni_average_305_mask talsrcimg_g11 none talsrcimg_to_711-2C_as_mni_average_305_t4 2311
---------------------------------------------------------------------

freesurfer imgreg_4dfp.c
/opt/freesurfer/average/711-2C_as_mni_average_305.4dfp.img
       256       256       256         1
  1.000000  1.000000  1.000000
orientation T byte_order littleendian
Reading image: /opt/freesurfer/average/711-2C_as_mni_average_305.4dfp.img
dimensions:      256       256       256
mmppix:       1.0000   -1.0000   -1.0000
center:     128.0000 -129.0000 -129.0000
/opt/freesurfer/average/711-2B_as_mni_average_305_mask.4dfp.img
       256       256       256         1
  1.000000  1.000000  1.000000
orientation T byte_order littleendian
Reading mask: /opt/freesurfer/average/711-2B_as_mni_average_305_mask.4dfp.img (2306576 pixels)
talsrcimg_g11.4dfp.img
       256       256       256         1
  1.000000  1.000000  1.000000
orientation T byte_order littleendian
Reading image: talsrcimg_g11.4dfp.img
dimensions:      256       256       256
mmppix:       1.0000   -1.0000   -1.0000
center:     128.0000 -129.0000 -129.0000
fimgreg.f
image alignment mode   2311 decimal      907 hex
parameters
    0.1832   -4.2291   15.0527   -0.1425  -11.8337   -5.9482
    7.0649   -4.6219   -5.0253   14.6934    2.4313  -18.1653
eta,q 0.97475 12.45403
niter,ni,del,rscale     5    3    5.0000    0.8000
parameters
    0.1760   -4.2507   15.0892   -0.4273  -12.2742   -5.9500
    7.0155   -4.6843   -5.1158   14.6857    2.5008  -18.1029
eta,q 0.97471 12.42081
  0.0270  0.0266  0.0264  0.0266  0.0262  0.0278  0.0266  0.0276  0.0264  0.0268  0.0260  0.0261
  0.0260  0.0259  0.0258  0.0259  0.0258  0.0267  0.0259  0.0263  0.0258  0.0260  0.0256  0.0257
  0.0254  0.0254  0.0254  0.0254  0.0254  0.0257  0.0254  0.0255  0.0254  0.0255  0.0254  0.0254
  0.0252  0.0252  0.0252  0.0252  0.0253  0.0253  0.0253  0.0253  0.0253  0.0253  0.0253  0.0253
  0.0255  0.0254  0.0254  0.0254  0.0254  0.0256  0.0254  0.0256  0.0254  0.0254  0.0254  0.0254
  0.0261  0.0259  0.0257  0.0261  0.0259  0.0266  0.0259  0.0264  0.0258  0.0259  0.0256  0.0256
  0.0270  0.0267  0.0263  0.0272  0.0269  0.0279  0.0267  0.0277  0.0265  0.0269  0.0260  0.0261
niter,ni,del,rscale     4    3    5.0000    0.7000
parameters
    0.1849   -4.2675   15.1065   -0.3387  -12.1810   -5.9028
    7.0613   -4.6744   -5.0910   14.6474    2.4982  -18.0952
eta,q 0.97474 12.43023
  0.0266  0.0263  0.0262  0.0265  0.0261  0.0274  0.0263  0.0271  0.0262  0.0264  0.0258  0.0259
  0.0259  0.0257  0.0257  0.0259  0.0257  0.0264  0.0257  0.0261  0.0257  0.0258  0.0255  0.0256
  0.0254  0.0254  0.0254  0.0255  0.0255  0.0256  0.0254  0.0255  0.0254  0.0254  0.0253  0.0253
  0.0253  0.0253  0.0253  0.0253  0.0253  0.0253  0.0253  0.0253  0.0253  0.0253  0.0253  0.0253
  0.0254  0.0254  0.0254  0.0254  0.0253  0.0255  0.0254  0.0255  0.0254  0.0254  0.0253  0.0253
  0.0259  0.0258  0.0257  0.0257  0.0256  0.0263  0.0257  0.0261  0.0257  0.0258  0.0255  0.0255
  0.0266  0.0264  0.0261  0.0265  0.0262  0.0274  0.0263  0.0271  0.0262  0.0265  0.0258  0.0259
niter,ni,del,rscale     3    3    5.0000    0.6000
parameters
    0.1732   -4.2797   15.1222   -0.2692  -12.0204   -5.8457
    7.0829   -4.6869   -5.0448   14.5741    2.4835  -18.0991
eta,q 0.97474 12.44255
  0.0262  0.0260  0.0259  0.0262  0.0259  0.0269  0.0260  0.0266  0.0259  0.0261  0.0257  0.0257
  0.0257  0.0256  0.0256  0.0257  0.0256  0.0261  0.0256  0.0259  0.0256  0.0256  0.0254  0.0255
  0.0254  0.0254  0.0253  0.0254  0.0254  0.0255  0.0253  0.0254  0.0253  0.0254  0.0253  0.0253
  0.0253  0.0253  0.0253  0.0253  0.0253  0.0253  0.0253  0.0253  0.0253  0.0253  0.0253  0.0253
  0.0254  0.0254  0.0253  0.0253  0.0253  0.0254  0.0253  0.0254  0.0253  0.0253  0.0253  0.0253
  0.0257  0.0256  0.0256  0.0256  0.0255  0.0260  0.0256  0.0259  0.0255  0.0256  0.0254  0.0255
  0.0263  0.0261  0.0259  0.0262  0.0259  0.0269  0.0260  0.0267  0.0259  0.0262  0.0257  0.0257
niter,ni,del,rscale     2    3    5.0000    0.5000
parameters
    0.1573   -4.2958   15.1432   -0.2119  -11.8471   -5.7857
    7.1089   -4.7120   -5.0124   14.4687    2.4720  -18.0885
eta,q 0.97476 12.45455
  0.0259  0.0258  0.0257  0.0259  0.0258  0.0265  0.0258  0.0262  0.0257  0.0258  0.0255  0.0256
  0.0256  0.0255  0.0255  0.0256  0.0255  0.0259  0.0255  0.0257  0.0255  0.0255  0.0254  0.0254
  0.0253  0.0253  0.0253  0.0253  0.0254  0.0254  0.0253  0.0254  0.0253  0.0253  0.0253  0.0253
  0.0253  0.0253  0.0253  0.0253  0.0253  0.0252  0.0252  0.0252  0.0252  0.0252  0.0252  0.0252
  0.0253  0.0253  0.0253  0.0253  0.0253  0.0254  0.0253  0.0254  0.0253  0.0253  0.0253  0.0253
  0.0256  0.0255  0.0254  0.0255  0.0254  0.0258  0.0255  0.0257  0.0254  0.0255  0.0254  0.0254
  0.0260  0.0258  0.0257  0.0259  0.0257  0.0264  0.0258  0.0263  0.0257  0.0259  0.0255  0.0256
niter,ni,del,rscale     1    3    5.0000    0.4000
parameters
    0.1396   -4.3200   15.1648   -0.1616  -11.6776   -5.7326
    7.1241   -4.7334   -4.9826   14.3514    2.4661  -18.0752
eta,q 0.97476 12.46536
  0.0257  0.0256  0.0256  0.0257  0.0256  0.0261  0.0256  0.0259  0.0256  0.0256  0.0254  0.0254
  0.0254  0.0254  0.0254  0.0255  0.0254  0.0257  0.0254  0.0255  0.0254  0.0254  0.0253  0.0253
  0.0253  0.0253  0.0253  0.0253  0.0253  0.0254  0.0253  0.0253  0.0253  0.0253  0.0253  0.0253
  0.0252  0.0252  0.0252  0.0252  0.0252  0.0252  0.0252  0.0252  0.0252  0.0252  0.0252  0.0252
  0.0253  0.0253  0.0253  0.0253  0.0252  0.0253  0.0253  0.0253  0.0253  0.0253  0.0253  0.0253
  0.0255  0.0254  0.0254  0.0254  0.0253  0.0256  0.0254  0.0255  0.0254  0.0254  0.0253  0.0253
  0.0257  0.0256  0.0255  0.0257  0.0255  0.0260  0.0256  0.0259  0.0255  0.0257  0.0254  0.0254
registration optimization eta report
parameter search radius
    0.8000    0.8000    0.8000    2.4000    2.4000    2.4000
    2.4000    2.4000    2.4000    2.4000    2.4000    2.4000
100000*second partial in parameter space
       69.       56.       46.        7.        6.       14.
        6.       11.        5.        7.        3.        4.
  0.0257  0.0256  0.0256  0.0257  0.0256  0.0261  0.0256  0.0259  0.0256  0.0256  0.0254  0.0254
  0.0254  0.0254  0.0254  0.0255  0.0254  0.0257  0.0254  0.0255  0.0254  0.0254  0.0253  0.0253
  0.0253  0.0253  0.0253  0.0253  0.0253  0.0254  0.0253  0.0253  0.0253  0.0253  0.0253  0.0253
  0.0252  0.0252  0.0252  0.0252  0.0252  0.0252  0.0252  0.0252  0.0252  0.0252  0.0252  0.0252
  0.0253  0.0253  0.0253  0.0253  0.0252  0.0253  0.0253  0.0253  0.0253  0.0253  0.0253  0.0253
  0.0255  0.0254  0.0254  0.0254  0.0253  0.0256  0.0254  0.0255  0.0254  0.0254  0.0253  0.0253
  0.0257  0.0256  0.0255  0.0257  0.0255  0.0260  0.0256  0.0259  0.0255  0.0257  0.0254  0.0254
    0.1396   -4.3200   15.1648   -0.1616  -11.6776   -5.7326
    7.1241   -4.7334   -4.9826   14.3514    2.4661  -18.0752
eta,q 0.97476 12.46536

---------------------------------------------------------------------
compute_vox2vox talsrcimg talsrcimg_to_711-2C_as_mni_average_305_t4 /opt/freesurfer/average/711-2C_as_mni_average_305
---------------------------------------------------------------------

freesurfer compute_vox2vox.c
Reading: talsrcimg.4dfp.ifh
Reading: talsrcimg_to_711-2C_as_mni_average_305_t4
Reading: /opt/freesurfer/average/711-2C_as_mni_average_305.4dfp.ifh
Writing: talsrcimg_to_711-2C_as_mni_average_305_t4_vox2vox.txt

start time Tue Mar 10 00:15:14 CET 2026
end		time Tue Mar 10 00:16:40 CET 2026

mpr2mni305 success

avi2talxfm orig_nu.mgz /opt/freesurfer/average/mni305.cor.mgz talsrcimg_to_711-2C_as_mni_average_305_t4_vox2vox.txt transforms/talairach.auto.xfm
avi2talxfm done
mv -f /out/sourcedata/freesurfer/sub-v1s3x0050791_ses-1/mri/talsrcimg_to_711-2C_as_mni_average_305_t4_vox2vox.txt /out/sourcedata/freesurfer/sub-v1s3x0050791_ses-1/mri/transforms/talsrcimg_to_711-2C_as_mni_average_305_t4_vox2vox.txt
lta_convert --src orig_nu.mgz --trg /opt/freesurfer/average/mni305.cor.mgz --inxfm transforms/talairach.auto.xfm --outlta transforms/talairach.auto.xfm.lta --subject fsaverage
7.3.2

--src: orig_nu.mgz src image (geometry).
--trg: /opt/freesurfer/average/mni305.cor.mgz trg image (geometry).
--inmni: transforms/talairach.auto.xfm input MNI/XFM transform.
--outlta: transforms/talairach.auto.xfm.lta output LTA.
--s: fsaverage subject name
 LTA read, type : 1
 0.99673   0.06041  -0.06803   0.58572;
-0.01483   1.02786   0.21155   4.36258;
 0.05864  -0.16361   1.09400  -1.31018;
 0.00000   0.00000   0.00000   1.00000;
setting subject to fsaverage
Writing  LTA to file transforms/talairach.auto.xfm.lta...
lta_convert successful.
 
 
Started at Tue Mar 10 00:15:14 CET 2026
Ended   at Tue Mar 10 00:16:40 CET 2026
talairach_avi done
