status file for recon-all
Tue Mar 10 00:29:52 CET 2026
#@# Tessellate lh Tue Mar 10 00:29:52 CET 2026
#@# Smooth1 lh Tue Mar 10 00:29:56 CET 2026
#@# Inflation1 lh Tue Mar 10 00:29:59 CET 2026
#@# QSphere lh Tue Mar 10 00:30:13 CET 2026
#@# Fix Topology lh Tue Mar 10 00:31:22 CET 2026
#@# Smooth2 lh Tue Mar 10 00:38:10 CET 2026
#@# Inflation2 lh Tue Mar 10 00:38:13 CET 2026
#@# Curv .H and .K lh Tue Mar 10 00:38:33 CET 2026
#@# Sphere lh Tue Mar 10 00:39:25 CET 2026
#@# Surf Reg lh Tue Mar 10 00:43:25 CET 2026
#@# Jacobian white lh Tue Mar 10 00:47:38 CET 2026
#@# AvgCurv lh Tue Mar 10 00:47:39 CET 2026
#@# Cortical Parc lh Tue Mar 10 00:47:40 CET 2026
#@# white curv lh Tue Mar 10 00:55:47 CET 2026
#@# white area lh Tue Mar 10 00:55:49 CET 2026
#@# pial curv lh Tue Mar 10 00:55:50 CET 2026
#@# pial area lh Tue Mar 10 00:55:52 CET 2026
#@# thickness lh Tue Mar 10 00:55:53 CET 2026
#@# area and vertex vol lh Tue Mar 10 00:56:26 CET 2026
#@# Curvature Stats lh Tue Mar 10 00:56:27 CET 2026
#@# Cortical Parc 2 lh Tue Mar 10 00:56:30 CET 2026
#@# Cortical Parc 3 lh Tue Mar 10 00:56:46 CET 2026
#@# WM/GM Contrast lh Tue Mar 10 00:56:57 CET 2026
recon-all -s sub-v1s3x0050772_ses-1 finished without error at Tue Mar 10 00:57:00 CET 2026



#New# invocation of recon-all 



status file for recon-all
Tue Mar 10 01:31:59 CET 2026
#@# white curv lh Tue Mar 10 01:31:59 CET 2026
#@# white area lh Tue Mar 10 01:31:59 CET 2026
#@# pial curv lh Tue Mar 10 01:31:59 CET 2026
#@# pial area lh Tue Mar 10 01:31:59 CET 2026
#@# thickness lh Tue Mar 10 01:31:59 CET 2026
#@# area and vertex vol lh Tue Mar 10 01:31:59 CET 2026
#@# Parcellation Stats lh Tue Mar 10 01:31:59 CET 2026
#@# Parcellation Stats 2 lh Tue Mar 10 01:32:21 CET 2026
#@# Parcellation Stats 3 lh Tue Mar 10 01:32:32 CET 2026
#@# BA_exvivo Labels lh Tue Mar 10 01:32:43 CET 2026
recon-all -s sub-v1s3x0050772_ses-1 finished without error at Tue Mar 10 01:35:41 CET 2026
