/out/sourcedata/freesurfer/sub-v1s3x0050822_ses-1/mri
/opt/freesurfer/bin/talairach_avi
--i orig_nu.mgz --xfm transforms/talairach.auto.xfm
talairach_avi 7.3.2
Linux dna065 5.14.0-427.37.1.el9_4.x86_64 #1 SMP PREEMPT_DYNAMIC Fri Sep 13 12:41:50 EDT 2024 x86_64 x86_64 x86_64 GNU/Linux
Tue Mar 10 01:39:46 CET 2026
mri_convert orig_nu.mgz talsrcimg.img 
reading from orig_nu.mgz...
TR=0.00, TE=0.00, TI=0.00, flip angle=0.00
i_ras = (-1, 0, 0)
j_ras = (0, 0, -1)
k_ras = (0, 1, 0)
writing to talsrcimg.img...
Analyze Output Matrix
-1.00000   0.00000   0.00000   129.53319;
 0.00000   0.00000   1.00000  -136.62273;
 0.00000  -1.00000   0.00000   123.31772;
 0.00000   0.00000   0.00000   1.00000;
--------------------
INFO: set hdr.hist.orient to -1
mpr2mni305 talsrcimg
Tue Mar 10 01:39:46 CET 2026
/opt/freesurfer/bin/mpr2mni305 talsrcimg
mpr2mni305 7.3.2
target=711-2C_as_mni_average_305

---------------------------------------------------------------------
analyzeto4dfp talsrcimg -O0 -y
---------------------------------------------------------------------

freesurfer ifh2hdr.c
Tue Mar 10 01:39:47 2026
Writing: talsrcimg.4dfp.hdr
freesurfer analyzeto4dfp.c
Reading: talsrcimg.hdr
header size 348 bytes
hdr.dime.datatype	offset=70	value=2
hdr.dime.bitpix		offset=72	value=8
hdr.hist.orient		offset=252	value=-1
dimensionality     4
dimensions       256       256       256         1
Reading: talsrcimg.img
Writing: talsrcimg.4dfp.img
Writing: talsrcimg.4dfp.ifh
ifh2hdr talsrcimg -r0to241
ori=2

---------------------------------------------------------------------
gauss_4dfp talsrcimg 1.1
---------------------------------------------------------------------

freesurfer gauss_4dfp.c
Reading: talsrcimg.4dfp.img
Writing: talsrcimg_g11.4dfp.img
image dimensions 256 256 256 padded to 288 288 288
processing volume 1freesurfer ifh2hdr.c
Tue Mar 10 01:39:48 2026
Writing: talsrcimg_g11.4dfp.hdr

Writing: talsrcimg_g11.4dfp.ifh
including: talsrcimg.4dfp.img.rec in talsrcimg_g11.4dfp.img.rec

---------------------------------------------------------------------
imgreg_4dfp /opt/freesurfer/average/711-2C_as_mni_average_305 none talsrcimg_g11 none talsrcimg_to_711-2C_as_mni_average_305_t4 4355
---------------------------------------------------------------------

freesurfer imgreg_4dfp.c
/opt/freesurfer/average/711-2C_as_mni_average_305.4dfp.img
       256       256       256         1
  1.000000  1.000000  1.000000
orientation T byte_order littleendian
Reading image: /opt/freesurfer/average/711-2C_as_mni_average_305.4dfp.img
dimensions:      256       256       256
mmppix:       1.0000   -1.0000   -1.0000
center:     128.0000 -129.0000 -129.0000
talsrcimg_g11.4dfp.img
       256       256       256         1
  1.000000  1.000000  1.000000
orientation T byte_order littleendian
Reading image: talsrcimg_g11.4dfp.img
dimensions:      256       256       256
mmppix:       1.0000   -1.0000   -1.0000
center:     128.0000 -129.0000 -129.0000
t4_read: open error in t4_sub.f l:  41 t4_file(1:l)talsrcimg_to_711-2C_as_mni_average_305_t4 
t4_read: transform initialized to I4
rotation matrix determinant  1.000000
image alignment mode   4355 decimal     1103 hex
   -7.5000  -45.0000  -45.0000 7535.6323   24.1106
    0.0000  -45.0000  -45.0000 7878.5615   24.1128
    7.5000  -45.0000  -45.0000 7491.4287   24.0712
   -7.5000  -37.5000  -45.0000 8048.9556   24.1268
    0.0000  -37.5000  -45.0000 8411.9268   24.1505
    7.5000  -37.5000  -45.0000 8001.9351   24.1253
   -7.5000  -30.0000  -45.0000 8819.1934   24.1217
    0.0000  -30.0000  -45.0000 9207.7998   24.1583
    7.5000  -30.0000  -45.0000 8761.0645   24.1447
   -7.5000  -22.5000  -45.0000 9481.3311   24.0921
    0.0000  -22.5000  -45.0000 9908.8418   24.1179
    7.5000  -22.5000  -45.0000 9418.1699   24.0990
   -7.5000  -15.0000  -45.000010031.2197   24.0709
    0.0000  -15.0000  -45.000010518.6875   24.0740
    7.5000  -15.0000  -45.0000 9965.4160   24.0382
   -7.5000   -7.5000  -45.000010599.8896   24.0842
    0.0000   -7.5000  -45.000011127.9785   24.0767
    7.5000   -7.5000  -45.000010520.5029   24.0298
   -7.5000    0.0000  -45.000011093.9453   24.1106
    0.0000    0.0000  -45.000011611.1562   24.1127
    7.5000    0.0000  -45.000011001.7139   24.0712
   -7.5000    7.5000  -45.000010715.9863   24.1268
    0.0000    7.5000  -45.000011182.4043   24.1505
    7.5000    7.5000  -45.000010634.0615   24.1253
   -7.5000   15.0000  -45.000010317.2422   24.1217
    0.0000   15.0000  -45.000010750.9805   24.1583
    7.5000   15.0000  -45.000010238.7529   24.1447
   -7.5000   22.5000  -45.0000 9737.0000   24.0887
    0.0000   22.5000  -45.000010138.9570   24.1146
    7.5000   22.5000  -45.0000 9647.6562   24.0956
   -7.5000   30.0000  -45.0000 8848.3574   23.7501
    0.0000   30.0000  -45.0000 9180.1553   23.7532
    7.5000   30.0000  -45.0000 8723.1553   23.7179
   -7.5000   37.5000  -45.0000 8277.2471   23.7633
    0.0000   37.5000  -45.0000 8543.1533   23.7558
    7.5000   37.5000  -45.0000 8117.8296   23.7096
   -7.5000   45.0000  -45.0000 7481.4932   23.1852
    0.0000   45.0000  -45.0000 7695.1162   23.1873
    7.5000   45.0000  -45.0000 7348.8481   23.1473
   -7.5000  -45.0000  -37.5000 8123.6797   24.0652
    0.0000  -45.0000  -37.5000 8504.0264   24.0881
    7.5000  -45.0000  -37.5000 8071.7461   24.0522
   -7.5000  -37.5000  -37.5000 8672.4443   24.0992
    0.0000  -37.5000  -37.5000 9060.7637   24.1338
    7.5000  -37.5000  -37.5000 8583.4180   24.1141
   -7.5000  -30.0000  -37.5000 9496.5312   24.1066
    0.0000  -30.0000  -37.5000 9923.6514   24.1494
    7.5000  -30.0000  -37.5000 9392.5938   24.1387
   -7.5000  -22.5000  -37.500010163.6260   24.0686
    0.0000  -22.5000  -37.500010653.6777   24.1058
    7.5000  -22.5000  -37.500010059.9990   24.0881
   -7.5000  -15.0000  -37.500010751.2500   24.0310
    0.0000  -15.0000  -37.500011329.5508   24.0546
    7.5000  -15.0000  -37.500010640.9658   24.0210
   -7.5000   -7.5000  -37.500011353.9365   24.0350
    0.0000   -7.5000  -37.500011934.0078   24.0526
    7.5000   -7.5000  -37.500011207.9521   24.0096
   -7.5000    0.0000  -37.500011847.2275   24.0652
    0.0000    0.0000  -37.500012411.1895   24.0881
    7.5000    0.0000  -37.500011716.2139   24.0522
   -7.5000    7.5000  -37.500011423.8857   24.0992
    0.0000    7.5000  -37.500011934.1553   24.1338
    7.5000    7.5000  -37.500011305.8740   24.1141
   -7.5000   15.0000  -37.500010982.2354   24.1066
    0.0000   15.0000  -37.500011451.9766   24.1494
    7.5000   15.0000  -37.500010839.5176   24.1387
   -7.5000   22.5000  -37.500010366.6113   24.0653
    0.0000   22.5000  -37.500010830.0391   24.1025
    7.5000   22.5000  -37.500010228.4629   24.0848
   -7.5000   30.0000  -37.5000 9366.6777   23.7107
    0.0000   30.0000  -37.5000 9771.5547   23.7341
    7.5000   30.0000  -37.5000 9232.7188   23.7009
   -7.5000   37.5000  -37.5000 8702.0381   23.7147
    0.0000   37.5000  -37.5000 9048.7168   23.7321
    7.5000   37.5000  -37.5000 8575.4316   23.6896
   -7.5000   45.0000  -37.5000 7872.1958   23.1416
    0.0000   45.0000  -37.5000 8141.1626   23.1636
    7.5000   45.0000  -37.5000 7763.4121   23.1291
   -7.5000  -45.0000  -30.0000 8826.8281   25.0731
    0.0000  -45.0000  -30.0000 9235.5498   25.1194
    7.5000  -45.0000  -30.0000 8758.6025   25.0845
   -7.5000  -37.5000  -30.0000 9374.5674   25.1308
    0.0000  -37.5000  -30.0000 9805.9004   25.1809
    7.5000  -37.5000  -30.0000 9291.6895   25.1612
   -7.5000  -30.0000  -30.000010228.3691   25.1554
    0.0000  -30.0000  -30.000010711.1299   25.2092
    7.5000  -30.0000  -30.000010133.3311   25.1972
   -7.5000  -22.5000  -30.000010956.5977   25.1083
    0.0000  -22.5000  -30.000011479.7773   25.1595
    7.5000  -22.5000  -30.000010866.6523   25.1395
   -7.5000  -15.0000  -30.000011615.4863   25.0456
    0.0000  -15.0000  -30.000012209.0430   25.0904
    7.5000  -15.0000  -30.000011488.2832   25.0555
   -7.5000   -7.5000  -30.000012260.1895   25.0348
    0.0000   -7.5000  -30.000012907.5615   25.0785
    7.5000   -7.5000  -30.000012090.1504   25.0363
   -7.5000    0.0000  -30.000012776.6875   25.0731
    0.0000    0.0000  -30.000013437.5010   25.1193
    7.5000    0.0000  -30.000012606.3096   25.0844
   -7.5000    7.5000  -30.000012284.2275   25.1308
    0.0000    7.5000  -30.000012892.9609   25.1809
    7.5000    7.5000  -30.000012128.6016   25.1612
   -7.5000   15.0000  -30.000011736.4346   25.1554
    0.0000   15.0000  -30.000012311.1943   25.2092
    7.5000   15.0000  -30.000011588.3916   25.1972
   -7.5000   22.5000  -30.000011067.2334   25.1023
    0.0000   22.5000  -30.000011597.0928   25.1535
    7.5000   22.5000  -30.000010919.6738   25.1334
   -7.5000   30.0000  -30.000010001.5674   24.7142
    0.0000   30.0000  -30.000010449.7549   24.7584
    7.5000   30.0000  -30.0000 9862.1270   24.7240
   -7.5000   37.5000  -30.0000 9298.4150   24.7035
    0.0000   37.5000  -30.0000 9671.9258   24.7466
    7.5000   37.5000  -30.0000 9171.7764   24.7050
   -7.5000   45.0000  -30.0000 8407.3311   24.1285
    0.0000   45.0000  -30.0000 8720.7412   24.1730
    7.5000   45.0000  -30.0000 8288.0928   24.1394
   -7.5000  -45.0000  -22.5000 9536.6660   25.9511
    0.0000  -45.0000  -22.5000 9955.5820   26.0015
    7.5000  -45.0000  -22.5000 9444.9258   25.9632
   -7.5000  -37.5000  -22.500010096.6162   26.0130
    0.0000  -37.5000  -22.500010553.2461   26.0690
    7.5000  -37.5000  -22.5000 9993.1104   26.0448
   -7.5000  -30.0000  -22.500010975.0879   26.0419
    0.0000  -30.0000  -22.500011497.9482   26.1021
    7.5000  -30.0000  -22.500010875.5723   26.0873
   -7.5000  -22.5000  -22.500011752.2041   25.9956
    0.0000  -22.5000  -22.500012297.0732   26.0511
    7.5000  -22.5000  -22.500011642.6816   26.0292
   -7.5000  -15.0000  -22.500012470.4932   25.9257
    0.0000  -15.0000  -22.500013080.9404   25.9730
    7.5000  -15.0000  -22.500012326.8438   25.9368
   -7.5000   -7.5000  -22.500013204.1904   25.9100
    0.0000   -7.5000  -22.500013855.8086   25.9564
    7.5000   -7.5000  -22.500012966.3105   25.9130
   -7.5000    0.0000  -22.500013779.0723   25.9510
    0.0000    0.0000  -22.500014493.4307   26.0014
    7.5000    0.0000  -22.500013535.4932   25.9631
   -7.5000    7.5000  -22.500013216.3848   26.0130
    0.0000    7.5000  -22.500013912.6904   26.0690
    7.5000    7.5000  -22.500013012.1318   26.0448
   -7.5000   15.0000  -22.500012534.2109   26.0419
    0.0000   15.0000  -22.500013201.6299   26.1021
    7.5000   15.0000  -22.500012346.4707   26.0873
   -7.5000   22.5000  -22.500011802.2305   25.9876
    0.0000   22.5000  -22.500012400.9785   26.0430
    7.5000   22.5000  -22.500011632.7920   26.0212
   -7.5000   30.0000  -22.500010652.7393   25.5866
    0.0000   30.0000  -22.500011152.9570   25.6333
    7.5000   30.0000  -22.500010490.2129   25.5975
   -7.5000   37.5000  -22.5000 9926.6943   25.5711
    0.0000   37.5000  -22.500010330.1973   25.6169
    7.5000   37.5000  -22.5000 9748.0234   25.5740
   -7.5000   45.0000  -22.5000 8958.1191   24.9921
    0.0000   45.0000  -22.5000 9309.1289   25.0407
    7.5000   45.0000  -22.5000 8791.4170   25.0038
   -7.5000  -45.0000  -15.000010251.8408   26.5939
    0.0000  -45.0000  -15.000010686.3799   26.6272
    7.5000  -45.0000  -15.000010142.9990   26.5822
   -7.5000  -37.5000  -15.000010824.2012   26.6373
    0.0000  -37.5000  -15.000011307.7480   26.6855
    7.5000  -37.5000  -15.000010716.3574   26.6558
   -7.5000  -30.0000  -15.000011749.2559   26.6520
    0.0000  -30.0000  -15.000012289.2783   26.7078
    7.5000  -30.0000  -15.000011632.9102   26.6912
   -7.5000  -22.5000  -15.000012553.7871   26.6125
    0.0000  -22.5000  -15.000013128.4395   26.6577
    7.5000  -22.5000  -15.000012426.7568   26.6355
   -7.5000  -15.0000  -15.000013322.3008   26.5594
    0.0000  -15.0000  -15.000013943.8164   26.5876
    7.5000  -15.0000  -15.000013149.5850   26.5492
   -7.5000   -7.5000  -15.000014060.9209   26.5554
    0.0000   -7.5000  -15.000014757.4941   26.5793
    7.5000   -7.5000  -15.000013780.9707   26.5310
   -7.5000    0.0000  -15.000014713.0635   26.5938
    0.0000    0.0000  -15.000015513.3281   26.6271
    7.5000    0.0000  -15.000014404.4590   26.5821
   -7.5000    7.5000  -15.000014176.7090   26.6373
    0.0000    7.5000  -15.000014949.9961   26.6855
    7.5000    7.5000  -15.000013886.0771   26.6558
   -7.5000   15.0000  -15.000013386.3096   26.6520
    0.0000   15.0000  -15.000014111.3447   26.7078
    7.5000   15.0000  -15.000013123.5605   26.6912
   -7.5000   22.5000  -15.000012567.2881   26.6031
    0.0000   22.5000  -15.000013213.7793   26.6483
    7.5000   22.5000  -15.000012306.1895   26.6261
   -7.5000   30.0000  -15.000011321.2275   26.2157
    0.0000   30.0000  -15.000011855.3867   26.2435
    7.5000   30.0000  -15.000011101.9512   26.2056
   -7.5000   37.5000  -15.000010509.2861   26.2118
    0.0000   37.5000  -15.000010978.7324   26.2354
    7.5000   37.5000  -15.000010304.0566   26.1877
   -7.5000   45.0000  -15.0000 9497.1230   25.6266
    0.0000   45.0000  -15.0000 9874.5508   25.6587
    7.5000   45.0000  -15.0000 9301.7910   25.6153
   -7.5000  -45.0000   -7.500011005.6973   26.9079
    0.0000  -45.0000   -7.500011466.3350   26.9161
    7.5000  -45.0000   -7.500010900.4033   26.8669
   -7.5000  -37.5000   -7.500011621.0156   26.9290
    0.0000  -37.5000   -7.500012090.2559   26.9617
    7.5000  -37.5000   -7.500011495.6963   26.9297
   -7.5000  -30.0000   -7.500012598.8994   26.9261
    0.0000  -30.0000   -7.500013138.2109   26.9714
    7.5000  -30.0000   -7.500012476.6172   26.9541
   -7.5000  -22.5000   -7.500013441.0400   26.8938
    0.0000  -22.5000   -7.500014027.7432   26.9243
    7.5000  -22.5000   -7.500013293.8408   26.9017
   -7.5000  -15.0000   -7.500014268.5498   26.8640
    0.0000  -15.0000   -7.500014880.2158   26.8688
    7.5000  -15.0000   -7.500014035.8740   26.8276
   -7.5000   -7.5000   -7.500015030.9170   26.8753
    0.0000   -7.5000   -7.500015693.3740   26.8704
    7.5000   -7.5000   -7.500014698.8682   26.8173
   -7.5000    0.0000   -7.500015691.3887   26.9079
    0.0000    0.0000   -7.500016479.2773   26.9161
    7.5000    0.0000   -7.500015338.4736   26.8668
   -7.5000    7.5000   -7.500015152.2549   26.9290
    0.0000    7.5000   -7.500015902.1357   26.9617
    7.5000    7.5000   -7.500014784.0635   26.9297
   -7.5000   15.0000   -7.500014292.3711   26.9261
    0.0000   15.0000   -7.500015001.4268   26.9714
    7.5000   15.0000   -7.500013948.3320   26.9541
   -7.5000   22.5000   -7.500013372.9492   26.8814
    0.0000   22.5000   -7.500014027.3301   26.9119
    7.5000   22.5000   -7.500013021.1924   26.8893
   -7.5000   30.0000   -7.500012044.9277   26.5156
    0.0000   30.0000   -7.500012615.9121   26.5204
    7.5000   30.0000   -7.500011735.3584   26.4797
   -7.5000   37.5000   -7.500011181.0469   26.5268
    0.0000   37.5000   -7.500011688.9277   26.5219
    7.5000   37.5000   -7.500010933.1406   26.4695
   -7.5000   45.0000   -7.500010087.4658   25.9341
    0.0000   45.0000   -7.500010474.4248   25.9420
    7.5000   45.0000   -7.5000 9862.9336   25.8945
   -7.5000  -45.0000    0.000011647.4395   26.9479
    0.0000  -45.0000    0.000012110.1885   26.9507
    7.5000  -45.0000    0.000011547.9570   26.9045
   -7.5000  -37.5000    0.000012298.4658   26.9653
    0.0000  -37.5000    0.000012770.2412   26.9922
    7.5000  -37.5000    0.000012176.1318   26.9643
   -7.5000  -30.0000    0.000013298.4150   26.9595
    0.0000  -30.0000    0.000013813.9209   27.0006
    7.5000  -30.0000    0.000013218.9219   26.9856
   -7.5000  -22.5000    0.000014262.4688   26.9269
    0.0000  -22.5000    0.000014834.2822   26.9558
    7.5000  -22.5000    0.000014144.1826   26.9346
   -7.5000  -15.0000    0.000015172.2686   26.9037
    0.0000  -15.0000    0.000015849.3418   26.9073
    7.5000  -15.0000    0.000014913.2480   26.8673
   -7.5000   -7.5000    0.000015927.0430   26.9189
    0.0000   -7.5000    0.000016642.2891   26.9107
    7.5000   -7.5000    0.000015621.6055   26.8584
   -7.5000    0.0000    0.000016621.4727   26.9478
    0.0000    0.0000    0.000017406.9258   26.9507
    7.5000    0.0000    0.000016307.4541   26.9045
   -7.5000    7.5000    0.000015996.8789   26.9653
    0.0000    7.5000    0.000016731.8125   26.9922
    7.5000    7.5000    0.000015692.6074   26.9643
   -7.5000   15.0000    0.000015035.4092   26.9595
    0.0000   15.0000    0.000015724.0205   27.0006
    7.5000   15.0000    0.000014764.0918   26.9856
   -7.5000   22.5000    0.000013987.4141   26.9145
    0.0000   22.5000    0.000014597.0547   26.9434
    7.5000   22.5000    0.000013676.4385   26.9222
   -7.5000   30.0000    0.000012661.8184   26.5556
    0.0000   30.0000    0.000013201.5254   26.5591
    7.5000   30.0000    0.000012346.0430   26.5196
   -7.5000   37.5000    0.000011780.3750   26.5705
    0.0000   37.5000    0.000012300.4756   26.5624
    7.5000   37.5000    0.000011494.4287   26.5108
   -7.5000   45.0000    0.000010605.5264   25.9746
    0.0000   45.0000    0.000011054.9658   25.9773
    7.5000   45.0000    0.000010386.8926   25.9328
   -7.5000  -45.0000    7.500011369.7266   26.9296
    0.0000  -45.0000    7.500011760.3340   26.9553
    7.5000  -45.0000    7.500011300.4922   26.9151
   -7.5000  -37.5000    7.500011965.3457   26.9676
    0.0000  -37.5000    7.500012393.4531   27.0063
    7.5000  -37.5000    7.500011905.4492   26.9843
   -7.5000  -30.0000    7.500012963.5664   26.9759
    0.0000  -30.0000    7.500013394.5410   27.0238
    7.5000  -30.0000    7.500012934.0615   27.0118
   -7.5000  -22.5000    7.500013957.8750   26.9334
    0.0000  -22.5000    7.500014448.6182   26.9750
    7.5000  -22.5000    7.500013888.2168   26.9552
   -7.5000  -15.0000    7.500014806.4258   26.8913
    0.0000  -15.0000    7.500015340.9404   26.9178
    7.5000  -15.0000    7.500014685.7910   26.8801
   -7.5000   -7.5000    7.500015384.9102   26.8958
    0.0000   -7.5000    7.500015910.2900   26.9155
    7.5000   -7.5000    7.500015308.5479   26.8673
   -7.5000    0.0000    7.500016077.2617   26.9296
    0.0000    0.0000    7.500016625.2441   26.9552
    7.5000    0.0000    7.500015966.7148   26.9151
   -7.5000    7.5000    7.500015511.8096   26.9676
    0.0000    7.5000    7.500016064.8984   27.0063
    7.5000    7.5000    7.500015346.0625   26.9843
   -7.5000   15.0000    7.500014531.6543   26.9759
    0.0000   15.0000    7.500015063.3125   27.0238
    7.5000   15.0000    7.500014382.6963   27.0118
   -7.5000   22.5000    7.500013480.5684   26.9210
    0.0000   22.5000    7.500013985.8584   26.9626
    7.5000   22.5000    7.500013256.2275   26.9428
   -7.5000   30.0000    7.500012223.5781   26.5433
    0.0000   30.0000    7.500012674.3027   26.5694
    7.5000   30.0000    7.500011983.3066   26.5323
   -7.5000   37.5000    7.500011416.9229   26.5477
    0.0000   37.5000    7.500011850.8799   26.5672
    7.5000   37.5000    7.500011167.7666   26.5196
   -7.5000   45.0000    7.500010327.4219   25.9570
    0.0000   45.0000    7.500010715.8975   25.9817
    7.5000   45.0000    7.500010102.3867   25.9430
   -7.5000  -45.0000   15.000010984.4951   26.9244
    0.0000  -45.0000   15.000011406.9053   26.9741
    7.5000  -45.0000   15.000010919.1680   26.9366
   -7.5000  -37.5000   15.000011492.5205   26.9864
    0.0000  -37.5000   15.000011906.0361   27.0401
    7.5000  -37.5000   15.000011474.8018   27.0190
   -7.5000  -30.0000   15.000012401.8828   27.0127
    0.0000  -30.0000   15.000012816.7148   27.0706
    7.5000  -30.0000   15.000012422.4785   27.0577
   -7.5000  -22.5000   15.000013375.9141   26.9622
    0.0000  -22.5000   15.000013832.7852   27.0172
    7.5000  -22.5000   15.000013361.1201   26.9957
   -7.5000  -15.0000   15.000014251.4453   26.8949
    0.0000  -15.0000   15.000014652.5508   26.9430
    7.5000  -15.0000   15.000014222.4570   26.9055
   -7.5000   -7.5000   15.000014897.7549   26.8832
    0.0000   -7.5000   15.000015256.9619   26.9302
    7.5000   -7.5000   15.000014916.5332   26.8848
   -7.5000    0.0000   15.000015622.8477   26.9244
    0.0000    0.0000   15.000016013.7607   26.9740
    7.5000    0.0000   15.000015530.2471   26.9366
   -7.5000    7.5000   15.000015064.0986   26.9864
    0.0000    7.5000   15.000015554.0303   27.0401
    7.5000    7.5000   15.000014875.6582   27.0190
   -7.5000   15.0000   15.000014017.0146   27.0127
    0.0000   15.0000   15.000014574.8516   27.0706
    7.5000   15.0000   15.000013873.3457   27.0577
   -7.5000   22.5000   15.000012919.4180   26.9498
    0.0000   22.5000   15.000013445.5254   27.0047
    7.5000   22.5000   15.000012743.2217   26.9832
   -7.5000   30.0000   15.000011684.9219   26.5468
    0.0000   30.0000   15.000012128.6074   26.5943
    7.5000   30.0000   15.000011487.9824   26.5573
   -7.5000   37.5000   15.000010916.9668   26.5353
    0.0000   37.5000   15.000011293.3613   26.5816
    7.5000   37.5000   15.000010697.8555   26.5369
   -7.5000   45.0000   15.0000 9853.1816   25.9520
    0.0000   45.0000   15.000010204.8691   25.9999
    7.5000   45.0000   15.0000 9684.9990   25.9637
   -7.5000  -45.0000   22.500010466.8906   26.9393
    0.0000  -45.0000   22.500010870.4961   26.9916
    7.5000  -45.0000   22.500010448.9404   26.9518
   -7.5000  -37.5000   22.500010950.8691   27.0036
    0.0000  -37.5000   22.500011355.7754   27.0617
    7.5000  -37.5000   22.500010961.7920   27.0366
   -7.5000  -30.0000   22.500011850.0547   27.0336
    0.0000  -30.0000   22.500012286.4258   27.0961
    7.5000  -30.0000   22.500011892.4424   27.0807
   -7.5000  -22.5000   22.500012736.6182   26.9855
    0.0000  -22.5000   22.500013263.0449   27.0431
    7.5000  -22.5000   22.500012766.4971   27.0204
   -7.5000  -15.0000   22.500013564.7100   26.9130
    0.0000  -15.0000   22.500014087.1367   26.9620
    7.5000  -15.0000   22.500013536.6357   26.9245
   -7.5000   -7.5000   22.500014240.4170   26.8967
    0.0000   -7.5000   22.500014794.7158   26.9448
    7.5000   -7.5000   22.500014231.3809   26.8997
   -7.5000    0.0000   22.500014909.9521   26.9392
    0.0000    0.0000   22.500015487.0801   26.9916
    7.5000    0.0000   22.500014817.5498   26.9518
   -7.5000    7.5000   22.500014364.0801   27.0036
    0.0000    7.5000   22.500014933.3447   27.0617
    7.5000    7.5000   22.500014227.1592   27.0366
   -7.5000   15.0000   22.500013347.5273   27.0336
    0.0000   15.0000   22.500013930.9277   27.0961
    7.5000   15.0000   22.500013282.3818   27.0807
   -7.5000   22.5000   22.500012246.0996   26.9731
    0.0000   22.5000   22.500012747.1543   27.0306
    7.5000   22.5000   22.500012150.8037   27.0079
   -7.5000   30.0000   22.500011070.0107   26.5646
    0.0000   30.0000   22.500011499.1777   26.6131
    7.5000   30.0000   22.500010950.5967   26.5760
   -7.5000   37.5000   22.500010336.7061   26.5486
    0.0000   37.5000   22.500010686.6260   26.5961
    7.5000   37.5000   22.500010183.6992   26.5516
   -7.5000   45.0000   22.5000 9307.9268   25.9663
    0.0000   45.0000   22.5000 9618.4893   26.0168
    7.5000   45.0000   22.5000 9182.7041   25.9784
   -7.5000  -45.0000   30.0000 9853.0674   26.9588
    0.0000  -45.0000   30.000010315.9668   26.9926
    7.5000  -45.0000   30.0000 9817.3184   26.9470
   -7.5000  -37.5000   30.000010357.3545   27.0029
    0.0000  -37.5000   30.000010858.3545   27.0517
    7.5000  -37.5000   30.000010316.4180   27.0216
   -7.5000  -30.0000   30.000011255.0713   27.0178
    0.0000  -30.0000   30.000011774.4385   27.0743
    7.5000  -30.0000   30.000011208.0615   27.0575
   -7.5000  -22.5000   30.000012093.9844   26.9777
    0.0000  -22.5000   30.000012623.3926   27.0236
    7.5000  -22.5000   30.000012049.2139   27.0010
   -7.5000  -15.0000   30.000012779.2480   26.9239
    0.0000  -15.0000   30.000013275.7861   26.9525
    7.5000  -15.0000   30.000012698.4160   26.9135
   -7.5000   -7.5000   30.000013358.5684   26.9199
    0.0000   -7.5000   30.000013859.1191   26.9441
    7.5000   -7.5000   30.000013290.2158   26.8951
   -7.5000    0.0000   30.000013924.7061   26.9588
    0.0000    0.0000   30.000014486.5361   26.9926
    7.5000    0.0000   30.000013856.8359   26.9469
   -7.5000    7.5000   30.000013474.1689   27.0029
    0.0000    7.5000   30.000014053.8438   27.0517
    7.5000    7.5000   30.000013405.1328   27.0216
   -7.5000   15.0000   30.000012603.2725   27.0178
    0.0000   15.0000   30.000013176.1416   27.0743
    7.5000   15.0000   30.000012576.1475   27.0575
   -7.5000   22.5000   30.000011567.3643   26.9653
    0.0000   22.5000   30.000012070.3945   27.0111
    7.5000   22.5000   30.000011486.5225   26.9886
   -7.5000   30.0000   30.000010467.6426   26.5755
    0.0000   30.0000   30.000010897.2686   26.6037
    7.5000   30.0000   30.000010360.1660   26.5652
   -7.5000   37.5000   30.0000 9752.8018   26.5715
    0.0000   37.5000   30.000010091.9678   26.5954
    7.5000   37.5000   30.0000 9592.9717   26.5471
   -7.5000   45.0000   30.0000 8758.3506   25.9852
    0.0000   45.0000   30.0000 9045.2236   26.0177
    7.5000   45.0000   30.0000 8618.2012   25.9737
   -7.5000  -45.0000   37.5000 9551.3203   26.9750
    0.0000  -45.0000   37.500010029.3857   26.9830
    7.5000  -45.0000   37.5000 9468.5957   26.9335
   -7.5000  -37.5000   37.500010068.2520   26.9962
    0.0000  -37.5000   37.500010548.5928   27.0288
    7.5000  -37.5000   37.5000 9992.8633   26.9966
   -7.5000  -30.0000   37.500010908.3633   26.9934
    0.0000  -30.0000   37.500011418.5479   27.0387
    7.5000  -30.0000   37.500010827.4043   27.0213
   -7.5000  -22.5000   37.500011687.6865   26.9610
    0.0000  -22.5000   37.500012216.2061   26.9915
    7.5000  -22.5000   37.500011605.1523   26.9687
   -7.5000  -15.0000   37.500012354.6035   26.9310
    0.0000  -15.0000   37.500012880.7598   26.9358
    7.5000  -15.0000   37.500012266.2861   26.8943
   -7.5000   -7.5000   37.500012927.5654   26.9423
    0.0000   -7.5000   37.500013464.3564   26.9372
    7.5000   -7.5000   37.500012846.1377   26.8838
   -7.5000    0.0000   37.500013406.8721   26.9749
    0.0000    0.0000   37.500013991.8193   26.9830
    7.5000    0.0000   37.500013388.5703   26.9334
   -7.5000    7.5000   37.500012956.4434   26.9962
    0.0000    7.5000   37.500013500.9570   27.0288
    7.5000    7.5000   37.500012947.5918   26.9966
   -7.5000   15.0000   37.500012203.0498   26.9934
    0.0000   15.0000   37.500012714.0713   27.0387
    7.5000   15.0000   37.500012190.7744   27.0213
   -7.5000   22.5000   37.500011207.0957   26.9486
    0.0000   22.5000   37.500011655.8682   26.9790
    7.5000   22.5000   37.500011138.2090   26.9563
   -7.5000   30.0000   37.500010153.8076   26.5825
    0.0000   30.0000   37.500010553.6709   26.5872
    7.5000   30.0000   37.500010067.6963   26.5463
   -7.5000   37.5000   37.5000 9468.4561   26.5936
    0.0000   37.5000   37.5000 9813.9170   26.5886
    7.5000   37.5000   37.5000 9326.0469   26.5358
   -7.5000   45.0000   37.5000 8490.0312   26.0007
    0.0000   45.0000   37.5000 8815.5283   26.0085
    7.5000   45.0000   37.5000 8355.5166   25.9607
   -7.5000  -45.0000   45.0000 8750.9795   27.0323
    0.0000  -45.0000   45.0000 9180.2812   27.0359
    7.5000  -45.0000   45.0000 8668.4883   26.9889
   -7.5000  -37.5000   45.0000 9226.9102   27.0487
    0.0000  -37.5000   45.0000 9667.1562   27.0763
    7.5000  -37.5000   45.0000 9138.2236   27.0478
   -7.5000  -30.0000   45.000010004.3477   27.0426
    0.0000  -30.0000   45.000010483.2188   27.0847
    7.5000  -30.0000   45.0000 9931.0928   27.0695
   -7.5000  -22.5000   45.000010704.7139   27.0110
    0.0000  -22.5000   45.000011211.8750   27.0410
    7.5000  -22.5000   45.000010660.5332   27.0200
   -7.5000  -15.0000   45.000011315.2432   26.9890
    0.0000  -15.0000   45.000011818.7217   26.9935
    7.5000  -15.0000   45.000011274.0273   26.9532
   -7.5000   -7.5000   45.000011822.0459   27.0041
    0.0000   -7.5000   45.000012338.0742   26.9966
    7.5000   -7.5000   45.000011797.3857   26.9438
   -7.5000    0.0000   45.000012268.4102   27.0323
    0.0000    0.0000   45.000012801.7256   27.0358
    7.5000    0.0000   45.000012269.2900   26.9888
   -7.5000    7.5000   45.000011878.1699   27.0487
    0.0000    7.5000   45.000012381.1152   27.0763
    7.5000    7.5000   45.000011896.4746   27.0478
   -7.5000   15.0000   45.000011227.4902   27.0426
    0.0000   15.0000   45.000011711.9346   27.0847
    7.5000   15.0000   45.000011205.3350   27.0695
   -7.5000   22.5000   45.000010313.3096   26.9985
    0.0000   22.5000   45.000010700.4141   27.0285
    7.5000   22.5000   45.000010234.6367   27.0074
   -7.5000   30.0000   45.0000 9359.6357   26.6374
    0.0000   30.0000   45.0000 9709.9785   26.6419
    7.5000   30.0000   45.0000 9276.8291   26.6021
   -7.5000   37.5000   45.0000 8728.8281   26.6523
    0.0000   37.5000   45.0000 9033.7666   26.6449
    7.5000   37.5000   45.0000 8616.7070   26.5928
   -7.5000   45.0000   45.0000 7829.7139   26.0678
    0.0000   45.0000   45.0000 8098.5024   26.0712
    7.5000   45.0000   45.0000 7727.9141   26.0259

---------------------------------------------------------------------
imgreg_4dfp /opt/freesurfer/average/711-2C_as_mni_average_305 /opt/freesurfer/average/711-2B_as_mni_average_305_mask talsrcimg_g11 none talsrcimg_to_711-2C_as_mni_average_305_t4 4355
---------------------------------------------------------------------

freesurfer imgreg_4dfp.c
/opt/freesurfer/average/711-2C_as_mni_average_305.4dfp.img
       256       256       256         1
  1.000000  1.000000  1.000000
orientation T byte_order littleendian
Reading image: /opt/freesurfer/average/711-2C_as_mni_average_305.4dfp.img
dimensions:      256       256       256
mmppix:       1.0000   -1.0000   -1.0000
center:     128.0000 -129.0000 -129.0000
/opt/freesurfer/average/711-2B_as_mni_average_305_mask.4dfp.img
       256       256       256         1
  1.000000  1.000000  1.000000
orientation T byte_order littleendian
Reading mask: /opt/freesurfer/average/711-2B_as_mni_average_305_mask.4dfp.img (2306576 pixels)
talsrcimg_g11.4dfp.img
       256       256       256         1
  1.000000  1.000000  1.000000
orientation T byte_order littleendian
Reading image: talsrcimg_g11.4dfp.img
dimensions:      256       256       256
mmppix:       1.0000   -1.0000   -1.0000
center:     128.0000 -129.0000 -129.0000
rotation matrix determinant  1.000000
image alignment mode   4355 decimal     1103 hex
   -7.5000  -45.0000  -45.0000 1989.2212   27.2127
    0.0000  -45.0000  -45.0000 2010.3518   27.1205
    7.5000  -45.0000  -45.0000 1985.8466   27.1709
   -7.5000  -37.5000  -45.0000 2084.6995   25.4406
    0.0000  -37.5000  -45.0000 2103.0627   25.4128
    7.5000  -37.5000  -45.0000 2078.2346   25.4851
   -7.5000  -30.0000  -45.0000 2134.7075   24.0848
    0.0000  -30.0000  -45.0000 2152.7539   24.0887
    7.5000  -30.0000  -45.0000 2131.6409   24.1796
   -7.5000  -22.5000  -45.0000 2162.5728   23.1754
    0.0000  -22.5000  -45.0000 2177.0071   23.1249
    7.5000  -22.5000  -45.0000 2158.7629   23.2620
   -7.5000  -15.0000  -45.0000 2166.4929   22.7820
    0.0000  -15.0000  -45.0000 2179.8467   22.6448
    7.5000  -15.0000  -45.0000 2160.6760   22.8628
   -7.5000   -7.5000  -45.0000 2154.5991   22.9750
    0.0000   -7.5000  -45.0000 2173.5105   22.7510
    7.5000   -7.5000  -45.0000 2151.8174   23.0022
   -7.5000    0.0000  -45.0000 2136.6562   23.3478
    0.0000    0.0000  -45.0000 2152.9919   23.1175
    7.5000    0.0000  -45.0000 2131.7791   23.3892
   -7.5000    7.5000  -45.0000 2100.3584   24.3137
    0.0000    7.5000  -45.0000 2124.5339   24.0925
    7.5000    7.5000  -45.0000 2095.6875   24.3421
   -7.5000   15.0000  -45.0000 2055.2368   25.7076
    0.0000   15.0000  -45.0000 2076.2888   25.3847
    7.5000   15.0000  -45.0000 2051.2283   25.7883
   -7.5000   22.5000  -45.0000 1992.5161   27.4924
    0.0000   22.5000  -45.0000 2012.7849   27.2264
    7.5000   22.5000  -45.0000 1982.7814   27.5857
   -7.5000   30.0000  -45.0000 1906.4747   30.0049
    0.0000   30.0000  -45.0000 1923.8181   29.6780
    7.5000   30.0000  -45.0000 1892.0034   30.2000
   -7.5000   37.5000  -45.0000 1800.2103   33.6370
    0.0000   37.5000  -45.0000 1816.1855   33.1735
    7.5000   37.5000  -45.0000 1788.2705   33.7064
   -7.5000   45.0000  -45.0000 1684.4788   38.5601
    0.0000   45.0000  -45.0000 1697.7616   38.1327
    7.5000   45.0000  -45.0000 1674.1823   38.5484
   -7.5000  -45.0000  -37.5000 2088.7129   24.9842
    0.0000  -45.0000  -37.5000 2107.4307   24.9296
    7.5000  -45.0000  -37.5000 2084.9802   24.9704
   -7.5000  -37.5000  -37.5000 2186.4905   23.2639
    0.0000  -37.5000  -37.5000 2200.8296   23.2540
    7.5000  -37.5000  -37.5000 2175.9202   23.3125
   -7.5000  -30.0000  -37.5000 2244.1375   22.0358
    0.0000  -30.0000  -37.5000 2259.5491   22.1267
    7.5000  -30.0000  -37.5000 2235.3608   22.0697
   -7.5000  -22.5000  -37.5000 2266.5754   21.1458
    0.0000  -22.5000  -37.5000 2287.0957   21.1997
    7.5000  -22.5000  -37.5000 2260.7808   21.2100
   -7.5000  -15.0000  -37.5000 2269.0474   20.8384
    0.0000  -15.0000  -37.5000 2292.0127   20.7810
    7.5000  -15.0000  -37.5000 2264.7483   20.8811
   -7.5000   -7.5000  -37.5000 2255.6108   21.0279
    0.0000   -7.5000  -37.5000 2280.1787   20.9213
    7.5000   -7.5000  -37.5000 2251.0918   21.0336
   -7.5000    0.0000  -37.5000 2237.6206   21.3473
    0.0000    0.0000  -37.5000 2255.2739   21.2447
    7.5000    0.0000  -37.5000 2235.0610   21.3956
   -7.5000    7.5000  -37.5000 2208.6775   22.2183
    0.0000    7.5000  -37.5000 2225.8235   22.0530
    7.5000    7.5000  -37.5000 2201.6567   22.2918
   -7.5000   15.0000  -37.5000 2160.8867   23.4178
    0.0000   15.0000  -37.5000 2182.6221   23.2817
    7.5000   15.0000  -37.5000 2152.2451   23.5760
   -7.5000   22.5000  -37.5000 2091.2288   25.1423
    0.0000   22.5000  -37.5000 2109.7639   24.9674
    7.5000   22.5000  -37.5000 2079.7563   25.2964
   -7.5000   30.0000  -37.5000 2002.6635   27.4890
    0.0000   30.0000  -37.5000 2018.8302   27.2073
    7.5000   30.0000  -37.5000 1988.0825   27.6262
   -7.5000   37.5000  -37.5000 1889.4951   30.7066
    0.0000   37.5000  -37.5000 1902.7574   30.4431
    7.5000   37.5000  -37.5000 1875.1101   30.8358
   -7.5000   45.0000  -37.5000 1772.3745   35.0855
    0.0000   45.0000  -37.5000 1780.8851   34.7396
    7.5000   45.0000  -37.5000 1760.6241   35.1372
   -7.5000  -45.0000  -30.0000 2208.2119   23.8042
    0.0000  -45.0000  -30.0000 2226.5623   23.8105
    7.5000  -45.0000  -30.0000 2203.2881   23.7717
   -7.5000  -37.5000  -30.0000 2307.5696   22.0377
    0.0000  -37.5000  -30.0000 2320.3242   21.9824
    7.5000  -37.5000  -30.0000 2300.8530   22.0883
   -7.5000  -30.0000  -30.0000 2370.1951   20.8102
    0.0000  -30.0000  -30.0000 2385.9167   20.8143
    7.5000  -30.0000  -30.0000 2364.6121   20.8502
   -7.5000  -22.5000  -30.0000 2400.3726   20.0067
    0.0000  -22.5000  -30.0000 2421.5110   20.0727
    7.5000  -22.5000  -30.0000 2397.0984   20.0651
   -7.5000  -15.0000  -30.0000 2417.7722   19.6985
    0.0000  -15.0000  -30.0000 2441.3953   19.7406
    7.5000  -15.0000  -30.0000 2408.2170   19.7272
   -7.5000   -7.5000  -30.0000 2414.8928   19.8597
    0.0000   -7.5000  -30.0000 2438.1387   19.8648
    7.5000   -7.5000  -30.0000 2405.6672   19.8892
   -7.5000    0.0000  -30.0000 2395.2852   20.2812
    0.0000    0.0000  -30.0000 2414.5229   20.2527
    7.5000    0.0000  -30.0000 2390.1465   20.3202
   -7.5000    7.5000  -30.0000 2360.3052   21.1463
    0.0000    7.5000  -30.0000 2384.1870   21.0490
    7.5000    7.5000  -30.0000 2351.2410   21.2035
   -7.5000   15.0000  -30.0000 2303.0276   22.2825
    0.0000   15.0000  -30.0000 2331.3838   22.2174
    7.5000   15.0000  -30.0000 2295.3716   22.3681
   -7.5000   22.5000  -30.0000 2226.0618   23.9134
    0.0000   22.5000  -30.0000 2243.4385   23.8641
    7.5000   22.5000  -30.0000 2216.1377   24.0886
   -7.5000   30.0000  -30.0000 2124.0264   26.0671
    0.0000   30.0000  -30.0000 2139.7009   25.9713
    7.5000   30.0000  -30.0000 2108.5342   26.2838
   -7.5000   37.5000  -30.0000 2003.7362   29.0716
    0.0000   37.5000  -30.0000 2023.3495   28.9351
    7.5000   37.5000  -30.0000 1992.4360   29.2177
   -7.5000   45.0000  -30.0000 1879.4023   33.1555
    0.0000   45.0000  -30.0000 1900.2268   32.9438
    7.5000   45.0000  -30.0000 1868.0880   33.2751
   -7.5000  -45.0000  -22.5000 2301.5774   22.5841
    0.0000  -45.0000  -22.5000 2317.2732   22.5316
    7.5000  -45.0000  -22.5000 2292.6489   22.5438
   -7.5000  -37.5000  -22.5000 2403.9338   20.8487
    0.0000  -37.5000  -22.5000 2419.8650   20.8123
    7.5000  -37.5000  -22.5000 2393.7429   20.8401
   -7.5000  -30.0000  -22.5000 2477.8713   19.5872
    0.0000  -30.0000  -22.5000 2497.3291   19.5735
    7.5000  -30.0000  -22.5000 2470.3906   19.6013
   -7.5000  -22.5000  -22.5000 2519.4509   18.8386
    0.0000  -22.5000  -22.5000 2540.4653   18.8241
    7.5000  -22.5000  -22.5000 2513.5476   18.8957
   -7.5000  -15.0000  -22.5000 2541.0232   18.4834
    0.0000  -15.0000  -22.5000 2560.1667   18.5135
    7.5000  -15.0000  -22.5000 2533.2073   18.5070
   -7.5000   -7.5000  -22.5000 2555.5813   18.5368
    0.0000   -7.5000  -22.5000 2572.3733   18.5568
    7.5000   -7.5000  -22.5000 2536.0505   18.5532
   -7.5000    0.0000  -22.5000 2537.7446   19.0449
    0.0000    0.0000  -22.5000 2557.0701   19.0700
    7.5000    0.0000  -22.5000 2523.7190   19.1018
   -7.5000    7.5000  -22.5000 2493.6980   19.9294
    0.0000    7.5000  -22.5000 2519.7554   19.8859
    7.5000    7.5000  -22.5000 2484.3018   19.9781
   -7.5000   15.0000  -22.5000 2430.9700   21.0403
    0.0000   15.0000  -22.5000 2465.1780   20.9960
    7.5000   15.0000  -22.5000 2419.9758   21.1361
   -7.5000   22.5000  -22.5000 2341.1523   22.5841
    0.0000   22.5000  -22.5000 2368.0398   22.5309
    7.5000   22.5000  -22.5000 2329.2485   22.7172
   -7.5000   30.0000  -22.5000 2227.3953   24.6593
    0.0000   30.0000  -22.5000 2247.3521   24.5638
    7.5000   30.0000  -22.5000 2217.2407   24.7901
   -7.5000   37.5000  -22.5000 2102.5730   27.5116
    0.0000   37.5000  -22.5000 2116.2546   27.3451
    7.5000   37.5000  -22.5000 2092.8330   27.6394
   -7.5000   45.0000  -22.5000 1964.9618   31.3266
    0.0000   45.0000  -22.5000 1986.6289   31.0236
    7.5000   45.0000  -22.5000 1952.3789   31.3810
   -7.5000  -45.0000  -15.0000 2360.1941   21.4816
    0.0000  -45.0000  -15.0000 2381.1646   21.3655
    7.5000  -45.0000  -15.0000 2352.4395   21.4690
   -7.5000  -37.5000  -15.0000 2466.7078   19.7760
    0.0000  -37.5000  -15.0000 2491.0679   19.7172
    7.5000  -37.5000  -15.0000 2462.3723   19.7647
   -7.5000  -30.0000  -15.0000 2551.8237   18.5156
    0.0000  -30.0000  -15.0000 2575.4084   18.5194
    7.5000  -30.0000  -15.0000 2551.7083   18.5461
   -7.5000  -22.5000  -15.0000 2608.0500   17.7232
    0.0000  -22.5000  -15.0000 2630.4033   17.6586
    7.5000  -22.5000  -15.0000 2606.7192   17.7751
   -7.5000  -15.0000  -15.0000 2638.7720   17.3609
    0.0000  -15.0000  -15.0000 2663.1938   17.3068
    7.5000  -15.0000  -15.0000 2629.3862   17.3973
   -7.5000   -7.5000  -15.0000 2659.1475   17.3282
    0.0000   -7.5000  -15.0000 2684.9678   17.3110
    7.5000   -7.5000  -15.0000 2635.7166   17.3700
   -7.5000    0.0000  -15.0000 2649.8450   17.8479
    0.0000    0.0000  -15.0000 2675.7275   17.8912
    7.5000    0.0000  -15.0000 2628.3806   17.9345
   -7.5000    7.5000  -15.0000 2608.4631   18.6962
    0.0000    7.5000  -15.0000 2642.4175   18.7233
    7.5000    7.5000  -15.0000 2594.1831   18.7517
   -7.5000   15.0000  -15.0000 2533.8833   19.7951
    0.0000   15.0000  -15.0000 2571.9226   19.8056
    7.5000   15.0000  -15.0000 2525.8821   19.8964
   -7.5000   22.5000  -15.0000 2436.0437   21.2613
    0.0000   22.5000  -15.0000 2465.2314   21.2350
    7.5000   22.5000  -15.0000 2428.9016   21.3971
   -7.5000   30.0000  -15.0000 2313.3657   23.2636
    0.0000   30.0000  -15.0000 2331.4370   23.1957
    7.5000   30.0000  -15.0000 2303.6028   23.3933
   -7.5000   37.5000  -15.0000 2175.1863   26.0065
    0.0000   37.5000  -15.0000 2189.8333   25.8981
    7.5000   37.5000  -15.0000 2165.1221   26.0939
   -7.5000   45.0000  -15.0000 2030.4913   29.5926
    0.0000   45.0000  -15.0000 2043.8330   29.3987
    7.5000   45.0000  -15.0000 2012.6394   29.6112
   -7.5000  -45.0000   -7.5000 2402.5330   20.5107
    0.0000  -45.0000   -7.5000 2421.7886   20.3184
    7.5000  -45.0000   -7.5000 2396.8374   20.5511
   -7.5000  -37.5000   -7.5000 2516.8823   18.8300
    0.0000  -37.5000   -7.5000 2538.3926   18.6776
    7.5000  -37.5000   -7.5000 2514.1858   18.9109
   -7.5000  -30.0000   -7.5000 2615.0347   17.5752
    0.0000  -30.0000   -7.5000 2639.4231   17.4668
    7.5000  -30.0000   -7.5000 2617.4072   17.6370
   -7.5000  -22.5000   -7.5000 2689.0916   16.7636
    0.0000  -22.5000   -7.5000 2714.3481   16.6375
    7.5000  -22.5000   -7.5000 2684.4407   16.7953
   -7.5000  -15.0000   -7.5000 2735.8057   16.3422
    0.0000  -15.0000   -7.5000 2762.7688   16.2252
    7.5000  -15.0000   -7.5000 2722.3267   16.3406
   -7.5000   -7.5000   -7.5000 2765.9756   16.2694
    0.0000   -7.5000   -7.5000 2794.0935   16.2233
    7.5000   -7.5000   -7.5000 2737.7754   16.3328
   -7.5000    0.0000   -7.5000 2749.1829   16.8326
    0.0000    0.0000   -7.5000 2786.5574   16.8200
    7.5000    0.0000   -7.5000 2722.1169   16.8844
   -7.5000    7.5000   -7.5000 2707.9958   17.6054
    0.0000    7.5000   -7.5000 2737.0608   17.6276
    7.5000    7.5000   -7.5000 2689.2104   17.7051
   -7.5000   15.0000   -7.5000 2627.4905   18.6306
    0.0000   15.0000   -7.5000 2655.9814   18.6369
    7.5000   15.0000   -7.5000 2616.3147   18.7604
   -7.5000   22.5000   -7.5000 2520.1580   20.0852
    0.0000   22.5000   -7.5000 2546.3865   20.0671
    7.5000   22.5000   -7.5000 2508.2937   20.2336
   -7.5000   30.0000   -7.5000 2379.7341   22.0934
    0.0000   30.0000   -7.5000 2401.7690   22.0624
    7.5000   30.0000   -7.5000 2363.3528   22.2453
   -7.5000   37.5000   -7.5000 2236.1233   24.7372
    0.0000   37.5000   -7.5000 2254.6230   24.6349
    7.5000   37.5000   -7.5000 2222.0398   24.8075
   -7.5000   45.0000   -7.5000 2085.1343   28.0221
    0.0000   45.0000   -7.5000 2092.7871   27.8340
    7.5000   45.0000   -7.5000 2070.4824   28.0407
   -7.5000  -45.0000    0.0000 2424.4160   19.7941
    0.0000  -45.0000    0.0000 2438.4368   19.5217
    7.5000  -45.0000    0.0000 2416.7019   19.9223
   -7.5000  -37.5000    0.0000 2548.1462   18.1231
    0.0000  -37.5000    0.0000 2562.0945   17.8673
    7.5000  -37.5000    0.0000 2541.7629   18.2547
   -7.5000  -30.0000    0.0000 2649.9597   16.8604
    0.0000  -30.0000    0.0000 2671.6272   16.6575
    7.5000  -30.0000    0.0000 2650.2676   17.0037
   -7.5000  -22.5000    0.0000 2746.7505   16.0250
    0.0000  -22.5000    0.0000 2774.6028   15.8170
    7.5000  -22.5000    0.0000 2741.0378   16.1225
   -7.5000  -15.0000    0.0000 2817.4475   15.5520
    0.0000  -15.0000    0.0000 2857.4431   15.3963
    7.5000  -15.0000    0.0000 2796.7935   15.6033
   -7.5000   -7.5000    0.0000 2860.9062   15.4873
    0.0000   -7.5000    0.0000 2894.7043   15.3809
    7.5000   -7.5000    0.0000 2829.0869   15.5518
   -7.5000    0.0000    0.0000 2840.9404   16.0169
    0.0000    0.0000    0.0000 2885.2859   15.9742
    7.5000    0.0000    0.0000 2812.5378   16.1094
   -7.5000    7.5000    0.0000 2780.1333   16.7624
    0.0000    7.5000    0.0000 2815.2917   16.7357
    7.5000    7.5000    0.0000 2763.2961   16.9122
   -7.5000   15.0000    0.0000 2685.6765   17.7872
    0.0000   15.0000    0.0000 2715.8828   17.7543
    7.5000   15.0000    0.0000 2675.9453   17.9658
   -7.5000   22.5000    0.0000 2568.7195   19.2613
    0.0000   22.5000    0.0000 2596.0928   19.2215
    7.5000   22.5000    0.0000 2561.2717   19.4429
   -7.5000   30.0000    0.0000 2429.3647   21.2606
    0.0000   30.0000    0.0000 2450.4976   21.2291
    7.5000   30.0000    0.0000 2415.6221   21.4390
   -7.5000   37.5000    0.0000 2282.6619   23.8108
    0.0000   37.5000    0.0000 2303.7576   23.7061
    7.5000   37.5000    0.0000 2269.0969   23.9215
   -7.5000   45.0000    0.0000 2121.3154   26.9451
    0.0000   45.0000    0.0000 2135.8875   26.7714
    7.5000   45.0000    0.0000 2105.5457   27.0510
   -7.5000  -45.0000    7.5000 2426.5205   19.3767
    0.0000  -45.0000    7.5000 2436.0059   18.9710
    7.5000  -45.0000    7.5000 2425.2654   19.5601
   -7.5000  -37.5000    7.5000 2550.3235   17.7149
    0.0000  -37.5000    7.5000 2563.4221   17.3651
    7.5000  -37.5000    7.5000 2549.0786   17.8900
   -7.5000  -30.0000    7.5000 2662.4197   16.4701
    0.0000  -30.0000    7.5000 2682.2231   16.1623
    7.5000  -30.0000    7.5000 2667.8647   16.6530
   -7.5000  -22.5000    7.5000 2773.3533   15.5973
    0.0000  -22.5000    7.5000 2801.4563   15.3165
    7.5000  -22.5000    7.5000 2765.7046   15.7356
   -7.5000  -15.0000    7.5000 2866.1426   15.1089
    0.0000  -15.0000    7.5000 2910.9846   14.8376
    7.5000  -15.0000    7.5000 2845.8032   15.2407
   -7.5000   -7.5000    7.5000 2924.7546   14.9435
    0.0000   -7.5000    7.5000 2969.2441   14.6691
    7.5000   -7.5000    7.5000 2891.9385   15.1403
   -7.5000    0.0000    7.5000 2905.4045   15.4267
    0.0000    0.0000    7.5000 2942.8582   15.1935
    7.5000    0.0000    7.5000 2876.3777   15.6206
   -7.5000    7.5000    7.5000 2828.7163   16.3074
    0.0000    7.5000    7.5000 2861.5830   16.1100
    7.5000    7.5000    7.5000 2811.7390   16.4598
   -7.5000   15.0000    7.5000 2720.5222   17.3686
    0.0000   15.0000    7.5000 2747.8557   17.2232
    7.5000   15.0000    7.5000 2710.2336   17.5599
   -7.5000   22.5000    7.5000 2595.1191   18.8512
    0.0000   22.5000    7.5000 2623.7139   18.7471
    7.5000   22.5000    7.5000 2585.6235   19.0198
   -7.5000   30.0000    7.5000 2456.4114   20.8356
    0.0000   30.0000    7.5000 2475.3577   20.7356
    7.5000   30.0000    7.5000 2440.6021   20.9578
   -7.5000   37.5000    7.5000 2303.3364   23.3214
    0.0000   37.5000    7.5000 2324.3767   23.2058
    7.5000   37.5000    7.5000 2290.0645   23.4581
   -7.5000   45.0000    7.5000 2145.3960   26.4567
    0.0000   45.0000    7.5000 2156.6555   26.2738
    7.5000   45.0000    7.5000 2127.7927   26.5437
   -7.5000  -45.0000   15.0000 2414.7717   19.3245
    0.0000  -45.0000   15.0000 2428.6245   18.8898
    7.5000  -45.0000   15.0000 2410.9980   19.4752
   -7.5000  -37.5000   15.0000 2532.6333   17.6381
    0.0000  -37.5000   15.0000 2552.4058   17.3021
    7.5000  -37.5000   15.0000 2533.5811   17.8132
   -7.5000  -30.0000   15.0000 2648.8669   16.3777
    0.0000  -30.0000   15.0000 2670.1658   16.0009
    7.5000  -30.0000   15.0000 2646.1956   16.5736
   -7.5000  -22.5000   15.0000 2763.8125   15.4962
    0.0000  -22.5000   15.0000 2786.6353   15.1182
    7.5000  -22.5000   15.0000 2751.9468   15.6689
   -7.5000  -15.0000   15.0000 2864.4519   15.0731
    0.0000  -15.0000   15.0000 2903.5657   14.7374
    7.5000  -15.0000   15.0000 2846.3093   15.1842
   -7.5000   -7.5000   15.0000 2929.4727   14.9780
    0.0000   -7.5000   15.0000 2970.3250   14.6107
    7.5000   -7.5000   15.0000 2898.6873   15.1650
   -7.5000    0.0000   15.0000 2921.4277   15.3474
    0.0000    0.0000   15.0000 2958.1948   15.0609
    7.5000    0.0000   15.0000 2884.5251   15.5246
   -7.5000    7.5000   15.0000 2841.9854   16.1977
    0.0000    7.5000   15.0000 2877.7102   16.0086
    7.5000    7.5000   15.0000 2814.3213   16.2707
   -7.5000   15.0000   15.0000 2720.5535   17.3160
    0.0000   15.0000   15.0000 2756.0393   17.1849
    7.5000   15.0000   15.0000 2711.7791   17.3904
   -7.5000   22.5000   15.0000 2593.7075   18.7813
    0.0000   22.5000   15.0000 2622.5859   18.7014
    7.5000   22.5000   15.0000 2586.3254   18.8775
   -7.5000   30.0000   15.0000 2454.9280   20.7090
    0.0000   30.0000   15.0000 2473.4717   20.6626
    7.5000   30.0000   15.0000 2441.3542   20.8019
   -7.5000   37.5000   15.0000 2306.6279   23.0749
    0.0000   37.5000   15.0000 2321.4290   23.0866
    7.5000   37.5000   15.0000 2287.6655   23.2198
   -7.5000   45.0000   15.0000 2142.6838   26.0235
    0.0000   45.0000   15.0000 2158.4658   26.0173
    7.5000   45.0000   15.0000 2129.3577   26.1888
   -7.5000  -45.0000   22.5000 2395.1418   19.4740
    0.0000  -45.0000   22.5000 2412.2097   19.0981
    7.5000  -45.0000   22.5000 2395.5227   19.7016
   -7.5000  -37.5000   22.5000 2505.4832   17.8397
    0.0000  -37.5000   22.5000 2524.2788   17.5157
    7.5000  -37.5000   22.5000 2507.2598   18.1297
   -7.5000  -30.0000   22.5000 2622.2170   16.6319
    0.0000  -30.0000   22.5000 2643.0271   16.3313
    7.5000  -30.0000   22.5000 2618.7375   16.9002
   -7.5000  -22.5000   22.5000 2730.7729   15.7914
    0.0000  -22.5000   22.5000 2752.4438   15.5165
    7.5000  -22.5000   22.5000 2721.8145   16.0318
   -7.5000  -15.0000   22.5000 2823.2722   15.3238
    0.0000  -15.0000   22.5000 2853.6025   15.0819
    7.5000  -15.0000   22.5000 2801.5632   15.4836
   -7.5000   -7.5000   22.5000 2875.9636   15.2589
    0.0000   -7.5000   22.5000 2906.7356   15.0560
    7.5000   -7.5000   22.5000 2852.2781   15.4102
   -7.5000    0.0000   22.5000 2874.3560   15.6309
    0.0000    0.0000   22.5000 2900.8745   15.5328
    7.5000    0.0000   22.5000 2842.6296   15.7750
   -7.5000    7.5000   22.5000 2816.6628   16.3821
    0.0000    7.5000   22.5000 2851.7957   16.3126
    7.5000    7.5000   22.5000 2789.9548   16.4979
   -7.5000   15.0000   22.5000 2699.4153   17.5220
    0.0000   15.0000   22.5000 2736.6858   17.4015
    7.5000   15.0000   22.5000 2690.9290   17.6120
   -7.5000   22.5000   22.5000 2575.9128   18.9638
    0.0000   22.5000   22.5000 2603.3547   18.8287
    7.5000   22.5000   22.5000 2569.3237   19.0512
   -7.5000   30.0000   22.5000 2436.8564   20.8195
    0.0000   30.0000   22.5000 2458.9302   20.6934
    7.5000   30.0000   22.5000 2425.1536   20.9160
   -7.5000   37.5000   22.5000 2290.9297   23.1190
    0.0000   37.5000   22.5000 2303.5054   23.0067
    7.5000   37.5000   22.5000 2273.3411   23.2762
   -7.5000   45.0000   22.5000 2123.7871   26.0448
    0.0000   45.0000   22.5000 2143.1489   25.8956
    7.5000   45.0000   22.5000 2111.2385   26.1512
   -7.5000  -45.0000   30.0000 2365.9751   20.1147
    0.0000  -45.0000   30.0000 2378.8464   19.9227
    7.5000  -45.0000   30.0000 2357.9536   20.4146
   -7.5000  -37.5000   30.0000 2472.4817   18.5387
    0.0000  -37.5000   30.0000 2493.7083   18.3468
    7.5000  -37.5000   30.0000 2464.4673   18.8360
   -7.5000  -30.0000   30.0000 2583.0068   17.3405
    0.0000  -30.0000   30.0000 2605.0891   17.1352
    7.5000  -30.0000   30.0000 2570.9236   17.5900
   -7.5000  -22.5000   30.0000 2686.9839   16.4561
    0.0000  -22.5000   30.0000 2704.4016   16.1979
    7.5000  -22.5000   30.0000 2674.8042   16.6326
   -7.5000  -15.0000   30.0000 2761.3440   15.9003
    0.0000  -15.0000   30.0000 2785.2065   15.6192
    7.5000  -15.0000   30.0000 2739.7698   16.0141
   -7.5000   -7.5000   30.0000 2796.9495   15.7521
    0.0000   -7.5000   30.0000 2815.4312   15.5809
    7.5000   -7.5000   30.0000 2777.5288   15.8771
   -7.5000    0.0000   30.0000 2784.5632   16.1048
    0.0000    0.0000   30.0000 2809.3811   15.9663
    7.5000    0.0000   30.0000 2764.9854   16.2448
   -7.5000    7.5000   30.0000 2739.9841   16.8599
    0.0000    7.5000   30.0000 2770.6116   16.7814
    7.5000    7.5000   30.0000 2717.2100   16.9927
   -7.5000   15.0000   30.0000 2642.6042   17.9871
    0.0000   15.0000   30.0000 2669.8914   17.9231
    7.5000   15.0000   30.0000 2634.5400   18.1195
   -7.5000   22.5000   30.0000 2532.4473   19.3851
    0.0000   22.5000   30.0000 2554.7959   19.3117
    7.5000   22.5000   30.0000 2525.8350   19.4856
   -7.5000   30.0000   30.0000 2399.4517   21.1785
    0.0000   30.0000   30.0000 2419.8281   21.0926
    7.5000   30.0000   30.0000 2390.6902   21.2999
   -7.5000   37.5000   30.0000 2251.7444   23.4187
    0.0000   37.5000   30.0000 2267.2500   23.3331
    7.5000   37.5000   30.0000 2244.5210   23.5461
   -7.5000   45.0000   30.0000 2090.0103   26.2678
    0.0000   45.0000   30.0000 2105.2612   26.1047
    7.5000   45.0000   30.0000 2082.9626   26.3924
   -7.5000  -45.0000   37.5000 2315.1355   21.3193
    0.0000  -45.0000   37.5000 2331.6755   21.1180
    7.5000  -45.0000   37.5000 2300.9978   21.4175
   -7.5000  -37.5000   37.5000 2429.1274   19.6192
    0.0000  -37.5000   37.5000 2447.4155   19.4377
    7.5000  -37.5000   37.5000 2413.2908   19.7800
   -7.5000  -30.0000   37.5000 2534.9661   18.2847
    0.0000  -30.0000   37.5000 2554.4163   18.1154
    7.5000  -30.0000   37.5000 2518.9019   18.4845
   -7.5000  -22.5000   37.5000 2629.8521   17.3325
    0.0000  -22.5000   37.5000 2649.3418   17.1053
    7.5000  -22.5000   37.5000 2611.8958   17.4787
   -7.5000  -15.0000   37.5000 2693.1057   16.8115
    0.0000  -15.0000   37.5000 2715.1001   16.5672
    7.5000  -15.0000   37.5000 2668.5447   16.8965
   -7.5000   -7.5000   37.5000 2716.6257   16.6625
    0.0000   -7.5000   37.5000 2733.8335   16.5056
    7.5000   -7.5000   37.5000 2692.5002   16.7489
   -7.5000    0.0000   37.5000 2692.3503   16.9002
    0.0000    0.0000   37.5000 2718.1538   16.7358
    7.5000    0.0000   37.5000 2683.9028   17.0291
   -7.5000    7.5000   37.5000 2644.1663   17.6163
    0.0000    7.5000   37.5000 2671.3958   17.5208
    7.5000    7.5000   37.5000 2633.9333   17.7667
   -7.5000   15.0000   37.5000 2569.4661   18.7217
    0.0000   15.0000   37.5000 2589.4954   18.6181
    7.5000   15.0000   37.5000 2555.1436   18.8547
   -7.5000   22.5000   37.5000 2470.1211   20.1698
    0.0000   22.5000   37.5000 2489.6299   20.0137
    7.5000   22.5000   37.5000 2459.2661   20.2481
   -7.5000   30.0000   37.5000 2346.9055   21.8498
    0.0000   30.0000   37.5000 2365.5149   21.7864
    7.5000   30.0000   37.5000 2337.4407   21.9991
   -7.5000   37.5000   37.5000 2208.4207   24.0967
    0.0000   37.5000   37.5000 2227.6692   24.0082
    7.5000   37.5000   37.5000 2200.1936   24.2476
   -7.5000   45.0000   37.5000 2051.1365   26.9285
    0.0000   45.0000   37.5000 2071.8464   26.8302
    7.5000   45.0000   37.5000 2042.0770   27.0486
   -7.5000  -45.0000   45.0000 2255.5132   22.7563
    0.0000  -45.0000   45.0000 2275.9465   22.5488
    7.5000  -45.0000   45.0000 2238.0571   22.7519
   -7.5000  -37.5000   45.0000 2370.2517   20.9410
    0.0000  -37.5000   45.0000 2386.5847   20.7715
    7.5000  -37.5000   45.0000 2345.2019   21.0333
   -7.5000  -30.0000   45.0000 2471.0769   19.5399
    0.0000  -30.0000   45.0000 2485.3831   19.3905
    7.5000  -30.0000   45.0000 2448.6511   19.7050
   -7.5000  -22.5000   45.0000 2552.7329   18.5404
    0.0000  -22.5000   45.0000 2572.4426   18.3294
    7.5000  -22.5000   45.0000 2535.8853   18.6499
   -7.5000  -15.0000   45.0000 2609.2900   17.9756
    0.0000  -15.0000   45.0000 2624.1802   17.8003
    7.5000  -15.0000   45.0000 2588.3389   18.0692
   -7.5000   -7.5000   45.0000 2621.9126   17.8064
    0.0000   -7.5000   45.0000 2637.4766   17.6699
    7.5000   -7.5000   45.0000 2602.8691   17.9178
   -7.5000    0.0000   45.0000 2595.5510   17.9868
    0.0000    0.0000   45.0000 2615.1812   17.8667
    7.5000    0.0000   45.0000 2585.8330   18.1117
   -7.5000    7.5000   45.0000 2548.5400   18.6969
    0.0000    7.5000   45.0000 2569.3901   18.6028
    7.5000    7.5000   45.0000 2542.1892   18.8588
   -7.5000   15.0000   45.0000 2486.6716   19.7637
    0.0000   15.0000   45.0000 2505.9160   19.6608
    7.5000   15.0000   45.0000 2469.4202   19.8604
   -7.5000   22.5000   45.0000 2398.6492   21.1718
    0.0000   22.5000   45.0000 2410.9675   21.0212
    7.5000   22.5000   45.0000 2382.0505   21.2369
   -7.5000   30.0000   45.0000 2282.6169   22.8488
    0.0000   30.0000   45.0000 2294.0422   22.7479
    7.5000   30.0000   45.0000 2271.5112   22.9787
   -7.5000   37.5000   45.0000 2149.0654   25.0932
    0.0000   37.5000   45.0000 2161.7356   24.9890
    7.5000   37.5000   45.0000 2139.5327   25.2193
   -7.5000   45.0000   45.0000 1999.9039   27.9151
    0.0000   45.0000   45.0000 2015.8865   27.7178
    7.5000   45.0000   45.0000 1991.8440   28.0276

---------------------------------------------------------------------
imgreg_4dfp /opt/freesurfer/average/711-2C_as_mni_average_305 /opt/freesurfer/average/711-2B_as_mni_average_305_mask talsrcimg_g11 none talsrcimg_to_711-2C_as_mni_average_305_t4 1283
---------------------------------------------------------------------

freesurfer imgreg_4dfp.c
/opt/freesurfer/average/711-2C_as_mni_average_305.4dfp.img
       256       256       256         1
  1.000000  1.000000  1.000000
orientation T byte_order littleendian
Reading image: /opt/freesurfer/average/711-2C_as_mni_average_305.4dfp.img
dimensions:      256       256       256
mmppix:       1.0000   -1.0000   -1.0000
center:     128.0000 -129.0000 -129.0000
/opt/freesurfer/average/711-2B_as_mni_average_305_mask.4dfp.img
       256       256       256         1
  1.000000  1.000000  1.000000
orientation T byte_order littleendian
Reading mask: /opt/freesurfer/average/711-2B_as_mni_average_305_mask.4dfp.img (2306576 pixels)
talsrcimg_g11.4dfp.img
       256       256       256         1
  1.000000  1.000000  1.000000
orientation T byte_order littleendian
Reading image: talsrcimg_g11.4dfp.img
dimensions:      256       256       256
mmppix:       1.0000   -1.0000   -1.0000
center:     128.0000 -129.0000 -129.0000
rotation matrix determinant  1.000000
fimgreg.f
image alignment mode   1283 decimal      503 hex
parameters
    0.0000   -7.5000   15.0000    0.0000    0.0000    0.0000
eta,q 0.93433 14.56224
niter,ni,del,rscale     5    3   12.0000    1.2000
parameter  2 -0.541437 -> -0.500000 qaram    1.1500
parameter  4  0.572498 ->  0.500000 qaram    1.1500
parameters
   -1.4883   -4.0500   12.5707   -3.4500    0.8618   -1.2827
eta,q 0.93588 14.51714
  0.0756  0.0813  0.0698  0.0643  0.0753  0.0666
  0.0714  0.0746  0.0666  0.0641  0.0701  0.0644
  0.0694  0.0707  0.0656  0.0646  0.0660  0.0639
  0.0707  0.0689  0.0666  0.0651  0.0642  0.0643
  0.0742  0.0672  0.0715  0.0658  0.0646  0.0651
  0.0778  0.0661  0.0773  0.0676  0.0668  0.0670
  0.0821  0.0678  0.0799  0.0708  0.0704  0.0701
niter,ni,del,rscale     6    3   12.0000    1.2000
parameters
   -1.3231   -2.8116   10.9548   -3.8281    0.9562   -1.1176
eta,q 0.93631 14.61779
  0.0758  0.0749  0.0664  0.0705  0.0712  0.0692
  0.0701  0.0711  0.0654  0.0644  0.0673  0.0656
  0.0657  0.0665  0.0641  0.0625  0.0644  0.0639
  0.0641  0.0642  0.0638  0.0639  0.0637  0.0637
  0.0659  0.0635  0.0653  0.0650  0.0644  0.0640
  0.0698  0.0645  0.0692  0.0668  0.0671  0.0657
  0.0742  0.0706  0.0743  0.0705  0.0705  0.0682
niter,ni,del,rscale     5    3   12.0000    1.2000
parameters
   -1.6033   -3.0062   10.3095   -4.0756    1.1534   -0.7173
eta,q 0.93628 14.61890
  0.0747  0.0726  0.0672  0.0715  0.0714  0.0696
  0.0690  0.0683  0.0654  0.0646  0.0675  0.0660
  0.0652  0.0646  0.0647  0.0620  0.0648  0.0642
  0.0637  0.0637  0.0637  0.0641  0.0638  0.0638
  0.0658  0.0640  0.0640  0.0654  0.0642  0.0639
  0.0708  0.0674  0.0662  0.0671  0.0670  0.0654
  0.0768  0.0752  0.0703  0.0705  0.0705  0.0679
niter,ni,del,rscale     4    3   12.0000    1.2000
parameters
   -1.6188   -3.0339   10.1837   -4.1208    1.2189   -0.6575
eta,q 0.93630 14.61931
  0.0763  0.0734  0.0680  0.0723  0.0708  0.0689
  0.0700  0.0690  0.0652  0.0651  0.0672  0.0656
  0.0659  0.0650  0.0644  0.0617  0.0648  0.0641
  0.0637  0.0637  0.0637  0.0638  0.0637  0.0637
  0.0652  0.0645  0.0637  0.0655  0.0641  0.0641
  0.0703  0.0674  0.0654  0.0669  0.0671  0.0659
  0.0766  0.0748  0.0687  0.0702  0.0707  0.0684
niter,ni,del,rscale     3    3   12.0000    1.2000
parameters
   -1.6253   -3.0510   10.1691   -4.1083    1.2326   -0.6539
eta,q 0.93628 14.61891
  0.0764  0.0735  0.0683  0.0724  0.0707  0.0688
  0.0701  0.0691  0.0653  0.0653  0.0671  0.0655
  0.0660  0.0650  0.0643  0.0617  0.0648  0.0641
  0.0637  0.0637  0.0637  0.0637  0.0637  0.0637
  0.0651  0.0646  0.0637  0.0655  0.0642  0.0641
  0.0703  0.0675  0.0653  0.0669  0.0672  0.0660
  0.0767  0.0748  0.0685  0.0700  0.0708  0.0685
registration optimization eta report
parameter search radius
    6.0000    6.9000    6.0000    6.9000    6.0000    6.0000
100000*second partial in parameter space
       35.       22.       13.       17.       20.       14.
  0.0764  0.0735  0.0683  0.0724  0.0707  0.0688
  0.0701  0.0691  0.0653  0.0653  0.0671  0.0655
  0.0660  0.0650  0.0643  0.0617  0.0648  0.0641
  0.0637  0.0637  0.0637  0.0637  0.0637  0.0637
  0.0651  0.0646  0.0637  0.0655  0.0642  0.0641
  0.0703  0.0675  0.0653  0.0669  0.0672  0.0660
  0.0767  0.0748  0.0685  0.0700  0.0708  0.0685
   -1.6253   -3.0510   10.1691   -4.1083    1.2326   -0.6539
eta,q 0.93628 14.61891

---------------------------------------------------------------------
imgreg_4dfp /opt/freesurfer/average/711-2C_as_mni_average_305 /opt/freesurfer/average/711-2B_as_mni_average_305_mask talsrcimg_g11 none talsrcimg_to_711-2C_as_mni_average_305_t4 3335
---------------------------------------------------------------------

freesurfer imgreg_4dfp.c
/opt/freesurfer/average/711-2C_as_mni_average_305.4dfp.img
       256       256       256         1
  1.000000  1.000000  1.000000
orientation T byte_order littleendian
Reading image: /opt/freesurfer/average/711-2C_as_mni_average_305.4dfp.img
dimensions:      256       256       256
mmppix:       1.0000   -1.0000   -1.0000
center:     128.0000 -129.0000 -129.0000
/opt/freesurfer/average/711-2B_as_mni_average_305_mask.4dfp.img
       256       256       256         1
  1.000000  1.000000  1.000000
orientation T byte_order littleendian
Reading mask: /opt/freesurfer/average/711-2B_as_mni_average_305_mask.4dfp.img (2306576 pixels)
talsrcimg_g11.4dfp.img
       256       256       256         1
  1.000000  1.000000  1.000000
orientation T byte_order littleendian
Reading image: talsrcimg_g11.4dfp.img
dimensions:      256       256       256
mmppix:       1.0000   -1.0000   -1.0000
center:     128.0000 -129.0000 -129.0000
fimgreg.f
image alignment mode   3335 decimal      D07 hex
parameters
   -1.6253   -3.0510   10.1691   -0.0296   -0.2652   -0.2800
    1.2924   -2.0638   -1.1409    7.1882    2.1512   -7.1625
eta,q 0.93984 14.61127
niter,ni,del,rscale     5    3    5.0000    1.2000
parameter  4  2.992330 ->  0.500000 qaram    1.1500
parameter  5  3.615598 ->  0.500000 qaram    1.1500
parameter  6  3.127242 ->  0.500000 qaram    1.1500
parameters
   -1.5032   -3.6132   11.0159   -4.1696   -4.4052   -4.4200
    0.8211   -1.9385   -0.6083    5.4895    1.2702   -6.0582
eta,q 0.96156 14.03496
  0.0629  0.0607  0.0623  0.0493  0.0427  0.0356  0.0419  0.0445  0.0412  0.0410  0.0399  0.0410
  0.0614  0.0602  0.0613  0.0521  0.0455  0.0378  0.0401  0.0415  0.0399  0.0394  0.0390  0.0397
  0.0605  0.0601  0.0605  0.0558  0.0490  0.0418  0.0391  0.0396  0.0391  0.0386  0.0385  0.0389
  0.0602  0.0601  0.0601  0.0600  0.0531  0.0464  0.0388  0.0388  0.0388  0.0388  0.0385  0.0385
  0.0604  0.0604  0.0600  0.0646  0.0573  0.0513  0.0394  0.0393  0.0389  0.0400  0.0389  0.0385
  0.0611  0.0608  0.0601  0.0697  0.0617  0.0563  0.0407  0.0412  0.0395  0.0421  0.0396  0.0389
  0.0623  0.0617  0.0605  0.0749  0.0667  0.0614  0.0428  0.0442  0.0406  0.0445  0.0407  0.0398
niter,ni,del,rscale     7    3    5.0000    1.2000
parameter  2 -0.535409 -> -0.500000 qaram    1.1500
parameter  4  0.967890 ->  0.500000 qaram    1.3225
parameter  5  1.102546 ->  0.500000 qaram    1.3225
parameter  6  0.576157 ->  0.500000 qaram    1.3225
parameters
   -1.3352   -2.2332   10.5915   -8.9306   -9.1662   -9.1810
    1.0235   -1.5380   -0.4805    8.3743    2.1929   -5.9486
eta,q 0.97323 13.66869
  0.0428  0.0431  0.0392  0.0327  0.0280  0.0284  0.0312  0.0340  0.0300  0.0330  0.0289  0.0285
  0.0406  0.0413  0.0381  0.0326  0.0288  0.0277  0.0293  0.0307  0.0286  0.0307  0.0279  0.0276
  0.0391  0.0396  0.0375  0.0342  0.0305  0.0274  0.0280  0.0285  0.0278  0.0288  0.0272  0.0270
  0.0384  0.0384  0.0376  0.0375  0.0328  0.0292  0.0275  0.0275  0.0275  0.0275  0.0268  0.0268
  0.0387  0.0377  0.0383  0.0422  0.0363  0.0338  0.0279  0.0279  0.0277  0.0269  0.0268  0.0269
  0.0398  0.0377  0.0393  0.0475  0.0409  0.0395  0.0290  0.0297  0.0285  0.0271  0.0272  0.0275
  0.0418  0.0384  0.0407  0.0534  0.0460  0.0462  0.0309  0.0328  0.0298  0.0282  0.0281  0.0284
niter,ni,del,rscale     7    3    5.0000    1.2000
parameters
   -1.2772   -1.7236    9.6645  -10.1460  -12.5631  -11.0111
    1.1251   -1.5368   -0.6028    9.7949    2.5509   -7.2664
eta,q 0.97386 13.37926
  0.0315  0.0323  0.0273  0.0308  0.0278  0.0293  0.0297  0.0313  0.0286  0.0302  0.0274  0.0272
  0.0289  0.0295  0.0265  0.0288  0.0264  0.0279  0.0279  0.0286  0.0274  0.0283  0.0268  0.0265
  0.0273  0.0277  0.0263  0.0272  0.0257  0.0268  0.0268  0.0269  0.0266  0.0270  0.0264  0.0262
  0.0268  0.0268  0.0266  0.0262  0.0264  0.0257  0.0263  0.0263  0.0263  0.0263  0.0262  0.0262
  0.0272  0.0267  0.0276  0.0271  0.0283  0.0262  0.0267  0.0268  0.0266  0.0262  0.0262  0.0266
  0.0287  0.0276  0.0291  0.0303  0.0311  0.0303  0.0278  0.0285  0.0275  0.0267  0.0266  0.0274
  0.0310  0.0293  0.0309  0.0352  0.0356  0.0365  0.0296  0.0314  0.0288  0.0280  0.0273  0.0283
niter,ni,del,rscale     6    3    5.0000    1.2000
parameters
   -1.2526   -1.1867    9.7958   -9.6612  -13.7205  -11.2370
    1.1546   -1.5259   -0.6131   10.7138    2.4677   -7.6987
eta,q 0.97411 13.33694
  0.0304  0.0316  0.0281  0.0308  0.0292  0.0302  0.0293  0.0309  0.0283  0.0292  0.0271  0.0273
  0.0280  0.0291  0.0270  0.0288  0.0275  0.0284  0.0275  0.0282  0.0270  0.0274  0.0264  0.0266
  0.0266  0.0272  0.0263  0.0272  0.0263  0.0270  0.0263  0.0265  0.0262  0.0264  0.0260  0.0261
  0.0261  0.0261  0.0260  0.0259  0.0258  0.0259  0.0259  0.0260  0.0260  0.0260  0.0259  0.0259
  0.0266  0.0260  0.0261  0.0257  0.0267  0.0253  0.0263  0.0264  0.0262  0.0259  0.0260  0.0261
  0.0280  0.0269  0.0267  0.0272  0.0288  0.0272  0.0274  0.0281  0.0270  0.0266  0.0264  0.0268
  0.0302  0.0286  0.0278  0.0308  0.0316  0.0324  0.0292  0.0309  0.0283  0.0279  0.0272  0.0278
niter,ni,del,rscale     5    3    5.0000    1.2000
parameters
   -1.2370   -0.9514    9.6696   -9.5295  -14.1382  -11.4538
    1.1494   -1.4943   -0.6215   11.3421    2.4716   -7.8958
eta,q 0.97407 13.31708
  0.0301  0.0305  0.0277  0.0305  0.0297  0.0301  0.0292  0.0308  0.0282  0.0288  0.0271  0.0275
  0.0278  0.0282  0.0267  0.0285  0.0278  0.0284  0.0274  0.0282  0.0270  0.0273  0.0265  0.0267
  0.0263  0.0266  0.0261  0.0270  0.0266  0.0270  0.0263  0.0265  0.0262  0.0264  0.0261  0.0261
  0.0259  0.0259  0.0259  0.0259  0.0258  0.0259  0.0260  0.0260  0.0260  0.0260  0.0259  0.0259
  0.0264  0.0261  0.0261  0.0257  0.0262  0.0252  0.0263  0.0264  0.0262  0.0260  0.0260  0.0261
  0.0277  0.0273  0.0269  0.0275  0.0281  0.0272  0.0274  0.0280  0.0270  0.0267  0.0264  0.0268
  0.0299  0.0292  0.0282  0.0312  0.0307  0.0323  0.0292  0.0309  0.0283  0.0280  0.0271  0.0277
niter,ni,del,rscale     4    3    5.0000    1.2000
parameters
   -1.2289   -0.7836    9.5568   -9.4804  -14.4143  -11.6632
    1.1490   -1.4729   -0.6463   11.8139    2.5041   -8.0068
eta,q 0.97400 13.29870
  0.0301  0.0303  0.0277  0.0304  0.0297  0.0301  0.0292  0.0308  0.0283  0.0287  0.0272  0.0276
  0.0278  0.0280  0.0267  0.0285  0.0279  0.0284  0.0275  0.0282  0.0271  0.0272  0.0265  0.0268
  0.0264  0.0265  0.0261  0.0271  0.0266  0.0271  0.0264  0.0266  0.0263  0.0264  0.0261  0.0262
  0.0259  0.0259  0.0259  0.0259  0.0259  0.0260  0.0260  0.0260  0.0260  0.0260  0.0260  0.0260
  0.0264  0.0263  0.0262  0.0258  0.0262  0.0253  0.0264  0.0264  0.0263  0.0261  0.0261  0.0262
  0.0278  0.0274  0.0269  0.0276  0.0280  0.0271  0.0275  0.0281  0.0271  0.0268  0.0265  0.0268
  0.0300  0.0293  0.0282  0.0313  0.0305  0.0322  0.0292  0.0308  0.0283  0.0281  0.0272  0.0277
niter,ni,del,rscale     3    3    5.0000    1.2000
parameters
   -1.2238   -0.6461    9.4705   -9.4573  -14.6481  -11.8466
    1.1526   -1.4596   -0.6646   12.2221    2.5113   -8.0813
eta,q 0.97393 13.28116
  0.0301  0.0302  0.0278  0.0304  0.0298  0.0301  0.0293  0.0308  0.0283  0.0286  0.0272  0.0277
  0.0278  0.0280  0.0268  0.0285  0.0279  0.0284  0.0275  0.0282  0.0271  0.0273  0.0266  0.0269
  0.0264  0.0265  0.0262  0.0271  0.0267  0.0271  0.0264  0.0266  0.0264  0.0265  0.0262  0.0263
  0.0260  0.0260  0.0260  0.0260  0.0260  0.0260  0.0261  0.0261  0.0261  0.0261  0.0261  0.0261
  0.0265  0.0264  0.0262  0.0259  0.0262  0.0253  0.0264  0.0265  0.0264  0.0262  0.0262  0.0263
  0.0279  0.0275  0.0270  0.0276  0.0280  0.0271  0.0275  0.0281  0.0271  0.0269  0.0265  0.0269
  0.0300  0.0294  0.0282  0.0313  0.0305  0.0321  0.0293  0.0309  0.0284  0.0282  0.0272  0.0278
niter,ni,del,rscale     2    3    5.0000    1.2000
parameters
   -1.2185   -0.5281    9.3973   -9.4421  -14.8539  -12.0055
    1.1559   -1.4413   -0.6613   12.5643    2.5062   -8.1408
eta,q 0.97386 13.26481
  0.0302  0.0302  0.0279  0.0304  0.0298  0.0301  0.0293  0.0308  0.0284  0.0286  0.0272  0.0277
  0.0279  0.0280  0.0269  0.0286  0.0279  0.0284  0.0276  0.0282  0.0272  0.0273  0.0266  0.0270
  0.0265  0.0266  0.0263  0.0272  0.0268  0.0272  0.0265  0.0267  0.0264  0.0265  0.0263  0.0264
  0.0261  0.0261  0.0261  0.0261  0.0261  0.0261  0.0262  0.0262  0.0262  0.0262  0.0261  0.0261
  0.0266  0.0264  0.0263  0.0260  0.0262  0.0254  0.0265  0.0266  0.0264  0.0263  0.0262  0.0263
  0.0279  0.0276  0.0270  0.0277  0.0279  0.0271  0.0276  0.0281  0.0272  0.0269  0.0266  0.0269
  0.0301  0.0295  0.0282  0.0313  0.0305  0.0321  0.0293  0.0308  0.0284  0.0283  0.0273  0.0279
niter,ni,del,rscale     1    3    5.0000    1.2000
parameters
   -1.2138   -0.4256    9.3352   -9.4324  -15.0293  -12.1442
    1.1522   -1.4316   -0.6512   12.8584    2.5181   -8.1777
eta,q 0.97380 13.25030
  0.0302  0.0302  0.0280  0.0304  0.0298  0.0301  0.0293  0.0308  0.0285  0.0286  0.0273  0.0278
  0.0279  0.0280  0.0270  0.0286  0.0280  0.0284  0.0276  0.0283  0.0272  0.0274  0.0267  0.0270
  0.0265  0.0266  0.0264  0.0272  0.0268  0.0272  0.0266  0.0267  0.0265  0.0266  0.0263  0.0264
  0.0261  0.0261  0.0261  0.0262  0.0261  0.0262  0.0262  0.0262  0.0262  0.0262  0.0262  0.0262
  0.0266  0.0265  0.0264  0.0260  0.0263  0.0254  0.0266  0.0266  0.0265  0.0264  0.0263  0.0264
  0.0280  0.0277  0.0271  0.0277  0.0279  0.0271  0.0276  0.0282  0.0272  0.0270  0.0266  0.0270
  0.0301  0.0296  0.0283  0.0314  0.0305  0.0320  0.0293  0.0308  0.0285  0.0284  0.0273  0.0279
registration optimization eta report
parameter search radius
    2.4000    2.7600    2.4000    9.5220    9.5220    9.5220
    7.2000    7.2000    7.2000    7.2000    7.2000    7.2000
100000*second partial in parameter space
       69.       49.       34.        5.        4.        6.
        6.        9.        4.        4.        2.        3.
  0.0302  0.0302  0.0280  0.0304  0.0298  0.0301  0.0293  0.0308  0.0285  0.0286  0.0273  0.0278
  0.0279  0.0280  0.0270  0.0286  0.0280  0.0284  0.0276  0.0283  0.0272  0.0274  0.0267  0.0270
  0.0265  0.0266  0.0264  0.0272  0.0268  0.0272  0.0266  0.0267  0.0265  0.0266  0.0263  0.0264
  0.0261  0.0261  0.0261  0.0262  0.0261  0.0262  0.0262  0.0262  0.0262  0.0262  0.0262  0.0262
  0.0266  0.0265  0.0264  0.0260  0.0263  0.0254  0.0266  0.0266  0.0265  0.0264  0.0263  0.0264
  0.0280  0.0277  0.0271  0.0277  0.0279  0.0271  0.0276  0.0282  0.0272  0.0270  0.0266  0.0270
  0.0301  0.0296  0.0283  0.0314  0.0305  0.0320  0.0293  0.0308  0.0285  0.0284  0.0273  0.0279
   -1.2138   -0.4256    9.3352   -9.4324  -15.0293  -12.1442
    1.1522   -1.4316   -0.6512   12.8584    2.5181   -8.1777
eta,q 0.97380 13.25030

---------------------------------------------------------------------
imgreg_4dfp /opt/freesurfer/average/711-2C_as_mni_average_305 /opt/freesurfer/average/711-2B_as_mni_average_305_mask talsrcimg_g11 none talsrcimg_to_711-2C_as_mni_average_305_t4 2311
---------------------------------------------------------------------

freesurfer imgreg_4dfp.c
/opt/freesurfer/average/711-2C_as_mni_average_305.4dfp.img
       256       256       256         1
  1.000000  1.000000  1.000000
orientation T byte_order littleendian
Reading image: /opt/freesurfer/average/711-2C_as_mni_average_305.4dfp.img
dimensions:      256       256       256
mmppix:       1.0000   -1.0000   -1.0000
center:     128.0000 -129.0000 -129.0000
/opt/freesurfer/average/711-2B_as_mni_average_305_mask.4dfp.img
       256       256       256         1
  1.000000  1.000000  1.000000
orientation T byte_order littleendian
Reading mask: /opt/freesurfer/average/711-2B_as_mni_average_305_mask.4dfp.img (2306576 pixels)
talsrcimg_g11.4dfp.img
       256       256       256         1
  1.000000  1.000000  1.000000
orientation T byte_order littleendian
Reading image: talsrcimg_g11.4dfp.img
dimensions:      256       256       256
mmppix:       1.0000   -1.0000   -1.0000
center:     128.0000 -129.0000 -129.0000
fimgreg.f
image alignment mode   2311 decimal      907 hex
parameters
   -1.2138   -0.4256    9.3352   -9.4324  -15.0293  -12.1442
    1.1522   -1.4316   -0.6512   12.8584    2.5181   -8.1777
eta,q 0.97380 13.25032
niter,ni,del,rscale     5    3    5.0000    0.8000
parameter  6 -0.655308 -> -0.500000 qaram    1.1500
parameters
   -1.2326   -0.3731    9.3235   -7.8355  -14.4079   -9.3842
    1.1387   -1.5902   -0.8280   12.7393    1.9867   -8.8822
eta,q 0.97483 13.51224
  0.0280  0.0276  0.0271  0.0279  0.0272  0.0279  0.0269  0.0282  0.0263  0.0263  0.0260  0.0259
  0.0270  0.0268  0.0266  0.0273  0.0267  0.0272  0.0260  0.0265  0.0256  0.0257  0.0255  0.0254
  0.0264  0.0264  0.0263  0.0267  0.0263  0.0265  0.0254  0.0255  0.0253  0.0253  0.0253  0.0252
  0.0262  0.0262  0.0262  0.0262  0.0260  0.0259  0.0252  0.0252  0.0252  0.0252  0.0252  0.0252
  0.0264  0.0263  0.0263  0.0260  0.0259  0.0254  0.0254  0.0256  0.0254  0.0253  0.0254  0.0254
  0.0271  0.0267  0.0266  0.0261  0.0262  0.0252  0.0260  0.0269  0.0258  0.0257  0.0258  0.0258
  0.0280  0.0274  0.0271  0.0267  0.0268  0.0258  0.0269  0.0286  0.0264  0.0265  0.0264  0.0264
niter,ni,del,rscale     5    3    5.0000    0.8000
parameters
   -1.2215   -0.7286    9.1949   -8.3761  -13.6951   -9.9982
    1.1547   -1.4626   -0.6641   12.1939    2.0314   -8.5324
eta,q 0.97487 13.49929
  0.0273  0.0259  0.0262  0.0266  0.0266  0.0272  0.0268  0.0283  0.0264  0.0261  0.0260  0.0262
  0.0261  0.0254  0.0255  0.0258  0.0260  0.0264  0.0259  0.0266  0.0257  0.0255  0.0255  0.0257
  0.0254  0.0251  0.0252  0.0252  0.0255  0.0256  0.0253  0.0256  0.0253  0.0252  0.0252  0.0253
  0.0252  0.0252  0.0251  0.0251  0.0251  0.0250  0.0251  0.0251  0.0251  0.0251  0.0251  0.0251
  0.0254  0.0255  0.0253  0.0253  0.0250  0.0252  0.0253  0.0254  0.0252  0.0253  0.0252  0.0252
  0.0261  0.0262  0.0258  0.0262  0.0253  0.0266  0.0259  0.0264  0.0256  0.0258  0.0255  0.0255
  0.0273  0.0271  0.0266  0.0277  0.0261  0.0294  0.0268  0.0280  0.0263  0.0267  0.0260  0.0259
niter,ni,del,rscale     4    3    5.0000    0.7000
parameters
   -1.2335   -0.8040    9.2401   -8.2046  -13.5015   -9.7595
    1.1111   -1.4691   -0.6659   11.9398    1.9932   -8.5530
eta,q 0.97496 13.52558
  0.0267  0.0261  0.0261  0.0266  0.0262  0.0271  0.0263  0.0274  0.0260  0.0258  0.0257  0.0258
  0.0258  0.0255  0.0256  0.0259  0.0258  0.0264  0.0256  0.0261  0.0255  0.0254  0.0254  0.0254
  0.0253  0.0252  0.0253  0.0254  0.0254  0.0257  0.0252  0.0253  0.0251  0.0251  0.0251  0.0251
  0.0251  0.0251  0.0251  0.0251  0.0251  0.0251  0.0250  0.0250  0.0250  0.0250  0.0250  0.0250
  0.0253  0.0253  0.0252  0.0252  0.0251  0.0249  0.0252  0.0253  0.0251  0.0251  0.0251  0.0251
  0.0259  0.0257  0.0255  0.0256  0.0255  0.0256  0.0256  0.0261  0.0255  0.0255  0.0253  0.0254
  0.0267  0.0264  0.0260  0.0265  0.0262  0.0273  0.0264  0.0275  0.0260  0.0262  0.0257  0.0258
niter,ni,del,rscale     3    3    5.0000    0.6000
parameters
   -1.2338   -0.8772    9.2527   -8.1620  -13.2759   -9.4141
    1.1014   -1.4715   -0.6509   11.6754    1.9258   -8.6886
eta,q 0.97507 13.55303
  0.0262  0.0258  0.0258  0.0261  0.0259  0.0267  0.0259  0.0268  0.0257  0.0255  0.0255  0.0255
  0.0256  0.0253  0.0254  0.0256  0.0256  0.0261  0.0254  0.0258  0.0253  0.0252  0.0252  0.0252
  0.0252  0.0251  0.0251  0.0252  0.0252  0.0255  0.0250  0.0252  0.0250  0.0250  0.0250  0.0250
  0.0250  0.0250  0.0250  0.0250  0.0250  0.0250  0.0249  0.0249  0.0249  0.0249  0.0249  0.0249
  0.0252  0.0252  0.0251  0.0251  0.0250  0.0249  0.0250  0.0251  0.0250  0.0250  0.0250  0.0250
  0.0256  0.0255  0.0253  0.0255  0.0253  0.0254  0.0254  0.0258  0.0253  0.0253  0.0252  0.0252
  0.0262  0.0260  0.0257  0.0261  0.0258  0.0266  0.0259  0.0268  0.0257  0.0258  0.0255  0.0256
niter,ni,del,rscale     2    3    5.0000    0.5000
parameters
   -1.2330   -0.9501    9.2639   -8.2007  -13.0583   -9.0669
    1.0802   -1.4716   -0.6146   11.4124    1.8545   -8.8617
eta,q 0.97515 13.57564
  0.0258  0.0255  0.0255  0.0257  0.0256  0.0263  0.0256  0.0262  0.0254  0.0253  0.0252  0.0252
  0.0253  0.0251  0.0252  0.0253  0.0253  0.0258  0.0252  0.0255  0.0251  0.0251  0.0250  0.0250
  0.0250  0.0250  0.0250  0.0250  0.0251  0.0253  0.0249  0.0250  0.0249  0.0249  0.0249  0.0249
  0.0249  0.0249  0.0249  0.0249  0.0249  0.0249  0.0249  0.0249  0.0249  0.0249  0.0249  0.0249
  0.0250  0.0250  0.0250  0.0250  0.0249  0.0248  0.0249  0.0250  0.0249  0.0249  0.0249  0.0249
  0.0253  0.0253  0.0252  0.0253  0.0251  0.0252  0.0252  0.0255  0.0251  0.0251  0.0250  0.0251
  0.0258  0.0256  0.0254  0.0258  0.0255  0.0261  0.0256  0.0262  0.0254  0.0255  0.0253  0.0253
niter,ni,del,rscale     1    3    5.0000    0.4000
parameters
   -1.2328   -1.0159    9.2785   -8.2868  -12.8884   -8.7646
    1.0618   -1.4655   -0.5856   11.2072    1.7906   -8.9823
eta,q 0.97519 13.59096
  0.0254  0.0252  0.0252  0.0253  0.0254  0.0259  0.0253  0.0257  0.0252  0.0251  0.0251  0.0251
  0.0251  0.0250  0.0250  0.0251  0.0251  0.0255  0.0250  0.0252  0.0250  0.0249  0.0249  0.0249
  0.0249  0.0249  0.0249  0.0249  0.0249  0.0251  0.0249  0.0249  0.0248  0.0248  0.0248  0.0248
  0.0249  0.0249  0.0248  0.0248  0.0248  0.0248  0.0248  0.0248  0.0248  0.0248  0.0248  0.0248
  0.0249  0.0249  0.0249  0.0249  0.0249  0.0248  0.0249  0.0249  0.0248  0.0249  0.0248  0.0248
  0.0251  0.0251  0.0250  0.0251  0.0250  0.0251  0.0250  0.0252  0.0250  0.0250  0.0249  0.0250
  0.0254  0.0253  0.0252  0.0254  0.0253  0.0257  0.0253  0.0257  0.0251  0.0252  0.0251  0.0251
registration optimization eta report
parameter search radius
    0.8000    0.8000    0.8000    2.4000    2.4000    2.7600
    2.4000    2.4000    2.4000    2.4000    2.4000    2.4000
100000*second partial in parameter space
       86.       62.       55.        9.        8.       12.
        8.       16.        6.        6.        5.        5.
  0.0254  0.0252  0.0252  0.0253  0.0254  0.0259  0.0253  0.0257  0.0252  0.0251  0.0251  0.0251
  0.0251  0.0250  0.0250  0.0251  0.0251  0.0255  0.0250  0.0252  0.0250  0.0249  0.0249  0.0249
  0.0249  0.0249  0.0249  0.0249  0.0249  0.0251  0.0249  0.0249  0.0248  0.0248  0.0248  0.0248
  0.0249  0.0249  0.0248  0.0248  0.0248  0.0248  0.0248  0.0248  0.0248  0.0248  0.0248  0.0248
  0.0249  0.0249  0.0249  0.0249  0.0249  0.0248  0.0249  0.0249  0.0248  0.0249  0.0248  0.0248
  0.0251  0.0251  0.0250  0.0251  0.0250  0.0251  0.0250  0.0252  0.0250  0.0250  0.0249  0.0250
  0.0254  0.0253  0.0252  0.0254  0.0253  0.0257  0.0253  0.0257  0.0251  0.0252  0.0251  0.0251
   -1.2328   -1.0159    9.2785   -8.2868  -12.8884   -8.7646
    1.0618   -1.4655   -0.5856   11.2072    1.7906   -8.9823
eta,q 0.97519 13.59096

---------------------------------------------------------------------
imgreg_4dfp /opt/freesurfer/average/711-2C_as_mni_average_305 /opt/freesurfer/average/711-2B_as_mni_average_305_mask talsrcimg_g11 none talsrcimg_to_711-2C_as_mni_average_305_t4 2311
---------------------------------------------------------------------

freesurfer imgreg_4dfp.c
/opt/freesurfer/average/711-2C_as_mni_average_305.4dfp.img
       256       256       256         1
  1.000000  1.000000  1.000000
orientation T byte_order littleendian
Reading image: /opt/freesurfer/average/711-2C_as_mni_average_305.4dfp.img
dimensions:      256       256       256
mmppix:       1.0000   -1.0000   -1.0000
center:     128.0000 -129.0000 -129.0000
/opt/freesurfer/average/711-2B_as_mni_average_305_mask.4dfp.img
       256       256       256         1
  1.000000  1.000000  1.000000
orientation T byte_order littleendian
Reading mask: /opt/freesurfer/average/711-2B_as_mni_average_305_mask.4dfp.img (2306576 pixels)
talsrcimg_g11.4dfp.img
       256       256       256         1
  1.000000  1.000000  1.000000
orientation T byte_order littleendian
Reading image: talsrcimg_g11.4dfp.img
dimensions:      256       256       256
mmppix:       1.0000   -1.0000   -1.0000
center:     128.0000 -129.0000 -129.0000
fimgreg.f
image alignment mode   2311 decimal      907 hex
parameters
   -1.2328   -1.0159    9.2785   -8.2868  -12.8884   -8.7646
    1.0618   -1.4655   -0.5856   11.2072    1.7906   -8.9823
eta,q 0.97519 13.59096
niter,ni,del,rscale     5    3    5.0000    0.8000
parameters
   -1.2151   -1.0662    9.3200   -8.6760  -13.1336   -9.2663
    1.0882   -1.4487   -0.5491   11.1227    1.8593   -8.6454
eta,q 0.97507 13.53933
  0.0271  0.0263  0.0263  0.0265  0.0262  0.0267  0.0267  0.0281  0.0262  0.0261  0.0258  0.0260
  0.0258  0.0254  0.0255  0.0256  0.0256  0.0260  0.0257  0.0264  0.0255  0.0255  0.0254  0.0255
  0.0251  0.0250  0.0250  0.0250  0.0251  0.0253  0.0251  0.0253  0.0251  0.0251  0.0251  0.0251
  0.0248  0.0248  0.0248  0.0248  0.0248  0.0248  0.0249  0.0249  0.0249  0.0249  0.0249  0.0249
  0.0250  0.0250  0.0250  0.0251  0.0250  0.0250  0.0251  0.0252  0.0251  0.0250  0.0250  0.0250
  0.0258  0.0256  0.0254  0.0259  0.0257  0.0262  0.0257  0.0263  0.0255  0.0255  0.0253  0.0253
  0.0270  0.0265  0.0261  0.0274  0.0267  0.0285  0.0266  0.0281  0.0262  0.0263  0.0258  0.0258
niter,ni,del,rscale     4    3    5.0000    0.7000
parameters
   -1.2250   -1.0482    9.3440   -8.4115  -13.1165   -9.1842
    1.0720   -1.4587   -0.5553   11.1335    1.8538   -8.6517
eta,q 0.97511 13.55440
  0.0265  0.0261  0.0260  0.0265  0.0261  0.0266  0.0262  0.0274  0.0259  0.0259  0.0256  0.0257
  0.0256  0.0255  0.0254  0.0258  0.0256  0.0260  0.0255  0.0260  0.0253  0.0253  0.0252  0.0252
  0.0251  0.0251  0.0250  0.0252  0.0251  0.0254  0.0250  0.0252  0.0250  0.0250  0.0250  0.0250
  0.0249  0.0249  0.0249  0.0249  0.0249  0.0249  0.0249  0.0249  0.0249  0.0249  0.0249  0.0249
  0.0251  0.0250  0.0250  0.0250  0.0250  0.0249  0.0251  0.0251  0.0250  0.0249  0.0250  0.0250
  0.0257  0.0254  0.0254  0.0254  0.0254  0.0255  0.0255  0.0260  0.0253  0.0253  0.0252  0.0253
  0.0266  0.0261  0.0259  0.0263  0.0262  0.0269  0.0262  0.0275  0.0259  0.0259  0.0256  0.0257
niter,ni,del,rscale     3    3    5.0000    0.6000
parameters
   -1.2272   -1.0598    9.3373   -8.3457  -13.0162   -8.9654
    1.0649   -1.4618   -0.5588   11.0742    1.8137   -8.7606
eta,q 0.97516 13.57114
  0.0261  0.0257  0.0256  0.0260  0.0258  0.0263  0.0259  0.0268  0.0256  0.0255  0.0254  0.0254
  0.0254  0.0253  0.0252  0.0255  0.0254  0.0258  0.0253  0.0257  0.0252  0.0252  0.0251  0.0251
  0.0250  0.0250  0.0250  0.0251  0.0251  0.0253  0.0249  0.0251  0.0249  0.0249  0.0249  0.0249
  0.0249  0.0249  0.0249  0.0249  0.0249  0.0249  0.0248  0.0248  0.0248  0.0248  0.0248  0.0248
  0.0250  0.0250  0.0250  0.0250  0.0249  0.0248  0.0250  0.0250  0.0249  0.0249  0.0249  0.0249
  0.0254  0.0253  0.0252  0.0253  0.0252  0.0253  0.0253  0.0257  0.0252  0.0252  0.0251  0.0252
  0.0261  0.0258  0.0256  0.0260  0.0258  0.0263  0.0259  0.0268  0.0256  0.0256  0.0254  0.0255
niter,ni,del,rscale     2    3    5.0000    0.5000
parameters
   -1.2275   -1.0849    9.3347   -8.3660  -12.9036   -8.7379
    1.0532   -1.4571   -0.5472   10.9945    1.7713   -8.8980
eta,q 0.97520 13.58468
  0.0257  0.0254  0.0254  0.0256  0.0255  0.0260  0.0255  0.0262  0.0253  0.0253  0.0252  0.0252
  0.0252  0.0251  0.0251  0.0252  0.0252  0.0256  0.0251  0.0254  0.0250  0.0250  0.0250  0.0250
  0.0249  0.0249  0.0249  0.0249  0.0250  0.0251  0.0249  0.0250  0.0249  0.0249  0.0248  0.0248
  0.0248  0.0248  0.0248  0.0248  0.0248  0.0248  0.0248  0.0248  0.0248  0.0248  0.0248  0.0248
  0.0249  0.0249  0.0249  0.0249  0.0249  0.0248  0.0249  0.0249  0.0249  0.0248  0.0249  0.0249
  0.0252  0.0251  0.0251  0.0252  0.0251  0.0251  0.0251  0.0254  0.0250  0.0250  0.0250  0.0250
  0.0257  0.0255  0.0254  0.0257  0.0255  0.0259  0.0255  0.0262  0.0253  0.0254  0.0252  0.0253
niter,ni,del,rscale     1    3    5.0000    0.4000
parameters
   -1.2288   -1.1091    9.3337   -8.4053  -12.7992   -8.5475
    1.0403   -1.4516   -0.5333   10.9401    1.7442   -8.9917
eta,q 0.97522 13.59508
  0.0254  0.0252  0.0252  0.0253  0.0253  0.0257  0.0253  0.0257  0.0251  0.0251  0.0251  0.0251
  0.0250  0.0250  0.0250  0.0250  0.0251  0.0253  0.0250  0.0252  0.0249  0.0249  0.0249  0.0249
  0.0249  0.0248  0.0248  0.0249  0.0249  0.0250  0.0248  0.0249  0.0248  0.0248  0.0248  0.0248
  0.0248  0.0248  0.0248  0.0248  0.0248  0.0248  0.0248  0.0248  0.0248  0.0248  0.0248  0.0248
  0.0249  0.0249  0.0248  0.0249  0.0248  0.0248  0.0248  0.0249  0.0248  0.0248  0.0248  0.0248
  0.0251  0.0250  0.0250  0.0250  0.0250  0.0250  0.0250  0.0252  0.0249  0.0249  0.0249  0.0249
  0.0254  0.0252  0.0252  0.0254  0.0252  0.0255  0.0253  0.0257  0.0251  0.0252  0.0251  0.0251
registration optimization eta report
parameter search radius
    0.8000    0.8000    0.8000    2.4000    2.4000    2.4000
    2.4000    2.4000    2.4000    2.4000    2.4000    2.4000
100000*second partial in parameter space
       87.       63.       57.        9.        8.       14.
        8.       16.        6.        6.        5.        5.
  0.0254  0.0252  0.0252  0.0253  0.0253  0.0257  0.0253  0.0257  0.0251  0.0251  0.0251  0.0251
  0.0250  0.0250  0.0250  0.0250  0.0251  0.0253  0.0250  0.0252  0.0249  0.0249  0.0249  0.0249
  0.0249  0.0248  0.0248  0.0249  0.0249  0.0250  0.0248  0.0249  0.0248  0.0248  0.0248  0.0248
  0.0248  0.0248  0.0248  0.0248  0.0248  0.0248  0.0248  0.0248  0.0248  0.0248  0.0248  0.0248
  0.0249  0.0249  0.0248  0.0249  0.0248  0.0248  0.0248  0.0249  0.0248  0.0248  0.0248  0.0248
  0.0251  0.0250  0.0250  0.0250  0.0250  0.0250  0.0250  0.0252  0.0249  0.0249  0.0249  0.0249
  0.0254  0.0252  0.0252  0.0254  0.0252  0.0255  0.0253  0.0257  0.0251  0.0252  0.0251  0.0251
   -1.2288   -1.1091    9.3337   -8.4053  -12.7992   -8.5475
    1.0403   -1.4516   -0.5333   10.9401    1.7442   -8.9917
eta,q 0.97522 13.59508

---------------------------------------------------------------------
compute_vox2vox talsrcimg talsrcimg_to_711-2C_as_mni_average_305_t4 /opt/freesurfer/average/711-2C_as_mni_average_305
---------------------------------------------------------------------

freesurfer compute_vox2vox.c
Reading: talsrcimg.4dfp.ifh
Reading: talsrcimg_to_711-2C_as_mni_average_305_t4
Reading: /opt/freesurfer/average/711-2C_as_mni_average_305.4dfp.ifh
Writing: talsrcimg_to_711-2C_as_mni_average_305_t4_vox2vox.txt

start time Tue Mar 10 01:39:46 CET 2026
end		time Tue Mar 10 01:40:01 CET 2026

mpr2mni305 success

avi2talxfm orig_nu.mgz /opt/freesurfer/average/mni305.cor.mgz talsrcimg_to_711-2C_as_mni_average_305_t4_vox2vox.txt transforms/talairach.auto.xfm
avi2talxfm done
mv -f /out/sourcedata/freesurfer/sub-v1s3x0050822_ses-1/mri/talsrcimg_to_711-2C_as_mni_average_305_t4_vox2vox.txt /out/sourcedata/freesurfer/sub-v1s3x0050822_ses-1/mri/transforms/talsrcimg_to_711-2C_as_mni_average_305_t4_vox2vox.txt
lta_convert --src orig_nu.mgz --trg /opt/freesurfer/average/mni305.cor.mgz --inxfm transforms/talairach.auto.xfm --outlta transforms/talairach.auto.xfm.lta --subject fsaverage
7.3.2

--src: orig_nu.mgz src image (geometry).
--trg: /opt/freesurfer/average/mni305.cor.mgz trg image (geometry).
--inmni: transforms/talairach.auto.xfm input MNI/XFM transform.
--outlta: transforms/talairach.auto.xfm.lta output LTA.
--s: fsaverage subject name
 LTA read, type : 1
 1.09135   0.01865  -0.01110   0.67056;
-0.01991   1.07980   0.11158  -1.02374;
 0.00917  -0.13536   1.13271   7.79526;
 0.00000   0.00000   0.00000   1.00000;
setting subject to fsaverage
Writing  LTA to file transforms/talairach.auto.xfm.lta...
lta_convert successful.
 
 
Started at Tue Mar 10 01:39:46 CET 2026
Ended   at Tue Mar 10 01:40:01 CET 2026
talairach_avi done
