status file for recon-all
Tue Mar 10 01:09:02 CET 2026
#@# Tessellate lh Tue Mar 10 01:09:02 CET 2026
#@# Smooth1 lh Tue Mar 10 01:09:06 CET 2026
#@# Inflation1 lh Tue Mar 10 01:09:08 CET 2026
#@# QSphere lh Tue Mar 10 01:09:19 CET 2026
#@# Fix Topology lh Tue Mar 10 01:10:18 CET 2026
#@# Smooth2 lh Tue Mar 10 01:15:57 CET 2026
#@# Inflation2 lh Tue Mar 10 01:15:59 CET 2026
#@# Curv .H and .K lh Tue Mar 10 01:16:11 CET 2026
#@# Sphere lh Tue Mar 10 01:16:49 CET 2026
#@# Surf Reg lh Tue Mar 10 01:20:52 CET 2026
#@# Jacobian white lh Tue Mar 10 01:25:24 CET 2026
#@# AvgCurv lh Tue Mar 10 01:25:25 CET 2026
#@# Cortical Parc lh Tue Mar 10 01:25:25 CET 2026
#@# white curv lh Tue Mar 10 01:31:09 CET 2026
#@# white area lh Tue Mar 10 01:31:11 CET 2026
#@# pial curv lh Tue Mar 10 01:31:11 CET 2026
#@# pial area lh Tue Mar 10 01:31:13 CET 2026
#@# thickness lh Tue Mar 10 01:31:14 CET 2026
#@# area and vertex vol lh Tue Mar 10 01:31:37 CET 2026
#@# Curvature Stats lh Tue Mar 10 01:31:39 CET 2026
#@# Cortical Parc 2 lh Tue Mar 10 01:31:41 CET 2026
#@# Cortical Parc 3 lh Tue Mar 10 01:31:51 CET 2026
#@# WM/GM Contrast lh Tue Mar 10 01:32:00 CET 2026
recon-all -s sub-v1s3x0050779_ses-1 finished without error at Tue Mar 10 01:32:02 CET 2026



#New# invocation of recon-all 



status file for recon-all
Tue Mar 10 02:07:09 CET 2026
#@# white curv lh Tue Mar 10 02:07:09 CET 2026
#@# white area lh Tue Mar 10 02:07:09 CET 2026
#@# pial curv lh Tue Mar 10 02:07:09 CET 2026
#@# pial area lh Tue Mar 10 02:07:09 CET 2026
#@# thickness lh Tue Mar 10 02:07:09 CET 2026
#@# area and vertex vol lh Tue Mar 10 02:07:09 CET 2026
#@# Parcellation Stats lh Tue Mar 10 02:07:09 CET 2026
#@# Parcellation Stats 2 lh Tue Mar 10 02:07:23 CET 2026
#@# Parcellation Stats 3 lh Tue Mar 10 02:07:30 CET 2026
#@# BA_exvivo Labels lh Tue Mar 10 02:07:37 CET 2026
recon-all -s sub-v1s3x0050779_ses-1 finished without error at Tue Mar 10 02:09:57 CET 2026
