status file for recon-all
Mon Mar  9 23:20:01 CET 2026
#@# MotionCor Mon Mar  9 23:20:03 CET 2026
#@# Talairach Mon Mar  9 23:20:13 CET 2026
#@# Talairach Failure Detection Mon Mar  9 23:24:35 CET 2026
#@# Nu Intensity Correction Mon Mar  9 23:24:35 CET 2026
#@# Intensity Normalization Mon Mar  9 23:27:53 CET 2026
recon-all -s sub-v1s3x0050779_ses-1 finished without error at Mon Mar  9 23:29:22 CET 2026



#New# invocation of recon-all 



status file for recon-all
Mon Mar  9 23:38:00 CET 2026
#@# EM Registration Mon Mar  9 23:38:00 CET 2026
recon-all -s sub-v1s3x0050779_ses-1 finished without error at Mon Mar  9 23:40:34 CET 2026



#New# invocation of recon-all 



status file for recon-all
Mon Mar  9 23:40:38 CET 2026
#@# CA Normalize Mon Mar  9 23:40:38 CET 2026
#@# CA Reg Mon Mar  9 23:41:58 CET 2026
#@# SubCort Seg Tue Mar 10 00:33:57 CET 2026
#@# CC Seg Tue Mar 10 01:03:29 CET 2026
#@# Merge ASeg Tue Mar 10 01:04:00 CET 2026
#@# Intensity Normalization2 Tue Mar 10 01:04:00 CET 2026
#@# Mask BFS Tue Mar 10 01:06:06 CET 2026
#@# WM Segmentation Tue Mar 10 01:06:07 CET 2026
#@# Fill Tue Mar 10 01:07:59 CET 2026
recon-all -s sub-v1s3x0050779_ses-1 finished without error at Tue Mar 10 01:08:58 CET 2026



#New# invocation of recon-all 



status file for recon-all
Tue Mar 10 02:03:39 CET 2026
#@# white curv lh Tue Mar 10 02:03:39 CET 2026
#@# white area lh Tue Mar 10 02:03:39 CET 2026
#@# pial curv lh Tue Mar 10 02:03:39 CET 2026
#@# pial area lh Tue Mar 10 02:03:39 CET 2026
#@# thickness lh Tue Mar 10 02:03:39 CET 2026
#@# area and vertex vol lh Tue Mar 10 02:03:39 CET 2026
#@# white curv rh Tue Mar 10 02:03:39 CET 2026
#@# white area rh Tue Mar 10 02:03:39 CET 2026
#@# pial curv rh Tue Mar 10 02:03:39 CET 2026
#@# pial area rh Tue Mar 10 02:03:39 CET 2026
#@# thickness rh Tue Mar 10 02:03:39 CET 2026
#@# area and vertex vol rh Tue Mar 10 02:03:39 CET 2026
#@# Cortical ribbon mask Tue Mar 10 02:03:39 CET 2026
recon-all -s sub-v1s3x0050779_ses-1 finished without error at Tue Mar 10 02:07:05 CET 2026



#New# invocation of recon-all 



status file for recon-all
Tue Mar 10 02:12:47 CET 2026
#@# white curv lh Tue Mar 10 02:12:47 CET 2026
#@# white area lh Tue Mar 10 02:12:47 CET 2026
#@# pial curv lh Tue Mar 10 02:12:47 CET 2026
#@# pial area lh Tue Mar 10 02:12:47 CET 2026
#@# thickness lh Tue Mar 10 02:12:47 CET 2026
#@# area and vertex vol lh Tue Mar 10 02:12:47 CET 2026
#@# white curv rh Tue Mar 10 02:12:47 CET 2026
#@# white area rh Tue Mar 10 02:12:47 CET 2026
#@# pial curv rh Tue Mar 10 02:12:47 CET 2026
#@# pial area rh Tue Mar 10 02:12:47 CET 2026
#@# thickness rh Tue Mar 10 02:12:47 CET 2026
#@# area and vertex vol rh Tue Mar 10 02:12:47 CET 2026
#@# Curvature Stats lh Tue Mar 10 02:12:47 CET 2026
#@# Curvature Stats rh Tue Mar 10 02:12:49 CET 2026
#@# Relabel Hypointensities Tue Mar 10 02:12:51 CET 2026
#@# APas-to-ASeg Tue Mar 10 02:13:04 CET 2026
#@# AParc-to-ASeg aparc Tue Mar 10 02:13:11 CET 2026
#@# AParc-to-ASeg aparc.a2009s Tue Mar 10 02:13:33 CET 2026
#@# AParc-to-ASeg aparc.DKTatlas Tue Mar 10 02:13:56 CET 2026
#@# WMParc Tue Mar 10 02:14:18 CET 2026
#@# ASeg Stats Tue Mar 10 02:18:13 CET 2026
recon-all -s sub-v1s3x0050779_ses-1 finished without error at Tue Mar 10 02:18:53 CET 2026
