/out/sourcedata/freesurfer/sub-v1s3x0050780_ses-1/mri
/opt/freesurfer/bin/talairach_avi
--i orig_nu.mgz --xfm transforms/talairach.auto.xfm
talairach_avi 7.3.2
Linux dna025 5.14.0-427.37.1.el9_4.x86_64 #1 SMP PREEMPT_DYNAMIC Fri Sep 13 12:41:50 EDT 2024 x86_64 x86_64 x86_64 GNU/Linux
Mon Mar  9 23:25:55 CET 2026
mri_convert orig_nu.mgz talsrcimg.img 
reading from orig_nu.mgz...
TR=0.00, TE=0.00, TI=0.00, flip angle=0.00
i_ras = (-1, 0, 0)
j_ras = (0, 0, -1)
k_ras = (0, 1, 0)
writing to talsrcimg.img...
Analyze Output Matrix
-1.00000   0.00000   0.00000   131.91034;
 0.00000   0.00000   1.00000  -140.74643;
 0.00000  -1.00000   0.00000   133.72926;
 0.00000   0.00000   0.00000   1.00000;
--------------------
INFO: set hdr.hist.orient to -1
mpr2mni305 talsrcimg
Mon Mar  9 23:25:55 CET 2026
/opt/freesurfer/bin/mpr2mni305 talsrcimg
mpr2mni305 7.3.2
target=711-2C_as_mni_average_305

---------------------------------------------------------------------
analyzeto4dfp talsrcimg -O0 -y
---------------------------------------------------------------------

freesurfer ifh2hdr.c
Mon Mar  9 23:25:56 2026
Writing: talsrcimg.4dfp.hdr
freesurfer analyzeto4dfp.c
Reading: talsrcimg.hdr
header size 348 bytes
hdr.dime.datatype	offset=70	value=2
hdr.dime.bitpix		offset=72	value=8
hdr.hist.orient		offset=252	value=-1
dimensionality     4
dimensions       256       256       256         1
Reading: talsrcimg.img
Writing: talsrcimg.4dfp.img
Writing: talsrcimg.4dfp.ifh
ifh2hdr talsrcimg -r0to255
ori=2

---------------------------------------------------------------------
gauss_4dfp talsrcimg 1.1
---------------------------------------------------------------------

freesurfer gauss_4dfp.c
Reading: talsrcimg.4dfp.img
Writing: talsrcimg_g11.4dfp.img
image dimensions 256 256 256 padded to 288 288 288
processing volume 1freesurfer ifh2hdr.c
Mon Mar  9 23:25:57 2026
Writing: talsrcimg_g11.4dfp.hdr

Writing: talsrcimg_g11.4dfp.ifh
including: talsrcimg.4dfp.img.rec in talsrcimg_g11.4dfp.img.rec

---------------------------------------------------------------------
imgreg_4dfp /opt/freesurfer/average/711-2C_as_mni_average_305 none talsrcimg_g11 none talsrcimg_to_711-2C_as_mni_average_305_t4 4355
---------------------------------------------------------------------

freesurfer imgreg_4dfp.c
/opt/freesurfer/average/711-2C_as_mni_average_305.4dfp.img
       256       256       256         1
  1.000000  1.000000  1.000000
orientation T byte_order littleendian
Reading image: /opt/freesurfer/average/711-2C_as_mni_average_305.4dfp.img
dimensions:      256       256       256
mmppix:       1.0000   -1.0000   -1.0000
center:     128.0000 -129.0000 -129.0000
talsrcimg_g11.4dfp.img
       256       256       256         1
  1.000000  1.000000  1.000000
orientation T byte_order littleendian
Reading image: talsrcimg_g11.4dfp.img
dimensions:      256       256       256
mmppix:       1.0000   -1.0000   -1.0000
center:     128.0000 -129.0000 -129.0000
t4_read: open error in t4_sub.f l:  41 t4_file(1:l)talsrcimg_to_711-2C_as_mni_average_305_t4 
t4_read: transform initialized to I4
rotation matrix determinant  1.000000
image alignment mode   4355 decimal     1103 hex
   -7.5000  -45.0000  -45.0000 7609.9771   21.5810
    0.0000  -45.0000  -45.0000 7965.9473   21.5660
    7.5000  -45.0000  -45.0000 7648.4360   21.5293
   -7.5000  -37.5000  -45.0000 8106.8916   21.5662
    0.0000  -37.5000  -45.0000 8496.0254   21.5568
    7.5000  -37.5000  -45.0000 8136.4727   21.5392
   -7.5000  -30.0000  -45.0000 8804.1943   21.5437
    0.0000  -30.0000  -45.0000 9215.3145   21.5307
    7.5000  -30.0000  -45.0000 8800.9834   21.5162
   -7.5000  -22.5000  -45.0000 9452.8594   21.5401
    0.0000  -22.5000  -45.0000 9908.6230   21.5169
    7.5000  -22.5000  -45.0000 9445.5264   21.4826
   -7.5000  -15.0000  -45.000010044.4062   21.5558
    0.0000  -15.0000  -45.000010533.1348   21.5263
    7.5000  -15.0000  -45.000010045.1309   21.4708
   -7.5000   -7.5000  -45.000010613.9502   21.5741
    0.0000   -7.5000  -45.000011120.2812   21.5493
    7.5000   -7.5000  -45.000010629.1318   21.4945
   -7.5000    0.0000  -45.000011034.7324   21.5810
    0.0000    0.0000  -45.000011580.1982   21.5660
    7.5000    0.0000  -45.000011083.6572   21.5293
   -7.5000    7.5000  -45.000010677.0586   21.5662
    0.0000    7.5000  -45.000011196.3184   21.5568
    7.5000    7.5000  -45.000010676.5146   21.5392
   -7.5000   15.0000  -45.000010143.0547   21.5437
    0.0000   15.0000  -45.000010618.9160   21.5307
    7.5000   15.0000  -45.000010120.2881   21.5162
   -7.5000   22.5000  -45.0000 9373.0322   21.5372
    0.0000   22.5000  -45.0000 9807.1670   21.5139
    7.5000   22.5000  -45.0000 9353.7812   21.4797
   -7.5000   30.0000  -45.0000 8581.9951   21.2686
    0.0000   30.0000  -45.0000 8957.3789   21.2395
    7.5000   30.0000  -45.0000 8517.3906   21.1847
   -7.5000   37.5000  -45.0000 8124.7241   21.2866
    0.0000   37.5000  -45.0000 8476.5049   21.2621
    7.5000   37.5000  -45.0000 8043.1885   21.2081
   -7.5000   45.0000  -45.0000 7396.9556   20.7528
    0.0000   45.0000  -45.0000 7704.4790   20.7385
    7.5000   45.0000  -45.0000 7313.2222   20.7032
   -7.5000  -45.0000  -37.5000 8215.9404   21.3716
    0.0000  -45.0000  -37.5000 8629.1807   21.3782
    7.5000  -45.0000  -37.5000 8245.1494   21.3797
   -7.5000  -37.5000  -37.5000 8713.4736   21.3690
    0.0000  -37.5000  -37.5000 9169.3594   21.3809
    7.5000  -37.5000  -37.5000 8750.3916   21.3923
   -7.5000  -30.0000  -37.5000 9440.5068   21.3706
    0.0000  -30.0000  -37.5000 9931.3711   21.3756
    7.5000  -30.0000  -37.5000 9475.8008   21.3777
   -7.5000  -22.5000  -37.500010107.0127   21.3787
    0.0000  -22.5000  -37.500010633.1729   21.3706
    7.5000  -22.5000  -37.500010126.6104   21.3505
   -7.5000  -15.0000  -37.500010677.7373   21.3848
    0.0000  -15.0000  -37.500011252.6572   21.3696
    7.5000  -15.0000  -37.500010696.0049   21.3365
   -7.5000   -7.5000  -37.500011259.0713   21.3794
    0.0000   -7.5000  -37.500011858.5781   21.3719
    7.5000   -7.5000  -37.500011291.4893   21.3511
   -7.5000    0.0000  -37.500011722.7168   21.3716
    0.0000    0.0000  -37.500012322.3926   21.3782
    7.5000    0.0000  -37.500011749.8086   21.3797
   -7.5000    7.5000  -37.500011305.1709   21.3690
    0.0000    7.5000  -37.500011838.4121   21.3809
    7.5000    7.5000  -37.500011308.7920   21.3923
   -7.5000   15.0000  -37.500010730.2451   21.3706
    0.0000   15.0000  -37.500011229.5400   21.3756
    7.5000   15.0000  -37.500010737.9062   21.3777
   -7.5000   22.5000  -37.5000 9916.6865   21.3757
    0.0000   22.5000  -37.500010380.7588   21.3677
    7.5000   22.5000  -37.5000 9877.8594   21.3476
   -7.5000   30.0000  -37.5000 9018.4062   21.0998
    0.0000   30.0000  -37.5000 9433.8105   21.0848
    7.5000   30.0000  -37.5000 8946.9502   21.0521
   -7.5000   37.5000  -37.5000 8491.5186   21.0945
    0.0000   37.5000  -37.5000 8876.4814   21.0871
    7.5000   37.5000  -37.5000 8415.3828   21.0666
   -7.5000   45.0000  -37.5000 7717.9487   20.5516
    0.0000   45.0000  -37.5000 8052.9492   20.5579
    7.5000   45.0000  -37.5000 7653.8330   20.5594
   -7.5000  -45.0000  -30.0000 8942.1797   22.2634
    0.0000  -45.0000  -30.0000 9388.5381   22.2766
    7.5000  -45.0000  -30.0000 8970.5332   22.3078
   -7.5000  -37.5000  -30.0000 9467.7051   22.2685
    0.0000  -37.5000  -30.0000 9961.8350   22.2850
    7.5000  -37.5000  -30.0000 9515.3779   22.3103
   -7.5000  -30.0000  -30.000010246.0586   22.2722
    0.0000  -30.0000  -30.000010819.8281   22.2781
    7.5000  -30.0000  -30.000010301.5312   22.2798
   -7.5000  -22.5000  -30.000010976.9463   22.2719
    0.0000  -22.5000  -30.000011555.4443   22.2635
    7.5000  -22.5000  -30.000010975.8965   22.2464
   -7.5000  -15.0000  -30.000011557.1152   22.2697
    0.0000  -15.0000  -30.000012210.1416   22.2550
    7.5000  -15.0000  -30.000011576.6289   22.2395
   -7.5000   -7.5000  -30.000012145.1475   22.2649
    0.0000   -7.5000  -30.000012810.6016   22.2614
    7.5000   -7.5000  -30.000012163.7363   22.2705
   -7.5000    0.0000  -30.000012642.3115   22.2634
    0.0000    0.0000  -30.000013279.3018   22.2766
    7.5000    0.0000  -30.000012632.9072   22.3078
   -7.5000    7.5000  -30.000012171.4922   22.2685
    0.0000    7.5000  -30.000012720.9336   22.2850
    7.5000    7.5000  -30.000012119.4609   22.3103
   -7.5000   15.0000  -30.000011559.4180   22.2722
    0.0000   15.0000  -30.000012106.9014   22.2781
    7.5000   15.0000  -30.000011496.2822   22.2798
   -7.5000   22.5000  -30.000010656.3203   22.2666
    0.0000   22.5000  -30.000011180.2236   22.2581
    7.5000   22.5000  -30.000010585.1602   22.2411
   -7.5000   30.0000  -30.0000 9627.0498   21.9750
    0.0000   30.0000  -30.000010094.0967   21.9605
    7.5000   30.0000  -30.0000 9558.2998   21.9452
   -7.5000   37.5000  -30.0000 9008.9639   21.9703
    0.0000   37.5000  -30.0000 9434.1816   21.9669
    7.5000   37.5000  -30.0000 8947.6475   21.9758
   -7.5000   45.0000  -30.0000 8156.8257   21.4248
    0.0000   45.0000  -30.0000 8520.0264   21.4376
    7.5000   45.0000  -30.0000 8103.3716   21.4676
   -7.5000  -45.0000  -22.5000 9706.4854   23.0759
    0.0000  -45.0000  -22.500010175.2363   23.0703
    7.5000  -45.0000  -22.5000 9737.6494   23.0914
   -7.5000  -37.5000  -22.500010245.0059   23.0726
    0.0000  -37.5000  -22.500010771.9609   23.0688
    7.5000  -37.5000  -22.500010275.7080   23.0769
   -7.5000  -30.0000  -22.500011071.3477   23.0514
    0.0000  -30.0000  -22.500011648.4492   23.0361
    7.5000  -30.0000  -22.500011082.0010   23.0190
   -7.5000  -22.5000  -22.500011839.0488   23.0324
    0.0000  -22.5000  -22.500012445.3828   23.0030
    7.5000  -22.5000  -22.500011824.8330   22.9736
   -7.5000  -15.0000  -22.500012444.8398   23.0352
    0.0000  -15.0000  -22.500013121.7744   23.0006
    7.5000  -15.0000  -22.500012456.5684   22.9796
   -7.5000   -7.5000  -22.500013116.6494   23.0575
    0.0000   -7.5000  -22.500013808.0518   23.0354
    7.5000   -7.5000  -22.500013076.9180   23.0392
   -7.5000    0.0000  -22.500013608.8730   23.0759
    0.0000    0.0000  -22.500014292.7314   23.0703
    7.5000    0.0000  -22.500013554.5547   23.0914
   -7.5000    7.5000  -22.500012993.5869   23.0726
    0.0000    7.5000  -22.500013618.9912   23.0688
    7.5000    7.5000  -22.500012931.7090   23.0769
   -7.5000   15.0000  -22.500012368.2148   23.0514
    0.0000   15.0000  -22.500012964.5859   23.0361
    7.5000   15.0000  -22.500012255.2559   23.0190
   -7.5000   22.5000  -22.500011416.4453   23.0253
    0.0000   22.5000  -22.500011980.8838   22.9959
    7.5000   22.5000  -22.500011332.8994   22.9666
   -7.5000   30.0000  -22.500010283.1846   22.7339
    0.0000   30.0000  -22.500010776.5127   22.6997
    7.5000   30.0000  -22.500010197.4316   22.6790
   -7.5000   37.5000  -22.5000 9580.6211   22.7559
    0.0000   37.5000  -22.500010021.3779   22.7341
    7.5000   37.5000  -22.5000 9506.7236   22.7379
   -7.5000   45.0000  -22.5000 8656.9912   22.2234
    0.0000   45.0000  -22.5000 9033.4639   22.2181
    7.5000   45.0000  -22.5000 8563.2139   22.2384
   -7.5000  -45.0000  -15.000010422.3779   23.6710
    0.0000  -45.0000  -15.000010950.7744   23.6387
    7.5000  -45.0000  -15.000010483.8047   23.6218
   -7.5000  -37.5000  -15.000010976.7539   23.6527
    0.0000  -37.5000  -15.000011562.9883   23.6239
    7.5000  -37.5000  -15.000011037.4990   23.6038
   -7.5000  -30.0000  -15.000011850.3340   23.6051
    0.0000  -30.0000  -15.000012464.7773   23.5679
    7.5000  -30.0000  -15.000011913.5762   23.5345
   -7.5000  -22.5000  -15.000012629.0186   23.5759
    0.0000  -22.5000  -15.000013273.3809   23.5250
    7.5000  -22.5000  -15.000012680.9502   23.4804
   -7.5000  -15.0000  -15.000013333.9443   23.5914
    0.0000  -15.0000  -15.000014026.2910   23.5343
    7.5000  -15.0000  -15.000013336.9170   23.4887
   -7.5000   -7.5000  -15.000014047.3779   23.6390
    0.0000   -7.5000  -15.000014793.5186   23.5921
    7.5000   -7.5000  -15.000014009.2285   23.5608
   -7.5000    0.0000  -15.000014553.2627   23.6710
    0.0000    0.0000  -15.000015317.1357   23.6387
    7.5000    0.0000  -15.000014545.6973   23.6218
   -7.5000    7.5000  -15.000013836.0205   23.6527
    0.0000    7.5000  -15.000014534.5400   23.6238
    7.5000    7.5000  -15.000013792.1348   23.6038
   -7.5000   15.0000  -15.000013152.6787   23.6051
    0.0000   15.0000  -15.000013800.0869   23.5679
    7.5000   15.0000  -15.000013026.6963   23.5345
   -7.5000   22.5000  -15.000012169.2061   23.5676
    0.0000   22.5000  -15.000012779.7861   23.5167
    7.5000   22.5000  -15.000012063.8203   23.4721
   -7.5000   30.0000  -15.000010934.8867   23.2861
    0.0000   30.0000  -15.000011475.5928   23.2297
    7.5000   30.0000  -15.000010856.8984   23.1848
   -7.5000   37.5000  -15.000010193.8682   23.3330
    0.0000   37.5000  -15.000010646.9229   23.2867
    7.5000   37.5000  -15.000010103.1650   23.2559
   -7.5000   45.0000  -15.0000 9156.6113   22.8103
    0.0000   45.0000  -15.0000 9541.4590   22.7792
    7.5000   45.0000  -15.0000 9048.6846   22.7630
   -7.5000  -45.0000   -7.500011186.8848   23.9417
    0.0000  -45.0000   -7.500011751.6494   23.9046
    7.5000  -45.0000   -7.500011282.8174   23.8585
   -7.5000  -37.5000   -7.500011760.3623   23.9191
    0.0000  -37.5000   -7.500012367.5371   23.8870
    7.5000  -37.5000   -7.500011859.3838   23.8546
   -7.5000  -30.0000   -7.500012669.2842   23.8727
    0.0000  -30.0000   -7.500013301.5830   23.8362
    7.5000  -30.0000   -7.500012785.4863   23.8050
   -7.5000  -22.5000   -7.500013496.7314   23.8522
    0.0000  -22.5000   -7.500014142.3828   23.8044
    7.5000  -22.5000   -7.500013565.2500   23.7573
   -7.5000  -15.0000   -7.500014258.8760   23.8729
    0.0000  -15.0000   -7.500014926.3828   23.8186
    7.5000  -15.0000   -7.500014223.5732   23.7553
   -7.5000   -7.5000   -7.500014973.0879   23.9160
    0.0000   -7.5000   -7.500015722.0029   23.8681
    7.5000   -7.5000   -7.500014932.6250   23.8067
   -7.5000    0.0000   -7.500015535.2979   23.9417
    0.0000    0.0000   -7.500016358.1768   23.9045
    7.5000    0.0000   -7.500015552.2100   23.8584
   -7.5000    7.5000   -7.500014757.0918   23.9191
    0.0000    7.5000   -7.500015534.6992   23.8870
    7.5000    7.5000   -7.500014755.3994   23.8546
   -7.5000   15.0000   -7.500013989.6787   23.8727
    0.0000   15.0000   -7.500014710.9219   23.8362
    7.5000   15.0000   -7.500013885.6719   23.8050
   -7.5000   22.5000   -7.500012950.2334   23.8412
    0.0000   22.5000   -7.500013600.5410   23.7934
    7.5000   22.5000   -7.500012834.0156   23.7463
   -7.5000   30.0000   -7.500011655.2588   23.5633
    0.0000   30.0000   -7.500012269.9932   23.5097
    7.5000   30.0000   -7.500011576.3809   23.4472
   -7.5000   37.5000   -7.500010856.0371   23.6059
    0.0000   37.5000   -7.500011390.8604   23.5586
    7.5000   37.5000   -7.500010784.9521   23.4980
   -7.5000   45.0000   -7.5000 9703.8262   23.0754
    0.0000   45.0000   -7.500010156.8447   23.0397
    7.5000   45.0000   -7.5000 9632.3057   22.9953
   -7.5000  -45.0000    0.000011870.4541   23.9483
    0.0000  -45.0000    0.000012443.8096   23.9309
    7.5000  -45.0000    0.000011983.1504   23.8918
   -7.5000  -37.5000    0.000012465.8594   23.9324
    0.0000  -37.5000    0.000013047.0205   23.9209
    7.5000  -37.5000    0.000012596.0449   23.9026
   -7.5000  -30.0000    0.000013469.6953   23.9098
    0.0000  -30.0000    0.000014040.8740   23.8942
    7.5000  -30.0000    0.000013586.7822   23.8793
   -7.5000  -22.5000    0.000014351.1904   23.9082
    0.0000  -22.5000    0.000014961.0703   23.8812
    7.5000  -22.5000    0.000014420.9678   23.8446
   -7.5000  -15.0000    0.000015107.4316   23.9253
    0.0000  -15.0000    0.000015735.2422   23.8916
    7.5000  -15.0000    0.000015076.4131   23.8317
   -7.5000   -7.5000    0.000015818.9160   23.9429
    0.0000   -7.5000    0.000016507.6055   23.9145
    7.5000   -7.5000    0.000015822.0684   23.8555
   -7.5000    0.0000    0.000016443.6152   23.9483
    0.0000    0.0000    0.000017176.4512   23.9308
    7.5000    0.0000    0.000016492.7852   23.8917
   -7.5000    7.5000    0.000015591.9277   23.9324
    0.0000    7.5000    0.000016330.2412   23.9209
    7.5000    7.5000    0.000015667.5303   23.9026
   -7.5000   15.0000    0.000014665.8154   23.9098
    0.0000   15.0000    0.000015346.7812   23.8942
    7.5000   15.0000    0.000014625.7959   23.8793
   -7.5000   22.5000    0.000013559.1309   23.8972
    0.0000   22.5000    0.000014192.4150   23.8702
    7.5000   22.5000    0.000013487.1992   23.8336
   -7.5000   30.0000    0.000012261.2861   23.6157
    0.0000   30.0000    0.000012857.7793   23.5824
    7.5000   30.0000    0.000012190.9971   23.5233
   -7.5000   37.5000    0.000011432.4551   23.6330
    0.0000   37.5000    0.000011987.0244   23.6050
    7.5000   37.5000    0.000011367.2812   23.5468
   -7.5000   45.0000    0.000010207.0020   23.0836
    0.0000   45.0000    0.000010696.6475   23.0668
    7.5000   45.0000    0.000010149.9414   23.0291
   -7.5000  -45.0000    7.500011640.3076   23.9068
    0.0000  -45.0000    7.500012142.3408   23.9139
    7.5000  -45.0000    7.500011714.9033   23.9154
   -7.5000  -37.5000    7.500012208.1338   23.9039
    0.0000  -37.5000    7.500012702.1270   23.9171
    7.5000  -37.5000    7.500012288.7412   23.9296
   -7.5000  -30.0000    7.500013223.4639   23.9055
    0.0000  -30.0000    7.500013792.5352   23.9109
    7.5000  -30.0000    7.500013311.3564   23.9130
   -7.5000  -22.5000    7.500014163.7715   23.9143
    0.0000  -22.5000    7.500014836.5859   23.9050
    7.5000  -22.5000    7.500014274.6328   23.8824
   -7.5000  -15.0000    7.500014895.1826   23.9210
    0.0000  -15.0000    7.500015477.4834   23.9038
    7.5000  -15.0000    7.500014929.4121   23.8666
   -7.5000   -7.5000    7.500015529.9375   23.9152
    0.0000   -7.5000    7.500016081.2871   23.9066
    7.5000   -7.5000    7.500015592.8125   23.8831
   -7.5000    0.0000    7.500016050.5176   23.9068
    0.0000    0.0000    7.500016608.2949   23.9139
    7.5000    0.0000    7.500016154.8848   23.9154
   -7.5000    7.5000    7.500015180.2676   23.9039
    0.0000    7.5000    7.500015781.3193   23.9171
    7.5000    7.5000    7.500015338.4189   23.9296
   -7.5000   15.0000    7.500014215.9189   23.9055
    0.0000   15.0000    7.500014731.3828   23.9109
    7.5000   15.0000    7.500014240.5117   23.9130
   -7.5000   22.5000    7.500013172.5439   23.9033
    0.0000   22.5000    7.500013656.5068   23.8940
    7.5000   22.5000    7.500013120.3457   23.8714
   -7.5000   30.0000    7.500011956.3076   23.6115
    0.0000   30.0000    7.500012435.9326   23.5944
    7.5000   30.0000    7.500011896.1055   23.5577
   -7.5000   37.5000    7.500011171.1719   23.6057
    0.0000   37.5000    7.500011647.2656   23.5973
    7.5000   37.5000    7.500011109.0732   23.5740
   -7.5000   45.0000    7.5000 9990.5801   23.0436
    0.0000   45.0000    7.500010433.5596   23.0505
    7.5000   45.0000    7.5000 9936.8447   23.0519
   -7.5000  -45.0000   15.000011219.5371   23.9072
    0.0000  -45.0000   15.000011736.5332   23.9214
    7.5000  -45.0000   15.000011273.1045   23.9549
   -7.5000  -37.5000   15.000011759.2891   23.9127
    0.0000  -37.5000   15.000012224.1025   23.9304
    7.5000  -37.5000   15.000011783.3955   23.9576
   -7.5000  -30.0000   15.000012721.9502   23.9167
    0.0000  -30.0000   15.000013258.3730   23.9230
    7.5000  -30.0000   15.000012794.2588   23.9248
   -7.5000  -22.5000   15.000013647.4209   23.9164
    0.0000  -22.5000   15.000014293.9463   23.9073
    7.5000  -22.5000   15.000013797.3398   23.8890
   -7.5000  -15.0000   15.000014330.8271   23.9140
    0.0000  -15.0000   15.000014856.9443   23.8982
    7.5000  -15.0000   15.000014450.0303   23.8816
   -7.5000   -7.5000   15.000014956.2588   23.9088
    0.0000   -7.5000   15.000015365.6514   23.9051
    7.5000   -7.5000   15.000015053.3252   23.9148
   -7.5000    0.0000   15.000015500.7256   23.9072
    0.0000    0.0000   15.000015861.1846   23.9214
    7.5000    0.0000   15.000015579.2705   23.9549
   -7.5000    7.5000   15.000014672.6211   23.9127
    0.0000    7.5000   15.000015072.7305   23.9304
    7.5000    7.5000   15.000014736.1084   23.9576
   -7.5000   15.0000   15.000013660.3916   23.9167
    0.0000   15.0000   15.000014029.2314   23.9230
    7.5000   15.0000   15.000013619.0186   23.9248
   -7.5000   22.5000   15.000012650.9453   23.9054
    0.0000   22.5000   15.000013027.4619   23.8963
    7.5000   22.5000   15.000012537.7490   23.8780
   -7.5000   30.0000   15.000011463.6348   23.6045
    0.0000   30.0000   15.000011864.2666   23.5889
    7.5000   30.0000   15.000011377.3789   23.5725
   -7.5000   37.5000   15.000010721.6748   23.5994
    0.0000   37.5000   15.000011123.0166   23.5958
    7.5000   37.5000   15.000010649.5986   23.6053
   -7.5000   45.0000   15.0000 9594.1904   23.0440
    0.0000   45.0000   15.0000 9990.0771   23.0578
    7.5000   45.0000   15.0000 9517.6455   23.0900
   -7.5000  -45.0000   22.500010727.6377   23.9546
    0.0000  -45.0000   22.500011227.8799   23.9488
    7.5000  -45.0000   22.500010771.0723   23.9707
   -7.5000  -37.5000   22.500011248.8252   23.9512
    0.0000  -37.5000   22.500011702.8643   23.9472
    7.5000  -37.5000   22.500011244.5625   23.9557
   -7.5000  -30.0000   22.500012097.5762   23.9292
    0.0000  -30.0000   22.500012611.2969   23.9134
    7.5000  -30.0000   22.500012147.9316   23.8956
   -7.5000  -22.5000   22.500012894.1396   23.9095
    0.0000  -22.5000   22.500013447.8164   23.8789
    7.5000  -22.5000   22.500012990.5225   23.8485
   -7.5000  -15.0000   22.500013615.0869   23.9124
    0.0000  -15.0000   22.500014174.2285   23.8765
    7.5000  -15.0000   22.500013711.0859   23.8546
   -7.5000   -7.5000   22.500014358.4043   23.9355
    0.0000   -7.5000   22.500014996.4922   23.9126
    7.5000   -7.5000   22.500014472.3223   23.9166
   -7.5000    0.0000   22.500014925.7842   23.9546
    0.0000    0.0000   22.500015577.6025   23.9488
    7.5000    0.0000   22.500015000.4590   23.9707
   -7.5000    7.5000   22.500014096.9160   23.9512
    0.0000    7.5000   22.500014677.7891   23.9472
    7.5000    7.5000   22.500014122.9180   23.9557
   -7.5000   15.0000   22.500013020.3340   23.9292
    0.0000   15.0000   22.500013518.6426   23.9134
    7.5000   15.0000   22.500013002.6650   23.8956
   -7.5000   22.5000   22.500012056.4004   23.8985
    0.0000   22.5000   22.500012460.8701   23.8679
    7.5000   22.5000   22.500011962.3896   23.8375
   -7.5000   30.0000   22.500010911.5117   23.6029
    0.0000   30.0000   22.500011279.2510   23.5675
    7.5000   30.0000   22.500010830.9814   23.5459
   -7.5000   37.5000   22.500010213.1621   23.6257
    0.0000   37.5000   22.500010558.4268   23.6031
    7.5000   37.5000   22.500010137.7725   23.6070
   -7.5000   45.0000   22.5000 9143.6318   23.0897
    0.0000   45.0000   22.5000 9448.3535   23.0841
    7.5000   45.0000   22.5000 9059.5215   23.1052
   -7.5000  -45.0000   30.000010091.2559   23.9959
    0.0000  -45.0000   30.000010577.5889   23.9632
    7.5000  -45.0000   30.000010119.7646   23.9460
   -7.5000  -37.5000   30.000010577.6025   23.9773
    0.0000  -37.5000   30.000011068.0312   23.9481
    7.5000  -37.5000   30.000010598.5928   23.9277
   -7.5000  -30.0000   30.000011393.2402   23.9290
    0.0000  -30.0000   30.000011901.4639   23.8913
    7.5000  -30.0000   30.000011425.7080   23.8575
   -7.5000  -22.5000   30.000012189.8262   23.8995
    0.0000  -22.5000   30.000012671.9551   23.8479
    7.5000  -22.5000   30.000012238.3408   23.8026
   -7.5000  -15.0000   30.000012909.8154   23.9151
    0.0000  -15.0000   30.000013401.5186   23.8572
    7.5000  -15.0000   30.000012960.4980   23.8111
   -7.5000   -7.5000   30.000013641.0391   23.9634
    0.0000   -7.5000   30.000014202.7812   23.9158
    7.5000   -7.5000   30.000013698.4922   23.8842
   -7.5000    0.0000   30.000014200.0137   23.9959
    0.0000    0.0000   30.000014814.7861   23.9631
    7.5000    0.0000   30.000014247.6465   23.9460
   -7.5000    7.5000   30.000013422.6152   23.9773
    0.0000    7.5000   30.000013996.7090   23.9480
    7.5000    7.5000   30.000013457.1592   23.9277
   -7.5000   15.0000   30.000012360.3984   23.9290
    0.0000   15.0000   30.000012846.7832   23.8913
    7.5000   15.0000   30.000012369.9023   23.8575
   -7.5000   22.5000   30.000011398.6582   23.8884
    0.0000   22.5000   30.000011786.4277   23.8369
    7.5000   22.5000   30.000011324.9287   23.7917
   -7.5000   30.0000   30.000010288.8525   23.6056
    0.0000   30.0000   30.000010644.0840   23.5485
    7.5000   30.0000   30.000010229.2305   23.5029
   -7.5000   37.5000   30.0000 9604.7979   23.6532
    0.0000   37.5000   30.0000 9930.3652   23.6063
    7.5000   37.5000   30.0000 9538.6357   23.5751
   -7.5000   45.0000   30.0000 8538.6318   23.1294
    0.0000   45.0000   30.0000 8845.4678   23.0979
    7.5000   45.0000   30.0000 8503.5039   23.0814
   -7.5000  -45.0000   37.5000 9770.9961   23.9986
    0.0000  -45.0000   37.500010298.1797   23.9613
    7.5000  -45.0000   37.5000 9836.4170   23.9150
   -7.5000  -37.5000   37.500010269.3418   23.9759
    0.0000  -37.5000   37.500010810.9580   23.9437
    7.5000  -37.5000   37.500010315.4189   23.9111
   -7.5000  -30.0000   37.500011120.4326   23.9293
    0.0000  -30.0000   37.500011681.8789   23.8927
    7.5000  -30.0000   37.500011169.0400   23.8613
   -7.5000  -22.5000   37.500011895.0752   23.9088
    0.0000  -22.5000   37.500012432.1562   23.8607
    7.5000  -22.5000   37.500011919.7988   23.8134
   -7.5000  -15.0000   37.500012557.0078   23.9295
    0.0000  -15.0000   37.500013106.6875   23.8750
    7.5000  -15.0000   37.500012569.6699   23.8113
   -7.5000   -7.5000   37.500013217.5000   23.9728
    0.0000   -7.5000   37.500013804.5645   23.9247
    7.5000   -7.5000   37.500013225.5254   23.8630
   -7.5000    0.0000   37.500013736.1807   23.9986
    0.0000    0.0000   37.500014346.2520   23.9613
    7.5000    0.0000   37.500013765.1084   23.9149
   -7.5000    7.5000   37.500013031.9541   23.9759
    0.0000    7.5000   37.500013594.6436   23.9437
    7.5000    7.5000   37.500013069.6289   23.9111
   -7.5000   15.0000   37.500012036.3955   23.9293
    0.0000   15.0000   37.500012540.5049   23.8927
    7.5000   15.0000   37.500012053.7324   23.8613
   -7.5000   22.5000   37.500011079.4473   23.8977
    0.0000   22.5000   37.500011473.5928   23.8497
    7.5000   22.5000   37.500011027.8174   23.8024
   -7.5000   30.0000   37.500010003.3633   23.6198
    0.0000   30.0000   37.500010348.8496   23.5660
    7.5000   30.0000   37.5000 9950.9111   23.5032
   -7.5000   37.5000   37.5000 9318.2900   23.6625
    0.0000   37.5000   37.5000 9653.5615   23.6151
    7.5000   37.5000   37.5000 9245.7402   23.5542
   -7.5000   45.0000   37.5000 8271.8682   23.1320
    0.0000   45.0000   37.5000 8585.4072   23.0962
    7.5000   45.0000   37.5000 8226.3311   23.0515
   -7.5000  -45.0000   45.0000 9072.2324   23.9810
    0.0000  -45.0000   45.0000 9563.6846   23.9630
    7.5000  -45.0000   45.0000 9113.5557   23.9224
   -7.5000  -37.5000   45.0000 9522.5664   23.9653
    0.0000  -37.5000   45.000010051.4746   23.9534
    7.5000  -37.5000   45.0000 9566.3945   23.9336
   -7.5000  -30.0000   45.000010263.6738   23.9429
    0.0000  -30.0000   45.000010835.7783   23.9270
    7.5000  -30.0000   45.000010310.2480   23.9109
   -7.5000  -22.5000   45.000010933.2861   23.9413
    0.0000  -22.5000   45.000011524.1445   23.9141
    7.5000  -22.5000   45.000010980.3564   23.8764
   -7.5000  -15.0000   45.000011505.8711   23.9581
    0.0000  -15.0000   45.000012079.9941   23.9240
    7.5000  -15.0000   45.000011555.9941   23.8631
   -7.5000   -7.5000   45.000012050.2725   23.9756
    0.0000   -7.5000   45.000012635.8545   23.9466
    7.5000   -7.5000   45.000012116.5684   23.8864
   -7.5000    0.0000   45.000012529.5557   23.9810
    0.0000    0.0000   45.000013101.2129   23.9630
    7.5000    0.0000   45.000012602.1123   23.9224
   -7.5000    7.5000   45.000011943.7334   23.9653
    0.0000    7.5000   45.000012480.1445   23.9533
    7.5000    7.5000   45.000012014.6309   23.9336
   -7.5000   15.0000   45.000011080.5078   23.9429
    0.0000   15.0000   45.000011551.4707   23.9270
    7.5000   15.0000   45.000011123.5264   23.9109
   -7.5000   22.5000   45.000010181.7070   23.9302
    0.0000   22.5000   45.000010564.1162   23.9030
    7.5000   22.5000   45.000010161.2188   23.8654
   -7.5000   30.0000   45.0000 9202.0889   23.6460
    0.0000   30.0000   45.0000 9564.4551   23.6123
    7.5000   30.0000   45.0000 9166.8428   23.5522
   -7.5000   37.5000   45.0000 8565.5635   23.6632
    0.0000   37.5000   45.0000 8908.6846   23.6346
    7.5000   37.5000   45.0000 8531.0342   23.5752
   -7.5000   45.0000   45.0000 7622.6064   23.1256
    0.0000   45.0000   45.0000 7922.7744   23.1082
    7.5000   45.0000   45.0000 7593.9937   23.0691

---------------------------------------------------------------------
imgreg_4dfp /opt/freesurfer/average/711-2C_as_mni_average_305 /opt/freesurfer/average/711-2B_as_mni_average_305_mask talsrcimg_g11 none talsrcimg_to_711-2C_as_mni_average_305_t4 4355
---------------------------------------------------------------------

freesurfer imgreg_4dfp.c
/opt/freesurfer/average/711-2C_as_mni_average_305.4dfp.img
       256       256       256         1
  1.000000  1.000000  1.000000
orientation T byte_order littleendian
Reading image: /opt/freesurfer/average/711-2C_as_mni_average_305.4dfp.img
dimensions:      256       256       256
mmppix:       1.0000   -1.0000   -1.0000
center:     128.0000 -129.0000 -129.0000
/opt/freesurfer/average/711-2B_as_mni_average_305_mask.4dfp.img
       256       256       256         1
  1.000000  1.000000  1.000000
orientation T byte_order littleendian
Reading mask: /opt/freesurfer/average/711-2B_as_mni_average_305_mask.4dfp.img (2306576 pixels)
talsrcimg_g11.4dfp.img
       256       256       256         1
  1.000000  1.000000  1.000000
orientation T byte_order littleendian
Reading image: talsrcimg_g11.4dfp.img
dimensions:      256       256       256
mmppix:       1.0000   -1.0000   -1.0000
center:     128.0000 -129.0000 -129.0000
rotation matrix determinant  1.000000
image alignment mode   4355 decimal     1103 hex
   -7.5000  -45.0000  -45.0000 1998.6589   24.0306
    0.0000  -45.0000  -45.0000 2015.9016   23.8578
    7.5000  -45.0000  -45.0000 2005.3104   23.9654
   -7.5000  -37.5000  -45.0000 2077.3469   22.4624
    0.0000  -37.5000  -45.0000 2097.2031   22.3028
    7.5000  -37.5000  -45.0000 2085.7795   22.3544
   -7.5000  -30.0000  -45.0000 2121.6660   21.3259
    0.0000  -30.0000  -45.0000 2143.0095   21.1594
    7.5000  -30.0000  -45.0000 2127.8792   21.2429
   -7.5000  -22.5000  -45.0000 2156.9187   20.6117
    0.0000  -22.5000  -45.0000 2176.6082   20.4079
    7.5000  -22.5000  -45.0000 2161.0000   20.5115
   -7.5000  -15.0000  -45.0000 2171.0017   20.4624
    0.0000  -15.0000  -45.0000 2184.1602   20.1688
    7.5000  -15.0000  -45.0000 2171.5881   20.3344
   -7.5000   -7.5000  -45.0000 2167.4688   20.6730
    0.0000   -7.5000  -45.0000 2186.7524   20.3995
    7.5000   -7.5000  -45.0000 2169.2673   20.5737
   -7.5000    0.0000  -45.0000 2141.1096   21.3516
    0.0000    0.0000  -45.0000 2166.8953   21.0797
    7.5000    0.0000  -45.0000 2144.0364   21.2227
   -7.5000    7.5000  -45.0000 2095.8643   22.3390
    0.0000    7.5000  -45.0000 2120.9702   22.0464
    7.5000    7.5000  -45.0000 2099.1404   22.1826
   -7.5000   15.0000  -45.0000 2034.7655   23.5691
    0.0000   15.0000  -45.0000 2060.2644   23.2982
    7.5000   15.0000  -45.0000 2037.6884   23.4008
   -7.5000   22.5000  -45.0000 1961.0989   25.3617
    0.0000   22.5000  -45.0000 1986.5245   25.0137
    7.5000   22.5000  -45.0000 1963.1436   25.1568
   -7.5000   30.0000  -45.0000 1862.1947   27.7838
    0.0000   30.0000  -45.0000 1885.9760   27.2960
    7.5000   30.0000  -45.0000 1864.7289   27.5531
   -7.5000   37.5000  -45.0000 1756.0996   31.2089
    0.0000   37.5000  -45.0000 1780.7085   30.6957
    7.5000   37.5000  -45.0000 1759.5591   30.9987
   -7.5000   45.0000  -45.0000 1640.6555   36.1508
    0.0000   45.0000  -45.0000 1658.8944   35.5365
    7.5000   45.0000  -45.0000 1643.4509   35.8430
   -7.5000  -45.0000  -37.5000 2104.1765   21.9837
    0.0000  -45.0000  -37.5000 2122.1587   21.8695
    7.5000  -45.0000  -37.5000 2106.9844   21.9620
   -7.5000  -37.5000  -37.5000 2180.6211   20.4992
    0.0000  -37.5000  -37.5000 2204.7717   20.3993
    7.5000  -37.5000  -37.5000 2191.6294   20.4816
   -7.5000  -30.0000  -37.5000 2228.1655   19.5026
    0.0000  -30.0000  -37.5000 2247.6636   19.3766
    7.5000  -30.0000  -37.5000 2235.6855   19.4550
   -7.5000  -22.5000  -37.5000 2255.8315   18.8837
    0.0000  -22.5000  -37.5000 2276.2415   18.7185
    7.5000  -22.5000  -37.5000 2262.1514   18.8201
   -7.5000  -15.0000  -37.5000 2258.6521   18.7474
    0.0000  -15.0000  -37.5000 2283.9758   18.5377
    7.5000  -15.0000  -37.5000 2267.5894   18.6764
   -7.5000   -7.5000  -37.5000 2259.3088   18.8798
    0.0000   -7.5000  -37.5000 2286.5620   18.6500
    7.5000   -7.5000  -37.5000 2268.2261   18.8238
   -7.5000    0.0000  -37.5000 2243.2681   19.4141
    0.0000    0.0000  -37.5000 2268.6504   19.1946
    7.5000    0.0000  -37.5000 2245.1943   19.3525
   -7.5000    7.5000  -37.5000 2197.3489   20.2845
    0.0000    7.5000  -37.5000 2221.9587   19.9981
    7.5000    7.5000  -37.5000 2204.4868   20.1516
   -7.5000   15.0000  -37.5000 2134.9355   21.4489
    0.0000   15.0000  -37.5000 2161.7620   21.1540
    7.5000   15.0000  -37.5000 2143.1516   21.3173
   -7.5000   22.5000  -37.5000 2049.5049   23.1128
    0.0000   22.5000  -37.5000 2076.8486   22.8154
    7.5000   22.5000  -37.5000 2055.7239   22.9523
   -7.5000   30.0000  -37.5000 1948.8704   25.3425
    0.0000   30.0000  -37.5000 1974.7797   24.9569
    7.5000   30.0000  -37.5000 1953.8501   25.1938
   -7.5000   37.5000  -37.5000 1839.4856   28.3727
    0.0000   37.5000  -37.5000 1861.5896   28.0276
    7.5000   37.5000  -37.5000 1837.6604   28.2487
   -7.5000   45.0000  -37.5000 1718.5134   32.6674
    0.0000   45.0000  -37.5000 1736.1365   32.2617
    7.5000   45.0000  -37.5000 1719.6041   32.4994
   -7.5000  -45.0000  -30.0000 2228.3870   20.8299
    0.0000  -45.0000  -30.0000 2249.3789   20.7305
    7.5000  -45.0000  -30.0000 2234.2043   20.8473
   -7.5000  -37.5000  -30.0000 2313.7378   19.3682
    0.0000  -37.5000  -30.0000 2338.3904   19.3193
    7.5000  -37.5000  -30.0000 2325.8416   19.3568
   -7.5000  -30.0000  -30.0000 2369.3047   18.4770
    0.0000  -30.0000  -30.0000 2388.8950   18.3671
    7.5000  -30.0000  -30.0000 2373.9822   18.3969
   -7.5000  -22.5000  -30.0000 2397.1594   18.0002
    0.0000  -22.5000  -30.0000 2420.2690   17.8499
    7.5000  -22.5000  -30.0000 2401.1482   17.9013
   -7.5000  -15.0000  -30.0000 2400.5996   17.8365
    0.0000  -15.0000  -30.0000 2435.1221   17.6478
    7.5000  -15.0000  -30.0000 2415.3103   17.7640
   -7.5000   -7.5000  -30.0000 2400.6406   17.9334
    0.0000   -7.5000  -30.0000 2430.2295   17.7093
    7.5000   -7.5000  -30.0000 2411.4177   17.8553
   -7.5000    0.0000  -30.0000 2384.0627   18.3503
    0.0000    0.0000  -30.0000 2411.7036   18.1044
    7.5000    0.0000  -30.0000 2388.6270   18.2816
   -7.5000    7.5000  -30.0000 2346.4839   19.1667
    0.0000    7.5000  -30.0000 2377.8572   18.9068
    7.5000    7.5000  -30.0000 2351.8796   19.0900
   -7.5000   15.0000  -30.0000 2275.1360   20.3828
    0.0000   15.0000  -30.0000 2307.4915   20.1231
    7.5000   15.0000  -30.0000 2283.8911   20.2547
   -7.5000   22.5000  -30.0000 2177.2175   21.9258
    0.0000   22.5000  -30.0000 2207.6616   21.6489
    7.5000   22.5000  -30.0000 2183.7090   21.8165
   -7.5000   30.0000  -30.0000 2067.6191   24.0570
    0.0000   30.0000  -30.0000 2090.5435   23.7805
    7.5000   30.0000  -30.0000 2069.8918   23.9662
   -7.5000   37.5000  -30.0000 1949.3536   26.9617
    0.0000   37.5000  -30.0000 1972.6021   26.6492
    7.5000   37.5000  -30.0000 1950.5020   26.8673
   -7.5000   45.0000  -30.0000 1815.7789   30.9048
    0.0000   45.0000  -30.0000 1838.1522   30.5594
    7.5000   45.0000  -30.0000 1821.5083   30.8368
   -7.5000  -45.0000  -22.5000 2329.0583   19.6814
    0.0000  -45.0000  -22.5000 2350.4438   19.5778
    7.5000  -45.0000  -22.5000 2341.4165   19.7037
   -7.5000  -37.5000  -22.5000 2420.4709   18.2714
    0.0000  -37.5000  -22.5000 2444.1147   18.1744
    7.5000  -37.5000  -22.5000 2427.9875   18.2091
   -7.5000  -30.0000  -22.5000 2476.7251   17.3152
    0.0000  -30.0000  -22.5000 2501.0278   17.2182
    7.5000  -30.0000  -22.5000 2484.5103   17.2167
   -7.5000  -22.5000  -22.5000 2515.9048   16.8787
    0.0000  -22.5000  -22.5000 2545.7842   16.7095
    7.5000  -22.5000  -22.5000 2523.0923   16.7410
   -7.5000  -15.0000  -22.5000 2527.5723   16.7343
    0.0000  -15.0000  -22.5000 2563.2346   16.5552
    7.5000  -15.0000  -22.5000 2541.6638   16.6031
   -7.5000   -7.5000  -22.5000 2536.9172   16.8984
    0.0000   -7.5000  -22.5000 2565.8401   16.7208
    7.5000   -7.5000  -22.5000 2544.8987   16.7995
   -7.5000    0.0000  -22.5000 2516.6841   17.3507
    0.0000    0.0000  -22.5000 2550.1248   17.1325
    7.5000    0.0000  -22.5000 2523.4829   17.2722
   -7.5000    7.5000  -22.5000 2471.9661   18.1376
    0.0000    7.5000  -22.5000 2507.1426   17.8922
    7.5000    7.5000  -22.5000 2484.1577   18.0493
   -7.5000   15.0000  -22.5000 2393.8643   19.2794
    0.0000   15.0000  -22.5000 2429.9851   19.0349
    7.5000   15.0000  -22.5000 2404.9370   19.1360
   -7.5000   22.5000  -22.5000 2291.1917   20.7731
    0.0000   22.5000  -22.5000 2323.9888   20.4909
    7.5000   22.5000  -22.5000 2300.5205   20.6364
   -7.5000   30.0000  -22.5000 2165.9412   22.7888
    0.0000   30.0000  -22.5000 2194.7014   22.4919
    7.5000   30.0000  -22.5000 2172.8433   22.6327
   -7.5000   37.5000  -22.5000 2033.6699   25.5610
    0.0000   37.5000  -22.5000 2058.2913   25.2383
    7.5000   37.5000  -22.5000 2041.8245   25.4232
   -7.5000   45.0000  -22.5000 1897.3519   29.2527
    0.0000   45.0000  -22.5000 1923.4297   28.9273
    7.5000   45.0000  -22.5000 1901.3469   29.1637
   -7.5000  -45.0000  -15.0000 2397.6211   18.6197
    0.0000  -45.0000  -15.0000 2421.5483   18.4525
    7.5000  -45.0000  -15.0000 2408.7571   18.6175
   -7.5000  -37.5000  -15.0000 2489.6116   17.2278
    0.0000  -37.5000  -15.0000 2524.2004   17.0992
    7.5000  -37.5000  -15.0000 2505.4990   17.1451
   -7.5000  -30.0000  -15.0000 2560.1335   16.2457
    0.0000  -30.0000  -15.0000 2588.1470   16.1405
    7.5000  -30.0000  -15.0000 2575.1724   16.1691
   -7.5000  -22.5000  -15.0000 2610.1008   15.7770
    0.0000  -22.5000  -15.0000 2639.3669   15.6277
    7.5000  -22.5000  -15.0000 2622.9482   15.6498
   -7.5000  -15.0000  -15.0000 2639.3291   15.6706
    0.0000  -15.0000  -15.0000 2679.1538   15.4706
    7.5000  -15.0000  -15.0000 2652.7275   15.4910
   -7.5000   -7.5000  -15.0000 2650.5933   15.9089
    0.0000   -7.5000  -15.0000 2687.9355   15.7202
    7.5000   -7.5000  -15.0000 2659.2505   15.7587
   -7.5000    0.0000  -15.0000 2620.4158   16.4311
    0.0000    0.0000  -15.0000 2661.3958   16.2025
    7.5000    0.0000  -15.0000 2639.8674   16.3201
   -7.5000    7.5000  -15.0000 2576.3484   17.1839
    0.0000    7.5000  -15.0000 2618.5276   16.9691
    7.5000    7.5000  -15.0000 2590.5266   17.0929
   -7.5000   15.0000  -15.0000 2493.6858   18.2420
    0.0000   15.0000  -15.0000 2533.8291   18.0113
    7.5000   15.0000  -15.0000 2504.8413   18.1303
   -7.5000   22.5000  -15.0000 2384.4150   19.6807
    0.0000   22.5000  -15.0000 2416.7510   19.4161
    7.5000   22.5000  -15.0000 2391.7195   19.4952
   -7.5000   30.0000  -15.0000 2245.8958   21.6447
    0.0000   30.0000  -15.0000 2276.7061   21.3306
    7.5000   30.0000  -15.0000 2258.5652   21.4052
   -7.5000   37.5000  -15.0000 2110.2214   24.2404
    0.0000   37.5000  -15.0000 2132.0798   23.9237
    7.5000   37.5000  -15.0000 2114.9087   24.0307
   -7.5000   45.0000  -15.0000 1958.9249   27.7410
    0.0000   45.0000  -15.0000 1980.8096   27.4511
    7.5000   45.0000  -15.0000 1958.6731   27.5242
   -7.5000  -45.0000   -7.5000 2451.1594   17.7550
    0.0000  -45.0000   -7.5000 2471.9238   17.5104
    7.5000  -45.0000   -7.5000 2460.6069   17.7643
   -7.5000  -37.5000   -7.5000 2556.4807   16.3387
    0.0000  -37.5000   -7.5000 2584.4126   16.1528
    7.5000  -37.5000   -7.5000 2568.3540   16.3246
   -7.5000  -30.0000   -7.5000 2637.7661   15.3480
    0.0000  -30.0000   -7.5000 2666.9077   15.1583
    7.5000  -30.0000   -7.5000 2652.6130   15.2803
   -7.5000  -22.5000   -7.5000 2698.2490   14.8190
    0.0000  -22.5000   -7.5000 2729.7256   14.6466
    7.5000  -22.5000   -7.5000 2712.9780   14.7078
   -7.5000  -15.0000   -7.5000 2736.7598   14.6766
    0.0000  -15.0000   -7.5000 2777.5164   14.4681
    7.5000  -15.0000   -7.5000 2746.7771   14.5059
   -7.5000   -7.5000   -7.5000 2745.6375   14.9423
    0.0000   -7.5000   -7.5000 2794.6218   14.7554
    7.5000   -7.5000   -7.5000 2755.6079   14.7851
   -7.5000    0.0000   -7.5000 2721.7185   15.4934
    0.0000    0.0000   -7.5000 2773.9302   15.3397
    7.5000    0.0000   -7.5000 2742.2996   15.3969
   -7.5000    7.5000   -7.5000 2664.7336   16.2317
    0.0000    7.5000   -7.5000 2713.6028   16.0589
    7.5000    7.5000   -7.5000 2680.6487   16.1530
   -7.5000   15.0000   -7.5000 2577.4131   17.2651
    0.0000   15.0000   -7.5000 2620.5752   17.0481
    7.5000   15.0000   -7.5000 2589.1138   17.1734
   -7.5000   22.5000   -7.5000 2459.7595   18.6612
    0.0000   22.5000   -7.5000 2491.4668   18.3982
    7.5000   22.5000   -7.5000 2466.9602   18.5216
   -7.5000   30.0000   -7.5000 2316.9683   20.5503
    0.0000   30.0000   -7.5000 2348.6211   20.2764
    7.5000   30.0000   -7.5000 2326.0464   20.3843
   -7.5000   37.5000   -7.5000 2171.0918   23.0310
    0.0000   37.5000   -7.5000 2194.7498   22.7346
    7.5000   37.5000   -7.5000 2175.7456   22.8595
   -7.5000   45.0000   -7.5000 2006.7323   26.3855
    0.0000   45.0000   -7.5000 2033.5800   26.0280
    7.5000   45.0000   -7.5000 2019.4214   26.1478
   -7.5000  -45.0000    0.0000 2481.5305   17.1323
    0.0000  -45.0000    0.0000 2498.8625   16.8014
    7.5000  -45.0000    0.0000 2494.4478   17.1335
   -7.5000  -37.5000    0.0000 2599.9670   15.7220
    0.0000  -37.5000    0.0000 2622.5969   15.4346
    7.5000  -37.5000    0.0000 2614.6770   15.7297
   -7.5000  -30.0000    0.0000 2695.4900   14.7358
    0.0000  -30.0000    0.0000 2726.1414   14.4542
    7.5000  -30.0000    0.0000 2714.2090   14.6963
   -7.5000  -22.5000    0.0000 2769.1084   14.2081
    0.0000  -22.5000    0.0000 2808.2087   13.9474
    7.5000  -22.5000    0.0000 2786.5652   14.0964
   -7.5000  -15.0000    0.0000 2815.6018   13.9805
    0.0000  -15.0000    0.0000 2872.9990   13.7122
    7.5000  -15.0000    0.0000 2827.2292   13.8427
   -7.5000   -7.5000    0.0000 2830.7048   14.2164
    0.0000   -7.5000    0.0000 2893.9470   13.9712
    7.5000   -7.5000    0.0000 2844.9634   14.0859
   -7.5000    0.0000    0.0000 2803.4893   14.7343
    0.0000    0.0000    0.0000 2857.1733   14.5500
    7.5000    0.0000    0.0000 2824.8870   14.6511
   -7.5000    7.5000    0.0000 2739.3237   15.4715
    0.0000    7.5000    0.0000 2783.5286   15.2616
    7.5000    7.5000    0.0000 2755.5205   15.4196
   -7.5000   15.0000    0.0000 2637.2705   16.4982
    0.0000   15.0000    0.0000 2673.9133   16.2645
    7.5000   15.0000    0.0000 2651.9907   16.4375
   -7.5000   22.5000    0.0000 2504.8503   17.9160
    0.0000   22.5000    0.0000 2539.4678   17.6469
    7.5000   22.5000    0.0000 2517.3889   17.8343
   -7.5000   30.0000    0.0000 2363.2671   19.7608
    0.0000   30.0000    0.0000 2394.6514   19.4777
    7.5000   30.0000    0.0000 2372.2671   19.6410
   -7.5000   37.5000    0.0000 2208.9683   22.1808
    0.0000   37.5000    0.0000 2238.8772   21.8548
    7.5000   37.5000    0.0000 2218.5317   22.0423
   -7.5000   45.0000    0.0000 2033.0432   25.2692
    0.0000   45.0000    0.0000 2067.1021   24.8898
    7.5000   45.0000    0.0000 2050.3472   25.1013
   -7.5000  -45.0000    7.5000 2496.0000   16.7635
    0.0000  -45.0000    7.5000 2516.7795   16.3560
    7.5000  -45.0000    7.5000 2509.7773   16.7382
   -7.5000  -37.5000    7.5000 2619.9216   15.3794
    0.0000  -37.5000    7.5000 2639.8174   15.0177
    7.5000  -37.5000    7.5000 2633.4407   15.3609
   -7.5000  -30.0000    7.5000 2728.5190   14.3870
    0.0000  -30.0000    7.5000 2762.8511   14.0374
    7.5000  -30.0000    7.5000 2746.2368   14.3512
   -7.5000  -22.5000    7.5000 2818.5000   13.8405
    0.0000  -22.5000    7.5000 2863.4026   13.5510
    7.5000  -22.5000    7.5000 2839.5229   13.7580
   -7.5000  -15.0000    7.5000 2874.6025   13.5463
    0.0000  -15.0000    7.5000 2947.7236   13.2286
    7.5000  -15.0000    7.5000 2895.9910   13.4542
   -7.5000   -7.5000    7.5000 2890.4680   13.6951
    0.0000   -7.5000    7.5000 2974.1785   13.3661
    7.5000   -7.5000    7.5000 2915.9312   13.6370
   -7.5000    0.0000    7.5000 2852.9878   14.1802
    0.0000    0.0000    7.5000 2912.6306   13.8499
    7.5000    0.0000    7.5000 2879.4290   14.1504
   -7.5000    7.5000    7.5000 2774.5044   14.9977
    0.0000    7.5000    7.5000 2823.8320   14.7011
    7.5000    7.5000    7.5000 2800.1641   14.9503
   -7.5000   15.0000    7.5000 2666.4128   16.0332
    0.0000   15.0000    7.5000 2703.2930   15.7456
    7.5000   15.0000    7.5000 2685.1184   15.9894
   -7.5000   22.5000    7.5000 2531.2578   17.4774
    0.0000   22.5000    7.5000 2567.7397   17.1494
    7.5000   22.5000    7.5000 2545.4402   17.3601
   -7.5000   30.0000    7.5000 2383.9551   19.3493
    0.0000   30.0000    7.5000 2420.8494   19.0093
    7.5000   30.0000    7.5000 2396.0630   19.2086
   -7.5000   37.5000    7.5000 2227.5244   21.6868
    0.0000   37.5000    7.5000 2260.4131   21.3509
    7.5000   37.5000    7.5000 2241.8018   21.5786
   -7.5000   45.0000    7.5000 2052.9385   24.6383
    0.0000   45.0000    7.5000 2082.0137   24.2868
    7.5000   45.0000    7.5000 2063.7705   24.4820
   -7.5000  -45.0000   15.0000 2490.2402   16.6048
    0.0000  -45.0000   15.0000 2515.1245   16.2013
    7.5000  -45.0000   15.0000 2499.7920   16.5433
   -7.5000  -37.5000   15.0000 2616.1094   15.2456
    0.0000  -37.5000   15.0000 2641.5747   14.8465
    7.5000  -37.5000   15.0000 2627.3025   15.1607
   -7.5000  -30.0000   15.0000 2729.5085   14.2346
    0.0000  -30.0000   15.0000 2766.2371   13.8445
    7.5000  -30.0000   15.0000 2748.0171   14.1625
   -7.5000  -22.5000   15.0000 2828.2180   13.6502
    0.0000  -22.5000   15.0000 2878.8828   13.3080
    7.5000  -22.5000   15.0000 2851.9753   13.5943
   -7.5000  -15.0000   15.0000 2896.3376   13.3278
    0.0000  -15.0000   15.0000 2973.2358   12.9976
    7.5000  -15.0000   15.0000 2923.9646   13.2716
   -7.5000   -7.5000   15.0000 2915.2622   13.4247
    0.0000   -7.5000   15.0000 2987.0901   12.9973
    7.5000   -7.5000   15.0000 2945.3125   13.3933
   -7.5000    0.0000   15.0000 2870.0056   13.9608
    0.0000    0.0000   15.0000 2930.3945   13.6051
    7.5000    0.0000   15.0000 2897.0227   13.9259
   -7.5000    7.5000   15.0000 2779.1675   14.7898
    0.0000    7.5000   15.0000 2824.3665   14.4925
    7.5000    7.5000   15.0000 2798.2949   14.7473
   -7.5000   15.0000   15.0000 2660.8416   15.8650
    0.0000   15.0000   15.0000 2698.1375   15.5787
    7.5000   15.0000   15.0000 2680.5127   15.7670
   -7.5000   22.5000   15.0000 2522.9609   17.3169
    0.0000   22.5000   15.0000 2559.6213   17.0299
    7.5000   22.5000   15.0000 2540.0942   17.1608
   -7.5000   30.0000   15.0000 2377.4956   19.1821
    0.0000   30.0000   15.0000 2412.8640   18.9139
    7.5000   30.0000   15.0000 2396.3435   19.0374
   -7.5000   37.5000   15.0000 2223.3025   21.4143
    0.0000   37.5000   15.0000 2253.5029   21.1750
    7.5000   37.5000   15.0000 2236.9426   21.3243
   -7.5000   45.0000   15.0000 2053.9695   24.2480
    0.0000   45.0000   15.0000 2080.1982   24.1350
    7.5000   45.0000   15.0000 2062.1873   24.1917
   -7.5000  -45.0000   22.5000 2472.4675   16.7252
    0.0000  -45.0000   22.5000 2506.6536   16.3159
    7.5000  -45.0000   22.5000 2483.9565   16.5767
   -7.5000  -37.5000   22.5000 2600.4104   15.3627
    0.0000  -37.5000   22.5000 2632.8567   14.9515
    7.5000  -37.5000   22.5000 2607.6450   15.2027
   -7.5000  -30.0000   22.5000 2707.7468   14.3530
    0.0000  -30.0000   22.5000 2750.4890   13.9344
    7.5000  -30.0000   22.5000 2723.0662   14.2129
   -7.5000  -22.5000   22.5000 2804.1704   13.7057
    0.0000  -22.5000   22.5000 2860.2390   13.3418
    7.5000  -22.5000   22.5000 2828.7075   13.5991
   -7.5000  -15.0000   22.5000 2873.3188   13.4735
    0.0000  -15.0000   22.5000 2937.9043   13.0657
    7.5000  -15.0000   22.5000 2900.9209   13.3456
   -7.5000   -7.5000   22.5000 2896.7957   13.6554
    0.0000   -7.5000   22.5000 2965.2744   13.3409
    7.5000   -7.5000   22.5000 2928.8066   13.5348
   -7.5000    0.0000   22.5000 2852.1399   14.1339
    0.0000    0.0000   22.5000 2916.8293   13.9265
    7.5000    0.0000   22.5000 2874.3291   14.0690
   -7.5000    7.5000   22.5000 2753.9219   14.9086
    0.0000    7.5000   22.5000 2806.9312   14.7474
    7.5000    7.5000   22.5000 2772.7183   14.8371
   -7.5000   15.0000   22.5000 2634.8499   15.9970
    0.0000   15.0000   22.5000 2673.1492   15.7874
    7.5000   15.0000   22.5000 2655.6011   15.8517
   -7.5000   22.5000   22.5000 2508.5854   17.4287
    0.0000   22.5000   22.5000 2539.3906   17.1924
    7.5000   22.5000   22.5000 2526.3032   17.2394
   -7.5000   30.0000   22.5000 2362.0105   19.2645
    0.0000   30.0000   22.5000 2391.5054   18.9939
    7.5000   30.0000   22.5000 2380.0837   19.0628
   -7.5000   37.5000   22.5000 2206.3955   21.4764
    0.0000   37.5000   22.5000 2231.3035   21.2101
    7.5000   37.5000   22.5000 2219.4785   21.3245
   -7.5000   45.0000   22.5000 2037.4115   24.4378
    0.0000   45.0000   22.5000 2058.4734   24.1349
    7.5000   45.0000   22.5000 2043.4382   24.3268
   -7.5000  -45.0000   30.0000 2442.9495   17.1349
    0.0000  -45.0000   30.0000 2478.3359   16.7510
    7.5000  -45.0000   30.0000 2449.5750   16.9043
   -7.5000  -37.5000   30.0000 2564.4106   15.7567
    0.0000  -37.5000   30.0000 2601.0085   15.3768
    7.5000  -37.5000   30.0000 2567.8743   15.5402
   -7.5000  -30.0000   30.0000 2666.4412   14.7602
    0.0000  -30.0000   30.0000 2702.3989   14.3961
    7.5000  -30.0000   30.0000 2670.0049   14.5724
   -7.5000  -22.5000   30.0000 2760.6655   14.1957
    0.0000  -22.5000   30.0000 2800.4062   13.7813
    7.5000  -22.5000   30.0000 2779.1240   14.0238
   -7.5000  -15.0000   30.0000 2824.1672   13.9656
    0.0000  -15.0000   30.0000 2870.3491   13.5773
    7.5000  -15.0000   30.0000 2840.2649   13.7984
   -7.5000   -7.5000   30.0000 2838.8660   14.1379
    0.0000   -7.5000   30.0000 2895.5874   13.8209
    7.5000   -7.5000   30.0000 2866.6431   13.9591
   -7.5000    0.0000   30.0000 2797.4207   14.6278
    0.0000    0.0000   30.0000 2852.4243   14.3296
    7.5000    0.0000   30.0000 2820.9583   14.4620
   -7.5000    7.5000   30.0000 2710.1951   15.4488
    0.0000    7.5000   30.0000 2757.1553   15.1659
    7.5000    7.5000   30.0000 2729.3987   15.2725
   -7.5000   15.0000   30.0000 2588.6880   16.5011
    0.0000   15.0000   30.0000 2618.7581   16.2597
    7.5000   15.0000   30.0000 2601.2097   16.3223
   -7.5000   22.5000   30.0000 2470.6758   17.9000
    0.0000   22.5000   30.0000 2496.0090   17.5946
    7.5000   22.5000   30.0000 2479.0720   17.6692
   -7.5000   30.0000   30.0000 2327.9700   19.6642
    0.0000   30.0000   30.0000 2357.2131   19.3472
    7.5000   30.0000   30.0000 2342.7122   19.4141
   -7.5000   37.5000   30.0000 2175.1531   21.9214
    0.0000   37.5000   30.0000 2197.7244   21.5542
    7.5000   37.5000   30.0000 2187.8608   21.6062
   -7.5000   45.0000   30.0000 2004.7910   24.8293
    0.0000   45.0000   30.0000 2029.5728   24.4916
    7.5000   45.0000   30.0000 2015.5098   24.5618
   -7.5000  -45.0000   37.5000 2403.7839   17.8825
    0.0000  -45.0000   37.5000 2442.0386   17.5251
    7.5000  -45.0000   37.5000 2411.5583   17.6576
   -7.5000  -37.5000   37.5000 2517.9993   16.5131
    0.0000  -37.5000   37.5000 2559.9539   16.2061
    7.5000  -37.5000   37.5000 2522.7302   16.3439
   -7.5000  -30.0000   37.5000 2618.6375   15.5413
    0.0000  -30.0000   37.5000 2656.5842   15.2301
    7.5000  -30.0000   37.5000 2624.9375   15.3625
   -7.5000  -22.5000   37.5000 2699.2849   14.9446
    0.0000  -22.5000   37.5000 2740.2195   14.5849
    7.5000  -22.5000   37.5000 2712.0500   14.7721
   -7.5000  -15.0000   37.5000 2747.7153   14.7355
    0.0000  -15.0000   37.5000 2784.4233   14.3949
    7.5000  -15.0000   37.5000 2757.4382   14.5325
   -7.5000   -7.5000   37.5000 2755.2795   14.8402
    0.0000   -7.5000   37.5000 2795.4375   14.5726
    7.5000   -7.5000   37.5000 2773.7722   14.6775
   -7.5000    0.0000   37.5000 2713.9124   15.3629
    0.0000    0.0000   37.5000 2759.5667   15.0527
    7.5000    0.0000   37.5000 2730.8718   15.1754
   -7.5000    7.5000   37.5000 2636.9175   16.1447
    0.0000    7.5000   37.5000 2677.0879   15.8197
    7.5000    7.5000   37.5000 2653.1377   15.9532
   -7.5000   15.0000   37.5000 2526.0181   17.2302
    0.0000   15.0000   37.5000 2559.1355   16.9194
    7.5000   15.0000   37.5000 2539.8782   17.0231
   -7.5000   22.5000   37.5000 2415.8274   18.6422
    0.0000   22.5000   37.5000 2440.1360   18.3046
    7.5000   22.5000   37.5000 2424.9917   18.3871
   -7.5000   30.0000   37.5000 2279.2395   20.3267
    0.0000   30.0000   37.5000 2305.0876   19.9888
    7.5000   30.0000   37.5000 2294.6389   20.0680
   -7.5000   37.5000   37.5000 2134.5737   22.4755
    0.0000   37.5000   37.5000 2156.3257   22.1116
    7.5000   37.5000   37.5000 2140.2893   22.2304
   -7.5000   45.0000   37.5000 1973.1667   25.3242
    0.0000   45.0000   37.5000 1996.9880   25.0033
    7.5000   45.0000   37.5000 1976.5114   25.1510
   -7.5000  -45.0000   45.0000 2352.6755   19.0508
    0.0000  -45.0000   45.0000 2390.8059   18.7904
    7.5000  -45.0000   45.0000 2362.1003   18.8413
   -7.5000  -37.5000   45.0000 2458.8640   17.5974
    0.0000  -37.5000   45.0000 2501.9448   17.3487
    7.5000  -37.5000   45.0000 2466.1233   17.4883
   -7.5000  -30.0000   45.0000 2549.6143   16.5106
    0.0000  -30.0000   45.0000 2596.3657   16.2839
    7.5000  -30.0000   45.0000 2558.7253   16.4001
   -7.5000  -22.5000   45.0000 2621.7771   15.9173
    0.0000  -22.5000   45.0000 2668.0242   15.6580
    7.5000  -22.5000   45.0000 2628.2766   15.7754
   -7.5000  -15.0000   45.0000 2653.3047   15.6565
    0.0000  -15.0000   45.0000 2692.2979   15.4260
    7.5000  -15.0000   45.0000 2665.9761   15.5043
   -7.5000   -7.5000   45.0000 2648.0410   15.7403
    0.0000   -7.5000   45.0000 2688.5000   15.5036
    7.5000   -7.5000   45.0000 2669.7061   15.6200
   -7.5000    0.0000   45.0000 2609.5784   16.2305
    0.0000    0.0000   45.0000 2644.3875   15.9565
    7.5000    0.0000   45.0000 2630.0171   16.1231
   -7.5000    7.5000   45.0000 2541.5376   17.0041
    0.0000    7.5000   45.0000 2574.2605   16.7447
    7.5000    7.5000   45.0000 2554.7935   16.8721
   -7.5000   15.0000   45.0000 2449.9182   18.1138
    0.0000   15.0000   45.0000 2477.4551   17.8268
    7.5000   15.0000   45.0000 2458.1794   17.9521
   -7.5000   22.5000   45.0000 2344.3086   19.4930
    0.0000   22.5000   45.0000 2361.5049   19.1893
    7.5000   22.5000   45.0000 2353.5481   19.3052
   -7.5000   30.0000   45.0000 2214.0413   21.2054
    0.0000   30.0000   45.0000 2236.0278   20.9404
    7.5000   30.0000   45.0000 2225.9800   21.0003
   -7.5000   37.5000   45.0000 2069.5767   23.3845
    0.0000   37.5000   45.0000 2094.8640   23.0712
    7.5000   37.5000   45.0000 2086.5334   23.1529
   -7.5000   45.0000   45.0000 1923.9365   26.1547
    0.0000   45.0000   45.0000 1945.7782   25.8213
    7.5000   45.0000   45.0000 1930.8239   25.9762

---------------------------------------------------------------------
imgreg_4dfp /opt/freesurfer/average/711-2C_as_mni_average_305 /opt/freesurfer/average/711-2B_as_mni_average_305_mask talsrcimg_g11 none talsrcimg_to_711-2C_as_mni_average_305_t4 1283
---------------------------------------------------------------------

freesurfer imgreg_4dfp.c
/opt/freesurfer/average/711-2C_as_mni_average_305.4dfp.img
       256       256       256         1
  1.000000  1.000000  1.000000
orientation T byte_order littleendian
Reading image: /opt/freesurfer/average/711-2C_as_mni_average_305.4dfp.img
dimensions:      256       256       256
mmppix:       1.0000   -1.0000   -1.0000
center:     128.0000 -129.0000 -129.0000
/opt/freesurfer/average/711-2B_as_mni_average_305_mask.4dfp.img
       256       256       256         1
  1.000000  1.000000  1.000000
orientation T byte_order littleendian
Reading mask: /opt/freesurfer/average/711-2B_as_mni_average_305_mask.4dfp.img (2306576 pixels)
talsrcimg_g11.4dfp.img
       256       256       256         1
  1.000000  1.000000  1.000000
orientation T byte_order littleendian
Reading image: talsrcimg_g11.4dfp.img
dimensions:      256       256       256
mmppix:       1.0000   -1.0000   -1.0000
center:     128.0000 -129.0000 -129.0000
rotation matrix determinant  1.000000
fimgreg.f
image alignment mode   1283 decimal      503 hex
parameters
    0.0000   -7.5000   15.0000    0.0000    0.0000    0.0000
eta,q 0.93809 12.96423
niter,ni,del,rscale     5    3   12.0000    1.2000
parameter  4 -2.766166 ->  0.500000 qaram    1.1500
parameters
    1.1328  -10.2134   15.3103   -3.4500   -0.2739    0.4205
eta,q 0.93994 12.73195
  0.0788  0.0652  0.0676  0.0576  0.0644  0.0652
  0.0725  0.0639  0.0666  0.0597  0.0619  0.0623
  0.0685  0.0643  0.0652  0.0619  0.0609  0.0607
  0.0665  0.0654  0.0642  0.0635  0.0602  0.0602
  0.0652  0.0667  0.0631  0.0650  0.0600  0.0600
  0.0664  0.0707  0.0641  0.0665  0.0623  0.0613
  0.0726  0.0773  0.0686  0.0676  0.0659  0.0641
niter,ni,del,rscale     5    3   12.0000    1.2000
parameter  4  1.145413 ->  0.500000 qaram    1.3225
parameters
    1.2117   -8.3443   14.7867   -7.4175   -0.3831    0.9440
eta,q 0.94620 12.85959
  0.0736  0.0702  0.0634  0.0565  0.0626  0.0612
  0.0675  0.0646  0.0604  0.0538  0.0586  0.0578
  0.0626  0.0618  0.0597  0.0552  0.0551  0.0551
  0.0601  0.0600  0.0581  0.0585  0.0539  0.0539
  0.0602  0.0581  0.0584  0.0634  0.0552  0.0539
  0.0656  0.0592  0.0621  0.0657  0.0589  0.0559
  0.0745  0.0622  0.0663  0.0670  0.0633  0.0594
niter,ni,del,rscale     5    3   12.0000    1.2000
parameters
    1.3191   -7.2350   13.8058   -8.2633   -0.3637    1.2005
eta,q 0.94698 12.89527
  0.0719  0.0727  0.0588  0.0641  0.0611  0.0589
  0.0646  0.0652  0.0551  0.0586  0.0575  0.0557
  0.0573  0.0573  0.0546  0.0524  0.0543  0.0539
  0.0538  0.0537  0.0534  0.0540  0.0530  0.0530
  0.0546  0.0540  0.0553  0.0577  0.0540  0.0529
  0.0619  0.0578  0.0594  0.0633  0.0571  0.0545
  0.0725  0.0628  0.0626  0.0669  0.0613  0.0584
niter,ni,del,rscale     4    3   12.0000    1.2000
parameters
    1.3004   -6.9762   13.5295   -8.7365   -0.3292    1.2918
eta,q 0.94743 12.89112
  0.0702  0.0689  0.0608  0.0648  0.0606  0.0585
  0.0623  0.0611  0.0549  0.0599  0.0570  0.0552
  0.0556  0.0550  0.0537  0.0528  0.0539  0.0534
  0.0530  0.0530  0.0530  0.0531  0.0526  0.0526
  0.0544  0.0545  0.0539  0.0570  0.0535  0.0526
  0.0614  0.0601  0.0580  0.0623  0.0564  0.0544
  0.0716  0.0659  0.0610  0.0663  0.0608  0.0587
niter,ni,del,rscale     3    3   12.0000    1.2000
parameters
    1.2935   -6.8502   13.3389   -9.0219   -0.3214    1.3401
eta,q 0.94763 12.88446
  0.0700  0.0682  0.0611  0.0651  0.0603  0.0584
  0.0617  0.0608  0.0547  0.0606  0.0568  0.0551
  0.0550  0.0548  0.0533  0.0534  0.0537  0.0532
  0.0526  0.0526  0.0526  0.0526  0.0524  0.0524
  0.0541  0.0544  0.0534  0.0566  0.0533  0.0524
  0.0610  0.0606  0.0577  0.0618  0.0562  0.0543
  0.0709  0.0666  0.0607  0.0660  0.0608  0.0588
niter,ni,del,rscale     2    3   12.0000    1.2000
parameters
    1.2983   -6.7859   13.2275   -9.1897   -0.3390    1.3639
eta,q 0.94771 12.88103
  0.0698  0.0678  0.0613  0.0653  0.0602  0.0583
  0.0614  0.0607  0.0548  0.0609  0.0567  0.0550
  0.0547  0.0548  0.0530  0.0539  0.0535  0.0531
  0.0524  0.0524  0.0524  0.0524  0.0523  0.0523
  0.0540  0.0544  0.0530  0.0564  0.0533  0.0523
  0.0607  0.0608  0.0575  0.0615  0.0562  0.0543
  0.0705  0.0668  0.0606  0.0658  0.0607  0.0589
niter,ni,del,rscale     1    3   12.0000    1.2000
parameters
    1.3085   -6.7484   13.1608   -9.2859   -0.3593    1.3773
eta,q 0.94776 12.87914
  0.0698  0.0675  0.0615  0.0654  0.0601  0.0583
  0.0613  0.0607  0.0548  0.0612  0.0566  0.0550
  0.0546  0.0548  0.0529  0.0542  0.0535  0.0531
  0.0523  0.0523  0.0523  0.0523  0.0522  0.0522
  0.0539  0.0544  0.0528  0.0562  0.0532  0.0523
  0.0606  0.0609  0.0573  0.0613  0.0561  0.0543
  0.0703  0.0669  0.0605  0.0656  0.0607  0.0589
registration optimization eta report
parameter search radius
    6.0000    6.0000    6.0000    7.9350    6.0000    6.0000
100000*second partial in parameter space
       49.       40.       25.       20.       22.       18.
  0.0698  0.0675  0.0615  0.0654  0.0601  0.0583
  0.0613  0.0607  0.0548  0.0612  0.0566  0.0550
  0.0546  0.0548  0.0529  0.0542  0.0535  0.0531
  0.0523  0.0523  0.0523  0.0523  0.0522  0.0522
  0.0539  0.0544  0.0528  0.0562  0.0532  0.0523
  0.0606  0.0609  0.0573  0.0613  0.0561  0.0543
  0.0703  0.0669  0.0605  0.0656  0.0607  0.0589
    1.3085   -6.7484   13.1608   -9.2859   -0.3593    1.3773
eta,q 0.94776 12.87914

---------------------------------------------------------------------
imgreg_4dfp /opt/freesurfer/average/711-2C_as_mni_average_305 /opt/freesurfer/average/711-2B_as_mni_average_305_mask talsrcimg_g11 none talsrcimg_to_711-2C_as_mni_average_305_t4 3335
---------------------------------------------------------------------

freesurfer imgreg_4dfp.c
/opt/freesurfer/average/711-2C_as_mni_average_305.4dfp.img
       256       256       256         1
  1.000000  1.000000  1.000000
orientation T byte_order littleendian
Reading image: /opt/freesurfer/average/711-2C_as_mni_average_305.4dfp.img
dimensions:      256       256       256
mmppix:       1.0000   -1.0000   -1.0000
center:     128.0000 -129.0000 -129.0000
/opt/freesurfer/average/711-2B_as_mni_average_305_mask.4dfp.img
       256       256       256         1
  1.000000  1.000000  1.000000
orientation T byte_order littleendian
Reading mask: /opt/freesurfer/average/711-2B_as_mni_average_305_mask.4dfp.img (2306576 pixels)
talsrcimg_g11.4dfp.img
       256       256       256         1
  1.000000  1.000000  1.000000
orientation T byte_order littleendian
Reading image: talsrcimg_g11.4dfp.img
dimensions:      256       256       256
mmppix:       1.0000   -1.0000   -1.0000
center:     128.0000 -129.0000 -129.0000
fimgreg.f
image alignment mode   3335 decimal      D07 hex
parameters
    1.3085   -6.7484   13.1608   -0.0309   -1.3414   -1.3124
   -2.4732    0.2309    2.4035   16.1464   -0.6271  -16.1359
eta,q 0.94691 12.99996
niter,ni,del,rscale     5    3    5.0000    1.2000
parameter  4  1.300382 ->  0.500000 qaram    1.1500
parameter  5  3.187779 ->  0.500000 qaram    1.1500
parameter  6  1.447048 ->  0.500000 qaram    1.1500
parameter 10  1.891338 ->  0.500000 qaram    1.1500
parameter 12  2.054573 ->  0.500000 qaram    1.1500
parameters
    0.9556   -6.5771   12.6689   -4.1709   -5.4814   -5.4524
   -1.6897   -0.0698    2.6096   12.0064   -2.2053  -20.2759
eta,q 0.96711 12.51416
  0.0555  0.0546  0.0539  0.0467  0.0410  0.0368  0.0419  0.0433  0.0407  0.0337  0.0357  0.0321
  0.0540  0.0537  0.0532  0.0479  0.0429  0.0385  0.0404  0.0408  0.0398  0.0345  0.0350  0.0327
  0.0532  0.0532  0.0530  0.0500  0.0456  0.0407  0.0395  0.0394  0.0393  0.0363  0.0348  0.0336
  0.0531  0.0531  0.0531  0.0530  0.0484  0.0436  0.0391  0.0391  0.0391  0.0391  0.0349  0.0348
  0.0538  0.0531  0.0534  0.0570  0.0509  0.0475  0.0392  0.0398  0.0392  0.0422  0.0353  0.0362
  0.0553  0.0535  0.0540  0.0619  0.0540  0.0522  0.0398  0.0415  0.0397  0.0454  0.0360  0.0377
  0.0574  0.0542  0.0548  0.0673  0.0580  0.0578  0.0409  0.0439  0.0406  0.0484  0.0370  0.0391
niter,ni,del,rscale     7    3    5.0000    1.2000
parameter  4  0.618055 ->  0.500000 qaram    1.3225
parameter  5  0.990349 ->  0.500000 qaram    1.3225
parameters
    0.9451   -5.8247   13.4226   -8.9319  -10.2424   -8.4174
   -1.0960    0.8247    3.2592   11.5164   -3.3537  -22.8131
eta,q 0.97338 12.17117
  0.0369  0.0376  0.0366  0.0309  0.0266  0.0286  0.0311  0.0337  0.0302  0.0314  0.0277  0.0277
  0.0347  0.0355  0.0348  0.0303  0.0267  0.0275  0.0291  0.0305  0.0286  0.0291  0.0272  0.0269
  0.0334  0.0339  0.0334  0.0307  0.0280  0.0270  0.0277  0.0282  0.0275  0.0276  0.0269  0.0266
  0.0329  0.0329  0.0326  0.0323  0.0304  0.0269  0.0271  0.0270  0.0269  0.0269  0.0269  0.0269
  0.0334  0.0326  0.0323  0.0353  0.0333  0.0290  0.0273  0.0272  0.0271  0.0276  0.0272  0.0276
  0.0348  0.0330  0.0327  0.0397  0.0373  0.0335  0.0283  0.0286  0.0279  0.0296  0.0277  0.0287
  0.0370  0.0340  0.0335  0.0454  0.0417  0.0394  0.0300  0.0312  0.0292  0.0330  0.0283  0.0300
niter,ni,del,rscale     7    3    5.0000    1.2000
parameters
    1.0823   -6.1583   13.1226   -8.5523  -12.6709   -8.6246
   -1.2669    0.8681    3.7133   11.8197   -3.3782  -23.1689
eta,q 0.97386 12.07641
  0.0313  0.0291  0.0278  0.0321  0.0292  0.0296  0.0295  0.0315  0.0291  0.0311  0.0274  0.0283
  0.0289  0.0275  0.0270  0.0296  0.0273  0.0280  0.0277  0.0286  0.0277  0.0286  0.0267  0.0271
  0.0273  0.0266  0.0266  0.0276  0.0262  0.0268  0.0266  0.0268  0.0267  0.0270  0.0262  0.0263
  0.0266  0.0266  0.0265  0.0265  0.0264  0.0261  0.0262  0.0262  0.0262  0.0262  0.0262  0.0261
  0.0269  0.0274  0.0268  0.0266  0.0282  0.0256  0.0267  0.0268  0.0264  0.0265  0.0263  0.0266
  0.0282  0.0288  0.0276  0.0284  0.0310  0.0272  0.0279  0.0286  0.0272  0.0279  0.0267  0.0274
  0.0303  0.0309  0.0286  0.0319  0.0349  0.0313  0.0299  0.0313  0.0286  0.0306  0.0274  0.0285
niter,ni,del,rscale     6    3    5.0000    1.2000
parameters
    1.1100   -6.0074   12.9603   -7.9966  -12.9834   -8.7964
   -1.3785    0.8428    3.9185   12.0531   -3.4566  -23.3800
eta,q 0.97395 12.08562
  0.0304  0.0298  0.0276  0.0317  0.0308  0.0296  0.0294  0.0313  0.0288  0.0308  0.0274  0.0283
  0.0281  0.0279  0.0267  0.0293  0.0286  0.0279  0.0277  0.0284  0.0275  0.0284  0.0266  0.0271
  0.0266  0.0267  0.0262  0.0273  0.0268  0.0267  0.0265  0.0266  0.0265  0.0268  0.0261  0.0263
  0.0261  0.0261  0.0261  0.0261  0.0260  0.0260  0.0261  0.0261  0.0261  0.0261  0.0261  0.0261
  0.0266  0.0263  0.0264  0.0262  0.0267  0.0255  0.0265  0.0268  0.0263  0.0264  0.0263  0.0265
  0.0279  0.0273  0.0270  0.0278  0.0287  0.0271  0.0278  0.0286  0.0272  0.0278  0.0267  0.0273
  0.0302  0.0290  0.0280  0.0312  0.0318  0.0312  0.0297  0.0313  0.0286  0.0305  0.0273  0.0284
niter,ni,del,rscale     5    3    5.0000    1.2000
parameters
    1.1092   -5.9242   12.8169   -7.9052  -13.0423   -8.9594
   -1.4490    0.8332    4.0323   12.1998   -3.5096  -23.5429
eta,q 0.97396 12.08402
  0.0302  0.0295  0.0275  0.0313  0.0310  0.0296  0.0295  0.0313  0.0288  0.0307  0.0274  0.0284
  0.0279  0.0277  0.0267  0.0290  0.0287  0.0279  0.0277  0.0284  0.0274  0.0283  0.0266  0.0271
  0.0265  0.0265  0.0261  0.0271  0.0269  0.0267  0.0265  0.0266  0.0264  0.0267  0.0261  0.0263
  0.0260  0.0260  0.0260  0.0260  0.0260  0.0260  0.0261  0.0261  0.0261  0.0261  0.0261  0.0261
  0.0265  0.0263  0.0263  0.0263  0.0265  0.0255  0.0265  0.0267  0.0263  0.0264  0.0263  0.0265
  0.0279  0.0274  0.0270  0.0282  0.0285  0.0271  0.0277  0.0286  0.0272  0.0279  0.0267  0.0273
  0.0302  0.0291  0.0279  0.0318  0.0314  0.0312  0.0297  0.0313  0.0287  0.0305  0.0273  0.0284
niter,ni,del,rscale     4    3    5.0000    1.2000
parameters
    1.1077   -5.8766   12.7360   -7.8673  -13.0697   -9.0494
   -1.4866    0.8282    4.1027   12.2851   -3.5315  -23.6389
eta,q 0.97395 12.08278
  0.0302  0.0294  0.0276  0.0313  0.0310  0.0297  0.0295  0.0313  0.0287  0.0306  0.0274  0.0284
  0.0279  0.0276  0.0267  0.0290  0.0288  0.0280  0.0277  0.0284  0.0274  0.0282  0.0266  0.0271
  0.0265  0.0265  0.0262  0.0271  0.0269  0.0267  0.0265  0.0266  0.0264  0.0267  0.0261  0.0263
  0.0260  0.0260  0.0260  0.0260  0.0260  0.0260  0.0261  0.0261  0.0261  0.0261  0.0260  0.0260
  0.0265  0.0263  0.0263  0.0263  0.0265  0.0255  0.0265  0.0267  0.0263  0.0264  0.0263  0.0265
  0.0279  0.0274  0.0269  0.0282  0.0285  0.0270  0.0277  0.0285  0.0272  0.0279  0.0267  0.0273
  0.0302  0.0292  0.0278  0.0319  0.0314  0.0310  0.0296  0.0313  0.0287  0.0306  0.0273  0.0284
niter,ni,del,rscale     3    3    5.0000    1.2000
parameters
    1.1065   -5.8490   12.6878   -7.8491  -13.0865   -9.0986
   -1.5084    0.8216    4.1382   12.3336   -3.5463  -23.6987
eta,q 0.97395 12.08195
  0.0302  0.0293  0.0277  0.0313  0.0310  0.0297  0.0295  0.0313  0.0287  0.0305  0.0274  0.0285
  0.0279  0.0276  0.0268  0.0289  0.0288  0.0280  0.0277  0.0284  0.0273  0.0282  0.0266  0.0272
  0.0265  0.0265  0.0262  0.0271  0.0270  0.0267  0.0265  0.0266  0.0264  0.0267  0.0261  0.0263
  0.0260  0.0260  0.0260  0.0260  0.0260  0.0260  0.0261  0.0261  0.0261  0.0261  0.0260  0.0260
  0.0265  0.0264  0.0263  0.0263  0.0265  0.0256  0.0265  0.0267  0.0263  0.0264  0.0263  0.0265
  0.0279  0.0275  0.0269  0.0282  0.0285  0.0269  0.0277  0.0285  0.0272  0.0279  0.0267  0.0273
  0.0302  0.0292  0.0278  0.0319  0.0314  0.0309  0.0296  0.0313  0.0287  0.0306  0.0273  0.0284
niter,ni,del,rscale     2    3    5.0000    1.2000
parameters
    1.1052   -5.8337   12.6634   -7.8400  -13.0982   -9.1252
   -1.5194    0.8187    4.1609   12.3632   -3.5557  -23.7314
eta,q 0.97395 12.08141
  0.0302  0.0293  0.0277  0.0313  0.0310  0.0297  0.0295  0.0313  0.0287  0.0305  0.0274  0.0285
  0.0279  0.0276  0.0268  0.0289  0.0288  0.0280  0.0277  0.0284  0.0273  0.0282  0.0266  0.0272
  0.0265  0.0265  0.0262  0.0271  0.0270  0.0268  0.0265  0.0266  0.0264  0.0267  0.0261  0.0263
  0.0260  0.0260  0.0260  0.0260  0.0260  0.0260  0.0261  0.0260  0.0260  0.0260  0.0260  0.0260
  0.0265  0.0264  0.0263  0.0263  0.0265  0.0256  0.0264  0.0267  0.0263  0.0264  0.0263  0.0265
  0.0279  0.0275  0.0269  0.0282  0.0285  0.0269  0.0277  0.0285  0.0272  0.0279  0.0267  0.0273
  0.0302  0.0293  0.0278  0.0319  0.0314  0.0309  0.0296  0.0312  0.0287  0.0306  0.0273  0.0284
niter,ni,del,rscale     1    3    5.0000    1.2000
parameters
    1.1047   -5.8255   12.6484   -7.8336  -13.1070   -9.1411
   -1.5268    0.8178    4.1749   12.3803   -3.5609  -23.7464
eta,q 0.97395 12.08103
  0.0302  0.0293  0.0278  0.0313  0.0310  0.0297  0.0295  0.0313  0.0286  0.0305  0.0274  0.0285
  0.0279  0.0276  0.0268  0.0289  0.0288  0.0280  0.0277  0.0284  0.0273  0.0281  0.0266  0.0272
  0.0265  0.0265  0.0262  0.0271  0.0270  0.0268  0.0265  0.0266  0.0264  0.0267  0.0262  0.0263
  0.0260  0.0260  0.0260  0.0260  0.0260  0.0260  0.0260  0.0261  0.0261  0.0261  0.0261  0.0260
  0.0265  0.0264  0.0263  0.0263  0.0265  0.0256  0.0264  0.0267  0.0263  0.0264  0.0263  0.0265
  0.0279  0.0275  0.0269  0.0282  0.0285  0.0269  0.0277  0.0285  0.0272  0.0279  0.0267  0.0273
  0.0302  0.0293  0.0278  0.0320  0.0314  0.0309  0.0296  0.0312  0.0287  0.0306  0.0273  0.0284
registration optimization eta report
parameter search radius
    2.4000    2.4000    2.4000    9.5220    9.5220    8.2800
    7.2000    7.2000    7.2000    8.2800    7.2000    8.2800
100000*second partial in parameter space
       72.       56.       30.        6.        6.        7.
        7.       10.        5.        7.        2.        3.
  0.0302  0.0293  0.0278  0.0313  0.0310  0.0297  0.0295  0.0313  0.0286  0.0305  0.0274  0.0285
  0.0279  0.0276  0.0268  0.0289  0.0288  0.0280  0.0277  0.0284  0.0273  0.0281  0.0266  0.0272
  0.0265  0.0265  0.0262  0.0271  0.0270  0.0268  0.0265  0.0266  0.0264  0.0267  0.0262  0.0263
  0.0260  0.0260  0.0260  0.0260  0.0260  0.0260  0.0260  0.0261  0.0261  0.0261  0.0261  0.0260
  0.0265  0.0264  0.0263  0.0263  0.0265  0.0256  0.0264  0.0267  0.0263  0.0264  0.0263  0.0265
  0.0279  0.0275  0.0269  0.0282  0.0285  0.0269  0.0277  0.0285  0.0272  0.0279  0.0267  0.0273
  0.0302  0.0293  0.0278  0.0320  0.0314  0.0309  0.0296  0.0312  0.0287  0.0306  0.0273  0.0284
    1.1047   -5.8255   12.6484   -7.8336  -13.1070   -9.1411
   -1.5268    0.8178    4.1749   12.3803   -3.5609  -23.7464
eta,q 0.97395 12.08103

---------------------------------------------------------------------
imgreg_4dfp /opt/freesurfer/average/711-2C_as_mni_average_305 /opt/freesurfer/average/711-2B_as_mni_average_305_mask talsrcimg_g11 none talsrcimg_to_711-2C_as_mni_average_305_t4 2311
---------------------------------------------------------------------

freesurfer imgreg_4dfp.c
/opt/freesurfer/average/711-2C_as_mni_average_305.4dfp.img
       256       256       256         1
  1.000000  1.000000  1.000000
orientation T byte_order littleendian
Reading image: /opt/freesurfer/average/711-2C_as_mni_average_305.4dfp.img
dimensions:      256       256       256
mmppix:       1.0000   -1.0000   -1.0000
center:     128.0000 -129.0000 -129.0000
/opt/freesurfer/average/711-2B_as_mni_average_305_mask.4dfp.img
       256       256       256         1
  1.000000  1.000000  1.000000
orientation T byte_order littleendian
Reading mask: /opt/freesurfer/average/711-2B_as_mni_average_305_mask.4dfp.img (2306576 pixels)
talsrcimg_g11.4dfp.img
       256       256       256         1
  1.000000  1.000000  1.000000
orientation T byte_order littleendian
Reading image: talsrcimg_g11.4dfp.img
dimensions:      256       256       256
mmppix:       1.0000   -1.0000   -1.0000
center:     128.0000 -129.0000 -129.0000
fimgreg.f
image alignment mode   2311 decimal      907 hex
parameters
    1.1047   -5.8255   12.6484   -7.8336  -13.1070   -9.1411
   -1.5268    0.8178    4.1749   12.3803   -3.5609  -23.7464
eta,q 0.97395 12.08103
niter,ni,del,rscale     5    3    5.0000    0.8000
parameters
    1.1050   -5.8065   12.6239   -7.0418  -12.8447   -7.6156
   -1.4812    0.9290    4.3436   12.4242   -3.0553  -24.3165
eta,q 0.97437 12.19133
  0.0279  0.0276  0.0268  0.0280  0.0277  0.0276  0.0274  0.0287  0.0271  0.0275  0.0267  0.0264
  0.0269  0.0267  0.0264  0.0271  0.0269  0.0268  0.0265  0.0271  0.0263  0.0266  0.0261  0.0260
  0.0262  0.0262  0.0261  0.0264  0.0263  0.0263  0.0259  0.0261  0.0258  0.0259  0.0258  0.0257
  0.0260  0.0260  0.0260  0.0260  0.0260  0.0260  0.0257  0.0257  0.0256  0.0256  0.0256  0.0256
  0.0262  0.0262  0.0262  0.0260  0.0261  0.0256  0.0258  0.0259  0.0258  0.0258  0.0257  0.0259
  0.0269  0.0267  0.0264  0.0263  0.0266  0.0256  0.0264  0.0269  0.0262  0.0264  0.0259  0.0263
  0.0279  0.0275  0.0268  0.0271  0.0274  0.0264  0.0273  0.0284  0.0269  0.0276  0.0263  0.0269
niter,ni,del,rscale     4    3    5.0000    0.7000
parameters
    1.0659   -5.8173   12.7054   -7.2684  -12.8233   -7.5054
   -1.5232    0.8359    4.1754   12.5455   -2.9079  -24.3626
eta,q 0.97440 12.19230
  0.0271  0.0268  0.0265  0.0269  0.0269  0.0268  0.0269  0.0278  0.0266  0.0271  0.0263  0.0264
  0.0263  0.0262  0.0260  0.0262  0.0263  0.0263  0.0262  0.0266  0.0260  0.0264  0.0259  0.0260
  0.0258  0.0258  0.0257  0.0258  0.0258  0.0260  0.0258  0.0258  0.0257  0.0258  0.0257  0.0257
  0.0256  0.0256  0.0256  0.0256  0.0256  0.0256  0.0256  0.0256  0.0256  0.0256  0.0256  0.0256
  0.0258  0.0258  0.0257  0.0258  0.0258  0.0255  0.0258  0.0259  0.0258  0.0257  0.0257  0.0257
  0.0264  0.0262  0.0259  0.0264  0.0262  0.0259  0.0262  0.0267  0.0261  0.0262  0.0259  0.0260
  0.0273  0.0269  0.0263  0.0272  0.0269  0.0270  0.0270  0.0280  0.0267  0.0270  0.0262  0.0264
niter,ni,del,rscale     3    3    5.0000    0.6000
parameters
    1.0508   -5.8185   12.7261   -7.2741  -12.7995   -7.2015
   -1.4546    0.8449    4.1331   12.5461   -2.7884  -24.4196
eta,q 0.97446 12.20386
  0.0267  0.0265  0.0262  0.0266  0.0266  0.0265  0.0265  0.0273  0.0263  0.0266  0.0261  0.0261
  0.0261  0.0260  0.0259  0.0261  0.0261  0.0262  0.0260  0.0263  0.0259  0.0261  0.0258  0.0258
  0.0257  0.0257  0.0257  0.0257  0.0257  0.0259  0.0257  0.0257  0.0256  0.0257  0.0256  0.0256
  0.0256  0.0256  0.0256  0.0256  0.0256  0.0256  0.0255  0.0255  0.0255  0.0255  0.0255  0.0255
  0.0257  0.0257  0.0257  0.0257  0.0257  0.0255  0.0256  0.0257  0.0256  0.0256  0.0256  0.0256
  0.0261  0.0260  0.0258  0.0261  0.0260  0.0257  0.0259  0.0263  0.0259  0.0260  0.0257  0.0258
  0.0268  0.0265  0.0261  0.0266  0.0266  0.0265  0.0265  0.0273  0.0263  0.0267  0.0260  0.0262
niter,ni,del,rscale     2    3    5.0000    0.5000
parameters
    1.0364   -5.8241   12.7593   -7.3226  -12.7940   -6.8914
   -1.4266    0.8542    4.0747   12.5254   -2.6661  -24.4552
eta,q 0.97452 12.21259
  0.0263  0.0261  0.0260  0.0262  0.0262  0.0263  0.0262  0.0268  0.0260  0.0263  0.0259  0.0259
  0.0259  0.0258  0.0257  0.0259  0.0259  0.0260  0.0258  0.0261  0.0257  0.0259  0.0257  0.0257
  0.0256  0.0256  0.0256  0.0256  0.0256  0.0258  0.0256  0.0256  0.0255  0.0256  0.0255  0.0255
  0.0255  0.0255  0.0255  0.0255  0.0255  0.0255  0.0255  0.0255  0.0255  0.0255  0.0255  0.0255
  0.0256  0.0256  0.0256  0.0256  0.0256  0.0254  0.0255  0.0256  0.0256  0.0256  0.0255  0.0255
  0.0259  0.0258  0.0257  0.0259  0.0258  0.0256  0.0258  0.0261  0.0257  0.0258  0.0256  0.0257
  0.0264  0.0262  0.0259  0.0263  0.0262  0.0262  0.0262  0.0268  0.0261  0.0263  0.0258  0.0259
niter,ni,del,rscale     1    3    5.0000    0.4000
parameters
    1.0246   -5.8325   12.8096   -7.3900  -12.7928   -6.5812
   -1.4025    0.8609    4.0214   12.4792   -2.5755  -24.4428
eta,q 0.97456 12.21970
  0.0260  0.0259  0.0258  0.0259  0.0259  0.0261  0.0259  0.0263  0.0258  0.0260  0.0257  0.0257
  0.0257  0.0257  0.0256  0.0257  0.0257  0.0259  0.0257  0.0258  0.0256  0.0257  0.0256  0.0256
  0.0255  0.0255  0.0255  0.0255  0.0255  0.0257  0.0255  0.0255  0.0255  0.0255  0.0255  0.0255
  0.0255  0.0255  0.0255  0.0255  0.0255  0.0255  0.0254  0.0254  0.0254  0.0254  0.0254  0.0254
  0.0255  0.0255  0.0255  0.0255  0.0255  0.0254  0.0255  0.0255  0.0255  0.0255  0.0255  0.0255
  0.0257  0.0257  0.0256  0.0257  0.0257  0.0256  0.0256  0.0258  0.0256  0.0257  0.0255  0.0256
  0.0260  0.0259  0.0257  0.0260  0.0259  0.0259  0.0259  0.0263  0.0258  0.0260  0.0256  0.0257
registration optimization eta report
parameter search radius
    0.8000    0.8000    0.8000    2.4000    2.4000    2.4000
    2.4000    2.4000    2.4000    2.4000    2.4000    2.4000
100000*second partial in parameter space
       81.       63.       43.        9.        8.        9.
        8.       15.        6.       10.        4.        5.
  0.0260  0.0259  0.0258  0.0259  0.0259  0.0261  0.0259  0.0263  0.0258  0.0260  0.0257  0.0257
  0.0257  0.0257  0.0256  0.0257  0.0257  0.0259  0.0257  0.0258  0.0256  0.0257  0.0256  0.0256
  0.0255  0.0255  0.0255  0.0255  0.0255  0.0257  0.0255  0.0255  0.0255  0.0255  0.0255  0.0255
  0.0255  0.0255  0.0255  0.0255  0.0255  0.0255  0.0254  0.0254  0.0254  0.0254  0.0254  0.0254
  0.0255  0.0255  0.0255  0.0255  0.0255  0.0254  0.0255  0.0255  0.0255  0.0255  0.0255  0.0255
  0.0257  0.0257  0.0256  0.0257  0.0257  0.0256  0.0256  0.0258  0.0256  0.0257  0.0255  0.0256
  0.0260  0.0259  0.0257  0.0260  0.0259  0.0259  0.0259  0.0263  0.0258  0.0260  0.0256  0.0257
    1.0246   -5.8325   12.8096   -7.3900  -12.7928   -6.5812
   -1.4025    0.8609    4.0214   12.4792   -2.5755  -24.4428
eta,q 0.97456 12.21970

---------------------------------------------------------------------
imgreg_4dfp /opt/freesurfer/average/711-2C_as_mni_average_305 /opt/freesurfer/average/711-2B_as_mni_average_305_mask talsrcimg_g11 none talsrcimg_to_711-2C_as_mni_average_305_t4 2311
---------------------------------------------------------------------

freesurfer imgreg_4dfp.c
/opt/freesurfer/average/711-2C_as_mni_average_305.4dfp.img
       256       256       256         1
  1.000000  1.000000  1.000000
orientation T byte_order littleendian
Reading image: /opt/freesurfer/average/711-2C_as_mni_average_305.4dfp.img
dimensions:      256       256       256
mmppix:       1.0000   -1.0000   -1.0000
center:     128.0000 -129.0000 -129.0000
/opt/freesurfer/average/711-2B_as_mni_average_305_mask.4dfp.img
       256       256       256         1
  1.000000  1.000000  1.000000
orientation T byte_order littleendian
Reading mask: /opt/freesurfer/average/711-2B_as_mni_average_305_mask.4dfp.img (2306576 pixels)
talsrcimg_g11.4dfp.img
       256       256       256         1
  1.000000  1.000000  1.000000
orientation T byte_order littleendian
Reading image: talsrcimg_g11.4dfp.img
dimensions:      256       256       256
mmppix:       1.0000   -1.0000   -1.0000
center:     128.0000 -129.0000 -129.0000
fimgreg.f
image alignment mode   2311 decimal      907 hex
parameters
    1.0246   -5.8325   12.8096   -7.3900  -12.7928   -6.5812
   -1.4025    0.8609    4.0214   12.4792   -2.5755  -24.4428
eta,q 0.97456 12.21971
niter,ni,del,rscale     5    3    5.0000    0.8000
parameters
    1.0186   -5.8563   12.9138   -7.6038  -12.8584   -7.3186
   -1.3870    0.7432    3.9386   12.4807   -2.7984  -24.2419
eta,q 0.97441 12.18456
  0.0275  0.0270  0.0267  0.0271  0.0271  0.0268  0.0273  0.0283  0.0269  0.0274  0.0263  0.0267
  0.0264  0.0261  0.0260  0.0262  0.0262  0.0263  0.0264  0.0268  0.0262  0.0265  0.0259  0.0261
  0.0257  0.0256  0.0256  0.0256  0.0257  0.0258  0.0258  0.0259  0.0257  0.0259  0.0256  0.0257
  0.0254  0.0254  0.0254  0.0254  0.0254  0.0254  0.0256  0.0256  0.0256  0.0256  0.0256  0.0256
  0.0257  0.0256  0.0255  0.0257  0.0256  0.0256  0.0258  0.0260  0.0258  0.0258  0.0257  0.0257
  0.0264  0.0262  0.0259  0.0264  0.0262  0.0267  0.0264  0.0270  0.0262  0.0264  0.0260  0.0260
  0.0275  0.0271  0.0264  0.0275  0.0272  0.0288  0.0273  0.0286  0.0270  0.0275  0.0264  0.0265
niter,ni,del,rscale     4    3    5.0000    0.7000
parameters
    1.0428   -5.8739   12.8118   -7.3802  -12.7869   -7.3836
   -1.3556    0.7974    4.0382   12.4730   -2.8182  -24.2809
eta,q 0.97442 12.19181
  0.0272  0.0268  0.0262  0.0270  0.0269  0.0267  0.0269  0.0279  0.0266  0.0270  0.0262  0.0264
  0.0263  0.0261  0.0258  0.0263  0.0262  0.0263  0.0262  0.0267  0.0261  0.0263  0.0258  0.0259
  0.0258  0.0257  0.0256  0.0258  0.0258  0.0259  0.0257  0.0259  0.0257  0.0258  0.0256  0.0257
  0.0256  0.0256  0.0256  0.0256  0.0256  0.0256  0.0256  0.0256  0.0256  0.0256  0.0256  0.0256
  0.0257  0.0257  0.0257  0.0257  0.0257  0.0255  0.0257  0.0258  0.0257  0.0257  0.0257  0.0257
  0.0262  0.0261  0.0260  0.0261  0.0261  0.0260  0.0262  0.0266  0.0260  0.0262  0.0259  0.0260
  0.0271  0.0268  0.0264  0.0268  0.0268  0.0272  0.0269  0.0278  0.0266  0.0271  0.0262  0.0264
niter,ni,del,rscale     3    3    5.0000    0.6000
parameters
    1.0477   -5.8545   12.7704   -7.3291  -12.7816   -7.1492
   -1.3963    0.8333    4.0693   12.4904   -2.7627  -24.3830
eta,q 0.97448 12.20275
  0.0267  0.0265  0.0261  0.0266  0.0266  0.0265  0.0265  0.0273  0.0263  0.0266  0.0260  0.0261
  0.0261  0.0260  0.0258  0.0261  0.0260  0.0262  0.0260  0.0264  0.0259  0.0261  0.0257  0.0258
  0.0257  0.0257  0.0256  0.0257  0.0257  0.0259  0.0256  0.0257  0.0256  0.0257  0.0256  0.0256
  0.0256  0.0256  0.0256  0.0256  0.0256  0.0256  0.0255  0.0255  0.0255  0.0255  0.0255  0.0255
  0.0257  0.0257  0.0257  0.0257  0.0257  0.0254  0.0256  0.0257  0.0256  0.0256  0.0256  0.0256
  0.0261  0.0260  0.0258  0.0260  0.0260  0.0257  0.0260  0.0263  0.0259  0.0260  0.0257  0.0258
  0.0267  0.0264  0.0262  0.0266  0.0266  0.0266  0.0265  0.0272  0.0263  0.0267  0.0260  0.0262
niter,ni,del,rscale     2    3    5.0000    0.5000
parameters
    1.0364   -5.8409   12.7844   -7.3479  -12.7880   -6.8574
   -1.4075    0.8532    4.0516   12.4971   -2.6667  -24.4203
eta,q 0.97453 12.21234
  0.0263  0.0262  0.0259  0.0262  0.0262  0.0263  0.0262  0.0268  0.0260  0.0263  0.0258  0.0259
  0.0259  0.0258  0.0257  0.0259  0.0258  0.0260  0.0258  0.0261  0.0257  0.0259  0.0256  0.0257
  0.0256  0.0256  0.0256  0.0256  0.0256  0.0258  0.0256  0.0256  0.0255  0.0256  0.0255  0.0255
  0.0255  0.0255  0.0255  0.0255  0.0255  0.0255  0.0255  0.0255  0.0255  0.0255  0.0255  0.0255
  0.0256  0.0256  0.0256  0.0256  0.0256  0.0254  0.0256  0.0256  0.0255  0.0256  0.0255  0.0255
  0.0259  0.0258  0.0257  0.0259  0.0258  0.0256  0.0258  0.0260  0.0257  0.0258  0.0256  0.0257
  0.0263  0.0261  0.0259  0.0263  0.0262  0.0262  0.0262  0.0267  0.0260  0.0263  0.0258  0.0259
niter,ni,del,rscale     1    3    5.0000    0.4000
parameters
    1.0250   -5.8429   12.8217   -7.4051  -12.7891   -6.5630
   -1.3894    0.8573    4.0098   12.4671   -2.5688  -24.4361
eta,q 0.97456 12.21944
  0.0260  0.0259  0.0258  0.0259  0.0259  0.0261  0.0259  0.0263  0.0258  0.0260  0.0257  0.0257
  0.0257  0.0257  0.0256  0.0257  0.0257  0.0259  0.0256  0.0258  0.0256  0.0257  0.0256  0.0256
  0.0255  0.0255  0.0255  0.0255  0.0255  0.0257  0.0255  0.0255  0.0255  0.0255  0.0255  0.0255
  0.0255  0.0255  0.0255  0.0255  0.0255  0.0255  0.0254  0.0254  0.0254  0.0254  0.0254  0.0254
  0.0255  0.0255  0.0255  0.0255  0.0255  0.0254  0.0255  0.0255  0.0255  0.0255  0.0255  0.0255
  0.0257  0.0257  0.0256  0.0257  0.0257  0.0256  0.0256  0.0258  0.0256  0.0257  0.0255  0.0256
  0.0260  0.0259  0.0257  0.0260  0.0259  0.0260  0.0259  0.0263  0.0258  0.0260  0.0256  0.0257
registration optimization eta report
parameter search radius
    0.8000    0.8000    0.8000    2.4000    2.4000    2.4000
    2.4000    2.4000    2.4000    2.4000    2.4000    2.4000
100000*second partial in parameter space
       81.       63.       43.        8.        8.        9.
        8.       15.        6.       10.        4.        5.
  0.0260  0.0259  0.0258  0.0259  0.0259  0.0261  0.0259  0.0263  0.0258  0.0260  0.0257  0.0257
  0.0257  0.0257  0.0256  0.0257  0.0257  0.0259  0.0256  0.0258  0.0256  0.0257  0.0256  0.0256
  0.0255  0.0255  0.0255  0.0255  0.0255  0.0257  0.0255  0.0255  0.0255  0.0255  0.0255  0.0255
  0.0255  0.0255  0.0255  0.0255  0.0255  0.0255  0.0254  0.0254  0.0254  0.0254  0.0254  0.0254
  0.0255  0.0255  0.0255  0.0255  0.0255  0.0254  0.0255  0.0255  0.0255  0.0255  0.0255  0.0255
  0.0257  0.0257  0.0256  0.0257  0.0257  0.0256  0.0256  0.0258  0.0256  0.0257  0.0255  0.0256
  0.0260  0.0259  0.0257  0.0260  0.0259  0.0260  0.0259  0.0263  0.0258  0.0260  0.0256  0.0257
    1.0250   -5.8429   12.8217   -7.4051  -12.7891   -6.5630
   -1.3894    0.8573    4.0098   12.4671   -2.5688  -24.4361
eta,q 0.97456 12.21944

---------------------------------------------------------------------
compute_vox2vox talsrcimg talsrcimg_to_711-2C_as_mni_average_305_t4 /opt/freesurfer/average/711-2C_as_mni_average_305
---------------------------------------------------------------------

freesurfer compute_vox2vox.c
Reading: talsrcimg.4dfp.ifh
Reading: talsrcimg_to_711-2C_as_mni_average_305_t4
Reading: /opt/freesurfer/average/711-2C_as_mni_average_305.4dfp.ifh
Writing: talsrcimg_to_711-2C_as_mni_average_305_t4_vox2vox.txt

start time Mon Mar 9 23:25:55 CET 2026
end		time Mon Mar 9 23:27:28 CET 2026

mpr2mni305 success

avi2talxfm orig_nu.mgz /opt/freesurfer/average/mni305.cor.mgz talsrcimg_to_711-2C_as_mni_average_305_t4_vox2vox.txt transforms/talairach.auto.xfm
avi2talxfm done
mv -f /out/sourcedata/freesurfer/sub-v1s3x0050780_ses-1/mri/talsrcimg_to_711-2C_as_mni_average_305_t4_vox2vox.txt /out/sourcedata/freesurfer/sub-v1s3x0050780_ses-1/mri/transforms/talsrcimg_to_711-2C_as_mni_average_305_t4_vox2vox.txt
lta_convert --src orig_nu.mgz --trg /opt/freesurfer/average/mni305.cor.mgz --inxfm transforms/talairach.auto.xfm --outlta transforms/talairach.auto.xfm.lta --subject fsaverage
7.3.2

--src: orig_nu.mgz src image (geometry).
--trg: /opt/freesurfer/average/mni305.cor.mgz trg image (geometry).
--inmni: transforms/talairach.auto.xfm input MNI/XFM transform.
--outlta: transforms/talairach.auto.xfm.lta output LTA.
--s: fsaverage subject name
 LTA read, type : 1
 1.07905  -0.01175   0.01390  -4.23006;
 0.01609   1.03149   0.28928  -0.81878;
-0.05191  -0.14692   1.10465   1.44551;
 0.00000   0.00000   0.00000   1.00000;
setting subject to fsaverage
Writing  LTA to file transforms/talairach.auto.xfm.lta...
lta_convert successful.
 
 
Started at Mon Mar 9 23:25:55 CET 2026
Ended   at Mon Mar  9 23:27:28 CET 2026
talairach_avi done
