status file for recon-all
Tue Mar 10 02:52:01 CET 2026
#@# Tessellate lh Tue Mar 10 02:52:01 CET 2026
#@# Smooth1 lh Tue Mar 10 02:52:04 CET 2026
#@# Inflation1 lh Tue Mar 10 02:52:07 CET 2026
#@# QSphere lh Tue Mar 10 02:52:20 CET 2026
#@# Fix Topology lh Tue Mar 10 02:53:27 CET 2026
#@# Smooth2 lh Tue Mar 10 02:59:43 CET 2026
#@# Inflation2 lh Tue Mar 10 02:59:46 CET 2026
#@# Curv .H and .K lh Tue Mar 10 02:59:59 CET 2026
#@# Sphere lh Tue Mar 10 03:00:43 CET 2026
#@# Surf Reg lh Tue Mar 10 03:03:08 CET 2026
#@# Jacobian white lh Tue Mar 10 03:07:00 CET 2026
#@# AvgCurv lh Tue Mar 10 03:07:01 CET 2026
#@# Cortical Parc lh Tue Mar 10 03:07:01 CET 2026
#@# white curv lh Tue Mar 10 03:13:35 CET 2026
#@# white area lh Tue Mar 10 03:13:37 CET 2026
#@# pial curv lh Tue Mar 10 03:13:37 CET 2026
#@# pial area lh Tue Mar 10 03:13:39 CET 2026
#@# thickness lh Tue Mar 10 03:13:40 CET 2026
#@# area and vertex vol lh Tue Mar 10 03:14:07 CET 2026
#@# Curvature Stats lh Tue Mar 10 03:14:09 CET 2026
#@# Cortical Parc 2 lh Tue Mar 10 03:14:11 CET 2026
#@# Cortical Parc 3 lh Tue Mar 10 03:14:24 CET 2026
#@# WM/GM Contrast lh Tue Mar 10 03:14:34 CET 2026
recon-all -s sub-v1s3x0050813_ses-1 finished without error at Tue Mar 10 03:14:37 CET 2026



#New# invocation of recon-all 



status file for recon-all
Tue Mar 10 03:41:24 CET 2026
#@# white curv lh Tue Mar 10 03:41:24 CET 2026
#@# white area lh Tue Mar 10 03:41:24 CET 2026
#@# pial curv lh Tue Mar 10 03:41:24 CET 2026
#@# pial area lh Tue Mar 10 03:41:24 CET 2026
#@# thickness lh Tue Mar 10 03:41:24 CET 2026
#@# area and vertex vol lh Tue Mar 10 03:41:24 CET 2026
#@# Parcellation Stats lh Tue Mar 10 03:41:24 CET 2026
#@# Parcellation Stats 2 lh Tue Mar 10 03:41:41 CET 2026
#@# Parcellation Stats 3 lh Tue Mar 10 03:41:50 CET 2026
#@# BA_exvivo Labels lh Tue Mar 10 03:41:59 CET 2026
recon-all -s sub-v1s3x0050813_ses-1 finished without error at Tue Mar 10 03:44:26 CET 2026
