status file for recon-all
Tue Mar 10 01:04:37 CET 2026
#@# MotionCor Tue Mar 10 01:04:39 CET 2026
#@# Talairach Tue Mar 10 01:04:49 CET 2026
#@# Talairach Failure Detection Tue Mar 10 01:09:14 CET 2026
#@# Nu Intensity Correction Tue Mar 10 01:09:14 CET 2026
#@# Intensity Normalization Tue Mar 10 01:12:29 CET 2026
recon-all -s sub-v1s3x0050813_ses-1 finished without error at Tue Mar 10 01:13:54 CET 2026



#New# invocation of recon-all 



status file for recon-all
Tue Mar 10 01:22:23 CET 2026
#@# EM Registration Tue Mar 10 01:22:23 CET 2026
recon-all -s sub-v1s3x0050813_ses-1 finished without error at Tue Mar 10 01:24:40 CET 2026



#New# invocation of recon-all 



status file for recon-all
Tue Mar 10 01:24:41 CET 2026
#@# CA Normalize Tue Mar 10 01:24:41 CET 2026
#@# CA Reg Tue Mar 10 01:26:01 CET 2026
#@# SubCort Seg Tue Mar 10 02:16:10 CET 2026
#@# CC Seg Tue Mar 10 02:46:31 CET 2026
#@# Merge ASeg Tue Mar 10 02:47:02 CET 2026
#@# Intensity Normalization2 Tue Mar 10 02:47:02 CET 2026
#@# Mask BFS Tue Mar 10 02:49:10 CET 2026
#@# WM Segmentation Tue Mar 10 02:49:10 CET 2026
#@# Fill Tue Mar 10 02:50:55 CET 2026
recon-all -s sub-v1s3x0050813_ses-1 finished without error at Tue Mar 10 02:51:56 CET 2026



#New# invocation of recon-all 



status file for recon-all
Tue Mar 10 03:36:42 CET 2026
#@# white curv lh Tue Mar 10 03:36:42 CET 2026
#@# white area lh Tue Mar 10 03:36:42 CET 2026
#@# pial curv lh Tue Mar 10 03:36:42 CET 2026
#@# pial area lh Tue Mar 10 03:36:42 CET 2026
#@# thickness lh Tue Mar 10 03:36:42 CET 2026
#@# area and vertex vol lh Tue Mar 10 03:36:42 CET 2026
#@# white curv rh Tue Mar 10 03:36:42 CET 2026
#@# white area rh Tue Mar 10 03:36:42 CET 2026
#@# pial curv rh Tue Mar 10 03:36:42 CET 2026
#@# pial area rh Tue Mar 10 03:36:42 CET 2026
#@# thickness rh Tue Mar 10 03:36:42 CET 2026
#@# area and vertex vol rh Tue Mar 10 03:36:42 CET 2026
#@# Cortical ribbon mask Tue Mar 10 03:36:42 CET 2026
recon-all -s sub-v1s3x0050813_ses-1 finished without error at Tue Mar 10 03:41:20 CET 2026



#New# invocation of recon-all 



status file for recon-all
Tue Mar 10 03:47:40 CET 2026
#@# white curv lh Tue Mar 10 03:47:40 CET 2026
#@# white area lh Tue Mar 10 03:47:40 CET 2026
#@# pial curv lh Tue Mar 10 03:47:40 CET 2026
#@# pial area lh Tue Mar 10 03:47:40 CET 2026
#@# thickness lh Tue Mar 10 03:47:40 CET 2026
#@# area and vertex vol lh Tue Mar 10 03:47:40 CET 2026
#@# white curv rh Tue Mar 10 03:47:40 CET 2026
#@# white area rh Tue Mar 10 03:47:40 CET 2026
#@# pial curv rh Tue Mar 10 03:47:40 CET 2026
#@# pial area rh Tue Mar 10 03:47:40 CET 2026
#@# thickness rh Tue Mar 10 03:47:40 CET 2026
#@# area and vertex vol rh Tue Mar 10 03:47:40 CET 2026
#@# Curvature Stats lh Tue Mar 10 03:47:40 CET 2026
#@# Curvature Stats rh Tue Mar 10 03:47:42 CET 2026
#@# Relabel Hypointensities Tue Mar 10 03:47:45 CET 2026
#@# APas-to-ASeg Tue Mar 10 03:47:59 CET 2026
#@# AParc-to-ASeg aparc Tue Mar 10 03:48:09 CET 2026
#@# AParc-to-ASeg aparc.a2009s Tue Mar 10 03:48:53 CET 2026
#@# AParc-to-ASeg aparc.DKTatlas Tue Mar 10 03:49:37 CET 2026
#@# WMParc Tue Mar 10 03:50:26 CET 2026
#@# ASeg Stats Tue Mar 10 03:53:54 CET 2026
recon-all -s sub-v1s3x0050813_ses-1 finished without error at Tue Mar 10 03:54:33 CET 2026
