status file for recon-all
Mon Mar  9 23:14:50 CET 2026
#@# MotionCor Mon Mar  9 23:14:52 CET 2026
#@# Talairach Mon Mar  9 23:14:58 CET 2026
#@# Talairach Failure Detection Mon Mar  9 23:17:47 CET 2026
#@# Nu Intensity Correction Mon Mar  9 23:17:47 CET 2026
#@# Intensity Normalization Mon Mar  9 23:20:32 CET 2026
recon-all -s sub-v1s3x0050777_ses-1 finished without error at Mon Mar  9 23:21:30 CET 2026



#New# invocation of recon-all 



status file for recon-all
Mon Mar  9 23:29:01 CET 2026
#@# EM Registration Mon Mar  9 23:29:01 CET 2026
recon-all -s sub-v1s3x0050777_ses-1 finished without error at Mon Mar  9 23:31:00 CET 2026



#New# invocation of recon-all 



status file for recon-all
Mon Mar  9 23:31:04 CET 2026
#@# CA Normalize Mon Mar  9 23:31:04 CET 2026
#@# CA Reg Mon Mar  9 23:31:57 CET 2026
#@# SubCort Seg Tue Mar 10 00:21:51 CET 2026
#@# CC Seg Tue Mar 10 00:46:50 CET 2026
#@# Merge ASeg Tue Mar 10 00:47:21 CET 2026
#@# Intensity Normalization2 Tue Mar 10 00:47:21 CET 2026
#@# Mask BFS Tue Mar 10 00:48:46 CET 2026
#@# WM Segmentation Tue Mar 10 00:48:46 CET 2026
#@# Fill Tue Mar 10 00:50:25 CET 2026
recon-all -s sub-v1s3x0050777_ses-1 finished without error at Tue Mar 10 00:51:04 CET 2026



#New# invocation of recon-all 



status file for recon-all
Tue Mar 10 01:58:20 CET 2026
#@# white curv lh Tue Mar 10 01:58:20 CET 2026
#@# white area lh Tue Mar 10 01:58:20 CET 2026
#@# pial curv lh Tue Mar 10 01:58:20 CET 2026
#@# pial area lh Tue Mar 10 01:58:20 CET 2026
#@# thickness lh Tue Mar 10 01:58:21 CET 2026
#@# area and vertex vol lh Tue Mar 10 01:58:21 CET 2026
#@# white curv rh Tue Mar 10 01:58:21 CET 2026
#@# white area rh Tue Mar 10 01:58:21 CET 2026
#@# pial curv rh Tue Mar 10 01:58:21 CET 2026
#@# pial area rh Tue Mar 10 01:58:21 CET 2026
#@# thickness rh Tue Mar 10 01:58:21 CET 2026
#@# area and vertex vol rh Tue Mar 10 01:58:21 CET 2026
#@# Cortical ribbon mask Tue Mar 10 01:58:21 CET 2026
recon-all -s sub-v1s3x0050777_ses-1 finished without error at Tue Mar 10 02:02:55 CET 2026



#New# invocation of recon-all 



status file for recon-all
Tue Mar 10 02:09:01 CET 2026
#@# white curv lh Tue Mar 10 02:09:01 CET 2026
#@# white area lh Tue Mar 10 02:09:01 CET 2026
#@# pial curv lh Tue Mar 10 02:09:01 CET 2026
#@# pial area lh Tue Mar 10 02:09:01 CET 2026
#@# thickness lh Tue Mar 10 02:09:01 CET 2026
#@# area and vertex vol lh Tue Mar 10 02:09:01 CET 2026
#@# white curv rh Tue Mar 10 02:09:01 CET 2026
#@# white area rh Tue Mar 10 02:09:01 CET 2026
#@# pial curv rh Tue Mar 10 02:09:01 CET 2026
#@# pial area rh Tue Mar 10 02:09:01 CET 2026
#@# thickness rh Tue Mar 10 02:09:01 CET 2026
#@# area and vertex vol rh Tue Mar 10 02:09:01 CET 2026
#@# Curvature Stats lh Tue Mar 10 02:09:01 CET 2026
#@# Curvature Stats rh Tue Mar 10 02:09:03 CET 2026
#@# Relabel Hypointensities Tue Mar 10 02:09:05 CET 2026
#@# APas-to-ASeg Tue Mar 10 02:09:17 CET 2026
#@# AParc-to-ASeg aparc Tue Mar 10 02:09:26 CET 2026
#@# AParc-to-ASeg aparc.a2009s Tue Mar 10 02:10:04 CET 2026
#@# AParc-to-ASeg aparc.DKTatlas Tue Mar 10 02:10:51 CET 2026
#@# WMParc Tue Mar 10 02:11:37 CET 2026
#@# ASeg Stats Tue Mar 10 02:13:38 CET 2026
recon-all -s sub-v1s3x0050777_ses-1 finished without error at Tue Mar 10 02:14:02 CET 2026
