/out/sourcedata/freesurfer/sub-v1s3x0050812_ses-1/mri
/opt/freesurfer/bin/talairach_avi
--i orig_nu.mgz --xfm transforms/talairach.auto.xfm
talairach_avi 7.3.2
Linux dna007 5.14.0-427.37.1.el9_4.x86_64 #1 SMP PREEMPT_DYNAMIC Fri Sep 13 12:41:50 EDT 2024 x86_64 x86_64 x86_64 GNU/Linux
Tue Mar 10 01:07:42 CET 2026
mri_convert orig_nu.mgz talsrcimg.img 
reading from orig_nu.mgz...
TR=0.00, TE=0.00, TI=0.00, flip angle=0.00
i_ras = (-1, 0, 0)
j_ras = (0, 0, -1)
k_ras = (0, 1, 0)
writing to talsrcimg.img...
Analyze Output Matrix
-1.00000   0.00000   0.00000   138.73480;
 0.00000   0.00000   1.00000  -136.08540;
 0.00000  -1.00000   0.00000   136.48703;
 0.00000   0.00000   0.00000   1.00000;
--------------------
INFO: set hdr.hist.orient to -1
mpr2mni305 talsrcimg
Tue Mar 10 01:07:43 CET 2026
/opt/freesurfer/bin/mpr2mni305 talsrcimg
mpr2mni305 7.3.2
target=711-2C_as_mni_average_305

---------------------------------------------------------------------
analyzeto4dfp talsrcimg -O0 -y
---------------------------------------------------------------------

freesurfer ifh2hdr.c
Tue Mar 10 01:07:43 2026
Writing: talsrcimg.4dfp.hdr
freesurfer analyzeto4dfp.c
Reading: talsrcimg.hdr
header size 348 bytes
hdr.dime.datatype	offset=70	value=2
hdr.dime.bitpix		offset=72	value=8
hdr.hist.orient		offset=252	value=-1
dimensionality     4
dimensions       256       256       256         1
Reading: talsrcimg.img
Writing: talsrcimg.4dfp.img
Writing: talsrcimg.4dfp.ifh
ifh2hdr talsrcimg -r0to252
ori=2

---------------------------------------------------------------------
gauss_4dfp talsrcimg 1.1
---------------------------------------------------------------------

freesurfer gauss_4dfp.c
Reading: talsrcimg.4dfp.img
Writing: talsrcimg_g11.4dfp.img
image dimensions 256 256 256 padded to 288 288 288
processing volume 1freesurfer ifh2hdr.c
Tue Mar 10 01:07:45 2026
Writing: talsrcimg_g11.4dfp.hdr

Writing: talsrcimg_g11.4dfp.ifh
including: talsrcimg.4dfp.img.rec in talsrcimg_g11.4dfp.img.rec

---------------------------------------------------------------------
imgreg_4dfp /opt/freesurfer/average/711-2C_as_mni_average_305 none talsrcimg_g11 none talsrcimg_to_711-2C_as_mni_average_305_t4 4355
---------------------------------------------------------------------

freesurfer imgreg_4dfp.c
/opt/freesurfer/average/711-2C_as_mni_average_305.4dfp.img
       256       256       256         1
  1.000000  1.000000  1.000000
orientation T byte_order littleendian
Reading image: /opt/freesurfer/average/711-2C_as_mni_average_305.4dfp.img
dimensions:      256       256       256
mmppix:       1.0000   -1.0000   -1.0000
center:     128.0000 -129.0000 -129.0000
talsrcimg_g11.4dfp.img
       256       256       256         1
  1.000000  1.000000  1.000000
orientation T byte_order littleendian
Reading image: talsrcimg_g11.4dfp.img
dimensions:      256       256       256
mmppix:       1.0000   -1.0000   -1.0000
center:     128.0000 -129.0000 -129.0000
t4_read: open error in t4_sub.f l:  41 t4_file(1:l)talsrcimg_to_711-2C_as_mni_average_305_t4 
t4_read: transform initialized to I4
rotation matrix determinant  1.000000
image alignment mode   4355 decimal     1103 hex
   -7.5000  -45.0000  -45.0000 8032.1084   23.9911
    0.0000  -45.0000  -45.0000 8365.7031   24.0239
    7.5000  -45.0000  -45.0000 7951.2173   24.0323
   -7.5000  -37.5000  -45.0000 8428.0840   23.9856
    0.0000  -37.5000  -45.0000 8797.3789   24.0071
    7.5000  -37.5000  -45.0000 8356.4863   24.0241
   -7.5000  -30.0000  -45.0000 9037.7344   24.0210
    0.0000  -30.0000  -45.0000 9411.1055   24.0381
    7.5000  -30.0000  -45.0000 8949.2158   24.0657
   -7.5000  -22.5000  -45.0000 9617.5596   24.0618
    0.0000  -22.5000  -45.0000 9988.0059   24.0842
    7.5000  -22.5000  -45.0000 9518.4688   24.1136
   -7.5000  -15.0000  -45.000010194.4297   24.0754
    0.0000  -15.0000  -45.000010592.4248   24.1068
    7.5000  -15.0000  -45.000010086.1387   24.1245
   -7.5000   -7.5000  -45.000010668.2773   24.0402
    0.0000   -7.5000  -45.000011088.1816   24.0776
    7.5000   -7.5000  -45.000010535.2061   24.0850
   -7.5000    0.0000  -45.000011024.7041   23.9911
    0.0000    0.0000  -45.000011445.1543   24.0239
    7.5000    0.0000  -45.000010929.0928   24.0323
   -7.5000    7.5000  -45.000010580.8213   23.9856
    0.0000    7.5000  -45.000010948.2490   24.0071
    7.5000    7.5000  -45.000010456.3018   24.0241
   -7.5000   15.0000  -45.000010029.0234   24.0210
    0.0000   15.0000  -45.000010376.8008   24.0381
    7.5000   15.0000  -45.0000 9894.3545   24.0657
   -7.5000   22.5000  -45.0000 9164.2676   24.0585
    0.0000   22.5000  -45.0000 9450.6533   24.0808
    7.5000   22.5000  -45.0000 9019.5283   24.1102
   -7.5000   30.0000  -45.0000 8262.9658   23.7546
    0.0000   30.0000  -45.0000 8502.2949   23.7856
    7.5000   30.0000  -45.0000 8104.0762   23.8030
   -7.5000   37.5000  -45.0000 7694.7935   23.7198
    0.0000   37.5000  -45.0000 7908.8657   23.7567
    7.5000   37.5000  -45.0000 7540.3247   23.7640
   -7.5000   45.0000  -45.0000 6901.5884   23.0703
    0.0000   45.0000  -45.0000 7106.8647   23.1018
    7.5000   45.0000  -45.0000 6767.8076   23.1099
   -7.5000  -45.0000  -37.5000 8629.6152   23.9302
    0.0000  -45.0000  -37.5000 8994.7822   23.9642
    7.5000  -45.0000  -37.5000 8536.5244   23.9742
   -7.5000  -37.5000  -37.5000 9057.6621   23.9320
    0.0000  -37.5000  -37.5000 9449.0801   23.9530
    7.5000  -37.5000  -37.5000 8968.5986   23.9667
   -7.5000  -30.0000  -37.5000 9709.6963   23.9642
    0.0000  -30.0000  -37.500010116.4287   23.9855
    7.5000  -30.0000  -37.5000 9597.1787   24.0089
   -7.5000  -22.5000  -37.500010301.3799   23.9949
    0.0000  -22.5000  -37.500010734.2627   24.0290
    7.5000  -22.5000  -37.500010205.4580   24.0571
   -7.5000  -15.0000  -37.500010886.9541   24.0017
    0.0000  -15.0000  -37.500011339.1172   24.0480
    7.5000  -15.0000  -37.500010767.6094   24.0692
   -7.5000   -7.5000  -37.500011357.9258   23.9692
    0.0000   -7.5000  -37.500011817.0820   24.0159
    7.5000   -7.5000  -37.500011214.7412   24.0285
   -7.5000    0.0000  -37.500011741.7129   23.9302
    0.0000    0.0000  -37.500012199.9355   23.9642
    7.5000    0.0000  -37.500011589.9541   23.9742
   -7.5000    7.5000  -37.500011248.8096   23.9320
    0.0000    7.5000  -37.500011675.7148   23.9530
    7.5000    7.5000  -37.500011093.2588   23.9667
   -7.5000   15.0000  -37.500010644.0645   23.9642
    0.0000   15.0000  -37.500011010.2217   23.9855
    7.5000   15.0000  -37.500010460.5244   24.0089
   -7.5000   22.5000  -37.5000 9681.8506   23.9916
    0.0000   22.5000  -37.5000 9977.5166   24.0257
    7.5000   22.5000  -37.5000 9489.0664   24.0538
   -7.5000   30.0000  -37.5000 8699.7598   23.6818
    0.0000   30.0000  -37.5000 8929.7930   23.7276
    7.5000   30.0000  -37.5000 8493.6543   23.7484
   -7.5000   37.5000  -37.5000 8086.0415   23.6498
    0.0000   37.5000  -37.5000 8314.5674   23.6959
    7.5000   37.5000  -37.5000 7898.1675   23.7083
   -7.5000   45.0000  -37.5000 7224.3960   23.0117
    0.0000   45.0000  -37.5000 7442.3457   23.0444
    7.5000   45.0000  -37.5000 7080.5649   23.0540
   -7.5000  -45.0000  -30.0000 9399.4580   24.9235
    0.0000  -45.0000  -30.0000 9769.1074   24.9516
    7.5000  -45.0000  -30.0000 9285.8740   24.9607
   -7.5000  -37.5000  -30.0000 9860.8555   24.9175
    0.0000  -37.5000  -30.000010269.1865   24.9359
    7.5000  -37.5000  -30.0000 9728.4414   24.9426
   -7.5000  -30.0000  -30.000010541.0498   24.9367
    0.0000  -30.0000  -30.000011001.3945   24.9653
    7.5000  -30.0000  -30.000010420.8252   24.9832
   -7.5000  -22.5000  -30.000011164.3320   24.9666
    0.0000  -22.5000  -30.000011662.5674   25.0143
    7.5000  -22.5000  -30.000011068.2939   25.0437
   -7.5000  -15.0000  -30.000011734.2539   24.9859
    0.0000  -15.0000  -30.000012269.1484   25.0423
    7.5000  -15.0000  -30.000011618.3711   25.0700
   -7.5000   -7.5000  -30.000012244.2344   24.9619
    0.0000   -7.5000  -30.000012746.2891   25.0089
    7.5000   -7.5000  -30.000012076.5137   25.0278
   -7.5000    0.0000  -30.000012664.8682   24.9235
    0.0000    0.0000  -30.000013160.8330   24.9516
    7.5000    0.0000  -30.000012470.8779   24.9607
   -7.5000    7.5000  -30.000012104.1660   24.9175
    0.0000    7.5000  -30.000012589.0420   24.9359
    7.5000    7.5000  -30.000011931.0684   24.9426
   -7.5000   15.0000  -30.000011445.0527   24.9367
    0.0000   15.0000  -30.000011870.7666   24.9653
    7.5000   15.0000  -30.000011237.8135   24.9832
   -7.5000   22.5000  -30.000010398.8398   24.9606
    0.0000   22.5000  -30.000010734.4697   25.0083
    7.5000   22.5000  -30.000010168.7861   25.0377
   -7.5000   30.0000  -30.0000 9293.7959   24.6553
    0.0000   30.0000  -30.0000 9570.0928   24.7109
    7.5000   30.0000  -30.0000 9088.9756   24.7383
   -7.5000   37.5000  -30.0000 8615.2539   24.6316
    0.0000   37.5000  -30.0000 8898.6670   24.6780
    7.5000   37.5000  -30.0000 8434.3740   24.6966
   -7.5000   45.0000  -30.0000 7667.6626   23.9845
    0.0000   45.0000  -30.0000 7900.5200   24.0116
    7.5000   45.0000  -30.0000 7521.1763   24.0203
   -7.5000  -45.0000  -22.500010139.8672   25.7979
    0.0000  -45.0000  -22.500010498.4951   25.8200
    7.5000  -45.0000  -22.5000 9979.5107   25.8265
   -7.5000  -37.5000  -22.500010609.1104   25.7734
    0.0000  -37.5000  -22.500011018.0000   25.7905
    7.5000  -37.5000  -22.500010456.4551   25.7934
   -7.5000  -30.0000  -22.500011326.1445   25.7797
    0.0000  -30.0000  -22.500011785.9736   25.8112
    7.5000  -30.0000  -22.500011193.2559   25.8278
   -7.5000  -22.5000  -22.500012010.1816   25.8201
    0.0000  -22.5000  -22.500012493.2324   25.8690
    7.5000  -22.5000  -22.500011880.9785   25.9001
   -7.5000  -15.0000  -22.500012621.5498   25.8622
    0.0000  -15.0000  -22.500013147.0459   25.9127
    7.5000  -15.0000  -22.500012469.6836   25.9426
   -7.5000   -7.5000  -22.500013189.2412   25.8463
    0.0000   -7.5000  -22.500013723.5723   25.8845
    7.5000   -7.5000  -22.500012974.0928   25.9036
   -7.5000    0.0000  -22.500013596.1113   25.7979
    0.0000    0.0000  -22.500014129.5449   25.8200
    7.5000    0.0000  -22.500013394.8789   25.8265
   -7.5000    7.5000  -22.500012967.0645   25.7734
    0.0000    7.5000  -22.500013439.0654   25.7905
    7.5000    7.5000  -22.500012749.6494   25.7934
   -7.5000   15.0000  -22.500012229.0547   25.7797
    0.0000   15.0000  -22.500012658.3848   25.8112
    7.5000   15.0000  -22.500012000.0986   25.8278
   -7.5000   22.5000  -22.500011117.4004   25.8121
    0.0000   22.5000  -22.500011472.5332   25.8610
    7.5000   22.5000  -22.500010861.2676   25.8921
   -7.5000   30.0000  -22.5000 9920.3418   25.5239
    0.0000   30.0000  -22.500010208.1572   25.5738
    7.5000   30.0000  -22.5000 9698.2148   25.6033
   -7.5000   37.5000  -22.5000 9182.8564   25.5082
    0.0000   37.5000  -22.5000 9466.0869   25.5459
    7.5000   37.5000  -22.5000 8984.8320   25.5648
   -7.5000   45.0000  -22.5000 8131.3701   24.8446
    0.0000   45.0000  -22.5000 8394.9307   24.8659
    7.5000   45.0000  -22.5000 7970.6191   24.8722
   -7.5000  -45.0000  -15.000010846.1934   26.4449
    0.0000  -45.0000  -15.000011262.3975   26.4648
    7.5000  -45.0000  -15.000010699.2246   26.4714
   -7.5000  -37.5000  -15.000011318.1045   26.4083
    0.0000  -37.5000  -15.000011755.6172   26.4252
    7.5000  -37.5000  -15.000011179.6670   26.4327
   -7.5000  -30.0000  -15.000012078.5117   26.4142
    0.0000  -30.0000  -15.000012534.8018   26.4415
    7.5000  -30.0000  -15.000011955.7578   26.4639
   -7.5000  -22.5000  -15.000012821.0625   26.4679
    0.0000  -22.5000  -15.000013307.2373   26.5050
    7.5000  -22.5000  -15.000012679.0674   26.5391
   -7.5000  -15.0000  -15.000013442.7334   26.5227
    0.0000  -15.0000  -15.000013963.0225   26.5572
    7.5000  -15.0000  -15.000013295.4062   26.5854
   -7.5000   -7.5000  -15.000014068.2139   26.5055
    0.0000   -7.5000  -15.000014627.1758   26.5332
    7.5000   -7.5000  -15.000013843.4053   26.5490
   -7.5000    0.0000  -15.000014560.5986   26.4449
    0.0000    0.0000  -15.000015136.4102   26.4648
    7.5000    0.0000  -15.000014330.5391   26.4714
   -7.5000    7.5000  -15.000013834.0156   26.4083
    0.0000    7.5000  -15.000014317.6172   26.4252
    7.5000    7.5000  -15.000013572.5938   26.4327
   -7.5000   15.0000  -15.000013028.1680   26.4142
    0.0000   15.0000  -15.000013478.6191   26.4415
    7.5000   15.0000  -15.000012768.2988   26.4639
   -7.5000   22.5000  -15.000011802.4814   26.4586
    0.0000   22.5000  -15.000012193.8857   26.4956
    7.5000   22.5000  -15.000011558.8291   26.5297
   -7.5000   30.0000  -15.000010525.8262   26.1795
    0.0000   30.0000  -15.000010855.4639   26.2135
    7.5000   30.0000  -15.000010309.4844   26.2414
   -7.5000   37.5000  -15.0000 9738.9248   26.1625
    0.0000   37.5000  -15.000010034.7900   26.1899
    7.5000   37.5000  -15.0000 9533.1719   26.2054
   -7.5000   45.0000  -15.0000 8625.9414   25.4831
    0.0000   45.0000  -15.0000 8903.5107   25.5023
    7.5000   45.0000  -15.0000 8449.0576   25.5086
   -7.5000  -45.0000   -7.500011628.6680   26.7582
    0.0000  -45.0000   -7.500012058.5859   26.7843
    7.5000  -45.0000   -7.500011509.6660   26.7921
   -7.5000  -37.5000   -7.500012080.4082   26.7326
    0.0000  -37.5000   -7.500012523.5879   26.7523
    7.5000  -37.5000   -7.500011965.2451   26.7675
   -7.5000  -30.0000   -7.500012877.4570   26.7562
    0.0000  -30.0000   -7.500013346.2451   26.7770
    7.5000  -30.0000   -7.500012796.1875   26.8066
   -7.5000  -22.5000   -7.500013622.9707   26.8119
    0.0000  -22.5000   -7.500014121.0732   26.8365
    7.5000  -22.5000   -7.500013544.2070   26.8718
   -7.5000  -15.0000   -7.500014255.6221   26.8516
    0.0000  -15.0000   -7.500014789.0732   26.8776
    7.5000  -15.0000   -7.500014182.4414   26.9013
   -7.5000   -7.5000   -7.500014929.4824   26.8217
    0.0000   -7.5000   -7.500015521.6387   26.8500
    7.5000   -7.5000   -7.500014761.5195   26.8608
   -7.5000    0.0000   -7.500015475.8760   26.7582
    0.0000    0.0000   -7.500016089.5225   26.7843
    7.5000    0.0000   -7.500015277.8643   26.7921
   -7.5000    7.5000   -7.500014666.6221   26.7326
    0.0000    7.5000   -7.500015174.7100   26.7523
    7.5000    7.5000   -7.500014407.7197   26.7675
   -7.5000   15.0000   -7.500013758.4512   26.7562
    0.0000   15.0000   -7.500014214.8379   26.7770
    7.5000   15.0000   -7.500013498.3232   26.8066
   -7.5000   22.5000   -7.500012464.1045   26.7995
    0.0000   22.5000   -7.500012885.6172   26.8241
    7.5000   22.5000   -7.500012245.7324   26.8594
   -7.5000   30.0000   -7.500011144.4980   26.5034
    0.0000   30.0000   -7.500011501.3184   26.5291
    7.5000   30.0000   -7.500010942.2520   26.5524
   -7.5000   37.5000   -7.500010307.0176   26.4738
    0.0000   37.5000   -7.500010607.7041   26.5018
    7.5000   37.5000   -7.500010096.4121   26.5125
   -7.5000   45.0000   -7.5000 9137.9980   25.7899
    0.0000   45.0000   -7.5000 9420.1719   25.8150
    7.5000   45.0000   -7.5000 8965.8652   25.8225
   -7.5000  -45.0000    0.000012297.8838   26.7979
    0.0000  -45.0000    0.000012744.7129   26.8347
    7.5000  -45.0000    0.000012221.4326   26.8441
   -7.5000  -37.5000    0.000012752.2275   26.7922
    0.0000  -37.5000    0.000013221.9502   26.8163
    7.5000  -37.5000    0.000012708.0010   26.8354
   -7.5000  -30.0000    0.000013580.5664   26.8318
    0.0000  -30.0000    0.000014112.1182   26.8511
    7.5000  -30.0000    0.000013572.5039   26.8821
   -7.5000  -22.5000    0.000014337.4746   26.8772
    0.0000  -22.5000    0.000014867.7725   26.9022
    7.5000  -22.5000    0.000014308.4531   26.9353
   -7.5000  -15.0000    0.000014980.0918   26.8921
    0.0000  -15.0000    0.000015542.7139   26.9271
    7.5000  -15.0000    0.000014937.4033   26.9470
   -7.5000   -7.5000    0.000015680.8662   26.8526
    0.0000   -7.5000    0.000016304.0244   26.8944
    7.5000   -7.5000    0.000015576.9014   26.9027
   -7.5000    0.0000    0.000016204.2383   26.7979
    0.0000    0.0000    0.000016852.4883   26.8347
    7.5000    0.0000    0.000016101.7783   26.8441
   -7.5000    7.5000    0.000015277.9951   26.7922
    0.0000    7.5000    0.000015832.0908   26.8163
    7.5000    7.5000    0.000015153.3213   26.8354
   -7.5000   15.0000    0.000014313.6357   26.8318
    0.0000   15.0000    0.000014783.8027   26.8511
    7.5000   15.0000    0.000014144.6582   26.8821
   -7.5000   22.5000    0.000013000.4268   26.8648
    0.0000   22.5000    0.000013416.9365   26.8898
    7.5000   22.5000    0.000012857.5371   26.9229
   -7.5000   30.0000    0.000011686.2139   26.5441
    0.0000   30.0000    0.000012035.2471   26.5786
    7.5000   30.0000    0.000011507.9883   26.5983
   -7.5000   37.5000    0.000010790.0771   26.5051
    0.0000   37.5000    0.000011125.5332   26.5463
    7.5000   37.5000    0.000010605.7393   26.5545
   -7.5000   45.0000    0.0000 9560.4512   25.8301
    0.0000   45.0000    0.0000 9859.8135   25.8656
    7.5000   45.0000    0.0000 9396.3701   25.8746
   -7.5000  -45.0000    7.500011953.5186   26.7769
    0.0000  -45.0000    7.500012376.6270   26.8150
    7.5000  -45.0000    7.500011891.5098   26.8262
   -7.5000  -37.5000    7.500012414.6768   26.7789
    0.0000  -37.5000    7.500012886.8438   26.8024
    7.5000  -37.5000    7.500012377.7393   26.8178
   -7.5000  -30.0000    7.500013298.6924   26.8149
    0.0000  -30.0000    7.500013797.7744   26.8388
    7.5000  -30.0000    7.500013270.6738   26.8650
   -7.5000  -22.5000    7.500013962.7021   26.8492
    0.0000  -22.5000    7.500014467.2520   26.8873
    7.5000  -22.5000    7.500013992.3877   26.9188
   -7.5000  -15.0000    7.500014496.0430   26.8568
    0.0000  -15.0000    7.500015027.0801   26.9087
    7.5000  -15.0000    7.500014550.4551   26.9323
   -7.5000   -7.5000    7.500015183.5254   26.8205
    0.0000   -7.5000    7.500015742.7744   26.8728
    7.5000   -7.5000    7.500015201.2080   26.8869
   -7.5000    0.0000    7.500015683.0693   26.7769
    0.0000    0.0000    7.500016280.1846   26.8150
    7.5000    0.0000    7.500015741.4668   26.8262
   -7.5000    7.5000    7.500014741.1523   26.7789
    0.0000    7.5000    7.500015244.9492   26.8024
    7.5000    7.5000    7.500014793.1104   26.8178
   -7.5000   15.0000    7.500013771.2686   26.8149
    0.0000   15.0000    7.500014190.2461   26.8388
    7.5000   15.0000    7.500013686.6914   26.8650
   -7.5000   22.5000    7.500012558.4355   26.8368
    0.0000   22.5000    7.500012919.9121   26.8749
    7.5000   22.5000    7.500012425.9482   26.9064
   -7.5000   30.0000    7.500011269.1504   26.5092
    0.0000   30.0000    7.500011594.5918   26.5604
    7.5000   30.0000    7.500011125.1553   26.5838
   -7.5000   37.5000    7.500010417.2217   26.4734
    0.0000   37.5000    7.500010751.8086   26.5250
    7.5000   37.5000    7.500010280.1113   26.5389
   -7.5000   45.0000    7.5000 9213.6719   25.8099
    0.0000   45.0000    7.5000 9485.9570   25.8466
    7.5000   45.0000    7.5000 9075.5938   25.8573
   -7.5000  -45.0000   15.000011495.0273   26.7637
    0.0000  -45.0000   15.000011879.5732   26.7939
    7.5000  -45.0000   15.000011445.2021   26.8037
   -7.5000  -37.5000   15.000011933.2969   26.7573
    0.0000  -37.5000   15.000012392.3594   26.7771
    7.5000  -37.5000   15.000011925.7451   26.7842
   -7.5000  -30.0000   15.000012797.7256   26.7779
    0.0000  -30.0000   15.000013273.0244   26.8086
    7.5000  -30.0000   15.000012761.5420   26.8278
   -7.5000  -22.5000   15.000013390.5156   26.8100
    0.0000  -22.5000   15.000013853.9775   26.8612
    7.5000  -22.5000   15.000013448.6904   26.8928
   -7.5000  -15.0000   15.000013917.3857   26.8308
    0.0000  -15.0000   15.000014412.7578   26.8913
    7.5000  -15.0000   15.000014023.2832   26.9211
   -7.5000   -7.5000   15.000014629.7021   26.8049
    0.0000   -7.5000   15.000015180.6738   26.8555
    7.5000   -7.5000   15.000014667.5254   26.8757
   -7.5000    0.0000   15.000015162.1348   26.7637
    0.0000    0.0000   15.000015704.4814   26.7939
    7.5000    0.0000   15.000015201.0488   26.8037
   -7.5000    7.5000   15.000014204.2393   26.7573
    0.0000    7.5000   15.000014693.2988   26.7771
    7.5000    7.5000   15.000014247.7090   26.7842
   -7.5000   15.0000   15.000013203.4756   26.7779
    0.0000   15.0000   15.000013573.0342   26.8086
    7.5000   15.0000   15.000013148.6094   26.8278
   -7.5000   22.5000   15.000012012.8711   26.7977
    0.0000   22.5000   15.000012338.6592   26.8488
    7.5000   22.5000   15.000011900.3623   26.8804
   -7.5000   30.0000   15.000010754.7324   26.4835
    0.0000   30.0000   15.000011069.6465   26.5433
    7.5000   30.0000   15.000010666.0264   26.5727
   -7.5000   37.5000   15.0000 9957.6982   26.4580
    0.0000   37.5000   15.000010273.1494   26.5079
    7.5000   37.5000   15.0000 9858.3525   26.5279
   -7.5000   45.0000   15.0000 8774.3008   25.7971
    0.0000   45.0000   15.0000 9031.2910   25.8262
    7.5000   45.0000   15.0000 8675.3818   25.8356
   -7.5000  -45.0000   22.500010929.7637   26.7803
    0.0000  -45.0000   22.500011324.2715   26.8032
    7.5000  -45.0000   22.500010876.0059   26.8100
   -7.5000  -37.5000   22.500011392.5029   26.7548
    0.0000  -37.5000   22.500011838.2959   26.7726
    7.5000  -37.5000   22.500011358.1836   26.7756
   -7.5000  -30.0000   22.500012154.9717   26.7614
    0.0000  -30.0000   22.500012617.8877   26.7940
    7.5000  -30.0000   22.500012121.9258   26.8113
   -7.5000  -22.5000   22.500012770.2119   26.8033
    0.0000  -22.5000   22.500013239.0693   26.8541
    7.5000  -22.5000   22.500012771.9346   26.8864
   -7.5000  -15.0000   22.500013394.1729   26.8470
    0.0000  -15.0000   22.500013890.5791   26.8995
    7.5000  -15.0000   22.500013423.9072   26.9305
   -7.5000   -7.5000   22.500014062.8896   26.8305
    0.0000   -7.5000   22.500014649.3145   26.8702
    7.5000   -7.5000   22.500014023.7998   26.8900
   -7.5000    0.0000   22.500014583.5605   26.7803
    0.0000    0.0000   22.500015165.4600   26.8032
    7.5000    0.0000   22.500014558.1748   26.8100
   -7.5000    7.5000   22.500013631.5518   26.7548
    0.0000    7.5000   22.500014161.6455   26.7726
    7.5000    7.5000   22.500013631.9932   26.7756
   -7.5000   15.0000   22.500012585.0654   26.7614
    0.0000   15.0000   22.500012999.0596   26.7940
    7.5000   15.0000   22.500012531.6348   26.8113
   -7.5000   22.5000   22.500011453.3594   26.7910
    0.0000   22.5000   22.500011799.0615   26.8417
    7.5000   22.5000   22.500011345.7822   26.8740
   -7.5000   30.0000   22.500010198.9834   26.4996
    0.0000   30.0000   22.500010494.0273   26.5514
    7.5000   30.0000   22.500010151.1602   26.5820
   -7.5000   37.5000   22.5000 9404.3125   26.4833
    0.0000   37.5000   22.5000 9692.2461   26.5224
    7.5000   37.5000   22.5000 9363.3213   26.5420
   -7.5000   45.0000   22.5000 8297.6885   25.8131
    0.0000   45.0000   22.5000 8538.1865   25.8352
    7.5000   45.0000   22.5000 8247.6133   25.8418
   -7.5000  -45.0000   30.000010263.7012   26.8078
    0.0000  -45.0000   30.000010707.8486   26.8280
    7.5000  -45.0000   30.000010195.8311   26.8347
   -7.5000  -37.5000   30.000010735.2021   26.7708
    0.0000  -37.5000   30.000011202.4141   26.7879
    7.5000  -37.5000   30.000010668.7686   26.7955
   -7.5000  -30.0000   30.000011484.7510   26.7768
    0.0000  -30.0000   30.000011937.7021   26.8044
    7.5000  -30.0000   30.000011398.4609   26.8271
   -7.5000  -22.5000   30.000012123.1660   26.8312
    0.0000  -22.5000   30.000012576.7881   26.8688
    7.5000  -22.5000   30.000012047.7734   26.9033
   -7.5000  -15.0000   30.000012696.9414   26.8868
    0.0000  -15.0000   30.000013151.7754   26.9217
    7.5000  -15.0000   30.000012639.9336   26.9503
   -7.5000   -7.5000   30.000013282.7295   26.8693
    0.0000   -7.5000   30.000013809.8965   26.8974
    7.5000   -7.5000   30.000013200.0205   26.9134
   -7.5000    0.0000   30.000013752.2246   26.8078
    0.0000    0.0000   30.000014294.7666   26.8280
    7.5000    0.0000   30.000013687.9756   26.8347
   -7.5000    7.5000   30.000012903.5664   26.7708
    0.0000    7.5000   30.000013408.8115   26.7879
    7.5000    7.5000   30.000012846.6230   26.7955
   -7.5000   15.0000   30.000011880.5254   26.7768
    0.0000   15.0000   30.000012288.2588   26.8044
    7.5000   15.0000   30.000011784.1113   26.8271
   -7.5000   22.5000   30.000010771.0303   26.8189
    0.0000   22.5000   30.000011128.6035   26.8564
    7.5000   22.5000   30.000010659.9258   26.8910
   -7.5000   30.0000   30.0000 9594.5869   26.5388
    0.0000   30.0000   30.0000 9901.9629   26.5733
    7.5000   30.0000   30.0000 9507.4561   26.6016
   -7.5000   37.5000   30.0000 8828.5547   26.5215
    0.0000   37.5000   30.0000 9117.7344   26.5493
    7.5000   37.5000   30.0000 8741.8096   26.5651
   -7.5000   45.0000   30.0000 7759.5908   25.8397
    0.0000   45.0000   30.0000 8010.4971   25.8591
    7.5000   45.0000   30.0000 7698.0547   25.8656
   -7.5000  -45.0000   37.5000 9976.8975   26.9220
    0.0000  -45.0000   37.500010418.8232   26.9476
    7.5000  -45.0000   37.5000 9908.8320   26.9552
   -7.5000  -37.5000   37.500010435.0049   26.8966
    0.0000  -37.5000   37.500010887.2646   26.9159
    7.5000  -37.5000   37.500010326.4512   26.9308
   -7.5000  -30.0000   37.500011169.1826   26.9205
    0.0000  -30.0000   37.500011618.7520   26.9408
    7.5000  -30.0000   37.500011020.8906   26.9704
   -7.5000  -22.5000   37.500011782.8311   26.9762
    0.0000  -22.5000   37.500012244.5244   27.0003
    7.5000  -22.5000   37.500011651.0742   27.0357
   -7.5000  -15.0000   37.500012343.6094   27.0158
    0.0000  -15.0000   37.500012829.8350   27.0412
    7.5000  -15.0000   37.500012231.0635   27.0650
   -7.5000   -7.5000   37.500012840.7900   26.9856
    0.0000   -7.5000   37.500013363.2021   27.0135
    7.5000   -7.5000   37.500012744.8311   27.0241
   -7.5000    0.0000   37.500013310.8936   26.9220
    0.0000    0.0000   37.500013857.0469   26.9476
    7.5000    0.0000   37.500013210.1738   26.9552
   -7.5000    7.5000   37.500012510.4814   26.8966
    0.0000    7.5000   37.500013000.0928   26.9159
    7.5000    7.5000   37.500012454.6787   26.9308
   -7.5000   15.0000   37.500011503.3496   26.9205
    0.0000   15.0000   37.500011909.8164   26.9408
    7.5000   15.0000   37.500011435.0557   26.9704
   -7.5000   22.5000   37.500010445.2021   26.9638
    0.0000   22.5000   37.500010801.1123   26.9878
    7.5000   22.5000   37.500010349.1143   27.0233
   -7.5000   30.0000   37.5000 9313.0938   26.6662
    0.0000   30.0000   37.5000 9631.3486   26.6913
    7.5000   30.0000   37.5000 9219.7998   26.7147
   -7.5000   37.5000   37.5000 8572.8350   26.6364
    0.0000   37.5000   37.5000 8864.3301   26.6639
    7.5000   37.5000   37.5000 8488.2334   26.6744
   -7.5000   45.0000   37.5000 7510.0317   25.9497
    0.0000   45.0000   37.5000 7768.5391   25.9744
    7.5000   45.0000   37.5000 7459.6226   25.9817
   -7.5000  -45.0000   45.0000 9184.7275   26.9887
    0.0000  -45.0000   45.0000 9608.0723   27.0233
    7.5000  -45.0000   45.0000 9116.6787   27.0321
   -7.5000  -37.5000   45.0000 9587.1406   26.9805
    0.0000  -37.5000   45.000010015.1260   27.0032
    7.5000  -37.5000   45.0000 9487.3857   27.0220
   -7.5000  -30.0000   45.000010272.2002   27.0199
    0.0000  -30.0000   45.000010696.4004   27.0389
    7.5000  -30.0000   45.000010134.0137   27.0694
   -7.5000  -22.5000   45.000010853.1602   27.0678
    0.0000  -22.5000   45.000011288.6289   27.0930
    7.5000  -22.5000   45.000010714.5732   27.1247
   -7.5000  -15.0000   45.000011348.0938   27.0853
    0.0000  -15.0000   45.000011823.9795   27.1198
    7.5000  -15.0000   45.000011220.6016   27.1379
   -7.5000   -7.5000   45.000011820.9307   27.0458
    0.0000   -7.5000   45.000012295.7871   27.0860
    7.5000   -7.5000   45.000011720.7188   27.0928
   -7.5000    0.0000   45.000012249.5352   26.9887
    0.0000    0.0000   45.000012725.5479   27.0233
    7.5000    0.0000   45.000012171.2715   27.0321
   -7.5000    7.5000   45.000011542.2207   26.9805
    0.0000    7.5000   45.000011993.9131   27.0032
    7.5000    7.5000   45.000011490.9395   27.0220
   -7.5000   15.0000   45.000010595.7285   27.0199
    0.0000   15.0000   45.000010963.1562   27.0389
    7.5000   15.0000   45.000010506.1885   27.0694
   -7.5000   22.5000   45.0000 9612.9619   27.0552
    0.0000   22.5000   45.0000 9921.6494   27.0804
    7.5000   22.5000   45.0000 9508.7754   27.1122
   -7.5000   30.0000   45.0000 8579.5576   26.7325
    0.0000   30.0000   45.0000 8881.1670   26.7665
    7.5000   30.0000   45.0000 8511.9277   26.7844
   -7.5000   37.5000   45.0000 7909.5928   26.6935
    0.0000   37.5000   45.0000 8194.6934   26.7331
    7.5000   37.5000   45.0000 7848.7202   26.7398
   -7.5000   45.0000   45.0000 6948.7534   26.0258
    0.0000   45.0000   45.0000 7205.3223   26.0592
    7.5000   45.0000   45.0000 6902.6660   26.0677

---------------------------------------------------------------------
imgreg_4dfp /opt/freesurfer/average/711-2C_as_mni_average_305 /opt/freesurfer/average/711-2B_as_mni_average_305_mask talsrcimg_g11 none talsrcimg_to_711-2C_as_mni_average_305_t4 4355
---------------------------------------------------------------------

freesurfer imgreg_4dfp.c
/opt/freesurfer/average/711-2C_as_mni_average_305.4dfp.img
       256       256       256         1
  1.000000  1.000000  1.000000
orientation T byte_order littleendian
Reading image: /opt/freesurfer/average/711-2C_as_mni_average_305.4dfp.img
dimensions:      256       256       256
mmppix:       1.0000   -1.0000   -1.0000
center:     128.0000 -129.0000 -129.0000
/opt/freesurfer/average/711-2B_as_mni_average_305_mask.4dfp.img
       256       256       256         1
  1.000000  1.000000  1.000000
orientation T byte_order littleendian
Reading mask: /opt/freesurfer/average/711-2B_as_mni_average_305_mask.4dfp.img (2306576 pixels)
talsrcimg_g11.4dfp.img
       256       256       256         1
  1.000000  1.000000  1.000000
orientation T byte_order littleendian
Reading image: talsrcimg_g11.4dfp.img
dimensions:      256       256       256
mmppix:       1.0000   -1.0000   -1.0000
center:     128.0000 -129.0000 -129.0000
rotation matrix determinant  1.000000
image alignment mode   4355 decimal     1103 hex
   -7.5000  -45.0000  -45.0000 2090.1265   24.2955
    0.0000  -45.0000  -45.0000 2099.8135   24.2746
    7.5000  -45.0000  -45.0000 2076.3257   24.5427
   -7.5000  -37.5000  -45.0000 2153.4956   23.0063
    0.0000  -37.5000  -45.0000 2165.9941   23.0183
    7.5000  -37.5000  -45.0000 2137.6836   23.2891
   -7.5000  -30.0000  -45.0000 2181.9470   22.2786
    0.0000  -30.0000  -45.0000 2197.5024   22.1546
    7.5000  -30.0000  -45.0000 2161.8938   22.4476
   -7.5000  -22.5000  -45.0000 2186.7083   21.8515
    0.0000  -22.5000  -45.0000 2203.2820   21.7397
    7.5000  -22.5000  -45.0000 2170.5703   22.0712
   -7.5000  -15.0000  -45.0000 2180.5461   21.8856
    0.0000  -15.0000  -45.0000 2193.8306   21.7362
    7.5000  -15.0000  -45.0000 2167.5344   22.1130
   -7.5000   -7.5000  -45.0000 2163.9902   22.2908
    0.0000   -7.5000  -45.0000 2173.7957   22.1693
    7.5000   -7.5000  -45.0000 2145.3816   22.5992
   -7.5000    0.0000  -45.0000 2116.1655   23.2424
    0.0000    0.0000  -45.0000 2132.5149   23.0623
    7.5000    0.0000  -45.0000 2104.0449   23.5224
   -7.5000    7.5000  -45.0000 2064.6299   24.5639
    0.0000    7.5000  -45.0000 2079.7241   24.3665
    7.5000    7.5000  -45.0000 2047.9910   24.8258
   -7.5000   15.0000  -45.0000 1995.2582   26.3489
    0.0000   15.0000  -45.0000 2011.7272   26.1490
    7.5000   15.0000  -45.0000 1976.6741   26.6312
   -7.5000   22.5000  -45.0000 1904.2430   28.5725
    0.0000   22.5000  -45.0000 1914.2661   28.4673
    7.5000   22.5000  -45.0000 1882.4384   29.0006
   -7.5000   30.0000  -45.0000 1788.8848   31.8242
    0.0000   30.0000  -45.0000 1803.0740   31.6072
    7.5000   30.0000  -45.0000 1778.2385   32.3474
   -7.5000   37.5000  -45.0000 1672.3396   36.4709
    0.0000   37.5000  -45.0000 1680.7666   36.3486
    7.5000   37.5000  -45.0000 1664.5957   36.9856
   -7.5000   45.0000  -45.0000 1550.9009   43.1587
    0.0000   45.0000  -45.0000 1553.5243   43.0618
    7.5000   45.0000  -45.0000 1535.4631   43.7308
   -7.5000  -45.0000  -37.5000 2192.2891   22.2929
    0.0000  -45.0000  -37.5000 2201.2214   22.2418
    7.5000  -45.0000  -37.5000 2172.4077   22.5560
   -7.5000  -37.5000  -37.5000 2256.0112   21.1020
    0.0000  -37.5000  -37.5000 2271.6572   21.0413
    7.5000  -37.5000  -37.5000 2238.0159   21.3454
   -7.5000  -30.0000  -37.5000 2286.1233   20.4099
    0.0000  -30.0000  -37.5000 2297.3630   20.3055
    7.5000  -30.0000  -37.5000 2267.7288   20.6273
   -7.5000  -22.5000  -37.5000 2289.2063   20.0828
    0.0000  -22.5000  -37.5000 2306.9812   20.0209
    7.5000  -22.5000  -37.5000 2277.0356   20.3402
   -7.5000  -15.0000  -37.5000 2284.9565   20.1582
    0.0000  -15.0000  -37.5000 2299.0955   20.0712
    7.5000  -15.0000  -37.5000 2269.1802   20.3757
   -7.5000   -7.5000  -37.5000 2261.9316   20.5119
    0.0000   -7.5000  -37.5000 2273.2822   20.4005
    7.5000   -7.5000  -37.5000 2245.4226   20.7344
   -7.5000    0.0000  -37.5000 2219.9099   21.3167
    0.0000    0.0000  -37.5000 2237.1240   21.1833
    7.5000    0.0000  -37.5000 2201.0332   21.5659
   -7.5000    7.5000  -37.5000 2164.5630   22.5373
    0.0000    7.5000  -37.5000 2182.1636   22.3878
    7.5000    7.5000  -37.5000 2145.0845   22.7997
   -7.5000   15.0000  -37.5000 2090.7571   24.1986
    0.0000   15.0000  -37.5000 2104.4897   23.9813
    7.5000   15.0000  -37.5000 2063.6050   24.4643
   -7.5000   22.5000  -37.5000 1989.4775   26.3123
    0.0000   22.5000  -37.5000 2004.2339   26.1146
    7.5000   22.5000  -37.5000 1965.7854   26.6538
   -7.5000   30.0000  -37.5000 1872.5927   29.2320
    0.0000   30.0000  -37.5000 1885.5759   29.0474
    7.5000   30.0000  -37.5000 1849.8544   29.5923
   -7.5000   37.5000  -37.5000 1750.6433   33.2543
    0.0000   37.5000  -37.5000 1762.8499   33.1407
    7.5000   37.5000  -37.5000 1731.4764   33.6843
   -7.5000   45.0000  -37.5000 1614.5983   39.1872
    0.0000   45.0000  -37.5000 1624.1329   39.0479
    7.5000   45.0000  -37.5000 1600.3467   39.7059
   -7.5000  -45.0000  -30.0000 2324.3157   21.0808
    0.0000  -45.0000  -30.0000 2331.2527   21.0375
    7.5000  -45.0000  -30.0000 2300.6296   21.3776
   -7.5000  -37.5000  -30.0000 2393.8892   19.9786
    0.0000  -37.5000  -30.0000 2404.2324   19.9111
    7.5000  -37.5000  -30.0000 2367.9509   20.1956
   -7.5000  -30.0000  -30.0000 2426.3291   19.3137
    0.0000  -30.0000  -30.0000 2441.1348   19.2323
    7.5000  -30.0000  -30.0000 2401.8103   19.5071
   -7.5000  -22.5000  -30.0000 2440.5498   18.9996
    0.0000  -22.5000  -30.0000 2461.5723   18.9228
    7.5000  -22.5000  -30.0000 2423.8762   19.2534
   -7.5000  -15.0000  -30.0000 2435.5679   19.0841
    0.0000  -15.0000  -30.0000 2454.7031   19.0380
    7.5000  -15.0000  -30.0000 2415.9143   19.3387
   -7.5000   -7.5000  -30.0000 2411.7678   19.4792
    0.0000   -7.5000  -30.0000 2426.5525   19.4011
    7.5000   -7.5000  -30.0000 2391.9731   19.6697
   -7.5000    0.0000  -30.0000 2371.9158   20.2705
    0.0000    0.0000  -30.0000 2387.4580   20.0953
    7.5000    0.0000  -30.0000 2346.8442   20.4619
   -7.5000    7.5000  -30.0000 2306.9270   21.4676
    0.0000    7.5000  -30.0000 2329.2783   21.2786
    7.5000    7.5000  -30.0000 2286.0291   21.6311
   -7.5000   15.0000  -30.0000 2220.8252   23.0460
    0.0000   15.0000  -30.0000 2238.1426   22.8559
    7.5000   15.0000  -30.0000 2196.2744   23.2687
   -7.5000   22.5000  -30.0000 2114.1387   25.0458
    0.0000   22.5000  -30.0000 2128.5447   24.8519
    7.5000   22.5000  -30.0000 2086.8816   25.3629
   -7.5000   30.0000  -30.0000 1986.7744   27.7755
    0.0000   30.0000  -30.0000 2004.2648   27.6133
    7.5000   30.0000  -30.0000 1964.6888   28.0824
   -7.5000   37.5000  -30.0000 1862.2699   31.5323
    0.0000   37.5000  -30.0000 1879.8783   31.4122
    7.5000   37.5000  -30.0000 1840.5820   31.8941
   -7.5000   45.0000  -30.0000 1711.2825   36.9056
    0.0000   45.0000  -30.0000 1720.0521   36.7591
    7.5000   45.0000  -30.0000 1697.2854   37.3324
   -7.5000  -45.0000  -22.5000 2425.5190   19.8617
    0.0000  -45.0000  -22.5000 2425.6802   19.7330
    7.5000  -45.0000  -22.5000 2395.7844   20.1075
   -7.5000  -37.5000  -22.5000 2499.6887   18.7198
    0.0000  -37.5000  -22.5000 2510.6733   18.6224
    7.5000  -37.5000  -22.5000 2474.1648   18.8912
   -7.5000  -30.0000  -22.5000 2543.9373   18.0975
    0.0000  -30.0000  -22.5000 2560.3052   18.0078
    7.5000  -30.0000  -22.5000 2518.9929   18.2520
   -7.5000  -22.5000  -22.5000 2569.3826   17.8004
    0.0000  -22.5000  -22.5000 2585.9741   17.7415
    7.5000  -22.5000  -22.5000 2545.1428   18.0177
   -7.5000  -15.0000  -22.5000 2573.9082   17.8772
    0.0000  -15.0000  -22.5000 2596.3247   17.8207
    7.5000  -15.0000  -22.5000 2545.4087   18.0804
   -7.5000   -7.5000  -22.5000 2554.9287   18.3273
    0.0000   -7.5000  -22.5000 2571.5654   18.2052
    7.5000   -7.5000  -22.5000 2528.0242   18.5236
   -7.5000    0.0000  -22.5000 2503.1472   19.0930
    0.0000    0.0000  -22.5000 2521.8479   18.9658
    7.5000    0.0000  -22.5000 2479.7961   19.2782
   -7.5000    7.5000  -22.5000 2435.3057   20.2715
    0.0000    7.5000  -22.5000 2460.0864   20.1025
    7.5000    7.5000  -22.5000 2412.3826   20.4082
   -7.5000   15.0000  -22.5000 2336.9700   21.7721
    0.0000   15.0000  -22.5000 2355.7896   21.5930
    7.5000   15.0000  -22.5000 2315.5759   21.9268
   -7.5000   22.5000  -22.5000 2220.9312   23.6920
    0.0000   22.5000  -22.5000 2236.8059   23.5240
    7.5000   22.5000  -22.5000 2200.5242   23.9109
   -7.5000   30.0000  -22.5000 2082.5171   26.2863
    0.0000   30.0000  -22.5000 2099.6633   26.0994
    7.5000   30.0000  -22.5000 2064.5793   26.5510
   -7.5000   37.5000  -22.5000 1948.6206   29.8320
    0.0000   37.5000  -22.5000 1961.0509   29.5887
    7.5000   37.5000  -22.5000 1928.1812   30.1195
   -7.5000   45.0000  -22.5000 1786.8021   34.7009
    0.0000   45.0000  -22.5000 1797.1576   34.3842
    7.5000   45.0000  -22.5000 1771.1637   35.0095
   -7.5000  -45.0000  -15.0000 2489.5396   18.7945
    0.0000  -45.0000  -15.0000 2497.7285   18.7045
    7.5000  -45.0000  -15.0000 2462.6682   19.0775
   -7.5000  -37.5000  -15.0000 2578.8311   17.5897
    0.0000  -37.5000  -15.0000 2589.1487   17.5403
    7.5000  -37.5000  -15.0000 2553.3042   17.8489
   -7.5000  -30.0000  -15.0000 2630.2971   16.9002
    0.0000  -30.0000  -15.0000 2644.9426   16.8675
    7.5000  -30.0000  -15.0000 2609.6235   17.1520
   -7.5000  -22.5000  -15.0000 2674.1719   16.6683
    0.0000  -22.5000  -15.0000 2687.2617   16.5850
    7.5000  -22.5000  -15.0000 2641.0481   16.8827
   -7.5000  -15.0000  -15.0000 2679.2830   16.7117
    0.0000  -15.0000  -15.0000 2703.5935   16.6478
    7.5000  -15.0000  -15.0000 2650.1128   16.9529
   -7.5000   -7.5000  -15.0000 2665.9060   17.2130
    0.0000   -7.5000  -15.0000 2688.1897   17.1318
    7.5000   -7.5000  -15.0000 2630.7820   17.3831
   -7.5000    0.0000  -15.0000 2617.0276   18.0145
    0.0000    0.0000  -15.0000 2640.2456   17.8820
    7.5000    0.0000  -15.0000 2587.4282   18.1753
   -7.5000    7.5000  -15.0000 2542.6265   19.1174
    0.0000    7.5000  -15.0000 2566.0242   18.9857
    7.5000    7.5000  -15.0000 2514.3494   19.2953
   -7.5000   15.0000  -15.0000 2431.5793   20.5534
    0.0000   15.0000  -15.0000 2453.6599   20.3952
    7.5000   15.0000  -15.0000 2407.4795   20.7323
   -7.5000   22.5000  -15.0000 2302.1709   22.4263
    0.0000   22.5000  -15.0000 2320.1982   22.2634
    7.5000   22.5000  -15.0000 2284.3787   22.6168
   -7.5000   30.0000  -15.0000 2154.8362   24.9705
    0.0000   30.0000  -15.0000 2172.8503   24.7829
    7.5000   30.0000  -15.0000 2139.5271   25.1973
   -7.5000   37.5000  -15.0000 2009.8417   28.3114
    0.0000   37.5000  -15.0000 2024.3827   28.0655
    7.5000   37.5000  -15.0000 1991.5504   28.5155
   -7.5000   45.0000  -15.0000 1843.4810   32.8035
    0.0000   45.0000  -15.0000 1858.9913   32.4860
    7.5000   45.0000  -15.0000 1828.5969   32.9939
   -7.5000  -45.0000   -7.5000 2541.8455   17.8930
    0.0000  -45.0000   -7.5000 2549.3823   17.7891
    7.5000  -45.0000   -7.5000 2518.1797   18.2680
   -7.5000  -37.5000   -7.5000 2640.7192   16.6693
    0.0000  -37.5000   -7.5000 2653.6855   16.5641
    7.5000  -37.5000   -7.5000 2615.5244   17.0118
   -7.5000  -30.0000   -7.5000 2712.2983   15.9430
    0.0000  -30.0000   -7.5000 2726.0818   15.8512
    7.5000  -30.0000   -7.5000 2688.0576   16.2686
   -7.5000  -22.5000   -7.5000 2761.5913   15.6521
    0.0000  -22.5000   -7.5000 2777.5474   15.6004
    7.5000  -22.5000   -7.5000 2729.2593   15.9561
   -7.5000  -15.0000   -7.5000 2777.8215   15.6956
    0.0000  -15.0000   -7.5000 2804.4558   15.6141
    7.5000  -15.0000   -7.5000 2743.8879   15.9731
   -7.5000   -7.5000   -7.5000 2763.8638   16.1794
    0.0000   -7.5000   -7.5000 2788.0654   16.0845
    7.5000   -7.5000   -7.5000 2720.5310   16.4035
   -7.5000    0.0000   -7.5000 2706.6152   16.9833
    0.0000    0.0000   -7.5000 2731.4097   16.9074
    7.5000    0.0000   -7.5000 2672.5762   17.1893
   -7.5000    7.5000   -7.5000 2621.2002   18.0860
    0.0000    7.5000   -7.5000 2645.7776   17.9823
    7.5000    7.5000   -7.5000 2593.8906   18.2597
   -7.5000   15.0000   -7.5000 2500.1970   19.4676
    0.0000   15.0000   -7.5000 2521.0793   19.3817
    7.5000   15.0000   -7.5000 2473.4451   19.6845
   -7.5000   22.5000   -7.5000 2361.2581   21.3718
    0.0000   22.5000   -7.5000 2385.4482   21.2917
    7.5000   22.5000   -7.5000 2341.8430   21.6149
   -7.5000   30.0000   -7.5000 2212.0298   23.8658
    0.0000   30.0000   -7.5000 2232.8533   23.7388
    7.5000   30.0000   -7.5000 2193.3274   24.0827
   -7.5000   37.5000   -7.5000 2058.7097   26.9911
    0.0000   37.5000   -7.5000 2073.5933   26.8171
    7.5000   37.5000   -7.5000 2032.9175   27.1894
   -7.5000   45.0000   -7.5000 1881.5739   31.2230
    0.0000   45.0000   -7.5000 1902.5270   31.0365
    7.5000   45.0000   -7.5000 1868.0757   31.4904
   -7.5000  -45.0000    0.0000 2570.0557   17.2162
    0.0000  -45.0000    0.0000 2575.1782   17.1147
    7.5000  -45.0000    0.0000 2545.4653   17.6822
   -7.5000  -37.5000    0.0000 2680.7405   16.0154
    0.0000  -37.5000    0.0000 2690.9561   15.9015
    7.5000  -37.5000    0.0000 2655.7119   16.3969
   -7.5000  -30.0000    0.0000 2774.3010   15.2524
    0.0000  -30.0000    0.0000 2793.5693   15.1399
    7.5000  -30.0000    0.0000 2746.9143   15.6263
   -7.5000  -22.5000    0.0000 2840.4231   14.8912
    0.0000  -22.5000    0.0000 2863.3950   14.8227
    7.5000  -22.5000    0.0000 2797.6453   15.2325
   -7.5000  -15.0000    0.0000 2866.1963   14.9160
    0.0000  -15.0000    0.0000 2894.4082   14.8615
    7.5000  -15.0000    0.0000 2822.3992   15.2167
   -7.5000   -7.5000    0.0000 2847.9580   15.3808
    0.0000   -7.5000    0.0000 2876.6311   15.3307
    7.5000   -7.5000    0.0000 2800.3318   15.6569
   -7.5000    0.0000    0.0000 2776.5371   16.1692
    0.0000    0.0000    0.0000 2801.3140   16.1374
    7.5000    0.0000    0.0000 2745.6438   16.4157
   -7.5000    7.5000    0.0000 2676.6052   17.3088
    0.0000    7.5000    0.0000 2701.5452   17.2168
    7.5000    7.5000    0.0000 2649.9014   17.5100
   -7.5000   15.0000    0.0000 2547.9700   18.7604
    0.0000   15.0000    0.0000 2572.5559   18.6774
    7.5000   15.0000    0.0000 2522.6313   19.0286
   -7.5000   22.5000    0.0000 2402.5085   20.6717
    0.0000   22.5000    0.0000 2425.9111   20.6058
    7.5000   22.5000    0.0000 2381.6748   20.9531
   -7.5000   30.0000    0.0000 2251.8477   23.0772
    0.0000   30.0000    0.0000 2269.5586   23.0020
    7.5000   30.0000    0.0000 2224.7715   23.3720
   -7.5000   37.5000    0.0000 2083.9880   26.1399
    0.0000   37.5000    0.0000 2100.5352   26.0038
    7.5000   37.5000    0.0000 2055.5847   26.4147
   -7.5000   45.0000    0.0000 1907.4861   30.1702
    0.0000   45.0000    0.0000 1926.8262   30.0009
    7.5000   45.0000    0.0000 1890.8619   30.4290
   -7.5000  -45.0000    7.5000 2579.3181   16.8536
    0.0000  -45.0000    7.5000 2584.3320   16.7271
    7.5000  -45.0000    7.5000 2552.1877   17.3129
   -7.5000  -37.5000    7.5000 2696.8616   15.6216
    0.0000  -37.5000    7.5000 2711.2524   15.5102
    7.5000  -37.5000    7.5000 2668.9905   16.0376
   -7.5000  -30.0000    7.5000 2799.1382   14.8901
    0.0000  -30.0000    7.5000 2824.3008   14.7374
    7.5000  -30.0000    7.5000 2771.5967   15.2110
   -7.5000  -22.5000    7.5000 2897.6843   14.4256
    0.0000  -22.5000    7.5000 2931.4675   14.2996
    7.5000  -22.5000    7.5000 2845.0837   14.7802
   -7.5000  -15.0000    7.5000 2939.8921   14.3264
    0.0000  -15.0000    7.5000 2970.2627   14.2366
    7.5000  -15.0000    7.5000 2880.0627   14.7396
   -7.5000   -7.5000    7.5000 2911.3174   14.8706
    0.0000   -7.5000    7.5000 2943.2021   14.7773
    7.5000   -7.5000    7.5000 2860.5051   15.2356
   -7.5000    0.0000    7.5000 2822.0334   15.7496
    0.0000    0.0000    7.5000 2848.3635   15.6623
    7.5000    0.0000    7.5000 2789.6465   16.0438
   -7.5000    7.5000    7.5000 2707.5417   16.9103
    0.0000    7.5000    7.5000 2732.9551   16.7889
    7.5000    7.5000    7.5000 2684.0913   17.1125
   -7.5000   15.0000    7.5000 2574.1724   18.3759
    0.0000   15.0000    7.5000 2602.9070   18.2523
    7.5000   15.0000    7.5000 2550.0867   18.6047
   -7.5000   22.5000    7.5000 2429.9304   20.2975
    0.0000   22.5000    7.5000 2452.5232   20.2060
    7.5000   22.5000    7.5000 2404.7429   20.5680
   -7.5000   30.0000    7.5000 2266.0879   22.6584
    0.0000   30.0000    7.5000 2282.6814   22.5783
    7.5000   30.0000    7.5000 2240.4336   22.9411
   -7.5000   37.5000    7.5000 2096.2173   25.6366
    0.0000   37.5000    7.5000 2113.4565   25.4902
    7.5000   37.5000    7.5000 2077.1741   25.9065
   -7.5000   45.0000    7.5000 1921.2590   29.5623
    0.0000   45.0000    7.5000 1936.3678   29.3191
    7.5000   45.0000    7.5000 1902.8729   29.7441
   -7.5000  -45.0000   15.0000 2569.4802   16.8129
    0.0000  -45.0000   15.0000 2573.5503   16.6808
    7.5000  -45.0000   15.0000 2539.6343   17.2432
   -7.5000  -37.5000   15.0000 2690.3223   15.5579
    0.0000  -37.5000   15.0000 2706.4888   15.4071
    7.5000  -37.5000   15.0000 2662.5251   15.9264
   -7.5000  -30.0000   15.0000 2797.5449   14.7657
    0.0000  -30.0000   15.0000 2820.6890   14.6163
    7.5000  -30.0000   15.0000 2768.3674   15.0856
   -7.5000  -22.5000   15.0000 2893.8943   14.3047
    0.0000  -22.5000   15.0000 2925.0984   14.1566
    7.5000  -22.5000   15.0000 2853.1365   14.5935
   -7.5000  -15.0000   15.0000 2940.5205   14.2206
    0.0000  -15.0000   15.0000 2974.1638   14.0868
    7.5000  -15.0000   15.0000 2892.8159   14.6016
   -7.5000   -7.5000   15.0000 2925.6741   14.7319
    0.0000   -7.5000   15.0000 2963.5498   14.6165
    7.5000   -7.5000   15.0000 2879.3459   15.0409
   -7.5000    0.0000   15.0000 2832.5879   15.6381
    0.0000    0.0000   15.0000 2862.9561   15.5184
    7.5000    0.0000   15.0000 2801.1240   15.8241
   -7.5000    7.5000   15.0000 2712.6904   16.7819
    0.0000    7.5000   15.0000 2741.1746   16.6363
    7.5000    7.5000   15.0000 2691.5227   16.9153
   -7.5000   15.0000   15.0000 2580.2441   18.2694
    0.0000   15.0000   15.0000 2597.9810   18.1236
    7.5000   15.0000   15.0000 2555.4031   18.4117
   -7.5000   22.5000   15.0000 2433.6765   20.1382
    0.0000   22.5000   15.0000 2449.9993   20.0212
    7.5000   22.5000   15.0000 2406.9790   20.3852
   -7.5000   30.0000   15.0000 2266.9470   22.4988
    0.0000   30.0000   15.0000 2284.7722   22.3958
    7.5000   30.0000   15.0000 2244.1099   22.7898
   -7.5000   37.5000   15.0000 2092.4058   25.3886
    0.0000   37.5000   15.0000 2113.3728   25.2926
    7.5000   37.5000   15.0000 2073.3206   25.6836
   -7.5000   45.0000   15.0000 1916.3499   29.1400
    0.0000   45.0000   15.0000 1926.6937   28.9746
    7.5000   45.0000   15.0000 1900.6449   29.4322
   -7.5000  -45.0000   22.5000 2541.8931   17.1332
    0.0000  -45.0000   22.5000 2549.7200   16.9875
    7.5000  -45.0000   22.5000 2511.0078   17.5138
   -7.5000  -37.5000   22.5000 2662.9490   15.8599
    0.0000  -37.5000   22.5000 2678.8594   15.7503
    7.5000  -37.5000   22.5000 2632.4309   16.1992
   -7.5000  -30.0000   22.5000 2764.7410   15.0449
    0.0000  -30.0000   22.5000 2782.4871   14.9308
    7.5000  -30.0000   22.5000 2733.0518   15.3457
   -7.5000  -22.5000   22.5000 2846.3706   14.5704
    0.0000  -22.5000   22.5000 2869.9236   14.4415
    7.5000  -22.5000   22.5000 2814.1294   14.9041
   -7.5000  -15.0000   22.5000 2894.0320   14.5813
    0.0000  -15.0000   22.5000 2917.8657   14.4521
    7.5000  -15.0000   22.5000 2859.6421   14.8885
   -7.5000   -7.5000   22.5000 2882.0525   14.9484
    0.0000   -7.5000   22.5000 2920.7854   14.8662
    7.5000   -7.5000   22.5000 2839.2170   15.2330
   -7.5000    0.0000   22.5000 2805.7244   15.7895
    0.0000    0.0000   22.5000 2833.3223   15.7271
    7.5000    0.0000   22.5000 2768.0515   16.0099
   -7.5000    7.5000   22.5000 2688.8125   16.9525
    0.0000    7.5000   22.5000 2714.5415   16.8395
    7.5000    7.5000   22.5000 2665.9849   17.1472
   -7.5000   15.0000   22.5000 2554.0449   18.3842
    0.0000   15.0000   22.5000 2572.1931   18.2682
    7.5000   15.0000   22.5000 2534.4019   18.5905
   -7.5000   22.5000   22.5000 2414.8689   20.2350
    0.0000   22.5000   22.5000 2434.3687   20.1185
    7.5000   22.5000   22.5000 2392.7651   20.4884
   -7.5000   30.0000   22.5000 2250.1313   22.5353
    0.0000   30.0000   22.5000 2263.2295   22.3970
    7.5000   30.0000   22.5000 2229.4902   22.8328
   -7.5000   37.5000   22.5000 2082.2837   25.3910
    0.0000   37.5000   22.5000 2098.1770   25.2240
    7.5000   37.5000   22.5000 2061.7517   25.7035
   -7.5000   45.0000   22.5000 1905.3778   29.1478
    0.0000   45.0000   22.5000 1918.9166   28.9086
    7.5000   45.0000   22.5000 1892.8706   29.4427
   -7.5000  -45.0000   30.0000 2500.8909   17.7890
    0.0000  -45.0000   30.0000 2519.8557   17.6976
    7.5000  -45.0000   30.0000 2465.9644   18.1412
   -7.5000  -37.5000   30.0000 2619.8379   16.5532
    0.0000  -37.5000   30.0000 2638.5205   16.4844
    7.5000  -37.5000   30.0000 2586.0964   16.8663
   -7.5000  -30.0000   30.0000 2709.7983   15.7107
    0.0000  -30.0000   30.0000 2727.8772   15.6018
    7.5000  -30.0000   30.0000 2675.0515   16.0012
   -7.5000  -22.5000   30.0000 2785.0603   15.2463
    0.0000  -22.5000   30.0000 2801.7278   15.1059
    7.5000  -22.5000   30.0000 2748.2856   15.5292
   -7.5000  -15.0000   30.0000 2811.1670   15.2644
    0.0000  -15.0000   30.0000 2824.9868   15.1306
    7.5000  -15.0000   30.0000 2780.4326   15.4822
   -7.5000   -7.5000   30.0000 2800.3154   15.5575
    0.0000   -7.5000   30.0000 2823.5552   15.4859
    7.5000   -7.5000   30.0000 2763.7939   15.8163
   -7.5000    0.0000   30.0000 2732.4387   16.3232
    0.0000    0.0000   30.0000 2755.2754   16.2442
    7.5000    0.0000   30.0000 2701.7839   16.6069
   -7.5000    7.5000   30.0000 2631.2271   17.4355
    0.0000    7.5000   30.0000 2652.3254   17.3433
    7.5000    7.5000   30.0000 2606.1470   17.6955
   -7.5000   15.0000   30.0000 2508.0798   18.8475
    0.0000   15.0000   30.0000 2526.6912   18.7393
    7.5000   15.0000   30.0000 2488.5713   19.0839
   -7.5000   22.5000   30.0000 2371.5703   20.6303
    0.0000   22.5000   30.0000 2394.3271   20.5036
    7.5000   22.5000   30.0000 2350.8591   20.9147
   -7.5000   30.0000   30.0000 2211.1985   22.8421
    0.0000   30.0000   30.0000 2231.3792   22.6950
    7.5000   30.0000   30.0000 2199.5396   23.1717
   -7.5000   37.5000   30.0000 2054.1174   25.7154
    0.0000   37.5000   30.0000 2069.9443   25.4951
    7.5000   37.5000   30.0000 2036.4482   26.0155
   -7.5000   45.0000   30.0000 1886.6882   29.3279
    0.0000   45.0000   30.0000 1897.9860   29.1572
    7.5000   45.0000   30.0000 1870.3380   29.7312
   -7.5000  -45.0000   37.5000 2455.9138   18.8445
    0.0000  -45.0000   37.5000 2474.9700   18.7431
    7.5000  -45.0000   37.5000 2425.4360   19.1254
   -7.5000  -37.5000   37.5000 2565.4768   17.5714
    0.0000  -37.5000   37.5000 2585.8877   17.4553
    7.5000  -37.5000   37.5000 2531.4277   17.7948
   -7.5000  -30.0000   37.5000 2647.2454   16.6733
    0.0000  -30.0000   37.5000 2670.5764   16.5539
    7.5000  -30.0000   37.5000 2611.4680   16.8587
   -7.5000  -22.5000   37.5000 2705.7546   16.1903
    0.0000  -22.5000   37.5000 2722.3645   16.0735
    7.5000  -22.5000   37.5000 2674.5901   16.3881
   -7.5000  -15.0000   37.5000 2722.4553   16.1475
    0.0000  -15.0000   37.5000 2739.0171   16.0537
    7.5000  -15.0000   37.5000 2695.5190   16.3438
   -7.5000   -7.5000   37.5000 2702.6311   16.3761
    0.0000   -7.5000   37.5000 2720.2449   16.3131
    7.5000   -7.5000   37.5000 2674.8401   16.6072
   -7.5000    0.0000   37.5000 2638.9316   17.1264
    0.0000    0.0000   37.5000 2659.7854   17.0473
    7.5000    0.0000   37.5000 2606.4365   17.3854
   -7.5000    7.5000   37.5000 2550.4507   18.2202
    0.0000    7.5000   37.5000 2567.4673   18.1312
    7.5000    7.5000   37.5000 2528.3438   18.4806
   -7.5000   15.0000   37.5000 2440.0574   19.6479
    0.0000   15.0000   37.5000 2451.9280   19.5571
    7.5000   15.0000   37.5000 2424.0837   19.9393
   -7.5000   22.5000   37.5000 2314.7588   21.3591
    0.0000   22.5000   37.5000 2329.5437   21.2889
    7.5000   22.5000   37.5000 2297.6282   21.7198
   -7.5000   30.0000   37.5000 2167.1484   23.5062
    0.0000   30.0000   37.5000 2183.1055   23.3954
    7.5000   30.0000   37.5000 2153.0200   23.8552
   -7.5000   37.5000   37.5000 2017.9078   26.2871
    0.0000   37.5000   37.5000 2027.8669   26.1533
    7.5000   37.5000   37.5000 1999.0923   26.6535
   -7.5000   45.0000   37.5000 1852.0201   29.8684
    0.0000   45.0000   37.5000 1861.6702   29.7256
    7.5000   45.0000   37.5000 1840.8948   30.3508
   -7.5000  -45.0000   45.0000 2393.1062   20.0418
    0.0000  -45.0000   45.0000 2410.6438   19.9613
    7.5000  -45.0000   45.0000 2369.4231   20.2533
   -7.5000  -37.5000   45.0000 2494.3650   18.7162
    0.0000  -37.5000   45.0000 2512.0452   18.6177
    7.5000  -37.5000   45.0000 2468.7896   18.8648
   -7.5000  -30.0000   45.0000 2571.0156   17.8186
    0.0000  -30.0000   45.0000 2588.7048   17.7019
    7.5000  -30.0000   45.0000 2544.1641   17.9588
   -7.5000  -22.5000   45.0000 2621.7820   17.3610
    0.0000  -22.5000   45.0000 2633.0188   17.2595
    7.5000  -22.5000   45.0000 2593.5645   17.5003
   -7.5000  -15.0000   45.0000 2622.3572   17.2448
    0.0000  -15.0000   45.0000 2642.8513   17.1897
    7.5000  -15.0000   45.0000 2599.2053   17.4103
   -7.5000   -7.5000   45.0000 2602.2417   17.4291
    0.0000   -7.5000   45.0000 2616.9719   17.3456
    7.5000   -7.5000   45.0000 2583.5410   17.6259
   -7.5000    0.0000   45.0000 2538.4597   18.1460
    0.0000    0.0000   45.0000 2550.3250   18.0306
    7.5000    0.0000   45.0000 2519.0398   18.3458
   -7.5000    7.5000   45.0000 2460.0444   19.2504
    0.0000    7.5000   45.0000 2475.9438   19.1178
    7.5000    7.5000   45.0000 2441.7539   19.4204
   -7.5000   15.0000   45.0000 2359.3271   20.6991
    0.0000   15.0000   45.0000 2370.5095   20.5454
    7.5000   15.0000   45.0000 2342.6404   20.8870
   -7.5000   22.5000   45.0000 2245.6724   22.3857
    0.0000   22.5000   45.0000 2254.2053   22.2314
    7.5000   22.5000   45.0000 2227.3132   22.6337
   -7.5000   30.0000   45.0000 2104.4453   24.5102
    0.0000   30.0000   45.0000 2116.4980   24.4117
    7.5000   30.0000   45.0000 2091.6807   24.8083
   -7.5000   37.5000   45.0000 1963.6278   27.2328
    0.0000   37.5000   45.0000 1971.9044   27.1085
    7.5000   37.5000   45.0000 1949.3945   27.6118
   -7.5000   45.0000   45.0000 1805.3948   30.8895
    0.0000   45.0000   45.0000 1816.1632   30.7352
    7.5000   45.0000   45.0000 1798.9449   31.3812

---------------------------------------------------------------------
imgreg_4dfp /opt/freesurfer/average/711-2C_as_mni_average_305 /opt/freesurfer/average/711-2B_as_mni_average_305_mask talsrcimg_g11 none talsrcimg_to_711-2C_as_mni_average_305_t4 1283
---------------------------------------------------------------------

freesurfer imgreg_4dfp.c
/opt/freesurfer/average/711-2C_as_mni_average_305.4dfp.img
       256       256       256         1
  1.000000  1.000000  1.000000
orientation T byte_order littleendian
Reading image: /opt/freesurfer/average/711-2C_as_mni_average_305.4dfp.img
dimensions:      256       256       256
mmppix:       1.0000   -1.0000   -1.0000
center:     128.0000 -129.0000 -129.0000
/opt/freesurfer/average/711-2B_as_mni_average_305_mask.4dfp.img
       256       256       256         1
  1.000000  1.000000  1.000000
orientation T byte_order littleendian
Reading mask: /opt/freesurfer/average/711-2B_as_mni_average_305_mask.4dfp.img (2306576 pixels)
talsrcimg_g11.4dfp.img
       256       256       256         1
  1.000000  1.000000  1.000000
orientation T byte_order littleendian
Reading image: talsrcimg_g11.4dfp.img
dimensions:      256       256       256
mmppix:       1.0000   -1.0000   -1.0000
center:     128.0000 -129.0000 -129.0000
rotation matrix determinant  1.000000
fimgreg.f
image alignment mode   1283 decimal      503 hex
parameters
    0.0000  -15.0000   15.0000    0.0000    0.0000    0.0000
eta,q 0.93464 13.99601
niter,ni,del,rscale     5    3   12.0000    1.2000
parameter  4  5.463269 ->  0.500000 qaram    1.1500
parameters
   -1.2817  -13.2363   12.7966   -3.4500    0.7395   -1.7301
eta,q 0.94118 13.87082
  0.0734  0.0755  0.0671  0.0604  0.0695  0.0630
  0.0690  0.0714  0.0658  0.0590  0.0655  0.0607
  0.0656  0.0679  0.0643  0.0618  0.0616  0.0589
  0.0664  0.0650  0.0644  0.0642  0.0595  0.0594
  0.0694  0.0648  0.0678  0.0656  0.0597  0.0624
  0.0756  0.0661  0.0748  0.0664  0.0623  0.0667
  0.0852  0.0682  0.0809  0.0682  0.0661  0.0705
niter,ni,del,rscale     5    3   12.0000    1.2000
parameters
   -1.6267  -11.4936   11.4531   -5.1664   -0.1444   -2.2523
eta,q 0.94437 13.97924
  0.0735  0.0704  0.0639  0.0630  0.0623  0.0620
  0.0670  0.0673  0.0605  0.0590  0.0579  0.0591
  0.0610  0.0626  0.0588  0.0557  0.0556  0.0569
  0.0588  0.0588  0.0589  0.0586  0.0560  0.0555
  0.0620  0.0589  0.0611  0.0625  0.0588  0.0566
  0.0685  0.0603  0.0660  0.0646  0.0623  0.0604
  0.0780  0.0632  0.0723  0.0672  0.0653  0.0657
niter,ni,del,rscale     4    3   12.0000    1.2000
parameters
   -1.4629  -11.1184   10.8967   -5.6570   -0.1908   -2.2632
eta,q 0.94471 14.02314
  0.0719  0.0688  0.0644  0.0645  0.0646  0.0626
  0.0651  0.0652  0.0589  0.0615  0.0589  0.0594
  0.0596  0.0584  0.0562  0.0569  0.0559  0.0571
  0.0556  0.0555  0.0559  0.0557  0.0553  0.0553
  0.0563  0.0580  0.0580  0.0598  0.0571  0.0557
  0.0625  0.0616  0.0619  0.0632  0.0606  0.0588
  0.0720  0.0668  0.0676  0.0662  0.0635  0.0636
niter,ni,del,rscale     3    3   12.0000    1.2000
parameters
   -1.5224  -10.9622   10.7143   -5.8698   -0.1977   -2.2000
eta,q 0.94472 14.04816
  0.0706  0.0688  0.0654  0.0649  0.0647  0.0626
  0.0636  0.0644  0.0596  0.0621  0.0590  0.0595
  0.0584  0.0577  0.0563  0.0577  0.0560  0.0571
  0.0553  0.0553  0.0554  0.0554  0.0553  0.0553
  0.0564  0.0580  0.0571  0.0590  0.0571  0.0557
  0.0628  0.0623  0.0607  0.0626  0.0605  0.0586
  0.0728  0.0681  0.0663  0.0658  0.0634  0.0632
niter,ni,del,rscale     2    3   12.0000    1.2000
parameters
   -1.5567  -10.8794   10.6413   -5.9799   -0.1964   -2.1584
eta,q 0.94469 14.06103
  0.0707  0.0689  0.0657  0.0650  0.0648  0.0625
  0.0635  0.0642  0.0599  0.0624  0.0591  0.0594
  0.0583  0.0575  0.0564  0.0581  0.0561  0.0571
  0.0553  0.0553  0.0554  0.0554  0.0553  0.0553
  0.0563  0.0581  0.0569  0.0587  0.0571  0.0557
  0.0626  0.0627  0.0604  0.0625  0.0606  0.0586
  0.0725  0.0686  0.0660  0.0656  0.0634  0.0632
niter,ni,del,rscale     1    3   12.0000    1.2000
parameters
   -1.5739  -10.8357   10.6061   -6.0361   -0.1939   -2.1382
eta,q 0.94467 14.06718
  0.0708  0.0689  0.0658  0.0651  0.0648  0.0625
  0.0636  0.0640  0.0600  0.0625  0.0591  0.0594
  0.0583  0.0574  0.0565  0.0583  0.0561  0.0571
  0.0553  0.0553  0.0554  0.0554  0.0553  0.0553
  0.0564  0.0582  0.0568  0.0585  0.0571  0.0558
  0.0626  0.0628  0.0603  0.0624  0.0606  0.0587
  0.0724  0.0688  0.0659  0.0655  0.0635  0.0632
registration optimization eta report
parameter search radius
    6.0000    6.0000    6.0000    6.9000    6.0000    6.0000
100000*second partial in parameter space
       45.       36.       29.       18.       24.       20.
  0.0708  0.0689  0.0658  0.0651  0.0648  0.0625
  0.0636  0.0640  0.0600  0.0625  0.0591  0.0594
  0.0583  0.0574  0.0565  0.0583  0.0561  0.0571
  0.0553  0.0553  0.0554  0.0554  0.0553  0.0553
  0.0564  0.0582  0.0568  0.0585  0.0571  0.0558
  0.0626  0.0628  0.0603  0.0624  0.0606  0.0587
  0.0724  0.0688  0.0659  0.0655  0.0635  0.0632
   -1.5739  -10.8357   10.6061   -6.0361   -0.1939   -2.1382
eta,q 0.94467 14.06718

---------------------------------------------------------------------
imgreg_4dfp /opt/freesurfer/average/711-2C_as_mni_average_305 /opt/freesurfer/average/711-2B_as_mni_average_305_mask talsrcimg_g11 none talsrcimg_to_711-2C_as_mni_average_305_t4 3335
---------------------------------------------------------------------

freesurfer imgreg_4dfp.c
/opt/freesurfer/average/711-2C_as_mni_average_305.4dfp.img
       256       256       256         1
  1.000000  1.000000  1.000000
orientation T byte_order littleendian
Reading image: /opt/freesurfer/average/711-2C_as_mni_average_305.4dfp.img
dimensions:      256       256       256
mmppix:       1.0000   -1.0000   -1.0000
center:     128.0000 -129.0000 -129.0000
/opt/freesurfer/average/711-2B_as_mni_average_305_mask.4dfp.img
       256       256       256         1
  1.000000  1.000000  1.000000
orientation T byte_order littleendian
Reading mask: /opt/freesurfer/average/711-2B_as_mni_average_305_mask.4dfp.img (2306576 pixels)
talsrcimg_g11.4dfp.img
       256       256       256         1
  1.000000  1.000000  1.000000
orientation T byte_order littleendian
Reading image: talsrcimg_g11.4dfp.img
dimensions:      256       256       256
mmppix:       1.0000   -1.0000   -1.0000
center:     128.0000 -129.0000 -129.0000
fimgreg.f
image alignment mode   3335 decimal      D07 hex
parameters
   -1.5739  -10.8357   10.6061   -0.0702   -0.6223   -0.5550
    3.6748    0.7286   -3.7310   10.4956   -0.3383  -10.5154
eta,q 0.94378 14.13909
niter,ni,del,rscale     5    3    5.0000    1.2000
parameter  4  3.879599 ->  0.500000 qaram    1.1500
parameter  5  3.040126 ->  0.500000 qaram    1.1500
parameter  6  0.954380 ->  0.500000 qaram    1.1500
parameter 10  0.568456 ->  0.500000 qaram    1.1500
parameters
   -1.7037  -11.3530   10.6938   -4.2102   -4.7623   -4.6950
    0.9235   -0.1544   -4.9759    6.3556   -0.9457  -12.5230
eta,q 0.96302 13.22669
  0.0584  0.0576  0.0580  0.0431  0.0392  0.0387  0.0400  0.0428  0.0397  0.0381  0.0387  0.0380
  0.0571  0.0566  0.0570  0.0467  0.0419  0.0389  0.0391  0.0402  0.0389  0.0372  0.0378  0.0373
  0.0564  0.0561  0.0563  0.0511  0.0447  0.0403  0.0388  0.0388  0.0386  0.0375  0.0372  0.0370
  0.0562  0.0562  0.0560  0.0560  0.0478  0.0427  0.0392  0.0388  0.0386  0.0386  0.0372  0.0371
  0.0566  0.0569  0.0562  0.0614  0.0520  0.0461  0.0404  0.0399  0.0390  0.0399  0.0375  0.0377
  0.0575  0.0581  0.0568  0.0669  0.0565  0.0505  0.0423  0.0420  0.0397  0.0421  0.0382  0.0387
  0.0588  0.0593  0.0577  0.0728  0.0604  0.0558  0.0446  0.0451  0.0408  0.0448  0.0393  0.0397
niter,ni,del,rscale     7    3    5.0000    1.2000
parameter  4  1.231176 ->  0.500000 qaram    1.3225
parameter  5  1.347302 ->  0.500000 qaram    1.3225
parameters
   -1.5437  -11.0310   10.9184   -8.9712   -9.5233   -6.4811
    1.0389    0.3430   -3.9718    6.9224   -1.1506  -15.0964
eta,q 0.97360 12.74820
  0.0411  0.0403  0.0394  0.0297  0.0254  0.0295  0.0304  0.0331  0.0298  0.0327  0.0281  0.0272
  0.0390  0.0388  0.0382  0.0305  0.0262  0.0279  0.0285  0.0299  0.0282  0.0295  0.0273  0.0265
  0.0376  0.0376  0.0373  0.0328  0.0283  0.0269  0.0273  0.0277  0.0272  0.0275  0.0268  0.0264
  0.0370  0.0370  0.0369  0.0369  0.0310  0.0267  0.0267  0.0267  0.0267  0.0267  0.0267  0.0267
  0.0372  0.0370  0.0370  0.0422  0.0347  0.0275  0.0271  0.0271  0.0268  0.0270  0.0269  0.0273
  0.0383  0.0377  0.0376  0.0482  0.0390  0.0305  0.0283  0.0288  0.0274  0.0285  0.0274  0.0283
  0.0402  0.0390  0.0387  0.0545  0.0437  0.0359  0.0303  0.0317  0.0284  0.0313  0.0283  0.0295
niter,ni,del,rscale     7    3    5.0000    1.2000
parameters
   -1.7023  -10.3827   11.0536  -13.2185  -13.0980   -5.4271
    1.2337    0.5930   -3.6025    8.3437   -1.5455  -16.1381
eta,q 0.97638 12.53337
  0.0302  0.0308  0.0284  0.0269  0.0268  0.0285  0.0276  0.0294  0.0266  0.0301  0.0250  0.0251
  0.0280  0.0287  0.0272  0.0255  0.0249  0.0265  0.0258  0.0266  0.0252  0.0271  0.0243  0.0242
  0.0267  0.0272  0.0265  0.0251  0.0241  0.0250  0.0245  0.0246  0.0242  0.0251  0.0238  0.0237
  0.0264  0.0264  0.0261  0.0261  0.0251  0.0241  0.0239  0.0239  0.0239  0.0239  0.0237  0.0237
  0.0271  0.0261  0.0263  0.0291  0.0276  0.0239  0.0243  0.0244  0.0242  0.0238  0.0240  0.0242
  0.0288  0.0266  0.0269  0.0341  0.0309  0.0244  0.0255  0.0260  0.0249  0.0249  0.0245  0.0250
  0.0313  0.0277  0.0280  0.0404  0.0353  0.0272  0.0273  0.0288  0.0260  0.0271  0.0252  0.0262
niter,ni,del,rscale     6    3    5.0000    1.2000
parameters
   -1.7736   -9.9729   11.3810  -13.6348  -13.7712   -5.3484
    1.2412    0.6006   -3.3727    8.9115   -1.4641  -16.5621
eta,q 0.97652 12.50049
  0.0276  0.0280  0.0263  0.0283  0.0287  0.0276  0.0270  0.0286  0.0261  0.0285  0.0250  0.0253
  0.0254  0.0260  0.0250  0.0260  0.0263  0.0258  0.0252  0.0259  0.0247  0.0260  0.0242  0.0243
  0.0240  0.0244  0.0240  0.0243  0.0244  0.0243  0.0240  0.0241  0.0238  0.0244  0.0237  0.0236
  0.0236  0.0236  0.0235  0.0235  0.0235  0.0236  0.0236  0.0236  0.0236  0.0236  0.0235  0.0235
  0.0242  0.0236  0.0235  0.0238  0.0246  0.0236  0.0240  0.0241  0.0238  0.0237  0.0237  0.0239
  0.0257  0.0244  0.0241  0.0259  0.0272  0.0247  0.0252  0.0258  0.0245  0.0251  0.0242  0.0246
  0.0281  0.0258  0.0251  0.0301  0.0306  0.0284  0.0270  0.0286  0.0257  0.0275  0.0249  0.0257
niter,ni,del,rscale     5    3    5.0000    1.2000
parameters
   -1.7949   -9.8184   11.3937  -13.6232  -13.9875   -5.3445
    1.2519    0.5762   -3.3084    9.2105   -1.4452  -16.7690
eta,q 0.97654 12.49786
  0.0276  0.0272  0.0257  0.0286  0.0290  0.0276  0.0269  0.0285  0.0259  0.0281  0.0249  0.0253
  0.0253  0.0253  0.0245  0.0262  0.0266  0.0257  0.0251  0.0258  0.0246  0.0257  0.0242  0.0244
  0.0239  0.0240  0.0237  0.0244  0.0246  0.0243  0.0239  0.0240  0.0237  0.0243  0.0237  0.0237
  0.0235  0.0235  0.0235  0.0235  0.0235  0.0235  0.0235  0.0235  0.0235  0.0235  0.0235  0.0235
  0.0240  0.0237  0.0237  0.0236  0.0242  0.0235  0.0239  0.0240  0.0238  0.0238  0.0237  0.0238
  0.0254  0.0247  0.0245  0.0254  0.0266  0.0247  0.0251  0.0257  0.0245  0.0252  0.0242  0.0245
  0.0277  0.0263  0.0257  0.0293  0.0299  0.0285  0.0270  0.0286  0.0258  0.0276  0.0249  0.0256
niter,ni,del,rscale     4    3    5.0000    1.2000
parameters
   -1.8051   -9.7447   11.3601  -13.6126  -14.0768   -5.3655
    1.2601    0.5651   -3.2731    9.3780   -1.4425  -16.8904
eta,q 0.97654 12.49733
  0.0276  0.0269  0.0257  0.0285  0.0291  0.0276  0.0269  0.0285  0.0258  0.0279  0.0249  0.0254
  0.0253  0.0251  0.0245  0.0262  0.0267  0.0257  0.0251  0.0258  0.0245  0.0256  0.0242  0.0244
  0.0239  0.0239  0.0237  0.0244  0.0246  0.0243  0.0239  0.0240  0.0237  0.0242  0.0237  0.0237
  0.0235  0.0235  0.0235  0.0235  0.0235  0.0235  0.0235  0.0235  0.0235  0.0235  0.0235  0.0235
  0.0240  0.0238  0.0238  0.0236  0.0241  0.0235  0.0239  0.0240  0.0238  0.0238  0.0237  0.0238
  0.0254  0.0249  0.0246  0.0254  0.0265  0.0248  0.0251  0.0257  0.0245  0.0253  0.0242  0.0245
  0.0277  0.0265  0.0258  0.0293  0.0297  0.0286  0.0269  0.0286  0.0258  0.0277  0.0249  0.0255
niter,ni,del,rscale     3    3    5.0000    1.2000
parameters
   -1.8075   -9.7038   11.3382  -13.6090  -14.1231   -5.3776
    1.2584    0.5619   -3.2554    9.4730   -1.4395  -16.9591
eta,q 0.97654 12.49711
  0.0276  0.0268  0.0257  0.0285  0.0291  0.0276  0.0269  0.0285  0.0258  0.0278  0.0250  0.0254
  0.0253  0.0250  0.0245  0.0262  0.0267  0.0258  0.0251  0.0258  0.0245  0.0256  0.0242  0.0244
  0.0239  0.0239  0.0237  0.0244  0.0247  0.0243  0.0239  0.0240  0.0237  0.0242  0.0237  0.0237
  0.0235  0.0235  0.0235  0.0235  0.0235  0.0235  0.0235  0.0235  0.0235  0.0235  0.0235  0.0235
  0.0240  0.0238  0.0238  0.0236  0.0241  0.0235  0.0239  0.0240  0.0238  0.0238  0.0237  0.0238
  0.0254  0.0249  0.0245  0.0254  0.0264  0.0247  0.0251  0.0257  0.0245  0.0253  0.0242  0.0245
  0.0276  0.0266  0.0258  0.0293  0.0297  0.0286  0.0269  0.0286  0.0258  0.0278  0.0249  0.0255
niter,ni,del,rscale     2    3    5.0000    1.2000
parameters
   -1.8097   -9.6809   11.3247  -13.6068  -14.1491   -5.3877
    1.2619    0.5581   -3.2466    9.5246   -1.4442  -16.9974
eta,q 0.97653 12.49683
  0.0276  0.0268  0.0257  0.0285  0.0291  0.0276  0.0269  0.0285  0.0258  0.0277  0.0250  0.0254
  0.0253  0.0250  0.0245  0.0262  0.0267  0.0258  0.0251  0.0258  0.0245  0.0255  0.0242  0.0244
  0.0239  0.0238  0.0237  0.0244  0.0247  0.0243  0.0239  0.0240  0.0237  0.0241  0.0237  0.0237
  0.0235  0.0235  0.0235  0.0235  0.0235  0.0235  0.0235  0.0235  0.0235  0.0235  0.0235  0.0235
  0.0240  0.0239  0.0237  0.0236  0.0241  0.0235  0.0239  0.0240  0.0237  0.0238  0.0237  0.0238
  0.0254  0.0249  0.0245  0.0254  0.0264  0.0247  0.0251  0.0257  0.0245  0.0253  0.0242  0.0245
  0.0276  0.0266  0.0258  0.0294  0.0296  0.0286  0.0269  0.0286  0.0258  0.0278  0.0249  0.0255
registration optimization eta report
parameter search radius
    2.4000    2.4000    2.4000    9.5220    9.5220    8.2800
    7.2000    7.2000    7.2000    8.2800    7.2000    7.2000
100000*second partial in parameter space
       72.       55.       39.        6.        6.        7.
        7.       10.        4.        6.        3.        4.
  0.0276  0.0268  0.0257  0.0285  0.0291  0.0276  0.0269  0.0285  0.0258  0.0277  0.0250  0.0254
  0.0253  0.0250  0.0245  0.0262  0.0267  0.0258  0.0251  0.0258  0.0245  0.0255  0.0242  0.0244
  0.0239  0.0238  0.0237  0.0244  0.0247  0.0243  0.0239  0.0240  0.0237  0.0241  0.0237  0.0237
  0.0235  0.0235  0.0235  0.0235  0.0235  0.0235  0.0235  0.0235  0.0235  0.0235  0.0235  0.0235
  0.0240  0.0239  0.0237  0.0236  0.0241  0.0235  0.0239  0.0240  0.0237  0.0238  0.0237  0.0238
  0.0254  0.0249  0.0245  0.0254  0.0264  0.0247  0.0251  0.0257  0.0245  0.0253  0.0242  0.0245
  0.0276  0.0266  0.0258  0.0294  0.0296  0.0286  0.0269  0.0286  0.0258  0.0278  0.0249  0.0255
   -1.8097   -9.6809   11.3247  -13.6068  -14.1491   -5.3877
    1.2619    0.5581   -3.2466    9.5246   -1.4442  -16.9974
eta,q 0.97653 12.49683

---------------------------------------------------------------------
imgreg_4dfp /opt/freesurfer/average/711-2C_as_mni_average_305 /opt/freesurfer/average/711-2B_as_mni_average_305_mask talsrcimg_g11 none talsrcimg_to_711-2C_as_mni_average_305_t4 2311
---------------------------------------------------------------------

freesurfer imgreg_4dfp.c
/opt/freesurfer/average/711-2C_as_mni_average_305.4dfp.img
       256       256       256         1
  1.000000  1.000000  1.000000
orientation T byte_order littleendian
Reading image: /opt/freesurfer/average/711-2C_as_mni_average_305.4dfp.img
dimensions:      256       256       256
mmppix:       1.0000   -1.0000   -1.0000
center:     128.0000 -129.0000 -129.0000
/opt/freesurfer/average/711-2B_as_mni_average_305_mask.4dfp.img
       256       256       256         1
  1.000000  1.000000  1.000000
orientation T byte_order littleendian
Reading mask: /opt/freesurfer/average/711-2B_as_mni_average_305_mask.4dfp.img (2306576 pixels)
talsrcimg_g11.4dfp.img
       256       256       256         1
  1.000000  1.000000  1.000000
orientation T byte_order littleendian
Reading image: talsrcimg_g11.4dfp.img
dimensions:      256       256       256
mmppix:       1.0000   -1.0000   -1.0000
center:     128.0000 -129.0000 -129.0000
fimgreg.f
image alignment mode   2311 decimal      907 hex
parameters
   -1.8097   -9.6809   11.3247  -13.6068  -14.1491   -5.3877
    1.2619    0.5581   -3.2466    9.5246   -1.4442  -16.9974
eta,q 0.97653 12.49684
niter,ni,del,rscale     5    3    5.0000    0.8000
parameters
   -1.8187   -9.6919   11.3313  -12.6036  -13.7527   -4.2950
    1.2928    0.5560   -3.2991    9.8929   -1.4625  -16.7896
eta,q 0.97680 12.60135
  0.0254  0.0249  0.0245  0.0252  0.0256  0.0253  0.0249  0.0257  0.0243  0.0251  0.0240  0.0243
  0.0243  0.0241  0.0240  0.0244  0.0246  0.0244  0.0240  0.0243  0.0237  0.0243  0.0236  0.0238
  0.0237  0.0236  0.0236  0.0238  0.0239  0.0237  0.0234  0.0235  0.0233  0.0236  0.0233  0.0234
  0.0235  0.0235  0.0235  0.0235  0.0234  0.0233  0.0232  0.0232  0.0232  0.0232  0.0232  0.0232
  0.0237  0.0237  0.0236  0.0234  0.0234  0.0232  0.0234  0.0235  0.0234  0.0233  0.0233  0.0233
  0.0243  0.0242  0.0240  0.0236  0.0240  0.0234  0.0240  0.0243  0.0238  0.0238  0.0236  0.0236
  0.0254  0.0250  0.0245  0.0243  0.0251  0.0241  0.0249  0.0258  0.0244  0.0247  0.0241  0.0242
niter,ni,del,rscale     4    3    5.0000    0.7000
parameters
   -1.8020   -9.7804   11.1548  -12.5481  -13.7614   -4.3125
    1.3192    0.5651   -3.3151    9.9201   -1.4966  -16.8025
eta,q 0.97683 12.60425
  0.0247  0.0243  0.0239  0.0244  0.0248  0.0244  0.0245  0.0252  0.0240  0.0246  0.0238  0.0240
  0.0239  0.0237  0.0234  0.0238  0.0240  0.0238  0.0238  0.0241  0.0235  0.0239  0.0235  0.0236
  0.0234  0.0233  0.0232  0.0234  0.0235  0.0234  0.0233  0.0234  0.0233  0.0234  0.0233  0.0233
  0.0232  0.0232  0.0232  0.0232  0.0232  0.0232  0.0232  0.0232  0.0232  0.0232  0.0232  0.0232
  0.0234  0.0234  0.0234  0.0232  0.0233  0.0232  0.0233  0.0234  0.0233  0.0233  0.0233  0.0233
  0.0239  0.0239  0.0237  0.0236  0.0240  0.0236  0.0238  0.0240  0.0236  0.0238  0.0235  0.0236
  0.0247  0.0246  0.0243  0.0244  0.0249  0.0246  0.0245  0.0252  0.0240  0.0246  0.0239  0.0240
niter,ni,del,rscale     3    3    5.0000    0.6000
parameters
   -1.8015   -9.7745   11.1483  -12.4677  -13.7273   -4.1823
    1.3246    0.5681   -3.3194    9.9927   -1.4913  -16.8215
eta,q 0.97684 12.61448
  0.0243  0.0241  0.0238  0.0241  0.0245  0.0241  0.0241  0.0246  0.0238  0.0242  0.0237  0.0238
  0.0237  0.0236  0.0235  0.0236  0.0238  0.0236  0.0236  0.0238  0.0234  0.0237  0.0234  0.0235
  0.0233  0.0233  0.0233  0.0233  0.0234  0.0233  0.0233  0.0233  0.0232  0.0233  0.0232  0.0232
  0.0232  0.0232  0.0232  0.0232  0.0232  0.0232  0.0232  0.0232  0.0232  0.0232  0.0232  0.0232
  0.0233  0.0233  0.0233  0.0232  0.0233  0.0232  0.0233  0.0233  0.0232  0.0232  0.0232  0.0232
  0.0237  0.0236  0.0235  0.0235  0.0237  0.0234  0.0236  0.0238  0.0234  0.0236  0.0234  0.0235
  0.0243  0.0241  0.0238  0.0241  0.0245  0.0241  0.0241  0.0247  0.0238  0.0242  0.0237  0.0238
niter,ni,del,rscale     2    3    5.0000    0.5000
parameters
   -1.8014   -9.7799   11.1291  -12.4016  -13.7025   -4.0798
    1.3315    0.5705   -3.3386   10.0439   -1.4920  -16.8475
eta,q 0.97685 12.62250
  0.0239  0.0238  0.0236  0.0238  0.0241  0.0238  0.0238  0.0242  0.0236  0.0239  0.0235  0.0236
  0.0235  0.0234  0.0234  0.0235  0.0236  0.0235  0.0235  0.0236  0.0233  0.0235  0.0233  0.0234
  0.0232  0.0232  0.0232  0.0233  0.0233  0.0233  0.0232  0.0233  0.0232  0.0233  0.0232  0.0232
  0.0232  0.0232  0.0232  0.0232  0.0232  0.0232  0.0232  0.0232  0.0232  0.0232  0.0231  0.0231
  0.0232  0.0232  0.0232  0.0232  0.0232  0.0232  0.0232  0.0233  0.0232  0.0232  0.0232  0.0232
  0.0235  0.0235  0.0234  0.0234  0.0236  0.0234  0.0235  0.0236  0.0234  0.0235  0.0233  0.0234
  0.0239  0.0238  0.0236  0.0238  0.0241  0.0238  0.0238  0.0242  0.0236  0.0239  0.0235  0.0236
niter,ni,del,rscale     1    3    5.0000    0.4000
parameters
   -1.7979   -9.7813   11.1179  -12.3492  -13.6819   -3.9773
    1.3251    0.5864   -3.3555   10.0842   -1.4933  -16.8595
eta,q 0.97685 12.62964
  0.0237  0.0236  0.0234  0.0236  0.0238  0.0236  0.0236  0.0238  0.0234  0.0237  0.0234  0.0234
  0.0234  0.0233  0.0233  0.0233  0.0235  0.0234  0.0233  0.0235  0.0233  0.0234  0.0233  0.0233
  0.0232  0.0232  0.0232  0.0232  0.0232  0.0232  0.0232  0.0232  0.0232  0.0232  0.0232  0.0232
  0.0231  0.0231  0.0232  0.0232  0.0231  0.0231  0.0232  0.0231  0.0231  0.0231  0.0232  0.0232
  0.0232  0.0232  0.0232  0.0232  0.0232  0.0232  0.0232  0.0232  0.0232  0.0232  0.0232  0.0232
  0.0234  0.0233  0.0233  0.0233  0.0234  0.0233  0.0233  0.0234  0.0233  0.0234  0.0233  0.0233
  0.0237  0.0236  0.0235  0.0236  0.0238  0.0235  0.0236  0.0238  0.0234  0.0236  0.0234  0.0234
registration optimization eta report
parameter search radius
    0.8000    0.8000    0.8000    2.4000    2.4000    2.4000
    2.4000    2.4000    2.4000    2.4000    2.4000    2.4000
100000*second partial in parameter space
       80.       66.       47.        7.       11.        7.
        8.       12.        5.        9.        4.        5.
  0.0237  0.0236  0.0234  0.0236  0.0238  0.0236  0.0236  0.0238  0.0234  0.0237  0.0234  0.0234
  0.0234  0.0233  0.0233  0.0233  0.0235  0.0234  0.0233  0.0235  0.0233  0.0234  0.0233  0.0233
  0.0232  0.0232  0.0232  0.0232  0.0232  0.0232  0.0232  0.0232  0.0232  0.0232  0.0232  0.0232
  0.0231  0.0231  0.0232  0.0232  0.0231  0.0231  0.0232  0.0231  0.0231  0.0231  0.0232  0.0232
  0.0232  0.0232  0.0232  0.0232  0.0232  0.0232  0.0232  0.0232  0.0232  0.0232  0.0232  0.0232
  0.0234  0.0233  0.0233  0.0233  0.0234  0.0233  0.0233  0.0234  0.0233  0.0234  0.0233  0.0233
  0.0237  0.0236  0.0235  0.0236  0.0238  0.0235  0.0236  0.0238  0.0234  0.0236  0.0234  0.0234
   -1.7979   -9.7813   11.1179  -12.3492  -13.6819   -3.9773
    1.3251    0.5864   -3.3555   10.0842   -1.4933  -16.8595
eta,q 0.97685 12.62964

---------------------------------------------------------------------
imgreg_4dfp /opt/freesurfer/average/711-2C_as_mni_average_305 /opt/freesurfer/average/711-2B_as_mni_average_305_mask talsrcimg_g11 none talsrcimg_to_711-2C_as_mni_average_305_t4 2311
---------------------------------------------------------------------

freesurfer imgreg_4dfp.c
/opt/freesurfer/average/711-2C_as_mni_average_305.4dfp.img
       256       256       256         1
  1.000000  1.000000  1.000000
orientation T byte_order littleendian
Reading image: /opt/freesurfer/average/711-2C_as_mni_average_305.4dfp.img
dimensions:      256       256       256
mmppix:       1.0000   -1.0000   -1.0000
center:     128.0000 -129.0000 -129.0000
/opt/freesurfer/average/711-2B_as_mni_average_305_mask.4dfp.img
       256       256       256         1
  1.000000  1.000000  1.000000
orientation T byte_order littleendian
Reading mask: /opt/freesurfer/average/711-2B_as_mni_average_305_mask.4dfp.img (2306576 pixels)
talsrcimg_g11.4dfp.img
       256       256       256         1
  1.000000  1.000000  1.000000
orientation T byte_order littleendian
Reading image: talsrcimg_g11.4dfp.img
dimensions:      256       256       256
mmppix:       1.0000   -1.0000   -1.0000
center:     128.0000 -129.0000 -129.0000
fimgreg.f
image alignment mode   2311 decimal      907 hex
parameters
   -1.7979   -9.7813   11.1179  -12.3492  -13.6819   -3.9773
    1.3251    0.5864   -3.3555   10.0842   -1.4933  -16.8595
eta,q 0.97685 12.62965
niter,ni,del,rscale     5    3    5.0000    0.8000
parameters
   -1.7914   -9.7677   11.1020  -12.6612  -13.8535   -4.4641
    1.3367    0.5626   -3.2805    9.9317   -1.5176  -16.8685
eta,q 0.97680 12.59154
  0.0252  0.0248  0.0243  0.0245  0.0251  0.0246  0.0249  0.0257  0.0243  0.0248  0.0240  0.0242
  0.0241  0.0239  0.0237  0.0238  0.0242  0.0238  0.0240  0.0243  0.0237  0.0240  0.0236  0.0237
  0.0234  0.0233  0.0233  0.0233  0.0235  0.0234  0.0234  0.0235  0.0233  0.0234  0.0233  0.0233
  0.0231  0.0231  0.0231  0.0231  0.0232  0.0232  0.0232  0.0232  0.0232  0.0232  0.0232  0.0232
  0.0234  0.0233  0.0233  0.0233  0.0234  0.0233  0.0234  0.0235  0.0233  0.0234  0.0233  0.0233
  0.0240  0.0239  0.0237  0.0240  0.0243  0.0241  0.0240  0.0243  0.0237  0.0240  0.0236  0.0237
  0.0251  0.0247  0.0244  0.0251  0.0255  0.0257  0.0249  0.0258  0.0243  0.0252  0.0240  0.0242
niter,ni,del,rscale     4    3    5.0000    0.7000
parameters
   -1.8028   -9.7469   11.1587  -12.5363  -13.7768   -4.3097
    1.3121    0.5665   -3.2955    9.9756   -1.5057  -16.8382
eta,q 0.97683 12.60508
  0.0247  0.0245  0.0241  0.0244  0.0249  0.0245  0.0245  0.0252  0.0240  0.0246  0.0239  0.0240
  0.0239  0.0238  0.0236  0.0238  0.0241  0.0238  0.0238  0.0241  0.0235  0.0239  0.0235  0.0236
  0.0234  0.0233  0.0233  0.0234  0.0235  0.0234  0.0233  0.0234  0.0233  0.0234  0.0233  0.0233
  0.0232  0.0232  0.0232  0.0232  0.0232  0.0232  0.0232  0.0232  0.0232  0.0232  0.0232  0.0232
  0.0234  0.0233  0.0233  0.0232  0.0233  0.0232  0.0233  0.0234  0.0233  0.0233  0.0233  0.0233
  0.0239  0.0237  0.0235  0.0236  0.0239  0.0235  0.0238  0.0240  0.0236  0.0238  0.0235  0.0236
  0.0247  0.0244  0.0240  0.0244  0.0249  0.0245  0.0245  0.0252  0.0240  0.0246  0.0238  0.0240
niter,ni,del,rscale     3    3    5.0000    0.6000
parameters
   -1.8007   -9.7650   11.1405  -12.4669  -13.7414   -4.1885
    1.3212    0.5692   -3.3184   10.0182   -1.4889  -16.8452
eta,q 0.97684 12.61425
  0.0243  0.0241  0.0238  0.0241  0.0245  0.0241  0.0241  0.0246  0.0238  0.0242  0.0237  0.0238
  0.0237  0.0236  0.0235  0.0236  0.0238  0.0236  0.0236  0.0238  0.0234  0.0237  0.0234  0.0235
  0.0233  0.0233  0.0232  0.0233  0.0234  0.0233  0.0233  0.0233  0.0232  0.0233  0.0232  0.0232
  0.0232  0.0232  0.0232  0.0232  0.0232  0.0232  0.0232  0.0232  0.0232  0.0232  0.0232  0.0232
  0.0233  0.0233  0.0233  0.0232  0.0233  0.0232  0.0233  0.0233  0.0232  0.0232  0.0232  0.0232
  0.0237  0.0236  0.0235  0.0235  0.0237  0.0234  0.0236  0.0238  0.0234  0.0236  0.0234  0.0235
  0.0243  0.0241  0.0239  0.0241  0.0245  0.0241  0.0241  0.0247  0.0238  0.0242  0.0237  0.0238
niter,ni,del,rscale     2    3    5.0000    0.5000
parameters
   -1.8016   -9.7714   11.1279  -12.3996  -13.7160   -4.0771
    1.3273    0.5692   -3.3369   10.0639   -1.4941  -16.8621
eta,q 0.97685 12.62245
  0.0239  0.0238  0.0236  0.0238  0.0241  0.0238  0.0239  0.0242  0.0236  0.0239  0.0235  0.0236
  0.0235  0.0234  0.0234  0.0235  0.0236  0.0235  0.0235  0.0236  0.0233  0.0235  0.0233  0.0234
  0.0232  0.0232  0.0232  0.0233  0.0233  0.0233  0.0232  0.0233  0.0232  0.0233  0.0232  0.0232
  0.0232  0.0232  0.0232  0.0232  0.0232  0.0232  0.0232  0.0231  0.0231  0.0231  0.0231  0.0231
  0.0232  0.0232  0.0232  0.0232  0.0232  0.0232  0.0232  0.0233  0.0232  0.0232  0.0232  0.0232
  0.0235  0.0235  0.0234  0.0234  0.0236  0.0234  0.0235  0.0236  0.0234  0.0235  0.0233  0.0234
  0.0240  0.0238  0.0236  0.0238  0.0241  0.0238  0.0238  0.0242  0.0236  0.0239  0.0235  0.0236
niter,ni,del,rscale     1    3    5.0000    0.4000
parameters
   -1.7981   -9.7764   11.1144  -12.3551  -13.6830   -3.9843
    1.3264    0.5822   -3.3496   10.0963   -1.4850  -16.8758
eta,q 0.97685 12.62938
  0.0237  0.0236  0.0234  0.0236  0.0238  0.0236  0.0236  0.0238  0.0234  0.0237  0.0234  0.0234
  0.0234  0.0233  0.0233  0.0233  0.0235  0.0234  0.0233  0.0235  0.0233  0.0234  0.0233  0.0233
  0.0232  0.0232  0.0232  0.0232  0.0232  0.0232  0.0232  0.0232  0.0232  0.0232  0.0232  0.0232
  0.0231  0.0231  0.0231  0.0232  0.0231  0.0231  0.0231  0.0231  0.0231  0.0231  0.0231  0.0231
  0.0232  0.0232  0.0232  0.0232  0.0232  0.0232  0.0232  0.0232  0.0232  0.0232  0.0232  0.0232
  0.0234  0.0233  0.0233  0.0233  0.0234  0.0233  0.0233  0.0234  0.0233  0.0234  0.0233  0.0233
  0.0237  0.0236  0.0235  0.0235  0.0238  0.0236  0.0236  0.0238  0.0234  0.0236  0.0234  0.0234
registration optimization eta report
parameter search radius
    0.8000    0.8000    0.8000    2.4000    2.4000    2.4000
    2.4000    2.4000    2.4000    2.4000    2.4000    2.4000
100000*second partial in parameter space
       80.       66.       48.        7.       11.        7.
        8.       12.        5.        9.        4.        5.
  0.0237  0.0236  0.0234  0.0236  0.0238  0.0236  0.0236  0.0238  0.0234  0.0237  0.0234  0.0234
  0.0234  0.0233  0.0233  0.0233  0.0235  0.0234  0.0233  0.0235  0.0233  0.0234  0.0233  0.0233
  0.0232  0.0232  0.0232  0.0232  0.0232  0.0232  0.0232  0.0232  0.0232  0.0232  0.0232  0.0232
  0.0231  0.0231  0.0231  0.0232  0.0231  0.0231  0.0231  0.0231  0.0231  0.0231  0.0231  0.0231
  0.0232  0.0232  0.0232  0.0232  0.0232  0.0232  0.0232  0.0232  0.0232  0.0232  0.0232  0.0232
  0.0234  0.0233  0.0233  0.0233  0.0234  0.0233  0.0233  0.0234  0.0233  0.0234  0.0233  0.0233
  0.0237  0.0236  0.0235  0.0235  0.0238  0.0236  0.0236  0.0238  0.0234  0.0236  0.0234  0.0234
   -1.7981   -9.7764   11.1144  -12.3551  -13.6830   -3.9843
    1.3264    0.5822   -3.3496   10.0963   -1.4850  -16.8758
eta,q 0.97685 12.62938

---------------------------------------------------------------------
compute_vox2vox talsrcimg talsrcimg_to_711-2C_as_mni_average_305_t4 /opt/freesurfer/average/711-2C_as_mni_average_305
---------------------------------------------------------------------

freesurfer compute_vox2vox.c
Reading: talsrcimg.4dfp.ifh
Reading: talsrcimg_to_711-2C_as_mni_average_305_t4
Reading: /opt/freesurfer/average/711-2C_as_mni_average_305.4dfp.ifh
Writing: talsrcimg_to_711-2C_as_mni_average_305_t4_vox2vox.txt

start time Tue Mar 10 01:07:43 CET 2026
end		time Tue Mar 10 01:09:11 CET 2026

mpr2mni305 success

avi2talxfm orig_nu.mgz /opt/freesurfer/average/mni305.cor.mgz talsrcimg_to_711-2C_as_mni_average_305_t4_vox2vox.txt transforms/talairach.auto.xfm
avi2talxfm done
mv -f /out/sourcedata/freesurfer/sub-v1s3x0050812_ses-1/mri/talsrcimg_to_711-2C_as_mni_average_305_t4_vox2vox.txt /out/sourcedata/freesurfer/sub-v1s3x0050812_ses-1/mri/transforms/talsrcimg_to_711-2C_as_mni_average_305_t4_vox2vox.txt
lta_convert --src orig_nu.mgz --trg /opt/freesurfer/average/mni305.cor.mgz --inxfm transforms/talairach.auto.xfm --outlta transforms/talairach.auto.xfm.lta --subject fsaverage
7.3.2

--src: orig_nu.mgz src image (geometry).
--trg: /opt/freesurfer/average/mni305.cor.mgz trg image (geometry).
--inmni: transforms/talairach.auto.xfm input MNI/XFM transform.
--outlta: transforms/talairach.auto.xfm.lta output LTA.
--s: fsaverage subject name
 LTA read, type : 1
 1.14018  -0.00497  -0.01849  -9.07657;
 0.02490   1.02041   0.19912  -3.83254;
 0.04133  -0.11955   1.13451   2.63133;
 0.00000   0.00000   0.00000   1.00000;
setting subject to fsaverage
Writing  LTA to file transforms/talairach.auto.xfm.lta...
lta_convert successful.
 
 
Started at Tue Mar 10 01:07:42 CET 2026
Ended   at Tue Mar 10 01:09:11 CET 2026
talairach_avi done
