/out/sourcedata/freesurfer/sub-v1s3x0050811_ses-1/mri
/opt/freesurfer/bin/talairach_avi
--i orig_nu.mgz --xfm transforms/talairach.auto.xfm
talairach_avi 7.3.2
Linux dna003 5.14.0-427.37.1.el9_4.x86_64 #1 SMP PREEMPT_DYNAMIC Fri Sep 13 12:41:50 EDT 2024 x86_64 x86_64 x86_64 GNU/Linux
Tue Mar 10 00:59:20 CET 2026
mri_convert orig_nu.mgz talsrcimg.img 
reading from orig_nu.mgz...
TR=0.00, TE=0.00, TI=0.00, flip angle=0.00
i_ras = (-1, 0, 0)
j_ras = (0, 0, -1)
k_ras = (0, 1, 0)
writing to talsrcimg.img...
Analyze Output Matrix
-1.00000   0.00000   0.00000   128.30103;
 0.00000   0.00000   1.00000  -137.52008;
 0.00000  -1.00000   0.00000   137.31039;
 0.00000   0.00000   0.00000   1.00000;
--------------------
INFO: set hdr.hist.orient to -1
mpr2mni305 talsrcimg
Tue Mar 10 00:59:20 CET 2026
/opt/freesurfer/bin/mpr2mni305 talsrcimg
mpr2mni305 7.3.2
target=711-2C_as_mni_average_305

---------------------------------------------------------------------
analyzeto4dfp talsrcimg -O0 -y
---------------------------------------------------------------------

freesurfer ifh2hdr.c
Tue Mar 10 00:59:20 2026
Writing: talsrcimg.4dfp.hdr
freesurfer analyzeto4dfp.c
Reading: talsrcimg.hdr
header size 348 bytes
hdr.dime.datatype	offset=70	value=2
hdr.dime.bitpix		offset=72	value=8
hdr.hist.orient		offset=252	value=-1
dimensionality     4
dimensions       256       256       256         1
Reading: talsrcimg.img
Writing: talsrcimg.4dfp.img
Writing: talsrcimg.4dfp.ifh
ifh2hdr talsrcimg -r0to245
ori=2

---------------------------------------------------------------------
gauss_4dfp talsrcimg 1.1
---------------------------------------------------------------------

freesurfer gauss_4dfp.c
Reading: talsrcimg.4dfp.img
Writing: talsrcimg_g11.4dfp.img
image dimensions 256 256 256 padded to 288 288 288
processing volume 1freesurfer ifh2hdr.c
Tue Mar 10 00:59:22 2026
Writing: talsrcimg_g11.4dfp.hdr

Writing: talsrcimg_g11.4dfp.ifh
including: talsrcimg.4dfp.img.rec in talsrcimg_g11.4dfp.img.rec

---------------------------------------------------------------------
imgreg_4dfp /opt/freesurfer/average/711-2C_as_mni_average_305 none talsrcimg_g11 none talsrcimg_to_711-2C_as_mni_average_305_t4 4355
---------------------------------------------------------------------

freesurfer imgreg_4dfp.c
/opt/freesurfer/average/711-2C_as_mni_average_305.4dfp.img
       256       256       256         1
  1.000000  1.000000  1.000000
orientation T byte_order littleendian
Reading image: /opt/freesurfer/average/711-2C_as_mni_average_305.4dfp.img
dimensions:      256       256       256
mmppix:       1.0000   -1.0000   -1.0000
center:     128.0000 -129.0000 -129.0000
talsrcimg_g11.4dfp.img
       256       256       256         1
  1.000000  1.000000  1.000000
orientation T byte_order littleendian
Reading image: talsrcimg_g11.4dfp.img
dimensions:      256       256       256
mmppix:       1.0000   -1.0000   -1.0000
center:     128.0000 -129.0000 -129.0000
t4_read: open error in t4_sub.f l:  41 t4_file(1:l)talsrcimg_to_711-2C_as_mni_average_305_t4 
t4_read: transform initialized to I4
rotation matrix determinant  1.000000
image alignment mode   4355 decimal     1103 hex
   -7.5000  -45.0000  -45.0000 7735.0381   20.6797
    0.0000  -45.0000  -45.0000 8073.0776   20.6845
    7.5000  -45.0000  -45.0000 7698.1128   20.7107
   -7.5000  -37.5000  -45.0000 8124.3354   20.6607
    0.0000  -37.5000  -45.0000 8487.8291   20.6570
    7.5000  -37.5000  -45.0000 8094.0225   20.6801
   -7.5000  -30.0000  -45.0000 8804.6758   20.6755
    0.0000  -30.0000  -45.0000 9225.4805   20.6605
    7.5000  -30.0000  -45.0000 8779.4219   20.6633
   -7.5000  -22.5000  -45.0000 9473.9961   20.7127
    0.0000  -22.5000  -45.0000 9925.9668   20.6933
    7.5000  -22.5000  -45.0000 9430.0127   20.6767
   -7.5000  -15.0000  -45.000010106.7051   20.7360
    0.0000  -15.0000  -45.000010587.0146   20.7247
    7.5000  -15.0000  -45.000010016.2012   20.7089
   -7.5000   -7.5000  -45.000010677.8838   20.7174
    0.0000   -7.5000  -45.000011167.3340   20.7194
    7.5000   -7.5000  -45.000010603.6719   20.7260
   -7.5000    0.0000  -45.000011040.7822   20.6795
    0.0000    0.0000  -45.000011515.5586   20.6843
    7.5000    0.0000  -45.000010945.5234   20.7105
   -7.5000    7.5000  -45.000010665.3428   20.6607
    0.0000    7.5000  -45.000011130.5898   20.6570
    7.5000    7.5000  -45.000010557.9795   20.6801
   -7.5000   15.0000  -45.0000 9914.1279   20.6755
    0.0000   15.0000  -45.000010353.7852   20.6605
    7.5000   15.0000  -45.0000 9805.5469   20.6633
   -7.5000   22.5000  -45.0000 9075.6924   20.7099
    0.0000   22.5000  -45.0000 9471.5078   20.6905
    7.5000   22.5000  -45.0000 8967.3623   20.6739
   -7.5000   30.0000  -45.0000 8264.8203   20.4597
    0.0000   30.0000  -45.0000 8645.7900   20.4486
    7.5000   30.0000  -45.0000 8158.1963   20.4330
   -7.5000   37.5000  -45.0000 7815.5161   20.4414
    0.0000   37.5000  -45.0000 8173.7227   20.4433
    7.5000   37.5000  -45.0000 7707.4453   20.4498
   -7.5000   45.0000  -45.0000 7114.4878   19.8896
    0.0000   45.0000  -45.0000 7420.5439   19.8942
    7.5000   45.0000  -45.0000 7027.1914   19.9193
   -7.5000  -45.0000  -37.5000 8322.3584   20.4463
    0.0000  -45.0000  -37.5000 8682.6963   20.4618
    7.5000  -45.0000  -37.5000 8254.1084   20.4672
   -7.5000  -37.5000  -37.5000 8737.3770   20.4320
    0.0000  -37.5000  -37.5000 9121.9980   20.4379
    7.5000  -37.5000  -37.5000 8677.6299   20.4432
   -7.5000  -30.0000  -37.5000 9442.4004   20.4563
    0.0000  -30.0000  -37.5000 9880.2246   20.4507
    7.5000  -30.0000  -37.5000 9367.7900   20.4434
   -7.5000  -22.5000  -37.500010097.2959   20.4999
    0.0000  -22.5000  -37.500010546.8672   20.4901
    7.5000  -22.5000  -37.500010005.3740   20.4688
   -7.5000  -15.0000  -37.500010747.3350   20.5192
    0.0000  -15.0000  -37.500011189.4736   20.5181
    7.5000  -15.0000  -37.500010633.5947   20.4955
   -7.5000   -7.5000  -37.500011374.5547   20.4898
    0.0000   -7.5000  -37.500011839.0332   20.5023
    7.5000   -7.5000  -37.500011254.6865   20.4938
   -7.5000    0.0000  -37.500011728.2637   20.4461
    0.0000    0.0000  -37.500012206.1982   20.4615
    7.5000    0.0000  -37.500011577.5498   20.4670
   -7.5000    7.5000  -37.500011323.0107   20.4320
    0.0000    7.5000  -37.500011793.4521   20.4379
    7.5000    7.5000  -37.500011188.9111   20.4432
   -7.5000   15.0000  -37.500010570.9619   20.4563
    0.0000   15.0000  -37.500010988.0420   20.4507
    7.5000   15.0000  -37.500010409.9404   20.4434
   -7.5000   22.5000  -37.5000 9596.7100   20.4971
    0.0000   22.5000  -37.500010003.6582   20.4873
    7.5000   22.5000  -37.5000 9479.6357   20.4660
   -7.5000   30.0000  -37.5000 8695.2373   20.2457
    0.0000   30.0000  -37.5000 9051.7979   20.2446
    7.5000   30.0000  -37.5000 8589.6465   20.2224
   -7.5000   37.5000  -37.5000 8204.7822   20.2167
    0.0000   37.5000  -37.5000 8554.9678   20.2290
    7.5000   37.5000  -37.5000 8112.3086   20.2207
   -7.5000   45.0000  -37.5000 7442.2627   19.6654
    0.0000   45.0000  -37.5000 7741.4048   19.6802
    7.5000   45.0000  -37.5000 7342.1440   19.6854
   -7.5000  -45.0000  -30.0000 9069.6084   21.2765
    0.0000  -45.0000  -30.0000 9455.1709   21.2932
    7.5000  -45.0000  -30.0000 8959.6582   21.2830
   -7.5000  -37.5000  -30.0000 9545.0215   21.2553
    0.0000  -37.5000  -30.0000 9964.0791   21.2582
    7.5000  -37.5000  -30.0000 9441.6230   21.2462
   -7.5000  -30.0000  -30.000010303.6191   21.2778
    0.0000  -30.0000  -30.000010768.4268   21.2671
    7.5000  -30.0000  -30.000010208.5039   21.2453
   -7.5000  -22.5000  -30.000011012.4424   21.3281
    0.0000  -22.5000  -30.000011482.6152   21.3162
    7.5000  -22.5000  -30.000010893.2812   21.2861
   -7.5000  -15.0000  -30.000011690.7002   21.3547
    0.0000  -15.0000  -30.000012171.0068   21.3551
    7.5000  -15.0000  -30.000011554.6836   21.3261
   -7.5000   -7.5000  -30.000012346.6299   21.3254
    0.0000   -7.5000  -30.000012833.6152   21.3409
    7.5000   -7.5000  -30.000012192.6318   21.3220
   -7.5000    0.0000  -30.000012707.3389   21.2762
    0.0000    0.0000  -30.000013200.0771   21.2929
    7.5000    0.0000  -30.000012532.3379   21.2828
   -7.5000    7.5000  -30.000012217.2061   21.2553
    0.0000    7.5000  -30.000012719.0273   21.2582
    7.5000    7.5000  -30.000012081.4482   21.2462
   -7.5000   15.0000  -30.000011467.8447   21.2778
    0.0000   15.0000  -30.000011917.2129   21.2671
    7.5000   15.0000  -30.000011305.8828   21.2453
   -7.5000   22.5000  -30.000010369.8604   21.3230
    0.0000   22.5000  -30.000010810.8555   21.3110
    7.5000   22.5000  -30.000010260.5713   21.2809
   -7.5000   30.0000  -30.0000 9351.3408   21.0722
    0.0000   30.0000  -30.0000 9731.3115   21.0726
    7.5000   30.0000  -30.0000 9262.1260   21.0439
   -7.5000   37.5000  -30.0000 8828.0869   21.0432
    0.0000   37.5000  -30.0000 9195.0605   21.0585
    7.5000   37.5000  -30.0000 8726.1270   21.0399
   -7.5000   45.0000  -30.0000 7965.7407   20.4783
    0.0000   45.0000  -30.0000 8299.3994   20.4944
    7.5000   45.0000  -30.0000 7869.1782   20.4846
   -7.5000  -45.0000  -22.5000 9860.5830   22.0174
    0.0000  -45.0000  -22.500010257.6465   22.0239
    7.5000  -45.0000  -22.5000 9713.1562   22.0211
   -7.5000  -37.5000  -22.500010395.9131   21.9848
    0.0000  -37.5000  -22.500010820.4941   21.9743
    7.5000  -37.5000  -22.500010249.5615   21.9650
   -7.5000  -30.0000  -22.500011221.4502   21.9904
    0.0000  -30.0000  -22.500011696.3350   21.9658
    7.5000  -30.0000  -22.500011078.0498   21.9413
   -7.5000  -22.5000  -22.500011973.5078   22.0348
    0.0000  -22.5000  -22.500012486.1992   22.0125
    7.5000  -22.5000  -22.500011791.2139   21.9797
   -7.5000  -15.0000  -22.500012730.2490   22.0719
    0.0000  -15.0000  -22.500013264.5039   22.0648
    7.5000  -15.0000  -22.500012518.6514   22.0376
   -7.5000   -7.5000  -22.500013394.3096   22.0599
    0.0000   -7.5000  -22.500013959.0117   22.0675
    7.5000   -7.5000  -22.500013166.9102   22.0551
   -7.5000    0.0000  -22.500013716.4795   22.0171
    0.0000    0.0000  -22.500014306.9805   22.0237
    7.5000    0.0000  -22.500013515.6377   22.0209
   -7.5000    7.5000  -22.500013134.7461   21.9848
    0.0000    7.5000  -22.500013691.8213   21.9743
    7.5000    7.5000  -22.500012965.3418   21.9650
   -7.5000   15.0000  -22.500012305.5898   21.9904
    0.0000   15.0000  -22.500012825.4668   21.9658
    7.5000   15.0000  -22.500012157.1152   21.9413
   -7.5000   22.5000  -22.500011168.9727   22.0280
    0.0000   22.5000  -22.500011620.6240   22.0057
    7.5000   22.5000  -22.500011056.8926   21.9729
   -7.5000   30.0000  -22.500010045.5420   21.7832
    0.0000   30.0000  -22.500010439.7041   21.7762
    7.5000   30.0000  -22.5000 9977.6211   21.7493
   -7.5000   37.5000  -22.5000 9464.9150   21.7714
    0.0000   37.5000  -22.5000 9850.5625   21.7789
    7.5000   37.5000  -22.5000 9404.3281   21.7666
   -7.5000   45.0000  -22.5000 8487.2734   21.2065
    0.0000   45.0000  -22.5000 8843.4014   21.2128
    7.5000   45.0000  -22.5000 8407.8672   21.2101
   -7.5000  -45.0000  -15.000010616.6055   22.5366
    0.0000  -45.0000  -15.000011050.6299   22.5332
    7.5000  -45.0000  -15.000010417.1152   22.5540
   -7.5000  -37.5000  -15.000011208.3604   22.4967
    0.0000  -37.5000  -15.000011678.1533   22.4766
    7.5000  -37.5000  -15.000010973.7119   22.4862
   -7.5000  -30.0000  -15.000012099.0078   22.4892
    0.0000  -30.0000  -15.000012601.8564   22.4553
    7.5000  -30.0000  -15.000011851.9961   22.4408
   -7.5000  -22.5000  -15.000012950.0664   22.5263
    0.0000  -22.5000  -15.000013512.5176   22.4950
    7.5000  -22.5000  -15.000012638.1885   22.4676
   -7.5000  -15.0000  -15.000013785.6592   22.5698
    0.0000  -15.0000  -15.000014381.7021   22.5538
    7.5000  -15.0000  -15.000013454.5723   22.5358
   -7.5000   -7.5000  -15.000014495.4863   22.5724
    0.0000   -7.5000  -15.000015132.7988   22.5704
    7.5000   -7.5000  -15.000014152.5723   22.5765
   -7.5000    0.0000  -15.000014840.0625   22.5364
    0.0000    0.0000  -15.000015505.1201   22.5329
    7.5000    0.0000  -15.000014534.1348   22.5538
   -7.5000    7.5000  -15.000014111.0000   22.4967
    0.0000    7.5000  -15.000014698.7129   22.4766
    7.5000    7.5000  -15.000013850.6631   22.4862
   -7.5000   15.0000  -15.000013218.0420   22.4892
    0.0000   15.0000  -15.000013771.6787   22.4553
    7.5000   15.0000  -15.000013004.3887   22.4408
   -7.5000   22.5000  -15.000011991.1621   22.5183
    0.0000   22.5000  -15.000012487.3164   22.4871
    7.5000   22.5000  -15.000011846.1631   22.4597
   -7.5000   30.0000  -15.000010792.4922   22.2777
    0.0000   30.0000  -15.000011238.4199   22.2619
    7.5000   30.0000  -15.000010738.9961   22.2441
   -7.5000   37.5000  -15.000010157.9561   22.2802
    0.0000   37.5000  -15.000010575.7803   22.2783
    7.5000   37.5000  -15.000010128.3887   22.2843
   -7.5000   45.0000  -15.0000 9043.0068   21.7194
    0.0000   45.0000  -15.0000 9411.9531   21.7160
    7.5000   45.0000  -15.0000 8982.4238   21.7361
   -7.5000  -45.0000   -7.500011362.8125   22.7824
    0.0000  -45.0000   -7.500011788.8604   22.7782
    7.5000  -45.0000   -7.500011117.4258   22.8136
   -7.5000  -37.5000   -7.500012027.3242   22.7512
    0.0000  -37.5000   -7.500012513.9727   22.7342
    7.5000  -37.5000   -7.500011718.8438   22.7601
   -7.5000  -30.0000   -7.500013046.4453   22.7527
    0.0000  -30.0000   -7.500013590.1416   22.7228
    7.5000  -30.0000   -7.500012697.8760   22.7215
   -7.5000  -22.5000   -7.500014018.9268   22.7892
    0.0000  -22.5000   -7.500014631.1738   22.7578
    7.5000  -22.5000   -7.500013637.5039   22.7374
   -7.5000  -15.0000   -7.500014934.0596   22.8245
    0.0000  -15.0000   -7.500015576.7236   22.8050
    7.5000  -15.0000   -7.500014494.9639   22.7915
   -7.5000   -7.5000   -7.500015671.9795   22.8191
    0.0000   -7.5000   -7.500016355.1523   22.8138
    7.5000   -7.5000   -7.500015225.2959   22.8289
   -7.5000    0.0000   -7.500016028.9355   22.7822
    0.0000    0.0000   -7.500016741.6719   22.7780
    7.5000    0.0000   -7.500015637.7607   22.8134
   -7.5000    7.5000   -7.500015193.4463   22.7512
    0.0000    7.5000   -7.500015861.0859   22.7342
    7.5000    7.5000   -7.500014845.3301   22.7601
   -7.5000   15.0000   -7.500014241.9287   22.7527
    0.0000   15.0000   -7.500014849.2119   22.7228
    7.5000   15.0000   -7.500013950.2246   22.7215
   -7.5000   22.5000   -7.500012942.8779   22.7786
    0.0000   22.5000   -7.500013505.1182   22.7472
    7.5000   22.5000   -7.500012738.9502   22.7269
   -7.5000   30.0000   -7.500011702.0049   22.5285
    0.0000   30.0000   -7.500012213.2344   22.5092
    7.5000   30.0000   -7.500011564.2031   22.4960
   -7.5000   37.5000   -7.500010986.0742   22.5231
    0.0000   37.5000   -7.500011471.2832   22.5180
    7.5000   37.5000   -7.500010869.3477   22.5329
   -7.5000   45.0000   -7.5000 9705.3916   21.9609
    0.0000   45.0000   -7.500010123.7910   21.9568
    7.5000   45.0000   -7.5000 9598.1953   21.9909
   -7.5000  -45.0000    0.000012011.3135   22.8245
    0.0000  -45.0000    0.000012513.0117   22.8294
    7.5000  -45.0000    0.000011764.9766   22.8580
   -7.5000  -37.5000    0.000012757.7236   22.8062
    0.0000  -37.5000    0.000013323.1426   22.8017
    7.5000  -37.5000    0.000012434.0107   22.8272
   -7.5000  -30.0000    0.000013939.5225   22.8240
    0.0000  -30.0000    0.000014571.1855   22.8074
    7.5000  -30.0000    0.000013513.7275   22.8108
   -7.5000  -22.5000    0.000015120.5342   22.8639
    0.0000  -22.5000    0.000015809.7109   22.8425
    7.5000  -22.5000    0.000014619.6797   22.8247
   -7.5000  -15.0000    0.000016063.9248   22.8870
    0.0000  -15.0000    0.000016844.0273   22.8746
    7.5000  -15.0000    0.000015522.1748   22.8574
   -7.5000   -7.5000    0.000016734.1875   22.8652
    0.0000   -7.5000    0.000017583.5371   22.8671
    7.5000   -7.5000    0.000016238.1680   22.8742
   -7.5000    0.0000    0.000017016.0078   22.8243
    0.0000    0.0000    0.000017892.2402   22.8292
    7.5000    0.0000    0.000016591.5449   22.8577
   -7.5000    7.5000    0.000016165.6064   22.8062
    0.0000    7.5000    0.000016960.6543   22.8017
    7.5000    7.5000    0.000015734.6289   22.8272
   -7.5000   15.0000    0.000015206.9268   22.8240
    0.0000   15.0000    0.000015914.3799   22.8074
    7.5000   15.0000    0.000014772.1484   22.8108
   -7.5000   22.5000    0.000013838.0264   22.8534
    0.0000   22.5000    0.000014494.7529   22.8320
    7.5000   22.5000    0.000013490.5205   22.8142
   -7.5000   30.0000    0.000012550.9287   22.5908
    0.0000   30.0000    0.000013143.8115   22.5785
    7.5000   30.0000    0.000012278.4111   22.5616
   -7.5000   37.5000    0.000011797.1631   22.5692
    0.0000   37.5000    0.000012328.0078   22.5711
    7.5000   37.5000    0.000011533.3818   22.5782
   -7.5000   45.0000    0.000010423.5107   22.0041
    0.0000   45.0000    0.000010855.6748   22.0088
    7.5000   45.0000    0.000010204.7920   22.0363
   -7.5000  -45.0000    7.500011729.0332   22.8336
    0.0000  -45.0000    7.500012238.1729   22.8504
    7.5000  -45.0000    7.500011534.8428   22.8566
   -7.5000  -37.5000    7.500012374.4961   22.8173
    0.0000  -37.5000    7.500012928.3057   22.8234
    7.5000  -37.5000    7.500012159.4023   22.8294
   -7.5000  -30.0000    7.500013579.7666   22.8442
    0.0000  -30.0000    7.500014186.7480   22.8375
    7.5000  -30.0000    7.500013253.8467   22.8296
   -7.5000  -22.5000    7.500015001.1650   22.8931
    0.0000  -22.5000    7.500015755.1250   22.8818
    7.5000  -22.5000    7.500014458.7236   22.8584
   -7.5000  -15.0000    7.500016147.1250   22.9149
    0.0000  -15.0000    7.500017105.4766   22.9135
    7.5000  -15.0000    7.500015520.6074   22.8887
   -7.5000   -7.5000    7.500016783.2402   22.8822
    0.0000   -7.5000    7.500017800.0605   22.8960
    7.5000   -7.5000    7.500016235.8906   22.8867
   -7.5000    0.0000    7.500016964.0312   22.8333
    0.0000    0.0000    7.500017966.2598   22.8502
    7.5000    0.0000    7.500016480.7344   22.8563
   -7.5000    7.5000    7.500016024.2373   22.8173
    0.0000    7.5000    7.500016925.6738   22.8234
    7.5000    7.5000    7.500015523.8535   22.8294
   -7.5000   15.0000    7.500015054.1299   22.8442
    0.0000   15.0000    7.500015773.4834   22.8375
    7.5000   15.0000    7.500014510.4424   22.8296
   -7.5000   22.5000    7.500013699.3320   22.8825
    0.0000   22.5000    7.500014335.9004   22.8713
    7.5000   22.5000    7.500013255.8818   22.8479
   -7.5000   30.0000    7.500012384.7578   22.6183
    0.0000   30.0000    7.500012952.6553   22.6170
    7.5000   30.0000    7.500012029.6602   22.5924
   -7.5000   37.5000    7.500011636.2695   22.5861
    0.0000   37.5000    7.500012178.3730   22.5997
    7.5000   37.5000    7.500011308.5693   22.5905
   -7.5000   45.0000    7.500010304.0811   22.0132
    0.0000   45.0000    7.500010746.0830   22.0294
    7.5000   45.0000    7.500010013.1367   22.0353
   -7.5000  -45.0000   15.000011313.8271   22.8474
    0.0000  -45.0000   15.000011774.8057   22.8654
    7.5000  -45.0000   15.000011176.2529   22.8544
   -7.5000  -37.5000   15.000011875.5957   22.8246
    0.0000  -37.5000   15.000012349.3789   22.8278
    7.5000  -37.5000   15.000011721.5312   22.8149
   -7.5000  -30.0000   15.000013000.9141   22.8489
    0.0000  -30.0000   15.000013498.8027   22.8374
    7.5000  -30.0000   15.000012819.1494   22.8140
   -7.5000  -22.5000   15.000014475.3096   22.9029
    0.0000  -22.5000   15.000015228.7588   22.8900
    7.5000  -22.5000   15.000014043.0674   22.8577
   -7.5000  -15.0000   15.000015921.0137   22.9314
    0.0000  -15.0000   15.000016801.3574   22.9319
    7.5000  -15.0000   15.000015139.8311   22.9007
   -7.5000   -7.5000   15.000016690.5586   22.9000
    0.0000   -7.5000   15.000017583.4102   22.9166
    7.5000   -7.5000   15.000015885.6689   22.8963
   -7.5000    0.0000   15.000016824.3574   22.8471
    0.0000    0.0000   15.000017657.5469   22.8651
    7.5000    0.0000   15.000016109.8760   22.8542
   -7.5000    7.5000   15.000015663.2822   22.8246
    0.0000    7.5000   15.000016417.3789   22.8278
    7.5000    7.5000   15.000015042.6338   22.8149
   -7.5000   15.0000   15.000014542.8643   22.8489
    0.0000   15.0000   15.000015202.3359   22.8374
    7.5000   15.0000   15.000014013.2383   22.8140
   -7.5000   22.5000   15.000013200.2803   22.8923
    0.0000   22.5000   15.000013776.4951   22.8795
    7.5000   22.5000   15.000012797.3262   22.8472
   -7.5000   30.0000   15.000011959.0342   22.6347
    0.0000   30.0000   15.000012449.2021   22.6351
    7.5000   30.0000   15.000011611.7510   22.6043
   -7.5000   37.5000   15.000011255.3496   22.6036
    0.0000   37.5000   15.000011744.0107   22.6200
    7.5000   37.5000   15.000010911.8760   22.6000
   -7.5000   45.0000   15.0000 9956.5410   22.0259
    0.0000   45.0000   15.000010366.5889   22.0432
    7.5000   45.0000   15.0000 9636.4443   22.0327
   -7.5000  -45.0000   22.500010851.0059   22.8558
    0.0000  -45.0000   22.500011270.3027   22.8626
    7.5000  -45.0000   22.500010759.6738   22.8597
   -7.5000  -37.5000   22.500011407.7070   22.8220
    0.0000  -37.5000   22.500011803.0371   22.8110
    7.5000  -37.5000   22.500011268.9473   22.8014
   -7.5000  -30.0000   22.500012551.0742   22.8278
    0.0000  -30.0000   22.500012999.3213   22.8022
    7.5000  -30.0000   22.500012339.6758   22.7768
   -7.5000  -22.5000   22.500013828.7549   22.8739
    0.0000  -22.5000   22.500014456.6826   22.8507
    7.5000  -22.5000   22.500013472.2188   22.8166
   -7.5000  -15.0000   22.500014858.6348   22.9124
    0.0000  -15.0000   22.500015505.5996   22.9051
    7.5000  -15.0000   22.500014372.2080   22.8768
   -7.5000   -7.5000   22.500015634.7061   22.8999
    0.0000   -7.5000   22.500016256.8184   22.9078
    7.5000   -7.5000   22.500015062.7764   22.8949
   -7.5000    0.0000   22.500016015.0020   22.8555
    0.0000    0.0000   22.500016673.2871   22.8623
    7.5000    0.0000   22.500015419.6758   22.8594
   -7.5000    7.5000   22.500014943.1553   22.8220
    0.0000    7.5000   22.500015585.1992   22.8110
    7.5000    7.5000   22.500014408.0576   22.8014
   -7.5000   15.0000   22.500013796.6660   22.8278
    0.0000   15.0000   22.500014394.0361   22.8022
    7.5000   15.0000   22.500013334.5000   22.7768
   -7.5000   22.5000   22.500012574.6924   22.8633
    0.0000   22.5000   22.500013063.2715   22.8402
    7.5000   22.5000   22.500012182.8516   22.8061
   -7.5000   30.0000   22.500011410.5801   22.6159
    0.0000   30.0000   22.500011812.6387   22.6086
    7.5000   30.0000   22.500011058.5723   22.5807
   -7.5000   37.5000   22.500010719.6523   22.6036
    0.0000   37.5000   22.500011108.6270   22.6114
    7.5000   37.5000   22.500010401.1709   22.5986
   -7.5000   45.0000   22.5000 9466.8018   22.0331
    0.0000   45.0000   22.5000 9823.7275   22.0397
    7.5000   45.0000   22.5000 9189.0986   22.0369
   -7.5000  -45.0000   30.000010230.4414   22.8459
    0.0000  -45.0000   30.000010658.4395   22.8424
    7.5000  -45.0000   30.000010144.7666   22.8635
   -7.5000  -37.5000   30.000010773.3896   22.8054
    0.0000  -37.5000   30.000011152.0840   22.7851
    7.5000  -37.5000   30.000010644.1543   22.7948
   -7.5000  -30.0000   30.000011752.0488   22.7978
    0.0000  -30.0000   30.000012213.1533   22.7635
    7.5000  -30.0000   30.000011599.0762   22.7488
   -7.5000  -22.5000   30.000012724.7773   22.8354
    0.0000  -22.5000   30.000013285.3457   22.8037
    7.5000  -22.5000   30.000012548.6182   22.7759
   -7.5000  -15.0000   30.000013508.3223   22.8796
    0.0000  -15.0000   30.000014005.9629   22.8633
    7.5000  -15.0000   30.000013291.9434   22.8451
   -7.5000   -7.5000   30.000014245.2666   22.8821
    0.0000   -7.5000   30.000014739.7617   22.8801
    7.5000   -7.5000   30.000013984.4189   22.8864
   -7.5000    0.0000   30.000014712.5615   22.8457
    0.0000    0.0000   30.000015250.4014   22.8422
    7.5000    0.0000   30.000014389.3955   22.8633
   -7.5000    7.5000   30.000013866.1162   22.8054
    0.0000    7.5000   30.000014379.9023   22.7851
    7.5000    7.5000   30.000013520.0713   22.7948
   -7.5000   15.0000   30.000012830.2266   22.7978
    0.0000   15.0000   30.000013318.3936   22.7635
    7.5000   15.0000   30.000012499.9971   22.7488
   -7.5000   22.5000   30.000011728.8623   22.8249
    0.0000   22.5000   30.000012178.5938   22.7932
    7.5000   22.5000   30.000011418.5010   22.7655
   -7.5000   30.0000   30.000010635.0684   22.5835
    0.0000   30.0000   30.000011044.5830   22.5675
    7.5000   30.0000   30.000010358.7188   22.5494
   -7.5000   37.5000   30.0000 9979.0107   22.5860
    0.0000   37.5000   30.000010346.6338   22.5840
    7.5000   37.5000   30.0000 9744.5186   22.5902
   -7.5000   45.0000   30.0000 8776.6426   22.0233
    0.0000   45.0000   30.0000 9093.3271   22.0199
    7.5000   45.0000   30.0000 8587.2061   22.0402
   -7.5000  -45.0000   37.5000 9879.2793   22.9360
    0.0000  -45.0000   37.500010253.7871   22.9320
    7.5000  -45.0000   37.5000 9830.4834   22.9674
   -7.5000  -37.5000   37.500010390.4287   22.9039
    0.0000  -37.5000   37.500010766.8291   22.8871
    7.5000  -37.5000   37.500010315.4600   22.9130
   -7.5000  -30.0000   37.500011299.3760   22.9050
    0.0000  -30.0000   37.500011748.2715   22.8749
    7.5000  -30.0000   37.500011234.8887   22.8733
   -7.5000  -22.5000   37.500012091.7354   22.9419
    0.0000  -22.5000   37.500012585.7822   22.9101
    7.5000  -22.5000   37.500012018.0654   22.8891
   -7.5000  -15.0000   37.500012798.9766   22.9780
    0.0000  -15.0000   37.500013266.1836   22.9582
    7.5000  -15.0000   37.500012742.4209   22.9441
   -7.5000   -7.5000   37.500013515.9531   22.9730
    0.0000   -7.5000   37.500013988.7637   22.9677
    7.5000   -7.5000   37.500013388.5762   22.9825
   -7.5000    0.0000   37.500014028.9941   22.9358
    0.0000    0.0000   37.500014518.1963   22.9318
    7.5000    0.0000   37.500013832.2471   22.9672
   -7.5000    7.5000   37.500013303.3379   22.9039
    0.0000    7.5000   37.500013787.5967   22.8871
    7.5000    7.5000   37.500013070.5713   22.9130
   -7.5000   15.0000   37.500012333.2607   22.9050
    0.0000   15.0000   37.500012782.9229   22.8749
    7.5000   15.0000   37.500012072.7588   22.8733
   -7.5000   22.5000   37.500011305.8721   22.9313
    0.0000   22.5000   37.500011739.3506   22.8995
    7.5000   22.5000   37.500011072.0332   22.8786
   -7.5000   30.0000   37.500010271.1553   22.6806
    0.0000   30.0000   37.500010657.5713   22.6610
    7.5000   30.0000   37.500010042.8242   22.6472
   -7.5000   37.5000   37.5000 9572.4443   22.6757
    0.0000   37.5000   37.5000 9909.9434   22.6704
    7.5000   37.5000   37.5000 9345.4785   22.6850
   -7.5000   45.0000   37.5000 8375.6895   22.1106
    0.0000   45.0000   37.5000 8679.8027   22.1067
    7.5000   45.0000   37.5000 8214.0420   22.1408
   -7.5000  -45.0000   45.0000 9076.8086   23.0643
    0.0000  -45.0000   45.0000 9428.8379   23.0686
    7.5000  -45.0000   45.0000 9029.9824   23.1001
   -7.5000  -37.5000   45.0000 9550.5479   23.0466
    0.0000  -37.5000   45.0000 9900.8662   23.0410
    7.5000  -37.5000   45.0000 9509.8691   23.0685
   -7.5000  -30.0000   45.000010330.4590   23.0653
    0.0000  -30.0000   45.000010731.0859   23.0469
    7.5000  -30.0000   45.000010337.6621   23.0503
   -7.5000  -22.5000   45.000011042.5723   23.1055
    0.0000  -22.5000   45.000011461.6426   23.0820
    7.5000  -22.5000   45.000011036.0049   23.0631
   -7.5000  -15.0000   45.000011673.0859   23.1281
    0.0000  -15.0000   45.000012113.2295   23.1139
    7.5000  -15.0000   45.000011655.3818   23.0964
   -7.5000   -7.5000   45.000012309.8867   23.1053
    0.0000   -7.5000   45.000012768.1826   23.1062
    7.5000   -7.5000   45.000012250.2891   23.1151
   -7.5000    0.0000   45.000012788.9219   23.0641
    0.0000    0.0000   45.000013258.3691   23.0683
    7.5000    0.0000   45.000012664.3730   23.0999
   -7.5000    7.5000   45.000012148.9395   23.0466
    0.0000    7.5000   45.000012615.2822   23.0410
    7.5000    7.5000   45.000012007.6143   23.0685
   -7.5000   15.0000   45.000011250.9961   23.0653
    0.0000   15.0000   45.000011674.6572   23.0469
    7.5000   15.0000   45.000011073.8125   23.0503
   -7.5000   22.5000   45.000010329.3535   23.0948
    0.0000   22.5000   45.000010742.3047   23.0713
    7.5000   22.5000   45.000010166.9902   23.0525
   -7.5000   30.0000   45.0000 9368.6865   22.8267
    0.0000   30.0000   45.0000 9747.5986   22.8128
    7.5000   30.0000   45.0000 9199.7676   22.7955
   -7.5000   37.5000   45.0000 8694.7197   22.8043
    0.0000   37.5000   45.0000 9063.6875   22.8052
    7.5000   37.5000   45.0000 8528.8779   22.8140
   -7.5000   45.0000   45.0000 7621.4775   22.2452
    0.0000   45.0000   45.0000 7975.3081   22.2493
    7.5000   45.0000   45.0000 7506.1821   22.2797

---------------------------------------------------------------------
imgreg_4dfp /opt/freesurfer/average/711-2C_as_mni_average_305 /opt/freesurfer/average/711-2B_as_mni_average_305_mask talsrcimg_g11 none talsrcimg_to_711-2C_as_mni_average_305_t4 4355
---------------------------------------------------------------------

freesurfer imgreg_4dfp.c
/opt/freesurfer/average/711-2C_as_mni_average_305.4dfp.img
       256       256       256         1
  1.000000  1.000000  1.000000
orientation T byte_order littleendian
Reading image: /opt/freesurfer/average/711-2C_as_mni_average_305.4dfp.img
dimensions:      256       256       256
mmppix:       1.0000   -1.0000   -1.0000
center:     128.0000 -129.0000 -129.0000
/opt/freesurfer/average/711-2B_as_mni_average_305_mask.4dfp.img
       256       256       256         1
  1.000000  1.000000  1.000000
orientation T byte_order littleendian
Reading mask: /opt/freesurfer/average/711-2B_as_mni_average_305_mask.4dfp.img (2306576 pixels)
talsrcimg_g11.4dfp.img
       256       256       256         1
  1.000000  1.000000  1.000000
orientation T byte_order littleendian
Reading image: talsrcimg_g11.4dfp.img
dimensions:      256       256       256
mmppix:       1.0000   -1.0000   -1.0000
center:     128.0000 -129.0000 -129.0000
rotation matrix determinant  1.000000
image alignment mode   4355 decimal     1103 hex
   -7.5000  -45.0000  -37.5000 2239.3904   23.0672
    0.0000  -45.0000  -37.5000 2244.6973   23.1328
    7.5000  -45.0000  -37.5000 2217.1506   23.2070
   -7.5000  -37.5000  -37.5000 2285.1965   21.8375
    0.0000  -37.5000  -37.5000 2292.4185   21.9376
    7.5000  -37.5000  -37.5000 2265.7249   22.0660
   -7.5000  -30.0000  -37.5000 2311.5730   21.0859
    0.0000  -30.0000  -37.5000 2324.4465   21.1370
    7.5000  -30.0000  -37.5000 2292.1379   21.3508
   -7.5000  -22.5000  -37.5000 2329.0266   20.6689
    0.0000  -22.5000  -37.5000 2340.6567   20.6501
    7.5000  -22.5000  -37.5000 2305.9807   20.8523
   -7.5000  -15.0000  -37.5000 2338.0989   20.5388
    0.0000  -15.0000  -37.5000 2343.9441   20.4808
    7.5000  -15.0000  -37.5000 2316.3135   20.6867
   -7.5000   -7.5000  -37.5000 2343.0933   20.7467
    0.0000   -7.5000  -37.5000 2349.4863   20.6549
    7.5000   -7.5000  -37.5000 2317.0918   20.9489
   -7.5000    0.0000  -37.5000 2331.2979   21.1793
    0.0000    0.0000  -37.5000 2338.9524   21.1859
    7.5000    0.0000  -37.5000 2301.4670   21.4966
   -7.5000    7.5000  -37.5000 2309.5366   22.0756
    0.0000    7.5000  -37.5000 2317.2332   21.9975
    7.5000    7.5000  -37.5000 2278.0623   22.3990
   -7.5000   15.0000  -37.5000 2252.4475   23.3362
    0.0000   15.0000  -37.5000 2257.9902   23.2374
    7.5000   15.0000  -37.5000 2215.2319   23.6091
   -7.5000   22.5000  -37.5000 2173.7273   24.9563
    0.0000   22.5000  -37.5000 2183.7695   24.8436
    7.5000   22.5000  -37.5000 2142.7874   25.1805
   -7.5000   30.0000  -37.5000 2079.4104   27.1214
    0.0000   30.0000  -37.5000 2082.8914   27.0319
    7.5000   30.0000  -37.5000 2043.7148   27.4884
   -7.5000   37.5000  -37.5000 1971.0127   30.0687
    0.0000   37.5000  -37.5000 1973.1573   30.0929
    7.5000   37.5000  -37.5000 1934.8265   30.5689
   -7.5000   45.0000  -37.5000 1851.1936   33.9154
    0.0000   45.0000  -37.5000 1850.4204   33.9601
    7.5000   45.0000  -37.5000 1821.8658   34.5718
   -7.5000  -45.0000  -30.0000 2371.2764   22.1588
    0.0000  -45.0000  -30.0000 2377.0796   22.1190
    7.5000  -45.0000  -30.0000 2344.7046   22.2207
   -7.5000  -37.5000  -30.0000 2422.2024   20.8157
    0.0000  -37.5000  -30.0000 2434.2139   20.8026
    7.5000  -37.5000  -30.0000 2397.1863   20.9462
   -7.5000  -30.0000  -30.0000 2461.3301   20.0116
    0.0000  -30.0000  -30.0000 2474.4731   19.9486
    7.5000  -30.0000  -30.0000 2438.6497   20.1222
   -7.5000  -22.5000  -30.0000 2489.6367   19.5993
    0.0000  -22.5000  -30.0000 2501.4688   19.5293
    7.5000  -22.5000  -30.0000 2462.7407   19.7383
   -7.5000  -15.0000  -30.0000 2490.9258   19.5480
    0.0000  -15.0000  -30.0000 2497.6082   19.5105
    7.5000  -15.0000  -30.0000 2466.8501   19.6798
   -7.5000   -7.5000  -30.0000 2498.0999   19.7434
    0.0000   -7.5000  -30.0000 2501.1472   19.6331
    7.5000   -7.5000  -30.0000 2472.0354   19.8828
   -7.5000    0.0000  -30.0000 2484.8816   20.1639
    0.0000    0.0000  -30.0000 2494.3528   20.1007
    7.5000    0.0000  -30.0000 2453.5039   20.3884
   -7.5000    7.5000  -30.0000 2461.6736   20.9801
    0.0000    7.5000  -30.0000 2469.3787   20.9169
    7.5000    7.5000  -30.0000 2422.3384   21.2195
   -7.5000   15.0000  -30.0000 2408.8552   22.1536
    0.0000   15.0000  -30.0000 2411.5630   22.0536
    7.5000   15.0000  -30.0000 2363.4338   22.3787
   -7.5000   22.5000  -30.0000 2318.2219   23.7144
    0.0000   22.5000  -30.0000 2327.4771   23.6285
    7.5000   22.5000  -30.0000 2281.1016   23.9261
   -7.5000   30.0000  -30.0000 2209.8027   25.7749
    0.0000   30.0000  -30.0000 2217.7024   25.7147
    7.5000   30.0000  -30.0000 2171.8796   26.0619
   -7.5000   37.5000  -30.0000 2095.6189   28.5282
    0.0000   37.5000  -30.0000 2103.0674   28.5261
    7.5000   37.5000  -30.0000 2056.1978   28.9368
   -7.5000   45.0000  -30.0000 1969.3547   32.0334
    0.0000   45.0000  -30.0000 1979.2617   32.0803
    7.5000   45.0000  -30.0000 1934.2076   32.6084
   -7.5000  -45.0000  -22.5000 2475.3123   20.9833
    0.0000  -45.0000  -22.5000 2480.0476   20.8725
    7.5000  -45.0000  -22.5000 2446.8950   20.9894
   -7.5000  -37.5000  -22.5000 2538.0447   19.7363
    0.0000  -37.5000  -22.5000 2546.2385   19.5546
    7.5000  -37.5000  -22.5000 2515.4434   19.7318
   -7.5000  -30.0000  -22.5000 2581.3967   18.8926
    0.0000  -30.0000  -22.5000 2593.3525   18.7268
    7.5000  -30.0000  -22.5000 2559.6697   18.9108
   -7.5000  -22.5000  -22.5000 2615.7727   18.4623
    0.0000  -22.5000  -22.5000 2630.5989   18.3133
    7.5000  -22.5000  -22.5000 2589.6333   18.5224
   -7.5000  -15.0000  -22.5000 2629.1694   18.4324
    0.0000  -15.0000  -22.5000 2639.2048   18.3375
    7.5000  -15.0000  -22.5000 2597.1506   18.5143
   -7.5000   -7.5000  -22.5000 2632.2888   18.5941
    0.0000   -7.5000  -22.5000 2642.1963   18.4798
    7.5000   -7.5000  -22.5000 2604.3027   18.7171
   -7.5000    0.0000  -22.5000 2619.5181   19.0440
    0.0000    0.0000  -22.5000 2632.2837   18.9734
    7.5000    0.0000  -22.5000 2584.8301   19.2414
   -7.5000    7.5000  -22.5000 2591.8962   19.7474
    0.0000    7.5000  -22.5000 2605.4211   19.6907
    7.5000    7.5000  -22.5000 2553.6021   19.9938
   -7.5000   15.0000  -22.5000 2532.1628   20.8813
    0.0000   15.0000  -22.5000 2543.2617   20.7687
    7.5000   15.0000  -22.5000 2494.5007   21.0312
   -7.5000   22.5000  -22.5000 2440.4089   22.3765
    0.0000   22.5000  -22.5000 2448.9644   22.2473
    7.5000   22.5000  -22.5000 2407.2378   22.5678
   -7.5000   30.0000  -22.5000 2321.9553   24.3174
    0.0000   30.0000  -22.5000 2329.9106   24.1699
    7.5000   30.0000  -22.5000 2287.3811   24.5434
   -7.5000   37.5000  -22.5000 2200.8992   26.8912
    0.0000   37.5000  -22.5000 2209.7373   26.7692
    7.5000   37.5000  -22.5000 2167.2046   27.2497
   -7.5000   45.0000  -22.5000 2063.6956   30.1523
    0.0000   45.0000  -22.5000 2071.2571   30.2006
    7.5000   45.0000  -22.5000 2028.4772   30.7137
   -7.5000  -45.0000  -15.0000 2531.8640   19.8634
    0.0000  -45.0000  -15.0000 2541.5015   19.7824
    7.5000  -45.0000  -15.0000 2502.9731   19.8450
   -7.5000  -37.5000  -15.0000 2609.8062   18.5944
    0.0000  -37.5000  -15.0000 2620.9924   18.4795
    7.5000  -37.5000  -15.0000 2581.1299   18.5696
   -7.5000  -30.0000  -15.0000 2657.8206   17.8014
    0.0000  -30.0000  -15.0000 2669.9277   17.6901
    7.5000  -30.0000  -15.0000 2633.9834   17.8179
   -7.5000  -22.5000  -15.0000 2702.1360   17.3437
    0.0000  -22.5000  -15.0000 2717.0566   17.2084
    7.5000  -22.5000  -15.0000 2666.5981   17.3556
   -7.5000  -15.0000  -15.0000 2721.7534   17.2325
    0.0000  -15.0000  -15.0000 2736.5784   17.1616
    7.5000  -15.0000  -15.0000 2688.6616   17.3176
   -7.5000   -7.5000  -15.0000 2729.0530   17.4222
    0.0000   -7.5000  -15.0000 2742.7751   17.3639
    7.5000   -7.5000  -15.0000 2693.7798   17.5923
   -7.5000    0.0000  -15.0000 2718.5122   17.9026
    0.0000    0.0000  -15.0000 2734.9436   17.8302
    7.5000    0.0000  -15.0000 2687.3599   18.1331
   -7.5000    7.5000  -15.0000 2687.6074   18.6337
    0.0000    7.5000  -15.0000 2701.3564   18.5300
    7.5000    7.5000  -15.0000 2656.0605   18.8675
   -7.5000   15.0000  -15.0000 2624.4546   19.6682
    0.0000   15.0000  -15.0000 2634.1965   19.5629
    7.5000   15.0000  -15.0000 2592.4988   19.8429
   -7.5000   22.5000  -15.0000 2525.1545   21.1202
    0.0000   22.5000  -15.0000 2535.6838   20.9838
    7.5000   22.5000  -15.0000 2500.4175   21.2755
   -7.5000   30.0000  -15.0000 2400.9656   23.0202
    0.0000   30.0000  -15.0000 2410.9207   22.8841
    7.5000   30.0000  -15.0000 2377.8037   23.2524
   -7.5000   37.5000  -15.0000 2277.2939   25.4970
    0.0000   37.5000  -15.0000 2283.4385   25.3783
    7.5000   37.5000  -15.0000 2251.5701   25.8569
   -7.5000   45.0000  -15.0000 2125.7820   28.6925
    0.0000   45.0000  -15.0000 2129.3406   28.5995
    7.5000   45.0000  -15.0000 2094.5315   29.2116
   -7.5000  -45.0000   -7.5000 2553.9482   18.8516
    0.0000  -45.0000   -7.5000 2563.9648   18.7925
    7.5000  -45.0000   -7.5000 2526.0425   18.8765
   -7.5000  -37.5000   -7.5000 2654.9404   17.6332
    0.0000  -37.5000   -7.5000 2665.4375   17.5891
    7.5000  -37.5000   -7.5000 2625.9895   17.6525
   -7.5000  -30.0000   -7.5000 2716.1492   16.8319
    0.0000  -30.0000   -7.5000 2733.8281   16.8094
    7.5000  -30.0000   -7.5000 2694.3350   16.9020
   -7.5000  -22.5000   -7.5000 2765.4624   16.3844
    0.0000  -22.5000   -7.5000 2787.1655   16.3587
    7.5000  -22.5000   -7.5000 2735.7695   16.4757
   -7.5000  -15.0000   -7.5000 2797.8970   16.2088
    0.0000  -15.0000   -7.5000 2818.2898   16.1179
    7.5000  -15.0000   -7.5000 2760.1174   16.3790
   -7.5000   -7.5000   -7.5000 2817.9517   16.3576
    0.0000   -7.5000   -7.5000 2828.9509   16.3127
    7.5000   -7.5000   -7.5000 2777.4797   16.6483
   -7.5000    0.0000   -7.5000 2799.1182   16.8225
    0.0000    0.0000   -7.5000 2814.9622   16.7513
    7.5000    0.0000   -7.5000 2768.4773   17.1455
   -7.5000    7.5000   -7.5000 2762.4397   17.5601
    0.0000    7.5000   -7.5000 2778.2825   17.4909
    7.5000    7.5000   -7.5000 2733.6599   17.8414
   -7.5000   15.0000   -7.5000 2691.1155   18.6399
    0.0000   15.0000   -7.5000 2704.3030   18.5587
    7.5000   15.0000   -7.5000 2659.1804   18.9074
   -7.5000   22.5000   -7.5000 2590.3528   20.0776
    0.0000   22.5000   -7.5000 2602.1506   19.9605
    7.5000   22.5000   -7.5000 2562.6121   20.3326
   -7.5000   30.0000   -7.5000 2463.2283   21.9408
    0.0000   30.0000   -7.5000 2479.5315   21.8034
    7.5000   30.0000   -7.5000 2438.2783   22.2268
   -7.5000   37.5000   -7.5000 2334.3145   24.3531
    0.0000   37.5000   -7.5000 2345.8191   24.2440
    7.5000   37.5000   -7.5000 2302.9111   24.7124
   -7.5000   45.0000   -7.5000 2171.2952   27.4604
    0.0000   45.0000   -7.5000 2179.5464   27.3924
    7.5000   45.0000   -7.5000 2139.6401   27.9330
   -7.5000  -45.0000    0.0000 2563.6716   18.1622
    0.0000  -45.0000    0.0000 2580.6421   18.0992
    7.5000  -45.0000    0.0000 2543.7529   18.2576
   -7.5000  -37.5000    0.0000 2675.7649   16.9634
    0.0000  -37.5000    0.0000 2694.5913   16.9347
    7.5000  -37.5000    0.0000 2650.0322   17.0262
   -7.5000  -30.0000    0.0000 2759.6614   16.1879
    0.0000  -30.0000    0.0000 2785.8621   16.1809
    7.5000  -30.0000    0.0000 2736.5322   16.2655
   -7.5000  -22.5000    0.0000 2826.5466   15.7632
    0.0000  -22.5000    0.0000 2851.2827   15.7866
    7.5000  -22.5000    0.0000 2803.1641   15.8733
   -7.5000  -15.0000    0.0000 2869.0056   15.5812
    0.0000  -15.0000    0.0000 2891.3533   15.5189
    7.5000  -15.0000    0.0000 2825.9880   15.7216
   -7.5000   -7.5000    0.0000 2884.2869   15.5895
    0.0000   -7.5000    0.0000 2908.1853   15.5861
    7.5000   -7.5000    0.0000 2836.7830   15.9337
   -7.5000    0.0000    0.0000 2854.4348   15.9911
    0.0000    0.0000    0.0000 2878.6660   15.9742
    7.5000    0.0000    0.0000 2821.1301   16.4176
   -7.5000    7.5000    0.0000 2814.1118   16.7298
    0.0000    7.5000    0.0000 2836.1934   16.7200
    7.5000    7.5000    0.0000 2785.6550   17.1583
   -7.5000   15.0000    0.0000 2737.2649   17.8313
    0.0000   15.0000    0.0000 2756.8711   17.8143
    7.5000   15.0000    0.0000 2707.4519   18.2113
   -7.5000   22.5000    0.0000 2630.8765   19.3475
    0.0000   22.5000    0.0000 2649.6296   19.2909
    7.5000   22.5000    0.0000 2605.9709   19.6446
   -7.5000   30.0000    0.0000 2502.6970   21.2730
    0.0000   30.0000    0.0000 2521.9126   21.1594
    7.5000   30.0000    0.0000 2478.5266   21.5728
   -7.5000   37.5000    0.0000 2372.6013   23.5644
    0.0000   37.5000    0.0000 2385.0950   23.4686
    7.5000   37.5000    0.0000 2341.8474   23.9933
   -7.5000   45.0000    0.0000 2212.4680   26.4837
    0.0000   45.0000    0.0000 2219.6370   26.4986
    7.5000   45.0000    0.0000 2181.2051   27.0615
   -7.5000  -45.0000    7.5000 2559.1267   17.6493
    0.0000  -45.0000    7.5000 2576.3569   17.6035
    7.5000  -45.0000    7.5000 2551.6013   17.9222
   -7.5000  -37.5000    7.5000 2675.4387   16.4321
    0.0000  -37.5000    7.5000 2696.3970   16.3483
    7.5000  -37.5000    7.5000 2662.4004   16.6306
   -7.5000  -30.0000    7.5000 2773.4421   15.6844
    0.0000  -30.0000    7.5000 2803.6077   15.6114
    7.5000  -30.0000    7.5000 2756.6313   15.8327
   -7.5000  -22.5000    7.5000 2866.2761   15.4142
    0.0000  -22.5000    7.5000 2897.3301   15.3411
    7.5000  -22.5000    7.5000 2844.8298   15.4729
   -7.5000  -15.0000    7.5000 2935.3428   15.3812
    0.0000  -15.0000    7.5000 2979.8083   15.3392
    7.5000  -15.0000    7.5000 2892.2803   15.4224
   -7.5000   -7.5000    7.5000 2946.8770   15.3047
    0.0000   -7.5000    7.5000 2992.7532   15.3887
    7.5000   -7.5000    7.5000 2895.2737   15.6304
   -7.5000    0.0000    7.5000 2896.6116   15.5312
    0.0000    0.0000    7.5000 2929.0847   15.5993
    7.5000    0.0000    7.5000 2854.8115   15.9763
   -7.5000    7.5000    7.5000 2841.3584   16.1947
    0.0000    7.5000    7.5000 2871.7095   16.2044
    7.5000    7.5000    7.5000 2812.5000   16.6047
   -7.5000   15.0000    7.5000 2764.1565   17.3448
    0.0000   15.0000    7.5000 2786.8823   17.2598
    7.5000   15.0000    7.5000 2739.7209   17.6719
   -7.5000   22.5000    7.5000 2652.2998   18.9163
    0.0000   22.5000    7.5000 2674.1582   18.8383
    7.5000   22.5000    7.5000 2634.6816   19.2018
   -7.5000   30.0000    7.5000 2523.3970   20.7777
    0.0000   30.0000    7.5000 2544.1426   20.7400
    7.5000   30.0000    7.5000 2504.8770   21.1047
   -7.5000   37.5000    7.5000 2393.8816   23.0509
    0.0000   37.5000    7.5000 2404.0564   23.0233
    7.5000   37.5000    7.5000 2365.0381   23.4481
   -7.5000   45.0000    7.5000 2235.8242   25.8664
    0.0000   45.0000    7.5000 2247.0967   25.9003
    7.5000   45.0000    7.5000 2210.4148   26.3914
   -7.5000  -45.0000   15.0000 2535.4990   17.4874
    0.0000  -45.0000   15.0000 2547.3123   17.3419
    7.5000  -45.0000   15.0000 2540.0693   17.8348
   -7.5000  -37.5000   15.0000 2650.0166   16.2343
    0.0000  -37.5000   15.0000 2658.5007   16.1015
    7.5000  -37.5000   15.0000 2650.5264   16.5095
   -7.5000  -30.0000   15.0000 2760.8691   15.4713
    0.0000  -30.0000   15.0000 2774.7798   15.3609
    7.5000  -30.0000   15.0000 2755.8701   15.7189
   -7.5000  -22.5000   15.0000 2871.9309   15.2472
    0.0000  -22.5000   15.0000 2899.0203   15.1941
    7.5000  -22.5000   15.0000 2853.4236   15.4145
   -7.5000  -15.0000   15.0000 2958.7908   15.3464
    0.0000  -15.0000   15.0000 3013.8767   15.3770
    7.5000  -15.0000   15.0000 2913.2234   15.3458
   -7.5000   -7.5000   15.0000 2967.6011   15.4366
    0.0000   -7.5000   15.0000 3035.1235   15.5114
    7.5000   -7.5000   15.0000 2911.0596   15.5167
   -7.5000    0.0000   15.0000 2906.5173   15.5177
    0.0000    0.0000   15.0000 2946.7107   15.4682
    7.5000    0.0000   15.0000 2865.2458   15.8278
   -7.5000    7.5000   15.0000 2846.2979   16.0646
    0.0000    7.5000   15.0000 2869.5681   15.9799
    7.5000    7.5000   15.0000 2814.9009   16.4097
   -7.5000   15.0000   15.0000 2757.1628   17.1862
    0.0000   15.0000   15.0000 2780.8130   17.0456
    7.5000   15.0000   15.0000 2747.2305   17.4773
   -7.5000   22.5000   15.0000 2651.6069   18.7110
    0.0000   22.5000   15.0000 2670.8979   18.5880
    7.5000   22.5000   15.0000 2645.1528   18.9584
   -7.5000   30.0000   15.0000 2524.5627   20.6023
    0.0000   30.0000   15.0000 2537.8403   20.5098
    7.5000   30.0000   15.0000 2514.1069   20.8730
   -7.5000   37.5000   15.0000 2391.7603   22.9314
    0.0000   37.5000   15.0000 2403.0322   22.8444
    7.5000   37.5000   15.0000 2367.5400   23.2351
   -7.5000   45.0000   15.0000 2232.2356   25.7386
    0.0000   45.0000   15.0000 2238.2156   25.7332
    7.5000   45.0000   15.0000 2205.0088   26.1674
   -7.5000  -45.0000   22.5000 2508.1382   17.8680
    0.0000  -45.0000   22.5000 2511.7283   17.6073
    7.5000  -45.0000   22.5000 2521.2832   18.2029
   -7.5000  -37.5000   22.5000 2619.5295   16.6013
    0.0000  -37.5000   22.5000 2620.4739   16.4155
    7.5000  -37.5000   22.5000 2627.6067   16.8709
   -7.5000  -30.0000   22.5000 2731.6523   15.8076
    0.0000  -30.0000   22.5000 2732.0149   15.6561
    7.5000  -30.0000   22.5000 2727.1765   16.0202
   -7.5000  -22.5000   22.5000 2843.6436   15.4412
    0.0000  -22.5000   22.5000 2859.2295   15.3645
    7.5000  -22.5000   22.5000 2830.5229   15.5545
   -7.5000  -15.0000   22.5000 2912.8274   15.2874
    0.0000  -15.0000   22.5000 2958.7212   15.2603
    7.5000  -15.0000   22.5000 2887.3479   15.3770
   -7.5000   -7.5000   22.5000 2919.6562   15.3868
    0.0000   -7.5000   22.5000 2961.9966   15.2880
    7.5000   -7.5000   22.5000 2885.1069   15.5335
   -7.5000    0.0000   22.5000 2885.0657   15.7922
    0.0000    0.0000   22.5000 2918.7939   15.6763
    7.5000    0.0000   22.5000 2851.7820   15.9685
   -7.5000    7.5000   22.5000 2825.8086   16.5336
    0.0000    7.5000   22.5000 2846.4531   16.4447
    7.5000    7.5000   22.5000 2796.9185   16.6825
   -7.5000   15.0000   22.5000 2732.4990   17.6328
    0.0000   15.0000   22.5000 2753.2319   17.4789
    7.5000   15.0000   22.5000 2722.2104   17.7455
   -7.5000   22.5000   22.5000 2631.5747   19.0533
    0.0000   22.5000   22.5000 2644.1841   18.8964
    7.5000   22.5000   22.5000 2625.4275   19.1539
   -7.5000   30.0000   22.5000 2505.7209   20.8302
    0.0000   30.0000   22.5000 2518.6904   20.6664
    7.5000   30.0000   22.5000 2499.2974   20.9852
   -7.5000   37.5000   22.5000 2373.1335   23.0614
    0.0000   37.5000   22.5000 2387.2393   22.9827
    7.5000   37.5000   22.5000 2359.6082   23.2726
   -7.5000   45.0000   22.5000 2210.3545   25.8689
    0.0000   45.0000   22.5000 2220.3159   25.8981
    7.5000   45.0000   22.5000 2198.2263   26.2552
   -7.5000  -45.0000   30.0000 2464.2053   18.5523
    0.0000  -45.0000   30.0000 2465.7217   18.3036
    7.5000  -45.0000   30.0000 2474.0024   18.8738
   -7.5000  -37.5000   30.0000 2572.4355   17.2374
    0.0000  -37.5000   30.0000 2569.7451   16.9709
    7.5000  -37.5000   30.0000 2577.9509   17.5267
   -7.5000  -30.0000   30.0000 2672.3489   16.3135
    0.0000  -30.0000   30.0000 2678.7620   16.1224
    7.5000  -30.0000   30.0000 2675.2654   16.6018
   -7.5000  -22.5000   30.0000 2777.2146   15.7780
    0.0000  -22.5000   30.0000 2797.6418   15.7251
    7.5000  -22.5000   30.0000 2774.6394   15.9728
   -7.5000  -15.0000   30.0000 2832.8103   15.5480
    0.0000  -15.0000   30.0000 2855.6445   15.3920
    7.5000  -15.0000   30.0000 2820.5735   15.7335
   -7.5000   -7.5000   30.0000 2848.0442   15.6972
    0.0000   -7.5000   30.0000 2865.8101   15.5139
    7.5000   -7.5000   30.0000 2827.2947   15.9071
   -7.5000    0.0000   30.0000 2826.7839   16.2123
    0.0000    0.0000   30.0000 2852.7559   16.0848
    7.5000    0.0000   30.0000 2805.0754   16.3729
   -7.5000    7.5000   30.0000 2781.0657   17.1030
    0.0000    7.5000   30.0000 2803.8025   16.9725
    7.5000    7.5000   30.0000 2761.2014   17.2119
   -7.5000   15.0000   30.0000 2685.3962   18.2836
    0.0000   15.0000   30.0000 2706.2891   18.1550
    7.5000   15.0000   30.0000 2674.8694   18.3401
   -7.5000   22.5000   30.0000 2589.6589   19.7340
    0.0000   22.5000   30.0000 2606.1985   19.5645
    7.5000   22.5000   30.0000 2581.1726   19.7696
   -7.5000   30.0000   30.0000 2463.2974   21.4461
    0.0000   30.0000   30.0000 2480.8818   21.2734
    7.5000   30.0000   30.0000 2455.0664   21.5100
   -7.5000   37.5000   30.0000 2328.3271   23.6064
    0.0000   37.5000   30.0000 2342.7090   23.4770
    7.5000   37.5000   30.0000 2320.7803   23.8091
   -7.5000   45.0000   30.0000 2165.3750   26.4285
    0.0000   45.0000   30.0000 2175.5457   26.3454
    7.5000   45.0000   30.0000 2159.0085   26.7191
   -7.5000  -45.0000   37.5000 2418.9543   19.3926
    0.0000  -45.0000   37.5000 2414.0374   19.0039
    7.5000  -45.0000   37.5000 2429.6194   19.7708
   -7.5000  -37.5000   37.5000 2527.7583   18.0282
    0.0000  -37.5000   37.5000 2522.7200   17.6059
    7.5000  -37.5000   37.5000 2533.8328   18.3379
   -7.5000  -30.0000   37.5000 2624.0093   17.0564
    0.0000  -30.0000   37.5000 2632.1699   16.7297
    7.5000  -30.0000   37.5000 2630.6680   17.3562
   -7.5000  -22.5000   37.5000 2704.6436   16.3693
    0.0000  -22.5000   37.5000 2727.1394   16.1891
    7.5000  -22.5000   37.5000 2707.8242   16.6399
   -7.5000  -15.0000   37.5000 2759.0991   16.0629
    0.0000  -15.0000   37.5000 2779.3154   15.8666
    7.5000  -15.0000   37.5000 2757.2336   16.3396
   -7.5000   -7.5000   37.5000 2770.4126   16.2666
    0.0000   -7.5000   37.5000 2785.3831   16.0661
    7.5000   -7.5000   37.5000 2761.8025   16.5367
   -7.5000    0.0000   37.5000 2755.9175   16.8771
    0.0000    0.0000   37.5000 2776.8760   16.7038
    7.5000    0.0000   37.5000 2737.8037   17.0633
   -7.5000    7.5000   37.5000 2718.0723   17.8391
    0.0000    7.5000   37.5000 2742.0754   17.6694
    7.5000    7.5000   37.5000 2703.0769   17.9843
   -7.5000   15.0000   37.5000 2633.3010   19.0636
    0.0000   15.0000   37.5000 2651.2781   18.9176
    7.5000   15.0000   37.5000 2621.1213   19.1550
   -7.5000   22.5000   37.5000 2539.9556   20.5603
    0.0000   22.5000   37.5000 2557.6035   20.3668
    7.5000   22.5000   37.5000 2536.1086   20.5918
   -7.5000   30.0000   37.5000 2421.4529   22.4229
    0.0000   30.0000   37.5000 2437.8438   22.1987
    7.5000   30.0000   37.5000 2415.6189   22.3682
   -7.5000   37.5000   37.5000 2273.9971   24.5093
    0.0000   37.5000   37.5000 2285.8628   24.3553
    7.5000   37.5000   37.5000 2268.9585   24.5844
   -7.5000   45.0000   37.5000 2111.1826   27.1793
    0.0000   45.0000   37.5000 2120.4697   27.0826
    7.5000   45.0000   37.5000 2102.7424   27.3650
   -7.5000  -45.0000   45.0000 2369.5222   20.3333
    0.0000  -45.0000   45.0000 2369.8518   19.9322
    7.5000  -45.0000   45.0000 2378.0007   20.7736
   -7.5000  -37.5000   45.0000 2481.0989   18.9430
    0.0000  -37.5000   45.0000 2476.1377   18.5326
    7.5000  -37.5000   45.0000 2480.4438   19.2907
   -7.5000  -30.0000   45.0000 2566.4900   17.8531
    0.0000  -30.0000   45.0000 2572.7690   17.5331
    7.5000  -30.0000   45.0000 2573.9368   18.2202
   -7.5000  -22.5000   45.0000 2639.0806   17.1965
    0.0000  -22.5000   45.0000 2658.7793   16.9250
    7.5000  -22.5000   45.0000 2645.9958   17.5053
   -7.5000  -15.0000   45.0000 2681.9841   16.9298
    0.0000  -15.0000   45.0000 2703.4453   16.7235
    7.5000  -15.0000   45.0000 2682.4314   17.2116
   -7.5000   -7.5000   45.0000 2692.5793   17.1415
    0.0000   -7.5000   45.0000 2708.5122   16.9331
    7.5000   -7.5000   45.0000 2687.0764   17.4079
   -7.5000    0.0000   45.0000 2675.9282   17.7644
    0.0000    0.0000   45.0000 2695.5876   17.5768
    7.5000    0.0000   45.0000 2663.4297   17.9654
   -7.5000    7.5000   45.0000 2642.2473   18.7636
    0.0000    7.5000   45.0000 2664.9714   18.5691
    7.5000    7.5000   45.0000 2627.3083   18.9381
   -7.5000   15.0000   45.0000 2565.1697   19.9952
    0.0000   15.0000   45.0000 2580.7917   19.8076
    7.5000   15.0000   45.0000 2548.1145   20.1560
   -7.5000   22.5000   45.0000 2475.6650   21.4768
    0.0000   22.5000   45.0000 2494.4727   21.3288
    7.5000   22.5000   45.0000 2466.8936   21.5756
   -7.5000   30.0000   45.0000 2357.1292   23.4065
    0.0000   30.0000   45.0000 2373.2632   23.2727
    7.5000   30.0000   45.0000 2348.2004   23.4688
   -7.5000   37.5000   45.0000 2202.9995   25.5246
    0.0000   37.5000   45.0000 2224.9517   25.4012
    7.5000   37.5000   45.0000 2194.9202   25.6856
   -7.5000   45.0000   45.0000 2053.5732   28.1300
    0.0000   45.0000   45.0000 2075.6582   28.0540
    7.5000   45.0000   45.0000 2039.7938   28.4424
   -7.5000  -45.0000   52.5000 2311.2454   21.4691
    0.0000  -45.0000   52.5000 2327.1331   21.1550
    7.5000  -45.0000   52.5000 2315.8291   21.8707
   -7.5000  -37.5000   52.5000 2415.6360   19.9945
    0.0000  -37.5000   52.5000 2424.7676   19.6523
    7.5000  -37.5000   52.5000 2416.9668   20.3718
   -7.5000  -30.0000   52.5000 2497.9692   18.8533
    0.0000  -30.0000   52.5000 2508.1870   18.5641
    7.5000  -30.0000   52.5000 2503.6121   19.2122
   -7.5000  -22.5000   52.5000 2566.9026   18.2277
    0.0000  -22.5000   52.5000 2586.3054   17.9845
    7.5000  -22.5000   52.5000 2572.3188   18.5859
   -7.5000  -15.0000   52.5000 2595.1619   18.0263
    0.0000  -15.0000   52.5000 2616.3557   17.9177
    7.5000  -15.0000   52.5000 2600.9937   18.3509
   -7.5000   -7.5000   52.5000 2600.5708   18.2484
    0.0000   -7.5000   52.5000 2619.2432   18.1261
    7.5000   -7.5000   52.5000 2603.3374   18.5449
   -7.5000    0.0000   52.5000 2586.1453   18.9294
    0.0000    0.0000   52.5000 2603.7505   18.7460
    7.5000    0.0000   52.5000 2582.5708   19.1541
   -7.5000    7.5000   52.5000 2562.0876   19.8184
    0.0000    7.5000   52.5000 2578.8020   19.6380
    7.5000    7.5000   52.5000 2547.2026   19.9950
   -7.5000   15.0000   52.5000 2497.6187   21.0771
    0.0000   15.0000   52.5000 2514.3037   20.8880
    7.5000   15.0000   52.5000 2483.2637   21.2319
   -7.5000   22.5000   52.5000 2405.6414   22.6070
    0.0000   22.5000   52.5000 2419.9121   22.4093
    7.5000   22.5000   52.5000 2395.1077   22.7084
   -7.5000   30.0000   52.5000 2283.3762   24.5655
    0.0000   30.0000   52.5000 2297.4897   24.4594
    7.5000   30.0000   52.5000 2272.8069   24.6107
   -7.5000   37.5000   52.5000 2140.1628   26.8252
    0.0000   37.5000   52.5000 2157.1667   26.7216
    7.5000   37.5000   52.5000 2127.3032   26.9291
   -7.5000   45.0000   52.5000 2005.6584   29.5768
    0.0000   45.0000   52.5000 2015.5688   29.5073
    7.5000   45.0000   52.5000 1992.4491   29.8756

---------------------------------------------------------------------
imgreg_4dfp /opt/freesurfer/average/711-2C_as_mni_average_305 /opt/freesurfer/average/711-2B_as_mni_average_305_mask talsrcimg_g11 none talsrcimg_to_711-2C_as_mni_average_305_t4 1283
---------------------------------------------------------------------

freesurfer imgreg_4dfp.c
/opt/freesurfer/average/711-2C_as_mni_average_305.4dfp.img
       256       256       256         1
  1.000000  1.000000  1.000000
orientation T byte_order littleendian
Reading image: /opt/freesurfer/average/711-2C_as_mni_average_305.4dfp.img
dimensions:      256       256       256
mmppix:       1.0000   -1.0000   -1.0000
center:     128.0000 -129.0000 -129.0000
/opt/freesurfer/average/711-2B_as_mni_average_305_mask.4dfp.img
       256       256       256         1
  1.000000  1.000000  1.000000
orientation T byte_order littleendian
Reading mask: /opt/freesurfer/average/711-2B_as_mni_average_305_mask.4dfp.img (2306576 pixels)
talsrcimg_g11.4dfp.img
       256       256       256         1
  1.000000  1.000000  1.000000
orientation T byte_order littleendian
Reading image: talsrcimg_g11.4dfp.img
dimensions:      256       256       256
mmppix:       1.0000   -1.0000   -1.0000
center:     128.0000 -129.0000 -129.0000
rotation matrix determinant  1.000000
fimgreg.f
image alignment mode   1283 decimal      503 hex
parameters
    0.0000   -7.5000   15.0000    0.0000    0.0000    0.0000
eta,q 0.94974 15.49066
niter,ni,del,rscale     5    3   12.0000    1.2000
parameter  2  0.775580 ->  0.500000 qaram    1.1500
parameter  4  0.721383 ->  0.500000 qaram    1.1500
parameters
   -1.5854  -10.9500   13.1383   -3.4500   -0.6269   -0.3241
eta,q 0.96005 15.52135
  0.0639  0.0438  0.0507  0.0399  0.0502  0.0468
  0.0532  0.0428  0.0442  0.0401  0.0456  0.0424
  0.0490  0.0460  0.0420  0.0402  0.0411  0.0401
  0.0519  0.0486  0.0439  0.0419  0.0401  0.0400
  0.0599  0.0517  0.0496  0.0445  0.0431  0.0409
  0.0718  0.0597  0.0589  0.0474  0.0487  0.0434
  0.0852  0.0682  0.0689  0.0522  0.0556  0.0485
niter,ni,del,rscale     6    3   12.0000    1.2000
parameter  4  0.605328 ->  0.500000 qaram    1.3225
parameters
   -1.5707   -9.3681   12.6596   -7.4175   -0.4194   -1.0810
eta,q 0.96352 15.60934
  0.0684  0.0679  0.0509  0.0383  0.0506  0.0429
  0.0537  0.0535  0.0441  0.0369  0.0442  0.0389
  0.0433  0.0443  0.0398  0.0366  0.0387  0.0366
  0.0400  0.0400  0.0383  0.0384  0.0368  0.0368
  0.0440  0.0382  0.0404  0.0423  0.0382  0.0388
  0.0538  0.0424  0.0472  0.0462  0.0427  0.0419
  0.0677  0.0497  0.0561  0.0491  0.0490  0.0461
niter,ni,del,rscale     6    3   12.0000    1.2000
parameters
   -1.7719   -7.9971   12.3677   -7.7246   -0.3169   -1.0734
eta,q 0.96514 15.62719
  0.0635  0.0665  0.0502  0.0465  0.0489  0.0436
  0.0474  0.0536  0.0420  0.0400  0.0426  0.0385
  0.0380  0.0422  0.0358  0.0360  0.0371  0.0353
  0.0365  0.0363  0.0350  0.0349  0.0349  0.0349
  0.0409  0.0351  0.0376  0.0368  0.0368  0.0362
  0.0512  0.0406  0.0439  0.0419  0.0418  0.0390
  0.0660  0.0502  0.0535  0.0480  0.0481  0.0429
niter,ni,del,rscale     5    3   12.0000    1.2000
parameters
   -1.8442   -7.8508   12.3283   -7.8553   -0.2808   -1.0741
eta,q 0.96525 15.62196
  0.0645  0.0594  0.0513  0.0471  0.0486  0.0435
  0.0472  0.0467  0.0431  0.0404  0.0422  0.0383
  0.0371  0.0382  0.0364  0.0362  0.0368  0.0351
  0.0349  0.0348  0.0348  0.0347  0.0348  0.0348
  0.0398  0.0369  0.0369  0.0364  0.0369  0.0361
  0.0501  0.0459  0.0428  0.0415  0.0419  0.0388
  0.0639  0.0573  0.0521  0.0476  0.0483  0.0428
niter,ni,del,rscale     4    3   12.0000    1.2000
parameters
   -1.8609   -7.8135   12.3185   -7.8916   -0.2717   -1.0742
eta,q 0.96526 15.62057
  0.0651  0.0589  0.0514  0.0474  0.0485  0.0434
  0.0475  0.0461  0.0433  0.0407  0.0421  0.0383
  0.0373  0.0379  0.0365  0.0364  0.0367  0.0351
  0.0348  0.0347  0.0347  0.0347  0.0347  0.0347
  0.0396  0.0373  0.0367  0.0363  0.0370  0.0361
  0.0497  0.0465  0.0427  0.0412  0.0420  0.0388
  0.0634  0.0581  0.0519  0.0474  0.0484  0.0427
registration optimization eta report
parameter search radius
    6.0000    6.9000    6.0000    7.9350    6.0000    6.0000
100000*second partial in parameter space
       81.       50.       47.       20.       37.       23.
  0.0651  0.0589  0.0514  0.0474  0.0485  0.0434
  0.0475  0.0461  0.0433  0.0407  0.0421  0.0383
  0.0373  0.0379  0.0365  0.0364  0.0367  0.0351
  0.0348  0.0347  0.0347  0.0347  0.0347  0.0347
  0.0396  0.0373  0.0367  0.0363  0.0370  0.0361
  0.0497  0.0465  0.0427  0.0412  0.0420  0.0388
  0.0634  0.0581  0.0519  0.0474  0.0484  0.0427
   -1.8609   -7.8135   12.3185   -7.8916   -0.2717   -1.0742
eta,q 0.96526 15.62057

---------------------------------------------------------------------
imgreg_4dfp /opt/freesurfer/average/711-2C_as_mni_average_305 /opt/freesurfer/average/711-2B_as_mni_average_305_mask talsrcimg_g11 none talsrcimg_to_711-2C_as_mni_average_305_t4 3335
---------------------------------------------------------------------

freesurfer imgreg_4dfp.c
/opt/freesurfer/average/711-2C_as_mni_average_305.4dfp.img
       256       256       256         1
  1.000000  1.000000  1.000000
orientation T byte_order littleendian
Reading image: /opt/freesurfer/average/711-2C_as_mni_average_305.4dfp.img
dimensions:      256       256       256
mmppix:       1.0000   -1.0000   -1.0000
center:     128.0000 -129.0000 -129.0000
/opt/freesurfer/average/711-2B_as_mni_average_305_mask.4dfp.img
       256       256       256         1
  1.000000  1.000000  1.000000
orientation T byte_order littleendian
Reading mask: /opt/freesurfer/average/711-2B_as_mni_average_305_mask.4dfp.img (2306576 pixels)
talsrcimg_g11.4dfp.img
       256       256       256         1
  1.000000  1.000000  1.000000
orientation T byte_order littleendian
Reading image: talsrcimg_g11.4dfp.img
dimensions:      256       256       256
mmppix:       1.0000   -1.0000   -1.0000
center:     128.0000 -129.0000 -129.0000
fimgreg.f
image alignment mode   3335 decimal      D07 hex
parameters
   -1.8609   -7.8135   12.3185   -0.0187   -0.9632   -0.9482
    1.7919    0.7271   -1.8748   13.7188   -0.4743  -13.7298
eta,q 0.96630 15.67331
niter,ni,del,rscale     5    3    5.0000    1.2000
parameter  4  0.566629 ->  0.500000 qaram    1.1500
parameter  5  1.016467 ->  0.500000 qaram    1.1500
parameters
   -1.7288   -7.5521   12.3505   -4.1587   -5.1032   -1.9481
    1.7643    1.4385    0.0719   12.2047   -0.0191  -12.8229
eta,q 0.97225 15.51349
  0.0401  0.0387  0.0371  0.0327  0.0277  0.0335  0.0318  0.0370  0.0325  0.0312  0.0302  0.0302
  0.0367  0.0361  0.0352  0.0317  0.0280  0.0311  0.0300  0.0330  0.0305  0.0289  0.0289  0.0289
  0.0345  0.0344  0.0341  0.0319  0.0292  0.0291  0.0288  0.0299  0.0291  0.0279  0.0280  0.0281
  0.0337  0.0337  0.0337  0.0337  0.0316  0.0282  0.0284  0.0284  0.0282  0.0280  0.0278  0.0278
  0.0342  0.0339  0.0340  0.0371  0.0353  0.0293  0.0287  0.0286  0.0280  0.0293  0.0279  0.0279
  0.0359  0.0350  0.0351  0.0426  0.0400  0.0331  0.0299  0.0307  0.0284  0.0320  0.0285  0.0283
  0.0388  0.0369  0.0370  0.0490  0.0442  0.0389  0.0320  0.0345  0.0296  0.0361  0.0296  0.0291
niter,ni,del,rscale     6    3    5.0000    1.2000
parameters
   -1.4401   -7.6764   11.7626   -3.8796   -7.9177   -2.1380
    1.4976    1.4650    0.5071   12.1135    0.0038  -13.3907
eta,q 0.97284 15.35295
  0.0338  0.0311  0.0290  0.0336  0.0290  0.0330  0.0302  0.0346  0.0300  0.0319  0.0292  0.0285
  0.0308  0.0292  0.0279  0.0311  0.0277  0.0307  0.0286  0.0308  0.0286  0.0294  0.0281  0.0277
  0.0287  0.0280  0.0275  0.0290  0.0271  0.0287  0.0276  0.0281  0.0277  0.0278  0.0274  0.0273
  0.0278  0.0277  0.0277  0.0275  0.0274  0.0271  0.0272  0.0272  0.0272  0.0272  0.0272  0.0272
  0.0279  0.0282  0.0284  0.0274  0.0291  0.0272  0.0276  0.0280  0.0274  0.0277  0.0274  0.0275
  0.0292  0.0297  0.0296  0.0294  0.0325  0.0299  0.0288  0.0306  0.0281  0.0294  0.0281  0.0281
  0.0315  0.0319  0.0312  0.0339  0.0374  0.0351  0.0309  0.0347  0.0295  0.0323  0.0292  0.0290
niter,ni,del,rscale     5    3    5.0000    1.2000
parameters
   -1.3823   -7.5533   11.6908   -3.4179   -8.3581   -2.2047
    1.4158    1.4833    0.5914   12.3249   -0.0347  -13.6582
eta,q 0.97296 15.34739
  0.0321  0.0310  0.0295  0.0331  0.0309  0.0330  0.0304  0.0346  0.0297  0.0321  0.0292  0.0286
  0.0294  0.0290  0.0281  0.0307  0.0290  0.0307  0.0287  0.0308  0.0284  0.0295  0.0280  0.0277
  0.0277  0.0277  0.0273  0.0288  0.0276  0.0288  0.0275  0.0281  0.0274  0.0278  0.0272  0.0272
  0.0272  0.0272  0.0271  0.0271  0.0270  0.0270  0.0271  0.0271  0.0271  0.0271  0.0271  0.0270
  0.0276  0.0274  0.0276  0.0269  0.0272  0.0270  0.0274  0.0279  0.0273  0.0274  0.0273  0.0273
  0.0291  0.0285  0.0284  0.0287  0.0291  0.0296  0.0286  0.0306  0.0282  0.0290  0.0280  0.0279
  0.0316  0.0303  0.0296  0.0330  0.0326  0.0347  0.0307  0.0347  0.0297  0.0317  0.0292  0.0288
niter,ni,del,rscale     4    3    5.0000    1.2000
parameters
   -1.3871   -7.4991   11.6653   -3.3717   -8.4002   -2.2145
    1.3953    1.4859    0.6040   12.4201   -0.0531  -13.7495
eta,q 0.97297 15.34968
  0.0319  0.0306  0.0296  0.0328  0.0312  0.0330  0.0304  0.0346  0.0296  0.0319  0.0292  0.0287
  0.0292  0.0287  0.0281  0.0305  0.0292  0.0308  0.0287  0.0308  0.0283  0.0294  0.0280  0.0278
  0.0276  0.0275  0.0272  0.0285  0.0278  0.0288  0.0275  0.0280  0.0274  0.0278  0.0272  0.0272
  0.0270  0.0270  0.0270  0.0270  0.0270  0.0270  0.0270  0.0270  0.0270  0.0270  0.0270  0.0270
  0.0276  0.0274  0.0274  0.0271  0.0271  0.0270  0.0273  0.0279  0.0273  0.0275  0.0273  0.0273
  0.0292  0.0285  0.0283  0.0292  0.0287  0.0295  0.0286  0.0306  0.0282  0.0291  0.0280  0.0278
  0.0319  0.0304  0.0295  0.0339  0.0320  0.0346  0.0306  0.0347  0.0297  0.0318  0.0292  0.0287
niter,ni,del,rscale     3    3    5.0000    1.2000
parameters
   -1.3879   -7.4802   11.6587   -3.3651   -8.4186   -2.2132
    1.3960    1.4875    0.6032   12.4542   -0.0600  -13.7816
eta,q 0.97297 15.35000
  0.0319  0.0305  0.0296  0.0327  0.0312  0.0331  0.0304  0.0346  0.0296  0.0318  0.0292  0.0287
  0.0292  0.0286  0.0281  0.0304  0.0293  0.0308  0.0287  0.0308  0.0283  0.0294  0.0280  0.0278
  0.0275  0.0274  0.0273  0.0285  0.0278  0.0288  0.0275  0.0280  0.0274  0.0277  0.0272  0.0272
  0.0270  0.0270  0.0270  0.0270  0.0270  0.0270  0.0270  0.0270  0.0270  0.0270  0.0270  0.0270
  0.0276  0.0274  0.0274  0.0271  0.0271  0.0270  0.0273  0.0279  0.0273  0.0275  0.0273  0.0273
  0.0292  0.0285  0.0283  0.0292  0.0287  0.0295  0.0285  0.0306  0.0282  0.0291  0.0280  0.0278
  0.0318  0.0304  0.0295  0.0339  0.0319  0.0345  0.0306  0.0347  0.0297  0.0319  0.0292  0.0287
registration optimization eta report
parameter search radius
    2.4000    2.4000    2.4000    8.2800    8.2800    7.2000
    7.2000    7.2000    7.2000    7.2000    7.2000    7.2000
100000*second partial in parameter space
       84.       60.       43.        9.        7.       13.
        7.       15.        5.        9.        4.        3.
  0.0319  0.0305  0.0296  0.0327  0.0312  0.0331  0.0304  0.0346  0.0296  0.0318  0.0292  0.0287
  0.0292  0.0286  0.0281  0.0304  0.0293  0.0308  0.0287  0.0308  0.0283  0.0294  0.0280  0.0278
  0.0275  0.0274  0.0273  0.0285  0.0278  0.0288  0.0275  0.0280  0.0274  0.0277  0.0272  0.0272
  0.0270  0.0270  0.0270  0.0270  0.0270  0.0270  0.0270  0.0270  0.0270  0.0270  0.0270  0.0270
  0.0276  0.0274  0.0274  0.0271  0.0271  0.0270  0.0273  0.0279  0.0273  0.0275  0.0273  0.0273
  0.0292  0.0285  0.0283  0.0292  0.0287  0.0295  0.0285  0.0306  0.0282  0.0291  0.0280  0.0278
  0.0318  0.0304  0.0295  0.0339  0.0319  0.0345  0.0306  0.0347  0.0297  0.0319  0.0292  0.0287
   -1.3879   -7.4802   11.6587   -3.3651   -8.4186   -2.2132
    1.3960    1.4875    0.6032   12.4542   -0.0600  -13.7816
eta,q 0.97297 15.35000

---------------------------------------------------------------------
imgreg_4dfp /opt/freesurfer/average/711-2C_as_mni_average_305 /opt/freesurfer/average/711-2B_as_mni_average_305_mask talsrcimg_g11 none talsrcimg_to_711-2C_as_mni_average_305_t4 2311
---------------------------------------------------------------------

freesurfer imgreg_4dfp.c
/opt/freesurfer/average/711-2C_as_mni_average_305.4dfp.img
       256       256       256         1
  1.000000  1.000000  1.000000
orientation T byte_order littleendian
Reading image: /opt/freesurfer/average/711-2C_as_mni_average_305.4dfp.img
dimensions:      256       256       256
mmppix:       1.0000   -1.0000   -1.0000
center:     128.0000 -129.0000 -129.0000
/opt/freesurfer/average/711-2B_as_mni_average_305_mask.4dfp.img
       256       256       256         1
  1.000000  1.000000  1.000000
orientation T byte_order littleendian
Reading mask: /opt/freesurfer/average/711-2B_as_mni_average_305_mask.4dfp.img (2306576 pixels)
talsrcimg_g11.4dfp.img
       256       256       256         1
  1.000000  1.000000  1.000000
orientation T byte_order littleendian
Reading image: talsrcimg_g11.4dfp.img
dimensions:      256       256       256
mmppix:       1.0000   -1.0000   -1.0000
center:     128.0000 -129.0000 -129.0000
fimgreg.f
image alignment mode   2311 decimal      907 hex
parameters
   -1.3879   -7.4802   11.6587   -3.3651   -8.4186   -2.2132
    1.3960    1.4875    0.6032   12.4542   -0.0600  -13.7816
eta,q 0.97297 15.34999
niter,ni,del,rscale     5    3    5.0000    0.8000
parameters
   -1.3994   -7.4680   11.6008   -2.3809   -7.8556   -1.8677
    1.3874    1.5557    0.6307   12.2815   -0.1198  -14.0693
eta,q 0.97336 15.43172
  0.0292  0.0286  0.0281  0.0299  0.0286  0.0305  0.0283  0.0309  0.0280  0.0289  0.0279  0.0275
  0.0280  0.0277  0.0275  0.0288  0.0278  0.0291  0.0275  0.0288  0.0273  0.0277  0.0272  0.0270
  0.0272  0.0272  0.0271  0.0277  0.0272  0.0278  0.0269  0.0273  0.0268  0.0269  0.0268  0.0267
  0.0270  0.0270  0.0270  0.0270  0.0268  0.0268  0.0267  0.0267  0.0266  0.0266  0.0267  0.0267
  0.0273  0.0272  0.0272  0.0268  0.0268  0.0267  0.0268  0.0271  0.0268  0.0270  0.0268  0.0268
  0.0280  0.0277  0.0276  0.0273  0.0271  0.0278  0.0274  0.0285  0.0272  0.0279  0.0273  0.0272
  0.0292  0.0286  0.0282  0.0285  0.0281  0.0301  0.0285  0.0308  0.0280  0.0293  0.0279  0.0277
niter,ni,del,rscale     4    3    5.0000    0.7000
parameters
   -1.4214   -7.4143   11.7060   -2.4712   -7.8397   -1.5631
    1.3825    1.6046    0.6208   12.3384   -0.1584  -14.1625
eta,q 0.97345 15.44458
  0.0284  0.0280  0.0279  0.0286  0.0278  0.0298  0.0279  0.0300  0.0276  0.0285  0.0276  0.0272
  0.0274  0.0273  0.0272  0.0277  0.0273  0.0286  0.0272  0.0282  0.0270  0.0275  0.0270  0.0269
  0.0268  0.0268  0.0268  0.0269  0.0269  0.0274  0.0267  0.0270  0.0267  0.0268  0.0267  0.0266
  0.0266  0.0266  0.0266  0.0266  0.0266  0.0266  0.0266  0.0266  0.0266  0.0266  0.0265  0.0266
  0.0269  0.0268  0.0267  0.0269  0.0267  0.0266  0.0267  0.0269  0.0267  0.0267  0.0267  0.0267
  0.0275  0.0271  0.0270  0.0276  0.0271  0.0276  0.0271  0.0281  0.0270  0.0274  0.0270  0.0269
  0.0285  0.0278  0.0275  0.0289  0.0280  0.0294  0.0280  0.0299  0.0276  0.0284  0.0276  0.0273
niter,ni,del,rscale     3    3    5.0000    0.6000
parameters
   -1.4195   -7.3945   11.7897   -2.5097   -7.8261   -1.3490
    1.4160    1.6405    0.6438   12.3455   -0.1830  -14.1468
eta,q 0.97349 15.45137
  0.0280  0.0275  0.0275  0.0281  0.0274  0.0291  0.0275  0.0291  0.0273  0.0279  0.0273  0.0271
  0.0272  0.0270  0.0270  0.0274  0.0270  0.0280  0.0270  0.0278  0.0269  0.0272  0.0269  0.0268
  0.0267  0.0267  0.0267  0.0268  0.0267  0.0271  0.0267  0.0269  0.0266  0.0267  0.0266  0.0266
  0.0266  0.0266  0.0265  0.0266  0.0266  0.0266  0.0265  0.0265  0.0265  0.0265  0.0265  0.0265
  0.0267  0.0266  0.0266  0.0267  0.0266  0.0266  0.0266  0.0268  0.0266  0.0266  0.0266  0.0266
  0.0272  0.0269  0.0269  0.0273  0.0269  0.0274  0.0269  0.0277  0.0268  0.0271  0.0269  0.0268
  0.0279  0.0275  0.0272  0.0283  0.0275  0.0288  0.0275  0.0291  0.0273  0.0279  0.0273  0.0270
niter,ni,del,rscale     2    3    5.0000    0.5000
parameters
   -1.4176   -7.3873   11.8567   -2.5392   -7.7656   -1.1850
    1.4383    1.6723    0.6423   12.3301   -0.1942  -14.1245
eta,q 0.97351 15.45905
  0.0275  0.0272  0.0272  0.0277  0.0271  0.0284  0.0272  0.0284  0.0270  0.0275  0.0271  0.0269
  0.0270  0.0268  0.0268  0.0271  0.0268  0.0276  0.0268  0.0274  0.0267  0.0269  0.0267  0.0267
  0.0266  0.0266  0.0266  0.0267  0.0266  0.0269  0.0266  0.0267  0.0265  0.0266  0.0265  0.0265
  0.0265  0.0265  0.0265  0.0265  0.0265  0.0265  0.0265  0.0265  0.0265  0.0265  0.0265  0.0265
  0.0266  0.0266  0.0266  0.0266  0.0265  0.0266  0.0265  0.0267  0.0265  0.0266  0.0266  0.0265
  0.0269  0.0268  0.0267  0.0271  0.0267  0.0271  0.0268  0.0273  0.0267  0.0269  0.0267  0.0267
  0.0275  0.0272  0.0270  0.0278  0.0272  0.0282  0.0272  0.0284  0.0270  0.0275  0.0271  0.0269
niter,ni,del,rscale     1    3    5.0000    0.4000
parameters
   -1.4158   -7.3840   11.9071   -2.5739   -7.6992   -1.0582
    1.4619    1.7009    0.6489   12.3177   -0.1953  -14.1016
eta,q 0.97353 15.46509
  0.0271  0.0269  0.0269  0.0273  0.0269  0.0278  0.0269  0.0278  0.0268  0.0271  0.0268  0.0267
  0.0268  0.0267  0.0267  0.0269  0.0267  0.0272  0.0267  0.0271  0.0266  0.0268  0.0266  0.0266
  0.0266  0.0265  0.0265  0.0266  0.0266  0.0267  0.0265  0.0266  0.0265  0.0265  0.0265  0.0265
  0.0265  0.0265  0.0265  0.0265  0.0265  0.0265  0.0265  0.0265  0.0265  0.0265  0.0265  0.0265
  0.0266  0.0265  0.0265  0.0266  0.0265  0.0266  0.0265  0.0266  0.0265  0.0265  0.0265  0.0265
  0.0268  0.0267  0.0266  0.0269  0.0266  0.0269  0.0267  0.0270  0.0266  0.0268  0.0266  0.0266
  0.0271  0.0269  0.0268  0.0273  0.0269  0.0276  0.0269  0.0277  0.0268  0.0271  0.0268  0.0267
registration optimization eta report
parameter search radius
    0.8000    0.8000    0.8000    2.4000    2.4000    2.4000
    2.4000    2.4000    2.4000    2.4000    2.4000    2.4000
100000*second partial in parameter space
      101.       66.       59.       14.        7.       21.
        8.       22.        6.       11.        7.        4.
  0.0271  0.0269  0.0269  0.0273  0.0269  0.0278  0.0269  0.0278  0.0268  0.0271  0.0268  0.0267
  0.0268  0.0267  0.0267  0.0269  0.0267  0.0272  0.0267  0.0271  0.0266  0.0268  0.0266  0.0266
  0.0266  0.0265  0.0265  0.0266  0.0266  0.0267  0.0265  0.0266  0.0265  0.0265  0.0265  0.0265
  0.0265  0.0265  0.0265  0.0265  0.0265  0.0265  0.0265  0.0265  0.0265  0.0265  0.0265  0.0265
  0.0266  0.0265  0.0265  0.0266  0.0265  0.0266  0.0265  0.0266  0.0265  0.0265  0.0265  0.0265
  0.0268  0.0267  0.0266  0.0269  0.0266  0.0269  0.0267  0.0270  0.0266  0.0268  0.0266  0.0266
  0.0271  0.0269  0.0268  0.0273  0.0269  0.0276  0.0269  0.0277  0.0268  0.0271  0.0268  0.0267
   -1.4158   -7.3840   11.9071   -2.5739   -7.6992   -1.0582
    1.4619    1.7009    0.6489   12.3177   -0.1953  -14.1016
eta,q 0.97353 15.46509

---------------------------------------------------------------------
imgreg_4dfp /opt/freesurfer/average/711-2C_as_mni_average_305 /opt/freesurfer/average/711-2B_as_mni_average_305_mask talsrcimg_g11 none talsrcimg_to_711-2C_as_mni_average_305_t4 2311
---------------------------------------------------------------------

freesurfer imgreg_4dfp.c
/opt/freesurfer/average/711-2C_as_mni_average_305.4dfp.img
       256       256       256         1
  1.000000  1.000000  1.000000
orientation T byte_order littleendian
Reading image: /opt/freesurfer/average/711-2C_as_mni_average_305.4dfp.img
dimensions:      256       256       256
mmppix:       1.0000   -1.0000   -1.0000
center:     128.0000 -129.0000 -129.0000
/opt/freesurfer/average/711-2B_as_mni_average_305_mask.4dfp.img
       256       256       256         1
  1.000000  1.000000  1.000000
orientation T byte_order littleendian
Reading mask: /opt/freesurfer/average/711-2B_as_mni_average_305_mask.4dfp.img (2306576 pixels)
talsrcimg_g11.4dfp.img
       256       256       256         1
  1.000000  1.000000  1.000000
orientation T byte_order littleendian
Reading image: talsrcimg_g11.4dfp.img
dimensions:      256       256       256
mmppix:       1.0000   -1.0000   -1.0000
center:     128.0000 -129.0000 -129.0000
fimgreg.f
image alignment mode   2311 decimal      907 hex
parameters
   -1.4158   -7.3840   11.9071   -2.5739   -7.6991   -1.0582
    1.4619    1.7009    0.6489   12.3177   -0.1953  -14.1016
eta,q 0.97353 15.46510
niter,ni,del,rscale     5    3    5.0000    0.8000
parameters
   -1.4090   -7.3944   11.9681   -2.9031   -8.1086   -1.3294
    1.4297    1.5858    0.6932   12.4384   -0.2021  -13.9630
eta,q 0.97344 15.42366
  0.0291  0.0281  0.0281  0.0289  0.0279  0.0299  0.0282  0.0306  0.0279  0.0291  0.0278  0.0275
  0.0276  0.0272  0.0272  0.0277  0.0272  0.0285  0.0274  0.0285  0.0272  0.0278  0.0272  0.0270
  0.0268  0.0267  0.0267  0.0268  0.0267  0.0272  0.0268  0.0271  0.0267  0.0269  0.0267  0.0267
  0.0265  0.0265  0.0265  0.0265  0.0265  0.0265  0.0266  0.0266  0.0266  0.0266  0.0266  0.0266
  0.0268  0.0267  0.0266  0.0269  0.0266  0.0269  0.0267  0.0271  0.0267  0.0268  0.0267  0.0266
  0.0276  0.0272  0.0271  0.0280  0.0273  0.0285  0.0273  0.0287  0.0271  0.0276  0.0272  0.0269
  0.0290  0.0282  0.0278  0.0299  0.0287  0.0314  0.0284  0.0311  0.0279  0.0289  0.0279  0.0274
niter,ni,del,rscale     4    3    5.0000    0.7000
parameters
   -1.4007   -7.4082   11.8904   -2.6832   -7.9857   -1.3502
    1.4522    1.6049    0.6966   12.3643   -0.1928  -14.0264
eta,q 0.97348 15.43537
  0.0285  0.0278  0.0275  0.0288  0.0278  0.0295  0.0279  0.0299  0.0275  0.0283  0.0276  0.0272
  0.0274  0.0271  0.0270  0.0278  0.0272  0.0283  0.0272  0.0282  0.0270  0.0274  0.0270  0.0268
  0.0268  0.0267  0.0266  0.0270  0.0268  0.0272  0.0267  0.0270  0.0266  0.0267  0.0267  0.0266
  0.0266  0.0266  0.0266  0.0266  0.0265  0.0265  0.0265  0.0265  0.0265  0.0265  0.0265  0.0265
  0.0268  0.0267  0.0267  0.0267  0.0265  0.0267  0.0266  0.0269  0.0266  0.0267  0.0266  0.0266
  0.0274  0.0271  0.0271  0.0273  0.0269  0.0279  0.0271  0.0281  0.0270  0.0274  0.0270  0.0269
  0.0284  0.0279  0.0277  0.0285  0.0278  0.0300  0.0279  0.0300  0.0276  0.0285  0.0276  0.0272
niter,ni,del,rscale     3    3    5.0000    0.6000
parameters
   -1.4080   -7.4038   11.8728   -2.6018   -7.8741   -1.2609
    1.4418    1.6364    0.6815   12.3303   -0.1901  -14.0720
eta,q 0.97351 15.44737
  0.0279  0.0275  0.0273  0.0282  0.0275  0.0289  0.0275  0.0291  0.0272  0.0279  0.0273  0.0270
  0.0271  0.0270  0.0269  0.0274  0.0270  0.0279  0.0270  0.0278  0.0268  0.0271  0.0269  0.0267
  0.0267  0.0266  0.0266  0.0268  0.0267  0.0270  0.0266  0.0269  0.0266  0.0267  0.0266  0.0266
  0.0265  0.0265  0.0265  0.0265  0.0265  0.0265  0.0265  0.0265  0.0265  0.0265  0.0265  0.0265
  0.0267  0.0266  0.0266  0.0267  0.0265  0.0266  0.0266  0.0268  0.0266  0.0266  0.0266  0.0266
  0.0272  0.0269  0.0269  0.0272  0.0268  0.0275  0.0269  0.0277  0.0268  0.0271  0.0269  0.0268
  0.0280  0.0275  0.0273  0.0281  0.0274  0.0290  0.0276  0.0291  0.0273  0.0280  0.0273  0.0270
niter,ni,del,rscale     2    3    5.0000    0.5000
parameters
   -1.4115   -7.3974   11.8888   -2.5809   -7.7822   -1.1516
    1.4525    1.6697    0.6612   12.3176   -0.1895  -14.0892
eta,q 0.97352 15.45687
  0.0275  0.0272  0.0271  0.0277  0.0271  0.0284  0.0272  0.0284  0.0270  0.0275  0.0271  0.0269
  0.0269  0.0268  0.0268  0.0271  0.0268  0.0275  0.0268  0.0274  0.0267  0.0269  0.0267  0.0267
  0.0266  0.0266  0.0266  0.0267  0.0266  0.0269  0.0266  0.0267  0.0265  0.0266  0.0265  0.0265
  0.0265  0.0265  0.0265  0.0265  0.0265  0.0265  0.0265  0.0265  0.0265  0.0265  0.0265  0.0265
  0.0266  0.0266  0.0266  0.0266  0.0265  0.0266  0.0265  0.0267  0.0265  0.0266  0.0265  0.0265
  0.0270  0.0268  0.0267  0.0270  0.0267  0.0272  0.0268  0.0273  0.0267  0.0269  0.0267  0.0267
  0.0275  0.0271  0.0270  0.0277  0.0271  0.0283  0.0272  0.0284  0.0270  0.0275  0.0271  0.0269
niter,ni,del,rscale     1    3    5.0000    0.4000
parameters
   -1.4127   -7.3848   11.9183   -2.5907   -7.7048   -1.0440
    1.4683    1.6968    0.6588   12.3056   -0.1998  -14.0801
eta,q 0.97353 15.46424
  0.0271  0.0269  0.0269  0.0273  0.0269  0.0278  0.0269  0.0278  0.0268  0.0271  0.0268  0.0267
  0.0268  0.0267  0.0267  0.0269  0.0267  0.0272  0.0267  0.0271  0.0266  0.0268  0.0266  0.0266
  0.0266  0.0265  0.0265  0.0266  0.0266  0.0267  0.0265  0.0266  0.0265  0.0265  0.0265  0.0265
  0.0265  0.0265  0.0265  0.0265  0.0265  0.0265  0.0265  0.0265  0.0265  0.0265  0.0265  0.0265
  0.0266  0.0265  0.0265  0.0266  0.0265  0.0266  0.0265  0.0266  0.0265  0.0265  0.0265  0.0265
  0.0268  0.0267  0.0266  0.0269  0.0266  0.0269  0.0267  0.0270  0.0266  0.0268  0.0266  0.0266
  0.0271  0.0269  0.0268  0.0273  0.0269  0.0276  0.0269  0.0277  0.0268  0.0271  0.0269  0.0267
registration optimization eta report
parameter search radius
    0.8000    0.8000    0.8000    2.4000    2.4000    2.4000
    2.4000    2.4000    2.4000    2.4000    2.4000    2.4000
100000*second partial in parameter space
      101.       66.       58.       14.        7.       21.
        8.       22.        6.       11.        7.        4.
  0.0271  0.0269  0.0269  0.0273  0.0269  0.0278  0.0269  0.0278  0.0268  0.0271  0.0268  0.0267
  0.0268  0.0267  0.0267  0.0269  0.0267  0.0272  0.0267  0.0271  0.0266  0.0268  0.0266  0.0266
  0.0266  0.0265  0.0265  0.0266  0.0266  0.0267  0.0265  0.0266  0.0265  0.0265  0.0265  0.0265
  0.0265  0.0265  0.0265  0.0265  0.0265  0.0265  0.0265  0.0265  0.0265  0.0265  0.0265  0.0265
  0.0266  0.0265  0.0265  0.0266  0.0265  0.0266  0.0265  0.0266  0.0265  0.0265  0.0265  0.0265
  0.0268  0.0267  0.0266  0.0269  0.0266  0.0269  0.0267  0.0270  0.0266  0.0268  0.0266  0.0266
  0.0271  0.0269  0.0268  0.0273  0.0269  0.0276  0.0269  0.0277  0.0268  0.0271  0.0269  0.0267
   -1.4127   -7.3848   11.9183   -2.5907   -7.7048   -1.0440
    1.4683    1.6968    0.6588   12.3056   -0.1998  -14.0801
eta,q 0.97353 15.46424

---------------------------------------------------------------------
compute_vox2vox talsrcimg talsrcimg_to_711-2C_as_mni_average_305_t4 /opt/freesurfer/average/711-2C_as_mni_average_305
---------------------------------------------------------------------

freesurfer compute_vox2vox.c
Reading: talsrcimg.4dfp.ifh
Reading: talsrcimg_to_711-2C_as_mni_average_305_t4
Reading: /opt/freesurfer/average/711-2C_as_mni_average_305.4dfp.ifh
Writing: talsrcimg_to_711-2C_as_mni_average_305_t4_vox2vox.txt

start time Tue Mar 10 00:59:20 CET 2026
end		time Tue Mar 10 01:00:46 CET 2026

mpr2mni305 success

avi2talxfm orig_nu.mgz /opt/freesurfer/average/mni305.cor.mgz talsrcimg_to_711-2C_as_mni_average_305_t4_vox2vox.txt transforms/talairach.auto.xfm
avi2talxfm done
mv -f /out/sourcedata/freesurfer/sub-v1s3x0050811_ses-1/mri/talsrcimg_to_711-2C_as_mni_average_305_t4_vox2vox.txt /out/sourcedata/freesurfer/sub-v1s3x0050811_ses-1/mri/transforms/talsrcimg_to_711-2C_as_mni_average_305_t4_vox2vox.txt
lta_convert --src orig_nu.mgz --trg /opt/freesurfer/average/mni305.cor.mgz --inxfm transforms/talairach.auto.xfm --outlta transforms/talairach.auto.xfm.lta --subject fsaverage
7.3.2

--src: orig_nu.mgz src image (geometry).
--trg: /opt/freesurfer/average/mni305.cor.mgz trg image (geometry).
--inmni: transforms/talairach.auto.xfm input MNI/XFM transform.
--outlta: transforms/talairach.auto.xfm.lta output LTA.
--s: fsaverage subject name
 LTA read, type : 1
 1.02669  -0.01528  -0.01867   2.22194;
 0.00101   0.99172   0.15128  -3.51623;
-0.00746  -0.13212   1.06344  -0.68326;
 0.00000   0.00000   0.00000   1.00000;
setting subject to fsaverage
Writing  LTA to file transforms/talairach.auto.xfm.lta...
lta_convert successful.
 
 
Started at Tue Mar 10 00:59:20 CET 2026
Ended   at Tue Mar 10 01:00:47 CET 2026
talairach_avi done
