status file for recon-all
Tue Mar 10 01:38:52 CET 2026
#@# MotionCor Tue Mar 10 01:38:54 CET 2026
#@# Talairach Tue Mar 10 01:39:04 CET 2026
#@# Talairach Failure Detection Tue Mar 10 01:43:33 CET 2026
#@# Nu Intensity Correction Tue Mar 10 01:43:33 CET 2026
#@# Intensity Normalization Tue Mar 10 01:46:50 CET 2026
recon-all -s sub-v1s3x0050824_ses-1 finished without error at Tue Mar 10 01:48:18 CET 2026



#New# invocation of recon-all 



status file for recon-all
Tue Mar 10 01:57:30 CET 2026
#@# EM Registration Tue Mar 10 01:57:30 CET 2026
recon-all -s sub-v1s3x0050824_ses-1 finished without error at Tue Mar 10 01:59:31 CET 2026



#New# invocation of recon-all 



status file for recon-all
Tue Mar 10 01:59:35 CET 2026
#@# CA Normalize Tue Mar 10 01:59:35 CET 2026
#@# CA Reg Tue Mar 10 02:00:56 CET 2026
#@# SubCort Seg Tue Mar 10 02:54:43 CET 2026
#@# CC Seg Tue Mar 10 03:29:51 CET 2026
#@# Merge ASeg Tue Mar 10 03:30:25 CET 2026
#@# Intensity Normalization2 Tue Mar 10 03:30:25 CET 2026
#@# Mask BFS Tue Mar 10 03:32:35 CET 2026
#@# WM Segmentation Tue Mar 10 03:32:36 CET 2026
#@# Fill Tue Mar 10 03:34:40 CET 2026
recon-all -s sub-v1s3x0050824_ses-1 finished without error at Tue Mar 10 03:35:48 CET 2026



#New# invocation of recon-all 



status file for recon-all
Tue Mar 10 05:09:49 CET 2026
#@# white curv lh Tue Mar 10 05:09:49 CET 2026
#@# white area lh Tue Mar 10 05:09:49 CET 2026
#@# pial curv lh Tue Mar 10 05:09:49 CET 2026
#@# pial area lh Tue Mar 10 05:09:49 CET 2026
#@# thickness lh Tue Mar 10 05:09:49 CET 2026
#@# area and vertex vol lh Tue Mar 10 05:09:49 CET 2026
#@# white curv rh Tue Mar 10 05:09:49 CET 2026
#@# white area rh Tue Mar 10 05:09:49 CET 2026
#@# pial curv rh Tue Mar 10 05:09:49 CET 2026
#@# pial area rh Tue Mar 10 05:09:49 CET 2026
#@# thickness rh Tue Mar 10 05:09:49 CET 2026
#@# area and vertex vol rh Tue Mar 10 05:09:49 CET 2026
#@# Cortical ribbon mask Tue Mar 10 05:09:49 CET 2026
recon-all -s sub-v1s3x0050824_ses-1 finished without error at Tue Mar 10 05:16:51 CET 2026



#New# invocation of recon-all 



status file for recon-all
Tue Mar 10 05:25:37 CET 2026
#@# white curv lh Tue Mar 10 05:25:38 CET 2026
#@# white area lh Tue Mar 10 05:25:38 CET 2026
#@# pial curv lh Tue Mar 10 05:25:38 CET 2026
#@# pial area lh Tue Mar 10 05:25:38 CET 2026
#@# thickness lh Tue Mar 10 05:25:38 CET 2026
#@# area and vertex vol lh Tue Mar 10 05:25:38 CET 2026
#@# white curv rh Tue Mar 10 05:25:38 CET 2026
#@# white area rh Tue Mar 10 05:25:38 CET 2026
#@# pial curv rh Tue Mar 10 05:25:38 CET 2026
#@# pial area rh Tue Mar 10 05:25:38 CET 2026
#@# thickness rh Tue Mar 10 05:25:38 CET 2026
#@# area and vertex vol rh Tue Mar 10 05:25:38 CET 2026
#@# Curvature Stats lh Tue Mar 10 05:25:38 CET 2026
#@# Curvature Stats rh Tue Mar 10 05:25:42 CET 2026
#@# Relabel Hypointensities Tue Mar 10 05:25:45 CET 2026
#@# APas-to-ASeg Tue Mar 10 05:26:03 CET 2026
#@# AParc-to-ASeg aparc Tue Mar 10 05:26:15 CET 2026
#@# AParc-to-ASeg aparc.a2009s Tue Mar 10 05:27:30 CET 2026
#@# AParc-to-ASeg aparc.DKTatlas Tue Mar 10 05:28:37 CET 2026
#@# WMParc Tue Mar 10 05:29:39 CET 2026
#@# ASeg Stats Tue Mar 10 05:34:17 CET 2026
recon-all -s sub-v1s3x0050824_ses-1 finished without error at Tue Mar 10 05:35:03 CET 2026
