status file for recon-all
Tue Mar 10 04:36:29 CET 2026
#@# Tessellate rh Tue Mar 10 04:36:29 CET 2026
#@# Smooth1 rh Tue Mar 10 04:36:33 CET 2026
#@# Inflation1 rh Tue Mar 10 04:36:36 CET 2026
#@# QSphere rh Tue Mar 10 04:36:53 CET 2026
#@# Fix Topology rh Tue Mar 10 04:38:42 CET 2026
#@# Smooth2 rh Tue Mar 10 04:47:20 CET 2026
#@# Inflation2 rh Tue Mar 10 04:47:24 CET 2026
#@# Curv .H and .K rh Tue Mar 10 04:47:42 CET 2026
#@# Sphere rh Tue Mar 10 04:48:40 CET 2026
#@# Surf Reg rh Tue Mar 10 04:54:05 CET 2026
#@# Jacobian white rh Tue Mar 10 04:59:36 CET 2026
#@# AvgCurv rh Tue Mar 10 04:59:37 CET 2026
#@# Cortical Parc rh Tue Mar 10 04:59:39 CET 2026
#@# white curv rh Tue Mar 10 05:08:18 CET 2026
#@# white area rh Tue Mar 10 05:08:20 CET 2026
#@# pial curv rh Tue Mar 10 05:08:22 CET 2026
#@# pial area rh Tue Mar 10 05:08:24 CET 2026
#@# thickness rh Tue Mar 10 05:08:25 CET 2026
#@# area and vertex vol rh Tue Mar 10 05:09:05 CET 2026
#@# Curvature Stats rh Tue Mar 10 05:09:08 CET 2026
#@# Cortical Parc 2 rh Tue Mar 10 05:09:11 CET 2026
#@# Cortical Parc 3 rh Tue Mar 10 05:09:28 CET 2026
#@# WM/GM Contrast rh Tue Mar 10 05:09:41 CET 2026
recon-all -s sub-v1s3x0050824_ses-1 finished without error at Tue Mar 10 05:09:45 CET 2026



#New# invocation of recon-all 



status file for recon-all
Tue Mar 10 05:21:13 CET 2026
#@# white curv rh Tue Mar 10 05:21:13 CET 2026
#@# white area rh Tue Mar 10 05:21:13 CET 2026
#@# pial curv rh Tue Mar 10 05:21:13 CET 2026
#@# pial area rh Tue Mar 10 05:21:13 CET 2026
#@# thickness rh Tue Mar 10 05:21:13 CET 2026
#@# area and vertex vol rh Tue Mar 10 05:21:13 CET 2026
#@# Parcellation Stats rh Tue Mar 10 05:21:13 CET 2026
#@# Parcellation Stats 2 rh Tue Mar 10 05:21:39 CET 2026
#@# Parcellation Stats 3 rh Tue Mar 10 05:21:52 CET 2026
#@# BA_exvivo Labels rh Tue Mar 10 05:22:06 CET 2026
recon-all -s sub-v1s3x0050824_ses-1 finished without error at Tue Mar 10 05:25:32 CET 2026
