status file for recon-all
Tue Mar 10 02:35:46 CET 2026
#@# Tessellate rh Tue Mar 10 02:35:46 CET 2026
#@# Smooth1 rh Tue Mar 10 02:35:50 CET 2026
#@# Inflation1 rh Tue Mar 10 02:35:53 CET 2026
#@# QSphere rh Tue Mar 10 02:36:09 CET 2026
#@# Fix Topology rh Tue Mar 10 02:37:29 CET 2026
#@# Smooth2 rh Tue Mar 10 02:46:48 CET 2026
#@# Inflation2 rh Tue Mar 10 02:46:51 CET 2026
#@# Curv .H and .K rh Tue Mar 10 02:47:08 CET 2026
#@# Sphere rh Tue Mar 10 02:48:05 CET 2026
#@# Surf Reg rh Tue Mar 10 02:51:46 CET 2026
#@# Jacobian white rh Tue Mar 10 02:57:43 CET 2026
#@# AvgCurv rh Tue Mar 10 02:57:44 CET 2026
#@# Cortical Parc rh Tue Mar 10 02:57:45 CET 2026
#@# white curv rh Tue Mar 10 03:06:17 CET 2026
#@# white area rh Tue Mar 10 03:06:19 CET 2026
#@# pial curv rh Tue Mar 10 03:06:20 CET 2026
#@# pial area rh Tue Mar 10 03:06:22 CET 2026
#@# thickness rh Tue Mar 10 03:06:23 CET 2026
#@# area and vertex vol rh Tue Mar 10 03:07:03 CET 2026
#@# Curvature Stats rh Tue Mar 10 03:07:04 CET 2026
#@# Cortical Parc 2 rh Tue Mar 10 03:07:07 CET 2026
#@# Cortical Parc 3 rh Tue Mar 10 03:07:23 CET 2026
#@# WM/GM Contrast rh Tue Mar 10 03:07:35 CET 2026
recon-all -s sub-v1s3x0050791_ses-1 finished without error at Tue Mar 10 03:07:39 CET 2026



#New# invocation of recon-all 



status file for recon-all
Tue Mar 10 03:18:45 CET 2026
#@# white curv rh Tue Mar 10 03:18:45 CET 2026
#@# white area rh Tue Mar 10 03:18:45 CET 2026
#@# pial curv rh Tue Mar 10 03:18:45 CET 2026
#@# pial area rh Tue Mar 10 03:18:45 CET 2026
#@# thickness rh Tue Mar 10 03:18:45 CET 2026
#@# area and vertex vol rh Tue Mar 10 03:18:45 CET 2026
#@# Parcellation Stats rh Tue Mar 10 03:18:45 CET 2026
#@# Parcellation Stats 2 rh Tue Mar 10 03:19:10 CET 2026
#@# Parcellation Stats 3 rh Tue Mar 10 03:19:24 CET 2026
#@# BA_exvivo Labels rh Tue Mar 10 03:19:36 CET 2026
recon-all -s sub-v1s3x0050791_ses-1 finished without error at Tue Mar 10 03:22:42 CET 2026
