status file for recon-all
Tue Mar 10 02:07:54 CET 2026
#@# Tessellate lh Tue Mar 10 02:07:54 CET 2026
#@# Smooth1 lh Tue Mar 10 02:07:58 CET 2026
#@# Inflation1 lh Tue Mar 10 02:08:01 CET 2026
#@# QSphere lh Tue Mar 10 02:08:17 CET 2026
#@# Fix Topology lh Tue Mar 10 02:09:48 CET 2026
#@# Smooth2 lh Tue Mar 10 02:16:51 CET 2026
#@# Inflation2 lh Tue Mar 10 02:16:54 CET 2026
#@# Curv .H and .K lh Tue Mar 10 02:17:12 CET 2026
#@# Sphere lh Tue Mar 10 02:18:08 CET 2026
#@# Surf Reg lh Tue Mar 10 02:20:57 CET 2026
#@# Jacobian white lh Tue Mar 10 02:25:44 CET 2026
#@# AvgCurv lh Tue Mar 10 02:25:46 CET 2026
#@# Cortical Parc lh Tue Mar 10 02:25:47 CET 2026
#@# white curv lh Tue Mar 10 02:34:24 CET 2026
#@# white area lh Tue Mar 10 02:34:26 CET 2026
#@# pial curv lh Tue Mar 10 02:34:27 CET 2026
#@# pial area lh Tue Mar 10 02:34:30 CET 2026
#@# thickness lh Tue Mar 10 02:34:30 CET 2026
#@# area and vertex vol lh Tue Mar 10 02:35:07 CET 2026
#@# Curvature Stats lh Tue Mar 10 02:35:09 CET 2026
#@# Cortical Parc 2 lh Tue Mar 10 02:35:11 CET 2026
#@# Cortical Parc 3 lh Tue Mar 10 02:35:27 CET 2026
#@# WM/GM Contrast lh Tue Mar 10 02:35:38 CET 2026
recon-all -s sub-v1s3x0050791_ses-1 finished without error at Tue Mar 10 02:35:42 CET 2026



#New# invocation of recon-all 



status file for recon-all
Tue Mar 10 03:14:46 CET 2026
#@# white curv lh Tue Mar 10 03:14:46 CET 2026
#@# white area lh Tue Mar 10 03:14:46 CET 2026
#@# pial curv lh Tue Mar 10 03:14:46 CET 2026
#@# pial area lh Tue Mar 10 03:14:46 CET 2026
#@# thickness lh Tue Mar 10 03:14:46 CET 2026
#@# area and vertex vol lh Tue Mar 10 03:14:46 CET 2026
#@# Parcellation Stats lh Tue Mar 10 03:14:47 CET 2026
#@# Parcellation Stats 2 lh Tue Mar 10 03:15:11 CET 2026
#@# Parcellation Stats 3 lh Tue Mar 10 03:15:24 CET 2026
#@# BA_exvivo Labels lh Tue Mar 10 03:15:36 CET 2026
recon-all -s sub-v1s3x0050791_ses-1 finished without error at Tue Mar 10 03:18:42 CET 2026
