/out/sourcedata/freesurfer/sub-v1s3x0050821_ses-1/mri
/opt/freesurfer/bin/talairach_avi
--i orig_nu.mgz --xfm transforms/talairach.auto.xfm
talairach_avi 7.3.2
Linux dna007 5.14.0-427.37.1.el9_4.x86_64 #1 SMP PREEMPT_DYNAMIC Fri Sep 13 12:41:50 EDT 2024 x86_64 x86_64 x86_64 GNU/Linux
Tue Mar 10 01:39:32 CET 2026
mri_convert orig_nu.mgz talsrcimg.img 
reading from orig_nu.mgz...
TR=0.00, TE=0.00, TI=0.00, flip angle=0.00
i_ras = (-1, 0, 0)
j_ras = (0, 0, -1)
k_ras = (0, 1, 0)
writing to talsrcimg.img...
Analyze Output Matrix
-1.00000   0.00000   0.00000   130.90509;
 0.00000   0.00000   1.00000  -129.64005;
 0.00000  -1.00000   0.00000   131.48990;
 0.00000   0.00000   0.00000   1.00000;
--------------------
INFO: set hdr.hist.orient to -1
mpr2mni305 talsrcimg
Tue Mar 10 01:39:33 CET 2026
/opt/freesurfer/bin/mpr2mni305 talsrcimg
mpr2mni305 7.3.2
target=711-2C_as_mni_average_305

---------------------------------------------------------------------
analyzeto4dfp talsrcimg -O0 -y
---------------------------------------------------------------------

freesurfer ifh2hdr.c
Tue Mar 10 01:39:33 2026
Writing: talsrcimg.4dfp.hdr
freesurfer analyzeto4dfp.c
Reading: talsrcimg.hdr
header size 348 bytes
hdr.dime.datatype	offset=70	value=2
hdr.dime.bitpix		offset=72	value=8
hdr.hist.orient		offset=252	value=-1
dimensionality     4
dimensions       256       256       256         1
Reading: talsrcimg.img
Writing: talsrcimg.4dfp.img
Writing: talsrcimg.4dfp.ifh
ifh2hdr talsrcimg -r0to248
ori=2

---------------------------------------------------------------------
gauss_4dfp talsrcimg 1.1
---------------------------------------------------------------------

freesurfer gauss_4dfp.c
Reading: talsrcimg.4dfp.img
Writing: talsrcimg_g11.4dfp.img
image dimensions 256 256 256 padded to 288 288 288
processing volume 1freesurfer ifh2hdr.c
Tue Mar 10 01:39:35 2026
Writing: talsrcimg_g11.4dfp.hdr

Writing: talsrcimg_g11.4dfp.ifh
including: talsrcimg.4dfp.img.rec in talsrcimg_g11.4dfp.img.rec

---------------------------------------------------------------------
imgreg_4dfp /opt/freesurfer/average/711-2C_as_mni_average_305 none talsrcimg_g11 none talsrcimg_to_711-2C_as_mni_average_305_t4 4355
---------------------------------------------------------------------

freesurfer imgreg_4dfp.c
/opt/freesurfer/average/711-2C_as_mni_average_305.4dfp.img
       256       256       256         1
  1.000000  1.000000  1.000000
orientation T byte_order littleendian
Reading image: /opt/freesurfer/average/711-2C_as_mni_average_305.4dfp.img
dimensions:      256       256       256
mmppix:       1.0000   -1.0000   -1.0000
center:     128.0000 -129.0000 -129.0000
talsrcimg_g11.4dfp.img
       256       256       256         1
  1.000000  1.000000  1.000000
orientation T byte_order littleendian
Reading image: talsrcimg_g11.4dfp.img
dimensions:      256       256       256
mmppix:       1.0000   -1.0000   -1.0000
center:     128.0000 -129.0000 -129.0000
t4_read: open error in t4_sub.f l:  41 t4_file(1:l)talsrcimg_to_711-2C_as_mni_average_305_t4 
t4_read: transform initialized to I4
rotation matrix determinant  1.000000
image alignment mode   4355 decimal     1103 hex
   -7.5000  -45.0000  -45.0000 7025.8560   21.6833
    0.0000  -45.0000  -45.0000 7323.7114   21.7246
    7.5000  -45.0000  -45.0000 6974.8882   21.7455
   -7.5000  -37.5000  -45.0000 7541.5459   21.7155
    0.0000  -37.5000  -45.0000 7878.4502   21.7554
    7.5000  -37.5000  -45.0000 7466.5034   21.7838
   -7.5000  -30.0000  -45.0000 8320.1270   21.7335
    0.0000  -30.0000  -45.0000 8702.9150   21.7657
    7.5000  -30.0000  -45.0000 8240.2480   21.7858
   -7.5000  -22.5000  -45.0000 8971.8340   21.7147
    0.0000  -22.5000  -45.0000 9385.4297   21.7394
    7.5000  -22.5000  -45.0000 8883.9678   21.7427
   -7.5000  -15.0000  -45.0000 9547.3438   21.6806
    0.0000  -15.0000  -45.000010014.2217   21.7038
    7.5000  -15.0000  -45.0000 9449.3535   21.6963
   -7.5000   -7.5000  -45.000010197.3018   21.6672
    0.0000   -7.5000  -45.000010695.8467   21.6993
    7.5000   -7.5000  -45.000010041.7998   21.7010
   -7.5000    0.0000  -45.000010784.2012   21.6833
    0.0000    0.0000  -45.000011289.1338   21.7246
    7.5000    0.0000  -45.000010618.6777   21.7455
   -7.5000    7.5000  -45.000010461.9678   21.7155
    0.0000    7.5000  -45.000010931.1650   21.7554
    7.5000    7.5000  -45.000010314.3525   21.7838
   -7.5000   15.0000  -45.000010002.1045   21.7335
    0.0000   15.0000  -45.000010429.4307   21.7657
    7.5000   15.0000  -45.0000 9826.4297   21.7858
   -7.5000   22.5000  -45.0000 9451.7920   21.7117
    0.0000   22.5000  -45.0000 9863.6729   21.7364
    7.5000   22.5000  -45.0000 9278.4668   21.7397
   -7.5000   30.0000  -45.0000 8645.3105   21.3916
    0.0000   30.0000  -45.0000 9034.7021   21.4146
    7.5000   30.0000  -45.0000 8475.8838   21.4072
   -7.5000   37.5000  -45.0000 8088.5859   21.3785
    0.0000   37.5000  -45.0000 8475.4453   21.4101
    7.5000   37.5000  -45.0000 7967.3281   21.4118
   -7.5000   45.0000  -45.0000 7373.5654   20.8511
    0.0000   45.0000  -45.0000 7707.9199   20.8908
    7.5000   45.0000  -45.0000 7252.4253   20.9109
   -7.5000  -45.0000  -37.5000 7524.5781   21.7314
    0.0000  -45.0000  -37.5000 7847.2837   21.7573
    7.5000  -45.0000  -37.5000 7467.1812   21.7701
   -7.5000  -37.5000  -37.5000 8058.2358   21.7465
    0.0000  -37.5000  -37.5000 8413.6807   21.7714
    7.5000  -37.5000  -37.5000 7990.9326   21.7831
   -7.5000  -30.0000  -37.5000 8884.0781   21.7516
    0.0000  -30.0000  -37.5000 9283.0840   21.7656
    7.5000  -30.0000  -37.5000 8795.1074   21.7659
   -7.5000  -22.5000  -37.5000 9612.0537   21.7375
    0.0000  -22.5000  -37.500010047.3428   21.7414
    7.5000  -22.5000  -37.5000 9501.0059   21.7313
   -7.5000  -15.0000  -37.500010240.8711   21.7194
    0.0000  -15.0000  -37.500010724.2500   21.7215
    7.5000  -15.0000  -37.500010092.9863   21.7103
   -7.5000   -7.5000  -37.500010889.4688   21.7182
    0.0000   -7.5000  -37.500011372.7402   21.7317
    7.5000   -7.5000  -37.500010696.6494   21.7318
   -7.5000    0.0000  -37.500011475.6904   21.7314
    0.0000    0.0000  -37.500011986.3145   21.7573
    7.5000    0.0000  -37.500011308.6826   21.7701
   -7.5000    7.5000  -37.500011148.6592   21.7465
    0.0000    7.5000  -37.500011651.8682   21.7714
    7.5000    7.5000  -37.500010977.2646   21.7831
   -7.5000   15.0000  -37.500010634.6338   21.7516
    0.0000   15.0000  -37.500011097.7021   21.7656
    7.5000   15.0000  -37.500010425.7822   21.7659
   -7.5000   22.5000  -37.500010025.9756   21.7345
    0.0000   22.5000  -37.500010479.3057   21.7384
    7.5000   22.5000  -37.5000 9816.5518   21.7284
   -7.5000   30.0000  -37.5000 9177.8789   21.4300
    0.0000   30.0000  -37.5000 9601.2363   21.4321
    7.5000   30.0000  -37.5000 8976.5850   21.4210
   -7.5000   37.5000  -37.5000 8571.5049   21.4288
    0.0000   37.5000  -37.5000 8984.3301   21.4421
    7.5000   37.5000  -37.5000 8408.8564   21.4422
   -7.5000   45.0000  -37.5000 7765.5688   20.8973
    0.0000   45.0000  -37.5000 8157.3613   20.9223
    7.5000   45.0000  -37.5000 7629.1123   20.9346
   -7.5000  -45.0000  -30.0000 8217.3525   22.6482
    0.0000  -45.0000  -30.0000 8551.8105   22.6714
    7.5000  -45.0000  -30.0000 8114.5244   22.6811
   -7.5000  -37.5000  -30.0000 8788.1074   22.6586
    0.0000  -37.5000  -30.0000 9133.4316   22.6821
    7.5000  -37.5000  -30.0000 8669.9795   22.6854
   -7.5000  -30.0000  -30.0000 9634.5977   22.6602
    0.0000  -30.0000  -30.000010036.7764   22.6682
    7.5000  -30.0000  -30.0000 9479.9961   22.6609
   -7.5000  -22.5000  -30.000010432.9121   22.6473
    0.0000  -22.5000  -30.000010862.0869   22.6397
    7.5000  -22.5000  -30.000010242.7041   22.6299
   -7.5000  -15.0000  -30.000011116.6875   22.6344
    0.0000  -15.0000  -30.000011610.2578   22.6231
    7.5000  -15.0000  -30.000010918.3232   22.6188
   -7.5000   -7.5000  -30.000011813.0049   22.6368
    0.0000   -7.5000  -30.000012308.6973   22.6409
    7.5000   -7.5000  -30.000011571.8418   22.6456
   -7.5000    0.0000  -30.000012419.5137   22.6482
    0.0000    0.0000  -30.000012971.0479   22.6714
    7.5000    0.0000  -30.000012199.0010   22.6811
   -7.5000    7.5000  -30.000012041.9463   22.6586
    0.0000    7.5000  -30.000012566.7539   22.6821
    7.5000    7.5000  -30.000011815.0674   22.6854
   -7.5000   15.0000  -30.000011412.8184   22.6602
    0.0000   15.0000  -30.000011926.5449   22.6682
    7.5000   15.0000  -30.000011182.7793   22.6609
   -7.5000   22.5000  -30.000010759.7734   22.6419
    0.0000   22.5000  -30.000011234.0791   22.6343
    7.5000   22.5000  -30.000010538.4180   22.6244
   -7.5000   30.0000  -30.0000 9867.7510   22.3349
    0.0000   30.0000  -30.000010299.7412   22.3237
    7.5000   30.0000  -30.0000 9644.6318   22.3195
   -7.5000   37.5000  -30.0000 9195.8809   22.3373
    0.0000   37.5000  -30.0000 9614.7764   22.3413
    7.5000   37.5000  -30.0000 9001.1650   22.3460
   -7.5000   45.0000  -30.0000 8325.7422   21.7949
    0.0000   45.0000  -30.0000 8711.6797   21.8173
    7.5000   45.0000  -30.0000 8155.8384   21.8266
   -7.5000  -45.0000  -22.5000 8873.8291   23.3464
    0.0000  -45.0000  -22.5000 9274.2344   23.3866
    7.5000  -45.0000  -22.5000 8780.0654   23.4041
   -7.5000  -37.5000  -22.5000 9480.3193   23.3708
    0.0000  -37.5000  -22.5000 9900.5410   23.4122
    7.5000  -37.5000  -22.5000 9366.8906   23.4276
   -7.5000  -30.0000  -22.500010395.0039   23.3837
    0.0000  -30.0000  -22.500010847.2959   23.4073
    7.5000  -30.0000  -22.500010229.8799   23.4163
   -7.5000  -22.5000  -22.500011220.8672   23.3675
    0.0000  -22.5000  -22.500011700.8467   23.3720
    7.5000  -22.5000  -22.500011049.1221   23.3790
   -7.5000  -15.0000  -22.500011934.5566   23.3427
    0.0000  -15.0000  -22.500012464.4297   23.3420
    7.5000  -15.0000  -22.500011735.5645   23.3503
   -7.5000   -7.5000  -22.500012709.5547   23.3344
    0.0000   -7.5000  -22.500013258.9365   23.3518
    7.5000   -7.5000  -22.500012438.1035   23.3641
   -7.5000    0.0000  -22.500013351.4980   23.3464
    0.0000    0.0000  -22.500013992.7529   23.3866
    7.5000    0.0000  -22.500013103.7891   23.4041
   -7.5000    7.5000  -22.500012929.5703   23.3708
    0.0000    7.5000  -22.500013562.9229   23.4122
    7.5000    7.5000  -22.500012676.3984   23.4276
   -7.5000   15.0000  -22.500012232.4062   23.3837
    0.0000   15.0000  -22.500012807.5391   23.4073
    7.5000   15.0000  -22.500011981.3457   23.4163
   -7.5000   22.5000  -22.500011540.1768   23.3603
    0.0000   22.5000  -22.500012072.2656   23.3648
    7.5000   22.5000  -22.500011294.7686   23.3718
   -7.5000   30.0000  -22.500010624.3457   23.0373
    0.0000   30.0000  -22.500011095.4521   23.0367
    7.5000   30.0000  -22.500010366.1104   23.0448
   -7.5000   37.5000  -22.5000 9852.6865   23.0292
    0.0000   37.5000  -22.500010302.1963   23.0463
    7.5000   37.5000  -22.5000 9690.2246   23.0585
   -7.5000   45.0000  -22.5000 8887.3672   22.4837
    0.0000   45.0000  -22.5000 9316.3633   22.5225
    7.5000   45.0000  -22.5000 8739.3418   22.5393
   -7.5000  -45.0000  -15.0000 9511.4717   23.8220
    0.0000  -45.0000  -15.0000 9949.8291   23.8826
    7.5000  -45.0000  -15.0000 9406.0947   23.9109
   -7.5000  -37.5000  -15.000010131.1152   23.8655
    0.0000  -37.5000  -15.000010609.2930   23.9278
    7.5000  -37.5000  -15.000010013.2676   23.9626
   -7.5000  -30.0000  -15.000011126.1172   23.8965
    0.0000  -30.0000  -15.000011628.2334   23.9433
    7.5000  -30.0000  -15.000010933.6328   23.9744
   -7.5000  -22.5000  -15.000012010.8564   23.8792
    0.0000  -22.5000  -15.000012583.2197   23.9080
    7.5000  -22.5000  -15.000011815.1025   23.9300
   -7.5000  -15.0000  -15.000012756.6396   23.8370
    0.0000  -15.0000  -15.000013367.7383   23.8602
    7.5000  -15.0000  -15.000012523.8945   23.8735
   -7.5000   -7.5000  -15.000013515.8232   23.8109
    0.0000   -7.5000  -15.000014191.7754   23.8504
    7.5000   -7.5000  -15.000013239.2432   23.8661
   -7.5000    0.0000  -15.000014255.6426   23.8220
    0.0000    0.0000  -15.000014992.5703   23.8826
    7.5000    0.0000  -15.000013949.0381   23.9109
   -7.5000    7.5000  -15.000013819.0498   23.8655
    0.0000    7.5000  -15.000014577.1680   23.9278
    7.5000    7.5000  -15.000013530.8779   23.9626
   -7.5000   15.0000  -15.000013068.8740   23.8965
    0.0000   15.0000  -15.000013775.2266   23.9433
    7.5000   15.0000  -15.000012804.8457   23.9744
   -7.5000   22.5000  -15.000012311.0664   23.8707
    0.0000   22.5000  -15.000012934.3369   23.8996
    7.5000   22.5000  -15.000012035.5137   23.9215
   -7.5000   30.0000  -15.000011301.9697   23.5285
    0.0000   30.0000  -15.000011876.9600   23.5514
    7.5000   30.0000  -15.000011066.0400   23.5645
   -7.5000   37.5000  -15.000010505.5186   23.5028
    0.0000   37.5000  -15.000011051.1133   23.5418
    7.5000   37.5000  -15.000010315.8174   23.5572
   -7.5000   45.0000  -15.0000 9442.4395   22.9557
    0.0000   45.0000  -15.0000 9965.6006   23.0140
    7.5000   45.0000  -15.0000 9310.0664   23.0413
   -7.5000  -45.0000   -7.500010203.5244   24.1117
    0.0000  -45.0000   -7.500010680.3428   24.1730
    7.5000  -45.0000   -7.500010071.0967   24.2027
   -7.5000  -37.5000   -7.500010898.3594   24.1614
    0.0000  -37.5000   -7.500011420.1133   24.2229
    7.5000  -37.5000   -7.500010742.6533   24.2643
   -7.5000  -30.0000   -7.500011965.7080   24.1962
    0.0000  -30.0000   -7.500012503.7988   24.2473
    7.5000  -30.0000   -7.500011735.3672   24.2837
   -7.5000  -22.5000   -7.500012948.9570   24.1759
    0.0000  -22.5000   -7.500013586.7891   24.2151
    7.5000  -22.5000   -7.500012704.3066   24.2345
   -7.5000  -15.0000   -7.500013704.6523   24.1264
    0.0000  -15.0000   -7.500014434.1045   24.1617
    7.5000  -15.0000   -7.500013433.7861   24.1660
   -7.5000   -7.5000   -7.500014459.5215   24.0971
    0.0000   -7.5000   -7.500015258.5693   24.1440
    7.5000   -7.5000   -7.500014154.5088   24.1536
   -7.5000    0.0000   -7.500015215.3066   24.1117
    0.0000    0.0000   -7.500016140.6777   24.1730
    7.5000    0.0000   -7.500014910.9551   24.2027
   -7.5000    7.5000   -7.500014771.5840   24.1614
    0.0000    7.5000   -7.500015649.6250   24.2229
    7.5000    7.5000   -7.500014480.0947   24.2643
   -7.5000   15.0000   -7.500013964.4941   24.1962
    0.0000   15.0000   -7.500014795.0137   24.2473
    7.5000   15.0000   -7.500013695.3984   24.2837
   -7.5000   22.5000   -7.500013117.9990   24.1647
    0.0000   22.5000   -7.500013857.6416   24.2039
    7.5000   22.5000   -7.500012834.4980   24.2233
   -7.5000   30.0000   -7.500012052.7334   23.8135
    0.0000   30.0000   -7.500012738.6504   23.8484
    7.5000   30.0000   -7.500011800.8896   23.8526
   -7.5000   37.5000   -7.500011208.8154   23.7846
    0.0000   37.5000   -7.500011856.3320   23.8309
    7.5000   37.5000   -7.500011011.0537   23.8404
   -7.5000   45.0000   -7.500010129.9746   23.2391
    0.0000   45.0000   -7.500010678.4189   23.2982
    7.5000   45.0000   -7.5000 9939.7744   23.3269
   -7.5000  -45.0000    0.000010762.6016   24.2446
    0.0000  -45.0000    0.000011258.4766   24.2903
    7.5000  -45.0000    0.000010631.8184   24.3135
   -7.5000  -37.5000    0.000011511.9541   24.2814
    0.0000  -37.5000    0.000012022.5918   24.3255
    7.5000  -37.5000    0.000011353.1143   24.3570
   -7.5000  -30.0000    0.000012723.3633   24.3022
    0.0000  -30.0000    0.000013227.2891   24.3375
    7.5000  -30.0000    0.000012491.4707   24.3598
   -7.5000  -22.5000    0.000013908.8496   24.2807
    0.0000  -22.5000    0.000014602.8672   24.3077
    7.5000  -22.5000    0.000013608.4199   24.3114
   -7.5000  -15.0000    0.000014669.0850   24.2417
    0.0000  -15.0000    0.000015520.5049   24.2673
    7.5000  -15.0000    0.000014357.0439   24.2588
   -7.5000   -7.5000    0.000015321.4736   24.2264
    0.0000   -7.5000    0.000016218.7822   24.2619
    7.5000   -7.5000    0.000015062.4355   24.2635
   -7.5000    0.0000    0.000016096.1709   24.2446
    0.0000    0.0000    0.000017033.1641   24.2903
    7.5000    0.0000    0.000015838.4824   24.3135
   -7.5000    7.5000    0.000015640.8350   24.2814
    0.0000    7.5000    0.000016563.5488   24.3255
    7.5000    7.5000    0.000015412.4258   24.3570
   -7.5000   15.0000    0.000014771.5205   24.3022
    0.0000   15.0000    0.000015681.9697   24.3375
    7.5000   15.0000    0.000014562.7676   24.3598
   -7.5000   22.5000    0.000013853.3574   24.2695
    0.0000   22.5000    0.000014658.1201   24.2965
    7.5000   22.5000    0.000013578.0234   24.3002
   -7.5000   30.0000    0.000012738.9248   23.9279
    0.0000   30.0000    0.000013465.5527   23.9533
    7.5000   30.0000    0.000012471.3076   23.9448
   -7.5000   37.5000    0.000011901.8428   23.9128
    0.0000   37.5000    0.000012566.5088   23.9479
    7.5000   37.5000    0.000011650.0586   23.9495
   -7.5000   45.0000    0.000010710.7021   23.3690
    0.0000   45.0000    0.000011312.2041   23.4131
    7.5000   45.0000    0.000010463.4697   23.4354
   -7.5000  -45.0000    7.500010504.4375   24.3180
    0.0000  -45.0000    7.500010913.4824   24.3470
    7.5000  -45.0000    7.500010377.6982   24.3614
   -7.5000  -37.5000    7.500011246.3818   24.3350
    0.0000  -37.5000    7.500011645.6250   24.3627
    7.5000  -37.5000    7.500011050.4561   24.3759
   -7.5000  -30.0000    7.500012529.7949   24.3407
    0.0000  -30.0000    7.500013008.8184   24.3563
    7.5000  -30.0000    7.500012261.5088   24.3566
   -7.5000  -22.5000    7.500013821.9990   24.3249
    0.0000  -22.5000    7.500014590.4814   24.3292
    7.5000  -22.5000    7.500013404.4902   24.3180
   -7.5000  -15.0000    7.500014395.3467   24.3046
    0.0000  -15.0000    7.500015168.4375   24.3070
    7.5000  -15.0000    7.500014076.5449   24.2944
   -7.5000   -7.5000    7.500014862.4551   24.3033
    0.0000   -7.5000    7.500015559.8916   24.3184
    7.5000   -7.5000    7.500014747.7148   24.3184
   -7.5000    0.0000    7.500015595.4824   24.3180
    0.0000    0.0000    7.500016297.6172   24.3470
    7.5000    0.0000    7.500015517.4883   24.3614
   -7.5000    7.5000    7.500015224.4746   24.3350
    0.0000    7.5000    7.500015956.1250   24.3627
    7.5000    7.5000    7.500015091.8369   24.3759
   -7.5000   15.0000    7.500014464.7695   24.3407
    0.0000   15.0000    7.500015207.0342   24.3563
    7.5000   15.0000    7.500014270.7812   24.3566
   -7.5000   22.5000    7.500013506.1172   24.3137
    0.0000   22.5000    7.500014194.1895   24.3180
    7.5000   22.5000    7.500013229.2100   24.3067
   -7.5000   30.0000    7.500012459.0283   23.9901
    0.0000   30.0000    7.500013098.5166   23.9924
    7.5000   30.0000    7.500012113.0332   23.9800
   -7.5000   37.5000    7.500011637.4453   23.9888
    0.0000   37.5000    7.500012258.0850   24.0036
    7.5000   37.5000    7.500011286.7314   24.0037
   -7.5000   45.0000    7.500010514.8818   23.4398
    0.0000   45.0000    7.500011060.8291   23.4677
    7.5000   45.0000    7.500010205.9727   23.4815
   -7.5000  -45.0000   15.000010052.3994   24.3204
    0.0000  -45.0000   15.000010470.2852   24.3454
    7.5000  -45.0000   15.0000 9939.2852   24.3558
   -7.5000  -37.5000   15.000010739.2754   24.3317
    0.0000  -37.5000   15.000011141.7070   24.3568
    7.5000  -37.5000   15.000010589.1621   24.3604
   -7.5000  -30.0000   15.000012014.8955   24.3333
    0.0000  -30.0000   15.000012435.8086   24.3419
    7.5000  -30.0000   15.000011788.2832   24.3341
   -7.5000  -22.5000   15.000013191.8594   24.3195
    0.0000  -22.5000   15.000013806.5410   24.3114
    7.5000  -22.5000   15.000012862.8398   24.3008
   -7.5000  -15.0000   15.000013891.4678   24.3056
    0.0000  -15.0000   15.000014417.6055   24.2935
    7.5000  -15.0000   15.000013631.5850   24.2889
   -7.5000   -7.5000   15.000014485.1738   24.3082
    0.0000   -7.5000   15.000014933.9131   24.3126
    7.5000   -7.5000   15.000014384.1221   24.3177
   -7.5000    0.0000   15.000015239.0508   24.3204
    0.0000    0.0000   15.000015768.3379   24.3454
    7.5000    0.0000   15.000015116.5430   24.3558
   -7.5000    7.5000   15.000014871.8467   24.3317
    0.0000    7.5000   15.000015519.6514   24.3568
    7.5000    7.5000   15.000014647.7676   24.3604
   -7.5000   15.0000   15.000014131.3975   24.3333
    0.0000   15.0000   15.000014825.9688   24.3419
    7.5000   15.0000   15.000013817.1836   24.3341
   -7.5000   22.5000   15.000013054.8779   24.3083
    0.0000   22.5000   15.000013727.8877   24.3002
    7.5000   22.5000   15.000012724.2705   24.2896
   -7.5000   30.0000   15.000012023.5361   23.9911
    0.0000   30.0000   15.000012621.3457   23.9791
    7.5000   30.0000   15.000011642.5645   23.9746
   -7.5000   37.5000   15.000011221.0088   23.9936
    0.0000   37.5000   15.000011774.8682   23.9980
    7.5000   37.5000   15.000010860.0459   24.0029
   -7.5000   45.0000   15.000010134.8340   23.4421
    0.0000   45.0000   15.000010664.4619   23.4662
    7.5000   45.0000   15.0000 9797.6074   23.4762
   -7.5000  -45.0000   22.5000 9574.7656   24.2354
    0.0000  -45.0000   22.5000 9926.7480   24.2772
    7.5000  -45.0000   22.5000 9502.5322   24.2953
   -7.5000  -37.5000   22.500010227.0898   24.2608
    0.0000  -37.5000   22.500010534.0068   24.3037
    7.5000  -37.5000   22.500010138.2549   24.3197
   -7.5000  -30.0000   22.500011324.1494   24.2742
    0.0000  -30.0000   22.500011685.2617   24.2986
    7.5000  -30.0000   22.500011196.7979   24.3080
   -7.5000  -22.5000   22.500012388.8594   24.2574
    0.0000  -22.5000   22.500012871.6924   24.2620
    7.5000  -22.5000   22.500012154.7891   24.2692
   -7.5000  -15.0000   22.500013326.2773   24.2315
    0.0000  -15.0000   22.500013933.1338   24.2309
    7.5000  -15.0000   22.500012990.4336   24.2394
   -7.5000   -7.5000   22.500014220.7949   24.2230
    0.0000   -7.5000   22.500014962.4863   24.2410
    7.5000   -7.5000   22.500013820.5947   24.2538
   -7.5000    0.0000   22.500014918.0234   24.2354
    0.0000    0.0000   22.500015712.0938   24.2772
    7.5000    0.0000   22.500014511.0986   24.2953
   -7.5000    7.5000   22.500014353.5225   24.2608
    0.0000    7.5000   22.500015142.8125   24.3037
    7.5000    7.5000   22.500013975.0020   24.3197
   -7.5000   15.0000   22.500013510.0254   24.2742
    0.0000   15.0000   22.500014248.7861   24.2986
    7.5000   15.0000   22.500013193.5312   24.3080
   -7.5000   22.5000   22.500012439.6289   24.2462
    0.0000   22.5000   22.500013062.9258   24.2509
    7.5000   22.5000   22.500012147.9678   24.2580
   -7.5000   30.0000   22.500011422.3115   23.9179
    0.0000   30.0000   22.500011973.2451   23.9173
    7.5000   30.0000   22.500011148.0322   23.9257
   -7.5000   37.5000   22.500010661.2676   23.9095
    0.0000   37.5000   22.500011106.5742   23.9273
    7.5000   37.5000   22.500010418.1650   23.9399
   -7.5000   45.0000   22.5000 9635.6055   23.3602
    0.0000   45.0000   22.500010032.0918   23.4004
    7.5000   45.0000   22.5000 9372.2490   23.4179
   -7.5000  -45.0000   30.0000 8940.5410   24.1490
    0.0000  -45.0000   30.0000 9311.5117   24.2104
    7.5000  -45.0000   30.0000 8871.8945   24.2391
   -7.5000  -37.5000   30.0000 9557.6621   24.1930
    0.0000  -37.5000   30.0000 9974.1367   24.2562
    7.5000  -37.5000   30.0000 9475.1436   24.2914
   -7.5000  -30.0000   30.000010572.4297   24.2245
    0.0000  -30.0000   30.000011071.9375   24.2719
    7.5000  -30.0000   30.000010448.3672   24.3034
   -7.5000  -22.5000   30.000011526.5049   24.2069
    0.0000  -22.5000   30.000012049.6934   24.2362
    7.5000  -22.5000   30.000011321.6768   24.2584
   -7.5000  -15.0000   30.000012314.6885   24.1641
    0.0000  -15.0000   30.000012842.6592   24.1877
    7.5000  -15.0000   30.000012055.6094   24.2011
   -7.5000   -7.5000   30.000013070.4209   24.1377
    0.0000   -7.5000   30.000013623.2578   24.1777
    7.5000   -7.5000   30.000012797.5039   24.1936
   -7.5000    0.0000   30.000013735.5156   24.1490
    0.0000    0.0000   30.000014315.7500   24.2104
    7.5000    0.0000   30.000013475.6279   24.2391
   -7.5000    7.5000   30.000013283.4756   24.1930
    0.0000    7.5000   30.000013890.0996   24.2562
    7.5000    7.5000   30.000013038.2959   24.2914
   -7.5000   15.0000   30.000012544.7422   24.2245
    0.0000   15.0000   30.000013143.9199   24.2719
    7.5000   15.0000   30.000012333.6250   24.3034
   -7.5000   22.5000   30.000011599.0928   24.1957
    0.0000   22.5000   30.000012130.8320   24.2250
    7.5000   22.5000   30.000011382.0869   24.2472
   -7.5000   30.0000   30.000010558.3193   23.8514
    0.0000   30.0000   30.000011074.7363   23.8746
    7.5000   30.0000   30.000010386.4932   23.8879
   -7.5000   37.5000   30.0000 9824.6816   23.8253
    0.0000   37.5000   30.000010275.1680   23.8648
    7.5000   37.5000   30.0000 9680.5361   23.8805
   -7.5000   45.0000   30.0000 8871.3936   23.2768
    0.0000   45.0000   30.0000 9271.0596   23.3360
    7.5000   45.0000   30.0000 8693.8828   23.3637
   -7.5000  -45.0000   37.5000 8664.9668   24.1711
    0.0000  -45.0000   37.5000 9080.5117   24.2326
    7.5000  -45.0000   37.5000 8585.3779   24.2625
   -7.5000  -37.5000   37.5000 9234.5986   24.2210
    0.0000  -37.5000   37.5000 9656.0859   24.2828
    7.5000  -37.5000   37.5000 9154.3047   24.3243
   -7.5000  -30.0000   37.500010094.1270   24.2559
    0.0000  -30.0000   37.500010566.5527   24.3072
    7.5000  -30.0000   37.500010003.2500   24.3437
   -7.5000  -22.5000   37.500010910.4365   24.2354
    0.0000  -22.5000   37.500011385.3691   24.2748
    7.5000  -22.5000   37.500010801.4326   24.2942
   -7.5000  -15.0000   37.500011618.6875   24.1857
    0.0000  -15.0000   37.500012077.5215   24.2212
    7.5000  -15.0000   37.500011517.6895   24.2255
   -7.5000   -7.5000   37.500012276.0693   24.1564
    0.0000   -7.5000   37.500012746.3086   24.2034
    7.5000   -7.5000   37.500012191.9512   24.2131
   -7.5000    0.0000   37.500012819.4600   24.1711
    0.0000    0.0000   37.500013347.6816   24.2326
    7.5000    0.0000   37.500012758.1035   24.2625
   -7.5000    7.5000   37.500012444.9297   24.2210
    0.0000    7.5000   37.500012967.7363   24.2828
    7.5000    7.5000   37.500012392.5625   24.3243
   -7.5000   15.0000   37.500011843.6143   24.2559
    0.0000   15.0000   37.500012349.8887   24.3072
    7.5000   15.0000   37.500011762.6514   24.3437
   -7.5000   22.5000   37.500011032.9023   24.2242
    0.0000   22.5000   37.500011483.6943   24.2636
    7.5000   22.5000   37.500010911.1572   24.2830
   -7.5000   30.0000   37.500010051.5889   23.8727
    0.0000   30.0000   37.500010494.1445   23.9077
    7.5000   30.0000   37.5000 9940.1299   23.9120
   -7.5000   37.5000   37.5000 9385.6660   23.8438
    0.0000   37.5000   37.5000 9797.0947   23.8902
    7.5000   37.5000   37.5000 9266.7266   23.8997
   -7.5000   45.0000   37.5000 8461.3975   23.2982
    0.0000   45.0000   37.5000 8850.9131   23.3574
    7.5000   45.0000   37.5000 8330.7734   23.3862
   -7.5000  -45.0000   45.0000 7882.2559   24.3521
    0.0000  -45.0000   45.0000 8236.0078   24.3992
    7.5000  -45.0000   45.0000 7807.6831   24.4229
   -7.5000  -37.5000   45.0000 8362.1816   24.3894
    0.0000  -37.5000   45.0000 8749.1289   24.4347
    7.5000  -37.5000   45.0000 8318.7998   24.4668
   -7.5000  -30.0000   45.0000 9125.8174   24.4107
    0.0000  -30.0000   45.0000 9524.2207   24.4471
    7.5000  -30.0000   45.0000 9056.5801   24.4696
   -7.5000  -22.5000   45.0000 9913.8467   24.3893
    0.0000  -22.5000   45.000010288.0928   24.4174
    7.5000  -22.5000   45.0000 9815.8135   24.4209
   -7.5000  -15.0000   45.000010531.2402   24.3499
    0.0000  -15.0000   45.000010928.4531   24.3766
    7.5000  -15.0000   45.000010448.4414   24.3678
   -7.5000   -7.5000   45.000011132.1504   24.3340
    0.0000   -7.5000   45.000011522.6416   24.3707
    7.5000   -7.5000   45.000011033.9004   24.3725
   -7.5000    0.0000   45.000011635.1143   24.3521
    0.0000    0.0000   45.000012042.7705   24.3992
    7.5000    0.0000   45.000011527.4414   24.4229
   -7.5000    7.5000   45.000011295.8740   24.3894
    0.0000    7.5000   45.000011670.8320   24.4347
    7.5000    7.5000   45.000011193.8203   24.4668
   -7.5000   15.0000   45.000010747.3203   24.4107
    0.0000   15.0000   45.000011159.0195   24.4471
    7.5000   15.0000   45.000010668.8779   24.4696
   -7.5000   22.5000   45.000010004.0771   24.3780
    0.0000   22.5000   45.000010398.4102   24.4061
    7.5000   22.5000   45.0000 9908.2031   24.4095
   -7.5000   30.0000   45.0000 9115.9727   24.0327
    0.0000   30.0000   45.0000 9493.8721   24.0590
    7.5000   30.0000   45.0000 9006.1113   24.0504
   -7.5000   37.5000   45.0000 8570.4580   24.0170
    0.0000   37.5000   45.0000 8936.5977   24.0533
    7.5000   37.5000   45.0000 8444.9727   24.0550
   -7.5000   45.0000   45.0000 7721.7725   23.4833
    0.0000   45.0000   45.0000 8043.8550   23.5287
    7.5000   45.0000   45.0000 7618.9976   23.5515

---------------------------------------------------------------------
imgreg_4dfp /opt/freesurfer/average/711-2C_as_mni_average_305 /opt/freesurfer/average/711-2B_as_mni_average_305_mask talsrcimg_g11 none talsrcimg_to_711-2C_as_mni_average_305_t4 4355
---------------------------------------------------------------------

freesurfer imgreg_4dfp.c
/opt/freesurfer/average/711-2C_as_mni_average_305.4dfp.img
       256       256       256         1
  1.000000  1.000000  1.000000
orientation T byte_order littleendian
Reading image: /opt/freesurfer/average/711-2C_as_mni_average_305.4dfp.img
dimensions:      256       256       256
mmppix:       1.0000   -1.0000   -1.0000
center:     128.0000 -129.0000 -129.0000
/opt/freesurfer/average/711-2B_as_mni_average_305_mask.4dfp.img
       256       256       256         1
  1.000000  1.000000  1.000000
orientation T byte_order littleendian
Reading mask: /opt/freesurfer/average/711-2B_as_mni_average_305_mask.4dfp.img (2306576 pixels)
talsrcimg_g11.4dfp.img
       256       256       256         1
  1.000000  1.000000  1.000000
orientation T byte_order littleendian
Reading image: talsrcimg_g11.4dfp.img
dimensions:      256       256       256
mmppix:       1.0000   -1.0000   -1.0000
center:     128.0000 -129.0000 -129.0000
rotation matrix determinant  1.000000
image alignment mode   4355 decimal     1103 hex
   -7.5000  -45.0000  -45.0000 1921.9120   26.5593
    0.0000  -45.0000  -45.0000 1924.4868   26.6421
    7.5000  -45.0000  -45.0000 1906.9480   26.9041
   -7.5000  -37.5000  -45.0000 2012.5597   24.4664
    0.0000  -37.5000  -45.0000 2019.9760   24.5266
    7.5000  -37.5000  -45.0000 1996.2917   24.7044
   -7.5000  -30.0000  -45.0000 2078.2615   22.9470
    0.0000  -30.0000  -45.0000 2087.9524   23.0279
    7.5000  -30.0000  -45.0000 2065.3799   23.1666
   -7.5000  -22.5000  -45.0000 2110.2004   21.9556
    0.0000  -22.5000  -45.0000 2117.4006   22.0117
    7.5000  -22.5000  -45.0000 2093.6155   22.1347
   -7.5000  -15.0000  -45.0000 2128.2808   21.4936
    0.0000  -15.0000  -45.0000 2139.7114   21.5027
    7.5000  -15.0000  -45.0000 2122.0369   21.7653
   -7.5000   -7.5000  -45.0000 2144.3188   21.6282
    0.0000   -7.5000  -45.0000 2157.7920   21.6295
    7.5000   -7.5000  -45.0000 2128.1951   21.8820
   -7.5000    0.0000  -45.0000 2138.4402   21.9146
    0.0000    0.0000  -45.0000 2147.6704   21.9648
    7.5000    0.0000  -45.0000 2118.8413   22.1976
   -7.5000    7.5000  -45.0000 2106.9316   22.5798
    0.0000    7.5000  -45.0000 2114.4060   22.6214
    7.5000    7.5000  -45.0000 2088.6255   22.8647
   -7.5000   15.0000  -45.0000 2061.0872   23.5731
    0.0000   15.0000  -45.0000 2070.8210   23.5733
    7.5000   15.0000  -45.0000 2050.1089   23.8469
   -7.5000   22.5000  -45.0000 2006.7338   25.1226
    0.0000   22.5000  -45.0000 2016.3097   25.0454
    7.5000   22.5000  -45.0000 1993.8118   25.3354
   -7.5000   30.0000  -45.0000 1929.3337   27.1492
    0.0000   30.0000  -45.0000 1940.1665   27.0955
    7.5000   30.0000  -45.0000 1910.4813   27.5302
   -7.5000   37.5000  -45.0000 1823.5192   29.7908
    0.0000   37.5000  -45.0000 1836.2305   29.7306
    7.5000   37.5000  -45.0000 1818.0087   30.3824
   -7.5000   45.0000  -45.0000 1710.4275   33.3898
    0.0000   45.0000  -45.0000 1717.6390   33.2443
    7.5000   45.0000  -45.0000 1706.5078   33.9309
   -7.5000  -45.0000  -37.5000 2016.0972   24.6355
    0.0000  -45.0000  -37.5000 2010.6671   24.7125
    7.5000  -45.0000  -37.5000 1995.1099   24.8708
   -7.5000  -37.5000  -37.5000 2109.7959   22.6476
    0.0000  -37.5000  -37.5000 2107.9636   22.7636
    7.5000  -37.5000  -37.5000 2088.9287   22.8045
   -7.5000  -30.0000  -37.5000 2184.0933   21.2206
    0.0000  -30.0000  -37.5000 2186.6533   21.3319
    7.5000  -30.0000  -37.5000 2164.3303   21.3925
   -7.5000  -22.5000  -37.5000 2216.2732   20.3292
    0.0000  -22.5000  -37.5000 2225.6626   20.4246
    7.5000  -22.5000  -37.5000 2199.4744   20.4990
   -7.5000  -15.0000  -37.5000 2236.4619   19.8848
    0.0000  -15.0000  -37.5000 2244.9688   19.9510
    7.5000  -15.0000  -37.5000 2217.2915   20.1089
   -7.5000   -7.5000  -37.5000 2239.8171   19.8797
    0.0000   -7.5000  -37.5000 2251.0667   19.9256
    7.5000   -7.5000  -37.5000 2219.1692   20.0381
   -7.5000    0.0000  -37.5000 2230.7793   20.0232
    0.0000    0.0000  -37.5000 2237.1060   20.0624
    7.5000    0.0000  -37.5000 2213.2043   20.2111
   -7.5000    7.5000  -37.5000 2211.8269   20.6130
    0.0000    7.5000  -37.5000 2217.5337   20.6399
    7.5000    7.5000  -37.5000 2189.1506   20.8594
   -7.5000   15.0000  -37.5000 2172.4148   21.6105
    0.0000   15.0000  -37.5000 2180.0435   21.6452
    7.5000   15.0000  -37.5000 2151.5493   21.8206
   -7.5000   22.5000  -37.5000 2111.1833   23.0671
    0.0000   22.5000  -37.5000 2115.7480   22.9888
    7.5000   22.5000  -37.5000 2087.9231   23.2651
   -7.5000   30.0000  -37.5000 2026.7915   24.9790
    0.0000   30.0000  -37.5000 2028.1538   24.8903
    7.5000   30.0000  -37.5000 2006.4432   25.2061
   -7.5000   37.5000  -37.5000 1922.7087   27.5035
    0.0000   37.5000  -37.5000 1928.0114   27.3989
    7.5000   37.5000  -37.5000 1907.0780   27.7776
   -7.5000   45.0000  -37.5000 1807.6765   30.8576
    0.0000   45.0000  -37.5000 1813.6177   30.7332
    7.5000   45.0000  -37.5000 1787.0698   31.2294
   -7.5000  -45.0000  -30.0000 2145.7522   23.7127
    0.0000  -45.0000  -30.0000 2147.2878   23.8138
    7.5000  -45.0000  -30.0000 2117.6104   23.7797
   -7.5000  -37.5000  -30.0000 2250.4829   21.7142
    0.0000  -37.5000  -30.0000 2247.5505   21.7722
    7.5000  -37.5000  -30.0000 2218.2559   21.7765
   -7.5000  -30.0000  -30.0000 2318.0483   20.2738
    0.0000  -30.0000  -30.0000 2317.4304   20.3271
    7.5000  -30.0000  -30.0000 2285.2295   20.3575
   -7.5000  -22.5000  -30.0000 2361.0803   19.3763
    0.0000  -22.5000  -30.0000 2366.5649   19.3821
    7.5000  -22.5000  -30.0000 2325.4968   19.4611
   -7.5000  -15.0000  -30.0000 2378.2766   18.8575
    0.0000  -15.0000  -30.0000 2385.8733   18.9143
    7.5000  -15.0000  -30.0000 2350.0090   18.9507
   -7.5000   -7.5000  -30.0000 2394.7966   18.8499
    0.0000   -7.5000  -30.0000 2397.4236   18.8221
    7.5000   -7.5000  -30.0000 2365.6953   18.9652
   -7.5000    0.0000  -30.0000 2381.1572   19.0598
    0.0000    0.0000  -30.0000 2389.5923   19.0383
    7.5000    0.0000  -30.0000 2364.4321   19.2096
   -7.5000    7.5000  -30.0000 2363.1670   19.6515
    0.0000    7.5000  -30.0000 2367.7581   19.5703
    7.5000    7.5000  -30.0000 2338.4031   19.8184
   -7.5000   15.0000  -30.0000 2321.4045   20.5500
    0.0000   15.0000  -30.0000 2324.1616   20.4994
    7.5000   15.0000  -30.0000 2289.9863   20.6989
   -7.5000   22.5000  -30.0000 2249.6047   21.9074
    0.0000   22.5000  -30.0000 2253.7012   21.8369
    7.5000   22.5000  -30.0000 2219.7632   22.0570
   -7.5000   30.0000  -30.0000 2156.5908   23.6569
    0.0000   30.0000  -30.0000 2158.0107   23.6169
    7.5000   30.0000  -30.0000 2126.2156   23.8706
   -7.5000   37.5000  -30.0000 2037.8103   26.0495
    0.0000   37.5000  -30.0000 2043.6600   25.9904
    7.5000   37.5000  -30.0000 2018.1724   26.2915
   -7.5000   45.0000  -30.0000 1917.4246   29.1759
    0.0000   45.0000  -30.0000 1928.5170   29.2221
    7.5000   45.0000  -30.0000 1896.1885   29.5643
   -7.5000  -45.0000  -22.5000 2235.1687   22.5589
    0.0000  -45.0000  -22.5000 2249.3035   22.6453
    7.5000  -45.0000  -22.5000 2217.9780   22.6959
   -7.5000  -37.5000  -22.5000 2345.0457   20.6862
    0.0000  -37.5000  -22.5000 2356.5891   20.6861
    7.5000  -37.5000  -22.5000 2327.4187   20.7371
   -7.5000  -30.0000  -22.5000 2419.2361   19.2038
    0.0000  -30.0000  -22.5000 2431.0864   19.1985
    7.5000  -30.0000  -22.5000 2400.7100   19.2373
   -7.5000  -22.5000  -22.5000 2467.6274   18.2176
    0.0000  -22.5000  -22.5000 2473.2625   18.1966
    7.5000  -22.5000  -22.5000 2448.2939   18.3070
   -7.5000  -15.0000  -22.5000 2490.7031   17.6423
    0.0000  -15.0000  -22.5000 2497.3525   17.6451
    7.5000  -15.0000  -22.5000 2463.7346   17.7619
   -7.5000   -7.5000  -22.5000 2525.0430   17.6229
    0.0000   -7.5000  -22.5000 2525.4507   17.5275
    7.5000   -7.5000  -22.5000 2492.6133   17.6790
   -7.5000    0.0000  -22.5000 2514.8608   17.9004
    0.0000    0.0000  -22.5000 2523.8926   17.8455
    7.5000    0.0000  -22.5000 2492.5234   17.9963
   -7.5000    7.5000  -22.5000 2493.3523   18.4788
    0.0000    7.5000  -22.5000 2503.1365   18.4474
    7.5000    7.5000  -22.5000 2467.7175   18.6390
   -7.5000   15.0000  -22.5000 2445.8538   19.3836
    0.0000   15.0000  -22.5000 2459.3308   19.3666
    7.5000   15.0000  -22.5000 2417.6201   19.5617
   -7.5000   22.5000  -22.5000 2375.0139   20.5958
    0.0000   22.5000  -22.5000 2387.2058   20.5667
    7.5000   22.5000  -22.5000 2344.7583   20.7638
   -7.5000   30.0000  -22.5000 2270.8918   22.2394
    0.0000   30.0000  -22.5000 2283.7612   22.2028
    7.5000   30.0000  -22.5000 2243.8792   22.4151
   -7.5000   37.5000  -22.5000 2133.0242   24.4604
    0.0000   37.5000  -22.5000 2145.9246   24.4300
    7.5000   37.5000  -22.5000 2122.4180   24.7499
   -7.5000   45.0000  -22.5000 1993.6476   27.3864
    0.0000   45.0000  -22.5000 2008.1533   27.4468
    7.5000   45.0000  -22.5000 1981.9867   27.8665
   -7.5000  -45.0000  -15.0000 2285.6489   21.5009
    0.0000  -45.0000  -15.0000 2307.0979   21.5250
    7.5000  -45.0000  -15.0000 2276.2769   21.6983
   -7.5000  -37.5000  -15.0000 2395.8887   19.7116
    0.0000  -37.5000  -15.0000 2417.5544   19.6944
    7.5000  -37.5000  -15.0000 2387.2161   19.8628
   -7.5000  -30.0000  -15.0000 2482.7588   18.2732
    0.0000  -30.0000  -15.0000 2499.0491   18.2613
    7.5000  -30.0000  -15.0000 2468.8276   18.3908
   -7.5000  -22.5000  -15.0000 2544.7158   17.2272
    0.0000  -22.5000  -15.0000 2556.7029   17.2183
    7.5000  -22.5000  -15.0000 2530.0237   17.3685
   -7.5000  -15.0000  -15.0000 2571.6672   16.5778
    0.0000  -15.0000  -15.0000 2580.5461   16.5418
    7.5000  -15.0000  -15.0000 2553.9602   16.7074
   -7.5000   -7.5000  -15.0000 2602.6814   16.3975
    0.0000   -7.5000  -15.0000 2613.0088   16.3607
    7.5000   -7.5000  -15.0000 2579.9189   16.5214
   -7.5000    0.0000  -15.0000 2602.8259   16.7629
    0.0000    0.0000  -15.0000 2624.7324   16.7584
    7.5000    0.0000  -15.0000 2590.6943   16.9111
   -7.5000    7.5000  -15.0000 2586.8887   17.3698
    0.0000    7.5000  -15.0000 2609.2087   17.3806
    7.5000    7.5000  -15.0000 2571.5908   17.5501
   -7.5000   15.0000  -15.0000 2530.6177   18.2186
    0.0000   15.0000  -15.0000 2553.1470   18.2236
    7.5000   15.0000  -15.0000 2516.2969   18.4603
   -7.5000   22.5000  -15.0000 2460.7400   19.4323
    0.0000   22.5000  -15.0000 2478.8325   19.3905
    7.5000   22.5000  -15.0000 2445.9148   19.6590
   -7.5000   30.0000  -15.0000 2351.7041   21.0326
    0.0000   30.0000  -15.0000 2366.2314   20.9760
    7.5000   30.0000  -15.0000 2340.2017   21.3083
   -7.5000   37.5000  -15.0000 2207.4312   23.1794
    0.0000   37.5000  -15.0000 2224.7791   23.1402
    7.5000   37.5000  -15.0000 2199.1238   23.4605
   -7.5000   45.0000  -15.0000 2044.5886   25.8656
    0.0000   45.0000  -15.0000 2068.0950   25.9246
    7.5000   45.0000  -15.0000 2041.2670   26.2639
   -7.5000  -45.0000   -7.5000 2329.7361   20.7655
    0.0000  -45.0000   -7.5000 2355.2959   20.7948
    7.5000  -45.0000   -7.5000 2321.3804   21.0095
   -7.5000  -37.5000   -7.5000 2442.2603   19.0307
    0.0000  -37.5000   -7.5000 2473.0129   19.0240
    7.5000  -37.5000   -7.5000 2437.7349   19.2237
   -7.5000  -30.0000   -7.5000 2533.0950   17.6289
    0.0000  -30.0000   -7.5000 2554.4409   17.5551
    7.5000  -30.0000   -7.5000 2523.3013   17.7491
   -7.5000  -22.5000   -7.5000 2602.9397   16.5105
    0.0000  -22.5000   -7.5000 2630.3191   16.4628
    7.5000  -22.5000   -7.5000 2596.9551   16.6524
   -7.5000  -15.0000   -7.5000 2638.1763   15.6930
    0.0000  -15.0000   -7.5000 2665.9231   15.6799
    7.5000  -15.0000   -7.5000 2629.0916   15.8461
   -7.5000   -7.5000   -7.5000 2673.1199   15.3813
    0.0000   -7.5000   -7.5000 2699.5835   15.3723
    7.5000   -7.5000   -7.5000 2663.3208   15.5630
   -7.5000    0.0000   -7.5000 2683.3206   15.7351
    0.0000    0.0000   -7.5000 2713.4070   15.7493
    7.5000    0.0000   -7.5000 2678.2488   15.9244
   -7.5000    7.5000   -7.5000 2672.4150   16.3864
    0.0000    7.5000   -7.5000 2691.7366   16.3601
    7.5000    7.5000   -7.5000 2667.3879   16.5894
   -7.5000   15.0000   -7.5000 2618.7773   17.2300
    0.0000   15.0000   -7.5000 2630.7859   17.1941
    7.5000   15.0000   -7.5000 2610.3416   17.4643
   -7.5000   22.5000   -7.5000 2536.3525   18.4747
    0.0000   22.5000   -7.5000 2551.2212   18.3918
    7.5000   22.5000   -7.5000 2525.4360   18.7206
   -7.5000   30.0000   -7.5000 2414.9587   20.1475
    0.0000   30.0000   -7.5000 2432.2800   20.0669
    7.5000   30.0000   -7.5000 2402.0386   20.4011
   -7.5000   37.5000   -7.5000 2270.7434   22.2488
    0.0000   37.5000   -7.5000 2291.7314   22.1617
    7.5000   37.5000   -7.5000 2264.0786   22.5384
   -7.5000   45.0000   -7.5000 2111.9268   24.8488
    0.0000   45.0000   -7.5000 2122.2651   24.8369
    7.5000   45.0000   -7.5000 2104.1985   25.2061
   -7.5000  -45.0000    0.0000 2349.0649   20.3520
    0.0000  -45.0000    0.0000 2369.4109   20.3173
    7.5000  -45.0000    0.0000 2335.8123   20.5623
   -7.5000  -37.5000    0.0000 2464.7446   18.5892
    0.0000  -37.5000    0.0000 2485.8638   18.5334
    7.5000  -37.5000    0.0000 2457.4487   18.7859
   -7.5000  -30.0000    0.0000 2555.5664   17.1594
    0.0000  -30.0000    0.0000 2574.6807   17.0980
    7.5000  -30.0000    0.0000 2551.0161   17.3182
   -7.5000  -22.5000    0.0000 2641.9700   16.0303
    0.0000  -22.5000    0.0000 2668.2539   15.9850
    7.5000  -22.5000    0.0000 2640.1692   16.1490
   -7.5000  -15.0000    0.0000 2689.6895   15.1049
    0.0000  -15.0000    0.0000 2719.0085   15.0867
    7.5000  -15.0000    0.0000 2682.6755   15.2933
   -7.5000   -7.5000    0.0000 2739.4910   14.6753
    0.0000   -7.5000    0.0000 2759.6643   14.6413
    7.5000   -7.5000    0.0000 2734.7361   14.9314
   -7.5000    0.0000    0.0000 2753.6714   14.9292
    0.0000    0.0000    0.0000 2776.1523   14.9074
    7.5000    0.0000    0.0000 2744.3093   15.2028
   -7.5000    7.5000    0.0000 2734.6272   15.5988
    0.0000    7.5000    0.0000 2749.6121   15.5298
    7.5000    7.5000    0.0000 2727.6445   15.9019
   -7.5000   15.0000    0.0000 2673.5959   16.5375
    0.0000   15.0000    0.0000 2686.1570   16.4495
    7.5000   15.0000    0.0000 2667.4568   16.8674
   -7.5000   22.5000    0.0000 2586.7427   17.8540
    0.0000   22.5000    0.0000 2601.8770   17.7312
    7.5000   22.5000    0.0000 2581.0388   18.1644
   -7.5000   30.0000    0.0000 2459.9675   19.5455
    0.0000   30.0000    0.0000 2476.4272   19.4302
    7.5000   30.0000    0.0000 2452.9468   19.8721
   -7.5000   37.5000    0.0000 2325.4395   21.6050
    0.0000   37.5000    0.0000 2342.5608   21.5442
    7.5000   37.5000    0.0000 2312.5771   21.9739
   -7.5000   45.0000    0.0000 2151.0552   24.1645
    0.0000   45.0000    0.0000 2165.2100   24.1954
    7.5000   45.0000    0.0000 2138.5620   24.6448
   -7.5000  -45.0000    7.5000 2356.1106   20.2194
    0.0000  -45.0000    7.5000 2361.6843   19.9494
    7.5000  -45.0000    7.5000 2349.6826   20.3551
   -7.5000  -37.5000    7.5000 2478.5544   18.4369
    0.0000  -37.5000    7.5000 2480.6836   18.1655
    7.5000  -37.5000    7.5000 2463.6353   18.5553
   -7.5000  -30.0000    7.5000 2576.5232   16.9734
    0.0000  -30.0000    7.5000 2580.0896   16.7768
    7.5000  -30.0000    7.5000 2561.1279   17.1240
   -7.5000  -22.5000    7.5000 2667.8242   15.8465
    0.0000  -22.5000    7.5000 2683.6677   15.7006
    7.5000  -22.5000    7.5000 2658.0579   15.9461
   -7.5000  -15.0000    7.5000 2727.2344   14.8256
    0.0000  -15.0000    7.5000 2760.9941   14.7516
    7.5000  -15.0000    7.5000 2712.2625   14.9541
   -7.5000   -7.5000    7.5000 2769.7146   14.1265
    0.0000   -7.5000    7.5000 2795.3867   14.0171
    7.5000   -7.5000    7.5000 2758.1106   14.5286
   -7.5000    0.0000    7.5000 2796.9131   14.4217
    0.0000    0.0000    7.5000 2810.9648   14.2193
    7.5000    0.0000    7.5000 2786.8962   14.8895
   -7.5000    7.5000    7.5000 2773.2974   15.2025
    0.0000    7.5000    7.5000 2788.3904   15.0049
    7.5000    7.5000    7.5000 2768.8096   15.6056
   -7.5000   15.0000    7.5000 2714.2766   16.1817
    0.0000   15.0000    7.5000 2718.4041   16.0285
    7.5000   15.0000    7.5000 2704.5830   16.5553
   -7.5000   22.5000    7.5000 2621.6182   17.5006
    0.0000   22.5000    7.5000 2628.8108   17.3301
    7.5000   22.5000    7.5000 2611.5674   17.7715
   -7.5000   30.0000    7.5000 2497.2942   19.2217
    0.0000   30.0000    7.5000 2501.6167   19.0534
    7.5000   30.0000    7.5000 2480.0447   19.4713
   -7.5000   37.5000    7.5000 2352.5671   21.3292
    0.0000   37.5000    7.5000 2367.0693   21.1689
    7.5000   37.5000    7.5000 2335.6101   21.6437
   -7.5000   45.0000    7.5000 2175.6160   23.7788
    0.0000   45.0000    7.5000 2184.1367   23.7460
    7.5000   45.0000    7.5000 2164.1147   24.2662
   -7.5000  -45.0000   15.0000 2326.5457   20.1333
    0.0000  -45.0000   15.0000 2330.0879   19.7612
    7.5000  -45.0000   15.0000 2324.3950   20.3463
   -7.5000  -37.5000   15.0000 2448.0637   18.4039
    0.0000  -37.5000   15.0000 2448.0891   18.0830
    7.5000  -37.5000   15.0000 2436.7898   18.5634
   -7.5000  -30.0000   15.0000 2557.3672   16.9849
    0.0000  -30.0000   15.0000 2559.3848   16.7202
    7.5000  -30.0000   15.0000 2544.7969   17.1468
   -7.5000  -22.5000   15.0000 2658.6899   15.9049
    0.0000  -22.5000   15.0000 2661.5444   15.5995
    7.5000  -22.5000   15.0000 2654.7961   15.9880
   -7.5000  -15.0000   15.0000 2719.5562   14.8679
    0.0000  -15.0000   15.0000 2732.3108   14.6238
    7.5000  -15.0000   15.0000 2712.6121   15.0273
   -7.5000   -7.5000   15.0000 2790.0371   14.3226
    0.0000   -7.5000   15.0000 2799.0425   14.0442
    7.5000   -7.5000   15.0000 2788.8799   14.7188
   -7.5000    0.0000   15.0000 2815.8457   14.4930
    0.0000    0.0000   15.0000 2840.2607   14.3302
    7.5000    0.0000   15.0000 2808.7319   14.9295
   -7.5000    7.5000   15.0000 2783.5659   15.1527
    0.0000    7.5000   15.0000 2809.7012   15.0857
    7.5000    7.5000   15.0000 2776.0903   15.5473
   -7.5000   15.0000   15.0000 2709.1838   16.1438
    0.0000   15.0000   15.0000 2724.5720   16.0927
    7.5000   15.0000   15.0000 2695.3530   16.4121
   -7.5000   22.5000   15.0000 2609.9082   17.4815
    0.0000   22.5000   15.0000 2625.2095   17.3849
    7.5000   22.5000   15.0000 2598.0320   17.6605
   -7.5000   30.0000   15.0000 2501.3564   19.1984
    0.0000   30.0000   15.0000 2507.7178   19.1198
    7.5000   30.0000   15.0000 2475.1941   19.3664
   -7.5000   37.5000   15.0000 2354.4980   21.2404
    0.0000   37.5000   15.0000 2369.2375   21.2684
    7.5000   37.5000   15.0000 2338.1523   21.4765
   -7.5000   45.0000   15.0000 2174.9534   23.6858
    0.0000   45.0000   15.0000 2193.9690   23.8587
    7.5000   45.0000   15.0000 2163.5281   24.0509
   -7.5000  -45.0000   22.5000 2299.3003   20.5740
    0.0000  -45.0000   22.5000 2291.0117   20.0088
    7.5000  -45.0000   22.5000 2301.2236   20.8144
   -7.5000  -37.5000   22.5000 2418.6138   18.7532
    0.0000  -37.5000   22.5000 2395.3254   18.2352
    7.5000  -37.5000   22.5000 2417.4824   18.9729
   -7.5000  -30.0000   22.5000 2526.6135   17.3513
    0.0000  -30.0000   22.5000 2506.3296   16.8960
    7.5000  -30.0000   22.5000 2530.4055   17.5504
   -7.5000  -22.5000   22.5000 2629.8171   16.2512
    0.0000  -22.5000   22.5000 2629.6230   15.9984
    7.5000  -22.5000   22.5000 2634.6455   16.3928
   -7.5000  -15.0000   22.5000 2724.6982   15.4371
    0.0000  -15.0000   22.5000 2741.2163   15.2116
    7.5000  -15.0000   22.5000 2715.5916   15.6116
   -7.5000   -7.5000   22.5000 2801.0461   15.1399
    0.0000   -7.5000   22.5000 2839.1248   15.0638
    7.5000   -7.5000   22.5000 2777.5071   15.2863
   -7.5000    0.0000   22.5000 2808.2578   15.1758
    0.0000    0.0000   22.5000 2854.5010   15.2108
    7.5000    0.0000   22.5000 2795.9419   15.3704
   -7.5000    7.5000   22.5000 2761.4768   15.5682
    0.0000    7.5000   22.5000 2806.3477   15.6330
    7.5000    7.5000   22.5000 2756.7991   15.8333
   -7.5000   15.0000   22.5000 2684.3027   16.4391
    0.0000   15.0000   22.5000 2714.3059   16.4372
    7.5000   15.0000   22.5000 2680.0154   16.6610
   -7.5000   22.5000   22.5000 2589.9790   17.7585
    0.0000   22.5000   22.5000 2601.2695   17.6724
    7.5000   22.5000   22.5000 2579.1106   17.9269
   -7.5000   30.0000   22.5000 2485.6394   19.4697
    0.0000   30.0000   22.5000 2499.3823   19.3767
    7.5000   30.0000   22.5000 2474.0540   19.6749
   -7.5000   37.5000   22.5000 2335.2498   21.5672
    0.0000   37.5000   22.5000 2347.0620   21.5459
    7.5000   37.5000   22.5000 2331.2639   21.8468
   -7.5000   45.0000   22.5000 2164.3586   24.0660
    0.0000   45.0000   22.5000 2181.9050   24.0831
    7.5000   45.0000   22.5000 2156.4546   24.4377
   -7.5000  -45.0000   30.0000 2263.2043   21.4724
    0.0000  -45.0000   30.0000 2257.5698   20.9772
    7.5000  -45.0000   30.0000 2265.3022   21.6299
   -7.5000  -37.5000   30.0000 2385.2119   19.7386
    0.0000  -37.5000   30.0000 2376.5603   19.3007
    7.5000  -37.5000   30.0000 2385.7205   19.9205
   -7.5000  -30.0000   30.0000 2497.7236   18.3585
    0.0000  -30.0000   30.0000 2491.4250   18.0349
    7.5000  -30.0000   30.0000 2492.7327   18.5003
   -7.5000  -22.5000   30.0000 2605.2583   17.1508
    0.0000  -22.5000   30.0000 2597.5864   16.8082
    7.5000  -22.5000   30.0000 2596.0400   17.2550
   -7.5000  -15.0000   30.0000 2688.1438   16.2679
    0.0000  -15.0000   30.0000 2699.9805   16.0196
    7.5000  -15.0000   30.0000 2671.0898   16.4490
   -7.5000   -7.5000   30.0000 2753.0083   16.0064
    0.0000   -7.5000   30.0000 2770.8799   15.8696
    7.5000   -7.5000   30.0000 2734.4148   16.1819
   -7.5000    0.0000   30.0000 2767.5295   16.1313
    0.0000    0.0000   30.0000 2786.5767   16.0131
    7.5000    0.0000   30.0000 2752.4338   16.3010
   -7.5000    7.5000   30.0000 2728.0312   16.6735
    0.0000    7.5000   30.0000 2748.6963   16.5423
    7.5000    7.5000   30.0000 2708.6062   16.8616
   -7.5000   15.0000   30.0000 2645.9346   17.4856
    0.0000   15.0000   30.0000 2677.4424   17.4389
    7.5000   15.0000   30.0000 2633.0903   17.6829
   -7.5000   22.5000   30.0000 2551.0356   18.6168
    0.0000   22.5000   30.0000 2565.0063   18.5168
    7.5000   22.5000   30.0000 2534.1150   18.7409
   -7.5000   30.0000   30.0000 2436.6719   20.1166
    0.0000   30.0000   30.0000 2451.7095   19.9710
    7.5000   30.0000   30.0000 2428.6006   20.2267
   -7.5000   37.5000   30.0000 2285.5327   22.0654
    0.0000   37.5000   30.0000 2300.3037   21.9608
    7.5000   37.5000   30.0000 2289.7681   22.1807
   -7.5000   45.0000   30.0000 2127.7422   24.3762
    0.0000   45.0000   30.0000 2146.5469   24.3596
    7.5000   45.0000   30.0000 2124.1643   24.6438
   -7.5000  -45.0000   37.5000 2231.9575   22.9284
    0.0000  -45.0000   37.5000 2239.0566   22.5007
    7.5000  -45.0000   37.5000 2232.4163   23.1228
   -7.5000  -37.5000   37.5000 2345.7185   21.0031
    0.0000  -37.5000   37.5000 2351.1975   20.6073
    7.5000  -37.5000   37.5000 2345.3350   21.1748
   -7.5000  -30.0000   37.5000 2447.6211   19.3930
    0.0000  -30.0000   37.5000 2450.6045   18.9760
    7.5000  -30.0000   37.5000 2449.7439   19.5287
   -7.5000  -22.5000   37.5000 2552.5935   18.0558
    0.0000  -22.5000   37.5000 2552.4961   17.6507
    7.5000  -22.5000   37.5000 2544.2236   18.2026
   -7.5000  -15.0000   37.5000 2633.5623   17.1762
    0.0000  -15.0000   37.5000 2630.7617   16.8531
    7.5000  -15.0000   37.5000 2617.2290   17.3802
   -7.5000   -7.5000   37.5000 2685.1609   16.8933
    0.0000   -7.5000   37.5000 2692.2266   16.6950
    7.5000   -7.5000   37.5000 2676.7136   17.1570
   -7.5000    0.0000   37.5000 2686.3916   17.0311
    0.0000    0.0000   37.5000 2703.7822   16.8695
    7.5000    0.0000   37.5000 2684.4512   17.3034
   -7.5000    7.5000   37.5000 2647.8718   17.5716
    0.0000    7.5000   37.5000 2661.8394   17.4077
    7.5000    7.5000   37.5000 2642.9829   17.8388
   -7.5000   15.0000   37.5000 2574.5027   18.4343
    0.0000   15.0000   37.5000 2592.0828   18.2324
    7.5000   15.0000   37.5000 2566.6697   18.6386
   -7.5000   22.5000   37.5000 2491.0562   19.6153
    0.0000   22.5000   37.5000 2504.2261   19.4315
    7.5000   22.5000   37.5000 2477.5642   19.7558
   -7.5000   30.0000   37.5000 2374.9958   21.0682
    0.0000   30.0000   37.5000 2387.1323   20.9694
    7.5000   30.0000   37.5000 2366.9629   21.2308
   -7.5000   37.5000   37.5000 2232.7512   22.9171
    0.0000   37.5000   37.5000 2247.1582   22.8244
    7.5000   37.5000   37.5000 2226.4319   23.1452
   -7.5000   45.0000   37.5000 2085.9119   25.1934
    0.0000   45.0000   37.5000 2103.8345   25.1641
    7.5000   45.0000   37.5000 2076.3857   25.4682
   -7.5000  -45.0000   45.0000 2168.2305   24.3164
    0.0000  -45.0000   45.0000 2187.6797   23.9346
    7.5000  -45.0000   45.0000 2176.7485   24.5202
   -7.5000  -37.5000   45.0000 2280.5222   22.2157
    0.0000  -37.5000   45.0000 2297.7175   21.8347
    7.5000  -37.5000   45.0000 2290.8813   22.4315
   -7.5000  -30.0000   45.0000 2375.5386   20.4832
    0.0000  -30.0000   45.0000 2388.8271   20.0921
    7.5000  -30.0000   45.0000 2379.8252   20.6854
   -7.5000  -22.5000   45.0000 2480.5559   19.2504
    0.0000  -22.5000   45.0000 2485.3145   18.8100
    7.5000  -22.5000   45.0000 2474.1155   19.4308
   -7.5000  -15.0000   45.0000 2551.2720   18.3372
    0.0000  -15.0000   45.0000 2555.2930   17.9996
    7.5000  -15.0000   45.0000 2540.5205   18.5342
   -7.5000   -7.5000   45.0000 2599.3262   18.0203
    0.0000   -7.5000   45.0000 2607.0625   17.7808
    7.5000   -7.5000   45.0000 2593.3049   18.2630
   -7.5000    0.0000   45.0000 2590.9551   18.1825
    0.0000    0.0000   45.0000 2603.0120   17.9991
    7.5000    0.0000   45.0000 2591.0728   18.4154
   -7.5000    7.5000   45.0000 2551.9199   18.7315
    0.0000    7.5000   45.0000 2556.7427   18.5503
    7.5000    7.5000   45.0000 2549.8452   18.9672
   -7.5000   15.0000   45.0000 2486.3750   19.4918
    0.0000   15.0000   45.0000 2502.1028   19.2946
    7.5000   15.0000   45.0000 2485.9507   19.7372
   -7.5000   22.5000   45.0000 2405.7021   20.5900
    0.0000   22.5000   45.0000 2423.3958   20.3747
    7.5000   22.5000   45.0000 2402.9041   20.7488
   -7.5000   30.0000   45.0000 2296.7478   22.1258
    0.0000   30.0000   45.0000 2310.8086   22.0046
    7.5000   30.0000   45.0000 2287.4221   22.2584
   -7.5000   37.5000   45.0000 2172.3452   24.0971
    0.0000   37.5000   45.0000 2189.9194   24.0468
    7.5000   37.5000   45.0000 2168.3979   24.2619
   -7.5000   45.0000   45.0000 2026.4025   26.3423
    0.0000   45.0000   45.0000 2035.8282   26.4020
    7.5000   45.0000   45.0000 2024.6627   26.6762

---------------------------------------------------------------------
imgreg_4dfp /opt/freesurfer/average/711-2C_as_mni_average_305 /opt/freesurfer/average/711-2B_as_mni_average_305_mask talsrcimg_g11 none talsrcimg_to_711-2C_as_mni_average_305_t4 1283
---------------------------------------------------------------------

freesurfer imgreg_4dfp.c
/opt/freesurfer/average/711-2C_as_mni_average_305.4dfp.img
       256       256       256         1
  1.000000  1.000000  1.000000
orientation T byte_order littleendian
Reading image: /opt/freesurfer/average/711-2C_as_mni_average_305.4dfp.img
dimensions:      256       256       256
mmppix:       1.0000   -1.0000   -1.0000
center:     128.0000 -129.0000 -129.0000
/opt/freesurfer/average/711-2B_as_mni_average_305_mask.4dfp.img
       256       256       256         1
  1.000000  1.000000  1.000000
orientation T byte_order littleendian
Reading mask: /opt/freesurfer/average/711-2B_as_mni_average_305_mask.4dfp.img (2306576 pixels)
talsrcimg_g11.4dfp.img
       256       256       256         1
  1.000000  1.000000  1.000000
orientation T byte_order littleendian
Reading image: talsrcimg_g11.4dfp.img
dimensions:      256       256       256
mmppix:       1.0000   -1.0000   -1.0000
center:     128.0000 -129.0000 -129.0000
rotation matrix determinant  1.000000
fimgreg.f
image alignment mode   1283 decimal      503 hex
parameters
    0.0000    0.0000   22.5000    0.0000    0.0000    0.0000
eta,q 0.89702 15.28649
niter,ni,del,rscale     5    3   12.0000    1.2000
parameter  3  0.661276 ->  0.500000 qaram    1.1500
parameters
   -1.5802   -1.5768   19.0500   -0.4835   -0.3892    0.1922
eta,q 0.89889 14.51154
  0.1121  0.1086  0.1031  0.1061  0.1077  0.1057
  0.1071  0.1063  0.0994  0.1050  0.1040  0.1039
  0.1055  0.1052  0.1020  0.1023  0.1017  0.1023
  0.1067  0.1047  0.1042  0.1006  0.1009  0.1011
  0.1107  0.1069  0.1068  0.1011  0.1011  0.1013
  0.1145  0.1118  0.1109  0.1052  0.1045  0.1030
  0.1240  0.1179  0.1153  0.1101  0.1112  0.1057
niter,ni,del,rscale     5    3   12.0000    1.2000
parameters
   -1.3016   -2.0853   20.0138   -0.2164   -0.4156   -0.4936
eta,q 0.89739 14.61213
  0.1183  0.1071  0.1186  0.1074  0.1078  0.1059
  0.1106  0.1041  0.1132  0.1064  0.1046  0.1038
  0.1048  0.1018  0.1027  0.1049  0.1030  0.1029
  0.1011  0.1011  0.1008  0.1027  0.1027  0.1027
  0.1039  0.1037  0.1045  0.1022  0.1017  0.1034
  0.1089  0.1060  0.1067  0.1045  0.1037  0.1052
  0.1155  0.1085  0.1109  0.1082  0.1089  0.1077
niter,ni,del,rscale     4    3   12.0000    1.2000
parameters
   -1.3860   -1.5882   20.2071   -0.8809   -0.2445   -0.8055
eta,q 0.89672 14.64518
  0.1168  0.1100  0.1160  0.1067  0.1087  0.1060
  0.1095  0.1073  0.1087  0.1062  0.1055  0.1045
  0.1045  0.1045  0.1005  0.1047  0.1039  0.1035
  0.1026  0.1026  0.1027  0.1028  0.1032  0.1032
  0.1058  0.1037  0.1048  0.1035  0.1025  0.1036
  0.1102  0.1050  0.1076  0.1068  0.1041  0.1049
  0.1171  0.1086  0.1131  0.1104  0.1090  0.1068
niter,ni,del,rscale     3    3   12.0000    1.2000
parameters
   -1.4358   -1.3295   20.2436   -1.3332   -0.1830   -0.9792
eta,q 0.89624 14.65974
  0.1170  0.1086  0.1154  0.1068  0.1088  0.1061
  0.1098  0.1060  0.1079  0.1065  0.1058  0.1047
  0.1047  0.1043  0.1012  0.1053  0.1042  0.1040
  0.1033  0.1033  0.1033  0.1033  0.1038  0.1038
  0.1061  0.1035  0.1050  0.1032  0.1031  0.1038
  0.1102  0.1046  0.1080  0.1060  0.1049  0.1050
  0.1169  0.1084  0.1137  0.1102  0.1095  0.1064
niter,ni,del,rscale     2    3   12.0000    1.2000
parameters
   -1.4192   -1.1965   20.2411   -1.6318   -0.1671   -1.1030
eta,q 0.89589 14.66972
  0.1172  0.1078  0.1153  0.1068  0.1089  0.1061
  0.1100  0.1053  0.1078  0.1065  0.1060  0.1049
  0.1050  0.1043  0.1018  0.1056  0.1044  0.1043
  0.1038  0.1038  0.1038  0.1038  0.1041  0.1041
  0.1063  0.1036  0.1051  0.1031  0.1034  0.1041
  0.1100  0.1044  0.1082  0.1054  0.1052  0.1051
  0.1166  0.1081  0.1140  0.1097  0.1097  0.1063
niter,ni,del,rscale     1    3   12.0000    1.2000
parameters
   -1.4087   -1.0762   20.2308   -1.7939   -0.1684   -1.1693
eta,q 0.89572 14.67712
  0.1172  0.1074  0.1152  0.1067  0.1090  0.1061
  0.1100  0.1049  0.1079  0.1066  0.1061  0.1051
  0.1052  0.1044  0.1022  0.1059  0.1045  0.1045
  0.1041  0.1041  0.1041  0.1041  0.1043  0.1043
  0.1065  0.1037  0.1050  0.1031  0.1037  0.1043
  0.1100  0.1042  0.1082  0.1051  0.1054  0.1052
  0.1166  0.1076  0.1142  0.1094  0.1097  0.1062
registration optimization eta report
parameter search radius
    6.0000    6.0000    6.9000    6.0000    6.0000    6.0000
100000*second partial in parameter space
       35.       10.       24.       11.       16.        5.
  0.1172  0.1074  0.1152  0.1067  0.1090  0.1061
  0.1100  0.1049  0.1079  0.1066  0.1061  0.1051
  0.1052  0.1044  0.1022  0.1059  0.1045  0.1045
  0.1041  0.1041  0.1041  0.1041  0.1043  0.1043
  0.1065  0.1037  0.1050  0.1031  0.1037  0.1043
  0.1100  0.1042  0.1082  0.1051  0.1054  0.1052
  0.1166  0.1076  0.1142  0.1094  0.1097  0.1062
   -1.4087   -1.0762   20.2308   -1.7939   -0.1684   -1.1693
eta,q 0.89572 14.67712

---------------------------------------------------------------------
imgreg_4dfp /opt/freesurfer/average/711-2C_as_mni_average_305 /opt/freesurfer/average/711-2B_as_mni_average_305_mask talsrcimg_g11 none talsrcimg_to_711-2C_as_mni_average_305_t4 3335
---------------------------------------------------------------------

freesurfer imgreg_4dfp.c
/opt/freesurfer/average/711-2C_as_mni_average_305.4dfp.img
       256       256       256         1
  1.000000  1.000000  1.000000
orientation T byte_order littleendian
Reading image: /opt/freesurfer/average/711-2C_as_mni_average_305.4dfp.img
dimensions:      256       256       256
mmppix:       1.0000   -1.0000   -1.0000
center:     128.0000 -129.0000 -129.0000
/opt/freesurfer/average/711-2B_as_mni_average_305_mask.4dfp.img
       256       256       256         1
  1.000000  1.000000  1.000000
orientation T byte_order littleendian
Reading mask: /opt/freesurfer/average/711-2B_as_mni_average_305_mask.4dfp.img (2306576 pixels)
talsrcimg_g11.4dfp.img
       256       256       256         1
  1.000000  1.000000  1.000000
orientation T byte_order littleendian
Reading image: talsrcimg_g11.4dfp.img
dimensions:      256       256       256
mmppix:       1.0000   -1.0000   -1.0000
center:     128.0000 -129.0000 -129.0000
fimgreg.f
image alignment mode   3335 decimal      D07 hex
parameters
   -1.4087   -1.0762   20.2308   -0.0213   -0.0696   -0.0494
    2.0304    0.3576   -2.0406    3.1238   -0.2939   -3.1304
eta,q 0.90256 14.90717
niter,ni,del,rscale     5    3    5.0000    1.2000
parameter  4  1.798069 ->  0.500000 qaram    1.1500
parameter  5  2.022298 ->  0.500000 qaram    1.1500
parameter  6  0.599812 ->  0.500000 qaram    1.1500
parameter 10 -1.300891 -> -0.500000 qaram    1.1500
parameter 12 -1.584115 -> -0.500000 qaram    1.1500
parameters
   -0.9509   -1.2511   20.6832   -4.1613   -4.2096   -4.1894
    1.0283    3.5129    0.8203    7.2638   -0.5306    1.0096
eta,q 0.92488 14.86841
  0.1026  0.0987  0.1019  0.0850  0.0800  0.0812  0.0825  0.0874  0.0827  0.0879  0.0786  0.0828
  0.1001  0.0978  0.0997  0.0874  0.0822  0.0812  0.0816  0.0840  0.0815  0.0847  0.0778  0.0806
  0.0983  0.0974  0.0981  0.0913  0.0851  0.0813  0.0811  0.0820  0.0806  0.0822  0.0773  0.0787
  0.0974  0.0973  0.0973  0.0972  0.0883  0.0830  0.0810  0.0810  0.0801  0.0799  0.0771  0.0771
  0.0974  0.0976  0.0972  0.1049  0.0923  0.0881  0.0814  0.0803  0.0799  0.0781  0.0772  0.0759
  0.0982  0.0982  0.0980  0.1132  0.0973  0.0958  0.0823  0.0800  0.0800  0.0769  0.0778  0.0749
  0.0998  0.0991  0.0994  0.1198  0.1023  0.1043  0.0837  0.0812  0.0804  0.0764  0.0789  0.0742
niter,ni,del,rscale     7    3    5.0000    1.2000
parameter  2 -0.747394 -> -0.500000 qaram    1.1500
parameter  3  2.078833 ->  0.500000 qaram    1.1500
parameter  4  0.735270 ->  0.500000 qaram    1.3225
parameter  5  1.086071 ->  0.500000 qaram    1.3225
parameter  6  0.516998 ->  0.500000 qaram    1.3225
parameter 10 -0.677992 -> -0.500000 qaram    1.3225
parameter 12 -0.578540 -> -0.500000 qaram    1.3225
parameters
   -0.2513    0.1289   19.3032   -8.9223   -8.9706   -8.9504
    1.5839    5.6977    0.5545   12.0248    0.9712    5.7706
eta,q 0.93731 14.50024
  0.0804  0.0784  0.0700  0.0669  0.0636  0.0639  0.0672  0.0685  0.0661  0.0709  0.0639  0.0666
  0.0778  0.0771  0.0709  0.0676  0.0646  0.0646  0.0661  0.0670  0.0653  0.0685  0.0636  0.0652
  0.0761  0.0759  0.0722  0.0688  0.0661  0.0652  0.0652  0.0657  0.0648  0.0663  0.0634  0.0641
  0.0751  0.0749  0.0740  0.0712  0.0678  0.0650  0.0648  0.0648  0.0646  0.0646  0.0633  0.0633
  0.0749  0.0742  0.0760  0.0755  0.0709  0.0658  0.0650  0.0646  0.0649  0.0636  0.0632  0.0628
  0.0754  0.0740  0.0782  0.0826  0.0746  0.0707  0.0656  0.0650  0.0654  0.0633  0.0633  0.0627
  0.0764  0.0743  0.0805  0.0920  0.0795  0.0763  0.0666  0.0658  0.0663  0.0638  0.0636  0.0631
niter,ni,del,rscale     7    3    5.0000    1.2000
parameter  3  3.656027 ->  0.500000 qaram    1.3225
parameter  5  0.557588 ->  0.500000 qaram    1.5209
parameter 12  1.160807 ->  0.500000 qaram    1.5209
parameters
   -0.1393    0.1822   17.7162  -13.4660  -14.4458  -13.1247
    2.8402    4.8097   -0.3617   10.1354   -2.1855    0.2954
eta,q 0.94348 13.87091
  0.0658  0.0655  0.0585  0.0597  0.0587  0.0575  0.0603  0.0600  0.0589  0.0599  0.0576  0.0564
  0.0641  0.0639  0.0597  0.0593  0.0584  0.0575  0.0591  0.0586  0.0582  0.0583  0.0574  0.0565
  0.0630  0.0630  0.0611  0.0595  0.0586  0.0581  0.0583  0.0578  0.0578  0.0575  0.0573  0.0568
  0.0627  0.0627  0.0627  0.0601  0.0594  0.0584  0.0578  0.0578  0.0577  0.0577  0.0575  0.0573
  0.0630  0.0629  0.0644  0.0619  0.0608  0.0586  0.0578  0.0584  0.0581  0.0587  0.0577  0.0581
  0.0638  0.0638  0.0662  0.0660  0.0634  0.0616  0.0582  0.0596  0.0587  0.0603  0.0581  0.0590
  0.0652  0.0653  0.0682  0.0729  0.0673  0.0694  0.0591  0.0614  0.0597  0.0625  0.0586  0.0599
niter,ni,del,rscale     7    3    5.0000    1.2000
parameter  2  0.634880 ->  0.500000 qaram    1.3225
parameter  3  4.024379 ->  0.500000 qaram    1.5209
parameter  5  2.351590 ->  0.500000 qaram    1.7490
parameter  6  1.382375 ->  0.500000 qaram    1.5209
parameter 10  1.082638 ->  0.500000 qaram    1.5209
parameter 12  0.673608 ->  0.500000 qaram    1.7490
parameters
   -0.3713   -1.4048   15.8912  -14.2342  -20.7422  -18.5999
    1.0770    3.6604   -1.0787    4.6603   -2.8480   -6.0010
eta,q 0.96077 13.87404
  0.0585  0.0560  0.0494  0.0541  0.0464  0.0450  0.0468  0.0475  0.0471  0.0415  0.0419  0.0401
  0.0573  0.0558  0.0512  0.0528  0.0474  0.0453  0.0458  0.0462  0.0460  0.0410  0.0415  0.0393
  0.0566  0.0559  0.0533  0.0520  0.0494  0.0462  0.0453  0.0453  0.0454  0.0424  0.0413  0.0395
  0.0565  0.0565  0.0558  0.0517  0.0517  0.0479  0.0455  0.0453  0.0452  0.0452  0.0412  0.0412
  0.0569  0.0575  0.0585  0.0519  0.0540  0.0500  0.0462  0.0460  0.0457  0.0489  0.0413  0.0442
  0.0579  0.0590  0.0612  0.0530  0.0564  0.0516  0.0475  0.0475  0.0467  0.0528  0.0416  0.0478
  0.0595  0.0608  0.0640  0.0556  0.0597  0.0542  0.0493  0.0497  0.0480  0.0564  0.0423  0.0512
niter,ni,del,rscale     7    3    5.0000    1.2000
parameter  3  1.045743 ->  0.500000 qaram    1.7490
parameter  4 -0.833916 -> -0.500000 qaram    1.5209
parameters
   -0.3961   -1.6382   13.7924   -8.7590  -22.1124  -15.8766
    1.2333    3.7568   -0.4959    6.0266   -5.1081   -9.1522
eta,q 0.96502 14.02079
  0.0417  0.0439  0.0363  0.0414  0.0445  0.0427  0.0380  0.0390  0.0378  0.0438  0.0353  0.0370
  0.0404  0.0415  0.0369  0.0395  0.0413  0.0401  0.0368  0.0374  0.0367  0.0406  0.0350  0.0359
  0.0395  0.0398  0.0379  0.0381  0.0382  0.0380  0.0359  0.0361  0.0359  0.0379  0.0349  0.0351
  0.0392  0.0392  0.0393  0.0371  0.0358  0.0365  0.0355  0.0355  0.0355  0.0355  0.0350  0.0349
  0.0395  0.0400  0.0411  0.0363  0.0369  0.0353  0.0357  0.0359  0.0356  0.0347  0.0352  0.0359
  0.0404  0.0423  0.0437  0.0357  0.0439  0.0355  0.0365  0.0372  0.0362  0.0368  0.0357  0.0386
  0.0418  0.0459  0.0473  0.0360  0.0513  0.0393  0.0379  0.0390  0.0373  0.0418  0.0364  0.0428
niter,ni,del,rscale     7    3    5.0000    1.2000
parameter  3  0.589961 ->  0.500000 qaram    2.0114
parameters
   -0.5460   -1.1212   11.3788   -9.5483  -21.8171  -16.0082
    0.8593    4.0796   -0.0458    8.7586   -5.6670  -14.9189
eta,q 0.96747 13.98299
  0.0376  0.0407  0.0338  0.0375  0.0434  0.0393  0.0358  0.0372  0.0358  0.0419  0.0333  0.0331
  0.0361  0.0380  0.0337  0.0359  0.0399  0.0370  0.0347  0.0357  0.0347  0.0386  0.0332  0.0326
  0.0352  0.0360  0.0340  0.0347  0.0367  0.0350  0.0340  0.0344  0.0341  0.0357  0.0331  0.0326
  0.0350  0.0350  0.0348  0.0338  0.0340  0.0338  0.0338  0.0338  0.0338  0.0338  0.0331  0.0331
  0.0354  0.0349  0.0362  0.0333  0.0323  0.0325  0.0341  0.0341  0.0339  0.0330  0.0331  0.0341
  0.0365  0.0358  0.0388  0.0351  0.0369  0.0339  0.0349  0.0353  0.0344  0.0338  0.0332  0.0362
  0.0383  0.0381  0.0431  0.0411  0.0453  0.0428  0.0363  0.0367  0.0353  0.0371  0.0335  0.0396
niter,ni,del,rscale     7    3    5.0000    1.2000
parameters
   -0.7069   -0.7626    9.2178   -8.9266  -21.5587  -16.8382
    0.5313    4.1668   -0.0052   11.7361   -6.1859  -18.2979
eta,q 0.96907 14.03191
  0.0351  0.0375  0.0329  0.0365  0.0416  0.0379  0.0336  0.0350  0.0333  0.0393  0.0317  0.0327
  0.0336  0.0349  0.0317  0.0344  0.0378  0.0351  0.0325  0.0331  0.0324  0.0354  0.0314  0.0314
  0.0327  0.0332  0.0317  0.0328  0.0343  0.0327  0.0317  0.0319  0.0317  0.0329  0.0312  0.0309
  0.0325  0.0325  0.0325  0.0316  0.0314  0.0312  0.0315  0.0315  0.0315  0.0315  0.0312  0.0312
  0.0330  0.0327  0.0340  0.0305  0.0294  0.0302  0.0318  0.0320  0.0317  0.0312  0.0313  0.0322
  0.0341  0.0337  0.0360  0.0317  0.0341  0.0342  0.0327  0.0330  0.0323  0.0319  0.0315  0.0337
  0.0359  0.0356  0.0391  0.0372  0.0442  0.0442  0.0342  0.0347  0.0333  0.0337  0.0318  0.0358
niter,ni,del,rscale     6    3    5.0000    1.2000
parameters
   -0.7961   -0.1762    8.7008   -9.0581  -22.0686  -17.5072
    0.6532    4.0534    0.1436   13.0517   -6.7788  -17.9412
eta,q 0.96872 13.98469
  0.0337  0.0364  0.0349  0.0358  0.0403  0.0382  0.0337  0.0346  0.0330  0.0373  0.0319  0.0352
  0.0321  0.0336  0.0317  0.0337  0.0367  0.0353  0.0325  0.0327  0.0321  0.0339  0.0315  0.0326
  0.0312  0.0317  0.0307  0.0321  0.0335  0.0328  0.0317  0.0316  0.0316  0.0321  0.0313  0.0316
  0.0309  0.0309  0.0309  0.0308  0.0308  0.0311  0.0314  0.0314  0.0314  0.0314  0.0313  0.0313
  0.0313  0.0310  0.0320  0.0299  0.0293  0.0298  0.0315  0.0319  0.0315  0.0315  0.0314  0.0317
  0.0324  0.0318  0.0339  0.0318  0.0353  0.0340  0.0323  0.0330  0.0320  0.0325  0.0317  0.0328
  0.0341  0.0333  0.0363  0.0382  0.0459  0.0441  0.0337  0.0346  0.0329  0.0348  0.0320  0.0344
niter,ni,del,rscale     5    3    5.0000    1.2000
parameters
   -0.8438    0.2316    8.1713   -8.9755  -22.6710  -18.2988
    0.6496    4.0336    0.3722   14.2153   -6.7682  -18.0182
eta,q 0.96846 13.93068
  0.0340  0.0357  0.0351  0.0363  0.0399  0.0380  0.0339  0.0349  0.0333  0.0367  0.0323  0.0348
  0.0325  0.0334  0.0322  0.0341  0.0365  0.0352  0.0327  0.0329  0.0325  0.0341  0.0319  0.0328
  0.0316  0.0319  0.0312  0.0325  0.0336  0.0329  0.0320  0.0319  0.0319  0.0325  0.0316  0.0319
  0.0313  0.0313  0.0312  0.0312  0.0311  0.0314  0.0317  0.0317  0.0317  0.0317  0.0315  0.0315
  0.0316  0.0314  0.0323  0.0303  0.0297  0.0301  0.0319  0.0322  0.0318  0.0316  0.0316  0.0319
  0.0326  0.0322  0.0341  0.0321  0.0354  0.0339  0.0326  0.0332  0.0323  0.0326  0.0319  0.0331
  0.0342  0.0339  0.0365  0.0380  0.0456  0.0445  0.0340  0.0346  0.0332  0.0351  0.0322  0.0348
niter,ni,del,rscale     4    3    5.0000    1.2000
parameters
   -0.8709    0.7155    7.5868   -8.9832  -23.4289  -19.2675
    0.6780    4.0036    0.2063   15.7674   -6.2120  -17.9851
eta,q 0.96830 13.85658
  0.0342  0.0359  0.0350  0.0364  0.0396  0.0377  0.0340  0.0350  0.0336  0.0371  0.0326  0.0348
  0.0327  0.0337  0.0325  0.0342  0.0364  0.0351  0.0329  0.0331  0.0327  0.0348  0.0321  0.0332
  0.0318  0.0323  0.0315  0.0327  0.0335  0.0330  0.0322  0.0321  0.0321  0.0331  0.0318  0.0322
  0.0315  0.0315  0.0315  0.0314  0.0314  0.0317  0.0319  0.0319  0.0319  0.0319  0.0317  0.0317
  0.0318  0.0315  0.0325  0.0306  0.0303  0.0306  0.0321  0.0324  0.0322  0.0317  0.0318  0.0320
  0.0328  0.0323  0.0344  0.0324  0.0357  0.0341  0.0328  0.0334  0.0328  0.0327  0.0320  0.0331
  0.0344  0.0339  0.0368  0.0383  0.0455  0.0448  0.0341  0.0348  0.0337  0.0352  0.0323  0.0349
niter,ni,del,rscale     3    3    5.0000    1.2000
parameters
   -0.8952    1.3131    6.8961   -8.9836  -24.3291  -20.3970
    0.7236    3.9719   -0.1698   17.5055   -5.6614  -17.9634
eta,q 0.96826 13.77344
  0.0342  0.0365  0.0348  0.0363  0.0393  0.0372  0.0340  0.0349  0.0338  0.0378  0.0327  0.0349
  0.0328  0.0342  0.0328  0.0342  0.0361  0.0348  0.0329  0.0331  0.0328  0.0355  0.0322  0.0334
  0.0320  0.0326  0.0317  0.0326  0.0334  0.0329  0.0322  0.0322  0.0322  0.0335  0.0319  0.0323
  0.0317  0.0317  0.0315  0.0315  0.0315  0.0318  0.0320  0.0320  0.0320  0.0320  0.0317  0.0317
  0.0320  0.0316  0.0326  0.0307  0.0308  0.0308  0.0322  0.0324  0.0323  0.0318  0.0318  0.0321
  0.0328  0.0323  0.0346  0.0324  0.0359  0.0339  0.0328  0.0334  0.0331  0.0328  0.0321  0.0332
  0.0343  0.0340  0.0372  0.0382  0.0453  0.0448  0.0340  0.0347  0.0342  0.0356  0.0324  0.0350
niter,ni,del,rscale     2    3    5.0000    1.2000
parameters
   -0.9154    1.8992    6.2734   -8.9885  -25.1742  -21.4318
    0.7433    3.9104   -0.3850   18.8541   -5.4108  -18.0655
eta,q 0.96818 13.70226
  0.0341  0.0368  0.0349  0.0363  0.0392  0.0369  0.0339  0.0347  0.0340  0.0382  0.0327  0.0349
  0.0328  0.0344  0.0331  0.0341  0.0361  0.0346  0.0329  0.0331  0.0329  0.0357  0.0322  0.0335
  0.0320  0.0326  0.0319  0.0326  0.0334  0.0329  0.0322  0.0322  0.0322  0.0334  0.0319  0.0324
  0.0317  0.0317  0.0316  0.0315  0.0316  0.0319  0.0320  0.0320  0.0320  0.0320  0.0318  0.0318
  0.0320  0.0316  0.0325  0.0308  0.0311  0.0310  0.0322  0.0324  0.0323  0.0320  0.0319  0.0322
  0.0328  0.0324  0.0345  0.0324  0.0359  0.0332  0.0328  0.0333  0.0331  0.0332  0.0322  0.0334
  0.0342  0.0342  0.0373  0.0380  0.0446  0.0439  0.0339  0.0347  0.0343  0.0363  0.0326  0.0352
niter,ni,del,rscale     1    3    5.0000    1.2000
parameters
   -0.9302    2.3502    5.8150   -8.9937  -25.8339  -22.1921
    0.7459    3.8651   -0.5376   19.8128   -5.2598  -18.0963
eta,q 0.96803 13.65393
  0.0342  0.0367  0.0353  0.0364  0.0394  0.0370  0.0340  0.0348  0.0342  0.0384  0.0328  0.0351
  0.0329  0.0343  0.0336  0.0343  0.0363  0.0347  0.0329  0.0332  0.0331  0.0356  0.0324  0.0336
  0.0321  0.0326  0.0322  0.0327  0.0336  0.0330  0.0323  0.0323  0.0323  0.0333  0.0321  0.0325
  0.0318  0.0318  0.0317  0.0317  0.0317  0.0320  0.0321  0.0321  0.0321  0.0321  0.0320  0.0320
  0.0321  0.0319  0.0326  0.0311  0.0313  0.0313  0.0323  0.0325  0.0324  0.0322  0.0321  0.0324
  0.0329  0.0327  0.0344  0.0326  0.0357  0.0327  0.0329  0.0334  0.0332  0.0336  0.0324  0.0335
  0.0343  0.0346  0.0372  0.0380  0.0439  0.0425  0.0340  0.0348  0.0344  0.0370  0.0327  0.0352
registration optimization eta report
parameter search radius
    2.4000    3.1740    4.8273   10.9503   12.5928   10.9503
    7.2000    7.2000    7.2000   10.9503    7.2000   12.5928
100000*second partial in parameter space
       42.       38.       19.        5.        6.        7.
        4.        5.        4.        5.        2.        2.
  0.0342  0.0367  0.0353  0.0364  0.0394  0.0370  0.0340  0.0348  0.0342  0.0384  0.0328  0.0351
  0.0329  0.0343  0.0336  0.0343  0.0363  0.0347  0.0329  0.0332  0.0331  0.0356  0.0324  0.0336
  0.0321  0.0326  0.0322  0.0327  0.0336  0.0330  0.0323  0.0323  0.0323  0.0333  0.0321  0.0325
  0.0318  0.0318  0.0317  0.0317  0.0317  0.0320  0.0321  0.0321  0.0321  0.0321  0.0320  0.0320
  0.0321  0.0319  0.0326  0.0311  0.0313  0.0313  0.0323  0.0325  0.0324  0.0322  0.0321  0.0324
  0.0329  0.0327  0.0344  0.0326  0.0357  0.0327  0.0329  0.0334  0.0332  0.0336  0.0324  0.0335
  0.0343  0.0346  0.0372  0.0380  0.0439  0.0425  0.0340  0.0348  0.0344  0.0370  0.0327  0.0352
   -0.9302    2.3502    5.8150   -8.9937  -25.8339  -22.1921
    0.7459    3.8651   -0.5376   19.8128   -5.2598  -18.0963
eta,q 0.96803 13.65393

---------------------------------------------------------------------
imgreg_4dfp /opt/freesurfer/average/711-2C_as_mni_average_305 /opt/freesurfer/average/711-2B_as_mni_average_305_mask talsrcimg_g11 none talsrcimg_to_711-2C_as_mni_average_305_t4 2311
---------------------------------------------------------------------

freesurfer imgreg_4dfp.c
/opt/freesurfer/average/711-2C_as_mni_average_305.4dfp.img
       256       256       256         1
  1.000000  1.000000  1.000000
orientation T byte_order littleendian
Reading image: /opt/freesurfer/average/711-2C_as_mni_average_305.4dfp.img
dimensions:      256       256       256
mmppix:       1.0000   -1.0000   -1.0000
center:     128.0000 -129.0000 -129.0000
/opt/freesurfer/average/711-2B_as_mni_average_305_mask.4dfp.img
       256       256       256         1
  1.000000  1.000000  1.000000
orientation T byte_order littleendian
Reading mask: /opt/freesurfer/average/711-2B_as_mni_average_305_mask.4dfp.img (2306576 pixels)
talsrcimg_g11.4dfp.img
       256       256       256         1
  1.000000  1.000000  1.000000
orientation T byte_order littleendian
Reading image: talsrcimg_g11.4dfp.img
dimensions:      256       256       256
mmppix:       1.0000   -1.0000   -1.0000
center:     128.0000 -129.0000 -129.0000
fimgreg.f
image alignment mode   2311 decimal      907 hex
parameters
   -0.9302    2.3502    5.8150   -8.9937  -25.8339  -22.1921
    0.7459    3.8651   -0.5376   19.8128   -5.2598  -18.0963
eta,q 0.96803 13.65393
niter,ni,del,rscale     5    3    5.0000    0.8000
parameter  4 -1.123830 -> -0.500000 qaram    1.1500
parameter  5 -0.559539 -> -0.500000 qaram    1.1500
parameter  6 -2.522911 -> -0.500000 qaram    1.1500
parameters
   -0.9181    2.6936    5.7038   -6.2337  -23.0739  -19.4321
    0.3666    4.4907   -0.6035   19.8514   -3.8338  -19.6290
eta,q 0.96980 14.09869
  0.0330  0.0333  0.0325  0.0333  0.0337  0.0325  0.0314  0.0330  0.0315  0.0319  0.0311  0.0305
  0.0324  0.0327  0.0322  0.0327  0.0328  0.0318  0.0308  0.0316  0.0309  0.0311  0.0307  0.0303
  0.0321  0.0322  0.0320  0.0323  0.0320  0.0312  0.0305  0.0308  0.0305  0.0306  0.0304  0.0302
  0.0320  0.0320  0.0319  0.0319  0.0314  0.0307  0.0303  0.0303  0.0303  0.0303  0.0303  0.0303
  0.0321  0.0320  0.0320  0.0316  0.0309  0.0305  0.0305  0.0303  0.0304  0.0303  0.0303  0.0305
  0.0324  0.0321  0.0323  0.0313  0.0308  0.0302  0.0311  0.0308  0.0309  0.0309  0.0303  0.0309
  0.0330  0.0325  0.0327  0.0314  0.0313  0.0296  0.0319  0.0319  0.0316  0.0320  0.0305  0.0315
niter,ni,del,rscale     7    3    5.0000    1.0000
parameters
   -0.9029    1.9856    5.7797   -7.3115  -23.5060  -19.9370
    0.7887    4.0540   -0.5248   19.9852   -3.5018  -18.8044
eta,q 0.96946 13.98444
  0.0326  0.0308  0.0309  0.0322  0.0333  0.0328  0.0323  0.0328  0.0322  0.0324  0.0311  0.0317
  0.0313  0.0302  0.0303  0.0315  0.0321  0.0318  0.0315  0.0315  0.0314  0.0315  0.0308  0.0312
  0.0305  0.0300  0.0301  0.0307  0.0310  0.0310  0.0309  0.0308  0.0308  0.0309  0.0306  0.0308
  0.0302  0.0302  0.0300  0.0300  0.0303  0.0304  0.0306  0.0306  0.0306  0.0306  0.0306  0.0306
  0.0304  0.0309  0.0301  0.0301  0.0303  0.0295  0.0306  0.0308  0.0307  0.0307  0.0306  0.0306
  0.0312  0.0322  0.0303  0.0321  0.0318  0.0310  0.0311  0.0318  0.0313  0.0312  0.0308  0.0308
  0.0325  0.0340  0.0307  0.0362  0.0353  0.0359  0.0319  0.0339  0.0322  0.0324  0.0310  0.0313
niter,ni,del,rscale     6    3    5.0000    0.9000
parameters
   -1.0037    2.1041    5.6909   -6.9166  -23.5799  -19.5370
    1.0113    3.8849   -0.5586   20.3174   -3.3621  -18.9048
eta,q 0.96975 14.02721
  0.0319  0.0322  0.0310  0.0326  0.0331  0.0325  0.0317  0.0325  0.0316  0.0320  0.0308  0.0310
  0.0311  0.0314  0.0307  0.0319  0.0320  0.0316  0.0310  0.0313  0.0309  0.0312  0.0305  0.0306
  0.0306  0.0308  0.0306  0.0312  0.0311  0.0309  0.0305  0.0306  0.0305  0.0306  0.0303  0.0304
  0.0305  0.0305  0.0305  0.0305  0.0304  0.0304  0.0303  0.0303  0.0303  0.0303  0.0303  0.0302
  0.0308  0.0306  0.0306  0.0301  0.0303  0.0295  0.0303  0.0304  0.0304  0.0303  0.0303  0.0303
  0.0313  0.0310  0.0308  0.0306  0.0314  0.0300  0.0308  0.0313  0.0309  0.0307  0.0304  0.0306
  0.0323  0.0319  0.0311  0.0329  0.0340  0.0329  0.0315  0.0331  0.0317  0.0318  0.0307  0.0311
niter,ni,del,rscale     5    3    5.0000    0.8000
parameters
   -1.0898    2.0841    5.6003   -6.6992  -23.3841  -19.3776
    1.1732    3.7815   -0.5330   20.4575   -3.2685  -18.9493
eta,q 0.96994 14.05931
  0.0314  0.0314  0.0307  0.0321  0.0325  0.0319  0.0312  0.0321  0.0312  0.0314  0.0305  0.0307
  0.0307  0.0308  0.0304  0.0315  0.0316  0.0312  0.0307  0.0310  0.0306  0.0308  0.0303  0.0304
  0.0303  0.0304  0.0303  0.0309  0.0308  0.0307  0.0303  0.0304  0.0302  0.0303  0.0301  0.0301
  0.0303  0.0303  0.0303  0.0303  0.0302  0.0301  0.0301  0.0301  0.0301  0.0301  0.0301  0.0301
  0.0304  0.0304  0.0303  0.0299  0.0300  0.0293  0.0301  0.0302  0.0302  0.0301  0.0301  0.0301
  0.0309  0.0308  0.0305  0.0305  0.0309  0.0300  0.0305  0.0310  0.0305  0.0305  0.0303  0.0303
  0.0317  0.0316  0.0308  0.0325  0.0327  0.0327  0.0311  0.0325  0.0312  0.0314  0.0305  0.0308
niter,ni,del,rscale     4    3    5.0000    0.7000
parameters
   -1.1467    2.0438    5.5485   -6.4103  -23.1894  -19.1024
    1.2419    3.6860   -0.5294   20.5446   -3.2465  -18.9586
eta,q 0.97019 14.09832
  0.0311  0.0310  0.0304  0.0317  0.0319  0.0315  0.0308  0.0316  0.0307  0.0309  0.0303  0.0303
  0.0305  0.0305  0.0302  0.0312  0.0311  0.0309  0.0303  0.0307  0.0302  0.0304  0.0300  0.0301
  0.0301  0.0302  0.0301  0.0306  0.0305  0.0305  0.0300  0.0301  0.0299  0.0300  0.0299  0.0299
  0.0301  0.0301  0.0301  0.0301  0.0300  0.0299  0.0298  0.0298  0.0298  0.0298  0.0298  0.0298
  0.0302  0.0302  0.0301  0.0298  0.0299  0.0293  0.0299  0.0300  0.0299  0.0299  0.0299  0.0299
  0.0306  0.0305  0.0303  0.0303  0.0305  0.0298  0.0302  0.0306  0.0302  0.0302  0.0300  0.0300
  0.0312  0.0311  0.0305  0.0319  0.0320  0.0319  0.0307  0.0319  0.0307  0.0309  0.0302  0.0304
niter,ni,del,rscale     3    3    5.0000    0.6000
parameters
   -1.1864    1.9831    5.5588   -6.1656  -22.9521  -18.7380
    1.2675    3.6051   -0.5521   20.4821   -3.4073  -18.9099
eta,q 0.97045 14.13761
  0.0306  0.0305  0.0302  0.0313  0.0313  0.0311  0.0303  0.0310  0.0302  0.0304  0.0299  0.0299
  0.0302  0.0301  0.0300  0.0308  0.0307  0.0307  0.0299  0.0303  0.0299  0.0300  0.0297  0.0297
  0.0299  0.0299  0.0298  0.0302  0.0301  0.0303  0.0296  0.0298  0.0296  0.0297  0.0296  0.0296
  0.0298  0.0298  0.0298  0.0298  0.0298  0.0297  0.0295  0.0295  0.0295  0.0295  0.0295  0.0295
  0.0299  0.0299  0.0299  0.0297  0.0297  0.0292  0.0296  0.0297  0.0296  0.0296  0.0296  0.0296
  0.0302  0.0302  0.0300  0.0301  0.0302  0.0296  0.0298  0.0302  0.0298  0.0299  0.0297  0.0297
  0.0307  0.0307  0.0301  0.0313  0.0313  0.0313  0.0303  0.0313  0.0302  0.0305  0.0300  0.0300
niter,ni,del,rscale     2    3    5.0000    0.5000
parameters
   -1.2198    1.8994    5.6528   -5.9449  -22.6857  -18.2679
    1.2653    3.5684   -0.5845   20.2685   -3.5845  -18.8889
eta,q 0.97073 14.17941
  0.0302  0.0300  0.0299  0.0308  0.0307  0.0307  0.0298  0.0305  0.0297  0.0298  0.0296  0.0295
  0.0298  0.0297  0.0297  0.0303  0.0302  0.0304  0.0295  0.0299  0.0295  0.0295  0.0294  0.0294
  0.0296  0.0296  0.0296  0.0299  0.0298  0.0300  0.0293  0.0294  0.0293  0.0293  0.0293  0.0293
  0.0295  0.0295  0.0295  0.0295  0.0295  0.0295  0.0293  0.0293  0.0293  0.0293  0.0293  0.0293
  0.0296  0.0296  0.0296  0.0295  0.0295  0.0290  0.0293  0.0294  0.0293  0.0293  0.0293  0.0293
  0.0299  0.0298  0.0297  0.0298  0.0298  0.0294  0.0295  0.0298  0.0295  0.0296  0.0294  0.0294
  0.0302  0.0302  0.0298  0.0307  0.0306  0.0307  0.0298  0.0306  0.0298  0.0301  0.0296  0.0296
niter,ni,del,rscale     1    3    5.0000    0.4000
parameters
   -1.2375    1.7907    5.8123   -5.7775  -22.4165  -17.7279
    1.2326    3.5372   -0.5857   19.9616   -3.8419  -18.8274
eta,q 0.97102 14.21848
  0.0297  0.0295  0.0296  0.0302  0.0301  0.0303  0.0293  0.0298  0.0293  0.0293  0.0292  0.0292
  0.0294  0.0294  0.0294  0.0298  0.0297  0.0301  0.0291  0.0294  0.0291  0.0291  0.0291  0.0291
  0.0293  0.0293  0.0293  0.0295  0.0294  0.0297  0.0290  0.0291  0.0290  0.0290  0.0290  0.0290
  0.0293  0.0293  0.0293  0.0293  0.0292  0.0292  0.0290  0.0290  0.0290  0.0290  0.0290  0.0290
  0.0293  0.0293  0.0293  0.0292  0.0292  0.0289  0.0290  0.0291  0.0290  0.0291  0.0290  0.0290
  0.0295  0.0295  0.0293  0.0295  0.0294  0.0291  0.0291  0.0294  0.0291  0.0293  0.0291  0.0291
  0.0297  0.0298  0.0294  0.0301  0.0299  0.0300  0.0294  0.0299  0.0293  0.0296  0.0293  0.0292
registration optimization eta report
parameter search radius
    0.8000    0.8000    0.8000    2.7600    2.7600    2.7600
    2.4000    2.4000    2.4000    2.4000    2.4000    2.4000
100000*second partial in parameter space
       70.       59.       38.       11.       10.       13.
        6.       16.        5.        9.        4.        3.
  0.0297  0.0295  0.0296  0.0302  0.0301  0.0303  0.0293  0.0298  0.0293  0.0293  0.0292  0.0292
  0.0294  0.0294  0.0294  0.0298  0.0297  0.0301  0.0291  0.0294  0.0291  0.0291  0.0291  0.0291
  0.0293  0.0293  0.0293  0.0295  0.0294  0.0297  0.0290  0.0291  0.0290  0.0290  0.0290  0.0290
  0.0293  0.0293  0.0293  0.0293  0.0292  0.0292  0.0290  0.0290  0.0290  0.0290  0.0290  0.0290
  0.0293  0.0293  0.0293  0.0292  0.0292  0.0289  0.0290  0.0291  0.0290  0.0291  0.0290  0.0290
  0.0295  0.0295  0.0293  0.0295  0.0294  0.0291  0.0291  0.0294  0.0291  0.0293  0.0291  0.0291
  0.0297  0.0298  0.0294  0.0301  0.0299  0.0300  0.0294  0.0299  0.0293  0.0296  0.0293  0.0292
   -1.2375    1.7907    5.8123   -5.7775  -22.4165  -17.7279
    1.2326    3.5372   -0.5857   19.9616   -3.8419  -18.8274
eta,q 0.97102 14.21848

---------------------------------------------------------------------
imgreg_4dfp /opt/freesurfer/average/711-2C_as_mni_average_305 /opt/freesurfer/average/711-2B_as_mni_average_305_mask talsrcimg_g11 none talsrcimg_to_711-2C_as_mni_average_305_t4 2311
---------------------------------------------------------------------

freesurfer imgreg_4dfp.c
/opt/freesurfer/average/711-2C_as_mni_average_305.4dfp.img
       256       256       256         1
  1.000000  1.000000  1.000000
orientation T byte_order littleendian
Reading image: /opt/freesurfer/average/711-2C_as_mni_average_305.4dfp.img
dimensions:      256       256       256
mmppix:       1.0000   -1.0000   -1.0000
center:     128.0000 -129.0000 -129.0000
/opt/freesurfer/average/711-2B_as_mni_average_305_mask.4dfp.img
       256       256       256         1
  1.000000  1.000000  1.000000
orientation T byte_order littleendian
Reading mask: /opt/freesurfer/average/711-2B_as_mni_average_305_mask.4dfp.img (2306576 pixels)
talsrcimg_g11.4dfp.img
       256       256       256         1
  1.000000  1.000000  1.000000
orientation T byte_order littleendian
Reading image: talsrcimg_g11.4dfp.img
dimensions:      256       256       256
mmppix:       1.0000   -1.0000   -1.0000
center:     128.0000 -129.0000 -129.0000
fimgreg.f
image alignment mode   2311 decimal      907 hex
parameters
   -1.2375    1.7907    5.8123   -5.7775  -22.4165  -17.7279
    1.2326    3.5372   -0.5857   19.9616   -3.8419  -18.8274
eta,q 0.97102 14.21847
niter,ni,del,rscale     5    3    5.0000    0.8000
parameters
   -1.2294    1.5742    6.1469   -6.4391  -22.6596  -18.2237
    1.3362    3.5856   -0.4384   19.4845   -3.5356  -18.6708
eta,q 0.97060 14.14853
  0.0309  0.0301  0.0307  0.0306  0.0309  0.0311  0.0306  0.0319  0.0305  0.0305  0.0301  0.0301
  0.0298  0.0295  0.0298  0.0300  0.0302  0.0306  0.0300  0.0306  0.0299  0.0300  0.0297  0.0298
  0.0292  0.0291  0.0292  0.0294  0.0295  0.0300  0.0296  0.0298  0.0296  0.0296  0.0295  0.0295
  0.0290  0.0290  0.0290  0.0290  0.0291  0.0291  0.0294  0.0294  0.0294  0.0294  0.0294  0.0294
  0.0292  0.0292  0.0290  0.0292  0.0292  0.0289  0.0295  0.0295  0.0295  0.0295  0.0295  0.0294
  0.0298  0.0299  0.0292  0.0304  0.0301  0.0305  0.0299  0.0303  0.0298  0.0301  0.0296  0.0297
  0.0308  0.0310  0.0296  0.0328  0.0319  0.0335  0.0306  0.0320  0.0304  0.0314  0.0299  0.0301
niter,ni,del,rscale     4    3    5.0000    0.7000
parameters
   -1.2182    1.6329    5.9677   -6.1708  -22.3421  -18.2100
    1.2441    3.5554   -0.5885   19.5469   -3.5261  -18.8322
eta,q 0.97075 14.18353
  0.0306  0.0305  0.0298  0.0309  0.0310  0.0308  0.0302  0.0313  0.0300  0.0304  0.0298  0.0298
  0.0299  0.0299  0.0295  0.0304  0.0303  0.0304  0.0297  0.0303  0.0296  0.0298  0.0295  0.0295
  0.0295  0.0296  0.0294  0.0299  0.0297  0.0299  0.0294  0.0296  0.0294  0.0295  0.0293  0.0293
  0.0294  0.0294  0.0294  0.0294  0.0293  0.0293  0.0293  0.0293  0.0293  0.0293  0.0293  0.0293
  0.0295  0.0294  0.0295  0.0292  0.0292  0.0288  0.0294  0.0294  0.0294  0.0293  0.0293  0.0293
  0.0299  0.0298  0.0298  0.0297  0.0297  0.0296  0.0297  0.0301  0.0297  0.0296  0.0295  0.0295
  0.0306  0.0304  0.0301  0.0310  0.0308  0.0316  0.0304  0.0315  0.0302  0.0305  0.0298  0.0299
niter,ni,del,rscale     3    3    5.0000    0.6000
parameters
   -1.2260    1.6137    5.9429   -5.9559  -22.1127  -17.9276
    1.2140    3.5407   -0.6509   19.5083   -3.6181  -18.8641
eta,q 0.97095 14.21841
  0.0302  0.0300  0.0297  0.0306  0.0305  0.0305  0.0298  0.0307  0.0297  0.0299  0.0295  0.0294
  0.0297  0.0296  0.0294  0.0301  0.0300  0.0302  0.0294  0.0299  0.0293  0.0295  0.0292  0.0293
  0.0293  0.0293  0.0293  0.0296  0.0295  0.0298  0.0291  0.0293  0.0291  0.0292  0.0291  0.0291
  0.0293  0.0293  0.0293  0.0293  0.0292  0.0292  0.0290  0.0290  0.0291  0.0291  0.0291  0.0290
  0.0294  0.0293  0.0293  0.0292  0.0292  0.0288  0.0291  0.0292  0.0291  0.0291  0.0291  0.0291
  0.0297  0.0296  0.0295  0.0296  0.0295  0.0293  0.0294  0.0298  0.0293  0.0294  0.0293  0.0292
  0.0302  0.0301  0.0297  0.0306  0.0304  0.0308  0.0299  0.0309  0.0297  0.0301  0.0295  0.0295
niter,ni,del,rscale     2    3    5.0000    0.5000
parameters
   -1.2290    1.5562    6.0271   -5.8054  -21.9103  -17.5400
    1.1782    3.5510   -0.6950   19.3178   -3.8091  -18.8299
eta,q 0.97116 14.24938
  0.0298  0.0295  0.0295  0.0301  0.0300  0.0303  0.0294  0.0302  0.0293  0.0294  0.0292  0.0291
  0.0294  0.0293  0.0293  0.0297  0.0296  0.0300  0.0291  0.0295  0.0290  0.0291  0.0290  0.0290
  0.0291  0.0291  0.0291  0.0293  0.0293  0.0295  0.0289  0.0290  0.0289  0.0289  0.0289  0.0289
  0.0291  0.0291  0.0291  0.0291  0.0290  0.0290  0.0288  0.0288  0.0288  0.0288  0.0288  0.0288
  0.0291  0.0291  0.0291  0.0290  0.0290  0.0287  0.0289  0.0289  0.0289  0.0289  0.0289  0.0289
  0.0294  0.0293  0.0292  0.0293  0.0293  0.0290  0.0291  0.0294  0.0290  0.0292  0.0290  0.0290
  0.0298  0.0297  0.0294  0.0301  0.0299  0.0302  0.0294  0.0302  0.0293  0.0297  0.0292  0.0291
niter,ni,del,rscale     1    3    5.0000    0.4000
parameters
   -1.2260    1.4708    6.1920   -5.6710  -21.6778  -17.0820
    1.1056    3.5934   -0.7199   19.0031   -3.9996  -18.8281
eta,q 0.97137 14.28226
  0.0293  0.0291  0.0293  0.0296  0.0295  0.0299  0.0290  0.0296  0.0289  0.0290  0.0289  0.0288
  0.0290  0.0290  0.0290  0.0293  0.0292  0.0296  0.0288  0.0291  0.0288  0.0288  0.0287  0.0287
  0.0289  0.0289  0.0289  0.0290  0.0290  0.0292  0.0287  0.0288  0.0287  0.0287  0.0286  0.0287
  0.0288  0.0288  0.0288  0.0288  0.0288  0.0288  0.0286  0.0286  0.0286  0.0286  0.0286  0.0286
  0.0289  0.0289  0.0288  0.0288  0.0288  0.0286  0.0287  0.0287  0.0287  0.0287  0.0287  0.0286
  0.0290  0.0291  0.0289  0.0290  0.0290  0.0288  0.0288  0.0290  0.0288  0.0289  0.0288  0.0287
  0.0293  0.0293  0.0290  0.0295  0.0294  0.0296  0.0290  0.0296  0.0289  0.0293  0.0289  0.0288
registration optimization eta report
parameter search radius
    0.8000    0.8000    0.8000    2.4000    2.4000    2.4000
    2.4000    2.4000    2.4000    2.4000    2.4000    2.4000
100000*second partial in parameter space
       74.       60.       45.       12.       11.       17.
        7.       16.        5.        8.        5.        4.
  0.0293  0.0291  0.0293  0.0296  0.0295  0.0299  0.0290  0.0296  0.0289  0.0290  0.0289  0.0288
  0.0290  0.0290  0.0290  0.0293  0.0292  0.0296  0.0288  0.0291  0.0288  0.0288  0.0287  0.0287
  0.0289  0.0289  0.0289  0.0290  0.0290  0.0292  0.0287  0.0288  0.0287  0.0287  0.0286  0.0287
  0.0288  0.0288  0.0288  0.0288  0.0288  0.0288  0.0286  0.0286  0.0286  0.0286  0.0286  0.0286
  0.0289  0.0289  0.0288  0.0288  0.0288  0.0286  0.0287  0.0287  0.0287  0.0287  0.0287  0.0286
  0.0290  0.0291  0.0289  0.0290  0.0290  0.0288  0.0288  0.0290  0.0288  0.0289  0.0288  0.0287
  0.0293  0.0293  0.0290  0.0295  0.0294  0.0296  0.0290  0.0296  0.0289  0.0293  0.0289  0.0288
   -1.2260    1.4708    6.1920   -5.6710  -21.6778  -17.0820
    1.1056    3.5934   -0.7199   19.0031   -3.9996  -18.8281
eta,q 0.97137 14.28226

---------------------------------------------------------------------
compute_vox2vox talsrcimg talsrcimg_to_711-2C_as_mni_average_305_t4 /opt/freesurfer/average/711-2C_as_mni_average_305
---------------------------------------------------------------------

freesurfer compute_vox2vox.c
Reading: talsrcimg.4dfp.ifh
Reading: talsrcimg_to_711-2C_as_mni_average_305_t4
Reading: /opt/freesurfer/average/711-2C_as_mni_average_305.4dfp.ifh
Writing: talsrcimg_to_711-2C_as_mni_average_305_t4_vox2vox.txt

start time Tue Mar 10 01:39:33 CET 2026
end		time Tue Mar 10 01:41:02 CET 2026

mpr2mni305 success

avi2talxfm orig_nu.mgz /opt/freesurfer/average/mni305.cor.mgz talsrcimg_to_711-2C_as_mni_average_305_t4_vox2vox.txt transforms/talairach.auto.xfm
avi2talxfm done
mv -f /out/sourcedata/freesurfer/sub-v1s3x0050821_ses-1/mri/talsrcimg_to_711-2C_as_mni_average_305_t4_vox2vox.txt /out/sourcedata/freesurfer/sub-v1s3x0050821_ses-1/mri/transforms/talsrcimg_to_711-2C_as_mni_average_305_t4_vox2vox.txt
lta_convert --src orig_nu.mgz --trg /opt/freesurfer/average/mni305.cor.mgz --inxfm transforms/talairach.auto.xfm --outlta transforms/talairach.auto.xfm.lta --subject fsaverage
7.3.2

--src: orig_nu.mgz src image (geometry).
--trg: /opt/freesurfer/average/mni305.cor.mgz trg image (geometry).
--inmni: transforms/talairach.auto.xfm input MNI/XFM transform.
--outlta: transforms/talairach.auto.xfm.lta output LTA.
--s: fsaverage subject name
 LTA read, type : 1
 1.05823  -0.04022  -0.02461  -0.43814;
 0.05047   1.14112   0.27360  -7.31227;
-0.00252  -0.27724   1.21017  -3.52942;
 0.00000   0.00000   0.00000   1.00000;
setting subject to fsaverage
Writing  LTA to file transforms/talairach.auto.xfm.lta...
lta_convert successful.
 
 
Started at Tue Mar 10 01:39:32 CET 2026
Ended   at Tue Mar 10 01:41:02 CET 2026
talairach_avi done
