status file for recon-all
Tue Mar 10 01:57:55 CET 2026
#@# Tessellate lh Tue Mar 10 01:57:55 CET 2026
#@# Smooth1 lh Tue Mar 10 01:57:59 CET 2026
#@# Inflation1 lh Tue Mar 10 01:58:01 CET 2026
#@# QSphere lh Tue Mar 10 01:58:11 CET 2026
#@# Fix Topology lh Tue Mar 10 01:59:02 CET 2026
#@# Smooth2 lh Tue Mar 10 02:05:52 CET 2026
#@# Inflation2 lh Tue Mar 10 02:05:54 CET 2026
#@# Curv .H and .K lh Tue Mar 10 02:06:05 CET 2026
#@# Sphere lh Tue Mar 10 02:06:50 CET 2026
#@# Surf Reg lh Tue Mar 10 02:09:54 CET 2026
#@# Jacobian white lh Tue Mar 10 02:13:04 CET 2026
#@# AvgCurv lh Tue Mar 10 02:13:05 CET 2026
#@# Cortical Parc lh Tue Mar 10 02:13:05 CET 2026
#@# white curv lh Tue Mar 10 02:19:31 CET 2026
#@# white area lh Tue Mar 10 02:19:32 CET 2026
#@# pial curv lh Tue Mar 10 02:19:33 CET 2026
#@# pial area lh Tue Mar 10 02:19:35 CET 2026
#@# thickness lh Tue Mar 10 02:19:35 CET 2026
#@# area and vertex vol lh Tue Mar 10 02:20:04 CET 2026
#@# Curvature Stats lh Tue Mar 10 02:20:06 CET 2026
#@# Cortical Parc 2 lh Tue Mar 10 02:20:08 CET 2026
#@# Cortical Parc 3 lh Tue Mar 10 02:20:20 CET 2026
#@# WM/GM Contrast lh Tue Mar 10 02:20:29 CET 2026
recon-all -s sub-v1s3x0050792_ses-1 finished without error at Tue Mar 10 02:20:32 CET 2026



#New# invocation of recon-all 



status file for recon-all
Tue Mar 10 02:51:18 CET 2026
#@# white curv lh Tue Mar 10 02:51:18 CET 2026
#@# white area lh Tue Mar 10 02:51:18 CET 2026
#@# pial curv lh Tue Mar 10 02:51:18 CET 2026
#@# pial area lh Tue Mar 10 02:51:18 CET 2026
#@# thickness lh Tue Mar 10 02:51:18 CET 2026
#@# area and vertex vol lh Tue Mar 10 02:51:18 CET 2026
#@# Parcellation Stats lh Tue Mar 10 02:51:18 CET 2026
#@# Parcellation Stats 2 lh Tue Mar 10 02:51:35 CET 2026
#@# Parcellation Stats 3 lh Tue Mar 10 02:51:44 CET 2026
#@# BA_exvivo Labels lh Tue Mar 10 02:51:53 CET 2026
recon-all -s sub-v1s3x0050792_ses-1 finished without error at Tue Mar 10 02:54:08 CET 2026
