/out/sourcedata/freesurfer/sub-v1s3x0050826_ses-1/mri
/opt/freesurfer/bin/talairach_avi
--i orig_nu.mgz --xfm transforms/talairach.auto.xfm
talairach_avi 7.3.2
Linux dna078 5.14.0-427.37.1.el9_4.x86_64 #1 SMP PREEMPT_DYNAMIC Fri Sep 13 12:41:50 EDT 2024 x86_64 x86_64 x86_64 GNU/Linux
Tue Mar 10 01:46:46 CET 2026
mri_convert orig_nu.mgz talsrcimg.img 
reading from orig_nu.mgz...
TR=0.00, TE=0.00, TI=0.00, flip angle=0.00
i_ras = (-1, 0, 0)
j_ras = (0, 0, -1)
k_ras = (0, 1, 0)
writing to talsrcimg.img...
Analyze Output Matrix
-1.00000   0.00000   0.00000   125.11381;
 0.00000   0.00000   1.00000  -130.89803;
 0.00000  -1.00000   0.00000   134.30182;
 0.00000   0.00000   0.00000   1.00000;
--------------------
INFO: set hdr.hist.orient to -1
mpr2mni305 talsrcimg
Tue Mar 10 01:46:46 CET 2026
/opt/freesurfer/bin/mpr2mni305 talsrcimg
mpr2mni305 7.3.2
target=711-2C_as_mni_average_305

---------------------------------------------------------------------
analyzeto4dfp talsrcimg -O0 -y
---------------------------------------------------------------------

freesurfer ifh2hdr.c
Tue Mar 10 01:46:46 2026
Writing: talsrcimg.4dfp.hdr
freesurfer analyzeto4dfp.c
Reading: talsrcimg.hdr
header size 348 bytes
hdr.dime.datatype	offset=70	value=2
hdr.dime.bitpix		offset=72	value=8
hdr.hist.orient		offset=252	value=-1
dimensionality     4
dimensions       256       256       256         1
Reading: talsrcimg.img
Writing: talsrcimg.4dfp.img
Writing: talsrcimg.4dfp.ifh
ifh2hdr talsrcimg -r0to230
ori=2

---------------------------------------------------------------------
gauss_4dfp talsrcimg 1.1
---------------------------------------------------------------------

freesurfer gauss_4dfp.c
Reading: talsrcimg.4dfp.img
Writing: talsrcimg_g11.4dfp.img
image dimensions 256 256 256 padded to 288 288 288
processing volume 1freesurfer ifh2hdr.c
Tue Mar 10 01:46:48 2026
Writing: talsrcimg_g11.4dfp.hdr

Writing: talsrcimg_g11.4dfp.ifh
including: talsrcimg.4dfp.img.rec in talsrcimg_g11.4dfp.img.rec

---------------------------------------------------------------------
imgreg_4dfp /opt/freesurfer/average/711-2C_as_mni_average_305 none talsrcimg_g11 none talsrcimg_to_711-2C_as_mni_average_305_t4 4355
---------------------------------------------------------------------

freesurfer imgreg_4dfp.c
/opt/freesurfer/average/711-2C_as_mni_average_305.4dfp.img
       256       256       256         1
  1.000000  1.000000  1.000000
orientation T byte_order littleendian
Reading image: /opt/freesurfer/average/711-2C_as_mni_average_305.4dfp.img
dimensions:      256       256       256
mmppix:       1.0000   -1.0000   -1.0000
center:     128.0000 -129.0000 -129.0000
talsrcimg_g11.4dfp.img
       256       256       256         1
  1.000000  1.000000  1.000000
orientation T byte_order littleendian
Reading image: talsrcimg_g11.4dfp.img
dimensions:      256       256       256
mmppix:       1.0000   -1.0000   -1.0000
center:     128.0000 -129.0000 -129.0000
t4_read: open error in t4_sub.f l:  41 t4_file(1:l)talsrcimg_to_711-2C_as_mni_average_305_t4 
t4_read: transform initialized to I4
rotation matrix determinant  1.000000
image alignment mode   4355 decimal     1103 hex
   -7.5000  -45.0000  -45.0000 7657.5308   22.5700
    0.0000  -45.0000  -45.0000 8031.8965   22.5873
    7.5000  -45.0000  -45.0000 7684.8892   22.5671
   -7.5000  -37.5000  -45.0000 8143.5688   22.5557
    0.0000  -37.5000  -45.0000 8554.1309   22.5653
    7.5000  -37.5000  -45.0000 8162.0771   22.5400
   -7.5000  -30.0000  -45.0000 8833.0684   22.5447
    0.0000  -30.0000  -45.0000 9253.1094   22.5425
    7.5000  -30.0000  -45.0000 8823.8574   22.5159
   -7.5000  -22.5000  -45.0000 9467.2773   22.5529
    0.0000  -22.5000  -45.0000 9923.3389   22.5503
    7.5000  -22.5000  -45.0000 9454.6836   22.5293
   -7.5000  -15.0000  -45.000010055.0381   22.5656
    0.0000  -15.0000  -45.000010537.1660   22.5713
    7.5000  -15.0000  -45.000010013.9092   22.5572
   -7.5000   -7.5000  -45.000010608.3340   22.5716
    0.0000   -7.5000  -45.000011129.0176   22.5856
    7.5000   -7.5000  -45.000010542.5791   22.5708
   -7.5000    0.0000  -45.000011107.2119   22.5700
    0.0000    0.0000  -45.000011626.4805   22.5873
    7.5000    0.0000  -45.000011029.0195   22.5671
   -7.5000    7.5000  -45.000010718.5615   22.5557
    0.0000    7.5000  -45.000011171.1641   22.5653
    7.5000    7.5000  -45.000010597.8281   22.5400
   -7.5000   15.0000  -45.000010212.6855   22.5447
    0.0000   15.0000  -45.000010636.6807   22.5425
    7.5000   15.0000  -45.000010074.7373   22.5159
   -7.5000   22.5000  -45.0000 9433.2871   22.5498
    0.0000   22.5000  -45.0000 9803.8203   22.5472
    7.5000   22.5000  -45.0000 9266.5791   22.5262
   -7.5000   30.0000  -45.0000 8570.3379   22.2649
    0.0000   30.0000  -45.0000 8919.6309   22.2705
    7.5000   30.0000  -45.0000 8417.9658   22.2566
   -7.5000   37.5000  -45.0000 8021.6768   22.2709
    0.0000   37.5000  -45.0000 8375.7979   22.2846
    7.5000   37.5000  -45.0000 7879.6899   22.2700
   -7.5000   45.0000  -45.0000 7228.3604   21.7037
    0.0000   45.0000  -45.0000 7538.0786   21.7204
    7.5000   45.0000  -45.0000 7093.3169   21.7010
   -7.5000  -45.0000  -37.5000 8284.7227   22.4117
    0.0000  -45.0000  -37.5000 8658.8271   22.4344
    7.5000  -45.0000  -37.5000 8245.5000   22.4226
   -7.5000  -37.5000  -37.5000 8808.6201   22.3991
    0.0000  -37.5000  -37.5000 9223.6211   22.4165
    7.5000  -37.5000  -37.5000 8765.2568   22.3961
   -7.5000  -30.0000  -37.5000 9548.9541   22.3766
    0.0000  -30.0000  -37.500010004.0371   22.3813
    7.5000  -30.0000  -37.5000 9502.1992   22.3572
   -7.5000  -22.5000  -37.500010194.2842   22.3705
    0.0000  -22.5000  -37.500010706.1807   22.3714
    7.5000  -22.5000  -37.500010159.7979   22.3533
   -7.5000  -15.0000  -37.500010780.6299   22.3811
    0.0000  -15.0000  -37.500011311.7041   22.3877
    7.5000  -15.0000  -37.500010703.9688   22.3793
   -7.5000   -7.5000  -37.500011371.8984   22.3999
    0.0000   -7.5000  -37.500011919.5996   22.4156
    7.5000   -7.5000  -37.500011250.2676   22.4096
   -7.5000    0.0000  -37.500011894.1143   22.4117
    0.0000    0.0000  -37.500012457.3730   22.4344
    7.5000    0.0000  -37.500011778.0098   22.4225
   -7.5000    7.5000  -37.500011450.5801   22.3991
    0.0000    7.5000  -37.500011969.8691   22.4165
    7.5000    7.5000  -37.500011300.2295   22.3961
   -7.5000   15.0000  -37.500010910.0518   22.3766
    0.0000   15.0000  -37.500011407.1299   22.3813
    7.5000   15.0000  -37.500010749.1406   22.3572
   -7.5000   22.5000  -37.500010063.7412   22.3674
    0.0000   22.5000  -37.500010486.1748   22.3683
    7.5000   22.5000  -37.5000 9872.1748   22.3502
   -7.5000   30.0000  -37.5000 9092.7441   22.0829
    0.0000   30.0000  -37.5000 9475.8232   22.0894
    7.5000   30.0000  -37.5000 8942.0166   22.0810
   -7.5000   37.5000  -37.5000 8450.5723   22.1014
    0.0000   37.5000  -37.5000 8820.0713   22.1169
    7.5000   37.5000  -37.5000 8320.9287   22.1110
   -7.5000   45.0000  -37.5000 7605.3242   21.5515
    0.0000   45.0000  -37.5000 7919.4863   21.5734
    7.5000   45.0000  -37.5000 7466.7637   21.5620
   -7.5000  -45.0000  -30.0000 9108.8320   23.3440
    0.0000  -45.0000  -30.0000 9506.6152   23.3727
    7.5000  -45.0000  -30.0000 9007.6094   23.3654
   -7.5000  -37.5000  -30.0000 9669.2529   23.3408
    0.0000  -37.5000  -30.000010105.7021   23.3682
    7.5000  -37.5000  -30.0000 9561.2402   23.3520
   -7.5000  -30.0000  -30.000010447.2236   23.3183
    0.0000  -30.0000  -30.000010940.3096   23.3334
    7.5000  -30.0000  -30.000010325.8125   23.3115
   -7.5000  -22.5000  -30.000011167.5195   23.3013
    0.0000  -22.5000  -30.000011666.8125   23.3080
    7.5000  -22.5000  -30.000011026.7070   23.2894
   -7.5000  -15.0000  -30.000011792.0762   23.3030
    0.0000  -15.0000  -30.000012296.3184   23.3104
    7.5000  -15.0000  -30.000011600.1396   23.3008
   -7.5000   -7.5000  -30.000012449.3555   23.3232
    0.0000   -7.5000  -30.000012953.2852   23.3405
    7.5000   -7.5000  -30.000012212.9980   23.3365
   -7.5000    0.0000  -30.000013001.1152   23.3440
    0.0000    0.0000  -30.000013552.5928   23.3727
    7.5000    0.0000  -30.000012766.0830   23.3654
   -7.5000    7.5000  -30.000012474.5557   23.3408
    0.0000    7.5000  -30.000013027.9688   23.3682
    7.5000    7.5000  -30.000012246.3730   23.3520
   -7.5000   15.0000  -30.000011858.7080   23.3183
    0.0000   15.0000  -30.000012394.0557   23.3334
    7.5000   15.0000  -30.000011653.5391   23.3115
   -7.5000   22.5000  -30.000010920.8691   23.2957
    0.0000   22.5000  -30.000011368.3340   23.3024
    7.5000   22.5000  -30.000010682.0908   23.2838
   -7.5000   30.0000  -30.0000 9818.9541   22.9947
    0.0000   30.0000  -30.000010225.4199   23.0019
    7.5000   30.0000  -30.0000 9631.5098   22.9925
   -7.5000   37.5000  -30.0000 9062.6924   23.0146
    0.0000   37.5000  -30.0000 9450.7080   23.0317
    7.5000   37.5000  -30.0000 8923.5264   23.0277
   -7.5000   45.0000  -30.0000 8126.5498   22.4645
    0.0000   45.0000  -30.0000 8473.9980   22.4922
    7.5000   45.0000  -30.0000 7998.1533   22.4851
   -7.5000  -45.0000  -22.5000 9894.1230   24.1610
    0.0000  -45.0000  -22.500010334.9053   24.1888
    7.5000  -45.0000  -22.5000 9762.7490   24.1774
   -7.5000  -37.5000  -22.500010515.8691   24.1662
    0.0000  -37.5000  -22.500010979.6035   24.1943
    7.5000  -37.5000  -22.500010350.3154   24.1773
   -7.5000  -30.0000  -22.500011390.1123   24.1577
    0.0000  -30.0000  -22.500011883.9492   24.1748
    7.5000  -30.0000  -22.500011175.6719   24.1523
   -7.5000  -22.5000  -22.500012133.6777   24.1456
    0.0000  -22.5000  -22.500012648.4248   24.1523
    7.5000  -22.5000  -22.500011904.7793   24.1299
   -7.5000  -15.0000  -22.500012807.3809   24.1403
    0.0000  -15.0000  -22.500013315.7246   24.1446
    7.5000  -15.0000  -22.500012492.7715   24.1279
   -7.5000   -7.5000  -22.500013523.9912   24.1472
    0.0000   -7.5000  -22.500014034.8359   24.1617
    7.5000   -7.5000  -22.500013141.0225   24.1504
   -7.5000    0.0000  -22.500014100.4160   24.1610
    0.0000    0.0000  -22.500014677.1289   24.1888
    7.5000    0.0000  -22.500013718.7148   24.1774
   -7.5000    7.5000  -22.500013481.3887   24.1662
    0.0000    7.5000  -22.500014032.1973   24.1943
    7.5000    7.5000  -22.500013123.2090   24.1773
   -7.5000   15.0000  -22.500012771.5000   24.1577
    0.0000   15.0000  -22.500013312.6455   24.1748
    7.5000   15.0000  -22.500012443.5527   24.1523
   -7.5000   22.5000  -22.500011765.9648   24.1382
    0.0000   22.5000  -22.500012220.4502   24.1449
    7.5000   22.5000  -22.500011419.3252   24.1225
   -7.5000   30.0000  -22.500010585.1406   23.8246
    0.0000   30.0000  -22.500010983.3789   23.8288
    7.5000   30.0000  -22.500010293.9834   23.8123
   -7.5000   37.5000  -22.5000 9739.4639   23.8314
    0.0000   37.5000  -22.500010120.6748   23.8457
    7.5000   37.5000  -22.5000 9514.0371   23.8345
   -7.5000   45.0000  -22.5000 8703.4922   23.2682
    0.0000   45.0000  -22.5000 9061.3154   23.2950
    7.5000   45.0000  -22.5000 8485.7842   23.2840
   -7.5000  -45.0000  -15.000010703.0000   24.7272
    0.0000  -45.0000  -15.000011134.9023   24.7536
    7.5000  -45.0000  -15.000010516.0312   24.7350
   -7.5000  -37.5000  -15.000011380.2744   24.7330
    0.0000  -37.5000  -15.000011816.7666   24.7566
    7.5000  -37.5000  -15.000011114.6855   24.7350
   -7.5000  -30.0000  -15.000012295.0430   24.7433
    0.0000  -30.0000  -15.000012785.7881   24.7550
    7.5000  -30.0000  -15.000011987.1475   24.7289
   -7.5000  -22.5000  -15.000013095.7441   24.7504
    0.0000  -22.5000  -15.000013610.6240   24.7536
    7.5000  -22.5000  -15.000012752.4033   24.7270
   -7.5000  -15.0000  -15.000013755.8164   24.7456
    0.0000  -15.0000  -15.000014300.7666   24.7492
    7.5000  -15.0000  -15.000013381.5322   24.7269
   -7.5000   -7.5000  -15.000014506.2695   24.7327
    0.0000   -7.5000  -15.000015065.3877   24.7478
    7.5000   -7.5000  -15.000014062.1328   24.7289
   -7.5000    0.0000  -15.000015192.9756   24.7272
    0.0000    0.0000  -15.000015792.8525   24.7536
    7.5000    0.0000  -15.000014690.7100   24.7350
   -7.5000    7.5000  -15.000014532.0205   24.7330
    0.0000    7.5000  -15.000015107.0713   24.7566
    7.5000    7.5000  -15.000014060.1240   24.7350
   -7.5000   15.0000  -15.000013734.5195   24.7433
    0.0000   15.0000  -15.000014280.8398   24.7550
    7.5000   15.0000  -15.000013275.3857   24.7289
   -7.5000   22.5000  -15.000012619.1982   24.7416
    0.0000   22.5000  -15.000013095.0674   24.7448
    7.5000   22.5000  -15.000012185.0215   24.7182
   -7.5000   30.0000  -15.000011325.4512   24.4254
    0.0000   30.0000  -15.000011735.4668   24.4289
    7.5000   30.0000  -15.000010973.1318   24.4069
   -7.5000   37.5000  -15.000010454.1465   24.4127
    0.0000   37.5000  -15.000010821.0234   24.4275
    7.5000   37.5000  -15.000010138.9609   24.4089
   -7.5000   45.0000  -15.0000 9293.8057   23.8279
    0.0000   45.0000  -15.0000 9637.0781   23.8533
    7.5000   45.0000  -15.0000 9013.0918   23.8354
   -7.5000  -45.0000   -7.500011509.8672   24.9970
    0.0000  -45.0000   -7.500011950.1143   25.0186
    7.5000  -45.0000   -7.500011289.5762   24.9947
   -7.5000  -37.5000   -7.500012241.4004   24.9926
    0.0000  -37.5000   -7.500012704.3301   25.0068
    7.5000  -37.5000   -7.500011940.4590   24.9799
   -7.5000  -30.0000   -7.500013231.3457   25.0007
    0.0000  -30.0000   -7.500013742.7549   25.0024
    7.5000  -30.0000   -7.500012873.3252   24.9731
   -7.5000  -22.5000   -7.500014045.3457   25.0177
    0.0000  -22.5000   -7.500014576.6133   25.0165
    7.5000  -22.5000   -7.500013645.3301   24.9898
   -7.5000  -15.0000   -7.500014744.6699   25.0226
    0.0000  -15.0000   -7.500015320.0762   25.0278
    7.5000  -15.0000   -7.500014338.5596   25.0061
   -7.5000   -7.5000   -7.500015587.8281   25.0099
    0.0000   -7.5000   -7.500016191.1035   25.0255
    7.5000   -7.5000   -7.500015112.7305   25.0042
   -7.5000    0.0000   -7.500016382.0361   24.9970
    0.0000    0.0000   -7.500016999.5879   25.0186
    7.5000    0.0000   -7.500015797.5195   24.9946
   -7.5000    7.5000   -7.500015653.4014   24.9926
    0.0000    7.5000   -7.500016208.5889   25.0068
    7.5000    7.5000   -7.500015052.6719   24.9799
   -7.5000   15.0000   -7.500014743.4170   25.0007
    0.0000   15.0000   -7.500015244.2314   25.0024
    7.5000   15.0000   -7.500014164.6348   24.9731
   -7.5000   22.5000   -7.500013566.7920   25.0062
    0.0000   22.5000   -7.500014003.7969   25.0049
    7.5000   22.5000   -7.500013034.5762   24.9782
   -7.5000   30.0000   -7.500012126.5430   24.6981
    0.0000   30.0000   -7.500012544.6309   24.7032
    7.5000   30.0000   -7.500011731.9492   24.6818
   -7.5000   37.5000   -7.500011228.6719   24.6856
    0.0000   37.5000   -7.500011585.8799   24.7010
    7.5000   37.5000   -7.500010855.1201   24.6800
   -7.5000   45.0000   -7.5000 9961.5029   24.0924
    0.0000   45.0000   -7.500010287.7842   24.1132
    7.5000   45.0000   -7.5000 9626.8330   24.0901
   -7.5000  -45.0000    0.000012219.9219   25.0434
    0.0000  -45.0000    0.000012679.7627   25.0615
    7.5000  -45.0000    0.000012019.2705   25.0393
   -7.5000  -37.5000    0.000012960.7129   25.0276
    0.0000  -37.5000    0.000013462.9023   25.0371
    7.5000  -37.5000    0.000012703.0693   25.0089
   -7.5000  -30.0000    0.000014127.4287   25.0163
    0.0000  -30.0000    0.000014645.8740   25.0129
    7.5000  -30.0000    0.000013771.3672   24.9829
   -7.5000  -22.5000    0.000015003.1436   25.0263
    0.0000  -22.5000    0.000015503.9893   25.0225
    7.5000  -22.5000    0.000014578.9033   24.9990
   -7.5000  -15.0000    0.000015769.0928   25.0409
    0.0000  -15.0000    0.000016236.3896   25.0461
    7.5000  -15.0000    0.000015260.2002   25.0306
   -7.5000   -7.5000    0.000016658.1289   25.0466
    0.0000   -7.5000    0.000017156.8711   25.0610
    7.5000   -7.5000    0.000016092.1738   25.0449
   -7.5000    0.0000    0.000017483.5957   25.0433
    0.0000    0.0000    0.000018052.8398   25.0615
    7.5000    0.0000    0.000016807.7852   25.0393
   -7.5000    7.5000    0.000016631.7012   25.0276
    0.0000    7.5000    0.000017132.4863   25.0371
    7.5000    7.5000    0.000015944.9541   25.0089
   -7.5000   15.0000    0.000015609.2646   25.0163
    0.0000   15.0000    0.000016032.9658   25.0129
    7.5000   15.0000    0.000014910.8496   24.9829
   -7.5000   22.5000    0.000014387.7568   25.0148
    0.0000   22.5000    0.000014771.3506   25.0109
    7.5000   22.5000    0.000013737.5791   24.9875
   -7.5000   30.0000    0.000012908.0889   24.7168
    0.0000   30.0000    0.000013300.7510   24.7220
    7.5000   30.0000    0.000012400.2861   24.7067
   -7.5000   37.5000    0.000011926.5625   24.7224
    0.0000   37.5000    0.000012297.6846   24.7366
    7.5000   37.5000    0.000011502.4102   24.7207
   -7.5000   45.0000    0.000010586.2139   24.1389
    0.0000   45.0000    0.000010916.7539   24.1564
    7.5000   45.0000    0.000010222.1211   24.1350
   -7.5000  -45.0000    7.500011895.1475   25.0491
    0.0000  -45.0000    7.500012364.1553   25.0744
    7.5000  -45.0000    7.500011767.2109   25.0612
   -7.5000  -37.5000    7.500012561.2451   25.0348
    0.0000  -37.5000    7.500013070.7861   25.0542
    7.5000  -37.5000    7.500012441.1982   25.0313
   -7.5000  -30.0000    7.500013756.4805   25.0105
    0.0000  -30.0000    7.500014302.1104   25.0156
    7.5000  -30.0000    7.500013522.9111   24.9885
   -7.5000  -22.5000    7.500014827.1123   25.0047
    0.0000  -22.5000    7.500015327.5781   25.0056
    7.5000  -22.5000    7.500014439.6123   24.9852
   -7.5000  -15.0000    7.500015666.6836   25.0169
    0.0000  -15.0000    7.500016050.5938   25.0243
    7.5000  -15.0000    7.500015118.7676   25.0147
   -7.5000   -7.5000    7.500016457.7617   25.0370
    0.0000   -7.5000    7.500016827.6113   25.0545
    7.5000   -7.5000    7.500015864.6973   25.0479
   -7.5000    0.0000    7.500017207.1406   25.0491
    0.0000    0.0000    7.500017608.3613   25.0744
    7.5000    0.0000    7.500016553.5039   25.0612
   -7.5000    7.5000    7.500016334.9912   25.0348
    0.0000    7.5000    7.500016711.8066   25.0542
    7.5000    7.5000    7.500015690.4561   25.0313
   -7.5000   15.0000    7.500015256.4580   25.0105
    0.0000   15.0000    7.500015646.3672   25.0156
    7.5000   15.0000    7.500014625.8916   24.9885
   -7.5000   22.5000    7.500014060.0342   24.9932
    0.0000   22.5000    7.500014444.5547   24.9941
    7.5000   22.5000    7.500013490.9893   24.9737
   -7.5000   30.0000    7.500012656.2500   24.6931
    0.0000   30.0000    7.500013082.4209   24.7005
    7.5000   30.0000    7.500012173.9492   24.6910
   -7.5000   37.5000    7.500011726.6982   24.7129
    0.0000   37.5000    7.500012126.9561   24.7302
    7.5000   37.5000    7.500011297.3574   24.7237
   -7.5000   45.0000    7.500010421.1436   24.1444
    0.0000   45.0000    7.500010784.0840   24.1688
    7.5000   45.0000    7.500010070.3311   24.1561
   -7.5000  -45.0000   15.000011461.2607   25.0676
    0.0000  -45.0000   15.000011913.6553   25.0985
    7.5000  -45.0000   15.000011381.6807   25.0905
   -7.5000  -37.5000   15.000012036.8359   25.0642
    0.0000  -37.5000   15.000012517.8691   25.0935
    7.5000  -37.5000   15.000011976.0957   25.0762
   -7.5000  -30.0000   15.000013110.8691   25.0400
    0.0000  -30.0000   15.000013617.2979   25.0562
    7.5000  -30.0000   15.000012990.4053   25.0327
   -7.5000  -22.5000   15.000014227.5029   25.0218
    0.0000  -22.5000   15.000014808.2471   25.0289
    7.5000  -22.5000   15.000013970.7979   25.0090
   -7.5000  -15.0000   15.000015129.2422   25.0236
    0.0000  -15.0000   15.000015667.3438   25.0315
    7.5000  -15.0000   15.000014845.0195   25.0212
   -7.5000   -7.5000   15.000015871.9893   25.0453
    0.0000   -7.5000   15.000016336.9082   25.0639
    7.5000   -7.5000   15.000015568.6729   25.0595
   -7.5000    0.0000   15.000016585.9629   25.0676
    0.0000    0.0000   15.000017064.8867   25.0984
    7.5000    0.0000   15.000016182.7188   25.0905
   -7.5000    7.5000   15.000015748.9912   25.0642
    0.0000    7.5000   15.000016235.7383   25.0935
    7.5000    7.5000   15.000015308.3926   25.0762
   -7.5000   15.0000   15.000014662.4736   25.0400
    0.0000   15.0000   15.000015141.4248   25.0562
    7.5000   15.0000   15.000014203.5566   25.0327
   -7.5000   22.5000   15.000013481.2910   25.0102
    0.0000   22.5000   15.000013919.6465   25.0174
    7.5000   22.5000   15.000013031.9414   24.9975
   -7.5000   30.0000   15.000012165.4785   24.6997
    0.0000   30.0000   15.000012580.5684   24.7075
    7.5000   30.0000   15.000011740.6572   24.6974
   -7.5000   37.5000   15.000011307.0586   24.7211
    0.0000   37.5000   15.000011684.2168   24.7395
    7.5000   37.5000   15.000010923.8203   24.7352
   -7.5000   45.0000   15.000010043.3467   24.1623
    0.0000   45.0000   15.000010379.3877   24.1920
    7.5000   45.0000   15.0000 9710.3574   24.1844
   -7.5000  -45.0000   22.500010902.7832   25.0810
    0.0000  -45.0000   22.500011328.2744   25.1099
    7.5000  -45.0000   22.500010839.6768   25.0981
   -7.5000  -37.5000   22.500011459.9053   25.0864
    0.0000  -37.5000   22.500011895.0605   25.1156
    7.5000  -37.5000   22.500011416.0576   25.0979
   -7.5000  -30.0000   22.500012430.8242   25.0776
    0.0000  -30.0000   22.500012899.7744   25.0954
    7.5000  -30.0000   22.500012359.1729   25.0720
   -7.5000  -22.5000   22.500013415.3242   25.0651
    0.0000  -22.5000   22.500014001.4170   25.0721
    7.5000  -22.5000   22.500013331.9141   25.0488
   -7.5000  -15.0000   22.500014278.9551   25.0596
    0.0000  -15.0000   22.500014998.4082   25.0640
    7.5000  -15.0000   22.500014299.4326   25.0467
   -7.5000   -7.5000   22.500015096.3887   25.0667
    0.0000   -7.5000   22.500015930.1572   25.0818
    7.5000   -7.5000   22.500015101.5439   25.0701
   -7.5000    0.0000   22.500015843.3848   25.0810
    0.0000    0.0000   22.500016634.8750   25.1099
    7.5000    0.0000   22.500015648.2500   25.0980
   -7.5000    7.5000   22.500015034.1904   25.0864
    0.0000    7.5000   22.500015697.5654   25.1156
    7.5000    7.5000   22.500014722.9053   25.0979
   -7.5000   15.0000   22.500013940.3340   25.0776
    0.0000   15.0000   22.500014487.5068   25.0954
    7.5000   15.0000   22.500013582.7314   25.0720
   -7.5000   22.5000   22.500012743.1973   25.0536
    0.0000   22.5000   22.500013192.7656   25.0605
    7.5000   22.5000   22.500012389.2637   25.0373
   -7.5000   30.0000   22.500011505.7832   24.7353
    0.0000   30.0000   22.500011909.1299   24.7396
    7.5000   30.0000   22.500011167.3213   24.7226
   -7.5000   37.5000   22.500010734.8516   24.7423
    0.0000   37.5000   22.500011097.6592   24.7572
    7.5000   37.5000   22.500010426.4131   24.7456
   -7.5000   45.0000   22.5000 9529.0654   24.1752
    0.0000   45.0000   22.5000 9875.4912   24.2031
    7.5000   45.0000   22.5000 9291.3535   24.1916
   -7.5000  -45.0000   30.000010257.7363   25.0665
    0.0000  -45.0000   30.000010686.5303   25.0933
    7.5000  -45.0000   30.000010217.5303   25.0744
   -7.5000  -37.5000   30.000010797.3369   25.0725
    0.0000  -37.5000   30.000011244.3516   25.0964
    7.5000  -37.5000   30.000010778.2461   25.0745
   -7.5000  -30.0000   30.000011741.3115   25.0829
    0.0000  -30.0000   30.000012257.3721   25.0947
    7.5000  -30.0000   30.000011707.5195   25.0683
   -7.5000  -22.5000   30.000012619.3740   25.0901
    0.0000  -22.5000   30.000013225.5566   25.0933
    7.5000  -22.5000   30.000012624.8701   25.0663
   -7.5000  -15.0000   30.000013331.9336   25.0852
    0.0000  -15.0000   30.000014010.6855   25.0889
    7.5000  -15.0000   30.000013371.7188   25.0662
   -7.5000   -7.5000   30.000014076.9453   25.0722
    0.0000   -7.5000   30.000014769.1504   25.0874
    7.5000   -7.5000   30.000014077.1260   25.0683
   -7.5000    0.0000   30.000014772.9443   25.0665
    0.0000    0.0000   30.000015458.6826   25.0933
    7.5000    0.0000   30.000014660.5703   25.0744
   -7.5000    7.5000   30.000014102.0400   25.0725
    0.0000    7.5000   30.000014688.2627   25.0964
    7.5000    7.5000   30.000013879.6934   25.0745
   -7.5000   15.0000   30.000013070.7939   25.0829
    0.0000   15.0000   30.000013567.0127   25.0947
    7.5000   15.0000   30.000012829.8740   25.0683
   -7.5000   22.5000   30.000011947.2354   25.0785
    0.0000   22.5000   30.000012371.3770   25.0817
    7.5000   22.5000   30.000011706.4902   25.0548
   -7.5000   30.0000   30.000010765.1113   24.7606
    0.0000   30.0000   30.000011150.7705   24.7642
    7.5000   30.0000   30.000010532.5566   24.7418
   -7.5000   37.5000   30.0000 9994.9727   24.7477
    0.0000   37.5000   30.000010362.3418   24.7627
    7.5000   37.5000   30.0000 9809.7988   24.7439
   -7.5000   45.0000   30.0000 8820.8779   24.1613
    0.0000   45.0000   30.0000 9173.9219   24.1871
    7.5000   45.0000   30.0000 8675.8838   24.1688
   -7.5000  -45.0000   37.500010008.8105   25.0805
    0.0000  -45.0000   37.500010448.3242   25.1024
    7.5000  -45.0000   37.5000 9933.1816   25.0780
   -7.5000  -37.5000   37.500010547.2920   25.0769
    0.0000  -37.5000   37.500010972.7197   25.0911
    7.5000  -37.5000   37.500010439.0107   25.0637
   -7.5000  -30.0000   37.500011419.6787   25.0856
    0.0000  -30.0000   37.500011858.4082   25.0873
    7.5000  -30.0000   37.500011281.9141   25.0576
   -7.5000  -22.5000   37.500012171.5234   25.1025
    0.0000  -22.5000   37.500012667.9287   25.1014
    7.5000  -22.5000   37.500012095.1738   25.0744
   -7.5000  -15.0000   37.500012773.5098   25.1066
    0.0000  -15.0000   37.500013317.2656   25.1122
    7.5000  -15.0000   37.500012765.5830   25.0902
   -7.5000   -7.5000   37.500013464.7012   25.0934
    0.0000   -7.5000   37.500014036.2744   25.1093
    7.5000   -7.5000   37.500013461.0146   25.0877
   -7.5000    0.0000   37.500014099.4434   25.0805
    0.0000    0.0000   37.500014698.6152   25.1024
    7.5000    0.0000   37.500014041.8945   25.0779
   -7.5000    7.5000   37.500013528.7754   25.0769
    0.0000    7.5000   37.500014073.9062   25.0911
    7.5000    7.5000   37.500013373.9053   25.0637
   -7.5000   15.0000   37.500012562.4893   25.0856
    0.0000   15.0000   37.500013045.3447   25.0873
    7.5000   15.0000   37.500012377.2607   25.0576
   -7.5000   22.5000   37.500011504.2041   25.0909
    0.0000   22.5000   37.500011914.7959   25.0899
    7.5000   22.5000   37.500011296.9629   25.0628
   -7.5000   30.0000   37.500010360.9619   24.7817
    0.0000   30.0000   37.500010730.3779   24.7872
    7.5000   30.0000   37.500010164.0361   24.7655
   -7.5000   37.5000   37.5000 9581.5068   24.7686
    0.0000   37.5000   37.5000 9930.8643   24.7843
    7.5000   37.5000   37.5000 9426.7637   24.7630
   -7.5000   45.0000   37.5000 8430.6221   24.1747
    0.0000   45.0000   37.5000 8754.2451   24.1958
    7.5000   45.0000   37.5000 8325.6729   24.1723
   -7.5000  -45.0000   45.0000 9242.8105   25.2070
    0.0000  -45.0000   45.0000 9612.2354   25.2246
    7.5000  -45.0000   45.0000 9103.2480   25.2013
   -7.5000  -37.5000   45.0000 9720.2646   25.1919
    0.0000  -37.5000   45.000010086.1543   25.2013
    7.5000  -37.5000   45.0000 9549.3477   25.1722
   -7.5000  -30.0000   45.000010482.5693   25.1798
    0.0000  -30.0000   45.000010877.2090   25.1765
    7.5000  -30.0000   45.000010303.9082   25.1457
   -7.5000  -22.5000   45.000011151.1875   25.1880
    0.0000  -22.5000   45.000011583.0244   25.1844
    7.5000  -22.5000   45.000011042.2734   25.1600
   -7.5000  -15.0000   45.000011668.1963   25.2016
    0.0000  -15.0000   45.000012139.4463   25.2068
    7.5000  -15.0000   45.000011650.7607   25.1902
   -7.5000   -7.5000   45.000012279.0859   25.2084
    0.0000   -7.5000   45.000012785.8320   25.2222
    7.5000   -7.5000   45.000012272.2354   25.2049
   -7.5000    0.0000   45.000012874.2666   25.2070
    0.0000    0.0000   45.000013414.8389   25.2246
    7.5000    0.0000   45.000012846.5391   25.2012
   -7.5000    7.5000   45.000012338.0352   25.1919
    0.0000    7.5000   45.000012833.2344   25.2013
    7.5000    7.5000   45.000012272.5566   25.1721
   -7.5000   15.0000   45.000011453.3174   25.1798
    0.0000   15.0000   45.000011913.3672   25.1765
    7.5000   15.0000   45.000011357.9346   25.1457
   -7.5000   22.5000   45.000010504.2344   25.1763
    0.0000   22.5000   45.000010896.4199   25.1727
    7.5000   22.5000   45.000010373.3057   25.1483
   -7.5000   30.0000   45.0000 9474.3057   24.8733
    0.0000   30.0000   45.0000 9815.5020   24.8784
    7.5000   30.0000   45.0000 9330.3213   24.8620
   -7.5000   37.5000   45.0000 8764.9629   24.8800
    0.0000   37.5000   45.0000 9068.3154   24.8936
    7.5000   37.5000   45.0000 8619.6924   24.8765
   -7.5000   45.0000   45.0000 7712.1792   24.3076
    0.0000   45.0000   45.0000 8002.0762   24.3246
    7.5000   45.0000   45.0000 7612.1719   24.3021

---------------------------------------------------------------------
imgreg_4dfp /opt/freesurfer/average/711-2C_as_mni_average_305 /opt/freesurfer/average/711-2B_as_mni_average_305_mask talsrcimg_g11 none talsrcimg_to_711-2C_as_mni_average_305_t4 4355
---------------------------------------------------------------------

freesurfer imgreg_4dfp.c
/opt/freesurfer/average/711-2C_as_mni_average_305.4dfp.img
       256       256       256         1
  1.000000  1.000000  1.000000
orientation T byte_order littleendian
Reading image: /opt/freesurfer/average/711-2C_as_mni_average_305.4dfp.img
dimensions:      256       256       256
mmppix:       1.0000   -1.0000   -1.0000
center:     128.0000 -129.0000 -129.0000
/opt/freesurfer/average/711-2B_as_mni_average_305_mask.4dfp.img
       256       256       256         1
  1.000000  1.000000  1.000000
orientation T byte_order littleendian
Reading mask: /opt/freesurfer/average/711-2B_as_mni_average_305_mask.4dfp.img (2306576 pixels)
talsrcimg_g11.4dfp.img
       256       256       256         1
  1.000000  1.000000  1.000000
orientation T byte_order littleendian
Reading image: talsrcimg_g11.4dfp.img
dimensions:      256       256       256
mmppix:       1.0000   -1.0000   -1.0000
center:     128.0000 -129.0000 -129.0000
rotation matrix determinant  1.000000
image alignment mode   4355 decimal     1103 hex
   -7.5000  -45.0000  -45.0000 2067.9958   26.8290
    0.0000  -45.0000  -45.0000 2089.2981   26.6598
    7.5000  -45.0000  -45.0000 2084.3191   26.7562
   -7.5000  -37.5000  -45.0000 2137.9153   25.1704
    0.0000  -37.5000  -45.0000 2163.4734   25.0569
    7.5000  -37.5000  -45.0000 2152.8557   25.1884
   -7.5000  -30.0000  -45.0000 2177.8308   24.0686
    0.0000  -30.0000  -45.0000 2191.8813   23.8932
    7.5000  -30.0000  -45.0000 2184.6023   24.0275
   -7.5000  -22.5000  -45.0000 2207.5496   23.5381
    0.0000  -22.5000  -45.0000 2223.1086   23.3223
    7.5000  -22.5000  -45.0000 2206.9482   23.4834
   -7.5000  -15.0000  -45.0000 2216.3330   23.4978
    0.0000  -15.0000  -45.0000 2234.5093   23.2815
    7.5000  -15.0000  -45.0000 2220.6248   23.4955
   -7.5000   -7.5000  -45.0000 2210.3667   23.7768
    0.0000   -7.5000  -45.0000 2233.9092   23.6190
    7.5000   -7.5000  -45.0000 2217.5815   23.8722
   -7.5000    0.0000  -45.0000 2195.1313   24.5760
    0.0000    0.0000  -45.0000 2215.6274   24.3783
    7.5000    0.0000  -45.0000 2196.7236   24.6262
   -7.5000    7.5000  -45.0000 2157.6238   25.7241
    0.0000    7.5000  -45.0000 2174.2178   25.4827
    7.5000    7.5000  -45.0000 2156.7566   25.7379
   -7.5000   15.0000  -45.0000 2102.4106   27.1652
    0.0000   15.0000  -45.0000 2118.8420   26.9115
    7.5000   15.0000  -45.0000 2100.2058   27.1629
   -7.5000   22.5000  -45.0000 2038.4357   28.9799
    0.0000   22.5000  -45.0000 2048.9072   28.6911
    7.5000   22.5000  -45.0000 2029.4998   29.0503
   -7.5000   30.0000  -45.0000 1944.4222   31.6188
    0.0000   30.0000  -45.0000 1956.9279   31.3234
    7.5000   30.0000  -45.0000 1932.5442   31.7621
   -7.5000   37.5000  -45.0000 1837.8977   35.2697
    0.0000   37.5000  -45.0000 1853.5394   34.8235
    7.5000   37.5000  -45.0000 1825.4360   35.3633
   -7.5000   45.0000  -45.0000 1719.0162   40.3840
    0.0000   45.0000  -45.0000 1720.2942   39.9392
    7.5000   45.0000  -45.0000 1702.3933   40.4061
   -7.5000  -45.0000  -37.5000 2169.6660   24.7341
    0.0000  -45.0000  -37.5000 2186.7422   24.5503
    7.5000  -45.0000  -37.5000 2177.1760   24.5909
   -7.5000  -37.5000  -37.5000 2246.7356   23.1853
    0.0000  -37.5000  -37.5000 2267.1514   23.0806
    7.5000  -37.5000  -37.5000 2258.3892   23.1379
   -7.5000  -30.0000  -37.5000 2293.1421   22.1077
    0.0000  -30.0000  -37.5000 2308.0540   22.0276
    7.5000  -30.0000  -37.5000 2298.1008   22.1087
   -7.5000  -22.5000  -37.5000 2313.4602   21.5257
    0.0000  -22.5000  -37.5000 2339.2480   21.4716
    7.5000  -22.5000  -37.5000 2320.5930   21.6260
   -7.5000  -15.0000  -37.5000 2311.9109   21.3828
    0.0000  -15.0000  -37.5000 2342.8716   21.2841
    7.5000  -15.0000  -37.5000 2327.2068   21.4923
   -7.5000   -7.5000  -37.5000 2303.5667   21.6328
    0.0000   -7.5000  -37.5000 2332.7466   21.5204
    7.5000   -7.5000  -37.5000 2310.9207   21.6790
   -7.5000    0.0000  -37.5000 2287.3667   22.3424
    0.0000    0.0000  -37.5000 2311.1987   22.1600
    7.5000    0.0000  -37.5000 2293.9871   22.3500
   -7.5000    7.5000  -37.5000 2255.9624   23.4128
    0.0000    7.5000  -37.5000 2277.5498   23.2429
    7.5000    7.5000  -37.5000 2259.2493   23.4613
   -7.5000   15.0000  -37.5000 2209.2480   24.7771
    0.0000   15.0000  -37.5000 2227.7861   24.6158
    7.5000   15.0000  -37.5000 2206.7871   24.8581
   -7.5000   22.5000  -37.5000 2137.9741   26.4919
    0.0000   22.5000  -37.5000 2149.6333   26.2920
    7.5000   22.5000  -37.5000 2127.7717   26.5684
   -7.5000   30.0000  -37.5000 2037.6393   28.7422
    0.0000   30.0000  -37.5000 2050.6687   28.5923
    7.5000   30.0000  -37.5000 2027.4349   28.9418
   -7.5000   37.5000  -37.5000 1924.7316   32.0977
    0.0000   37.5000  -37.5000 1934.0369   31.8369
    7.5000   37.5000  -37.5000 1909.1692   32.2847
   -7.5000   45.0000  -37.5000 1796.4540   36.6947
    0.0000   45.0000  -37.5000 1801.3445   36.3587
    7.5000   45.0000  -37.5000 1783.1578   36.7995
   -7.5000  -45.0000  -30.0000 2305.0178   23.7181
    0.0000  -45.0000  -30.0000 2324.9001   23.5579
    7.5000  -45.0000  -30.0000 2311.0891   23.5291
   -7.5000  -37.5000  -30.0000 2388.8086   22.0951
    0.0000  -37.5000  -30.0000 2411.0574   22.0085
    7.5000  -37.5000  -30.0000 2395.3333   22.0202
   -7.5000  -30.0000  -30.0000 2432.3457   21.0277
    0.0000  -30.0000  -30.0000 2459.6499   21.0251
    7.5000  -30.0000  -30.0000 2435.4500   21.0962
   -7.5000  -22.5000  -30.0000 2456.5598   20.3779
    0.0000  -22.5000  -30.0000 2483.0771   20.3156
    7.5000  -22.5000  -30.0000 2460.6685   20.5254
   -7.5000  -15.0000  -30.0000 2470.1982   20.1953
    0.0000  -15.0000  -30.0000 2491.6182   20.0728
    7.5000  -15.0000  -30.0000 2470.8894   20.2740
   -7.5000   -7.5000  -30.0000 2461.6467   20.5191
    0.0000   -7.5000  -30.0000 2485.3167   20.3666
    7.5000   -7.5000  -30.0000 2467.8022   20.5912
   -7.5000    0.0000  -30.0000 2439.2263   21.1858
    0.0000    0.0000  -30.0000 2463.8706   21.0213
    7.5000    0.0000  -30.0000 2445.4773   21.2234
   -7.5000    7.5000  -30.0000 2405.0876   22.1871
    0.0000    7.5000  -30.0000 2433.5117   22.0840
    7.5000    7.5000  -30.0000 2413.0615   22.2947
   -7.5000   15.0000  -30.0000 2351.7961   23.4994
    0.0000   15.0000  -30.0000 2372.9077   23.4150
    7.5000   15.0000  -30.0000 2354.6211   23.6589
   -7.5000   22.5000  -30.0000 2274.1550   25.1195
    0.0000   22.5000  -30.0000 2290.7336   25.0612
    7.5000   22.5000  -30.0000 2268.5063   25.3921
   -7.5000   30.0000  -30.0000 2171.9902   27.3411
    0.0000   30.0000  -30.0000 2182.2139   27.2474
    7.5000   30.0000  -30.0000 2156.2866   27.6194
   -7.5000   37.5000  -30.0000 2040.7825   30.3987
    0.0000   37.5000  -30.0000 2051.9924   30.2308
    7.5000   37.5000  -30.0000 2028.9794   30.6608
   -7.5000   45.0000  -30.0000 1907.0090   34.6047
    0.0000   45.0000  -30.0000 1919.0564   34.3571
    7.5000   45.0000  -30.0000 1900.6700   34.9460
   -7.5000  -45.0000  -22.5000 2406.6758   22.4698
    0.0000  -45.0000  -22.5000 2430.2971   22.3385
    7.5000  -45.0000  -22.5000 2414.5769   22.3602
   -7.5000  -37.5000  -22.5000 2491.1692   20.8840
    0.0000  -37.5000  -22.5000 2521.7185   20.7886
    7.5000  -37.5000  -22.5000 2500.9492   20.8403
   -7.5000  -30.0000  -22.5000 2541.9062   19.8191
    0.0000  -30.0000  -22.5000 2571.0757   19.6778
    7.5000  -30.0000  -22.5000 2547.5630   19.7847
   -7.5000  -22.5000  -22.5000 2573.8740   19.1628
    0.0000  -22.5000  -22.5000 2598.9617   19.0189
    7.5000  -22.5000  -22.5000 2577.4500   19.2167
   -7.5000  -15.0000  -22.5000 2599.4656   18.9458
    0.0000  -15.0000  -22.5000 2615.8801   18.8108
    7.5000  -15.0000  -22.5000 2596.0061   18.9884
   -7.5000   -7.5000  -22.5000 2601.9744   19.2813
    0.0000   -7.5000  -22.5000 2619.0378   19.1252
    7.5000   -7.5000  -22.5000 2598.4006   19.3505
   -7.5000    0.0000  -22.5000 2579.4175   19.9067
    0.0000    0.0000  -22.5000 2602.4077   19.7924
    7.5000    0.0000  -22.5000 2578.4072   20.0374
   -7.5000    7.5000  -22.5000 2538.8872   20.8876
    0.0000    7.5000  -22.5000 2564.8750   20.8056
    7.5000    7.5000  -22.5000 2541.1306   21.1094
   -7.5000   15.0000  -22.5000 2482.5349   22.1969
    0.0000   15.0000  -22.5000 2503.0466   22.1185
    7.5000   15.0000  -22.5000 2476.1013   22.4672
   -7.5000   22.5000  -22.5000 2393.2124   23.7902
    0.0000   22.5000  -22.5000 2409.8398   23.7294
    7.5000   22.5000  -22.5000 2385.6616   24.0295
   -7.5000   30.0000  -22.5000 2280.8164   25.8807
    0.0000   30.0000  -22.5000 2295.8589   25.7781
    7.5000   30.0000  -22.5000 2268.2834   26.1121
   -7.5000   37.5000  -22.5000 2141.1055   28.7401
    0.0000   37.5000  -22.5000 2153.3721   28.6672
    7.5000   37.5000  -22.5000 2128.3997   28.9919
   -7.5000   45.0000  -22.5000 2006.4399   32.5771
    0.0000   45.0000  -22.5000 2020.6252   32.4934
    7.5000   45.0000  -22.5000 1991.9840   32.8812
   -7.5000  -45.0000  -15.0000 2470.1487   21.2498
    0.0000  -45.0000  -15.0000 2491.5457   21.0403
    7.5000  -45.0000  -15.0000 2474.4045   21.1420
   -7.5000  -37.5000  -15.0000 2564.0725   19.7296
    0.0000  -37.5000  -15.0000 2584.4639   19.5120
    7.5000  -37.5000  -15.0000 2562.4924   19.6080
   -7.5000  -30.0000  -15.0000 2616.4651   18.6526
    0.0000  -30.0000  -15.0000 2643.4978   18.4219
    7.5000  -30.0000  -15.0000 2618.5767   18.5433
   -7.5000  -22.5000  -15.0000 2661.6677   17.9445
    0.0000  -22.5000  -15.0000 2686.7783   17.7884
    7.5000  -22.5000  -15.0000 2663.9116   17.9516
   -7.5000  -15.0000  -15.0000 2685.1582   17.6919
    0.0000  -15.0000  -15.0000 2706.3745   17.5603
    7.5000  -15.0000  -15.0000 2687.9075   17.7480
   -7.5000   -7.5000  -15.0000 2694.3254   18.0018
    0.0000   -7.5000  -15.0000 2711.6760   17.8794
    7.5000   -7.5000  -15.0000 2691.9272   18.1354
   -7.5000    0.0000  -15.0000 2685.9685   18.6502
    0.0000    0.0000  -15.0000 2711.7842   18.5979
    7.5000    0.0000  -15.0000 2679.6621   18.8506
   -7.5000    7.5000  -15.0000 2650.4648   19.6284
    0.0000    7.5000  -15.0000 2677.2861   19.5295
    7.5000    7.5000  -15.0000 2646.8091   19.8736
   -7.5000   15.0000  -15.0000 2587.9421   20.9200
    0.0000   15.0000  -15.0000 2609.0742   20.8312
    7.5000   15.0000  -15.0000 2571.5208   21.1675
   -7.5000   22.5000  -15.0000 2485.6050   22.4746
    0.0000   22.5000  -15.0000 2503.3555   22.3867
    7.5000   22.5000  -15.0000 2469.7749   22.6929
   -7.5000   30.0000  -15.0000 2367.7764   24.4694
    0.0000   30.0000  -15.0000 2377.1721   24.3620
    7.5000   30.0000  -15.0000 2347.8030   24.6467
   -7.5000   37.5000  -15.0000 2222.9878   27.1880
    0.0000   37.5000  -15.0000 2232.0164   27.1085
    7.5000   37.5000  -15.0000 2203.5442   27.3711
   -7.5000   45.0000  -15.0000 2073.6121   30.7002
    0.0000   45.0000  -15.0000 2083.2419   30.6746
    7.5000   45.0000  -15.0000 2050.9563   30.9694
   -7.5000  -45.0000   -7.5000 2512.9846   20.1488
    0.0000  -45.0000   -7.5000 2539.6472   19.8990
    7.5000  -45.0000   -7.5000 2524.5649   20.1101
   -7.5000  -37.5000   -7.5000 2622.3728   18.6549
    0.0000  -37.5000   -7.5000 2648.3696   18.4256
    7.5000  -37.5000   -7.5000 2623.8284   18.5609
   -7.5000  -30.0000   -7.5000 2681.2827   17.5804
    0.0000  -30.0000   -7.5000 2710.7397   17.3622
    7.5000  -30.0000   -7.5000 2685.2346   17.4871
   -7.5000  -22.5000   -7.5000 2729.6326   16.8410
    0.0000  -22.5000   -7.5000 2759.9231   16.6486
    7.5000  -22.5000   -7.5000 2736.9548   16.8380
   -7.5000  -15.0000   -7.5000 2760.4229   16.5433
    0.0000  -15.0000   -7.5000 2790.8420   16.4179
    7.5000  -15.0000   -7.5000 2762.4167   16.6291
   -7.5000   -7.5000   -7.5000 2778.2219   16.7827
    0.0000   -7.5000   -7.5000 2804.8987   16.6871
    7.5000   -7.5000   -7.5000 2772.2129   16.9499
   -7.5000    0.0000   -7.5000 2777.4556   17.4882
    0.0000    0.0000   -7.5000 2806.4155   17.4129
    7.5000    0.0000   -7.5000 2764.7021   17.6783
   -7.5000    7.5000   -7.5000 2749.8438   18.4487
    0.0000    7.5000   -7.5000 2766.5508   18.3223
    7.5000    7.5000   -7.5000 2732.2324   18.6641
   -7.5000   15.0000   -7.5000 2672.8716   19.6576
    0.0000   15.0000   -7.5000 2686.1816   19.5245
    7.5000   15.0000   -7.5000 2649.0562   19.8774
   -7.5000   22.5000   -7.5000 2567.1040   21.1812
    0.0000   22.5000   -7.5000 2579.8757   21.0489
    7.5000   22.5000   -7.5000 2544.5652   21.3972
   -7.5000   30.0000   -7.5000 2432.8005   23.1890
    0.0000   30.0000   -7.5000 2446.8728   23.0822
    7.5000   30.0000   -7.5000 2415.6987   23.4177
   -7.5000   37.5000   -7.5000 2291.5522   25.7923
    0.0000   37.5000   -7.5000 2295.7515   25.7046
    7.5000   37.5000   -7.5000 2266.3286   26.0108
   -7.5000   45.0000   -7.5000 2131.8679   29.1830
    0.0000   45.0000   -7.5000 2133.9146   29.0816
    7.5000   45.0000   -7.5000 2103.2202   29.4020
   -7.5000  -45.0000    0.0000 2536.8728   19.3901
    0.0000  -45.0000    0.0000 2565.0549   19.1095
    7.5000  -45.0000    0.0000 2561.3872   19.4823
   -7.5000  -37.5000    0.0000 2651.6038   17.9005
    0.0000  -37.5000    0.0000 2679.5735   17.6366
    7.5000  -37.5000    0.0000 2667.1582   17.9556
   -7.5000  -30.0000    0.0000 2734.6699   16.8450
    0.0000  -30.0000    0.0000 2766.2310   16.5919
    7.5000  -30.0000    0.0000 2746.0535   16.8541
   -7.5000  -22.5000    0.0000 2792.6091   16.0962
    0.0000  -22.5000    0.0000 2825.7510   15.8582
    7.5000  -22.5000    0.0000 2805.4951   16.1305
   -7.5000  -15.0000    0.0000 2837.4412   15.6804
    0.0000  -15.0000    0.0000 2866.3838   15.4976
    7.5000  -15.0000    0.0000 2831.1714   15.7966
   -7.5000   -7.5000    0.0000 2870.1689   15.9103
    0.0000   -7.5000    0.0000 2886.3796   15.7236
    7.5000   -7.5000    0.0000 2847.4609   16.0587
   -7.5000    0.0000    0.0000 2868.3862   16.6194
    0.0000    0.0000    0.0000 2882.3389   16.4226
    7.5000    0.0000    0.0000 2836.9561   16.7336
   -7.5000    7.5000    0.0000 2816.2837   17.5244
    0.0000    7.5000    0.0000 2825.6377   17.3253
    7.5000    7.5000    0.0000 2786.5413   17.6641
   -7.5000   15.0000    0.0000 2732.5110   18.6916
    0.0000   15.0000    0.0000 2740.5325   18.4907
    7.5000   15.0000    0.0000 2704.4829   18.9205
   -7.5000   22.5000    0.0000 2622.5044   20.2531
    0.0000   22.5000    0.0000 2630.2654   20.0735
    7.5000   22.5000    0.0000 2595.9116   20.4563
   -7.5000   30.0000    0.0000 2483.7639   22.3184
    0.0000   30.0000    0.0000 2495.1753   22.1145
    7.5000   30.0000    0.0000 2462.9924   22.5042
   -7.5000   37.5000    0.0000 2338.7151   24.8938
    0.0000   37.5000    0.0000 2344.5950   24.6586
    7.5000   37.5000    0.0000 2308.5928   25.0543
   -7.5000   45.0000    0.0000 2174.1260   28.1656
    0.0000   45.0000    0.0000 2173.7769   27.9750
    7.5000   45.0000    0.0000 2143.6250   28.3766
   -7.5000  -45.0000    7.5000 2543.2566   18.8484
    0.0000  -45.0000    7.5000 2567.0781   18.6573
    7.5000  -45.0000    7.5000 2571.5962   19.1915
   -7.5000  -37.5000    7.5000 2655.1641   17.3514
    0.0000  -37.5000    7.5000 2682.5208   17.1212
    7.5000  -37.5000    7.5000 2684.8220   17.6359
   -7.5000  -30.0000    7.5000 2759.0754   16.2870
    0.0000  -30.0000    7.5000 2786.2961   16.0514
    7.5000  -30.0000    7.5000 2772.4343   16.4876
   -7.5000  -22.5000    7.5000 2838.9314   15.5921
    0.0000  -22.5000    7.5000 2869.8877   15.4204
    7.5000  -22.5000    7.5000 2847.2488   15.7359
   -7.5000  -15.0000    7.5000 2898.8025   15.1681
    0.0000  -15.0000    7.5000 2930.4539   14.9439
    7.5000  -15.0000    7.5000 2884.6472   15.3541
   -7.5000   -7.5000    7.5000 2947.3203   15.3146
    0.0000   -7.5000    7.5000 2956.7925   15.0576
    7.5000   -7.5000    7.5000 2903.3066   15.5072
   -7.5000    0.0000    7.5000 2940.3611   15.9937
    0.0000    0.0000    7.5000 2939.4351   15.7822
    7.5000    0.0000    7.5000 2886.3171   16.1900
   -7.5000    7.5000    7.5000 2861.7588   16.9077
    0.0000    7.5000    7.5000 2864.7576   16.7191
    7.5000    7.5000    7.5000 2830.3337   17.1750
   -7.5000   15.0000    7.5000 2765.8569   18.1023
    0.0000   15.0000    7.5000 2775.8025   17.9084
    7.5000   15.0000    7.5000 2737.1091   18.3944
   -7.5000   22.5000    7.5000 2656.0061   19.6842
    0.0000   22.5000    7.5000 2664.9678   19.5072
    7.5000   22.5000    7.5000 2628.0864   19.9520
   -7.5000   30.0000    7.5000 2519.5540   21.8170
    0.0000   30.0000    7.5000 2528.0830   21.6350
    7.5000   30.0000    7.5000 2489.6162   22.0071
   -7.5000   37.5000    7.5000 2369.6411   24.3990
    0.0000   37.5000    7.5000 2375.4341   24.2252
    7.5000   37.5000    7.5000 2337.6167   24.5943
   -7.5000   45.0000    7.5000 2203.7290   27.6412
    0.0000   45.0000    7.5000 2204.1184   27.5095
    7.5000   45.0000    7.5000 2168.8071   27.9132
   -7.5000  -45.0000   15.0000 2533.0627   18.6642
    0.0000  -45.0000   15.0000 2551.7788   18.4930
    7.5000  -45.0000   15.0000 2558.1787   19.1924
   -7.5000  -37.5000   15.0000 2645.6365   17.1459
    0.0000  -37.5000   15.0000 2668.9214   16.9593
    7.5000  -37.5000   15.0000 2670.8525   17.5686
   -7.5000  -30.0000   15.0000 2758.5154   16.0287
    0.0000  -30.0000   15.0000 2774.4890   15.8077
    7.5000  -30.0000   15.0000 2761.6086   16.3566
   -7.5000  -22.5000   15.0000 2848.3159   15.3235
    0.0000  -22.5000   15.0000 2872.7510   15.1482
    7.5000  -22.5000   15.0000 2845.3591   15.6251
   -7.5000  -15.0000   15.0000 2932.2593   15.0858
    0.0000  -15.0000   15.0000 2953.4717   14.9527
    7.5000  -15.0000   15.0000 2900.7834   15.3344
   -7.5000   -7.5000   15.0000 2985.9626   15.0976
    0.0000   -7.5000   15.0000 2999.8596   14.9855
    7.5000   -7.5000   15.0000 2929.6599   15.4788
   -7.5000    0.0000   15.0000 2961.8035   15.6673
    0.0000    0.0000   15.0000 2970.0767   15.6088
    7.5000    0.0000   15.0000 2902.0510   16.0804
   -7.5000    7.5000   15.0000 2878.5215   16.6440
    0.0000    7.5000   15.0000 2882.8455   16.5495
    7.5000    7.5000   15.0000 2834.5703   16.9440
   -7.5000   15.0000   15.0000 2775.7578   17.9171
    0.0000   15.0000   15.0000 2777.8987   17.7877
    7.5000   15.0000   15.0000 2737.5876   18.1719
   -7.5000   22.5000   15.0000 2665.6453   19.5749
    0.0000   22.5000   15.0000 2668.2949   19.3952
    7.5000   22.5000   15.0000 2628.5295   19.8083
   -7.5000   30.0000   15.0000 2531.8613   21.6754
    0.0000   30.0000   15.0000 2533.4490   21.5062
    7.5000   30.0000   15.0000 2491.6392   21.8649
   -7.5000   37.5000   15.0000 2376.2300   24.1769
    0.0000   37.5000   15.0000 2377.4365   24.0713
    7.5000   37.5000   15.0000 2340.2781   24.4517
   -7.5000   45.0000   15.0000 2209.7671   27.3464
    0.0000   45.0000   15.0000 2215.6328   27.3724
    7.5000   45.0000   15.0000 2178.9395   27.7039
   -7.5000  -45.0000   22.5000 2515.6147   18.7204
    0.0000  -45.0000   22.5000 2528.2759   18.5357
    7.5000  -45.0000   22.5000 2529.8997   19.3045
   -7.5000  -37.5000   22.5000 2631.0339   17.2601
    0.0000  -37.5000   22.5000 2640.2273   17.0641
    7.5000  -37.5000   22.5000 2640.9890   17.7273
   -7.5000  -30.0000   22.5000 2732.0750   16.1413
    0.0000  -30.0000   22.5000 2739.0652   15.9623
    7.5000  -30.0000   22.5000 2731.2180   16.6096
   -7.5000  -22.5000   22.5000 2835.9187   15.5251
    0.0000  -22.5000   22.5000 2851.7935   15.3973
    7.5000  -22.5000   22.5000 2828.0527   15.9669
   -7.5000  -15.0000   22.5000 2923.0317   15.2389
    0.0000  -15.0000   22.5000 2945.4883   15.2302
    7.5000  -15.0000   22.5000 2895.4250   15.7563
   -7.5000   -7.5000   22.5000 2969.2434   15.2997
    0.0000   -7.5000   22.5000 2995.5859   15.4096
    7.5000   -7.5000   22.5000 2915.8706   15.8558
   -7.5000    0.0000   22.5000 2946.0769   15.9000
    0.0000    0.0000   22.5000 2957.8567   15.9864
    7.5000    0.0000   22.5000 2878.0520   16.3422
   -7.5000    7.5000   22.5000 2868.4509   16.8635
    0.0000    7.5000   22.5000 2871.9844   16.8668
    7.5000    7.5000   22.5000 2811.6018   17.1581
   -7.5000   15.0000   22.5000 2763.3489   18.1915
    0.0000   15.0000   22.5000 2762.9766   18.0742
    7.5000   15.0000   22.5000 2715.2029   18.3872
   -7.5000   22.5000   22.5000 2645.1211   19.8355
    0.0000   22.5000   22.5000 2646.1790   19.6506
    7.5000   22.5000   22.5000 2605.0891   19.9553
   -7.5000   30.0000   22.5000 2519.8240   21.8627
    0.0000   30.0000   22.5000 2520.4482   21.7031
    7.5000   30.0000   22.5000 2476.8447   21.9977
   -7.5000   37.5000   22.5000 2369.2825   24.3229
    0.0000   37.5000   22.5000 2366.9568   24.2149
    7.5000   37.5000   22.5000 2330.6792   24.5703
   -7.5000   45.0000   22.5000 2196.0496   27.4874
    0.0000   45.0000   22.5000 2205.3535   27.4209
    7.5000   45.0000   22.5000 2171.3118   27.8698
   -7.5000  -45.0000   30.0000 2494.3513   19.1944
    0.0000  -45.0000   30.0000 2496.5303   19.0309
    7.5000  -45.0000   30.0000 2489.0479   19.8387
   -7.5000  -37.5000   30.0000 2607.6255   17.7409
    0.0000  -37.5000   30.0000 2610.2610   17.6625
    7.5000  -37.5000   30.0000 2603.9685   18.4110
   -7.5000  -30.0000   30.0000 2704.8503   16.7030
    0.0000  -30.0000   30.0000 2706.4390   16.6352
    7.5000  -30.0000   30.0000 2693.0090   17.3377
   -7.5000  -22.5000   30.0000 2799.9231   16.1163
    0.0000  -22.5000   30.0000 2801.3230   16.0261
    7.5000  -22.5000   30.0000 2783.5334   16.6374
   -7.5000  -15.0000   30.0000 2874.4324   15.6667
    0.0000  -15.0000   30.0000 2884.4934   15.7087
    7.5000  -15.0000   30.0000 2841.6035   16.2626
   -7.5000   -7.5000   30.0000 2920.3757   15.7717
    0.0000   -7.5000   30.0000 2929.3840   15.8060
    7.5000   -7.5000   30.0000 2868.4785   16.3087
   -7.5000    0.0000   30.0000 2890.0522   16.4532
    0.0000    0.0000   30.0000 2897.3254   16.4687
    7.5000    0.0000   30.0000 2835.6646   16.9004
   -7.5000    7.5000   30.0000 2824.7170   17.4911
    0.0000    7.5000   30.0000 2823.4951   17.4455
    7.5000    7.5000   30.0000 2766.4688   17.7852
   -7.5000   15.0000   30.0000 2721.5923   18.8643
    0.0000   15.0000   30.0000 2716.3242   18.7680
    7.5000   15.0000   30.0000 2675.9912   19.0857
   -7.5000   22.5000   30.0000 2606.7634   20.5124
    0.0000   22.5000   30.0000 2604.0256   20.3491
    7.5000   22.5000   30.0000 2567.4329   20.6704
   -7.5000   30.0000   30.0000 2482.6592   22.4669
    0.0000   30.0000   30.0000 2484.4307   22.3259
    7.5000   30.0000   30.0000 2439.4531   22.6317
   -7.5000   37.5000   30.0000 2334.8933   24.8618
    0.0000   37.5000   30.0000 2335.6929   24.7646
    7.5000   37.5000   30.0000 2299.6692   25.1005
   -7.5000   45.0000   30.0000 2170.7339   27.9101
    0.0000   45.0000   30.0000 2175.1201   27.8776
    7.5000   45.0000   30.0000 2142.9734   28.2798
   -7.5000  -45.0000   37.5000 2472.3574   20.1150
    0.0000  -45.0000   37.5000 2472.2429   20.1162
    7.5000  -45.0000   37.5000 2452.9683   20.8904
   -7.5000  -37.5000   37.5000 2582.8975   18.6668
    0.0000  -37.5000   37.5000 2577.3362   18.6075
    7.5000  -37.5000   37.5000 2557.7217   19.3449
   -7.5000  -30.0000   37.5000 2669.2002   17.5955
    0.0000  -30.0000   37.5000 2659.3613   17.4808
    7.5000  -30.0000   37.5000 2639.6763   18.1868
   -7.5000  -22.5000   37.5000 2747.8057   16.8769
    0.0000  -22.5000   37.5000 2740.2400   16.7739
    7.5000  -22.5000   37.5000 2721.0046   17.4608
   -7.5000  -15.0000   37.5000 2807.8638   16.3954
    0.0000  -15.0000   37.5000 2801.5056   16.3997
    7.5000  -15.0000   37.5000 2769.0339   17.0209
   -7.5000   -7.5000   37.5000 2851.2524   16.5066
    0.0000   -7.5000   37.5000 2846.7563   16.4794
    7.5000   -7.5000   37.5000 2802.8203   17.0217
   -7.5000    0.0000   37.5000 2817.6897   17.2161
    0.0000    0.0000   37.5000 2822.8154   17.1775
    7.5000    0.0000   37.5000 2768.3887   17.6565
   -7.5000    7.5000   37.5000 2759.5425   18.2670
    0.0000    7.5000   37.5000 2755.5261   18.2173
    7.5000    7.5000   37.5000 2704.0627   18.6081
   -7.5000   15.0000   37.5000 2663.7405   19.6593
    0.0000   15.0000   37.5000 2661.7356   19.5834
    7.5000   15.0000   37.5000 2619.6663   19.9807
   -7.5000   22.5000   37.5000 2554.2175   21.3765
    0.0000   22.5000   37.5000 2553.7610   21.2701
    7.5000   22.5000   37.5000 2513.5425   21.6474
   -7.5000   30.0000   37.5000 2436.2842   23.3522
    0.0000   30.0000   37.5000 2432.8748   23.2342
    7.5000   30.0000   37.5000 2391.5791   23.6083
   -7.5000   37.5000   37.5000 2287.5928   25.6822
    0.0000   37.5000   37.5000 2287.8816   25.5928
    7.5000   37.5000   37.5000 2253.5215   25.9971
   -7.5000   45.0000   37.5000 2126.3733   28.5633
    0.0000   45.0000   37.5000 2123.9827   28.6500
    7.5000   45.0000   37.5000 2093.8394   29.1995
   -7.5000  -45.0000   45.0000 2431.7253   21.3161
    0.0000  -45.0000   45.0000 2425.8672   21.3184
    7.5000  -45.0000   45.0000 2389.8564   22.0480
   -7.5000  -37.5000   45.0000 2537.0420   19.7866
    0.0000  -37.5000   45.0000 2530.1033   19.7070
    7.5000  -37.5000   45.0000 2491.7288   20.4180
   -7.5000  -30.0000   45.0000 2617.4717   18.6248
    0.0000  -30.0000   45.0000 2610.5979   18.5391
    7.5000  -30.0000   45.0000 2574.5559   19.2334
   -7.5000  -22.5000   45.0000 2685.7668   17.8596
    0.0000  -22.5000   45.0000 2678.3972   17.7799
    7.5000  -22.5000   45.0000 2644.9927   18.4784
   -7.5000  -15.0000   45.0000 2732.4158   17.3633
    0.0000  -15.0000   45.0000 2724.5083   17.3522
    7.5000  -15.0000   45.0000 2690.6880   17.9935
   -7.5000   -7.5000   45.0000 2757.7654   17.4827
    0.0000   -7.5000   45.0000 2752.8459   17.4360
    7.5000   -7.5000   45.0000 2714.4766   18.0158
   -7.5000    0.0000   45.0000 2729.9238   18.1491
    0.0000    0.0000   45.0000 2728.9919   18.1098
    7.5000    0.0000   45.0000 2688.5781   18.6138
   -7.5000    7.5000   45.0000 2672.1729   19.1464
    0.0000    7.5000   45.0000 2670.5930   19.1195
    7.5000    7.5000   45.0000 2633.1609   19.5965
   -7.5000   15.0000   45.0000 2588.2466   20.5291
    0.0000   15.0000   45.0000 2585.4531   20.4616
    7.5000   15.0000   45.0000 2546.3660   20.9426
   -7.5000   22.5000   45.0000 2488.7256   22.2550
    0.0000   22.5000   45.0000 2486.3867   22.2396
    7.5000   22.5000   45.0000 2448.8657   22.6580
   -7.5000   30.0000   45.0000 2373.2354   24.3156
    0.0000   30.0000   45.0000 2369.4697   24.2733
    7.5000   30.0000   45.0000 2331.9319   24.6722
   -7.5000   37.5000   45.0000 2232.1833   26.7923
    0.0000   37.5000   45.0000 2226.2654   26.7252
    7.5000   37.5000   45.0000 2196.1497   27.1901
   -7.5000   45.0000   45.0000 2067.8423   29.7050
    0.0000   45.0000   45.0000 2067.6267   29.8133
    7.5000   45.0000   45.0000 2036.8568   30.3534

---------------------------------------------------------------------
imgreg_4dfp /opt/freesurfer/average/711-2C_as_mni_average_305 /opt/freesurfer/average/711-2B_as_mni_average_305_mask talsrcimg_g11 none talsrcimg_to_711-2C_as_mni_average_305_t4 1283
---------------------------------------------------------------------

freesurfer imgreg_4dfp.c
/opt/freesurfer/average/711-2C_as_mni_average_305.4dfp.img
       256       256       256         1
  1.000000  1.000000  1.000000
orientation T byte_order littleendian
Reading image: /opt/freesurfer/average/711-2C_as_mni_average_305.4dfp.img
dimensions:      256       256       256
mmppix:       1.0000   -1.0000   -1.0000
center:     128.0000 -129.0000 -129.0000
/opt/freesurfer/average/711-2B_as_mni_average_305_mask.4dfp.img
       256       256       256         1
  1.000000  1.000000  1.000000
orientation T byte_order littleendian
Reading mask: /opt/freesurfer/average/711-2B_as_mni_average_305_mask.4dfp.img (2306576 pixels)
talsrcimg_g11.4dfp.img
       256       256       256         1
  1.000000  1.000000  1.000000
orientation T byte_order littleendian
Reading image: talsrcimg_g11.4dfp.img
dimensions:      256       256       256
mmppix:       1.0000   -1.0000   -1.0000
center:     128.0000 -129.0000 -129.0000
rotation matrix determinant  1.000000
fimgreg.f
image alignment mode   1283 decimal      503 hex
parameters
    0.0000   -7.5000   15.0000    0.0000    0.0000    0.0000
eta,q 0.94169 15.00671
niter,ni,del,rscale     5    3   12.0000    1.2000
parameter  4  1.744825 ->  0.500000 qaram    1.1500
parameter  5 -0.824945 -> -0.500000 qaram    1.1500
parameters
   -1.5054   -6.5543   17.5306   -3.4500    3.4500   -0.9510
eta,q 0.94925 14.91654
  0.0666  0.0689  0.0697  0.0535  0.0682  0.0530
  0.0632  0.0638  0.0660  0.0540  0.0648  0.0513
  0.0588  0.0597  0.0614  0.0552  0.0591  0.0506
  0.0590  0.0577  0.0575  0.0558  0.0542  0.0509
  0.0654  0.0579  0.0561  0.0559  0.0516  0.0517
  0.0716  0.0606  0.0574  0.0564  0.0510  0.0530
  0.0783  0.0634  0.0595  0.0591  0.0518  0.0542
niter,ni,del,rscale     6    3   12.0000    1.2000
parameters
   -3.1454   -4.6839   17.0501   -6.7570    5.5763   -0.9299
eta,q 0.95397 14.94087
  0.0573  0.0652  0.0565  0.0492  0.0656  0.0495
  0.0522  0.0579  0.0512  0.0461  0.0571  0.0474
  0.0497  0.0528  0.0484  0.0457  0.0488  0.0467
  0.0508  0.0496  0.0485  0.0482  0.0456  0.0460
  0.0554  0.0485  0.0504  0.0523  0.0461  0.0462
  0.0624  0.0497  0.0536  0.0557  0.0473  0.0473
  0.0706  0.0534  0.0589  0.0607  0.0501  0.0497
niter,ni,del,rscale     5    3   12.0000    1.2000
parameters
   -3.7164   -3.4605   16.3747   -6.7789    5.8744   -0.6760
eta,q 0.95530 15.01231
  0.0586  0.0663  0.0539  0.0556  0.0567  0.0506
  0.0511  0.0570  0.0478  0.0482  0.0486  0.0475
  0.0473  0.0496  0.0445  0.0455  0.0443  0.0456
  0.0460  0.0461  0.0451  0.0446  0.0445  0.0447
  0.0487  0.0448  0.0475  0.0462  0.0458  0.0453
  0.0553  0.0477  0.0519  0.0503  0.0481  0.0467
  0.0645  0.0551  0.0580  0.0542  0.0536  0.0498
niter,ni,del,rscale     4    3   12.0000    1.2000
parameters
   -3.7089   -3.3885   16.3628   -6.8334    5.8326   -0.6855
eta,q 0.95539 15.01690
  0.0609  0.0605  0.0562  0.0553  0.0554  0.0501
  0.0521  0.0520  0.0499  0.0482  0.0476  0.0472
  0.0468  0.0470  0.0454  0.0456  0.0441  0.0453
  0.0447  0.0447  0.0447  0.0447  0.0446  0.0446
  0.0466  0.0455  0.0465  0.0463  0.0460  0.0453
  0.0520  0.0516  0.0501  0.0503  0.0487  0.0470
  0.0609  0.0601  0.0558  0.0542  0.0544  0.0503
niter,ni,del,rscale     3    3   12.0000    1.2000
parameters
   -3.7006   -3.3640   16.3483   -6.8597    5.8279   -0.6897
eta,q 0.95542 15.01792
  0.0609  0.0603  0.0562  0.0555  0.0555  0.0501
  0.0520  0.0517  0.0498  0.0482  0.0477  0.0472
  0.0467  0.0468  0.0453  0.0456  0.0441  0.0453
  0.0446  0.0446  0.0446  0.0446  0.0446  0.0446
  0.0465  0.0455  0.0465  0.0462  0.0460  0.0453
  0.0519  0.0518  0.0501  0.0503  0.0486  0.0470
  0.0608  0.0603  0.0558  0.0541  0.0542  0.0503
registration optimization eta report
parameter search radius
    6.0000    6.0000    6.0000    6.9000    6.9000    6.0000
100000*second partial in parameter space
       45.       44.       32.       21.       23.       16.
  0.0609  0.0603  0.0562  0.0555  0.0555  0.0501
  0.0520  0.0517  0.0498  0.0482  0.0477  0.0472
  0.0467  0.0468  0.0453  0.0456  0.0441  0.0453
  0.0446  0.0446  0.0446  0.0446  0.0446  0.0446
  0.0465  0.0455  0.0465  0.0462  0.0460  0.0453
  0.0519  0.0518  0.0501  0.0503  0.0486  0.0470
  0.0608  0.0603  0.0558  0.0541  0.0542  0.0503
   -3.7006   -3.3640   16.3483   -6.8597    5.8279   -0.6897
eta,q 0.95542 15.01792

---------------------------------------------------------------------
imgreg_4dfp /opt/freesurfer/average/711-2C_as_mni_average_305 /opt/freesurfer/average/711-2B_as_mni_average_305_mask talsrcimg_g11 none talsrcimg_to_711-2C_as_mni_average_305_t4 3335
---------------------------------------------------------------------

freesurfer imgreg_4dfp.c
/opt/freesurfer/average/711-2C_as_mni_average_305.4dfp.img
       256       256       256         1
  1.000000  1.000000  1.000000
orientation T byte_order littleendian
Reading image: /opt/freesurfer/average/711-2C_as_mni_average_305.4dfp.img
dimensions:      256       256       256
mmppix:       1.0000   -1.0000   -1.0000
center:     128.0000 -129.0000 -129.0000
/opt/freesurfer/average/711-2B_as_mni_average_305_mask.4dfp.img
       256       256       256         1
  1.000000  1.000000  1.000000
orientation T byte_order littleendian
Reading mask: /opt/freesurfer/average/711-2B_as_mni_average_305_mask.4dfp.img (2306576 pixels)
talsrcimg_g11.4dfp.img
       256       256       256         1
  1.000000  1.000000  1.000000
orientation T byte_order littleendian
Reading image: talsrcimg_g11.4dfp.img
dimensions:      256       256       256
mmppix:       1.0000   -1.0000   -1.0000
center:     128.0000 -129.0000 -129.0000
fimgreg.f
image alignment mode   3335 decimal      D07 hex
parameters
   -3.7006   -3.3640   16.3483   -0.5241   -0.7376   -1.2290
    2.4078   -9.9368   -1.1975   12.0643   10.1540  -11.8821
eta,q 0.95680 15.17839
niter,ni,del,rscale     5    3    5.0000    1.2000
parameter  4  1.051637 ->  0.500000 qaram    1.1500
parameter  5  2.550339 ->  0.500000 qaram    1.1500
parameter  6  0.730590 ->  0.500000 qaram    1.1500
parameters
   -3.5976   -2.8471   16.2935   -4.6641   -4.8776   -5.3690
    1.6992  -10.4826   -2.6471   11.6492    6.9956   -9.3475
eta,q 0.96933 14.94698
  0.0472  0.0463  0.0449  0.0383  0.0310  0.0316  0.0341  0.0363  0.0331  0.0347  0.0313  0.0338
  0.0451  0.0449  0.0439  0.0387  0.0331  0.0313  0.0324  0.0336  0.0318  0.0328  0.0310  0.0325
  0.0437  0.0439  0.0433  0.0402  0.0357  0.0318  0.0315  0.0318  0.0312  0.0316  0.0309  0.0315
  0.0432  0.0432  0.0431  0.0430  0.0390  0.0337  0.0313  0.0313  0.0313  0.0311  0.0312  0.0309
  0.0435  0.0431  0.0433  0.0470  0.0429  0.0380  0.0319  0.0322  0.0321  0.0316  0.0319  0.0307
  0.0446  0.0435  0.0440  0.0518  0.0471  0.0434  0.0333  0.0346  0.0335  0.0332  0.0332  0.0309
  0.0466  0.0446  0.0452  0.0569  0.0511  0.0483  0.0355  0.0383  0.0355  0.0359  0.0350  0.0314
niter,ni,del,rscale     7    3    5.0000    1.2000
parameter  3  0.832981 ->  0.500000 qaram    1.1500
parameter  5  0.831526 ->  0.500000 qaram    1.3225
parameters
   -3.8567   -3.6347   14.9135   -5.6798   -9.6386   -6.9692
    2.4677  -10.1612   -2.7059   11.3526    7.1671  -10.8304
eta,q 0.97338 14.75576
  0.0338  0.0316  0.0292  0.0335  0.0266  0.0299  0.0309  0.0324  0.0293  0.0303  0.0281  0.0280
  0.0318  0.0307  0.0290  0.0316  0.0262  0.0285  0.0289  0.0295  0.0279  0.0284  0.0274  0.0271
  0.0308  0.0303  0.0294  0.0300  0.0273  0.0272  0.0275  0.0275  0.0270  0.0272  0.0270  0.0267
  0.0307  0.0306  0.0303  0.0291  0.0293  0.0264  0.0268  0.0268  0.0267  0.0267  0.0267  0.0267
  0.0314  0.0315  0.0316  0.0299  0.0318  0.0269  0.0269  0.0270  0.0270  0.0272  0.0268  0.0273
  0.0330  0.0331  0.0332  0.0329  0.0356  0.0308  0.0278  0.0286  0.0279  0.0286  0.0272  0.0282
  0.0355  0.0352  0.0351  0.0375  0.0399  0.0372  0.0295  0.0317  0.0294  0.0311  0.0281  0.0295
niter,ni,del,rscale     7    3    5.0000    1.2000
parameters
   -3.8151   -3.8176   14.5286   -4.0721  -10.7888   -7.2361
    2.5190  -10.2661   -2.7726   11.7731    6.5153  -11.2947
eta,q 0.97428 14.77855
  0.0306  0.0295  0.0285  0.0326  0.0310  0.0302  0.0296  0.0314  0.0285  0.0300  0.0272  0.0276
  0.0283  0.0278  0.0273  0.0304  0.0282  0.0286  0.0276  0.0284  0.0270  0.0279  0.0263  0.0265
  0.0270  0.0268  0.0267  0.0283  0.0261  0.0271  0.0263  0.0264  0.0261  0.0265  0.0258  0.0259
  0.0266  0.0266  0.0266  0.0265  0.0258  0.0257  0.0258  0.0258  0.0258  0.0258  0.0257  0.0257
  0.0270  0.0272  0.0271  0.0257  0.0275  0.0251  0.0262  0.0264  0.0261  0.0259  0.0260  0.0261
  0.0282  0.0285  0.0283  0.0268  0.0301  0.0273  0.0275  0.0285  0.0270  0.0270  0.0267  0.0269
  0.0302  0.0304  0.0299  0.0300  0.0341  0.0329  0.0295  0.0319  0.0286  0.0294  0.0279  0.0281
niter,ni,del,rscale     6    3    5.0000    1.2000
parameters
   -3.7550   -3.6885   14.4467   -3.8082  -10.9853   -7.1867
    2.5959  -10.1544   -2.7072   12.0468    6.2383  -11.5914
eta,q 0.97446 14.78629
  0.0302  0.0295  0.0283  0.0314  0.0318  0.0303  0.0295  0.0317  0.0284  0.0296  0.0272  0.0276
  0.0277  0.0275  0.0268  0.0293  0.0290  0.0287  0.0274  0.0285  0.0269  0.0276  0.0263  0.0264
  0.0262  0.0262  0.0260  0.0273  0.0265  0.0271  0.0261  0.0263  0.0259  0.0263  0.0257  0.0257
  0.0257  0.0257  0.0257  0.0257  0.0256  0.0256  0.0256  0.0256  0.0256  0.0256  0.0256  0.0256
  0.0262  0.0260  0.0261  0.0256  0.0268  0.0248  0.0260  0.0261  0.0259  0.0257  0.0258  0.0259
  0.0275  0.0270  0.0270  0.0277  0.0291  0.0267  0.0273  0.0281  0.0268  0.0269  0.0264  0.0267
  0.0297  0.0288  0.0286  0.0318  0.0325  0.0322  0.0293  0.0315  0.0283  0.0293  0.0275  0.0279
niter,ni,del,rscale     5    3    5.0000    1.2000
parameters
   -3.7319   -3.6397   14.3974   -3.7425  -11.0774   -7.1868
    2.6049  -10.1033   -2.6581   12.1965    6.1271  -11.7315
eta,q 0.97449 14.78826
  0.0300  0.0291  0.0282  0.0312  0.0319  0.0303  0.0293  0.0316  0.0283  0.0295  0.0273  0.0276
  0.0275  0.0272  0.0267  0.0290  0.0291  0.0286  0.0273  0.0284  0.0268  0.0275  0.0263  0.0264
  0.0260  0.0260  0.0258  0.0271  0.0266  0.0271  0.0260  0.0262  0.0259  0.0262  0.0257  0.0257
  0.0255  0.0256  0.0255  0.0255  0.0255  0.0255  0.0255  0.0255  0.0255  0.0255  0.0255  0.0255
  0.0261  0.0259  0.0259  0.0256  0.0266  0.0247  0.0259  0.0261  0.0258  0.0257  0.0257  0.0258
  0.0275  0.0270  0.0269  0.0279  0.0289  0.0268  0.0273  0.0282  0.0267  0.0270  0.0263  0.0266
  0.0298  0.0288  0.0284  0.0321  0.0323  0.0324  0.0294  0.0315  0.0283  0.0294  0.0274  0.0278
niter,ni,del,rscale     4    3    5.0000    1.2000
parameters
   -3.7197   -3.6126   14.3751   -3.7125  -11.1203   -7.1944
    2.5990  -10.0780   -2.6305   12.2701    6.0776  -11.8008
eta,q 0.97451 14.78902
  0.0299  0.0290  0.0283  0.0312  0.0319  0.0304  0.0293  0.0315  0.0283  0.0294  0.0273  0.0277
  0.0275  0.0271  0.0267  0.0290  0.0291  0.0286  0.0273  0.0284  0.0268  0.0274  0.0263  0.0264
  0.0260  0.0259  0.0258  0.0270  0.0266  0.0270  0.0260  0.0262  0.0258  0.0261  0.0257  0.0257
  0.0255  0.0255  0.0255  0.0255  0.0255  0.0255  0.0255  0.0255  0.0255  0.0255  0.0255  0.0255
  0.0260  0.0259  0.0258  0.0256  0.0266  0.0246  0.0259  0.0261  0.0258  0.0257  0.0257  0.0258
  0.0275  0.0270  0.0268  0.0279  0.0289  0.0268  0.0272  0.0282  0.0267  0.0270  0.0263  0.0265
  0.0298  0.0288  0.0283  0.0322  0.0322  0.0324  0.0294  0.0316  0.0283  0.0295  0.0274  0.0277
niter,ni,del,rscale     3    3    5.0000    1.2000
parameters
   -3.7139   -3.5981   14.3651   -3.6957  -11.1408   -7.1990
    2.5965  -10.0670   -2.6183   12.3079    6.0595  -11.8313
eta,q 0.97452 14.78939
  0.0299  0.0289  0.0283  0.0311  0.0319  0.0304  0.0293  0.0315  0.0282  0.0293  0.0273  0.0277
  0.0274  0.0271  0.0267  0.0290  0.0291  0.0286  0.0273  0.0283  0.0268  0.0274  0.0263  0.0264
  0.0259  0.0259  0.0258  0.0270  0.0266  0.0270  0.0260  0.0262  0.0258  0.0261  0.0257  0.0257
  0.0255  0.0255  0.0255  0.0255  0.0255  0.0255  0.0255  0.0255  0.0255  0.0255  0.0255  0.0255
  0.0260  0.0259  0.0258  0.0256  0.0265  0.0246  0.0259  0.0261  0.0258  0.0257  0.0257  0.0258
  0.0275  0.0270  0.0268  0.0279  0.0289  0.0268  0.0272  0.0282  0.0267  0.0270  0.0263  0.0265
  0.0298  0.0289  0.0283  0.0322  0.0322  0.0324  0.0293  0.0316  0.0283  0.0295  0.0273  0.0277
registration optimization eta report
parameter search radius
    2.4000    2.4000    2.7600    8.2800    9.5220    8.2800
    7.2000    7.2000    7.2000    7.2000    7.2000    7.2000
100000*second partial in parameter space
       76.       59.       37.        9.        7.        9.
        7.       12.        5.        8.        4.        4.
  0.0299  0.0289  0.0283  0.0311  0.0319  0.0304  0.0293  0.0315  0.0282  0.0293  0.0273  0.0277
  0.0274  0.0271  0.0267  0.0290  0.0291  0.0286  0.0273  0.0283  0.0268  0.0274  0.0263  0.0264
  0.0259  0.0259  0.0258  0.0270  0.0266  0.0270  0.0260  0.0262  0.0258  0.0261  0.0257  0.0257
  0.0255  0.0255  0.0255  0.0255  0.0255  0.0255  0.0255  0.0255  0.0255  0.0255  0.0255  0.0255
  0.0260  0.0259  0.0258  0.0256  0.0265  0.0246  0.0259  0.0261  0.0258  0.0257  0.0257  0.0258
  0.0275  0.0270  0.0268  0.0279  0.0289  0.0268  0.0272  0.0282  0.0267  0.0270  0.0263  0.0265
  0.0298  0.0289  0.0283  0.0322  0.0322  0.0324  0.0293  0.0316  0.0283  0.0295  0.0273  0.0277
   -3.7139   -3.5981   14.3651   -3.6957  -11.1408   -7.1990
    2.5965  -10.0670   -2.6183   12.3079    6.0595  -11.8313
eta,q 0.97452 14.78939

---------------------------------------------------------------------
imgreg_4dfp /opt/freesurfer/average/711-2C_as_mni_average_305 /opt/freesurfer/average/711-2B_as_mni_average_305_mask talsrcimg_g11 none talsrcimg_to_711-2C_as_mni_average_305_t4 2311
---------------------------------------------------------------------

freesurfer imgreg_4dfp.c
/opt/freesurfer/average/711-2C_as_mni_average_305.4dfp.img
       256       256       256         1
  1.000000  1.000000  1.000000
orientation T byte_order littleendian
Reading image: /opt/freesurfer/average/711-2C_as_mni_average_305.4dfp.img
dimensions:      256       256       256
mmppix:       1.0000   -1.0000   -1.0000
center:     128.0000 -129.0000 -129.0000
/opt/freesurfer/average/711-2B_as_mni_average_305_mask.4dfp.img
       256       256       256         1
  1.000000  1.000000  1.000000
orientation T byte_order littleendian
Reading mask: /opt/freesurfer/average/711-2B_as_mni_average_305_mask.4dfp.img (2306576 pixels)
talsrcimg_g11.4dfp.img
       256       256       256         1
  1.000000  1.000000  1.000000
orientation T byte_order littleendian
Reading image: talsrcimg_g11.4dfp.img
dimensions:      256       256       256
mmppix:       1.0000   -1.0000   -1.0000
center:     128.0000 -129.0000 -129.0000
fimgreg.f
image alignment mode   2311 decimal      907 hex
parameters
   -3.7139   -3.5981   14.3651   -3.6957  -11.1408   -7.1990
    2.5965  -10.0670   -2.6183   12.3079    6.0595  -11.8313
eta,q 0.97452 14.78940
niter,ni,del,rscale     5    3    5.0000    0.8000
parameters
   -3.7338   -3.5867   14.3449   -2.8203  -11.2816   -5.4974
    2.5438  -10.2806   -2.6100   12.2435    5.5168  -12.4419
eta,q 0.97542 14.84059
  0.0274  0.0271  0.0264  0.0284  0.0275  0.0280  0.0266  0.0280  0.0260  0.0269  0.0256  0.0256
  0.0263  0.0262  0.0259  0.0273  0.0263  0.0270  0.0255  0.0261  0.0253  0.0257  0.0250  0.0249
  0.0257  0.0257  0.0256  0.0262  0.0255  0.0261  0.0249  0.0249  0.0248  0.0249  0.0247  0.0246
  0.0255  0.0255  0.0255  0.0255  0.0253  0.0253  0.0246  0.0246  0.0246  0.0246  0.0246  0.0246
  0.0257  0.0256  0.0256  0.0253  0.0256  0.0247  0.0249  0.0252  0.0248  0.0248  0.0249  0.0249
  0.0264  0.0262  0.0259  0.0258  0.0265  0.0248  0.0255  0.0266  0.0252  0.0257  0.0254  0.0254
  0.0275  0.0270  0.0265  0.0271  0.0277  0.0261  0.0267  0.0286  0.0260  0.0271  0.0262  0.0262
niter,ni,del,rscale     4    3    5.0000    0.7000
parameters
   -3.6981   -3.6436   14.3327   -3.0745  -11.5839   -5.4229
    2.7132  -10.1615   -2.5518   12.5315    5.4000  -12.6877
eta,q 0.97549 14.83657
  0.0264  0.0258  0.0256  0.0265  0.0263  0.0268  0.0261  0.0275  0.0256  0.0265  0.0255  0.0254
  0.0254  0.0251  0.0250  0.0256  0.0253  0.0260  0.0253  0.0259  0.0250  0.0255  0.0249  0.0249
  0.0248  0.0247  0.0247  0.0249  0.0247  0.0252  0.0248  0.0249  0.0247  0.0249  0.0246  0.0246
  0.0246  0.0246  0.0246  0.0246  0.0246  0.0246  0.0246  0.0245  0.0245  0.0245  0.0245  0.0245
  0.0248  0.0248  0.0247  0.0249  0.0249  0.0245  0.0247  0.0248  0.0246  0.0246  0.0247  0.0247
  0.0253  0.0252  0.0251  0.0258  0.0257  0.0253  0.0251  0.0257  0.0250  0.0251  0.0250  0.0251
  0.0262  0.0260  0.0256  0.0273  0.0268  0.0272  0.0259  0.0272  0.0256  0.0261  0.0256  0.0256
niter,ni,del,rscale     3    3    5.0000    0.6000
parameters
   -3.6827   -3.5823   14.3037   -2.9878  -11.7039   -5.2742
    2.7143  -10.1442   -2.5107   12.6640    5.3258  -12.8865
eta,q 0.97555 14.83998
  0.0258  0.0256  0.0253  0.0262  0.0259  0.0264  0.0256  0.0267  0.0253  0.0259  0.0252  0.0251
  0.0251  0.0250  0.0248  0.0254  0.0252  0.0257  0.0250  0.0255  0.0248  0.0252  0.0248  0.0247
  0.0247  0.0247  0.0246  0.0248  0.0247  0.0250  0.0246  0.0247  0.0246  0.0247  0.0245  0.0245
  0.0245  0.0245  0.0245  0.0245  0.0245  0.0245  0.0245  0.0245  0.0245  0.0245  0.0245  0.0245
  0.0247  0.0246  0.0246  0.0246  0.0247  0.0245  0.0246  0.0247  0.0245  0.0246  0.0246  0.0246
  0.0251  0.0249  0.0249  0.0252  0.0253  0.0251  0.0250  0.0254  0.0248  0.0250  0.0248  0.0249
  0.0257  0.0254  0.0253  0.0262  0.0261  0.0264  0.0256  0.0266  0.0252  0.0258  0.0252  0.0253
niter,ni,del,rscale     2    3    5.0000    0.5000
parameters
   -3.6750   -3.5485   14.3073   -2.9408  -11.7878   -5.1025
    2.7222  -10.1453   -2.4791   12.7443    5.2770  -13.0106
eta,q 0.97559 14.84268
  0.0254  0.0252  0.0250  0.0257  0.0255  0.0259  0.0252  0.0260  0.0250  0.0254  0.0249  0.0249
  0.0249  0.0248  0.0247  0.0251  0.0249  0.0253  0.0248  0.0251  0.0247  0.0249  0.0246  0.0246
  0.0246  0.0245  0.0245  0.0247  0.0246  0.0248  0.0245  0.0246  0.0245  0.0246  0.0245  0.0245
  0.0245  0.0245  0.0245  0.0245  0.0244  0.0244  0.0244  0.0244  0.0244  0.0244  0.0244  0.0244
  0.0246  0.0245  0.0245  0.0246  0.0246  0.0244  0.0245  0.0246  0.0245  0.0245  0.0245  0.0245
  0.0248  0.0247  0.0247  0.0250  0.0250  0.0249  0.0248  0.0251  0.0247  0.0248  0.0247  0.0247
  0.0253  0.0251  0.0250  0.0257  0.0256  0.0258  0.0252  0.0260  0.0250  0.0254  0.0250  0.0250
niter,ni,del,rscale     1    3    5.0000    0.4000
parameters
   -3.6720   -3.5303   14.3230   -2.9253  -11.8531   -4.9453
    2.7342  -10.1486   -2.4756   12.7808    5.2624  -13.0950
eta,q 0.97561 14.84447
  0.0250  0.0249  0.0248  0.0252  0.0251  0.0255  0.0249  0.0254  0.0248  0.0250  0.0247  0.0247
  0.0247  0.0246  0.0246  0.0248  0.0247  0.0250  0.0246  0.0249  0.0245  0.0247  0.0245  0.0245
  0.0245  0.0245  0.0245  0.0245  0.0245  0.0246  0.0245  0.0245  0.0244  0.0245  0.0244  0.0244
  0.0244  0.0244  0.0244  0.0244  0.0244  0.0244  0.0244  0.0244  0.0244  0.0244  0.0244  0.0244
  0.0245  0.0245  0.0245  0.0245  0.0245  0.0244  0.0244  0.0245  0.0244  0.0244  0.0244  0.0244
  0.0247  0.0246  0.0246  0.0248  0.0248  0.0247  0.0246  0.0249  0.0246  0.0247  0.0246  0.0246
  0.0250  0.0248  0.0248  0.0253  0.0252  0.0253  0.0249  0.0254  0.0247  0.0250  0.0247  0.0248
registration optimization eta report
parameter search radius
    0.8000    0.8000    0.8000    2.4000    2.4000    2.4000
    2.4000    2.4000    2.4000    2.4000    2.4000    2.4000
100000*second partial in parameter space
       90.       69.       59.       14.       13.       17.
        9.       18.        6.       11.        6.        6.
  0.0250  0.0249  0.0248  0.0252  0.0251  0.0255  0.0249  0.0254  0.0248  0.0250  0.0247  0.0247
  0.0247  0.0246  0.0246  0.0248  0.0247  0.0250  0.0246  0.0249  0.0245  0.0247  0.0245  0.0245
  0.0245  0.0245  0.0245  0.0245  0.0245  0.0246  0.0245  0.0245  0.0244  0.0245  0.0244  0.0244
  0.0244  0.0244  0.0244  0.0244  0.0244  0.0244  0.0244  0.0244  0.0244  0.0244  0.0244  0.0244
  0.0245  0.0245  0.0245  0.0245  0.0245  0.0244  0.0244  0.0245  0.0244  0.0244  0.0244  0.0244
  0.0247  0.0246  0.0246  0.0248  0.0248  0.0247  0.0246  0.0249  0.0246  0.0247  0.0246  0.0246
  0.0250  0.0248  0.0248  0.0253  0.0252  0.0253  0.0249  0.0254  0.0247  0.0250  0.0247  0.0248
   -3.6720   -3.5303   14.3230   -2.9253  -11.8531   -4.9453
    2.7342  -10.1486   -2.4756   12.7808    5.2624  -13.0950
eta,q 0.97561 14.84447

---------------------------------------------------------------------
imgreg_4dfp /opt/freesurfer/average/711-2C_as_mni_average_305 /opt/freesurfer/average/711-2B_as_mni_average_305_mask talsrcimg_g11 none talsrcimg_to_711-2C_as_mni_average_305_t4 2311
---------------------------------------------------------------------

freesurfer imgreg_4dfp.c
/opt/freesurfer/average/711-2C_as_mni_average_305.4dfp.img
       256       256       256         1
  1.000000  1.000000  1.000000
orientation T byte_order littleendian
Reading image: /opt/freesurfer/average/711-2C_as_mni_average_305.4dfp.img
dimensions:      256       256       256
mmppix:       1.0000   -1.0000   -1.0000
center:     128.0000 -129.0000 -129.0000
/opt/freesurfer/average/711-2B_as_mni_average_305_mask.4dfp.img
       256       256       256         1
  1.000000  1.000000  1.000000
orientation T byte_order littleendian
Reading mask: /opt/freesurfer/average/711-2B_as_mni_average_305_mask.4dfp.img (2306576 pixels)
talsrcimg_g11.4dfp.img
       256       256       256         1
  1.000000  1.000000  1.000000
orientation T byte_order littleendian
Reading image: talsrcimg_g11.4dfp.img
dimensions:      256       256       256
mmppix:       1.0000   -1.0000   -1.0000
center:     128.0000 -129.0000 -129.0000
fimgreg.f
image alignment mode   2311 decimal      907 hex
parameters
   -3.6720   -3.5303   14.3230   -2.9253  -11.8531   -4.9453
    2.7342  -10.1486   -2.4756   12.7808    5.2624  -13.0950
eta,q 0.97561 14.84446
niter,ni,del,rscale     5    3    5.0000    0.8000
parameters
   -3.6516   -3.5269   14.3787   -3.2296  -11.8637   -5.4644
    2.7273  -10.0615   -2.4457   12.8400    5.3793  -12.8622
eta,q 0.97547 14.83205
  0.0267  0.0261  0.0260  0.0269  0.0270  0.0269  0.0264  0.0282  0.0259  0.0268  0.0258  0.0259
  0.0254  0.0252  0.0251  0.0257  0.0257  0.0259  0.0254  0.0263  0.0252  0.0257  0.0251  0.0252
  0.0247  0.0246  0.0246  0.0248  0.0248  0.0250  0.0248  0.0250  0.0247  0.0249  0.0247  0.0247
  0.0244  0.0244  0.0244  0.0244  0.0244  0.0244  0.0245  0.0245  0.0245  0.0245  0.0245  0.0245
  0.0246  0.0246  0.0245  0.0248  0.0247  0.0247  0.0247  0.0249  0.0247  0.0247  0.0247  0.0247
  0.0254  0.0252  0.0250  0.0259  0.0257  0.0263  0.0254  0.0261  0.0251  0.0254  0.0251  0.0250
  0.0266  0.0261  0.0257  0.0278  0.0270  0.0291  0.0264  0.0280  0.0259  0.0268  0.0257  0.0257
niter,ni,del,rscale     4    3    5.0000    0.7000
parameters
   -3.6644   -3.5224   14.2896   -3.0195  -11.7667   -5.4961
    2.6769  -10.1031   -2.4660   12.8093    5.3461  -12.8877
eta,q 0.97550 14.83658
  0.0262  0.0258  0.0254  0.0268  0.0266  0.0268  0.0259  0.0273  0.0256  0.0262  0.0255  0.0255
  0.0253  0.0251  0.0249  0.0258  0.0255  0.0259  0.0251  0.0258  0.0250  0.0253  0.0249  0.0250
  0.0247  0.0247  0.0246  0.0250  0.0248  0.0251  0.0247  0.0248  0.0246  0.0248  0.0246  0.0246
  0.0245  0.0245  0.0245  0.0245  0.0245  0.0245  0.0245  0.0245  0.0245  0.0245  0.0245  0.0245
  0.0247  0.0247  0.0247  0.0246  0.0247  0.0245  0.0247  0.0249  0.0246  0.0247  0.0246  0.0246
  0.0253  0.0251  0.0251  0.0253  0.0254  0.0255  0.0252  0.0259  0.0250  0.0253  0.0250  0.0250
  0.0262  0.0258  0.0257  0.0266  0.0264  0.0274  0.0260  0.0274  0.0256  0.0264  0.0255  0.0255
niter,ni,del,rscale     3    3    5.0000    0.6000
parameters
   -3.6688   -3.5215   14.2770   -2.9359  -11.7641   -5.3248
    2.6973  -10.1212   -2.4739   12.7967    5.2998  -12.9757
eta,q 0.97554 14.84053
  0.0258  0.0255  0.0253  0.0262  0.0260  0.0264  0.0256  0.0266  0.0252  0.0258  0.0252  0.0252
  0.0251  0.0249  0.0248  0.0254  0.0252  0.0257  0.0250  0.0254  0.0248  0.0251  0.0248  0.0248
  0.0246  0.0246  0.0246  0.0248  0.0247  0.0250  0.0246  0.0247  0.0245  0.0246  0.0245  0.0245
  0.0245  0.0245  0.0245  0.0245  0.0245  0.0245  0.0245  0.0245  0.0245  0.0245  0.0245  0.0245
  0.0247  0.0246  0.0246  0.0246  0.0247  0.0245  0.0246  0.0247  0.0245  0.0246  0.0246  0.0246
  0.0251  0.0249  0.0249  0.0252  0.0252  0.0251  0.0249  0.0255  0.0248  0.0250  0.0248  0.0248
  0.0258  0.0255  0.0253  0.0262  0.0260  0.0264  0.0256  0.0267  0.0253  0.0259  0.0252  0.0253
niter,ni,del,rscale     2    3    5.0000    0.5000
parameters
   -3.6698   -3.5225   14.2947   -2.9144  -11.8086   -5.1300
    2.7182  -10.1322   -2.4714   12.8080    5.2713  -13.0547
eta,q 0.97559 14.84310
  0.0254  0.0251  0.0250  0.0257  0.0255  0.0259  0.0252  0.0260  0.0250  0.0254  0.0249  0.0249
  0.0248  0.0248  0.0247  0.0251  0.0250  0.0254  0.0248  0.0251  0.0247  0.0249  0.0247  0.0246
  0.0245  0.0245  0.0245  0.0247  0.0246  0.0248  0.0245  0.0246  0.0245  0.0245  0.0245  0.0245
  0.0245  0.0245  0.0245  0.0245  0.0245  0.0245  0.0244  0.0244  0.0244  0.0244  0.0244  0.0244
  0.0246  0.0245  0.0245  0.0246  0.0246  0.0244  0.0245  0.0246  0.0245  0.0245  0.0245  0.0245
  0.0249  0.0248  0.0247  0.0250  0.0250  0.0249  0.0247  0.0251  0.0247  0.0248  0.0247  0.0247
  0.0253  0.0251  0.0250  0.0257  0.0256  0.0258  0.0252  0.0260  0.0250  0.0254  0.0250  0.0250
niter,ni,del,rscale     1    3    5.0000    0.4000
parameters
   -3.6718   -3.5217   14.3161   -2.9192  -11.8603   -4.9621
    2.7348  -10.1485   -2.4703   12.8099    5.2580  -13.1147
eta,q 0.97560 14.84456
  0.0250  0.0249  0.0248  0.0252  0.0251  0.0255  0.0249  0.0254  0.0247  0.0250  0.0247  0.0247
  0.0247  0.0246  0.0246  0.0248  0.0247  0.0250  0.0246  0.0248  0.0246  0.0247  0.0245  0.0245
  0.0245  0.0245  0.0245  0.0245  0.0245  0.0247  0.0245  0.0245  0.0244  0.0245  0.0244  0.0244
  0.0244  0.0244  0.0244  0.0244  0.0244  0.0244  0.0244  0.0244  0.0244  0.0244  0.0244  0.0244
  0.0245  0.0245  0.0245  0.0245  0.0245  0.0244  0.0244  0.0245  0.0244  0.0245  0.0244  0.0244
  0.0247  0.0246  0.0246  0.0248  0.0248  0.0247  0.0246  0.0249  0.0246  0.0247  0.0246  0.0246
  0.0250  0.0249  0.0248  0.0253  0.0252  0.0253  0.0249  0.0254  0.0247  0.0250  0.0247  0.0248
registration optimization eta report
parameter search radius
    0.8000    0.8000    0.8000    2.4000    2.4000    2.4000
    2.4000    2.4000    2.4000    2.4000    2.4000    2.4000
100000*second partial in parameter space
       89.       69.       59.       14.       13.       17.
        9.       18.        6.       11.        6.        6.
  0.0250  0.0249  0.0248  0.0252  0.0251  0.0255  0.0249  0.0254  0.0247  0.0250  0.0247  0.0247
  0.0247  0.0246  0.0246  0.0248  0.0247  0.0250  0.0246  0.0248  0.0246  0.0247  0.0245  0.0245
  0.0245  0.0245  0.0245  0.0245  0.0245  0.0247  0.0245  0.0245  0.0244  0.0245  0.0244  0.0244
  0.0244  0.0244  0.0244  0.0244  0.0244  0.0244  0.0244  0.0244  0.0244  0.0244  0.0244  0.0244
  0.0245  0.0245  0.0245  0.0245  0.0245  0.0244  0.0244  0.0245  0.0244  0.0245  0.0244  0.0244
  0.0247  0.0246  0.0246  0.0248  0.0248  0.0247  0.0246  0.0249  0.0246  0.0247  0.0246  0.0246
  0.0250  0.0249  0.0248  0.0253  0.0252  0.0253  0.0249  0.0254  0.0247  0.0250  0.0247  0.0248
   -3.6718   -3.5217   14.3161   -2.9192  -11.8603   -4.9621
    2.7348  -10.1485   -2.4703   12.8099    5.2580  -13.1147
eta,q 0.97560 14.84456

---------------------------------------------------------------------
compute_vox2vox talsrcimg talsrcimg_to_711-2C_as_mni_average_305_t4 /opt/freesurfer/average/711-2C_as_mni_average_305
---------------------------------------------------------------------

freesurfer compute_vox2vox.c
Reading: talsrcimg.4dfp.ifh
Reading: talsrcimg_to_711-2C_as_mni_average_305_t4
Reading: /opt/freesurfer/average/711-2C_as_mni_average_305.4dfp.ifh
Writing: talsrcimg_to_711-2C_as_mni_average_305_t4_vox2vox.txt

start time Tue Mar 10 01:46:46 CET 2026
end		time Tue Mar 10 01:47:00 CET 2026

mpr2mni305 success

avi2talxfm orig_nu.mgz /opt/freesurfer/average/mni305.cor.mgz talsrcimg_to_711-2C_as_mni_average_305_t4_vox2vox.txt transforms/talairach.auto.xfm
avi2talxfm done
mv -f /out/sourcedata/freesurfer/sub-v1s3x0050826_ses-1/mri/talsrcimg_to_711-2C_as_mni_average_305_t4_vox2vox.txt /out/sourcedata/freesurfer/sub-v1s3x0050826_ses-1/mri/transforms/talsrcimg_to_711-2C_as_mni_average_305_t4_vox2vox.txt
lta_convert --src orig_nu.mgz --trg /opt/freesurfer/average/mni305.cor.mgz --inxfm transforms/talairach.auto.xfm --outlta transforms/talairach.auto.xfm.lta --subject fsaverage
7.3.2

--src: orig_nu.mgz src image (geometry).
--trg: /opt/freesurfer/average/mni305.cor.mgz trg image (geometry).
--inmni: transforms/talairach.auto.xfm input MNI/XFM transform.
--outlta: transforms/talairach.auto.xfm.lta output LTA.
--s: fsaverage subject name
 LTA read, type : 1
 1.02365   0.11136  -0.01519   6.49227;
-0.05164   1.02591   0.15425  -13.37875;
 0.03619  -0.14598   1.11172  -0.03868;
 0.00000   0.00000   0.00000   1.00000;
setting subject to fsaverage
Writing  LTA to file transforms/talairach.auto.xfm.lta...
lta_convert successful.
 
 
Started at Tue Mar 10 01:46:46 CET 2026
Ended   at Tue Mar 10 01:47:01 CET 2026
talairach_avi done
