/out/sourcedata/freesurfer/sub-v1s3x0050806_ses-1/mri
/opt/freesurfer/bin/talairach_avi
--i orig_nu.mgz --xfm transforms/talairach.auto.xfm
talairach_avi 7.3.2
Linux dna014 5.14.0-427.37.1.el9_4.x86_64 #1 SMP PREEMPT_DYNAMIC Fri Sep 13 12:41:50 EDT 2024 x86_64 x86_64 x86_64 GNU/Linux
Tue Mar 10 00:52:35 CET 2026
mri_convert orig_nu.mgz talsrcimg.img 
reading from orig_nu.mgz...
TR=0.00, TE=0.00, TI=0.00, flip angle=0.00
i_ras = (-1, 0, 0)
j_ras = (0, 0, -1)
k_ras = (0, 1, 0)
writing to talsrcimg.img...
Analyze Output Matrix
-1.00000   0.00000   0.00000   130.98615;
 0.00000   0.00000   1.00000  -134.35544;
 0.00000  -1.00000   0.00000   129.48343;
 0.00000   0.00000   0.00000   1.00000;
--------------------
INFO: set hdr.hist.orient to -1
mpr2mni305 talsrcimg
Tue Mar 10 00:52:35 CET 2026
/opt/freesurfer/bin/mpr2mni305 talsrcimg
mpr2mni305 7.3.2
target=711-2C_as_mni_average_305

---------------------------------------------------------------------
analyzeto4dfp talsrcimg -O0 -y
---------------------------------------------------------------------

freesurfer ifh2hdr.c
Tue Mar 10 00:52:36 2026
Writing: talsrcimg.4dfp.hdr
freesurfer analyzeto4dfp.c
Reading: talsrcimg.hdr
header size 348 bytes
hdr.dime.datatype	offset=70	value=2
hdr.dime.bitpix		offset=72	value=8
hdr.hist.orient		offset=252	value=-1
dimensionality     4
dimensions       256       256       256         1
Reading: talsrcimg.img
Writing: talsrcimg.4dfp.img
Writing: talsrcimg.4dfp.ifh
ifh2hdr talsrcimg -r0to237
ori=2

---------------------------------------------------------------------
gauss_4dfp talsrcimg 1.1
---------------------------------------------------------------------

freesurfer gauss_4dfp.c
Reading: talsrcimg.4dfp.img
Writing: talsrcimg_g11.4dfp.img
image dimensions 256 256 256 padded to 288 288 288
processing volume 1freesurfer ifh2hdr.c
Tue Mar 10 00:52:37 2026
Writing: talsrcimg_g11.4dfp.hdr

Writing: talsrcimg_g11.4dfp.ifh
including: talsrcimg.4dfp.img.rec in talsrcimg_g11.4dfp.img.rec

---------------------------------------------------------------------
imgreg_4dfp /opt/freesurfer/average/711-2C_as_mni_average_305 none talsrcimg_g11 none talsrcimg_to_711-2C_as_mni_average_305_t4 4355
---------------------------------------------------------------------

freesurfer imgreg_4dfp.c
/opt/freesurfer/average/711-2C_as_mni_average_305.4dfp.img
       256       256       256         1
  1.000000  1.000000  1.000000
orientation T byte_order littleendian
Reading image: /opt/freesurfer/average/711-2C_as_mni_average_305.4dfp.img
dimensions:      256       256       256
mmppix:       1.0000   -1.0000   -1.0000
center:     128.0000 -129.0000 -129.0000
talsrcimg_g11.4dfp.img
       256       256       256         1
  1.000000  1.000000  1.000000
orientation T byte_order littleendian
Reading image: talsrcimg_g11.4dfp.img
dimensions:      256       256       256
mmppix:       1.0000   -1.0000   -1.0000
center:     128.0000 -129.0000 -129.0000
t4_read: open error in t4_sub.f l:  41 t4_file(1:l)talsrcimg_to_711-2C_as_mni_average_305_t4 
t4_read: transform initialized to I4
rotation matrix determinant  1.000000
image alignment mode   4355 decimal     1103 hex
   -7.5000  -45.0000  -45.0000 6930.0176   25.4871
    0.0000  -45.0000  -45.0000 7207.0698   25.4699
    7.5000  -45.0000  -45.0000 6913.8848   25.4288
   -7.5000  -37.5000  -45.0000 7437.5591   25.4919
    0.0000  -37.5000  -45.0000 7757.1963   25.4885
    7.5000  -37.5000  -45.0000 7436.5454   25.4641
   -7.5000  -30.0000  -45.0000 8196.4834   25.4511
    0.0000  -30.0000  -45.0000 8553.7314   25.4683
    7.5000  -30.0000  -45.0000 8192.3848   25.4686
   -7.5000  -22.5000  -45.0000 8800.5811   25.4107
    0.0000  -22.5000  -45.0000 9201.7822   25.4328
    7.5000  -22.5000  -45.0000 8794.8691   25.4371
   -7.5000  -15.0000  -45.0000 9380.3164   25.4101
    0.0000  -15.0000  -45.0000 9800.8408   25.4205
    7.5000  -15.0000  -45.0000 9357.2725   25.4049
   -7.5000   -7.5000  -45.0000 9965.0303   25.4457
    0.0000   -7.5000  -45.000010424.3115   25.4375
    7.5000   -7.5000  -45.0000 9947.7119   25.4012
   -7.5000    0.0000  -45.000010448.6787   25.4871
    0.0000    0.0000  -45.000010917.3682   25.4699
    7.5000    0.0000  -45.000010458.6670   25.4288
   -7.5000    7.5000  -45.000010154.7432   25.4919
    0.0000    7.5000  -45.000010582.1846   25.4885
    7.5000    7.5000  -45.000010166.7041   25.4641
   -7.5000   15.0000  -45.0000 9809.9346   25.4511
    0.0000   15.0000  -45.000010229.2861   25.4683
    7.5000   15.0000  -45.0000 9786.5713   25.4686
   -7.5000   22.5000  -45.0000 9283.4297   25.4072
    0.0000   22.5000  -45.0000 9659.2637   25.4293
    7.5000   22.5000  -45.0000 9248.7627   25.4336
   -7.5000   30.0000  -45.0000 8552.2627   25.0715
    0.0000   30.0000  -45.0000 8886.0664   25.0817
    7.5000   30.0000  -45.0000 8513.1143   25.0663
   -7.5000   37.5000  -45.0000 8066.3413   25.1066
    0.0000   37.5000  -45.0000 8366.9590   25.0986
    7.5000   37.5000  -45.0000 8003.8745   25.0627
   -7.5000   45.0000  -45.0000 7344.4155   24.5089
    0.0000   45.0000  -45.0000 7601.8750   24.4923
    7.5000   45.0000  -45.0000 7256.9976   24.4529
   -7.5000  -45.0000  -37.5000 7528.4902   25.5127
    0.0000  -45.0000  -37.5000 7836.3218   25.4928
    7.5000  -45.0000  -37.5000 7509.8120   25.4521
   -7.5000  -37.5000  -37.5000 8086.8154   25.5301
    0.0000  -37.5000  -37.5000 8435.1748   25.5165
    7.5000  -37.5000  -37.5000 8063.3999   25.4945
   -7.5000  -30.0000  -37.5000 8898.9961   25.5080
    0.0000  -30.0000  -37.5000 9300.9912   25.5120
    7.5000  -30.0000  -37.5000 8891.9863   25.5167
   -7.5000  -22.5000  -37.5000 9541.1582   25.4665
    0.0000  -22.5000  -37.5000 9979.5410   25.4816
    7.5000  -22.5000  -37.5000 9546.0703   25.4927
   -7.5000  -15.0000  -37.500010142.7158   25.4466
    0.0000  -15.0000  -37.500010620.0625   25.4601
    7.5000  -15.0000  -37.500010151.3926   25.4519
   -7.5000   -7.5000  -37.500010713.4053   25.4710
    0.0000   -7.5000  -37.500011247.4072   25.4667
    7.5000   -7.5000  -37.500010728.5381   25.4333
   -7.5000    0.0000  -37.500011251.5703   25.5127
    0.0000    0.0000  -37.500011768.7803   25.4928
    7.5000    0.0000  -37.500011257.5557   25.4521
   -7.5000    7.5000  -37.500010922.6064   25.5301
    0.0000    7.5000  -37.500011395.1494   25.5165
    7.5000    7.5000  -37.500010918.9590   25.4945
   -7.5000   15.0000  -37.500010486.7119   25.5080
    0.0000   15.0000  -37.500010939.4014   25.5120
    7.5000   15.0000  -37.500010460.3535   25.5167
   -7.5000   22.5000  -37.5000 9942.4600   25.4630
    0.0000   22.5000  -37.500010373.2090   25.4781
    7.5000   22.5000  -37.5000 9917.1699   25.4892
   -7.5000   30.0000  -37.5000 9139.0234   25.1075
    0.0000   30.0000  -37.5000 9521.3604   25.1208
    7.5000   30.0000  -37.5000 9102.1396   25.1127
   -7.5000   37.5000  -37.5000 8583.9434   25.1315
    0.0000   37.5000  -37.5000 8904.7207   25.1274
    7.5000   37.5000  -37.5000 8522.0000   25.0944
   -7.5000   45.0000  -37.5000 7797.3213   24.5336
    0.0000   45.0000  -37.5000 8063.8706   24.5144
    7.5000   45.0000  -37.5000 7714.3555   24.4752
   -7.5000  -45.0000  -30.0000 8258.2119   26.6159
    0.0000  -45.0000  -30.0000 8622.4629   26.5915
    7.5000  -45.0000  -30.0000 8260.4844   26.5226
   -7.5000  -37.5000  -30.0000 8862.8086   26.6412
    0.0000  -37.5000  -30.0000 9258.4434   26.6166
    7.5000  -37.5000  -30.0000 8847.1494   26.5658
   -7.5000  -30.0000  -30.0000 9744.1846   26.6345
    0.0000  -30.0000  -30.000010197.7246   26.6233
    7.5000  -30.0000  -30.0000 9724.0010   26.5976
   -7.5000  -22.5000  -30.000010467.7627   26.5963
    0.0000  -22.5000  -30.000010955.9473   26.6006
    7.5000  -22.5000  -30.000010440.5107   26.5835
   -7.5000  -15.0000  -30.000011083.0664   26.5674
    0.0000  -15.0000  -30.000011631.1230   26.5788
    7.5000  -15.0000  -30.000011085.3320   26.5452
   -7.5000   -7.5000  -30.000011689.4600   26.5804
    0.0000   -7.5000  -30.000012262.6367   26.5764
    7.5000   -7.5000  -30.000011673.4658   26.5161
   -7.5000    0.0000  -30.000012250.9980   26.6159
    0.0000    0.0000  -30.000012806.4141   26.5915
    7.5000    0.0000  -30.000012246.8379   26.5226
   -7.5000    7.5000  -30.000011881.6992   26.6412
    0.0000    7.5000  -30.000012425.3750   26.6166
    7.5000    7.5000  -30.000011884.6035   26.5658
   -7.5000   15.0000  -30.000011382.8076   26.6345
    0.0000   15.0000  -30.000011883.2881   26.6233
    7.5000   15.0000  -30.000011346.5010   26.5976
   -7.5000   22.5000  -30.000010792.9980   26.5899
    0.0000   22.5000  -30.000011283.9570   26.5943
    7.5000   22.5000  -30.000010744.7129   26.5771
   -7.5000   30.0000  -30.0000 9910.6133   26.2158
    0.0000   30.0000  -30.000010347.8516   26.2272
    7.5000   30.0000  -30.0000 9830.3232   26.1939
   -7.5000   37.5000  -30.0000 9240.5762   26.2286
    0.0000   37.5000  -30.0000 9619.4717   26.2248
    7.5000   37.5000  -30.0000 9147.4346   26.1652
   -7.5000   45.0000  -30.0000 8352.3633   25.6132
    0.0000   45.0000  -30.0000 8698.4053   25.5897
    7.5000   45.0000  -30.0000 8283.3535   25.5234
   -7.5000  -45.0000  -22.5000 9007.4951   27.5305
    0.0000  -45.0000  -22.5000 9399.9287   27.5056
    7.5000  -45.0000  -22.5000 9003.8594   27.4057
   -7.5000  -37.5000  -22.5000 9626.3086   27.5509
    0.0000  -37.5000  -22.500010068.3203   27.5273
    7.5000  -37.5000  -22.5000 9633.8760   27.4406
   -7.5000  -30.0000  -22.500010561.5020   27.5378
    0.0000  -30.0000  -22.500011069.2324   27.5267
    7.5000  -30.0000  -22.500010542.2627   27.4596
   -7.5000  -22.5000  -22.500011344.8555   27.5010
    0.0000  -22.5000  -22.500011888.6875   27.5028
    7.5000  -22.5000  -22.500011323.9473   27.4446
   -7.5000  -15.0000  -22.500011974.9258   27.4828
    0.0000  -15.0000  -22.500012591.1221   27.4897
    7.5000  -15.0000  -22.500011984.0127   27.4191
   -7.5000   -7.5000  -22.500012614.1709   27.4994
    0.0000   -7.5000  -22.500013263.4590   27.4919
    7.5000   -7.5000  -22.500012620.2939   27.3992
   -7.5000    0.0000  -22.500013234.2451   27.5305
    0.0000    0.0000  -22.500013884.0107   27.5056
    7.5000    0.0000  -22.500013234.0029   27.4057
   -7.5000    7.5000  -22.500012839.9805   27.5509
    0.0000    7.5000  -22.500013460.5645   27.5273
    7.5000    7.5000  -22.500012828.8877   27.4406
   -7.5000   15.0000  -22.500012254.8691   27.5378
    0.0000   15.0000  -22.500012819.4053   27.5267
    7.5000   15.0000  -22.500012181.9297   27.4596
   -7.5000   22.5000  -22.500011614.8350   27.4925
    0.0000   22.5000  -22.500012176.8506   27.4944
    7.5000   22.5000  -22.500011543.4287   27.4361
   -7.5000   30.0000  -22.500010635.4160   27.1233
    0.0000   30.0000  -22.500011163.4248   27.1301
    7.5000   30.0000  -22.500010571.4990   27.0604
   -7.5000   37.5000  -22.5000 9893.3936   27.1397
    0.0000   37.5000  -22.500010332.0049   27.1323
    7.5000   37.5000  -22.5000 9802.6494   27.0408
   -7.5000   45.0000  -22.5000 8940.0264   26.5133
    0.0000   45.0000  -22.5000 9328.6680   26.4893
    7.5000   45.0000  -22.5000 8860.6855   26.3930
   -7.5000  -45.0000  -15.0000 9782.8818   28.1601
    0.0000  -45.0000  -15.000010201.4092   28.1368
    7.5000  -45.0000  -15.0000 9742.6230   28.0279
   -7.5000  -37.5000  -15.000010445.0059   28.1647
    0.0000  -37.5000  -15.000010919.6963   28.1507
    7.5000  -37.5000  -15.000010407.9453   28.0526
   -7.5000  -30.0000  -15.000011387.8877   28.1290
    0.0000  -30.0000  -15.000011961.9619   28.1315
    7.5000  -30.0000  -15.000011359.4248   28.0525
   -7.5000  -22.5000  -15.000012202.9873   28.0928
    0.0000  -22.5000  -15.000012806.3340   28.1027
    7.5000  -22.5000  -15.000012192.0986   28.0318
   -7.5000  -15.0000  -15.000012836.7188   28.0976
    0.0000  -15.0000  -15.000013505.0664   28.1024
    7.5000  -15.0000  -15.000012842.9697   28.0186
   -7.5000   -7.5000  -15.000013586.2188   28.1292
    0.0000   -7.5000  -15.000014330.6123   28.1175
    7.5000   -7.5000  -15.000013571.0859   28.0146
   -7.5000    0.0000  -15.000014253.0742   28.1601
    0.0000    0.0000  -15.000014995.1055   28.1368
    7.5000    0.0000  -15.000014198.9727   28.0279
   -7.5000    7.5000  -15.000013798.5498   28.1647
    0.0000    7.5000  -15.000014536.1074   28.1507
    7.5000    7.5000  -15.000013761.2334   28.0526
   -7.5000   15.0000  -15.000013073.9844   28.1290
    0.0000   15.0000  -15.000013734.8008   28.1315
    7.5000   15.0000  -15.000012986.3271   28.0525
   -7.5000   22.5000  -15.000012374.6045   28.0829
    0.0000   22.5000  -15.000013018.0342   28.0927
    7.5000   22.5000  -15.000012298.9775   28.0219
   -7.5000   30.0000  -15.000011393.0293   27.7340
    0.0000   30.0000  -15.000011979.3389   27.7387
    7.5000   30.0000  -15.000011302.1367   27.6560
   -7.5000   37.5000  -15.000010576.5156   27.7652
    0.0000   37.5000  -15.000011064.0205   27.7536
    7.5000   37.5000  -15.000010485.4697   27.6520
   -7.5000   45.0000  -15.0000 9542.4141   27.1359
    0.0000   45.0000  -15.0000 9947.1885   27.1135
    7.5000   45.0000  -15.0000 9447.4639   27.0085
   -7.5000  -45.0000   -7.500010541.2725   28.4620
    0.0000  -45.0000   -7.500011027.5693   28.4413
    7.5000  -45.0000   -7.500010518.6357   28.3604
   -7.5000  -37.5000   -7.500011247.3008   28.4588
    0.0000  -37.5000   -7.500011812.4307   28.4540
    7.5000  -37.5000   -7.500011236.1943   28.3876
   -7.5000  -30.0000   -7.500012235.5332   28.4084
    0.0000  -30.0000   -7.500012886.2773   28.4252
    7.5000  -30.0000   -7.500012222.1377   28.3822
   -7.5000  -22.5000   -7.500013069.6240   28.3702
    0.0000  -22.5000   -7.500013733.7373   28.3906
    7.5000  -22.5000   -7.500013065.4863   28.3532
   -7.5000  -15.0000   -7.500013734.3428   28.3841
    0.0000  -15.0000   -7.500014442.8213   28.3908
    7.5000  -15.0000   -7.500013718.9531   28.3349
   -7.5000   -7.5000   -7.500014528.4531   28.4255
    0.0000   -7.5000   -7.500015319.0869   28.4127
    7.5000   -7.5000   -7.500014495.4414   28.3367
   -7.5000    0.0000   -7.500015240.4014   28.4620
    0.0000    0.0000   -7.500016095.0283   28.4413
    7.5000    0.0000   -7.500015177.5586   28.3604
   -7.5000    7.5000   -7.500014771.8203   28.4588
    0.0000    7.5000   -7.500015610.7275   28.4540
    7.5000    7.5000   -7.500014713.8203   28.3876
   -7.5000   15.0000   -7.500013930.2637   28.4084
    0.0000   15.0000   -7.500014723.6357   28.4252
    7.5000   15.0000   -7.500013850.8965   28.3822
   -7.5000   22.5000   -7.500013190.8672   28.3571
    0.0000   22.5000   -7.500013932.7832   28.3775
    7.5000   22.5000   -7.500013087.8213   28.3401
   -7.5000   30.0000   -7.500012185.1016   28.0160
    0.0000   30.0000   -7.500012835.5166   28.0226
    7.5000   30.0000   -7.500012086.0723   27.9674
   -7.5000   37.5000   -7.500011290.3271   28.0568
    0.0000   37.5000   -7.500011816.3721   28.0442
    7.5000   37.5000   -7.500011173.1982   27.9692
   -7.5000   45.0000   -7.500010152.3213   27.4320
    0.0000   45.0000   -7.500010606.7158   27.4120
    7.5000   45.0000   -7.500010048.8066   27.3341
   -7.5000  -45.0000    0.000011279.7236   28.5201
    0.0000  -45.0000    0.000011809.5547   28.5008
    7.5000  -45.0000    0.000011270.1924   28.4549
   -7.5000  -37.5000    0.000011980.8818   28.5255
    0.0000  -37.5000    0.000012581.5078   28.5217
    7.5000  -37.5000    0.000011978.7793   28.4945
   -7.5000  -30.0000    0.000013036.5215   28.4799
    0.0000  -30.0000    0.000013682.3652   28.4991
    7.5000  -30.0000    0.000013025.9355   28.4994
   -7.5000  -22.5000    0.000013914.3008   28.4346
    0.0000  -22.5000    0.000014580.9346   28.4593
    7.5000  -22.5000    0.000013914.6523   28.4641
   -7.5000  -15.0000    0.000014540.2354   28.4339
    0.0000  -15.0000    0.000015214.9785   28.4456
    7.5000  -15.0000    0.000014540.1768   28.4281
   -7.5000   -7.5000    0.000015336.0752   28.4738
    0.0000   -7.5000    0.000016065.9883   28.4647
    7.5000   -7.5000    0.000015281.8486   28.4240
   -7.5000    0.0000    0.000016109.9609   28.5201
    0.0000    0.0000    0.000016967.3535   28.5008
    7.5000    0.0000    0.000016053.2402   28.4549
   -7.5000    7.5000    0.000015642.5596   28.5255
    0.0000    7.5000    0.000016499.1602   28.5217
    7.5000    7.5000    0.000015567.0693   28.4945
   -7.5000   15.0000    0.000014716.1621   28.4799
    0.0000   15.0000    0.000015547.9199   28.4991
    7.5000   15.0000    0.000014659.3408   28.4994
   -7.5000   22.5000    0.000013906.3232   28.4215
    0.0000   22.5000    0.000014668.6650   28.4462
    7.5000   22.5000    0.000013758.2090   28.4510
   -7.5000   30.0000    0.000012853.9297   28.0659
    0.0000   30.0000    0.000013537.5684   28.0774
    7.5000   30.0000    0.000012718.0684   28.0602
   -7.5000   37.5000    0.000011915.7090   28.1053
    0.0000   37.5000    0.000012477.7051   28.0963
    7.5000   37.5000    0.000011787.2695   28.0561
   -7.5000   45.0000    0.000010692.7852   27.4901
    0.0000   45.0000    0.000011193.1846   27.4715
    7.5000   45.0000    0.000010581.9590   27.4273
   -7.5000  -45.0000    7.500011095.9365   28.5494
    0.0000  -45.0000    7.500011602.8096   28.5271
    7.5000  -45.0000    7.500011085.5869   28.4815
   -7.5000  -37.5000    7.500011748.3398   28.5688
    0.0000  -37.5000    7.500012268.3330   28.5536
    7.5000  -37.5000    7.500011739.4844   28.5290
   -7.5000  -30.0000    7.500012797.6162   28.5442
    0.0000  -30.0000    7.500013316.5049   28.5486
    7.5000  -30.0000    7.500012763.7070   28.5538
   -7.5000  -22.5000    7.500013745.7881   28.4977
    0.0000  -22.5000    7.500014325.1660   28.5146
    7.5000  -22.5000    7.500013720.4385   28.5270
   -7.5000  -15.0000    7.500014313.5615   28.4755
    0.0000  -15.0000    7.500014860.9131   28.4905
    7.5000  -15.0000    7.500014330.5703   28.4814
   -7.5000   -7.5000    7.500014975.7773   28.5027
    0.0000   -7.5000    7.500015572.2002   28.4980
    7.5000   -7.5000    7.500014974.0752   28.4606
   -7.5000    0.0000    7.500015712.0605   28.5494
    0.0000    0.0000    7.500016439.6094   28.5271
    7.5000    0.0000    7.500015691.0977   28.4815
   -7.5000    7.5000    7.500015246.7529   28.5688
    0.0000    7.5000    7.500015967.5117   28.5536
    7.5000    7.5000    7.500015204.9785   28.5290
   -7.5000   15.0000    7.500014336.9834   28.5442
    0.0000   15.0000    7.500015078.8730   28.5486
    7.5000   15.0000    7.500014308.8516   28.5538
   -7.5000   22.5000    7.500013455.8154   28.4846
    0.0000   22.5000    7.500014136.0244   28.5015
    7.5000   22.5000    7.500013356.2930   28.5138
   -7.5000   30.0000    7.500012413.7842   28.1069
    0.0000   30.0000    7.500013041.2549   28.1218
    7.5000   30.0000    7.500012304.5371   28.1128
   -7.5000   37.5000    7.500011566.3281   28.1338
    0.0000   37.5000    7.500012108.6582   28.1291
    7.5000   37.5000    7.500011464.0840   28.0923
   -7.5000   45.0000    7.500010408.4883   27.5184
    0.0000   45.0000    7.500010902.9980   27.4968
    7.5000   45.0000    7.500010301.6562   27.4529
   -7.5000  -45.0000   15.000010746.4404   28.5811
    0.0000  -45.0000   15.000011190.6299   28.5549
    7.5000  -45.0000   15.000010727.0908   28.4809
   -7.5000  -37.5000   15.000011362.5420   28.6083
    0.0000  -37.5000   15.000011761.6611   28.5819
    7.5000  -37.5000   15.000011315.9990   28.5273
   -7.5000  -30.0000   15.000012395.1143   28.6011
    0.0000  -30.0000   15.000012827.4980   28.5891
    7.5000  -30.0000   15.000012326.4609   28.5614
   -7.5000  -22.5000   15.000013401.3887   28.5601
    0.0000  -22.5000   15.000013890.6074   28.5647
    7.5000  -22.5000   15.000013343.0811   28.5463
   -7.5000  -15.0000   15.000013953.1045   28.5290
    0.0000  -15.0000   15.000014357.2314   28.5413
    7.5000  -15.0000   15.000013989.4971   28.5051
   -7.5000   -7.5000   15.000014511.2559   28.5429
    0.0000   -7.5000   15.000014985.5488   28.5387
    7.5000   -7.5000   15.000014561.5518   28.4739
   -7.5000    0.0000   15.000015147.2480   28.5811
    0.0000    0.0000   15.000015733.9336   28.5549
    7.5000    0.0000   15.000015201.2539   28.4809
   -7.5000    7.5000   15.000014727.5645   28.6083
    0.0000    7.5000   15.000015316.4316   28.5819
    7.5000    7.5000   15.000014770.9434   28.5273
   -7.5000   15.0000   15.000013871.9795   28.6011
    0.0000   15.0000   15.000014460.2012   28.5891
    7.5000   15.0000   15.000013889.3799   28.5614
   -7.5000   22.5000   15.000012936.1025   28.5469
    0.0000   22.5000   15.000013462.5967   28.5516
    7.5000   22.5000   15.000012865.6475   28.5331
   -7.5000   30.0000   15.000011912.9014   28.1598
    0.0000   30.0000   15.000012407.5615   28.1719
    7.5000   30.0000   15.000011782.2773   28.1362
   -7.5000   37.5000   15.000011123.8965   28.1735
    0.0000   37.5000   15.000011546.5977   28.1694
    7.5000   37.5000   15.000010988.4023   28.1054
   -7.5000   45.0000   15.000010049.1924   27.5489
    0.0000   45.0000   15.000010463.5859   27.5236
    7.5000   45.0000   15.0000 9921.1943   27.4523
   -7.5000  -45.0000   22.500010298.9004   28.5789
    0.0000  -45.0000   22.500010742.4951   28.5530
    7.5000  -45.0000   22.500010280.6436   28.4493
   -7.5000  -37.5000   22.500010857.6240   28.6001
    0.0000  -37.5000   22.500011263.0820   28.5755
    7.5000  -37.5000   22.500010824.3994   28.4856
   -7.5000  -30.0000   22.500011840.6807   28.5864
    0.0000  -30.0000   22.500012277.4258   28.5749
    7.5000  -30.0000   22.500011803.0615   28.5053
   -7.5000  -22.5000   22.500012765.6162   28.5482
    0.0000  -22.5000   22.500013207.4844   28.5501
    7.5000  -22.5000   22.500012733.7051   28.4897
   -7.5000  -15.0000   22.500013382.0967   28.5293
    0.0000  -15.0000   22.500013752.2002   28.5365
    7.5000  -15.0000   22.500013343.3066   28.4632
   -7.5000   -7.5000   22.500014068.7490   28.5466
    0.0000   -7.5000   22.500014480.2949   28.5388
    7.5000   -7.5000   22.500014064.4971   28.4426
   -7.5000    0.0000   22.500014718.0742   28.5789
    0.0000    0.0000   22.500015208.2871   28.5530
    7.5000    0.0000   22.500014706.8545   28.4493
   -7.5000    7.5000   22.500014271.0752   28.6001
    0.0000    7.5000   22.500014788.9727   28.5755
    7.5000    7.5000   22.500014268.6943   28.4856
   -7.5000   15.0000   22.500013395.4834   28.5864
    0.0000   15.0000   22.500013910.6543   28.5749
    7.5000   15.0000   22.500013367.5977   28.5053
   -7.5000   22.5000   22.500012387.9092   28.5351
    0.0000   22.5000   22.500012881.9092   28.5370
    7.5000   22.5000   22.500012317.7744   28.4765
   -7.5000   30.0000   22.500011388.6270   28.1601
    0.0000   30.0000   22.500011832.7646   28.1672
    7.5000   30.0000   22.500011279.6953   28.0948
   -7.5000   37.5000   22.500010625.6963   28.1771
    0.0000   37.5000   22.500011012.9902   28.1694
    7.5000   37.5000   22.500010512.0137   28.0745
   -7.5000   45.0000   22.5000 9598.4092   27.5468
    0.0000   45.0000   22.5000 9956.2275   27.5218
    7.5000   45.0000   22.5000 9467.0771   27.4218
   -7.5000  -45.0000   30.0000 9747.4453   28.5465
    0.0000  -45.0000   30.000010188.6396   28.5230
    7.5000  -45.0000   30.0000 9754.6934   28.4125
   -7.5000  -37.5000   30.000010272.7207   28.5512
    0.0000  -37.5000   30.000010674.2344   28.5370
    7.5000  -37.5000   30.000010254.5771   28.4375
   -7.5000  -30.0000   30.000011217.9355   28.5150
    0.0000  -30.0000   30.000011635.9023   28.5176
    7.5000  -30.0000   30.000011199.2803   28.4375
   -7.5000  -22.5000   30.000012026.4883   28.4784
    0.0000  -22.5000   30.000012404.1289   28.4883
    7.5000  -22.5000   30.000011985.9033   28.4165
   -7.5000  -15.0000   30.000012657.3838   28.4832
    0.0000  -15.0000   30.000012996.0098   28.4881
    7.5000  -15.0000   30.000012576.4629   28.4031
   -7.5000   -7.5000   30.000013440.0156   28.5153
    0.0000   -7.5000   30.000013859.9268   28.5034
    7.5000   -7.5000   30.000013338.4619   28.3991
   -7.5000    0.0000   30.000014177.0283   28.5465
    0.0000    0.0000   30.000014666.4121   28.5230
    7.5000    0.0000   30.000014028.4033   28.4125
   -7.5000    7.5000   30.000013720.6143   28.5512
    0.0000    7.5000   30.000014243.1406   28.5370
    7.5000    7.5000   30.000013592.8203   28.4375
   -7.5000   15.0000   30.000012829.0723   28.5150
    0.0000   15.0000   30.000013335.1934   28.5176
    7.5000   15.0000   30.000012720.6152   28.4375
   -7.5000   22.5000   30.000011817.8691   28.4653
    0.0000   22.5000   30.000012264.0381   28.4752
    7.5000   22.5000   30.000011705.6006   28.4034
   -7.5000   30.0000   30.000010831.7959   28.1146
    0.0000   30.0000   30.000011250.9453   28.1194
    7.5000   30.0000   30.000010683.7051   28.0355
   -7.5000   37.5000   30.000010078.5840   28.1462
    0.0000   37.5000   30.000010423.3125   28.1345
    7.5000   37.5000   30.0000 9916.2031   28.0315
   -7.5000   45.0000   30.0000 9038.6660   27.5156
    0.0000   45.0000   30.0000 9361.0215   27.4929
    7.5000   45.0000   30.0000 8887.6553   27.3864
   -7.5000  -45.0000   37.5000 9499.8848   28.5195
    0.0000  -45.0000   37.5000 9939.1797   28.4987
    7.5000  -45.0000   37.5000 9515.0879   28.4177
   -7.5000  -37.5000   37.500010029.4355   28.5162
    0.0000  -37.5000   37.500010463.9570   28.5115
    7.5000  -37.5000   37.500010033.2051   28.4449
   -7.5000  -30.0000   37.500010910.3770   28.4657
    0.0000  -30.0000   37.500011417.9600   28.4825
    7.5000  -30.0000   37.500010929.7881   28.4395
   -7.5000  -22.5000   37.500011705.3613   28.4275
    0.0000  -22.5000   37.500012132.2725   28.4479
    7.5000  -22.5000   37.500011665.0723   28.4104
   -7.5000  -15.0000   37.500012368.6924   28.4414
    0.0000  -15.0000   37.500012783.8984   28.4481
    7.5000  -15.0000   37.500012280.7676   28.3921
   -7.5000   -7.5000   37.500013092.5078   28.4829
    0.0000   -7.5000   37.500013556.7539   28.4701
    7.5000   -7.5000   37.500012970.2676   28.3939
   -7.5000    0.0000   37.500013792.7139   28.5195
    0.0000    0.0000   37.500014281.8340   28.4987
    7.5000    0.0000   37.500013644.5439   28.4177
   -7.5000    7.5000   37.500013394.2129   28.5162
    0.0000    7.5000   37.500013894.7881   28.5115
    7.5000    7.5000   37.500013250.6514   28.4449
   -7.5000   15.0000   37.500012563.7148   28.4657
    0.0000   15.0000   37.500013058.0957   28.4825
    7.5000   15.0000   37.500012437.3848   28.4395
   -7.5000   22.5000   37.500011575.8389   28.4144
    0.0000   22.5000   37.500012028.2588   28.4348
    7.5000   22.5000   37.500011441.1064   28.3973
   -7.5000   30.0000   37.500010546.0811   28.0733
    0.0000   30.0000   37.500010943.9346   28.0799
    7.5000   30.0000   37.500010383.9385   28.0247
   -7.5000   37.5000   37.5000 9808.8330   28.1142
    0.0000   37.5000   37.500010153.7383   28.1016
    7.5000   37.5000   37.5000 9648.8105   28.0264
   -7.5000   45.0000   37.5000 8779.1758   27.4895
    0.0000   45.0000   37.5000 9094.1475   27.4695
    7.5000   45.0000   37.5000 8630.6982   27.3914
   -7.5000  -45.0000   45.0000 8769.5225   28.3322
    0.0000  -45.0000   45.0000 9181.9229   28.3130
    7.5000  -45.0000   45.0000 8790.0010   28.2675
   -7.5000  -37.5000   45.0000 9315.5146   28.3375
    0.0000  -37.5000   45.0000 9772.9189   28.3338
    7.5000  -37.5000   45.0000 9331.0156   28.3067
   -7.5000  -30.0000   45.000010117.1914   28.2922
    0.0000  -30.0000   45.000010629.5254   28.3114
    7.5000  -30.0000   45.000010138.9375   28.3117
   -7.5000  -22.5000   45.000010801.5127   28.2473
    0.0000  -22.5000   45.000011276.4814   28.2718
    7.5000  -22.5000   45.000010798.6680   28.2766
   -7.5000  -15.0000   45.000011386.1533   28.2466
    0.0000  -15.0000   45.000011874.4082   28.2582
    7.5000  -15.0000   45.000011372.2119   28.2408
   -7.5000   -7.5000   45.000012017.2041   28.2862
    0.0000   -7.5000   45.000012501.1270   28.2771
    7.5000   -7.5000   45.000011960.0352   28.2367
   -7.5000    0.0000   45.000012599.1416   28.3322
    0.0000    0.0000   45.000013094.6729   28.3130
    7.5000    0.0000   45.000012533.0117   28.2675
   -7.5000    7.5000   45.000012262.7344   28.3375
    0.0000    7.5000   45.000012720.9180   28.3338
    7.5000    7.5000   45.000012176.2949   28.3067
   -7.5000   15.0000   45.000011545.8613   28.2922
    0.0000   15.0000   45.000011997.1084   28.3114
    7.5000   15.0000   45.000011487.2949   28.3117
   -7.5000   22.5000   45.000010655.0020   28.2342
    0.0000   22.5000   45.000011067.5654   28.2587
    7.5000   22.5000   45.000010588.8164   28.2635
   -7.5000   30.0000   45.0000 9698.8477   27.8786
    0.0000   30.0000   45.000010059.1289   27.8900
    7.5000   30.0000   45.0000 9591.1670   27.8729
   -7.5000   37.5000   45.0000 9028.1025   27.9177
    0.0000   37.5000   45.0000 9369.6768   27.9087
    7.5000   37.5000   45.0000 8917.7881   27.8688
   -7.5000   45.0000   45.0000 8090.8628   27.3213
    0.0000   45.0000   45.0000 8384.5918   27.3029
    7.5000   45.0000   45.0000 7976.3618   27.2589

---------------------------------------------------------------------
imgreg_4dfp /opt/freesurfer/average/711-2C_as_mni_average_305 /opt/freesurfer/average/711-2B_as_mni_average_305_mask talsrcimg_g11 none talsrcimg_to_711-2C_as_mni_average_305_t4 4355
---------------------------------------------------------------------

freesurfer imgreg_4dfp.c
/opt/freesurfer/average/711-2C_as_mni_average_305.4dfp.img
       256       256       256         1
  1.000000  1.000000  1.000000
orientation T byte_order littleendian
Reading image: /opt/freesurfer/average/711-2C_as_mni_average_305.4dfp.img
dimensions:      256       256       256
mmppix:       1.0000   -1.0000   -1.0000
center:     128.0000 -129.0000 -129.0000
/opt/freesurfer/average/711-2B_as_mni_average_305_mask.4dfp.img
       256       256       256         1
  1.000000  1.000000  1.000000
orientation T byte_order littleendian
Reading mask: /opt/freesurfer/average/711-2B_as_mni_average_305_mask.4dfp.img (2306576 pixels)
talsrcimg_g11.4dfp.img
       256       256       256         1
  1.000000  1.000000  1.000000
orientation T byte_order littleendian
Reading image: talsrcimg_g11.4dfp.img
dimensions:      256       256       256
mmppix:       1.0000   -1.0000   -1.0000
center:     128.0000 -129.0000 -129.0000
rotation matrix determinant  1.000000
image alignment mode   4355 decimal     1103 hex
   -7.5000  -45.0000  -45.0000 1888.4857   31.1516
    0.0000  -45.0000  -45.0000 1889.0531   31.1916
    7.5000  -45.0000  -45.0000 1873.2229   31.5293
   -7.5000  -37.5000  -45.0000 1975.9629   28.6428
    0.0000  -37.5000  -45.0000 1980.9860   28.6511
    7.5000  -37.5000  -45.0000 1964.4177   28.9815
   -7.5000  -30.0000  -45.0000 2035.8203   26.9521
    0.0000  -30.0000  -45.0000 2039.9451   26.9183
    7.5000  -30.0000  -45.0000 2020.8813   27.2061
   -7.5000  -22.5000  -45.0000 2074.1772   25.7029
    0.0000  -22.5000  -45.0000 2084.0903   25.6198
    7.5000  -22.5000  -45.0000 2055.5186   25.9654
   -7.5000  -15.0000  -45.0000 2102.7666   25.0308
    0.0000  -15.0000  -45.0000 2112.3989   24.8869
    7.5000  -15.0000  -45.0000 2078.6875   25.2195
   -7.5000   -7.5000  -45.0000 2113.1204   24.9145
    0.0000   -7.5000  -45.0000 2120.9763   24.7466
    7.5000   -7.5000  -45.0000 2098.4810   25.1504
   -7.5000    0.0000  -45.0000 2097.6396   25.4751
    0.0000    0.0000  -45.0000 2110.3489   25.3037
    7.5000    0.0000  -45.0000 2089.2483   25.7133
   -7.5000    7.5000  -45.0000 2069.2473   26.6001
    0.0000    7.5000  -45.0000 2084.4893   26.4053
    7.5000    7.5000  -45.0000 2056.9309   26.7971
   -7.5000   15.0000  -45.0000 2018.6249   27.9964
    0.0000   15.0000  -45.0000 2035.1136   27.8934
    7.5000   15.0000  -45.0000 2006.3417   28.3120
   -7.5000   22.5000  -45.0000 1955.7423   29.7873
    0.0000   22.5000  -45.0000 1969.8318   29.6488
    7.5000   22.5000  -45.0000 1940.1089   30.1178
   -7.5000   30.0000  -45.0000 1866.8417   32.2221
    0.0000   30.0000  -45.0000 1883.6674   32.1297
    7.5000   30.0000  -45.0000 1853.8407   32.6922
   -7.5000   37.5000  -45.0000 1762.5494   35.7635
    0.0000   37.5000  -45.0000 1779.3422   35.5810
    7.5000   37.5000  -45.0000 1756.3818   36.2706
   -7.5000   45.0000  -45.0000 1647.1193   40.9477
    0.0000   45.0000  -45.0000 1660.3854   40.8702
    7.5000   45.0000  -45.0000 1639.6019   41.5181
   -7.5000  -45.0000  -37.5000 1983.1810   28.4702
    0.0000  -45.0000  -37.5000 1987.4995   28.4191
    7.5000  -45.0000  -37.5000 1968.4181   28.7267
   -7.5000  -37.5000  -37.5000 2081.8447   26.1420
    0.0000  -37.5000  -37.5000 2087.5359   26.2390
    7.5000  -37.5000  -37.5000 2065.3987   26.4180
   -7.5000  -30.0000  -37.5000 2153.8367   24.5136
    0.0000  -30.0000  -37.5000 2161.2107   24.4996
    7.5000  -30.0000  -37.5000 2134.6208   24.7460
   -7.5000  -22.5000  -37.5000 2187.2971   23.4149
    0.0000  -22.5000  -37.5000 2196.5393   23.3376
    7.5000  -22.5000  -37.5000 2171.2786   23.6167
   -7.5000  -15.0000  -37.5000 2206.9824   22.8377
    0.0000  -15.0000  -37.5000 2219.7727   22.7203
    7.5000  -15.0000  -37.5000 2193.5537   23.0026
   -7.5000   -7.5000  -37.5000 2209.0085   22.8185
    0.0000   -7.5000  -37.5000 2225.3318   22.7124
    7.5000   -7.5000  -37.5000 2201.0896   22.9872
   -7.5000    0.0000  -37.5000 2205.1768   23.2499
    0.0000    0.0000  -37.5000 2214.6709   23.0826
    7.5000    0.0000  -37.5000 2192.3530   23.3710
   -7.5000    7.5000  -37.5000 2176.6855   24.2658
    0.0000    7.5000  -37.5000 2187.5732   24.0699
    7.5000    7.5000  -37.5000 2159.7043   24.3738
   -7.5000   15.0000  -37.5000 2118.5537   25.5046
    0.0000   15.0000  -37.5000 2137.9077   25.3677
    7.5000   15.0000  -37.5000 2108.9927   25.6789
   -7.5000   22.5000  -37.5000 2049.7322   27.1462
    0.0000   22.5000  -37.5000 2070.0015   27.0019
    7.5000   22.5000  -37.5000 2039.1759   27.3847
   -7.5000   30.0000  -37.5000 1953.7828   29.3525
    0.0000   30.0000  -37.5000 1973.5670   29.2708
    7.5000   30.0000  -37.5000 1944.1342   29.7013
   -7.5000   37.5000  -37.5000 1846.6410   32.5441
    0.0000   37.5000  -37.5000 1862.1003   32.3558
    7.5000   37.5000  -37.5000 1837.3369   32.9606
   -7.5000   45.0000  -37.5000 1727.9320   37.1688
    0.0000   45.0000  -37.5000 1737.3403   37.0406
    7.5000   45.0000  -37.5000 1715.6650   37.6158
   -7.5000  -45.0000  -30.0000 2111.9426   27.0550
    0.0000  -45.0000  -30.0000 2123.2715   26.9549
    7.5000  -45.0000  -30.0000 2100.3994   27.1289
   -7.5000  -37.5000  -30.0000 2218.3564   24.7654
    0.0000  -37.5000  -30.0000 2227.9177   24.7692
    7.5000  -37.5000  -30.0000 2202.6245   24.9468
   -7.5000  -30.0000  -30.0000 2300.5156   23.1552
    0.0000  -30.0000  -30.0000 2311.3882   23.1988
    7.5000  -30.0000  -30.0000 2278.5835   23.3114
   -7.5000  -22.5000  -30.0000 2335.6699   22.1259
    0.0000  -22.5000  -30.0000 2343.1082   22.1199
    7.5000  -22.5000  -30.0000 2316.0374   22.2584
   -7.5000  -15.0000  -30.0000 2354.5571   21.6204
    0.0000  -15.0000  -30.0000 2368.2334   21.5856
    7.5000  -15.0000  -30.0000 2340.3794   21.8411
   -7.5000   -7.5000  -30.0000 2354.2932   21.6940
    0.0000   -7.5000  -30.0000 2374.6941   21.6554
    7.5000   -7.5000  -30.0000 2342.5283   21.8317
   -7.5000    0.0000  -30.0000 2346.6934   22.1014
    0.0000    0.0000  -30.0000 2354.8403   21.9279
    7.5000    0.0000  -30.0000 2330.0911   22.1370
   -7.5000    7.5000  -30.0000 2316.5095   22.9409
    0.0000    7.5000  -30.0000 2324.9609   22.7428
    7.5000    7.5000  -30.0000 2302.9734   22.9672
   -7.5000   15.0000  -30.0000 2262.7197   24.1304
    0.0000   15.0000  -30.0000 2279.6504   23.9872
    7.5000   15.0000  -30.0000 2250.3362   24.2313
   -7.5000   22.5000  -30.0000 2179.5542   25.7652
    0.0000   22.5000  -30.0000 2203.5334   25.5999
    7.5000   22.5000  -30.0000 2172.6760   25.9277
   -7.5000   30.0000  -30.0000 2081.0620   27.8877
    0.0000   30.0000  -30.0000 2101.8323   27.7473
    7.5000   30.0000  -30.0000 2069.2734   28.1736
   -7.5000   37.5000  -30.0000 1959.4440   30.9251
    0.0000   37.5000  -30.0000 1976.9951   30.7812
    7.5000   37.5000  -30.0000 1947.1547   31.1633
   -7.5000   45.0000  -30.0000 1835.3160   35.1175
    0.0000   45.0000  -30.0000 1852.3157   35.0134
    7.5000   45.0000  -30.0000 1821.0129   35.4089
   -7.5000  -45.0000  -22.5000 2221.0696   25.6137
    0.0000  -45.0000  -22.5000 2230.7576   25.5090
    7.5000  -45.0000  -22.5000 2207.6753   25.6156
   -7.5000  -37.5000  -22.5000 2328.9539   23.2922
    0.0000  -37.5000  -22.5000 2342.0674   23.2629
    7.5000  -37.5000  -22.5000 2315.8022   23.3506
   -7.5000  -30.0000  -22.5000 2414.4653   21.7013
    0.0000  -30.0000  -22.5000 2424.2068   21.6922
    7.5000  -30.0000  -22.5000 2391.4414   21.7857
   -7.5000  -22.5000  -22.5000 2453.0173   20.7409
    0.0000  -22.5000  -22.5000 2466.1184   20.7232
    7.5000  -22.5000  -22.5000 2431.2056   20.7870
   -7.5000  -15.0000  -22.5000 2477.7451   20.2382
    0.0000  -15.0000  -22.5000 2495.6055   20.1973
    7.5000  -15.0000  -22.5000 2458.3621   20.3225
   -7.5000   -7.5000  -22.5000 2481.9224   20.3007
    0.0000   -7.5000  -22.5000 2504.1982   20.2462
    7.5000   -7.5000  -22.5000 2469.6306   20.3378
   -7.5000    0.0000  -22.5000 2473.1013   20.7815
    0.0000    0.0000  -22.5000 2482.7598   20.6587
    7.5000    0.0000  -22.5000 2457.0879   20.7614
   -7.5000    7.5000  -22.5000 2438.1653   21.5414
    0.0000    7.5000  -22.5000 2454.5972   21.3826
    7.5000    7.5000  -22.5000 2423.9670   21.5690
   -7.5000   15.0000  -22.5000 2386.7903   22.6721
    0.0000   15.0000  -22.5000 2404.9321   22.4872
    7.5000   15.0000  -22.5000 2370.1841   22.7042
   -7.5000   22.5000  -22.5000 2296.4939   24.2510
    0.0000   22.5000  -22.5000 2318.3979   24.0916
    7.5000   22.5000  -22.5000 2284.6111   24.2931
   -7.5000   30.0000  -22.5000 2185.4429   26.3314
    0.0000   30.0000  -22.5000 2206.8123   26.1848
    7.5000   30.0000  -22.5000 2173.2085   26.4597
   -7.5000   37.5000  -22.5000 2054.8069   29.0994
    0.0000   37.5000  -22.5000 2070.0869   28.9152
    7.5000   37.5000  -22.5000 2040.3347   29.2114
   -7.5000   45.0000  -22.5000 1922.6407   33.0110
    0.0000   45.0000  -22.5000 1944.2722   32.8543
    7.5000   45.0000  -22.5000 1910.8564   33.1657
   -7.5000  -45.0000  -15.0000 2298.7615   24.1062
    0.0000  -45.0000  -15.0000 2307.0366   24.0353
    7.5000  -45.0000  -15.0000 2282.0093   24.0507
   -7.5000  -37.5000  -15.0000 2415.7217   21.9789
    0.0000  -37.5000  -15.0000 2425.4998   21.8594
    7.5000  -37.5000  -15.0000 2396.3042   21.9542
   -7.5000  -30.0000  -15.0000 2493.9446   20.3583
    0.0000  -30.0000  -15.0000 2512.7358   20.3313
    7.5000  -30.0000  -15.0000 2473.7583   20.3409
   -7.5000  -22.5000  -15.0000 2543.4565   19.3249
    0.0000  -22.5000  -15.0000 2560.0789   19.3023
    7.5000  -22.5000  -15.0000 2524.7249   19.3289
   -7.5000  -15.0000  -15.0000 2573.1221   18.8286
    0.0000  -15.0000  -15.0000 2591.0669   18.7892
    7.5000  -15.0000  -15.0000 2556.0444   18.8828
   -7.5000   -7.5000  -15.0000 2596.5991   18.8827
    0.0000   -7.5000  -15.0000 2621.8792   18.8407
    7.5000   -7.5000  -15.0000 2579.2737   18.8688
   -7.5000    0.0000  -15.0000 2584.1980   19.4311
    0.0000    0.0000  -15.0000 2604.7302   19.3178
    7.5000    0.0000  -15.0000 2568.1865   19.4009
   -7.5000    7.5000  -15.0000 2546.4741   20.1951
    0.0000    7.5000  -15.0000 2567.5544   20.0347
    7.5000    7.5000  -15.0000 2534.1587   20.1560
   -7.5000   15.0000  -15.0000 2482.3552   21.2470
    0.0000   15.0000  -15.0000 2504.6338   21.1062
    7.5000   15.0000  -15.0000 2467.3750   21.2333
   -7.5000   22.5000  -15.0000 2393.8274   22.7614
    0.0000   22.5000  -15.0000 2420.0591   22.6065
    7.5000   22.5000  -15.0000 2381.1091   22.7811
   -7.5000   30.0000  -15.0000 2280.4963   24.7075
    0.0000   30.0000  -15.0000 2303.1548   24.5648
    7.5000   30.0000  -15.0000 2268.1414   24.7294
   -7.5000   37.5000  -15.0000 2132.3284   27.3557
    0.0000   37.5000  -15.0000 2149.5471   27.1752
    7.5000   37.5000  -15.0000 2122.8525   27.4254
   -7.5000   45.0000  -15.0000 1987.2231   30.9837
    0.0000   45.0000  -15.0000 2002.5502   30.7478
    7.5000   45.0000  -15.0000 1975.4807   31.0959
   -7.5000  -45.0000   -7.5000 2347.9211   22.6657
    0.0000  -45.0000   -7.5000 2361.9719   22.5571
    7.5000  -45.0000   -7.5000 2339.0166   22.7219
   -7.5000  -37.5000   -7.5000 2470.0535   20.6320
    0.0000  -37.5000   -7.5000 2492.6736   20.5478
    7.5000  -37.5000   -7.5000 2459.7842   20.6899
   -7.5000  -30.0000   -7.5000 2560.8792   19.0992
    0.0000  -30.0000   -7.5000 2585.0342   19.0662
    7.5000  -30.0000   -7.5000 2546.3950   19.1788
   -7.5000  -22.5000   -7.5000 2622.3318   18.0710
    0.0000  -22.5000   -7.5000 2640.4849   17.9972
    7.5000  -22.5000   -7.5000 2609.0881   18.1177
   -7.5000  -15.0000   -7.5000 2661.3958   17.5028
    0.0000  -15.0000   -7.5000 2680.8655   17.4385
    7.5000  -15.0000   -7.5000 2642.7810   17.5318
   -7.5000   -7.5000   -7.5000 2699.3296   17.5544
    0.0000   -7.5000   -7.5000 2726.0251   17.4507
    7.5000   -7.5000   -7.5000 2682.2852   17.5335
   -7.5000    0.0000   -7.5000 2684.8140   18.1028
    0.0000    0.0000   -7.5000 2714.5498   17.9962
    7.5000    0.0000   -7.5000 2672.3713   18.0391
   -7.5000    7.5000   -7.5000 2650.1785   18.8641
    0.0000    7.5000   -7.5000 2677.4985   18.7879
    7.5000    7.5000   -7.5000 2640.1611   18.8619
   -7.5000   15.0000   -7.5000 2578.0579   19.8771
    0.0000   15.0000   -7.5000 2610.7368   19.7502
    7.5000   15.0000   -7.5000 2569.9292   19.9324
   -7.5000   22.5000   -7.5000 2484.9949   21.3037
    0.0000   22.5000   -7.5000 2510.6814   21.1921
    7.5000   22.5000   -7.5000 2472.4446   21.3558
   -7.5000   30.0000   -7.5000 2363.6135   23.1936
    0.0000   30.0000   -7.5000 2383.8323   23.0775
    7.5000   30.0000   -7.5000 2351.3479   23.2616
   -7.5000   37.5000   -7.5000 2210.8164   25.7325
    0.0000   37.5000   -7.5000 2225.5146   25.6132
    7.5000   37.5000   -7.5000 2200.1445   25.8803
   -7.5000   45.0000   -7.5000 2056.0088   29.0721
    0.0000   45.0000   -7.5000 2070.1914   28.9732
    7.5000   45.0000   -7.5000 2045.2493   29.2589
   -7.5000  -45.0000    0.0000 2389.5105   21.6716
    0.0000  -45.0000    0.0000 2403.8572   21.4959
    7.5000  -45.0000    0.0000 2387.2007   21.7945
   -7.5000  -37.5000    0.0000 2514.1189   19.7161
    0.0000  -37.5000    0.0000 2538.4485   19.5858
    7.5000  -37.5000    0.0000 2508.0496   19.8384
   -7.5000  -30.0000    0.0000 2615.2590   18.2385
    0.0000  -30.0000    0.0000 2635.7356   18.0946
    7.5000  -30.0000    0.0000 2602.5818   18.3263
   -7.5000  -22.5000    0.0000 2698.0779   17.2023
    0.0000  -22.5000    0.0000 2721.2844   17.0906
    7.5000  -22.5000    0.0000 2684.3704   17.3083
   -7.5000  -15.0000    0.0000 2738.8047   16.5235
    0.0000  -15.0000    0.0000 2764.4224   16.4127
    7.5000  -15.0000    0.0000 2723.9370   16.6283
   -7.5000   -7.5000    0.0000 2785.9714   16.5027
    0.0000   -7.5000    0.0000 2813.7043   16.3775
    7.5000   -7.5000    0.0000 2767.0002   16.5437
   -7.5000    0.0000    0.0000 2780.1296   17.0300
    0.0000    0.0000    0.0000 2816.4182   16.9133
    7.5000    0.0000    0.0000 2767.0298   17.0018
   -7.5000    7.5000    0.0000 2742.0630   17.8046
    0.0000    7.5000    0.0000 2774.8809   17.6763
    7.5000    7.5000    0.0000 2729.2727   17.8105
   -7.5000   15.0000    0.0000 2662.8162   18.8223
    0.0000   15.0000    0.0000 2687.6448   18.7062
    7.5000   15.0000    0.0000 2654.8179   18.9169
   -7.5000   22.5000    0.0000 2557.8379   20.2006
    0.0000   22.5000    0.0000 2580.5293   20.0833
    7.5000   22.5000    0.0000 2542.4521   20.2756
   -7.5000   30.0000    0.0000 2430.1240   22.0731
    0.0000   30.0000    0.0000 2450.2292   21.9726
    7.5000   30.0000    0.0000 2412.6167   22.2289
   -7.5000   37.5000    0.0000 2278.4482   24.5540
    0.0000   37.5000    0.0000 2292.1260   24.4581
    7.5000   37.5000    0.0000 2260.6484   24.6967
   -7.5000   45.0000    0.0000 2108.9751   27.7683
    0.0000   45.0000    0.0000 2125.6987   27.5858
    7.5000   45.0000    0.0000 2099.9246   27.9276
   -7.5000  -45.0000    7.5000 2417.1201   21.0459
    0.0000  -45.0000    7.5000 2434.9109   20.8024
    7.5000  -45.0000    7.5000 2418.1716   21.1332
   -7.5000  -37.5000    7.5000 2542.4919   19.1629
    0.0000  -37.5000    7.5000 2558.3296   18.9165
    7.5000  -37.5000    7.5000 2535.9834   19.2447
   -7.5000  -30.0000    7.5000 2649.1787   17.7286
    0.0000  -30.0000    7.5000 2662.1304   17.4839
    7.5000  -30.0000    7.5000 2640.1057   17.8389
   -7.5000  -22.5000    7.5000 2752.8323   16.7324
    0.0000  -22.5000    7.5000 2774.6792   16.5162
    7.5000  -22.5000    7.5000 2740.6294   16.8205
   -7.5000  -15.0000    7.5000 2808.1985   15.9201
    0.0000  -15.0000    7.5000 2839.6172   15.7191
    7.5000  -15.0000    7.5000 2796.4270   16.0792
   -7.5000   -7.5000    7.5000 2858.3608   15.7597
    0.0000   -7.5000    7.5000 2898.4546   15.5872
    7.5000   -7.5000    7.5000 2840.7344   15.8853
   -7.5000    0.0000    7.5000 2859.7319   16.2619
    0.0000    0.0000    7.5000 2904.5430   16.1207
    7.5000    0.0000    7.5000 2843.1514   16.3302
   -7.5000    7.5000    7.5000 2814.1577   17.0505
    0.0000    7.5000    7.5000 2852.5476   16.8873
    7.5000    7.5000    7.5000 2803.0347   17.1227
   -7.5000   15.0000    7.5000 2718.1226   18.0992
    0.0000   15.0000    7.5000 2750.0081   17.9859
    7.5000   15.0000    7.5000 2710.7571   18.2303
   -7.5000   22.5000    7.5000 2607.5649   19.5368
    0.0000   22.5000    7.5000 2635.0757   19.4235
    7.5000   22.5000    7.5000 2596.2332   19.6800
   -7.5000   30.0000    7.5000 2473.1235   21.3333
    0.0000   30.0000    7.5000 2494.2122   21.2563
    7.5000   30.0000    7.5000 2459.7930   21.5482
   -7.5000   37.5000    7.5000 2318.5833   23.7326
    0.0000   37.5000    7.5000 2336.8828   23.6868
    7.5000   37.5000    7.5000 2303.5125   23.9870
   -7.5000   45.0000    7.5000 2145.5293   26.8072
    0.0000   45.0000    7.5000 2164.5984   26.7353
    7.5000   45.0000    7.5000 2133.7976   27.1017
   -7.5000  -45.0000   15.0000 2424.9854   20.8437
    0.0000  -45.0000   15.0000 2439.5891   20.3603
    7.5000  -45.0000   15.0000 2423.8696   20.7868
   -7.5000  -37.5000   15.0000 2552.9163   18.9675
    0.0000  -37.5000   15.0000 2558.1411   18.5011
    7.5000  -37.5000   15.0000 2543.6013   18.9529
   -7.5000  -30.0000   15.0000 2665.0146   17.5481
    0.0000  -30.0000   15.0000 2674.4749   17.1404
    7.5000  -30.0000   15.0000 2653.9790   17.5783
   -7.5000  -22.5000   15.0000 2769.7517   16.5633
    0.0000  -22.5000   15.0000 2791.1270   16.1793
    7.5000  -22.5000   15.0000 2760.6011   16.5827
   -7.5000  -15.0000   15.0000 2840.7246   15.7833
    0.0000  -15.0000   15.0000 2886.3914   15.4398
    7.5000  -15.0000   15.0000 2833.4587   15.8501
   -7.5000   -7.5000   15.0000 2901.3306   15.4006
    0.0000   -7.5000   15.0000 2955.0271   15.1003
    7.5000   -7.5000   15.0000 2886.0518   15.5861
   -7.5000    0.0000   15.0000 2897.0803   15.8072
    0.0000    0.0000   15.0000 2946.3994   15.5722
    7.5000    0.0000   15.0000 2885.2070   15.9403
   -7.5000    7.5000   15.0000 2836.6660   16.6878
    0.0000    7.5000   15.0000 2880.9575   16.5158
    7.5000    7.5000   15.0000 2832.8782   16.8440
   -7.5000   15.0000   15.0000 2735.6399   17.8105
    0.0000   15.0000   15.0000 2767.4758   17.6884
    7.5000   15.0000   15.0000 2729.4744   17.9741
   -7.5000   22.5000   15.0000 2616.8975   19.2150
    0.0000   22.5000   15.0000 2647.2092   19.0742
    7.5000   22.5000   15.0000 2611.2725   19.3059
   -7.5000   30.0000   15.0000 2486.0264   21.0450
    0.0000   30.0000   15.0000 2509.1780   20.9156
    7.5000   30.0000   15.0000 2472.0457   21.1882
   -7.5000   37.5000   15.0000 2329.2380   23.4119
    0.0000   37.5000   15.0000 2347.5806   23.3274
    7.5000   37.5000   15.0000 2317.0203   23.6010
   -7.5000   45.0000   15.0000 2155.3079   26.3911
    0.0000   45.0000   15.0000 2174.4670   26.3008
    7.5000   45.0000   15.0000 2145.4973   26.6485
   -7.5000  -45.0000   22.5000 2410.3113   20.8451
    0.0000  -45.0000   22.5000 2431.6516   20.3227
    7.5000  -45.0000   22.5000 2412.4780   20.7214
   -7.5000  -37.5000   22.5000 2535.3799   18.9682
    0.0000  -37.5000   22.5000 2550.4226   18.4873
    7.5000  -37.5000   22.5000 2530.9275   18.9068
   -7.5000  -30.0000   22.5000 2653.5059   17.5761
    0.0000  -30.0000   22.5000 2671.9595   17.1152
    7.5000  -30.0000   22.5000 2646.8633   17.5494
   -7.5000  -22.5000   22.5000 2755.0581   16.5552
    0.0000  -22.5000   22.5000 2786.3853   16.1265
    7.5000  -22.5000   22.5000 2753.5720   16.5451
   -7.5000  -15.0000   22.5000 2828.8047   15.7836
    0.0000  -15.0000   22.5000 2876.7964   15.3436
    7.5000  -15.0000   22.5000 2827.3220   15.8284
   -7.5000   -7.5000   22.5000 2897.4600   15.5674
    0.0000   -7.5000   22.5000 2952.7400   15.1693
    7.5000   -7.5000   22.5000 2891.4890   15.6030
   -7.5000    0.0000   22.5000 2892.5449   15.9340
    0.0000    0.0000   22.5000 2949.2874   15.6903
    7.5000    0.0000   22.5000 2885.9150   16.0322
   -7.5000    7.5000   22.5000 2821.8811   16.7097
    0.0000    7.5000   22.5000 2869.3550   16.5521
    7.5000    7.5000   22.5000 2819.3801   16.8286
   -7.5000   15.0000   22.5000 2718.7734   17.7595
    0.0000   15.0000   22.5000 2755.9236   17.6133
    7.5000   15.0000   22.5000 2715.5095   17.8656
   -7.5000   22.5000   22.5000 2591.9402   19.1526
    0.0000   22.5000   22.5000 2624.0452   19.0231
    7.5000   22.5000   22.5000 2591.9146   19.2449
   -7.5000   30.0000   22.5000 2469.9150   20.9994
    0.0000   30.0000   22.5000 2492.6704   20.8878
    7.5000   30.0000   22.5000 2465.9111   21.1109
   -7.5000   37.5000   22.5000 2312.8142   23.3213
    0.0000   37.5000   22.5000 2333.6348   23.2682
    7.5000   37.5000   22.5000 2311.4517   23.5182
   -7.5000   45.0000   22.5000 2140.2212   26.2606
    0.0000   45.0000   22.5000 2162.3970   26.1772
    7.5000   45.0000   22.5000 2136.6196   26.4401
   -7.5000  -45.0000   30.0000 2378.3181   21.1635
    0.0000  -45.0000   30.0000 2406.8291   20.6587
    7.5000  -45.0000   30.0000 2384.5544   20.9873
   -7.5000  -37.5000   30.0000 2497.1187   19.2827
    0.0000  -37.5000   30.0000 2517.8135   18.7959
    7.5000  -37.5000   30.0000 2500.6460   19.1756
   -7.5000  -30.0000   30.0000 2618.7742   17.8633
    0.0000  -30.0000   30.0000 2638.7939   17.3868
    7.5000  -30.0000   30.0000 2618.9346   17.8180
   -7.5000  -22.5000   30.0000 2713.2234   16.8503
    0.0000  -22.5000   30.0000 2741.8879   16.4041
    7.5000  -22.5000   30.0000 2716.6343   16.8123
   -7.5000  -15.0000   30.0000 2788.0764   16.1295
    0.0000  -15.0000   30.0000 2815.8948   15.6693
    7.5000  -15.0000   30.0000 2786.5095   16.1296
   -7.5000   -7.5000   30.0000 2848.2671   16.0334
    0.0000   -7.5000   30.0000 2891.4004   15.6981
    7.5000   -7.5000   30.0000 2851.4104   16.0164
   -7.5000    0.0000   30.0000 2841.3599   16.3886
    0.0000    0.0000   30.0000 2886.3479   16.1749
    7.5000    0.0000   30.0000 2846.0332   16.4098
   -7.5000    7.5000   30.0000 2767.9817   17.1297
    0.0000    7.5000   30.0000 2812.4385   16.9750
    7.5000    7.5000   30.0000 2772.6938   17.1836
   -7.5000   15.0000   30.0000 2670.0244   18.1032
    0.0000   15.0000   30.0000 2707.1333   17.9865
    7.5000   15.0000   30.0000 2673.4077   18.2182
   -7.5000   22.5000   30.0000 2549.6616   19.4359
    0.0000   22.5000   30.0000 2577.3430   19.2946
    7.5000   22.5000   30.0000 2551.5627   19.5361
   -7.5000   30.0000   30.0000 2432.3245   21.2532
    0.0000   30.0000   30.0000 2456.8743   21.0942
    7.5000   30.0000   30.0000 2433.6450   21.3226
   -7.5000   37.5000   30.0000 2277.8916   23.5815
    0.0000   37.5000   30.0000 2294.1633   23.4070
    7.5000   37.5000   30.0000 2278.3977   23.6753
   -7.5000   45.0000   30.0000 2109.4836   26.4441
    0.0000   45.0000   30.0000 2135.0630   26.2423
    7.5000   45.0000   30.0000 2109.2991   26.5609
   -7.5000  -45.0000   37.5000 2337.2002   21.9345
    0.0000  -45.0000   37.5000 2364.1226   21.4374
    7.5000  -45.0000   37.5000 2349.4883   21.7276
   -7.5000  -37.5000   37.5000 2453.5879   20.0234
    0.0000  -37.5000   37.5000 2474.9304   19.5643
    7.5000  -37.5000   37.5000 2461.0425   19.8674
   -7.5000  -30.0000   37.5000 2559.6831   18.6307
    0.0000  -30.0000   37.5000 2592.8455   18.2154
    7.5000  -30.0000   37.5000 2569.7292   18.5473
   -7.5000  -22.5000   37.5000 2643.8379   17.6293
    0.0000  -22.5000   37.5000 2670.6355   17.1647
    7.5000  -22.5000   37.5000 2653.2808   17.5552
   -7.5000  -15.0000   37.5000 2712.4514   16.9694
    0.0000  -15.0000   37.5000 2737.2012   16.5242
    7.5000  -15.0000   37.5000 2714.4026   16.8885
   -7.5000   -7.5000   37.5000 2753.2883   16.8588
    0.0000   -7.5000   37.5000 2786.6758   16.5268
    7.5000   -7.5000   37.5000 2755.8811   16.7519
   -7.5000    0.0000   37.5000 2757.0283   17.1448
    0.0000    0.0000   37.5000 2793.1079   16.9080
    7.5000    0.0000   37.5000 2767.1580   17.0565
   -7.5000    7.5000   37.5000 2689.7742   17.9986
    0.0000    7.5000   37.5000 2728.8730   17.7465
    7.5000    7.5000   37.5000 2700.6616   17.9356
   -7.5000   15.0000   37.5000 2591.6492   18.9799
    0.0000   15.0000   37.5000 2629.7283   18.7810
    7.5000   15.0000   37.5000 2600.0278   18.9708
   -7.5000   22.5000   37.5000 2480.3806   20.2639
    0.0000   22.5000   37.5000 2508.4709   20.0801
    7.5000   22.5000   37.5000 2486.1091   20.2696
   -7.5000   30.0000   37.5000 2364.5078   21.9592
    0.0000   30.0000   37.5000 2390.2881   21.8029
    7.5000   30.0000   37.5000 2371.8225   21.9908
   -7.5000   37.5000   37.5000 2224.1672   24.2070
    0.0000   37.5000   37.5000 2241.9866   24.0117
    7.5000   37.5000   37.5000 2230.9314   24.2188
   -7.5000   45.0000   37.5000 2066.2466   27.1368
    0.0000   45.0000   37.5000 2083.9436   26.8720
    7.5000   45.0000   37.5000 2070.9885   27.1904
   -7.5000  -45.0000   45.0000 2283.7761   23.1593
    0.0000  -45.0000   45.0000 2308.4033   22.7345
    7.5000  -45.0000   45.0000 2294.9519   22.9025
   -7.5000  -37.5000   45.0000 2398.1211   21.2830
    0.0000  -37.5000   45.0000 2429.4673   20.9046
    7.5000  -37.5000   45.0000 2406.4810   21.0836
   -7.5000  -30.0000   45.0000 2490.3210   19.8437
    0.0000  -30.0000   45.0000 2531.9617   19.4961
    7.5000  -30.0000   45.0000 2506.1184   19.7201
   -7.5000  -22.5000   45.0000 2563.8811   18.7476
    0.0000  -22.5000   45.0000 2599.0696   18.3292
    7.5000  -22.5000   45.0000 2575.3711   18.6499
   -7.5000  -15.0000   45.0000 2618.7698   18.0700
    0.0000  -15.0000   45.0000 2647.8872   17.7180
    7.5000  -15.0000   45.0000 2628.7356   17.9885
   -7.5000   -7.5000   45.0000 2650.3892   17.9216
    0.0000   -7.5000   45.0000 2680.5498   17.5940
    7.5000   -7.5000   45.0000 2658.3396   17.7863
   -7.5000    0.0000   45.0000 2647.7063   18.1494
    0.0000    0.0000   45.0000 2681.7139   17.8939
    7.5000    0.0000   45.0000 2657.7854   18.0462
   -7.5000    7.5000   45.0000 2593.6506   18.9798
    0.0000    7.5000   45.0000 2620.5784   18.7425
    7.5000    7.5000   45.0000 2596.6121   18.9129
   -7.5000   15.0000   45.0000 2502.2957   20.0199
    0.0000   15.0000   45.0000 2534.5955   19.7732
    7.5000   15.0000   45.0000 2508.2268   19.9480
   -7.5000   22.5000   45.0000 2400.0168   21.3682
    0.0000   22.5000   45.0000 2426.7422   21.1497
    7.5000   22.5000   45.0000 2411.5881   21.3391
   -7.5000   30.0000   45.0000 2289.3765   23.0924
    0.0000   30.0000   45.0000 2309.0015   22.9250
    7.5000   30.0000   45.0000 2297.4719   23.1044
   -7.5000   37.5000   45.0000 2159.2305   25.2976
    0.0000   37.5000   45.0000 2177.4463   25.1068
    7.5000   37.5000   45.0000 2167.9216   25.3013
   -7.5000   45.0000   45.0000 2016.5679   28.2337
    0.0000   45.0000   45.0000 2030.9583   27.9616
    7.5000   45.0000   45.0000 2021.9937   28.2055

---------------------------------------------------------------------
imgreg_4dfp /opt/freesurfer/average/711-2C_as_mni_average_305 /opt/freesurfer/average/711-2B_as_mni_average_305_mask talsrcimg_g11 none talsrcimg_to_711-2C_as_mni_average_305_t4 1283
---------------------------------------------------------------------

freesurfer imgreg_4dfp.c
/opt/freesurfer/average/711-2C_as_mni_average_305.4dfp.img
       256       256       256         1
  1.000000  1.000000  1.000000
orientation T byte_order littleendian
Reading image: /opt/freesurfer/average/711-2C_as_mni_average_305.4dfp.img
dimensions:      256       256       256
mmppix:       1.0000   -1.0000   -1.0000
center:     128.0000 -129.0000 -129.0000
/opt/freesurfer/average/711-2B_as_mni_average_305_mask.4dfp.img
       256       256       256         1
  1.000000  1.000000  1.000000
orientation T byte_order littleendian
Reading mask: /opt/freesurfer/average/711-2B_as_mni_average_305_mask.4dfp.img (2306576 pixels)
talsrcimg_g11.4dfp.img
       256       256       256         1
  1.000000  1.000000  1.000000
orientation T byte_order littleendian
Reading image: talsrcimg_g11.4dfp.img
dimensions:      256       256       256
mmppix:       1.0000   -1.0000   -1.0000
center:     128.0000 -129.0000 -129.0000
rotation matrix determinant  1.000000
fimgreg.f
image alignment mode   1283 decimal      503 hex
parameters
    0.0000   -7.5000   15.0000    0.0000    0.0000    0.0000
eta,q 0.92602 15.01330
niter,ni,del,rscale     5    3   12.0000    1.2000
parameter  3 -0.788772 -> -0.500000 qaram    1.1500
parameters
   -0.0999   -5.1150   18.4500   -2.6096    0.1260    0.0742
eta,q 0.93077 14.75540
  0.0794  0.0838  0.0832  0.0731  0.0751  0.0706
  0.0764  0.0780  0.0788  0.0702  0.0711  0.0693
  0.0761  0.0755  0.0761  0.0692  0.0692  0.0690
  0.0755  0.0754  0.0743  0.0715  0.0692  0.0692
  0.0735  0.0739  0.0731  0.0749  0.0693  0.0685
  0.0752  0.0741  0.0716  0.0770  0.0710  0.0686
  0.0817  0.0751  0.0722  0.0790  0.0744  0.0711
niter,ni,del,rscale     5    3   12.0000    1.2000
parameters
   -0.6122   -4.1130   17.8693   -3.1243    0.5043   -0.8783
eta,q 0.93205 14.70804
  0.0762  0.0793  0.0780  0.0761  0.0745  0.0688
  0.0704  0.0733  0.0721  0.0715  0.0702  0.0679
  0.0687  0.0711  0.0690  0.0689  0.0682  0.0677
  0.0692  0.0687  0.0679  0.0681  0.0679  0.0681
  0.0702  0.0683  0.0706  0.0705  0.0680  0.0680
  0.0734  0.0709  0.0755  0.0747  0.0696  0.0681
  0.0782  0.0738  0.0811  0.0781  0.0726  0.0703
niter,ni,del,rscale     4    3   12.0000    1.2000
parameters
   -0.6670   -3.8590   17.5344   -3.4762    0.7885   -0.9084
eta,q 0.93216 14.70475
  0.0771  0.0752  0.0789  0.0766  0.0738  0.0692
  0.0705  0.0708  0.0724  0.0721  0.0698  0.0681
  0.0676  0.0703  0.0690  0.0690  0.0683  0.0676
  0.0679  0.0679  0.0679  0.0680  0.0679  0.0679
  0.0685  0.0692  0.0699  0.0701  0.0679  0.0681
  0.0712  0.0717  0.0752  0.0742  0.0695  0.0681
  0.0769  0.0734  0.0802  0.0781  0.0725  0.0690
niter,ni,del,rscale     3    3   12.0000    1.2000
parameters
   -0.7095   -3.6679   17.3522   -3.6302    0.8521   -1.1531
eta,q 0.93225 14.70230
  0.0769  0.0742  0.0791  0.0770  0.0731  0.0691
  0.0704  0.0702  0.0722  0.0724  0.0694  0.0682
  0.0675  0.0699  0.0688  0.0691  0.0683  0.0676
  0.0678  0.0678  0.0678  0.0678  0.0678  0.0678
  0.0682  0.0694  0.0694  0.0697  0.0679  0.0683
  0.0708  0.0714  0.0745  0.0734  0.0696  0.0683
  0.0768  0.0726  0.0792  0.0776  0.0727  0.0692
niter,ni,del,rscale     2    3   12.0000    1.2000
parameters
   -0.7220   -3.6597   17.2498   -3.6954    0.9312   -1.1221
eta,q 0.93220 14.70261
  0.0771  0.0732  0.0794  0.0771  0.0730  0.0694
  0.0706  0.0699  0.0724  0.0727  0.0694  0.0682
  0.0675  0.0696  0.0687  0.0692  0.0684  0.0677
  0.0678  0.0677  0.0677  0.0678  0.0678  0.0678
  0.0682  0.0695  0.0692  0.0695  0.0679  0.0683
  0.0707  0.0712  0.0743  0.0732  0.0696  0.0683
  0.0769  0.0724  0.0790  0.0774  0.0727  0.0690
niter,ni,del,rscale     1    3   12.0000    1.2000
parameters
   -0.7419   -3.6342   17.2172   -3.6998    0.9430   -1.2015
eta,q 0.93222 14.70095
  0.0770  0.0732  0.0795  0.0772  0.0729  0.0693
  0.0706  0.0698  0.0725  0.0729  0.0693  0.0682
  0.0676  0.0695  0.0687  0.0693  0.0684  0.0677
  0.0678  0.0678  0.0678  0.0678  0.0678  0.0678
  0.0682  0.0695  0.0690  0.0694  0.0679  0.0683
  0.0707  0.0711  0.0741  0.0730  0.0696  0.0684
  0.0770  0.0722  0.0787  0.0772  0.0728  0.0691
registration optimization eta report
parameter search radius
    6.0000    6.0000    6.9000    6.0000    6.0000    6.0000
100000*second partial in parameter space
       27.       11.       24.       25.       14.        4.
  0.0770  0.0732  0.0795  0.0772  0.0729  0.0693
  0.0706  0.0698  0.0725  0.0729  0.0693  0.0682
  0.0676  0.0695  0.0687  0.0693  0.0684  0.0677
  0.0678  0.0678  0.0678  0.0678  0.0678  0.0678
  0.0682  0.0695  0.0690  0.0694  0.0679  0.0683
  0.0707  0.0711  0.0741  0.0730  0.0696  0.0684
  0.0770  0.0722  0.0787  0.0772  0.0728  0.0691
   -0.7419   -3.6342   17.2172   -3.6998    0.9430   -1.2015
eta,q 0.93222 14.70095

---------------------------------------------------------------------
imgreg_4dfp /opt/freesurfer/average/711-2C_as_mni_average_305 /opt/freesurfer/average/711-2B_as_mni_average_305_mask talsrcimg_g11 none talsrcimg_to_711-2C_as_mni_average_305_t4 3335
---------------------------------------------------------------------

freesurfer imgreg_4dfp.c
/opt/freesurfer/average/711-2C_as_mni_average_305.4dfp.img
       256       256       256         1
  1.000000  1.000000  1.000000
orientation T byte_order littleendian
Reading image: /opt/freesurfer/average/711-2C_as_mni_average_305.4dfp.img
dimensions:      256       256       256
mmppix:       1.0000   -1.0000   -1.0000
center:     128.0000 -129.0000 -129.0000
/opt/freesurfer/average/711-2B_as_mni_average_305_mask.4dfp.img
       256       256       256         1
  1.000000  1.000000  1.000000
orientation T byte_order littleendian
Reading mask: /opt/freesurfer/average/711-2B_as_mni_average_305_mask.4dfp.img (2306576 pixels)
talsrcimg_g11.4dfp.img
       256       256       256         1
  1.000000  1.000000  1.000000
orientation T byte_order littleendian
Reading image: talsrcimg_g11.4dfp.img
dimensions:      256       256       256
mmppix:       1.0000   -1.0000   -1.0000
center:     128.0000 -129.0000 -129.0000
fimgreg.f
image alignment mode   3335 decimal      D07 hex
parameters
   -0.7419   -3.6342   17.2172   -0.0355   -0.2326   -0.2219
    2.1986   -1.5067   -2.0965    6.4860    1.6458   -6.4521
eta,q 0.93277 15.02694
niter,ni,del,rscale     5    3    5.0000    1.2000
parameter  2 -0.588521 -> -0.500000 qaram    1.1500
parameter  3 -0.517062 -> -0.500000 qaram    1.1500
parameter  4  2.065734 ->  0.500000 qaram    1.1500
parameter  5  4.319767 ->  0.500000 qaram    1.1500
parameter  6  3.096713 ->  0.500000 qaram    1.1500
parameters
   -0.7519   -2.2542   18.5972   -4.1755   -4.3726   -4.3619
    0.5816    0.8071   -0.4543    5.9057    2.6289   -9.7183
eta,q 0.95369 14.32032
  0.0696  0.0695  0.0686  0.0586  0.0517  0.0437  0.0491  0.0546  0.0498  0.0496  0.0489  0.0468
  0.0683  0.0687  0.0677  0.0603  0.0547  0.0466  0.0480  0.0516  0.0485  0.0480  0.0478  0.0464
  0.0675  0.0679  0.0671  0.0629  0.0577  0.0507  0.0475  0.0493  0.0475  0.0469  0.0470  0.0463
  0.0672  0.0672  0.0667  0.0665  0.0610  0.0556  0.0477  0.0475  0.0468  0.0467  0.0466  0.0466
  0.0676  0.0668  0.0665  0.0708  0.0647  0.0610  0.0484  0.0468  0.0467  0.0474  0.0466  0.0473
  0.0684  0.0668  0.0665  0.0751  0.0685  0.0665  0.0496  0.0475  0.0471  0.0489  0.0471  0.0482
  0.0695  0.0671  0.0667  0.0796  0.0728  0.0721  0.0512  0.0493  0.0480  0.0505  0.0480  0.0492
niter,ni,del,rscale     7    3    5.0000    1.2000
parameter  4  0.651242 ->  0.500000 qaram    1.3225
parameter  5  3.753301 ->  0.500000 qaram    1.3225
parameter  6  0.730905 ->  0.500000 qaram    1.3225
parameters
   -0.2646   -2.1836   18.1617   -8.9365   -9.1336   -9.1229
    0.6566    0.8233   -0.4292    8.1350    0.9269  -12.8857
eta,q 0.96550 13.85271
  0.0512  0.0483  0.0481  0.0445  0.0345  0.0351  0.0382  0.0391  0.0376  0.0400  0.0355  0.0351
  0.0488  0.0471  0.0469  0.0438  0.0375  0.0350  0.0367  0.0368  0.0363  0.0377  0.0350  0.0346
  0.0472  0.0465  0.0462  0.0442  0.0403  0.0359  0.0356  0.0355  0.0355  0.0361  0.0348  0.0345
  0.0463  0.0462  0.0462  0.0461  0.0438  0.0382  0.0351  0.0351  0.0351  0.0351  0.0349  0.0348
  0.0462  0.0464  0.0468  0.0495  0.0473  0.0428  0.0354  0.0357  0.0354  0.0349  0.0352  0.0354
  0.0469  0.0470  0.0480  0.0542  0.0516  0.0495  0.0365  0.0368  0.0362  0.0353  0.0358  0.0363
  0.0484  0.0481  0.0498  0.0595  0.0557  0.0564  0.0382  0.0389  0.0376  0.0363  0.0365  0.0373
niter,ni,del,rscale     7    3    5.0000    1.2000
parameter  3  0.632331 ->  0.500000 qaram    1.3225
parameter  5  1.206597 ->  0.500000 qaram    1.5209
parameter 10 -0.556469 -> -0.500000 qaram    1.1500
parameters
   -0.0560   -1.3965   16.5747   -8.9308  -14.6088  -12.4812
    0.2385    1.1882   -0.4515   12.2750    0.5290  -15.3808
eta,q 0.97350 13.61393
  0.0384  0.0384  0.0336  0.0380  0.0281  0.0296  0.0308  0.0318  0.0304  0.0341  0.0277  0.0272
  0.0364  0.0365  0.0331  0.0362  0.0278  0.0285  0.0293  0.0297  0.0290  0.0316  0.0271  0.0267
  0.0351  0.0353  0.0333  0.0344  0.0300  0.0279  0.0283  0.0284  0.0282  0.0296  0.0267  0.0265
  0.0345  0.0345  0.0342  0.0331  0.0331  0.0281  0.0279  0.0279  0.0279  0.0279  0.0267  0.0267
  0.0347  0.0342  0.0357  0.0330  0.0366  0.0299  0.0284  0.0283  0.0282  0.0269  0.0269  0.0273
  0.0356  0.0345  0.0377  0.0350  0.0407  0.0342  0.0298  0.0293  0.0291  0.0268  0.0273  0.0283
  0.0373  0.0356  0.0401  0.0392  0.0454  0.0416  0.0316  0.0310  0.0304  0.0278  0.0278  0.0295
niter,ni,del,rscale     7    3    5.0000    1.2000
parameters
    0.0850   -0.6604   15.7457   -7.4446  -17.7791  -12.8162
   -0.1010    1.5826   -0.2279   13.1535    0.6046  -16.4305
eta,q 0.97556 13.54653
  0.0305  0.0340  0.0277  0.0312  0.0294  0.0292  0.0278  0.0292  0.0277  0.0301  0.0256  0.0256
  0.0284  0.0307  0.0264  0.0292  0.0268  0.0270  0.0261  0.0268  0.0261  0.0274  0.0249  0.0249
  0.0271  0.0281  0.0259  0.0274  0.0247  0.0255  0.0250  0.0252  0.0250  0.0256  0.0246  0.0245
  0.0265  0.0265  0.0261  0.0258  0.0254  0.0246  0.0246  0.0246  0.0246  0.0246  0.0245  0.0245
  0.0268  0.0261  0.0271  0.0251  0.0292  0.0246  0.0251  0.0250  0.0249  0.0246  0.0246  0.0248
  0.0278  0.0270  0.0288  0.0262  0.0331  0.0264  0.0265  0.0262  0.0258  0.0258  0.0249  0.0255
  0.0297  0.0289  0.0311  0.0295  0.0385  0.0311  0.0285  0.0283  0.0274  0.0284  0.0255  0.0266
niter,ni,del,rscale     6    3    5.0000    1.2000
parameters
    0.1125   -0.2566   15.7868   -6.8962  -18.4266  -12.5608
   -0.2331    1.6322   -0.2697   13.7372    0.6589  -16.8134
eta,q 0.97586 13.56264
  0.0283  0.0309  0.0277  0.0294  0.0316  0.0294  0.0277  0.0286  0.0272  0.0293  0.0253  0.0256
  0.0262  0.0279  0.0259  0.0275  0.0285  0.0271  0.0259  0.0262  0.0256  0.0267  0.0247  0.0248
  0.0249  0.0257  0.0247  0.0257  0.0259  0.0254  0.0247  0.0247  0.0246  0.0251  0.0243  0.0243
  0.0244  0.0244  0.0243  0.0243  0.0241  0.0243  0.0242  0.0242  0.0242  0.0242  0.0241  0.0241
  0.0248  0.0245  0.0247  0.0240  0.0257  0.0240  0.0247  0.0247  0.0246  0.0243  0.0243  0.0244
  0.0261  0.0258  0.0258  0.0256  0.0298  0.0255  0.0260  0.0261  0.0256  0.0257  0.0247  0.0250
  0.0282  0.0281  0.0276  0.0294  0.0338  0.0300  0.0280  0.0285  0.0272  0.0282  0.0253  0.0260
niter,ni,del,rscale     5    3    5.0000    1.2000
parameters
    0.1079   -0.1392   15.7718   -6.7559  -18.6182  -12.5405
   -0.2528    1.6388   -0.2743   13.9104    0.7090  -16.9628
eta,q 0.97587 13.56369
  0.0280  0.0296  0.0275  0.0292  0.0320  0.0292  0.0277  0.0285  0.0271  0.0288  0.0253  0.0256
  0.0259  0.0268  0.0257  0.0273  0.0289  0.0270  0.0259  0.0261  0.0255  0.0263  0.0247  0.0249
  0.0246  0.0249  0.0245  0.0255  0.0262  0.0253  0.0246  0.0246  0.0245  0.0248  0.0242  0.0243
  0.0241  0.0241  0.0241  0.0241  0.0241  0.0241  0.0241  0.0241  0.0241  0.0241  0.0241  0.0241
  0.0246  0.0246  0.0245  0.0240  0.0251  0.0239  0.0245  0.0246  0.0245  0.0244  0.0243  0.0243
  0.0259  0.0262  0.0257  0.0260  0.0292  0.0257  0.0259  0.0261  0.0255  0.0259  0.0246  0.0249
  0.0281  0.0288  0.0276  0.0300  0.0331  0.0305  0.0278  0.0285  0.0271  0.0286  0.0253  0.0258
niter,ni,del,rscale     4    3    5.0000    1.2000
parameters
    0.1056   -0.1014   15.7587   -6.7118  -18.6723  -12.5347
   -0.2559    1.6379   -0.2789   13.9656    0.7421  -17.0218
eta,q 0.97587 13.56425
  0.0280  0.0292  0.0275  0.0292  0.0322  0.0292  0.0277  0.0285  0.0271  0.0287  0.0253  0.0257
  0.0259  0.0266  0.0257  0.0272  0.0290  0.0270  0.0259  0.0261  0.0255  0.0262  0.0247  0.0249
  0.0246  0.0248  0.0245  0.0255  0.0263  0.0253  0.0246  0.0246  0.0245  0.0248  0.0242  0.0243
  0.0241  0.0241  0.0241  0.0241  0.0241  0.0241  0.0241  0.0241  0.0241  0.0241  0.0241  0.0241
  0.0246  0.0247  0.0245  0.0241  0.0250  0.0239  0.0245  0.0246  0.0245  0.0245  0.0243  0.0243
  0.0259  0.0264  0.0257  0.0261  0.0290  0.0257  0.0258  0.0261  0.0255  0.0260  0.0247  0.0249
  0.0281  0.0290  0.0275  0.0302  0.0329  0.0305  0.0278  0.0285  0.0271  0.0287  0.0253  0.0258
niter,ni,del,rscale     3    3    5.0000    1.2000
parameters
    0.1047   -0.0900   15.7530   -6.6998  -18.6878  -12.5302
   -0.2580    1.6380   -0.2833   13.9844    0.7579  -17.0391
eta,q 0.97587 13.56456
  0.0280  0.0291  0.0275  0.0292  0.0322  0.0292  0.0277  0.0285  0.0271  0.0286  0.0253  0.0257
  0.0259  0.0265  0.0257  0.0272  0.0291  0.0270  0.0259  0.0261  0.0255  0.0262  0.0247  0.0249
  0.0246  0.0248  0.0245  0.0255  0.0264  0.0253  0.0246  0.0246  0.0245  0.0248  0.0242  0.0243
  0.0241  0.0241  0.0241  0.0241  0.0241  0.0241  0.0241  0.0241  0.0241  0.0241  0.0241  0.0241
  0.0246  0.0247  0.0245  0.0241  0.0249  0.0239  0.0245  0.0246  0.0245  0.0245  0.0243  0.0243
  0.0259  0.0264  0.0257  0.0262  0.0289  0.0257  0.0258  0.0261  0.0255  0.0260  0.0247  0.0248
  0.0281  0.0291  0.0275  0.0303  0.0329  0.0305  0.0278  0.0285  0.0271  0.0287  0.0253  0.0257
registration optimization eta report
parameter search radius
    2.4000    2.7600    3.1740    9.5220   10.9503    9.5220
    7.2000    7.2000    7.2000    8.2800    7.2000    7.2000
100000*second partial in parameter space
       68.       65.       33.        6.        7.        6.
        7.        8.        6.        7.        2.        3.
  0.0280  0.0291  0.0275  0.0292  0.0322  0.0292  0.0277  0.0285  0.0271  0.0286  0.0253  0.0257
  0.0259  0.0265  0.0257  0.0272  0.0291  0.0270  0.0259  0.0261  0.0255  0.0262  0.0247  0.0249
  0.0246  0.0248  0.0245  0.0255  0.0264  0.0253  0.0246  0.0246  0.0245  0.0248  0.0242  0.0243
  0.0241  0.0241  0.0241  0.0241  0.0241  0.0241  0.0241  0.0241  0.0241  0.0241  0.0241  0.0241
  0.0246  0.0247  0.0245  0.0241  0.0249  0.0239  0.0245  0.0246  0.0245  0.0245  0.0243  0.0243
  0.0259  0.0264  0.0257  0.0262  0.0289  0.0257  0.0258  0.0261  0.0255  0.0260  0.0247  0.0248
  0.0281  0.0291  0.0275  0.0303  0.0329  0.0305  0.0278  0.0285  0.0271  0.0287  0.0253  0.0257
    0.1047   -0.0900   15.7530   -6.6998  -18.6878  -12.5302
   -0.2580    1.6380   -0.2833   13.9844    0.7579  -17.0391
eta,q 0.97587 13.56456

---------------------------------------------------------------------
imgreg_4dfp /opt/freesurfer/average/711-2C_as_mni_average_305 /opt/freesurfer/average/711-2B_as_mni_average_305_mask talsrcimg_g11 none talsrcimg_to_711-2C_as_mni_average_305_t4 2311
---------------------------------------------------------------------

freesurfer imgreg_4dfp.c
/opt/freesurfer/average/711-2C_as_mni_average_305.4dfp.img
       256       256       256         1
  1.000000  1.000000  1.000000
orientation T byte_order littleendian
Reading image: /opt/freesurfer/average/711-2C_as_mni_average_305.4dfp.img
dimensions:      256       256       256
mmppix:       1.0000   -1.0000   -1.0000
center:     128.0000 -129.0000 -129.0000
/opt/freesurfer/average/711-2B_as_mni_average_305_mask.4dfp.img
       256       256       256         1
  1.000000  1.000000  1.000000
orientation T byte_order littleendian
Reading mask: /opt/freesurfer/average/711-2B_as_mni_average_305_mask.4dfp.img (2306576 pixels)
talsrcimg_g11.4dfp.img
       256       256       256         1
  1.000000  1.000000  1.000000
orientation T byte_order littleendian
Reading image: talsrcimg_g11.4dfp.img
dimensions:      256       256       256
mmppix:       1.0000   -1.0000   -1.0000
center:     128.0000 -129.0000 -129.0000
fimgreg.f
image alignment mode   2311 decimal      907 hex
parameters
    0.1047   -0.0900   15.7530   -6.6998  -18.6878  -12.5302
   -0.2580    1.6380   -0.2833   13.9844    0.7579  -17.0391
eta,q 0.97587 13.56456
niter,ni,del,rscale     5    3    5.0000    0.8000
parameters
    0.1109   -0.0715   15.7586   -5.3148  -18.1013  -10.9630
   -0.2561    1.7830   -0.3080   14.2865    1.1939  -17.2773
eta,q 0.97651 13.71639
  0.0259  0.0260  0.0250  0.0264  0.0269  0.0258  0.0254  0.0262  0.0251  0.0256  0.0244  0.0243
  0.0249  0.0250  0.0245  0.0255  0.0257  0.0250  0.0244  0.0248  0.0242  0.0246  0.0239  0.0239
  0.0243  0.0243  0.0242  0.0247  0.0246  0.0243  0.0238  0.0239  0.0237  0.0239  0.0236  0.0236
  0.0241  0.0241  0.0241  0.0241  0.0239  0.0238  0.0235  0.0235  0.0235  0.0235  0.0235  0.0235
  0.0243  0.0243  0.0242  0.0239  0.0238  0.0235  0.0237  0.0237  0.0237  0.0236  0.0235  0.0236
  0.0249  0.0249  0.0245  0.0241  0.0245  0.0236  0.0244  0.0245  0.0243  0.0241  0.0237  0.0240
  0.0259  0.0259  0.0250  0.0249  0.0260  0.0243  0.0255  0.0259  0.0251  0.0252  0.0241  0.0245
niter,ni,del,rscale     4    3    5.0000    0.7000
parameters
   -0.0070   -0.2209   15.7699   -5.4395  -17.9753  -10.9604
   -0.1354    1.6900   -0.3442   14.2887    1.3297  -17.2023
eta,q 0.97654 13.71803
  0.0248  0.0247  0.0243  0.0250  0.0259  0.0248  0.0250  0.0253  0.0247  0.0249  0.0241  0.0242
  0.0240  0.0240  0.0238  0.0243  0.0248  0.0241  0.0242  0.0243  0.0240  0.0242  0.0237  0.0238
  0.0236  0.0235  0.0236  0.0237  0.0239  0.0237  0.0237  0.0237  0.0236  0.0237  0.0235  0.0236
  0.0235  0.0235  0.0235  0.0235  0.0235  0.0235  0.0235  0.0235  0.0235  0.0235  0.0235  0.0235
  0.0238  0.0238  0.0236  0.0236  0.0236  0.0235  0.0236  0.0237  0.0236  0.0236  0.0235  0.0235
  0.0244  0.0244  0.0238  0.0242  0.0244  0.0239  0.0241  0.0243  0.0240  0.0241  0.0237  0.0238
  0.0253  0.0254  0.0243  0.0253  0.0258  0.0250  0.0249  0.0255  0.0247  0.0250  0.0240  0.0242
niter,ni,del,rscale     3    3    5.0000    0.6000
parameters
   -0.0247   -0.2364   15.7731   -5.3769  -17.8936  -10.8287
   -0.0917    1.6885   -0.3815   14.3203    1.3799  -17.2294
eta,q 0.97657 13.72969
  0.0246  0.0246  0.0241  0.0247  0.0253  0.0245  0.0246  0.0249  0.0243  0.0245  0.0239  0.0240
  0.0239  0.0240  0.0237  0.0241  0.0245  0.0240  0.0240  0.0241  0.0238  0.0240  0.0236  0.0237
  0.0236  0.0236  0.0235  0.0237  0.0238  0.0236  0.0236  0.0236  0.0235  0.0236  0.0235  0.0235
  0.0235  0.0235  0.0235  0.0235  0.0235  0.0234  0.0234  0.0234  0.0234  0.0234  0.0234  0.0234
  0.0236  0.0236  0.0235  0.0235  0.0236  0.0234  0.0235  0.0236  0.0236  0.0235  0.0235  0.0235
  0.0240  0.0240  0.0237  0.0239  0.0242  0.0237  0.0239  0.0241  0.0239  0.0239  0.0236  0.0237
  0.0246  0.0247  0.0240  0.0247  0.0253  0.0244  0.0245  0.0249  0.0244  0.0246  0.0238  0.0240
niter,ni,del,rscale     2    3    5.0000    0.5000
parameters
   -0.0368   -0.2455   15.7765   -5.3255  -17.8375  -10.6905
   -0.0410    1.7033   -0.4052   14.3709    1.4432  -17.2785
eta,q 0.97659 13.74071
  0.0242  0.0242  0.0239  0.0243  0.0248  0.0241  0.0242  0.0244  0.0241  0.0242  0.0237  0.0238
  0.0238  0.0238  0.0236  0.0239  0.0241  0.0238  0.0238  0.0239  0.0237  0.0238  0.0236  0.0236
  0.0235  0.0235  0.0235  0.0236  0.0237  0.0236  0.0235  0.0235  0.0235  0.0235  0.0234  0.0235
  0.0234  0.0234  0.0234  0.0234  0.0234  0.0234  0.0234  0.0234  0.0234  0.0234  0.0234  0.0234
  0.0235  0.0235  0.0235  0.0235  0.0235  0.0234  0.0235  0.0235  0.0235  0.0235  0.0234  0.0235
  0.0238  0.0238  0.0236  0.0238  0.0240  0.0236  0.0237  0.0239  0.0237  0.0237  0.0235  0.0236
  0.0242  0.0243  0.0238  0.0243  0.0248  0.0241  0.0242  0.0244  0.0241  0.0242  0.0237  0.0238
niter,ni,del,rscale     1    3    5.0000    0.4000
parameters
   -0.0447   -0.2533   15.7823   -5.2855  -17.8005  -10.5631
   -0.0185    1.7069   -0.4424   14.4098    1.4798  -17.3009
eta,q 0.97660 13.74971
  0.0239  0.0239  0.0237  0.0240  0.0243  0.0239  0.0239  0.0241  0.0238  0.0239  0.0236  0.0237
  0.0236  0.0236  0.0235  0.0237  0.0239  0.0237  0.0236  0.0237  0.0236  0.0237  0.0235  0.0235
  0.0235  0.0235  0.0234  0.0235  0.0235  0.0235  0.0235  0.0235  0.0234  0.0235  0.0234  0.0234
  0.0234  0.0234  0.0234  0.0234  0.0234  0.0234  0.0234  0.0234  0.0234  0.0234  0.0234  0.0234
  0.0235  0.0235  0.0234  0.0235  0.0235  0.0234  0.0235  0.0235  0.0235  0.0234  0.0234  0.0234
  0.0236  0.0237  0.0235  0.0236  0.0238  0.0235  0.0236  0.0237  0.0236  0.0236  0.0235  0.0235
  0.0239  0.0240  0.0237  0.0240  0.0243  0.0238  0.0239  0.0241  0.0238  0.0239  0.0236  0.0237
registration optimization eta report
parameter search radius
    0.8000    0.8000    0.8000    2.4000    2.4000    2.4000
    2.4000    2.4000    2.4000    2.4000    2.4000    2.4000
100000*second partial in parameter space
       81.       84.       43.       10.       16.        8.
        9.       12.        7.        9.        3.        5.
  0.0239  0.0239  0.0237  0.0240  0.0243  0.0239  0.0239  0.0241  0.0238  0.0239  0.0236  0.0237
  0.0236  0.0236  0.0235  0.0237  0.0239  0.0237  0.0236  0.0237  0.0236  0.0237  0.0235  0.0235
  0.0235  0.0235  0.0234  0.0235  0.0235  0.0235  0.0235  0.0235  0.0234  0.0235  0.0234  0.0234
  0.0234  0.0234  0.0234  0.0234  0.0234  0.0234  0.0234  0.0234  0.0234  0.0234  0.0234  0.0234
  0.0235  0.0235  0.0234  0.0235  0.0235  0.0234  0.0235  0.0235  0.0235  0.0234  0.0234  0.0234
  0.0236  0.0237  0.0235  0.0236  0.0238  0.0235  0.0236  0.0237  0.0236  0.0236  0.0235  0.0235
  0.0239  0.0240  0.0237  0.0240  0.0243  0.0238  0.0239  0.0241  0.0238  0.0239  0.0236  0.0237
   -0.0447   -0.2533   15.7823   -5.2855  -17.8005  -10.5631
   -0.0185    1.7069   -0.4424   14.4098    1.4798  -17.3009
eta,q 0.97660 13.74971

---------------------------------------------------------------------
imgreg_4dfp /opt/freesurfer/average/711-2C_as_mni_average_305 /opt/freesurfer/average/711-2B_as_mni_average_305_mask talsrcimg_g11 none talsrcimg_to_711-2C_as_mni_average_305_t4 2311
---------------------------------------------------------------------

freesurfer imgreg_4dfp.c
/opt/freesurfer/average/711-2C_as_mni_average_305.4dfp.img
       256       256       256         1
  1.000000  1.000000  1.000000
orientation T byte_order littleendian
Reading image: /opt/freesurfer/average/711-2C_as_mni_average_305.4dfp.img
dimensions:      256       256       256
mmppix:       1.0000   -1.0000   -1.0000
center:     128.0000 -129.0000 -129.0000
/opt/freesurfer/average/711-2B_as_mni_average_305_mask.4dfp.img
       256       256       256         1
  1.000000  1.000000  1.000000
orientation T byte_order littleendian
Reading mask: /opt/freesurfer/average/711-2B_as_mni_average_305_mask.4dfp.img (2306576 pixels)
talsrcimg_g11.4dfp.img
       256       256       256         1
  1.000000  1.000000  1.000000
orientation T byte_order littleendian
Reading image: talsrcimg_g11.4dfp.img
dimensions:      256       256       256
mmppix:       1.0000   -1.0000   -1.0000
center:     128.0000 -129.0000 -129.0000
fimgreg.f
image alignment mode   2311 decimal      907 hex
parameters
   -0.0447   -0.2533   15.7823   -5.2855  -17.8005  -10.5631
   -0.0185    1.7069   -0.4424   14.4098    1.4798  -17.3009
eta,q 0.97660 13.74971
niter,ni,del,rscale     5    3    5.0000    0.8000
parameters
   -0.0406   -0.2666   15.7947   -5.6239  -18.0206  -11.0344
   -0.0712    1.6083   -0.3813   14.2124    1.3646  -17.1093
eta,q 0.97651 13.70607
  0.0255  0.0254  0.0245  0.0252  0.0261  0.0249  0.0253  0.0258  0.0251  0.0252  0.0242  0.0245
  0.0243  0.0243  0.0239  0.0243  0.0249  0.0242  0.0244  0.0245  0.0242  0.0243  0.0238  0.0240
  0.0236  0.0236  0.0235  0.0237  0.0239  0.0237  0.0237  0.0237  0.0237  0.0237  0.0235  0.0236
  0.0234  0.0234  0.0234  0.0234  0.0234  0.0234  0.0235  0.0235  0.0235  0.0235  0.0235  0.0235
  0.0236  0.0236  0.0235  0.0237  0.0238  0.0236  0.0237  0.0238  0.0237  0.0237  0.0236  0.0236
  0.0243  0.0244  0.0239  0.0245  0.0251  0.0244  0.0244  0.0246  0.0242  0.0244  0.0238  0.0239
  0.0254  0.0255  0.0245  0.0261  0.0269  0.0261  0.0255  0.0261  0.0250  0.0256  0.0242  0.0243
niter,ni,del,rscale     4    3    5.0000    0.7000
parameters
   -0.0211   -0.2343   15.7890   -5.4655  -17.9568  -10.9514
   -0.0951    1.6581   -0.3729   14.2523    1.3473  -17.1639
eta,q 0.97655 13.71774
  0.0251  0.0251  0.0243  0.0251  0.0258  0.0248  0.0249  0.0254  0.0247  0.0249  0.0240  0.0242
  0.0242  0.0242  0.0238  0.0244  0.0248  0.0242  0.0241  0.0244  0.0240  0.0242  0.0237  0.0238
  0.0237  0.0237  0.0236  0.0238  0.0239  0.0237  0.0236  0.0237  0.0236  0.0237  0.0235  0.0235
  0.0235  0.0235  0.0235  0.0235  0.0235  0.0235  0.0235  0.0235  0.0235  0.0235  0.0235  0.0235
  0.0236  0.0236  0.0236  0.0235  0.0236  0.0235  0.0236  0.0236  0.0236  0.0236  0.0235  0.0235
  0.0241  0.0241  0.0239  0.0241  0.0245  0.0239  0.0241  0.0243  0.0240  0.0241  0.0237  0.0238
  0.0250  0.0250  0.0243  0.0250  0.0259  0.0249  0.0250  0.0254  0.0247  0.0250  0.0240  0.0242
niter,ni,del,rscale     3    3    5.0000    0.6000
parameters
   -0.0271   -0.2428   15.7808   -5.3836  -17.8897  -10.8229
   -0.0765    1.6852   -0.3862   14.3078    1.3848  -17.2184
eta,q 0.97657 13.72978
  0.0246  0.0246  0.0240  0.0247  0.0253  0.0245  0.0245  0.0249  0.0244  0.0245  0.0239  0.0240
  0.0239  0.0240  0.0237  0.0241  0.0244  0.0240  0.0240  0.0241  0.0238  0.0240  0.0236  0.0237
  0.0236  0.0236  0.0235  0.0237  0.0238  0.0236  0.0236  0.0236  0.0235  0.0236  0.0235  0.0235
  0.0235  0.0235  0.0235  0.0235  0.0234  0.0234  0.0234  0.0234  0.0234  0.0234  0.0234  0.0234
  0.0236  0.0236  0.0235  0.0235  0.0236  0.0234  0.0235  0.0236  0.0235  0.0235  0.0235  0.0235
  0.0240  0.0240  0.0237  0.0239  0.0242  0.0237  0.0239  0.0240  0.0239  0.0239  0.0236  0.0237
  0.0246  0.0246  0.0241  0.0247  0.0253  0.0244  0.0246  0.0249  0.0244  0.0245  0.0238  0.0240
niter,ni,del,rscale     2    3    5.0000    0.5000
parameters
   -0.0376   -0.2492   15.7778   -5.3269  -17.8361  -10.6941
   -0.0425    1.7007   -0.4068   14.3656    1.4353  -17.2624
eta,q 0.97658 13.74039
  0.0242  0.0242  0.0238  0.0243  0.0248  0.0241  0.0242  0.0244  0.0241  0.0242  0.0237  0.0238
  0.0238  0.0238  0.0236  0.0239  0.0241  0.0238  0.0238  0.0239  0.0237  0.0238  0.0236  0.0236
  0.0235  0.0235  0.0235  0.0236  0.0236  0.0236  0.0235  0.0235  0.0235  0.0235  0.0234  0.0235
  0.0234  0.0234  0.0234  0.0234  0.0234  0.0234  0.0234  0.0234  0.0234  0.0234  0.0234  0.0234
  0.0235  0.0235  0.0235  0.0235  0.0235  0.0234  0.0235  0.0235  0.0235  0.0235  0.0234  0.0235
  0.0238  0.0238  0.0236  0.0238  0.0240  0.0236  0.0237  0.0239  0.0237  0.0237  0.0235  0.0236
  0.0242  0.0243  0.0239  0.0243  0.0248  0.0241  0.0242  0.0244  0.0241  0.0242  0.0237  0.0238
niter,ni,del,rscale     1    3    5.0000    0.4000
parameters
   -0.0449   -0.2546   15.7833   -5.2865  -17.8021  -10.5658
   -0.0193    1.7109   -0.4439   14.4083    1.4828  -17.2966
eta,q 0.97660 13.74945
  0.0239  0.0239  0.0237  0.0240  0.0243  0.0239  0.0239  0.0241  0.0238  0.0239  0.0236  0.0237
  0.0236  0.0237  0.0235  0.0237  0.0239  0.0237  0.0236  0.0237  0.0236  0.0237  0.0235  0.0235
  0.0235  0.0235  0.0234  0.0235  0.0236  0.0235  0.0235  0.0235  0.0234  0.0235  0.0234  0.0234
  0.0234  0.0234  0.0234  0.0234  0.0234  0.0234  0.0234  0.0234  0.0234  0.0234  0.0234  0.0234
  0.0235  0.0235  0.0234  0.0235  0.0235  0.0234  0.0235  0.0235  0.0235  0.0234  0.0234  0.0234
  0.0236  0.0237  0.0235  0.0237  0.0238  0.0235  0.0236  0.0237  0.0236  0.0236  0.0235  0.0235
  0.0239  0.0240  0.0237  0.0240  0.0243  0.0238  0.0239  0.0241  0.0238  0.0239  0.0236  0.0237
registration optimization eta report
parameter search radius
    0.8000    0.8000    0.8000    2.4000    2.4000    2.4000
    2.4000    2.4000    2.4000    2.4000    2.4000    2.4000
100000*second partial in parameter space
       79.       84.       44.       10.       16.        8.
        9.       12.        7.        9.        3.        5.
  0.0239  0.0239  0.0237  0.0240  0.0243  0.0239  0.0239  0.0241  0.0238  0.0239  0.0236  0.0237
  0.0236  0.0237  0.0235  0.0237  0.0239  0.0237  0.0236  0.0237  0.0236  0.0237  0.0235  0.0235
  0.0235  0.0235  0.0234  0.0235  0.0236  0.0235  0.0235  0.0235  0.0234  0.0235  0.0234  0.0234
  0.0234  0.0234  0.0234  0.0234  0.0234  0.0234  0.0234  0.0234  0.0234  0.0234  0.0234  0.0234
  0.0235  0.0235  0.0234  0.0235  0.0235  0.0234  0.0235  0.0235  0.0235  0.0234  0.0234  0.0234
  0.0236  0.0237  0.0235  0.0237  0.0238  0.0235  0.0236  0.0237  0.0236  0.0236  0.0235  0.0235
  0.0239  0.0240  0.0237  0.0240  0.0243  0.0238  0.0239  0.0241  0.0238  0.0239  0.0236  0.0237
   -0.0449   -0.2546   15.7833   -5.2865  -17.8021  -10.5658
   -0.0193    1.7109   -0.4439   14.4083    1.4828  -17.2966
eta,q 0.97660 13.74945

---------------------------------------------------------------------
compute_vox2vox talsrcimg talsrcimg_to_711-2C_as_mni_average_305_t4 /opt/freesurfer/average/711-2C_as_mni_average_305
---------------------------------------------------------------------

freesurfer compute_vox2vox.c
Reading: talsrcimg.4dfp.ifh
Reading: talsrcimg_to_711-2C_as_mni_average_305_t4
Reading: /opt/freesurfer/average/711-2C_as_mni_average_305.4dfp.ifh
Writing: talsrcimg_to_711-2C_as_mni_average_305_t4_vox2vox.txt

start time Tue Mar 10 00:52:35 CET 2026
end		time Tue Mar 10 00:54:05 CET 2026

mpr2mni305 success

avi2talxfm orig_nu.mgz /opt/freesurfer/average/mni305.cor.mgz talsrcimg_to_711-2C_as_mni_average_305_t4_vox2vox.txt transforms/talairach.auto.xfm
avi2talxfm done
mv -f /out/sourcedata/freesurfer/sub-v1s3x0050806_ses-1/mri/talsrcimg_to_711-2C_as_mni_average_305_t4_vox2vox.txt /out/sourcedata/freesurfer/sub-v1s3x0050806_ses-1/mri/transforms/talsrcimg_to_711-2C_as_mni_average_305_t4_vox2vox.txt
lta_convert --src orig_nu.mgz --trg /opt/freesurfer/average/mni305.cor.mgz --inxfm transforms/talairach.auto.xfm --outlta transforms/talairach.auto.xfm.lta --subject fsaverage
7.3.2

--src: orig_nu.mgz src image (geometry).
--trg: /opt/freesurfer/average/mni305.cor.mgz trg image (geometry).
--inmni: transforms/talairach.auto.xfm input MNI/XFM transform.
--outlta: transforms/talairach.auto.xfm.lta output LTA.
--s: fsaverage subject name
 LTA read, type : 1
 1.05610  -0.01958  -0.00387  -1.86467;
-0.01587   1.08177   0.22763  -11.22005;
 0.00848  -0.18973   1.17666   1.50296;
 0.00000   0.00000   0.00000   1.00000;
setting subject to fsaverage
Writing  LTA to file transforms/talairach.auto.xfm.lta...
lta_convert successful.
 
 
Started at Tue Mar 10 00:52:35 CET 2026
Ended   at Tue Mar 10 00:54:05 CET 2026
talairach_avi done
