/out/sourcedata/freesurfer/sub-v1s3x0050773_ses-1/mri
/opt/freesurfer/bin/talairach_avi
--i orig_nu.mgz --xfm transforms/talairach.auto.xfm
talairach_avi 7.3.2
Linux dna030 5.14.0-427.37.1.el9_4.x86_64 #1 SMP PREEMPT_DYNAMIC Fri Sep 13 12:41:50 EDT 2024 x86_64 x86_64 x86_64 GNU/Linux
Mon Mar  9 22:48:00 CET 2026
mri_convert orig_nu.mgz talsrcimg.img 
reading from orig_nu.mgz...
TR=0.00, TE=0.00, TI=0.00, flip angle=0.00
i_ras = (-1, 0, 0)
j_ras = (0, 0, -1)
k_ras = (0, 1, 0)
writing to talsrcimg.img...
Analyze Output Matrix
-1.00000   0.00000   0.00000   129.73965;
 0.00000   0.00000   1.00000  -153.93726;
 0.00000  -1.00000   0.00000   151.18497;
 0.00000   0.00000   0.00000   1.00000;
--------------------
INFO: set hdr.hist.orient to -1
mpr2mni305 talsrcimg
Mon Mar  9 22:48:00 CET 2026
/opt/freesurfer/bin/mpr2mni305 talsrcimg
mpr2mni305 7.3.2
target=711-2C_as_mni_average_305

---------------------------------------------------------------------
analyzeto4dfp talsrcimg -O0 -y
---------------------------------------------------------------------

freesurfer ifh2hdr.c
Mon Mar  9 22:48:00 2026
Writing: talsrcimg.4dfp.hdr
freesurfer analyzeto4dfp.c
Reading: talsrcimg.hdr
header size 348 bytes
hdr.dime.datatype	offset=70	value=2
hdr.dime.bitpix		offset=72	value=8
hdr.hist.orient		offset=252	value=-1
dimensionality     4
dimensions       256       256       256         1
Reading: talsrcimg.img
Writing: talsrcimg.4dfp.img
Writing: talsrcimg.4dfp.ifh
ifh2hdr talsrcimg -r0to255
ori=2

---------------------------------------------------------------------
gauss_4dfp talsrcimg 1.1
---------------------------------------------------------------------

freesurfer gauss_4dfp.c
Reading: talsrcimg.4dfp.img
Writing: talsrcimg_g11.4dfp.img
image dimensions 256 256 256 padded to 288 288 288
processing volume 1freesurfer ifh2hdr.c
Mon Mar  9 22:48:02 2026
Writing: talsrcimg_g11.4dfp.hdr

Writing: talsrcimg_g11.4dfp.ifh
including: talsrcimg.4dfp.img.rec in talsrcimg_g11.4dfp.img.rec

---------------------------------------------------------------------
imgreg_4dfp /opt/freesurfer/average/711-2C_as_mni_average_305 none talsrcimg_g11 none talsrcimg_to_711-2C_as_mni_average_305_t4 4355
---------------------------------------------------------------------

freesurfer imgreg_4dfp.c
/opt/freesurfer/average/711-2C_as_mni_average_305.4dfp.img
       256       256       256         1
  1.000000  1.000000  1.000000
orientation T byte_order littleendian
Reading image: /opt/freesurfer/average/711-2C_as_mni_average_305.4dfp.img
dimensions:      256       256       256
mmppix:       1.0000   -1.0000   -1.0000
center:     128.0000 -129.0000 -129.0000
talsrcimg_g11.4dfp.img
       256       256       256         1
  1.000000  1.000000  1.000000
orientation T byte_order littleendian
Reading image: talsrcimg_g11.4dfp.img
dimensions:      256       256       256
mmppix:       1.0000   -1.0000   -1.0000
center:     128.0000 -129.0000 -129.0000
t4_read: open error in t4_sub.f l:  41 t4_file(1:l)talsrcimg_to_711-2C_as_mni_average_305_t4 
t4_read: transform initialized to I4
rotation matrix determinant  1.000000
image alignment mode   4355 decimal     1103 hex
   -7.5000  -45.0000  -45.0000 8042.0322   20.1927
    0.0000  -45.0000  -45.0000 8374.4082   20.2089
    7.5000  -45.0000  -45.0000 7966.0010   20.1972
   -7.5000  -37.5000  -45.0000 8390.0654   20.1788
    0.0000  -37.5000  -45.0000 8744.6611   20.2072
    7.5000  -37.5000  -45.0000 8310.7090   20.2099
   -7.5000  -30.0000  -45.0000 9014.7910   20.1534
    0.0000  -30.0000  -45.0000 9416.4854   20.1899
    7.5000  -30.0000  -45.0000 8921.5400   20.2003
   -7.5000  -22.5000  -45.0000 9638.0762   20.1462
    0.0000  -22.5000  -45.000010083.9590   20.1776
    7.5000  -22.5000  -45.0000 9519.4541   20.1792
   -7.5000  -15.0000  -45.000010203.2275   20.1585
    0.0000  -15.0000  -45.000010641.7793   20.1797
    7.5000  -15.0000  -45.000010054.9102   20.1689
   -7.5000   -7.5000  -45.000010637.0186   20.1797
    0.0000   -7.5000  -45.000011089.9961   20.1938
    7.5000   -7.5000  -45.000010535.6143   20.1774
   -7.5000    0.0000  -45.000011003.8955   20.1927
    0.0000    0.0000  -45.000011483.6592   20.2089
    7.5000    0.0000  -45.000010913.9453   20.1972
   -7.5000    7.5000  -45.000010493.5859   20.1788
    0.0000    7.5000  -45.000010919.8164   20.2072
    7.5000    7.5000  -45.000010410.4775   20.2099
   -7.5000   15.0000  -45.0000 9685.3809   20.1534
    0.0000   15.0000  -45.000010083.2070   20.1899
    7.5000   15.0000  -45.0000 9603.8105   20.2003
   -7.5000   22.5000  -45.0000 8812.9844   20.1434
    0.0000   22.5000  -45.0000 9193.5635   20.1748
    7.5000   22.5000  -45.0000 8724.5234   20.1764
   -7.5000   30.0000  -45.0000 8012.8901   19.8899
    0.0000   30.0000  -45.0000 8317.8604   19.9108
    7.5000   30.0000  -45.0000 7917.7959   19.9001
   -7.5000   37.5000  -45.0000 7576.8218   19.9108
    0.0000   37.5000  -45.0000 7864.1470   19.9247
    7.5000   37.5000  -45.0000 7485.3896   19.9085
   -7.5000   45.0000  -45.0000 6830.2153   19.4533
    0.0000   45.0000  -45.0000 7093.1392   19.4688
    7.5000   45.0000  -45.0000 6746.0479   19.4575
   -7.5000  -45.0000  -37.5000 8667.8125   20.0812
    0.0000  -45.0000  -37.5000 9030.4854   20.0909
    7.5000  -45.0000  -37.5000 8557.2920   20.0772
   -7.5000  -37.5000  -37.5000 9037.0957   20.0654
    0.0000  -37.5000  -37.5000 9422.3330   20.0939
    7.5000  -37.5000  -37.5000 8937.2822   20.0926
   -7.5000  -30.0000  -37.5000 9709.6934   20.0265
    0.0000  -30.0000  -37.500010129.3633   20.0686
    7.5000  -30.0000  -37.5000 9584.5840   20.0738
   -7.5000  -22.5000  -37.500010355.8770   20.0075
    0.0000  -22.5000  -37.500010825.5283   20.0431
    7.5000  -22.5000  -37.500010161.0820   20.0414
   -7.5000  -15.0000  -37.500010903.4141   20.0224
    0.0000  -15.0000  -37.500011363.8457   20.0424
    7.5000  -15.0000  -37.500010710.9580   20.0309
   -7.5000   -7.5000  -37.500011347.0264   20.0571
    0.0000   -7.5000  -37.500011825.4199   20.0649
    7.5000   -7.5000  -37.500011208.6904   20.0479
   -7.5000    0.0000  -37.500011742.0186   20.0812
    0.0000    0.0000  -37.500012246.6650   20.0909
    7.5000    0.0000  -37.500011616.1953   20.0772
   -7.5000    7.5000  -37.500011191.3213   20.0654
    0.0000    7.5000  -37.500011673.2080   20.0939
    7.5000    7.5000  -37.500011091.6016   20.0926
   -7.5000   15.0000  -37.500010324.7744   20.0265
    0.0000   15.0000  -37.500010774.4082   20.0686
    7.5000   15.0000  -37.500010213.4121   20.0738
   -7.5000   22.5000  -37.5000 9362.3936   20.0048
    0.0000   22.5000  -37.5000 9765.0625   20.0404
    7.5000   22.5000  -37.5000 9253.5527   20.0387
   -7.5000   30.0000  -37.5000 8465.9580   19.7555
    0.0000   30.0000  -37.5000 8828.2285   19.7753
    7.5000   30.0000  -37.5000 8376.5244   19.7640
   -7.5000   37.5000  -37.5000 7979.7051   19.7898
    0.0000   37.5000  -37.5000 8303.1367   19.7975
    7.5000   37.5000  -37.5000 7923.7983   19.7807
   -7.5000   45.0000  -37.5000 7164.4189   19.3426
    0.0000   45.0000  -37.5000 7434.5249   19.3519
    7.5000   45.0000  -37.5000 7097.3789   19.3385
   -7.5000  -45.0000  -30.0000 9434.7939   20.8293
    0.0000  -45.0000  -30.0000 9840.4932   20.8402
    7.5000  -45.0000  -30.0000 9341.5566   20.8216
   -7.5000  -37.5000  -30.0000 9835.3682   20.8225
    0.0000  -37.5000  -30.000010265.5723   20.8562
    7.5000  -37.5000  -30.0000 9726.3828   20.8519
   -7.5000  -30.0000  -30.000010536.4492   20.7872
    0.0000  -30.0000  -30.000011038.0586   20.8355
    7.5000  -30.0000  -30.000010418.8545   20.8366
   -7.5000  -22.5000  -30.000011200.5107   20.7603
    0.0000  -22.5000  -30.000011727.8457   20.7992
    7.5000  -22.5000  -30.000011035.9775   20.7903
   -7.5000  -15.0000  -30.000011773.2305   20.7655
    0.0000  -15.0000  -30.000012300.0469   20.7848
    7.5000  -15.0000  -30.000011593.5898   20.7623
   -7.5000   -7.5000  -30.000012265.8037   20.7994
    0.0000   -7.5000  -30.000012825.8105   20.8052
    7.5000   -7.5000  -30.000012099.6543   20.7785
   -7.5000    0.0000  -30.000012697.7090   20.8293
    0.0000    0.0000  -30.000013255.5762   20.8402
    7.5000    0.0000  -30.000012516.5645   20.8216
   -7.5000    7.5000  -30.000012099.1973   20.8225
    0.0000    7.5000  -30.000012616.3750   20.8562
    7.5000    7.5000  -30.000011953.8760   20.8519
   -7.5000   15.0000  -30.000011130.3223   20.7872
    0.0000   15.0000  -30.000011614.4863   20.8355
    7.5000   15.0000  -30.000011007.8145   20.8366
   -7.5000   22.5000  -30.000010043.9697   20.7553
    0.0000   22.5000  -30.000010496.4434   20.7942
    7.5000   22.5000  -30.0000 9930.2109   20.7853
   -7.5000   30.0000  -30.0000 9049.4307   20.4907
    0.0000   30.0000  -30.0000 9466.5928   20.5098
    7.5000   30.0000  -30.0000 8973.6826   20.4876
   -7.5000   37.5000  -30.0000 8499.5352   20.5242
    0.0000   37.5000  -30.0000 8863.3916   20.5300
    7.5000   37.5000  -30.0000 8440.2939   20.5035
   -7.5000   45.0000  -30.0000 7598.9082   20.0742
    0.0000   45.0000  -30.0000 7895.4922   20.0851
    7.5000   45.0000  -30.0000 7539.5264   20.0670
   -7.5000  -45.0000  -22.500010210.4707   21.5122
    0.0000  -45.0000  -22.500010683.4717   21.5347
    7.5000  -45.0000  -22.500010138.7373   21.5130
   -7.5000  -37.5000  -22.500010627.3145   21.5112
    0.0000  -37.5000  -22.500011126.7480   21.5526
    7.5000  -37.5000  -22.500010535.6074   21.5509
   -7.5000  -30.0000  -22.500011364.8623   21.4916
    0.0000  -30.0000  -22.500011932.2637   21.5414
    7.5000  -30.0000  -22.500011284.8838   21.5454
   -7.5000  -22.5000  -22.500012088.5205   21.4719
    0.0000  -22.5000  -22.500012672.2637   21.5106
    7.5000  -22.5000  -22.500011938.3037   21.4976
   -7.5000  -15.0000  -22.500012710.9600   21.4687
    0.0000  -15.0000  -22.500013328.8057   21.4903
    7.5000  -15.0000  -22.500012515.7969   21.4559
   -7.5000   -7.5000  -22.500013245.3867   21.4895
    0.0000   -7.5000  -22.500013902.9092   21.5032
    7.5000   -7.5000  -22.500013062.4023   21.4657
   -7.5000    0.0000  -22.500013637.0088   21.5122
    0.0000    0.0000  -22.500014303.0381   21.5347
    7.5000    0.0000  -22.500013446.5020   21.5130
   -7.5000    7.5000  -22.500012969.8682   21.5112
    0.0000    7.5000  -22.500013611.2383   21.5526
    7.5000    7.5000  -22.500012822.4775   21.5509
   -7.5000   15.0000  -22.500011906.6074   21.4916
    0.0000   15.0000  -22.500012484.5840   21.5414
    7.5000   15.0000  -22.500011782.4365   21.5454
   -7.5000   22.5000  -22.500010736.2520   21.4653
    0.0000   22.5000  -22.500011265.6924   21.5040
    7.5000   22.5000  -22.500010640.0322   21.4910
   -7.5000   30.0000  -22.5000 9682.2539   21.1879
    0.0000   30.0000  -22.500010128.1396   21.2092
    7.5000   30.0000  -22.5000 9599.6895   21.1752
   -7.5000   37.5000  -22.5000 9045.2061   21.2084
    0.0000   37.5000  -22.5000 9453.9023   21.2219
    7.5000   37.5000  -22.5000 8971.9316   21.1849
   -7.5000   45.0000  -22.5000 8050.6348   20.7473
    0.0000   45.0000  -22.5000 8381.9277   20.7697
    7.5000   45.0000  -22.5000 7986.4233   20.7490
   -7.5000  -45.0000  -15.000010991.6846   22.0192
    0.0000  -45.0000  -15.000011509.3809   22.0528
    7.5000  -45.0000  -15.000010926.5771   22.0318
   -7.5000  -37.5000  -15.000011400.9111   22.0137
    0.0000  -37.5000  -15.000011984.3447   22.0583
    7.5000  -37.5000  -15.000011353.1494   22.0609
   -7.5000  -30.0000  -15.000012184.3936   22.0062
    0.0000  -30.0000  -15.000012828.3984   22.0521
    7.5000  -30.0000  -15.000012133.4209   22.0611
   -7.5000  -22.5000  -15.000012968.5410   22.0030
    0.0000  -22.5000  -15.000013647.9346   22.0389
    7.5000  -22.5000  -15.000012826.0771   22.0271
   -7.5000  -15.0000  -15.000013636.1572   22.0029
    0.0000  -15.0000  -15.000014364.7178   22.0280
    7.5000  -15.0000  -15.000013461.3760   21.9905
   -7.5000   -7.5000  -15.000014229.6377   22.0117
    0.0000   -7.5000  -15.000014986.2793   22.0358
    7.5000   -7.5000  -15.000014041.9375   21.9955
   -7.5000    0.0000  -15.000014581.1504   22.0192
    0.0000    0.0000  -15.000015331.7578   22.0528
    7.5000    0.0000  -15.000014377.0654   22.0318
   -7.5000    7.5000  -15.000013796.0527   22.0137
    0.0000    7.5000  -15.000014519.6309   22.0583
    7.5000    7.5000  -15.000013634.0449   22.0609
   -7.5000   15.0000  -15.000012692.9053   22.0062
    0.0000   15.0000  -15.000013311.6611   22.0521
    7.5000   15.0000  -15.000012563.5527   22.0611
   -7.5000   22.5000  -15.000011445.5049   21.9952
    0.0000   22.5000  -15.000012030.0674   22.0311
    7.5000   22.5000  -15.000011328.7900   22.0193
   -7.5000   30.0000  -15.000010311.8594   21.7181
    0.0000   30.0000  -15.000010776.0352   21.7430
    7.5000   30.0000  -15.000010205.0674   21.7059
   -7.5000   37.5000  -15.0000 9606.5869   21.7269
    0.0000   37.5000  -15.000010025.9355   21.7507
    7.5000   37.5000  -15.0000 9522.5684   21.7108
   -7.5000   45.0000  -15.0000 8499.7656   21.2514
    0.0000   45.0000  -15.0000 8871.6904   21.2843
    7.5000   45.0000  -15.0000 8442.9404   21.2645
   -7.5000  -45.0000   -7.500011774.2715   22.3019
    0.0000  -45.0000   -7.500012352.5430   22.3333
    7.5000  -45.0000   -7.500011769.0635   22.3162
   -7.5000  -37.5000   -7.500012217.1475   22.2908
    0.0000  -37.5000   -7.500012846.4619   22.3310
    7.5000  -37.5000   -7.500012231.9678   22.3352
   -7.5000  -30.0000   -7.500013039.5010   22.2784
    0.0000  -30.0000   -7.500013694.2734   22.3205
    7.5000  -30.0000   -7.500013031.6787   22.3328
   -7.5000  -22.5000   -7.500013883.8926   22.2789
    0.0000  -22.5000   -7.500014582.9150   22.3131
    7.5000  -22.5000   -7.500013778.8428   22.3087
   -7.5000  -15.0000   -7.500014623.6191   22.2862
    0.0000  -15.0000   -7.500015383.8994   22.3117
    7.5000  -15.0000   -7.500014453.2656   22.2858
   -7.5000   -7.5000   -7.500015247.6504   22.2969
    0.0000   -7.5000   -7.500016055.9434   22.3213
    7.5000   -7.5000   -7.500015088.3047   22.2908
   -7.5000    0.0000   -7.500015561.8154   22.3019
    0.0000    0.0000   -7.500016365.3389   22.3333
    7.5000    0.0000   -7.500015418.2900   22.3162
   -7.5000    7.5000   -7.500014710.7188   22.2908
    0.0000    7.5000   -7.500015443.4336   22.3310
    7.5000    7.5000   -7.500014543.8604   22.3352
   -7.5000   15.0000   -7.500013559.3232   22.2784
    0.0000   15.0000   -7.500014225.1328   22.3205
    7.5000   15.0000   -7.500013422.7646   22.3328
   -7.5000   22.5000   -7.500012200.5254   22.2686
    0.0000   22.5000   -7.500012859.7402   22.3028
    7.5000   22.5000   -7.500012128.1299   22.2984
   -7.5000   30.0000   -7.500010990.5625   21.9972
    0.0000   30.0000   -7.500011512.9395   22.0224
    7.5000   30.0000   -7.500010912.1641   21.9968
   -7.5000   37.5000   -7.500010207.1572   22.0078
    0.0000   37.5000   -7.500010691.6270   22.0319
    7.5000   37.5000   -7.500010161.2373   22.0017
   -7.5000   45.0000   -7.5000 8998.8535   21.5322
    0.0000   45.0000   -7.5000 9405.7012   21.5627
    7.5000   45.0000   -7.5000 8968.4814   21.5465
   -7.5000  -45.0000    0.000012517.5596   22.3795
    0.0000  -45.0000    0.000013087.1904   22.3991
    7.5000  -45.0000    0.000012570.7686   22.3863
   -7.5000  -37.5000    0.000013009.5996   22.3627
    0.0000  -37.5000    0.000013615.2402   22.3961
    7.5000  -37.5000    0.000013082.8203   22.3996
   -7.5000  -30.0000    0.000013874.0889   22.3332
    0.0000  -30.0000    0.000014514.1465   22.3754
    7.5000  -30.0000    0.000013950.5596   22.3875
   -7.5000  -22.5000    0.000014723.5459   22.3254
    0.0000  -22.5000    0.000015394.9766   22.3614
    7.5000  -22.5000    0.000014713.3281   22.3636
   -7.5000  -15.0000    0.000015513.8408   22.3406
    0.0000  -15.0000    0.000016221.5967   22.3648
    7.5000  -15.0000    0.000015435.3936   22.3530
   -7.5000   -7.5000    0.000016181.2119   22.3652
    0.0000   -7.5000    0.000016934.6211   22.3819
    7.5000   -7.5000    0.000016067.7959   22.3637
   -7.5000    0.0000    0.000016466.1719   22.3795
    0.0000    0.0000    0.000017235.3555   22.3991
    7.5000    0.0000    0.000016372.1182   22.3863
   -7.5000    7.5000    0.000015502.3359   22.3627
    0.0000    7.5000    0.000016231.3770   22.3961
    7.5000    7.5000    0.000015409.0244   22.3996
   -7.5000   15.0000    0.000014301.2861   22.3332
    0.0000   15.0000    0.000014989.2314   22.3754
    7.5000   15.0000    0.000014203.2471   22.3875
   -7.5000   22.5000    0.000012905.7549   22.3151
    0.0000   22.5000    0.000013562.3232   22.3511
    7.5000   22.5000    0.000012862.4316   22.3533
   -7.5000   30.0000    0.000011622.2686   22.0515
    0.0000   30.0000    0.000012207.7568   22.0753
    7.5000   30.0000    0.000011574.1865   22.0637
   -7.5000   37.5000    0.000010772.9600   22.0758
    0.0000   37.5000    0.000011292.5166   22.0922
    7.5000   37.5000    0.000010736.7539   22.0743
   -7.5000   45.0000    0.0000 9477.0889   21.6104
    0.0000   45.0000    0.0000 9899.2588   21.6292
    7.5000   45.0000    0.0000 9431.3740   21.6168
   -7.5000  -45.0000    7.500012263.8340   22.3899
    0.0000  -45.0000    7.500012775.9854   22.4005
    7.5000  -45.0000    7.500012333.1436   22.3859
   -7.5000  -37.5000    7.500012759.9404   22.3722
    0.0000  -37.5000    7.500013282.0400   22.4036
    7.5000  -37.5000    7.500012860.5557   22.4027
   -7.5000  -30.0000    7.500013693.2344   22.3298
    0.0000  -30.0000    7.500014225.4512   22.3766
    7.5000  -30.0000    7.500013778.1855   22.3828
   -7.5000  -22.5000    7.500014501.5674   22.3099
    0.0000  -22.5000    7.500015105.8340   22.3496
    7.5000  -22.5000    7.500014595.4756   22.3481
   -7.5000  -15.0000    7.500015211.3984   22.3267
    0.0000  -15.0000    7.500015852.7881   22.3492
    7.5000  -15.0000    7.500015273.3867   22.3369
   -7.5000   -7.5000    7.500015785.2148   22.3643
    0.0000   -7.5000    7.500016451.9453   22.3730
    7.5000   -7.5000    7.500015845.4668   22.3547
   -7.5000    0.0000    7.500016007.1436   22.3899
    0.0000    0.0000    7.500016730.4980   22.4005
    7.5000    0.0000    7.500016077.0840   22.3859
   -7.5000    7.5000    7.500015063.2422   22.3722
    0.0000    7.5000    7.500015742.1367   22.4036
    7.5000    7.5000    7.500015071.5146   22.4027
   -7.5000   15.0000    7.500013920.5117   22.3298
    0.0000   15.0000    7.500014536.6523   22.3766
    7.5000   15.0000    7.500013871.7051   22.3828
   -7.5000   22.5000    7.500012636.5527   22.2997
    0.0000   22.5000    7.500013201.2168   22.3393
    7.5000   22.5000    7.500012574.0186   22.3378
   -7.5000   30.0000    7.500011396.8320   22.0378
    0.0000   30.0000    7.500011909.0107   22.0599
    7.5000   30.0000    7.500011343.6709   22.0478
   -7.5000   37.5000    7.500010568.3633   22.0749
    0.0000   37.5000    7.500011052.3154   22.0835
    7.5000   37.5000    7.500010531.2080   22.0654
   -7.5000   45.0000    7.5000 9288.0322   21.6171
    0.0000   45.0000    7.5000 9699.0762   21.6273
    7.5000   45.0000    7.5000 9267.1221   21.6129
   -7.5000  -45.0000   15.000011897.6182   22.3672
    0.0000  -45.0000   15.000012354.3193   22.3788
    7.5000  -45.0000   15.000011952.5488   22.3589
   -7.5000  -37.5000   15.000012335.8262   22.3598
    0.0000  -37.5000   15.000012787.5996   22.3960
    7.5000  -37.5000   15.000012404.6367   22.3914
   -7.5000  -30.0000   15.000013276.7666   22.3220
    0.0000  -30.0000   15.000013840.0371   22.3738
    7.5000  -30.0000   15.000013330.8154   22.3750
   -7.5000  -22.5000   15.000014201.6553   22.2930
    0.0000  -22.5000   15.000014811.7949   22.3349
    7.5000  -22.5000   15.000014287.2959   22.3252
   -7.5000  -15.0000   15.000014834.4326   22.2986
    0.0000  -15.0000   15.000015416.2705   22.3194
    7.5000  -15.0000   15.000014941.2695   22.2953
   -7.5000   -7.5000   15.000015365.2314   22.3351
    0.0000   -7.5000   15.000015963.7744   22.3413
    7.5000   -7.5000   15.000015465.3682   22.3126
   -7.5000    0.0000   15.000015599.1553   22.3672
    0.0000    0.0000   15.000016235.1348   22.3788
    7.5000    0.0000   15.000015646.9492   22.3589
   -7.5000    7.5000   15.000014645.0264   22.3598
    0.0000    7.5000   15.000015172.1357   22.3960
    7.5000    7.5000   15.000014607.4922   22.3914
   -7.5000   15.0000   15.000013481.1904   22.3220
    0.0000   15.0000   15.000013944.0674   22.3738
    7.5000   15.0000   15.000013411.7061   22.3750
   -7.5000   22.5000   15.000012215.8105   22.2827
    0.0000   22.5000   15.000012644.0547   22.3246
    7.5000   22.5000   15.000012161.4473   22.3150
   -7.5000   30.0000   15.000011067.3203   22.0100
    0.0000   30.0000   15.000011474.8125   22.0306
    7.5000   30.0000   15.000011004.1875   22.0067
   -7.5000   37.5000   15.000010239.1758   22.0461
    0.0000   37.5000   15.000010670.1621   22.0522
    7.5000   37.5000   15.000010200.7617   22.0238
   -7.5000   45.0000   15.0000 8994.0215   21.5912
    0.0000   45.0000   15.0000 9366.2432   21.6030
    7.5000   45.0000   15.0000 8957.7188   21.5835
   -7.5000  -45.0000   22.500011397.5039   22.3313
    0.0000  -45.0000   22.500011862.8447   22.3547
    7.5000  -45.0000   22.500011436.2969   22.3322
   -7.5000  -37.5000   22.500011794.2422   22.3303
    0.0000  -37.5000   22.500012224.5312   22.3733
    7.5000  -37.5000   22.500011841.7568   22.3716
   -7.5000  -30.0000   22.500012652.4482   22.3100
    0.0000  -30.0000   22.500013154.6982   22.3617
    7.5000  -30.0000   22.500012677.7109   22.3659
   -7.5000  -22.5000   22.500013578.9453   22.2896
    0.0000  -22.5000   22.500014077.1963   22.3297
    7.5000  -22.5000   22.500013532.4375   22.3162
   -7.5000  -15.0000   22.500014336.9180   22.2862
    0.0000  -15.0000   22.500014843.7227   22.3087
    7.5000  -15.0000   22.500014250.7246   22.2729
   -7.5000   -7.5000   22.500014901.0840   22.3078
    0.0000   -7.5000   22.500015467.3096   22.3220
    7.5000   -7.5000   22.500014854.3359   22.2831
   -7.5000    0.0000   22.500015089.7109   22.3313
    0.0000    0.0000   22.500015680.9004   22.3547
    7.5000    0.0000   22.500015025.5029   22.3322
   -7.5000    7.5000   22.500014034.5566   22.3303
    0.0000    7.5000   22.500014504.9600   22.3733
    7.5000    7.5000   22.500013954.7500   22.3716
   -7.5000   15.0000   22.500012876.9111   22.3100
    0.0000   15.0000   22.500013281.9092   22.3617
    7.5000   15.0000   22.500012775.2832   22.3659
   -7.5000   22.5000   22.500011665.0820   22.2793
    0.0000   22.5000   22.500012019.4941   22.3194
    7.5000   22.5000   22.500011566.8975   22.3059
   -7.5000   30.0000   22.500010563.6084   21.9978
    0.0000   30.0000   22.500010924.6025   22.0200
    7.5000   30.0000   22.500010496.4570   21.9846
   -7.5000   37.5000   22.5000 9782.8457   22.0191
    0.0000   37.5000   22.500010144.8672   22.0332
    7.5000   37.5000   22.5000 9728.1064   21.9947
   -7.5000   45.0000   22.5000 8596.7402   21.5560
    0.0000   45.0000   22.5000 8908.1270   21.5793
    7.5000   45.0000   22.5000 8524.5811   21.5578
   -7.5000  -45.0000   30.000010766.8867   22.3214
    0.0000  -45.0000   30.000011245.2324   22.3554
    7.5000  -45.0000   30.000010789.0703   22.3342
   -7.5000  -37.5000   30.000011182.3203   22.3158
    0.0000  -37.5000   30.000011650.8418   22.3610
    7.5000  -37.5000   30.000011192.4004   22.3637
   -7.5000  -30.0000   30.000012029.2588   22.3082
    0.0000  -30.0000   30.000012510.6768   22.3547
    7.5000  -30.0000   30.000011994.4180   22.3639
   -7.5000  -22.5000   30.000012856.5088   22.3050
    0.0000  -22.5000   30.000013315.0723   22.3414
    7.5000  -22.5000   30.000012723.7842   22.3294
   -7.5000  -15.0000   30.000013543.0215   22.3049
    0.0000  -15.0000   30.000014016.2666   22.3303
    7.5000  -15.0000   30.000013430.7852   22.2923
   -7.5000   -7.5000   30.000014120.2275   22.3138
    0.0000   -7.5000   30.000014687.6963   22.3382
    7.5000   -7.5000   30.000014044.3721   22.2973
   -7.5000    0.0000   30.000014341.6436   22.3214
    0.0000    0.0000   30.000014951.6055   22.3554
    7.5000    0.0000   30.000014281.6201   22.3342
   -7.5000    7.5000   30.000013288.6484   22.3158
    0.0000    7.5000   30.000013794.8809   22.3610
    7.5000    7.5000   30.000013234.6221   22.3637
   -7.5000   15.0000   30.000012174.0312   22.3082
    0.0000   15.0000   30.000012618.7959   22.3547
    7.5000   15.0000   30.000012104.0137   22.3639
   -7.5000   22.5000   30.000011040.3691   22.2947
    0.0000   22.5000   30.000011423.0762   22.3311
    7.5000   22.5000   30.000010919.4863   22.3191
   -7.5000   30.0000   30.0000 9958.0146   22.0162
    0.0000   30.0000   30.000010306.8506   22.0414
    7.5000   30.0000   30.0000 9854.1377   22.0038
   -7.5000   37.5000   30.0000 9195.6719   22.0250
    0.0000   37.5000   30.0000 9501.5264   22.0492
    7.5000   37.5000   30.0000 9120.2354   22.0088
   -7.5000   45.0000   30.0000 8079.7065   21.5487
    0.0000   45.0000   30.0000 8337.4023   21.5821
    7.5000   45.0000   30.0000 8007.2476   21.5620
   -7.5000  -45.0000   37.500010558.7832   22.3635
    0.0000  -45.0000   37.500011088.4951   22.3948
    7.5000  -45.0000   37.500010549.6348   22.3775
   -7.5000  -37.5000   37.500010965.7402   22.3523
    0.0000  -37.5000   37.500011495.5391   22.3924
    7.5000  -37.5000   37.500010963.0322   22.3964
   -7.5000  -30.0000   37.500011734.5049   22.3400
    0.0000  -30.0000   37.500012256.9951   22.3821
    7.5000  -30.0000   37.500011692.9561   22.3941
   -7.5000  -22.5000   37.500012480.4551   22.3408
    0.0000  -22.5000   37.500012955.9336   22.3749
    7.5000  -22.5000   37.500012372.1562   22.3701
   -7.5000  -15.0000   37.500013136.5732   22.3482
    0.0000  -15.0000   37.500013651.7236   22.3736
    7.5000  -15.0000   37.500013062.9980   22.3472
   -7.5000   -7.5000   37.500013698.2881   22.3588
    0.0000   -7.5000   37.500014266.2129   22.3830
    7.5000   -7.5000   37.500013657.4248   22.3521
   -7.5000    0.0000   37.500013976.1992   22.3635
    0.0000    0.0000   37.500014543.0859   22.3948
    7.5000    0.0000   37.500013926.7832   22.3775
   -7.5000    7.5000   37.500012966.0654   22.3523
    0.0000    7.5000   37.500013453.5176   22.3924
    7.5000    7.5000   37.500012923.3740   22.3964
   -7.5000   15.0000   37.500011871.0693   22.3400
    0.0000   15.0000   37.500012322.1240   22.3821
    7.5000   15.0000   37.500011808.8740   22.3941
   -7.5000   22.5000   37.500010769.6211   22.3305
    0.0000   22.5000   37.500011169.7646   22.3646
    7.5000   22.5000   37.500010654.0293   22.3598
   -7.5000   30.0000   37.5000 9693.3916   22.0590
    0.0000   30.0000   37.500010034.4287   22.0840
    7.5000   30.0000   37.5000 9566.9229   22.0580
   -7.5000   37.5000   37.5000 8908.6797   22.0694
    0.0000   37.5000   37.5000 9231.4863   22.0933
    7.5000   37.5000   37.5000 8830.8984   22.0628
   -7.5000   45.0000   37.5000 7812.7510   21.5933
    0.0000   45.0000   37.5000 8076.9219   21.6237
    7.5000   45.0000   37.5000 7741.4321   21.6073
   -7.5000  -45.0000   45.0000 9781.0947   22.3760
    0.0000  -45.0000   45.000010305.8232   22.3962
    7.5000  -45.0000   45.0000 9785.0186   22.3839
   -7.5000  -37.5000   45.000010154.3809   22.3600
    0.0000  -37.5000   45.000010693.7861   22.3941
    7.5000  -37.5000   45.000010172.5918   22.3981
   -7.5000  -30.0000   45.000010873.0498   22.3309
    0.0000  -30.0000   45.000011411.8291   22.3738
    7.5000  -30.0000   45.000010858.6514   22.3866
   -7.5000  -22.5000   45.000011500.8906   22.3226
    0.0000  -22.5000   45.000012024.2510   22.3592
    7.5000  -22.5000   45.000011473.5830   22.3621
   -7.5000  -15.0000   45.000012064.9355   22.3368
    0.0000  -15.0000   45.000012608.4023   22.3616
    7.5000  -15.0000   45.000012044.6582   22.3505
   -7.5000   -7.5000   45.000012606.3242   22.3611
    0.0000   -7.5000   45.000013167.6377   22.3784
    7.5000   -7.5000   45.000012591.2773   22.3609
   -7.5000    0.0000   45.000012866.2236   22.3760
    0.0000    0.0000   45.000013413.8809   22.3962
    7.5000    0.0000   45.000012877.6621   22.3839
   -7.5000    7.5000   45.000011976.4941   22.3600
    0.0000    7.5000   45.000012441.1377   22.3941
    7.5000    7.5000   45.000011955.0244   22.3981
   -7.5000   15.0000   45.000010977.0254   22.3309
    0.0000   15.0000   45.000011382.4814   22.3738
    7.5000   15.0000   45.000010935.2354   22.3866
   -7.5000   22.5000   45.0000 9967.3574   22.3123
    0.0000   22.5000   45.000010321.8896   22.3488
    7.5000   22.5000   45.0000 9887.0928   22.3517
   -7.5000   30.0000   45.0000 8943.8936   22.0458
    0.0000   30.0000   45.0000 9251.7275   22.0703
    7.5000   30.0000   45.0000 8865.5088   22.0594
   -7.5000   37.5000   45.0000 8216.5957   22.0698
    0.0000   37.5000   45.0000 8527.0547   22.0869
    7.5000   37.5000   45.0000 8171.7803   22.0696
   -7.5000   45.0000   45.0000 7209.9165   21.6168
    0.0000   45.0000   45.0000 7474.4985   21.6362
    7.5000   45.0000   45.0000 7175.9092   21.6243

---------------------------------------------------------------------
imgreg_4dfp /opt/freesurfer/average/711-2C_as_mni_average_305 /opt/freesurfer/average/711-2B_as_mni_average_305_mask talsrcimg_g11 none talsrcimg_to_711-2C_as_mni_average_305_t4 4355
---------------------------------------------------------------------

freesurfer imgreg_4dfp.c
/opt/freesurfer/average/711-2C_as_mni_average_305.4dfp.img
       256       256       256         1
  1.000000  1.000000  1.000000
orientation T byte_order littleendian
Reading image: /opt/freesurfer/average/711-2C_as_mni_average_305.4dfp.img
dimensions:      256       256       256
mmppix:       1.0000   -1.0000   -1.0000
center:     128.0000 -129.0000 -129.0000
/opt/freesurfer/average/711-2B_as_mni_average_305_mask.4dfp.img
       256       256       256         1
  1.000000  1.000000  1.000000
orientation T byte_order littleendian
Reading mask: /opt/freesurfer/average/711-2B_as_mni_average_305_mask.4dfp.img (2306576 pixels)
talsrcimg_g11.4dfp.img
       256       256       256         1
  1.000000  1.000000  1.000000
orientation T byte_order littleendian
Reading image: talsrcimg_g11.4dfp.img
dimensions:      256       256       256
mmppix:       1.0000   -1.0000   -1.0000
center:     128.0000 -129.0000 -129.0000
rotation matrix determinant  1.000000
image alignment mode   4355 decimal     1103 hex
   -7.5000  -45.0000  -45.0000 2082.2573   22.0771
    0.0000  -45.0000  -45.0000 2091.1475   22.0858
    7.5000  -45.0000  -45.0000 2075.0325   22.1777
   -7.5000  -37.5000  -45.0000 2122.0710   21.0390
    0.0000  -37.5000  -45.0000 2134.2249   21.0098
    7.5000  -37.5000  -45.0000 2113.8674   21.1164
   -7.5000  -30.0000  -45.0000 2145.3137   20.3803
    0.0000  -30.0000  -45.0000 2157.3816   20.3212
    7.5000  -30.0000  -45.0000 2136.9243   20.4292
   -7.5000  -22.5000  -45.0000 2148.8145   20.1786
    0.0000  -22.5000  -45.0000 2163.6345   20.1110
    7.5000  -22.5000  -45.0000 2143.1970   20.3190
   -7.5000  -15.0000  -45.0000 2145.9546   20.2962
    0.0000  -15.0000  -45.0000 2157.6243   20.1866
    7.5000  -15.0000  -45.0000 2134.2512   20.4794
   -7.5000   -7.5000  -45.0000 2121.2900   20.8514
    0.0000   -7.5000  -45.0000 2134.3606   20.7785
    7.5000   -7.5000  -45.0000 2110.3066   21.0917
   -7.5000    0.0000  -45.0000 2079.5022   21.7613
    0.0000    0.0000  -45.0000 2095.3943   21.6528
    7.5000    0.0000  -45.0000 2072.7180   21.9316
   -7.5000    7.5000  -45.0000 2028.4824   22.9879
    0.0000    7.5000  -45.0000 2042.5624   22.8644
    7.5000    7.5000  -45.0000 2021.9856   23.1799
   -7.5000   15.0000  -45.0000 1958.4514   24.5436
    0.0000   15.0000  -45.0000 1974.3011   24.4389
    7.5000   15.0000  -45.0000 1950.5546   24.7877
   -7.5000   22.5000  -45.0000 1867.1398   26.7783
    0.0000   22.5000  -45.0000 1886.3171   26.6440
    7.5000   22.5000  -45.0000 1860.3577   27.0596
   -7.5000   30.0000  -45.0000 1759.9893   30.0012
    0.0000   30.0000  -45.0000 1777.4070   29.7956
    7.5000   30.0000  -45.0000 1760.4252   30.2649
   -7.5000   37.5000  -45.0000 1651.4581   34.4798
    0.0000   37.5000  -45.0000 1665.2141   34.3242
    7.5000   37.5000  -45.0000 1653.9359   34.7013
   -7.5000   45.0000  -45.0000 1540.2312   40.8601
    0.0000   45.0000  -45.0000 1555.3741   40.6485
    7.5000   45.0000  -45.0000 1541.8132   41.2538
   -7.5000  -45.0000  -37.5000 2195.1196   20.2059
    0.0000  -45.0000  -37.5000 2204.9944   20.2011
    7.5000  -45.0000  -37.5000 2181.0359   20.2294
   -7.5000  -37.5000  -37.5000 2233.2239   19.2552
    0.0000  -37.5000  -37.5000 2245.4060   19.2201
    7.5000  -37.5000  -37.5000 2229.2207   19.2407
   -7.5000  -30.0000  -37.5000 2251.1572   18.6800
    0.0000  -30.0000  -37.5000 2266.2656   18.6711
    7.5000  -30.0000  -37.5000 2248.5986   18.6938
   -7.5000  -22.5000  -37.5000 2252.3103   18.5268
    0.0000  -22.5000  -37.5000 2268.9500   18.4827
    7.5000  -22.5000  -37.5000 2246.2600   18.5731
   -7.5000  -15.0000  -37.5000 2239.6484   18.6400
    0.0000  -15.0000  -37.5000 2252.0132   18.5621
    7.5000  -15.0000  -37.5000 2235.5098   18.7285
   -7.5000   -7.5000  -37.5000 2220.4478   19.0337
    0.0000   -7.5000  -37.5000 2231.1196   18.9477
    7.5000   -7.5000  -37.5000 2215.5713   19.1553
   -7.5000    0.0000  -37.5000 2182.9224   19.7832
    0.0000    0.0000  -37.5000 2199.5552   19.6802
    7.5000    0.0000  -37.5000 2178.9885   19.9101
   -7.5000    7.5000  -37.5000 2129.7864   20.8776
    0.0000    7.5000  -37.5000 2147.2412   20.8161
    7.5000    7.5000  -37.5000 2125.8408   21.0758
   -7.5000   15.0000  -37.5000 2055.7932   22.3456
    0.0000   15.0000  -37.5000 2077.4731   22.2864
    7.5000   15.0000  -37.5000 2053.3877   22.5709
   -7.5000   22.5000  -37.5000 1968.8512   24.3393
    0.0000   22.5000  -37.5000 1988.3712   24.2100
    7.5000   22.5000  -37.5000 1964.4667   24.6592
   -7.5000   30.0000  -37.5000 1851.4484   27.1732
    0.0000   30.0000  -37.5000 1871.8137   27.0057
    7.5000   30.0000  -37.5000 1850.9875   27.4051
   -7.5000   37.5000  -37.5000 1732.1150   31.0851
    0.0000   37.5000  -37.5000 1750.2085   30.9278
    7.5000   37.5000  -37.5000 1735.2227   31.3080
   -7.5000   45.0000  -37.5000 1607.4310   36.7725
    0.0000   45.0000  -37.5000 1621.7056   36.5897
    7.5000   45.0000  -37.5000 1612.0090   36.8752
   -7.5000  -45.0000  -30.0000 2335.1042   19.1272
    0.0000  -45.0000  -30.0000 2345.8608   19.1301
    7.5000  -45.0000  -30.0000 2327.8369   19.1595
   -7.5000  -37.5000  -30.0000 2377.3218   18.2058
    0.0000  -37.5000  -30.0000 2389.3469   18.1933
    7.5000  -37.5000  -30.0000 2372.1450   18.2350
   -7.5000  -30.0000  -30.0000 2397.3796   17.6932
    0.0000  -30.0000  -30.0000 2419.3950   17.6536
    7.5000  -30.0000  -30.0000 2393.6785   17.6831
   -7.5000  -22.5000  -30.0000 2399.7966   17.5079
    0.0000  -22.5000  -30.0000 2416.5901   17.4784
    7.5000  -22.5000  -30.0000 2393.8906   17.5043
   -7.5000  -15.0000  -30.0000 2388.5583   17.6286
    0.0000  -15.0000  -30.0000 2402.2527   17.5396
    7.5000  -15.0000  -30.0000 2384.7791   17.6391
   -7.5000   -7.5000  -30.0000 2370.9778   17.9845
    0.0000   -7.5000  -30.0000 2386.2175   17.8994
    7.5000   -7.5000  -30.0000 2365.9219   18.0446
   -7.5000    0.0000  -30.0000 2333.5112   18.6968
    0.0000    0.0000  -30.0000 2352.1160   18.5862
    7.5000    0.0000  -30.0000 2329.9995   18.7605
   -7.5000    7.5000  -30.0000 2273.9521   19.7430
    0.0000    7.5000  -30.0000 2294.0891   19.5993
    7.5000    7.5000  -30.0000 2274.5671   19.8485
   -7.5000   15.0000  -30.0000 2194.9878   21.1494
    0.0000   15.0000  -30.0000 2216.6086   21.0093
    7.5000   15.0000  -30.0000 2193.2441   21.2537
   -7.5000   22.5000  -30.0000 2099.7124   23.0427
    0.0000   22.5000  -30.0000 2120.0251   22.9588
    7.5000   22.5000  -30.0000 2090.6646   23.2456
   -7.5000   30.0000  -30.0000 1973.1848   25.6423
    0.0000   30.0000  -30.0000 1996.3809   25.4828
    7.5000   30.0000  -30.0000 1966.7318   25.7727
   -7.5000   37.5000  -30.0000 1843.6173   29.1690
    0.0000   37.5000  -30.0000 1863.3221   29.0393
    7.5000   37.5000  -30.0000 1845.0160   29.3683
   -7.5000   45.0000  -30.0000 1704.4236   34.4134
    0.0000   45.0000  -30.0000 1719.8142   34.0408
    7.5000   45.0000  -30.0000 1705.1650   34.4232
   -7.5000  -45.0000  -22.5000 2442.1785   17.9055
    0.0000  -45.0000  -22.5000 2458.7136   17.9029
    7.5000  -45.0000  -22.5000 2438.9414   17.9860
   -7.5000  -37.5000  -22.5000 2491.8848   17.0283
    0.0000  -37.5000  -22.5000 2506.2605   17.0069
    7.5000  -37.5000  -22.5000 2486.3647   17.0456
   -7.5000  -30.0000  -22.5000 2516.9958   16.5515
    0.0000  -30.0000  -22.5000 2538.5859   16.4965
    7.5000  -30.0000  -22.5000 2513.5291   16.5580
   -7.5000  -22.5000  -22.5000 2533.2024   16.3992
    0.0000  -22.5000  -22.5000 2548.2212   16.3695
    7.5000  -22.5000  -22.5000 2523.0571   16.3793
   -7.5000  -15.0000  -22.5000 2527.6233   16.5221
    0.0000  -15.0000  -22.5000 2546.6025   16.4678
    7.5000  -15.0000  -22.5000 2520.5977   16.5122
   -7.5000   -7.5000  -22.5000 2510.6160   16.8836
    0.0000   -7.5000  -22.5000 2528.9712   16.8259
    7.5000   -7.5000  -22.5000 2502.5193   16.9117
   -7.5000    0.0000  -22.5000 2465.4900   17.5390
    0.0000    0.0000  -22.5000 2490.7744   17.4588
    7.5000    0.0000  -22.5000 2461.4409   17.5830
   -7.5000    7.5000  -22.5000 2402.5176   18.5156
    0.0000    7.5000  -22.5000 2430.6848   18.4406
    7.5000    7.5000  -22.5000 2401.5056   18.5774
   -7.5000   15.0000  -22.5000 2309.2339   19.8858
    0.0000   15.0000  -22.5000 2336.3457   19.7804
    7.5000   15.0000  -22.5000 2302.9590   19.9816
   -7.5000   22.5000  -22.5000 2200.1870   21.6672
    0.0000   22.5000  -22.5000 2228.2949   21.5763
    7.5000   22.5000  -22.5000 2194.0247   21.8036
   -7.5000   30.0000  -22.5000 2070.9639   24.0929
    0.0000   30.0000  -22.5000 2095.5642   23.9903
    7.5000   30.0000  -22.5000 2069.0874   24.1986
   -7.5000   37.5000  -22.5000 1934.6111   27.3328
    0.0000   37.5000  -22.5000 1962.2133   27.2422
    7.5000   37.5000  -22.5000 1935.8597   27.4613
   -7.5000   45.0000  -22.5000 1785.2335   32.0604
    0.0000   45.0000  -22.5000 1804.8920   31.8875
    7.5000   45.0000  -22.5000 1786.4391   32.1418
   -7.5000  -45.0000  -15.0000 2519.7388   16.7746
    0.0000  -45.0000  -15.0000 2535.2966   16.7493
    7.5000  -45.0000  -15.0000 2510.4282   16.8468
   -7.5000  -37.5000  -15.0000 2572.1133   15.9085
    0.0000  -37.5000  -15.0000 2591.2068   15.8720
    7.5000  -37.5000  -15.0000 2570.5862   15.9480
   -7.5000  -30.0000  -15.0000 2610.8447   15.4520
    0.0000  -30.0000  -15.0000 2635.2717   15.3885
    7.5000  -30.0000  -15.0000 2613.7939   15.4967
   -7.5000  -22.5000  -15.0000 2640.3547   15.2752
    0.0000  -22.5000  -15.0000 2666.6409   15.2401
    7.5000  -22.5000  -15.0000 2630.2561   15.2831
   -7.5000  -15.0000  -15.0000 2640.7979   15.4345
    0.0000  -15.0000  -15.0000 2666.2236   15.3936
    7.5000  -15.0000  -15.0000 2628.6907   15.4186
   -7.5000   -7.5000  -15.0000 2622.0845   15.8383
    0.0000   -7.5000  -15.0000 2648.5957   15.8063
    7.5000   -7.5000  -15.0000 2613.6079   15.8467
   -7.5000    0.0000  -15.0000 2580.8816   16.4777
    0.0000    0.0000  -15.0000 2612.0925   16.4087
    7.5000    0.0000  -15.0000 2575.7046   16.4941
   -7.5000    7.5000  -15.0000 2508.3838   17.3943
    0.0000    7.5000  -15.0000 2540.9705   17.3008
    7.5000    7.5000  -15.0000 2503.2307   17.4428
   -7.5000   15.0000  -15.0000 2400.3892   18.7076
    0.0000   15.0000  -15.0000 2430.8257   18.6195
    7.5000   15.0000  -15.0000 2400.5178   18.7897
   -7.5000   22.5000  -15.0000 2286.3958   20.4631
    0.0000   22.5000  -15.0000 2313.5352   20.3510
    7.5000   22.5000  -15.0000 2284.2075   20.5636
   -7.5000   30.0000  -15.0000 2148.3589   22.7315
    0.0000   30.0000  -15.0000 2166.9084   22.6127
    7.5000   30.0000  -15.0000 2145.5161   22.8436
   -7.5000   37.5000  -15.0000 2003.4281   25.8070
    0.0000   37.5000  -15.0000 2024.9458   25.6956
    7.5000   37.5000  -15.0000 2002.3062   25.9261
   -7.5000   45.0000  -15.0000 1847.5535   30.1850
    0.0000   45.0000  -15.0000 1868.9388   30.0448
    7.5000   45.0000  -15.0000 1845.2421   30.2515
   -7.5000  -45.0000   -7.5000 2574.5017   15.7957
    0.0000  -45.0000   -7.5000 2594.7781   15.7755
    7.5000  -45.0000   -7.5000 2566.1448   15.9743
   -7.5000  -37.5000   -7.5000 2637.8977   14.9267
    0.0000  -37.5000   -7.5000 2665.9851   14.9118
    7.5000  -37.5000   -7.5000 2640.2402   15.0707
   -7.5000  -30.0000   -7.5000 2691.3789   14.4384
    0.0000  -30.0000   -7.5000 2713.4141   14.3939
    7.5000  -30.0000   -7.5000 2689.4160   14.5381
   -7.5000  -22.5000   -7.5000 2735.5017   14.2369
    0.0000  -22.5000   -7.5000 2762.0461   14.1748
    7.5000  -22.5000   -7.5000 2724.2520   14.2933
   -7.5000  -15.0000   -7.5000 2741.7429   14.4381
    0.0000  -15.0000   -7.5000 2776.3848   14.3646
    7.5000  -15.0000   -7.5000 2726.3115   14.4377
   -7.5000   -7.5000   -7.5000 2727.5144   14.8687
    0.0000   -7.5000   -7.5000 2761.3792   14.8116
    7.5000   -7.5000   -7.5000 2721.1257   14.8821
   -7.5000    0.0000   -7.5000 2675.2957   15.4878
    0.0000    0.0000   -7.5000 2709.3381   15.4017
    7.5000    0.0000   -7.5000 2674.1213   15.5142
   -7.5000    7.5000   -7.5000 2596.0996   16.3676
    0.0000    7.5000   -7.5000 2629.6265   16.2846
    7.5000    7.5000   -7.5000 2596.5803   16.4468
   -7.5000   15.0000   -7.5000 2485.2324   17.6619
    0.0000   15.0000   -7.5000 2516.6172   17.5534
    7.5000   15.0000   -7.5000 2487.5337   17.7493
   -7.5000   22.5000   -7.5000 2352.7893   19.4224
    0.0000   22.5000   -7.5000 2386.4067   19.3010
    7.5000   22.5000   -7.5000 2355.5054   19.5052
   -7.5000   30.0000   -7.5000 2208.6851   21.6061
    0.0000   30.0000   -7.5000 2229.7471   21.5072
    7.5000   30.0000   -7.5000 2212.7322   21.6931
   -7.5000   37.5000   -7.5000 2054.9402   24.5397
    0.0000   37.5000   -7.5000 2077.4170   24.3820
    7.5000   37.5000   -7.5000 2053.7495   24.6262
   -7.5000   45.0000   -7.5000 1886.4843   28.5176
    0.0000   45.0000   -7.5000 1905.3552   28.3150
    7.5000   45.0000   -7.5000 1888.9540   28.5796
   -7.5000  -45.0000    0.0000 2614.8040   15.1568
    0.0000  -45.0000    0.0000 2629.1431   15.0409
    7.5000  -45.0000    0.0000 2610.9363   15.3587
   -7.5000  -37.5000    0.0000 2699.8354   14.2569
    0.0000  -37.5000    0.0000 2722.8635   14.1661
    7.5000  -37.5000    0.0000 2702.0891   14.4224
   -7.5000  -30.0000    0.0000 2764.6929   13.7009
    0.0000  -30.0000    0.0000 2790.6909   13.5986
    7.5000  -30.0000    0.0000 2767.4707   13.8390
   -7.5000  -22.5000    0.0000 2821.7788   13.4391
    0.0000  -22.5000    0.0000 2851.4072   13.3461
    7.5000  -22.5000    0.0000 2811.8562   13.5814
   -7.5000  -15.0000    0.0000 2836.2971   13.6105
    0.0000  -15.0000    0.0000 2872.9128   13.5010
    7.5000  -15.0000    0.0000 2821.3928   13.7134
   -7.5000   -7.5000    0.0000 2820.7012   14.0493
    0.0000   -7.5000    0.0000 2856.5779   13.9323
    7.5000   -7.5000    0.0000 2813.0647   14.1183
   -7.5000    0.0000    0.0000 2756.9604   14.6415
    0.0000    0.0000    0.0000 2788.8867   14.5289
    7.5000    0.0000    0.0000 2759.0522   14.7037
   -7.5000    7.5000    0.0000 2660.4373   15.5344
    0.0000    7.5000    0.0000 2696.7703   15.4335
    7.5000    7.5000    0.0000 2670.4971   15.6578
   -7.5000   15.0000    0.0000 2544.9043   16.8633
    0.0000   15.0000    0.0000 2580.6387   16.7608
    7.5000   15.0000    0.0000 2546.1287   17.0031
   -7.5000   22.5000    0.0000 2408.6177   18.5680
    0.0000   22.5000    0.0000 2440.6240   18.4949
    7.5000   22.5000    0.0000 2408.6814   18.7420
   -7.5000   30.0000    0.0000 2256.1399   20.7341
    0.0000   30.0000    0.0000 2284.8877   20.6398
    7.5000   30.0000    0.0000 2258.8613   20.8915
   -7.5000   37.5000    0.0000 2093.3633   23.5399
    0.0000   37.5000    0.0000 2118.0706   23.4232
    7.5000   37.5000    0.0000 2092.8469   23.6461
   -7.5000   45.0000    0.0000 1920.6970   27.2766
    0.0000   45.0000    0.0000 1939.3364   27.1215
    7.5000   45.0000    0.0000 1921.8578   27.3618
   -7.5000  -45.0000    7.5000 2629.8674   14.7373
    0.0000  -45.0000    7.5000 2643.0151   14.4863
    7.5000  -45.0000    7.5000 2628.7312   14.9077
   -7.5000  -37.5000    7.5000 2733.6497   13.8117
    0.0000  -37.5000    7.5000 2759.7871   13.5955
    7.5000  -37.5000    7.5000 2737.5945   13.9510
   -7.5000  -30.0000    7.5000 2825.0645   13.1992
    0.0000  -30.0000    7.5000 2854.9478   13.0151
    7.5000  -30.0000    7.5000 2825.7939   13.3363
   -7.5000  -22.5000    7.5000 2894.6223   12.9191
    0.0000  -22.5000    7.5000 2937.5774   12.7641
    7.5000  -22.5000    7.5000 2888.5818   13.0813
   -7.5000  -15.0000    7.5000 2918.2646   12.9909
    0.0000  -15.0000    7.5000 2969.9043   12.8377
    7.5000  -15.0000    7.5000 2907.7505   13.1788
   -7.5000   -7.5000    7.5000 2887.3684   13.3902
    0.0000   -7.5000    7.5000 2932.8521   13.2660
    7.5000   -7.5000    7.5000 2888.2532   13.5448
   -7.5000    0.0000    7.5000 2805.9141   14.0202
    0.0000    0.0000    7.5000 2848.1382   13.8975
    7.5000    0.0000    7.5000 2816.3542   14.1743
   -7.5000    7.5000    7.5000 2707.2795   14.9668
    0.0000    7.5000    7.5000 2749.9956   14.8762
    7.5000    7.5000    7.5000 2719.8774   15.1405
   -7.5000   15.0000    7.5000 2585.0781   16.2907
    0.0000   15.0000    7.5000 2619.4927   16.2135
    7.5000   15.0000    7.5000 2589.4597   16.4660
   -7.5000   22.5000    7.5000 2445.0786   18.0143
    0.0000   22.5000    7.5000 2473.6028   17.9663
    7.5000   22.5000    7.5000 2442.8682   18.2006
   -7.5000   30.0000    7.5000 2286.1692   20.1506
    0.0000   30.0000    7.5000 2315.2866   20.0810
    7.5000   30.0000    7.5000 2288.9966   20.3169
   -7.5000   37.5000    7.5000 2122.7639   22.8908
    0.0000   37.5000    7.5000 2145.4690   22.7817
    7.5000   37.5000    7.5000 2124.1240   23.1095
   -7.5000   45.0000    7.5000 1937.7046   26.4408
    0.0000   45.0000    7.5000 1967.6658   26.3041
    7.5000   45.0000    7.5000 1946.4728   26.6024
   -7.5000  -45.0000   15.0000 2634.2449   14.5455
    0.0000  -45.0000   15.0000 2650.2520   14.2101
    7.5000  -45.0000   15.0000 2632.8169   14.6644
   -7.5000  -37.5000   15.0000 2745.2454   13.5376
    0.0000  -37.5000   15.0000 2771.9595   13.2308
    7.5000  -37.5000   15.0000 2746.7498   13.6568
   -7.5000  -30.0000   15.0000 2843.1926   12.9076
    0.0000  -30.0000   15.0000 2883.6445   12.6397
    7.5000  -30.0000   15.0000 2845.7593   12.9960
   -7.5000  -22.5000   15.0000 2932.5063   12.7188
    0.0000  -22.5000   15.0000 2993.9797   12.5090
    7.5000  -22.5000   15.0000 2925.8171   12.7838
   -7.5000  -15.0000   15.0000 2966.4915   12.7229
    0.0000  -15.0000   15.0000 3037.2114   12.5374
    7.5000  -15.0000   15.0000 2952.7153   12.8918
   -7.5000   -7.5000   15.0000 2923.2817   13.0864
    0.0000   -7.5000   15.0000 2987.7419   12.9251
    7.5000   -7.5000   15.0000 2921.8472   13.2595
   -7.5000    0.0000   15.0000 2830.4109   13.7869
    0.0000    0.0000   15.0000 2876.9773   13.6378
    7.5000    0.0000   15.0000 2840.0149   13.9209
   -7.5000    7.5000   15.0000 2723.7517   14.7495
    0.0000    7.5000   15.0000 2760.8596   14.6277
    7.5000    7.5000   15.0000 2737.1140   14.8893
   -7.5000   15.0000   15.0000 2595.0564   16.0769
    0.0000   15.0000   15.0000 2626.7527   15.9706
    7.5000   15.0000   15.0000 2603.0278   16.2027
   -7.5000   22.5000   15.0000 2455.9482   17.7578
    0.0000   22.5000   15.0000 2480.8508   17.6664
    7.5000   22.5000   15.0000 2455.8503   17.9161
   -7.5000   30.0000   15.0000 2296.0913   19.8283
    0.0000   30.0000   15.0000 2322.5625   19.7448
    7.5000   30.0000   15.0000 2296.0376   20.0002
   -7.5000   37.5000   15.0000 2129.8115   22.4832
    0.0000   37.5000   15.0000 2157.6016   22.4152
    7.5000   37.5000   15.0000 2139.5864   22.6850
   -7.5000   45.0000   15.0000 1947.9044   25.9245
    0.0000   45.0000   15.0000 1976.5419   25.7718
    7.5000   45.0000   15.0000 1956.2570   26.0584
   -7.5000  -45.0000   22.5000 2617.9387   14.5565
    0.0000  -45.0000   22.5000 2639.5581   14.2371
    7.5000  -45.0000   22.5000 2622.4636   14.6402
   -7.5000  -37.5000   22.5000 2724.1331   13.5281
    0.0000  -37.5000   22.5000 2756.6047   13.2081
    7.5000  -37.5000   22.5000 2735.2620   13.6153
   -7.5000  -30.0000   22.5000 2823.9517   12.9093
    0.0000  -30.0000   22.5000 2867.7415   12.5846
    7.5000  -30.0000   22.5000 2834.6982   12.9657
   -7.5000  -22.5000   22.5000 2922.9802   12.7284
    0.0000  -22.5000   22.5000 2978.5220   12.4655
    7.5000  -22.5000   22.5000 2921.4470   12.7364
   -7.5000  -15.0000   22.5000 2953.6875   12.8326
    0.0000  -15.0000   22.5000 3013.0759   12.5701
    7.5000  -15.0000   22.5000 2949.6621   12.8164
   -7.5000   -7.5000   22.5000 2909.2036   13.1907
    0.0000   -7.5000   22.5000 2971.6074   13.0101
    7.5000   -7.5000   22.5000 2918.7000   13.2262
   -7.5000    0.0000   22.5000 2823.4309   13.8401
    0.0000    0.0000   22.5000 2874.0479   13.7347
    7.5000    0.0000   22.5000 2835.1880   13.9551
   -7.5000    7.5000   22.5000 2715.0535   14.8015
    0.0000    7.5000   22.5000 2748.3528   14.6609
    7.5000    7.5000   22.5000 2726.7502   14.9179
   -7.5000   15.0000   22.5000 2585.0825   16.1066
    0.0000   15.0000   22.5000 2611.6489   15.9643
    7.5000   15.0000   22.5000 2592.3618   16.1819
   -7.5000   22.5000   22.5000 2445.3357   17.7351
    0.0000   22.5000   22.5000 2468.2317   17.6187
    7.5000   22.5000   22.5000 2450.1907   17.8185
   -7.5000   30.0000   22.5000 2286.3169   19.7770
    0.0000   30.0000   22.5000 2314.7483   19.6559
    7.5000   30.0000   22.5000 2291.8755   19.8739
   -7.5000   37.5000   22.5000 2119.3047   22.3590
    0.0000   37.5000   22.5000 2151.3679   22.2782
    7.5000   37.5000   22.5000 2133.2214   22.4844
   -7.5000   45.0000   22.5000 1939.2017   25.6735
    0.0000   45.0000   22.5000 1968.2334   25.5469
    7.5000   45.0000   22.5000 1951.7118   25.7828
   -7.5000  -45.0000   30.0000 2578.6543   14.8569
    0.0000  -45.0000   30.0000 2608.9690   14.5675
    7.5000  -45.0000   30.0000 2592.9836   14.8869
   -7.5000  -37.5000   30.0000 2681.7651   13.8518
    0.0000  -37.5000   30.0000 2719.5283   13.5850
    7.5000  -37.5000   30.0000 2701.1504   13.9036
   -7.5000  -30.0000   30.0000 2782.3015   13.2760
    0.0000  -30.0000   30.0000 2824.7280   13.0220
    7.5000  -30.0000   30.0000 2803.7117   13.3038
   -7.5000  -22.5000   30.0000 2864.2537   13.0432
    0.0000  -22.5000   30.0000 2916.3638   12.7910
    7.5000  -22.5000   30.0000 2876.0061   13.0184
   -7.5000  -15.0000   30.0000 2888.8923   13.1230
    0.0000  -15.0000   30.0000 2931.4189   12.9006
    7.5000  -15.0000   30.0000 2904.1882   13.0909
   -7.5000   -7.5000   30.0000 2849.7290   13.5684
    0.0000   -7.5000   30.0000 2904.5981   13.3872
    7.5000   -7.5000   30.0000 2869.7681   13.5545
   -7.5000    0.0000   30.0000 2774.2241   14.2452
    0.0000    0.0000   30.0000 2828.0405   14.1212
    7.5000    0.0000   30.0000 2793.1394   14.2692
   -7.5000    7.5000   30.0000 2668.6753   15.1536
    0.0000    7.5000   30.0000 2704.1904   15.0541
    7.5000    7.5000   30.0000 2686.8123   15.2422
   -7.5000   15.0000   30.0000 2548.7007   16.3742
    0.0000   15.0000   30.0000 2581.5828   16.2652
    7.5000   15.0000   30.0000 2564.5122   16.4620
   -7.5000   22.5000   30.0000 2410.7065   17.9659
    0.0000   22.5000   30.0000 2442.1824   17.8396
    7.5000   22.5000   30.0000 2423.8164   18.0388
   -7.5000   30.0000   30.0000 2255.2046   19.9758
    0.0000   30.0000   30.0000 2283.9714   19.8217
    7.5000   30.0000   30.0000 2269.5613   20.0280
   -7.5000   37.5000   30.0000 2091.7766   22.4741
    0.0000   37.5000   30.0000 2118.7043   22.3000
    7.5000   37.5000   30.0000 2110.4375   22.5278
   -7.5000   45.0000   30.0000 1916.6179   25.7318
    0.0000   45.0000   30.0000 1946.3481   25.4761
    7.5000   45.0000   30.0000 1933.0483   25.7531
   -7.5000  -45.0000   37.5000 2536.7937   15.5009
    0.0000  -45.0000   37.5000 2576.9946   15.2645
    7.5000  -45.0000   37.5000 2554.9690   15.4825
   -7.5000  -37.5000   37.5000 2637.7551   14.5419
    0.0000  -37.5000   37.5000 2680.0830   14.3129
    7.5000  -37.5000   37.5000 2659.4482   14.5512
   -7.5000  -30.0000   37.5000 2720.8787   13.9259
    0.0000  -30.0000   37.5000 2766.8567   13.6798
    7.5000  -30.0000   37.5000 2745.2661   13.9051
   -7.5000  -22.5000   37.5000 2785.4663   13.6492
    0.0000  -22.5000   37.5000 2831.2014   13.3919
    7.5000  -22.5000   37.5000 2800.2214   13.5905
   -7.5000  -15.0000   37.5000 2811.4858   13.6711
    0.0000  -15.0000   37.5000 2849.4250   13.4990
    7.5000  -15.0000   37.5000 2826.1099   13.6427
   -7.5000   -7.5000   37.5000 2772.6860   14.1549
    0.0000   -7.5000   37.5000 2820.5327   13.9843
    7.5000   -7.5000   37.5000 2795.7532   14.1377
   -7.5000    0.0000   37.5000 2704.3425   14.8728
    0.0000    0.0000   37.5000 2750.6946   14.6983
    7.5000    0.0000   37.5000 2720.6489   14.8616
   -7.5000    7.5000   37.5000 2603.8525   15.7742
    0.0000    7.5000   37.5000 2641.3220   15.6234
    7.5000    7.5000   37.5000 2622.4287   15.8015
   -7.5000   15.0000   37.5000 2496.3567   16.9709
    0.0000   15.0000   37.5000 2527.4739   16.8403
    7.5000   15.0000   37.5000 2510.2070   17.0246
   -7.5000   22.5000   37.5000 2367.7800   18.5506
    0.0000   22.5000   37.5000 2399.9089   18.3485
    7.5000   22.5000   37.5000 2382.2971   18.5342
   -7.5000   30.0000   37.5000 2218.9458   20.4869
    0.0000   30.0000   37.5000 2246.6736   20.2706
    7.5000   30.0000   37.5000 2233.6931   20.4748
   -7.5000   37.5000   37.5000 2056.4890   22.9334
    0.0000   37.5000   37.5000 2083.9583   22.7438
    7.5000   37.5000   37.5000 2077.8071   22.9078
   -7.5000   45.0000   37.5000 1889.4458   26.1157
    0.0000   45.0000   37.5000 1914.6000   25.8487
    7.5000   45.0000   37.5000 1907.3812   26.1312
   -7.5000  -45.0000   45.0000 2480.5256   16.4434
    0.0000  -45.0000   45.0000 2525.2080   16.2282
    7.5000  -45.0000   45.0000 2499.1184   16.3738
   -7.5000  -37.5000   45.0000 2575.5339   15.3973
    0.0000  -37.5000   45.0000 2625.0603   15.2342
    7.5000  -37.5000   45.0000 2601.5046   15.4011
   -7.5000  -30.0000   45.0000 2654.8994   14.8219
    0.0000  -30.0000   45.0000 2705.2932   14.5846
    7.5000  -30.0000   45.0000 2679.0059   14.7478
   -7.5000  -22.5000   45.0000 2700.2063   14.4914
    0.0000  -22.5000   45.0000 2747.0288   14.2753
    7.5000  -22.5000   45.0000 2722.5474   14.4128
   -7.5000  -15.0000   45.0000 2717.9138   14.4847
    0.0000  -15.0000   45.0000 2757.2214   14.3068
    7.5000  -15.0000   45.0000 2734.9509   14.4189
   -7.5000   -7.5000   45.0000 2679.4094   14.9291
    0.0000   -7.5000   45.0000 2722.2930   14.7575
    7.5000   -7.5000   45.0000 2702.4253   14.8783
   -7.5000    0.0000   45.0000 2616.1853   15.6495
    0.0000    0.0000   45.0000 2656.5066   15.4628
    7.5000    0.0000   45.0000 2639.9001   15.5974
   -7.5000    7.5000   45.0000 2528.0542   16.5587
    0.0000    7.5000   45.0000 2564.6799   16.3810
    7.5000    7.5000   45.0000 2548.8684   16.5502
   -7.5000   15.0000   45.0000 2428.7351   17.7202
    0.0000   15.0000   45.0000 2457.6565   17.5922
    7.5000   15.0000   45.0000 2444.1575   17.7759
   -7.5000   22.5000   45.0000 2311.7854   19.2783
    0.0000   22.5000   45.0000 2335.9768   19.1122
    7.5000   22.5000   45.0000 2323.5479   19.2570
   -7.5000   30.0000   45.0000 2163.6411   21.2099
    0.0000   30.0000   45.0000 2189.5776   21.0184
    7.5000   30.0000   45.0000 2181.7471   21.2316
   -7.5000   37.5000   45.0000 2008.6807   23.6044
    0.0000   37.5000   45.0000 2035.5875   23.3978
    7.5000   37.5000   45.0000 2025.1285   23.6410
   -7.5000   45.0000   45.0000 1853.7958   26.7967
    0.0000   45.0000   45.0000 1874.7316   26.5012
    7.5000   45.0000   45.0000 1866.6310   26.8142

---------------------------------------------------------------------
imgreg_4dfp /opt/freesurfer/average/711-2C_as_mni_average_305 /opt/freesurfer/average/711-2B_as_mni_average_305_mask talsrcimg_g11 none talsrcimg_to_711-2C_as_mni_average_305_t4 1283
---------------------------------------------------------------------

freesurfer imgreg_4dfp.c
/opt/freesurfer/average/711-2C_as_mni_average_305.4dfp.img
       256       256       256         1
  1.000000  1.000000  1.000000
orientation T byte_order littleendian
Reading image: /opt/freesurfer/average/711-2C_as_mni_average_305.4dfp.img
dimensions:      256       256       256
mmppix:       1.0000   -1.0000   -1.0000
center:     128.0000 -129.0000 -129.0000
/opt/freesurfer/average/711-2B_as_mni_average_305_mask.4dfp.img
       256       256       256         1
  1.000000  1.000000  1.000000
orientation T byte_order littleendian
Reading mask: /opt/freesurfer/average/711-2B_as_mni_average_305_mask.4dfp.img (2306576 pixels)
talsrcimg_g11.4dfp.img
       256       256       256         1
  1.000000  1.000000  1.000000
orientation T byte_order littleendian
Reading image: talsrcimg_g11.4dfp.img
dimensions:      256       256       256
mmppix:       1.0000   -1.0000   -1.0000
center:     128.0000 -129.0000 -129.0000
rotation matrix determinant  1.000000
fimgreg.f
image alignment mode   1283 decimal      503 hex
parameters
    0.0000  -15.0000   15.0000    0.0000    0.0000    0.0000
eta,q 0.95212 12.52378
niter,ni,del,rscale     5    3   12.0000    1.2000
parameter  4  1.035449 ->  0.500000 qaram    1.1500
parameter  6  0.778570 ->  0.500000 qaram    1.1500
parameters
   -0.3781  -15.6883   16.8550   -3.4500   -0.9455   -3.4500
eta,q 0.95461 12.43134
  0.0643  0.0560  0.0642  0.0476  0.0529  0.0459
  0.0570  0.0526  0.0574  0.0469  0.0496  0.0454
  0.0523  0.0509  0.0524  0.0480  0.0479  0.0456
  0.0510  0.0505  0.0501  0.0500  0.0470  0.0473
  0.0532  0.0515  0.0502  0.0521  0.0490  0.0497
  0.0593  0.0547  0.0512  0.0537  0.0530  0.0520
  0.0685  0.0596  0.0530  0.0567  0.0584  0.0549
niter,ni,del,rscale     6    3   12.0000    1.2000
parameter  4  0.602444 ->  0.500000 qaram    1.3225
parameters
   -0.3518  -14.2434   15.8270   -7.4175   -0.5289   -2.8965
eta,q 0.95736 12.51373
  0.0622  0.0599  0.0507  0.0439  0.0541  0.0543
  0.0541  0.0522  0.0459  0.0426  0.0485  0.0472
  0.0486  0.0479  0.0442  0.0427  0.0445  0.0435
  0.0454  0.0454  0.0445  0.0441  0.0426  0.0426
  0.0464  0.0446  0.0469  0.0476  0.0431  0.0435
  0.0529  0.0468  0.0504  0.0511  0.0462  0.0462
  0.0633  0.0500  0.0562  0.0543  0.0517  0.0501
niter,ni,del,rscale     6    3   12.0000    1.2000
parameters
   -0.1623  -12.7787   15.4961   -7.0076   -0.8978   -2.8103
eta,q 0.95805 12.53302
  0.0649  0.0633  0.0508  0.0550  0.0511  0.0511
  0.0557  0.0535  0.0459  0.0468  0.0456  0.0455
  0.0475  0.0458  0.0428  0.0423  0.0424  0.0427
  0.0426  0.0425  0.0420  0.0420  0.0421  0.0420
  0.0443  0.0421  0.0430  0.0430  0.0433  0.0428
  0.0526  0.0442  0.0470  0.0461  0.0474  0.0455
  0.0639  0.0495  0.0535  0.0515  0.0536  0.0504
niter,ni,del,rscale     5    3   12.0000    1.2000
parameters
   -0.0409  -12.7937   15.5544   -6.9832   -0.9750   -2.7888
eta,q 0.95817 12.53640
  0.0642  0.0548  0.0522  0.0540  0.0520  0.0509
  0.0548  0.0471  0.0468  0.0455  0.0463  0.0453
  0.0464  0.0430  0.0431  0.0420  0.0426  0.0426
  0.0419  0.0419  0.0419  0.0418  0.0418  0.0418
  0.0437  0.0431  0.0425  0.0432  0.0429  0.0427
  0.0525  0.0476  0.0460  0.0468  0.0465  0.0456
  0.0639  0.0546  0.0522  0.0525  0.0526  0.0505
niter,ni,del,rscale     4    3   12.0000    1.2000
parameters
   -0.0070  -12.7898   15.5636   -6.9885   -0.9974   -2.7836
eta,q 0.95820 12.53764
  0.0637  0.0549  0.0520  0.0539  0.0522  0.0508
  0.0543  0.0471  0.0466  0.0454  0.0465  0.0453
  0.0460  0.0430  0.0430  0.0420  0.0427  0.0425
  0.0418  0.0418  0.0418  0.0418  0.0418  0.0418
  0.0440  0.0430  0.0426  0.0432  0.0428  0.0427
  0.0531  0.0475  0.0462  0.0469  0.0464  0.0456
  0.0644  0.0545  0.0524  0.0525  0.0524  0.0505
registration optimization eta report
parameter search radius
    6.0000    6.0000    6.0000    7.9350    6.0000    6.9000
100000*second partial in parameter space
       60.       36.       29.       19.       30.       19.
  0.0637  0.0549  0.0520  0.0539  0.0522  0.0508
  0.0543  0.0471  0.0466  0.0454  0.0465  0.0453
  0.0460  0.0430  0.0430  0.0420  0.0427  0.0425
  0.0418  0.0418  0.0418  0.0418  0.0418  0.0418
  0.0440  0.0430  0.0426  0.0432  0.0428  0.0427
  0.0531  0.0475  0.0462  0.0469  0.0464  0.0456
  0.0644  0.0545  0.0524  0.0525  0.0524  0.0505
   -0.0070  -12.7898   15.5636   -6.9885   -0.9974   -2.7836
eta,q 0.95820 12.53764

---------------------------------------------------------------------
imgreg_4dfp /opt/freesurfer/average/711-2C_as_mni_average_305 /opt/freesurfer/average/711-2B_as_mni_average_305_mask talsrcimg_g11 none talsrcimg_to_711-2C_as_mni_average_305_t4 3335
---------------------------------------------------------------------

freesurfer imgreg_4dfp.c
/opt/freesurfer/average/711-2C_as_mni_average_305.4dfp.img
       256       256       256         1
  1.000000  1.000000  1.000000
orientation T byte_order littleendian
Reading image: /opt/freesurfer/average/711-2C_as_mni_average_305.4dfp.img
dimensions:      256       256       256
mmppix:       1.0000   -1.0000   -1.0000
center:     128.0000 -129.0000 -129.0000
/opt/freesurfer/average/711-2B_as_mni_average_305_mask.4dfp.img
       256       256       256         1
  1.000000  1.000000  1.000000
orientation T byte_order littleendian
Reading mask: /opt/freesurfer/average/711-2B_as_mni_average_305_mask.4dfp.img (2306576 pixels)
talsrcimg_g11.4dfp.img
       256       256       256         1
  1.000000  1.000000  1.000000
orientation T byte_order littleendian
Reading image: talsrcimg_g11.4dfp.img
dimensions:      256       256       256
mmppix:       1.0000   -1.0000   -1.0000
center:     128.0000 -129.0000 -129.0000
fimgreg.f
image alignment mode   3335 decimal      D07 hex
parameters
   -0.0070  -12.7898   15.5636   -0.1331   -0.8498   -0.7580
    4.6088    2.3166   -4.8557   12.0687   -1.7407  -12.1651
eta,q 0.96108 12.52375
niter,ni,del,rscale     5    3    5.0000    1.2000
parameter  4  1.245725 ->  0.500000 qaram    1.1500
parameter  5  1.514177 ->  0.500000 qaram    1.1500
parameters
    0.0662  -12.4242   15.8113   -4.2731   -4.9898   -3.9676
    4.1449    3.9783   -2.4181   11.8339   -0.8468  -10.4508
eta,q 0.97167 12.08227
  0.0430  0.0422  0.0417  0.0324  0.0284  0.0303  0.0326  0.0376  0.0328  0.0325  0.0306  0.0313
  0.0409  0.0406  0.0403  0.0333  0.0294  0.0295  0.0307  0.0340  0.0310  0.0302  0.0295  0.0299
  0.0395  0.0394  0.0393  0.0354  0.0313  0.0293  0.0295  0.0312  0.0296  0.0288  0.0288  0.0289
  0.0389  0.0389  0.0389  0.0389  0.0337  0.0299  0.0293  0.0293  0.0288  0.0285  0.0284  0.0284
  0.0392  0.0390  0.0390  0.0433  0.0368  0.0319  0.0299  0.0288  0.0285  0.0291  0.0284  0.0284
  0.0405  0.0396  0.0396  0.0484  0.0404  0.0355  0.0314  0.0301  0.0287  0.0306  0.0289  0.0287
  0.0426  0.0407  0.0408  0.0542  0.0443  0.0403  0.0335  0.0326  0.0296  0.0331  0.0298  0.0294
niter,ni,del,rscale     6    3    5.0000    1.2000
parameters
    0.1796  -12.1636   15.5874   -7.5609   -9.1134   -4.0658
    4.4688    3.7624   -2.1148   12.7205   -1.1104  -11.0353
eta,q 0.97334 11.78361
  0.0332  0.0320  0.0300  0.0294  0.0278  0.0295  0.0303  0.0317  0.0292  0.0312  0.0278  0.0280
  0.0308  0.0301  0.0289  0.0282  0.0270  0.0283  0.0285  0.0290  0.0280  0.0291  0.0272  0.0273
  0.0291  0.0289  0.0284  0.0277  0.0268  0.0275  0.0273  0.0274  0.0272  0.0276  0.0268  0.0268
  0.0283  0.0283  0.0283  0.0282  0.0277  0.0268  0.0268  0.0268  0.0268  0.0268  0.0267  0.0267
  0.0287  0.0284  0.0286  0.0305  0.0296  0.0268  0.0270  0.0275  0.0269  0.0268  0.0268  0.0270
  0.0301  0.0292  0.0295  0.0343  0.0322  0.0279  0.0281  0.0294  0.0277  0.0278  0.0272  0.0276
  0.0325  0.0307  0.0307  0.0394  0.0357  0.0302  0.0298  0.0324  0.0289  0.0296  0.0281  0.0285
niter,ni,del,rscale     5    3    5.0000    1.2000
parameters
    0.3166  -12.0554   15.7998   -7.8359   -9.7383   -3.7388
    4.5399    3.8026   -1.9909   13.0171   -1.3458  -11.0251
eta,q 0.97338 11.75540
  0.0312  0.0300  0.0289  0.0305  0.0297  0.0297  0.0299  0.0320  0.0289  0.0305  0.0278  0.0282
  0.0289  0.0282  0.0277  0.0287  0.0282  0.0285  0.0282  0.0292  0.0278  0.0287  0.0271  0.0274
  0.0273  0.0271  0.0270  0.0274  0.0272  0.0276  0.0271  0.0273  0.0270  0.0273  0.0267  0.0268
  0.0267  0.0266  0.0266  0.0266  0.0267  0.0267  0.0266  0.0266  0.0266  0.0266  0.0266  0.0266
  0.0270  0.0269  0.0268  0.0269  0.0271  0.0266  0.0270  0.0272  0.0268  0.0269  0.0267  0.0268
  0.0282  0.0279  0.0273  0.0285  0.0287  0.0276  0.0281  0.0290  0.0276  0.0281  0.0272  0.0274
  0.0303  0.0294  0.0282  0.0317  0.0311  0.0298  0.0299  0.0320  0.0289  0.0301  0.0280  0.0282
niter,ni,del,rscale     4    3    5.0000    1.2000
parameters
    0.3376  -12.0112   15.9616   -7.8964   -9.8952   -3.5954
    4.5362    3.8127   -1.9510   13.0858   -1.4540  -10.9357
eta,q 0.97339 11.75071
  0.0308  0.0298  0.0288  0.0307  0.0299  0.0297  0.0298  0.0320  0.0289  0.0303  0.0278  0.0282
  0.0286  0.0280  0.0276  0.0288  0.0284  0.0285  0.0282  0.0291  0.0277  0.0285  0.0271  0.0274
  0.0271  0.0270  0.0269  0.0274  0.0273  0.0275  0.0271  0.0273  0.0269  0.0272  0.0267  0.0268
  0.0266  0.0266  0.0266  0.0266  0.0266  0.0266  0.0266  0.0266  0.0266  0.0266  0.0266  0.0266
  0.0271  0.0270  0.0268  0.0268  0.0269  0.0266  0.0269  0.0272  0.0268  0.0270  0.0267  0.0268
  0.0284  0.0279  0.0273  0.0283  0.0283  0.0278  0.0281  0.0291  0.0276  0.0283  0.0271  0.0273
  0.0307  0.0295  0.0283  0.0314  0.0305  0.0301  0.0299  0.0320  0.0289  0.0303  0.0280  0.0282
niter,ni,del,rscale     3    3    5.0000    1.2000
parameters
    0.3423  -12.0070   16.0280   -7.9222   -9.9391   -3.5476
    4.5326    3.8190   -1.9349   13.0852   -1.4914  -10.8725
eta,q 0.97340 11.74871
  0.0307  0.0296  0.0287  0.0307  0.0300  0.0297  0.0298  0.0320  0.0288  0.0303  0.0279  0.0282
  0.0285  0.0279  0.0275  0.0288  0.0284  0.0285  0.0282  0.0291  0.0277  0.0285  0.0271  0.0274
  0.0271  0.0269  0.0269  0.0274  0.0273  0.0275  0.0271  0.0273  0.0269  0.0272  0.0267  0.0268
  0.0266  0.0266  0.0266  0.0266  0.0266  0.0266  0.0266  0.0266  0.0266  0.0266  0.0266  0.0266
  0.0271  0.0270  0.0268  0.0267  0.0268  0.0266  0.0269  0.0272  0.0268  0.0270  0.0267  0.0268
  0.0285  0.0280  0.0274  0.0283  0.0282  0.0279  0.0281  0.0291  0.0276  0.0283  0.0271  0.0273
  0.0307  0.0295  0.0284  0.0314  0.0304  0.0303  0.0299  0.0320  0.0289  0.0304  0.0279  0.0282
niter,ni,del,rscale     2    3    5.0000    1.2000
parameters
    0.3446  -12.0114   16.0530   -7.9296   -9.9548   -3.5320
    4.5332    3.8235   -1.9319   13.0758   -1.5105  -10.8426
eta,q 0.97340 11.74775
  0.0307  0.0296  0.0286  0.0307  0.0300  0.0297  0.0298  0.0320  0.0288  0.0303  0.0279  0.0282
  0.0285  0.0279  0.0275  0.0288  0.0284  0.0285  0.0282  0.0291  0.0277  0.0285  0.0272  0.0274
  0.0271  0.0269  0.0268  0.0274  0.0273  0.0275  0.0270  0.0273  0.0269  0.0272  0.0267  0.0268
  0.0266  0.0266  0.0266  0.0266  0.0266  0.0266  0.0266  0.0266  0.0266  0.0266  0.0266  0.0266
  0.0271  0.0270  0.0268  0.0267  0.0268  0.0266  0.0269  0.0272  0.0268  0.0270  0.0267  0.0268
  0.0285  0.0280  0.0275  0.0282  0.0282  0.0279  0.0281  0.0291  0.0276  0.0284  0.0271  0.0273
  0.0307  0.0296  0.0285  0.0314  0.0304  0.0303  0.0299  0.0320  0.0289  0.0304  0.0279  0.0282
niter,ni,del,rscale     1    3    5.0000    1.2000
parameters
    0.3449  -12.0152   16.0627   -7.9347   -9.9573   -3.5246
    4.5322    3.8246   -1.9287   13.0704   -1.5160  -10.8241
eta,q 0.97340 11.74740
  0.0307  0.0296  0.0286  0.0307  0.0300  0.0297  0.0298  0.0320  0.0288  0.0303  0.0279  0.0282
  0.0285  0.0279  0.0275  0.0288  0.0284  0.0285  0.0282  0.0291  0.0277  0.0285  0.0272  0.0274
  0.0271  0.0269  0.0268  0.0274  0.0273  0.0275  0.0270  0.0273  0.0269  0.0272  0.0267  0.0268
  0.0266  0.0266  0.0266  0.0266  0.0266  0.0266  0.0266  0.0266  0.0266  0.0266  0.0266  0.0266
  0.0271  0.0270  0.0268  0.0267  0.0268  0.0266  0.0269  0.0272  0.0268  0.0270  0.0267  0.0268
  0.0285  0.0280  0.0275  0.0282  0.0282  0.0280  0.0281  0.0291  0.0276  0.0284  0.0271  0.0273
  0.0307  0.0296  0.0285  0.0313  0.0303  0.0303  0.0299  0.0321  0.0289  0.0304  0.0279  0.0282
registration optimization eta report
parameter search radius
    2.4000    2.4000    2.4000    8.2800    8.2800    7.2000
    7.2000    7.2000    7.2000    7.2000    7.2000    7.2000
100000*second partial in parameter space
       71.       52.       34.        6.        5.        7.
        6.       10.        4.        7.        3.        3.
  0.0307  0.0296  0.0286  0.0307  0.0300  0.0297  0.0298  0.0320  0.0288  0.0303  0.0279  0.0282
  0.0285  0.0279  0.0275  0.0288  0.0284  0.0285  0.0282  0.0291  0.0277  0.0285  0.0272  0.0274
  0.0271  0.0269  0.0268  0.0274  0.0273  0.0275  0.0270  0.0273  0.0269  0.0272  0.0267  0.0268
  0.0266  0.0266  0.0266  0.0266  0.0266  0.0266  0.0266  0.0266  0.0266  0.0266  0.0266  0.0266
  0.0271  0.0270  0.0268  0.0267  0.0268  0.0266  0.0269  0.0272  0.0268  0.0270  0.0267  0.0268
  0.0285  0.0280  0.0275  0.0282  0.0282  0.0280  0.0281  0.0291  0.0276  0.0284  0.0271  0.0273
  0.0307  0.0296  0.0285  0.0313  0.0303  0.0303  0.0299  0.0321  0.0289  0.0304  0.0279  0.0282
    0.3449  -12.0152   16.0627   -7.9347   -9.9573   -3.5246
    4.5322    3.8246   -1.9287   13.0704   -1.5160  -10.8241
eta,q 0.97340 11.74740

---------------------------------------------------------------------
imgreg_4dfp /opt/freesurfer/average/711-2C_as_mni_average_305 /opt/freesurfer/average/711-2B_as_mni_average_305_mask talsrcimg_g11 none talsrcimg_to_711-2C_as_mni_average_305_t4 2311
---------------------------------------------------------------------

freesurfer imgreg_4dfp.c
/opt/freesurfer/average/711-2C_as_mni_average_305.4dfp.img
       256       256       256         1
  1.000000  1.000000  1.000000
orientation T byte_order littleendian
Reading image: /opt/freesurfer/average/711-2C_as_mni_average_305.4dfp.img
dimensions:      256       256       256
mmppix:       1.0000   -1.0000   -1.0000
center:     128.0000 -129.0000 -129.0000
/opt/freesurfer/average/711-2B_as_mni_average_305_mask.4dfp.img
       256       256       256         1
  1.000000  1.000000  1.000000
orientation T byte_order littleendian
Reading mask: /opt/freesurfer/average/711-2B_as_mni_average_305_mask.4dfp.img (2306576 pixels)
talsrcimg_g11.4dfp.img
       256       256       256         1
  1.000000  1.000000  1.000000
orientation T byte_order littleendian
Reading image: talsrcimg_g11.4dfp.img
dimensions:      256       256       256
mmppix:       1.0000   -1.0000   -1.0000
center:     128.0000 -129.0000 -129.0000
fimgreg.f
image alignment mode   2311 decimal      907 hex
parameters
    0.3449  -12.0152   16.0627   -7.9347   -9.9573   -3.5246
    4.5322    3.8246   -1.9287   13.0704   -1.5160  -10.8241
eta,q 0.97340 11.74740
niter,ni,del,rscale     5    3    5.0000    0.8000
parameters
    0.3508  -12.0470   16.0653   -7.2148   -9.5250   -3.0104
    4.4745    3.8680   -1.8174   12.9046   -1.5158  -11.0182
eta,q 0.97361 11.82475
  0.0285  0.0279  0.0275  0.0284  0.0280  0.0284  0.0279  0.0292  0.0275  0.0281  0.0270  0.0271
  0.0275  0.0272  0.0270  0.0276  0.0274  0.0277  0.0271  0.0277  0.0269  0.0272  0.0267  0.0267
  0.0268  0.0267  0.0267  0.0270  0.0268  0.0270  0.0266  0.0268  0.0265  0.0266  0.0265  0.0265
  0.0266  0.0266  0.0266  0.0266  0.0265  0.0265  0.0264  0.0264  0.0264  0.0264  0.0264  0.0264
  0.0268  0.0268  0.0267  0.0265  0.0265  0.0264  0.0266  0.0267  0.0265  0.0266  0.0265  0.0265
  0.0274  0.0273  0.0270  0.0269  0.0269  0.0269  0.0271  0.0276  0.0268  0.0273  0.0267  0.0268
  0.0285  0.0280  0.0275  0.0277  0.0277  0.0280  0.0280  0.0291  0.0274  0.0284  0.0271  0.0272
niter,ni,del,rscale     4    3    5.0000    0.7000
parameters
    0.3319  -12.0416   16.1283   -7.2365   -9.4649   -2.7403
    4.4693    3.8472   -1.7986   12.8850   -1.5462  -11.0676
eta,q 0.97365 11.83902
  0.0279  0.0275  0.0272  0.0276  0.0275  0.0280  0.0275  0.0285  0.0272  0.0278  0.0269  0.0269
  0.0270  0.0269  0.0268  0.0270  0.0270  0.0273  0.0269  0.0274  0.0268  0.0270  0.0266  0.0266
  0.0265  0.0265  0.0265  0.0266  0.0266  0.0268  0.0265  0.0266  0.0265  0.0265  0.0264  0.0264
  0.0264  0.0264  0.0264  0.0264  0.0264  0.0264  0.0264  0.0264  0.0264  0.0263  0.0263  0.0263
  0.0266  0.0265  0.0265  0.0265  0.0264  0.0264  0.0265  0.0266  0.0264  0.0265  0.0264  0.0264
  0.0271  0.0269  0.0267  0.0269  0.0268  0.0269  0.0269  0.0274  0.0267  0.0270  0.0266  0.0266
  0.0279  0.0275  0.0271  0.0277  0.0275  0.0278  0.0276  0.0286  0.0272  0.0279  0.0269  0.0270
niter,ni,del,rscale     3    3    5.0000    0.6000
parameters
    0.3302  -12.0354   16.1844   -7.2125   -9.4323   -2.5637
    4.4887    3.8549   -1.7811   12.8675   -1.5845  -11.0783
eta,q 0.97366 11.84907
  0.0275  0.0272  0.0270  0.0273  0.0272  0.0276  0.0272  0.0280  0.0270  0.0274  0.0267  0.0268
  0.0269  0.0267  0.0266  0.0268  0.0268  0.0271  0.0268  0.0271  0.0266  0.0268  0.0265  0.0265
  0.0265  0.0264  0.0264  0.0265  0.0265  0.0266  0.0265  0.0266  0.0264  0.0265  0.0264  0.0264
  0.0264  0.0263  0.0264  0.0263  0.0263  0.0263  0.0263  0.0263  0.0263  0.0263  0.0263  0.0263
  0.0265  0.0264  0.0264  0.0264  0.0264  0.0264  0.0264  0.0265  0.0264  0.0265  0.0264  0.0264
  0.0269  0.0267  0.0266  0.0267  0.0267  0.0268  0.0267  0.0271  0.0266  0.0268  0.0265  0.0265
  0.0275  0.0272  0.0269  0.0273  0.0272  0.0275  0.0272  0.0280  0.0270  0.0275  0.0267  0.0268
niter,ni,del,rscale     2    3    5.0000    0.5000
parameters
    0.3285  -12.0393   16.2244   -7.1878   -9.3853   -2.4367
    4.5086    3.8710   -1.7683   12.8353   -1.6119  -11.0759
eta,q 0.97368 11.85740
  0.0271  0.0269  0.0268  0.0270  0.0269  0.0273  0.0270  0.0275  0.0268  0.0271  0.0266  0.0266
  0.0267  0.0266  0.0265  0.0267  0.0266  0.0269  0.0266  0.0269  0.0265  0.0267  0.0264  0.0265
  0.0264  0.0264  0.0264  0.0264  0.0264  0.0265  0.0264  0.0265  0.0264  0.0264  0.0263  0.0264
  0.0263  0.0263  0.0263  0.0263  0.0263  0.0263  0.0263  0.0263  0.0263  0.0263  0.0263  0.0263
  0.0264  0.0264  0.0264  0.0264  0.0264  0.0264  0.0264  0.0264  0.0264  0.0264  0.0263  0.0264
  0.0267  0.0266  0.0265  0.0266  0.0266  0.0267  0.0266  0.0269  0.0265  0.0267  0.0264  0.0265
  0.0271  0.0269  0.0267  0.0270  0.0269  0.0272  0.0270  0.0275  0.0268  0.0271  0.0266  0.0266
niter,ni,del,rscale     1    3    5.0000    0.4000
parameters
    0.3301  -12.0390   16.2513   -7.1557   -9.3258   -2.3368
    4.5125    3.8907   -1.7557   12.7956   -1.6329  -11.0626
eta,q 0.97369 11.86559
  0.0268  0.0267  0.0266  0.0268  0.0267  0.0270  0.0267  0.0271  0.0266  0.0268  0.0265  0.0265
  0.0265  0.0265  0.0264  0.0265  0.0265  0.0267  0.0265  0.0267  0.0264  0.0265  0.0264  0.0264
  0.0264  0.0264  0.0264  0.0264  0.0264  0.0264  0.0264  0.0264  0.0263  0.0264  0.0263  0.0263
  0.0263  0.0263  0.0263  0.0263  0.0263  0.0263  0.0263  0.0263  0.0263  0.0263  0.0263  0.0263
  0.0264  0.0264  0.0263  0.0264  0.0263  0.0263  0.0264  0.0264  0.0263  0.0264  0.0263  0.0263
  0.0265  0.0265  0.0264  0.0265  0.0265  0.0265  0.0265  0.0267  0.0264  0.0266  0.0264  0.0264
  0.0268  0.0267  0.0266  0.0268  0.0267  0.0269  0.0267  0.0271  0.0266  0.0268  0.0265  0.0265
registration optimization eta report
parameter search radius
    0.8000    0.8000    0.8000    2.4000    2.4000    2.4000
    2.4000    2.4000    2.4000    2.4000    2.4000    2.4000
100000*second partial in parameter space
       81.       59.       40.        8.        7.       11.
        7.       14.        5.        9.        3.        4.
  0.0268  0.0267  0.0266  0.0268  0.0267  0.0270  0.0267  0.0271  0.0266  0.0268  0.0265  0.0265
  0.0265  0.0265  0.0264  0.0265  0.0265  0.0267  0.0265  0.0267  0.0264  0.0265  0.0264  0.0264
  0.0264  0.0264  0.0264  0.0264  0.0264  0.0264  0.0264  0.0264  0.0263  0.0264  0.0263  0.0263
  0.0263  0.0263  0.0263  0.0263  0.0263  0.0263  0.0263  0.0263  0.0263  0.0263  0.0263  0.0263
  0.0264  0.0264  0.0263  0.0264  0.0263  0.0263  0.0264  0.0264  0.0263  0.0264  0.0263  0.0263
  0.0265  0.0265  0.0264  0.0265  0.0265  0.0265  0.0265  0.0267  0.0264  0.0266  0.0264  0.0264
  0.0268  0.0267  0.0266  0.0268  0.0267  0.0269  0.0267  0.0271  0.0266  0.0268  0.0265  0.0265
    0.3301  -12.0390   16.2513   -7.1557   -9.3258   -2.3368
    4.5125    3.8907   -1.7557   12.7956   -1.6329  -11.0626
eta,q 0.97369 11.86559

---------------------------------------------------------------------
imgreg_4dfp /opt/freesurfer/average/711-2C_as_mni_average_305 /opt/freesurfer/average/711-2B_as_mni_average_305_mask talsrcimg_g11 none talsrcimg_to_711-2C_as_mni_average_305_t4 2311
---------------------------------------------------------------------

freesurfer imgreg_4dfp.c
/opt/freesurfer/average/711-2C_as_mni_average_305.4dfp.img
       256       256       256         1
  1.000000  1.000000  1.000000
orientation T byte_order littleendian
Reading image: /opt/freesurfer/average/711-2C_as_mni_average_305.4dfp.img
dimensions:      256       256       256
mmppix:       1.0000   -1.0000   -1.0000
center:     128.0000 -129.0000 -129.0000
/opt/freesurfer/average/711-2B_as_mni_average_305_mask.4dfp.img
       256       256       256         1
  1.000000  1.000000  1.000000
orientation T byte_order littleendian
Reading mask: /opt/freesurfer/average/711-2B_as_mni_average_305_mask.4dfp.img (2306576 pixels)
talsrcimg_g11.4dfp.img
       256       256       256         1
  1.000000  1.000000  1.000000
orientation T byte_order littleendian
Reading image: talsrcimg_g11.4dfp.img
dimensions:      256       256       256
mmppix:       1.0000   -1.0000   -1.0000
center:     128.0000 -129.0000 -129.0000
fimgreg.f
image alignment mode   2311 decimal      907 hex
parameters
    0.3301  -12.0390   16.2513   -7.1557   -9.3258   -2.3368
    4.5125    3.8907   -1.7557   12.7956   -1.6329  -11.0626
eta,q 0.97369 11.86558
niter,ni,del,rscale     5    3    5.0000    0.8000
parameters
    0.3278  -12.0300   16.2703   -7.4781   -9.6303   -2.6192
    4.5008    3.8233   -1.7983   12.9096   -1.6393  -10.9517
eta,q 0.97364 11.82384
  0.0283  0.0278  0.0274  0.0278  0.0275  0.0281  0.0279  0.0290  0.0274  0.0283  0.0270  0.0272
  0.0272  0.0270  0.0268  0.0270  0.0269  0.0273  0.0271  0.0276  0.0269  0.0273  0.0267  0.0268
  0.0265  0.0265  0.0264  0.0265  0.0265  0.0267  0.0266  0.0267  0.0265  0.0267  0.0264  0.0265
  0.0263  0.0263  0.0263  0.0263  0.0263  0.0263  0.0264  0.0264  0.0264  0.0264  0.0264  0.0264
  0.0265  0.0265  0.0264  0.0265  0.0265  0.0266  0.0265  0.0267  0.0265  0.0265  0.0264  0.0264
  0.0272  0.0270  0.0268  0.0272  0.0271  0.0274  0.0271  0.0277  0.0269  0.0272  0.0267  0.0267
  0.0283  0.0277  0.0273  0.0284  0.0280  0.0288  0.0280  0.0292  0.0275  0.0282  0.0270  0.0271
niter,ni,del,rscale     4    3    5.0000    0.7000
parameters
    0.3370  -12.0455   16.2570   -7.3337   -9.5622   -2.6098
    4.5046    3.8467   -1.7696   12.8876   -1.6424  -10.9516
eta,q 0.97366 11.83340
  0.0279  0.0274  0.0271  0.0277  0.0274  0.0279  0.0275  0.0285  0.0272  0.0278  0.0269  0.0269
  0.0270  0.0268  0.0267  0.0270  0.0269  0.0272  0.0269  0.0274  0.0267  0.0270  0.0266  0.0266
  0.0265  0.0265  0.0264  0.0266  0.0265  0.0267  0.0265  0.0266  0.0265  0.0265  0.0264  0.0264
  0.0264  0.0264  0.0264  0.0264  0.0263  0.0263  0.0263  0.0263  0.0263  0.0263  0.0263  0.0263
  0.0265  0.0265  0.0264  0.0264  0.0264  0.0264  0.0265  0.0266  0.0264  0.0265  0.0264  0.0264
  0.0270  0.0269  0.0267  0.0268  0.0268  0.0271  0.0269  0.0273  0.0267  0.0270  0.0266  0.0266
  0.0279  0.0275  0.0271  0.0276  0.0275  0.0281  0.0276  0.0285  0.0272  0.0279  0.0269  0.0270
niter,ni,del,rscale     3    3    5.0000    0.6000
parameters
    0.3351  -12.0500   16.2462   -7.2486   -9.4748   -2.5301
    4.5022    3.8609   -1.7530   12.8535   -1.6323  -10.9858
eta,q 0.97367 11.84501
  0.0275  0.0272  0.0269  0.0273  0.0272  0.0276  0.0272  0.0280  0.0270  0.0274  0.0267  0.0268
  0.0268  0.0267  0.0266  0.0268  0.0268  0.0270  0.0267  0.0271  0.0266  0.0268  0.0265  0.0265
  0.0265  0.0264  0.0264  0.0265  0.0265  0.0266  0.0264  0.0266  0.0264  0.0265  0.0264  0.0264
  0.0263  0.0263  0.0263  0.0263  0.0263  0.0263  0.0263  0.0263  0.0263  0.0263  0.0263  0.0263
  0.0265  0.0264  0.0264  0.0264  0.0264  0.0264  0.0264  0.0265  0.0264  0.0265  0.0264  0.0264
  0.0269  0.0267  0.0266  0.0267  0.0267  0.0268  0.0267  0.0271  0.0266  0.0268  0.0265  0.0265
  0.0275  0.0272  0.0269  0.0273  0.0272  0.0276  0.0272  0.0280  0.0270  0.0275  0.0267  0.0268
niter,ni,del,rscale     2    3    5.0000    0.5000
parameters
    0.3320  -12.0482   16.2524   -7.2076   -9.4020   -2.4252
    4.5132    3.8718   -1.7556   12.8266   -1.6391  -11.0333
eta,q 0.97368 11.85531
  0.0271  0.0269  0.0267  0.0270  0.0269  0.0273  0.0269  0.0275  0.0268  0.0271  0.0266  0.0266
  0.0267  0.0266  0.0265  0.0267  0.0266  0.0268  0.0266  0.0269  0.0265  0.0267  0.0264  0.0265
  0.0264  0.0264  0.0264  0.0264  0.0264  0.0265  0.0264  0.0265  0.0264  0.0264  0.0263  0.0264
  0.0263  0.0263  0.0263  0.0263  0.0263  0.0263  0.0263  0.0263  0.0263  0.0263  0.0263  0.0263
  0.0264  0.0264  0.0264  0.0264  0.0264  0.0264  0.0264  0.0264  0.0264  0.0264  0.0263  0.0264
  0.0267  0.0266  0.0265  0.0266  0.0266  0.0267  0.0266  0.0269  0.0265  0.0267  0.0264  0.0265
  0.0271  0.0269  0.0267  0.0270  0.0269  0.0272  0.0270  0.0275  0.0268  0.0271  0.0266  0.0267
niter,ni,del,rscale     1    3    5.0000    0.4000
parameters
    0.3295  -12.0469   16.2631   -7.1695   -9.3409   -2.3315
    4.5184    3.8930   -1.7376   12.7954   -1.6493  -11.0529
eta,q 0.97368 11.86408
  0.0268  0.0267  0.0266  0.0268  0.0267  0.0270  0.0267  0.0271  0.0266  0.0268  0.0265  0.0265
  0.0265  0.0265  0.0264  0.0265  0.0265  0.0267  0.0265  0.0267  0.0264  0.0265  0.0264  0.0264
  0.0264  0.0264  0.0264  0.0264  0.0264  0.0264  0.0264  0.0264  0.0263  0.0264  0.0263  0.0263
  0.0263  0.0263  0.0263  0.0263  0.0263  0.0263  0.0263  0.0263  0.0263  0.0263  0.0263  0.0263
  0.0264  0.0264  0.0263  0.0264  0.0263  0.0263  0.0264  0.0264  0.0263  0.0264  0.0263  0.0263
  0.0265  0.0265  0.0264  0.0265  0.0265  0.0266  0.0265  0.0267  0.0264  0.0266  0.0264  0.0264
  0.0268  0.0267  0.0266  0.0268  0.0267  0.0269  0.0267  0.0271  0.0266  0.0268  0.0265  0.0265
registration optimization eta report
parameter search radius
    0.8000    0.8000    0.8000    2.4000    2.4000    2.4000
    2.4000    2.4000    2.4000    2.4000    2.4000    2.4000
100000*second partial in parameter space
       80.       59.       40.        8.        7.       11.
        7.       14.        5.        9.        3.        4.
  0.0268  0.0267  0.0266  0.0268  0.0267  0.0270  0.0267  0.0271  0.0266  0.0268  0.0265  0.0265
  0.0265  0.0265  0.0264  0.0265  0.0265  0.0267  0.0265  0.0267  0.0264  0.0265  0.0264  0.0264
  0.0264  0.0264  0.0264  0.0264  0.0264  0.0264  0.0264  0.0264  0.0263  0.0264  0.0263  0.0263
  0.0263  0.0263  0.0263  0.0263  0.0263  0.0263  0.0263  0.0263  0.0263  0.0263  0.0263  0.0263
  0.0264  0.0264  0.0263  0.0264  0.0263  0.0263  0.0264  0.0264  0.0263  0.0264  0.0263  0.0263
  0.0265  0.0265  0.0264  0.0265  0.0265  0.0266  0.0265  0.0267  0.0264  0.0266  0.0264  0.0264
  0.0268  0.0267  0.0266  0.0268  0.0267  0.0269  0.0267  0.0271  0.0266  0.0268  0.0265  0.0265
    0.3295  -12.0469   16.2631   -7.1695   -9.3409   -2.3315
    4.5184    3.8930   -1.7376   12.7954   -1.6493  -11.0529
eta,q 0.97368 11.86408

---------------------------------------------------------------------
compute_vox2vox talsrcimg talsrcimg_to_711-2C_as_mni_average_305_t4 /opt/freesurfer/average/711-2C_as_mni_average_305
---------------------------------------------------------------------

freesurfer compute_vox2vox.c
Reading: talsrcimg.4dfp.ifh
Reading: talsrcimg_to_711-2C_as_mni_average_305_t4
Reading: /opt/freesurfer/average/711-2C_as_mni_average_305.4dfp.ifh
Writing: talsrcimg_to_711-2C_as_mni_average_305_t4_vox2vox.txt

start time Mon Mar 9 22:48:00 CET 2026
end		time Mon Mar 9 22:49:25 CET 2026

mpr2mni305 success

avi2talxfm orig_nu.mgz /opt/freesurfer/average/mni305.cor.mgz talsrcimg_to_711-2C_as_mni_average_305_t4_vox2vox.txt transforms/talairach.auto.xfm
avi2talxfm done
mv -f /out/sourcedata/freesurfer/sub-v1s3x0050773_ses-1/mri/talsrcimg_to_711-2C_as_mni_average_305_t4_vox2vox.txt /out/sourcedata/freesurfer/sub-v1s3x0050773_ses-1/mri/transforms/talsrcimg_to_711-2C_as_mni_average_305_t4_vox2vox.txt
lta_convert --src orig_nu.mgz --trg /opt/freesurfer/average/mni305.cor.mgz --inxfm transforms/talairach.auto.xfm --outlta transforms/talairach.auto.xfm.lta --subject fsaverage
7.3.2

--src: orig_nu.mgz src image (geometry).
--trg: /opt/freesurfer/average/mni305.cor.mgz trg image (geometry).
--inmni: transforms/talairach.auto.xfm input MNI/XFM transform.
--outlta: transforms/talairach.auto.xfm.lta output LTA.
--s: fsaverage subject name
 LTA read, type : 1
 1.07552  -0.03528  -0.05790  -0.90422;
 0.02017   1.00711   0.12178   7.48678;
 0.01777  -0.14282   1.08474  -12.39783;
 0.00000   0.00000   0.00000   1.00000;
setting subject to fsaverage
Writing  LTA to file transforms/talairach.auto.xfm.lta...
lta_convert successful.
 
 
Started at Mon Mar 9 22:48:00 CET 2026
Ended   at Mon Mar  9 22:49:25 CET 2026
talairach_avi done
