status file for recon-all
Tue Mar 10 01:34:07 CET 2026
#@# Tessellate rh Tue Mar 10 01:34:07 CET 2026
#@# Smooth1 rh Tue Mar 10 01:34:11 CET 2026
#@# Inflation1 rh Tue Mar 10 01:34:14 CET 2026
#@# QSphere rh Tue Mar 10 01:34:25 CET 2026
#@# Fix Topology rh Tue Mar 10 01:35:27 CET 2026
#@# Smooth2 rh Tue Mar 10 01:42:29 CET 2026
#@# Inflation2 rh Tue Mar 10 01:42:32 CET 2026
#@# Curv .H and .K rh Tue Mar 10 01:42:45 CET 2026
#@# Sphere rh Tue Mar 10 01:43:40 CET 2026
#@# Surf Reg rh Tue Mar 10 01:45:43 CET 2026
#@# Jacobian white rh Tue Mar 10 01:49:56 CET 2026
#@# AvgCurv rh Tue Mar 10 01:49:57 CET 2026
#@# Cortical Parc rh Tue Mar 10 01:49:58 CET 2026
#@# white curv rh Tue Mar 10 01:57:04 CET 2026
#@# white area rh Tue Mar 10 01:57:06 CET 2026
#@# pial curv rh Tue Mar 10 01:57:07 CET 2026
#@# pial area rh Tue Mar 10 01:57:09 CET 2026
#@# thickness rh Tue Mar 10 01:57:10 CET 2026
#@# area and vertex vol rh Tue Mar 10 01:57:45 CET 2026
#@# Curvature Stats rh Tue Mar 10 01:57:47 CET 2026
#@# Cortical Parc 2 rh Tue Mar 10 01:57:50 CET 2026
#@# Cortical Parc 3 rh Tue Mar 10 01:58:05 CET 2026
#@# WM/GM Contrast rh Tue Mar 10 01:58:16 CET 2026
recon-all -s sub-v1s3x0050775_ses-1 finished without error at Tue Mar 10 01:58:20 CET 2026



#New# invocation of recon-all 



status file for recon-all
Tue Mar 10 02:09:40 CET 2026
#@# white curv rh Tue Mar 10 02:09:40 CET 2026
#@# white area rh Tue Mar 10 02:09:40 CET 2026
#@# pial curv rh Tue Mar 10 02:09:40 CET 2026
#@# pial area rh Tue Mar 10 02:09:40 CET 2026
#@# thickness rh Tue Mar 10 02:09:40 CET 2026
#@# area and vertex vol rh Tue Mar 10 02:09:40 CET 2026
#@# Parcellation Stats rh Tue Mar 10 02:09:40 CET 2026
#@# Parcellation Stats 2 rh Tue Mar 10 02:10:04 CET 2026
#@# Parcellation Stats 3 rh Tue Mar 10 02:10:16 CET 2026
#@# BA_exvivo Labels rh Tue Mar 10 02:10:28 CET 2026
recon-all -s sub-v1s3x0050775_ses-1 finished without error at Tue Mar 10 02:13:13 CET 2026
