status file for recon-all
Tue Mar 10 00:55:20 CET 2026
#@# Tessellate lh Tue Mar 10 00:55:20 CET 2026
#@# Smooth1 lh Tue Mar 10 00:55:24 CET 2026
#@# Inflation1 lh Tue Mar 10 00:55:27 CET 2026
#@# QSphere lh Tue Mar 10 00:55:39 CET 2026
#@# Fix Topology lh Tue Mar 10 00:56:45 CET 2026
#@# Smooth2 lh Tue Mar 10 01:07:09 CET 2026
#@# Inflation2 lh Tue Mar 10 01:07:12 CET 2026
#@# Curv .H and .K lh Tue Mar 10 01:07:24 CET 2026
#@# Sphere lh Tue Mar 10 01:08:18 CET 2026
#@# Surf Reg lh Tue Mar 10 01:14:16 CET 2026
#@# Jacobian white lh Tue Mar 10 01:20:11 CET 2026
#@# AvgCurv lh Tue Mar 10 01:20:11 CET 2026
#@# Cortical Parc lh Tue Mar 10 01:20:12 CET 2026
#@# white curv lh Tue Mar 10 01:32:51 CET 2026
#@# white area lh Tue Mar 10 01:32:53 CET 2026
#@# pial curv lh Tue Mar 10 01:32:53 CET 2026
#@# pial area lh Tue Mar 10 01:32:55 CET 2026
#@# thickness lh Tue Mar 10 01:32:56 CET 2026
#@# area and vertex vol lh Tue Mar 10 01:33:30 CET 2026
#@# Curvature Stats lh Tue Mar 10 01:33:31 CET 2026
#@# Cortical Parc 2 lh Tue Mar 10 01:33:34 CET 2026
#@# Cortical Parc 3 lh Tue Mar 10 01:33:49 CET 2026
#@# WM/GM Contrast lh Tue Mar 10 01:34:00 CET 2026
recon-all -s sub-v1s3x0050775_ses-1 finished without error at Tue Mar 10 01:34:03 CET 2026



#New# invocation of recon-all 



status file for recon-all
Tue Mar 10 02:06:08 CET 2026
#@# white curv lh Tue Mar 10 02:06:08 CET 2026
#@# white area lh Tue Mar 10 02:06:08 CET 2026
#@# pial curv lh Tue Mar 10 02:06:08 CET 2026
#@# pial area lh Tue Mar 10 02:06:08 CET 2026
#@# thickness lh Tue Mar 10 02:06:08 CET 2026
#@# area and vertex vol lh Tue Mar 10 02:06:08 CET 2026
#@# Parcellation Stats lh Tue Mar 10 02:06:08 CET 2026
#@# Parcellation Stats 2 lh Tue Mar 10 02:06:31 CET 2026
#@# Parcellation Stats 3 lh Tue Mar 10 02:06:42 CET 2026
#@# BA_exvivo Labels lh Tue Mar 10 02:06:54 CET 2026
recon-all -s sub-v1s3x0050775_ses-1 finished without error at Tue Mar 10 02:09:35 CET 2026
