/out/sourcedata/freesurfer/sub-v1s3x0050825_ses-1/mri
/opt/freesurfer/bin/talairach_avi
--i orig_nu.mgz --xfm transforms/talairach.auto.xfm
talairach_avi 7.3.2
Linux dna056 5.14.0-427.37.1.el9_4.x86_64 #1 SMP PREEMPT_DYNAMIC Fri Sep 13 12:41:50 EDT 2024 x86_64 x86_64 x86_64 GNU/Linux
Tue Mar 10 01:42:52 CET 2026
mri_convert orig_nu.mgz talsrcimg.img 
reading from orig_nu.mgz...
TR=0.00, TE=0.00, TI=0.00, flip angle=0.00
i_ras = (-1, 0, 0)
j_ras = (0, 0, -1)
k_ras = (0, 1, 0)
writing to talsrcimg.img...
Analyze Output Matrix
-1.00000   0.00000   0.00000   132.81000;
 0.00000   0.00000   1.00000  -137.14867;
 0.00000  -1.00000   0.00000   143.98996;
 0.00000   0.00000   0.00000   1.00000;
--------------------
INFO: set hdr.hist.orient to -1
mpr2mni305 talsrcimg
Tue Mar 10 01:42:53 CET 2026
/opt/freesurfer/bin/mpr2mni305 talsrcimg
mpr2mni305 7.3.2
target=711-2C_as_mni_average_305

---------------------------------------------------------------------
analyzeto4dfp talsrcimg -O0 -y
---------------------------------------------------------------------

freesurfer ifh2hdr.c
Tue Mar 10 01:42:53 2026
Writing: talsrcimg.4dfp.hdr
freesurfer analyzeto4dfp.c
Reading: talsrcimg.hdr
header size 348 bytes
hdr.dime.datatype	offset=70	value=2
hdr.dime.bitpix		offset=72	value=8
hdr.hist.orient		offset=252	value=-1
dimensionality     4
dimensions       256       256       256         1
Reading: talsrcimg.img
Writing: talsrcimg.4dfp.img
Writing: talsrcimg.4dfp.ifh
ifh2hdr talsrcimg -r0to218
ori=2

---------------------------------------------------------------------
gauss_4dfp talsrcimg 1.1
---------------------------------------------------------------------

freesurfer gauss_4dfp.c
Reading: talsrcimg.4dfp.img
Writing: talsrcimg_g11.4dfp.img
image dimensions 256 256 256 padded to 288 288 288
processing volume 1freesurfer ifh2hdr.c
Tue Mar 10 01:42:55 2026
Writing: talsrcimg_g11.4dfp.hdr

Writing: talsrcimg_g11.4dfp.ifh
including: talsrcimg.4dfp.img.rec in talsrcimg_g11.4dfp.img.rec

---------------------------------------------------------------------
imgreg_4dfp /opt/freesurfer/average/711-2C_as_mni_average_305 none talsrcimg_g11 none talsrcimg_to_711-2C_as_mni_average_305_t4 4355
---------------------------------------------------------------------

freesurfer imgreg_4dfp.c
/opt/freesurfer/average/711-2C_as_mni_average_305.4dfp.img
       256       256       256         1
  1.000000  1.000000  1.000000
orientation T byte_order littleendian
Reading image: /opt/freesurfer/average/711-2C_as_mni_average_305.4dfp.img
dimensions:      256       256       256
mmppix:       1.0000   -1.0000   -1.0000
center:     128.0000 -129.0000 -129.0000
talsrcimg_g11.4dfp.img
       256       256       256         1
  1.000000  1.000000  1.000000
orientation T byte_order littleendian
Reading image: talsrcimg_g11.4dfp.img
dimensions:      256       256       256
mmppix:       1.0000   -1.0000   -1.0000
center:     128.0000 -129.0000 -129.0000
t4_read: open error in t4_sub.f l:  41 t4_file(1:l)talsrcimg_to_711-2C_as_mni_average_305_t4 
t4_read: transform initialized to I4
rotation matrix determinant  1.000000
image alignment mode   4355 decimal     1103 hex
   -7.5000  -45.0000  -45.0000 8671.7637   21.5097
    0.0000  -45.0000  -45.0000 9024.0977   21.5528
    7.5000  -45.0000  -45.0000 8589.0801   21.5623
   -7.5000  -37.5000  -45.0000 9055.4668   21.5057
    0.0000  -37.5000  -45.0000 9436.4590   21.5358
    7.5000  -37.5000  -45.0000 8960.1748   21.5477
   -7.5000  -30.0000  -45.0000 9734.0020   21.4719
    0.0000  -30.0000  -45.000010136.5479   21.4929
    7.5000  -30.0000  -45.0000 9606.5391   21.5043
   -7.5000  -22.5000  -45.000010344.2090   21.4384
    0.0000  -22.5000  -45.000010794.0762   21.4687
    7.5000  -22.5000  -45.000010188.2822   21.4789
   -7.5000  -15.0000  -45.000010945.9512   21.4392
    0.0000  -15.0000  -45.000011382.9619   21.4863
    7.5000  -15.0000  -45.000010776.0186   21.4955
   -7.5000   -7.5000  -45.000011469.3799   21.4768
    0.0000   -7.5000  -45.000011907.1602   21.5273
    7.5000   -7.5000  -45.000011304.7949   21.5354
   -7.5000    0.0000  -45.000011859.6592   21.5096
    0.0000    0.0000  -45.000012303.1006   21.5527
    7.5000    0.0000  -45.000011686.2725   21.5622
   -7.5000    7.5000  -45.000011398.6045   21.5057
    0.0000    7.5000  -45.000011846.1748   21.5358
    7.5000    7.5000  -45.000011226.0830   21.5477
   -7.5000   15.0000  -45.000010565.4863   21.4719
    0.0000   15.0000  -45.000010979.7754   21.4929
    7.5000   15.0000  -45.000010432.8740   21.5043
   -7.5000   22.5000  -45.0000 9649.0986   21.4355
    0.0000   22.5000  -45.0000 9994.1855   21.4658
    7.5000   22.5000  -45.0000 9485.2148   21.4760
   -7.5000   30.0000  -45.0000 8746.2451   21.1535
    0.0000   30.0000  -45.0000 9074.0762   21.1999
    7.5000   30.0000  -45.0000 8605.6797   21.2090
   -7.5000   37.5000  -45.0000 8194.8340   21.1906
    0.0000   37.5000  -45.0000 8504.8857   21.2404
    7.5000   37.5000  -45.0000 8080.0044   21.2484
   -7.5000   45.0000  -45.0000 7355.8770   20.6895
    0.0000   45.0000  -45.0000 7619.7563   20.7308
    7.5000   45.0000  -45.0000 7233.9482   20.7400
   -7.5000  -45.0000  -37.5000 9261.7822   21.4849
    0.0000  -45.0000  -37.5000 9660.2031   21.5144
    7.5000  -45.0000  -37.5000 9180.8105   21.5152
   -7.5000  -37.5000  -37.5000 9650.2539   21.4848
    0.0000  -37.5000  -37.500010071.5625   21.5008
    7.5000  -37.5000  -37.5000 9561.8027   21.5041
   -7.5000  -30.0000  -37.500010347.9688   21.4519
    0.0000  -30.0000  -37.500010801.5879   21.4614
    7.5000  -30.0000  -37.500010230.7031   21.4646
   -7.5000  -22.5000  -37.500011007.9102   21.4155
    0.0000  -22.5000  -37.500011496.1182   21.4363
    7.5000  -22.5000  -37.500010850.0264   21.4381
   -7.5000  -15.0000  -37.500011628.7725   21.4127
    0.0000  -15.0000  -37.500012117.2959   21.4502
    7.5000  -15.0000  -37.500011458.7178   21.4502
   -7.5000   -7.5000  -37.500012174.3750   21.4492
    0.0000   -7.5000  -37.500012659.3574   21.4887
    7.5000   -7.5000  -37.500012005.8955   21.4877
   -7.5000    0.0000  -37.500012555.4219   21.4848
    0.0000    0.0000  -37.500013068.0215   21.5143
    7.5000    0.0000  -37.500012381.6436   21.5151
   -7.5000    7.5000  -37.500012094.4971   21.4848
    0.0000    7.5000  -37.500012576.1758   21.5008
    7.5000    7.5000  -37.500011894.8428   21.5041
   -7.5000   15.0000  -37.500011225.3896   21.4519
    0.0000   15.0000  -37.500011687.3418   21.4614
    7.5000   15.0000  -37.500011047.7090   21.4646
   -7.5000   22.5000  -37.500010193.6807   21.4126
    0.0000   22.5000  -37.500010580.1289   21.4334
    7.5000   22.5000  -37.5000 9992.1553   21.4352
   -7.5000   30.0000  -37.5000 9212.1807   21.1273
    0.0000   30.0000  -37.5000 9564.1660   21.1643
    7.5000   30.0000  -37.5000 9038.2188   21.1643
   -7.5000   37.5000  -37.5000 8595.5312   21.1634
    0.0000   37.5000  -37.5000 8945.0107   21.2024
    7.5000   37.5000  -37.5000 8471.1553   21.2013
   -7.5000   45.0000  -37.5000 7688.0635   20.6653
    0.0000   45.0000  -37.5000 7989.7744   20.6936
    7.5000   45.0000  -37.5000 7565.8306   20.6946
   -7.5000  -45.0000  -30.0000 9992.9512   22.3706
    0.0000  -45.0000  -30.000010425.4258   22.3880
    7.5000  -45.0000  -30.0000 9918.5752   22.3755
   -7.5000  -37.5000  -30.000010424.9248   22.3752
    0.0000  -37.5000  -30.000010861.0547   22.3769
    7.5000  -37.5000  -30.000010344.7246   22.3665
   -7.5000  -30.0000  -30.000011147.4541   22.3426
    0.0000  -30.0000  -30.000011632.0586   22.3417
    7.5000  -30.0000  -30.000011057.4258   22.3338
   -7.5000  -22.5000  -30.000011872.9395   22.3023
    0.0000  -22.5000  -30.000012388.3545   22.3177
    7.5000  -22.5000  -30.000011737.5068   22.3102
   -7.5000  -15.0000  -30.000012523.4160   22.2964
    0.0000  -15.0000  -30.000013061.6895   22.3306
    7.5000  -15.0000  -30.000012366.1367   22.3206
   -7.5000   -7.5000  -30.000013086.0195   22.3319
    0.0000   -7.5000  -30.000013616.4590   22.3657
    7.5000   -7.5000  -30.000012926.7314   22.3531
   -7.5000    0.0000  -30.000013456.8965   22.3705
    0.0000    0.0000  -30.000014021.7627   22.3880
    7.5000    0.0000  -30.000013268.0020   22.3754
   -7.5000    7.5000  -30.000012939.3770   22.3752
    0.0000    7.5000  -30.000013475.8760   22.3769
    7.5000    7.5000  -30.000012734.7451   22.3665
   -7.5000   15.0000  -30.000012050.1240   22.3426
    0.0000   15.0000  -30.000012564.1270   22.3417
    7.5000   15.0000  -30.000011839.4805   22.3338
   -7.5000   22.5000  -30.000010873.4258   22.2969
    0.0000   22.5000  -30.000011321.8486   22.3124
    7.5000   22.5000  -30.000010669.0703   22.3048
   -7.5000   30.0000  -30.0000 9804.0596   22.0013
    0.0000   30.0000  -30.000010184.8838   22.0351
    7.5000   30.0000  -30.0000 9627.3799   22.0252
   -7.5000   37.5000  -30.0000 9143.0098   22.0364
    0.0000   37.5000  -30.0000 9522.4883   22.0698
    7.5000   37.5000  -30.0000 9015.2578   22.0574
   -7.5000   45.0000  -30.0000 8156.2583   21.5334
    0.0000   45.0000  -30.0000 8474.4316   21.5504
    7.5000   45.0000  -30.0000 8014.4893   21.5385
   -7.5000  -45.0000  -22.500010710.2480   23.0997
    0.0000  -45.0000  -22.500011173.7744   23.1198
    7.5000  -45.0000  -22.500010650.1338   23.1015
   -7.5000  -37.5000  -22.500011170.8760   23.1070
    0.0000  -37.5000  -22.500011648.1514   23.1092
    7.5000  -37.5000  -22.500011133.1074   23.0921
   -7.5000  -30.0000  -22.500011945.6973   23.0743
    0.0000  -30.0000  -22.500012453.8916   23.0755
    7.5000  -30.0000  -22.500011885.3477   23.0633
   -7.5000  -22.5000  -22.500012710.3252   23.0327
    0.0000  -22.5000  -22.500013253.7295   23.0527
    7.5000  -22.5000  -22.500012599.3447   23.0436
   -7.5000  -15.0000  -22.500013401.5977   23.0257
    0.0000  -15.0000  -22.500013957.6641   23.0665
    7.5000  -15.0000  -22.500013262.9561   23.0553
   -7.5000   -7.5000  -22.500014009.7266   23.0601
    0.0000   -7.5000  -22.500014573.8145   23.0997
    7.5000   -7.5000  -22.500013834.7686   23.0844
   -7.5000    0.0000  -22.500014361.7900   23.0996
    0.0000    0.0000  -22.500014965.7617   23.1197
    7.5000    0.0000  -22.500014170.1992   23.1014
   -7.5000    7.5000  -22.500013765.5244   23.1070
    0.0000    7.5000  -22.500014334.2998   23.1092
    7.5000    7.5000  -22.500013537.9160   23.0921
   -7.5000   15.0000  -22.500012811.1094   23.0743
    0.0000   15.0000  -22.500013351.0234   23.0755
    7.5000   15.0000  -22.500012605.2676   23.0633
   -7.5000   22.5000  -22.500011557.7021   23.0256
    0.0000   22.5000  -22.500012040.0303   23.0456
    7.5000   22.5000  -22.500011373.8965   23.0364
   -7.5000   30.0000  -22.500010404.7998   22.7245
    0.0000   30.0000  -22.500010811.9805   22.7647
    7.5000   30.0000  -22.500010237.0732   22.7537
   -7.5000   37.5000  -22.5000 9704.0713   22.7585
    0.0000   37.5000  -22.500010071.0068   22.7976
    7.5000   37.5000  -22.5000 9558.1484   22.7824
   -7.5000   45.0000  -22.5000 8595.8818   22.2528
    0.0000   45.0000  -22.5000 8918.0840   22.2725
    7.5000   45.0000  -22.5000 8437.8242   22.2551
   -7.5000  -45.0000  -15.000011406.7432   23.6311
    0.0000  -45.0000  -15.000011897.6709   23.6653
    7.5000  -45.0000  -15.000011362.3027   23.6541
   -7.5000  -37.5000  -15.000011889.4004   23.6355
    0.0000  -37.5000  -15.000012402.3545   23.6520
    7.5000  -37.5000  -15.000011875.6064   23.6414
   -7.5000  -30.0000  -15.000012701.9424   23.6005
    0.0000  -30.0000  -15.000013237.4531   23.6134
    7.5000  -30.0000  -15.000012672.0732   23.6082
   -7.5000  -22.5000  -15.000013511.4443   23.5596
    0.0000  -22.5000  -15.000014044.6064   23.5896
    7.5000  -22.5000  -15.000013425.3320   23.5887
   -7.5000  -15.0000  -15.000014220.7373   23.5548
    0.0000  -15.0000  -15.000014779.6670   23.6062
    7.5000  -15.0000  -15.000014130.2812   23.6048
   -7.5000   -7.5000  -15.000014870.8467   23.5912
    0.0000   -7.5000  -15.000015458.8828   23.6432
    7.5000   -7.5000  -15.000014750.6201   23.6367
   -7.5000    0.0000  -15.000015235.3584   23.6310
    0.0000    0.0000  -15.000015873.7793   23.6652
    7.5000    0.0000  -15.000015081.1240   23.6540
   -7.5000    7.5000  -15.000014552.1953   23.6355
    0.0000    7.5000  -15.000015121.2617   23.6520
    7.5000    7.5000  -15.000014352.4551   23.6414
   -7.5000   15.0000  -15.000013590.6025   23.6005
    0.0000   15.0000  -15.000014121.3623   23.6134
    7.5000   15.0000  -15.000013382.0312   23.6082
   -7.5000   22.5000  -15.000012259.4111   23.5512
    0.0000   22.5000  -15.000012758.8945   23.5813
    7.5000   22.5000  -15.000012094.6729   23.5804
   -7.5000   30.0000  -15.000011014.1807   23.2499
    0.0000   30.0000  -15.000011468.7383   23.3007
    7.5000   30.0000  -15.000010884.4131   23.2993
   -7.5000   37.5000  -15.000010233.6914   23.2859
    0.0000   37.5000  -15.000010628.6152   23.3372
    7.5000   37.5000  -15.000010108.4512   23.3308
   -7.5000   45.0000  -15.0000 9048.0361   22.7788
    0.0000   45.0000  -15.0000 9377.8330   22.8120
    7.5000   45.0000  -15.0000 8900.3398   22.8014
   -7.5000  -45.0000   -7.500012146.5986   23.9265
    0.0000  -45.0000   -7.500012640.5996   23.9744
    7.5000  -45.0000   -7.500012109.7510   23.9777
   -7.5000  -37.5000   -7.500012677.8262   23.9245
    0.0000  -37.5000   -7.500013185.9346   23.9563
    7.5000  -37.5000   -7.500012670.9316   23.9610
   -7.5000  -30.0000   -7.500013539.6172   23.8863
    0.0000  -30.0000   -7.500014077.3613   23.9098
    7.5000  -30.0000   -7.500013544.7832   23.9170
   -7.5000  -22.5000   -7.500014330.1143   23.8470
    0.0000  -22.5000   -7.500014881.7598   23.8836
    7.5000  -22.5000   -7.500014329.2891   23.8932
   -7.5000  -15.0000   -7.500015052.3906   23.8466
    0.0000  -15.0000   -7.500015614.6318   23.9036
    7.5000  -15.0000   -7.500015040.0625   23.9132
   -7.5000   -7.5000   -7.500015734.7002   23.8878
    0.0000   -7.5000   -7.500016335.8926   23.9478
    7.5000   -7.5000   -7.500015689.6387   23.9536
   -7.5000    0.0000   -7.500016109.0010   23.9264
    0.0000    0.0000   -7.500016715.1914   23.9743
    7.5000    0.0000   -7.500016023.8301   23.9776
   -7.5000    7.5000   -7.500015317.1445   23.9245
    0.0000    7.5000   -7.500015865.9121   23.9563
    7.5000    7.5000   -7.500015166.4219   23.9610
   -7.5000   15.0000   -7.500014330.5576   23.8863
    0.0000   15.0000   -7.500014851.1152   23.9098
    7.5000   15.0000   -7.500014168.3896   23.9170
   -7.5000   22.5000   -7.500012946.7246   23.8360
    0.0000   22.5000   -7.500013434.0781   23.8726
    7.5000   22.5000   -7.500012808.1973   23.8821
   -7.5000   30.0000   -7.500011658.5996   23.5374
    0.0000   30.0000   -7.500012118.3516   23.5936
    7.5000   30.0000   -7.500011533.3535   23.6031
   -7.5000   37.5000   -7.500010831.0625   23.5780
    0.0000   37.5000   -7.500011258.2695   23.6372
    7.5000   37.5000   -7.500010717.8613   23.6430
   -7.5000   45.0000   -7.5000 9530.8350   23.0674
    0.0000   45.0000   -7.5000 9898.9619   23.1136
    7.5000   45.0000   -7.5000 9398.9619   23.1168
   -7.5000  -45.0000    0.000012771.7793   24.0145
    0.0000  -45.0000    0.000013259.7041   24.0627
    7.5000  -45.0000    0.000012730.1963   24.0731
   -7.5000  -37.5000    0.000013335.7822   24.0103
    0.0000  -37.5000    0.000013838.4365   24.0439
    7.5000  -37.5000    0.000013311.3252   24.0567
   -7.5000  -30.0000    0.000014320.3535   23.9718
    0.0000  -30.0000    0.000014840.2236   23.9950
    7.5000  -30.0000    0.000014299.6904   24.0073
   -7.5000  -22.5000    0.000015133.7188   23.9333
    0.0000  -22.5000    0.000015680.7617   23.9670
    7.5000  -22.5000    0.000015174.0498   23.9781
   -7.5000  -15.0000    0.000015835.8545   23.9338
    0.0000  -15.0000    0.000016403.9062   23.9864
    7.5000  -15.0000    0.000015892.7158   23.9966
   -7.5000   -7.5000    0.000016507.9629   23.9766
    0.0000   -7.5000    0.000017099.0449   24.0331
    7.5000   -7.5000    0.000016540.9062   24.0421
   -7.5000    0.0000    0.000016852.0273   24.0144
    0.0000    0.0000    0.000017421.4844   24.0626
    7.5000    0.0000    0.000016845.4004   24.0730
   -7.5000    7.5000    0.000015927.7812   24.0103
    0.0000    7.5000    0.000016462.7676   24.0439
    7.5000    7.5000    0.000015871.8086   24.0567
   -7.5000   15.0000    0.000014916.9805   23.9718
    0.0000   15.0000    0.000015422.9287   23.9950
    7.5000   15.0000    0.000014792.9336   24.0073
   -7.5000   22.5000    0.000013535.5234   23.9223
    0.0000   22.5000    0.000014001.7334   23.9559
    7.5000   22.5000    0.000013397.5703   23.9671
   -7.5000   30.0000    0.000012229.4512   23.6241
    0.0000   30.0000    0.000012667.3838   23.6759
    7.5000   30.0000    0.000012087.5557   23.6860
   -7.5000   37.5000    0.000011383.3604   23.6663
    0.0000   37.5000    0.000011796.0713   23.7221
    7.5000   37.5000    0.000011240.6826   23.7309
   -7.5000   45.0000    0.000010009.1523   23.1532
    0.0000   45.0000    0.000010369.4590   23.1995
    7.5000   45.0000    0.0000 9855.8594   23.2096
   -7.5000  -45.0000    7.500012395.8037   24.0380
    0.0000  -45.0000    7.500012872.0107   24.0711
    7.5000  -45.0000    7.500012345.2471   24.0721
   -7.5000  -37.5000    7.500012864.2422   24.0379
    0.0000  -37.5000    7.500013354.2041   24.0558
    7.5000  -37.5000    7.500012875.1484   24.0597
   -7.5000  -30.0000    7.500013809.1475   24.0011
    0.0000  -30.0000    7.500014348.5869   24.0117
    7.5000  -30.0000    7.500013784.0186   24.0154
   -7.5000  -22.5000    7.500014725.2812   23.9603
    0.0000  -22.5000    7.500015301.2969   23.9837
    7.5000  -22.5000    7.500014701.3320   23.9857
   -7.5000  -15.0000    7.500015408.1211   23.9572
    0.0000  -15.0000    7.500016000.9150   23.9992
    7.5000  -15.0000    7.500015436.1172   23.9993
   -7.5000   -7.5000    7.500016062.0039   23.9981
    0.0000   -7.5000    7.500016630.5977   24.0424
    7.5000   -7.5000    7.500016048.1182   24.0413
   -7.5000    0.0000    7.500016362.5752   24.0379
    0.0000    0.0000    7.500016909.2988   24.0709
    7.5000    0.0000    7.500016361.7012   24.0720
   -7.5000    7.5000    7.500015433.9883   24.0379
    0.0000    7.5000    7.500015926.0576   24.0558
    7.5000    7.5000    7.500015394.8398   24.0597
   -7.5000   15.0000    7.500014432.1719   24.0011
    0.0000   15.0000    7.500014826.8047   24.0117
    7.5000   15.0000    7.500014316.3848   24.0154
   -7.5000   22.5000    7.500013109.2178   23.9493
    0.0000   22.5000    7.500013470.8643   23.9726
    7.5000   22.5000    7.500012984.9004   23.9747
   -7.5000   30.0000    7.500011857.6816   23.6471
    0.0000   30.0000    7.500012231.1641   23.6886
    7.5000   30.0000    7.500011735.8340   23.6887
   -7.5000   37.5000    7.500011051.3818   23.6876
    0.0000   37.5000    7.500011392.0410   23.7312
    7.5000   37.5000    7.500010903.4141   23.7301
   -7.5000   45.0000    7.5000 9674.8633   23.1755
    0.0000   45.0000    7.500010002.7637   23.2073
    7.5000   45.0000    7.5000 9535.9658   23.2085
   -7.5000  -45.0000   15.000011884.6494   24.0223
    0.0000  -45.0000   15.000012369.7588   24.0411
    7.5000  -45.0000   15.000011835.4414   24.0276
   -7.5000  -37.5000   15.000012309.7197   24.0273
    0.0000  -37.5000   15.000012793.3623   24.0291
    7.5000  -37.5000   15.000012306.3301   24.0179
   -7.5000  -30.0000   15.000013169.5068   23.9923
    0.0000  -30.0000   15.000013708.5869   23.9914
    7.5000  -30.0000   15.000013194.9229   23.9828
   -7.5000  -22.5000   15.000014072.3818   23.9490
    0.0000  -22.5000   15.000014620.8311   23.9656
    7.5000  -22.5000   15.000014076.0117   23.9575
   -7.5000  -15.0000   15.000014838.5615   23.9426
    0.0000  -15.0000   15.000015419.3857   23.9794
    7.5000  -15.0000   15.000014829.6533   23.9686
   -7.5000   -7.5000   15.000015490.0830   23.9808
    0.0000   -7.5000   15.000016102.4316   24.0171
    7.5000   -7.5000   15.000015468.6367   24.0036
   -7.5000    0.0000   15.000015839.7734   24.0222
    0.0000    0.0000   15.000016419.1797   24.0410
    7.5000    0.0000   15.000015792.2812   24.0275
   -7.5000    7.5000   15.000014876.6641   24.0273
    0.0000    7.5000   15.000015346.1631   24.0291
    7.5000    7.5000   15.000014796.0537   24.0179
   -7.5000   15.0000   15.000013827.3984   23.9923
    0.0000   15.0000   15.000014234.2373   23.9914
    7.5000   15.0000   15.000013731.6777   23.9828
   -7.5000   22.5000   15.000012549.5566   23.9380
    0.0000   22.5000   15.000012907.1533   23.9545
    7.5000   22.5000   15.000012438.0830   23.9464
   -7.5000   30.0000   15.000011332.1084   23.6328
    0.0000   30.0000   15.000011667.3760   23.6690
    7.5000   30.0000   15.000011218.7910   23.6584
   -7.5000   37.5000   15.000010539.6221   23.6704
    0.0000   37.5000   15.000010831.1406   23.7063
    7.5000   37.5000   15.000010404.1885   23.6930
   -7.5000   45.0000   15.0000 9224.5186   23.1607
    0.0000   45.0000   15.0000 9489.7695   23.1790
    7.5000   45.0000   15.0000 9081.4873   23.1663
   -7.5000  -45.0000   22.500011235.0625   23.9793
    0.0000  -45.0000   22.500011728.3174   24.0002
    7.5000  -45.0000   22.500011176.5859   23.9812
   -7.5000  -37.5000   22.500011658.4346   23.9869
    0.0000  -37.5000   22.500012149.0557   23.9892
    7.5000  -37.5000   22.500011611.8916   23.9714
   -7.5000  -30.0000   22.500012490.2285   23.9530
    0.0000  -30.0000   22.500013029.3779   23.9542
    7.5000  -30.0000   22.500012481.9219   23.9415
   -7.5000  -22.5000   22.500013340.2764   23.9097
    0.0000  -22.5000   22.500013888.5107   23.9306
    7.5000  -22.5000   22.500013317.7090   23.9210
   -7.5000  -15.0000   22.500014100.6191   23.9025
    0.0000  -15.0000   22.500014662.4072   23.9448
    7.5000  -15.0000   22.500014053.6631   23.9333
   -7.5000   -7.5000   22.500014783.8662   23.9382
    0.0000   -7.5000   22.500015358.5889   23.9794
    7.5000   -7.5000   22.500014718.9609   23.9635
   -7.5000    0.0000   22.500015127.1904   23.9792
    0.0000    0.0000   22.500015703.9092   24.0001
    7.5000    0.0000   22.500015044.2461   23.9811
   -7.5000    7.5000   22.500014157.6963   23.9869
    0.0000    7.5000   22.500014649.7012   23.9892
    7.5000    7.5000   22.500014068.9619   23.9714
   -7.5000   15.0000   22.500013113.6270   23.9530
    0.0000   15.0000   22.500013525.9648   23.9542
    7.5000   15.0000   22.500013002.4990   23.9415
   -7.5000   22.5000   22.500011890.2441   23.8987
    0.0000   22.5000   22.500012263.1553   23.9195
    7.5000   22.5000   22.500011771.3164   23.9100
   -7.5000   30.0000   22.500010665.9541   23.5932
    0.0000   30.0000   22.500011003.8076   23.6349
    7.5000   30.0000   22.500010574.1094   23.6235
   -7.5000   37.5000   22.5000 9889.3516   23.6284
    0.0000   37.5000   22.500010184.0371   23.6690
    7.5000   37.5000   22.5000 9776.8770   23.6533
   -7.5000   45.0000   22.5000 8651.1172   23.1202
    0.0000   45.0000   22.5000 8907.4707   23.1407
    7.5000   45.0000   22.5000 8528.7578   23.1226
   -7.5000  -45.0000   30.000010462.0645   23.9554
    0.0000  -45.0000   30.000010939.3281   23.9902
    7.5000  -45.0000   30.000010413.2197   23.9788
   -7.5000  -37.5000   30.000010914.8262   23.9600
    0.0000  -37.5000   30.000011405.0400   23.9766
    7.5000  -37.5000   30.000010846.0244   23.9659
   -7.5000  -30.0000   30.000011733.2588   23.9245
    0.0000  -30.0000   30.000012257.7773   23.9375
    7.5000  -30.0000   30.000011668.1504   23.9322
   -7.5000  -22.5000   30.000012480.6992   23.8830
    0.0000  -22.5000   30.000013008.6172   23.9134
    7.5000  -22.5000   30.000012425.5508   23.9125
   -7.5000  -15.0000   30.000013163.2031   23.8781
    0.0000  -15.0000   30.000013715.1475   23.9302
    7.5000  -15.0000   30.000013108.4199   23.9288
   -7.5000   -7.5000   30.000013813.7637   23.9150
    0.0000   -7.5000   30.000014359.4814   23.9677
    7.5000   -7.5000   30.000013740.2393   23.9611
   -7.5000    0.0000   30.000014158.7305   23.9553
    0.0000    0.0000   30.000014706.2119   23.9901
    7.5000    0.0000   30.000014069.9844   23.9787
   -7.5000    7.5000   30.000013238.2617   23.9600
    0.0000    7.5000   30.000013742.5967   23.9766
    7.5000    7.5000   30.000013156.8740   23.9659
   -7.5000   15.0000   30.000012206.6787   23.9245
    0.0000   15.0000   30.000012635.3701   23.9375
    7.5000   15.0000   30.000012102.7002   23.9322
   -7.5000   22.5000   30.000011058.1289   23.8720
    0.0000   22.5000   30.000011447.6191   23.9024
    7.5000   22.5000   30.000010960.7910   23.9015
   -7.5000   30.0000   30.0000 9936.0537   23.5691
    0.0000   30.0000   30.000010258.3838   23.6205
    7.5000   30.0000   30.0000 9821.7139   23.6191
   -7.5000   37.5000   30.0000 9196.5654   23.6055
    0.0000   37.5000   30.0000 9492.1162   23.6575
    7.5000   37.5000   30.0000 9065.9492   23.6510
   -7.5000   45.0000   30.0000 8034.8760   23.0975
    0.0000   45.0000   30.0000 8283.6221   23.1312
    7.5000   45.0000   30.0000 7925.4829   23.1205
   -7.5000  -45.0000   37.500010090.5088   24.1474
    0.0000  -45.0000   37.500010558.3818   24.1963
    7.5000  -45.0000   37.500010047.6885   24.1989
   -7.5000  -37.5000   37.500010551.1299   24.1455
    0.0000  -37.5000   37.500011039.4434   24.1778
    7.5000  -37.5000   37.500010477.3750   24.1814
   -7.5000  -30.0000   37.500011350.8213   24.1062
    0.0000  -30.0000   37.500011897.1836   24.1298
    7.5000  -30.0000   37.500011249.2021   24.1358
   -7.5000  -22.5000   37.500012047.2100   24.0658
    0.0000  -22.5000   37.500012599.5488   24.1027
    7.5000  -22.5000   37.500011946.5166   24.1112
   -7.5000  -15.0000   37.500012663.8203   24.0653
    0.0000  -15.0000   37.500013211.9697   24.1231
    7.5000  -15.0000   37.500012569.2305   24.1319
   -7.5000   -7.5000   37.500013251.8311   24.1076
    0.0000   -7.5000   37.500013811.8672   24.1686
    7.5000   -7.5000   37.500013172.3271   24.1739
   -7.5000    0.0000   37.500013604.0215   24.1473
    0.0000    0.0000   37.500014131.5693   24.1962
    7.5000    0.0000   37.500013512.3525   24.1988
   -7.5000    7.5000   37.500012748.2256   24.1455
    0.0000    7.5000   37.500013245.1191   24.1778
    7.5000    7.5000   37.500012672.8936   24.1814
   -7.5000   15.0000   37.500011702.6621   24.1062
    0.0000   15.0000   37.500012120.7744   24.1298
    7.5000   15.0000   37.500011628.3213   24.1358
   -7.5000   22.5000   37.500010610.7627   24.0547
    0.0000   22.5000   37.500010996.2422   24.0916
    7.5000   22.5000   37.500010548.0420   24.1001
   -7.5000   30.0000   37.5000 9543.7578   23.7539
    0.0000   30.0000   37.5000 9876.8789   23.8109
    7.5000   30.0000   37.5000 9447.6074   23.8196
   -7.5000   37.5000   37.5000 8832.8457   23.7956
    0.0000   37.5000   37.5000 9142.8340   23.8558
    7.5000   37.5000   37.5000 8718.3135   23.8611
   -7.5000   45.0000   37.5000 7736.9170   23.2820
    0.0000   45.0000   37.5000 7995.1895   23.3292
    7.5000   45.0000   37.5000 7629.1621   23.3317
   -7.5000  -45.0000   45.0000 9293.9541   24.3937
    0.0000  -45.0000   45.0000 9741.7461   24.4406
    7.5000  -45.0000   45.0000 9247.9697   24.4508
   -7.5000  -37.5000   45.0000 9712.9561   24.3843
    0.0000  -37.5000   45.000010167.9883   24.4161
    7.5000  -37.5000   45.0000 9639.0771   24.4284
   -7.5000  -30.0000   45.000010439.9473   24.3418
    0.0000  -30.0000   45.000010923.6328   24.3624
    7.5000  -30.0000   45.000010344.7812   24.3742
   -7.5000  -22.5000   45.000011048.2939   24.3047
    0.0000  -22.5000   45.000011564.6338   24.3361
    7.5000  -22.5000   45.000010958.2998   24.3470
   -7.5000  -15.0000   45.000011596.7168   24.3103
    0.0000  -15.0000   45.000012105.0898   24.3614
    7.5000  -15.0000   45.000011517.2988   24.3717
   -7.5000   -7.5000   45.000012120.9268   24.3566
    0.0000   -7.5000   45.000012646.8369   24.4121
    7.5000   -7.5000   45.000012073.9834   24.4211
   -7.5000    0.0000   45.000012455.0049   24.3936
    0.0000    0.0000   45.000012951.1377   24.4405
    7.5000    0.0000   45.000012410.9453   24.4507
   -7.5000    7.5000   45.000011702.8623   24.3843
    0.0000    7.5000   45.000012170.0967   24.4161
    7.5000    7.5000   45.000011663.6338   24.4284
   -7.5000   15.0000   45.000010726.7256   24.3418
    0.0000   15.0000   45.000011131.3438   24.3624
    7.5000   15.0000   45.000010686.9854   24.3742
   -7.5000   22.5000   45.0000 9739.3916   24.2935
    0.0000   22.5000   45.000010088.1611   24.3248
    7.5000   22.5000   45.0000 9694.3652   24.3358
   -7.5000   30.0000   45.0000 8745.3604   23.9936
    0.0000   30.0000   45.0000 9064.8779   24.0440
    7.5000   30.0000   45.0000 8680.1055   24.0542
   -7.5000   37.5000   45.0000 8100.9746   24.0393
    0.0000   37.5000   45.0000 8386.6807   24.0941
    7.5000   37.5000   45.0000 8014.1152   24.1029
   -7.5000   45.0000   45.0000 7113.1201   23.5293
    0.0000   45.0000   45.0000 7353.0703   23.5744
    7.5000   45.0000   45.0000 7039.1357   23.5842

---------------------------------------------------------------------
imgreg_4dfp /opt/freesurfer/average/711-2C_as_mni_average_305 /opt/freesurfer/average/711-2B_as_mni_average_305_mask talsrcimg_g11 none talsrcimg_to_711-2C_as_mni_average_305_t4 4355
---------------------------------------------------------------------

freesurfer imgreg_4dfp.c
/opt/freesurfer/average/711-2C_as_mni_average_305.4dfp.img
       256       256       256         1
  1.000000  1.000000  1.000000
orientation T byte_order littleendian
Reading image: /opt/freesurfer/average/711-2C_as_mni_average_305.4dfp.img
dimensions:      256       256       256
mmppix:       1.0000   -1.0000   -1.0000
center:     128.0000 -129.0000 -129.0000
/opt/freesurfer/average/711-2B_as_mni_average_305_mask.4dfp.img
       256       256       256         1
  1.000000  1.000000  1.000000
orientation T byte_order littleendian
Reading mask: /opt/freesurfer/average/711-2B_as_mni_average_305_mask.4dfp.img (2306576 pixels)
talsrcimg_g11.4dfp.img
       256       256       256         1
  1.000000  1.000000  1.000000
orientation T byte_order littleendian
Reading image: talsrcimg_g11.4dfp.img
dimensions:      256       256       256
mmppix:       1.0000   -1.0000   -1.0000
center:     128.0000 -129.0000 -129.0000
rotation matrix determinant  1.000000
image alignment mode   4355 decimal     1103 hex
   -7.5000  -45.0000  -45.0000 2219.7046   21.6112
    0.0000  -45.0000  -45.0000 2227.0488   21.6431
    7.5000  -45.0000  -45.0000 2195.4880   21.8995
   -7.5000  -37.5000  -45.0000 2272.4438   20.6600
    0.0000  -37.5000  -45.0000 2280.5615   20.6589
    7.5000  -37.5000  -45.0000 2248.7319   20.8892
   -7.5000  -30.0000  -45.0000 2296.3625   20.0705
    0.0000  -30.0000  -45.0000 2307.4106   20.0417
    7.5000  -30.0000  -45.0000 2274.4512   20.2621
   -7.5000  -22.5000  -45.0000 2296.9453   19.7721
    0.0000  -22.5000  -45.0000 2312.4421   19.7079
    7.5000  -22.5000  -45.0000 2277.1599   19.9656
   -7.5000  -15.0000  -45.0000 2294.8411   19.8378
    0.0000  -15.0000  -45.0000 2307.2368   19.7722
    7.5000  -15.0000  -45.0000 2271.6096   20.0844
   -7.5000   -7.5000  -45.0000 2276.8059   20.2710
    0.0000   -7.5000  -45.0000 2288.3425   20.2266
    7.5000   -7.5000  -45.0000 2254.9268   20.6332
   -7.5000    0.0000  -45.0000 2244.3652   21.1878
    0.0000    0.0000  -45.0000 2257.8367   21.1192
    7.5000    0.0000  -45.0000 2224.4224   21.5752
   -7.5000    7.5000  -45.0000 2195.8784   22.3550
    0.0000    7.5000  -45.0000 2209.9387   22.3255
    7.5000    7.5000  -45.0000 2176.4758   22.7631
   -7.5000   15.0000  -45.0000 2121.3564   23.7653
    0.0000   15.0000  -45.0000 2134.9866   23.7686
    7.5000   15.0000  -45.0000 2104.0896   24.2367
   -7.5000   22.5000  -45.0000 2035.9097   25.7554
    0.0000   22.5000  -45.0000 2046.0494   25.6613
    7.5000   22.5000  -45.0000 2016.7648   26.1853
   -7.5000   30.0000  -45.0000 1930.2396   28.6046
    0.0000   30.0000  -45.0000 1939.5883   28.4468
    7.5000   30.0000  -45.0000 1911.6398   29.0509
   -7.5000   37.5000  -45.0000 1817.7991   32.6359
    0.0000   37.5000  -45.0000 1822.7148   32.5796
    7.5000   37.5000  -45.0000 1799.1454   33.1450
   -7.5000   45.0000  -45.0000 1693.4890   38.2048
    0.0000   45.0000  -45.0000 1695.9664   38.0218
    7.5000   45.0000  -45.0000 1679.5598   38.5444
   -7.5000  -45.0000  -37.5000 2313.3552   19.9077
    0.0000  -45.0000  -37.5000 2323.8252   19.9485
    7.5000  -45.0000  -37.5000 2293.5588   20.2448
   -7.5000  -37.5000  -37.5000 2366.4995   18.9799
    0.0000  -37.5000  -37.5000 2375.3364   19.0411
    7.5000  -37.5000  -37.5000 2342.3323   19.2266
   -7.5000  -30.0000  -37.5000 2393.0408   18.4632
    0.0000  -30.0000  -37.5000 2401.3811   18.4447
    7.5000  -30.0000  -37.5000 2366.9810   18.6544
   -7.5000  -22.5000  -37.5000 2400.4438   18.1801
    0.0000  -22.5000  -37.5000 2415.0381   18.1399
    7.5000  -22.5000  -37.5000 2372.9036   18.3674
   -7.5000  -15.0000  -37.5000 2393.5010   18.3039
    0.0000  -15.0000  -37.5000 2402.9849   18.2300
    7.5000  -15.0000  -37.5000 2372.8608   18.4860
   -7.5000   -7.5000  -37.5000 2375.5486   18.7210
    0.0000   -7.5000  -37.5000 2385.2966   18.6418
    7.5000   -7.5000  -37.5000 2356.4583   18.9518
   -7.5000    0.0000  -37.5000 2346.3767   19.4863
    0.0000    0.0000  -37.5000 2359.7222   19.4317
    7.5000    0.0000  -37.5000 2323.0994   19.7678
   -7.5000    7.5000  -37.5000 2295.6694   20.5535
    0.0000    7.5000  -37.5000 2312.5596   20.4856
    7.5000    7.5000  -37.5000 2275.2068   20.8889
   -7.5000   15.0000  -37.5000 2217.1426   21.8666
    0.0000   15.0000  -37.5000 2231.0811   21.8213
    7.5000   15.0000  -37.5000 2197.1775   22.1978
   -7.5000   22.5000  -37.5000 2123.1074   23.6673
    0.0000   22.5000  -37.5000 2135.1628   23.6089
    7.5000   22.5000  -37.5000 2101.6587   24.0217
   -7.5000   30.0000  -37.5000 2011.1863   26.2663
    0.0000   30.0000  -37.5000 2023.2917   26.1897
    7.5000   30.0000  -37.5000 1988.3353   26.6081
   -7.5000   37.5000  -37.5000 1890.6095   29.9361
    0.0000   37.5000  -37.5000 1903.3359   29.8600
    7.5000   37.5000  -37.5000 1871.4586   30.3103
   -7.5000   45.0000  -37.5000 1761.6273   34.7806
    0.0000   45.0000  -37.5000 1770.5515   34.7068
    7.5000   45.0000  -37.5000 1743.4639   35.3185
   -7.5000  -45.0000  -30.0000 2437.8967   19.0120
    0.0000  -45.0000  -30.0000 2448.0352   19.0031
    7.5000  -45.0000  -30.0000 2417.0596   19.3137
   -7.5000  -37.5000  -30.0000 2495.3853   18.0279
    0.0000  -37.5000  -30.0000 2504.7805   18.0266
    7.5000  -37.5000  -30.0000 2474.7253   18.2810
   -7.5000  -30.0000  -30.0000 2533.1975   17.4903
    0.0000  -30.0000  -30.0000 2539.6062   17.4804
    7.5000  -30.0000  -30.0000 2507.3792   17.7279
   -7.5000  -22.5000  -30.0000 2557.0276   17.2679
    0.0000  -22.5000  -30.0000 2568.0518   17.2339
    7.5000  -22.5000  -30.0000 2526.1997   17.4544
   -7.5000  -15.0000  -30.0000 2553.4119   17.4314
    0.0000  -15.0000  -30.0000 2559.1484   17.3768
    7.5000  -15.0000  -30.0000 2521.2583   17.5766
   -7.5000   -7.5000  -30.0000 2534.9644   17.8381
    0.0000   -7.5000  -30.0000 2542.1035   17.7529
    7.5000   -7.5000  -30.0000 2510.6653   18.0064
   -7.5000    0.0000  -30.0000 2498.6118   18.5772
    0.0000    0.0000  -30.0000 2513.0093   18.4479
    7.5000    0.0000  -30.0000 2476.3374   18.7426
   -7.5000    7.5000  -30.0000 2443.1663   19.5719
    0.0000    7.5000  -30.0000 2463.2041   19.4717
    7.5000    7.5000  -30.0000 2420.3044   19.8269
   -7.5000   15.0000  -30.0000 2359.0322   20.8700
    0.0000   15.0000  -30.0000 2375.5125   20.7752
    7.5000   15.0000  -30.0000 2337.5493   21.1426
   -7.5000   22.5000  -30.0000 2246.5239   22.5501
    0.0000   22.5000  -30.0000 2267.1985   22.4749
    7.5000   22.5000  -30.0000 2228.1438   22.8663
   -7.5000   30.0000  -30.0000 2128.9934   25.0307
    0.0000   30.0000  -30.0000 2141.3857   24.9287
    7.5000   30.0000  -30.0000 2107.0793   25.3663
   -7.5000   37.5000  -30.0000 2001.7242   28.3952
    0.0000   37.5000  -30.0000 2016.9734   28.3781
    7.5000   37.5000  -30.0000 1986.5724   28.7524
   -7.5000   45.0000  -30.0000 1866.0515   32.9330
    0.0000   45.0000  -30.0000 1878.6161   32.8949
    7.5000   45.0000  -30.0000 1846.4686   33.4035
   -7.5000  -45.0000  -22.5000 2534.5610   18.0086
    0.0000  -45.0000  -22.5000 2542.3462   17.9339
    7.5000  -45.0000  -22.5000 2511.5063   18.2817
   -7.5000  -37.5000  -22.5000 2603.5732   17.0291
    0.0000  -37.5000  -22.5000 2614.9099   16.9500
    7.5000  -37.5000  -22.5000 2582.8086   17.2610
   -7.5000  -30.0000  -22.5000 2653.1382   16.4172
    0.0000  -30.0000  -22.5000 2661.9299   16.3791
    7.5000  -30.0000  -22.5000 2630.1492   16.6566
   -7.5000  -22.5000  -22.5000 2688.0339   16.1778
    0.0000  -22.5000  -22.5000 2699.0286   16.1434
    7.5000  -22.5000  -22.5000 2657.8752   16.3762
   -7.5000  -15.0000  -22.5000 2688.1799   16.3349
    0.0000  -15.0000  -22.5000 2695.2839   16.2886
    7.5000  -15.0000  -22.5000 2654.6709   16.4877
   -7.5000   -7.5000  -22.5000 2672.7861   16.7583
    0.0000   -7.5000  -22.5000 2681.6321   16.7202
    7.5000   -7.5000  -22.5000 2642.6375   16.9153
   -7.5000    0.0000  -22.5000 2636.3179   17.5015
    0.0000    0.0000  -22.5000 2653.4512   17.4069
    7.5000    0.0000  -22.5000 2611.0439   17.6457
   -7.5000    7.5000  -22.5000 2571.7527   18.4640
    0.0000    7.5000  -22.5000 2596.8623   18.3753
    7.5000    7.5000  -22.5000 2550.8694   18.6626
   -7.5000   15.0000  -22.5000 2476.7400   19.7354
    0.0000   15.0000  -22.5000 2497.1289   19.6208
    7.5000   15.0000  -22.5000 2457.8059   19.9704
   -7.5000   22.5000  -22.5000 2360.4553   21.3793
    0.0000   22.5000  -22.5000 2378.8589   21.2606
    7.5000   22.5000  -22.5000 2344.4648   21.6347
   -7.5000   30.0000  -22.5000 2228.3889   23.6589
    0.0000   30.0000  -22.5000 2240.4214   23.5858
    7.5000   30.0000  -22.5000 2209.9319   24.0078
   -7.5000   37.5000  -22.5000 2093.5723   26.8438
    0.0000   37.5000  -22.5000 2106.6284   26.7986
    7.5000   37.5000  -22.5000 2076.9326   27.1577
   -7.5000   45.0000  -22.5000 1944.6332   31.1000
    0.0000   45.0000  -22.5000 1959.1379   30.9912
    7.5000   45.0000  -22.5000 1925.4882   31.4745
   -7.5000  -45.0000  -15.0000 2594.6846   17.1233
    0.0000  -45.0000  -15.0000 2605.5215   17.0397
    7.5000  -45.0000  -15.0000 2569.9590   17.4294
   -7.5000  -37.5000  -15.0000 2675.7507   16.1183
    0.0000  -37.5000  -15.0000 2692.8315   16.0318
    7.5000  -37.5000  -15.0000 2657.8235   16.3867
   -7.5000  -30.0000  -15.0000 2737.9067   15.4731
    0.0000  -30.0000  -15.0000 2752.4912   15.4136
    7.5000  -30.0000  -15.0000 2714.3335   15.7366
   -7.5000  -22.5000  -15.0000 2779.9187   15.1635
    0.0000  -22.5000  -15.0000 2790.4932   15.1160
    7.5000  -22.5000  -15.0000 2748.3684   15.4020
   -7.5000  -15.0000  -15.0000 2785.7559   15.2668
    0.0000  -15.0000  -15.0000 2800.8840   15.2268
    7.5000  -15.0000  -15.0000 2754.0315   15.4856
   -7.5000   -7.5000  -15.0000 2778.8372   15.7294
    0.0000   -7.5000  -15.0000 2797.3982   15.6845
    7.5000   -7.5000  -15.0000 2748.8679   15.9107
   -7.5000    0.0000  -15.0000 2737.3269   16.4418
    0.0000    0.0000  -15.0000 2763.8381   16.3872
    7.5000    0.0000  -15.0000 2714.7256   16.5964
   -7.5000    7.5000  -15.0000 2666.4617   17.3931
    0.0000    7.5000  -15.0000 2692.3853   17.3190
    7.5000    7.5000  -15.0000 2648.0879   17.5820
   -7.5000   15.0000  -15.0000 2567.0579   18.6410
    0.0000   15.0000  -15.0000 2590.9541   18.5403
    7.5000   15.0000  -15.0000 2548.2676   18.8718
   -7.5000   22.5000  -15.0000 2446.5193   20.2784
    0.0000   22.5000  -15.0000 2465.9060   20.1744
    7.5000   22.5000  -15.0000 2428.0437   20.5432
   -7.5000   30.0000  -15.0000 2306.9607   22.5405
    0.0000   30.0000  -15.0000 2323.4753   22.4634
    7.5000   30.0000  -15.0000 2289.3823   22.8622
   -7.5000   37.5000  -15.0000 2159.8364   25.5655
    0.0000   37.5000  -15.0000 2171.4985   25.4987
    7.5000   37.5000  -15.0000 2141.8030   25.9401
   -7.5000   45.0000  -15.0000 2004.3577   29.6126
    0.0000   45.0000  -15.0000 2015.1578   29.4838
    7.5000   45.0000  -15.0000 1984.6573   29.9234
   -7.5000  -45.0000   -7.5000 2636.9336   16.4715
    0.0000  -45.0000   -7.5000 2642.6589   16.3430
    7.5000  -45.0000   -7.5000 2612.0698   16.8143
   -7.5000  -37.5000   -7.5000 2735.6621   15.4332
    0.0000  -37.5000   -7.5000 2743.3254   15.3038
    7.5000  -37.5000   -7.5000 2714.2261   15.7391
   -7.5000  -30.0000   -7.5000 2808.6099   14.7388
    0.0000  -30.0000   -7.5000 2823.1489   14.6070
    7.5000  -30.0000   -7.5000 2786.5161   15.0348
   -7.5000  -22.5000   -7.5000 2855.7344   14.3747
    0.0000  -22.5000   -7.5000 2878.2344   14.2628
    7.5000  -22.5000   -7.5000 2826.2034   14.6554
   -7.5000  -15.0000   -7.5000 2875.9009   14.4090
    0.0000  -15.0000   -7.5000 2899.0796   14.3135
    7.5000  -15.0000   -7.5000 2837.0459   14.6747
   -7.5000   -7.5000   -7.5000 2868.6094   14.8412
    0.0000   -7.5000   -7.5000 2895.5195   14.7700
    7.5000   -7.5000   -7.5000 2833.0042   15.1044
   -7.5000    0.0000   -7.5000 2820.4033   15.4963
    0.0000    0.0000   -7.5000 2850.8977   15.4459
    7.5000    0.0000   -7.5000 2795.1135   15.7298
   -7.5000    7.5000   -7.5000 2740.6235   16.4623
    0.0000    7.5000   -7.5000 2768.3459   16.3607
    7.5000    7.5000   -7.5000 2720.8430   16.6992
   -7.5000   15.0000   -7.5000 2632.7661   17.7242
    0.0000   15.0000   -7.5000 2660.3054   17.6326
    7.5000   15.0000   -7.5000 2613.7905   17.9816
   -7.5000   22.5000   -7.5000 2501.8330   19.4245
    0.0000   22.5000   -7.5000 2525.3215   19.3125
    7.5000   22.5000   -7.5000 2483.5662   19.7368
   -7.5000   30.0000   -7.5000 2358.5630   21.6631
    0.0000   30.0000   -7.5000 2380.5557   21.6012
    7.5000   30.0000   -7.5000 2341.2607   22.0373
   -7.5000   37.5000   -7.5000 2204.4805   24.5783
    0.0000   37.5000   -7.5000 2222.9841   24.5370
    7.5000   37.5000   -7.5000 2190.4661   25.0520
   -7.5000   45.0000   -7.5000 2041.0684   28.3225
    0.0000   45.0000   -7.5000 2059.1570   28.2534
    7.5000   45.0000   -7.5000 2027.8405   28.7619
   -7.5000  -45.0000    0.0000 2654.0327   16.0698
    0.0000  -45.0000    0.0000 2656.9622   15.8829
    7.5000  -45.0000    0.0000 2629.1907   16.4079
   -7.5000  -37.5000    0.0000 2763.4927   14.9709
    0.0000  -37.5000    0.0000 2767.6028   14.7840
    7.5000  -37.5000    0.0000 2739.8918   15.2833
   -7.5000  -30.0000    0.0000 2851.8391   14.2413
    0.0000  -30.0000    0.0000 2867.1199   14.0504
    7.5000  -30.0000    0.0000 2825.9048   14.5141
   -7.5000  -22.5000    0.0000 2918.0657   13.8825
    0.0000  -22.5000    0.0000 2943.5002   13.7137
    7.5000  -22.5000    0.0000 2881.9490   14.1514
   -7.5000  -15.0000    0.0000 2949.5283   13.8165
    0.0000  -15.0000    0.0000 2987.8315   13.6614
    7.5000  -15.0000    0.0000 2901.5020   14.1208
   -7.5000   -7.5000    0.0000 2937.9219   14.2472
    0.0000   -7.5000    0.0000 2977.2876   14.1123
    7.5000   -7.5000    0.0000 2890.9827   14.5441
   -7.5000    0.0000    0.0000 2871.8066   14.8955
    0.0000    0.0000    0.0000 2908.5728   14.7630
    7.5000    0.0000    0.0000 2838.6885   15.1705
   -7.5000    7.5000    0.0000 2782.0940   15.8391
    0.0000    7.5000    0.0000 2812.1140   15.7170
    7.5000    7.5000    0.0000 2762.5544   16.1024
   -7.5000   15.0000    0.0000 2671.5828   17.1838
    0.0000   15.0000    0.0000 2701.3992   17.0701
    7.5000   15.0000    0.0000 2654.2400   17.4426
   -7.5000   22.5000    0.0000 2530.3167   18.9574
    0.0000   22.5000    0.0000 2558.7859   18.8556
    7.5000   22.5000    0.0000 2517.5181   19.2577
   -7.5000   30.0000    0.0000 2388.4453   21.1955
    0.0000   30.0000    0.0000 2413.2688   21.0987
    7.5000   30.0000    0.0000 2374.2937   21.5172
   -7.5000   37.5000    0.0000 2233.4583   24.0377
    0.0000   37.5000    0.0000 2251.3452   23.9611
    7.5000   37.5000    0.0000 2218.9775   24.4224
   -7.5000   45.0000    0.0000 2065.9688   27.6052
    0.0000   45.0000    0.0000 2081.3804   27.5293
    7.5000   45.0000    0.0000 2052.2114   28.0170
   -7.5000  -45.0000    7.5000 2657.1406   15.8877
    0.0000  -45.0000    7.5000 2662.3047   15.7066
    7.5000  -45.0000    7.5000 2627.9741   16.2062
   -7.5000  -37.5000    7.5000 2765.3586   14.7099
    0.0000  -37.5000    7.5000 2778.7581   14.5314
    7.5000  -37.5000    7.5000 2742.9619   15.0200
   -7.5000  -30.0000    7.5000 2863.5288   13.9251
    0.0000  -30.0000    7.5000 2881.2717   13.7206
    7.5000  -30.0000    7.5000 2833.7944   14.2034
   -7.5000  -22.5000    7.5000 2948.3567   13.5918
    0.0000  -22.5000    7.5000 2977.4561   13.3865
    7.5000  -22.5000    7.5000 2910.6448   13.8046
   -7.5000  -15.0000    7.5000 2988.7859   13.5350
    0.0000  -15.0000    7.5000 3041.1016   13.3464
    7.5000  -15.0000    7.5000 2943.3162   13.7818
   -7.5000   -7.5000    7.5000 2975.5188   13.9445
    0.0000   -7.5000    7.5000 3022.7585   13.7586
    7.5000   -7.5000    7.5000 2925.9756   14.2044
   -7.5000    0.0000    7.5000 2889.7324   14.6532
    0.0000    0.0000    7.5000 2929.5332   14.4774
    7.5000    0.0000    7.5000 2860.4744   14.8945
   -7.5000    7.5000    7.5000 2794.7009   15.6282
    0.0000    7.5000    7.5000 2826.7993   15.4839
    7.5000    7.5000    7.5000 2778.9644   15.8501
   -7.5000   15.0000    7.5000 2685.0872   17.0084
    0.0000   15.0000    7.5000 2709.9822   16.8539
    7.5000   15.0000    7.5000 2669.2327   17.2419
   -7.5000   22.5000    7.5000 2549.6650   18.7981
    0.0000   22.5000    7.5000 2574.9980   18.6701
    7.5000   22.5000    7.5000 2537.6960   19.0611
   -7.5000   30.0000    7.5000 2398.3811   20.9882
    0.0000   30.0000    7.5000 2423.4067   20.9042
    7.5000   30.0000    7.5000 2386.7654   21.2959
   -7.5000   37.5000    7.5000 2245.0935   23.7863
    0.0000   37.5000    7.5000 2260.6509   23.7138
    7.5000   37.5000    7.5000 2232.6533   24.1197
   -7.5000   45.0000    7.5000 2073.7651   27.2671
    0.0000   45.0000    7.5000 2087.6665   27.1831
    7.5000   45.0000    7.5000 2062.8770   27.5875
   -7.5000  -45.0000   15.0000 2639.1755   15.9590
    0.0000  -45.0000   15.0000 2654.4294   15.8075
    7.5000  -45.0000   15.0000 2613.2063   16.2352
   -7.5000  -37.5000   15.0000 2744.0481   14.7564
    0.0000  -37.5000   15.0000 2764.9485   14.5834
    7.5000  -37.5000   15.0000 2722.9958   15.0070
   -7.5000  -30.0000   15.0000 2837.8884   13.9384
    0.0000  -30.0000   15.0000 2863.9023   13.7301
    7.5000  -30.0000   15.0000 2817.4153   14.1599
   -7.5000  -22.5000   15.0000 2929.4048   13.5613
    0.0000  -22.5000   15.0000 2963.4111   13.3660
    7.5000  -22.5000   15.0000 2902.8994   13.7964
   -7.5000  -15.0000   15.0000 2980.2090   13.5453
    0.0000  -15.0000   15.0000 3024.3188   13.3376
    7.5000  -15.0000   15.0000 2945.2200   13.7416
   -7.5000   -7.5000   15.0000 2956.9431   14.0032
    0.0000   -7.5000   15.0000 3002.2546   13.8130
    7.5000   -7.5000   15.0000 2923.5728   14.1767
   -7.5000    0.0000   15.0000 2880.2473   14.7347
    0.0000    0.0000   15.0000 2918.2546   14.5706
    7.5000    0.0000   15.0000 2854.2556   14.9113
   -7.5000    7.5000   15.0000 2787.6636   15.7456
    0.0000    7.5000   15.0000 2815.1138   15.5825
    7.5000    7.5000   15.0000 2767.4084   15.8980
   -7.5000   15.0000   15.0000 2676.5437   17.1362
    0.0000   15.0000   15.0000 2699.5459   16.9713
    7.5000   15.0000   15.0000 2664.1448   17.3275
   -7.5000   22.5000   15.0000 2541.6802   18.8888
    0.0000   22.5000   15.0000 2565.0837   18.7673
    7.5000   22.5000   15.0000 2532.9219   19.1137
   -7.5000   30.0000   15.0000 2390.9031   21.0093
    0.0000   30.0000   15.0000 2411.3311   20.9229
    7.5000   30.0000   15.0000 2380.2239   21.2768
   -7.5000   37.5000   15.0000 2236.6765   23.6880
    0.0000   37.5000   15.0000 2253.1055   23.6162
    7.5000   37.5000   15.0000 2227.6970   23.9968
   -7.5000   45.0000   15.0000 2056.9050   27.1156
    0.0000   45.0000   15.0000 2077.7729   27.0017
    7.5000   45.0000   15.0000 2052.2390   27.4282
   -7.5000  -45.0000   22.5000 2606.1848   16.3324
    0.0000  -45.0000   22.5000 2624.3794   16.1755
    7.5000  -45.0000   22.5000 2580.5833   16.5491
   -7.5000  -37.5000   22.5000 2702.9019   15.1551
    0.0000  -37.5000   22.5000 2722.6646   14.9675
    7.5000  -37.5000   22.5000 2682.8511   15.3227
   -7.5000  -30.0000   22.5000 2793.9255   14.3271
    0.0000  -30.0000   22.5000 2819.5957   14.1723
    7.5000  -30.0000   22.5000 2779.8359   14.5253
   -7.5000  -22.5000   22.5000 2879.9136   13.9196
    0.0000  -22.5000   22.5000 2914.5830   13.7464
    7.5000  -22.5000   22.5000 2862.4065   14.1396
   -7.5000  -15.0000   22.5000 2922.6177   13.8929
    0.0000  -15.0000   22.5000 2955.2605   13.7032
    7.5000  -15.0000   22.5000 2901.8652   14.0451
   -7.5000   -7.5000   22.5000 2902.2703   14.3735
    0.0000   -7.5000   22.5000 2934.6221   14.2377
    7.5000   -7.5000   22.5000 2878.6360   14.5214
   -7.5000    0.0000   22.5000 2837.2307   15.1470
    0.0000    0.0000   22.5000 2869.7009   14.9833
    7.5000    0.0000   22.5000 2818.2656   15.3023
   -7.5000    7.5000   22.5000 2748.9229   16.1948
    0.0000    7.5000   22.5000 2775.6660   16.0368
    7.5000    7.5000   22.5000 2734.3074   16.3295
   -7.5000   15.0000   22.5000 2641.9683   17.5342
    0.0000   15.0000   22.5000 2661.4641   17.3625
    7.5000   15.0000   22.5000 2629.8025   17.6566
   -7.5000   22.5000   22.5000 2509.1196   19.1720
    0.0000   22.5000   22.5000 2535.2075   19.0344
    7.5000   22.5000   22.5000 2504.2100   19.3836
   -7.5000   30.0000   22.5000 2360.5769   21.2215
    0.0000   30.0000   22.5000 2380.5400   21.1279
    7.5000   30.0000   22.5000 2358.3931   21.4969
   -7.5000   37.5000   22.5000 2207.9165   23.8541
    0.0000   37.5000   22.5000 2225.2207   23.7696
    7.5000   37.5000   22.5000 2202.3486   24.1362
   -7.5000   45.0000   22.5000 2030.8668   27.1814
    0.0000   45.0000   22.5000 2052.8071   27.1158
    7.5000   45.0000   22.5000 2027.8085   27.4835
   -7.5000  -45.0000   30.0000 2551.4307   17.0420
    0.0000  -45.0000   30.0000 2570.0381   16.9086
    7.5000  -45.0000   30.0000 2530.5032   17.2101
   -7.5000  -37.5000   30.0000 2649.4883   15.8925
    0.0000  -37.5000   30.0000 2671.1504   15.7454
    7.5000  -37.5000   30.0000 2625.2463   16.0157
   -7.5000  -30.0000   30.0000 2734.6433   15.1016
    0.0000  -30.0000   30.0000 2764.9390   14.9613
    7.5000  -30.0000   30.0000 2717.9670   15.2305
   -7.5000  -22.5000   30.0000 2804.9219   14.6426
    0.0000  -22.5000   30.0000 2838.0747   14.4449
    7.5000  -22.5000   30.0000 2793.0791   14.7877
   -7.5000  -15.0000   30.0000 2840.5706   14.5487
    0.0000  -15.0000   30.0000 2870.0422   14.4250
    7.5000  -15.0000   30.0000 2829.4873   14.7002
   -7.5000   -7.5000   30.0000 2819.4556   15.0363
    0.0000   -7.5000   30.0000 2845.8784   14.9255
    7.5000   -7.5000   30.0000 2807.1501   15.1847
   -7.5000    0.0000   30.0000 2765.4578   15.8219
    0.0000    0.0000   30.0000 2793.6038   15.6818
    7.5000    0.0000   30.0000 2754.7783   15.9717
   -7.5000    7.5000   30.0000 2681.8760   16.8909
    0.0000    7.5000   30.0000 2708.0898   16.7140
    7.5000    7.5000   30.0000 2671.8323   17.0297
   -7.5000   15.0000   30.0000 2581.4197   18.1787
    0.0000   15.0000   30.0000 2600.0227   18.0188
    7.5000   15.0000   30.0000 2573.9844   18.3039
   -7.5000   22.5000   30.0000 2460.0996   19.7579
    0.0000   22.5000   30.0000 2484.1829   19.6191
    7.5000   22.5000   30.0000 2457.4319   19.9225
   -7.5000   30.0000   30.0000 2321.4766   21.7730
    0.0000   30.0000   30.0000 2339.7688   21.6172
    7.5000   30.0000   30.0000 2316.8447   21.9705
   -7.5000   37.5000   30.0000 2167.5337   24.3557
    0.0000   37.5000   30.0000 2186.2065   24.2559
    7.5000   37.5000   30.0000 2163.3579   24.6236
   -7.5000   45.0000   30.0000 1998.0664   27.6510
    0.0000   45.0000   30.0000 2015.5560   27.5326
    7.5000   45.0000   30.0000 1995.0074   27.9147
   -7.5000  -45.0000   37.5000 2493.5134   18.1080
    0.0000  -45.0000   37.5000 2513.7134   17.9641
    7.5000  -45.0000   37.5000 2474.6248   18.2680
   -7.5000  -37.5000   37.5000 2592.2917   16.9077
    0.0000  -37.5000   37.5000 2614.0449   16.7881
    7.5000  -37.5000   37.5000 2571.2947   17.0359
   -7.5000  -30.0000   37.5000 2673.2458   16.1055
    0.0000  -30.0000   37.5000 2705.1719   15.9835
    7.5000  -30.0000   37.5000 2655.9084   16.2095
   -7.5000  -22.5000   37.5000 2732.1558   15.5961
    0.0000  -22.5000   37.5000 2765.2268   15.4665
    7.5000  -22.5000   37.5000 2719.6716   15.6858
   -7.5000  -15.0000   37.5000 2758.4282   15.5008
    0.0000  -15.0000   37.5000 2785.7134   15.4089
    7.5000  -15.0000   37.5000 2745.1682   15.6331
   -7.5000   -7.5000   37.5000 2727.2334   15.9415
    0.0000   -7.5000   37.5000 2754.4392   15.8372
    7.5000   -7.5000   37.5000 2716.5862   16.0825
   -7.5000    0.0000   37.5000 2678.0645   16.6681
    0.0000    0.0000   37.5000 2696.3916   16.5090
    7.5000    0.0000   37.5000 2666.3655   16.8199
   -7.5000    7.5000   37.5000 2601.8364   17.7599
    0.0000    7.5000   37.5000 2623.4827   17.5797
    7.5000    7.5000   37.5000 2589.5513   17.8806
   -7.5000   15.0000   37.5000 2504.4202   19.0302
    0.0000   15.0000   37.5000 2516.9312   18.8759
    7.5000   15.0000   37.5000 2496.6716   19.1772
   -7.5000   22.5000   37.5000 2394.1699   20.6025
    0.0000   22.5000   37.5000 2409.8025   20.4770
    7.5000   22.5000   37.5000 2389.8611   20.7737
   -7.5000   30.0000   37.5000 2263.1360   22.6278
    0.0000   30.0000   37.5000 2281.8188   22.5272
    7.5000   30.0000   37.5000 2258.9434   22.8525
   -7.5000   37.5000   37.5000 2119.4060   25.2261
    0.0000   37.5000   37.5000 2139.3765   25.1266
    7.5000   37.5000   37.5000 2113.0349   25.4735
   -7.5000   45.0000   37.5000 1959.7102   28.4914
    0.0000   45.0000   37.5000 1973.7777   28.3720
    7.5000   45.0000   37.5000 1952.3430   28.8297
   -7.5000  -45.0000   45.0000 2431.2893   19.4169
    0.0000  -45.0000   45.0000 2450.5010   19.3028
    7.5000  -45.0000   45.0000 2413.4905   19.5243
   -7.5000  -37.5000   45.0000 2525.7197   18.1706
    0.0000  -37.5000   45.0000 2545.5874   18.0776
    7.5000  -37.5000   45.0000 2503.8428   18.2848
   -7.5000  -30.0000   45.0000 2601.8838   17.3017
    0.0000  -30.0000   45.0000 2626.1152   17.1699
    7.5000  -30.0000   45.0000 2584.1633   17.3849
   -7.5000  -22.5000   45.0000 2650.3933   16.7418
    0.0000  -22.5000   45.0000 2676.6938   16.6628
    7.5000  -22.5000   45.0000 2638.6045   16.8445
   -7.5000  -15.0000   45.0000 2665.8374   16.7145
    0.0000  -15.0000   45.0000 2684.5388   16.6323
    7.5000  -15.0000   45.0000 2652.6035   16.8212
   -7.5000   -7.5000   45.0000 2629.8489   17.0765
    0.0000   -7.5000   45.0000 2650.4004   17.0056
    7.5000   -7.5000   45.0000 2623.1567   17.1938
   -7.5000    0.0000   45.0000 2581.4661   17.7876
    0.0000    0.0000   45.0000 2591.6016   17.6707
    7.5000    0.0000   45.0000 2574.7778   17.9390
   -7.5000    7.5000   45.0000 2518.8218   18.8198
    0.0000    7.5000   45.0000 2534.9753   18.6911
    7.5000    7.5000   45.0000 2509.8147   18.9492
   -7.5000   15.0000   45.0000 2424.3264   20.1243
    0.0000   15.0000   45.0000 2439.0710   19.9775
    7.5000   15.0000   45.0000 2419.3411   20.2535
   -7.5000   22.5000   45.0000 2318.3706   21.7270
    0.0000   22.5000   45.0000 2327.0652   21.5953
    7.5000   22.5000   45.0000 2313.5652   21.8854
   -7.5000   30.0000   45.0000 2194.3740   23.8157
    0.0000   30.0000   45.0000 2208.6970   23.7191
    7.5000   30.0000   45.0000 2190.0601   24.0223
   -7.5000   37.5000   45.0000 2055.7031   26.4527
    0.0000   37.5000   45.0000 2073.6697   26.3626
    7.5000   37.5000   45.0000 2048.4634   26.6369
   -7.5000   45.0000   45.0000 1904.4916   29.7618
    0.0000   45.0000   45.0000 1921.7958   29.6299
    7.5000   45.0000   45.0000 1902.6151   30.1053

---------------------------------------------------------------------
imgreg_4dfp /opt/freesurfer/average/711-2C_as_mni_average_305 /opt/freesurfer/average/711-2B_as_mni_average_305_mask talsrcimg_g11 none talsrcimg_to_711-2C_as_mni_average_305_t4 1283
---------------------------------------------------------------------

freesurfer imgreg_4dfp.c
/opt/freesurfer/average/711-2C_as_mni_average_305.4dfp.img
       256       256       256         1
  1.000000  1.000000  1.000000
orientation T byte_order littleendian
Reading image: /opt/freesurfer/average/711-2C_as_mni_average_305.4dfp.img
dimensions:      256       256       256
mmppix:       1.0000   -1.0000   -1.0000
center:     128.0000 -129.0000 -129.0000
/opt/freesurfer/average/711-2B_as_mni_average_305_mask.4dfp.img
       256       256       256         1
  1.000000  1.000000  1.000000
orientation T byte_order littleendian
Reading mask: /opt/freesurfer/average/711-2B_as_mni_average_305_mask.4dfp.img (2306576 pixels)
talsrcimg_g11.4dfp.img
       256       256       256         1
  1.000000  1.000000  1.000000
orientation T byte_order littleendian
Reading image: talsrcimg_g11.4dfp.img
dimensions:      256       256       256
mmppix:       1.0000   -1.0000   -1.0000
center:     128.0000 -129.0000 -129.0000
rotation matrix determinant  1.000000
fimgreg.f
image alignment mode   1283 decimal      503 hex
parameters
    0.0000  -15.0000    7.5000    0.0000    0.0000    0.0000
eta,q 0.95255 13.33950
niter,ni,del,rscale     5    3   12.0000    1.2000
parameter  3 -0.530965 -> -0.500000 qaram    1.1500
parameter  4  0.855687 ->  0.500000 qaram    1.1500
parameters
   -1.5422  -13.2278   10.9500   -3.4500    0.1935   -0.3131
eta,q 0.95697 13.29792
  0.0572  0.0565  0.0569  0.0435  0.0530  0.0481
  0.0540  0.0532  0.0534  0.0428  0.0483  0.0465
  0.0507  0.0519  0.0508  0.0435  0.0446  0.0445
  0.0500  0.0497  0.0481  0.0460  0.0429  0.0429
  0.0551  0.0483  0.0461  0.0489  0.0439  0.0441
  0.0625  0.0496  0.0460  0.0526  0.0474  0.0468
  0.0716  0.0518  0.0482  0.0562  0.0520  0.0499
niter,ni,del,rscale     6    3   12.0000    1.2000
parameter  4  0.961303 ->  0.500000 qaram    1.3225
parameters
   -1.5809  -10.8735    8.9736   -7.4175    0.4531   -0.4753
eta,q 0.96176 13.38358
  0.0591  0.0573  0.0484  0.0381  0.0488  0.0441
  0.0532  0.0522  0.0451  0.0379  0.0441  0.0421
  0.0467  0.0466  0.0421  0.0392  0.0401  0.0397
  0.0430  0.0431  0.0427  0.0419  0.0382  0.0382
  0.0448  0.0427  0.0474  0.0462  0.0387  0.0393
  0.0519  0.0431  0.0543  0.0502  0.0420  0.0420
  0.0613  0.0454  0.0616  0.0553  0.0479  0.0453
niter,ni,del,rscale     6    3   12.0000    1.2000
parameters
   -1.6072  -10.0977    7.9784   -8.3826    0.5184   -0.3343
eta,q 0.96313 13.44020
  0.0568  0.0526  0.0484  0.0475  0.0466  0.0436
  0.0494  0.0452  0.0421  0.0398  0.0422  0.0412
  0.0420  0.0410  0.0382  0.0367  0.0387  0.0385
  0.0382  0.0383  0.0379  0.0375  0.0369  0.0369
  0.0406  0.0383  0.0413  0.0405  0.0375  0.0379
  0.0483  0.0417  0.0481  0.0457  0.0411  0.0405
  0.0585  0.0467  0.0561  0.0513  0.0471  0.0433
niter,ni,del,rscale     5    3   12.0000    1.2000
parameters
   -1.7004   -9.9192    7.6886   -8.7150    0.5411   -0.2768
eta,q 0.96332 13.44700
  0.0555  0.0501  0.0505  0.0490  0.0463  0.0431
  0.0482  0.0426  0.0431  0.0418  0.0418  0.0407
  0.0409  0.0385  0.0384  0.0369  0.0385  0.0382
  0.0369  0.0369  0.0369  0.0369  0.0367  0.0367
  0.0397  0.0383  0.0395  0.0394  0.0373  0.0377
  0.0477  0.0426  0.0451  0.0442  0.0410  0.0404
  0.0581  0.0480  0.0526  0.0499  0.0470  0.0431
niter,ni,del,rscale     4    3   12.0000    1.2000
parameters
   -1.7399   -9.8236    7.5900   -8.8589    0.5452   -0.2490
eta,q 0.96337 13.45021
  0.0555  0.0498  0.0512  0.0493  0.0461  0.0429
  0.0482  0.0421  0.0434  0.0426  0.0417  0.0406
  0.0409  0.0381  0.0385  0.0371  0.0384  0.0380
  0.0367  0.0367  0.0367  0.0367  0.0366  0.0366
  0.0393  0.0383  0.0391  0.0390  0.0373  0.0377
  0.0472  0.0427  0.0444  0.0437  0.0409  0.0403
  0.0575  0.0481  0.0516  0.0494  0.0469  0.0430
niter,ni,del,rscale     3    3   12.0000    1.2000
parameters
   -1.7502   -9.7772    7.5476   -8.9240    0.5412   -0.2351
eta,q 0.96340 13.45164
  0.0556  0.0496  0.0514  0.0494  0.0461  0.0429
  0.0483  0.0418  0.0435  0.0429  0.0416  0.0405
  0.0410  0.0379  0.0385  0.0372  0.0383  0.0380
  0.0366  0.0366  0.0366  0.0366  0.0366  0.0366
  0.0391  0.0384  0.0389  0.0389  0.0372  0.0377
  0.0470  0.0428  0.0443  0.0435  0.0409  0.0403
  0.0573  0.0482  0.0513  0.0491  0.0469  0.0430
registration optimization eta report
parameter search radius
    6.0000    6.0000    6.9000    7.9350    6.0000    6.0000
100000*second partial in parameter space
       53.       34.       30.       20.       27.       17.
  0.0556  0.0496  0.0514  0.0494  0.0461  0.0429
  0.0483  0.0418  0.0435  0.0429  0.0416  0.0405
  0.0410  0.0379  0.0385  0.0372  0.0383  0.0380
  0.0366  0.0366  0.0366  0.0366  0.0366  0.0366
  0.0391  0.0384  0.0389  0.0389  0.0372  0.0377
  0.0470  0.0428  0.0443  0.0435  0.0409  0.0403
  0.0573  0.0482  0.0513  0.0491  0.0469  0.0430
   -1.7502   -9.7772    7.5476   -8.9240    0.5412   -0.2351
eta,q 0.96340 13.45164

---------------------------------------------------------------------
imgreg_4dfp /opt/freesurfer/average/711-2C_as_mni_average_305 /opt/freesurfer/average/711-2B_as_mni_average_305_mask talsrcimg_g11 none talsrcimg_to_711-2C_as_mni_average_305_t4 3335
---------------------------------------------------------------------

freesurfer imgreg_4dfp.c
/opt/freesurfer/average/711-2C_as_mni_average_305.4dfp.img
       256       256       256         1
  1.000000  1.000000  1.000000
orientation T byte_order littleendian
Reading image: /opt/freesurfer/average/711-2C_as_mni_average_305.4dfp.img
dimensions:      256       256       256
mmppix:       1.0000   -1.0000   -1.0000
center:     128.0000 -129.0000 -129.0000
/opt/freesurfer/average/711-2B_as_mni_average_305_mask.4dfp.img
       256       256       256         1
  1.000000  1.000000  1.000000
orientation T byte_order littleendian
Reading mask: /opt/freesurfer/average/711-2B_as_mni_average_305_mask.4dfp.img (2306576 pixels)
talsrcimg_g11.4dfp.img
       256       256       256         1
  1.000000  1.000000  1.000000
orientation T byte_order littleendian
Reading image: talsrcimg_g11.4dfp.img
dimensions:      256       256       256
mmppix:       1.0000   -1.0000   -1.0000
center:     128.0000 -129.0000 -129.0000
fimgreg.f
image alignment mode   3335 decimal      D07 hex
parameters
   -1.7502   -9.7772    7.5476   -0.0053   -1.2119   -1.2149
    0.5519   -0.8694   -0.4103   15.5161    0.9445  -15.5117
eta,q 0.96452 13.40136
niter,ni,del,rscale     5    3    5.0000    1.2000
parameter  4  0.958848 ->  0.500000 qaram    1.1500
parameter  5  1.217152 ->  0.500000 qaram    1.1500
parameters
   -1.6694   -9.2334    7.1786   -4.1453   -5.3519   -3.8101
    1.0003    0.7200    1.1586   14.3098    0.2634  -14.9235
eta,q 0.97163 12.86475
  0.0392  0.0393  0.0367  0.0315  0.0283  0.0304  0.0320  0.0358  0.0312  0.0307  0.0294  0.0300
  0.0371  0.0376  0.0358  0.0317  0.0290  0.0293  0.0304  0.0326  0.0300  0.0292  0.0288  0.0291
  0.0359  0.0363  0.0354  0.0329  0.0302  0.0288  0.0293  0.0301  0.0291  0.0284  0.0284  0.0285
  0.0355  0.0355  0.0354  0.0353  0.0319  0.0293  0.0288  0.0288  0.0286  0.0285  0.0284  0.0284
  0.0358  0.0354  0.0358  0.0387  0.0346  0.0307  0.0290  0.0287  0.0285  0.0293  0.0286  0.0285
  0.0369  0.0359  0.0366  0.0429  0.0379  0.0334  0.0299  0.0296  0.0289  0.0307  0.0291  0.0289
  0.0387  0.0370  0.0379  0.0477  0.0410  0.0372  0.0313  0.0316  0.0297  0.0329  0.0298  0.0295
niter,ni,del,rscale     6    3    5.0000    1.2000
parameters
   -1.5795   -8.9856    6.9839   -6.5490   -8.1902   -4.2205
    0.9915    1.0617    1.6695   15.3274   -0.2347  -16.1174
eta,q 0.97257 12.65262
  0.0322  0.0313  0.0298  0.0302  0.0293  0.0301  0.0304  0.0324  0.0297  0.0314  0.0283  0.0284
  0.0301  0.0299  0.0289  0.0288  0.0280  0.0289  0.0289  0.0299  0.0286  0.0296  0.0278  0.0278
  0.0288  0.0289  0.0284  0.0281  0.0276  0.0280  0.0279  0.0282  0.0279  0.0282  0.0275  0.0275
  0.0284  0.0284  0.0283  0.0283  0.0281  0.0276  0.0276  0.0276  0.0276  0.0276  0.0275  0.0275
  0.0287  0.0285  0.0286  0.0296  0.0294  0.0279  0.0279  0.0279  0.0277  0.0276  0.0276  0.0278
  0.0298  0.0291  0.0293  0.0324  0.0314  0.0290  0.0289  0.0293  0.0282  0.0283  0.0280  0.0284
  0.0317  0.0304  0.0302  0.0366  0.0347  0.0312  0.0305  0.0316  0.0292  0.0298  0.0285  0.0292
niter,ni,del,rscale     5    3    5.0000    1.2000
parameters
   -1.5626   -8.8498    6.9597   -6.4822   -8.7514   -4.1047
    0.8572    1.0854    1.9240   15.8429   -0.3234  -16.4179
eta,q 0.97263 12.64708
  0.0310  0.0302  0.0291  0.0314  0.0304  0.0303  0.0302  0.0320  0.0293  0.0308  0.0283  0.0286
  0.0291  0.0287  0.0281  0.0295  0.0290  0.0290  0.0287  0.0295  0.0283  0.0291  0.0278  0.0279
  0.0278  0.0278  0.0276  0.0281  0.0278  0.0280  0.0277  0.0279  0.0277  0.0280  0.0275  0.0275
  0.0274  0.0274  0.0274  0.0274  0.0274  0.0274  0.0274  0.0274  0.0274  0.0274  0.0274  0.0274
  0.0278  0.0277  0.0277  0.0276  0.0281  0.0276  0.0278  0.0279  0.0275  0.0275  0.0275  0.0276
  0.0290  0.0284  0.0282  0.0289  0.0294  0.0285  0.0288  0.0294  0.0281  0.0284  0.0278  0.0281
  0.0309  0.0296  0.0291  0.0318  0.0315  0.0305  0.0304  0.0319  0.0291  0.0301  0.0284  0.0288
niter,ni,del,rscale     4    3    5.0000    1.2000
parameters
   -1.5533   -8.7494    6.9436   -6.4193   -8.9928   -4.1087
    0.8042    1.0813    2.0048   16.0853   -0.3831  -16.5569
eta,q 0.97265 12.64445
  0.0310  0.0301  0.0290  0.0314  0.0306  0.0303  0.0302  0.0319  0.0292  0.0305  0.0283  0.0286
  0.0290  0.0286  0.0281  0.0295  0.0291  0.0289  0.0287  0.0294  0.0282  0.0289  0.0278  0.0279
  0.0278  0.0277  0.0275  0.0281  0.0279  0.0280  0.0277  0.0279  0.0276  0.0279  0.0275  0.0275
  0.0274  0.0274  0.0274  0.0274  0.0274  0.0274  0.0274  0.0274  0.0274  0.0274  0.0273  0.0273
  0.0278  0.0276  0.0276  0.0276  0.0279  0.0276  0.0277  0.0279  0.0275  0.0275  0.0275  0.0275
  0.0290  0.0284  0.0282  0.0289  0.0292  0.0286  0.0287  0.0294  0.0281  0.0285  0.0278  0.0280
  0.0309  0.0296  0.0290  0.0317  0.0311  0.0306  0.0303  0.0319  0.0291  0.0303  0.0284  0.0287
niter,ni,del,rscale     3    3    5.0000    1.2000
parameters
   -1.5503   -8.6969    6.9168   -6.3838   -9.1041   -4.1317
    0.7839    1.0812    2.0391   16.2084   -0.4021  -16.6382
eta,q 0.97267 12.64287
  0.0309  0.0299  0.0290  0.0313  0.0306  0.0303  0.0302  0.0319  0.0291  0.0304  0.0283  0.0286
  0.0289  0.0285  0.0280  0.0295  0.0291  0.0289  0.0287  0.0294  0.0282  0.0289  0.0278  0.0279
  0.0277  0.0276  0.0275  0.0280  0.0279  0.0279  0.0277  0.0278  0.0276  0.0278  0.0275  0.0275
  0.0273  0.0273  0.0273  0.0273  0.0273  0.0273  0.0273  0.0273  0.0273  0.0273  0.0273  0.0273
  0.0278  0.0276  0.0276  0.0275  0.0278  0.0276  0.0276  0.0279  0.0275  0.0275  0.0275  0.0275
  0.0289  0.0284  0.0281  0.0289  0.0291  0.0286  0.0286  0.0294  0.0281  0.0286  0.0278  0.0280
  0.0309  0.0297  0.0290  0.0318  0.0310  0.0307  0.0303  0.0319  0.0291  0.0304  0.0283  0.0287
niter,ni,del,rscale     2    3    5.0000    1.2000
parameters
   -1.5491   -8.6670    6.8924   -6.3626   -9.1594   -4.1546
    0.7789    1.0783    2.0466   16.2848   -0.4068  -16.6812
eta,q 0.97267 12.64190
  0.0309  0.0299  0.0290  0.0313  0.0307  0.0303  0.0302  0.0319  0.0291  0.0304  0.0283  0.0286
  0.0289  0.0285  0.0280  0.0294  0.0292  0.0289  0.0286  0.0294  0.0282  0.0288  0.0278  0.0279
  0.0277  0.0276  0.0275  0.0280  0.0279  0.0279  0.0277  0.0278  0.0276  0.0278  0.0275  0.0275
  0.0273  0.0273  0.0273  0.0273  0.0273  0.0273  0.0273  0.0273  0.0273  0.0273  0.0273  0.0273
  0.0277  0.0276  0.0276  0.0275  0.0278  0.0276  0.0276  0.0279  0.0275  0.0275  0.0275  0.0275
  0.0289  0.0284  0.0281  0.0289  0.0290  0.0286  0.0286  0.0294  0.0281  0.0286  0.0278  0.0280
  0.0309  0.0297  0.0290  0.0318  0.0309  0.0307  0.0302  0.0319  0.0291  0.0304  0.0283  0.0287
niter,ni,del,rscale     1    3    5.0000    1.2000
parameters
   -1.5485   -8.6472    6.8773   -6.3562   -9.1930   -4.1739
    0.7751    1.0778    2.0501   16.3306   -0.4223  -16.7085
eta,q 0.97267 12.64080
  0.0309  0.0298  0.0290  0.0313  0.0307  0.0303  0.0302  0.0319  0.0291  0.0303  0.0283  0.0287
  0.0289  0.0285  0.0281  0.0294  0.0292  0.0289  0.0287  0.0294  0.0282  0.0288  0.0278  0.0279
  0.0277  0.0276  0.0275  0.0280  0.0279  0.0279  0.0277  0.0278  0.0276  0.0278  0.0275  0.0275
  0.0273  0.0273  0.0273  0.0273  0.0273  0.0273  0.0273  0.0273  0.0273  0.0273  0.0273  0.0273
  0.0277  0.0276  0.0276  0.0275  0.0278  0.0276  0.0276  0.0279  0.0275  0.0275  0.0275  0.0275
  0.0289  0.0284  0.0281  0.0289  0.0290  0.0286  0.0286  0.0294  0.0281  0.0286  0.0278  0.0280
  0.0309  0.0297  0.0290  0.0318  0.0309  0.0307  0.0302  0.0319  0.0291  0.0304  0.0283  0.0287
registration optimization eta report
parameter search radius
    2.4000    2.4000    2.4000    8.2800    8.2800    7.2000
    7.2000    7.2000    7.2000    7.2000    7.2000    7.2000
100000*second partial in parameter space
       62.       42.       29.        6.        5.        6.
        6.        9.        3.        6.        2.        3.
  0.0309  0.0298  0.0290  0.0313  0.0307  0.0303  0.0302  0.0319  0.0291  0.0303  0.0283  0.0287
  0.0289  0.0285  0.0281  0.0294  0.0292  0.0289  0.0287  0.0294  0.0282  0.0288  0.0278  0.0279
  0.0277  0.0276  0.0275  0.0280  0.0279  0.0279  0.0277  0.0278  0.0276  0.0278  0.0275  0.0275
  0.0273  0.0273  0.0273  0.0273  0.0273  0.0273  0.0273  0.0273  0.0273  0.0273  0.0273  0.0273
  0.0277  0.0276  0.0276  0.0275  0.0278  0.0276  0.0276  0.0279  0.0275  0.0275  0.0275  0.0275
  0.0289  0.0284  0.0281  0.0289  0.0290  0.0286  0.0286  0.0294  0.0281  0.0286  0.0278  0.0280
  0.0309  0.0297  0.0290  0.0318  0.0309  0.0307  0.0302  0.0319  0.0291  0.0304  0.0283  0.0287
   -1.5485   -8.6472    6.8773   -6.3562   -9.1930   -4.1739
    0.7751    1.0778    2.0501   16.3306   -0.4223  -16.7085
eta,q 0.97267 12.64080

---------------------------------------------------------------------
imgreg_4dfp /opt/freesurfer/average/711-2C_as_mni_average_305 /opt/freesurfer/average/711-2B_as_mni_average_305_mask talsrcimg_g11 none talsrcimg_to_711-2C_as_mni_average_305_t4 2311
---------------------------------------------------------------------

freesurfer imgreg_4dfp.c
/opt/freesurfer/average/711-2C_as_mni_average_305.4dfp.img
       256       256       256         1
  1.000000  1.000000  1.000000
orientation T byte_order littleendian
Reading image: /opt/freesurfer/average/711-2C_as_mni_average_305.4dfp.img
dimensions:      256       256       256
mmppix:       1.0000   -1.0000   -1.0000
center:     128.0000 -129.0000 -129.0000
/opt/freesurfer/average/711-2B_as_mni_average_305_mask.4dfp.img
       256       256       256         1
  1.000000  1.000000  1.000000
orientation T byte_order littleendian
Reading mask: /opt/freesurfer/average/711-2B_as_mni_average_305_mask.4dfp.img (2306576 pixels)
talsrcimg_g11.4dfp.img
       256       256       256         1
  1.000000  1.000000  1.000000
orientation T byte_order littleendian
Reading image: talsrcimg_g11.4dfp.img
dimensions:      256       256       256
mmppix:       1.0000   -1.0000   -1.0000
center:     128.0000 -129.0000 -129.0000
fimgreg.f
image alignment mode   2311 decimal      907 hex
parameters
   -1.5485   -8.6472    6.8773   -6.3562   -9.1930   -4.1739
    0.7751    1.0778    2.0501   16.3306   -0.4223  -16.7085
eta,q 0.97267 12.64081
niter,ni,del,rscale     5    3    5.0000    0.8000
parameters
   -1.5535   -8.6616    6.8289   -5.7410   -9.0704   -3.8433
    0.7564    1.0294    2.0534   16.4661   -0.4482  -16.8837
eta,q 0.97273 12.69047
  0.0289  0.0284  0.0281  0.0290  0.0288  0.0289  0.0285  0.0294  0.0281  0.0287  0.0277  0.0279
  0.0280  0.0278  0.0276  0.0282  0.0280  0.0282  0.0278  0.0282  0.0276  0.0280  0.0275  0.0275
  0.0275  0.0274  0.0274  0.0276  0.0275  0.0276  0.0274  0.0275  0.0274  0.0275  0.0273  0.0273
  0.0273  0.0273  0.0273  0.0273  0.0273  0.0273  0.0273  0.0273  0.0273  0.0273  0.0273  0.0273
  0.0275  0.0275  0.0274  0.0273  0.0274  0.0274  0.0274  0.0275  0.0274  0.0273  0.0273  0.0273
  0.0281  0.0279  0.0277  0.0277  0.0279  0.0278  0.0278  0.0283  0.0276  0.0278  0.0275  0.0276
  0.0289  0.0285  0.0281  0.0284  0.0286  0.0286  0.0286  0.0294  0.0281  0.0287  0.0278  0.0280
niter,ni,del,rscale     4    3    5.0000    0.7000
parameters
   -1.5619   -8.6188    6.8652   -5.7417   -9.1194   -3.7263
    0.7647    1.0005    2.0741   16.6093   -0.4414  -16.9268
eta,q 0.97273 12.69642
  0.0285  0.0282  0.0279  0.0284  0.0284  0.0285  0.0283  0.0289  0.0279  0.0284  0.0276  0.0277
  0.0278  0.0277  0.0276  0.0278  0.0278  0.0279  0.0277  0.0280  0.0276  0.0279  0.0274  0.0275
  0.0274  0.0274  0.0273  0.0274  0.0274  0.0275  0.0274  0.0274  0.0273  0.0275  0.0273  0.0273
  0.0273  0.0273  0.0273  0.0273  0.0273  0.0273  0.0273  0.0273  0.0273  0.0273  0.0273  0.0273
  0.0274  0.0274  0.0273  0.0274  0.0274  0.0274  0.0274  0.0275  0.0273  0.0273  0.0273  0.0273
  0.0278  0.0276  0.0275  0.0277  0.0278  0.0278  0.0277  0.0280  0.0275  0.0277  0.0274  0.0275
  0.0285  0.0281  0.0278  0.0284  0.0284  0.0284  0.0283  0.0289  0.0279  0.0284  0.0276  0.0278
niter,ni,del,rscale     3    3    5.0000    0.6000
parameters
   -1.5668   -8.5980    6.8932   -5.7020   -9.1755   -3.6446
    0.7692    0.9727    2.0858   16.7200   -0.4520  -16.9416
eta,q 0.97274 12.70118
  0.0282  0.0279  0.0277  0.0281  0.0281  0.0282  0.0280  0.0285  0.0277  0.0281  0.0275  0.0276
  0.0277  0.0276  0.0275  0.0276  0.0277  0.0278  0.0276  0.0278  0.0275  0.0277  0.0274  0.0274
  0.0274  0.0273  0.0273  0.0274  0.0274  0.0274  0.0274  0.0274  0.0273  0.0274  0.0273  0.0273
  0.0273  0.0273  0.0273  0.0273  0.0273  0.0273  0.0273  0.0273  0.0273  0.0273  0.0273  0.0273
  0.0274  0.0273  0.0273  0.0273  0.0274  0.0274  0.0273  0.0274  0.0273  0.0273  0.0273  0.0273
  0.0277  0.0275  0.0275  0.0276  0.0277  0.0277  0.0276  0.0278  0.0275  0.0276  0.0274  0.0274
  0.0282  0.0279  0.0277  0.0281  0.0282  0.0281  0.0280  0.0285  0.0277  0.0281  0.0275  0.0276
niter,ni,del,rscale     2    3    5.0000    0.5000
parameters
   -1.5713   -8.5809    6.9060   -5.6789   -9.2022   -3.6044
    0.7766    0.9404    2.0877   16.8132   -0.4542  -16.9346
eta,q 0.97274 12.70380
  0.0279  0.0277  0.0276  0.0278  0.0279  0.0279  0.0278  0.0281  0.0276  0.0279  0.0275  0.0275
  0.0275  0.0275  0.0274  0.0275  0.0275  0.0276  0.0275  0.0276  0.0274  0.0276  0.0273  0.0274
  0.0273  0.0273  0.0273  0.0273  0.0273  0.0274  0.0273  0.0273  0.0273  0.0274  0.0273  0.0273
  0.0273  0.0273  0.0273  0.0273  0.0273  0.0273  0.0273  0.0273  0.0273  0.0273  0.0273  0.0273
  0.0273  0.0273  0.0273  0.0273  0.0273  0.0273  0.0273  0.0274  0.0273  0.0273  0.0273  0.0273
  0.0275  0.0275  0.0274  0.0275  0.0275  0.0276  0.0275  0.0276  0.0274  0.0275  0.0273  0.0274
  0.0279  0.0277  0.0276  0.0278  0.0279  0.0279  0.0278  0.0281  0.0276  0.0278  0.0275  0.0275
niter,ni,del,rscale     1    3    5.0000    0.4000
parameters
   -1.5734   -8.5695    6.9080   -5.6626   -9.2310   -3.5996
    0.7866    0.9302    2.1089   16.9090   -0.4581  -16.9096
eta,q 0.97274 12.70420
  0.0277  0.0276  0.0275  0.0276  0.0276  0.0277  0.0276  0.0278  0.0275  0.0277  0.0274  0.0274
  0.0274  0.0274  0.0273  0.0274  0.0274  0.0275  0.0274  0.0275  0.0274  0.0275  0.0273  0.0273
  0.0273  0.0273  0.0273  0.0273  0.0273  0.0273  0.0273  0.0273  0.0273  0.0273  0.0273  0.0273
  0.0273  0.0273  0.0273  0.0273  0.0273  0.0273  0.0273  0.0273  0.0273  0.0273  0.0273  0.0273
  0.0273  0.0273  0.0273  0.0273  0.0273  0.0273  0.0273  0.0273  0.0273  0.0273  0.0273  0.0273
  0.0274  0.0274  0.0273  0.0274  0.0274  0.0275  0.0274  0.0275  0.0273  0.0274  0.0273  0.0273
  0.0277  0.0275  0.0275  0.0276  0.0277  0.0277  0.0276  0.0278  0.0275  0.0276  0.0274  0.0274
registration optimization eta report
parameter search radius
    0.8000    0.8000    0.8000    2.4000    2.4000    2.4000
    2.4000    2.4000    2.4000    2.4000    2.4000    2.4000
100000*second partial in parameter space
       62.       46.       31.        6.        7.        8.
        6.        9.        3.        7.        2.        3.
  0.0277  0.0276  0.0275  0.0276  0.0276  0.0277  0.0276  0.0278  0.0275  0.0277  0.0274  0.0274
  0.0274  0.0274  0.0273  0.0274  0.0274  0.0275  0.0274  0.0275  0.0274  0.0275  0.0273  0.0273
  0.0273  0.0273  0.0273  0.0273  0.0273  0.0273  0.0273  0.0273  0.0273  0.0273  0.0273  0.0273
  0.0273  0.0273  0.0273  0.0273  0.0273  0.0273  0.0273  0.0273  0.0273  0.0273  0.0273  0.0273
  0.0273  0.0273  0.0273  0.0273  0.0273  0.0273  0.0273  0.0273  0.0273  0.0273  0.0273  0.0273
  0.0274  0.0274  0.0273  0.0274  0.0274  0.0275  0.0274  0.0275  0.0273  0.0274  0.0273  0.0273
  0.0277  0.0275  0.0275  0.0276  0.0277  0.0277  0.0276  0.0278  0.0275  0.0276  0.0274  0.0274
   -1.5734   -8.5695    6.9080   -5.6626   -9.2310   -3.5996
    0.7866    0.9302    2.1089   16.9090   -0.4581  -16.9096
eta,q 0.97274 12.70420

---------------------------------------------------------------------
imgreg_4dfp /opt/freesurfer/average/711-2C_as_mni_average_305 /opt/freesurfer/average/711-2B_as_mni_average_305_mask talsrcimg_g11 none talsrcimg_to_711-2C_as_mni_average_305_t4 2311
---------------------------------------------------------------------

freesurfer imgreg_4dfp.c
/opt/freesurfer/average/711-2C_as_mni_average_305.4dfp.img
       256       256       256         1
  1.000000  1.000000  1.000000
orientation T byte_order littleendian
Reading image: /opt/freesurfer/average/711-2C_as_mni_average_305.4dfp.img
dimensions:      256       256       256
mmppix:       1.0000   -1.0000   -1.0000
center:     128.0000 -129.0000 -129.0000
/opt/freesurfer/average/711-2B_as_mni_average_305_mask.4dfp.img
       256       256       256         1
  1.000000  1.000000  1.000000
orientation T byte_order littleendian
Reading mask: /opt/freesurfer/average/711-2B_as_mni_average_305_mask.4dfp.img (2306576 pixels)
talsrcimg_g11.4dfp.img
       256       256       256         1
  1.000000  1.000000  1.000000
orientation T byte_order littleendian
Reading image: talsrcimg_g11.4dfp.img
dimensions:      256       256       256
mmppix:       1.0000   -1.0000   -1.0000
center:     128.0000 -129.0000 -129.0000
fimgreg.f
image alignment mode   2311 decimal      907 hex
parameters
   -1.5734   -8.5695    6.9080   -5.6626   -9.2310   -3.5996
    0.7866    0.9302    2.1089   16.9090   -0.4581  -16.9096
eta,q 0.97274 12.70420
niter,ni,del,rscale     5    3    5.0000    0.8000
parameters
   -1.5662   -8.5313    6.9189   -5.8282   -9.3357   -3.7308
    0.7828    0.9960    2.0632   16.7585   -0.4597  -16.9744
eta,q 0.97274 12.68652
  0.0289  0.0285  0.0280  0.0286  0.0286  0.0287  0.0285  0.0295  0.0281  0.0286  0.0278  0.0279
  0.0280  0.0278  0.0276  0.0279  0.0279  0.0280  0.0278  0.0282  0.0276  0.0279  0.0275  0.0276
  0.0274  0.0274  0.0273  0.0274  0.0274  0.0275  0.0274  0.0275  0.0274  0.0275  0.0273  0.0274
  0.0273  0.0273  0.0273  0.0273  0.0273  0.0273  0.0273  0.0273  0.0273  0.0273  0.0273  0.0273
  0.0274  0.0274  0.0273  0.0274  0.0274  0.0275  0.0274  0.0275  0.0274  0.0274  0.0273  0.0273
  0.0280  0.0277  0.0276  0.0279  0.0280  0.0280  0.0278  0.0282  0.0276  0.0280  0.0275  0.0276
  0.0288  0.0283  0.0280  0.0289  0.0288  0.0289  0.0286  0.0293  0.0281  0.0289  0.0278  0.0279
niter,ni,del,rscale     4    3    5.0000    0.7000
parameters
   -1.5631   -8.5682    6.8925   -5.7288   -9.2645   -3.6882
    0.7731    0.9876    2.0632   16.7409   -0.4478  -16.9654
eta,q 0.97273 12.69505
  0.0285  0.0281  0.0278  0.0284  0.0284  0.0285  0.0282  0.0289  0.0279  0.0283  0.0276  0.0277
  0.0278  0.0276  0.0275  0.0278  0.0278  0.0279  0.0277  0.0280  0.0275  0.0278  0.0274  0.0275
  0.0274  0.0273  0.0273  0.0274  0.0274  0.0275  0.0274  0.0274  0.0273  0.0274  0.0273  0.0273
  0.0273  0.0273  0.0273  0.0273  0.0273  0.0273  0.0273  0.0273  0.0273  0.0273  0.0273  0.0273
  0.0274  0.0274  0.0273  0.0274  0.0274  0.0274  0.0274  0.0275  0.0273  0.0273  0.0273  0.0273
  0.0278  0.0277  0.0275  0.0277  0.0278  0.0278  0.0277  0.0280  0.0275  0.0277  0.0274  0.0275
  0.0285  0.0282  0.0279  0.0283  0.0284  0.0285  0.0282  0.0289  0.0279  0.0285  0.0276  0.0278
niter,ni,del,rscale     3    3    5.0000    0.6000
parameters
   -1.5662   -8.5727    6.8971   -5.6921   -9.2444   -3.6360
    0.7758    0.9649    2.0849   16.7849   -0.4627  -16.9518
eta,q 0.97274 12.70019
  0.0282  0.0279  0.0277  0.0281  0.0281  0.0282  0.0280  0.0285  0.0277  0.0281  0.0275  0.0276
  0.0277  0.0275  0.0275  0.0276  0.0277  0.0277  0.0276  0.0278  0.0275  0.0277  0.0274  0.0274
  0.0274  0.0273  0.0273  0.0274  0.0274  0.0274  0.0273  0.0274  0.0273  0.0274  0.0273  0.0273
  0.0273  0.0273  0.0273  0.0273  0.0273  0.0273  0.0273  0.0273  0.0273  0.0273  0.0273  0.0273
  0.0274  0.0273  0.0273  0.0273  0.0273  0.0274  0.0273  0.0274  0.0273  0.0273  0.0273  0.0273
  0.0277  0.0276  0.0275  0.0276  0.0276  0.0277  0.0276  0.0278  0.0275  0.0276  0.0274  0.0274
  0.0282  0.0279  0.0277  0.0281  0.0281  0.0282  0.0280  0.0285  0.0277  0.0281  0.0275  0.0276
niter,ni,del,rscale     2    3    5.0000    0.5000
parameters
   -1.5706   -8.5721    6.9060   -5.6776   -9.2412   -3.6058
    0.7847    0.9409    2.0945   16.8509   -0.4523  -16.9504
eta,q 0.97274 12.70270
  0.0279  0.0277  0.0276  0.0278  0.0279  0.0279  0.0278  0.0281  0.0276  0.0279  0.0275  0.0275
  0.0275  0.0275  0.0274  0.0275  0.0276  0.0276  0.0275  0.0276  0.0274  0.0276  0.0274  0.0274
  0.0273  0.0273  0.0273  0.0273  0.0273  0.0274  0.0273  0.0273  0.0273  0.0274  0.0273  0.0273
  0.0273  0.0273  0.0273  0.0273  0.0273  0.0273  0.0273  0.0273  0.0273  0.0273  0.0273  0.0273
  0.0273  0.0273  0.0273  0.0273  0.0273  0.0273  0.0273  0.0274  0.0273  0.0273  0.0273  0.0273
  0.0275  0.0275  0.0274  0.0275  0.0275  0.0276  0.0275  0.0276  0.0274  0.0275  0.0273  0.0274
  0.0279  0.0277  0.0276  0.0278  0.0279  0.0279  0.0278  0.0281  0.0276  0.0278  0.0275  0.0275
niter,ni,del,rscale     1    3    5.0000    0.4000
parameters
   -1.5745   -8.5612    6.9062   -5.6645   -9.2421   -3.5955
    0.7875    0.9230    2.0962   16.9226   -0.4502  -16.9241
eta,q 0.97274 12.70422
  0.0277  0.0276  0.0275  0.0276  0.0277  0.0277  0.0276  0.0278  0.0275  0.0277  0.0274  0.0274
  0.0274  0.0274  0.0273  0.0274  0.0274  0.0275  0.0274  0.0275  0.0273  0.0275  0.0273  0.0273
  0.0273  0.0273  0.0273  0.0273  0.0273  0.0273  0.0273  0.0273  0.0273  0.0273  0.0273  0.0273
  0.0273  0.0273  0.0273  0.0273  0.0273  0.0273  0.0273  0.0273  0.0273  0.0273  0.0273  0.0273
  0.0273  0.0273  0.0273  0.0273  0.0273  0.0273  0.0273  0.0273  0.0273  0.0273  0.0273  0.0273
  0.0274  0.0274  0.0273  0.0274  0.0274  0.0275  0.0274  0.0275  0.0273  0.0274  0.0273  0.0273
  0.0277  0.0275  0.0275  0.0276  0.0277  0.0277  0.0276  0.0278  0.0275  0.0276  0.0274  0.0274
registration optimization eta report
parameter search radius
    0.8000    0.8000    0.8000    2.4000    2.4000    2.4000
    2.4000    2.4000    2.4000    2.4000    2.4000    2.4000
100000*second partial in parameter space
       62.       45.       31.        6.        7.        8.
        6.        9.        4.        7.        2.        3.
  0.0277  0.0276  0.0275  0.0276  0.0277  0.0277  0.0276  0.0278  0.0275  0.0277  0.0274  0.0274
  0.0274  0.0274  0.0273  0.0274  0.0274  0.0275  0.0274  0.0275  0.0273  0.0275  0.0273  0.0273
  0.0273  0.0273  0.0273  0.0273  0.0273  0.0273  0.0273  0.0273  0.0273  0.0273  0.0273  0.0273
  0.0273  0.0273  0.0273  0.0273  0.0273  0.0273  0.0273  0.0273  0.0273  0.0273  0.0273  0.0273
  0.0273  0.0273  0.0273  0.0273  0.0273  0.0273  0.0273  0.0273  0.0273  0.0273  0.0273  0.0273
  0.0274  0.0274  0.0273  0.0274  0.0274  0.0275  0.0274  0.0275  0.0273  0.0274  0.0273  0.0273
  0.0277  0.0275  0.0275  0.0276  0.0277  0.0277  0.0276  0.0278  0.0275  0.0276  0.0274  0.0274
   -1.5745   -8.5612    6.9062   -5.6645   -9.2421   -3.5955
    0.7875    0.9230    2.0962   16.9226   -0.4502  -16.9241
eta,q 0.97274 12.70422

---------------------------------------------------------------------
compute_vox2vox talsrcimg talsrcimg_to_711-2C_as_mni_average_305_t4 /opt/freesurfer/average/711-2C_as_mni_average_305
---------------------------------------------------------------------

freesurfer compute_vox2vox.c
Reading: talsrcimg.4dfp.ifh
Reading: talsrcimg_to_711-2C_as_mni_average_305_t4
Reading: /opt/freesurfer/average/711-2C_as_mni_average_305.4dfp.ifh
Writing: talsrcimg_to_711-2C_as_mni_average_305_t4_vox2vox.txt

start time Tue Mar 10 01:42:53 CET 2026
end		time Tue Mar 10 01:44:20 CET 2026

mpr2mni305 success

avi2talxfm orig_nu.mgz /opt/freesurfer/average/mni305.cor.mgz talsrcimg_to_711-2C_as_mni_average_305_t4_vox2vox.txt transforms/talairach.auto.xfm
avi2talxfm done
mv -f /out/sourcedata/freesurfer/sub-v1s3x0050825_ses-1/mri/talsrcimg_to_711-2C_as_mni_average_305_t4_vox2vox.txt /out/sourcedata/freesurfer/sub-v1s3x0050825_ses-1/mri/transforms/talsrcimg_to_711-2C_as_mni_average_305_t4_vox2vox.txt
lta_convert --src orig_nu.mgz --trg /opt/freesurfer/average/mni305.cor.mgz --inxfm transforms/talairach.auto.xfm --outlta transforms/talairach.auto.xfm.lta --subject fsaverage
7.3.2

--src: orig_nu.mgz src image (geometry).
--trg: /opt/freesurfer/average/mni305.cor.mgz trg image (geometry).
--inmni: transforms/talairach.auto.xfm input MNI/XFM transform.
--outlta: transforms/talairach.auto.xfm.lta output LTA.
--s: fsaverage subject name
 LTA read, type : 1
 1.06025  -0.00827  -0.01074  -2.31963;
 0.00063   1.00441   0.18729   0.04689;
-0.02461  -0.18709   1.06716  -7.22501;
 0.00000   0.00000   0.00000   1.00000;
setting subject to fsaverage
Writing  LTA to file transforms/talairach.auto.xfm.lta...
lta_convert successful.
 
 
Started at Tue Mar 10 01:42:52 CET 2026
Ended   at Tue Mar 10 01:44:20 CET 2026
talairach_avi done
