/out/sourcedata/freesurfer/sub-v1s3x0050820_ses-1/mri
/opt/freesurfer/bin/talairach_avi
--i orig_nu.mgz --xfm transforms/talairach.auto.xfm
talairach_avi 7.3.2
Linux dna003 5.14.0-427.37.1.el9_4.x86_64 #1 SMP PREEMPT_DYNAMIC Fri Sep 13 12:41:50 EDT 2024 x86_64 x86_64 x86_64 GNU/Linux
Tue Mar 10 01:38:09 CET 2026
mri_convert orig_nu.mgz talsrcimg.img 
reading from orig_nu.mgz...
TR=0.00, TE=0.00, TI=0.00, flip angle=0.00
i_ras = (-1, 0, 0)
j_ras = (0, 0, -1)
k_ras = (0, 1, 0)
writing to talsrcimg.img...
Analyze Output Matrix
-1.00000   0.00000   0.00000   132.19612;
 0.00000   0.00000   1.00000  -137.67044;
 0.00000  -1.00000   0.00000   135.60745;
 0.00000   0.00000   0.00000   1.00000;
--------------------
INFO: set hdr.hist.orient to -1
mpr2mni305 talsrcimg
Tue Mar 10 01:38:10 CET 2026
/opt/freesurfer/bin/mpr2mni305 talsrcimg
mpr2mni305 7.3.2
target=711-2C_as_mni_average_305

---------------------------------------------------------------------
analyzeto4dfp talsrcimg -O0 -y
---------------------------------------------------------------------

freesurfer ifh2hdr.c
Tue Mar 10 01:38:10 2026
Writing: talsrcimg.4dfp.hdr
freesurfer analyzeto4dfp.c
Reading: talsrcimg.hdr
header size 348 bytes
hdr.dime.datatype	offset=70	value=2
hdr.dime.bitpix		offset=72	value=8
hdr.hist.orient		offset=252	value=-1
dimensionality     4
dimensions       256       256       256         1
Reading: talsrcimg.img
Writing: talsrcimg.4dfp.img
Writing: talsrcimg.4dfp.ifh
ifh2hdr talsrcimg -r0to255
ori=2

---------------------------------------------------------------------
gauss_4dfp talsrcimg 1.1
---------------------------------------------------------------------

freesurfer gauss_4dfp.c
Reading: talsrcimg.4dfp.img
Writing: talsrcimg_g11.4dfp.img
image dimensions 256 256 256 padded to 288 288 288
processing volume 1freesurfer ifh2hdr.c
Tue Mar 10 01:38:12 2026
Writing: talsrcimg_g11.4dfp.hdr

Writing: talsrcimg_g11.4dfp.ifh
including: talsrcimg.4dfp.img.rec in talsrcimg_g11.4dfp.img.rec

---------------------------------------------------------------------
imgreg_4dfp /opt/freesurfer/average/711-2C_as_mni_average_305 none talsrcimg_g11 none talsrcimg_to_711-2C_as_mni_average_305_t4 4355
---------------------------------------------------------------------

freesurfer imgreg_4dfp.c
/opt/freesurfer/average/711-2C_as_mni_average_305.4dfp.img
       256       256       256         1
  1.000000  1.000000  1.000000
orientation T byte_order littleendian
Reading image: /opt/freesurfer/average/711-2C_as_mni_average_305.4dfp.img
dimensions:      256       256       256
mmppix:       1.0000   -1.0000   -1.0000
center:     128.0000 -129.0000 -129.0000
talsrcimg_g11.4dfp.img
       256       256       256         1
  1.000000  1.000000  1.000000
orientation T byte_order littleendian
Reading image: talsrcimg_g11.4dfp.img
dimensions:      256       256       256
mmppix:       1.0000   -1.0000   -1.0000
center:     128.0000 -129.0000 -129.0000
t4_read: open error in t4_sub.f l:  41 t4_file(1:l)talsrcimg_to_711-2C_as_mni_average_305_t4 
t4_read: transform initialized to I4
rotation matrix determinant  1.000000
image alignment mode   4355 decimal     1103 hex
   -7.5000  -45.0000  -45.0000 6950.5859   23.1852
    0.0000  -45.0000  -45.0000 7235.5371   23.1930
    7.5000  -45.0000  -45.0000 6924.1025   23.2099
   -7.5000  -37.5000  -45.0000 7443.8994   23.1935
    0.0000  -37.5000  -45.0000 7759.3784   23.2127
    7.5000  -37.5000  -45.0000 7405.0259   23.2329
   -7.5000  -30.0000  -45.0000 8188.3813   23.1778
    0.0000  -30.0000  -45.0000 8542.5332   23.2207
    7.5000  -30.0000  -45.0000 8147.8945   23.2500
   -7.5000  -22.5000  -45.0000 8879.0430   23.1502
    0.0000  -22.5000  -45.0000 9275.9404   23.2052
    7.5000  -22.5000  -45.0000 8819.4551   23.2397
   -7.5000  -15.0000  -45.0000 9452.1836   23.1533
    0.0000  -15.0000  -45.0000 9906.9326   23.1944
    7.5000  -15.0000  -45.0000 9415.1904   23.2212
   -7.5000   -7.5000  -45.000010034.7451   23.1724
    0.0000   -7.5000  -45.000010542.2393   23.1902
    7.5000   -7.5000  -45.000010016.2959   23.2087
   -7.5000    0.0000  -45.000010563.5635   23.1850
    0.0000    0.0000  -45.000011049.9873   23.1928
    7.5000    0.0000  -45.000010507.6416   23.2097
   -7.5000    7.5000  -45.000010227.3779   23.1934
    0.0000    7.5000  -45.000010658.2793   23.2126
    7.5000    7.5000  -45.000010159.8350   23.2328
   -7.5000   15.0000  -45.0000 9861.3779   23.1778
    0.0000   15.0000  -45.000010282.9111   23.2207
    7.5000   15.0000  -45.0000 9758.2285   23.2500
   -7.5000   22.5000  -45.0000 9309.0020   23.1470
    0.0000   22.5000  -45.0000 9700.2041   23.2020
    7.5000   22.5000  -45.0000 9196.4102   23.2365
   -7.5000   30.0000  -45.0000 8544.7422   22.8448
    0.0000   30.0000  -45.0000 8873.2881   22.8853
    7.5000   30.0000  -45.0000 8419.6338   22.9117
   -7.5000   37.5000  -45.0000 8100.3735   22.8636
    0.0000   37.5000  -45.0000 8413.2578   22.8811
    7.5000   37.5000  -45.0000 7996.4751   22.8994
   -7.5000   45.0000  -45.0000 7392.0356   22.2951
    0.0000   45.0000  -45.0000 7690.2783   22.3026
    7.5000   45.0000  -45.0000 7293.6846   22.3189
   -7.5000  -45.0000  -37.5000 7557.7764   23.0667
    0.0000  -45.0000  -37.5000 7879.8599   23.0780
    7.5000  -45.0000  -37.5000 7502.0601   23.1080
   -7.5000  -37.5000  -37.5000 8096.8101   23.0902
    0.0000  -37.5000  -37.5000 8461.3809   23.1064
    7.5000  -37.5000  -37.5000 8045.7446   23.1354
   -7.5000  -30.0000  -37.5000 8878.6758   23.1014
    0.0000  -30.0000  -37.5000 9292.0684   23.1397
    7.5000  -30.0000  -37.5000 8838.1113   23.1736
   -7.5000  -22.5000  -37.5000 9586.6982   23.0883
    0.0000  -22.5000  -37.500010024.1113   23.1434
    7.5000  -22.5000  -37.5000 9527.8848   23.1814
   -7.5000  -15.0000  -37.500010208.7012   23.0795
    0.0000  -15.0000  -37.500010677.5684   23.1281
    7.5000  -15.0000  -37.500010137.4395   23.1624
   -7.5000   -7.5000  -37.500010824.6807   23.0690
    0.0000   -7.5000  -37.500011339.6279   23.0959
    7.5000   -7.5000  -37.500010751.8486   23.1271
   -7.5000    0.0000  -37.500011361.2207   23.0665
    0.0000    0.0000  -37.500011885.7676   23.0778
    7.5000    0.0000  -37.500011261.6846   23.1078
   -7.5000    7.5000  -37.500010964.7549   23.0901
    0.0000    7.5000  -37.500011467.4893   23.1063
    7.5000    7.5000  -37.500010873.1650   23.1354
   -7.5000   15.0000  -37.500010534.7910   23.1014
    0.0000   15.0000  -37.500011027.7021   23.1397
    7.5000   15.0000  -37.500010431.7412   23.1736
   -7.5000   22.5000  -37.5000 9962.7969   23.0851
    0.0000   22.5000  -37.500010430.3838   23.1402
    7.5000   22.5000  -37.5000 9870.8125   23.1783
   -7.5000   30.0000  -37.5000 9118.7207   22.7720
    0.0000   30.0000  -37.5000 9520.5986   22.8199
    7.5000   30.0000  -37.5000 9001.5938   22.8537
   -7.5000   37.5000  -37.5000 8596.8809   22.7616
    0.0000   37.5000  -37.5000 8983.1484   22.7881
    7.5000   37.5000  -37.5000 8502.3281   22.8189
   -7.5000   45.0000  -37.5000 7850.2085   22.1812
    0.0000   45.0000  -37.5000 8192.7559   22.1921
    7.5000   45.0000  -37.5000 7771.4473   22.2209
   -7.5000  -45.0000  -30.0000 8315.8174   23.9765
    0.0000  -45.0000  -30.0000 8693.6357   23.9976
    7.5000  -45.0000  -30.0000 8275.1895   24.0356
   -7.5000  -37.5000  -30.0000 8895.5059   24.0071
    0.0000  -37.5000  -30.0000 9306.5420   24.0233
    7.5000  -37.5000  -30.0000 8844.7051   24.0557
   -7.5000  -30.0000  -30.0000 9751.9453   24.0300
    0.0000  -30.0000  -30.000010213.3447   24.0634
    7.5000  -30.0000  -30.0000 9694.7178   24.1007
   -7.5000  -22.5000  -30.000010516.4102   24.0218
    0.0000  -22.5000  -30.000011008.5156   24.0771
    7.5000  -22.5000  -30.000010421.5693   24.1229
   -7.5000  -15.0000  -30.000011193.7393   24.0056
    0.0000  -15.0000  -30.000011721.4541   24.0654
    7.5000  -15.0000  -30.000011054.6631   24.1122
   -7.5000   -7.5000  -30.000011803.0996   23.9830
    0.0000   -7.5000  -30.000012369.6533   24.0258
    7.5000   -7.5000  -30.000011683.7051   24.0697
   -7.5000    0.0000  -30.000012336.0674   23.9763
    0.0000    0.0000  -30.000012931.5918   23.9974
    7.5000    0.0000  -30.000012230.2764   24.0354
   -7.5000    7.5000  -30.000011909.5771   24.0071
    0.0000    7.5000  -30.000012490.7246   24.0233
    7.5000    7.5000  -30.000011841.3037   24.0557
   -7.5000   15.0000  -30.000011470.8594   24.0300
    0.0000   15.0000  -30.000012011.3066   24.0634
    7.5000   15.0000  -30.000011339.4658   24.1007
   -7.5000   22.5000  -30.000010819.2588   24.0160
    0.0000   22.5000  -30.000011349.8496   24.0713
    7.5000   22.5000  -30.000010695.3203   24.1171
   -7.5000   30.0000  -30.0000 9867.0244   23.6879
    0.0000   30.0000  -30.000010332.8555   23.7469
    7.5000   30.0000  -30.0000 9756.5303   23.7931
   -7.5000   37.5000  -30.0000 9246.8242   23.6656
    0.0000   37.5000  -30.0000 9703.3086   23.7078
    7.5000   37.5000  -30.0000 9160.2207   23.7512
   -7.5000   45.0000  -30.0000 8410.7305   23.0730
    0.0000   45.0000  -30.0000 8825.8506   23.0933
    7.5000   45.0000  -30.0000 8351.3203   23.1298
   -7.5000  -45.0000  -22.5000 9093.4961   24.8059
    0.0000  -45.0000  -22.5000 9515.0557   24.8307
    7.5000  -45.0000  -22.5000 9017.8633   24.8613
   -7.5000  -37.5000  -22.5000 9701.2861   24.8181
    0.0000  -37.5000  -22.500010149.5928   24.8363
    7.5000  -37.5000  -22.5000 9609.6973   24.8618
   -7.5000  -30.0000  -22.500010608.4609   24.8155
    0.0000  -30.0000  -22.500011108.5000   24.8496
    7.5000  -30.0000  -22.500010488.0713   24.8858
   -7.5000  -22.5000  -22.500011436.1777   24.7985
    0.0000  -22.5000  -22.500011980.5283   24.8551
    7.5000  -22.5000  -22.500011293.0576   24.9055
   -7.5000  -15.0000  -22.500012153.5742   24.7955
    0.0000  -15.0000  -22.500012762.5361   24.8588
    7.5000  -15.0000  -22.500011989.1719   24.9108
   -7.5000   -7.5000  -22.500012820.9385   24.8003
    0.0000   -7.5000  -22.500013454.1807   24.8476
    7.5000   -7.5000  -22.500012641.8867   24.8904
   -7.5000    0.0000  -22.500013412.4043   24.8057
    0.0000    0.0000  -22.500014065.2949   24.8305
    7.5000    0.0000  -22.500013245.2568   24.8611
   -7.5000    7.5000  -22.500012937.6943   24.8181
    0.0000    7.5000  -22.500013578.0107   24.8362
    7.5000    7.5000  -22.500012774.0986   24.8618
   -7.5000   15.0000  -22.500012420.6680   24.8155
    0.0000   15.0000  -22.500013022.0225   24.8496
    7.5000   15.0000  -22.500012220.2021   24.8858
   -7.5000   22.5000  -22.500011712.0908   24.7909
    0.0000   22.5000  -22.500012292.6914   24.8474
    7.5000   22.5000  -22.500011528.2207   24.8978
   -7.5000   30.0000  -22.500010682.1631   24.4712
    0.0000   30.0000  -22.500011194.0635   24.5336
    7.5000   30.0000  -22.500010523.9365   24.5849
   -7.5000   37.5000  -22.5000 9976.0596   24.4759
    0.0000   37.5000  -22.500010456.5322   24.5226
    7.5000   37.5000  -22.5000 9846.4258   24.5648
   -7.5000   45.0000  -22.5000 9044.9756   23.8891
    0.0000   45.0000  -22.5000 9466.8643   23.9130
    7.5000   45.0000  -22.5000 8939.9004   23.9425
   -7.5000  -45.0000  -15.0000 9851.8242   25.4572
    0.0000  -45.0000  -15.000010307.8535   25.4790
    7.5000  -45.0000  -15.0000 9753.2490   25.4983
   -7.5000  -37.5000  -15.000010479.3223   25.4492
    0.0000  -37.5000  -15.000010970.2744   25.4718
    7.5000  -37.5000  -15.000010374.5264   25.4897
   -7.5000  -30.0000  -15.000011477.0020   25.4170
    0.0000  -30.0000  -15.000012000.8770   25.4583
    7.5000  -30.0000  -15.000011322.4004   25.4917
   -7.5000  -22.5000  -15.000012338.0986   25.3880
    0.0000  -22.5000  -15.000012915.8340   25.4475
    7.5000  -22.5000  -15.000012155.6533   25.4976
   -7.5000  -15.0000  -15.000013090.4160   25.4017
    0.0000  -15.0000  -15.000013732.4277   25.4603
    7.5000  -15.0000  -15.000012865.9238   25.5088
   -7.5000   -7.5000  -15.000013823.6738   25.4386
    0.0000   -7.5000  -15.000014505.3301   25.4782
    7.5000   -7.5000  -15.000013584.3242   25.5114
   -7.5000    0.0000  -15.000014478.0684   25.4570
    0.0000    0.0000  -15.000015205.6494   25.4788
    7.5000    0.0000  -15.000014241.9131   25.4981
   -7.5000    7.5000  -15.000013929.2793   25.4491
    0.0000    7.5000  -15.000014647.8008   25.4718
    7.5000    7.5000  -15.000013716.5703   25.4897
   -7.5000   15.0000  -15.000013296.2744   25.4170
    0.0000   15.0000  -15.000013958.8574   25.4583
    7.5000   15.0000  -15.000013058.6055   25.4917
   -7.5000   22.5000  -15.000012548.6709   25.3790
    0.0000   22.5000  -15.000013173.2490   25.4385
    7.5000   22.5000  -15.000012303.3564   25.4885
   -7.5000   30.0000  -15.000011453.2578   25.0730
    0.0000   30.0000  -15.000012030.6807   25.1308
    7.5000   30.0000  -15.000011268.8242   25.1787
   -7.5000   37.5000  -15.000010665.3271   25.1093
    0.0000   37.5000  -15.000011167.7383   25.1485
    7.5000   37.5000  -15.000010539.8076   25.1812
   -7.5000   45.0000  -15.0000 9621.3154   24.5311
    0.0000   45.0000  -15.000010071.5254   24.5522
    7.5000   45.0000  -15.0000 9531.1074   24.5707
   -7.5000  -45.0000   -7.500010602.4141   25.8158
    0.0000  -45.0000   -7.500011111.1982   25.8314
    7.5000  -45.0000   -7.500010517.9883   25.8456
   -7.5000  -37.5000   -7.500011297.0283   25.8100
    0.0000  -37.5000   -7.500011810.1582   25.8349
    7.5000  -37.5000   -7.500011175.1855   25.8517
   -7.5000  -30.0000   -7.500012359.7490   25.7736
    0.0000  -30.0000   -7.500012925.9336   25.8212
    7.5000  -30.0000   -7.500012174.0254   25.8526
   -7.5000  -22.5000   -7.500013248.2383   25.7376
    0.0000  -22.5000   -7.500013838.3916   25.7985
    7.5000  -22.5000   -7.500013022.6133   25.8421
   -7.5000  -15.0000   -7.500014023.0645   25.7514
    0.0000  -15.0000   -7.500014649.0566   25.8011
    7.5000  -15.0000   -7.500013738.8906   25.8385
   -7.5000   -7.5000   -7.500014812.5283   25.7932
    0.0000   -7.5000   -7.500015519.8027   25.8204
    7.5000   -7.5000   -7.500014508.4639   25.8429
   -7.5000    0.0000   -7.500015571.1055   25.8156
    0.0000    0.0000   -7.500016314.8867   25.8312
    7.5000    0.0000   -7.500015223.4551   25.8454
   -7.5000    7.5000   -7.500014999.4590   25.8099
    0.0000    7.5000   -7.500015758.3906   25.8348
    7.5000    7.5000   -7.500014659.6045   25.8516
   -7.5000   15.0000   -7.500014244.2275   25.7736
    0.0000   15.0000   -7.500014956.1240   25.8212
    7.5000   15.0000   -7.500013912.7646   25.8526
   -7.5000   22.5000   -7.500013459.0254   25.7257
    0.0000   22.5000   -7.500014089.3955   25.7865
    7.5000   22.5000   -7.500013104.9531   25.8302
   -7.5000   30.0000   -7.500012292.1602   25.4175
    0.0000   30.0000   -7.500012889.7158   25.4665
    7.5000   30.0000   -7.500012025.0010   25.5034
   -7.5000   37.5000   -7.500011435.8408   25.4587
    0.0000   37.5000   -7.500011968.4590   25.4856
    7.5000   37.5000   -7.500011233.5361   25.5078
   -7.5000   45.0000   -7.500010275.2354   24.8813
    0.0000   45.0000   -7.500010753.9727   24.8964
    7.5000   45.0000   -7.500010146.1816   24.9101
   -7.5000  -45.0000    0.000011332.4941   25.8775
    0.0000  -45.0000    0.000011837.6250   25.8865
    7.5000  -45.0000    0.000011252.8467   25.9057
   -7.5000  -37.5000    0.000012049.2812   25.8856
    0.0000  -37.5000    0.000012582.2031   25.9073
    7.5000  -37.5000    0.000011931.5820   25.9302
   -7.5000  -30.0000    0.000013180.6611   25.8672
    0.0000  -30.0000    0.000013731.7666   25.9154
    7.5000  -30.0000    0.000013013.0029   25.9484
   -7.5000  -22.5000    0.000014089.2373   25.8369
    0.0000  -22.5000    0.000014669.5215   25.8987
    7.5000  -22.5000    0.000013901.0391   25.9374
   -7.5000  -15.0000    0.000014857.1602   25.8415
    0.0000  -15.0000    0.000015435.5254   25.8878
    7.5000  -15.0000    0.000014613.7520   25.9180
   -7.5000   -7.5000    0.000015681.7051   25.8635
    0.0000   -7.5000    0.000016316.0273   25.8837
    7.5000   -7.5000    0.000015352.8525   25.9048
   -7.5000    0.0000    0.000016492.5938   25.8772
    0.0000    0.0000    0.000017218.5176   25.8862
    7.5000    0.0000    0.000016140.8340   25.9055
   -7.5000    7.5000    0.000015890.7090   25.8856
    0.0000    7.5000    0.000016645.9707   25.9072
    7.5000    7.5000    0.000015545.9834   25.9301
   -7.5000   15.0000    0.000015032.9551   25.8672
    0.0000   15.0000    0.000015748.1875   25.9154
    7.5000   15.0000    0.000014691.9316   25.9484
   -7.5000   22.5000    0.000014198.3906   25.8250
    0.0000   22.5000    0.000014841.0527   25.8868
    7.5000   22.5000    0.000013791.3604   25.9254
   -7.5000   30.0000    0.000012996.8955   25.5071
    0.0000   30.0000    0.000013559.4180   25.5528
    7.5000   30.0000    0.000012639.8135   25.5826
   -7.5000   37.5000    0.000012101.7910   25.5288
    0.0000   37.5000    0.000012654.3857   25.5488
    7.5000   37.5000    0.000011823.1504   25.5696
   -7.5000   45.0000    0.000010868.3809   24.9427
    0.0000   45.0000    0.000011366.8672   24.9514
    7.5000   45.0000    0.000010671.7559   24.9699
   -7.5000  -45.0000    7.500011163.3115   25.8123
    0.0000  -45.0000    7.500011634.5088   25.8249
    7.5000  -45.0000    7.500011114.6162   25.8585
   -7.5000  -37.5000    7.500011852.2988   25.8385
    0.0000  -37.5000    7.500012334.4941   25.8566
    7.5000  -37.5000    7.500011790.3789   25.8892
   -7.5000  -30.0000    7.500012927.0234   25.8511
    0.0000  -30.0000    7.500013428.0801   25.8939
    7.5000  -30.0000    7.500012849.6328   25.9319
   -7.5000  -22.5000    7.500013884.2373   25.8364
    0.0000  -22.5000    7.500014395.6689   25.8981
    7.5000  -22.5000    7.500013795.3213   25.9407
   -7.5000  -15.0000    7.500014657.8271   25.8266
    0.0000  -15.0000    7.500015133.7383   25.8810
    7.5000  -15.0000    7.500014483.7910   25.9193
   -7.5000   -7.5000    7.500015405.5156   25.8148
    0.0000   -7.5000    7.500015887.2754   25.8449
    7.5000   -7.5000    7.500015167.8896   25.8798
   -7.5000    0.0000    7.500016140.6279   25.8121
    0.0000    0.0000    7.500016777.6855   25.8247
    7.5000    0.0000    7.500015893.6172   25.8583
   -7.5000    7.5000    7.500015578.3506   25.8384
    0.0000    7.5000    7.500016224.0986   25.8566
    7.5000    7.5000    7.500015293.2031   25.8891
   -7.5000   15.0000    7.500014688.9902   25.8511
    0.0000   15.0000    7.500015341.5098   25.8939
    7.5000   15.0000    7.500014416.8916   25.9319
   -7.5000   22.5000    7.500013820.5518   25.8245
    0.0000   22.5000    7.500014406.4072   25.8862
    7.5000   22.5000    7.500013472.1367   25.9287
   -7.5000   30.0000    7.500012665.9336   25.4924
    0.0000   30.0000    7.500013152.0596   25.5460
    7.5000   30.0000    7.500012328.8223   25.5839
   -7.5000   37.5000    7.500011840.1191   25.4807
    0.0000   37.5000    7.500012333.1074   25.5104
    7.5000   37.5000    7.500011548.2910   25.5449
   -7.5000   45.0000    7.500010662.1289   24.8799
    0.0000   45.0000    7.500011106.8867   24.8920
    7.5000   45.0000    7.500010404.0264   24.9244
   -7.5000  -45.0000   15.000010840.6416   25.7468
    0.0000  -45.0000   15.000011254.1572   25.7695
    7.5000  -45.0000   15.000010804.4180   25.8102
   -7.5000  -37.5000   15.000011487.4355   25.7797
    0.0000  -37.5000   15.000011890.8379   25.7971
    7.5000  -37.5000   15.000011430.0742   25.8319
   -7.5000  -30.0000   15.000012477.5938   25.8043
    0.0000  -30.0000   15.000012892.8770   25.8401
    7.5000  -30.0000   15.000012452.3643   25.8802
   -7.5000  -22.5000   15.000013489.8887   25.7955
    0.0000  -22.5000   15.000013938.2949   25.8549
    7.5000  -22.5000   15.000013438.6553   25.9040
   -7.5000  -15.0000   15.000014328.0068   25.7780
    0.0000  -15.0000   15.000014734.9004   25.8422
    7.5000  -15.0000   15.000014216.4629   25.8925
   -7.5000   -7.5000   15.000014938.0947   25.7538
    0.0000   -7.5000   15.000015342.6143   25.7997
    7.5000   -7.5000   15.000014867.9443   25.8469
   -7.5000    0.0000   15.000015593.0088   25.7466
    0.0000    0.0000   15.000016094.1025   25.7693
    7.5000    0.0000   15.000015509.5879   25.8100
   -7.5000    7.5000   15.000015064.0137   25.7797
    0.0000    7.5000   15.000015563.4365   25.7970
    7.5000    7.5000   15.000014886.2100   25.8319
   -7.5000   15.0000   15.000014227.9443   25.8043
    0.0000   15.0000   15.000014750.7979   25.8401
    7.5000   15.0000   15.000014019.4434   25.8802
   -7.5000   22.5000   15.000013310.2578   25.7836
    0.0000   22.5000   15.000013755.7637   25.8429
    7.5000   22.5000   15.000013020.0293   25.8921
   -7.5000   30.0000   15.000012222.8975   25.4444
    0.0000   30.0000   15.000012614.6084   25.5078
    7.5000   30.0000   15.000011913.3955   25.5574
   -7.5000   37.5000   15.000011413.0850   25.4205
    0.0000   37.5000   15.000011813.8252   25.4658
    7.5000   37.5000   15.000011142.2217   25.5124
   -7.5000   45.0000   15.000010342.1221   24.8167
    0.0000   45.0000   15.000010678.5234   24.8386
    7.5000   45.0000   15.000010106.2539   24.8779
   -7.5000  -45.0000   22.500010404.9775   25.7505
    0.0000  -45.0000   22.500010830.1641   25.7762
    7.5000  -45.0000   22.500010370.4854   25.8080
   -7.5000  -37.5000   22.500010991.4268   25.7632
    0.0000  -37.5000   22.500011392.3623   25.7820
    7.5000  -37.5000   22.500010962.0361   25.8086
   -7.5000  -30.0000   22.500011901.7080   25.7605
    0.0000  -30.0000   22.500012291.6709   25.7958
    7.5000  -30.0000   22.500011924.8652   25.8334
   -7.5000  -22.5000   22.500012852.4941   25.7428
    0.0000  -22.5000   22.500013291.0195   25.8016
    7.5000  -22.5000   22.500012861.3711   25.8539
   -7.5000  -15.0000   22.500013714.0762   25.7397
    0.0000  -15.0000   22.500014159.5391   25.8054
    7.5000  -15.0000   22.500013701.9863   25.8594
   -7.5000   -7.5000   22.500014446.6621   25.7446
    0.0000   -7.5000   22.500014912.6367   25.7938
    7.5000   -7.5000   22.500014461.2207   25.8382
   -7.5000    0.0000   22.500015157.0029   25.7503
    0.0000    0.0000   22.500015675.1592   25.7760
    7.5000    0.0000   22.500015082.5928   25.8078
   -7.5000    7.5000   22.500014601.3779   25.7632
    0.0000    7.5000   22.500015072.0527   25.7820
    7.5000    7.5000   22.500014442.9814   25.8085
   -7.5000   15.0000   22.500013769.8184   25.7605
    0.0000   15.0000   22.500014212.6465   25.7958
    7.5000   15.0000   22.500013564.1816   25.8334
   -7.5000   22.5000   22.500012740.4668   25.7310
    0.0000   22.5000   22.500013131.6045   25.7897
    7.5000   22.5000   22.500012498.7891   25.8420
   -7.5000   30.0000   22.500011675.0117   25.4066
    0.0000   30.0000   22.500012039.2607   25.4714
    7.5000   30.0000   22.500011428.9404   25.5247
   -7.5000   37.5000   22.500010893.3164   25.4115
    0.0000   37.5000   22.500011242.9805   25.4600
    7.5000   37.5000   22.500010679.0020   25.5038
   -7.5000   45.0000   22.5000 9852.5469   24.8203
    0.0000   45.0000   22.500010156.7979   24.8451
    7.5000   45.0000   22.5000 9662.3672   24.8758
   -7.5000  -45.0000   30.0000 9841.3672   25.8065
    0.0000  -45.0000   30.000010258.6699   25.8287
    7.5000  -45.0000   30.0000 9827.5459   25.8482
   -7.5000  -37.5000   30.000010362.1436   25.7984
    0.0000  -37.5000   30.000010772.2500   25.8214
    7.5000  -37.5000   30.000010369.3330   25.8396
   -7.5000  -30.0000   30.000011246.9189   25.7658
    0.0000  -30.0000   30.000011660.0605   25.8077
    7.5000  -30.0000   30.000011268.3340   25.8415
   -7.5000  -22.5000   30.000012156.8066   25.7364
    0.0000  -22.5000   30.000012628.0254   25.7967
    7.5000  -22.5000   30.000012162.7891   25.8475
   -7.5000  -15.0000   30.000012932.0156   25.7503
    0.0000  -15.0000   30.000013424.2988   25.8097
    7.5000  -15.0000   30.000012922.1865   25.8589
   -7.5000   -7.5000   30.000013640.1289   25.7877
    0.0000   -7.5000   30.000014199.3457   25.8279
    7.5000   -7.5000   30.000013613.4707   25.8615
   -7.5000    0.0000   30.000014360.1201   25.8063
    0.0000    0.0000   30.000014989.2852   25.8285
    7.5000    0.0000   30.000014263.6631   25.8480
   -7.5000    7.5000   30.000013808.4268   25.7984
    0.0000    7.5000   30.000014426.1426   25.8213
    7.5000    7.5000   30.000013688.3271   25.8395
   -7.5000   15.0000   30.000013022.7656   25.7658
    0.0000   15.0000   30.000013573.2129   25.8077
    7.5000   15.0000   30.000012906.7715   25.8415
   -7.5000   22.5000   30.000011988.2158   25.7246
    0.0000   22.5000   30.000012446.5117   25.7849
    7.5000   22.5000   30.000011857.8467   25.8356
   -7.5000   30.0000   30.000010979.3193   25.4171
    0.0000   30.0000   30.000011374.9258   25.4757
    7.5000   30.0000   30.000010823.9326   25.5242
   -7.5000   37.5000   30.000010221.3389   25.4539
    0.0000   37.5000   30.000010579.4932   25.4936
    7.5000   37.5000   30.000010094.8662   25.5268
   -7.5000   45.0000   30.0000 9215.0303   24.8743
    0.0000   45.0000   30.0000 9508.1006   24.8957
    7.5000   45.0000   30.0000 9111.5410   24.9145
   -7.5000  -45.0000   37.5000 9593.7344   25.8679
    0.0000  -45.0000   37.500010035.8594   25.8836
    7.5000  -45.0000   37.5000 9580.4893   25.8978
   -7.5000  -37.5000   37.500010111.1045   25.8621
    0.0000  -37.5000   37.500010576.7021   25.8870
    7.5000  -37.5000   37.500010121.6455   25.9039
   -7.5000  -30.0000   37.500011050.2051   25.8256
    0.0000  -30.0000   37.500011547.0615   25.8733
    7.5000  -30.0000   37.500011026.1289   25.9048
   -7.5000  -22.5000   37.500011931.7588   25.7895
    0.0000  -22.5000   37.500012427.5088   25.8505
    7.5000  -22.5000   37.500011879.3672   25.8943
   -7.5000  -15.0000   37.500012612.3516   25.8034
    0.0000  -15.0000   37.500013110.9570   25.8532
    7.5000  -15.0000   37.500012583.0254   25.8906
   -7.5000   -7.5000   37.500013243.6826   25.8453
    0.0000   -7.5000   37.500013757.1172   25.8726
    7.5000   -7.5000   37.500013211.4492   25.8951
   -7.5000    0.0000   37.500013895.7598   25.8677
    0.0000    0.0000   37.500014451.0234   25.8834
    7.5000    0.0000   37.500013853.7871   25.8976
   -7.5000    7.5000   37.500013377.3877   25.8620
    0.0000    7.5000   37.500013919.3340   25.8870
    7.5000    7.5000   37.500013336.4160   25.9038
   -7.5000   15.0000   37.500012661.7217   25.8256
    0.0000   15.0000   37.500013185.5361   25.8733
    7.5000   15.0000   37.500012609.3779   25.9048
   -7.5000   22.5000   37.500011681.9180   25.7776
    0.0000   22.5000   37.500012146.9404   25.8386
    7.5000   22.5000   37.500011596.2617   25.8824
   -7.5000   30.0000   37.500010686.4775   25.4695
    0.0000   30.0000   37.500011079.8584   25.5186
    7.5000   30.0000   37.500010573.2383   25.5556
   -7.5000   37.5000   37.5000 9931.6387   25.5108
    0.0000   37.5000   37.500010322.2861   25.5377
    7.5000   37.5000   37.5000 9859.7617   25.5600
   -7.5000   45.0000   37.5000 8928.5498   24.9335
    0.0000   45.0000   37.5000 9278.6738   24.9486
    7.5000   45.0000   37.5000 8861.0371   24.9623
   -7.5000  -45.0000   45.0000 8878.1113   25.7457
    0.0000  -45.0000   45.0000 9345.0215   25.7544
    7.5000  -45.0000   45.0000 8853.7734   25.7734
   -7.5000  -37.5000   45.0000 9414.8643   25.7535
    0.0000  -37.5000   45.0000 9895.9492   25.7749
    7.5000  -37.5000   45.0000 9376.8652   25.7975
   -7.5000  -30.0000   45.000010253.5967   25.7349
    0.0000  -30.0000   45.000010788.2822   25.7828
    7.5000  -30.0000   45.000010214.9873   25.8155
   -7.5000  -22.5000   45.000010989.7139   25.7046
    0.0000  -22.5000   45.000011550.2705   25.7661
    7.5000  -22.5000   45.000010952.5410   25.8045
   -7.5000  -15.0000   45.000011603.3623   25.7094
    0.0000  -15.0000   45.000012149.4297   25.7555
    7.5000  -15.0000   45.000011579.9424   25.7854
   -7.5000   -7.5000   45.000012174.3438   25.7317
    0.0000   -7.5000   45.000012719.4336   25.7516
    7.5000   -7.5000   45.000012178.2686   25.7724
   -7.5000    0.0000   45.000012736.9717   25.7454
    0.0000    0.0000   45.000013320.4473   25.7542
    7.5000    0.0000   45.000012751.6543   25.7731
   -7.5000    7.5000   45.000012291.0293   25.7535
    0.0000    7.5000   45.000012832.0078   25.7749
    7.5000    7.5000   45.000012327.8223   25.7974
   -7.5000   15.0000   45.000011641.7852   25.7349
    0.0000   15.0000   45.000012143.2959   25.7828
    7.5000   15.0000   45.000011660.6787   25.8155
   -7.5000   22.5000   45.000010746.6670   25.6927
    0.0000   22.5000   45.000011184.1201   25.7541
    7.5000   22.5000   45.000010707.7197   25.7925
   -7.5000   30.0000   45.0000 9859.9717   25.3745
    0.0000   30.0000   45.000010221.3223   25.4199
    7.5000   30.0000   45.0000 9773.0215   25.4495
   -7.5000   37.5000   45.0000 9216.3418   25.3964
    0.0000   37.5000   45.0000 9561.0381   25.4161
    7.5000   37.5000   45.0000 9127.5537   25.4367
   -7.5000   45.0000   45.0000 8275.6504   24.8269
    0.0000   45.0000   45.0000 8593.9961   24.8353
    7.5000   45.0000   45.0000 8177.9893   24.8536

---------------------------------------------------------------------
imgreg_4dfp /opt/freesurfer/average/711-2C_as_mni_average_305 /opt/freesurfer/average/711-2B_as_mni_average_305_mask talsrcimg_g11 none talsrcimg_to_711-2C_as_mni_average_305_t4 4355
---------------------------------------------------------------------

freesurfer imgreg_4dfp.c
/opt/freesurfer/average/711-2C_as_mni_average_305.4dfp.img
       256       256       256         1
  1.000000  1.000000  1.000000
orientation T byte_order littleendian
Reading image: /opt/freesurfer/average/711-2C_as_mni_average_305.4dfp.img
dimensions:      256       256       256
mmppix:       1.0000   -1.0000   -1.0000
center:     128.0000 -129.0000 -129.0000
/opt/freesurfer/average/711-2B_as_mni_average_305_mask.4dfp.img
       256       256       256         1
  1.000000  1.000000  1.000000
orientation T byte_order littleendian
Reading mask: /opt/freesurfer/average/711-2B_as_mni_average_305_mask.4dfp.img (2306576 pixels)
talsrcimg_g11.4dfp.img
       256       256       256         1
  1.000000  1.000000  1.000000
orientation T byte_order littleendian
Reading image: talsrcimg_g11.4dfp.img
dimensions:      256       256       256
mmppix:       1.0000   -1.0000   -1.0000
center:     128.0000 -129.0000 -129.0000
rotation matrix determinant  1.000000
image alignment mode   4355 decimal     1103 hex
   -7.5000  -45.0000  -45.0000 1896.8086   29.1018
    0.0000  -45.0000  -45.0000 1898.9666   28.9901
    7.5000  -45.0000  -45.0000 1888.6694   29.2892
   -7.5000  -37.5000  -45.0000 1982.5741   26.7438
    0.0000  -37.5000  -45.0000 1987.4893   26.7402
    7.5000  -37.5000  -45.0000 1972.6840   26.9848
   -7.5000  -30.0000  -45.0000 2044.7009   25.0407
    0.0000  -30.0000  -45.0000 2050.3132   25.0528
    7.5000  -30.0000  -45.0000 2032.9807   25.2983
   -7.5000  -22.5000  -45.0000 2094.3047   23.8792
    0.0000  -22.5000  -45.0000 2103.1230   23.9119
    7.5000  -22.5000  -45.0000 2077.7065   24.1677
   -7.5000  -15.0000  -45.0000 2118.8843   23.3485
    0.0000  -15.0000  -45.0000 2125.5828   23.2652
    7.5000  -15.0000  -45.0000 2105.1060   23.5769
   -7.5000   -7.5000  -45.0000 2118.8572   23.3206
    0.0000   -7.5000  -45.0000 2124.6516   23.2825
    7.5000   -7.5000  -45.0000 2104.5154   23.6597
   -7.5000    0.0000  -45.0000 2108.4136   23.7836
    0.0000    0.0000  -45.0000 2117.0142   23.7047
    7.5000    0.0000  -45.0000 2091.0808   24.1135
   -7.5000    7.5000  -45.0000 2072.0547   24.7634
    0.0000    7.5000  -45.0000 2080.1111   24.6727
    7.5000    7.5000  -45.0000 2054.4827   25.0692
   -7.5000   15.0000  -45.0000 2022.8374   25.9866
    0.0000   15.0000  -45.0000 2033.1835   25.8829
    7.5000   15.0000  -45.0000 2003.3475   26.3207
   -7.5000   22.5000  -45.0000 1960.8752   27.5960
    0.0000   22.5000  -45.0000 1969.1075   27.4766
    7.5000   22.5000  -45.0000 1936.6672   27.8998
   -7.5000   30.0000  -45.0000 1874.3187   29.8628
    0.0000   30.0000  -45.0000 1878.0072   29.7571
    7.5000   30.0000  -45.0000 1850.0751   30.2542
   -7.5000   37.5000  -45.0000 1772.3215   32.9835
    0.0000   37.5000  -45.0000 1779.6194   32.8831
    7.5000   37.5000  -45.0000 1756.9302   33.5589
   -7.5000   45.0000  -45.0000 1658.3666   37.6441
    0.0000   45.0000  -45.0000 1673.0028   37.4497
    7.5000   45.0000  -45.0000 1648.5547   38.1882
   -7.5000  -45.0000  -37.5000 2002.9053   26.5370
    0.0000  -45.0000  -37.5000 2003.3707   26.4866
    7.5000  -45.0000  -37.5000 1983.7557   26.6087
   -7.5000  -37.5000  -37.5000 2093.0276   24.4295
    0.0000  -37.5000  -37.5000 2102.3845   24.4490
    7.5000  -37.5000  -37.5000 2079.6104   24.5647
   -7.5000  -30.0000  -37.5000 2156.3789   22.9073
    0.0000  -30.0000  -37.5000 2164.9468   22.9264
    7.5000  -30.0000  -37.5000 2145.9114   23.1018
   -7.5000  -22.5000  -37.5000 2199.5457   21.9172
    0.0000  -22.5000  -37.5000 2204.9172   21.9324
    7.5000  -22.5000  -37.5000 2185.7175   22.1209
   -7.5000  -15.0000  -37.5000 2219.9019   21.3788
    0.0000  -15.0000  -37.5000 2226.6074   21.3486
    7.5000  -15.0000  -37.5000 2208.0139   21.5904
   -7.5000   -7.5000  -37.5000 2219.5837   21.3426
    0.0000   -7.5000  -37.5000 2231.9690   21.3020
    7.5000   -7.5000  -37.5000 2212.8213   21.5819
   -7.5000    0.0000  -37.5000 2207.7104   21.6523
    0.0000    0.0000  -37.5000 2215.3015   21.5606
    7.5000    0.0000  -37.5000 2192.2783   21.8736
   -7.5000    7.5000  -37.5000 2175.0688   22.4260
    0.0000    7.5000  -37.5000 2185.7861   22.3385
    7.5000    7.5000  -37.5000 2160.1619   22.6634
   -7.5000   15.0000  -37.5000 2123.7151   23.5425
    0.0000   15.0000  -37.5000 2137.8723   23.5269
    7.5000   15.0000  -37.5000 2106.3257   23.8665
   -7.5000   22.5000  -37.5000 2058.4426   24.9870
    0.0000   22.5000  -37.5000 2071.0867   24.9963
    7.5000   22.5000  -37.5000 2035.4088   25.3552
   -7.5000   30.0000  -37.5000 1967.6400   27.0221
    0.0000   30.0000  -37.5000 1977.2246   27.0182
    7.5000   30.0000  -37.5000 1944.4167   27.4976
   -7.5000   37.5000  -37.5000 1858.4835   29.8709
    0.0000   37.5000  -37.5000 1869.5200   29.7418
    7.5000   37.5000  -37.5000 1843.4750   30.3205
   -7.5000   45.0000  -37.5000 1743.3557   33.8560
    0.0000   45.0000  -37.5000 1759.3412   33.7435
    7.5000   45.0000  -37.5000 1736.8970   34.3709
   -7.5000  -45.0000  -30.0000 2139.6069   25.1217
    0.0000  -45.0000  -30.0000 2149.8794   25.0972
    7.5000  -45.0000  -30.0000 2121.7754   25.1549
   -7.5000  -37.5000  -30.0000 2243.7246   23.0609
    0.0000  -37.5000  -30.0000 2249.8525   23.0116
    7.5000  -37.5000  -30.0000 2225.9778   23.0942
   -7.5000  -30.0000  -30.0000 2314.2234   21.6406
    0.0000  -30.0000  -30.0000 2320.4685   21.6552
    7.5000  -30.0000  -30.0000 2299.9482   21.7154
   -7.5000  -22.5000  -30.0000 2354.5371   20.7837
    0.0000  -22.5000  -30.0000 2362.1123   20.7591
    7.5000  -22.5000  -30.0000 2334.3457   20.8764
   -7.5000  -15.0000  -30.0000 2372.8525   20.2147
    0.0000  -15.0000  -30.0000 2383.5581   20.2015
    7.5000  -15.0000  -30.0000 2352.8354   20.3923
   -7.5000   -7.5000  -30.0000 2365.1956   20.1917
    0.0000   -7.5000  -30.0000 2383.3174   20.1485
    7.5000   -7.5000  -30.0000 2355.5044   20.3502
   -7.5000    0.0000  -30.0000 2349.8770   20.3995
    0.0000    0.0000  -30.0000 2360.7327   20.3252
    7.5000    0.0000  -30.0000 2335.6064   20.5813
   -7.5000    7.5000  -30.0000 2322.1550   21.0980
    0.0000    7.5000  -30.0000 2332.9829   21.0526
    7.5000    7.5000  -30.0000 2311.4829   21.3251
   -7.5000   15.0000  -30.0000 2274.9089   22.1245
    0.0000   15.0000  -30.0000 2287.9553   22.1234
    7.5000   15.0000  -30.0000 2258.1790   22.4547
   -7.5000   22.5000  -30.0000 2197.7312   23.5431
    0.0000   22.5000  -30.0000 2211.1030   23.5045
    7.5000   22.5000  -30.0000 2178.1567   23.8710
   -7.5000   30.0000  -30.0000 2099.8152   25.3758
    0.0000   30.0000  -30.0000 2109.9202   25.3709
    7.5000   30.0000  -30.0000 2080.5547   25.8090
   -7.5000   37.5000  -30.0000 1985.8756   28.0496
    0.0000   37.5000  -30.0000 1999.4583   27.9749
    7.5000   37.5000  -30.0000 1967.2852   28.4696
   -7.5000   45.0000  -30.0000 1862.8953   31.7363
    0.0000   45.0000  -30.0000 1876.2994   31.6603
    7.5000   45.0000  -30.0000 1847.7731   32.1500
   -7.5000  -45.0000  -22.5000 2254.2751   23.6872
    0.0000  -45.0000  -22.5000 2262.9104   23.6681
    7.5000  -45.0000  -22.5000 2230.4409   23.6390
   -7.5000  -37.5000  -22.5000 2357.5415   21.6732
    0.0000  -37.5000  -22.5000 2367.5645   21.6232
    7.5000  -37.5000  -22.5000 2335.6277   21.6164
   -7.5000  -30.0000  -22.5000 2429.2322   20.2461
    0.0000  -30.0000  -22.5000 2440.0508   20.1849
    7.5000  -30.0000  -22.5000 2404.4453   20.1726
   -7.5000  -22.5000  -22.5000 2473.3328   19.3507
    0.0000  -22.5000  -22.5000 2486.5007   19.2614
    7.5000  -22.5000  -22.5000 2452.9395   19.3327
   -7.5000  -15.0000  -22.5000 2495.0815   18.8912
    0.0000  -15.0000  -22.5000 2515.5898   18.8205
    7.5000  -15.0000  -22.5000 2480.9900   18.9080
   -7.5000   -7.5000  -22.5000 2499.8657   18.9263
    0.0000   -7.5000  -22.5000 2520.7522   18.8757
    7.5000   -7.5000  -22.5000 2488.8069   18.9786
   -7.5000    0.0000  -22.5000 2489.0854   19.1849
    0.0000    0.0000  -22.5000 2500.7678   19.1216
    7.5000    0.0000  -22.5000 2477.6128   19.2994
   -7.5000    7.5000  -22.5000 2460.6548   19.8272
    0.0000    7.5000  -22.5000 2474.2976   19.7520
    7.5000    7.5000  -22.5000 2446.7087   19.9857
   -7.5000   15.0000  -22.5000 2409.8572   20.7184
    0.0000   15.0000  -22.5000 2424.5837   20.6907
    7.5000   15.0000  -22.5000 2389.6882   20.9569
   -7.5000   22.5000  -22.5000 2326.1270   22.0294
    0.0000   22.5000  -22.5000 2339.3225   21.9950
    7.5000   22.5000  -22.5000 2299.6833   22.3110
   -7.5000   30.0000  -22.5000 2218.1692   23.7740
    0.0000   30.0000  -22.5000 2225.3455   23.7696
    7.5000   30.0000  -22.5000 2189.8508   24.1217
   -7.5000   37.5000  -22.5000 2092.8486   26.2476
    0.0000   37.5000  -22.5000 2104.3040   26.1457
    7.5000   37.5000  -22.5000 2069.3816   26.5206
   -7.5000   45.0000  -22.5000 1964.2511   29.5684
    0.0000   45.0000  -22.5000 1976.8698   29.5193
    7.5000   45.0000  -22.5000 1940.0068   29.9617
   -7.5000  -45.0000  -15.0000 2319.5901   22.1996
    0.0000  -45.0000  -15.0000 2331.4275   22.2102
    7.5000  -45.0000  -15.0000 2299.2339   22.2554
   -7.5000  -37.5000  -15.0000 2429.0801   20.3720
    0.0000  -37.5000  -15.0000 2440.5962   20.3005
    7.5000  -37.5000  -15.0000 2409.3276   20.3371
   -7.5000  -30.0000  -15.0000 2510.1787   18.9228
    0.0000  -30.0000  -15.0000 2520.6743   18.8534
    7.5000  -30.0000  -15.0000 2485.3667   18.9056
   -7.5000  -22.5000  -15.0000 2564.5325   18.0087
    0.0000  -22.5000  -15.0000 2577.0889   17.9117
    7.5000  -22.5000  -15.0000 2545.1699   17.9990
   -7.5000  -15.0000  -15.0000 2597.3110   17.5828
    0.0000  -15.0000  -15.0000 2616.8699   17.5451
    7.5000  -15.0000  -15.0000 2576.9224   17.6224
   -7.5000   -7.5000  -15.0000 2613.3992   17.6625
    0.0000   -7.5000  -15.0000 2632.2324   17.5865
    7.5000   -7.5000  -15.0000 2596.9702   17.6631
   -7.5000    0.0000  -15.0000 2603.4973   17.9672
    0.0000    0.0000  -15.0000 2616.3318   17.9357
    7.5000    0.0000  -15.0000 2584.9695   18.0365
   -7.5000    7.5000  -15.0000 2576.3784   18.6027
    0.0000    7.5000  -15.0000 2591.9077   18.5548
    7.5000    7.5000  -15.0000 2557.8340   18.7251
   -7.5000   15.0000  -15.0000 2520.6482   19.4033
    0.0000   15.0000  -15.0000 2538.3289   19.3705
    7.5000   15.0000  -15.0000 2498.0715   19.6289
   -7.5000   22.5000  -15.0000 2433.3035   20.6083
    0.0000   22.5000  -15.0000 2447.6382   20.6022
    7.5000   22.5000  -15.0000 2403.6157   20.9043
   -7.5000   30.0000  -15.0000 2312.1267   22.3074
    0.0000   30.0000  -15.0000 2326.5474   22.2741
    7.5000   30.0000  -15.0000 2287.4692   22.6143
   -7.5000   37.5000  -15.0000 2175.3552   24.6648
    0.0000   37.5000  -15.0000 2184.4268   24.5548
    7.5000   37.5000  -15.0000 2155.5603   24.9121
   -7.5000   45.0000  -15.0000 2035.1770   27.7738
    0.0000   45.0000  -15.0000 2042.5132   27.6914
    7.5000   45.0000  -15.0000 2012.9801   28.1254
   -7.5000  -45.0000   -7.5000 2361.0735   20.9398
    0.0000  -45.0000   -7.5000 2381.7993   20.9064
    7.5000  -45.0000   -7.5000 2349.3259   21.0952
   -7.5000  -37.5000   -7.5000 2476.8962   19.1501
    0.0000  -37.5000   -7.5000 2496.1636   19.0861
    7.5000  -37.5000   -7.5000 2465.4236   19.2512
   -7.5000  -30.0000   -7.5000 2573.7820   17.8498
    0.0000  -30.0000   -7.5000 2591.2100   17.7848
    7.5000  -30.0000   -7.5000 2551.1682   17.8998
   -7.5000  -22.5000   -7.5000 2639.9458   16.8508
    0.0000  -22.5000   -7.5000 2649.7864   16.7973
    7.5000  -22.5000   -7.5000 2618.3394   16.9283
   -7.5000  -15.0000   -7.5000 2681.6152   16.3879
    0.0000  -15.0000   -7.5000 2692.3330   16.3295
    7.5000  -15.0000   -7.5000 2655.4866   16.4434
   -7.5000   -7.5000   -7.5000 2704.3193   16.4137
    0.0000   -7.5000   -7.5000 2722.6538   16.3602
    7.5000   -7.5000   -7.5000 2682.3308   16.4654
   -7.5000    0.0000   -7.5000 2702.2932   16.8239
    0.0000    0.0000   -7.5000 2720.4939   16.7838
    7.5000    0.0000   -7.5000 2681.1489   16.9089
   -7.5000    7.5000   -7.5000 2677.9897   17.4491
    0.0000    7.5000   -7.5000 2695.3796   17.3993
    7.5000    7.5000   -7.5000 2654.3259   17.5808
   -7.5000   15.0000   -7.5000 2617.4609   18.2110
    0.0000   15.0000   -7.5000 2633.5703   18.2127
    7.5000   15.0000   -7.5000 2590.2556   18.4742
   -7.5000   22.5000   -7.5000 2525.4580   19.3320
    0.0000   22.5000   -7.5000 2538.5032   19.3603
    7.5000   22.5000   -7.5000 2494.9917   19.6889
   -7.5000   30.0000   -7.5000 2394.7334   21.0239
    0.0000   30.0000   -7.5000 2411.2947   21.0124
    7.5000   30.0000   -7.5000 2374.0115   21.3355
   -7.5000   37.5000   -7.5000 2249.9058   23.2681
    0.0000   37.5000   -7.5000 2259.7573   23.2482
    7.5000   37.5000   -7.5000 2226.0588   23.5695
   -7.5000   45.0000   -7.5000 2097.2158   26.2236
    0.0000   45.0000   -7.5000 2104.8174   26.2473
    7.5000   45.0000   -7.5000 2075.9358   26.5849
   -7.5000  -45.0000    0.0000 2393.2671   20.1131
    0.0000  -45.0000    0.0000 2408.2700   19.9503
    7.5000  -45.0000    0.0000 2387.4688   20.3285
   -7.5000  -37.5000    0.0000 2512.4858   18.3729
    0.0000  -37.5000    0.0000 2530.5093   18.2140
    7.5000  -37.5000    0.0000 2505.7634   18.5502
   -7.5000  -30.0000    0.0000 2617.9863   17.0331
    0.0000  -30.0000    0.0000 2634.6558   16.9347
    7.5000  -30.0000    0.0000 2603.1533   17.2011
   -7.5000  -22.5000    0.0000 2698.4341   16.0569
    0.0000  -22.5000    0.0000 2715.5095   15.9900
    7.5000  -22.5000    0.0000 2679.4556   16.1969
   -7.5000  -15.0000    0.0000 2753.6379   15.4922
    0.0000  -15.0000    0.0000 2767.4277   15.4022
    7.5000  -15.0000    0.0000 2729.1687   15.5938
   -7.5000   -7.5000    0.0000 2793.1562   15.4132
    0.0000   -7.5000    0.0000 2807.3691   15.3198
    7.5000   -7.5000    0.0000 2764.7856   15.5120
   -7.5000    0.0000    0.0000 2791.9954   15.8493
    0.0000    0.0000    0.0000 2814.4717   15.7821
    7.5000    0.0000    0.0000 2763.8223   15.9579
   -7.5000    7.5000    0.0000 2766.1238   16.4643
    0.0000    7.5000    0.0000 2788.0073   16.4134
    7.5000    7.5000    0.0000 2738.6946   16.6166
   -7.5000   15.0000    0.0000 2694.0764   17.2254
    0.0000   15.0000    0.0000 2713.4844   17.2427
    7.5000   15.0000    0.0000 2670.5342   17.5081
   -7.5000   22.5000    0.0000 2596.1228   18.3935
    0.0000   22.5000    0.0000 2610.0959   18.4006
    7.5000   22.5000    0.0000 2570.4707   18.7258
   -7.5000   30.0000    0.0000 2459.8508   20.0608
    0.0000   30.0000    0.0000 2474.7654   20.0366
    7.5000   30.0000    0.0000 2435.4163   20.4023
   -7.5000   37.5000    0.0000 2309.9304   22.2631
    0.0000   37.5000    0.0000 2324.9521   22.2411
    7.5000   37.5000    0.0000 2287.4829   22.5781
   -7.5000   45.0000    0.0000 2144.1599   25.0730
    0.0000   45.0000    0.0000 2158.1448   25.0026
    7.5000   45.0000    0.0000 2129.2678   25.4141
   -7.5000  -45.0000    7.5000 2420.3286   19.5114
    0.0000  -45.0000    7.5000 2427.3047   19.2489
    7.5000  -45.0000    7.5000 2415.6631   19.7656
   -7.5000  -37.5000    7.5000 2544.4441   17.7791
    0.0000  -37.5000    7.5000 2548.7358   17.5286
    7.5000  -37.5000    7.5000 2537.4136   18.0336
   -7.5000  -30.0000    7.5000 2647.7454   16.4533
    0.0000  -30.0000    7.5000 2656.9941   16.2457
    7.5000  -30.0000    7.5000 2636.3376   16.6868
   -7.5000  -22.5000    7.5000 2748.6384   15.5226
    0.0000  -22.5000    7.5000 2766.4583   15.3476
    7.5000  -22.5000    7.5000 2731.3071   15.7042
   -7.5000  -15.0000    7.5000 2823.0886   14.8797
    0.0000  -15.0000    7.5000 2840.9851   14.7280
    7.5000  -15.0000    7.5000 2794.5273   15.0339
   -7.5000   -7.5000    7.5000 2876.6235   14.6874
    0.0000   -7.5000    7.5000 2900.8135   14.5304
    7.5000   -7.5000    7.5000 2841.4077   14.8447
   -7.5000    0.0000    7.5000 2878.2698   15.1033
    0.0000    0.0000    7.5000 2911.6672   14.9544
    7.5000    0.0000    7.5000 2845.2532   15.2107
   -7.5000    7.5000    7.5000 2839.3618   15.7224
    0.0000    7.5000    7.5000 2871.2637   15.6259
    7.5000    7.5000    7.5000 2807.9048   15.8905
   -7.5000   15.0000    7.5000 2753.7119   16.5902
    0.0000   15.0000    7.5000 2781.4502   16.5498
    7.5000   15.0000    7.5000 2732.7661   16.8803
   -7.5000   22.5000    7.5000 2646.7666   17.7758
    0.0000   22.5000    7.5000 2669.4397   17.7325
    7.5000   22.5000    7.5000 2627.3042   18.0848
   -7.5000   30.0000    7.5000 2503.6758   19.4139
    0.0000   30.0000    7.5000 2519.4404   19.4134
    7.5000   30.0000    7.5000 2481.4263   19.7717
   -7.5000   37.5000    7.5000 2352.2998   21.5245
    0.0000   37.5000    7.5000 2369.2017   21.5084
    7.5000   37.5000    7.5000 2325.1436   21.8817
   -7.5000   45.0000    7.5000 2183.3567   24.1401
    0.0000   45.0000    7.5000 2200.3511   24.1112
    7.5000   45.0000    7.5000 2164.0117   24.5208
   -7.5000  -45.0000   15.0000 2421.7515   19.1769
    0.0000  -45.0000   15.0000 2424.8015   18.7858
    7.5000  -45.0000   15.0000 2414.0203   19.4857
   -7.5000  -37.5000   15.0000 2550.4917   17.4579
    0.0000  -37.5000   15.0000 2551.6233   17.0810
    7.5000  -37.5000   15.0000 2540.3152   17.7401
   -7.5000  -30.0000   15.0000 2658.8506   16.1150
    0.0000  -30.0000   15.0000 2662.2080   15.7842
    7.5000  -30.0000   15.0000 2648.0417   16.3889
   -7.5000  -22.5000   15.0000 2771.7473   15.1632
    0.0000  -22.5000   15.0000 2784.0979   14.8633
    7.5000  -22.5000   15.0000 2752.9399   15.4150
   -7.5000  -15.0000   15.0000 2866.1631   14.5901
    0.0000  -15.0000   15.0000 2890.1172   14.3546
    7.5000  -15.0000   15.0000 2835.2268   14.7838
   -7.5000   -7.5000   15.0000 2933.2583   14.3175
    0.0000   -7.5000   15.0000 2966.3831   14.0412
    7.5000   -7.5000   15.0000 2889.2019   14.5247
   -7.5000    0.0000   15.0000 2938.5730   14.6261
    0.0000    0.0000   15.0000 2972.7715   14.3854
    7.5000    0.0000   15.0000 2883.5039   14.8309
   -7.5000    7.5000   15.0000 2879.8706   15.3240
    0.0000    7.5000   15.0000 2910.9761   15.1481
    7.5000    7.5000   15.0000 2835.9087   15.5140
   -7.5000   15.0000   15.0000 2782.4971   16.2350
    0.0000   15.0000   15.0000 2811.7856   16.1288
    7.5000   15.0000   15.0000 2755.9956   16.4582
   -7.5000   22.5000   15.0000 2663.2659   17.4658
    0.0000   22.5000   15.0000 2687.1953   17.3779
    7.5000   22.5000   15.0000 2644.6965   17.7102
   -7.5000   30.0000   15.0000 2522.4551   19.1222
    0.0000   30.0000   15.0000 2537.9192   19.0575
    7.5000   30.0000   15.0000 2496.4246   19.3827
   -7.5000   37.5000   15.0000 2368.3865   21.1925
    0.0000   37.5000   15.0000 2384.9507   21.1216
    7.5000   37.5000   15.0000 2343.3303   21.4569
   -7.5000   45.0000   15.0000 2201.2463   23.7612
    0.0000   45.0000   15.0000 2209.1829   23.6624
    7.5000   45.0000   15.0000 2182.3762   24.0853
   -7.5000  -45.0000   22.5000 2401.5232   19.0984
    0.0000  -45.0000   22.5000 2410.7134   18.7720
    7.5000  -45.0000   22.5000 2396.7258   19.4658
   -7.5000  -37.5000   22.5000 2531.5845   17.4237
    0.0000  -37.5000   22.5000 2535.5518   17.0204
    7.5000  -37.5000   22.5000 2521.0767   17.7176
   -7.5000  -30.0000   22.5000 2646.6028   16.0528
    0.0000  -30.0000   22.5000 2652.0767   15.6999
    7.5000  -30.0000   22.5000 2631.5945   16.3716
   -7.5000  -22.5000   22.5000 2758.2898   15.0576
    0.0000  -22.5000   22.5000 2769.6123   14.7180
    7.5000  -22.5000   22.5000 2742.1340   15.4107
   -7.5000  -15.0000   22.5000 2858.6272   14.5974
    0.0000  -15.0000   22.5000 2882.5088   14.2877
    7.5000  -15.0000   22.5000 2826.8645   14.8380
   -7.5000   -7.5000   22.5000 2938.6340   14.4167
    0.0000   -7.5000   22.5000 2977.0046   14.1739
    7.5000   -7.5000   22.5000 2893.3721   14.6329
   -7.5000    0.0000   22.5000 2936.6624   14.7477
    0.0000    0.0000   22.5000 2976.8057   14.5197
    7.5000    0.0000   22.5000 2887.1565   14.9111
   -7.5000    7.5000   22.5000 2873.8921   15.3245
    0.0000    7.5000   22.5000 2908.8484   15.1566
    7.5000    7.5000   22.5000 2830.2239   15.4416
   -7.5000   15.0000   22.5000 2780.0417   16.2364
    0.0000   15.0000   22.5000 2802.5295   16.0885
    7.5000   15.0000   22.5000 2743.2202   16.3643
   -7.5000   22.5000   22.5000 2653.6775   17.4774
    0.0000   22.5000   22.5000 2669.3494   17.3536
    7.5000   22.5000   22.5000 2630.3188   17.6531
   -7.5000   30.0000   22.5000 2512.0422   19.0904
    0.0000   30.0000   22.5000 2522.9500   19.0136
    7.5000   30.0000   22.5000 2489.6636   19.3046
   -7.5000   37.5000   22.5000 2358.3765   21.1391
    0.0000   37.5000   22.5000 2373.6841   21.0987
    7.5000   37.5000   22.5000 2341.3684   21.3718
   -7.5000   45.0000   22.5000 2190.5671   23.6366
    0.0000   45.0000   22.5000 2201.1572   23.6170
    7.5000   45.0000   22.5000 2174.7856   23.9330
   -7.5000  -45.0000   30.0000 2364.2998   19.4516
    0.0000  -45.0000   30.0000 2379.3662   19.1362
    7.5000  -45.0000   30.0000 2364.0735   19.7999
   -7.5000  -37.5000   30.0000 2481.9368   17.6896
    0.0000  -37.5000   30.0000 2494.9150   17.3818
    7.5000  -37.5000   30.0000 2483.3645   18.0743
   -7.5000  -30.0000   30.0000 2594.1565   16.3496
    0.0000  -30.0000   30.0000 2603.9355   16.0533
    7.5000  -30.0000   30.0000 2590.5559   16.7163
   -7.5000  -22.5000   30.0000 2710.7588   15.4508
    0.0000  -22.5000   30.0000 2720.7439   15.1867
    7.5000  -22.5000   30.0000 2699.1172   15.7990
   -7.5000  -15.0000   30.0000 2806.8450   14.9340
    0.0000  -15.0000   30.0000 2822.5298   14.7067
    7.5000  -15.0000   30.0000 2779.0989   15.2036
   -7.5000   -7.5000   30.0000 2872.9363   14.7572
    0.0000   -7.5000   30.0000 2897.7168   14.5755
    7.5000   -7.5000   30.0000 2838.0847   14.9938
   -7.5000    0.0000   30.0000 2870.2275   15.0897
    0.0000    0.0000   30.0000 2895.4978   14.9683
    7.5000    0.0000   30.0000 2835.1514   15.2449
   -7.5000    7.5000   30.0000 2820.1116   15.7420
    0.0000    7.5000   30.0000 2845.6494   15.6462
    7.5000    7.5000   30.0000 2784.1013   15.8601
   -7.5000   15.0000   30.0000 2734.6887   16.5970
    0.0000   15.0000   30.0000 2750.7693   16.5508
    7.5000   15.0000   30.0000 2698.2449   16.7430
   -7.5000   22.5000   30.0000 2608.6619   17.7774
    0.0000   22.5000   30.0000 2622.9934   17.7096
    7.5000   22.5000   30.0000 2586.7681   17.9575
   -7.5000   30.0000   30.0000 2476.6138   19.3062
    0.0000   30.0000   30.0000 2488.0637   19.2298
    7.5000   30.0000   30.0000 2454.5994   19.5415
   -7.5000   37.5000   30.0000 2327.3325   21.3139
    0.0000   37.5000   30.0000 2339.6670   21.2706
    7.5000   37.5000   30.0000 2309.2576   21.5922
   -7.5000   45.0000   30.0000 2161.4255   23.8311
    0.0000   45.0000   30.0000 2174.8291   23.7589
    7.5000   45.0000   30.0000 2151.7351   24.0942
   -7.5000  -45.0000   37.5000 2321.9119   20.2193
    0.0000  -45.0000   37.5000 2339.1858   19.9778
    7.5000  -45.0000   37.5000 2321.1077   20.5081
   -7.5000  -37.5000   37.5000 2428.2346   18.4726
    0.0000  -37.5000   37.5000 2447.4338   18.2478
    7.5000  -37.5000   37.5000 2431.4470   18.7943
   -7.5000  -30.0000   37.5000 2535.5352   17.1275
    0.0000  -30.0000   37.5000 2558.5376   16.9283
    7.5000  -30.0000   37.5000 2532.5754   17.4587
   -7.5000  -22.5000   37.5000 2642.1594   16.2047
    0.0000  -22.5000   37.5000 2656.1890   15.9853
    7.5000  -22.5000   37.5000 2634.2205   16.4876
   -7.5000  -15.0000   37.5000 2725.0120   15.5909
    0.0000  -15.0000   37.5000 2745.6333   15.3612
    7.5000  -15.0000   37.5000 2710.4177   15.8736
   -7.5000   -7.5000   37.5000 2779.2439   15.3957
    0.0000   -7.5000   37.5000 2794.4478   15.2303
    7.5000   -7.5000   37.5000 2756.3518   15.6071
   -7.5000    0.0000   37.5000 2781.7454   15.6708
    0.0000    0.0000   37.5000 2802.0449   15.5166
    7.5000    0.0000   37.5000 2766.2339   15.7973
   -7.5000    7.5000   37.5000 2736.6487   16.3551
    0.0000    7.5000   37.5000 2758.3342   16.2021
    7.5000    7.5000   37.5000 2716.5894   16.4700
   -7.5000   15.0000   37.5000 2658.0117   17.2865
    0.0000   15.0000   37.5000 2675.3010   17.1371
    7.5000   15.0000   37.5000 2632.1074   17.3970
   -7.5000   22.5000   37.5000 2540.0554   18.4297
    0.0000   22.5000   37.5000 2556.1238   18.3516
    7.5000   22.5000   37.5000 2521.1106   18.5911
   -7.5000   30.0000   37.5000 2422.9077   19.9338
    0.0000   30.0000   37.5000 2433.9392   19.8465
    7.5000   30.0000   37.5000 2403.7576   20.1569
   -7.5000   37.5000   37.5000 2277.8137   21.8774
    0.0000   37.5000   37.5000 2293.8657   21.7966
    7.5000   37.5000   37.5000 2267.0195   22.0593
   -7.5000   45.0000   37.5000 2120.7791   24.3522
    0.0000   45.0000   37.5000 2137.2852   24.2748
    7.5000   45.0000   37.5000 2113.3235   24.5530
   -7.5000  -45.0000   45.0000 2262.6328   21.4313
    0.0000  -45.0000   45.0000 2285.8955   21.2577
    7.5000  -45.0000   45.0000 2257.1892   21.6173
   -7.5000  -37.5000   45.0000 2375.8577   19.5960
    0.0000  -37.5000   45.0000 2400.5056   19.4653
    7.5000  -37.5000   45.0000 2367.0044   19.8512
   -7.5000  -30.0000   45.0000 2479.3203   18.1704
    0.0000  -30.0000   45.0000 2505.8003   18.0470
    7.5000  -30.0000   45.0000 2464.9556   18.4447
   -7.5000  -22.5000   45.0000 2573.7197   17.1196
    0.0000  -22.5000   45.0000 2596.8977   16.9990
    7.5000  -22.5000   45.0000 2556.7556   17.3986
   -7.5000  -15.0000   45.0000 2645.2166   16.4936
    0.0000  -15.0000   45.0000 2664.0022   16.3420
    7.5000  -15.0000   45.0000 2624.1663   16.7506
   -7.5000   -7.5000   45.0000 2682.6931   16.3122
    0.0000   -7.5000   45.0000 2697.0647   16.1366
    7.5000   -7.5000   45.0000 2665.1309   16.4958
   -7.5000    0.0000   45.0000 2680.6724   16.4667
    0.0000    0.0000   45.0000 2703.6318   16.3344
    7.5000    0.0000   45.0000 2668.5266   16.6364
   -7.5000    7.5000   45.0000 2638.7007   17.1249
    0.0000    7.5000   45.0000 2655.1001   16.9964
    7.5000    7.5000   45.0000 2625.5269   17.2917
   -7.5000   15.0000   45.0000 2564.7073   18.0577
    0.0000   15.0000   45.0000 2576.9670   17.9202
    7.5000   15.0000   45.0000 2546.8662   18.2455
   -7.5000   22.5000   45.0000 2462.3628   19.2562
    0.0000   22.5000   45.0000 2473.3965   19.1490
    7.5000   22.5000   45.0000 2440.7744   19.4598
   -7.5000   30.0000   45.0000 2352.5288   20.7968
    0.0000   30.0000   45.0000 2360.1721   20.7638
    7.5000   30.0000   45.0000 2331.1804   21.0101
   -7.5000   37.5000   45.0000 2225.4265   22.7943
    0.0000   37.5000   45.0000 2234.1472   22.6715
    7.5000   37.5000   45.0000 2210.3699   22.8891
   -7.5000   45.0000   45.0000 2072.5969   25.2149
    0.0000   45.0000   45.0000 2091.7275   25.0891
    7.5000   45.0000   45.0000 2063.0156   25.3354

---------------------------------------------------------------------
imgreg_4dfp /opt/freesurfer/average/711-2C_as_mni_average_305 /opt/freesurfer/average/711-2B_as_mni_average_305_mask talsrcimg_g11 none talsrcimg_to_711-2C_as_mni_average_305_t4 1283
---------------------------------------------------------------------

freesurfer imgreg_4dfp.c
/opt/freesurfer/average/711-2C_as_mni_average_305.4dfp.img
       256       256       256         1
  1.000000  1.000000  1.000000
orientation T byte_order littleendian
Reading image: /opt/freesurfer/average/711-2C_as_mni_average_305.4dfp.img
dimensions:      256       256       256
mmppix:       1.0000   -1.0000   -1.0000
center:     128.0000 -129.0000 -129.0000
/opt/freesurfer/average/711-2B_as_mni_average_305_mask.4dfp.img
       256       256       256         1
  1.000000  1.000000  1.000000
orientation T byte_order littleendian
Reading mask: /opt/freesurfer/average/711-2B_as_mni_average_305_mask.4dfp.img (2306576 pixels)
talsrcimg_g11.4dfp.img
       256       256       256         1
  1.000000  1.000000  1.000000
orientation T byte_order littleendian
Reading image: talsrcimg_g11.4dfp.img
dimensions:      256       256       256
mmppix:       1.0000   -1.0000   -1.0000
center:     128.0000 -129.0000 -129.0000
rotation matrix determinant  1.000000
fimgreg.f
image alignment mode   1283 decimal      503 hex
parameters
    0.0000   -7.5000   22.5000    0.0000    0.0000    0.0000
eta,q 0.93405 14.20713
niter,ni,del,rscale     5    3   12.0000    1.2000
parameter  2 -0.731555 -> -0.500000 qaram    1.1500
parameter  3  0.538970 ->  0.500000 qaram    1.1500
parameter  4  1.127420 ->  0.500000 qaram    1.1500
parameters
   -1.1609   -4.0500   19.0500   -3.4500   -0.3407    1.3239
eta,q 0.94113 13.93765
  0.0766  0.0844  0.0643  0.0598  0.0652  0.0660
  0.0711  0.0755  0.0626  0.0589  0.0620  0.0624
  0.0670  0.0699  0.0622  0.0597  0.0598  0.0596
  0.0673  0.0664  0.0641  0.0627  0.0589  0.0589
  0.0710  0.0649  0.0695  0.0655  0.0596  0.0589
  0.0788  0.0632  0.0764  0.0683  0.0625  0.0595
  0.0882  0.0626  0.0827  0.0705  0.0677  0.0614
niter,ni,del,rscale     7    3   12.0000    1.2000
parameter  4  0.592428 ->  0.500000 qaram    1.3225
parameters
   -1.6082   -1.7140   18.3650   -7.4175   -0.4644    0.9515
eta,q 0.94407 14.04679
  0.0693  0.0759  0.0658  0.0562  0.0637  0.0607
  0.0629  0.0686  0.0636  0.0561  0.0594  0.0580
  0.0587  0.0622  0.0606  0.0563  0.0562  0.0561
  0.0589  0.0586  0.0571  0.0579  0.0561  0.0560
  0.0613  0.0571  0.0575  0.0608  0.0572  0.0572
  0.0652  0.0577  0.0650  0.0667  0.0598  0.0589
  0.0725  0.0624  0.0734  0.0734  0.0641  0.0617
niter,ni,del,rscale     7    3   12.0000    1.2000
parameters
   -1.6306    0.9048   17.3676  -10.0714   -0.2767    0.4840
eta,q 0.94878 14.05136
  0.0707  0.0754  0.0618  0.0580  0.0587  0.0577
  0.0644  0.0674  0.0567  0.0511  0.0548  0.0541
  0.0583  0.0603  0.0554  0.0514  0.0520  0.0516
  0.0559  0.0559  0.0538  0.0544  0.0514  0.0514
  0.0584  0.0540  0.0558  0.0575  0.0513  0.0529
  0.0641  0.0538  0.0616  0.0619  0.0535  0.0557
  0.0713  0.0594  0.0681  0.0698  0.0584  0.0598
niter,ni,del,rscale     6    3   12.0000    1.2000
parameters
   -1.7026    1.3550   16.8484  -10.0530   -0.1879    0.4697
eta,q 0.94885 14.08915
  0.0676  0.0734  0.0616  0.0652  0.0583  0.0593
  0.0600  0.0631  0.0538  0.0573  0.0546  0.0553
  0.0530  0.0538  0.0515  0.0507  0.0520  0.0521
  0.0512  0.0512  0.0512  0.0512  0.0512  0.0512
  0.0539  0.0525  0.0532  0.0545  0.0511  0.0525
  0.0600  0.0590  0.0577  0.0582  0.0536  0.0552
  0.0686  0.0685  0.0638  0.0631  0.0586  0.0593
niter,ni,del,rscale     5    3   12.0000    1.2000
parameters
   -1.7447    1.3766   16.8802  -10.0547   -0.1642    0.4810
eta,q 0.94886 14.09049
  0.0681  0.0714  0.0638  0.0650  0.0582  0.0593
  0.0601  0.0599  0.0551  0.0572  0.0545  0.0554
  0.0530  0.0523  0.0516  0.0507  0.0519  0.0521
  0.0512  0.0511  0.0511  0.0511  0.0511  0.0511
  0.0537  0.0533  0.0525  0.0544  0.0512  0.0524
  0.0598  0.0606  0.0566  0.0581  0.0538  0.0551
  0.0687  0.0702  0.0622  0.0632  0.0588  0.0593
registration optimization eta report
parameter search radius
    6.0000    6.9000    6.9000    7.9350    6.0000    6.0000
100000*second partial in parameter space
       47.       42.       25.       21.       21.       22.
  0.0681  0.0714  0.0638  0.0650  0.0582  0.0593
  0.0601  0.0599  0.0551  0.0572  0.0545  0.0554
  0.0530  0.0523  0.0516  0.0507  0.0519  0.0521
  0.0512  0.0511  0.0511  0.0511  0.0511  0.0511
  0.0537  0.0533  0.0525  0.0544  0.0512  0.0524
  0.0598  0.0606  0.0566  0.0581  0.0538  0.0551
  0.0687  0.0702  0.0622  0.0632  0.0588  0.0593
   -1.7447    1.3766   16.8802  -10.0547   -0.1642    0.4810
eta,q 0.94886 14.09049

---------------------------------------------------------------------
imgreg_4dfp /opt/freesurfer/average/711-2C_as_mni_average_305 /opt/freesurfer/average/711-2B_as_mni_average_305_mask talsrcimg_g11 none talsrcimg_to_711-2C_as_mni_average_305_t4 3335
---------------------------------------------------------------------

freesurfer imgreg_4dfp.c
/opt/freesurfer/average/711-2C_as_mni_average_305.4dfp.img
       256       256       256         1
  1.000000  1.000000  1.000000
orientation T byte_order littleendian
Reading image: /opt/freesurfer/average/711-2C_as_mni_average_305.4dfp.img
dimensions:      256       256       256
mmppix:       1.0000   -1.0000   -1.0000
center:     128.0000 -129.0000 -129.0000
/opt/freesurfer/average/711-2B_as_mni_average_305_mask.4dfp.img
       256       256       256         1
  1.000000  1.000000  1.000000
orientation T byte_order littleendian
Reading mask: /opt/freesurfer/average/711-2B_as_mni_average_305_mask.4dfp.img (2306576 pixels)
talsrcimg_g11.4dfp.img
       256       256       256         1
  1.000000  1.000000  1.000000
orientation T byte_order littleendian
Reading image: talsrcimg_g11.4dfp.img
dimensions:      256       256       256
mmppix:       1.0000   -1.0000   -1.0000
center:     128.0000 -129.0000 -129.0000
fimgreg.f
image alignment mode   3335 decimal      D07 hex
parameters
   -1.7447    1.3766   16.8802   -0.0039   -1.5397   -1.5363
   -0.8766    0.1357    0.8395   17.4606   -0.2866  -17.4588
eta,q 0.95018 14.21716
niter,ni,del,rscale     5    3    5.0000    1.2000
parameter  4  1.554771 ->  0.500000 qaram    1.1500
parameter  5  2.710692 ->  0.500000 qaram    1.1500
parameter  6  1.232124 ->  0.500000 qaram    1.1500
parameter 12 -0.545580 -> -0.500000 qaram    1.1500
parameters
   -1.6757    1.4901   16.7940   -4.1439   -5.6797   -5.6763
   -0.0312    0.1580    1.2676   16.3395   -2.5731  -13.3188
eta,q 0.96866 13.66418
  0.0533  0.0518  0.0514  0.0417  0.0356  0.0319  0.0373  0.0390  0.0359  0.0356  0.0332  0.0361
  0.0515  0.0509  0.0504  0.0431  0.0377  0.0320  0.0348  0.0358  0.0341  0.0338  0.0324  0.0344
  0.0503  0.0502  0.0499  0.0459  0.0403  0.0343  0.0331  0.0333  0.0328  0.0326  0.0321  0.0331
  0.0498  0.0498  0.0498  0.0498  0.0437  0.0383  0.0323  0.0323  0.0323  0.0323  0.0323  0.0321
  0.0501  0.0499  0.0501  0.0546  0.0475  0.0431  0.0326  0.0332  0.0326  0.0334  0.0331  0.0314
  0.0511  0.0504  0.0507  0.0600  0.0513  0.0483  0.0336  0.0356  0.0335  0.0357  0.0346  0.0314
  0.0531  0.0516  0.0516  0.0657  0.0555  0.0538  0.0354  0.0391  0.0352  0.0387  0.0364  0.0320
niter,ni,del,rscale     7    3    5.0000    1.2000
parameter  5  0.871169 ->  0.500000 qaram    1.3225
parameters
   -1.7662    1.0109   16.8771   -7.0358  -10.4407   -8.5363
   -0.4308    0.6538    1.6183   16.0800   -3.3054  -13.7833
eta,q 0.97160 13.24871
  0.0358  0.0331  0.0346  0.0333  0.0280  0.0303  0.0314  0.0338  0.0310  0.0313  0.0293  0.0302
  0.0333  0.0319  0.0328  0.0317  0.0280  0.0294  0.0297  0.0311  0.0297  0.0298  0.0288  0.0292
  0.0318  0.0313  0.0316  0.0307  0.0291  0.0284  0.0287  0.0293  0.0288  0.0288  0.0285  0.0286
  0.0313  0.0313  0.0312  0.0312  0.0307  0.0282  0.0285  0.0285  0.0284  0.0284  0.0284  0.0284
  0.0320  0.0321  0.0315  0.0337  0.0333  0.0306  0.0291  0.0287  0.0286  0.0287  0.0286  0.0287
  0.0338  0.0335  0.0325  0.0378  0.0369  0.0354  0.0303  0.0301  0.0293  0.0299  0.0291  0.0295
  0.0365  0.0355  0.0341  0.0432  0.0410  0.0412  0.0320  0.0327  0.0306  0.0319  0.0298  0.0306
niter,ni,del,rscale     7    3    5.0000    1.2000
parameters
   -1.5421    0.5415   16.1566   -6.0144  -12.3622   -9.6734
   -0.5163    0.9703    1.6742   16.0527   -3.0248  -14.2916
eta,q 0.97225 13.15501
  0.0329  0.0302  0.0291  0.0327  0.0308  0.0307  0.0312  0.0329  0.0301  0.0306  0.0290  0.0296
  0.0307  0.0288  0.0283  0.0309  0.0288  0.0292  0.0292  0.0304  0.0289  0.0291  0.0284  0.0286
  0.0292  0.0282  0.0280  0.0293  0.0276  0.0284  0.0281  0.0286  0.0281  0.0281  0.0279  0.0279
  0.0284  0.0284  0.0282  0.0280  0.0276  0.0274  0.0278  0.0278  0.0278  0.0278  0.0278  0.0278
  0.0286  0.0292  0.0289  0.0275  0.0292  0.0275  0.0283  0.0281  0.0280  0.0280  0.0278  0.0282
  0.0297  0.0305  0.0300  0.0287  0.0315  0.0302  0.0295  0.0296  0.0288  0.0290  0.0282  0.0289
  0.0316  0.0322  0.0313  0.0315  0.0352  0.0350  0.0312  0.0323  0.0301  0.0308  0.0289  0.0301
niter,ni,del,rscale     6    3    5.0000    1.2000
parameters
   -1.5120    0.6298   16.0654   -5.7332  -12.5669   -9.8204
   -0.5221    0.9741    1.5883   16.2112   -2.9877  -14.4790
eta,q 0.97227 13.15218
  0.0318  0.0310  0.0294  0.0319  0.0324  0.0314  0.0312  0.0325  0.0300  0.0307  0.0289  0.0297
  0.0297  0.0293  0.0284  0.0303  0.0301  0.0296  0.0292  0.0300  0.0288  0.0291  0.0283  0.0286
  0.0283  0.0281  0.0279  0.0288  0.0284  0.0285  0.0281  0.0284  0.0280  0.0281  0.0279  0.0280
  0.0278  0.0277  0.0278  0.0277  0.0277  0.0277  0.0277  0.0277  0.0277  0.0277  0.0277  0.0277
  0.0282  0.0281  0.0280  0.0276  0.0284  0.0271  0.0282  0.0282  0.0280  0.0279  0.0278  0.0281
  0.0295  0.0290  0.0287  0.0291  0.0302  0.0288  0.0294  0.0299  0.0288  0.0288  0.0282  0.0288
  0.0316  0.0305  0.0296  0.0322  0.0330  0.0329  0.0311  0.0327  0.0301  0.0305  0.0289  0.0299
niter,ni,del,rscale     5    3    5.0000    1.2000
parameters
   -1.5128    0.6784   16.0279   -5.7083  -12.6163   -9.8254
   -0.4988    0.9677    1.5547   16.2910   -2.9650  -14.5705
eta,q 0.97227 13.15256
  0.0317  0.0309  0.0295  0.0318  0.0326  0.0315  0.0312  0.0325  0.0300  0.0306  0.0289  0.0298
  0.0296  0.0291  0.0284  0.0302  0.0303  0.0297  0.0293  0.0300  0.0288  0.0290  0.0283  0.0287
  0.0282  0.0281  0.0279  0.0288  0.0285  0.0286  0.0281  0.0284  0.0280  0.0281  0.0279  0.0280
  0.0277  0.0277  0.0277  0.0277  0.0277  0.0277  0.0277  0.0277  0.0277  0.0277  0.0277  0.0277
  0.0282  0.0281  0.0280  0.0277  0.0284  0.0271  0.0282  0.0282  0.0280  0.0279  0.0278  0.0280
  0.0296  0.0291  0.0286  0.0294  0.0301  0.0286  0.0294  0.0299  0.0288  0.0288  0.0282  0.0288
  0.0317  0.0305  0.0295  0.0326  0.0328  0.0327  0.0310  0.0327  0.0301  0.0306  0.0289  0.0298
niter,ni,del,rscale     4    3    5.0000    1.2000
parameters
   -1.5130    0.6970   16.0142   -5.7077  -12.6365   -9.8229
   -0.4876    0.9653    1.5440   16.3198   -2.9468  -14.6169
eta,q 0.97228 13.15255
  0.0317  0.0308  0.0295  0.0318  0.0326  0.0315  0.0312  0.0325  0.0300  0.0305  0.0289  0.0298
  0.0296  0.0291  0.0285  0.0302  0.0303  0.0297  0.0292  0.0300  0.0288  0.0290  0.0283  0.0287
  0.0282  0.0280  0.0279  0.0288  0.0285  0.0286  0.0281  0.0284  0.0280  0.0281  0.0279  0.0280
  0.0277  0.0277  0.0277  0.0277  0.0277  0.0277  0.0277  0.0277  0.0277  0.0277  0.0277  0.0277
  0.0282  0.0281  0.0280  0.0277  0.0284  0.0271  0.0282  0.0282  0.0280  0.0280  0.0278  0.0280
  0.0296  0.0291  0.0286  0.0294  0.0301  0.0286  0.0294  0.0299  0.0288  0.0289  0.0282  0.0288
  0.0317  0.0306  0.0295  0.0326  0.0328  0.0327  0.0310  0.0327  0.0300  0.0306  0.0290  0.0298
registration optimization eta report
parameter search radius
    2.4000    2.4000    2.4000    8.2800    9.5220    8.2800
    7.2000    7.2000    7.2000    7.2000    7.2000    8.2800
100000*second partial in parameter space
       69.       51.       30.        6.        5.        7.
        7.        9.        4.        6.        2.        3.
  0.0317  0.0308  0.0295  0.0318  0.0326  0.0315  0.0312  0.0325  0.0300  0.0305  0.0289  0.0298
  0.0296  0.0291  0.0285  0.0302  0.0303  0.0297  0.0292  0.0300  0.0288  0.0290  0.0283  0.0287
  0.0282  0.0280  0.0279  0.0288  0.0285  0.0286  0.0281  0.0284  0.0280  0.0281  0.0279  0.0280
  0.0277  0.0277  0.0277  0.0277  0.0277  0.0277  0.0277  0.0277  0.0277  0.0277  0.0277  0.0277
  0.0282  0.0281  0.0280  0.0277  0.0284  0.0271  0.0282  0.0282  0.0280  0.0280  0.0278  0.0280
  0.0296  0.0291  0.0286  0.0294  0.0301  0.0286  0.0294  0.0299  0.0288  0.0289  0.0282  0.0288
  0.0317  0.0306  0.0295  0.0326  0.0328  0.0327  0.0310  0.0327  0.0300  0.0306  0.0290  0.0298
   -1.5130    0.6970   16.0142   -5.7077  -12.6365   -9.8229
   -0.4876    0.9653    1.5440   16.3198   -2.9468  -14.6169
eta,q 0.97228 13.15255

---------------------------------------------------------------------
imgreg_4dfp /opt/freesurfer/average/711-2C_as_mni_average_305 /opt/freesurfer/average/711-2B_as_mni_average_305_mask talsrcimg_g11 none talsrcimg_to_711-2C_as_mni_average_305_t4 2311
---------------------------------------------------------------------

freesurfer imgreg_4dfp.c
/opt/freesurfer/average/711-2C_as_mni_average_305.4dfp.img
       256       256       256         1
  1.000000  1.000000  1.000000
orientation T byte_order littleendian
Reading image: /opt/freesurfer/average/711-2C_as_mni_average_305.4dfp.img
dimensions:      256       256       256
mmppix:       1.0000   -1.0000   -1.0000
center:     128.0000 -129.0000 -129.0000
/opt/freesurfer/average/711-2B_as_mni_average_305_mask.4dfp.img
       256       256       256         1
  1.000000  1.000000  1.000000
orientation T byte_order littleendian
Reading mask: /opt/freesurfer/average/711-2B_as_mni_average_305_mask.4dfp.img (2306576 pixels)
talsrcimg_g11.4dfp.img
       256       256       256         1
  1.000000  1.000000  1.000000
orientation T byte_order littleendian
Reading image: talsrcimg_g11.4dfp.img
dimensions:      256       256       256
mmppix:       1.0000   -1.0000   -1.0000
center:     128.0000 -129.0000 -129.0000
fimgreg.f
image alignment mode   2311 decimal      907 hex
parameters
   -1.5130    0.6970   16.0142   -5.7077  -12.6365   -9.8229
   -0.4876    0.9653    1.5440   16.3198   -2.9468  -14.6169
eta,q 0.97228 13.15255
niter,ni,del,rscale     5    3    5.0000    0.8000
parameters
   -1.5074    0.6646   15.9694   -4.7327  -12.6009   -8.1777
   -0.4991    0.9526    1.6945   16.4522   -3.2270  -15.0267
eta,q 0.97294 13.28600
  0.0296  0.0290  0.0285  0.0298  0.0292  0.0292  0.0288  0.0299  0.0283  0.0287  0.0278  0.0278
  0.0286  0.0283  0.0280  0.0290  0.0283  0.0286  0.0278  0.0285  0.0276  0.0278  0.0274  0.0273
  0.0279  0.0278  0.0278  0.0283  0.0278  0.0281  0.0272  0.0275  0.0272  0.0273  0.0271  0.0271
  0.0277  0.0277  0.0277  0.0277  0.0276  0.0276  0.0271  0.0271  0.0271  0.0271  0.0271  0.0271
  0.0279  0.0279  0.0278  0.0275  0.0277  0.0271  0.0273  0.0274  0.0272  0.0272  0.0272  0.0272
  0.0286  0.0284  0.0281  0.0279  0.0283  0.0272  0.0279  0.0284  0.0275  0.0276  0.0275  0.0275
  0.0296  0.0291  0.0286  0.0288  0.0291  0.0281  0.0288  0.0301  0.0282  0.0286  0.0280  0.0281
niter,ni,del,rscale     4    3    5.0000    0.7000
parameters
   -1.5715    0.6334   16.1960   -4.8982  -12.5677   -8.0711
   -0.5727    0.9535    1.7829   16.4626   -3.3502  -14.7923
eta,q 0.97300 13.28682
  0.0285  0.0281  0.0282  0.0285  0.0284  0.0285  0.0283  0.0292  0.0279  0.0282  0.0276  0.0277
  0.0277  0.0275  0.0276  0.0278  0.0277  0.0281  0.0276  0.0281  0.0274  0.0275  0.0273  0.0274
  0.0272  0.0271  0.0272  0.0273  0.0272  0.0275  0.0271  0.0273  0.0271  0.0272  0.0271  0.0271
  0.0271  0.0271  0.0271  0.0270  0.0270  0.0270  0.0270  0.0270  0.0270  0.0270  0.0270  0.0270
  0.0273  0.0272  0.0270  0.0272  0.0272  0.0270  0.0272  0.0273  0.0271  0.0271  0.0271  0.0270
  0.0279  0.0276  0.0272  0.0278  0.0277  0.0275  0.0277  0.0280  0.0274  0.0275  0.0273  0.0273
  0.0288  0.0282  0.0276  0.0289  0.0284  0.0288  0.0284  0.0293  0.0279  0.0282  0.0277  0.0276
niter,ni,del,rscale     3    3    5.0000    0.6000
parameters
   -1.5753    0.5995   16.2520   -4.8247  -12.5557   -7.8216
   -0.6062    0.9797    1.8533   16.3916   -3.3968  -14.7747
eta,q 0.97305 13.30105
  0.0282  0.0278  0.0277  0.0282  0.0280  0.0283  0.0279  0.0287  0.0276  0.0278  0.0274  0.0274
  0.0275  0.0273  0.0273  0.0277  0.0275  0.0279  0.0274  0.0278  0.0273  0.0273  0.0272  0.0272
  0.0271  0.0271  0.0271  0.0272  0.0271  0.0274  0.0271  0.0272  0.0270  0.0271  0.0270  0.0270
  0.0270  0.0270  0.0270  0.0270  0.0270  0.0270  0.0269  0.0269  0.0269  0.0269  0.0269  0.0269
  0.0271  0.0271  0.0271  0.0271  0.0271  0.0269  0.0271  0.0271  0.0270  0.0270  0.0270  0.0270
  0.0275  0.0274  0.0273  0.0275  0.0275  0.0273  0.0274  0.0277  0.0272  0.0274  0.0272  0.0272
  0.0282  0.0279  0.0276  0.0282  0.0280  0.0283  0.0280  0.0287  0.0276  0.0279  0.0274  0.0274
niter,ni,del,rscale     2    3    5.0000    0.5000
parameters
   -1.5812    0.5776   16.3123   -4.7967  -12.5504   -7.5782
   -0.6337    0.9889    1.8994   16.3552   -3.4524  -14.7593
eta,q 0.97309 13.31326
  0.0278  0.0275  0.0275  0.0278  0.0277  0.0280  0.0276  0.0282  0.0274  0.0275  0.0272  0.0273
  0.0273  0.0272  0.0272  0.0274  0.0273  0.0276  0.0272  0.0275  0.0271  0.0272  0.0271  0.0271
  0.0270  0.0270  0.0270  0.0271  0.0270  0.0272  0.0270  0.0271  0.0270  0.0270  0.0269  0.0270
  0.0269  0.0270  0.0269  0.0269  0.0269  0.0269  0.0269  0.0269  0.0269  0.0269  0.0269  0.0269
  0.0270  0.0270  0.0270  0.0270  0.0270  0.0269  0.0270  0.0270  0.0269  0.0270  0.0270  0.0269
  0.0273  0.0272  0.0271  0.0273  0.0273  0.0272  0.0272  0.0275  0.0271  0.0272  0.0271  0.0271
  0.0278  0.0276  0.0274  0.0279  0.0277  0.0279  0.0276  0.0282  0.0274  0.0276  0.0273  0.0273
niter,ni,del,rscale     1    3    5.0000    0.4000
parameters
   -1.5867    0.5614   16.3748   -4.7791  -12.5399   -7.3861
   -0.6549    1.0050    1.9386   16.3122   -3.4983  -14.7484
eta,q 0.97311 13.32285
  0.0275  0.0273  0.0273  0.0275  0.0274  0.0277  0.0274  0.0277  0.0272  0.0273  0.0271  0.0271
  0.0272  0.0271  0.0271  0.0272  0.0271  0.0274  0.0271  0.0273  0.0270  0.0271  0.0270  0.0270
  0.0270  0.0269  0.0270  0.0270  0.0270  0.0271  0.0269  0.0270  0.0269  0.0269  0.0269  0.0269
  0.0269  0.0269  0.0269  0.0269  0.0269  0.0269  0.0269  0.0269  0.0269  0.0269  0.0269  0.0269
  0.0270  0.0270  0.0269  0.0270  0.0270  0.0269  0.0270  0.0270  0.0269  0.0269  0.0269  0.0269
  0.0272  0.0271  0.0270  0.0272  0.0271  0.0271  0.0271  0.0273  0.0270  0.0271  0.0270  0.0270
  0.0275  0.0273  0.0272  0.0275  0.0274  0.0276  0.0274  0.0277  0.0272  0.0273  0.0271  0.0271
registration optimization eta report
parameter search radius
    0.8000    0.8000    0.8000    2.4000    2.4000    2.4000
    2.4000    2.4000    2.4000    2.4000    2.4000    2.4000
100000*second partial in parameter space
       86.       61.       48.       10.        9.       13.
        8.       15.        5.        7.        4.        4.
  0.0275  0.0273  0.0273  0.0275  0.0274  0.0277  0.0274  0.0277  0.0272  0.0273  0.0271  0.0271
  0.0272  0.0271  0.0271  0.0272  0.0271  0.0274  0.0271  0.0273  0.0270  0.0271  0.0270  0.0270
  0.0270  0.0269  0.0270  0.0270  0.0270  0.0271  0.0269  0.0270  0.0269  0.0269  0.0269  0.0269
  0.0269  0.0269  0.0269  0.0269  0.0269  0.0269  0.0269  0.0269  0.0269  0.0269  0.0269  0.0269
  0.0270  0.0270  0.0269  0.0270  0.0270  0.0269  0.0270  0.0270  0.0269  0.0269  0.0269  0.0269
  0.0272  0.0271  0.0270  0.0272  0.0271  0.0271  0.0271  0.0273  0.0270  0.0271  0.0270  0.0270
  0.0275  0.0273  0.0272  0.0275  0.0274  0.0276  0.0274  0.0277  0.0272  0.0273  0.0271  0.0271
   -1.5867    0.5614   16.3748   -4.7791  -12.5399   -7.3861
   -0.6549    1.0050    1.9386   16.3122   -3.4983  -14.7484
eta,q 0.97311 13.32285

---------------------------------------------------------------------
imgreg_4dfp /opt/freesurfer/average/711-2C_as_mni_average_305 /opt/freesurfer/average/711-2B_as_mni_average_305_mask talsrcimg_g11 none talsrcimg_to_711-2C_as_mni_average_305_t4 2311
---------------------------------------------------------------------

freesurfer imgreg_4dfp.c
/opt/freesurfer/average/711-2C_as_mni_average_305.4dfp.img
       256       256       256         1
  1.000000  1.000000  1.000000
orientation T byte_order littleendian
Reading image: /opt/freesurfer/average/711-2C_as_mni_average_305.4dfp.img
dimensions:      256       256       256
mmppix:       1.0000   -1.0000   -1.0000
center:     128.0000 -129.0000 -129.0000
/opt/freesurfer/average/711-2B_as_mni_average_305_mask.4dfp.img
       256       256       256         1
  1.000000  1.000000  1.000000
orientation T byte_order littleendian
Reading mask: /opt/freesurfer/average/711-2B_as_mni_average_305_mask.4dfp.img (2306576 pixels)
talsrcimg_g11.4dfp.img
       256       256       256         1
  1.000000  1.000000  1.000000
orientation T byte_order littleendian
Reading image: talsrcimg_g11.4dfp.img
dimensions:      256       256       256
mmppix:       1.0000   -1.0000   -1.0000
center:     128.0000 -129.0000 -129.0000
fimgreg.f
image alignment mode   2311 decimal      907 hex
parameters
   -1.5867    0.5614   16.3748   -4.7791  -12.5399   -7.3861
   -0.6549    1.0050    1.9386   16.3122   -3.4983  -14.7484
eta,q 0.97311 13.32285
niter,ni,del,rscale     5    3    5.0000    0.8000
parameters
   -1.5880    0.5848   16.4232   -5.1588  -12.5678   -8.0089
   -0.6306    0.9485    1.8445   16.3580   -3.4937  -14.5081
eta,q 0.97299 13.27707
  0.0290  0.0285  0.0282  0.0286  0.0286  0.0285  0.0288  0.0297  0.0281  0.0286  0.0278  0.0279
  0.0279  0.0276  0.0275  0.0278  0.0278  0.0280  0.0278  0.0283  0.0275  0.0277  0.0274  0.0275
  0.0271  0.0271  0.0271  0.0272  0.0272  0.0273  0.0272  0.0274  0.0271  0.0272  0.0271  0.0272
  0.0269  0.0269  0.0269  0.0269  0.0269  0.0269  0.0270  0.0270  0.0270  0.0270  0.0270  0.0270
  0.0271  0.0271  0.0270  0.0272  0.0271  0.0272  0.0272  0.0274  0.0271  0.0271  0.0271  0.0271
  0.0279  0.0276  0.0274  0.0281  0.0278  0.0283  0.0278  0.0284  0.0276  0.0276  0.0274  0.0273
  0.0290  0.0283  0.0280  0.0295  0.0287  0.0304  0.0287  0.0299  0.0282  0.0286  0.0278  0.0278
niter,ni,del,rscale     4    3    5.0000    0.7000
parameters
   -1.5709    0.5746   16.3141   -4.9355  -12.5470   -8.0157
   -0.6120    0.9925    1.8726   16.3515   -3.4395  -14.5880
eta,q 0.97301 13.28626
  0.0286  0.0282  0.0278  0.0286  0.0284  0.0285  0.0284  0.0293  0.0279  0.0282  0.0276  0.0276
  0.0278  0.0275  0.0273  0.0279  0.0277  0.0280  0.0276  0.0281  0.0274  0.0275  0.0273  0.0273
  0.0272  0.0271  0.0271  0.0274  0.0272  0.0275  0.0271  0.0273  0.0271  0.0271  0.0271  0.0271
  0.0270  0.0270  0.0270  0.0270  0.0270  0.0270  0.0270  0.0270  0.0270  0.0270  0.0270  0.0270
  0.0272  0.0272  0.0272  0.0270  0.0271  0.0270  0.0272  0.0272  0.0271  0.0271  0.0270  0.0271
  0.0277  0.0276  0.0275  0.0275  0.0276  0.0276  0.0276  0.0280  0.0274  0.0275  0.0272  0.0273
  0.0286  0.0282  0.0280  0.0285  0.0284  0.0289  0.0283  0.0292  0.0279  0.0282  0.0276  0.0277
niter,ni,del,rscale     3    3    5.0000    0.6000
parameters
   -1.5745    0.5672   16.2913   -4.8340  -12.5371   -7.8128
   -0.6280    0.9965    1.8988   16.3470   -3.4377  -14.6894
eta,q 0.97306 13.30101
  0.0282  0.0278  0.0276  0.0282  0.0280  0.0283  0.0280  0.0287  0.0276  0.0278  0.0274  0.0274
  0.0275  0.0274  0.0273  0.0277  0.0275  0.0278  0.0274  0.0278  0.0273  0.0274  0.0272  0.0272
  0.0271  0.0271  0.0271  0.0272  0.0271  0.0274  0.0271  0.0272  0.0270  0.0271  0.0270  0.0270
  0.0270  0.0270  0.0270  0.0270  0.0270  0.0270  0.0269  0.0269  0.0269  0.0269  0.0269  0.0269
  0.0271  0.0271  0.0271  0.0270  0.0271  0.0269  0.0271  0.0271  0.0270  0.0270  0.0270  0.0270
  0.0275  0.0274  0.0273  0.0275  0.0275  0.0274  0.0274  0.0277  0.0272  0.0273  0.0272  0.0272
  0.0282  0.0278  0.0277  0.0282  0.0280  0.0283  0.0280  0.0287  0.0276  0.0279  0.0274  0.0275
niter,ni,del,rscale     2    3    5.0000    0.5000
parameters
   -1.5812    0.5642   16.3234   -4.7984  -12.5345   -7.5806
   -0.6499    0.9955    1.9296   16.3359   -3.4683  -14.7227
eta,q 0.97309 13.31341
  0.0278  0.0275  0.0274  0.0278  0.0277  0.0280  0.0276  0.0282  0.0274  0.0275  0.0272  0.0272
  0.0273  0.0272  0.0272  0.0274  0.0273  0.0276  0.0272  0.0275  0.0271  0.0272  0.0271  0.0271
  0.0270  0.0270  0.0270  0.0271  0.0270  0.0272  0.0270  0.0271  0.0270  0.0270  0.0269  0.0270
  0.0269  0.0269  0.0269  0.0269  0.0269  0.0269  0.0269  0.0269  0.0269  0.0269  0.0269  0.0269
  0.0270  0.0270  0.0270  0.0270  0.0270  0.0269  0.0270  0.0271  0.0270  0.0270  0.0269  0.0269
  0.0273  0.0272  0.0271  0.0273  0.0273  0.0272  0.0272  0.0275  0.0271  0.0272  0.0271  0.0271
  0.0278  0.0275  0.0274  0.0279  0.0277  0.0279  0.0276  0.0282  0.0274  0.0276  0.0273  0.0273
niter,ni,del,rscale     1    3    5.0000    0.4000
parameters
   -1.5879    0.5544   16.3794   -4.7786  -12.5365   -7.3853
   -0.6611    1.0055    1.9607   16.3051   -3.5003  -14.7236
eta,q 0.97311 13.32283
  0.0275  0.0273  0.0273  0.0275  0.0274  0.0277  0.0274  0.0277  0.0272  0.0273  0.0271  0.0271
  0.0272  0.0271  0.0271  0.0272  0.0271  0.0274  0.0271  0.0273  0.0270  0.0271  0.0270  0.0270
  0.0270  0.0269  0.0270  0.0270  0.0270  0.0271  0.0269  0.0270  0.0269  0.0269  0.0269  0.0269
  0.0269  0.0269  0.0269  0.0269  0.0269  0.0269  0.0269  0.0269  0.0269  0.0269  0.0269  0.0269
  0.0270  0.0270  0.0269  0.0270  0.0270  0.0269  0.0269  0.0270  0.0269  0.0269  0.0269  0.0269
  0.0272  0.0271  0.0270  0.0272  0.0271  0.0271  0.0271  0.0273  0.0270  0.0271  0.0270  0.0270
  0.0275  0.0273  0.0272  0.0275  0.0274  0.0276  0.0274  0.0277  0.0272  0.0273  0.0271  0.0271
registration optimization eta report
parameter search radius
    0.8000    0.8000    0.8000    2.4000    2.4000    2.4000
    2.4000    2.4000    2.4000    2.4000    2.4000    2.4000
100000*second partial in parameter space
       86.       61.       48.       10.        9.       13.
        8.       15.        5.        7.        4.        4.
  0.0275  0.0273  0.0273  0.0275  0.0274  0.0277  0.0274  0.0277  0.0272  0.0273  0.0271  0.0271
  0.0272  0.0271  0.0271  0.0272  0.0271  0.0274  0.0271  0.0273  0.0270  0.0271  0.0270  0.0270
  0.0270  0.0269  0.0270  0.0270  0.0270  0.0271  0.0269  0.0270  0.0269  0.0269  0.0269  0.0269
  0.0269  0.0269  0.0269  0.0269  0.0269  0.0269  0.0269  0.0269  0.0269  0.0269  0.0269  0.0269
  0.0270  0.0270  0.0269  0.0270  0.0270  0.0269  0.0269  0.0270  0.0269  0.0269  0.0269  0.0269
  0.0272  0.0271  0.0270  0.0272  0.0271  0.0271  0.0271  0.0273  0.0270  0.0271  0.0270  0.0270
  0.0275  0.0273  0.0272  0.0275  0.0274  0.0276  0.0274  0.0277  0.0272  0.0273  0.0271  0.0271
   -1.5879    0.5544   16.3794   -4.7786  -12.5365   -7.3853
   -0.6611    1.0055    1.9607   16.3051   -3.5003  -14.7236
eta,q 0.97311 13.32283

---------------------------------------------------------------------
compute_vox2vox talsrcimg talsrcimg_to_711-2C_as_mni_average_305_t4 /opt/freesurfer/average/711-2C_as_mni_average_305
---------------------------------------------------------------------

freesurfer compute_vox2vox.c
Reading: talsrcimg.4dfp.ifh
Reading: talsrcimg_to_711-2C_as_mni_average_305_t4
Reading: /opt/freesurfer/average/711-2C_as_mni_average_305.4dfp.ifh
Writing: talsrcimg_to_711-2C_as_mni_average_305_t4_vox2vox.txt

start time Tue Mar 10 01:38:10 CET 2026
end		time Tue Mar 10 01:39:36 CET 2026

mpr2mni305 success

avi2talxfm orig_nu.mgz /opt/freesurfer/average/mni305.cor.mgz talsrcimg_to_711-2C_as_mni_average_305_t4_vox2vox.txt transforms/talairach.auto.xfm
avi2talxfm done
mv -f /out/sourcedata/freesurfer/sub-v1s3x0050820_ses-1/mri/talsrcimg_to_711-2C_as_mni_average_305_t4_vox2vox.txt /out/sourcedata/freesurfer/sub-v1s3x0050820_ses-1/mri/transforms/talsrcimg_to_711-2C_as_mni_average_305_t4_vox2vox.txt
lta_convert --src orig_nu.mgz --trg /opt/freesurfer/average/mni305.cor.mgz --inxfm transforms/talairach.auto.xfm --outlta transforms/talairach.auto.xfm.lta --subject fsaverage
7.3.2

--src: orig_nu.mgz src image (geometry).
--trg: /opt/freesurfer/average/mni305.cor.mgz trg image (geometry).
--inmni: transforms/talairach.auto.xfm input MNI/XFM transform.
--outlta: transforms/talairach.auto.xfm.lta output LTA.
--s: fsaverage subject name
 LTA read, type : 1
 1.04961  -0.01242   0.00584  -1.64648;
 0.03489   1.04825   0.17673  -9.35443;
-0.03003  -0.19514   1.11026  -6.59404;
 0.00000   0.00000   0.00000   1.00000;
setting subject to fsaverage
Writing  LTA to file transforms/talairach.auto.xfm.lta...
lta_convert successful.
 
 
Started at Tue Mar 10 01:38:09 CET 2026
Ended   at Tue Mar 10 01:39:36 CET 2026
talairach_avi done
