status file for recon-all
Tue Mar 10 00:53:35 CET 2026
#@# MotionCor Tue Mar 10 00:53:36 CET 2026
#@# Talairach Tue Mar 10 00:53:42 CET 2026
#@# Talairach Failure Detection Tue Mar 10 00:56:31 CET 2026
#@# Nu Intensity Correction Tue Mar 10 00:56:32 CET 2026
#@# Intensity Normalization Tue Mar 10 00:59:17 CET 2026
recon-all -s sub-v1s3x0050809_ses-1 finished without error at Tue Mar 10 01:00:16 CET 2026



#New# invocation of recon-all 



status file for recon-all
Tue Mar 10 01:07:42 CET 2026
#@# EM Registration Tue Mar 10 01:07:42 CET 2026
recon-all -s sub-v1s3x0050809_ses-1 finished without error at Tue Mar 10 01:09:43 CET 2026



#New# invocation of recon-all 



status file for recon-all
Tue Mar 10 01:09:46 CET 2026
#@# CA Normalize Tue Mar 10 01:09:46 CET 2026
#@# CA Reg Tue Mar 10 01:10:38 CET 2026
#@# SubCort Seg Tue Mar 10 01:55:06 CET 2026
#@# CC Seg Tue Mar 10 02:18:23 CET 2026
#@# Merge ASeg Tue Mar 10 02:18:44 CET 2026
#@# Intensity Normalization2 Tue Mar 10 02:18:44 CET 2026
#@# Mask BFS Tue Mar 10 02:20:08 CET 2026
#@# WM Segmentation Tue Mar 10 02:20:09 CET 2026
#@# Fill Tue Mar 10 02:21:43 CET 2026
recon-all -s sub-v1s3x0050809_ses-1 finished without error at Tue Mar 10 02:22:22 CET 2026



#New# invocation of recon-all 



status file for recon-all
Tue Mar 10 03:18:42 CET 2026
#@# white curv lh Tue Mar 10 03:18:42 CET 2026
#@# white area lh Tue Mar 10 03:18:42 CET 2026
#@# pial curv lh Tue Mar 10 03:18:42 CET 2026
#@# pial area lh Tue Mar 10 03:18:42 CET 2026
#@# thickness lh Tue Mar 10 03:18:42 CET 2026
#@# area and vertex vol lh Tue Mar 10 03:18:42 CET 2026
#@# white curv rh Tue Mar 10 03:18:42 CET 2026
#@# white area rh Tue Mar 10 03:18:42 CET 2026
#@# pial curv rh Tue Mar 10 03:18:42 CET 2026
#@# pial area rh Tue Mar 10 03:18:42 CET 2026
#@# thickness rh Tue Mar 10 03:18:42 CET 2026
#@# area and vertex vol rh Tue Mar 10 03:18:42 CET 2026
#@# Cortical ribbon mask Tue Mar 10 03:18:42 CET 2026
recon-all -s sub-v1s3x0050809_ses-1 finished without error at Tue Mar 10 03:22:44 CET 2026



#New# invocation of recon-all 



status file for recon-all
Tue Mar 10 03:28:37 CET 2026
#@# white curv lh Tue Mar 10 03:28:37 CET 2026
#@# white area lh Tue Mar 10 03:28:37 CET 2026
#@# pial curv lh Tue Mar 10 03:28:37 CET 2026
#@# pial area lh Tue Mar 10 03:28:37 CET 2026
#@# thickness lh Tue Mar 10 03:28:37 CET 2026
#@# area and vertex vol lh Tue Mar 10 03:28:37 CET 2026
#@# white curv rh Tue Mar 10 03:28:37 CET 2026
#@# white area rh Tue Mar 10 03:28:37 CET 2026
#@# pial curv rh Tue Mar 10 03:28:37 CET 2026
#@# pial area rh Tue Mar 10 03:28:37 CET 2026
#@# thickness rh Tue Mar 10 03:28:37 CET 2026
#@# area and vertex vol rh Tue Mar 10 03:28:37 CET 2026
#@# Curvature Stats lh Tue Mar 10 03:28:37 CET 2026
#@# Curvature Stats rh Tue Mar 10 03:28:39 CET 2026
#@# Relabel Hypointensities Tue Mar 10 03:28:41 CET 2026
#@# APas-to-ASeg Tue Mar 10 03:28:53 CET 2026
#@# AParc-to-ASeg aparc Tue Mar 10 03:29:00 CET 2026
#@# AParc-to-ASeg aparc.a2009s Tue Mar 10 03:29:38 CET 2026
#@# AParc-to-ASeg aparc.DKTatlas Tue Mar 10 03:30:06 CET 2026
#@# WMParc Tue Mar 10 03:30:39 CET 2026
#@# ASeg Stats Tue Mar 10 03:32:16 CET 2026
recon-all -s sub-v1s3x0050809_ses-1 finished without error at Tue Mar 10 03:32:35 CET 2026
