status file for recon-all
Tue Mar 10 03:39:25 CET 2026
#@# Tessellate rh Tue Mar 10 03:39:25 CET 2026
#@# Smooth1 rh Tue Mar 10 03:39:29 CET 2026
#@# Inflation1 rh Tue Mar 10 03:39:31 CET 2026
#@# QSphere rh Tue Mar 10 03:39:43 CET 2026
#@# Fix Topology rh Tue Mar 10 03:40:38 CET 2026
#@# Smooth2 rh Tue Mar 10 03:46:42 CET 2026
#@# Inflation2 rh Tue Mar 10 03:46:45 CET 2026
#@# Curv .H and .K rh Tue Mar 10 03:46:59 CET 2026
#@# Sphere rh Tue Mar 10 03:47:49 CET 2026
#@# Surf Reg rh Tue Mar 10 03:51:17 CET 2026
#@# Jacobian white rh Tue Mar 10 03:55:08 CET 2026
#@# AvgCurv rh Tue Mar 10 03:55:09 CET 2026
#@# Cortical Parc rh Tue Mar 10 03:55:10 CET 2026
#@# white curv rh Tue Mar 10 04:02:13 CET 2026
#@# white area rh Tue Mar 10 04:02:15 CET 2026
#@# pial curv rh Tue Mar 10 04:02:16 CET 2026
#@# pial area rh Tue Mar 10 04:02:18 CET 2026
#@# thickness rh Tue Mar 10 04:02:18 CET 2026
#@# area and vertex vol rh Tue Mar 10 04:02:50 CET 2026
#@# Curvature Stats rh Tue Mar 10 04:02:51 CET 2026
#@# Cortical Parc 2 rh Tue Mar 10 04:02:54 CET 2026
#@# Cortical Parc 3 rh Tue Mar 10 04:03:08 CET 2026
#@# WM/GM Contrast rh Tue Mar 10 04:03:18 CET 2026
recon-all -s sub-v1s3x0050817_ses-1 finished without error at Tue Mar 10 04:03:21 CET 2026



#New# invocation of recon-all 



status file for recon-all
Tue Mar 10 04:14:29 CET 2026
#@# white curv rh Tue Mar 10 04:14:29 CET 2026
#@# white area rh Tue Mar 10 04:14:29 CET 2026
#@# pial curv rh Tue Mar 10 04:14:29 CET 2026
#@# pial area rh Tue Mar 10 04:14:29 CET 2026
#@# thickness rh Tue Mar 10 04:14:29 CET 2026
#@# area and vertex vol rh Tue Mar 10 04:14:29 CET 2026
#@# Parcellation Stats rh Tue Mar 10 04:14:29 CET 2026
#@# Parcellation Stats 2 rh Tue Mar 10 04:14:51 CET 2026
#@# Parcellation Stats 3 rh Tue Mar 10 04:15:01 CET 2026
#@# BA_exvivo Labels rh Tue Mar 10 04:15:12 CET 2026
recon-all -s sub-v1s3x0050817_ses-1 finished without error at Tue Mar 10 04:17:46 CET 2026
