status file for recon-all
Tue Mar 10 03:17:25 CET 2026
#@# Tessellate lh Tue Mar 10 03:17:25 CET 2026
#@# Smooth1 lh Tue Mar 10 03:17:28 CET 2026
#@# Inflation1 lh Tue Mar 10 03:17:31 CET 2026
#@# QSphere lh Tue Mar 10 03:17:43 CET 2026
#@# Fix Topology lh Tue Mar 10 03:18:39 CET 2026
#@# Smooth2 lh Tue Mar 10 03:24:18 CET 2026
#@# Inflation2 lh Tue Mar 10 03:24:21 CET 2026
#@# Curv .H and .K lh Tue Mar 10 03:24:34 CET 2026
#@# Sphere lh Tue Mar 10 03:25:24 CET 2026
#@# Surf Reg lh Tue Mar 10 03:27:42 CET 2026
#@# Jacobian white lh Tue Mar 10 03:31:05 CET 2026
#@# AvgCurv lh Tue Mar 10 03:31:06 CET 2026
#@# Cortical Parc lh Tue Mar 10 03:31:07 CET 2026
#@# white curv lh Tue Mar 10 03:38:11 CET 2026
#@# white area lh Tue Mar 10 03:38:13 CET 2026
#@# pial curv lh Tue Mar 10 03:38:14 CET 2026
#@# pial area lh Tue Mar 10 03:38:15 CET 2026
#@# thickness lh Tue Mar 10 03:38:16 CET 2026
#@# area and vertex vol lh Tue Mar 10 03:38:48 CET 2026
#@# Curvature Stats lh Tue Mar 10 03:38:49 CET 2026
#@# Cortical Parc 2 lh Tue Mar 10 03:38:52 CET 2026
#@# Cortical Parc 3 lh Tue Mar 10 03:39:06 CET 2026
#@# WM/GM Contrast lh Tue Mar 10 03:39:17 CET 2026
recon-all -s sub-v1s3x0050817_ses-1 finished without error at Tue Mar 10 03:39:20 CET 2026



#New# invocation of recon-all 



status file for recon-all
Tue Mar 10 04:11:09 CET 2026
#@# white curv lh Tue Mar 10 04:11:09 CET 2026
#@# white area lh Tue Mar 10 04:11:09 CET 2026
#@# pial curv lh Tue Mar 10 04:11:09 CET 2026
#@# pial area lh Tue Mar 10 04:11:09 CET 2026
#@# thickness lh Tue Mar 10 04:11:09 CET 2026
#@# area and vertex vol lh Tue Mar 10 04:11:09 CET 2026
#@# Parcellation Stats lh Tue Mar 10 04:11:09 CET 2026
#@# Parcellation Stats 2 lh Tue Mar 10 04:11:30 CET 2026
#@# Parcellation Stats 3 lh Tue Mar 10 04:11:40 CET 2026
#@# BA_exvivo Labels lh Tue Mar 10 04:11:50 CET 2026
recon-all -s sub-v1s3x0050817_ses-1 finished without error at Tue Mar 10 04:14:26 CET 2026
