/out/sourcedata/freesurfer/sub-v1s3x0050779_ses-1/mri
/opt/freesurfer/bin/talairach_avi
--i orig_nu.mgz --xfm transforms/talairach.auto.xfm
talairach_avi 7.3.2
Linux dna013 5.14.0-427.37.1.el9_4.x86_64 #1 SMP PREEMPT_DYNAMIC Fri Sep 13 12:41:50 EDT 2024 x86_64 x86_64 x86_64 GNU/Linux
Mon Mar  9 23:23:08 CET 2026
mri_convert orig_nu.mgz talsrcimg.img 
reading from orig_nu.mgz...
TR=0.00, TE=0.00, TI=0.00, flip angle=0.00
i_ras = (-1, 0, 0)
j_ras = (0, 0, -1)
k_ras = (0, 1, 0)
writing to talsrcimg.img...
Analyze Output Matrix
-1.00000   0.00000   0.00000   127.80659;
 0.00000   0.00000   1.00000  -166.95859;
 0.00000  -1.00000   0.00000   168.53186;
 0.00000   0.00000   0.00000   1.00000;
--------------------
INFO: set hdr.hist.orient to -1
mpr2mni305 talsrcimg
Mon Mar  9 23:23:08 CET 2026
/opt/freesurfer/bin/mpr2mni305 talsrcimg
mpr2mni305 7.3.2
target=711-2C_as_mni_average_305

---------------------------------------------------------------------
analyzeto4dfp talsrcimg -O0 -y
---------------------------------------------------------------------

freesurfer ifh2hdr.c
Mon Mar  9 23:23:09 2026
Writing: talsrcimg.4dfp.hdr
freesurfer analyzeto4dfp.c
Reading: talsrcimg.hdr
header size 348 bytes
hdr.dime.datatype	offset=70	value=2
hdr.dime.bitpix		offset=72	value=8
hdr.hist.orient		offset=252	value=-1
dimensionality     4
dimensions       256       256       256         1
Reading: talsrcimg.img
Writing: talsrcimg.4dfp.img
Writing: talsrcimg.4dfp.ifh
ifh2hdr talsrcimg -r0to227
ori=2

---------------------------------------------------------------------
gauss_4dfp talsrcimg 1.1
---------------------------------------------------------------------

freesurfer gauss_4dfp.c
Reading: talsrcimg.4dfp.img
Writing: talsrcimg_g11.4dfp.img
image dimensions 256 256 256 padded to 288 288 288
processing volume 1freesurfer ifh2hdr.c
Mon Mar  9 23:23:10 2026
Writing: talsrcimg_g11.4dfp.hdr

Writing: talsrcimg_g11.4dfp.ifh
including: talsrcimg.4dfp.img.rec in talsrcimg_g11.4dfp.img.rec

---------------------------------------------------------------------
imgreg_4dfp /opt/freesurfer/average/711-2C_as_mni_average_305 none talsrcimg_g11 none talsrcimg_to_711-2C_as_mni_average_305_t4 4355
---------------------------------------------------------------------

freesurfer imgreg_4dfp.c
/opt/freesurfer/average/711-2C_as_mni_average_305.4dfp.img
       256       256       256         1
  1.000000  1.000000  1.000000
orientation T byte_order littleendian
Reading image: /opt/freesurfer/average/711-2C_as_mni_average_305.4dfp.img
dimensions:      256       256       256
mmppix:       1.0000   -1.0000   -1.0000
center:     128.0000 -129.0000 -129.0000
talsrcimg_g11.4dfp.img
       256       256       256         1
  1.000000  1.000000  1.000000
orientation T byte_order littleendian
Reading image: talsrcimg_g11.4dfp.img
dimensions:      256       256       256
mmppix:       1.0000   -1.0000   -1.0000
center:     128.0000 -129.0000 -129.0000
t4_read: open error in t4_sub.f l:  41 t4_file(1:l)talsrcimg_to_711-2C_as_mni_average_305_t4 
t4_read: transform initialized to I4
rotation matrix determinant  1.000000
image alignment mode   4355 decimal     1103 hex
   -7.5000  -45.0000  -45.0000 7662.5142   28.2563
    0.0000  -45.0000  -45.0000 7951.3877   28.3108
    7.5000  -45.0000  -45.0000 7615.7246   28.3391
   -7.5000  -37.5000  -45.0000 8079.5845   28.2589
    0.0000  -37.5000  -45.0000 8390.8018   28.3206
    7.5000  -37.5000  -45.0000 8026.5742   28.3428
   -7.5000  -30.0000  -45.0000 8744.7910   28.3233
    0.0000  -30.0000  -45.0000 9076.4980   28.3916
    7.5000  -30.0000  -45.0000 8682.8145   28.4097
   -7.5000  -22.5000  -45.0000 9291.6934   28.3869
    0.0000  -22.5000  -45.0000 9633.6504   28.4547
    7.5000  -22.5000  -45.0000 9219.4795   28.4768
   -7.5000  -15.0000  -45.0000 9751.7148   28.3873
    0.0000  -15.0000  -45.000010103.8291   28.4491
    7.5000  -15.0000  -45.0000 9643.1260   28.4773
   -7.5000   -7.5000  -45.000010175.3877   28.3210
    0.0000   -7.5000  -45.000010535.8213   28.3759
    7.5000   -7.5000  -45.000010053.9229   28.4063
   -7.5000    0.0000  -45.000010524.8076   28.2563
    0.0000    0.0000  -45.000010890.9639   28.3108
    7.5000    0.0000  -45.000010400.9258   28.3391
   -7.5000    7.5000  -45.000010050.5059   28.2589
    0.0000    7.5000  -45.000010414.1445   28.3206
    7.5000    7.5000  -45.0000 9973.3555   28.3428
   -7.5000   15.0000  -45.0000 9495.3457   28.3233
    0.0000   15.0000  -45.0000 9846.3174   28.3916
    7.5000   15.0000  -45.0000 9433.3438   28.4097
   -7.5000   22.5000  -45.0000 8785.1904   28.3830
    0.0000   22.5000  -45.0000 9098.3359   28.4508
    7.5000   22.5000  -45.0000 8690.4258   28.4729
   -7.5000   30.0000  -45.0000 7947.7134   28.0092
    0.0000   30.0000  -45.0000 8194.9658   28.0702
    7.5000   30.0000  -45.0000 7818.7168   28.0980
   -7.5000   37.5000  -45.0000 7416.0703   27.9484
    0.0000   37.5000  -45.0000 7628.6450   28.0025
    7.5000   37.5000  -45.0000 7263.6919   28.0326
   -7.5000   45.0000  -45.0000 6662.8696   27.3487
    0.0000   45.0000  -45.0000 6867.5938   27.4021
    7.5000   45.0000  -45.0000 6520.6094   27.4292
   -7.5000  -45.0000  -37.5000 8272.5889   28.1992
    0.0000  -45.0000  -37.5000 8593.2803   28.2603
    7.5000  -45.0000  -37.5000 8214.0859   28.3055
   -7.5000  -37.5000  -37.5000 8709.9697   28.2119
    0.0000  -37.5000  -37.5000 9059.5059   28.2694
    7.5000  -37.5000  -37.5000 8626.1699   28.2969
   -7.5000  -30.0000  -37.5000 9406.6807   28.3066
    0.0000  -30.0000  -37.5000 9797.6504   28.3638
    7.5000  -30.0000  -37.5000 9337.3594   28.3797
   -7.5000  -22.5000  -37.5000 9973.5449   28.3867
    0.0000  -22.5000  -37.500010386.2637   28.4490
    7.5000  -22.5000  -37.5000 9896.2910   28.4753
   -7.5000  -15.0000  -37.500010452.9883   28.3794
    0.0000  -15.0000  -37.500010856.3643   28.4466
    7.5000  -15.0000  -37.500010354.0830   28.4915
   -7.5000   -7.5000  -37.500010898.9043   28.2864
    0.0000   -7.5000  -37.500011298.0029   28.3520
    7.5000   -7.5000  -37.500010785.1104   28.4041
   -7.5000    0.0000  -37.500011215.5684   28.1992
    0.0000    0.0000  -37.500011624.8896   28.2602
    7.5000    0.0000  -37.500011091.7607   28.3054
   -7.5000    7.5000  -37.500010723.5879   28.2119
    0.0000    7.5000  -37.500011115.4082   28.2694
    7.5000    7.5000  -37.500010599.6934   28.2969
   -7.5000   15.0000  -37.500010131.9229   28.3066
    0.0000   15.0000  -37.500010519.3467   28.3638
    7.5000   15.0000  -37.500010040.0498   28.3797
   -7.5000   22.5000  -37.5000 9424.2324   28.3828
    0.0000   22.5000  -37.5000 9761.9746   28.4451
    7.5000   22.5000  -37.5000 9310.6924   28.4714
   -7.5000   30.0000  -37.5000 8506.6904   28.0015
    0.0000   30.0000  -37.5000 8771.6465   28.0678
    7.5000   30.0000  -37.5000 8357.4551   28.1121
   -7.5000   37.5000  -37.5000 7905.2114   27.9142
    0.0000   37.5000  -37.5000 8141.6147   27.9791
    7.5000   37.5000  -37.5000 7748.5977   28.0306
   -7.5000   45.0000  -37.5000 7067.5508   27.2778
    0.0000   45.0000  -37.5000 7273.2388   27.3363
    7.5000   45.0000  -37.5000 6918.8345   27.3807
   -7.5000  -45.0000  -30.0000 8973.4131   29.3400
    0.0000  -45.0000  -30.0000 9357.8125   29.4147
    7.5000  -45.0000  -30.0000 8920.0186   29.4893
   -7.5000  -37.5000  -30.0000 9448.3945   29.3779
    0.0000  -37.5000  -30.0000 9862.8301   29.4439
    7.5000  -37.5000  -30.0000 9372.5146   29.4942
   -7.5000  -30.0000  -30.000010215.0488   29.5138
    0.0000  -30.0000  -30.000010657.0723   29.5729
    7.5000  -30.0000  -30.000010128.9854   29.6006
   -7.5000  -22.5000  -30.000010845.3564   29.6085
    0.0000  -22.5000  -30.000011349.8516   29.6713
    7.5000  -22.5000  -30.000010749.8506   29.7052
   -7.5000  -15.0000  -30.000011409.4219   29.5798
    0.0000  -15.0000  -30.000011910.5127   29.6517
    7.5000  -15.0000  -30.000011263.9824   29.7100
   -7.5000   -7.5000  -30.000011871.1172   29.4472
    0.0000   -7.5000  -30.000012377.9775   29.5241
    7.5000   -7.5000  -30.000011726.9082   29.6003
   -7.5000    0.0000  -30.000012162.8330   29.3400
    0.0000    0.0000  -30.000012678.1270   29.4147
    7.5000    0.0000  -30.000012025.3574   29.4893
   -7.5000    7.5000  -30.000011591.4629   29.3779
    0.0000    7.5000  -30.000012057.1260   29.4439
    7.5000    7.5000  -30.000011443.3584   29.4942
   -7.5000   15.0000  -30.000010920.2656   29.5138
    0.0000   15.0000  -30.000011379.9170   29.5729
    7.5000   15.0000  -30.000010789.5205   29.6006
   -7.5000   22.5000  -30.000010148.7998   29.6014
    0.0000   22.5000  -30.000010537.9326   29.6642
    7.5000   22.5000  -30.000010008.8037   29.6980
   -7.5000   30.0000  -30.0000 9148.6865   29.1888
    0.0000   30.0000  -30.0000 9489.1006   29.2597
    7.5000   30.0000  -30.0000 9002.0908   29.3172
   -7.5000   37.5000  -30.0000 8487.2656   29.0629
    0.0000   37.5000  -30.0000 8790.5225   29.1388
    7.5000   37.5000  -30.0000 8340.4902   29.2141
   -7.5000   45.0000  -30.0000 7561.7559   28.3886
    0.0000   45.0000  -30.0000 7803.8105   28.4601
    7.5000   45.0000  -30.0000 7424.8970   28.5336
   -7.5000  -45.0000  -22.5000 9692.3125   30.3432
    0.0000  -45.0000  -22.500010129.1240   30.4243
    7.5000  -45.0000  -22.5000 9647.0332   30.5129
   -7.5000  -37.5000  -22.500010161.2119   30.3931
    0.0000  -37.5000  -22.500010625.1328   30.4736
    7.5000  -37.5000  -22.500010101.5332   30.5449
   -7.5000  -30.0000  -22.500010978.1113   30.5337
    0.0000  -30.0000  -22.500011487.2129   30.6082
    7.5000  -30.0000  -22.500010873.5059   30.6537
   -7.5000  -22.5000  -22.500011711.9648   30.6219
    0.0000  -22.5000  -22.500012289.7051   30.6909
    7.5000  -22.5000  -22.500011573.6064   30.7300
   -7.5000  -15.0000  -22.500012365.0732   30.5824
    0.0000  -15.0000  -22.500012924.2910   30.6498
    7.5000  -15.0000  -22.500012172.2383   30.7043
   -7.5000   -7.5000  -22.500012845.2881   30.4440
    0.0000   -7.5000  -22.500013399.1445   30.5177
    7.5000   -7.5000  -22.500012643.4746   30.5961
   -7.5000    0.0000  -22.500013162.3115   30.3432
    0.0000    0.0000  -22.500013739.1592   30.4243
    7.5000    0.0000  -22.500012953.0762   30.5129
   -7.5000    7.5000  -22.500012487.4092   30.3931
    0.0000    7.5000  -22.500013034.5811   30.4736
    7.5000    7.5000  -22.500012299.5674   30.5449
   -7.5000   15.0000  -22.500011718.9043   30.5337
    0.0000   15.0000  -22.500012243.7441   30.6082
    7.5000   15.0000  -22.500011571.8105   30.6537
   -7.5000   22.5000  -22.500010847.8516   30.6125
    0.0000   22.5000  -22.500011301.9678   30.6814
    7.5000   22.5000  -22.500010706.6104   30.7205
   -7.5000   30.0000  -22.5000 9786.9756   30.1826
    0.0000   30.0000  -22.500010175.9307   30.2492
    7.5000   30.0000  -22.5000 9619.1816   30.3030
   -7.5000   37.5000  -22.5000 9049.1768   30.0517
    0.0000   37.5000  -22.5000 9415.5566   30.1244
    7.5000   37.5000  -22.5000 8917.4072   30.2018
   -7.5000   45.0000  -22.5000 8047.8457   29.3848
    0.0000   45.0000  -22.5000 8347.3105   29.4634
    7.5000   45.0000  -22.5000 7923.2104   29.5501
   -7.5000  -45.0000  -15.000010432.2324   31.1142
    0.0000  -45.0000  -15.000010908.1777   31.1890
    7.5000  -45.0000  -15.000010326.4932   31.2620
   -7.5000  -37.5000  -15.000010867.2842   31.1484
    0.0000  -37.5000  -15.000011409.8633   31.2370
    7.5000  -37.5000  -15.000010753.1191   31.3058
   -7.5000  -30.0000  -15.000011710.6064   31.2563
    0.0000  -30.0000  -15.000012301.4004   31.3465
    7.5000  -30.0000  -15.000011559.5645   31.3966
   -7.5000  -22.5000  -15.000012515.0215   31.3308
    0.0000  -22.5000  -15.000013133.2422   31.4062
    7.5000  -22.5000  -15.000012317.9834   31.4411
   -7.5000  -15.0000  -15.000013214.5137   31.3048
    0.0000  -15.0000  -15.000013842.5908   31.3635
    7.5000  -15.0000  -15.000012985.8115   31.3998
   -7.5000   -7.5000  -15.000013711.4863   31.1961
    0.0000   -7.5000  -15.000014376.1240   31.2557
    7.5000   -7.5000  -15.000013472.9004   31.3114
   -7.5000    0.0000  -15.000014086.9629   31.1141
    0.0000    0.0000  -15.000014756.4902   31.1890
    7.5000    0.0000  -15.000013802.4004   31.2620
   -7.5000    7.5000  -15.000013333.6650   31.1484
    0.0000    7.5000  -15.000013963.0547   31.2369
    7.5000    7.5000  -15.000013086.6191   31.3058
   -7.5000   15.0000  -15.000012503.4258   31.2563
    0.0000   15.0000  -15.000013098.6465   31.3465
    7.5000   15.0000  -15.000012273.4707   31.3966
   -7.5000   22.5000  -15.000011563.1650   31.3197
    0.0000   22.5000  -15.000012099.5850   31.3951
    7.5000   22.5000  -15.000011372.9404   31.4299
   -7.5000   30.0000  -15.000010443.8555   30.8999
    0.0000   30.0000  -15.000010893.2588   30.9577
    7.5000   30.0000  -15.000010237.6689   30.9936
   -7.5000   37.5000  -15.0000 9674.7129   30.7985
    0.0000   37.5000  -15.000010068.2129   30.8572
    7.5000   37.5000  -15.0000 9505.4951   30.9123
   -7.5000   45.0000  -15.0000 8577.7168   30.1669
    0.0000   45.0000  -15.0000 8886.4912   30.2406
    7.5000   45.0000  -15.0000 8419.3486   30.3112
   -7.5000  -45.0000   -7.500011199.4180   31.5241
    0.0000  -45.0000   -7.500011715.3516   31.5893
    7.5000  -45.0000   -7.500011065.9365   31.6328
   -7.5000  -37.5000   -7.500011634.8252   31.5371
    0.0000  -37.5000   -7.500012198.8301   31.6191
    7.5000  -37.5000   -7.500011477.6055   31.6630
   -7.5000  -30.0000   -7.500012480.6895   31.6116
    0.0000  -30.0000   -7.500013058.0811   31.7016
    7.5000  -30.0000   -7.500012292.8936   31.7371
   -7.5000  -22.5000   -7.500013329.1670   31.6767
    0.0000  -22.5000   -7.500013945.3848   31.7555
    7.5000  -22.5000   -7.500013089.8311   31.7819
   -7.5000  -15.0000   -7.500014077.2285   31.6688
    0.0000  -15.0000   -7.500014747.3340   31.7297
    7.5000  -15.0000   -7.500013788.0469   31.7540
   -7.5000   -7.5000   -7.500014643.1650   31.5908
    0.0000   -7.5000   -7.500015357.4385   31.6459
    7.5000   -7.5000   -7.500014333.2891   31.6789
   -7.5000    0.0000   -7.500015036.3223   31.5241
    0.0000    0.0000   -7.500015811.9814   31.5893
    7.5000    0.0000   -7.500014700.7764   31.6328
   -7.5000    7.5000   -7.500014261.0381   31.5371
    0.0000    7.5000   -7.500014967.6670   31.6191
    7.5000    7.5000   -7.500013942.4141   31.6630
   -7.5000   15.0000   -7.500013288.9443   31.6116
    0.0000   15.0000   -7.500013961.1738   31.7016
    7.5000   15.0000   -7.500013005.5605   31.7371
   -7.5000   22.5000   -7.500012319.8896   31.6620
    0.0000   22.5000   -7.500012923.8848   31.7408
    7.5000   22.5000   -7.500012043.5830   31.7673
   -7.5000   30.0000   -7.500011176.1182   31.2582
    0.0000   30.0000   -7.500011670.4668   31.3184
    7.5000   30.0000   -7.500010923.2197   31.3424
   -7.5000   37.5000   -7.500010385.0430   31.1868
    0.0000   37.5000   -7.500010824.2910   31.2413
    7.5000   37.5000   -7.500010171.6074   31.2739
   -7.5000   45.0000   -7.5000 9163.3838   30.5839
    0.0000   45.0000   -7.5000 9522.7617   30.6487
    7.5000   45.0000   -7.5000 8981.1660   30.6902
   -7.5000  -45.0000    0.000011977.2393   31.5941
    0.0000  -45.0000    0.000012494.3906   31.6561
    7.5000  -45.0000    0.000011846.2461   31.6880
   -7.5000  -37.5000    0.000012408.1543   31.5977
    0.0000  -37.5000    0.000012915.4785   31.6673
    7.5000  -37.5000    0.000012254.1221   31.6921
   -7.5000  -30.0000    0.000013221.7861   31.6690
    0.0000  -30.0000    0.000013729.0693   31.7457
    7.5000  -30.0000    0.000013058.3643   31.7659
   -7.5000  -22.5000    0.000014082.2793   31.7387
    0.0000  -22.5000    0.000014670.3252   31.8148
    7.5000  -22.5000    0.000013875.3193   31.8397
   -7.5000  -15.0000    0.000014908.5537   31.7385
    0.0000  -15.0000    0.000015525.1475   31.8082
    7.5000  -15.0000    0.000014610.0381   31.8400
   -7.5000   -7.5000    0.000015511.2500   31.6651
    0.0000   -7.5000    0.000016184.4873   31.7275
    7.5000   -7.5000    0.000015191.4043   31.7618
   -7.5000    0.0000    0.000015898.2354   31.5941
    0.0000    0.0000    0.000016628.1543   31.6560
    7.5000    0.0000    0.000015574.4326   31.6879
   -7.5000    7.5000    0.000015052.4922   31.5977
    0.0000    7.5000    0.000015735.3340   31.6673
    7.5000    7.5000    0.000014762.5547   31.6921
   -7.5000   15.0000    0.000013962.4951   31.6690
    0.0000   15.0000    0.000014650.0381   31.7457
    7.5000   15.0000    0.000013700.6367   31.7659
   -7.5000   22.5000    0.000012925.1455   31.7241
    0.0000   22.5000    0.000013556.6729   31.8002
    7.5000   22.5000    0.000012671.8789   31.8250
   -7.5000   30.0000    0.000011777.4551   31.3279
    0.0000   30.0000    0.000012321.4805   31.3968
    7.5000   30.0000    0.000011516.3086   31.4281
   -7.5000   37.5000    0.000010969.9717   31.2607
    0.0000   37.5000    0.000011413.5410   31.3222
    7.5000   37.5000    0.000010710.6582   31.3562
   -7.5000   45.0000    0.0000 9639.0166   30.6512
    0.0000   45.0000    0.000010005.8848   30.7120
    7.5000   45.0000    0.0000 9404.0469   30.7426
   -7.5000  -45.0000    7.500011793.4307   31.5554
    0.0000  -45.0000    7.500012252.9873   31.6237
    7.5000  -45.0000    7.500011699.6387   31.6743
   -7.5000  -37.5000    7.500012243.0166   31.5696
    0.0000  -37.5000    7.500012695.3701   31.6339
    7.5000  -37.5000    7.500012129.5078   31.6646
   -7.5000  -30.0000    7.500013036.6143   31.6755
    0.0000  -30.0000    7.500013483.9678   31.7395
    7.5000  -30.0000    7.500012892.2520   31.7573
   -7.5000  -22.5000    7.500013775.1104   31.7652
    0.0000  -22.5000    7.500014239.2871   31.8349
    7.5000  -22.5000    7.500013636.4795   31.8644
   -7.5000  -15.0000    7.500014404.3701   31.7571
    0.0000  -15.0000    7.500014912.9824   31.8323
    7.5000  -15.0000    7.500014310.2295   31.8825
   -7.5000   -7.5000    7.500014946.9170   31.6530
    0.0000   -7.5000    7.500015503.0176   31.7265
    7.5000   -7.5000    7.500014817.7598   31.7848
   -7.5000    0.0000    7.500015378.3301   31.5554
    0.0000    0.0000    7.500015951.0361   31.6237
    7.5000    0.0000    7.500015211.9863   31.6743
   -7.5000    7.5000    7.500014590.1289   31.5696
    0.0000    7.5000    7.500015127.0752   31.6339
    7.5000    7.5000    7.500014417.9033   31.6646
   -7.5000   15.0000    7.500013549.0107   31.6755
    0.0000   15.0000    7.500014087.7432   31.7395
    7.5000   15.0000    7.500013393.2227   31.7573
   -7.5000   22.5000    7.500012486.6289   31.7506
    0.0000   22.5000    7.500013002.1162   31.8202
    7.5000   22.5000    7.500012306.5400   31.8497
   -7.5000   30.0000    7.500011406.6572   31.3464
    0.0000   30.0000    7.500011890.1523   31.4207
    7.5000   30.0000    7.500011215.5928   31.4702
   -7.5000   37.5000    7.500010620.5166   31.2487
    0.0000   37.5000    7.500011036.9814   31.3213
    7.5000   37.5000    7.500010419.6465   31.3790
   -7.5000   45.0000    7.5000 9331.0596   30.5962
    0.0000   45.0000    7.5000 9674.8398   30.6618
    7.5000   45.0000    7.5000 9109.1826   30.7117
   -7.5000  -45.0000   15.000011455.0439   31.5064
    0.0000  -45.0000   15.000011857.7178   31.5866
    7.5000  -45.0000   15.000011373.6143   31.6667
   -7.5000  -37.5000   15.000011883.3691   31.5470
    0.0000  -37.5000   15.000012317.5596   31.6179
    7.5000  -37.5000   15.000011790.9541   31.6719
   -7.5000  -30.0000   15.000012661.0264   31.6930
    0.0000  -30.0000   15.000013073.9609   31.7564
    7.5000  -30.0000   15.000012549.1484   31.7861
   -7.5000  -22.5000   15.000013231.7578   31.7946
    0.0000  -22.5000   15.000013599.0527   31.8621
    7.5000  -22.5000   15.000013187.6064   31.8985
   -7.5000  -15.0000   15.000013794.2510   31.7638
    0.0000  -15.0000   15.000014193.4883   31.8411
    7.5000  -15.0000   15.000013794.8818   31.9036
   -7.5000   -7.5000   15.000014333.6201   31.6214
    0.0000   -7.5000   15.000014762.7900   31.7040
    7.5000   -7.5000   15.000014312.6904   31.7859
   -7.5000    0.0000   15.000014803.9131   31.5063
    0.0000    0.0000   15.000015279.9795   31.5866
    7.5000    0.0000   15.000014758.7129   31.6666
   -7.5000    7.5000   15.000014034.5352   31.5470
    0.0000    7.5000   15.000014477.2305   31.6179
    7.5000    7.5000   15.000013971.3477   31.6719
   -7.5000   15.0000   15.000013059.7979   31.6930
    0.0000   15.0000   15.000013503.8076   31.7564
    7.5000   15.0000   15.000012951.8623   31.7861
   -7.5000   22.5000   15.000012014.2549   31.7800
    0.0000   22.5000   15.000012428.6602   31.8474
    7.5000   22.5000   15.000011843.0693   31.8838
   -7.5000   30.0000   15.000010949.3389   31.3532
    0.0000   30.0000   15.000011312.1367   31.4294
    7.5000   30.0000   15.000010754.9834   31.4911
   -7.5000   37.5000   15.000010211.7129   31.2180
    0.0000   37.5000   15.000010565.9609   31.2994
    7.5000   37.5000   15.000010021.2441   31.3804
   -7.5000   45.0000   15.0000 8938.1738   30.5341
    0.0000   45.0000   15.0000 9211.5918   30.6110
    7.5000   45.0000   15.0000 8742.1064   30.6901
   -7.5000  -45.0000   22.500010943.4248   31.4986
    0.0000  -45.0000   22.500011340.5986   31.5829
    7.5000  -45.0000   22.500010888.9062   31.6749
   -7.5000  -37.5000   22.500011349.6562   31.5504
    0.0000  -37.5000   22.500011749.6201   31.6340
    7.5000  -37.5000   22.500011298.1934   31.7080
   -7.5000  -30.0000   22.500012085.1582   31.6964
    0.0000  -30.0000   22.500012494.0811   31.7737
    7.5000  -30.0000   22.500012022.8877   31.8210
   -7.5000  -22.5000   22.500012627.5439   31.7880
    0.0000  -22.5000   22.500013014.6904   31.8596
    7.5000  -22.5000   22.500012613.4639   31.9002
   -7.5000  -15.0000   22.500013245.8262   31.7470
    0.0000  -15.0000   22.500013609.9375   31.8170
    7.5000  -15.0000   22.500013231.4326   31.8735
   -7.5000   -7.5000   22.500013831.3711   31.6033
    0.0000   -7.5000   22.500014211.1787   31.6798
    7.5000   -7.5000   22.500013794.3730   31.7612
   -7.5000    0.0000   22.500014242.5986   31.4986
    0.0000    0.0000   22.500014686.8066   31.5829
    7.5000    0.0000   22.500014179.9258   31.6748
   -7.5000    7.5000   22.500013523.4336   31.5504
    0.0000    7.5000   22.500013935.7480   31.6340
    7.5000    7.5000   22.500013432.7861   31.7080
   -7.5000   15.0000   22.500012574.5186   31.6964
    0.0000   15.0000   22.500012975.5361   31.7737
    7.5000   15.0000   22.500012435.2520   31.8210
   -7.5000   22.5000   22.500011507.7432   31.7733
    0.0000   22.5000   22.500011859.9316   31.8449
    7.5000   22.5000   22.500011336.6055   31.8855
   -7.5000   30.0000   22.500010416.3662   31.3364
    0.0000   30.0000   22.500010691.4883   31.4055
    7.5000   30.0000   22.500010197.7910   31.4613
   -7.5000   37.5000   22.5000 9643.5791   31.2004
    0.0000   37.5000   22.5000 9939.9688   31.2759
    7.5000   37.5000   22.5000 9472.4707   31.3563
   -7.5000   45.0000   22.5000 8423.1162   30.5302
    0.0000   45.0000   22.5000 8649.6680   30.6119
    7.5000   45.0000   22.5000 8251.8936   30.7020
   -7.5000  -45.0000   30.000010314.7402   31.5412
    0.0000  -45.0000   30.000010692.7549   31.6170
    7.5000  -45.0000   30.000010258.9229   31.6911
   -7.5000  -37.5000   30.000010667.5127   31.5759
    0.0000  -37.5000   30.000011067.1035   31.6656
    7.5000  -37.5000   30.000010635.3457   31.7355
   -7.5000  -30.0000   30.000011370.4424   31.6853
    0.0000  -30.0000   30.000011791.0781   31.7767
    7.5000  -30.0000   30.000011343.2051   31.8275
   -7.5000  -22.5000   30.000011975.3936   31.7607
    0.0000  -22.5000   30.000012343.8359   31.8372
    7.5000  -22.5000   30.000011918.8730   31.8725
   -7.5000  -15.0000   30.000012648.2207   31.7345
    0.0000  -15.0000   30.000013023.2070   31.7939
    7.5000  -15.0000   30.000012531.3252   31.8307
   -7.5000   -7.5000   30.000013232.3955   31.6243
    0.0000   -7.5000   30.000013605.5996   31.6847
    7.5000   -7.5000   30.000013068.9111   31.7411
   -7.5000    0.0000   30.000013584.9883   31.5411
    0.0000    0.0000   30.000013998.4131   31.6170
    7.5000    0.0000   30.000013390.7646   31.6910
   -7.5000    7.5000   30.000012892.1865   31.5759
    0.0000    7.5000   30.000013318.3760   31.6656
    7.5000    7.5000   30.000012741.5967   31.7355
   -7.5000   15.0000   30.000011915.8271   31.6853
    0.0000   15.0000   30.000012333.2666   31.7767
    7.5000   15.0000   30.000011774.7559   31.8275
   -7.5000   22.5000   30.000010858.6797   31.7461
    0.0000   22.5000   30.000011239.7031   31.8225
    7.5000   22.5000   30.000010706.4072   31.8579
   -7.5000   30.0000   30.0000 9778.6826   31.3239
    0.0000   30.0000   30.000010091.1465   31.3826
    7.5000   30.0000   30.0000 9623.7910   31.4189
   -7.5000   37.5000   30.0000 9086.4668   31.2212
    0.0000   37.5000   30.0000 9364.1289   31.2807
    7.5000   37.5000   30.0000 8919.2383   31.3365
   -7.5000   45.0000   30.0000 7921.0220   30.5889
    0.0000   45.0000   30.0000 8137.4834   30.6637
    7.5000   45.0000   30.0000 7760.7402   30.7353
   -7.5000  -45.0000   37.500010041.3525   31.6067
    0.0000  -45.0000   37.500010431.6904   31.6720
    7.5000  -45.0000   37.5000 9976.7842   31.7155
   -7.5000  -37.5000   37.500010396.9707   31.6196
    0.0000  -37.5000   37.500010820.3340   31.7017
    7.5000  -37.5000   37.500010363.8926   31.7455
   -7.5000  -30.0000   37.500011115.8770   31.6942
    0.0000  -30.0000   37.500011539.1641   31.7843
    7.5000  -30.0000   37.500011049.6934   31.8199
   -7.5000  -22.5000   37.500011801.3164   31.7596
    0.0000  -22.5000   37.500012196.5625   31.8385
    7.5000  -22.5000   37.500011690.5977   31.8650
   -7.5000  -15.0000   37.500012465.2920   31.7518
    0.0000  -15.0000   37.500012879.6533   31.8128
    7.5000  -15.0000   37.500012295.9756   31.8371
   -7.5000   -7.5000   37.500012956.7188   31.6737
    0.0000   -7.5000   37.500013384.1523   31.7289
    7.5000   -7.5000   37.500012771.2852   31.7619
   -7.5000    0.0000   37.500013294.0176   31.6067
    0.0000    0.0000   37.500013717.8711   31.6719
    7.5000    0.0000   37.500013099.5811   31.7155
   -7.5000    7.5000   37.500012605.6494   31.6196
    0.0000    7.5000   37.500013038.2012   31.7017
    7.5000    7.5000   37.500012462.2969   31.7455
   -7.5000   15.0000   37.500011665.2705   31.6942
    0.0000   15.0000   37.500012084.0273   31.7843
    7.5000   15.0000   37.500011528.5830   31.8199
   -7.5000   22.5000   37.500010600.3457   31.7449
    0.0000   22.5000   37.500010982.8320   31.8238
    7.5000   22.5000   37.500010452.1836   31.8503
   -7.5000   30.0000   37.5000 9544.7197   31.3411
    0.0000   30.0000   37.5000 9856.9375   31.4013
    7.5000   30.0000   37.5000 9383.8779   31.4253
   -7.5000   37.5000   37.5000 8822.7725   31.2695
    0.0000   37.5000   37.5000 9100.5098   31.3240
    7.5000   37.5000   37.5000 8655.5293   31.3566
   -7.5000   45.0000   37.5000 7706.0894   30.6665
    0.0000   45.0000   37.5000 7927.4824   30.7314
    7.5000   45.0000   37.5000 7542.3711   30.7729
   -7.5000  -45.0000   45.0000 9260.6807   31.4520
    0.0000  -45.0000   45.0000 9666.1533   31.5132
    7.5000  -45.0000   45.0000 9203.6201   31.5446
   -7.5000  -37.5000   45.0000 9656.7090   31.4557
    0.0000  -37.5000   45.000010102.5635   31.5247
    7.5000  -37.5000   45.0000 9597.8018   31.5493
   -7.5000  -30.0000   45.000010335.0723   31.5263
    0.0000  -30.0000   45.000010800.6670   31.6026
    7.5000  -30.0000   45.000010250.4199   31.6227
   -7.5000  -22.5000   45.000010975.1865   31.5955
    0.0000  -22.5000   45.000011458.5781   31.6712
    7.5000  -22.5000   45.000010872.9951   31.6956
   -7.5000  -15.0000   45.000011567.9736   31.5952
    0.0000  -15.0000   45.000012057.8379   31.6644
    7.5000  -15.0000   45.000011430.3770   31.6955
   -7.5000   -7.5000   45.000011967.9590   31.5223
    0.0000   -7.5000   45.000012435.6357   31.5839
    7.5000   -7.5000   45.000011836.3740   31.6177
   -7.5000    0.0000   45.000012254.8125   31.4520
    0.0000    0.0000   45.000012718.7656   31.5131
    7.5000    0.0000   45.000012136.9160   31.5446
   -7.5000    7.5000   45.000011611.1045   31.4557
    0.0000    7.5000   45.000012058.1494   31.5247
    7.5000    7.5000   45.000011494.6357   31.5493
   -7.5000   15.0000   45.000010777.4180   31.5263
    0.0000   15.0000   45.000011185.4658   31.6026
    7.5000   15.0000   45.000010660.2705   31.6227
   -7.5000   22.5000   45.0000 9758.0508   31.5808
    0.0000   22.5000   45.000010104.2939   31.6565
    7.5000   22.5000   45.0000 9656.4717   31.6809
   -7.5000   30.0000   45.0000 8793.9072   31.1838
    0.0000   30.0000   45.0000 9080.6367   31.2521
    7.5000   30.0000   45.0000 8666.6641   31.2828
   -7.5000   37.5000   45.0000 8138.7656   31.1170
    0.0000   37.5000   45.0000 8394.8740   31.1778
    7.5000   37.5000   45.0000 8007.0156   31.2112
   -7.5000   45.0000   45.0000 7124.1987   30.5275
    0.0000   45.0000   45.0000 7337.7842   30.5876
    7.5000   45.0000   45.0000 6981.1357   30.6179

---------------------------------------------------------------------
imgreg_4dfp /opt/freesurfer/average/711-2C_as_mni_average_305 /opt/freesurfer/average/711-2B_as_mni_average_305_mask talsrcimg_g11 none talsrcimg_to_711-2C_as_mni_average_305_t4 4355
---------------------------------------------------------------------

freesurfer imgreg_4dfp.c
/opt/freesurfer/average/711-2C_as_mni_average_305.4dfp.img
       256       256       256         1
  1.000000  1.000000  1.000000
orientation T byte_order littleendian
Reading image: /opt/freesurfer/average/711-2C_as_mni_average_305.4dfp.img
dimensions:      256       256       256
mmppix:       1.0000   -1.0000   -1.0000
center:     128.0000 -129.0000 -129.0000
/opt/freesurfer/average/711-2B_as_mni_average_305_mask.4dfp.img
       256       256       256         1
  1.000000  1.000000  1.000000
orientation T byte_order littleendian
Reading mask: /opt/freesurfer/average/711-2B_as_mni_average_305_mask.4dfp.img (2306576 pixels)
talsrcimg_g11.4dfp.img
       256       256       256         1
  1.000000  1.000000  1.000000
orientation T byte_order littleendian
Reading image: talsrcimg_g11.4dfp.img
dimensions:      256       256       256
mmppix:       1.0000   -1.0000   -1.0000
center:     128.0000 -129.0000 -129.0000
rotation matrix determinant  1.000000
image alignment mode   4355 decimal     1103 hex
   -7.5000  -45.0000  -45.0000 2015.4874   29.9306
    0.0000  -45.0000  -45.0000 2024.3932   29.8400
    7.5000  -45.0000  -45.0000 2001.7891   30.1464
   -7.5000  -37.5000  -45.0000 2078.9966   28.3862
    0.0000  -37.5000  -45.0000 2090.4905   28.3283
    7.5000  -37.5000  -45.0000 2063.8115   28.7187
   -7.5000  -30.0000  -45.0000 2120.3616   27.5274
    0.0000  -30.0000  -45.0000 2126.3223   27.4833
    7.5000  -30.0000  -45.0000 2100.5520   27.9672
   -7.5000  -22.5000  -45.0000 2136.3589   27.4210
    0.0000  -22.5000  -45.0000 2143.5715   27.4035
    7.5000  -22.5000  -45.0000 2112.2681   27.8683
   -7.5000  -15.0000  -45.0000 2129.3577   27.6656
    0.0000  -15.0000  -45.0000 2132.7473   27.5148
    7.5000  -15.0000  -45.0000 2103.1316   28.0730
   -7.5000   -7.5000  -45.0000 2107.3455   28.4897
    0.0000   -7.5000  -45.0000 2109.8035   28.4051
    7.5000   -7.5000  -45.0000 2084.5017   28.9408
   -7.5000    0.0000  -45.0000 2070.7820   29.9045
    0.0000    0.0000  -45.0000 2077.1077   29.8703
    7.5000    0.0000  -45.0000 2044.3726   30.4024
   -7.5000    7.5000  -45.0000 2011.8744   31.8034
    0.0000    7.5000  -45.0000 2017.4589   31.6939
    7.5000    7.5000  -45.0000 1980.5975   32.2844
   -7.5000   15.0000  -45.0000 1938.2427   34.0816
    0.0000   15.0000  -45.0000 1943.3702   33.9170
    7.5000   15.0000  -45.0000 1911.2180   34.6831
   -7.5000   22.5000  -45.0000 1847.2255   37.2234
    0.0000   22.5000  -45.0000 1851.6013   37.1299
    7.5000   22.5000  -45.0000 1819.6613   37.9762
   -7.5000   30.0000  -45.0000 1743.5801   41.7266
    0.0000   30.0000  -45.0000 1746.0060   41.5611
    7.5000   30.0000  -45.0000 1719.2581   42.5110
   -7.5000   37.5000  -45.0000 1636.2523   47.9311
    0.0000   37.5000  -45.0000 1633.7977   48.0089
    7.5000   37.5000  -45.0000 1603.5834   48.9350
   -7.5000   45.0000  -45.0000 1510.0837   56.2919
    0.0000   45.0000  -45.0000 1517.0585   56.3386
    7.5000   45.0000  -45.0000 1487.2831   57.5974
   -7.5000  -45.0000  -37.5000 2124.3792   27.2436
    0.0000  -45.0000  -37.5000 2128.0193   27.2405
    7.5000  -45.0000  -37.5000 2110.2063   27.5437
   -7.5000  -37.5000  -37.5000 2192.0063   25.8231
    0.0000  -37.5000  -37.5000 2198.3154   25.7979
    7.5000  -37.5000  -37.5000 2167.3926   26.1346
   -7.5000  -30.0000  -37.5000 2235.7065   25.0402
    0.0000  -30.0000  -37.5000 2243.7012   24.9990
    7.5000  -30.0000  -37.5000 2214.8931   25.2939
   -7.5000  -22.5000  -37.5000 2246.9500   24.9947
    0.0000  -22.5000  -37.5000 2251.3501   24.8844
    7.5000  -22.5000  -37.5000 2225.2065   25.3458
   -7.5000  -15.0000  -37.5000 2235.7502   25.1964
    0.0000  -15.0000  -37.5000 2237.5037   25.1056
    7.5000  -15.0000  -37.5000 2211.0918   25.6020
   -7.5000   -7.5000  -37.5000 2215.1331   25.9500
    0.0000   -7.5000  -37.5000 2217.0452   25.8994
    7.5000   -7.5000  -37.5000 2188.9863   26.3807
   -7.5000    0.0000  -37.5000 2173.5312   27.2221
    0.0000    0.0000  -37.5000 2174.8594   27.1504
    7.5000    0.0000  -37.5000 2143.7439   27.6382
   -7.5000    7.5000  -37.5000 2106.2710   28.8377
    0.0000    7.5000  -37.5000 2115.6272   28.7919
    7.5000    7.5000  -37.5000 2079.0125   29.2268
   -7.5000   15.0000  -37.5000 2033.6002   30.9320
    0.0000   15.0000  -37.5000 2039.4664   30.8282
    7.5000   15.0000  -37.5000 2004.8514   31.4028
   -7.5000   22.5000  -37.5000 1941.2854   33.7266
    0.0000   22.5000  -37.5000 1947.0396   33.6641
    7.5000   22.5000  -37.5000 1910.8718   34.3989
   -7.5000   30.0000  -37.5000 1833.0131   37.6805
    0.0000   30.0000  -37.5000 1836.3971   37.5213
    7.5000   30.0000  -37.5000 1801.8905   38.4546
   -7.5000   37.5000  -37.5000 1718.6295   43.0938
    0.0000   37.5000  -37.5000 1722.3597   43.0635
    7.5000   37.5000  -37.5000 1687.4879   44.0400
   -7.5000   45.0000  -37.5000 1588.3850   50.5474
    0.0000   45.0000  -37.5000 1591.9310   50.5211
    7.5000   45.0000  -37.5000 1563.0691   51.6235
   -7.5000  -45.0000  -30.0000 2258.7168   25.8297
    0.0000  -45.0000  -30.0000 2269.3608   25.8953
    7.5000  -45.0000  -30.0000 2238.7366   26.1326
   -7.5000  -37.5000  -30.0000 2336.7456   24.4183
    0.0000  -37.5000  -30.0000 2346.0134   24.4189
    7.5000  -37.5000  -30.0000 2304.4062   24.6616
   -7.5000  -30.0000  -30.0000 2381.0149   23.7463
    0.0000  -30.0000  -30.0000 2387.2673   23.7020
    7.5000  -30.0000  -30.0000 2349.9778   23.9265
   -7.5000  -22.5000  -30.0000 2391.3657   23.7633
    0.0000  -22.5000  -30.0000 2401.9619   23.7277
    7.5000  -22.5000  -30.0000 2367.3633   24.0579
   -7.5000  -15.0000  -30.0000 2380.2310   23.9604
    0.0000  -15.0000  -30.0000 2392.6467   23.9582
    7.5000  -15.0000  -30.0000 2348.3447   24.3605
   -7.5000   -7.5000  -30.0000 2363.3743   24.6333
    0.0000   -7.5000  -30.0000 2369.0127   24.5919
    7.5000   -7.5000  -30.0000 2330.1316   25.0444
   -7.5000    0.0000  -30.0000 2316.4160   25.6950
    0.0000    0.0000  -30.0000 2322.5452   25.7000
    7.5000    0.0000  -30.0000 2287.1072   26.1090
   -7.5000    7.5000  -30.0000 2252.9023   27.1520
    0.0000    7.5000  -30.0000 2263.3735   27.1206
    7.5000    7.5000  -30.0000 2228.6177   27.5401
   -7.5000   15.0000  -30.0000 2164.0540   29.0792
    0.0000   15.0000  -30.0000 2176.8687   29.0142
    7.5000   15.0000  -30.0000 2139.4136   29.4988
   -7.5000   22.5000  -30.0000 2067.8501   31.7076
    0.0000   22.5000  -30.0000 2071.7092   31.6838
    7.5000   22.5000  -30.0000 2034.4973   32.2322
   -7.5000   30.0000  -30.0000 1952.1959   35.4250
    0.0000   30.0000  -30.0000 1957.2875   35.3203
    7.5000   30.0000  -30.0000 1920.2462   36.0359
   -7.5000   37.5000  -30.0000 1834.6948   40.3181
    0.0000   37.5000  -30.0000 1840.9697   40.3433
    7.5000   37.5000  -30.0000 1800.3922   41.2426
   -7.5000   45.0000  -30.0000 1699.1354   46.9909
    0.0000   45.0000  -30.0000 1701.8140   47.0180
    7.5000   45.0000  -30.0000 1665.6992   48.2360
   -7.5000  -45.0000  -22.5000 2361.6589   24.4489
    0.0000  -45.0000  -22.5000 2369.7480   24.4990
    7.5000  -45.0000  -22.5000 2339.2676   24.6419
   -7.5000  -37.5000  -22.5000 2443.1836   23.0236
    0.0000  -37.5000  -22.5000 2449.2612   23.0383
    7.5000  -37.5000  -22.5000 2416.1504   23.1846
   -7.5000  -30.0000  -22.5000 2494.0989   22.3754
    0.0000  -30.0000  -22.5000 2505.6904   22.4004
    7.5000  -30.0000  -22.5000 2463.4626   22.5361
   -7.5000  -22.5000  -22.5000 2514.6948   22.3012
    0.0000  -22.5000  -22.5000 2530.4429   22.2753
    7.5000  -22.5000  -22.5000 2483.5427   22.4942
   -7.5000  -15.0000  -22.5000 2502.2969   22.5856
    0.0000  -15.0000  -22.5000 2516.7651   22.5575
    7.5000  -15.0000  -22.5000 2470.4312   22.8749
   -7.5000   -7.5000  -22.5000 2485.4885   23.1183
    0.0000   -7.5000  -22.5000 2495.4292   23.1010
    7.5000   -7.5000  -22.5000 2453.7625   23.4966
   -7.5000    0.0000  -22.5000 2449.0227   24.1178
    0.0000    0.0000  -22.5000 2456.5359   24.1430
    7.5000    0.0000  -22.5000 2416.3870   24.5368
   -7.5000    7.5000  -22.5000 2380.2834   25.4742
    0.0000    7.5000  -22.5000 2392.5095   25.4324
    7.5000    7.5000  -22.5000 2352.1387   25.8746
   -7.5000   15.0000  -22.5000 2280.5117   27.2236
    0.0000   15.0000  -22.5000 2290.0188   27.1782
    7.5000   15.0000  -22.5000 2254.4309   27.6595
   -7.5000   22.5000  -22.5000 2171.8735   29.7214
    0.0000   22.5000  -22.5000 2179.2771   29.6441
    7.5000   22.5000  -22.5000 2142.7588   30.1461
   -7.5000   30.0000  -22.5000 2049.2266   33.1404
    0.0000   30.0000  -22.5000 2053.7363   33.0508
    7.5000   30.0000  -22.5000 2020.2195   33.5622
   -7.5000   37.5000  -22.5000 1922.7369   37.6455
    0.0000   37.5000  -22.5000 1927.8899   37.7013
    7.5000   37.5000  -22.5000 1892.4728   38.3989
   -7.5000   45.0000  -22.5000 1785.7073   43.8945
    0.0000   45.0000  -22.5000 1788.5670   43.9221
    7.5000   45.0000  -22.5000 1751.1044   44.8963
   -7.5000  -45.0000  -15.0000 2428.2368   23.1577
    0.0000  -45.0000  -15.0000 2431.9670   23.1550
    7.5000  -45.0000  -15.0000 2398.1311   23.2935
   -7.5000  -37.5000  -15.0000 2520.5803   21.6774
    0.0000  -37.5000  -15.0000 2527.7869   21.7421
    7.5000  -37.5000  -15.0000 2485.4385   21.7789
   -7.5000  -30.0000  -15.0000 2577.3718   20.9605
    0.0000  -30.0000  -15.0000 2593.6650   21.0038
    7.5000  -30.0000  -15.0000 2540.8984   21.1132
   -7.5000  -22.5000  -15.0000 2615.5972   20.7416
    0.0000  -22.5000  -15.0000 2624.5352   20.7156
    7.5000  -22.5000  -15.0000 2577.9988   20.8433
   -7.5000  -15.0000  -15.0000 2614.2197   21.0437
    0.0000  -15.0000  -15.0000 2619.4424   20.9630
    7.5000  -15.0000  -15.0000 2573.5076   21.1388
   -7.5000   -7.5000  -15.0000 2593.3447   21.6067
    0.0000   -7.5000  -15.0000 2608.7319   21.6167
    7.5000   -7.5000  -15.0000 2560.7192   21.8902
   -7.5000    0.0000  -15.0000 2559.5076   22.6317
    0.0000    0.0000  -15.0000 2568.8398   22.6394
    7.5000    0.0000  -15.0000 2520.0750   22.9585
   -7.5000    7.5000  -15.0000 2480.5764   23.8895
    0.0000    7.5000  -15.0000 2495.3032   23.9156
    7.5000    7.5000  -15.0000 2449.7766   24.2597
   -7.5000   15.0000  -15.0000 2377.9641   25.5231
    0.0000   15.0000  -15.0000 2392.3550   25.5019
    7.5000   15.0000  -15.0000 2349.9749   25.8998
   -7.5000   22.5000  -15.0000 2259.6394   27.7584
    0.0000   22.5000  -15.0000 2272.7170   27.7773
    7.5000   22.5000  -15.0000 2233.4016   28.2364
   -7.5000   30.0000  -15.0000 2126.5852   31.0569
    0.0000   30.0000  -15.0000 2131.1663   30.9931
    7.5000   30.0000  -15.0000 2097.7529   31.5422
   -7.5000   37.5000  -15.0000 1992.2252   35.3379
    0.0000   37.5000  -15.0000 1994.3256   35.3719
    7.5000   37.5000  -15.0000 1964.0917   36.0094
   -7.5000   45.0000  -15.0000 1846.5763   41.1820
    0.0000   45.0000  -15.0000 1848.6512   41.0485
    7.5000   45.0000  -15.0000 1817.4729   41.9842
   -7.5000  -45.0000   -7.5000 2470.4094   21.9754
    0.0000  -45.0000   -7.5000 2480.2021   21.9427
    7.5000  -45.0000   -7.5000 2442.3396   22.1485
   -7.5000  -37.5000   -7.5000 2571.5510   20.4719
    0.0000  -37.5000   -7.5000 2588.7751   20.4844
    7.5000  -37.5000   -7.5000 2537.6362   20.6349
   -7.5000  -30.0000   -7.5000 2646.4167   19.6220
    0.0000  -30.0000   -7.5000 2659.6055   19.6051
    7.5000  -30.0000   -7.5000 2611.0830   19.7667
   -7.5000  -22.5000   -7.5000 2699.8193   19.3057
    0.0000  -22.5000   -7.5000 2705.0437   19.2809
    7.5000  -22.5000   -7.5000 2655.2791   19.4591
   -7.5000  -15.0000   -7.5000 2711.0605   19.5352
    0.0000  -15.0000   -7.5000 2719.9141   19.4844
    7.5000  -15.0000   -7.5000 2668.2812   19.6430
   -7.5000   -7.5000   -7.5000 2702.7729   20.2473
    0.0000   -7.5000   -7.5000 2710.9380   20.1782
    7.5000   -7.5000   -7.5000 2656.6897   20.4064
   -7.5000    0.0000   -7.5000 2656.6355   21.2045
    0.0000    0.0000   -7.5000 2677.3789   21.2036
    7.5000    0.0000   -7.5000 2612.7202   21.4735
   -7.5000    7.5000   -7.5000 2578.1060   22.4567
    0.0000    7.5000   -7.5000 2597.6658   22.4773
    7.5000    7.5000   -7.5000 2541.3740   22.8289
   -7.5000   15.0000   -7.5000 2466.4683   24.0298
    0.0000   15.0000   -7.5000 2485.7256   24.0205
    7.5000   15.0000   -7.5000 2435.5125   24.4473
   -7.5000   22.5000   -7.5000 2340.4424   26.1755
    0.0000   22.5000   -7.5000 2354.4768   26.2041
    7.5000   22.5000   -7.5000 2312.1001   26.6496
   -7.5000   30.0000   -7.5000 2200.4368   29.3520
    0.0000   30.0000   -7.5000 2207.2356   29.3095
    7.5000   30.0000   -7.5000 2168.7852   29.7459
   -7.5000   37.5000   -7.5000 2054.7249   33.3969
    0.0000   37.5000   -7.5000 2056.9324   33.3474
    7.5000   37.5000   -7.5000 2020.7240   33.8931
   -7.5000   45.0000   -7.5000 1894.7087   38.6748
    0.0000   45.0000   -7.5000 1900.4919   38.5533
    7.5000   45.0000   -7.5000 1863.7986   39.3407
   -7.5000  -45.0000    0.0000 2515.9836   21.1588
    0.0000  -45.0000    0.0000 2520.5132   21.0539
    7.5000  -45.0000    0.0000 2495.9365   21.4248
   -7.5000  -37.5000    0.0000 2621.0793   19.6635
    0.0000  -37.5000    0.0000 2628.0562   19.5664
    7.5000  -37.5000    0.0000 2597.1680   19.9084
   -7.5000  -30.0000    0.0000 2704.1951   18.7013
    0.0000  -30.0000    0.0000 2709.7273   18.5772
    7.5000  -30.0000    0.0000 2672.4900   18.9457
   -7.5000  -22.5000    0.0000 2768.8403   18.2527
    0.0000  -22.5000    0.0000 2777.1714   18.1970
    7.5000  -22.5000    0.0000 2729.2600   18.5427
   -7.5000  -15.0000    0.0000 2798.0342   18.4101
    0.0000  -15.0000    0.0000 2804.6228   18.3542
    7.5000  -15.0000    0.0000 2749.1433   18.6534
   -7.5000   -7.5000    0.0000 2796.9956   19.0815
    0.0000   -7.5000    0.0000 2803.7617   19.0411
    7.5000   -7.5000    0.0000 2743.7019   19.2883
   -7.5000    0.0000    0.0000 2747.5200   20.0045
    0.0000    0.0000    0.0000 2763.7642   19.9861
    7.5000    0.0000    0.0000 2699.0115   20.2955
   -7.5000    7.5000    0.0000 2656.1851   21.2394
    0.0000    7.5000    0.0000 2671.3374   21.2397
    7.5000    7.5000    0.0000 2614.3684   21.6682
   -7.5000   15.0000    0.0000 2530.3223   22.8540
    0.0000   15.0000    0.0000 2550.7061   22.8715
    7.5000   15.0000    0.0000 2495.5376   23.3129
   -7.5000   22.5000    0.0000 2405.9141   25.0402
    0.0000   22.5000    0.0000 2415.6890   25.0559
    7.5000   22.5000    0.0000 2368.9609   25.4798
   -7.5000   30.0000    0.0000 2260.1416   27.9957
    0.0000   30.0000    0.0000 2267.1667   28.0015
    7.5000   30.0000    0.0000 2222.2327   28.4669
   -7.5000   37.5000    0.0000 2099.1450   31.7906
    0.0000   37.5000    0.0000 2105.8071   31.8334
    7.5000   37.5000    0.0000 2063.5725   32.3944
   -7.5000   45.0000    0.0000 1927.2485   36.8626
    0.0000   45.0000    0.0000 1929.4635   36.7901
    7.5000   45.0000    0.0000 1893.8783   37.5217
   -7.5000  -45.0000    7.5000 2543.8979   20.5860
    0.0000  -45.0000    7.5000 2541.7048   20.3833
    7.5000  -45.0000    7.5000 2529.9668   20.9729
   -7.5000  -37.5000    7.5000 2656.7068   19.1029
    0.0000  -37.5000    7.5000 2656.3381   18.8898
    7.5000  -37.5000    7.5000 2639.4517   19.4727
   -7.5000  -30.0000    7.5000 2742.3081   18.1551
    0.0000  -30.0000    7.5000 2743.4011   17.9440
    7.5000  -30.0000    7.5000 2713.3293   18.4904
   -7.5000  -22.5000    7.5000 2825.0264   17.6180
    0.0000  -22.5000    7.5000 2831.1670   17.4765
    7.5000  -22.5000    7.5000 2776.2686   17.9828
   -7.5000  -15.0000    7.5000 2863.8000   17.6190
    0.0000  -15.0000    7.5000 2877.4963   17.5373
    7.5000  -15.0000    7.5000 2811.9084   18.0412
   -7.5000   -7.5000    7.5000 2859.8994   18.0930
    0.0000   -7.5000    7.5000 2872.2439   18.0260
    7.5000   -7.5000    7.5000 2805.4229   18.5080
   -7.5000    0.0000    7.5000 2801.1777   19.0881
    0.0000    0.0000    7.5000 2810.3789   18.9938
    7.5000    0.0000    7.5000 2750.3523   19.4532
   -7.5000    7.5000    7.5000 2707.4492   20.4208
    0.0000    7.5000    7.5000 2716.8733   20.3929
    7.5000    7.5000    7.5000 2663.3157   20.8414
   -7.5000   15.0000    7.5000 2572.8320   22.1094
    0.0000   15.0000    7.5000 2589.2178   22.0879
    7.5000   15.0000    7.5000 2541.8540   22.5345
   -7.5000   22.5000    7.5000 2437.0508   24.2668
    0.0000   22.5000    7.5000 2448.8823   24.2378
    7.5000   22.5000    7.5000 2403.9614   24.7705
   -7.5000   30.0000    7.5000 2287.7676   27.1102
    0.0000   30.0000    7.5000 2296.9116   27.1484
    7.5000   30.0000    7.5000 2252.2800   27.7092
   -7.5000   37.5000    7.5000 2127.0261   30.7764
    0.0000   37.5000    7.5000 2129.9673   30.8611
    7.5000   37.5000    7.5000 2093.0928   31.5626
   -7.5000   45.0000    7.5000 1953.3917   35.6553
    0.0000   45.0000    7.5000 1962.2064   35.6870
    7.5000   45.0000    7.5000 1920.6047   36.4418
   -7.5000  -45.0000   15.0000 2540.0251   20.3930
    0.0000  -45.0000   15.0000 2544.5400   20.0449
    7.5000  -45.0000   15.0000 2533.6643   20.7612
   -7.5000  -37.5000   15.0000 2654.3181   18.9021
    0.0000  -37.5000   15.0000 2660.3140   18.5483
    7.5000  -37.5000   15.0000 2643.6421   19.2647
   -7.5000  -30.0000   15.0000 2748.6533   17.9532
    0.0000  -30.0000   15.0000 2753.6433   17.6369
    7.5000  -30.0000   15.0000 2726.6011   18.2744
   -7.5000  -22.5000   15.0000 2837.6260   17.2999
    0.0000  -22.5000   15.0000 2845.7107   17.0749
    7.5000  -22.5000   15.0000 2790.3123   17.6685
   -7.5000  -15.0000   15.0000 2884.0364   17.1406
    0.0000  -15.0000   15.0000 2897.9451   16.9281
    7.5000  -15.0000   15.0000 2826.2266   17.6400
   -7.5000   -7.5000   15.0000 2878.6108   17.5586
    0.0000   -7.5000   15.0000 2892.2415   17.3897
    7.5000   -7.5000   15.0000 2825.9089   18.0092
   -7.5000    0.0000   15.0000 2819.4019   18.6027
    0.0000    0.0000   15.0000 2833.7964   18.4830
    7.5000    0.0000   15.0000 2771.1294   18.9939
   -7.5000    7.5000   15.0000 2725.9988   20.0494
    0.0000    7.5000   15.0000 2732.9221   19.9516
    7.5000    7.5000   15.0000 2681.1990   20.4071
   -7.5000   15.0000   15.0000 2590.4460   21.8434
    0.0000   15.0000   15.0000 2603.1855   21.8104
    7.5000   15.0000   15.0000 2554.9570   22.1840
   -7.5000   22.5000   15.0000 2444.8967   24.0611
    0.0000   22.5000   15.0000 2455.1731   24.0567
    7.5000   22.5000   15.0000 2412.8198   24.4865
   -7.5000   30.0000   15.0000 2290.7219   26.8014
    0.0000   30.0000   15.0000 2296.9788   26.8536
    7.5000   30.0000   15.0000 2262.1980   27.3623
   -7.5000   37.5000   15.0000 2130.8701   30.4694
    0.0000   37.5000   15.0000 2137.7754   30.5440
    7.5000   37.5000   15.0000 2097.2510   31.1919
   -7.5000   45.0000   15.0000 1950.7671   35.1533
    0.0000   45.0000   15.0000 1958.1335   35.1698
    7.5000   45.0000   15.0000 1923.7543   35.8877
   -7.5000  -45.0000   22.5000 2513.2629   20.4392
    0.0000  -45.0000   22.5000 2528.6282   20.0805
    7.5000  -45.0000   22.5000 2506.6179   20.8219
   -7.5000  -37.5000   22.5000 2627.7661   18.9530
    0.0000  -37.5000   22.5000 2642.1458   18.5949
    7.5000  -37.5000   22.5000 2618.2419   19.3497
   -7.5000  -30.0000   22.5000 2726.6064   17.9841
    0.0000  -30.0000   22.5000 2739.9971   17.6323
    7.5000  -30.0000   22.5000 2706.8433   18.3380
   -7.5000  -22.5000   22.5000 2806.0964   17.2976
    0.0000  -22.5000   22.5000 2820.1936   16.9766
    7.5000  -22.5000   22.5000 2773.2603   17.6817
   -7.5000  -15.0000   22.5000 2862.4988   17.1621
    0.0000  -15.0000   22.5000 2873.0796   16.8464
    7.5000  -15.0000   22.5000 2819.9927   17.5694
   -7.5000   -7.5000   22.5000 2857.5249   17.5965
    0.0000   -7.5000   22.5000 2876.3025   17.3990
    7.5000   -7.5000   22.5000 2816.2236   17.9539
   -7.5000    0.0000   22.5000 2800.0393   18.5232
    0.0000    0.0000   22.5000 2818.9324   18.3700
    7.5000    0.0000   22.5000 2763.3018   18.8358
   -7.5000    7.5000   22.5000 2703.8164   19.9820
    0.0000    7.5000   22.5000 2717.2295   19.9040
    7.5000    7.5000   22.5000 2671.2793   20.3272
   -7.5000   15.0000   22.5000 2576.0542   21.8419
    0.0000   15.0000   22.5000 2591.2300   21.7895
    7.5000   15.0000   22.5000 2543.4929   22.1828
   -7.5000   22.5000   22.5000 2437.1509   24.1431
    0.0000   22.5000   22.5000 2447.9758   24.1237
    7.5000   22.5000   22.5000 2406.5730   24.5042
   -7.5000   30.0000   22.5000 2272.4448   26.9151
    0.0000   30.0000   22.5000 2281.3628   26.9014
    7.5000   30.0000   22.5000 2250.9392   27.3378
   -7.5000   37.5000   22.5000 2108.9429   30.5251
    0.0000   37.5000   22.5000 2119.3447   30.5353
    7.5000   37.5000   22.5000 2088.7939   31.0259
   -7.5000   45.0000   22.5000 1936.8912   35.0439
    0.0000   45.0000   22.5000 1947.3828   35.0059
    7.5000   45.0000   22.5000 1914.8904   35.5621
   -7.5000  -45.0000   30.0000 2468.2510   20.7437
    0.0000  -45.0000   30.0000 2490.7644   20.4558
    7.5000  -45.0000   30.0000 2460.0874   21.1679
   -7.5000  -37.5000   30.0000 2573.2517   19.2617
    0.0000  -37.5000   30.0000 2591.1748   18.9799
    7.5000  -37.5000   30.0000 2562.0864   19.6884
   -7.5000  -30.0000   30.0000 2670.4006   18.3102
    0.0000  -30.0000   30.0000 2691.8525   18.0272
    7.5000  -30.0000   30.0000 2651.2686   18.6874
   -7.5000  -22.5000   30.0000 2753.0103   17.6722
    0.0000  -22.5000   30.0000 2762.7397   17.3465
    7.5000  -22.5000   30.0000 2718.5388   18.0587
   -7.5000  -15.0000   30.0000 2799.7583   17.7414
    0.0000  -15.0000   30.0000 2805.4526   17.3905
    7.5000  -15.0000   30.0000 2754.4651   18.0299
   -7.5000   -7.5000   30.0000 2792.4590   18.1323
    0.0000   -7.5000   30.0000 2799.8755   17.9040
    7.5000   -7.5000   30.0000 2753.0352   18.3598
   -7.5000    0.0000   30.0000 2737.4285   18.9348
    0.0000    0.0000   30.0000 2747.7585   18.8099
    7.5000    0.0000   30.0000 2698.5615   19.1662
   -7.5000    7.5000   30.0000 2643.8044   20.2704
    0.0000    7.5000   30.0000 2657.8674   20.2277
    7.5000    7.5000   30.0000 2614.8792   20.5774
   -7.5000   15.0000   30.0000 2529.1785   22.0747
    0.0000   15.0000   30.0000 2539.2134   21.9931
    7.5000   15.0000   30.0000 2498.1606   22.3939
   -7.5000   22.5000   30.0000 2404.7429   24.3345
    0.0000   22.5000   30.0000 2415.1599   24.2907
    7.5000   22.5000   30.0000 2373.2627   24.6789
   -7.5000   30.0000   30.0000 2247.2803   27.1408
    0.0000   30.0000   30.0000 2260.1313   27.1547
    7.5000   30.0000   30.0000 2225.6917   27.5781
   -7.5000   37.5000   30.0000 2085.5273   30.7564
    0.0000   37.5000   30.0000 2095.0073   30.6747
    7.5000   37.5000   30.0000 2065.1755   31.2200
   -7.5000   45.0000   30.0000 1910.0557   35.2184
    0.0000   45.0000   30.0000 1918.6691   35.0478
    7.5000   45.0000   30.0000 1889.4905   35.7338
   -7.5000  -45.0000   37.5000 2415.7500   21.5261
    0.0000  -45.0000   37.5000 2437.7151   21.2583
    7.5000  -45.0000   37.5000 2401.6804   21.9041
   -7.5000  -37.5000   37.5000 2513.3730   20.0009
    0.0000  -37.5000   37.5000 2532.3918   19.7841
    7.5000  -37.5000   37.5000 2501.7747   20.4019
   -7.5000  -30.0000   37.5000 2597.2593   19.1022
    0.0000  -30.0000   37.5000 2617.9949   18.8515
    7.5000  -30.0000   37.5000 2574.3660   19.4344
   -7.5000  -22.5000   37.5000 2682.0588   18.6321
    0.0000  -22.5000   37.5000 2693.0745   18.3585
    7.5000  -22.5000   37.5000 2647.1208   18.9644
   -7.5000  -15.0000   37.5000 2722.8926   18.6575
    0.0000  -15.0000   37.5000 2732.5696   18.3965
    7.5000  -15.0000   37.5000 2680.8284   18.8602
   -7.5000   -7.5000   37.5000 2709.6699   19.0460
    0.0000   -7.5000   37.5000 2711.2852   18.8259
    7.5000   -7.5000   37.5000 2671.4519   19.2370
   -7.5000    0.0000   37.5000 2650.2263   19.8130
    0.0000    0.0000   37.5000 2650.6909   19.6424
    7.5000    0.0000   37.5000 2617.4819   20.0081
   -7.5000    7.5000   37.5000 2572.4463   21.0939
    0.0000    7.5000   37.5000 2580.8352   20.9723
    7.5000    7.5000   37.5000 2550.2942   21.3265
   -7.5000   15.0000   37.5000 2463.8967   22.8149
    0.0000   15.0000   37.5000 2473.9500   22.7041
    7.5000   15.0000   37.5000 2440.8718   23.0852
   -7.5000   22.5000   37.5000 2351.3203   25.0130
    0.0000   22.5000   37.5000 2360.0215   24.8559
    7.5000   22.5000   37.5000 2320.4958   25.3207
   -7.5000   30.0000   37.5000 2204.6802   27.7316
    0.0000   30.0000   37.5000 2210.0439   27.6540
    7.5000   30.0000   37.5000 2178.4097   28.1794
   -7.5000   37.5000   37.5000 2048.7043   31.2618
    0.0000   37.5000   37.5000 2057.2305   31.2171
    7.5000   37.5000   37.5000 2026.3979   31.8555
   -7.5000   45.0000   37.5000 1884.3381   35.7294
    0.0000   45.0000   37.5000 1891.8798   35.6008
    7.5000   45.0000   37.5000 1867.4485   36.2427
   -7.5000  -45.0000   45.0000 2347.9028   22.7344
    0.0000  -45.0000   45.0000 2369.8691   22.5322
    7.5000  -45.0000   45.0000 2334.9622   23.1174
   -7.5000  -37.5000   45.0000 2443.6479   21.3159
    0.0000  -37.5000   45.0000 2466.2200   21.1897
    7.5000  -37.5000   45.0000 2427.6265   21.6607
   -7.5000  -30.0000   45.0000 2523.6091   20.3915
    0.0000  -30.0000   45.0000 2548.6340   20.2451
    7.5000  -30.0000   45.0000 2495.4446   20.7254
   -7.5000  -22.5000   45.0000 2594.7607   19.9465
    0.0000  -22.5000   45.0000 2615.1714   19.7674
    7.5000  -22.5000   45.0000 2560.6758   20.1739
   -7.5000  -15.0000   45.0000 2621.8975   19.8544
    0.0000  -15.0000   45.0000 2642.8376   19.7261
    7.5000  -15.0000   45.0000 2591.8162   20.0747
   -7.5000   -7.5000   45.0000 2611.5415   20.2550
    0.0000   -7.5000   45.0000 2619.0212   20.0826
    7.5000   -7.5000   45.0000 2582.4458   20.4442
   -7.5000    0.0000   45.0000 2556.1443   21.0104
    0.0000    0.0000   45.0000 2560.8521   20.8737
    7.5000    0.0000   45.0000 2529.2817   21.1970
   -7.5000    7.5000   45.0000 2484.7654   22.2757
    0.0000    7.5000   45.0000 2491.4126   22.1468
    7.5000    7.5000   45.0000 2460.3586   22.4681
   -7.5000   15.0000   45.0000 2387.4058   24.0129
    0.0000   15.0000   45.0000 2393.2957   23.8958
    7.5000   15.0000   45.0000 2363.0244   24.2623
   -7.5000   22.5000   45.0000 2274.4128   26.1236
    0.0000   22.5000   45.0000 2277.5691   25.9484
    7.5000   22.5000   45.0000 2252.9287   26.4185
   -7.5000   30.0000   45.0000 2143.2183   28.7914
    0.0000   30.0000   45.0000 2145.9663   28.6460
    7.5000   30.0000   45.0000 2121.3777   29.1854
   -7.5000   37.5000   45.0000 2002.8856   32.3664
    0.0000   37.5000   45.0000 2007.0070   32.2511
    7.5000   37.5000   45.0000 1980.5475   32.9076
   -7.5000   45.0000   45.0000 1845.2506   36.8294
    0.0000   45.0000   45.0000 1852.9779   36.7271
    7.5000   45.0000   45.0000 1827.6320   37.3505

---------------------------------------------------------------------
imgreg_4dfp /opt/freesurfer/average/711-2C_as_mni_average_305 /opt/freesurfer/average/711-2B_as_mni_average_305_mask talsrcimg_g11 none talsrcimg_to_711-2C_as_mni_average_305_t4 1283
---------------------------------------------------------------------

freesurfer imgreg_4dfp.c
/opt/freesurfer/average/711-2C_as_mni_average_305.4dfp.img
       256       256       256         1
  1.000000  1.000000  1.000000
orientation T byte_order littleendian
Reading image: /opt/freesurfer/average/711-2C_as_mni_average_305.4dfp.img
dimensions:      256       256       256
mmppix:       1.0000   -1.0000   -1.0000
center:     128.0000 -129.0000 -129.0000
/opt/freesurfer/average/711-2B_as_mni_average_305_mask.4dfp.img
       256       256       256         1
  1.000000  1.000000  1.000000
orientation T byte_order littleendian
Reading mask: /opt/freesurfer/average/711-2B_as_mni_average_305_mask.4dfp.img (2306576 pixels)
talsrcimg_g11.4dfp.img
       256       256       256         1
  1.000000  1.000000  1.000000
orientation T byte_order littleendian
Reading image: talsrcimg_g11.4dfp.img
dimensions:      256       256       256
mmppix:       1.0000   -1.0000   -1.0000
center:     128.0000 -129.0000 -129.0000
rotation matrix determinant  1.000000
fimgreg.f
image alignment mode   1283 decimal      503 hex
parameters
    0.0000  -15.0000   15.0000    0.0000    0.0000    0.0000
eta,q 0.90953 16.78574
niter,ni,del,rscale     5    3   12.0000    1.2000
parameters
   -1.2487  -14.0740   13.1501   -1.8464   -1.1201    0.5307
eta,q 0.91752 16.89522
  0.0914  0.0996  0.0894  0.0828  0.0864  0.0864
  0.0885  0.0917  0.0855  0.0837  0.0829  0.0847
  0.0862  0.0874  0.0833  0.0829  0.0823  0.0834
  0.0853  0.0853  0.0851  0.0830  0.0829  0.0825
  0.0871  0.0863  0.0901  0.0828  0.0843  0.0828
  0.0936  0.0901  0.0926  0.0835  0.0861  0.0837
  0.1032  0.0914  0.0935  0.0861  0.0897  0.0855
niter,ni,del,rscale     4    3   12.0000    1.2000
parameter  4  1.034663 ->  0.500000 qaram    1.1500
parameter  6  1.870745 ->  0.500000 qaram    1.1500
parameters
   -1.3742  -12.8219   12.9865   -5.2964   -2.3157   -2.9193
eta,q 0.92141 16.82509
  0.0915  0.0924  0.0927  0.0803  0.0850  0.0802
  0.0870  0.0872  0.0865  0.0823  0.0821  0.0785
  0.0834  0.0847  0.0821  0.0825  0.0818  0.0796
  0.0825  0.0825  0.0824  0.0821  0.0826  0.0821
  0.0833  0.0828  0.0879  0.0823  0.0836  0.0838
  0.0864  0.0847  0.0903  0.0837  0.0852  0.0845
  0.0931  0.0863  0.0895  0.0862  0.0867  0.0852
niter,ni,del,rscale     5    3   12.0000    1.2000
parameter  4  1.669806 ->  0.500000 qaram    1.3225
parameters
   -1.9669  -11.2468   13.8359   -9.2639   -0.4678   -0.3349
eta,q 0.92271 16.62921
  0.0880  0.0930  0.0904  0.0752  0.0836  0.0865
  0.0823  0.0874  0.0830  0.0762  0.0795  0.0831
  0.0793  0.0820  0.0786  0.0778  0.0774  0.0785
  0.0786  0.0784  0.0780  0.0791  0.0765  0.0762
  0.0812  0.0783  0.0812  0.0814  0.0762  0.0771
  0.0857  0.0805  0.0830  0.0836  0.0768  0.0777
  0.0918  0.0834  0.0826  0.0868  0.0777  0.0779
niter,ni,del,rscale     5    3   12.0000    1.2000
parameter  3 -0.929366 -> -0.500000 qaram    1.1500
parameters
   -2.1951   -9.3539   17.2859  -12.1166   -0.1813   -0.2701
eta,q 0.92890 16.48275
  0.0841  0.0889  0.0803  0.0752  0.0816  0.0778
  0.0783  0.0820  0.0782  0.0719  0.0757  0.0748
  0.0772  0.0781  0.0786  0.0711  0.0719  0.0726
  0.0773  0.0773  0.0760  0.0720  0.0711  0.0711
  0.0779  0.0760  0.0727  0.0756  0.0724  0.0712
  0.0798  0.0761  0.0723  0.0824  0.0754  0.0739
  0.0847  0.0791  0.0749  0.0891  0.0789  0.0784
niter,ni,del,rscale     5    3   12.0000    1.2000
parameters
   -1.7286   -8.1865   14.9831  -14.8543   -0.5667    0.2997
eta,q 0.93396 16.57962
  0.0870  0.0827  0.0755  0.0729  0.0726  0.0723
  0.0793  0.0759  0.0718  0.0675  0.0693  0.0691
  0.0729  0.0731  0.0699  0.0664  0.0667  0.0670
  0.0711  0.0713  0.0708  0.0699  0.0663  0.0662
  0.0722  0.0709  0.0756  0.0731  0.0684  0.0662
  0.0760  0.0721  0.0832  0.0770  0.0713  0.0675
  0.0827  0.0761  0.0904  0.0820  0.0732  0.0708
niter,ni,del,rscale     4    3   12.0000    1.2000
parameters
   -1.7042   -7.6027   14.1694  -15.6034   -0.7506    0.4868
eta,q 0.93452 16.62913
  0.0807  0.0776  0.0778  0.0766  0.0712  0.0708
  0.0716  0.0723  0.0712  0.0693  0.0682  0.0675
  0.0664  0.0683  0.0672  0.0663  0.0661  0.0661
  0.0660  0.0661  0.0659  0.0659  0.0655  0.0655
  0.0684  0.0663  0.0705  0.0697  0.0669  0.0658
  0.0726  0.0691  0.0768  0.0745  0.0696  0.0671
  0.0790  0.0745  0.0829  0.0784  0.0710  0.0703
niter,ni,del,rscale     3    3   12.0000    1.2000
parameters
   -1.7630   -7.2929   14.0534  -16.1406   -0.7310    0.4799
eta,q 0.93464 16.63290
  0.0795  0.0766  0.0804  0.0763  0.0714  0.0700
  0.0706  0.0708  0.0725  0.0699  0.0682  0.0667
  0.0658  0.0672  0.0677  0.0665  0.0659  0.0655
  0.0655  0.0654  0.0654  0.0654  0.0654  0.0654
  0.0680  0.0662  0.0679  0.0684  0.0667  0.0657
  0.0723  0.0694  0.0746  0.0736  0.0692  0.0667
  0.0785  0.0746  0.0805  0.0779  0.0704  0.0699
niter,ni,del,rscale     2    3   12.0000    1.2000
parameters
   -1.7974   -7.0815   14.0167  -16.5058   -0.6837    0.4754
eta,q 0.93461 16.63604
  0.0794  0.0760  0.0807  0.0760  0.0713  0.0697
  0.0707  0.0697  0.0722  0.0705  0.0680  0.0663
  0.0658  0.0667  0.0677  0.0667  0.0658  0.0652
  0.0654  0.0653  0.0653  0.0653  0.0654  0.0654
  0.0678  0.0662  0.0675  0.0676  0.0669  0.0656
  0.0720  0.0693  0.0741  0.0726  0.0691  0.0664
  0.0783  0.0742  0.0799  0.0775  0.0700  0.0695
niter,ni,del,rscale     1    3   12.0000    1.2000
parameters
   -1.8392   -6.9391   13.9845  -16.7488   -0.6336    0.5066
eta,q 0.93456 16.63805
  0.0793  0.0754  0.0806  0.0758  0.0712  0.0695
  0.0708  0.0690  0.0720  0.0709  0.0679  0.0662
  0.0658  0.0665  0.0677  0.0667  0.0657  0.0651
  0.0654  0.0654  0.0653  0.0654  0.0654  0.0654
  0.0678  0.0662  0.0674  0.0671  0.0670  0.0656
  0.0720  0.0692  0.0740  0.0719  0.0690  0.0662
  0.0784  0.0740  0.0798  0.0771  0.0697  0.0692
registration optimization eta report
parameter search radius
    6.0000    6.0000    6.9000    7.9350    6.0000    6.9000
100000*second partial in parameter space
       38.       26.       30.       17.       13.        9.
  0.0793  0.0754  0.0806  0.0758  0.0712  0.0695
  0.0708  0.0690  0.0720  0.0709  0.0679  0.0662
  0.0658  0.0665  0.0677  0.0667  0.0657  0.0651
  0.0654  0.0654  0.0653  0.0654  0.0654  0.0654
  0.0678  0.0662  0.0674  0.0671  0.0670  0.0656
  0.0720  0.0692  0.0740  0.0719  0.0690  0.0662
  0.0784  0.0740  0.0798  0.0771  0.0697  0.0692
   -1.8392   -6.9391   13.9845  -16.7488   -0.6336    0.5066
eta,q 0.93456 16.63805

---------------------------------------------------------------------
imgreg_4dfp /opt/freesurfer/average/711-2C_as_mni_average_305 /opt/freesurfer/average/711-2B_as_mni_average_305_mask talsrcimg_g11 none talsrcimg_to_711-2C_as_mni_average_305_t4 3335
---------------------------------------------------------------------

freesurfer imgreg_4dfp.c
/opt/freesurfer/average/711-2C_as_mni_average_305.4dfp.img
       256       256       256         1
  1.000000  1.000000  1.000000
orientation T byte_order littleendian
Reading image: /opt/freesurfer/average/711-2C_as_mni_average_305.4dfp.img
dimensions:      256       256       256
mmppix:       1.0000   -1.0000   -1.0000
center:     128.0000 -129.0000 -129.0000
/opt/freesurfer/average/711-2B_as_mni_average_305_mask.4dfp.img
       256       256       256         1
  1.000000  1.000000  1.000000
orientation T byte_order littleendian
Reading mask: /opt/freesurfer/average/711-2B_as_mni_average_305_mask.4dfp.img (2306576 pixels)
talsrcimg_g11.4dfp.img
       256       256       256         1
  1.000000  1.000000  1.000000
orientation T byte_order littleendian
Reading image: talsrcimg_g11.4dfp.img
dimensions:      256       256       256
mmppix:       1.0000   -1.0000   -1.0000
center:     128.0000 -129.0000 -129.0000
fimgreg.f
image alignment mode   3335 decimal      D07 hex
parameters
   -1.8392   -6.9391   13.9845   -0.0100   -4.2488   -4.2481
   -1.1653    0.8041    0.8841   28.8259   -1.1058  -28.8159
eta,q 0.93432 16.67090
niter,ni,del,rscale     5    3    5.0000    1.2000
parameter  4  2.619823 ->  0.500000 qaram    1.1500
parameter  5  2.905704 ->  0.500000 qaram    1.1500
parameter  6  2.274457 ->  0.500000 qaram    1.1500
parameter 10  1.102384 ->  0.500000 qaram    1.1500
parameters
   -2.1799   -6.2507   14.0264   -4.1500   -8.3888   -8.3881
   -0.6198    0.0527    0.2295   24.6859   -1.8157  -29.2093
eta,q 0.95519 15.63720
  0.0674  0.0685  0.0672  0.0559  0.0495  0.0427  0.0499  0.0493  0.0479  0.0445  0.0459  0.0461
  0.0663  0.0671  0.0663  0.0582  0.0522  0.0458  0.0483  0.0476  0.0471  0.0447  0.0452  0.0452
  0.0657  0.0662  0.0658  0.0615  0.0553  0.0490  0.0472  0.0466  0.0466  0.0454  0.0448  0.0448
  0.0657  0.0657  0.0656  0.0656  0.0590  0.0530  0.0467  0.0466  0.0465  0.0465  0.0449  0.0448
  0.0662  0.0656  0.0657  0.0701  0.0631  0.0577  0.0468  0.0473  0.0468  0.0480  0.0451  0.0451
  0.0672  0.0658  0.0662  0.0750  0.0676  0.0630  0.0476  0.0485  0.0475  0.0498  0.0456  0.0456
  0.0687  0.0664  0.0670  0.0799  0.0725  0.0691  0.0491  0.0506  0.0485  0.0519  0.0462  0.0462
niter,ni,del,rscale     7    3    5.0000    1.2000
parameter  4  0.901833 ->  0.500000 qaram    1.3225
parameter  5  1.680919 ->  0.500000 qaram    1.3225
parameter  6  1.020893 ->  0.500000 qaram    1.3225
parameters
   -2.1798   -6.4685   13.4260   -8.9110  -13.1498  -13.1491
   -0.2209    0.4312    0.2222   25.2438   -1.5462  -32.3640
eta,q 0.96984 15.23763
  0.0482  0.0463  0.0454  0.0407  0.0340  0.0306  0.0345  0.0375  0.0332  0.0366  0.0325  0.0309
  0.0464  0.0455  0.0449  0.0408  0.0356  0.0305  0.0327  0.0344  0.0318  0.0341  0.0314  0.0303
  0.0452  0.0449  0.0447  0.0420  0.0380  0.0321  0.0313  0.0319  0.0310  0.0320  0.0308  0.0302
  0.0448  0.0448  0.0448  0.0447  0.0410  0.0362  0.0307  0.0307  0.0307  0.0307  0.0306  0.0306
  0.0452  0.0451  0.0451  0.0489  0.0447  0.0413  0.0310  0.0312  0.0310  0.0308  0.0308  0.0314
  0.0463  0.0459  0.0457  0.0542  0.0490  0.0468  0.0321  0.0334  0.0319  0.0327  0.0313  0.0324
  0.0483  0.0471  0.0468  0.0597  0.0539  0.0530  0.0339  0.0364  0.0332  0.0357  0.0322  0.0338
niter,ni,del,rscale     7    3    5.0000    1.2000
parameter  3  0.589489 ->  0.500000 qaram    1.1500
parameter  5  0.583650 ->  0.500000 qaram    1.5209
parameter 10 -0.758483 -> -0.500000 qaram    1.3225
parameters
   -2.1407   -6.1890   12.0459   -9.8861  -18.6249  -16.3766
   -0.7308    0.3914   -0.0906   30.0048   -1.1934  -35.0350
eta,q 0.97520 15.04723
  0.0346  0.0336  0.0297  0.0347  0.0285  0.0304  0.0303  0.0327  0.0295  0.0353  0.0271  0.0256
  0.0322  0.0319  0.0293  0.0324  0.0277  0.0289  0.0287  0.0300  0.0284  0.0325  0.0260  0.0250
  0.0307  0.0307  0.0294  0.0304  0.0281  0.0275  0.0278  0.0282  0.0277  0.0298  0.0254  0.0248
  0.0302  0.0302  0.0301  0.0292  0.0295  0.0276  0.0275  0.0275  0.0275  0.0275  0.0251  0.0251
  0.0306  0.0303  0.0314  0.0301  0.0319  0.0306  0.0281  0.0282  0.0279  0.0258  0.0252  0.0258
  0.0321  0.0310  0.0332  0.0334  0.0357  0.0361  0.0294  0.0301  0.0287  0.0250  0.0258  0.0270
  0.0343  0.0323  0.0355  0.0388  0.0407  0.0431  0.0311  0.0328  0.0298  0.0262  0.0267  0.0284
niter,ni,del,rscale     7    3    5.0000    1.2000
parameter  2 -0.571068 -> -0.500000 qaram    1.1500
parameters
   -2.1128   -4.8090   10.8350   -8.6812  -20.6445  -18.1127
   -0.7648    0.2791   -0.1591   31.8144   -0.9717  -37.8642
eta,q 0.97859 15.07067
  0.0293  0.0313  0.0242  0.0304  0.0271  0.0280  0.0263  0.0289  0.0255  0.0317  0.0239  0.0223
  0.0269  0.0286  0.0232  0.0277  0.0242  0.0256  0.0243  0.0256  0.0239  0.0282  0.0228  0.0216
  0.0253  0.0264  0.0230  0.0251  0.0224  0.0234  0.0230  0.0234  0.0229  0.0249  0.0221  0.0214
  0.0248  0.0248  0.0237  0.0230  0.0225  0.0222  0.0225  0.0225  0.0225  0.0225  0.0218  0.0218
  0.0253  0.0239  0.0252  0.0224  0.0243  0.0241  0.0230  0.0235  0.0230  0.0216  0.0219  0.0226
  0.0268  0.0237  0.0275  0.0242  0.0276  0.0293  0.0244  0.0260  0.0240  0.0232  0.0226  0.0239
  0.0290  0.0244  0.0303  0.0285  0.0328  0.0363  0.0263  0.0292  0.0256  0.0276  0.0237  0.0253
niter,ni,del,rscale     7    3    5.0000    1.2000
parameters
   -2.1360   -4.5742   10.3874   -8.1548  -21.3297  -18.7852
   -0.8207    0.1533   -0.1196   32.5578   -0.8798  -38.5865
eta,q 0.97898 15.07593
  0.0263  0.0270  0.0239  0.0288  0.0277  0.0284  0.0253  0.0279  0.0246  0.0297  0.0232  0.0229
  0.0236  0.0242  0.0223  0.0260  0.0243  0.0257  0.0232  0.0246  0.0228  0.0262  0.0221  0.0218
  0.0220  0.0223  0.0214  0.0233  0.0218  0.0231  0.0218  0.0222  0.0217  0.0232  0.0214  0.0212
  0.0214  0.0214  0.0214  0.0213  0.0211  0.0210  0.0213  0.0213  0.0213  0.0213  0.0211  0.0211
  0.0221  0.0217  0.0222  0.0212  0.0224  0.0216  0.0218  0.0223  0.0217  0.0210  0.0213  0.0215
  0.0238  0.0230  0.0239  0.0237  0.0251  0.0261  0.0233  0.0250  0.0228  0.0234  0.0220  0.0225
  0.0264  0.0255  0.0263  0.0286  0.0300  0.0327  0.0254  0.0283  0.0245  0.0285  0.0232  0.0238
niter,ni,del,rscale     6    3    5.0000    1.2000
parameters
   -2.1436   -4.4633   10.2114   -7.9605  -21.5807  -19.0635
   -0.8285    0.1026   -0.0922   32.8323   -0.8517  -38.8858
eta,q 0.97902 15.07757
  0.0260  0.0263  0.0242  0.0284  0.0282  0.0287  0.0252  0.0279  0.0244  0.0290  0.0232  0.0231
  0.0233  0.0236  0.0224  0.0256  0.0247  0.0259  0.0230  0.0245  0.0226  0.0256  0.0221  0.0219
  0.0216  0.0218  0.0213  0.0230  0.0220  0.0232  0.0216  0.0220  0.0215  0.0227  0.0213  0.0212
  0.0210  0.0210  0.0210  0.0210  0.0209  0.0209  0.0211  0.0211  0.0211  0.0211  0.0210  0.0210
  0.0217  0.0214  0.0216  0.0212  0.0220  0.0211  0.0216  0.0221  0.0215  0.0211  0.0212  0.0213
  0.0234  0.0230  0.0230  0.0241  0.0246  0.0251  0.0230  0.0247  0.0226  0.0238  0.0220  0.0222
  0.0261  0.0255  0.0252  0.0291  0.0293  0.0316  0.0252  0.0281  0.0243  0.0292  0.0232  0.0235
niter,ni,del,rscale     5    3    5.0000    1.2000
parameters
   -2.1470   -4.4176   10.1374   -7.8863  -21.6776  -19.1746
   -0.8339    0.0812   -0.0828   32.9509   -0.8524  -39.0054
eta,q 0.97903 15.07851
  0.0260  0.0260  0.0244  0.0283  0.0284  0.0289  0.0251  0.0279  0.0244  0.0287  0.0231  0.0233
  0.0233  0.0234  0.0225  0.0255  0.0248  0.0261  0.0230  0.0245  0.0226  0.0254  0.0220  0.0220
  0.0216  0.0217  0.0214  0.0229  0.0221  0.0233  0.0215  0.0220  0.0214  0.0226  0.0213  0.0212
  0.0210  0.0210  0.0210  0.0210  0.0210  0.0210  0.0210  0.0210  0.0210  0.0210  0.0210  0.0210
  0.0216  0.0215  0.0215  0.0213  0.0220  0.0209  0.0215  0.0220  0.0214  0.0212  0.0212  0.0213
  0.0234  0.0231  0.0228  0.0242  0.0245  0.0248  0.0230  0.0246  0.0226  0.0240  0.0220  0.0221
  0.0261  0.0257  0.0248  0.0294  0.0291  0.0312  0.0252  0.0280  0.0243  0.0295  0.0232  0.0234
niter,ni,del,rscale     4    3    5.0000    1.2000
parameters
   -2.1487   -4.3976   10.1089   -7.8596  -21.7189  -19.2157
   -0.8393    0.0747   -0.0756   33.0008   -0.8586  -39.0540
eta,q 0.97903 15.07883
  0.0260  0.0259  0.0245  0.0283  0.0285  0.0290  0.0251  0.0280  0.0244  0.0286  0.0231  0.0233
  0.0233  0.0233  0.0226  0.0255  0.0249  0.0261  0.0230  0.0245  0.0225  0.0253  0.0220  0.0220
  0.0216  0.0216  0.0214  0.0228  0.0221  0.0234  0.0215  0.0220  0.0214  0.0225  0.0213  0.0212
  0.0210  0.0210  0.0210  0.0210  0.0210  0.0210  0.0210  0.0210  0.0210  0.0210  0.0210  0.0210
  0.0216  0.0215  0.0214  0.0213  0.0220  0.0209  0.0215  0.0219  0.0214  0.0212  0.0212  0.0213
  0.0233  0.0232  0.0227  0.0243  0.0245  0.0246  0.0230  0.0246  0.0226  0.0241  0.0220  0.0221
  0.0260  0.0258  0.0247  0.0295  0.0290  0.0310  0.0251  0.0280  0.0243  0.0296  0.0232  0.0233
niter,ni,del,rscale     3    3    5.0000    1.2000
parameters
   -2.1486   -4.3894   10.0965   -7.8482  -21.7365  -19.2338
   -0.8424    0.0729   -0.0683   33.0218   -0.8613  -39.0745
eta,q 0.97903 15.07890
  0.0261  0.0258  0.0246  0.0283  0.0285  0.0290  0.0251  0.0280  0.0243  0.0286  0.0231  0.0233
  0.0233  0.0233  0.0226  0.0255  0.0249  0.0261  0.0230  0.0245  0.0225  0.0252  0.0220  0.0220
  0.0216  0.0216  0.0214  0.0228  0.0222  0.0234  0.0215  0.0220  0.0214  0.0225  0.0213  0.0212
  0.0210  0.0210  0.0210  0.0210  0.0210  0.0210  0.0210  0.0210  0.0210  0.0210  0.0210  0.0210
  0.0216  0.0215  0.0214  0.0213  0.0219  0.0209  0.0215  0.0219  0.0214  0.0212  0.0212  0.0213
  0.0233  0.0232  0.0226  0.0243  0.0245  0.0246  0.0229  0.0245  0.0226  0.0241  0.0220  0.0221
  0.0260  0.0258  0.0247  0.0295  0.0290  0.0310  0.0251  0.0280  0.0243  0.0297  0.0232  0.0233
registration optimization eta report
parameter search radius
    2.4000    2.7600    2.7600    9.5220   10.9503    9.5220
    7.2000    7.2000    7.2000    9.5220    7.2000    7.2000
100000*second partial in parameter space
       88.       64.       48.        9.        6.       10.
        8.       13.        6.        9.        4.        4.
  0.0261  0.0258  0.0246  0.0283  0.0285  0.0290  0.0251  0.0280  0.0243  0.0286  0.0231  0.0233
  0.0233  0.0233  0.0226  0.0255  0.0249  0.0261  0.0230  0.0245  0.0225  0.0252  0.0220  0.0220
  0.0216  0.0216  0.0214  0.0228  0.0222  0.0234  0.0215  0.0220  0.0214  0.0225  0.0213  0.0212
  0.0210  0.0210  0.0210  0.0210  0.0210  0.0210  0.0210  0.0210  0.0210  0.0210  0.0210  0.0210
  0.0216  0.0215  0.0214  0.0213  0.0219  0.0209  0.0215  0.0219  0.0214  0.0212  0.0212  0.0213
  0.0233  0.0232  0.0226  0.0243  0.0245  0.0246  0.0229  0.0245  0.0226  0.0241  0.0220  0.0221
  0.0260  0.0258  0.0247  0.0295  0.0290  0.0310  0.0251  0.0280  0.0243  0.0297  0.0232  0.0233
   -2.1486   -4.3894   10.0965   -7.8482  -21.7365  -19.2338
   -0.8424    0.0729   -0.0683   33.0218   -0.8613  -39.0745
eta,q 0.97903 15.07890

---------------------------------------------------------------------
imgreg_4dfp /opt/freesurfer/average/711-2C_as_mni_average_305 /opt/freesurfer/average/711-2B_as_mni_average_305_mask talsrcimg_g11 none talsrcimg_to_711-2C_as_mni_average_305_t4 2311
---------------------------------------------------------------------

freesurfer imgreg_4dfp.c
/opt/freesurfer/average/711-2C_as_mni_average_305.4dfp.img
       256       256       256         1
  1.000000  1.000000  1.000000
orientation T byte_order littleendian
Reading image: /opt/freesurfer/average/711-2C_as_mni_average_305.4dfp.img
dimensions:      256       256       256
mmppix:       1.0000   -1.0000   -1.0000
center:     128.0000 -129.0000 -129.0000
/opt/freesurfer/average/711-2B_as_mni_average_305_mask.4dfp.img
       256       256       256         1
  1.000000  1.000000  1.000000
orientation T byte_order littleendian
Reading mask: /opt/freesurfer/average/711-2B_as_mni_average_305_mask.4dfp.img (2306576 pixels)
talsrcimg_g11.4dfp.img
       256       256       256         1
  1.000000  1.000000  1.000000
orientation T byte_order littleendian
Reading image: talsrcimg_g11.4dfp.img
dimensions:      256       256       256
mmppix:       1.0000   -1.0000   -1.0000
center:     128.0000 -129.0000 -129.0000
fimgreg.f
image alignment mode   2311 decimal      907 hex
parameters
   -2.1486   -4.3894   10.0965   -7.8482  -21.7365  -19.2338
   -0.8424    0.0729   -0.0683   33.0218   -0.8613  -39.0745
eta,q 0.97903 15.07890
niter,ni,del,rscale     5    3    5.0000    0.8000
parameters
   -2.1506   -4.3724   10.1065   -6.8995  -21.7164  -18.0783
   -0.7536    0.0219   -0.1547   33.4284   -0.8592  -39.1686
eta,q 0.97958 15.14492
  0.0233  0.0227  0.0223  0.0242  0.0226  0.0245  0.0226  0.0241  0.0221  0.0232  0.0216  0.0216
  0.0220  0.0218  0.0216  0.0228  0.0216  0.0231  0.0215  0.0222  0.0212  0.0219  0.0210  0.0209
  0.0212  0.0212  0.0211  0.0217  0.0210  0.0218  0.0208  0.0209  0.0207  0.0210  0.0206  0.0205
  0.0210  0.0210  0.0210  0.0210  0.0208  0.0208  0.0205  0.0205  0.0205  0.0205  0.0204  0.0204
  0.0212  0.0211  0.0211  0.0208  0.0211  0.0205  0.0207  0.0210  0.0207  0.0205  0.0205  0.0206
  0.0220  0.0217  0.0215  0.0213  0.0217  0.0210  0.0214  0.0223  0.0213  0.0212  0.0209  0.0210
  0.0233  0.0227  0.0222  0.0225  0.0225  0.0224  0.0225  0.0243  0.0222  0.0226  0.0216  0.0217
niter,ni,del,rscale     4    3    5.0000    0.7000
parameters
   -2.1739   -4.3548   10.3020   -7.2436  -21.9048  -17.9051
   -0.7031   -0.0129   -0.1693   33.5314   -0.8053  -39.1900
eta,q 0.97965 15.13115
  0.0222  0.0219  0.0218  0.0221  0.0218  0.0231  0.0220  0.0233  0.0216  0.0223  0.0213  0.0213
  0.0212  0.0211  0.0211  0.0212  0.0210  0.0219  0.0211  0.0217  0.0209  0.0214  0.0208  0.0208
  0.0206  0.0206  0.0206  0.0206  0.0205  0.0209  0.0206  0.0207  0.0205  0.0207  0.0205  0.0204
  0.0204  0.0204  0.0204  0.0204  0.0204  0.0204  0.0204  0.0204  0.0204  0.0204  0.0203  0.0203
  0.0207  0.0206  0.0204  0.0207  0.0207  0.0205  0.0205  0.0208  0.0205  0.0204  0.0204  0.0205
  0.0213  0.0210  0.0207  0.0216  0.0212  0.0213  0.0211  0.0218  0.0210  0.0211  0.0207  0.0208
  0.0224  0.0218  0.0212  0.0229  0.0220  0.0230  0.0220  0.0234  0.0216  0.0223  0.0212  0.0213
niter,ni,del,rscale     3    3    5.0000    0.6000
parameters
   -2.1797   -4.3352   10.3303   -7.2539  -21.9930  -17.7989
   -0.6795   -0.0349   -0.1840   33.5956   -0.7787  -39.2338
eta,q 0.97967 15.13052
  0.0217  0.0214  0.0212  0.0219  0.0214  0.0224  0.0216  0.0226  0.0213  0.0218  0.0210  0.0210
  0.0210  0.0209  0.0207  0.0211  0.0208  0.0214  0.0209  0.0214  0.0208  0.0211  0.0206  0.0206
  0.0205  0.0205  0.0204  0.0206  0.0204  0.0207  0.0205  0.0206  0.0204  0.0206  0.0204  0.0204
  0.0203  0.0203  0.0203  0.0203  0.0203  0.0203  0.0203  0.0203  0.0203  0.0203  0.0203  0.0203
  0.0205  0.0205  0.0204  0.0205  0.0205  0.0205  0.0205  0.0206  0.0205  0.0204  0.0204  0.0204
  0.0210  0.0208  0.0207  0.0210  0.0209  0.0211  0.0209  0.0214  0.0208  0.0209  0.0206  0.0207
  0.0218  0.0214  0.0211  0.0219  0.0215  0.0224  0.0215  0.0226  0.0213  0.0218  0.0210  0.0210
niter,ni,del,rscale     2    3    5.0000    0.5000
parameters
   -2.1862   -4.3254   10.3424   -7.2528  -22.0588  -17.7192
   -0.6506   -0.0587   -0.1977   33.6680   -0.7629  -39.2778
eta,q 0.97968 15.13096
  0.0213  0.0211  0.0209  0.0214  0.0211  0.0218  0.0212  0.0219  0.0210  0.0214  0.0208  0.0208
  0.0208  0.0207  0.0206  0.0208  0.0207  0.0211  0.0207  0.0210  0.0206  0.0208  0.0205  0.0205
  0.0204  0.0204  0.0204  0.0205  0.0204  0.0206  0.0204  0.0205  0.0204  0.0205  0.0204  0.0204
  0.0203  0.0203  0.0203  0.0203  0.0203  0.0203  0.0203  0.0203  0.0203  0.0203  0.0203  0.0203
  0.0204  0.0204  0.0204  0.0204  0.0205  0.0204  0.0204  0.0205  0.0204  0.0204  0.0204  0.0204
  0.0208  0.0207  0.0206  0.0208  0.0207  0.0209  0.0207  0.0211  0.0206  0.0207  0.0205  0.0205
  0.0213  0.0211  0.0209  0.0214  0.0212  0.0218  0.0212  0.0219  0.0210  0.0213  0.0208  0.0208
niter,ni,del,rscale     1    3    5.0000    0.4000
parameters
   -2.1893   -4.3144   10.3519   -7.2574  -22.1155  -17.6647
   -0.6349   -0.0726   -0.2015   33.7387   -0.7601  -39.3165
eta,q 0.97969 15.13105
  0.0209  0.0208  0.0207  0.0210  0.0208  0.0213  0.0209  0.0213  0.0207  0.0210  0.0206  0.0206
  0.0206  0.0205  0.0205  0.0206  0.0205  0.0208  0.0206  0.0208  0.0205  0.0207  0.0204  0.0204
  0.0204  0.0204  0.0204  0.0204  0.0204  0.0205  0.0204  0.0204  0.0204  0.0204  0.0203  0.0203
  0.0203  0.0203  0.0203  0.0203  0.0203  0.0203  0.0203  0.0203  0.0203  0.0203  0.0203  0.0203
  0.0204  0.0204  0.0203  0.0204  0.0204  0.0204  0.0204  0.0204  0.0204  0.0203  0.0204  0.0204
  0.0206  0.0205  0.0205  0.0206  0.0206  0.0207  0.0206  0.0208  0.0205  0.0206  0.0204  0.0205
  0.0210  0.0208  0.0207  0.0210  0.0209  0.0213  0.0209  0.0214  0.0207  0.0210  0.0206  0.0206
registration optimization eta report
parameter search radius
    0.8000    0.8000    0.8000    2.4000    2.4000    2.4000
    2.4000    2.4000    2.4000    2.4000    2.4000    2.4000
100000*second partial in parameter space
       98.       76.       58.       12.        9.       17.
       10.       18.        8.       11.        5.        5.
  0.0209  0.0208  0.0207  0.0210  0.0208  0.0213  0.0209  0.0213  0.0207  0.0210  0.0206  0.0206
  0.0206  0.0205  0.0205  0.0206  0.0205  0.0208  0.0206  0.0208  0.0205  0.0207  0.0204  0.0204
  0.0204  0.0204  0.0204  0.0204  0.0204  0.0205  0.0204  0.0204  0.0204  0.0204  0.0203  0.0203
  0.0203  0.0203  0.0203  0.0203  0.0203  0.0203  0.0203  0.0203  0.0203  0.0203  0.0203  0.0203
  0.0204  0.0204  0.0203  0.0204  0.0204  0.0204  0.0204  0.0204  0.0204  0.0203  0.0204  0.0204
  0.0206  0.0205  0.0205  0.0206  0.0206  0.0207  0.0206  0.0208  0.0205  0.0206  0.0204  0.0205
  0.0210  0.0208  0.0207  0.0210  0.0209  0.0213  0.0209  0.0214  0.0207  0.0210  0.0206  0.0206
   -2.1893   -4.3144   10.3519   -7.2574  -22.1155  -17.6647
   -0.6349   -0.0726   -0.2015   33.7387   -0.7601  -39.3165
eta,q 0.97969 15.13105

---------------------------------------------------------------------
imgreg_4dfp /opt/freesurfer/average/711-2C_as_mni_average_305 /opt/freesurfer/average/711-2B_as_mni_average_305_mask talsrcimg_g11 none talsrcimg_to_711-2C_as_mni_average_305_t4 2311
---------------------------------------------------------------------

freesurfer imgreg_4dfp.c
/opt/freesurfer/average/711-2C_as_mni_average_305.4dfp.img
       256       256       256         1
  1.000000  1.000000  1.000000
orientation T byte_order littleendian
Reading image: /opt/freesurfer/average/711-2C_as_mni_average_305.4dfp.img
dimensions:      256       256       256
mmppix:       1.0000   -1.0000   -1.0000
center:     128.0000 -129.0000 -129.0000
/opt/freesurfer/average/711-2B_as_mni_average_305_mask.4dfp.img
       256       256       256         1
  1.000000  1.000000  1.000000
orientation T byte_order littleendian
Reading mask: /opt/freesurfer/average/711-2B_as_mni_average_305_mask.4dfp.img (2306576 pixels)
talsrcimg_g11.4dfp.img
       256       256       256         1
  1.000000  1.000000  1.000000
orientation T byte_order littleendian
Reading image: talsrcimg_g11.4dfp.img
dimensions:      256       256       256
mmppix:       1.0000   -1.0000   -1.0000
center:     128.0000 -129.0000 -129.0000
fimgreg.f
image alignment mode   2311 decimal      907 hex
parameters
   -2.1893   -4.3144   10.3519   -7.2574  -22.1155  -17.6647
   -0.6349   -0.0726   -0.2015   33.7387   -0.7601  -39.3165
eta,q 0.97969 15.13105
niter,ni,del,rscale     5    3    5.0000    0.8000
parameters
   -2.1878   -4.3133   10.3578   -7.4324  -22.0456  -17.9490
   -0.6852   -0.0560   -0.1638   33.5580   -0.7603  -39.2245
eta,q 0.97965 15.11986
  0.0228  0.0222  0.0218  0.0227  0.0223  0.0234  0.0224  0.0241  0.0220  0.0226  0.0215  0.0216
  0.0214  0.0212  0.0210  0.0215  0.0213  0.0219  0.0213  0.0222  0.0211  0.0215  0.0209  0.0209
  0.0206  0.0205  0.0205  0.0206  0.0206  0.0208  0.0206  0.0208  0.0205  0.0207  0.0205  0.0205
  0.0203  0.0203  0.0203  0.0203  0.0203  0.0203  0.0203  0.0203  0.0203  0.0203  0.0203  0.0203
  0.0206  0.0205  0.0205  0.0206  0.0206  0.0207  0.0206  0.0208  0.0205  0.0206  0.0205  0.0205
  0.0214  0.0212  0.0210  0.0216  0.0212  0.0222  0.0213  0.0221  0.0211  0.0215  0.0209  0.0209
  0.0227  0.0222  0.0218  0.0232  0.0222  0.0246  0.0225  0.0241  0.0220  0.0232  0.0215  0.0215
niter,ni,del,rscale     4    3    5.0000    0.7000
parameters
   -2.1823   -4.3252   10.3222   -7.2743  -21.9807  -17.8991
   -0.6841   -0.0452   -0.1820   33.5678   -0.7743  -39.2144
eta,q 0.97966 15.12821
  0.0223  0.0218  0.0214  0.0225  0.0219  0.0230  0.0220  0.0233  0.0216  0.0222  0.0212  0.0213
  0.0212  0.0210  0.0208  0.0215  0.0211  0.0218  0.0211  0.0217  0.0209  0.0213  0.0207  0.0208
  0.0206  0.0205  0.0205  0.0207  0.0205  0.0208  0.0205  0.0207  0.0205  0.0206  0.0205  0.0204
  0.0204  0.0204  0.0204  0.0204  0.0203  0.0203  0.0203  0.0203  0.0203  0.0203  0.0203  0.0203
  0.0206  0.0205  0.0205  0.0205  0.0205  0.0205  0.0205  0.0207  0.0205  0.0205  0.0204  0.0204
  0.0212  0.0210  0.0209  0.0212  0.0210  0.0214  0.0211  0.0217  0.0209  0.0211  0.0208  0.0208
  0.0222  0.0218  0.0215  0.0223  0.0218  0.0232  0.0220  0.0233  0.0216  0.0224  0.0213  0.0213
niter,ni,del,rscale     3    3    5.0000    0.6000
parameters
   -2.1846   -4.3295   10.3305   -7.2498  -22.0108  -17.8055
   -0.6722   -0.0463   -0.1843   33.6036   -0.7776  -39.2404
eta,q 0.97967 15.13007
  0.0217  0.0214  0.0212  0.0219  0.0215  0.0224  0.0215  0.0226  0.0213  0.0218  0.0210  0.0210
  0.0210  0.0208  0.0207  0.0211  0.0209  0.0214  0.0209  0.0214  0.0208  0.0210  0.0206  0.0206
  0.0205  0.0205  0.0204  0.0206  0.0205  0.0207  0.0205  0.0206  0.0204  0.0206  0.0204  0.0204
  0.0203  0.0203  0.0203  0.0203  0.0203  0.0203  0.0203  0.0203  0.0203  0.0203  0.0203  0.0203
  0.0205  0.0205  0.0204  0.0205  0.0205  0.0205  0.0205  0.0206  0.0204  0.0204  0.0204  0.0204
  0.0210  0.0208  0.0207  0.0210  0.0209  0.0211  0.0209  0.0214  0.0208  0.0209  0.0206  0.0207
  0.0217  0.0214  0.0212  0.0219  0.0215  0.0224  0.0215  0.0226  0.0213  0.0218  0.0210  0.0210
niter,ni,del,rscale     2    3    5.0000    0.5000
parameters
   -2.1877   -4.3238   10.3404   -7.2463  -22.0614  -17.7245
   -0.6522   -0.0562   -0.1997   33.6713   -0.7720  -39.2803
eta,q 0.97968 15.13105
  0.0213  0.0211  0.0209  0.0214  0.0211  0.0218  0.0212  0.0219  0.0210  0.0214  0.0208  0.0208
  0.0208  0.0207  0.0206  0.0208  0.0207  0.0211  0.0207  0.0210  0.0206  0.0208  0.0205  0.0205
  0.0204  0.0204  0.0204  0.0205  0.0204  0.0206  0.0204  0.0205  0.0204  0.0205  0.0204  0.0204
  0.0203  0.0203  0.0203  0.0203  0.0203  0.0203  0.0203  0.0203  0.0203  0.0203  0.0203  0.0203
  0.0204  0.0204  0.0204  0.0204  0.0204  0.0204  0.0204  0.0205  0.0204  0.0204  0.0204  0.0204
  0.0208  0.0207  0.0206  0.0208  0.0207  0.0209  0.0207  0.0211  0.0206  0.0207  0.0205  0.0205
  0.0213  0.0211  0.0209  0.0214  0.0212  0.0218  0.0212  0.0219  0.0210  0.0213  0.0208  0.0208
niter,ni,del,rscale     1    3    5.0000    0.4000
parameters
   -2.1898   -4.3142   10.3508   -7.2551  -22.1196  -17.6652
   -0.6361   -0.0698   -0.2047   33.7404   -0.7600  -39.3171
eta,q 0.97969 15.13103
  0.0209  0.0208  0.0207  0.0210  0.0208  0.0213  0.0209  0.0213  0.0207  0.0210  0.0206  0.0206
  0.0206  0.0205  0.0205  0.0206  0.0205  0.0208  0.0206  0.0208  0.0205  0.0207  0.0204  0.0205
  0.0204  0.0204  0.0204  0.0204  0.0204  0.0205  0.0204  0.0204  0.0204  0.0204  0.0203  0.0203
  0.0203  0.0203  0.0203  0.0203  0.0203  0.0203  0.0203  0.0203  0.0203  0.0203  0.0203  0.0203
  0.0204  0.0204  0.0203  0.0204  0.0204  0.0204  0.0204  0.0204  0.0204  0.0203  0.0203  0.0203
  0.0206  0.0205  0.0205  0.0206  0.0206  0.0207  0.0206  0.0208  0.0205  0.0206  0.0204  0.0205
  0.0209  0.0208  0.0207  0.0210  0.0209  0.0213  0.0209  0.0214  0.0207  0.0210  0.0206  0.0206
registration optimization eta report
parameter search radius
    0.8000    0.8000    0.8000    2.4000    2.4000    2.4000
    2.4000    2.4000    2.4000    2.4000    2.4000    2.4000
100000*second partial in parameter space
       98.       76.       58.       13.        9.       17.
       10.       18.        8.       11.        5.        5.
  0.0209  0.0208  0.0207  0.0210  0.0208  0.0213  0.0209  0.0213  0.0207  0.0210  0.0206  0.0206
  0.0206  0.0205  0.0205  0.0206  0.0205  0.0208  0.0206  0.0208  0.0205  0.0207  0.0204  0.0205
  0.0204  0.0204  0.0204  0.0204  0.0204  0.0205  0.0204  0.0204  0.0204  0.0204  0.0203  0.0203
  0.0203  0.0203  0.0203  0.0203  0.0203  0.0203  0.0203  0.0203  0.0203  0.0203  0.0203  0.0203
  0.0204  0.0204  0.0203  0.0204  0.0204  0.0204  0.0204  0.0204  0.0204  0.0203  0.0203  0.0203
  0.0206  0.0205  0.0205  0.0206  0.0206  0.0207  0.0206  0.0208  0.0205  0.0206  0.0204  0.0205
  0.0209  0.0208  0.0207  0.0210  0.0209  0.0213  0.0209  0.0214  0.0207  0.0210  0.0206  0.0206
   -2.1898   -4.3142   10.3508   -7.2551  -22.1196  -17.6652
   -0.6361   -0.0698   -0.2047   33.7404   -0.7600  -39.3171
eta,q 0.97969 15.13103

---------------------------------------------------------------------
compute_vox2vox talsrcimg talsrcimg_to_711-2C_as_mni_average_305_t4 /opt/freesurfer/average/711-2C_as_mni_average_305
---------------------------------------------------------------------

freesurfer compute_vox2vox.c
Reading: talsrcimg.4dfp.ifh
Reading: talsrcimg_to_711-2C_as_mni_average_305_t4
Reading: /opt/freesurfer/average/711-2C_as_mni_average_305.4dfp.ifh
Writing: talsrcimg_to_711-2C_as_mni_average_305_t4_vox2vox.txt

start time Mon Mar 9 23:23:08 CET 2026
end		time Mon Mar 9 23:24:33 CET 2026

mpr2mni305 success

avi2talxfm orig_nu.mgz /opt/freesurfer/average/mni305.cor.mgz talsrcimg_to_711-2C_as_mni_average_305_t4_vox2vox.txt transforms/talairach.auto.xfm
avi2talxfm done
mv -f /out/sourcedata/freesurfer/sub-v1s3x0050779_ses-1/mri/talsrcimg_to_711-2C_as_mni_average_305_t4_vox2vox.txt /out/sourcedata/freesurfer/sub-v1s3x0050779_ses-1/mri/transforms/talsrcimg_to_711-2C_as_mni_average_305_t4_vox2vox.txt
lta_convert --src orig_nu.mgz --trg /opt/freesurfer/average/mni305.cor.mgz --inxfm transforms/talairach.auto.xfm --outlta transforms/talairach.auto.xfm.lta --subject fsaverage
7.3.2

--src: orig_nu.mgz src image (geometry).
--trg: /opt/freesurfer/average/mni305.cor.mgz trg image (geometry).
--inmni: transforms/talairach.auto.xfm input MNI/XFM transform.
--outlta: transforms/talairach.auto.xfm.lta output LTA.
--s: fsaverage subject name
 LTA read, type : 1
 1.07823  -0.00223   0.00768   3.31358;
 0.00937   1.00634   0.50812   9.92616;
-0.00123  -0.43598   1.06391  -49.94505;
 0.00000   0.00000   0.00000   1.00000;
setting subject to fsaverage
Writing  LTA to file transforms/talairach.auto.xfm.lta...
lta_convert successful.
 
 
Started at Mon Mar 9 23:23:08 CET 2026
Ended   at Mon Mar  9 23:24:33 CET 2026
talairach_avi done
