/out/sourcedata/freesurfer/sub-v1s3x0050776_ses-1/mri
/opt/freesurfer/bin/talairach_avi
--i orig_nu.mgz --xfm transforms/talairach.auto.xfm
talairach_avi 7.3.2
Linux dna066 5.14.0-427.37.1.el9_4.x86_64 #1 SMP PREEMPT_DYNAMIC Fri Sep 13 12:41:50 EDT 2024 x86_64 x86_64 x86_64 GNU/Linux
Mon Mar  9 23:13:57 CET 2026
mri_convert orig_nu.mgz talsrcimg.img 
reading from orig_nu.mgz...
TR=0.00, TE=0.00, TI=0.00, flip angle=0.00
i_ras = (-1, 0, 0)
j_ras = (0, 0, -1)
k_ras = (0, 1, 0)
writing to talsrcimg.img...
Analyze Output Matrix
-1.00000   0.00000   0.00000   124.87202;
 0.00000   0.00000   1.00000  -118.36427;
 0.00000  -1.00000   0.00000   134.39877;
 0.00000   0.00000   0.00000   1.00000;
--------------------
INFO: set hdr.hist.orient to -1
mpr2mni305 talsrcimg
Mon Mar  9 23:13:57 CET 2026
/opt/freesurfer/bin/mpr2mni305 talsrcimg
mpr2mni305 7.3.2
target=711-2C_as_mni_average_305

---------------------------------------------------------------------
analyzeto4dfp talsrcimg -O0 -y
---------------------------------------------------------------------

freesurfer ifh2hdr.c
Mon Mar  9 23:13:57 2026
Writing: talsrcimg.4dfp.hdr
freesurfer analyzeto4dfp.c
Reading: talsrcimg.hdr
header size 348 bytes
hdr.dime.datatype	offset=70	value=2
hdr.dime.bitpix		offset=72	value=8
hdr.hist.orient		offset=252	value=-1
dimensionality     4
dimensions       256       256       256         1
Reading: talsrcimg.img
Writing: talsrcimg.4dfp.img
Writing: talsrcimg.4dfp.ifh
ifh2hdr talsrcimg -r0to243
ori=2

---------------------------------------------------------------------
gauss_4dfp talsrcimg 1.1
---------------------------------------------------------------------

freesurfer gauss_4dfp.c
Reading: talsrcimg.4dfp.img
Writing: talsrcimg_g11.4dfp.img
image dimensions 256 256 256 padded to 288 288 288
processing volume 1freesurfer ifh2hdr.c
Mon Mar  9 23:13:59 2026
Writing: talsrcimg_g11.4dfp.hdr

Writing: talsrcimg_g11.4dfp.ifh
including: talsrcimg.4dfp.img.rec in talsrcimg_g11.4dfp.img.rec

---------------------------------------------------------------------
imgreg_4dfp /opt/freesurfer/average/711-2C_as_mni_average_305 none talsrcimg_g11 none talsrcimg_to_711-2C_as_mni_average_305_t4 4355
---------------------------------------------------------------------

freesurfer imgreg_4dfp.c
/opt/freesurfer/average/711-2C_as_mni_average_305.4dfp.img
       256       256       256         1
  1.000000  1.000000  1.000000
orientation T byte_order littleendian
Reading image: /opt/freesurfer/average/711-2C_as_mni_average_305.4dfp.img
dimensions:      256       256       256
mmppix:       1.0000   -1.0000   -1.0000
center:     128.0000 -129.0000 -129.0000
talsrcimg_g11.4dfp.img
       256       256       256         1
  1.000000  1.000000  1.000000
orientation T byte_order littleendian
Reading image: talsrcimg_g11.4dfp.img
dimensions:      256       256       256
mmppix:       1.0000   -1.0000   -1.0000
center:     128.0000 -129.0000 -129.0000
t4_read: open error in t4_sub.f l:  41 t4_file(1:l)talsrcimg_to_711-2C_as_mni_average_305_t4 
t4_read: transform initialized to I4
rotation matrix determinant  1.000000
image alignment mode   4355 decimal     1103 hex
   -7.5000  -45.0000  -45.0000 7459.6069   23.2459
    0.0000  -45.0000  -45.0000 7858.3003   23.1402
    7.5000  -45.0000  -45.0000 7566.2217   23.1125
   -7.5000  -37.5000  -45.0000 7970.2441   23.2338
    0.0000  -37.5000  -45.0000 8405.8037   23.1313
    7.5000  -37.5000  -45.0000 8078.4780   23.0971
   -7.5000  -30.0000  -45.0000 8645.2676   23.2506
    0.0000  -30.0000  -45.0000 9119.6533   23.1580
    7.5000  -30.0000  -45.0000 8761.2021   23.1296
   -7.5000  -22.5000  -45.0000 9207.9639   23.2844
    0.0000  -22.5000  -45.0000 9738.9707   23.1995
    7.5000  -22.5000  -45.0000 9338.4277   23.1854
   -7.5000  -15.0000  -45.0000 9731.0791   23.3020
    0.0000  -15.0000  -45.000010287.5850   23.2133
    7.5000  -15.0000  -45.0000 9865.9121   23.2079
   -7.5000   -7.5000  -45.000010268.5254   23.2801
    0.0000   -7.5000  -45.000010842.3047   23.1806
    7.5000   -7.5000  -45.000010399.1143   23.1676
   -7.5000    0.0000  -45.000010785.8203   23.2458
    0.0000    0.0000  -45.000011369.6494   23.1402
    7.5000    0.0000  -45.000010910.0703   23.1125
   -7.5000    7.5000  -45.000010419.6250   23.2338
    0.0000    7.5000  -45.000010959.4502   23.1313
    7.5000    7.5000  -45.000010502.1875   23.0971
   -7.5000   15.0000  -45.000010008.6768   23.2506
    0.0000   15.0000  -45.000010474.1670   23.1580
    7.5000   15.0000  -45.000010034.3730   23.1296
   -7.5000   22.5000  -45.0000 9182.3760   23.2812
    0.0000   22.5000  -45.0000 9635.6328   23.1963
    7.5000   22.5000  -45.0000 9254.9629   23.1822
   -7.5000   30.0000  -45.0000 8321.0713   22.9914
    0.0000   30.0000  -45.0000 8727.2461   22.9040
    7.5000   30.0000  -45.0000 8361.8340   22.8986
   -7.5000   37.5000  -45.0000 7823.3276   22.9699
    0.0000   37.5000  -45.0000 8234.7070   22.8717
    7.5000   37.5000  -45.0000 7872.4517   22.8589
   -7.5000   45.0000  -45.0000 7109.1274   22.3537
    0.0000   45.0000  -45.0000 7497.7363   22.2520
    7.5000   45.0000  -45.0000 7182.3989   22.2254
   -7.5000  -45.0000  -37.5000 8009.8569   23.0849
    0.0000  -45.0000  -37.5000 8459.4912   22.9935
    7.5000  -45.0000  -37.5000 8157.6577   22.9893
   -7.5000  -37.5000  -37.5000 8521.1182   23.0752
    0.0000  -37.5000  -37.5000 9005.4912   22.9870
    7.5000  -37.5000  -37.5000 8685.7510   22.9764
   -7.5000  -30.0000  -37.5000 9225.4658   23.1012
    0.0000  -30.0000  -37.5000 9757.8604   23.0179
    7.5000  -30.0000  -37.5000 9402.7207   23.0049
   -7.5000  -22.5000  -37.5000 9834.3193   23.1415
    0.0000  -22.5000  -37.500010389.9180   23.0597
    7.5000  -22.5000  -37.500010017.2393   23.0524
   -7.5000  -15.0000  -37.500010351.6387   23.1540
    0.0000  -15.0000  -37.500010953.7217   23.0680
    7.5000  -15.0000  -37.500010532.2041   23.0682
   -7.5000   -7.5000  -37.500010909.7402   23.1234
    0.0000   -7.5000  -37.500011527.3037   23.0327
    7.5000   -7.5000  -37.500011089.7568   23.0337
   -7.5000    0.0000  -37.500011432.1875   23.0849
    0.0000    0.0000  -37.500012079.0225   22.9935
    7.5000    0.0000  -37.500011618.0879   22.9893
   -7.5000    7.5000  -37.500011006.8848   23.0752
    0.0000    7.5000  -37.500011593.7754   22.9870
    7.5000    7.5000  -37.500011148.3535   22.9764
   -7.5000   15.0000  -37.500010552.9062   23.1012
    0.0000   15.0000  -37.500011097.4375   23.0179
    7.5000   15.0000  -37.500010665.7383   23.0049
   -7.5000   22.5000  -37.5000 9717.1201   23.1383
    0.0000   22.5000  -37.500010239.3828   23.0565
    7.5000   22.5000  -37.5000 9824.4697   23.0492
   -7.5000   30.0000  -37.5000 8727.4053   22.8454
    0.0000   30.0000  -37.5000 9220.7188   22.7606
    7.5000   30.0000  -37.5000 8834.8545   22.7608
   -7.5000   37.5000  -37.5000 8178.8062   22.8153
    0.0000   37.5000  -37.5000 8645.2686   22.7257
    7.5000   37.5000  -37.5000 8284.0850   22.7268
   -7.5000   45.0000  -37.5000 7430.5332   22.1989
    0.0000   45.0000  -37.5000 7819.3125   22.1110
    7.5000   45.0000  -37.5000 7514.8374   22.1069
   -7.5000  -45.0000  -30.0000 8716.0967   24.0140
    0.0000  -45.0000  -30.0000 9232.5410   23.9366
    7.5000  -45.0000  -30.0000 8919.5332   23.9534
   -7.5000  -37.5000  -30.0000 9272.4443   24.0282
    0.0000  -37.5000  -30.0000 9818.0527   23.9520
    7.5000  -37.5000  -30.0000 9478.0771   23.9611
   -7.5000  -30.0000  -30.000010035.1836   24.0592
    0.0000  -30.0000  -30.000010642.1807   23.9836
    7.5000  -30.0000  -30.000010254.1387   23.9847
   -7.5000  -22.5000  -30.000010703.0029   24.0770
    0.0000  -22.5000  -30.000011327.4707   23.9997
    7.5000  -22.5000  -30.000010903.1387   24.0025
   -7.5000  -15.0000  -30.000011259.8916   24.0642
    0.0000  -15.0000  -30.000011887.4189   23.9832
    7.5000  -15.0000  -30.000011445.5703   23.9944
   -7.5000   -7.5000  -30.000011805.5703   24.0322
    0.0000   -7.5000  -30.000012427.7812   23.9516
    7.5000   -7.5000  -30.000011986.3506   23.9690
   -7.5000    0.0000  -30.000012330.7939   24.0139
    0.0000    0.0000  -30.000013012.4502   23.9365
    7.5000    0.0000  -30.000012556.5977   23.9533
   -7.5000    7.5000  -30.000011839.9004   24.0282
    0.0000    7.5000  -30.000012513.6396   23.9520
    7.5000    7.5000  -30.000012088.2510   23.9611
   -7.5000   15.0000  -30.000011316.5830   24.0592
    0.0000   15.0000  -30.000011977.0205   23.9836
    7.5000   15.0000  -30.000011540.7900   23.9847
   -7.5000   22.5000  -30.000010442.8545   24.0712
    0.0000   22.5000  -30.000011063.7207   23.9939
    7.5000   22.5000  -30.000010631.9141   23.9968
   -7.5000   30.0000  -30.0000 9364.2051   23.7458
    0.0000   30.0000  -30.0000 9889.8486   23.6659
    7.5000   30.0000  -30.0000 9473.3457   23.6769
   -7.5000   37.5000  -30.0000 8700.9365   23.7142
    0.0000   37.5000  -30.0000 9217.3223   23.6347
    7.5000   37.5000  -30.0000 8846.7773   23.6518
   -7.5000   45.0000  -30.0000 7854.7769   23.1092
    0.0000   45.0000  -30.0000 8295.1084   23.0347
    7.5000   45.0000  -30.0000 7995.3320   23.0509
   -7.5000  -45.0000  -22.5000 9462.6133   24.8055
    0.0000  -45.0000  -22.500010009.9521   24.7258
    7.5000  -45.0000  -22.5000 9662.4297   24.7347
   -7.5000  -37.5000  -22.500010009.2207   24.8426
    0.0000  -37.5000  -22.500010626.4453   24.7613
    7.5000  -37.5000  -22.500010221.3740   24.7614
   -7.5000  -30.0000  -22.500010831.7246   24.8690
    0.0000  -30.0000  -22.500011493.4150   24.7893
    7.5000  -30.0000  -22.500011053.3389   24.7856
   -7.5000  -22.5000  -22.500011557.4521   24.8561
    0.0000  -22.5000  -22.500012220.4834   24.7796
    7.5000  -22.5000  -22.500011762.0234   24.7826
   -7.5000  -15.0000  -22.500012143.1299   24.8222
    0.0000  -15.0000  -22.500012830.6592   24.7439
    7.5000  -15.0000  -22.500012331.5166   24.7566
   -7.5000   -7.5000  -22.500012733.8838   24.7980
    0.0000   -7.5000  -22.500013436.1973   24.7183
    7.5000   -7.5000  -22.500012929.7617   24.7328
   -7.5000    0.0000  -22.500013251.8135   24.8055
    0.0000    0.0000  -22.500014038.7910   24.7258
    7.5000    0.0000  -22.500013495.5771   24.7347
   -7.5000    7.5000  -22.500012693.7080   24.8426
    0.0000    7.5000  -22.500013456.6875   24.7613
    7.5000    7.5000  -22.500012957.4395   24.7614
   -7.5000   15.0000  -22.500012115.4336   24.8690
    0.0000   15.0000  -22.500012847.7109   24.7893
    7.5000   15.0000  -22.500012325.1895   24.7856
   -7.5000   22.5000  -22.500011197.8174   24.8485
    0.0000   22.5000  -22.500011907.5176   24.7719
    7.5000   22.5000  -22.500011407.5127   24.7750
   -7.5000   30.0000  -22.500010014.6426   24.4976
    0.0000   30.0000  -22.500010584.7939   24.4202
    7.5000   30.0000  -22.500010151.9629   24.4328
   -7.5000   37.5000  -22.5000 9289.6807   24.4737
    0.0000   37.5000  -22.5000 9811.6445   24.3950
    7.5000   37.5000  -22.5000 9450.4834   24.4093
   -7.5000   45.0000  -22.5000 8347.9756   23.8889
    0.0000   45.0000  -22.5000 8792.3301   23.8122
    7.5000   45.0000  -22.5000 8487.6553   23.8207
   -7.5000  -45.0000  -15.000010201.6982   25.3894
    0.0000  -45.0000  -15.000010833.1826   25.2930
    7.5000  -45.0000  -15.000010424.4316   25.2740
   -7.5000  -37.5000  -15.000010761.6846   25.4291
    0.0000  -37.5000  -15.000011427.4053   25.3302
    7.5000  -37.5000  -15.000010997.6055   25.3042
   -7.5000  -30.0000  -15.000011622.9639   25.4476
    0.0000  -30.0000  -15.000012308.3232   25.3558
    7.5000  -30.0000  -15.000011851.2744   25.3353
   -7.5000  -22.5000  -15.000012370.9404   25.4252
    0.0000  -22.5000  -15.000013071.8789   25.3436
    7.5000  -22.5000  -15.000012568.9893   25.3382
   -7.5000  -15.0000  -15.000013010.5234   25.3926
    0.0000  -15.0000  -15.000013743.2891   25.3101
    7.5000  -15.0000  -15.000013173.8535   25.3139
   -7.5000   -7.5000  -15.000013643.8174   25.3755
    0.0000   -7.5000  -15.000014457.2578   25.2850
    7.5000   -7.5000  -15.000013842.8193   25.2810
   -7.5000    0.0000  -15.000014232.6631   25.3894
    0.0000    0.0000  -15.000015115.9492   25.2930
    7.5000    0.0000  -15.000014469.2900   25.2739
   -7.5000    7.5000  -15.000013601.6602   25.4291
    0.0000    7.5000  -15.000014443.1436   25.3302
    7.5000    7.5000  -15.000013845.1738   25.3042
   -7.5000   15.0000  -15.000012897.4746   25.4476
    0.0000   15.0000  -15.000013681.2197   25.3558
    7.5000   15.0000  -15.000013063.5029   25.3353
   -7.5000   22.5000  -15.000011982.1465   25.4162
    0.0000   22.5000  -15.000012705.0498   25.3346
    7.5000   22.5000  -15.000012134.9629   25.3292
   -7.5000   30.0000  -15.000010710.9053   25.0640
    0.0000   30.0000  -15.000011322.0947   24.9825
    7.5000   30.0000  -15.000010823.4717   24.9863
   -7.5000   37.5000  -15.0000 9933.8008   25.0471
    0.0000   37.5000  -15.000010473.3896   24.9577
    7.5000   37.5000  -15.000010065.2578   24.9538
   -7.5000   45.0000  -15.0000 8849.5381   24.4660
    0.0000   45.0000  -15.0000 9320.7666   24.3731
    7.5000   45.0000  -15.0000 8983.0088   24.3548
   -7.5000  -45.0000   -7.500010998.1279   25.7223
    0.0000  -45.0000   -7.500011621.5596   25.6079
    7.5000  -45.0000   -7.500011198.9160   25.5700
   -7.5000  -37.5000   -7.500011601.2393   25.7335
    0.0000  -37.5000   -7.500012235.6367   25.6191
    7.5000  -37.5000   -7.500011773.8877   25.5743
   -7.5000  -30.0000   -7.500012509.6055   25.7467
    0.0000  -30.0000   -7.500013137.5029   25.6432
    7.5000  -30.0000   -7.500012661.9932   25.6083
   -7.5000  -22.5000   -7.500013277.0664   25.7514
    0.0000  -22.5000   -7.500013926.2178   25.6603
    7.5000  -22.5000   -7.500013412.9043   25.6444
   -7.5000  -15.0000   -7.500013968.8779   25.7483
    0.0000  -15.0000   -7.500014621.0654   25.6555
    7.5000  -15.0000   -7.500014019.0361   25.6493
   -7.5000   -7.5000   -7.500014636.2617   25.7326
    0.0000   -7.5000   -7.500015448.5928   25.6273
    7.5000   -7.5000   -7.500014780.5791   25.6090
   -7.5000    0.0000   -7.500015253.1895   25.7223
    0.0000    0.0000   -7.500016166.6260   25.6079
    7.5000    0.0000   -7.500015455.7656   25.5699
   -7.5000    7.5000   -7.500014571.7285   25.7335
    0.0000    7.5000   -7.500015448.0664   25.6191
    7.5000    7.5000   -7.500014786.6279   25.5743
   -7.5000   15.0000   -7.500013757.2549   25.7467
    0.0000   15.0000   -7.500014572.0430   25.6432
    7.5000   15.0000   -7.500013899.2598   25.6083
   -7.5000   22.5000   -7.500012803.0615   25.7395
    0.0000   22.5000   -7.500013532.1484   25.6484
    7.5000   22.5000   -7.500012892.1992   25.6326
   -7.5000   30.0000   -7.500011405.3477   25.4144
    0.0000   30.0000   -7.500012075.2031   25.3228
    7.5000   30.0000   -7.500011512.9199   25.3166
   -7.5000   37.5000   -7.500010568.9561   25.3989
    0.0000   37.5000   -7.500011172.8652   25.2949
    7.5000   37.5000   -7.500010678.6709   25.2769
   -7.5000   45.0000   -7.5000 9418.1494   24.7914
    0.0000   45.0000   -7.5000 9920.3818   24.6812
    7.5000   45.0000   -7.5000 9493.1260   24.6446
   -7.5000  -45.0000    0.000011679.2158   25.8196
    0.0000  -45.0000    0.000012281.6416   25.7010
    7.5000  -45.0000    0.000011868.4180   25.6687
   -7.5000  -37.5000    0.000012339.2393   25.8027
    0.0000  -37.5000    0.000012937.6973   25.6869
    7.5000  -37.5000    0.000012517.3076   25.6471
   -7.5000  -30.0000    0.000013320.8740   25.8203
    0.0000  -30.0000    0.000013903.9844   25.7151
    7.5000  -30.0000    0.000013462.7959   25.6812
   -7.5000  -22.5000    0.000014169.7773   25.8607
    0.0000  -22.5000    0.000014729.6631   25.7644
    7.5000  -22.5000    0.000014242.1895   25.7459
   -7.5000  -15.0000    0.000014890.3809   25.8839
    0.0000  -15.0000    0.000015419.5898   25.7840
    7.5000  -15.0000    0.000014851.5059   25.7753
   -7.5000   -7.5000    0.000015518.5420   25.8602
    0.0000   -7.5000    0.000016198.6494   25.7487
    7.5000   -7.5000    0.000015575.0312   25.7322
   -7.5000    0.0000    0.000016130.9678   25.8195
    0.0000    0.0000    0.000016934.5742   25.7009
    7.5000    0.0000    0.000016283.4600   25.6686
   -7.5000    7.5000    0.000015386.7422   25.8027
    0.0000    7.5000    0.000016155.6523   25.6869
    7.5000    7.5000    0.000015546.4736   25.6471
   -7.5000   15.0000    0.000014497.6162   25.8203
    0.0000   15.0000    0.000015197.8203   25.7151
    7.5000   15.0000    0.000014604.2188   25.6812
   -7.5000   22.5000    0.000013500.3809   25.8488
    0.0000   22.5000    0.000014134.6611   25.7525
    7.5000   22.5000    0.000013524.2412   25.7340
   -7.5000   30.0000    0.000012051.2432   25.5489
    0.0000   30.0000    0.000012670.8574   25.4503
    7.5000   30.0000    0.000012113.6396   25.4417
   -7.5000   37.5000    0.000011165.1641   25.5256
    0.0000   37.5000    0.000011768.4648   25.4155
    7.5000   37.5000    0.000011250.0820   25.3992
   -7.5000   45.0000    0.0000 9915.6357   24.8871
    0.0000   45.0000    0.000010460.2402   24.7727
    7.5000   45.0000    0.000010004.2812   24.7416
   -7.5000  -45.0000    7.500011360.2285   25.8201
    0.0000  -45.0000    7.500011924.5498   25.7179
    7.5000  -45.0000    7.500011540.3779   25.7133
   -7.5000  -37.5000    7.500012040.4248   25.8090
    0.0000  -37.5000    7.500012597.8232   25.7103
    7.5000  -37.5000    7.500012192.6514   25.6985
   -7.5000  -30.0000    7.500013172.8076   25.8382
    0.0000  -30.0000    7.500013817.8262   25.7450
    7.5000  -30.0000    7.500013347.8506   25.7305
   -7.5000  -22.5000    7.500014046.7900   25.8837
    0.0000  -22.5000    7.500014674.0430   25.7922
    7.5000  -22.5000    7.500014189.2139   25.7840
   -7.5000  -15.0000    7.500014683.7305   25.8979
    0.0000  -15.0000    7.500015095.4082   25.8019
    7.5000  -15.0000    7.500014637.8320   25.8021
   -7.5000   -7.5000    7.500015296.2285   25.8635
    0.0000   -7.5000    7.500015718.3174   25.7621
    7.5000   -7.5000    7.500015209.1992   25.7634
   -7.5000    0.0000    7.500015907.6133   25.8200
    0.0000    0.0000    7.500016390.3965   25.7178
    7.5000    0.0000    7.500015884.9062   25.7133
   -7.5000    7.5000    7.500015150.6865   25.8090
    0.0000    7.5000    7.500015677.2910   25.7103
    7.5000    7.5000    7.500015210.4785   25.6985
   -7.5000   15.0000    7.500014209.9092   25.8382
    0.0000   15.0000    7.500014700.5684   25.7450
    7.5000   15.0000    7.500014232.7930   25.7305
   -7.5000   22.5000    7.500013198.6143   25.8717
    0.0000   22.5000    7.500013718.5322   25.7803
    7.5000   22.5000    7.500013181.7432   25.7722
   -7.5000   30.0000    7.500011810.1660   25.5627
    0.0000   30.0000    7.500012353.0615   25.4679
    7.5000   30.0000    7.500011876.4658   25.4682
   -7.5000   37.5000    7.500010907.4014   25.5288
    0.0000   37.5000    7.500011472.1533   25.4287
    7.5000   37.5000    7.500011022.5801   25.4300
   -7.5000   45.0000    7.5000 9696.6982   24.8875
    0.0000   45.0000    7.500010224.5098   24.7890
    7.5000   45.0000    7.5000 9808.6455   24.7846
   -7.5000  -45.0000   15.000010943.8613   25.7870
    0.0000  -45.0000   15.000011441.0693   25.7039
    7.5000  -45.0000   15.000011077.9365   25.7220
   -7.5000  -37.5000   15.000011615.5703   25.8023
    0.0000  -37.5000   15.000012065.3975   25.7205
    7.5000  -37.5000   15.000011650.0420   25.7303
   -7.5000  -30.0000   15.000012661.4580   25.8356
    0.0000  -30.0000   15.000013291.6426   25.7545
    7.5000  -30.0000   15.000012862.2236   25.7557
   -7.5000  -22.5000   15.000013515.0977   25.8547
    0.0000  -22.5000   15.000014090.2275   25.7717
    7.5000  -22.5000   15.000013717.2559   25.7748
   -7.5000  -15.0000   15.000014129.6084   25.8410
    0.0000  -15.0000   15.000014460.1367   25.7541
    7.5000  -15.0000   15.000014101.3857   25.7660
   -7.5000   -7.5000   15.000014749.6494   25.8066
    0.0000   -7.5000   15.000015106.0039   25.7201
    7.5000   -7.5000   15.000014678.1416   25.7388
   -7.5000    0.0000   15.000015396.8545   25.7870
    0.0000    0.0000   15.000015797.9580   25.7039
    7.5000    0.0000   15.000015355.4658   25.7220
   -7.5000    7.5000   15.000014687.1904   25.8023
    0.0000    7.5000   15.000015143.2939   25.7205
    7.5000    7.5000   15.000014718.0537   25.7303
   -7.5000   15.0000   15.000013655.7979   25.8356
    0.0000   15.0000   15.000014135.5898   25.7545
    7.5000   15.0000   15.000013702.9883   25.7557
   -7.5000   22.5000   15.000012630.0283   25.8428
    0.0000   22.5000   15.000013125.0059   25.7598
    7.5000   22.5000   15.000012653.9209   25.7629
   -7.5000   30.0000   15.000011318.1123   25.5065
    0.0000   30.0000   15.000011823.1338   25.4208
    7.5000   30.0000   15.000011399.4814   25.4326
   -7.5000   37.5000   15.000010511.1055   25.4726
    0.0000   37.5000   15.000010992.0264   25.3872
    7.5000   37.5000   15.000010623.9512   25.4057
   -7.5000   45.0000   15.0000 9356.5352   24.8557
    0.0000   45.0000   15.0000 9804.3242   24.7756
    7.5000   45.0000   15.0000 9445.0820   24.7930
   -7.5000  -45.0000   22.500010446.9209   25.7501
    0.0000  -45.0000   22.500010918.8691   25.6674
    7.5000  -45.0000   22.500010551.2607   25.6766
   -7.5000  -37.5000   22.500011074.9160   25.7886
    0.0000  -37.5000   22.500011516.4082   25.7042
    7.5000  -37.5000   22.500011095.0020   25.7043
   -7.5000  -30.0000   22.500011992.7637   25.8160
    0.0000  -30.0000   22.500012489.3887   25.7333
    7.5000  -30.0000   22.500012058.8232   25.7294
   -7.5000  -22.5000   22.500012780.9775   25.8026
    0.0000  -22.5000   22.500013247.0322   25.7232
    7.5000  -22.5000   22.500012837.6045   25.7263
   -7.5000  -15.0000   22.500013488.1865   25.7675
    0.0000  -15.0000   22.500013961.9346   25.6861
    7.5000  -15.0000   22.500013571.7715   25.6993
   -7.5000   -7.5000   22.500014170.5986   25.7423
    0.0000   -7.5000   22.500014823.6055   25.6596
    7.5000   -7.5000   22.500014398.6572   25.6747
   -7.5000    0.0000   22.500014805.8525   25.7501
    0.0000    0.0000   22.500015494.1963   25.6674
    7.5000    0.0000   22.500015048.7412   25.6766
   -7.5000    7.5000   22.500014094.4492   25.7886
    0.0000    7.5000   22.500014707.6611   25.7042
    7.5000    7.5000   22.500014279.6670   25.7043
   -7.5000   15.0000   22.500012988.3398   25.8160
    0.0000   15.0000   22.500013548.5000   25.7333
    7.5000   15.0000   22.500013129.4102   25.7294
   -7.5000   22.5000   22.500011998.2402   25.7908
    0.0000   22.5000   22.500012470.5146   25.7113
    7.5000   22.5000   22.500012039.9268   25.7145
   -7.5000   30.0000   22.500010760.5752   25.4340
    0.0000   30.0000   22.500011206.7354   25.3537
    7.5000   30.0000   22.500010816.6709   25.3667
   -7.5000   37.5000   22.500010020.8252   25.4092
    0.0000   37.5000   22.500010444.7695   25.3275
    7.5000   37.5000   22.500010078.6934   25.3424
   -7.5000   45.0000   22.5000 8931.1172   24.8201
    0.0000   45.0000   22.5000 9319.8213   24.7404
    7.5000   45.0000   22.5000 8976.1094   24.7492
   -7.5000  -45.0000   30.0000 9817.1260   25.7379
    0.0000  -45.0000   30.000010289.2842   25.6401
    7.5000  -45.0000   30.0000 9914.6875   25.6208
   -7.5000  -37.5000   30.000010401.9990   25.7781
    0.0000  -37.5000   30.000010890.4385   25.6779
    7.5000  -37.5000   30.000010484.6904   25.6514
   -7.5000  -30.0000   30.000011256.9951   25.7969
    0.0000  -30.0000   30.000011779.4180   25.7038
    7.5000  -30.0000   30.000011342.7559   25.6830
   -7.5000  -22.5000   30.000012022.7510   25.7741
    0.0000  -22.5000   30.000012556.2070   25.6914
    7.5000  -22.5000   30.000012108.7129   25.6859
   -7.5000  -15.0000   30.000012681.9453   25.7411
    0.0000  -15.0000   30.000013264.4922   25.6574
    7.5000  -15.0000   30.000012799.4326   25.6613
   -7.5000   -7.5000   30.000013367.1807   25.7237
    0.0000   -7.5000   30.000014031.7363   25.6320
    7.5000   -7.5000   30.000013561.6543   25.6279
   -7.5000    0.0000   30.000013952.6826   25.7378
    0.0000    0.0000   30.000014672.9814   25.6401
    7.5000    0.0000   30.000014189.7412   25.6208
   -7.5000    7.5000   30.000013263.7451   25.7781
    0.0000    7.5000   30.000013925.1182   25.6779
    7.5000    7.5000   30.000013476.6914   25.6514
   -7.5000   15.0000   30.000012207.6035   25.7969
    0.0000   15.0000   30.000012804.0566   25.7038
    7.5000   15.0000   30.000012380.7793   25.6830
   -7.5000   22.5000   30.000011226.4219   25.7623
    0.0000   22.5000   30.000011729.5713   25.6796
    7.5000   22.5000   30.000011317.1689   25.6741
   -7.5000   30.0000   30.000010089.8721   25.4080
    0.0000   30.0000   30.000010490.5361   25.3253
    7.5000   30.0000   30.000010138.1367   25.3292
   -7.5000   37.5000   30.0000 9384.5352   25.3908
    0.0000   37.5000   30.0000 9749.4043   25.3002
    7.5000   37.5000   30.0000 9407.4043   25.2962
   -7.5000   45.0000   30.0000 8340.0469   24.8083
    0.0000   45.0000   30.0000 8679.1582   24.7141
    7.5000   45.0000   30.0000 8386.2744   24.6955
   -7.5000  -45.0000   37.5000 9465.0830   25.7857
    0.0000  -45.0000   37.500010052.0459   25.6711
    7.5000  -45.0000   37.5000 9681.2646   25.6331
   -7.5000  -37.5000   37.500010016.8193   25.7970
    0.0000  -37.5000   37.500010623.3945   25.6823
    7.5000  -37.5000   37.500010223.1074   25.6374
   -7.5000  -30.0000   37.500010868.9980   25.8102
    0.0000  -30.0000   37.500011473.4336   25.7065
    7.5000  -30.0000   37.500011038.7031   25.6715
   -7.5000  -22.5000   37.500011597.8545   25.8148
    0.0000  -22.5000   37.500012178.0996   25.7236
    7.5000  -22.5000   37.500011722.4502   25.7076
   -7.5000  -15.0000   37.500012211.2568   25.8117
    0.0000  -15.0000   37.500012785.5635   25.7187
    7.5000  -15.0000   37.500012309.5762   25.7125
   -7.5000   -7.5000   37.500012819.2061   25.7960
    0.0000   -7.5000   37.500013418.3398   25.6904
    7.5000   -7.5000   37.500012947.6699   25.6722
   -7.5000    0.0000   37.500013406.1729   25.7857
    0.0000    0.0000   37.500014026.0244   25.6710
    7.5000    0.0000   37.500013552.7734   25.6330
   -7.5000    7.5000   37.500012779.2041   25.7970
    0.0000    7.5000   37.500013367.3711   25.6823
    7.5000    7.5000   37.500012925.9756   25.6374
   -7.5000   15.0000   37.500011825.9121   25.8102
    0.0000   15.0000   37.500012357.5117   25.7065
    7.5000   15.0000   37.500011968.0059   25.6715
   -7.5000   22.5000   37.500010835.5156   25.8029
    0.0000   22.5000   37.500011306.9580   25.7117
    7.5000   22.5000   37.500010927.1328   25.6958
   -7.5000   30.0000   37.5000 9746.9941   25.4777
    0.0000   30.0000   37.500010122.9033   25.3859
    7.5000   30.0000   37.5000 9772.3350   25.3798
   -7.5000   37.5000   37.5000 9047.6621   25.4622
    0.0000   37.5000   37.5000 9415.1826   25.3579
    7.5000   37.5000   37.5000 9052.8584   25.3399
   -7.5000   45.0000   37.5000 8019.0244   24.8544
    0.0000   45.0000   37.5000 8380.5381   24.7439
    7.5000   45.0000   37.5000 8069.2417   24.7073
   -7.5000  -45.0000   45.0000 8695.6787   25.8969
    0.0000  -45.0000   45.0000 9268.8359   25.7768
    7.5000  -45.0000   45.0000 8958.1504   25.7444
   -7.5000  -37.5000   45.0000 9144.1914   25.8786
    0.0000  -37.5000   45.0000 9757.9463   25.7611
    7.5000  -37.5000   45.0000 9411.0674   25.7213
   -7.5000  -30.0000   45.0000 9894.6387   25.8960
    0.0000  -30.0000   45.000010493.2109   25.7889
    7.5000  -30.0000   45.000010113.2256   25.7551
   -7.5000  -22.5000   45.000010542.5049   25.9379
    0.0000  -22.5000   45.000011107.4033   25.8398
    7.5000  -22.5000   45.000010712.9766   25.8215
   -7.5000  -15.0000   45.000011109.2402   25.9627
    0.0000  -15.0000   45.000011667.8398   25.8612
    7.5000  -15.0000   45.000011260.5918   25.8526
   -7.5000   -7.5000   45.000011657.3037   25.9390
    0.0000   -7.5000   45.000012215.3037   25.8259
    7.5000   -7.5000   45.000011816.0713   25.8094
   -7.5000    0.0000   45.000012160.1309   25.8969
    0.0000    0.0000   45.000012733.2334   25.7767
    7.5000    0.0000   45.000012314.2285   25.7444
   -7.5000    7.5000   45.000011633.1816   25.8786
    0.0000    7.5000   45.000012184.3896   25.7611
    7.5000    7.5000   45.000011784.3311   25.7213
   -7.5000   15.0000   45.000010816.1191   25.8960
    0.0000   15.0000   45.000011312.7148   25.7889
    7.5000   15.0000   45.000010950.7090   25.7551
   -7.5000   22.5000   45.0000 9910.7080   25.9258
    0.0000   22.5000   45.000010341.9473   25.8278
    7.5000   22.5000   45.000010002.8535   25.8095
   -7.5000   30.0000   45.0000 8917.6465   25.6245
    0.0000   30.0000   45.0000 9295.1484   25.5243
    7.5000   30.0000   45.0000 8971.8213   25.5158
   -7.5000   37.5000   45.0000 8279.6748   25.6011
    0.0000   37.5000   45.0000 8644.8193   25.4894
    7.5000   37.5000   45.0000 8332.7725   25.4732
   -7.5000   45.0000   45.0000 7354.7280   24.9729
    0.0000   45.0000   45.0000 7677.3984   24.8570
    7.5000   45.0000   45.0000 7408.9326   24.8258

---------------------------------------------------------------------
imgreg_4dfp /opt/freesurfer/average/711-2C_as_mni_average_305 /opt/freesurfer/average/711-2B_as_mni_average_305_mask talsrcimg_g11 none talsrcimg_to_711-2C_as_mni_average_305_t4 4355
---------------------------------------------------------------------

freesurfer imgreg_4dfp.c
/opt/freesurfer/average/711-2C_as_mni_average_305.4dfp.img
       256       256       256         1
  1.000000  1.000000  1.000000
orientation T byte_order littleendian
Reading image: /opt/freesurfer/average/711-2C_as_mni_average_305.4dfp.img
dimensions:      256       256       256
mmppix:       1.0000   -1.0000   -1.0000
center:     128.0000 -129.0000 -129.0000
/opt/freesurfer/average/711-2B_as_mni_average_305_mask.4dfp.img
       256       256       256         1
  1.000000  1.000000  1.000000
orientation T byte_order littleendian
Reading mask: /opt/freesurfer/average/711-2B_as_mni_average_305_mask.4dfp.img (2306576 pixels)
talsrcimg_g11.4dfp.img
       256       256       256         1
  1.000000  1.000000  1.000000
orientation T byte_order littleendian
Reading image: talsrcimg_g11.4dfp.img
dimensions:      256       256       256
mmppix:       1.0000   -1.0000   -1.0000
center:     128.0000 -129.0000 -129.0000
rotation matrix determinant  1.000000
image alignment mode   4355 decimal     1103 hex
   -7.5000  -45.0000  -45.0000 1983.2842   25.6125
    0.0000  -45.0000  -45.0000 2010.0826   25.2766
    7.5000  -45.0000  -45.0000 2011.9323   25.3263
   -7.5000  -37.5000  -45.0000 2065.0081   23.9530
    0.0000  -37.5000  -45.0000 2093.7700   23.5701
    7.5000  -37.5000  -45.0000 2098.8328   23.6415
   -7.5000  -30.0000  -45.0000 2112.3374   22.7386
    0.0000  -30.0000  -45.0000 2140.9556   22.4401
    7.5000  -30.0000  -45.0000 2144.0662   22.4988
   -7.5000  -22.5000  -45.0000 2138.7219   22.1956
    0.0000  -22.5000  -45.0000 2174.1785   21.7555
    7.5000  -22.5000  -45.0000 2169.3848   21.8240
   -7.5000  -15.0000  -45.0000 2155.9583   22.0936
    0.0000  -15.0000  -45.0000 2185.5579   21.5444
    7.5000  -15.0000  -45.0000 2182.9001   21.6658
   -7.5000   -7.5000  -45.0000 2143.6033   22.4257
    0.0000   -7.5000  -45.0000 2176.7485   21.8979
    7.5000   -7.5000  -45.0000 2175.2905   22.0629
   -7.5000    0.0000  -45.0000 2118.0266   23.1603
    0.0000    0.0000  -45.0000 2154.3977   22.6225
    7.5000    0.0000  -45.0000 2146.2161   22.7284
   -7.5000    7.5000  -45.0000 2082.0076   24.1919
    0.0000    7.5000  -45.0000 2111.7153   23.6641
    7.5000    7.5000  -45.0000 2106.6125   23.7606
   -7.5000   15.0000  -45.0000 2022.7058   25.6796
    0.0000   15.0000  -45.0000 2049.6780   25.1111
    7.5000   15.0000  -45.0000 2043.2395   25.2355
   -7.5000   22.5000  -45.0000 1940.9601   27.7585
    0.0000   22.5000  -45.0000 1974.2581   27.2147
    7.5000   22.5000  -45.0000 1967.7716   27.4496
   -7.5000   30.0000  -45.0000 1842.2362   30.6086
    0.0000   30.0000  -45.0000 1871.5602   29.9539
    7.5000   30.0000  -45.0000 1863.2120   30.2977
   -7.5000   37.5000  -45.0000 1734.3463   34.3829
    0.0000   37.5000  -45.0000 1765.6073   33.6645
    7.5000   37.5000  -45.0000 1752.4617   33.9493
   -7.5000   45.0000  -45.0000 1622.7102   39.4920
    0.0000   45.0000  -45.0000 1643.0796   38.6453
    7.5000   45.0000  -45.0000 1636.8094   38.7476
   -7.5000  -45.0000  -37.5000 2078.8359   23.5636
    0.0000  -45.0000  -37.5000 2108.2019   23.2830
    7.5000  -45.0000  -37.5000 2109.9045   23.3650
   -7.5000  -37.5000  -37.5000 2164.9666   21.9623
    0.0000  -37.5000  -37.5000 2194.8765   21.7072
    7.5000  -37.5000  -37.5000 2201.6746   21.8178
   -7.5000  -30.0000  -37.5000 2214.2827   20.9298
    0.0000  -30.0000  -37.5000 2248.9407   20.6832
    7.5000  -30.0000  -37.5000 2248.5896   20.7505
   -7.5000  -22.5000  -37.5000 2246.3530   20.3970
    0.0000  -22.5000  -37.5000 2277.5190   20.0246
    7.5000  -22.5000  -37.5000 2274.9297   20.1486
   -7.5000  -15.0000  -37.5000 2250.8232   20.2961
    0.0000  -15.0000  -37.5000 2287.3191   19.9418
    7.5000  -15.0000  -37.5000 2284.3701   19.9890
   -7.5000   -7.5000  -37.5000 2240.2568   20.5491
    0.0000   -7.5000  -37.5000 2275.7197   20.1179
    7.5000   -7.5000  -37.5000 2273.9709   20.2045
   -7.5000    0.0000  -37.5000 2217.7417   21.1115
    0.0000    0.0000  -37.5000 2253.0137   20.6493
    7.5000    0.0000  -37.5000 2247.5408   20.7345
   -7.5000    7.5000  -37.5000 2180.2659   22.0227
    0.0000    7.5000  -37.5000 2215.6836   21.5505
    7.5000    7.5000  -37.5000 2205.5369   21.6364
   -7.5000   15.0000  -37.5000 2120.7024   23.4061
    0.0000   15.0000  -37.5000 2157.6548   22.9265
    7.5000   15.0000  -37.5000 2148.4312   23.0817
   -7.5000   22.5000  -37.5000 2038.9207   25.4170
    0.0000   22.5000  -37.5000 2072.0930   24.8889
    7.5000   22.5000  -37.5000 2063.3215   25.1242
   -7.5000   30.0000  -37.5000 1929.5383   28.0428
    0.0000   30.0000  -37.5000 1959.6201   27.4287
    7.5000   30.0000  -37.5000 1953.0206   27.5939
   -7.5000   37.5000  -37.5000 1815.5988   31.4075
    0.0000   37.5000  -37.5000 1849.0463   30.7675
    7.5000   37.5000  -37.5000 1836.4415   30.9667
   -7.5000   45.0000  -37.5000 1695.8444   35.8428
    0.0000   45.0000  -37.5000 1715.4818   35.1155
    7.5000   45.0000  -37.5000 1710.2194   35.4072
   -7.5000  -45.0000  -30.0000 2204.3213   22.5065
    0.0000  -45.0000  -30.0000 2239.1497   22.1955
    7.5000  -45.0000  -30.0000 2245.3372   22.2938
   -7.5000  -37.5000  -30.0000 2304.5557   20.9320
    0.0000  -37.5000  -30.0000 2345.1672   20.6863
    7.5000  -37.5000  -30.0000 2344.5779   20.8266
   -7.5000  -30.0000  -30.0000 2359.1853   19.9861
    0.0000  -30.0000  -30.0000 2399.2488   19.6935
    7.5000  -30.0000  -30.0000 2395.7817   19.8410
   -7.5000  -22.5000  -30.0000 2390.4136   19.4142
    0.0000  -22.5000  -30.0000 2425.3721   19.1008
    7.5000  -22.5000  -30.0000 2422.7449   19.1630
   -7.5000  -15.0000  -30.0000 2394.7307   19.2648
    0.0000  -15.0000  -30.0000 2429.7100   18.9289
    7.5000  -15.0000  -30.0000 2426.9958   18.9421
   -7.5000   -7.5000  -30.0000 2382.3069   19.4719
    0.0000   -7.5000  -30.0000 2411.3684   19.0415
    7.5000   -7.5000  -30.0000 2411.6489   19.1209
   -7.5000    0.0000  -30.0000 2358.8694   19.9678
    0.0000    0.0000  -30.0000 2398.5618   19.4822
    7.5000    0.0000  -30.0000 2393.4829   19.6052
   -7.5000    7.5000  -30.0000 2323.2617   20.9164
    0.0000    7.5000  -30.0000 2365.3364   20.4384
    7.5000    7.5000  -30.0000 2358.7283   20.5112
   -7.5000   15.0000  -30.0000 2259.3030   22.3342
    0.0000   15.0000  -30.0000 2303.3203   21.8567
    7.5000   15.0000  -30.0000 2296.1545   21.9609
   -7.5000   22.5000  -30.0000 2166.4045   24.1778
    0.0000   22.5000  -30.0000 2209.1785   23.7015
    7.5000   22.5000  -30.0000 2197.7156   23.8604
   -7.5000   30.0000  -30.0000 2054.6335   26.5593
    0.0000   30.0000  -30.0000 2086.5923   26.0704
    7.5000   30.0000  -30.0000 2074.4521   26.2579
   -7.5000   37.5000  -30.0000 1924.8300   29.7370
    0.0000   37.5000  -30.0000 1964.9163   29.1308
    7.5000   37.5000  -30.0000 1954.7136   29.3514
   -7.5000   45.0000  -30.0000 1791.0269   33.9290
    0.0000   45.0000  -30.0000 1822.5767   33.1808
    7.5000   45.0000  -30.0000 1815.1672   33.4688
   -7.5000  -45.0000  -22.5000 2301.2832   21.3273
    0.0000  -45.0000  -22.5000 2343.3325   21.0230
    7.5000  -45.0000  -22.5000 2345.2493   21.1379
   -7.5000  -37.5000  -22.5000 2401.3298   19.8673
    0.0000  -37.5000  -22.5000 2450.8867   19.4921
    7.5000  -37.5000  -22.5000 2442.8657   19.5745
   -7.5000  -30.0000  -22.5000 2466.9490   18.8607
    0.0000  -30.0000  -22.5000 2515.9041   18.5264
    7.5000  -30.0000  -22.5000 2504.5110   18.5931
   -7.5000  -22.5000  -22.5000 2510.9807   18.2757
    0.0000  -22.5000  -22.5000 2552.6606   17.9089
    7.5000  -22.5000  -22.5000 2543.7024   17.9469
   -7.5000  -15.0000  -22.5000 2522.8047   18.0777
    0.0000  -15.0000  -22.5000 2568.3833   17.7357
    7.5000  -15.0000  -22.5000 2557.3984   17.7710
   -7.5000   -7.5000  -22.5000 2512.5620   18.2868
    0.0000   -7.5000  -22.5000 2554.2456   17.8905
    7.5000   -7.5000  -22.5000 2548.9343   17.9417
   -7.5000    0.0000  -22.5000 2488.8145   18.8103
    0.0000    0.0000  -22.5000 2537.2805   18.4194
    7.5000    0.0000  -22.5000 2527.4673   18.4475
   -7.5000    7.5000  -22.5000 2445.5527   19.7354
    0.0000    7.5000  -22.5000 2497.1013   19.3184
    7.5000    7.5000  -22.5000 2488.0662   19.3521
   -7.5000   15.0000  -22.5000 2375.1284   21.0648
    0.0000   15.0000  -22.5000 2429.1289   20.6407
    7.5000   15.0000  -22.5000 2418.3052   20.7653
   -7.5000   22.5000  -22.5000 2273.8157   22.8029
    0.0000   22.5000  -22.5000 2325.1479   22.3608
    7.5000   22.5000  -22.5000 2316.3420   22.5079
   -7.5000   30.0000  -22.5000 2150.1008   25.0911
    0.0000   30.0000  -22.5000 2187.1338   24.5945
    7.5000   30.0000  -22.5000 2180.2056   24.7821
   -7.5000   37.5000  -22.5000 2015.3864   28.0059
    0.0000   37.5000  -22.5000 2055.0049   27.4497
    7.5000   37.5000  -22.5000 2046.8181   27.6857
   -7.5000   45.0000  -22.5000 1871.6582   31.9474
    0.0000   45.0000  -22.5000 1902.8245   31.2959
    7.5000   45.0000  -22.5000 1896.6233   31.4442
   -7.5000  -45.0000  -15.0000 2363.0173   20.2547
    0.0000  -45.0000  -15.0000 2418.0149   19.8752
    7.5000  -45.0000  -15.0000 2415.5417   19.9361
   -7.5000  -37.5000  -15.0000 2471.6189   18.7237
    0.0000  -37.5000  -15.0000 2526.6431   18.3933
    7.5000  -37.5000  -15.0000 2519.6458   18.4111
   -7.5000  -30.0000  -15.0000 2546.0549   17.7335
    0.0000  -30.0000  -15.0000 2597.2771   17.3645
    7.5000  -30.0000  -15.0000 2589.6084   17.3953
   -7.5000  -22.5000  -15.0000 2595.4382   17.1766
    0.0000  -22.5000  -15.0000 2643.8064   16.7860
    7.5000  -22.5000  -15.0000 2635.4949   16.8081
   -7.5000  -15.0000  -15.0000 2620.9243   16.9494
    0.0000  -15.0000  -15.0000 2675.5503   16.5796
    7.5000  -15.0000  -15.0000 2656.9849   16.5907
   -7.5000   -7.5000  -15.0000 2617.2085   17.1703
    0.0000   -7.5000  -15.0000 2673.1292   16.8345
    7.5000   -7.5000  -15.0000 2656.6716   16.8089
   -7.5000    0.0000  -15.0000 2592.4546   17.7025
    0.0000    0.0000  -15.0000 2648.4844   17.3652
    7.5000    0.0000  -15.0000 2640.5574   17.3747
   -7.5000    7.5000  -15.0000 2548.0496   18.6428
    0.0000    7.5000  -15.0000 2607.0967   18.2874
    7.5000    7.5000  -15.0000 2600.3208   18.3123
   -7.5000   15.0000  -15.0000 2463.6677   19.8802
    0.0000   15.0000  -15.0000 2521.4788   19.4653
    7.5000   15.0000  -15.0000 2513.8025   19.5618
   -7.5000   22.5000  -15.0000 2365.1555   21.6182
    0.0000   22.5000  -15.0000 2409.5437   21.1727
    7.5000   22.5000  -15.0000 2402.2847   21.2791
   -7.5000   30.0000  -15.0000 2230.6162   23.8228
    0.0000   30.0000  -15.0000 2266.9373   23.3160
    7.5000   30.0000  -15.0000 2257.8450   23.4324
   -7.5000   37.5000  -15.0000 2083.5986   26.5148
    0.0000   37.5000  -15.0000 2117.1721   25.9746
    7.5000   37.5000  -15.0000 2111.3423   26.1520
   -7.5000   45.0000  -15.0000 1925.8340   30.1569
    0.0000   45.0000  -15.0000 1953.4929   29.4778
    7.5000   45.0000  -15.0000 1947.9108   29.5639
   -7.5000  -45.0000   -7.5000 2418.0129   19.3415
    0.0000  -45.0000   -7.5000 2466.2598   18.8349
    7.5000  -45.0000   -7.5000 2466.5947   18.9521
   -7.5000  -37.5000   -7.5000 2530.6018   17.8196
    0.0000  -37.5000   -7.5000 2578.0742   17.4034
    7.5000  -37.5000   -7.5000 2575.8223   17.4827
   -7.5000  -30.0000   -7.5000 2619.4526   16.7778
    0.0000  -30.0000   -7.5000 2660.6982   16.3477
    7.5000  -30.0000   -7.5000 2658.4041   16.4023
   -7.5000  -22.5000   -7.5000 2670.5923   16.1709
    0.0000  -22.5000   -7.5000 2722.9529   15.7715
    7.5000  -22.5000   -7.5000 2715.9490   15.7960
   -7.5000  -15.0000   -7.5000 2696.9790   15.9689
    0.0000  -15.0000   -7.5000 2757.8711   15.5706
    7.5000  -15.0000   -7.5000 2740.8301   15.6235
   -7.5000   -7.5000   -7.5000 2697.4814   16.1962
    0.0000   -7.5000   -7.5000 2769.3582   15.8154
    7.5000   -7.5000   -7.5000 2754.8145   15.8412
   -7.5000    0.0000   -7.5000 2679.9834   16.7180
    0.0000    0.0000   -7.5000 2745.8408   16.3785
    7.5000    0.0000   -7.5000 2738.0159   16.3963
   -7.5000    7.5000   -7.5000 2632.3481   17.6537
    0.0000    7.5000   -7.5000 2693.9648   17.2505
    7.5000    7.5000   -7.5000 2686.9084   17.2780
   -7.5000   15.0000   -7.5000 2543.8057   18.8516
    0.0000   15.0000   -7.5000 2600.5132   18.4107
    7.5000   15.0000   -7.5000 2590.3564   18.4630
   -7.5000   22.5000   -7.5000 2429.5076   20.5708
    0.0000   22.5000   -7.5000 2477.5481   20.1067
    7.5000   22.5000   -7.5000 2467.3296   20.1825
   -7.5000   30.0000   -7.5000 2283.0251   22.7156
    0.0000   30.0000   -7.5000 2326.1514   22.2189
    7.5000   30.0000   -7.5000 2320.0833   22.3364
   -7.5000   37.5000   -7.5000 2134.1172   25.3275
    0.0000   37.5000   -7.5000 2168.4802   24.7872
    7.5000   37.5000   -7.5000 2162.1753   24.8723
   -7.5000   45.0000   -7.5000 1968.8571   28.7217
    0.0000   45.0000   -7.5000 1998.2755   28.1132
    7.5000   45.0000   -7.5000 1990.3126   28.2032
   -7.5000  -45.0000    0.0000 2450.2952   18.7845
    0.0000  -45.0000    0.0000 2487.5444   18.1246
    7.5000  -45.0000    0.0000 2493.2913   18.2948
   -7.5000  -37.5000    0.0000 2568.7073   17.3179
    0.0000  -37.5000    0.0000 2615.8508   16.7375
    7.5000  -37.5000    0.0000 2621.6316   16.8598
   -7.5000  -30.0000    0.0000 2661.5303   16.2399
    0.0000  -30.0000    0.0000 2708.5957   15.6944
    7.5000  -30.0000    0.0000 2715.9768   15.8218
   -7.5000  -22.5000    0.0000 2727.8428   15.5910
    0.0000  -22.5000    0.0000 2784.4817   15.0446
    7.5000  -22.5000    0.0000 2783.6055   15.1459
   -7.5000  -15.0000    0.0000 2768.4792   15.3500
    0.0000  -15.0000    0.0000 2831.0488   14.7826
    7.5000  -15.0000    0.0000 2819.3662   14.8851
   -7.5000   -7.5000    0.0000 2777.0972   15.4847
    0.0000   -7.5000    0.0000 2851.1460   14.9772
    7.5000   -7.5000    0.0000 2834.8145   15.0358
   -7.5000    0.0000    0.0000 2750.3589   16.0352
    0.0000    0.0000    0.0000 2824.5378   15.5738
    7.5000    0.0000    0.0000 2812.7629   15.6067
   -7.5000    7.5000    0.0000 2696.0081   16.9052
    0.0000    7.5000    0.0000 2753.3892   16.3867
    7.5000    7.5000    0.0000 2742.8533   16.4200
   -7.5000   15.0000    0.0000 2598.3315   18.1418
    0.0000   15.0000    0.0000 2648.2170   17.6392
    7.5000   15.0000    0.0000 2643.3335   17.6826
   -7.5000   22.5000    0.0000 2479.0808   19.8558
    0.0000   22.5000    0.0000 2522.0862   19.3450
    7.5000   22.5000    0.0000 2513.3320   19.4192
   -7.5000   30.0000    0.0000 2325.8567   21.9811
    0.0000   30.0000    0.0000 2370.5571   21.4640
    7.5000   30.0000    0.0000 2364.4861   21.5464
   -7.5000   37.5000    0.0000 2171.0215   24.5584
    0.0000   37.5000    0.0000 2212.1477   23.9407
    7.5000   37.5000    0.0000 2206.8806   24.0756
   -7.5000   45.0000    0.0000 1995.1305   27.7519
    0.0000   45.0000    0.0000 2039.9407   27.0992
    7.5000   45.0000    0.0000 2033.0466   27.3542
   -7.5000  -45.0000    7.5000 2454.5315   18.4693
    0.0000  -45.0000    7.5000 2496.0857   17.7212
    7.5000  -45.0000    7.5000 2503.0703   17.8596
   -7.5000  -37.5000    7.5000 2582.8511   17.0194
    0.0000  -37.5000    7.5000 2625.0325   16.3355
    7.5000  -37.5000    7.5000 2633.2561   16.4688
   -7.5000  -30.0000    7.5000 2691.2251   16.0205
    0.0000  -30.0000    7.5000 2740.6431   15.4018
    7.5000  -30.0000    7.5000 2748.0203   15.5049
   -7.5000  -22.5000    7.5000 2771.0461   15.3182
    0.0000  -22.5000    7.5000 2837.8010   14.7195
    7.5000  -22.5000    7.5000 2840.1304   14.8214
   -7.5000  -15.0000    7.5000 2822.7898   14.9064
    0.0000  -15.0000    7.5000 2900.0889   14.2185
    7.5000  -15.0000    7.5000 2888.3496   14.3517
   -7.5000   -7.5000    7.5000 2836.2739   14.9682
    0.0000   -7.5000    7.5000 2919.4744   14.2830
    7.5000   -7.5000    7.5000 2897.5203   14.3987
   -7.5000    0.0000    7.5000 2801.6704   15.6056
    0.0000    0.0000    7.5000 2870.8398   14.9513
    7.5000    0.0000    7.5000 2856.6995   15.0333
   -7.5000    7.5000    7.5000 2735.8188   16.5465
    0.0000    7.5000    7.5000 2795.0481   15.9753
    7.5000    7.5000    7.5000 2787.3137   15.9803
   -7.5000   15.0000    7.5000 2632.5537   17.7569
    0.0000   15.0000    7.5000 2684.7876   17.2337
    7.5000   15.0000    7.5000 2678.9451   17.2591
   -7.5000   22.5000    7.5000 2509.1782   19.3746
    0.0000   22.5000    7.5000 2557.5623   18.8776
    7.5000   22.5000    7.5000 2545.4587   18.9384
   -7.5000   30.0000    7.5000 2355.2390   21.4822
    0.0000   30.0000    7.5000 2402.6538   20.9998
    7.5000   30.0000    7.5000 2393.7036   21.0774
   -7.5000   37.5000    7.5000 2193.7104   24.0717
    0.0000   37.5000    7.5000 2238.0286   23.5531
    7.5000   37.5000    7.5000 2229.7476   23.6477
   -7.5000   45.0000    7.5000 2015.3245   27.2316
    0.0000   45.0000    7.5000 2055.1433   26.6501
    7.5000   45.0000    7.5000 2049.7129   26.8204
   -7.5000  -45.0000   15.0000 2445.1736   18.4214
    0.0000  -45.0000   15.0000 2486.7336   17.5876
    7.5000  -45.0000   15.0000 2493.0203   17.7401
   -7.5000  -37.5000   15.0000 2575.5471   16.9450
    0.0000  -37.5000   15.0000 2616.3047   16.1814
    7.5000  -37.5000   15.0000 2623.4966   16.3050
   -7.5000  -30.0000   15.0000 2688.4788   15.9437
    0.0000  -30.0000   15.0000 2736.1453   15.1986
    7.5000  -30.0000   15.0000 2742.3628   15.2943
   -7.5000  -22.5000   15.0000 2774.2344   15.1950
    0.0000  -22.5000   15.0000 2848.4253   14.5925
    7.5000  -22.5000   15.0000 2848.3335   14.7051
   -7.5000  -15.0000   15.0000 2836.0837   14.6747
    0.0000  -15.0000   15.0000 2907.8599   13.9081
    7.5000  -15.0000   15.0000 2903.5945   14.1054
   -7.5000   -7.5000   15.0000 2862.3940   14.7207
    0.0000   -7.5000   15.0000 2947.5762   13.9799
    7.5000   -7.5000   15.0000 2932.4980   14.0933
   -7.5000    0.0000   15.0000 2821.1938   15.4340
    0.0000    0.0000   15.0000 2892.9456   14.8519
    7.5000    0.0000   15.0000 2877.7869   14.9039
   -7.5000    7.5000   15.0000 2743.5630   16.3765
    0.0000    7.5000   15.0000 2803.0720   15.8772
    7.5000    7.5000   15.0000 2789.4951   15.8888
   -7.5000   15.0000   15.0000 2637.9197   17.5436
    0.0000   15.0000   15.0000 2690.1440   17.0717
    7.5000   15.0000   15.0000 2678.3809   17.0775
   -7.5000   22.5000   15.0000 2509.5183   19.1883
    0.0000   22.5000   15.0000 2558.7534   18.6932
    7.5000   22.5000   15.0000 2544.1851   18.7459
   -7.5000   30.0000   15.0000 2353.1021   21.2747
    0.0000   30.0000   15.0000 2402.7014   20.7842
    7.5000   30.0000   15.0000 2391.2166   20.8842
   -7.5000   37.5000   15.0000 2195.4644   23.7771
    0.0000   37.5000   15.0000 2236.1821   23.3042
    7.5000   37.5000   15.0000 2231.6467   23.4794
   -7.5000   45.0000   15.0000 2015.8899   26.9264
    0.0000   45.0000   15.0000 2054.3867   26.4763
    7.5000   45.0000   15.0000 2048.5361   26.6332
   -7.5000  -45.0000   22.5000 2428.1921   18.5752
    0.0000  -45.0000   22.5000 2469.3835   17.7377
    7.5000  -45.0000   22.5000 2473.5215   17.8223
   -7.5000  -37.5000   22.5000 2560.1973   17.1750
    0.0000  -37.5000   22.5000 2596.7649   16.3184
    7.5000  -37.5000   22.5000 2599.7380   16.4028
   -7.5000  -30.0000   22.5000 2668.7578   16.1084
    0.0000  -30.0000   22.5000 2710.2419   15.3458
    7.5000  -30.0000   22.5000 2709.8354   15.3824
   -7.5000  -22.5000   22.5000 2755.1780   15.2995
    0.0000  -22.5000   22.5000 2812.1260   14.5962
    7.5000  -22.5000   22.5000 2808.4329   14.7232
   -7.5000  -15.0000   22.5000 2825.6196   14.9248
    0.0000  -15.0000   22.5000 2890.4707   14.2407
    7.5000  -15.0000   22.5000 2884.2805   14.3636
   -7.5000   -7.5000   22.5000 2849.5723   14.9821
    0.0000   -7.5000   22.5000 2937.8909   14.4922
    7.5000   -7.5000   22.5000 2923.9216   14.5709
   -7.5000    0.0000   22.5000 2808.4875   15.5934
    0.0000    0.0000   22.5000 2882.7109   15.1773
    7.5000    0.0000   22.5000 2869.2107   15.2464
   -7.5000    7.5000   22.5000 2728.5068   16.4979
    0.0000    7.5000   22.5000 2784.7854   16.0534
    7.5000    7.5000   22.5000 2773.5732   16.0787
   -7.5000   15.0000   22.5000 2617.9207   17.6902
    0.0000   15.0000   22.5000 2665.7151   17.2451
    7.5000   15.0000   22.5000 2656.4663   17.2458
   -7.5000   22.5000   22.5000 2494.7048   19.2729
    0.0000   22.5000   22.5000 2532.6968   18.8328
    7.5000   22.5000   22.5000 2526.0396   18.8608
   -7.5000   30.0000   22.5000 2343.9783   21.2674
    0.0000   30.0000   22.5000 2385.8174   20.8337
    7.5000   30.0000   22.5000 2378.5327   20.9080
   -7.5000   37.5000   22.5000 2182.2058   23.7945
    0.0000   37.5000   22.5000 2221.9580   23.3556
    7.5000   37.5000   22.5000 2213.4690   23.4563
   -7.5000   45.0000   22.5000 2003.8785   27.0308
    0.0000   45.0000   22.5000 2038.0984   26.5194
    7.5000   45.0000   22.5000 2030.3762   26.6123
   -7.5000  -45.0000   30.0000 2402.4700   19.1066
    0.0000  -45.0000   30.0000 2437.1353   18.2787
    7.5000  -45.0000   30.0000 2436.5825   18.2727
   -7.5000  -37.5000   30.0000 2533.7063   17.7075
    0.0000  -37.5000   30.0000 2567.3965   16.9670
    7.5000  -37.5000   30.0000 2558.6667   16.9577
   -7.5000  -30.0000   30.0000 2636.8779   16.6069
    0.0000  -30.0000   30.0000 2674.8308   15.9806
    7.5000  -30.0000   30.0000 2659.6118   15.9983
   -7.5000  -22.5000   30.0000 2722.3760   15.8724
    0.0000  -22.5000   30.0000 2761.5354   15.1707
    7.5000  -22.5000   30.0000 2755.5183   15.2582
   -7.5000  -15.0000   30.0000 2776.6284   15.4883
    0.0000  -15.0000   30.0000 2830.0657   14.8924
    7.5000  -15.0000   30.0000 2821.3171   14.9176
   -7.5000   -7.5000   30.0000 2796.1147   15.5624
    0.0000   -7.5000   30.0000 2861.2812   15.1074
    7.5000   -7.5000   30.0000 2855.1780   15.1317
   -7.5000    0.0000   30.0000 2756.3093   16.1304
    0.0000    0.0000   30.0000 2819.0007   15.7207
    7.5000    0.0000   30.0000 2808.0974   15.7461
   -7.5000    7.5000   30.0000 2682.8999   16.9864
    0.0000    7.5000   30.0000 2740.3967   16.6045
    7.5000    7.5000   30.0000 2728.9585   16.6069
   -7.5000   15.0000   30.0000 2574.1526   18.1822
    0.0000   15.0000   30.0000 2616.3157   17.7801
    7.5000   15.0000   30.0000 2608.1858   17.8041
   -7.5000   22.5000   30.0000 2457.5657   19.7473
    0.0000   22.5000   30.0000 2494.7295   19.3047
    7.5000   22.5000   30.0000 2489.0488   19.3732
   -7.5000   30.0000   30.0000 2311.5994   21.7660
    0.0000   30.0000   30.0000 2345.0034   21.2988
    7.5000   30.0000   30.0000 2335.0142   21.3850
   -7.5000   37.5000   30.0000 2150.5247   24.2512
    0.0000   37.5000   30.0000 2184.7898   23.7291
    7.5000   37.5000   30.0000 2174.4836   23.7793
   -7.5000   45.0000   30.0000 1983.6841   27.3896
    0.0000   45.0000   30.0000 2014.8973   26.8104
    7.5000   45.0000   30.0000 2008.1782   26.8451
   -7.5000  -45.0000   37.5000 2366.5061   19.9478
    0.0000  -45.0000   37.5000 2415.2944   19.3349
    7.5000  -45.0000   37.5000 2405.5168   19.3304
   -7.5000  -37.5000   37.5000 2487.5488   18.6014
    0.0000  -37.5000   37.5000 2536.9351   18.0368
    7.5000  -37.5000   37.5000 2519.1399   18.0164
   -7.5000  -30.0000   37.5000 2587.2842   17.5453
    0.0000  -30.0000   37.5000 2630.0842   16.9384
    7.5000  -30.0000   37.5000 2616.8765   16.9554
   -7.5000  -22.5000   37.5000 2661.5430   16.7455
    0.0000  -22.5000   37.5000 2706.6523   16.1007
    7.5000  -22.5000   37.5000 2690.7222   16.1195
   -7.5000  -15.0000   37.5000 2709.4790   16.3590
    0.0000  -15.0000   37.5000 2748.9795   15.8169
    7.5000  -15.0000   37.5000 2735.9058   15.7956
   -7.5000   -7.5000   37.5000 2719.9163   16.4020
    0.0000   -7.5000   37.5000 2765.3813   15.9547
    7.5000   -7.5000   37.5000 2753.9006   15.9549
   -7.5000    0.0000   37.5000 2679.5615   16.9928
    0.0000    0.0000   37.5000 2729.7932   16.5171
    7.5000    0.0000   37.5000 2715.0540   16.5400
   -7.5000    7.5000   37.5000 2609.1504   17.8298
    0.0000    7.5000   37.5000 2660.7297   17.3656
    7.5000    7.5000   37.5000 2645.4233   17.3760
   -7.5000   15.0000   37.5000 2511.3530   18.9944
    0.0000   15.0000   37.5000 2552.4119   18.5914
    7.5000   15.0000   37.5000 2546.9470   18.6258
   -7.5000   22.5000   37.5000 2400.8633   20.5773
    0.0000   22.5000   37.5000 2435.1711   20.1727
    7.5000   22.5000   37.5000 2434.7969   20.2507
   -7.5000   30.0000   37.5000 2259.4915   22.5809
    0.0000   30.0000   37.5000 2283.8364   22.1506
    7.5000   30.0000   37.5000 2277.3105   22.2008
   -7.5000   37.5000   37.5000 2105.7590   24.9646
    0.0000   37.5000   37.5000 2136.1023   24.4756
    7.5000   37.5000   37.5000 2122.8621   24.5907
   -7.5000   45.0000   37.5000 1953.4385   28.0716
    0.0000   45.0000   37.5000 1985.3497   27.4774
    7.5000   45.0000   37.5000 1974.7560   27.5659
   -7.5000  -45.0000   45.0000 2316.7793   21.2322
    0.0000  -45.0000   45.0000 2366.1609   20.7058
    7.5000  -45.0000   45.0000 2359.3042   20.7345
   -7.5000  -37.5000   45.0000 2420.3440   19.7871
    0.0000  -37.5000   45.0000 2479.1450   19.2504
    7.5000  -37.5000   45.0000 2465.0876   19.3280
   -7.5000  -30.0000   45.0000 2509.9700   18.6527
    0.0000  -30.0000   45.0000 2565.2234   18.1033
    7.5000  -30.0000   45.0000 2552.9570   18.1627
   -7.5000  -22.5000   45.0000 2583.3918   17.8290
    0.0000  -22.5000   45.0000 2627.5103   17.2668
    7.5000  -22.5000   45.0000 2614.0000   17.2881
   -7.5000  -15.0000   45.0000 2621.2766   17.4627
    0.0000  -15.0000   45.0000 2659.9121   16.9886
    7.5000  -15.0000   45.0000 2647.8054   16.9587
   -7.5000   -7.5000   45.0000 2621.1389   17.5185
    0.0000   -7.5000   45.0000 2659.1348   17.0866
    7.5000   -7.5000   45.0000 2652.8528   17.0797
   -7.5000    0.0000   45.0000 2582.2209   18.0467
    0.0000    0.0000   45.0000 2620.0811   17.5490
    7.5000    0.0000   45.0000 2612.9216   17.5746
   -7.5000    7.5000   45.0000 2517.4541   18.8393
    0.0000    7.5000   45.0000 2556.2568   18.3819
    7.5000    7.5000   45.0000 2544.8721   18.3929
   -7.5000   15.0000   45.0000 2428.2754   20.0069
    0.0000   15.0000   45.0000 2463.8611   19.5972
    7.5000   15.0000   45.0000 2454.7209   19.6219
   -7.5000   22.5000   45.0000 2325.1338   21.5934
    0.0000   22.5000   45.0000 2354.7351   21.2258
    7.5000   22.5000   45.0000 2352.4958   21.2607
   -7.5000   30.0000   45.0000 2189.6096   23.6863
    0.0000   30.0000   45.0000 2214.1523   23.2627
    7.5000   30.0000   45.0000 2209.9014   23.3231
   -7.5000   37.5000   45.0000 2049.3374   26.1475
    0.0000   37.5000   45.0000 2076.9500   25.5846
    7.5000   37.5000   45.0000 2067.8008   25.6774
   -7.5000   45.0000   45.0000 1907.1517   29.2393
    0.0000   45.0000   45.0000 1934.1732   28.5631
    7.5000   45.0000   45.0000 1925.7267   28.7146

---------------------------------------------------------------------
imgreg_4dfp /opt/freesurfer/average/711-2C_as_mni_average_305 /opt/freesurfer/average/711-2B_as_mni_average_305_mask talsrcimg_g11 none talsrcimg_to_711-2C_as_mni_average_305_t4 1283
---------------------------------------------------------------------

freesurfer imgreg_4dfp.c
/opt/freesurfer/average/711-2C_as_mni_average_305.4dfp.img
       256       256       256         1
  1.000000  1.000000  1.000000
orientation T byte_order littleendian
Reading image: /opt/freesurfer/average/711-2C_as_mni_average_305.4dfp.img
dimensions:      256       256       256
mmppix:       1.0000   -1.0000   -1.0000
center:     128.0000 -129.0000 -129.0000
/opt/freesurfer/average/711-2B_as_mni_average_305_mask.4dfp.img
       256       256       256         1
  1.000000  1.000000  1.000000
orientation T byte_order littleendian
Reading mask: /opt/freesurfer/average/711-2B_as_mni_average_305_mask.4dfp.img (2306576 pixels)
talsrcimg_g11.4dfp.img
       256       256       256         1
  1.000000  1.000000  1.000000
orientation T byte_order littleendian
Reading image: talsrcimg_g11.4dfp.img
dimensions:      256       256       256
mmppix:       1.0000   -1.0000   -1.0000
center:     128.0000 -129.0000 -129.0000
rotation matrix determinant  1.000000
fimgreg.f
image alignment mode   1283 decimal      503 hex
parameters
    0.0000   -7.5000   15.0000    0.0000    0.0000    0.0000
eta,q 0.92322 13.95989
niter,ni,del,rscale     5    3   12.0000    1.2000
parameter  3 -3.078520 -> -0.500000 qaram    1.1500
parameter  4  0.618573 ->  0.500000 qaram    1.1500
parameters
    1.0856   -8.2191   18.4500   -3.4500    1.5873    1.2281
eta,q 0.92630 13.98344
  0.0944  0.0827  0.0792  0.0755  0.0845  0.0799
  0.0833  0.0808  0.0807  0.0740  0.0803  0.0779
  0.0780  0.0782  0.0799  0.0749  0.0760  0.0758
  0.0772  0.0771  0.0774  0.0765  0.0739  0.0740
  0.0775  0.0787  0.0770  0.0781  0.0743  0.0736
  0.0789  0.0821  0.0770  0.0810  0.0759  0.0745
  0.0836  0.0873  0.0773  0.0848  0.0771  0.0773
niter,ni,del,rscale     6    3   12.0000    1.2000
parameters
    1.9059   -5.5581   16.3354   -5.0087    1.7258    1.8342
eta,q 0.92817 13.90244
  0.0839  0.0897  0.0771  0.0798  0.0772  0.0760
  0.0777  0.0863  0.0738  0.0731  0.0742  0.0740
  0.0736  0.0799  0.0731  0.0715  0.0724  0.0725
  0.0737  0.0749  0.0739  0.0732  0.0720  0.0720
  0.0757  0.0740  0.0760  0.0770  0.0728  0.0717
  0.0756  0.0743  0.0812  0.0817  0.0741  0.0723
  0.0784  0.0775  0.0850  0.0858  0.0764  0.0750
niter,ni,del,rscale     5    3   12.0000    1.2000
parameters
    1.5288   -5.5848   15.9039   -5.1127    1.6392    1.7360
eta,q 0.92852 13.86225
  0.0799  0.0837  0.0781  0.0835  0.0764  0.0754
  0.0738  0.0767  0.0753  0.0772  0.0738  0.0733
  0.0704  0.0725  0.0723  0.0714  0.0722  0.0719
  0.0718  0.0714  0.0714  0.0715  0.0715  0.0715
  0.0732  0.0716  0.0721  0.0737  0.0724  0.0715
  0.0761  0.0766  0.0755  0.0786  0.0743  0.0729
  0.0810  0.0845  0.0812  0.0829  0.0764  0.0762
niter,ni,del,rscale     4    3   12.0000    1.2000
parameters
    1.5504   -5.6508   15.7668   -5.1472    1.4759    1.6575
eta,q 0.92853 13.84865
  0.0812  0.0832  0.0783  0.0835  0.0762  0.0754
  0.0748  0.0762  0.0757  0.0775  0.0737  0.0733
  0.0710  0.0722  0.0725  0.0714  0.0722  0.0719
  0.0715  0.0715  0.0715  0.0715  0.0715  0.0715
  0.0730  0.0717  0.0717  0.0736  0.0724  0.0715
  0.0755  0.0764  0.0746  0.0783  0.0743  0.0728
  0.0799  0.0842  0.0803  0.0827  0.0766  0.0762
niter,ni,del,rscale     3    3   12.0000    1.2000
parameters
    1.5959   -5.6797   15.7079   -5.1731    1.3839    1.6095
eta,q 0.92851 13.84315
  0.0813  0.0832  0.0784  0.0834  0.0763  0.0753
  0.0747  0.0762  0.0758  0.0775  0.0737  0.0734
  0.0711  0.0720  0.0725  0.0713  0.0723  0.0719
  0.0715  0.0715  0.0715  0.0715  0.0715  0.0715
  0.0729  0.0717  0.0716  0.0736  0.0723  0.0716
  0.0754  0.0761  0.0744  0.0781  0.0742  0.0727
  0.0798  0.0838  0.0800  0.0825  0.0765  0.0761
niter,ni,del,rscale     2    3   12.0000    1.2000
parameters
    1.6203   -5.6811   15.6818   -5.1909    1.3415    1.5870
eta,q 0.92850 13.84157
  0.0812  0.0832  0.0784  0.0834  0.0764  0.0753
  0.0746  0.0762  0.0758  0.0775  0.0737  0.0734
  0.0712  0.0720  0.0725  0.0713  0.0723  0.0718
  0.0715  0.0715  0.0715  0.0715  0.0715  0.0715
  0.0728  0.0716  0.0716  0.0735  0.0723  0.0715
  0.0755  0.0760  0.0743  0.0780  0.0741  0.0727
  0.0798  0.0836  0.0799  0.0825  0.0764  0.0760
registration optimization eta report
parameter search radius
    6.0000    6.0000    6.9000    6.9000    6.0000    6.0000
100000*second partial in parameter space
       26.       35.       17.       24.       13.       12.
  0.0812  0.0832  0.0784  0.0834  0.0764  0.0753
  0.0746  0.0762  0.0758  0.0775  0.0737  0.0734
  0.0712  0.0720  0.0725  0.0713  0.0723  0.0718
  0.0715  0.0715  0.0715  0.0715  0.0715  0.0715
  0.0728  0.0716  0.0716  0.0735  0.0723  0.0715
  0.0755  0.0760  0.0743  0.0780  0.0741  0.0727
  0.0798  0.0836  0.0799  0.0825  0.0764  0.0760
    1.6203   -5.6811   15.6818   -5.1909    1.3415    1.5870
eta,q 0.92850 13.84157

---------------------------------------------------------------------
imgreg_4dfp /opt/freesurfer/average/711-2C_as_mni_average_305 /opt/freesurfer/average/711-2B_as_mni_average_305_mask talsrcimg_g11 none talsrcimg_to_711-2C_as_mni_average_305_t4 3335
---------------------------------------------------------------------

freesurfer imgreg_4dfp.c
/opt/freesurfer/average/711-2C_as_mni_average_305.4dfp.img
       256       256       256         1
  1.000000  1.000000  1.000000
orientation T byte_order littleendian
Reading image: /opt/freesurfer/average/711-2C_as_mni_average_305.4dfp.img
dimensions:      256       256       256
mmppix:       1.0000   -1.0000   -1.0000
center:     128.0000 -129.0000 -129.0000
/opt/freesurfer/average/711-2B_as_mni_average_305_mask.4dfp.img
       256       256       256         1
  1.000000  1.000000  1.000000
orientation T byte_order littleendian
Reading mask: /opt/freesurfer/average/711-2B_as_mni_average_305_mask.4dfp.img (2306576 pixels)
talsrcimg_g11.4dfp.img
       256       256       256         1
  1.000000  1.000000  1.000000
orientation T byte_order littleendian
Reading image: talsrcimg_g11.4dfp.img
dimensions:      256       256       256
mmppix:       1.0000   -1.0000   -1.0000
center:     128.0000 -129.0000 -129.0000
fimgreg.f
image alignment mode   3335 decimal      D07 hex
parameters
    1.6203   -5.6811   15.6818   -0.0657   -0.4425   -0.4374
   -2.5464   -2.5811    2.7687    8.9793    2.3411   -9.0449
eta,q 0.93011 13.98682
niter,ni,del,rscale     5    3    5.0000    1.2000
parameter  3 -1.126194 -> -0.500000 qaram    1.1500
parameter  4 15.209792 ->  0.500000 qaram    1.1500
parameter  5  2.991926 ->  0.500000 qaram    1.1500
parameter  6  2.010949 ->  0.500000 qaram    1.1500
parameters
    1.9722   -5.6006   17.0618   -4.2057   -4.5825   -4.5774
   -1.0219   -2.7853    2.5088    7.1123   -0.1774  -12.3908
eta,q 0.95193 13.54777
  0.0722  0.0713  0.0716  0.0551  0.0512  0.0462  0.0530  0.0540  0.0509  0.0506  0.0492  0.0485
  0.0711  0.0706  0.0710  0.0592  0.0538  0.0480  0.0510  0.0511  0.0496  0.0494  0.0486  0.0482
  0.0703  0.0702  0.0704  0.0641  0.0570  0.0506  0.0495  0.0492  0.0488  0.0487  0.0484  0.0481
  0.0699  0.0699  0.0698  0.0691  0.0605  0.0546  0.0487  0.0486  0.0486  0.0486  0.0486  0.0484
  0.0699  0.0699  0.0694  0.0741  0.0645  0.0601  0.0487  0.0495  0.0490  0.0498  0.0492  0.0491
  0.0703  0.0703  0.0691  0.0792  0.0686  0.0655  0.0493  0.0515  0.0499  0.0521  0.0503  0.0501
  0.0712  0.0713  0.0692  0.0841  0.0736  0.0696  0.0505  0.0546  0.0512  0.0552  0.0517  0.0514
niter,ni,del,rscale     7    3    5.0000    1.2000
parameter  3  1.046768 ->  0.500000 qaram    1.3225
parameter  4  1.129145 ->  0.500000 qaram    1.3225
parameter  5 12.102049 ->  0.500000 qaram    1.3225
parameter  6  0.578919 ->  0.500000 qaram    1.3225
parameters
    1.9935   -6.6995   15.4748   -8.9667   -9.3435   -9.3384
   -0.5121   -2.3251    3.6129    6.3057    0.6049  -15.0597
eta,q 0.96870 13.29466
  0.0521  0.0482  0.0452  0.0389  0.0292  0.0327  0.0358  0.0395  0.0353  0.0352  0.0342  0.0322
  0.0499  0.0476  0.0454  0.0391  0.0333  0.0319  0.0338  0.0355  0.0335  0.0330  0.0329  0.0315
  0.0486  0.0476  0.0462  0.0413  0.0364  0.0323  0.0324  0.0329  0.0324  0.0319  0.0321  0.0313
  0.0481  0.0481  0.0475  0.0456  0.0394  0.0343  0.0318  0.0318  0.0318  0.0317  0.0317  0.0316
  0.0485  0.0488  0.0494  0.0511  0.0429  0.0378  0.0321  0.0323  0.0318  0.0324  0.0317  0.0325
  0.0498  0.0500  0.0517  0.0571  0.0465  0.0437  0.0331  0.0343  0.0324  0.0344  0.0323  0.0337
  0.0519  0.0517  0.0543  0.0636  0.0508  0.0515  0.0349  0.0378  0.0337  0.0374  0.0334  0.0352
niter,ni,del,rscale     7    3    5.0000    1.2000
parameter  5  0.801096 ->  0.500000 qaram    1.5209
parameters
    2.2987   -7.7622   14.6787  -11.0791  -14.8186   -8.3573
   -0.9044   -2.6337    3.2877    7.5729    0.5217  -15.4453
eta,q 0.97438 13.21249
  0.0375  0.0315  0.0329  0.0347  0.0281  0.0320  0.0296  0.0312  0.0283  0.0322  0.0270  0.0277
  0.0344  0.0307  0.0314  0.0324  0.0263  0.0296  0.0275  0.0280  0.0268  0.0293  0.0263  0.0265
  0.0323  0.0308  0.0305  0.0309  0.0272  0.0278  0.0262  0.0262  0.0260  0.0270  0.0258  0.0258
  0.0313  0.0312  0.0307  0.0305  0.0306  0.0262  0.0259  0.0259  0.0258  0.0258  0.0256  0.0256
  0.0315  0.0322  0.0319  0.0322  0.0337  0.0257  0.0265  0.0268  0.0262  0.0257  0.0258  0.0260
  0.0327  0.0338  0.0343  0.0366  0.0379  0.0267  0.0281  0.0288  0.0272  0.0267  0.0263  0.0269
  0.0350  0.0362  0.0376  0.0424  0.0418  0.0312  0.0304  0.0320  0.0287  0.0291  0.0271  0.0281
niter,ni,del,rscale     7    3    5.0000    1.2000
parameters
    2.3114   -7.2920   15.0176  -10.5721  -16.0934   -8.1734
   -0.8913   -2.6376    3.2321    7.8686    0.2958  -15.7867
eta,q 0.97480 13.19146
  0.0303  0.0313  0.0302  0.0322  0.0328  0.0312  0.0293  0.0312  0.0276  0.0302  0.0266  0.0272
  0.0278  0.0287  0.0280  0.0292  0.0295  0.0289  0.0271  0.0277  0.0263  0.0276  0.0258  0.0261
  0.0262  0.0268  0.0264  0.0268  0.0266  0.0268  0.0257  0.0258  0.0255  0.0260  0.0254  0.0254
  0.0256  0.0256  0.0254  0.0253  0.0252  0.0253  0.0252  0.0252  0.0252  0.0252  0.0252  0.0252
  0.0261  0.0255  0.0254  0.0251  0.0280  0.0250  0.0257  0.0260  0.0255  0.0254  0.0253  0.0255
  0.0277  0.0264  0.0266  0.0272  0.0324  0.0268  0.0271  0.0279  0.0263  0.0269  0.0259  0.0264
  0.0302  0.0283  0.0288  0.0318  0.0370  0.0324  0.0293  0.0310  0.0277  0.0296  0.0268  0.0276
niter,ni,del,rscale     6    3    5.0000    1.2000
parameters
    2.3182   -7.0932   14.9951  -10.3319  -16.4015   -8.1946
   -0.8852   -2.6109    3.2438    8.0864    0.1826  -16.0209
eta,q 0.97482 13.19083
  0.0299  0.0298  0.0291  0.0318  0.0340  0.0310  0.0292  0.0313  0.0276  0.0300  0.0265  0.0272
  0.0274  0.0275  0.0271  0.0288  0.0304  0.0288  0.0271  0.0277  0.0263  0.0275  0.0258  0.0261
  0.0258  0.0260  0.0257  0.0266  0.0274  0.0267  0.0257  0.0257  0.0255  0.0259  0.0254  0.0254
  0.0252  0.0252  0.0252  0.0252  0.0251  0.0252  0.0252  0.0252  0.0252  0.0252  0.0252  0.0252
  0.0257  0.0254  0.0256  0.0251  0.0266  0.0250  0.0257  0.0259  0.0255  0.0255  0.0253  0.0255
  0.0273  0.0265  0.0270  0.0274  0.0311  0.0270  0.0270  0.0279  0.0263  0.0269  0.0258  0.0263
  0.0299  0.0286  0.0294  0.0321  0.0353  0.0328  0.0292  0.0310  0.0276  0.0296  0.0267  0.0275
niter,ni,del,rscale     5    3    5.0000    1.2000
parameters
    2.3220   -7.0197   14.9495  -10.2528  -16.4798   -8.2139
   -0.8839   -2.5996    3.2604    8.2073    0.1295  -16.1332
eta,q 0.97483 13.19223
  0.0299  0.0293  0.0290  0.0316  0.0342  0.0310  0.0292  0.0313  0.0276  0.0298  0.0266  0.0272
  0.0273  0.0272  0.0271  0.0288  0.0306  0.0288  0.0271  0.0277  0.0263  0.0274  0.0258  0.0261
  0.0257  0.0258  0.0257  0.0265  0.0276  0.0267  0.0256  0.0257  0.0255  0.0258  0.0253  0.0254
  0.0252  0.0252  0.0252  0.0252  0.0251  0.0252  0.0252  0.0252  0.0252  0.0252  0.0252  0.0252
  0.0257  0.0255  0.0256  0.0252  0.0263  0.0249  0.0257  0.0259  0.0254  0.0255  0.0253  0.0254
  0.0273  0.0267  0.0270  0.0277  0.0308  0.0269  0.0270  0.0279  0.0262  0.0270  0.0258  0.0262
  0.0299  0.0290  0.0294  0.0324  0.0349  0.0329  0.0292  0.0310  0.0276  0.0297  0.0266  0.0274
niter,ni,del,rscale     4    3    5.0000    1.2000
parameters
    2.3239   -6.9910   14.9232  -10.2274  -16.5032   -8.2239
   -0.8836   -2.5923    3.2729    8.2604    0.1051  -16.1806
eta,q 0.97482 13.19290
  0.0299  0.0291  0.0290  0.0316  0.0343  0.0310  0.0292  0.0313  0.0276  0.0297  0.0266  0.0273
  0.0273  0.0271  0.0271  0.0287  0.0307  0.0288  0.0271  0.0277  0.0263  0.0273  0.0258  0.0261
  0.0257  0.0257  0.0257  0.0265  0.0276  0.0267  0.0256  0.0257  0.0255  0.0258  0.0253  0.0254
  0.0252  0.0252  0.0252  0.0252  0.0252  0.0252  0.0252  0.0252  0.0252  0.0252  0.0252  0.0252
  0.0257  0.0255  0.0256  0.0253  0.0263  0.0249  0.0257  0.0259  0.0254  0.0255  0.0253  0.0254
  0.0273  0.0268  0.0269  0.0278  0.0308  0.0269  0.0270  0.0279  0.0262  0.0271  0.0258  0.0262
  0.0299  0.0291  0.0293  0.0325  0.0348  0.0329  0.0292  0.0310  0.0276  0.0298  0.0266  0.0274
niter,ni,del,rscale     3    3    5.0000    1.2000
parameters
    2.3245   -6.9801   14.9115  -10.2173  -16.5109   -8.2294
   -0.8871   -2.5900    3.2824    8.2861    0.1047  -16.2031
eta,q 0.97482 13.19332
  0.0299  0.0291  0.0290  0.0316  0.0343  0.0310  0.0292  0.0313  0.0276  0.0297  0.0266  0.0273
  0.0273  0.0271  0.0271  0.0287  0.0307  0.0288  0.0270  0.0277  0.0263  0.0273  0.0258  0.0261
  0.0257  0.0257  0.0257  0.0265  0.0276  0.0267  0.0256  0.0257  0.0255  0.0258  0.0253  0.0255
  0.0252  0.0252  0.0252  0.0252  0.0252  0.0252  0.0252  0.0252  0.0252  0.0252  0.0252  0.0252
  0.0257  0.0255  0.0255  0.0253  0.0262  0.0249  0.0257  0.0259  0.0254  0.0256  0.0253  0.0254
  0.0273  0.0269  0.0269  0.0278  0.0307  0.0269  0.0270  0.0279  0.0262  0.0271  0.0258  0.0261
  0.0299  0.0291  0.0293  0.0325  0.0348  0.0329  0.0292  0.0311  0.0276  0.0298  0.0266  0.0273
registration optimization eta report
parameter search radius
    2.4000    2.4000    3.1740    9.5220   10.9503    9.5220
    7.2000    7.2000    7.2000    7.2000    7.2000    7.2000
100000*second partial in parameter space
       82.       68.       39.        8.        7.        8.
        8.       12.        5.        9.        3.        4.
  0.0299  0.0291  0.0290  0.0316  0.0343  0.0310  0.0292  0.0313  0.0276  0.0297  0.0266  0.0273
  0.0273  0.0271  0.0271  0.0287  0.0307  0.0288  0.0270  0.0277  0.0263  0.0273  0.0258  0.0261
  0.0257  0.0257  0.0257  0.0265  0.0276  0.0267  0.0256  0.0257  0.0255  0.0258  0.0253  0.0255
  0.0252  0.0252  0.0252  0.0252  0.0252  0.0252  0.0252  0.0252  0.0252  0.0252  0.0252  0.0252
  0.0257  0.0255  0.0255  0.0253  0.0262  0.0249  0.0257  0.0259  0.0254  0.0256  0.0253  0.0254
  0.0273  0.0269  0.0269  0.0278  0.0307  0.0269  0.0270  0.0279  0.0262  0.0271  0.0258  0.0261
  0.0299  0.0291  0.0293  0.0325  0.0348  0.0329  0.0292  0.0311  0.0276  0.0298  0.0266  0.0273
    2.3245   -6.9801   14.9115  -10.2173  -16.5109   -8.2294
   -0.8871   -2.5900    3.2824    8.2861    0.1047  -16.2031
eta,q 0.97482 13.19332

---------------------------------------------------------------------
imgreg_4dfp /opt/freesurfer/average/711-2C_as_mni_average_305 /opt/freesurfer/average/711-2B_as_mni_average_305_mask talsrcimg_g11 none talsrcimg_to_711-2C_as_mni_average_305_t4 2311
---------------------------------------------------------------------

freesurfer imgreg_4dfp.c
/opt/freesurfer/average/711-2C_as_mni_average_305.4dfp.img
       256       256       256         1
  1.000000  1.000000  1.000000
orientation T byte_order littleendian
Reading image: /opt/freesurfer/average/711-2C_as_mni_average_305.4dfp.img
dimensions:      256       256       256
mmppix:       1.0000   -1.0000   -1.0000
center:     128.0000 -129.0000 -129.0000
/opt/freesurfer/average/711-2B_as_mni_average_305_mask.4dfp.img
       256       256       256         1
  1.000000  1.000000  1.000000
orientation T byte_order littleendian
Reading mask: /opt/freesurfer/average/711-2B_as_mni_average_305_mask.4dfp.img (2306576 pixels)
talsrcimg_g11.4dfp.img
       256       256       256         1
  1.000000  1.000000  1.000000
orientation T byte_order littleendian
Reading image: talsrcimg_g11.4dfp.img
dimensions:      256       256       256
mmppix:       1.0000   -1.0000   -1.0000
center:     128.0000 -129.0000 -129.0000
fimgreg.f
image alignment mode   2311 decimal      907 hex
parameters
    2.3245   -6.9801   14.9115  -10.2173  -16.5109   -8.2294
   -0.8871   -2.5900    3.2824    8.2861    0.1047  -16.2031
eta,q 0.97482 13.19333
niter,ni,del,rscale     5    3    5.0000    0.8000
parameters
    2.3320   -6.9378   15.0145   -9.2008  -16.0048   -6.6194
   -0.8529   -2.5354    3.1489    8.5822    0.2493  -16.2652
eta,q 0.97538 13.30142
  0.0273  0.0270  0.0264  0.0275  0.0284  0.0275  0.0268  0.0279  0.0259  0.0277  0.0254  0.0259
  0.0262  0.0261  0.0258  0.0265  0.0271  0.0264  0.0256  0.0260  0.0252  0.0262  0.0249  0.0252
  0.0254  0.0254  0.0254  0.0257  0.0259  0.0255  0.0249  0.0249  0.0248  0.0252  0.0247  0.0248
  0.0252  0.0252  0.0252  0.0252  0.0250  0.0249  0.0247  0.0247  0.0247  0.0247  0.0246  0.0246
  0.0254  0.0253  0.0252  0.0250  0.0249  0.0246  0.0249  0.0251  0.0248  0.0248  0.0247  0.0248
  0.0261  0.0259  0.0256  0.0253  0.0258  0.0248  0.0256  0.0260  0.0253  0.0256  0.0249  0.0252
  0.0273  0.0269  0.0261  0.0263  0.0276  0.0255  0.0267  0.0277  0.0260  0.0272  0.0253  0.0260
niter,ni,del,rscale     4    3    5.0000    0.7000
parameters
    2.2705   -7.1192   14.7364   -9.2904  -15.9594   -6.5966
   -0.8012   -2.6206    3.2790    8.7235    0.4714  -16.3579
eta,q 0.97544 13.31086
  0.0263  0.0258  0.0251  0.0262  0.0273  0.0261  0.0262  0.0270  0.0256  0.0268  0.0251  0.0255
  0.0253  0.0251  0.0248  0.0254  0.0262  0.0253  0.0253  0.0255  0.0250  0.0257  0.0248  0.0250
  0.0248  0.0247  0.0246  0.0249  0.0252  0.0248  0.0247  0.0248  0.0247  0.0249  0.0246  0.0247
  0.0246  0.0246  0.0246  0.0246  0.0246  0.0246  0.0246  0.0246  0.0246  0.0246  0.0246  0.0246
  0.0249  0.0249  0.0248  0.0247  0.0248  0.0246  0.0248  0.0249  0.0247  0.0247  0.0246  0.0247
  0.0255  0.0256  0.0252  0.0253  0.0258  0.0250  0.0253  0.0257  0.0250  0.0254  0.0247  0.0250
  0.0265  0.0267  0.0259  0.0265  0.0275  0.0263  0.0261  0.0271  0.0255  0.0266  0.0250  0.0256
niter,ni,del,rscale     3    3    5.0000    0.6000
parameters
    2.2626   -7.1116   14.7073   -9.2061  -15.8898   -6.4633
   -0.8337   -2.6793    3.2891    8.8180    0.5354  -16.4232
eta,q 0.97548 13.32066
  0.0259  0.0258  0.0252  0.0258  0.0267  0.0257  0.0257  0.0263  0.0253  0.0263  0.0249  0.0252
  0.0251  0.0251  0.0248  0.0252  0.0258  0.0251  0.0250  0.0253  0.0249  0.0254  0.0247  0.0248
  0.0247  0.0247  0.0246  0.0248  0.0250  0.0247  0.0246  0.0247  0.0246  0.0248  0.0246  0.0246
  0.0246  0.0246  0.0246  0.0246  0.0246  0.0245  0.0245  0.0245  0.0245  0.0245  0.0245  0.0245
  0.0247  0.0247  0.0246  0.0246  0.0247  0.0245  0.0247  0.0248  0.0246  0.0246  0.0246  0.0246
  0.0252  0.0251  0.0249  0.0250  0.0255  0.0248  0.0251  0.0254  0.0249  0.0252  0.0247  0.0249
  0.0259  0.0258  0.0252  0.0258  0.0268  0.0257  0.0257  0.0264  0.0253  0.0262  0.0249  0.0253
niter,ni,del,rscale     2    3    5.0000    0.5000
parameters
    2.2498   -7.1195   14.6556   -9.1399  -15.8363   -6.3108
   -0.8482   -2.7076    3.3015    8.9148    0.6106  -16.5239
eta,q 0.97551 13.32994
  0.0254  0.0254  0.0249  0.0255  0.0262  0.0253  0.0253  0.0258  0.0250  0.0258  0.0248  0.0250
  0.0249  0.0249  0.0247  0.0250  0.0254  0.0249  0.0249  0.0251  0.0247  0.0251  0.0246  0.0247
  0.0246  0.0246  0.0246  0.0247  0.0248  0.0247  0.0246  0.0246  0.0246  0.0247  0.0245  0.0245
  0.0245  0.0245  0.0245  0.0245  0.0245  0.0245  0.0245  0.0245  0.0245  0.0245  0.0245  0.0245
  0.0246  0.0246  0.0246  0.0246  0.0246  0.0245  0.0246  0.0247  0.0246  0.0246  0.0245  0.0246
  0.0250  0.0249  0.0248  0.0249  0.0252  0.0247  0.0249  0.0251  0.0247  0.0250  0.0246  0.0248
  0.0255  0.0254  0.0250  0.0255  0.0262  0.0253  0.0253  0.0258  0.0250  0.0257  0.0247  0.0251
niter,ni,del,rscale     1    3    5.0000    0.4000
parameters
    2.2364   -7.1296   14.6071   -9.0846  -15.8071   -6.1514
   -0.8698   -2.7447    3.3317    9.0118    0.6707  -16.6087
eta,q 0.97553 13.33795
  0.0251  0.0250  0.0248  0.0251  0.0256  0.0250  0.0250  0.0253  0.0248  0.0254  0.0247  0.0248
  0.0247  0.0247  0.0246  0.0248  0.0251  0.0248  0.0247  0.0248  0.0246  0.0249  0.0246  0.0246
  0.0246  0.0246  0.0245  0.0246  0.0247  0.0246  0.0245  0.0246  0.0245  0.0246  0.0245  0.0245
  0.0245  0.0245  0.0245  0.0245  0.0245  0.0245  0.0245  0.0245  0.0245  0.0245  0.0245  0.0245
  0.0246  0.0246  0.0245  0.0245  0.0246  0.0245  0.0245  0.0246  0.0245  0.0245  0.0245  0.0245
  0.0248  0.0248  0.0246  0.0247  0.0250  0.0246  0.0247  0.0249  0.0246  0.0248  0.0245  0.0246
  0.0251  0.0251  0.0248  0.0251  0.0256  0.0250  0.0250  0.0254  0.0248  0.0253  0.0246  0.0249
registration optimization eta report
parameter search radius
    0.8000    0.8000    0.8000    2.4000    2.4000    2.4000
    2.4000    2.4000    2.4000    2.4000    2.4000    2.4000
100000*second partial in parameter space
       94.       88.       48.       11.       19.        9.
        9.       15.        6.       14.        3.        6.
  0.0251  0.0250  0.0248  0.0251  0.0256  0.0250  0.0250  0.0253  0.0248  0.0254  0.0247  0.0248
  0.0247  0.0247  0.0246  0.0248  0.0251  0.0248  0.0247  0.0248  0.0246  0.0249  0.0246  0.0246
  0.0246  0.0246  0.0245  0.0246  0.0247  0.0246  0.0245  0.0246  0.0245  0.0246  0.0245  0.0245
  0.0245  0.0245  0.0245  0.0245  0.0245  0.0245  0.0245  0.0245  0.0245  0.0245  0.0245  0.0245
  0.0246  0.0246  0.0245  0.0245  0.0246  0.0245  0.0245  0.0246  0.0245  0.0245  0.0245  0.0245
  0.0248  0.0248  0.0246  0.0247  0.0250  0.0246  0.0247  0.0249  0.0246  0.0248  0.0245  0.0246
  0.0251  0.0251  0.0248  0.0251  0.0256  0.0250  0.0250  0.0254  0.0248  0.0253  0.0246  0.0249
    2.2364   -7.1296   14.6071   -9.0846  -15.8071   -6.1514
   -0.8698   -2.7447    3.3317    9.0118    0.6707  -16.6087
eta,q 0.97553 13.33795

---------------------------------------------------------------------
imgreg_4dfp /opt/freesurfer/average/711-2C_as_mni_average_305 /opt/freesurfer/average/711-2B_as_mni_average_305_mask talsrcimg_g11 none talsrcimg_to_711-2C_as_mni_average_305_t4 2311
---------------------------------------------------------------------

freesurfer imgreg_4dfp.c
/opt/freesurfer/average/711-2C_as_mni_average_305.4dfp.img
       256       256       256         1
  1.000000  1.000000  1.000000
orientation T byte_order littleendian
Reading image: /opt/freesurfer/average/711-2C_as_mni_average_305.4dfp.img
dimensions:      256       256       256
mmppix:       1.0000   -1.0000   -1.0000
center:     128.0000 -129.0000 -129.0000
/opt/freesurfer/average/711-2B_as_mni_average_305_mask.4dfp.img
       256       256       256         1
  1.000000  1.000000  1.000000
orientation T byte_order littleendian
Reading mask: /opt/freesurfer/average/711-2B_as_mni_average_305_mask.4dfp.img (2306576 pixels)
talsrcimg_g11.4dfp.img
       256       256       256         1
  1.000000  1.000000  1.000000
orientation T byte_order littleendian
Reading image: talsrcimg_g11.4dfp.img
dimensions:      256       256       256
mmppix:       1.0000   -1.0000   -1.0000
center:     128.0000 -129.0000 -129.0000
fimgreg.f
image alignment mode   2311 decimal      907 hex
parameters
    2.2364   -7.1296   14.6071   -9.0846  -15.8071   -6.1514
   -0.8698   -2.7447    3.3317    9.0118    0.6707  -16.6087
eta,q 0.97552 13.33796
niter,ni,del,rscale     5    3    5.0000    0.8000
parameters
    2.2431   -7.1598   14.5801   -9.5012  -16.0918   -6.6525
   -0.7828   -2.6994    3.3641    8.8536    0.5817  -16.5271
eta,q 0.97539 13.30387
  0.0269  0.0266  0.0257  0.0264  0.0276  0.0263  0.0267  0.0279  0.0258  0.0271  0.0252  0.0259
  0.0256  0.0255  0.0250  0.0255  0.0262  0.0254  0.0256  0.0260  0.0252  0.0258  0.0249  0.0252
  0.0247  0.0247  0.0246  0.0248  0.0251  0.0248  0.0248  0.0249  0.0248  0.0249  0.0247  0.0248
  0.0245  0.0245  0.0245  0.0245  0.0245  0.0245  0.0246  0.0246  0.0246  0.0246  0.0246  0.0246
  0.0248  0.0247  0.0246  0.0248  0.0250  0.0246  0.0248  0.0250  0.0247  0.0249  0.0247  0.0247
  0.0256  0.0255  0.0251  0.0257  0.0265  0.0256  0.0255  0.0260  0.0251  0.0260  0.0249  0.0251
  0.0268  0.0268  0.0257  0.0275  0.0287  0.0279  0.0265  0.0277  0.0258  0.0276  0.0253  0.0258
niter,ni,del,rscale     4    3    5.0000    0.7000
parameters
    2.2702   -7.0786   14.6924   -9.2905  -15.9963   -6.5773
   -0.8296   -2.6731    3.2927    8.8519    0.5018  -16.4872
eta,q 0.97545 13.31259
  0.0264  0.0264  0.0256  0.0263  0.0273  0.0261  0.0261  0.0271  0.0255  0.0267  0.0250  0.0255
  0.0254  0.0255  0.0251  0.0256  0.0262  0.0253  0.0252  0.0256  0.0250  0.0256  0.0247  0.0250
  0.0248  0.0249  0.0247  0.0249  0.0252  0.0248  0.0247  0.0248  0.0247  0.0249  0.0246  0.0247
  0.0246  0.0246  0.0246  0.0246  0.0246  0.0246  0.0246  0.0245  0.0246  0.0246  0.0246  0.0246
  0.0248  0.0247  0.0246  0.0246  0.0247  0.0245  0.0248  0.0249  0.0247  0.0248  0.0246  0.0246
  0.0254  0.0252  0.0249  0.0251  0.0257  0.0250  0.0253  0.0256  0.0250  0.0255  0.0248  0.0250
  0.0263  0.0260  0.0253  0.0262  0.0274  0.0263  0.0262  0.0269  0.0256  0.0268  0.0251  0.0255
niter,ni,del,rscale     3    3    5.0000    0.6000
parameters
    2.2587   -7.0937   14.6723   -9.1974  -15.9141   -6.4543
   -0.8293   -2.6842    3.3015    8.8906    0.5586  -16.5053
eta,q 0.97548 13.32180
  0.0259  0.0257  0.0252  0.0258  0.0267  0.0257  0.0257  0.0264  0.0253  0.0262  0.0249  0.0253
  0.0251  0.0251  0.0248  0.0252  0.0258  0.0251  0.0250  0.0253  0.0249  0.0254  0.0247  0.0249
  0.0247  0.0247  0.0246  0.0248  0.0250  0.0247  0.0246  0.0247  0.0246  0.0248  0.0246  0.0246
  0.0245  0.0246  0.0246  0.0246  0.0245  0.0245  0.0245  0.0245  0.0245  0.0245  0.0245  0.0245
  0.0247  0.0247  0.0246  0.0246  0.0247  0.0245  0.0247  0.0248  0.0246  0.0247  0.0246  0.0246
  0.0252  0.0251  0.0249  0.0250  0.0254  0.0248  0.0251  0.0254  0.0249  0.0252  0.0247  0.0249
  0.0259  0.0258  0.0252  0.0258  0.0268  0.0257  0.0257  0.0264  0.0253  0.0262  0.0249  0.0253
niter,ni,del,rscale     2    3    5.0000    0.5000
parameters
    2.2469   -7.1096   14.6405   -9.1338  -15.8526   -6.3081
   -0.8482   -2.7145    3.3088    8.9535    0.6183  -16.5569
eta,q 0.97551 13.33032
  0.0254  0.0254  0.0249  0.0255  0.0262  0.0253  0.0253  0.0258  0.0250  0.0258  0.0248  0.0250
  0.0249  0.0249  0.0247  0.0250  0.0254  0.0249  0.0249  0.0250  0.0247  0.0251  0.0246  0.0247
  0.0246  0.0246  0.0246  0.0247  0.0248  0.0247  0.0246  0.0246  0.0246  0.0247  0.0245  0.0246
  0.0245  0.0245  0.0245  0.0245  0.0245  0.0245  0.0245  0.0245  0.0245  0.0245  0.0245  0.0245
  0.0246  0.0246  0.0246  0.0246  0.0246  0.0245  0.0246  0.0247  0.0245  0.0246  0.0245  0.0246
  0.0250  0.0249  0.0247  0.0249  0.0252  0.0247  0.0249  0.0251  0.0247  0.0250  0.0246  0.0247
  0.0255  0.0254  0.0250  0.0255  0.0262  0.0253  0.0253  0.0258  0.0250  0.0257  0.0248  0.0251
niter,ni,del,rscale     1    3    5.0000    0.4000
parameters
    2.2358   -7.1218   14.6024   -9.0809  -15.8148   -6.1547
   -0.8729   -2.7488    3.3339    9.0279    0.6712  -16.6201
eta,q 0.97553 13.33790
  0.0251  0.0250  0.0248  0.0251  0.0256  0.0250  0.0250  0.0253  0.0248  0.0253  0.0247  0.0248
  0.0247  0.0247  0.0246  0.0248  0.0251  0.0248  0.0247  0.0248  0.0246  0.0249  0.0246  0.0246
  0.0245  0.0246  0.0245  0.0246  0.0247  0.0246  0.0245  0.0246  0.0245  0.0246  0.0245  0.0245
  0.0245  0.0245  0.0245  0.0245  0.0245  0.0245  0.0245  0.0245  0.0245  0.0245  0.0245  0.0245
  0.0246  0.0246  0.0245  0.0245  0.0246  0.0245  0.0245  0.0246  0.0245  0.0245  0.0245  0.0245
  0.0248  0.0248  0.0246  0.0247  0.0249  0.0246  0.0247  0.0249  0.0246  0.0248  0.0245  0.0246
  0.0251  0.0251  0.0248  0.0251  0.0256  0.0250  0.0250  0.0254  0.0248  0.0253  0.0246  0.0249
registration optimization eta report
parameter search radius
    0.8000    0.8000    0.8000    2.4000    2.4000    2.4000
    2.4000    2.4000    2.4000    2.4000    2.4000    2.4000
100000*second partial in parameter space
       94.       89.       47.       11.       19.        9.
        9.       15.        6.       15.        3.        6.
  0.0251  0.0250  0.0248  0.0251  0.0256  0.0250  0.0250  0.0253  0.0248  0.0253  0.0247  0.0248
  0.0247  0.0247  0.0246  0.0248  0.0251  0.0248  0.0247  0.0248  0.0246  0.0249  0.0246  0.0246
  0.0245  0.0246  0.0245  0.0246  0.0247  0.0246  0.0245  0.0246  0.0245  0.0246  0.0245  0.0245
  0.0245  0.0245  0.0245  0.0245  0.0245  0.0245  0.0245  0.0245  0.0245  0.0245  0.0245  0.0245
  0.0246  0.0246  0.0245  0.0245  0.0246  0.0245  0.0245  0.0246  0.0245  0.0245  0.0245  0.0245
  0.0248  0.0248  0.0246  0.0247  0.0249  0.0246  0.0247  0.0249  0.0246  0.0248  0.0245  0.0246
  0.0251  0.0251  0.0248  0.0251  0.0256  0.0250  0.0250  0.0254  0.0248  0.0253  0.0246  0.0249
    2.2358   -7.1218   14.6024   -9.0809  -15.8148   -6.1547
   -0.8729   -2.7488    3.3339    9.0279    0.6712  -16.6201
eta,q 0.97553 13.33790

---------------------------------------------------------------------
compute_vox2vox talsrcimg talsrcimg_to_711-2C_as_mni_average_305_t4 /opt/freesurfer/average/711-2C_as_mni_average_305
---------------------------------------------------------------------

freesurfer compute_vox2vox.c
Reading: talsrcimg.4dfp.ifh
Reading: talsrcimg_to_711-2C_as_mni_average_305_t4
Reading: /opt/freesurfer/average/711-2C_as_mni_average_305.4dfp.ifh
Writing: talsrcimg_to_711-2C_as_mni_average_305_t4_vox2vox.txt

start time Mon Mar 9 23:13:57 CET 2026
end		time Mon Mar 9 23:14:11 CET 2026

mpr2mni305 success

avi2talxfm orig_nu.mgz /opt/freesurfer/average/mni305.cor.mgz talsrcimg_to_711-2C_as_mni_average_305_t4_vox2vox.txt transforms/talairach.auto.xfm
avi2talxfm done
mv -f /out/sourcedata/freesurfer/sub-v1s3x0050776_ses-1/mri/talsrcimg_to_711-2C_as_mni_average_305_t4_vox2vox.txt /out/sourcedata/freesurfer/sub-v1s3x0050776_ses-1/mri/transforms/talsrcimg_to_711-2C_as_mni_average_305_t4_vox2vox.txt
lta_convert --src orig_nu.mgz --trg /opt/freesurfer/average/mni305.cor.mgz --inxfm transforms/talairach.auto.xfm --outlta transforms/talairach.auto.xfm.lta --subject fsaverage
7.3.2

--src: orig_nu.mgz src image (geometry).
--trg: /opt/freesurfer/average/mni305.cor.mgz trg image (geometry).
--inmni: transforms/talairach.auto.xfm input MNI/XFM transform.
--outlta: transforms/talairach.auto.xfm.lta output LTA.
--s: fsaverage subject name
 LTA read, type : 1
 1.09901   0.03052   0.01742   1.36990;
-0.01528   1.04530   0.20621  -26.00971;
-0.04188  -0.11331   1.16505   4.67448;
 0.00000   0.00000   0.00000   1.00000;
setting subject to fsaverage
Writing  LTA to file transforms/talairach.auto.xfm.lta...
lta_convert successful.
 
 
Started at Mon Mar 9 23:13:57 CET 2026
Ended   at Mon Mar  9 23:14:11 CET 2026
talairach_avi done
