status file for recon-all
Tue Mar 10 02:34:40 CET 2026
#@# Tessellate lh Tue Mar 10 02:34:40 CET 2026
#@# Smooth1 lh Tue Mar 10 02:34:45 CET 2026
#@# Inflation1 lh Tue Mar 10 02:34:48 CET 2026
#@# QSphere lh Tue Mar 10 02:35:05 CET 2026
#@# Fix Topology lh Tue Mar 10 02:36:33 CET 2026
#@# Smooth2 lh Tue Mar 10 02:44:10 CET 2026
#@# Inflation2 lh Tue Mar 10 02:44:13 CET 2026
#@# Curv .H and .K lh Tue Mar 10 02:44:31 CET 2026
#@# Sphere lh Tue Mar 10 02:45:27 CET 2026
#@# Surf Reg lh Tue Mar 10 02:51:35 CET 2026
#@# Jacobian white lh Tue Mar 10 02:57:53 CET 2026
#@# AvgCurv lh Tue Mar 10 02:57:54 CET 2026
#@# Cortical Parc lh Tue Mar 10 02:57:55 CET 2026
#@# white curv lh Tue Mar 10 03:06:43 CET 2026
#@# white area lh Tue Mar 10 03:06:45 CET 2026
#@# pial curv lh Tue Mar 10 03:06:46 CET 2026
#@# pial area lh Tue Mar 10 03:06:49 CET 2026
#@# thickness lh Tue Mar 10 03:06:50 CET 2026
#@# area and vertex vol lh Tue Mar 10 03:07:27 CET 2026
#@# Curvature Stats lh Tue Mar 10 03:07:29 CET 2026
#@# Cortical Parc 2 lh Tue Mar 10 03:07:33 CET 2026
#@# Cortical Parc 3 lh Tue Mar 10 03:07:49 CET 2026
#@# WM/GM Contrast lh Tue Mar 10 03:08:00 CET 2026
recon-all -s sub-v1s3x0050798_ses-1 finished without error at Tue Mar 10 03:08:04 CET 2026



#New# invocation of recon-all 



status file for recon-all
Tue Mar 10 03:47:55 CET 2026
#@# white curv lh Tue Mar 10 03:47:55 CET 2026
#@# white area lh Tue Mar 10 03:47:55 CET 2026
#@# pial curv lh Tue Mar 10 03:47:55 CET 2026
#@# pial area lh Tue Mar 10 03:47:55 CET 2026
#@# thickness lh Tue Mar 10 03:47:55 CET 2026
#@# area and vertex vol lh Tue Mar 10 03:47:55 CET 2026
#@# Parcellation Stats lh Tue Mar 10 03:47:55 CET 2026
#@# Parcellation Stats 2 lh Tue Mar 10 03:48:19 CET 2026
#@# Parcellation Stats 3 lh Tue Mar 10 03:48:32 CET 2026
#@# BA_exvivo Labels lh Tue Mar 10 03:48:45 CET 2026
recon-all -s sub-v1s3x0050798_ses-1 finished without error at Tue Mar 10 03:52:01 CET 2026
