status file for recon-all
Tue Mar 10 03:08:07 CET 2026
#@# Tessellate rh Tue Mar 10 03:08:07 CET 2026
#@# Smooth1 rh Tue Mar 10 03:08:11 CET 2026
#@# Inflation1 rh Tue Mar 10 03:08:14 CET 2026
#@# QSphere rh Tue Mar 10 03:08:31 CET 2026
#@# Fix Topology rh Tue Mar 10 03:10:00 CET 2026
#@# Smooth2 rh Tue Mar 10 03:17:23 CET 2026
#@# Inflation2 rh Tue Mar 10 03:17:26 CET 2026
#@# Curv .H and .K rh Tue Mar 10 03:17:43 CET 2026
#@# Sphere rh Tue Mar 10 03:18:41 CET 2026
#@# Surf Reg rh Tue Mar 10 03:23:05 CET 2026
#@# Jacobian white rh Tue Mar 10 03:29:28 CET 2026
#@# AvgCurv rh Tue Mar 10 03:29:29 CET 2026
#@# Cortical Parc rh Tue Mar 10 03:29:30 CET 2026
#@# white curv rh Tue Mar 10 03:38:15 CET 2026
#@# white area rh Tue Mar 10 03:38:18 CET 2026
#@# pial curv rh Tue Mar 10 03:38:19 CET 2026
#@# pial area rh Tue Mar 10 03:38:21 CET 2026
#@# thickness rh Tue Mar 10 03:38:22 CET 2026
#@# area and vertex vol rh Tue Mar 10 03:39:03 CET 2026
#@# Curvature Stats rh Tue Mar 10 03:39:05 CET 2026
#@# Cortical Parc 2 rh Tue Mar 10 03:39:08 CET 2026
#@# Cortical Parc 3 rh Tue Mar 10 03:39:26 CET 2026
#@# WM/GM Contrast rh Tue Mar 10 03:39:39 CET 2026
recon-all -s sub-v1s3x0050798_ses-1 finished without error at Tue Mar 10 03:39:43 CET 2026



#New# invocation of recon-all 



status file for recon-all
Tue Mar 10 03:52:03 CET 2026
#@# white curv rh Tue Mar 10 03:52:03 CET 2026
#@# white area rh Tue Mar 10 03:52:03 CET 2026
#@# pial curv rh Tue Mar 10 03:52:03 CET 2026
#@# pial area rh Tue Mar 10 03:52:03 CET 2026
#@# thickness rh Tue Mar 10 03:52:03 CET 2026
#@# area and vertex vol rh Tue Mar 10 03:52:03 CET 2026
#@# Parcellation Stats rh Tue Mar 10 03:52:03 CET 2026
#@# Parcellation Stats 2 rh Tue Mar 10 03:52:29 CET 2026
#@# Parcellation Stats 3 rh Tue Mar 10 03:52:42 CET 2026
#@# BA_exvivo Labels rh Tue Mar 10 03:52:54 CET 2026
recon-all -s sub-v1s3x0050798_ses-1 finished without error at Tue Mar 10 03:56:12 CET 2026
