/out/sourcedata/freesurfer/sub-v1s3x0050799_ses-1/mri
/opt/freesurfer/bin/talairach_avi
--i orig_nu.mgz --xfm transforms/talairach.auto.xfm
talairach_avi 7.3.2
Linux dna072 5.14.0-427.37.1.el9_4.x86_64 #1 SMP PREEMPT_DYNAMIC Fri Sep 13 12:41:50 EDT 2024 x86_64 x86_64 x86_64 GNU/Linux
Thu Mar 12 16:26:46 CET 2026
mri_convert orig_nu.mgz talsrcimg.img 
reading from orig_nu.mgz...
TR=0.00, TE=0.00, TI=0.00, flip angle=0.00
i_ras = (-1, 0, 0)
j_ras = (0, 0, -1)
k_ras = (0, 1, 0)
writing to talsrcimg.img...
Analyze Output Matrix
-1.00000   0.00000   0.00000   131.21652;
 0.00000   0.00000   1.00000  -150.97437;
 0.00000  -1.00000   0.00000   130.13412;
 0.00000   0.00000   0.00000   1.00000;
--------------------
INFO: set hdr.hist.orient to -1
mpr2mni305 talsrcimg
Thu Mar 12 16:26:46 CET 2026
/opt/freesurfer/bin/mpr2mni305 talsrcimg
mpr2mni305 7.3.2
target=711-2C_as_mni_average_305

---------------------------------------------------------------------
analyzeto4dfp talsrcimg -O0 -y
---------------------------------------------------------------------

freesurfer ifh2hdr.c
Thu Mar 12 16:26:46 2026
Writing: talsrcimg.4dfp.hdr
freesurfer analyzeto4dfp.c
Reading: talsrcimg.hdr
header size 348 bytes
hdr.dime.datatype	offset=70	value=2
hdr.dime.bitpix		offset=72	value=8
hdr.hist.orient		offset=252	value=-1
dimensionality     4
dimensions       256       256       256         1
Reading: talsrcimg.img
Writing: talsrcimg.4dfp.img
Writing: talsrcimg.4dfp.ifh
ifh2hdr talsrcimg -r0to247
ori=2

---------------------------------------------------------------------
gauss_4dfp talsrcimg 1.1
---------------------------------------------------------------------

freesurfer gauss_4dfp.c
Reading: talsrcimg.4dfp.img
Writing: talsrcimg_g11.4dfp.img
image dimensions 256 256 256 padded to 288 288 288
processing volume 1freesurfer ifh2hdr.c
Thu Mar 12 16:26:48 2026
Writing: talsrcimg_g11.4dfp.hdr

Writing: talsrcimg_g11.4dfp.ifh
including: talsrcimg.4dfp.img.rec in talsrcimg_g11.4dfp.img.rec

---------------------------------------------------------------------
imgreg_4dfp /opt/freesurfer/average/711-2C_as_mni_average_305 none talsrcimg_g11 none talsrcimg_to_711-2C_as_mni_average_305_t4 4355
---------------------------------------------------------------------

freesurfer imgreg_4dfp.c
/opt/freesurfer/average/711-2C_as_mni_average_305.4dfp.img
       256       256       256         1
  1.000000  1.000000  1.000000
orientation T byte_order littleendian
Reading image: /opt/freesurfer/average/711-2C_as_mni_average_305.4dfp.img
dimensions:      256       256       256
mmppix:       1.0000   -1.0000   -1.0000
center:     128.0000 -129.0000 -129.0000
talsrcimg_g11.4dfp.img
       256       256       256         1
  1.000000  1.000000  1.000000
orientation T byte_order littleendian
Reading image: talsrcimg_g11.4dfp.img
dimensions:      256       256       256
mmppix:       1.0000   -1.0000   -1.0000
center:     128.0000 -129.0000 -129.0000
t4_read: open error in t4_sub.f l:  41 t4_file(1:l)talsrcimg_to_711-2C_as_mni_average_305_t4 
t4_read: transform initialized to I4
rotation matrix determinant  1.000000
image alignment mode   4355 decimal     1103 hex
   -7.5000  -45.0000  -45.0000 6570.4058   18.7638
    0.0000  -45.0000  -45.0000 6850.6123   18.7676
    7.5000  -45.0000  -45.0000 6467.0859   18.7867
   -7.5000  -37.5000  -45.0000 7054.5234   18.6810
    0.0000  -37.5000  -45.0000 7353.8203   18.6932
    7.5000  -37.5000  -45.0000 6952.0874   18.7229
   -7.5000  -30.0000  -45.0000 7821.3228   18.6693
    0.0000  -30.0000  -45.0000 8130.3511   18.6867
    7.5000  -30.0000  -45.0000 7671.8843   18.7176
   -7.5000  -22.5000  -45.0000 8614.9404   18.7327
    0.0000  -22.5000  -45.0000 8933.9092   18.7494
    7.5000  -22.5000  -45.0000 8427.2451   18.7701
   -7.5000  -15.0000  -45.0000 9304.5801   18.7999
    0.0000  -15.0000  -45.0000 9648.0918   18.8106
    7.5000  -15.0000  -45.0000 9118.6621   18.8191
   -7.5000   -7.5000  -45.0000 9954.2539   18.8006
    0.0000   -7.5000  -45.000010319.9336   18.8035
    7.5000   -7.5000  -45.0000 9717.4219   18.8117
   -7.5000    0.0000  -45.000010448.7559   18.7444
    0.0000    0.0000  -45.000010831.5127   18.7484
    7.5000    0.0000  -45.000010164.0781   18.7675
   -7.5000    7.5000  -45.000010151.3184   18.6804
    0.0000    7.5000  -45.000010477.6250   18.6926
    7.5000    7.5000  -45.0000 9831.3730   18.7223
   -7.5000   15.0000  -45.0000 9659.0039   18.6693
    0.0000   15.0000  -45.0000 9998.7051   18.6867
    7.5000   15.0000  -45.0000 9395.3838   18.7175
   -7.5000   22.5000  -45.0000 9080.4873   18.7301
    0.0000   22.5000  -45.0000 9396.0137   18.7468
    7.5000   22.5000  -45.0000 8846.0977   18.7675
   -7.5000   30.0000  -45.0000 8406.6396   18.5494
    0.0000   30.0000  -45.0000 8678.2900   18.5600
    7.5000   30.0000  -45.0000 8175.8730   18.5683
   -7.5000   37.5000  -45.0000 7992.5107   18.5500
    0.0000   37.5000  -45.0000 8269.2617   18.5529
    7.5000   37.5000  -45.0000 7754.0850   18.5610
   -7.5000   45.0000  -45.0000 7290.8237   18.0267
    0.0000   45.0000  -45.0000 7541.9893   18.0304
    7.5000   45.0000  -45.0000 7080.8247   18.0489
   -7.5000  -45.0000  -37.5000 7031.4160   18.6486
    0.0000  -45.0000  -37.5000 7307.4756   18.6563
    7.5000  -45.0000  -37.5000 6882.7310   18.6795
   -7.5000  -37.5000  -37.5000 7540.4590   18.5825
    0.0000  -37.5000  -37.5000 7837.8394   18.5989
    7.5000  -37.5000  -37.5000 7392.2173   18.6318
   -7.5000  -30.0000  -37.5000 8360.0420   18.5722
    0.0000  -30.0000  -37.5000 8694.1328   18.5903
    7.5000  -30.0000  -37.5000 8206.2861   18.6251
   -7.5000  -22.5000  -37.5000 9186.8896   18.6180
    0.0000  -22.5000  -37.5000 9553.9473   18.6316
    7.5000  -22.5000  -37.5000 9010.8799   18.6568
   -7.5000  -15.0000  -37.5000 9933.7129   18.6681
    0.0000  -15.0000  -37.500010289.4727   18.6755
    7.5000  -15.0000  -37.5000 9720.0488   18.6892
   -7.5000   -7.5000  -37.500010569.9619   18.6698
    0.0000   -7.5000  -37.500010981.9209   18.6730
    7.5000   -7.5000  -37.500010326.9297   18.6867
   -7.5000    0.0000  -37.500011060.4414   18.6295
    0.0000    0.0000  -37.500011494.1367   18.6373
    7.5000    0.0000  -37.500010794.7402   18.6605
   -7.5000    7.5000  -37.500010712.6445   18.5818
    0.0000    7.5000  -37.500011080.9600   18.5983
    7.5000    7.5000  -37.500010397.3398   18.6312
   -7.5000   15.0000  -37.500010287.0410   18.5722
    0.0000   15.0000  -37.500010617.3076   18.5903
    7.5000   15.0000  -37.5000 9942.2666   18.6251
   -7.5000   22.5000  -37.5000 9709.2432   18.6155
    0.0000   22.5000  -37.500010010.9072   18.6291
    7.5000   22.5000  -37.5000 9406.0176   18.6542
   -7.5000   30.0000  -37.5000 8973.4033   18.4193
    0.0000   30.0000  -37.5000 9260.5107   18.4267
    7.5000   30.0000  -37.5000 8731.0332   18.4402
   -7.5000   37.5000  -37.5000 8508.2900   18.4210
    0.0000   37.5000  -37.5000 8793.6738   18.4242
    7.5000   37.5000  -37.5000 8266.3652   18.4377
   -7.5000   45.0000  -37.5000 7746.0913   17.9161
    0.0000   45.0000  -37.5000 8003.6128   17.9236
    7.5000   45.0000  -37.5000 7520.0610   17.9459
   -7.5000  -45.0000  -30.0000 7631.4917   19.4123
    0.0000  -45.0000  -30.0000 7937.2173   19.4284
    7.5000  -45.0000  -30.0000 7532.1758   19.4479
   -7.5000  -37.5000  -30.0000 8180.7178   19.3573
    0.0000  -37.5000  -30.0000 8487.6924   19.3819
    7.5000  -37.5000  -30.0000 8039.9526   19.4133
   -7.5000  -30.0000  -30.0000 9084.9336   19.3483
    0.0000  -30.0000  -30.0000 9398.2148   19.3699
    7.5000  -30.0000  -30.0000 8889.2266   19.4044
   -7.5000  -22.5000  -30.0000 9977.4961   19.3831
    0.0000  -22.5000  -30.000010312.5527   19.3958
    7.5000  -22.5000  -30.0000 9730.3076   19.4181
   -7.5000  -15.0000  -30.000010766.3018   19.4211
    0.0000  -15.0000  -30.000011111.4971   19.4287
    7.5000  -15.0000  -30.000010507.6787   19.4380
   -7.5000   -7.5000  -30.000011440.0654   19.4218
    0.0000   -7.5000  -30.000011850.9092   19.4300
    7.5000   -7.5000  -30.000011178.2686   19.4395
   -7.5000    0.0000  -30.000011998.9727   19.3923
    0.0000    0.0000  -30.000012419.9189   19.4084
    7.5000    0.0000  -30.000011679.6709   19.4279
   -7.5000    7.5000  -30.000011594.7178   19.3566
    0.0000    7.5000  -30.000011950.0352   19.3812
    7.5000    7.5000  -30.000011218.2266   19.4127
   -7.5000   15.0000  -30.000011104.1289   19.3483
    0.0000   15.0000  -30.000011453.5684   19.3699
    7.5000   15.0000  -30.000010743.0039   19.4044
   -7.5000   22.5000  -30.000010479.1924   19.3784
    0.0000   22.5000  -30.000010826.9072   19.3911
    7.5000   22.5000  -30.000010183.7852   19.4134
   -7.5000   30.0000  -30.0000 9663.7070   19.1641
    0.0000   30.0000  -30.000010014.7539   19.1716
    7.5000   30.0000  -30.0000 9455.8135   19.1808
   -7.5000   37.5000  -30.0000 9150.0889   19.1649
    0.0000   37.5000  -30.0000 9496.0557   19.1729
    7.5000   37.5000  -30.0000 8983.9912   19.1822
   -7.5000   45.0000  -30.0000 8295.0664   18.6639
    0.0000   45.0000  -30.0000 8591.7803   18.6793
    7.5000   45.0000  -30.0000 8138.1069   18.6981
   -7.5000  -45.0000  -22.5000 8248.4775   20.1135
    0.0000  -45.0000  -22.5000 8554.2900   20.1337
    7.5000  -45.0000  -22.5000 8126.8408   20.1437
   -7.5000  -37.5000  -22.5000 8828.3691   20.0529
    0.0000  -37.5000  -22.5000 9126.2910   20.0811
    7.5000  -37.5000  -22.5000 8672.8506   20.1064
   -7.5000  -30.0000  -22.5000 9795.5674   20.0451
    0.0000  -30.0000  -22.500010113.2637   20.0694
    7.5000  -30.0000  -22.5000 9582.4766   20.0984
   -7.5000  -22.5000  -22.500010774.9941   20.0885
    0.0000  -22.5000  -22.500011144.4834   20.1037
    7.5000  -22.5000  -22.500010523.7334   20.1175
   -7.5000  -15.0000  -22.500011643.6631   20.1322
    0.0000  -15.0000  -22.500012037.4297   20.1436
    7.5000  -15.0000  -22.500011375.7148   20.1422
   -7.5000   -7.5000  -22.500012417.4443   20.1292
    0.0000   -7.5000  -22.500012802.5801   20.1416
    7.5000   -7.5000  -22.500012089.1348   20.1403
   -7.5000    0.0000  -22.500013033.3994   20.0926
    0.0000    0.0000  -22.500013405.5645   20.1128
    7.5000    0.0000  -22.500012600.0332   20.1229
   -7.5000    7.5000  -22.500012544.0234   20.0522
    0.0000    7.5000  -22.500012919.3438   20.0804
    7.5000    7.5000  -22.500012116.4961   20.1058
   -7.5000   15.0000  -22.500011953.6172   20.0451
    0.0000   15.0000  -22.500012344.1143   20.0694
    7.5000   15.0000  -22.500011579.3428   20.0984
   -7.5000   22.5000  -22.500011254.2930   20.0823
    0.0000   22.5000  -22.500011640.4541   20.0975
    7.5000   22.5000  -22.500010967.7246   20.1113
   -7.5000   30.0000  -22.500010398.4307   19.8689
    0.0000   30.0000  -22.500010764.4199   19.8801
    7.5000   30.0000  -22.500010195.7051   19.8787
   -7.5000   37.5000  -22.5000 9880.5127   19.8659
    0.0000   37.5000  -22.500010218.9355   19.8781
    7.5000   37.5000  -22.5000 9712.8281   19.8768
   -7.5000   45.0000  -22.5000 8923.2354   19.3529
    0.0000   45.0000  -22.5000 9211.0820   19.3723
    7.5000   45.0000  -22.5000 8806.0342   19.3821
   -7.5000  -45.0000  -15.0000 8874.6475   20.6501
    0.0000  -45.0000  -15.0000 9176.9053   20.6668
    7.5000  -45.0000  -15.0000 8686.1328   20.6714
   -7.5000  -37.5000  -15.0000 9486.8965   20.5714
    0.0000  -37.5000  -15.0000 9794.6123   20.5969
    7.5000  -37.5000  -15.0000 9276.5586   20.6186
   -7.5000  -30.0000  -15.000010493.5645   20.5630
    0.0000  -30.0000  -15.000010848.2891   20.5887
    7.5000  -30.0000  -15.000010250.8418   20.6139
   -7.5000  -22.5000  -15.000011593.0225   20.6263
    0.0000  -22.5000  -15.000011988.7041   20.6466
    7.5000  -22.5000  -15.000011304.5078   20.6553
   -7.5000  -15.0000  -15.000012533.9736   20.6888
    0.0000  -15.0000  -15.000012971.4082   20.7042
    7.5000  -15.0000  -15.000012224.7100   20.6964
   -7.5000   -7.5000  -15.000013360.3018   20.6832
    0.0000   -7.5000  -15.000013791.7686   20.6955
    7.5000   -7.5000  -15.000012974.2031   20.6871
   -7.5000    0.0000  -15.000013976.0244   20.6285
    0.0000    0.0000  -15.000014425.3535   20.6453
    7.5000    0.0000  -15.000013534.9365   20.6501
   -7.5000    7.5000  -15.000013447.3154   20.5707
    0.0000    7.5000  -15.000013883.8926   20.5962
    7.5000    7.5000  -15.000013021.7617   20.6180
   -7.5000   15.0000  -15.000012827.8418   20.5630
    0.0000   15.0000  -15.000013278.2158   20.5887
    7.5000   15.0000  -15.000012471.9434   20.6139
   -7.5000   22.5000  -15.000012062.1377   20.6190
    0.0000   22.5000  -15.000012480.3779   20.6393
    7.5000   22.5000  -15.000011791.3818   20.6480
   -7.5000   30.0000  -15.000011182.8037   20.4210
    0.0000   30.0000  -15.000011530.8896   20.4363
    7.5000   30.0000  -15.000010976.8574   20.4285
   -7.5000   37.5000  -15.000010616.1650   20.4155
    0.0000   37.5000  -15.000010965.3145   20.4277
    7.5000   37.5000  -15.000010487.5918   20.4194
   -7.5000   45.0000  -15.0000 9576.8750   19.8812
    0.0000   45.0000  -15.0000 9885.1865   19.8974
    7.5000   45.0000  -15.0000 9444.5908   19.9019
   -7.5000  -45.0000   -7.5000 9525.3623   20.9100
    0.0000  -45.0000   -7.5000 9857.6465   20.9187
    7.5000  -45.0000   -7.5000 9334.8848   20.9289
   -7.5000  -37.5000   -7.500010164.5762   20.8168
    0.0000  -37.5000   -7.500010499.6270   20.8350
    7.5000  -37.5000   -7.5000 9956.2705   20.8607
   -7.5000  -30.0000   -7.500011270.2969   20.8057
    0.0000  -30.0000   -7.500011655.4150   20.8289
    7.5000  -30.0000   -7.500011001.6416   20.8568
   -7.5000  -22.5000   -7.500012463.1826   20.8811
    0.0000  -22.5000   -7.500012889.7529   20.9030
    7.5000  -22.5000   -7.500012124.6348   20.9163
   -7.5000  -15.0000   -7.500013462.8613   20.9580
    0.0000  -15.0000   -7.500013955.4102   20.9736
    7.5000  -15.0000   -7.500013082.1738   20.9709
   -7.5000   -7.5000   -7.500014339.2881   20.9547
    0.0000   -7.5000   -7.500014853.4775   20.9622
    7.5000   -7.5000   -7.500013889.5762   20.9589
   -7.5000    0.0000   -7.500015017.8545   20.8883
    0.0000    0.0000   -7.500015599.2734   20.8971
    7.5000    0.0000   -7.500014520.4238   20.9075
   -7.5000    7.5000   -7.500014495.5088   20.8161
    0.0000    7.5000   -7.500015063.1602   20.8343
    7.5000    7.5000   -7.500014018.2451   20.8600
   -7.5000   15.0000   -7.500013788.6455   20.8057
    0.0000   15.0000   -7.500014344.7344   20.8289
    7.5000   15.0000   -7.500013425.2334   20.8568
   -7.5000   22.5000   -7.500012942.6836   20.8714
    0.0000   22.5000   -7.500013431.8975   20.8933
    7.5000   22.5000   -7.500012650.7559   20.9067
   -7.5000   30.0000   -7.500012011.6104   20.6862
    0.0000   30.0000   -7.500012400.6807   20.7016
    7.5000   30.0000   -7.500011757.5254   20.6990
   -7.5000   37.5000   -7.500011424.5381   20.6829
    0.0000   37.5000   -7.500011829.5205   20.6903
    7.5000   37.5000   -7.500011244.3604   20.6871
   -7.5000   45.0000   -7.500010307.0195   20.1348
    0.0000   45.0000   -7.500010674.5156   20.1433
    7.5000   45.0000   -7.500010146.9336   20.1533
   -7.5000  -45.0000    0.000010048.0088   20.9209
    0.0000  -45.0000    0.000010446.1230   20.9248
    7.5000  -45.0000    0.0000 9893.2891   20.9459
   -7.5000  -37.5000    0.000010711.0557   20.8294
    0.0000  -37.5000    0.000011126.5537   20.8430
    7.5000  -37.5000    0.000010550.6465   20.8759
   -7.5000  -30.0000    0.000011845.4863   20.8169
    0.0000  -30.0000    0.000012295.1455   20.8364
    7.5000  -30.0000    0.000011617.9287   20.8707
   -7.5000  -22.5000    0.000013220.2949   20.8872
    0.0000  -22.5000    0.000013719.7910   20.9059
    7.5000  -22.5000    0.000012866.0068   20.9289
   -7.5000  -15.0000    0.000014336.9795   20.9615
    0.0000  -15.0000    0.000014962.1787   20.9733
    7.5000  -15.0000    0.000013882.0859   20.9826
   -7.5000   -7.5000    0.000015299.0586   20.9618
    0.0000   -7.5000    0.000016002.7686   20.9647
    7.5000   -7.5000    0.000014823.9492   20.9737
   -7.5000    0.0000    0.000015996.5234   20.8993
    0.0000    0.0000    0.000016809.7324   20.9035
    7.5000    0.0000    0.000015527.2002   20.9246
   -7.5000    7.5000    0.000015466.2061   20.8287
    0.0000    7.5000    0.000016207.4990   20.8423
    7.5000    7.5000    0.000014999.6094   20.8752
   -7.5000   15.0000    0.000014670.0273   20.8169
    0.0000   15.0000    0.000015362.3047   20.8364
    7.5000   15.0000    0.000014276.5947   20.8707
   -7.5000   22.5000    0.000013745.7461   20.8776
    0.0000   22.5000    0.000014344.6104   20.8963
    7.5000   22.5000    0.000013403.3877   20.9193
   -7.5000   30.0000    0.000012797.2266   20.6903
    0.0000   30.0000    0.000013308.1406   20.7019
    7.5000   30.0000    0.000012492.9023   20.7111
   -7.5000   37.5000    0.000012209.4092   20.6905
    0.0000   37.5000    0.000012719.1416   20.6934
    7.5000   37.5000    0.000011975.7812   20.7022
   -7.5000   45.0000    0.000011059.2305   20.1464
    0.0000   45.0000    0.000011513.2090   20.1503
    7.5000   45.0000    0.000010834.9824   20.1707
   -7.5000  -45.0000    7.5000 9797.7383   20.8683
    0.0000  -45.0000    7.500010247.9375   20.8769
    7.5000  -45.0000    7.5000 9688.5205   20.9029
   -7.5000  -37.5000    7.500010440.8311   20.7943
    0.0000  -37.5000    7.500010911.1357   20.8127
    7.5000  -37.5000    7.500010296.5684   20.8495
   -7.5000  -30.0000    7.500011519.2520   20.7828
    0.0000  -30.0000    7.500012011.5010   20.8031
    7.5000  -30.0000    7.500011311.2119   20.8419
   -7.5000  -22.5000    7.500012900.7197   20.8341
    0.0000  -22.5000    7.500013420.5947   20.8493
    7.5000  -22.5000    7.500012541.5596   20.8774
   -7.5000  -15.0000    7.500014272.4639   20.8901
    0.0000  -15.0000    7.500015003.1973   20.8984
    7.5000  -15.0000    7.500013739.9082   20.9138
   -7.5000   -7.5000    7.500015293.1816   20.8920
    0.0000   -7.5000    7.500016305.7305   20.8956
    7.5000   -7.5000    7.500014761.3857   20.9109
   -7.5000    0.0000    7.500015842.0371   20.8469
    0.0000    0.0000    7.500016862.1680   20.8556
    7.5000    0.0000    7.500015361.5449   20.8816
   -7.5000    7.5000    7.500015135.0361   20.7936
    0.0000    7.5000    7.500016031.3965   20.8120
    7.5000    7.5000    7.500014717.9561   20.8488
   -7.5000   15.0000    7.500014367.8643   20.7828
    0.0000   15.0000    7.500015173.2461   20.8031
    7.5000   15.0000    7.500013955.7061   20.8419
   -7.5000   22.5000    7.500013527.4248   20.8245
    0.0000   22.5000    7.500014207.8623   20.8397
    7.5000   22.5000    7.500013119.4990   20.8678
   -7.5000   30.0000    7.500012630.9980   20.6197
    0.0000   30.0000    7.500013226.7822   20.6280
    7.5000   30.0000    7.500012249.3926   20.6431
   -7.5000   37.5000    7.500012089.4482   20.6216
    0.0000   37.5000    7.500012644.9307   20.6252
    7.5000   37.5000    7.500011763.1631   20.6403
   -7.5000   45.0000    7.500011019.2705   20.0958
    0.0000   45.0000    7.500011475.3213   20.1042
    7.5000   45.0000    7.500010672.3027   20.1293
   -7.5000  -45.0000   15.0000 9428.7998   20.8456
    0.0000  -45.0000   15.0000 9855.8115   20.8629
    7.5000  -45.0000   15.0000 9326.6377   20.8838
   -7.5000  -37.5000   15.000010042.2725   20.7865
    0.0000  -37.5000   15.000010485.6230   20.8129
    7.5000  -37.5000   15.0000 9914.1631   20.8467
   -7.5000  -30.0000   15.000011059.1533   20.7769
    0.0000  -30.0000   15.000011509.8936   20.8001
    7.5000  -30.0000   15.000010885.2959   20.8371
   -7.5000  -22.5000   15.000012372.9912   20.8142
    0.0000  -22.5000   15.000012894.2949   20.8279
    7.5000  -22.5000   15.000012094.5332   20.8518
   -7.5000  -15.0000   15.000013928.4297   20.8550
    0.0000  -15.0000   15.000014850.6621   20.8633
    7.5000  -15.0000   15.000013398.8340   20.8733
   -7.5000   -7.5000   15.000015200.3174   20.8559
    0.0000   -7.5000   15.000016316.3643   20.8646
    7.5000   -7.5000   15.000014468.6094   20.8748
   -7.5000    0.0000   15.000015553.4814   20.8242
    0.0000    0.0000   15.000016508.9668   20.8414
    7.5000    0.0000   15.000014901.2109   20.8624
   -7.5000    7.5000   15.000014774.6123   20.7858
    0.0000    7.5000   15.000015493.5371   20.8122
    7.5000    7.5000   15.000014160.0449   20.8460
   -7.5000   15.0000   15.000014102.6709   20.7768
    0.0000   15.0000   15.000014688.9297   20.8001
    7.5000   15.0000   15.000013433.4863   20.8371
   -7.5000   22.5000   15.000013340.1904   20.8046
    0.0000   22.5000   15.000013825.4375   20.8183
    7.5000   22.5000   15.000012638.3779   20.8422
   -7.5000   30.0000   15.000012439.6016   20.5851
    0.0000   30.0000   15.000012860.9502   20.5932
    7.5000   30.0000   15.000011796.6855   20.6031
   -7.5000   37.5000   15.000011886.5244   20.5860
    0.0000   37.5000   15.000012289.5889   20.5946
    7.5000   37.5000   15.000011358.4033   20.6046
   -7.5000   45.0000   15.000010806.5811   20.0744
    0.0000   45.0000   15.000011193.4287   20.0910
    7.5000   45.0000   15.000010331.7939   20.1112
   -7.5000  -45.0000   22.5000 8968.5215   20.8794
    0.0000  -45.0000   22.5000 9414.4980   20.9004
    7.5000  -45.0000   22.5000 8878.7285   20.9108
   -7.5000  -37.5000   22.5000 9558.1055   20.8165
    0.0000  -37.5000   22.500010031.0723   20.8458
    7.5000  -37.5000   22.5000 9443.3125   20.8721
   -7.5000  -30.0000   22.500010562.5439   20.8084
    0.0000  -30.0000   22.500011050.1963   20.8336
    7.5000  -30.0000   22.500010377.9482   20.8638
   -7.5000  -22.5000   22.500011867.7832   20.8535
    0.0000  -22.5000   22.500012450.7217   20.8692
    7.5000  -22.5000   22.500011565.9541   20.8836
   -7.5000  -15.0000   22.500013451.0762   20.8989
    0.0000  -15.0000   22.500014285.9639   20.9106
    7.5000  -15.0000   22.500012823.2500   20.9092
   -7.5000   -7.5000   22.500014852.8047   20.8957
    0.0000   -7.5000   22.500015545.1299   20.9086
    7.5000   -7.5000   22.500013837.5918   20.9072
   -7.5000    0.0000   22.500015526.1152   20.8577
    0.0000    0.0000   22.500015893.3955   20.8787
    7.5000    0.0000   22.500014265.7773   20.8892
   -7.5000    7.5000   22.500014856.6475   20.8158
    0.0000    7.5000   22.500015082.3867   20.8451
    7.5000    7.5000   22.500013609.1562   20.8714
   -7.5000   15.0000   22.500014018.7090   20.8084
    0.0000   15.0000   22.500014287.7861   20.8336
    7.5000   15.0000   22.500012894.3906   20.8638
   -7.5000   22.5000   22.500013062.0684   20.8439
    0.0000   22.5000   22.500013367.0020   20.8596
    7.5000   22.5000   22.500012091.8906   20.8740
   -7.5000   30.0000   22.500012020.8135   20.6284
    0.0000   30.0000   22.500012368.1240   20.6400
    7.5000   30.0000   22.500011251.7744   20.6386
   -7.5000   37.5000   22.500011403.0625   20.6253
    0.0000   37.5000   22.500011808.8105   20.6380
    7.5000   37.5000   22.500010815.1484   20.6367
   -7.5000   45.0000   22.500010319.8828   20.1073
    0.0000   45.0000   22.500010712.5332   20.1275
    7.5000   45.0000   22.5000 9842.7158   20.1376
   -7.5000  -45.0000   30.0000 8512.7695   20.9334
    0.0000  -45.0000   30.0000 8842.4463   20.9504
    7.5000  -45.0000   30.0000 8320.9775   20.9551
   -7.5000  -37.5000   30.0000 9091.1025   20.8537
    0.0000  -37.5000   30.0000 9431.2686   20.8795
    7.5000  -37.5000   30.0000 8836.7979   20.9016
   -7.5000  -30.0000   30.000010152.1436   20.8452
    0.0000  -30.0000   30.000010467.9053   20.8712
    7.5000  -30.0000   30.0000 9755.2373   20.8968
   -7.5000  -22.5000   30.000011479.2109   20.9093
    0.0000  -22.5000   30.000011852.7100   20.9299
    7.5000  -22.5000   30.000010913.5322   20.9388
   -7.5000  -15.0000   30.000012784.7949   20.9727
    0.0000  -15.0000   30.000013334.5664   20.9884
    7.5000  -15.0000   30.000012033.3145   20.9804
   -7.5000   -7.5000   30.000013749.6250   20.9671
    0.0000   -7.5000   30.000014258.9893   20.9795
    7.5000   -7.5000   30.000012876.7852   20.9710
   -7.5000    0.0000   30.000014228.7656   20.9116
    0.0000    0.0000   30.000014734.1035   20.9286
    7.5000    0.0000   30.000013367.4600   20.9334
   -7.5000    7.5000   30.000013693.4873   20.8530
    0.0000    7.5000   30.000014272.5674   20.8788
    7.5000    7.5000   30.000012896.7646   20.9009
   -7.5000   15.0000   30.000013017.5234   20.8452
    0.0000   15.0000   30.000013600.8760   20.8712
    7.5000   15.0000   30.000012269.0723   20.8968
   -7.5000   22.5000   30.000012160.8604   20.8997
    0.0000   22.5000   30.000012670.6045   20.9203
    7.5000   22.5000   30.000011482.4365   20.9291
   -7.5000   30.0000   30.000011194.7666   20.7012
    0.0000   30.0000   30.000011642.5225   20.7167
    7.5000   30.0000   30.000010643.9434   20.7089
   -7.5000   37.5000   30.000010628.1738   20.6957
    0.0000   37.5000   30.000011067.1055   20.7080
    7.5000   37.5000   30.000010191.9893   20.6996
   -7.5000   45.0000   30.0000 9605.9102   20.1593
    0.0000   45.0000   30.000010002.5928   20.1757
    7.5000   45.0000   30.0000 9258.7432   20.1803
   -7.5000  -45.0000   37.5000 8330.6514   20.9522
    0.0000  -45.0000   37.5000 8698.5088   20.9609
    7.5000  -45.0000   37.5000 8079.9946   20.9712
   -7.5000  -37.5000   37.5000 8963.6426   20.8588
    0.0000  -37.5000   37.5000 9309.1738   20.8771
    7.5000  -37.5000   37.5000 8633.9619   20.9028
   -7.5000  -30.0000   37.5000 9965.1143   20.8477
    0.0000  -30.0000   37.500010342.7402   20.8709
    7.5000  -30.0000   37.5000 9590.1826   20.8989
   -7.5000  -22.5000   37.500011051.7939   20.9232
    0.0000  -22.5000   37.500011515.6230   20.9452
    7.5000  -22.5000   37.500010683.5840   20.9586
   -7.5000  -15.0000   37.500012055.0801   21.0003
    0.0000  -15.0000   37.500012633.6445   21.0159
    7.5000  -15.0000   37.500011664.3418   21.0133
   -7.5000   -7.5000   37.500012799.5957   20.9970
    0.0000   -7.5000   37.500013338.6631   21.0045
    7.5000   -7.5000   37.500012419.2793   21.0012
   -7.5000    0.0000   37.500013225.8301   20.9305
    0.0000    0.0000   37.500013783.9824   20.9393
    7.5000    0.0000   37.500012870.3662   20.9497
   -7.5000    7.5000   37.500012761.0557   20.8581
    0.0000    7.5000   37.500013340.8301   20.8764
    7.5000    7.5000   37.500012442.5293   20.9021
   -7.5000   15.0000   37.500012238.8184   20.8477
    0.0000   15.0000   37.500012780.9551   20.8709
    7.5000   15.0000   37.500011922.5908   20.8989
   -7.5000   22.5000   37.500011556.2744   20.9136
    0.0000   22.5000   37.500012023.2207   20.9355
    7.5000   22.5000   37.500011210.1191   20.9489
   -7.5000   30.0000   37.500010718.1064   20.7285
    0.0000   30.0000   37.500011131.2646   20.7439
    7.5000   30.0000   37.500010387.4355   20.7413
   -7.5000   37.5000   37.500010226.0146   20.7253
    0.0000   37.5000   37.500010616.8828   20.7326
    7.5000   37.5000   37.5000 9923.2822   20.7295
   -7.5000   45.0000   37.5000 9243.3623   20.1770
    0.0000   45.0000   37.5000 9570.3271   20.1855
    7.5000   45.0000   37.5000 8970.4814   20.1955
   -7.5000  -45.0000   45.0000 7668.7256   20.8395
    0.0000  -45.0000   45.0000 7990.0630   20.8437
    7.5000  -45.0000   45.0000 7470.7632   20.8649
   -7.5000  -37.5000   45.0000 8208.2852   20.7483
    0.0000  -37.5000   45.0000 8521.2334   20.7622
    7.5000  -37.5000   45.0000 7997.4795   20.7952
   -7.5000  -30.0000   45.0000 9029.7725   20.7363
    0.0000  -30.0000   45.0000 9358.1895   20.7559
    7.5000  -30.0000   45.0000 8847.8516   20.7903
   -7.5000  -22.5000   45.0000 9898.7979   20.8068
    0.0000  -22.5000   45.000010305.2139   20.8256
    7.5000  -22.5000   45.0000 9777.7715   20.8487
   -7.5000  -15.0000   45.000010719.1357   20.8809
    0.0000  -15.0000   45.000011169.6309   20.8929
    7.5000  -15.0000   45.000010585.4307   20.9021
   -7.5000   -7.5000   45.000011386.1836   20.8807
    0.0000   -7.5000   45.000011810.0020   20.8838
    7.5000   -7.5000   45.000011246.9053   20.8928
   -7.5000    0.0000   45.000011821.9209   20.8180
    0.0000    0.0000   45.000012270.1426   20.8224
    7.5000    0.0000   45.000011688.7314   20.8436
   -7.5000    7.5000   45.000011456.5469   20.7476
    0.0000    7.5000   45.000011885.4160   20.7615
    7.5000    7.5000   45.000011266.7188   20.7945
   -7.5000   15.0000   45.000011004.7715   20.7363
    0.0000   15.0000   45.000011382.1709   20.7559
    7.5000   15.0000   45.000010785.2012   20.7903
   -7.5000   22.5000   45.000010419.7227   20.7971
    0.0000   22.5000   45.000010761.7305   20.8159
    7.5000   22.5000   45.000010160.0664   20.8390
   -7.5000   30.0000   45.0000 9667.7656   20.6089
    0.0000   30.0000   45.0000 9995.8809   20.6207
    7.5000   30.0000   45.0000 9411.0293   20.6298
   -7.5000   37.5000   45.0000 9232.6270   20.6087
    0.0000   37.5000   45.0000 9559.7441   20.6117
    7.5000   37.5000   45.0000 9009.2080   20.6206
   -7.5000   45.0000   45.0000 8366.0732   20.0771
    0.0000   45.0000   45.0000 8656.3955   20.0813
    7.5000   45.0000   45.0000 8153.6206   20.1017

---------------------------------------------------------------------
imgreg_4dfp /opt/freesurfer/average/711-2C_as_mni_average_305 /opt/freesurfer/average/711-2B_as_mni_average_305_mask talsrcimg_g11 none talsrcimg_to_711-2C_as_mni_average_305_t4 4355
---------------------------------------------------------------------

freesurfer imgreg_4dfp.c
/opt/freesurfer/average/711-2C_as_mni_average_305.4dfp.img
       256       256       256         1
  1.000000  1.000000  1.000000
orientation T byte_order littleendian
Reading image: /opt/freesurfer/average/711-2C_as_mni_average_305.4dfp.img
dimensions:      256       256       256
mmppix:       1.0000   -1.0000   -1.0000
center:     128.0000 -129.0000 -129.0000
/opt/freesurfer/average/711-2B_as_mni_average_305_mask.4dfp.img
       256       256       256         1
  1.000000  1.000000  1.000000
orientation T byte_order littleendian
Reading mask: /opt/freesurfer/average/711-2B_as_mni_average_305_mask.4dfp.img (2306576 pixels)
talsrcimg_g11.4dfp.img
       256       256       256         1
  1.000000  1.000000  1.000000
orientation T byte_order littleendian
Reading image: talsrcimg_g11.4dfp.img
dimensions:      256       256       256
mmppix:       1.0000   -1.0000   -1.0000
center:     128.0000 -129.0000 -129.0000
rotation matrix determinant  1.000000
image alignment mode   4355 decimal     1103 hex
   -7.5000  -45.0000  -37.5000 1980.4945   24.2584
    0.0000  -45.0000  -37.5000 1971.5551   24.3786
    7.5000  -45.0000  -37.5000 1938.8162   24.4508
   -7.5000  -37.5000  -37.5000 2062.2473   22.3970
    0.0000  -37.5000  -37.5000 2057.1543   22.5285
    7.5000  -37.5000  -37.5000 2024.8193   22.6599
   -7.5000  -30.0000  -37.5000 2114.7522   21.3437
    0.0000  -30.0000  -37.5000 2115.8701   21.4375
    7.5000  -30.0000  -37.5000 2091.3213   21.6904
   -7.5000  -22.5000  -37.5000 2148.1790   20.6067
    0.0000  -22.5000  -37.5000 2156.2231   20.6695
    7.5000  -22.5000  -37.5000 2126.3010   20.9899
   -7.5000  -15.0000  -37.5000 2176.2209   20.2609
    0.0000  -15.0000  -37.5000 2174.2207   20.2907
    7.5000  -15.0000  -37.5000 2143.9343   20.5921
   -7.5000   -7.5000  -37.5000 2196.2944   20.1217
    0.0000   -7.5000  -37.5000 2198.6816   20.0813
    7.5000   -7.5000  -37.5000 2168.3721   20.3376
   -7.5000    0.0000  -37.5000 2208.2061   20.1882
    0.0000    0.0000  -37.5000 2210.8879   20.1041
    7.5000    0.0000  -37.5000 2178.1836   20.3760
   -7.5000    7.5000  -37.5000 2200.5872   20.4127
    0.0000    7.5000  -37.5000 2204.5078   20.4217
    7.5000    7.5000  -37.5000 2167.8162   20.7263
   -7.5000   15.0000  -37.5000 2169.0159   21.0635
    0.0000   15.0000  -37.5000 2164.6177   21.0940
    7.5000   15.0000  -37.5000 2130.5835   21.3966
   -7.5000   22.5000  -37.5000 2136.0071   22.0324
    0.0000   22.5000  -37.5000 2130.1545   22.0451
    7.5000   22.5000  -37.5000 2100.7546   22.3886
   -7.5000   30.0000  -37.5000 2069.5569   23.3420
    0.0000   30.0000  -37.5000 2070.4619   23.3071
    7.5000   30.0000  -37.5000 2047.8749   23.6660
   -7.5000   37.5000  -37.5000 1983.6372   24.9187
    0.0000   37.5000  -37.5000 1986.6885   24.9532
    7.5000   37.5000  -37.5000 1965.6538   25.4455
   -7.5000   45.0000  -37.5000 1879.2487   27.1166
    0.0000   45.0000  -37.5000 1878.1938   27.1346
    7.5000   45.0000  -37.5000 1856.6989   27.6365
   -7.5000  -45.0000  -30.0000 2093.7620   23.3824
    0.0000  -45.0000  -30.0000 2097.7463   23.4530
    7.5000  -45.0000  -30.0000 2071.7336   23.5428
   -7.5000  -37.5000  -30.0000 2179.9714   21.5515
    0.0000  -37.5000  -30.0000 2180.2590   21.6326
    7.5000  -37.5000  -30.0000 2157.8838   21.7951
   -7.5000  -30.0000  -30.0000 2246.7776   20.3661
    0.0000  -30.0000  -30.0000 2244.7219   20.4601
    7.5000  -30.0000  -30.0000 2221.1992   20.6738
   -7.5000  -22.5000  -30.0000 2286.0142   19.6807
    0.0000  -22.5000  -30.0000 2282.3435   19.7331
    7.5000  -22.5000  -30.0000 2254.4321   19.9377
   -7.5000  -15.0000  -30.0000 2312.8169   19.2272
    0.0000  -15.0000  -30.0000 2303.4167   19.2440
    7.5000  -15.0000  -30.0000 2272.5574   19.5193
   -7.5000   -7.5000  -30.0000 2323.5942   18.8875
    0.0000   -7.5000  -30.0000 2323.8059   18.8961
    7.5000   -7.5000  -30.0000 2288.8308   19.2060
   -7.5000    0.0000  -30.0000 2346.1873   19.0031
    0.0000    0.0000  -30.0000 2341.8838   18.9202
    7.5000    0.0000  -30.0000 2316.8589   19.2494
   -7.5000    7.5000  -30.0000 2340.4150   19.2650
    0.0000    7.5000  -30.0000 2340.2639   19.2655
    7.5000    7.5000  -30.0000 2313.6140   19.5487
   -7.5000   15.0000  -30.0000 2318.7986   19.8847
    0.0000   15.0000  -30.0000 2318.9805   19.8906
    7.5000   15.0000  -30.0000 2290.7078   20.2184
   -7.5000   22.5000  -30.0000 2284.1494   20.8044
    0.0000   22.5000  -30.0000 2287.1521   20.7753
    7.5000   22.5000  -30.0000 2253.8496   21.0987
   -7.5000   30.0000  -30.0000 2217.5442   22.0207
    0.0000   30.0000  -30.0000 2221.1362   21.9640
    7.5000   30.0000  -30.0000 2189.1265   22.2610
   -7.5000   37.5000  -30.0000 2123.8296   23.5505
    0.0000   37.5000  -30.0000 2126.0923   23.5672
    7.5000   37.5000  -30.0000 2103.8911   23.9159
   -7.5000   45.0000  -30.0000 2001.8674   25.5489
    0.0000   45.0000  -30.0000 2003.1805   25.5939
    7.5000   45.0000  -30.0000 1983.6774   25.9589
   -7.5000  -45.0000  -22.5000 2202.6404   22.4943
    0.0000  -45.0000  -22.5000 2201.9180   22.5067
    7.5000  -45.0000  -22.5000 2172.0417   22.6595
   -7.5000  -37.5000  -22.5000 2291.1362   20.7313
    0.0000  -37.5000  -22.5000 2288.8633   20.7917
    7.5000  -37.5000  -22.5000 2256.8271   20.9493
   -7.5000  -30.0000  -22.5000 2356.7122   19.3899
    0.0000  -30.0000  -22.5000 2353.1191   19.4179
    7.5000  -30.0000  -22.5000 2323.9404   19.5717
   -7.5000  -22.5000  -22.5000 2398.8313   18.6085
    0.0000  -22.5000  -22.5000 2402.6628   18.6242
    7.5000  -22.5000  -22.5000 2374.2415   18.7940
   -7.5000  -15.0000  -22.5000 2436.2749   18.1152
    0.0000  -15.0000  -22.5000 2436.2583   18.1122
    7.5000  -15.0000  -22.5000 2405.8276   18.3611
   -7.5000   -7.5000  -22.5000 2452.6782   17.8274
    0.0000   -7.5000  -22.5000 2451.3350   17.8452
    7.5000   -7.5000  -22.5000 2422.4487   18.1422
   -7.5000    0.0000  -22.5000 2475.4729   17.9104
    0.0000    0.0000  -22.5000 2468.4124   17.8678
    7.5000    0.0000  -22.5000 2435.8616   18.1594
   -7.5000    7.5000  -22.5000 2464.1572   18.1748
    0.0000    7.5000  -22.5000 2466.5674   18.1591
    7.5000    7.5000  -22.5000 2433.3257   18.4193
   -7.5000   15.0000  -22.5000 2453.2786   18.7946
    0.0000   15.0000  -22.5000 2452.1057   18.7356
    7.5000   15.0000  -22.5000 2416.5476   19.0288
   -7.5000   22.5000  -22.5000 2416.9814   19.6086
    0.0000   22.5000  -22.5000 2419.4124   19.5869
    7.5000   22.5000  -22.5000 2381.3140   19.9051
   -7.5000   30.0000  -22.5000 2344.2239   20.6982
    0.0000   30.0000  -22.5000 2349.2576   20.6480
    7.5000   30.0000  -22.5000 2313.5913   21.0051
   -7.5000   37.5000  -22.5000 2251.8149   22.1422
    0.0000   37.5000  -22.5000 2252.4475   22.1355
    7.5000   37.5000  -22.5000 2220.4753   22.4678
   -7.5000   45.0000  -22.5000 2114.8635   24.0204
    0.0000   45.0000  -22.5000 2114.4299   24.0243
    7.5000   45.0000  -22.5000 2095.1763   24.3441
   -7.5000  -45.0000  -15.0000 2281.9377   21.6958
    0.0000  -45.0000  -15.0000 2269.5859   21.6636
    7.5000  -45.0000  -15.0000 2228.1978   21.9200
   -7.5000  -37.5000  -15.0000 2370.2766   19.8876
    0.0000  -37.5000  -15.0000 2356.8181   19.8701
    7.5000  -37.5000  -15.0000 2313.6941   20.0987
   -7.5000  -30.0000  -15.0000 2439.8308   18.5402
    0.0000  -30.0000  -15.0000 2432.3486   18.5629
    7.5000  -30.0000  -15.0000 2397.9216   18.7429
   -7.5000  -22.5000  -15.0000 2496.1743   17.7376
    0.0000  -22.5000  -15.0000 2493.2681   17.7429
    7.5000  -22.5000  -15.0000 2461.8484   17.8514
   -7.5000  -15.0000  -15.0000 2538.8840   17.1772
    0.0000  -15.0000  -15.0000 2537.3953   17.1462
    7.5000  -15.0000  -15.0000 2507.5278   17.3253
   -7.5000   -7.5000  -15.0000 2556.5286   16.7932
    0.0000   -7.5000  -15.0000 2553.2781   16.7728
    7.5000   -7.5000  -15.0000 2516.9985   17.0361
   -7.5000    0.0000  -15.0000 2570.3569   16.8793
    0.0000    0.0000  -15.0000 2560.8362   16.8838
    7.5000    0.0000  -15.0000 2521.0940   17.1291
   -7.5000    7.5000  -15.0000 2565.6333   17.1400
    0.0000    7.5000  -15.0000 2565.2446   17.1446
    7.5000    7.5000  -15.0000 2524.7502   17.4407
   -7.5000   15.0000  -15.0000 2550.6646   17.6767
    0.0000   15.0000  -15.0000 2550.3875   17.6623
    7.5000   15.0000  -15.0000 2512.5005   17.9842
   -7.5000   22.5000  -15.0000 2514.9937   18.4510
    0.0000   22.5000  -15.0000 2513.9365   18.4202
    7.5000   22.5000  -15.0000 2477.6399   18.7733
   -7.5000   30.0000  -15.0000 2445.2334   19.5221
    0.0000   30.0000  -15.0000 2443.8772   19.4785
    7.5000   30.0000  -15.0000 2411.3706   19.8851
   -7.5000   37.5000  -15.0000 2352.9963   20.9092
    0.0000   37.5000  -15.0000 2351.7112   20.8588
    7.5000   37.5000  -15.0000 2321.3643   21.2386
   -7.5000   45.0000  -15.0000 2210.2085   22.7153
    0.0000   45.0000  -15.0000 2212.0247   22.6503
    7.5000   45.0000  -15.0000 2182.8835   23.0042
   -7.5000  -45.0000   -7.5000 2334.6584   20.9187
    0.0000  -45.0000   -7.5000 2322.0959   20.8727
    7.5000  -45.0000   -7.5000 2292.7332   21.2215
   -7.5000  -37.5000   -7.5000 2425.2258   19.0982
    0.0000  -37.5000   -7.5000 2413.0225   19.0887
    7.5000  -37.5000   -7.5000 2388.3647   19.3939
   -7.5000  -30.0000   -7.5000 2504.8479   17.8003
    0.0000  -30.0000   -7.5000 2494.9580   17.7942
    7.5000  -30.0000   -7.5000 2467.1799   18.0079
   -7.5000  -22.5000   -7.5000 2573.0613   16.8889
    0.0000  -22.5000   -7.5000 2565.1865   16.9310
    7.5000  -22.5000   -7.5000 2527.3452   17.0260
   -7.5000  -15.0000   -7.5000 2613.8608   16.3173
    0.0000  -15.0000   -7.5000 2609.5544   16.3234
    7.5000  -15.0000   -7.5000 2565.7310   16.4149
   -7.5000   -7.5000   -7.5000 2636.7825   15.8277
    0.0000   -7.5000   -7.5000 2629.5132   15.8473
    7.5000   -7.5000   -7.5000 2582.9319   16.0533
   -7.5000    0.0000   -7.5000 2648.6853   15.7972
    0.0000    0.0000   -7.5000 2643.9250   15.8249
    7.5000    0.0000   -7.5000 2599.0447   16.1297
   -7.5000    7.5000   -7.5000 2648.4387   16.0527
    0.0000    7.5000   -7.5000 2647.7964   16.1039
    7.5000    7.5000   -7.5000 2604.4346   16.4318
   -7.5000   15.0000   -7.5000 2631.6409   16.5916
    0.0000   15.0000   -7.5000 2634.3660   16.6128
    7.5000   15.0000   -7.5000 2594.4712   16.9613
   -7.5000   22.5000   -7.5000 2591.6484   17.3169
    0.0000   22.5000   -7.5000 2599.4797   17.3236
    7.5000   22.5000   -7.5000 2567.4692   17.7020
   -7.5000   30.0000   -7.5000 2523.5681   18.3487
    0.0000   30.0000   -7.5000 2524.8730   18.3058
    7.5000   30.0000   -7.5000 2496.5979   18.7600
   -7.5000   37.5000   -7.5000 2432.3042   19.7649
    0.0000   37.5000   -7.5000 2434.2478   19.6716
    7.5000   37.5000   -7.5000 2404.5925   20.1569
   -7.5000   45.0000   -7.5000 2289.4338   21.5612
    0.0000   45.0000   -7.5000 2291.8562   21.4641
    7.5000   45.0000   -7.5000 2263.7361   21.9624
   -7.5000  -45.0000    0.0000 2348.9033   20.1743
    0.0000  -45.0000    0.0000 2349.2637   20.1803
    7.5000  -45.0000    0.0000 2320.4280   20.5348
   -7.5000  -37.5000    0.0000 2445.7788   18.4573
    0.0000  -37.5000    0.0000 2441.7952   18.4433
    7.5000  -37.5000    0.0000 2427.3958   18.8092
   -7.5000  -30.0000    0.0000 2530.5444   17.2013
    0.0000  -30.0000    0.0000 2524.8354   17.2163
    7.5000  -30.0000    0.0000 2503.5811   17.4608
   -7.5000  -22.5000    0.0000 2609.6992   16.2926
    0.0000  -22.5000    0.0000 2609.2537   16.3488
    7.5000  -22.5000    0.0000 2575.5657   16.4959
   -7.5000  -15.0000    0.0000 2655.6594   15.6446
    0.0000  -15.0000    0.0000 2659.6079   15.7539
    7.5000  -15.0000    0.0000 2610.7615   15.8141
   -7.5000   -7.5000    0.0000 2674.9998   15.0500
    0.0000   -7.5000    0.0000 2675.8826   15.1837
    7.5000   -7.5000    0.0000 2640.4268   15.4222
   -7.5000    0.0000    0.0000 2696.7297   14.8959
    0.0000    0.0000    0.0000 2700.4836   15.0379
    7.5000    0.0000    0.0000 2664.0386   15.3806
   -7.5000    7.5000    0.0000 2700.7839   15.1683
    0.0000    7.5000    0.0000 2700.1265   15.2422
    7.5000    7.5000    0.0000 2663.4966   15.6372
   -7.5000   15.0000    0.0000 2677.8423   15.6632
    0.0000   15.0000    0.0000 2688.9507   15.7524
    7.5000   15.0000    0.0000 2649.5098   16.1395
   -7.5000   22.5000    0.0000 2642.3281   16.4085
    0.0000   22.5000    0.0000 2653.5615   16.4612
    7.5000   22.5000    0.0000 2624.3420   16.8978
   -7.5000   30.0000    0.0000 2577.2070   17.4244
    0.0000   30.0000    0.0000 2584.7080   17.4255
    7.5000   30.0000    0.0000 2561.1411   17.9565
   -7.5000   37.5000    0.0000 2486.1106   18.8587
    0.0000   37.5000    0.0000 2494.9539   18.8323
    7.5000   37.5000    0.0000 2467.1648   19.4096
   -7.5000   45.0000    0.0000 2350.2439   20.6628
    0.0000   45.0000    0.0000 2358.2158   20.6219
    7.5000   45.0000    0.0000 2327.0801   21.1928
   -7.5000  -45.0000    7.5000 2340.5168   19.7174
    0.0000  -45.0000    7.5000 2351.1187   19.7273
    7.5000  -45.0000    7.5000 2337.3174   20.1199
   -7.5000  -37.5000    7.5000 2442.2546   18.0385
    0.0000  -37.5000    7.5000 2450.9629   18.0598
    7.5000  -37.5000    7.5000 2435.2402   18.3961
   -7.5000  -30.0000    7.5000 2530.4895   16.7605
    0.0000  -30.0000    7.5000 2541.0522   16.8133
    7.5000  -30.0000    7.5000 2517.9302   17.0460
   -7.5000  -22.5000    7.5000 2621.0947   15.8366
    0.0000  -22.5000    7.5000 2628.2136   15.9234
    7.5000  -22.5000    7.5000 2602.9822   16.0607
   -7.5000  -15.0000    7.5000 2687.2771   15.2724
    0.0000  -15.0000    7.5000 2700.0813   15.4213
    7.5000  -15.0000    7.5000 2669.5327   15.4224
   -7.5000   -7.5000    7.5000 2718.9124   14.7124
    0.0000   -7.5000    7.5000 2744.4429   14.9218
    7.5000   -7.5000    7.5000 2700.8462   14.9854
   -7.5000    0.0000    7.5000 2716.7102   14.3368
    0.0000    0.0000    7.5000 2739.4092   14.6048
    7.5000    0.0000    7.5000 2706.1030   14.8600
   -7.5000    7.5000    7.5000 2718.9448   14.4631
    0.0000    7.5000    7.5000 2740.2712   14.6787
    7.5000    7.5000    7.5000 2701.7185   15.0218
   -7.5000   15.0000    7.5000 2709.8708   14.9470
    0.0000   15.0000    7.5000 2733.0598   15.0918
    7.5000   15.0000    7.5000 2692.0168   15.5102
   -7.5000   22.5000    7.5000 2684.5173   15.7839
    0.0000   22.5000    7.5000 2702.3420   15.8535
    7.5000   22.5000    7.5000 2670.2776   16.2859
   -7.5000   30.0000    7.5000 2611.9092   16.8652
    0.0000   30.0000    7.5000 2632.2756   16.9001
    7.5000   30.0000    7.5000 2607.1985   17.3853
   -7.5000   37.5000    7.5000 2520.1077   18.2983
    0.0000   37.5000    7.5000 2536.3643   18.3332
    7.5000   37.5000    7.5000 2509.6018   18.8127
   -7.5000   45.0000    7.5000 2394.1484   20.0589
    0.0000   45.0000    7.5000 2407.8965   20.1042
    7.5000   45.0000    7.5000 2378.1313   20.5554
   -7.5000  -45.0000   15.0000 2306.0510   19.6758
    0.0000  -45.0000   15.0000 2319.4915   19.6089
    7.5000  -45.0000   15.0000 2312.1587   20.0700
   -7.5000  -37.5000   15.0000 2414.7571   17.9856
    0.0000  -37.5000   15.0000 2417.2854   17.9262
    7.5000  -37.5000   15.0000 2414.9829   18.3394
   -7.5000  -30.0000   15.0000 2513.6113   16.6688
    0.0000  -30.0000   15.0000 2508.2615   16.6486
    7.5000  -30.0000   15.0000 2504.5728   16.9670
   -7.5000  -22.5000   15.0000 2611.2866   15.7228
    0.0000  -22.5000   15.0000 2611.4155   15.7608
    7.5000  -22.5000   15.0000 2604.0195   16.0074
   -7.5000  -15.0000   15.0000 2685.9670   15.2024
    0.0000  -15.0000   15.0000 2707.3838   15.3262
    7.5000  -15.0000   15.0000 2696.1746   15.3956
   -7.5000   -7.5000   15.0000 2753.6987   14.9872
    0.0000   -7.5000   15.0000 2792.2012   15.2255
    7.5000   -7.5000   15.0000 2735.3127   15.0487
   -7.5000    0.0000   15.0000 2741.9529   14.3857
    0.0000    0.0000   15.0000 2778.6489   14.6374
    7.5000    0.0000   15.0000 2719.4529   14.6952
   -7.5000    7.5000   15.0000 2728.7505   14.2871
    0.0000    7.5000   15.0000 2741.4429   14.3468
    7.5000    7.5000   15.0000 2706.4243   14.7080
   -7.5000   15.0000   15.0000 2736.1565   14.7769
    0.0000   15.0000   15.0000 2733.3135   14.6814
    7.5000   15.0000   15.0000 2707.2104   15.1487
   -7.5000   22.5000   15.0000 2713.4692   15.7065
    0.0000   22.5000   15.0000 2713.4431   15.5789
    7.5000   22.5000   15.0000 2686.2068   16.0369
   -7.5000   30.0000   15.0000 2641.6611   16.8911
    0.0000   30.0000   15.0000 2644.1619   16.7413
    7.5000   30.0000   15.0000 2619.6499   17.1694
   -7.5000   37.5000   15.0000 2547.7041   18.3832
    0.0000   37.5000   15.0000 2546.5142   18.1953
    7.5000   37.5000   15.0000 2525.3411   18.6207
   -7.5000   45.0000   15.0000 2423.5254   20.2212
    0.0000   45.0000   15.0000 2425.4619   20.0102
    7.5000   45.0000   15.0000 2398.4995   20.4059
   -7.5000  -45.0000   22.5000 2266.5977   20.0044
    0.0000  -45.0000   22.5000 2277.7698   19.9585
    7.5000  -45.0000   22.5000 2272.2935   20.3890
   -7.5000  -37.5000   22.5000 2380.9514   18.2047
    0.0000  -37.5000   22.5000 2380.0300   18.2330
    7.5000  -37.5000   22.5000 2387.1089   18.5983
   -7.5000  -30.0000   22.5000 2484.1287   16.8830
    0.0000  -30.0000   22.5000 2483.8069   16.9638
    7.5000  -30.0000   22.5000 2488.7515   17.2399
   -7.5000  -22.5000   22.5000 2586.9143   16.1278
    0.0000  -22.5000   22.5000 2588.9602   16.2027
    7.5000  -22.5000   22.5000 2593.3669   16.3376
   -7.5000  -15.0000   22.5000 2715.2971   15.8410
    0.0000  -15.0000   22.5000 2720.9402   15.9205
    7.5000  -15.0000   22.5000 2694.8159   15.7634
   -7.5000   -7.5000   22.5000 2818.1868   15.6781
    0.0000   -7.5000   22.5000 2820.6938   15.7472
    7.5000   -7.5000   22.5000 2741.9790   15.3724
   -7.5000    0.0000   22.5000 2805.0750   15.1007
    0.0000    0.0000   22.5000 2787.0300   14.9215
    7.5000    0.0000   22.5000 2721.7131   14.9035
   -7.5000    7.5000   22.5000 2799.9780   14.9189
    0.0000    7.5000   22.5000 2769.7305   14.6352
    7.5000    7.5000   22.5000 2720.0554   14.8290
   -7.5000   15.0000   22.5000 2772.3582   15.1978
    0.0000   15.0000   22.5000 2765.8274   15.0472
    7.5000   15.0000   22.5000 2715.3345   15.2674
   -7.5000   22.5000   22.5000 2729.6160   16.0676
    0.0000   22.5000   22.5000 2730.3547   15.9535
    7.5000   22.5000   22.5000 2689.7063   16.1825
   -7.5000   30.0000   22.5000 2647.6001   17.2693
    0.0000   30.0000   22.5000 2653.2405   17.1484
    7.5000   30.0000   22.5000 2612.8213   17.3476
   -7.5000   37.5000   22.5000 2548.3752   18.6989
    0.0000   37.5000   22.5000 2554.8962   18.6060
    7.5000   37.5000   22.5000 2520.7673   18.8143
   -7.5000   45.0000   22.5000 2425.9207   20.4612
    0.0000   45.0000   22.5000 2432.1814   20.3929
    7.5000   45.0000   22.5000 2397.3242   20.5813
   -7.5000  -45.0000   30.0000 2225.9568   20.6355
    0.0000  -45.0000   30.0000 2219.5432   20.4941
    7.5000  -45.0000   30.0000 2230.0713   20.9947
   -7.5000  -37.5000   30.0000 2344.9746   18.9509
    0.0000  -37.5000   30.0000 2328.7808   18.8133
    7.5000  -37.5000   30.0000 2344.3743   19.1715
   -7.5000  -30.0000   30.0000 2467.2502   17.9168
    0.0000  -30.0000   30.0000 2449.4099   17.8376
    7.5000  -30.0000   30.0000 2449.9182   17.9869
   -7.5000  -22.5000   30.0000 2596.8486   17.2464
    0.0000  -22.5000   30.0000 2583.7900   17.2230
    7.5000  -22.5000   30.0000 2559.7654   17.1513
   -7.5000  -15.0000   30.0000 2712.2922   16.8490
    0.0000  -15.0000   30.0000 2715.4487   16.8636
    7.5000  -15.0000   30.0000 2649.3816   16.5174
   -7.5000   -7.5000   30.0000 2769.8215   16.2569
    0.0000   -7.5000   30.0000 2791.2393   16.2433
    7.5000   -7.5000   30.0000 2688.5359   15.9427
   -7.5000    0.0000   30.0000 2780.0818   15.6199
    0.0000    0.0000   30.0000 2777.3044   15.4482
    7.5000    0.0000   30.0000 2703.5752   15.5232
   -7.5000    7.5000   30.0000 2783.6843   15.5493
    0.0000    7.5000   30.0000 2798.9880   15.4813
    7.5000    7.5000   30.0000 2709.8674   15.4674
   -7.5000   15.0000   30.0000 2756.1509   15.9785
    0.0000   15.0000   30.0000 2768.9331   15.9921
    7.5000   15.0000   30.0000 2689.8555   15.9414
   -7.5000   22.5000   30.0000 2709.8926   16.8285
    0.0000   22.5000   30.0000 2720.6646   16.8004
    7.5000   22.5000   30.0000 2658.2114   16.7911
   -7.5000   30.0000   30.0000 2622.8938   17.9397
    0.0000   30.0000   30.0000 2625.1602   17.8289
    7.5000   30.0000   30.0000 2585.5330   17.9382
   -7.5000   37.5000   30.0000 2516.4099   19.2902
    0.0000   37.5000   30.0000 2524.3721   19.1532
    7.5000   37.5000   30.0000 2493.8660   19.3514
   -7.5000   45.0000   30.0000 2382.4070   20.9147
    0.0000   45.0000   30.0000 2395.9375   20.7824
    7.5000   45.0000   30.0000 2367.6543   21.0418
   -7.5000  -45.0000   37.5000 2199.0242   22.2751
    0.0000  -45.0000   37.5000 2194.8594   22.0374
    7.5000  -45.0000   37.5000 2178.6975   22.2791
   -7.5000  -37.5000   37.5000 2326.5159   20.5148
    0.0000  -37.5000   37.5000 2318.2551   20.2827
    7.5000  -37.5000   37.5000 2303.5715   20.4426
   -7.5000  -30.0000   37.5000 2445.0686   19.2312
    0.0000  -30.0000   37.5000 2437.5005   19.0841
    7.5000  -30.0000   37.5000 2417.6714   19.2173
   -7.5000  -22.5000   37.5000 2549.7932   18.1672
    0.0000  -22.5000   37.5000 2546.5549   18.1404
    7.5000  -22.5000   37.5000 2520.1150   18.1862
   -7.5000  -15.0000   37.5000 2639.9653   17.4038
    0.0000  -15.0000   37.5000 2652.7290   17.4357
    7.5000  -15.0000   37.5000 2607.6072   17.3936
   -7.5000   -7.5000   37.5000 2695.1846   16.6330
    0.0000   -7.5000   37.5000 2698.7366   16.4822
    7.5000   -7.5000   37.5000 2663.7729   16.7077
   -7.5000    0.0000   37.5000 2710.1458   16.1472
    0.0000    0.0000   37.5000 2714.9285   15.9921
    7.5000    0.0000   37.5000 2676.4773   16.3049
   -7.5000    7.5000   37.5000 2726.8989   16.1559
    0.0000    7.5000   37.5000 2736.3945   16.0809
    7.5000    7.5000   37.5000 2686.1101   16.3343
   -7.5000   15.0000   37.5000 2699.5615   16.6886
    0.0000   15.0000   37.5000 2711.8225   16.6256
    7.5000   15.0000   37.5000 2662.9592   16.8571
   -7.5000   22.5000   37.5000 2660.1885   17.5836
    0.0000   22.5000   37.5000 2665.9629   17.4989
    7.5000   22.5000   37.5000 2625.2017   17.7381
   -7.5000   30.0000   37.5000 2584.3943   18.8057
    0.0000   30.0000   37.5000 2595.2615   18.6971
    7.5000   30.0000   37.5000 2556.5781   18.9325
   -7.5000   37.5000   37.5000 2477.6411   20.1986
    0.0000   37.5000   37.5000 2491.8501   20.0546
    7.5000   37.5000   37.5000 2464.2397   20.3143
   -7.5000   45.0000   37.5000 2330.0598   21.7773
    0.0000   45.0000   37.5000 2338.8276   21.6328
    7.5000   45.0000   37.5000 2323.4741   21.9036
   -7.5000  -45.0000   45.0000 2172.7859   24.3415
    0.0000  -45.0000   45.0000 2161.8884   23.9579
    7.5000  -45.0000   45.0000 2148.3975   24.2548
   -7.5000  -37.5000   45.0000 2292.6577   22.1063
    0.0000  -37.5000   45.0000 2277.7395   21.7709
    7.5000  -37.5000   45.0000 2266.8313   22.1545
   -7.5000  -30.0000   45.0000 2391.9351   20.3659
    0.0000  -30.0000   45.0000 2377.1328   20.0951
    7.5000  -30.0000   45.0000 2372.2007   20.5168
   -7.5000  -22.5000   45.0000 2481.4863   19.0793
    0.0000  -22.5000   45.0000 2478.1094   18.9333
    7.5000  -22.5000   45.0000 2465.5776   19.3203
   -7.5000  -15.0000   45.0000 2558.5898   18.1456
    0.0000  -15.0000   45.0000 2554.7954   17.9164
    7.5000  -15.0000   45.0000 2544.8623   18.2479
   -7.5000   -7.5000   45.0000 2615.3130   17.3534
    0.0000   -7.5000   45.0000 2614.8420   17.1079
    7.5000   -7.5000   45.0000 2594.7693   17.5021
   -7.5000    0.0000   45.0000 2632.3008   16.9431
    0.0000    0.0000   45.0000 2634.2197   16.7635
    7.5000    0.0000   45.0000 2616.3857   17.1672
   -7.5000    7.5000   45.0000 2641.7144   17.0449
    0.0000    7.5000   45.0000 2646.7158   16.8921
    7.5000    7.5000   45.0000 2619.1719   17.2171
   -7.5000   15.0000   45.0000 2619.4189   17.5715
    0.0000   15.0000   45.0000 2625.1389   17.4234
    7.5000   15.0000   45.0000 2598.6968   17.6802
   -7.5000   22.5000   45.0000 2584.6514   18.4685
    0.0000   22.5000   45.0000 2586.6299   18.3026
    7.5000   22.5000   45.0000 2558.7390   18.5640
   -7.5000   30.0000   45.0000 2516.7825   19.6777
    0.0000   30.0000   45.0000 2525.1360   19.5082
    7.5000   30.0000   45.0000 2493.9250   19.7985
   -7.5000   37.5000   45.0000 2415.6753   21.1167
    0.0000   37.5000   45.0000 2428.9241   20.9602
    7.5000   37.5000   45.0000 2405.2756   21.2044
   -7.5000   45.0000   45.0000 2267.6353   22.7674
    0.0000   45.0000   45.0000 2282.9041   22.6315
    7.5000   45.0000   45.0000 2262.1069   22.9362
   -7.5000  -45.0000   52.5000 2108.7305   26.2060
    0.0000  -45.0000   52.5000 2104.6143   25.7615
    7.5000  -45.0000   52.5000 2106.6226   26.2633
   -7.5000  -37.5000   52.5000 2222.5239   23.5542
    0.0000  -37.5000   52.5000 2208.9519   23.1237
    7.5000  -37.5000   52.5000 2213.6201   23.8174
   -7.5000  -30.0000   52.5000 2324.5146   21.5754
    0.0000  -30.0000   52.5000 2309.8921   21.2492
    7.5000  -30.0000   52.5000 2318.2246   21.9753
   -7.5000  -22.5000   52.5000 2403.1326   20.1984
    0.0000  -22.5000   52.5000 2397.2996   19.9493
    7.5000  -22.5000   52.5000 2403.7913   20.5639
   -7.5000  -15.0000   52.5000 2471.3752   19.0863
    0.0000  -15.0000   52.5000 2470.1614   18.7581
    7.5000  -15.0000   52.5000 2470.2227   19.3528
   -7.5000   -7.5000   52.5000 2528.7808   18.2891
    0.0000   -7.5000   52.5000 2526.2405   18.0338
    7.5000   -7.5000   52.5000 2515.3193   18.5099
   -7.5000    0.0000   52.5000 2552.2278   17.9519
    0.0000    0.0000   52.5000 2548.5430   17.7191
    7.5000    0.0000   52.5000 2538.3342   18.1647
   -7.5000    7.5000   52.5000 2547.3940   18.0770
    0.0000    7.5000   52.5000 2552.9473   17.9020
    7.5000    7.5000   52.5000 2538.5046   18.2589
   -7.5000   15.0000   52.5000 2525.2795   18.6584
    0.0000   15.0000   52.5000 2528.7385   18.4491
    7.5000   15.0000   52.5000 2513.7598   18.7813
   -7.5000   22.5000   52.5000 2495.9646   19.5442
    0.0000   22.5000   52.5000 2500.7083   19.3128
    7.5000   22.5000   52.5000 2476.4407   19.6677
   -7.5000   30.0000   52.5000 2430.7542   20.7166
    0.0000   30.0000   52.5000 2440.1726   20.4577
    7.5000   30.0000   52.5000 2410.1621   20.8217
   -7.5000   37.5000   52.5000 2336.4880   22.2283
    0.0000   37.5000   52.5000 2349.1587   22.0289
    7.5000   37.5000   52.5000 2323.4399   22.2550
   -7.5000   45.0000   52.5000 2191.6951   23.9038
    0.0000   45.0000   52.5000 2204.0779   23.7320
    7.5000   45.0000   52.5000 2181.9463   23.9826

---------------------------------------------------------------------
imgreg_4dfp /opt/freesurfer/average/711-2C_as_mni_average_305 /opt/freesurfer/average/711-2B_as_mni_average_305_mask talsrcimg_g11 none talsrcimg_to_711-2C_as_mni_average_305_t4 1283
---------------------------------------------------------------------

freesurfer imgreg_4dfp.c
/opt/freesurfer/average/711-2C_as_mni_average_305.4dfp.img
       256       256       256         1
  1.000000  1.000000  1.000000
orientation T byte_order littleendian
Reading image: /opt/freesurfer/average/711-2C_as_mni_average_305.4dfp.img
dimensions:      256       256       256
mmppix:       1.0000   -1.0000   -1.0000
center:     128.0000 -129.0000 -129.0000
/opt/freesurfer/average/711-2B_as_mni_average_305_mask.4dfp.img
       256       256       256         1
  1.000000  1.000000  1.000000
orientation T byte_order littleendian
Reading mask: /opt/freesurfer/average/711-2B_as_mni_average_305_mask.4dfp.img (2306576 pixels)
talsrcimg_g11.4dfp.img
       256       256       256         1
  1.000000  1.000000  1.000000
orientation T byte_order littleendian
Reading image: talsrcimg_g11.4dfp.img
dimensions:      256       256       256
mmppix:       1.0000   -1.0000   -1.0000
center:     128.0000 -129.0000 -129.0000
rotation matrix determinant  1.000000
fimgreg.f
image alignment mode   1283 decimal      503 hex
parameters
    0.0000   -7.5000   22.5000    0.0000    0.0000    0.0000
eta,q 0.88648 15.84793
niter,ni,del,rscale     5    3   12.0000    1.2000
parameter  1  0.960111 ->  0.500000 qaram    1.1500
parameter  2 -0.560647 -> -0.500000 qaram    1.1500
parameter  4  0.833093 ->  0.500000 qaram    1.1500
parameters
   -3.4500   -4.0500   20.1629   -3.4500    1.7749    1.2807
eta,q 0.90445 15.61847
  0.1095  0.1332  0.1074  0.0953  0.1074  0.1047
  0.1071  0.1215  0.0987  0.0963  0.1018  0.1008
  0.1118  0.1121  0.0989  0.0971  0.0981  0.0983
  0.1169  0.1073  0.1035  0.0986  0.0965  0.0967
  0.1241  0.1041  0.1083  0.1018  0.0968  0.0952
  0.1345  0.1032  0.1152  0.1076  0.0973  0.0962
  0.1430  0.1053  0.1215  0.1124  0.0989  0.1005
niter,ni,del,rscale     7    3   12.0000    1.2000
parameters
   -3.7563   -2.9450   19.5481   -5.5864    1.7178    1.5489
eta,q 0.90777 15.47088
  0.1198  0.1250  0.1096  0.0973  0.1003  0.0992
  0.1072  0.1135  0.1028  0.0939  0.0951  0.0963
  0.0990  0.1022  0.0944  0.0924  0.0928  0.0942
  0.0956  0.0957  0.0945  0.0932  0.0924  0.0924
  0.0998  0.0951  0.1023  0.0966  0.0934  0.0925
  0.1100  0.1005  0.1083  0.1028  0.0956  0.0949
  0.1250  0.1130  0.1133  0.1105  0.1003  0.0989
niter,ni,del,rscale     6    3   12.0000    1.2000
parameters
   -3.6125   -2.5759   18.7589   -6.6938    1.8991    1.7421
eta,q 0.90832 15.41147
  0.1200  0.1206  0.1060  0.0973  0.1003  0.0991
  0.1069  0.1067  0.0989  0.0954  0.0949  0.0962
  0.0980  0.0963  0.0930  0.0930  0.0925  0.0934
  0.0922  0.0921  0.0921  0.0913  0.0917  0.0917
  0.0942  0.0963  0.0999  0.0931  0.0923  0.0923
  0.1036  0.1037  0.1068  0.0979  0.0945  0.0947
  0.1200  0.1144  0.1102  0.1052  0.0991  0.0990
niter,ni,del,rscale     5    3   12.0000    1.2000
parameters
   -3.4663   -2.4181   18.2644   -7.7259    2.2545    1.4841
eta,q 0.90760 15.41597
  0.1203  0.1187  0.1069  0.0968  0.1005  0.0978
  0.1078  0.1049  0.0977  0.0945  0.0958  0.0957
  0.0978  0.0950  0.0933  0.0937  0.0934  0.0932
  0.0917  0.0915  0.0916  0.0916  0.0925  0.0924
  0.0928  0.0975  0.0974  0.0924  0.0925  0.0933
  0.1032  0.1047  0.1053  0.0969  0.0944  0.0953
  0.1212  0.1146  0.1078  0.1031  0.0990  0.0998
niter,ni,del,rscale     4    3   12.0000    1.2000
parameters
   -3.3422   -2.3704   17.9635   -8.5427    2.6893    0.9011
eta,q 0.90770 15.44933
  0.1203  0.1174  0.1081  0.0971  0.1002  0.0966
  0.1080  0.1044  0.0960  0.0938  0.0962  0.0948
  0.0983  0.0946  0.0923  0.0930  0.0939  0.0928
  0.0924  0.0922  0.0923  0.0921  0.0927  0.0925
  0.0923  0.0978  0.0968  0.0918  0.0922  0.0935
  0.1034  0.1055  0.1042  0.0959  0.0938  0.0952
  0.1222  0.1147  0.1056  0.1018  0.0991  0.0994
niter,ni,del,rscale     3    3   12.0000    1.2000
parameters
   -3.2814   -2.2895   17.7955   -9.0582    3.0827    0.3623
eta,q 0.90828 15.46366
  0.1194  0.1169  0.1092  0.0979  0.0995  0.0961
  0.1077  0.1044  0.0951  0.0935  0.0960  0.0940
  0.0987  0.0944  0.0910  0.0920  0.0937  0.0925
  0.0923  0.0922  0.0922  0.0920  0.0922  0.0918
  0.0911  0.0971  0.0967  0.0918  0.0914  0.0930
  0.1037  0.1051  0.1034  0.0949  0.0935  0.0948
  0.1230  0.1139  0.1043  0.1006  0.0990  0.0983
niter,ni,del,rscale     2    3   12.0000    1.2000
parameters
   -3.3054   -2.1688   17.6242   -9.4601    3.3567    0.1100
eta,q 0.90869 15.46049
  0.1184  0.1169  0.1095  0.0981  0.0987  0.0962
  0.1072  0.1042  0.0946  0.0932  0.0957  0.0938
  0.0987  0.0942  0.0902  0.0914  0.0935  0.0922
  0.0917  0.0918  0.0919  0.0916  0.0915  0.0914
  0.0901  0.0967  0.0966  0.0919  0.0910  0.0923
  0.1041  0.1049  0.1032  0.0943  0.0937  0.0942
  0.1239  0.1131  0.1043  0.1001  0.0988  0.0972
niter,ni,del,rscale     1    3   12.0000    1.2000
parameters
   -3.3562   -2.0277   17.4578   -9.8409    3.6000   -0.0701
eta,q 0.90895 15.44788
  0.1180  0.1168  0.1101  0.0981  0.0984  0.0960
  0.1070  0.1039  0.0945  0.0932  0.0956  0.0935
  0.0987  0.0938  0.0897  0.0910  0.0931  0.0920
  0.0913  0.0915  0.0916  0.0913  0.0911  0.0910
  0.0895  0.0961  0.0966  0.0920  0.0909  0.0918
  0.1043  0.1043  0.1033  0.0944  0.0937  0.0937
  0.1242  0.1128  0.1047  0.0997  0.0985  0.0969
registration optimization eta report
parameter search radius
    6.9000    6.9000    6.0000    6.9000    6.0000    6.0000
100000*second partial in parameter space
       63.       48.       44.       17.       20.       14.
  0.1180  0.1168  0.1101  0.0981  0.0984  0.0960
  0.1070  0.1039  0.0945  0.0932  0.0956  0.0935
  0.0987  0.0938  0.0897  0.0910  0.0931  0.0920
  0.0913  0.0915  0.0916  0.0913  0.0911  0.0910
  0.0895  0.0961  0.0966  0.0920  0.0909  0.0918
  0.1043  0.1043  0.1033  0.0944  0.0937  0.0937
  0.1242  0.1128  0.1047  0.0997  0.0985  0.0969
   -3.3562   -2.0277   17.4578   -9.8409    3.6000   -0.0701
eta,q 0.90895 15.44788

---------------------------------------------------------------------
imgreg_4dfp /opt/freesurfer/average/711-2C_as_mni_average_305 /opt/freesurfer/average/711-2B_as_mni_average_305_mask talsrcimg_g11 none talsrcimg_to_711-2C_as_mni_average_305_t4 3335
---------------------------------------------------------------------

freesurfer imgreg_4dfp.c
/opt/freesurfer/average/711-2C_as_mni_average_305.4dfp.img
       256       256       256         1
  1.000000  1.000000  1.000000
orientation T byte_order littleendian
Reading image: /opt/freesurfer/average/711-2C_as_mni_average_305.4dfp.img
dimensions:      256       256       256
mmppix:       1.0000   -1.0000   -1.0000
center:     128.0000 -129.0000 -129.0000
/opt/freesurfer/average/711-2B_as_mni_average_305_mask.4dfp.img
       256       256       256         1
  1.000000  1.000000  1.000000
orientation T byte_order littleendian
Reading mask: /opt/freesurfer/average/711-2B_as_mni_average_305_mask.4dfp.img (2306576 pixels)
talsrcimg_g11.4dfp.img
       256       256       256         1
  1.000000  1.000000  1.000000
orientation T byte_order littleendian
Reading image: talsrcimg_g11.4dfp.img
dimensions:      256       256       256
mmppix:       1.0000   -1.0000   -1.0000
center:     128.0000 -129.0000 -129.0000
fimgreg.f
image alignment mode   3335 decimal      D07 hex
parameters
   -3.3562   -2.0277   17.4578   -0.1974   -1.4728   -1.6658
    1.1937   -6.1658   -0.1221   17.0988    6.2791  -17.0575
eta,q 0.90141 15.34322
niter,ni,del,rscale     5    3    5.0000    1.2000
parameter  3 -1.099474 -> -0.500000 qaram    1.1500
parameter  4  2.339918 ->  0.500000 qaram    1.1500
parameter  5  1.331407 ->  0.500000 qaram    1.1500
parameter  6  4.721203 ->  0.500000 qaram    1.1500
parameter  8 -0.926168 -> -0.500000 qaram    1.1500
parameter 10  0.549766 ->  0.500000 qaram    1.1500
parameters
   -4.0630   -1.8805   18.8378   -4.3374   -5.6128   -5.8058
    3.8591   -2.0258    1.1982   12.9588    9.0581  -15.6213
eta,q 0.95318 16.03726
  0.1001  0.1037  0.1049  0.0781  0.0695  0.0487  0.0657  0.0784  0.0531  0.0484  0.0536  0.0500
  0.0986  0.1008  0.1022  0.0822  0.0720  0.0549  0.0616  0.0703  0.0512  0.0476  0.0508  0.0485
  0.0981  0.0989  0.0999  0.0882  0.0762  0.0628  0.0587  0.0629  0.0501  0.0478  0.0488  0.0475
  0.0986  0.0981  0.0981  0.0963  0.0836  0.0729  0.0569  0.0563  0.0495  0.0493  0.0475  0.0469
  0.0998  0.0985  0.0969  0.1058  0.0952  0.0827  0.0563  0.0514  0.0493  0.0525  0.0469  0.0469
  0.1016  0.1000  0.0961  0.1158  0.1083  0.0940  0.0568  0.0491  0.0499  0.0574  0.0472  0.0472
  0.1038  0.1025  0.0956  0.1250  0.1180  0.1024  0.0582  0.0501  0.0511  0.0643  0.0483  0.0483
niter,ni,del,rscale     7    3    5.0000    1.2000
parameter  2 -0.583186 -> -0.500000 qaram    1.1500
parameter  5  0.569465 ->  0.500000 qaram    1.3225
parameter  6  0.572019 ->  0.500000 qaram    1.3225
parameter 10 -0.886230 -> -0.500000 qaram    1.3225
parameters
   -3.7388   -0.5005   18.7826   -7.9737  -10.3738  -10.5668
    0.7180   -2.8642    4.5659   17.7198    6.6132  -15.8972
eta,q 0.96181 15.70047
  0.0537  0.0539  0.0496  0.0458  0.0426  0.0403  0.0408  0.0433  0.0418  0.0440  0.0386  0.0394
  0.0502  0.0510  0.0470  0.0448  0.0422  0.0405  0.0401  0.0408  0.0409  0.0421  0.0383  0.0387
  0.0479  0.0486  0.0457  0.0443  0.0424  0.0403  0.0400  0.0399  0.0403  0.0408  0.0382  0.0383
  0.0468  0.0467  0.0453  0.0453  0.0444  0.0422  0.0405  0.0400  0.0399  0.0397  0.0383  0.0382
  0.0470  0.0456  0.0458  0.0492  0.0510  0.0470  0.0414  0.0408  0.0397  0.0387  0.0386  0.0383
  0.0483  0.0454  0.0473  0.0572  0.0631  0.0567  0.0427  0.0423  0.0396  0.0382  0.0391  0.0388
  0.0507  0.0463  0.0499  0.0698  0.0747  0.0660  0.0445  0.0445  0.0399  0.0384  0.0397  0.0397
niter,ni,del,rscale     7    3    5.0000    1.2000
parameter  2 -1.609181 -> -0.500000 qaram    1.3225
parameter  3  0.609399 ->  0.500000 qaram    1.3225
parameter 12  0.754419 ->  0.500000 qaram    1.1500
parameters
   -3.3749    1.0865   17.1956   -6.6382  -13.5248  -14.2779
    0.2639   -2.5230    4.1010   22.2360    7.2323  -20.0372
eta,q 0.96756 15.57135
  0.0417  0.0467  0.0344  0.0381  0.0359  0.0355  0.0359  0.0393  0.0352  0.0388  0.0339  0.0325
  0.0399  0.0436  0.0339  0.0365  0.0345  0.0342  0.0348  0.0359  0.0344  0.0367  0.0334  0.0324
  0.0387  0.0408  0.0341  0.0351  0.0335  0.0338  0.0341  0.0343  0.0340  0.0350  0.0332  0.0326
  0.0382  0.0382  0.0349  0.0338  0.0334  0.0335  0.0338  0.0338  0.0339  0.0338  0.0330  0.0330
  0.0383  0.0360  0.0361  0.0331  0.0354  0.0368  0.0342  0.0343  0.0341  0.0332  0.0331  0.0337
  0.0389  0.0345  0.0379  0.0337  0.0431  0.0454  0.0352  0.0358  0.0347  0.0330  0.0333  0.0346
  0.0400  0.0337  0.0402  0.0369  0.0574  0.0563  0.0366  0.0382  0.0355  0.0341  0.0337  0.0356
niter,ni,del,rscale     7    3    5.0000    1.2000
parameter  2 -1.379528 -> -0.500000 qaram    1.5209
parameter 12  0.981726 ->  0.500000 qaram    1.3225
parameters
   -3.3111    2.9115   15.8651   -5.1756  -15.8423  -16.0774
    0.2683   -2.3007    4.1072   23.9963    7.2843  -24.7982
eta,q 0.97288 15.51829
  0.0355  0.0433  0.0286  0.0323  0.0318  0.0326  0.0311  0.0350  0.0304  0.0341  0.0289  0.0272
  0.0338  0.0393  0.0282  0.0307  0.0298  0.0304  0.0297  0.0309  0.0293  0.0316  0.0285  0.0271
  0.0328  0.0357  0.0281  0.0293  0.0283  0.0288  0.0287  0.0290  0.0287  0.0295  0.0283  0.0275
  0.0324  0.0324  0.0284  0.0281  0.0276  0.0280  0.0284  0.0284  0.0284  0.0284  0.0283  0.0283
  0.0328  0.0298  0.0292  0.0274  0.0286  0.0278  0.0286  0.0290  0.0286  0.0283  0.0283  0.0293
  0.0337  0.0280  0.0308  0.0279  0.0343  0.0329  0.0296  0.0309  0.0293  0.0290  0.0285  0.0305
  0.0352  0.0274  0.0331  0.0309  0.0469  0.0442  0.0311  0.0339  0.0304  0.0313  0.0289  0.0318
niter,ni,del,rscale     7    3    5.0000    1.2000
parameters
   -3.2430    4.7094   15.0955   -5.0349  -17.6861  -16.5990
    0.3836   -2.1958    3.5657   26.1746    7.5155  -29.5457
eta,q 0.97475 15.53086
  0.0308  0.0384  0.0268  0.0295  0.0310  0.0320  0.0291  0.0326  0.0278  0.0320  0.0266  0.0261
  0.0288  0.0338  0.0259  0.0280  0.0286  0.0293  0.0276  0.0286  0.0268  0.0292  0.0262  0.0254
  0.0275  0.0299  0.0255  0.0265  0.0266  0.0272  0.0265  0.0267  0.0262  0.0271  0.0260  0.0253
  0.0271  0.0271  0.0255  0.0254  0.0254  0.0260  0.0261  0.0261  0.0261  0.0261  0.0259  0.0259
  0.0275  0.0257  0.0262  0.0251  0.0260  0.0250  0.0263  0.0268  0.0265  0.0260  0.0259  0.0270
  0.0286  0.0258  0.0275  0.0262  0.0317  0.0280  0.0274  0.0288  0.0272  0.0267  0.0262  0.0284
  0.0304  0.0275  0.0294  0.0307  0.0438  0.0366  0.0290  0.0319  0.0284  0.0283  0.0265  0.0299
niter,ni,del,rscale     6    3    5.0000    1.2000
parameters
   -3.2046    5.1100   14.2676   -4.6147  -18.6841  -17.5865
    0.6214   -1.9988    3.6979   27.3667    7.5816  -30.3674
eta,q 0.97441 15.50502
  0.0291  0.0326  0.0264  0.0294  0.0312  0.0315  0.0288  0.0324  0.0278  0.0302  0.0264  0.0277
  0.0270  0.0290  0.0254  0.0278  0.0287  0.0288  0.0272  0.0280  0.0266  0.0278  0.0259  0.0265
  0.0257  0.0265  0.0250  0.0262  0.0264  0.0266  0.0261  0.0261  0.0258  0.0262  0.0257  0.0257
  0.0253  0.0253  0.0251  0.0250  0.0249  0.0252  0.0256  0.0256  0.0256  0.0256  0.0256  0.0256
  0.0256  0.0254  0.0259  0.0245  0.0246  0.0242  0.0258  0.0263  0.0259  0.0259  0.0257  0.0262
  0.0268  0.0271  0.0272  0.0254  0.0284  0.0286  0.0268  0.0282  0.0265  0.0268  0.0259  0.0271
  0.0288  0.0301  0.0291  0.0301  0.0388  0.0395  0.0285  0.0314  0.0276  0.0282  0.0263  0.0284
niter,ni,del,rscale     5    3    5.0000    1.2000
parameters
   -3.1396    5.3601   13.8466   -4.4342  -19.1046  -18.2172
    0.6082   -1.8901    3.6483   27.9828    7.7716  -30.7690
eta,q 0.97410 15.48572
  0.0294  0.0320  0.0274  0.0299  0.0319  0.0321  0.0289  0.0325  0.0279  0.0298  0.0267  0.0281
  0.0273  0.0287  0.0263  0.0283  0.0294  0.0294  0.0273  0.0281  0.0268  0.0276  0.0263  0.0269
  0.0261  0.0265  0.0257  0.0267  0.0272  0.0271  0.0263  0.0264  0.0261  0.0262  0.0260  0.0261
  0.0256  0.0256  0.0256  0.0255  0.0255  0.0256  0.0259  0.0259  0.0259  0.0259  0.0259  0.0259
  0.0259  0.0259  0.0260  0.0251  0.0248  0.0245  0.0262  0.0266  0.0262  0.0263  0.0260  0.0264
  0.0271  0.0276  0.0271  0.0261  0.0275  0.0278  0.0273  0.0284  0.0269  0.0272  0.0262  0.0272
  0.0290  0.0306  0.0287  0.0312  0.0365  0.0381  0.0289  0.0317  0.0279  0.0287  0.0266  0.0284
niter,ni,del,rscale     4    3    5.0000    1.2000
parameters
   -3.1048    5.5326   13.5689   -4.3528  -19.3784  -18.6073
    0.6083   -1.8453    3.5719   28.4794    7.9303  -30.9564
eta,q 0.97388 15.47385
  0.0295  0.0319  0.0279  0.0301  0.0322  0.0324  0.0290  0.0324  0.0281  0.0297  0.0269  0.0284
  0.0275  0.0288  0.0268  0.0286  0.0298  0.0297  0.0275  0.0282  0.0270  0.0276  0.0265  0.0272
  0.0263  0.0268  0.0261  0.0271  0.0276  0.0275  0.0265  0.0266  0.0263  0.0264  0.0263  0.0263
  0.0259  0.0259  0.0259  0.0259  0.0258  0.0260  0.0261  0.0261  0.0261  0.0261  0.0261  0.0261
  0.0263  0.0263  0.0263  0.0254  0.0251  0.0248  0.0264  0.0268  0.0264  0.0265  0.0262  0.0266
  0.0274  0.0280  0.0273  0.0265  0.0275  0.0274  0.0275  0.0286  0.0271  0.0274  0.0264  0.0273
  0.0293  0.0309  0.0288  0.0317  0.0361  0.0373  0.0291  0.0319  0.0281  0.0288  0.0268  0.0285
niter,ni,del,rscale     3    3    5.0000    1.2000
parameters
   -3.0843    5.6715   13.3694   -4.3092  -19.6098  -18.8974
    0.6169   -1.8112    3.4888   28.9105    8.1084  -31.0194
eta,q 0.97368 15.46255
  0.0296  0.0318  0.0282  0.0303  0.0323  0.0326  0.0292  0.0325  0.0283  0.0298  0.0270  0.0286
  0.0277  0.0289  0.0271  0.0288  0.0299  0.0299  0.0276  0.0284  0.0272  0.0277  0.0267  0.0273
  0.0265  0.0269  0.0264  0.0273  0.0278  0.0277  0.0267  0.0267  0.0265  0.0265  0.0264  0.0265
  0.0261  0.0261  0.0261  0.0261  0.0261  0.0262  0.0263  0.0263  0.0263  0.0263  0.0263  0.0263
  0.0265  0.0265  0.0265  0.0257  0.0254  0.0250  0.0266  0.0269  0.0266  0.0267  0.0264  0.0267
  0.0276  0.0282  0.0274  0.0268  0.0276  0.0273  0.0276  0.0287  0.0273  0.0275  0.0266  0.0275
  0.0295  0.0311  0.0289  0.0320  0.0360  0.0370  0.0292  0.0320  0.0283  0.0290  0.0270  0.0285
niter,ni,del,rscale     2    3    5.0000    1.2000
parameters
   -3.0721    5.8004   13.2101   -4.2772  -19.8295  -19.1334
    0.6288   -1.7968    3.4026   29.3161    8.3035  -31.0213
eta,q 0.97351 15.45199
  0.0297  0.0319  0.0284  0.0304  0.0324  0.0327  0.0293  0.0325  0.0285  0.0298  0.0272  0.0287
  0.0279  0.0290  0.0273  0.0289  0.0301  0.0301  0.0278  0.0285  0.0274  0.0278  0.0268  0.0275
  0.0267  0.0271  0.0266  0.0275  0.0280  0.0279  0.0268  0.0269  0.0267  0.0267  0.0266  0.0267
  0.0263  0.0263  0.0263  0.0263  0.0263  0.0264  0.0265  0.0265  0.0265  0.0265  0.0265  0.0265
  0.0267  0.0267  0.0266  0.0259  0.0256  0.0252  0.0268  0.0271  0.0268  0.0269  0.0265  0.0269
  0.0278  0.0284  0.0275  0.0270  0.0277  0.0273  0.0278  0.0289  0.0275  0.0276  0.0268  0.0276
  0.0296  0.0312  0.0290  0.0321  0.0359  0.0369  0.0293  0.0321  0.0285  0.0291  0.0272  0.0286
niter,ni,del,rscale     1    3    5.0000    1.2000
parameters
   -3.0651    5.9223   13.0656   -4.2569  -20.0460  -19.3605
    0.6396   -1.7958    3.3149   29.7038    8.5076  -30.9740
eta,q 0.97334 15.43957
  0.0298  0.0319  0.0285  0.0305  0.0324  0.0328  0.0294  0.0325  0.0286  0.0299  0.0273  0.0289
  0.0280  0.0291  0.0275  0.0291  0.0302  0.0302  0.0279  0.0286  0.0275  0.0279  0.0270  0.0276
  0.0269  0.0272  0.0268  0.0276  0.0281  0.0281  0.0270  0.0271  0.0268  0.0269  0.0268  0.0269
  0.0265  0.0265  0.0265  0.0265  0.0265  0.0266  0.0266  0.0266  0.0266  0.0266  0.0267  0.0267
  0.0269  0.0269  0.0268  0.0260  0.0258  0.0254  0.0269  0.0272  0.0269  0.0270  0.0267  0.0270
  0.0280  0.0286  0.0277  0.0271  0.0278  0.0274  0.0279  0.0290  0.0277  0.0277  0.0269  0.0277
  0.0298  0.0313  0.0291  0.0323  0.0359  0.0369  0.0294  0.0322  0.0287  0.0292  0.0273  0.0287
registration optimization eta report
parameter search radius
    2.4000    3.6501    3.1740    8.2800    9.5220    9.5220
    7.2000    8.2800    7.2000    9.5220    7.2000    9.5220
100000*second partial in parameter space
       57.       39.       23.        7.        9.       10.
        5.        8.        4.        3.        1.        2.
  0.0298  0.0319  0.0285  0.0305  0.0324  0.0328  0.0294  0.0325  0.0286  0.0299  0.0273  0.0289
  0.0280  0.0291  0.0275  0.0291  0.0302  0.0302  0.0279  0.0286  0.0275  0.0279  0.0270  0.0276
  0.0269  0.0272  0.0268  0.0276  0.0281  0.0281  0.0270  0.0271  0.0268  0.0269  0.0268  0.0269
  0.0265  0.0265  0.0265  0.0265  0.0265  0.0266  0.0266  0.0266  0.0266  0.0266  0.0267  0.0267
  0.0269  0.0269  0.0268  0.0260  0.0258  0.0254  0.0269  0.0272  0.0269  0.0270  0.0267  0.0270
  0.0280  0.0286  0.0277  0.0271  0.0278  0.0274  0.0279  0.0290  0.0277  0.0277  0.0269  0.0277
  0.0298  0.0313  0.0291  0.0323  0.0359  0.0369  0.0294  0.0322  0.0287  0.0292  0.0273  0.0287
   -3.0651    5.9223   13.0656   -4.2569  -20.0460  -19.3605
    0.6396   -1.7958    3.3149   29.7038    8.5076  -30.9740
eta,q 0.97334 15.43957

---------------------------------------------------------------------
imgreg_4dfp /opt/freesurfer/average/711-2C_as_mni_average_305 /opt/freesurfer/average/711-2B_as_mni_average_305_mask talsrcimg_g11 none talsrcimg_to_711-2C_as_mni_average_305_t4 2311
---------------------------------------------------------------------

freesurfer imgreg_4dfp.c
/opt/freesurfer/average/711-2C_as_mni_average_305.4dfp.img
       256       256       256         1
  1.000000  1.000000  1.000000
orientation T byte_order littleendian
Reading image: /opt/freesurfer/average/711-2C_as_mni_average_305.4dfp.img
dimensions:      256       256       256
mmppix:       1.0000   -1.0000   -1.0000
center:     128.0000 -129.0000 -129.0000
/opt/freesurfer/average/711-2B_as_mni_average_305_mask.4dfp.img
       256       256       256         1
  1.000000  1.000000  1.000000
orientation T byte_order littleendian
Reading mask: /opt/freesurfer/average/711-2B_as_mni_average_305_mask.4dfp.img (2306576 pixels)
talsrcimg_g11.4dfp.img
       256       256       256         1
  1.000000  1.000000  1.000000
orientation T byte_order littleendian
Reading image: talsrcimg_g11.4dfp.img
dimensions:      256       256       256
mmppix:       1.0000   -1.0000   -1.0000
center:     128.0000 -129.0000 -129.0000
fimgreg.f
image alignment mode   2311 decimal      907 hex
parameters
   -3.0651    5.9223   13.0656   -4.2569  -20.0460  -19.3605
    0.6396   -1.7958    3.3149   29.7038    8.5076  -30.9740
eta,q 0.97334 15.43958
niter,ni,del,rscale     5    3    5.0000    0.8000
parameter  4 -0.503335 -> -0.500000 qaram    1.1500
parameter  6 -1.087495 -> -0.500000 qaram    1.1500
parameters
   -3.0608    6.0750   13.0401   -1.4969  -17.7656  -16.6005
    0.7343   -1.5685    3.1534   29.9745    8.4496  -30.7787
eta,q 0.97545 15.83343
  0.0281  0.0279  0.0273  0.0288  0.0287  0.0285  0.0264  0.0292  0.0258  0.0257  0.0255  0.0255
  0.0273  0.0272  0.0269  0.0280  0.0277  0.0274  0.0254  0.0263  0.0251  0.0251  0.0249  0.0250
  0.0268  0.0268  0.0267  0.0273  0.0269  0.0264  0.0248  0.0249  0.0247  0.0247  0.0246  0.0247
  0.0267  0.0267  0.0266  0.0267  0.0262  0.0257  0.0246  0.0245  0.0246  0.0246  0.0246  0.0246
  0.0268  0.0267  0.0267  0.0263  0.0258  0.0250  0.0247  0.0250  0.0247  0.0246  0.0247  0.0246
  0.0273  0.0270  0.0269  0.0262  0.0257  0.0244  0.0252  0.0261  0.0252  0.0248  0.0250  0.0249
  0.0281  0.0275  0.0273  0.0268  0.0264  0.0247  0.0264  0.0281  0.0260  0.0255  0.0255  0.0253
niter,ni,del,rscale     6    3    5.0000    0.9000
parameters
   -3.2140    5.4523   13.1842   -3.2987  -17.6415  -17.4151
    0.8485   -1.8740    3.4561   28.7043    8.3095  -31.0373
eta,q 0.97522 15.70479
  0.0268  0.0250  0.0259  0.0264  0.0271  0.0279  0.0269  0.0277  0.0264  0.0253  0.0253  0.0257
  0.0254  0.0245  0.0250  0.0253  0.0260  0.0266  0.0258  0.0257  0.0256  0.0249  0.0250  0.0252
  0.0247  0.0243  0.0245  0.0245  0.0251  0.0255  0.0252  0.0249  0.0251  0.0248  0.0248  0.0249
  0.0246  0.0245  0.0243  0.0244  0.0244  0.0244  0.0249  0.0249  0.0248  0.0248  0.0248  0.0248
  0.0250  0.0251  0.0245  0.0254  0.0243  0.0240  0.0250  0.0253  0.0250  0.0251  0.0249  0.0250
  0.0260  0.0261  0.0248  0.0292  0.0250  0.0271  0.0256  0.0264  0.0254  0.0255  0.0251  0.0253
  0.0278  0.0275  0.0254  0.0365  0.0275  0.0333  0.0268  0.0283  0.0261  0.0264  0.0254  0.0259
niter,ni,del,rscale     5    3    5.0000    0.8000
parameters
   -3.1589    5.3634   13.2946   -3.2356  -17.2022  -16.8780
    0.8478   -1.8249    3.5449   28.7706    8.1563  -30.8966
eta,q 0.97559 15.75778
  0.0266  0.0259  0.0256  0.0273  0.0271  0.0277  0.0260  0.0271  0.0256  0.0253  0.0249  0.0253
  0.0256  0.0253  0.0251  0.0262  0.0261  0.0265  0.0252  0.0253  0.0250  0.0248  0.0246  0.0248
  0.0250  0.0249  0.0249  0.0253  0.0253  0.0255  0.0246  0.0245  0.0246  0.0245  0.0244  0.0245
  0.0248  0.0248  0.0248  0.0248  0.0248  0.0247  0.0244  0.0244  0.0244  0.0244  0.0244  0.0244
  0.0249  0.0249  0.0248  0.0247  0.0246  0.0238  0.0245  0.0247  0.0245  0.0245  0.0245  0.0245
  0.0255  0.0254  0.0250  0.0254  0.0251  0.0242  0.0251  0.0255  0.0249  0.0247  0.0247  0.0248
  0.0264  0.0262  0.0254  0.0279  0.0268  0.0277  0.0261  0.0268  0.0256  0.0252  0.0249  0.0252
niter,ni,del,rscale     4    3    5.0000    0.7000
parameters
   -3.1900    5.2476   13.3054   -3.0438  -16.8993  -16.6057
    0.8691   -1.8172    3.6361   28.6963    8.2028  -30.7654
eta,q 0.97583 15.79095
  0.0257  0.0252  0.0250  0.0265  0.0262  0.0268  0.0255  0.0264  0.0251  0.0248  0.0246  0.0249
  0.0250  0.0248  0.0246  0.0256  0.0254  0.0259  0.0248  0.0249  0.0246  0.0244  0.0244  0.0245
  0.0245  0.0245  0.0245  0.0249  0.0248  0.0251  0.0244  0.0243  0.0243  0.0242  0.0242  0.0243
  0.0244  0.0244  0.0244  0.0244  0.0244  0.0243  0.0242  0.0242  0.0242  0.0242  0.0242  0.0242
  0.0246  0.0246  0.0245  0.0243  0.0243  0.0236  0.0243  0.0244  0.0243  0.0242  0.0242  0.0242
  0.0250  0.0250  0.0247  0.0249  0.0247  0.0243  0.0247  0.0251  0.0246  0.0245  0.0244  0.0244
  0.0258  0.0256  0.0249  0.0267  0.0261  0.0274  0.0255  0.0262  0.0251  0.0249  0.0246  0.0248
niter,ni,del,rscale     3    3    5.0000    0.6000
parameters
   -3.2244    5.1611   13.3169   -2.8616  -16.6253  -16.1975
    0.8907   -1.8161    3.6939   28.6756    8.4062  -30.6219
eta,q 0.97612 15.82886
  0.0251  0.0248  0.0246  0.0258  0.0256  0.0262  0.0249  0.0257  0.0246  0.0244  0.0243  0.0244
  0.0246  0.0244  0.0244  0.0251  0.0249  0.0255  0.0244  0.0245  0.0242  0.0241  0.0241  0.0241
  0.0243  0.0242  0.0242  0.0245  0.0245  0.0248  0.0240  0.0240  0.0240  0.0239  0.0239  0.0240
  0.0242  0.0242  0.0242  0.0242  0.0241  0.0241  0.0239  0.0239  0.0239  0.0239  0.0239  0.0239
  0.0243  0.0243  0.0242  0.0241  0.0241  0.0235  0.0240  0.0241  0.0239  0.0239  0.0239  0.0239
  0.0247  0.0246  0.0244  0.0246  0.0244  0.0240  0.0243  0.0246  0.0242  0.0241  0.0240  0.0241
  0.0252  0.0250  0.0246  0.0258  0.0254  0.0262  0.0249  0.0255  0.0246  0.0245  0.0242  0.0243
niter,ni,del,rscale     2    3    5.0000    0.5000
parameters
   -3.2691    5.0847   13.3553   -2.7720  -16.3886  -15.7752
    0.9522   -1.8346    3.7340   28.5494    8.6255  -30.5020
eta,q 0.97637 15.85653
  0.0246  0.0243  0.0243  0.0251  0.0249  0.0256  0.0244  0.0249  0.0241  0.0240  0.0240  0.0240
  0.0242  0.0241  0.0240  0.0245  0.0244  0.0250  0.0240  0.0241  0.0239  0.0238  0.0238  0.0238
  0.0239  0.0239  0.0239  0.0241  0.0241  0.0245  0.0237  0.0237  0.0237  0.0237  0.0237  0.0237
  0.0239  0.0239  0.0239  0.0239  0.0239  0.0238  0.0236  0.0236  0.0236  0.0236  0.0236  0.0236
  0.0240  0.0240  0.0239  0.0239  0.0238  0.0234  0.0237  0.0238  0.0237  0.0237  0.0237  0.0237
  0.0243  0.0242  0.0240  0.0242  0.0241  0.0238  0.0239  0.0242  0.0238  0.0238  0.0237  0.0238
  0.0247  0.0245  0.0242  0.0251  0.0247  0.0255  0.0243  0.0249  0.0241  0.0241  0.0239  0.0240
niter,ni,del,rscale     1    3    5.0000    0.4000
parameters
   -3.3145    5.0225   13.4581   -2.7416  -16.1831  -15.2729
    1.0023   -1.8392    3.7494   28.3132    8.8236  -30.3544
eta,q 0.97661 15.87680
  0.0241  0.0239  0.0240  0.0244  0.0243  0.0251  0.0239  0.0243  0.0237  0.0237  0.0237  0.0236
  0.0238  0.0238  0.0238  0.0240  0.0240  0.0246  0.0236  0.0238  0.0235  0.0235  0.0235  0.0235
  0.0237  0.0236  0.0237  0.0238  0.0238  0.0241  0.0235  0.0235  0.0234  0.0234  0.0234  0.0234
  0.0236  0.0236  0.0236  0.0236  0.0236  0.0236  0.0234  0.0234  0.0234  0.0234  0.0234  0.0234
  0.0237  0.0237  0.0236  0.0237  0.0236  0.0233  0.0234  0.0235  0.0234  0.0234  0.0234  0.0234
  0.0239  0.0238  0.0237  0.0239  0.0238  0.0235  0.0236  0.0238  0.0235  0.0236  0.0235  0.0235
  0.0242  0.0241  0.0238  0.0245  0.0242  0.0246  0.0239  0.0243  0.0237  0.0238  0.0236  0.0236
registration optimization eta report
parameter search radius
    0.8000    0.8000    0.8000    2.7600    2.4000    2.7600
    2.4000    2.4000    2.4000    2.4000    2.4000    2.4000
100000*second partial in parameter space
       77.       58.       41.       11.       11.       17.
        8.       16.        6.        6.        4.        4.
  0.0241  0.0239  0.0240  0.0244  0.0243  0.0251  0.0239  0.0243  0.0237  0.0237  0.0237  0.0236
  0.0238  0.0238  0.0238  0.0240  0.0240  0.0246  0.0236  0.0238  0.0235  0.0235  0.0235  0.0235
  0.0237  0.0236  0.0237  0.0238  0.0238  0.0241  0.0235  0.0235  0.0234  0.0234  0.0234  0.0234
  0.0236  0.0236  0.0236  0.0236  0.0236  0.0236  0.0234  0.0234  0.0234  0.0234  0.0234  0.0234
  0.0237  0.0237  0.0236  0.0237  0.0236  0.0233  0.0234  0.0235  0.0234  0.0234  0.0234  0.0234
  0.0239  0.0238  0.0237  0.0239  0.0238  0.0235  0.0236  0.0238  0.0235  0.0236  0.0235  0.0235
  0.0242  0.0241  0.0238  0.0245  0.0242  0.0246  0.0239  0.0243  0.0237  0.0238  0.0236  0.0236
   -3.3145    5.0225   13.4581   -2.7416  -16.1831  -15.2729
    1.0023   -1.8392    3.7494   28.3132    8.8236  -30.3544
eta,q 0.97661 15.87680

---------------------------------------------------------------------
imgreg_4dfp /opt/freesurfer/average/711-2C_as_mni_average_305 /opt/freesurfer/average/711-2B_as_mni_average_305_mask talsrcimg_g11 none talsrcimg_to_711-2C_as_mni_average_305_t4 2311
---------------------------------------------------------------------

freesurfer imgreg_4dfp.c
/opt/freesurfer/average/711-2C_as_mni_average_305.4dfp.img
       256       256       256         1
  1.000000  1.000000  1.000000
orientation T byte_order littleendian
Reading image: /opt/freesurfer/average/711-2C_as_mni_average_305.4dfp.img
dimensions:      256       256       256
mmppix:       1.0000   -1.0000   -1.0000
center:     128.0000 -129.0000 -129.0000
/opt/freesurfer/average/711-2B_as_mni_average_305_mask.4dfp.img
       256       256       256         1
  1.000000  1.000000  1.000000
orientation T byte_order littleendian
Reading mask: /opt/freesurfer/average/711-2B_as_mni_average_305_mask.4dfp.img (2306576 pixels)
talsrcimg_g11.4dfp.img
       256       256       256         1
  1.000000  1.000000  1.000000
orientation T byte_order littleendian
Reading image: talsrcimg_g11.4dfp.img
dimensions:      256       256       256
mmppix:       1.0000   -1.0000   -1.0000
center:     128.0000 -129.0000 -129.0000
fimgreg.f
image alignment mode   2311 decimal      907 hex
parameters
   -3.3145    5.0225   13.4581   -2.7416  -16.1831  -15.2729
    1.0023   -1.8392    3.7494   28.3132    8.8236  -30.3544
eta,q 0.97661 15.87681
niter,ni,del,rscale     5    3    5.0000    0.8000
parameters
   -3.3549    4.9323   13.7299   -3.4904  -16.7389  -15.8327
    0.8878   -2.0267    3.7622   28.1992    8.4767  -30.3452
eta,q 0.97617 15.79657
  0.0254  0.0247  0.0251  0.0251  0.0254  0.0261  0.0254  0.0265  0.0250  0.0248  0.0243  0.0247
  0.0242  0.0240  0.0242  0.0243  0.0245  0.0253  0.0246  0.0248  0.0244  0.0243  0.0240  0.0242
  0.0236  0.0235  0.0236  0.0236  0.0238  0.0244  0.0241  0.0240  0.0240  0.0239  0.0239  0.0239
  0.0234  0.0234  0.0234  0.0234  0.0235  0.0235  0.0238  0.0239  0.0238  0.0238  0.0238  0.0238
  0.0237  0.0236  0.0234  0.0237  0.0236  0.0234  0.0240  0.0242  0.0240  0.0239  0.0239  0.0239
  0.0244  0.0242  0.0237  0.0249  0.0247  0.0255  0.0246  0.0252  0.0243  0.0243  0.0242  0.0242
  0.0256  0.0251  0.0242  0.0277  0.0275  0.0295  0.0257  0.0269  0.0250  0.0250  0.0245  0.0247
niter,ni,del,rscale     4    3    5.0000    0.7000
parameters
   -3.2987    5.0368   13.6348   -2.9889  -16.6579  -15.8571
    0.8671   -1.9346    3.7267   28.3933    8.4199  -30.3458
eta,q 0.97626 15.82506
  0.0254  0.0250  0.0244  0.0256  0.0255  0.0259  0.0250  0.0263  0.0247  0.0246  0.0242  0.0244
  0.0245  0.0244  0.0240  0.0248  0.0247  0.0251  0.0243  0.0247  0.0242  0.0241  0.0239  0.0241
  0.0240  0.0240  0.0238  0.0242  0.0241  0.0245  0.0239  0.0239  0.0238  0.0239  0.0238  0.0238
  0.0238  0.0238  0.0238  0.0238  0.0237  0.0237  0.0237  0.0237  0.0237  0.0237  0.0237  0.0237
  0.0240  0.0239  0.0239  0.0237  0.0237  0.0233  0.0238  0.0240  0.0238  0.0238  0.0238  0.0238
  0.0244  0.0242  0.0242  0.0240  0.0242  0.0242  0.0243  0.0247  0.0242  0.0240  0.0240  0.0241
  0.0251  0.0247  0.0245  0.0252  0.0258  0.0270  0.0251  0.0259  0.0247  0.0245  0.0243  0.0244
niter,ni,del,rscale     3    3    5.0000    0.6000
parameters
   -3.3048    5.0446   13.5427   -2.8634  -16.4743  -15.6599
    0.8986   -1.8793    3.7387   28.4262    8.5822  -30.3633
eta,q 0.97641 15.84846
  0.0248  0.0245  0.0242  0.0250  0.0251  0.0255  0.0246  0.0255  0.0243  0.0242  0.0241  0.0241
  0.0242  0.0241  0.0239  0.0244  0.0245  0.0249  0.0241  0.0243  0.0239  0.0239  0.0238  0.0238
  0.0238  0.0238  0.0238  0.0240  0.0240  0.0243  0.0237  0.0237  0.0237  0.0237  0.0236  0.0236
  0.0237  0.0237  0.0237  0.0237  0.0237  0.0237  0.0236  0.0236  0.0236  0.0236  0.0236  0.0236
  0.0239  0.0238  0.0238  0.0237  0.0237  0.0233  0.0237  0.0238  0.0237  0.0236  0.0236  0.0236
  0.0242  0.0241  0.0240  0.0241  0.0240  0.0239  0.0240  0.0244  0.0239  0.0238  0.0238  0.0238
  0.0248  0.0245  0.0243  0.0250  0.0251  0.0259  0.0246  0.0253  0.0243  0.0242  0.0240  0.0241
niter,ni,del,rscale     2    3    5.0000    0.5000
parameters
   -3.3243    5.0112   13.5490   -2.7922  -16.2968  -15.3126
    0.9622   -1.8635    3.7476   28.3196    8.7542  -30.3024
eta,q 0.97660 15.86851
  0.0243  0.0241  0.0240  0.0245  0.0246  0.0251  0.0241  0.0248  0.0239  0.0239  0.0238  0.0238
  0.0239  0.0238  0.0238  0.0241  0.0241  0.0246  0.0238  0.0240  0.0236  0.0236  0.0236  0.0236
  0.0237  0.0236  0.0236  0.0238  0.0238  0.0241  0.0235  0.0235  0.0235  0.0235  0.0234  0.0234
  0.0236  0.0236  0.0236  0.0236  0.0236  0.0236  0.0234  0.0234  0.0234  0.0234  0.0234  0.0234
  0.0237  0.0237  0.0236  0.0236  0.0236  0.0232  0.0235  0.0236  0.0235  0.0235  0.0234  0.0234
  0.0239  0.0239  0.0238  0.0239  0.0238  0.0236  0.0237  0.0240  0.0236  0.0236  0.0235  0.0236
  0.0244  0.0242  0.0240  0.0245  0.0245  0.0250  0.0241  0.0247  0.0239  0.0240  0.0237  0.0237
niter,ni,del,rscale     1    3    5.0000    0.4000
parameters
   -3.3603    4.9787   13.6451   -2.8012  -16.1219  -14.8861
    1.0068   -1.8649    3.7525   28.1177    8.8771  -30.1743
eta,q 0.97678 15.88311
  0.0239  0.0237  0.0238  0.0240  0.0241  0.0247  0.0237  0.0242  0.0236  0.0235  0.0235  0.0235
  0.0236  0.0235  0.0236  0.0237  0.0238  0.0243  0.0235  0.0236  0.0234  0.0234  0.0233  0.0233
  0.0234  0.0234  0.0234  0.0235  0.0235  0.0238  0.0233  0.0233  0.0233  0.0232  0.0233  0.0233
  0.0234  0.0234  0.0234  0.0234  0.0234  0.0234  0.0232  0.0232  0.0232  0.0232  0.0232  0.0232
  0.0235  0.0234  0.0234  0.0234  0.0234  0.0232  0.0233  0.0233  0.0233  0.0233  0.0232  0.0232
  0.0237  0.0236  0.0235  0.0236  0.0236  0.0234  0.0234  0.0236  0.0234  0.0234  0.0233  0.0233
  0.0240  0.0238  0.0236  0.0241  0.0240  0.0243  0.0237  0.0241  0.0236  0.0237  0.0234  0.0234
registration optimization eta report
parameter search radius
    0.8000    0.8000    0.8000    2.4000    2.4000    2.4000
    2.4000    2.4000    2.4000    2.4000    2.4000    2.4000
100000*second partial in parameter space
       79.       59.       46.       11.       11.       19.
        8.       16.        6.        6.        4.        4.
  0.0239  0.0237  0.0238  0.0240  0.0241  0.0247  0.0237  0.0242  0.0236  0.0235  0.0235  0.0235
  0.0236  0.0235  0.0236  0.0237  0.0238  0.0243  0.0235  0.0236  0.0234  0.0234  0.0233  0.0233
  0.0234  0.0234  0.0234  0.0235  0.0235  0.0238  0.0233  0.0233  0.0233  0.0232  0.0233  0.0233
  0.0234  0.0234  0.0234  0.0234  0.0234  0.0234  0.0232  0.0232  0.0232  0.0232  0.0232  0.0232
  0.0235  0.0234  0.0234  0.0234  0.0234  0.0232  0.0233  0.0233  0.0233  0.0233  0.0232  0.0232
  0.0237  0.0236  0.0235  0.0236  0.0236  0.0234  0.0234  0.0236  0.0234  0.0234  0.0233  0.0233
  0.0240  0.0238  0.0236  0.0241  0.0240  0.0243  0.0237  0.0241  0.0236  0.0237  0.0234  0.0234
   -3.3603    4.9787   13.6451   -2.8012  -16.1219  -14.8861
    1.0068   -1.8649    3.7525   28.1177    8.8771  -30.1743
eta,q 0.97678 15.88311

---------------------------------------------------------------------
compute_vox2vox talsrcimg talsrcimg_to_711-2C_as_mni_average_305_t4 /opt/freesurfer/average/711-2C_as_mni_average_305
---------------------------------------------------------------------

freesurfer compute_vox2vox.c
Reading: talsrcimg.4dfp.ifh
Reading: talsrcimg_to_711-2C_as_mni_average_305_t4
Reading: /opt/freesurfer/average/711-2C_as_mni_average_305.4dfp.ifh
Writing: talsrcimg_to_711-2C_as_mni_average_305_t4_vox2vox.txt

start time Thu Mar 12 16:26:46 CET 2026
end		time Thu Mar 12 16:27:01 CET 2026

mpr2mni305 success

avi2talxfm orig_nu.mgz /opt/freesurfer/average/mni305.cor.mgz talsrcimg_to_711-2C_as_mni_average_305_t4_vox2vox.txt transforms/talairach.auto.xfm
avi2talxfm done
mv -f /out/sourcedata/freesurfer/sub-v1s3x0050799_ses-1/mri/talsrcimg_to_711-2C_as_mni_average_305_t4_vox2vox.txt /out/sourcedata/freesurfer/sub-v1s3x0050799_ses-1/mri/transforms/talsrcimg_to_711-2C_as_mni_average_305_t4_vox2vox.txt
lta_convert --src orig_nu.mgz --trg /opt/freesurfer/average/mni305.cor.mgz --inxfm transforms/talairach.auto.xfm --outlta transforms/talairach.auto.xfm.lta --subject fsaverage
7.3.2

--src: orig_nu.mgz src image (geometry).
--trg: /opt/freesurfer/average/mni305.cor.mgz trg image (geometry).
--inmni: transforms/talairach.auto.xfm input MNI/XFM transform.
--outlta: transforms/talairach.auto.xfm.lta output LTA.
--s: fsaverage subject name
 LTA read, type : 1
 1.02680   0.02375  -0.00378   1.41910;
-0.11027   1.04755   0.37817   6.33510;
-0.00897  -0.35222   1.06561  -9.81013;
 0.00000   0.00000   0.00000   1.00000;
setting subject to fsaverage
Writing  LTA to file transforms/talairach.auto.xfm.lta...
lta_convert successful.
 
 
Started at Thu Mar 12 16:26:46 CET 2026
Ended   at Thu Mar 12 16:27:02 CET 2026
talairach_avi done
