/out/sourcedata/freesurfer/sub-v1s3x0050823_ses-1/mri
/opt/freesurfer/bin/talairach_avi
--i orig_nu.mgz --xfm transforms/talairach.auto.xfm
talairach_avi 7.3.2
Linux dna059 5.14.0-427.37.1.el9_4.x86_64 #1 SMP PREEMPT_DYNAMIC Fri Sep 13 12:41:50 EDT 2024 x86_64 x86_64 x86_64 GNU/Linux
Thu Mar 12 16:32:06 CET 2026
mri_convert orig_nu.mgz talsrcimg.img 
reading from orig_nu.mgz...
TR=0.00, TE=0.00, TI=0.00, flip angle=0.00
i_ras = (-1, 0, 0)
j_ras = (0, 0, -1)
k_ras = (0, 1, 0)
writing to talsrcimg.img...
Analyze Output Matrix
-1.00000   0.00000   0.00000   130.78778;
 0.00000   0.00000   1.00000  -126.35125;
 0.00000  -1.00000   0.00000   118.85777;
 0.00000   0.00000   0.00000   1.00000;
--------------------
INFO: set hdr.hist.orient to -1
mpr2mni305 talsrcimg
Thu Mar 12 16:32:07 CET 2026
/opt/freesurfer/bin/mpr2mni305 talsrcimg
mpr2mni305 7.3.2
target=711-2C_as_mni_average_305

---------------------------------------------------------------------
analyzeto4dfp talsrcimg -O0 -y
---------------------------------------------------------------------

freesurfer ifh2hdr.c
Thu Mar 12 16:32:07 2026
Writing: talsrcimg.4dfp.hdr
freesurfer analyzeto4dfp.c
Reading: talsrcimg.hdr
header size 348 bytes
hdr.dime.datatype	offset=70	value=2
hdr.dime.bitpix		offset=72	value=8
hdr.hist.orient		offset=252	value=-1
dimensionality     4
dimensions       256       256       256         1
Reading: talsrcimg.img
Writing: talsrcimg.4dfp.img
Writing: talsrcimg.4dfp.ifh
ifh2hdr talsrcimg -r0to243
ori=2

---------------------------------------------------------------------
gauss_4dfp talsrcimg 1.1
---------------------------------------------------------------------

freesurfer gauss_4dfp.c
Reading: talsrcimg.4dfp.img
Writing: talsrcimg_g11.4dfp.img
image dimensions 256 256 256 padded to 288 288 288
processing volume 1freesurfer ifh2hdr.c
Thu Mar 12 16:32:09 2026
Writing: talsrcimg_g11.4dfp.hdr

Writing: talsrcimg_g11.4dfp.ifh
including: talsrcimg.4dfp.img.rec in talsrcimg_g11.4dfp.img.rec

---------------------------------------------------------------------
imgreg_4dfp /opt/freesurfer/average/711-2C_as_mni_average_305 none talsrcimg_g11 none talsrcimg_to_711-2C_as_mni_average_305_t4 4355
---------------------------------------------------------------------

freesurfer imgreg_4dfp.c
/opt/freesurfer/average/711-2C_as_mni_average_305.4dfp.img
       256       256       256         1
  1.000000  1.000000  1.000000
orientation T byte_order littleendian
Reading image: /opt/freesurfer/average/711-2C_as_mni_average_305.4dfp.img
dimensions:      256       256       256
mmppix:       1.0000   -1.0000   -1.0000
center:     128.0000 -129.0000 -129.0000
talsrcimg_g11.4dfp.img
       256       256       256         1
  1.000000  1.000000  1.000000
orientation T byte_order littleendian
Reading image: talsrcimg_g11.4dfp.img
dimensions:      256       256       256
mmppix:       1.0000   -1.0000   -1.0000
center:     128.0000 -129.0000 -129.0000
t4_read: open error in t4_sub.f l:  41 t4_file(1:l)talsrcimg_to_711-2C_as_mni_average_305_t4 
t4_read: transform initialized to I4
rotation matrix determinant  1.000000
image alignment mode   4355 decimal     1103 hex
   -7.5000  -45.0000  -45.0000 7269.3940   20.6690
    0.0000  -45.0000  -45.0000 7603.7109   20.6758
    7.5000  -45.0000  -45.0000 7299.1743   20.6786
   -7.5000  -37.5000  -45.0000 7831.7988   20.5446
    0.0000  -37.5000  -45.0000 8194.6826   20.5465
    7.5000  -37.5000  -45.0000 7873.8887   20.5501
   -7.5000  -30.0000  -45.0000 8616.2598   20.5508
    0.0000  -30.0000  -45.0000 9013.6035   20.5425
    7.5000  -30.0000  -45.0000 8655.3477   20.5347
   -7.5000  -22.5000  -45.0000 9250.0596   20.6944
    0.0000  -22.5000  -45.0000 9719.1006   20.6822
    7.5000  -22.5000  -45.0000 9314.8740   20.6632
   -7.5000  -15.0000  -45.0000 9728.4883   20.8259
    0.0000  -15.0000  -45.000010228.6738   20.8204
    7.5000  -15.0000  -45.0000 9813.1895   20.8025
   -7.5000   -7.5000  -45.000010267.3838   20.8066
    0.0000   -7.5000  -45.000010799.8643   20.8098
    7.5000   -7.5000  -45.000010313.2324   20.8024
   -7.5000    0.0000  -45.000010804.0547   20.6690
    0.0000    0.0000  -45.000011335.8516   20.6758
    7.5000    0.0000  -45.000010835.8818   20.6786
   -7.5000    7.5000  -45.000010668.3691   20.5446
    0.0000    7.5000  -45.000011139.6084   20.5465
    7.5000    7.5000  -45.000010690.7637   20.5501
   -7.5000   15.0000  -45.000010273.7988   20.5508
    0.0000   15.0000  -45.000010702.2139   20.5425
    7.5000   15.0000  -45.000010264.3018   20.5347
   -7.5000   22.5000  -45.0000 9621.4336   20.6916
    0.0000   22.5000  -45.0000 9989.3037   20.6793
    7.5000   22.5000  -45.0000 9574.7188   20.6604
   -7.5000   30.0000  -45.0000 8735.7852   20.5484
    0.0000   30.0000  -45.0000 9076.7734   20.5430
    7.5000   30.0000  -45.0000 8695.0713   20.5253
   -7.5000   37.5000  -45.0000 8161.3892   20.5294
    0.0000   37.5000  -45.0000 8458.3848   20.5325
    7.5000   37.5000  -45.0000 8132.0303   20.5252
   -7.5000   45.0000  -45.0000 7354.3330   19.8757
    0.0000   45.0000  -45.0000 7615.6860   19.8822
    7.5000   45.0000  -45.0000 7324.6001   19.8849
   -7.5000  -45.0000  -37.5000 7832.2305   20.4541
    0.0000  -45.0000  -37.5000 8200.3799   20.4673
    7.5000  -45.0000  -37.5000 7866.4268   20.4605
   -7.5000  -37.5000  -37.5000 8418.1406   20.3506
    0.0000  -37.5000  -37.5000 8834.0889   20.3515
    7.5000  -37.5000  -37.5000 8461.1113   20.3355
   -7.5000  -30.0000  -37.5000 9233.5664   20.3772
    0.0000  -30.0000  -37.5000 9704.9775   20.3604
    7.5000  -30.0000  -37.5000 9270.5791   20.3250
   -7.5000  -22.5000  -37.5000 9899.8926   20.5188
    0.0000  -22.5000  -37.500010451.1768   20.4984
    7.5000  -22.5000  -37.5000 9938.1289   20.4542
   -7.5000  -15.0000  -37.500010432.8271   20.6288
    0.0000  -15.0000  -37.500011013.4492   20.6224
    7.5000  -15.0000  -37.500010463.5537   20.5880
   -7.5000   -7.5000  -37.500010967.8213   20.5906
    0.0000   -7.5000  -37.500011564.0820   20.6001
    7.5000   -7.5000  -37.500010972.0879   20.5837
   -7.5000    0.0000  -37.500011520.2471   20.4541
    0.0000    0.0000  -37.500012117.7812   20.4673
    7.5000    0.0000  -37.500011556.1934   20.4605
   -7.5000    7.5000  -37.500011356.9834   20.3506
    0.0000    7.5000  -37.500011919.2314   20.3515
    7.5000    7.5000  -37.500011378.1055   20.3355
   -7.5000   15.0000  -37.500010932.7871   20.3772
    0.0000   15.0000  -37.500011429.0635   20.3604
    7.5000   15.0000  -37.500010881.2275   20.3250
   -7.5000   22.5000  -37.500010254.6240   20.5159
    0.0000   22.5000  -37.500010698.6582   20.4956
    7.5000   22.5000  -37.500010170.6123   20.4513
   -7.5000   30.0000  -37.5000 9264.4043   20.3538
    0.0000   30.0000  -37.5000 9665.9033   20.3476
    7.5000   30.0000  -37.5000 9192.0840   20.3136
   -7.5000   37.5000  -37.5000 8608.4697   20.3162
    0.0000   37.5000  -37.5000 8953.9131   20.3256
    7.5000   37.5000  -37.5000 8556.6738   20.3094
   -7.5000   45.0000  -37.5000 7725.4248   19.6690
    0.0000   45.0000  -37.5000 8030.9912   19.6817
    7.5000   45.0000  -37.5000 7695.9761   19.6752
   -7.5000  -45.0000  -30.0000 8578.6523   21.2672
    0.0000  -45.0000  -30.0000 9014.5322   21.2994
    7.5000  -45.0000  -30.0000 8614.5918   21.2890
   -7.5000  -37.5000  -30.0000 9205.7725   21.1908
    0.0000  -37.5000  -30.0000 9700.2461   21.2012
    7.5000  -37.5000  -30.0000 9237.1250   21.1690
   -7.5000  -30.0000  -30.000010062.6045   21.2438
    0.0000  -30.0000  -30.000010607.0615   21.2298
    7.5000  -30.0000  -30.000010081.3379   21.1697
   -7.5000  -22.5000  -30.000010765.8057   21.3847
    0.0000  -22.5000  -30.000011337.8564   21.3687
    7.5000  -22.5000  -30.000010767.0908   21.3039
   -7.5000  -15.0000  -30.000011337.5811   21.4709
    0.0000  -15.0000  -30.000011972.7207   21.4771
    7.5000  -15.0000  -30.000011344.2754   21.4325
   -7.5000   -7.5000  -30.000011939.5957   21.4064
    0.0000   -7.5000  -30.000012639.5361   21.4361
    7.5000   -7.5000  -30.000011943.2988   21.4180
   -7.5000    0.0000  -30.000012492.0137   21.2672
    0.0000    0.0000  -30.000013225.9912   21.2994
    7.5000    0.0000  -30.000012517.4463   21.2890
   -7.5000    7.5000  -30.000012270.3867   21.1908
    0.0000    7.5000  -30.000012962.2695   21.2012
    7.5000    7.5000  -30.000012274.0508   21.1690
   -7.5000   15.0000  -30.000011752.8330   21.2438
    0.0000   15.0000  -30.000012354.9561   21.2298
    7.5000   15.0000  -30.000011681.9678   21.1697
   -7.5000   22.5000  -30.000011003.7324   21.3795
    0.0000   22.5000  -30.000011566.9727   21.3636
    7.5000   22.5000  -30.000010922.4287   21.2988
   -7.5000   30.0000  -30.0000 9968.6748   21.1868
    0.0000   30.0000  -30.000010434.6738   21.1929
    7.5000   30.0000  -30.0000 9878.4824   21.1490
   -7.5000   37.5000  -30.0000 9267.6846   21.1231
    0.0000   37.5000  -30.0000 9656.0420   21.1524
    7.5000   37.5000  -30.0000 9179.8008   21.1346
   -7.5000   45.0000  -30.0000 8282.6484   20.4660
    0.0000   45.0000  -30.0000 8630.0400   20.4969
    7.5000   45.0000  -30.0000 8243.4785   20.4869
   -7.5000  -45.0000  -22.5000 9287.3799   22.0031
    0.0000  -45.0000  -22.5000 9799.4404   22.0478
    7.5000  -45.0000  -22.5000 9340.9668   22.0442
   -7.5000  -37.5000  -22.5000 9954.5049   21.9373
    0.0000  -37.5000  -22.500010502.2314   21.9586
    7.5000  -37.5000  -22.5000 9993.5000   21.9314
   -7.5000  -30.0000  -22.500010840.8418   21.9975
    0.0000  -30.0000  -22.500011447.5576   21.9948
    7.5000  -30.0000  -22.500010902.4473   21.9400
   -7.5000  -22.5000  -22.500011580.9893   22.1363
    0.0000  -22.5000  -22.500012236.5059   22.1327
    7.5000  -22.5000  -22.500011645.4990   22.0741
   -7.5000  -15.0000  -22.500012233.4678   22.2154
    0.0000  -15.0000  -22.500012946.2148   22.2349
    7.5000  -15.0000  -22.500012271.6631   22.1971
   -7.5000   -7.5000  -22.500012928.7871   22.1422
    0.0000   -7.5000  -22.500013722.6016   22.1860
    7.5000   -7.5000  -22.500012945.3867   22.1756
   -7.5000    0.0000  -22.500013517.6104   22.0030
    0.0000    0.0000  -22.500014339.9844   22.0478
    7.5000    0.0000  -22.500013516.0498   22.0442
   -7.5000    7.5000  -22.500013226.9834   21.9373
    0.0000    7.5000  -22.500014027.0361   21.9586
    7.5000    7.5000  -22.500013242.2852   21.9314
   -7.5000   15.0000  -22.500012587.2627   21.9975
    0.0000   15.0000  -22.500013319.8311   21.9948
    7.5000   15.0000  -22.500012556.7891   21.9400
   -7.5000   22.5000  -22.500011791.9170   22.1295
    0.0000   22.5000  -22.500012455.0732   22.1259
    7.5000   22.5000  -22.500011735.4229   22.0673
   -7.5000   30.0000  -22.500010679.3330   21.9248
    0.0000   30.0000  -22.500011232.9336   21.9440
    7.5000   30.0000  -22.500010622.3398   21.9068
   -7.5000   37.5000  -22.5000 9891.8447   21.8525
    0.0000   37.5000  -22.500010370.8350   21.8958
    7.5000   37.5000  -22.5000 9841.8086   21.8855
   -7.5000   45.0000  -22.5000 8825.6230   21.1900
    0.0000   45.0000  -22.5000 9247.4199   21.2331
    7.5000   45.0000  -22.5000 8802.5039   21.2296
   -7.5000  -45.0000  -15.0000 9989.4570   22.5255
    0.0000  -45.0000  -15.000010539.3506   22.5660
    7.5000  -45.0000  -15.000010058.6924   22.5747
   -7.5000  -37.5000  -15.000010674.9912   22.4409
    0.0000  -37.5000  -15.000011261.3369   22.4649
    7.5000  -37.5000  -15.000010743.2139   22.4593
   -7.5000  -30.0000  -15.000011603.7041   22.4849
    0.0000  -30.0000  -15.000012294.9697   22.4909
    7.5000  -30.0000  -15.000011732.4893   22.4641
   -7.5000  -22.5000  -15.000012412.0342   22.6289
    0.0000  -22.5000  -15.000013119.5205   22.6322
    7.5000  -22.5000  -15.000012548.3604   22.5979
   -7.5000  -15.0000  -15.000013119.1006   22.7281
    0.0000  -15.0000  -15.000013882.3584   22.7479
    7.5000  -15.0000  -15.000013187.9668   22.7262
   -7.5000   -7.5000  -15.000013850.4443   22.6687
    0.0000   -7.5000  -15.000014714.6309   22.7074
    7.5000   -7.5000  -15.000013906.9727   22.7076
   -7.5000    0.0000  -15.000014524.3916   22.5255
    0.0000    0.0000  -15.000015419.1279   22.5660
    7.5000    0.0000  -15.000014549.6572   22.5747
   -7.5000    7.5000  -15.000014231.5127   22.4409
    0.0000    7.5000  -15.000015158.5098   22.4649
    7.5000    7.5000  -15.000014299.3975   22.4593
   -7.5000   15.0000  -15.000013467.0049   22.4849
    0.0000   15.0000  -15.000014299.2637   22.4909
    7.5000   15.0000  -15.000013476.8252   22.4641
   -7.5000   22.5000  -15.000012575.7891   22.6208
    0.0000   22.5000  -15.000013310.4307   22.6242
    7.5000   22.5000  -15.000012557.0352   22.5899
   -7.5000   30.0000  -15.000011377.4453   22.4340
    0.0000   30.0000  -15.000012041.7998   22.4535
    7.5000   30.0000  -15.000011400.1484   22.4321
   -7.5000   37.5000  -15.000010558.1553   22.3753
    0.0000   37.5000  -15.000011129.4844   22.4135
    7.5000   37.5000  -15.000010543.7715   22.4137
   -7.5000   45.0000  -15.0000 9362.0195   21.7062
    0.0000   45.0000  -15.0000 9867.6973   21.7453
    7.5000   45.0000  -15.0000 9369.2734   21.7536
   -7.5000  -45.0000   -7.500010761.5645   22.7815
    0.0000  -45.0000   -7.500011295.9824   22.8031
    7.5000  -45.0000   -7.500010865.4785   22.8148
   -7.5000  -37.5000   -7.500011504.4189   22.6607
    0.0000  -37.5000   -7.500012066.0771   22.6756
    7.5000  -37.5000   -7.500011618.7344   22.6848
   -7.5000  -30.0000   -7.500012543.6670   22.6786
    0.0000  -30.0000   -7.500013206.9443   22.6821
    7.5000  -30.0000   -7.500012688.1846   22.6774
   -7.5000  -22.5000   -7.500013422.9219   22.8330
    0.0000  -22.5000   -7.500014163.0977   22.8321
    7.5000  -22.5000   -7.500013580.2646   22.8157
   -7.5000  -15.0000   -7.500014156.6377   22.9656
    0.0000  -15.0000   -7.500014959.6641   22.9726
    7.5000  -15.0000   -7.500014255.9580   22.9594
   -7.5000   -7.5000   -7.500014881.4053   22.9318
    0.0000   -7.5000   -7.500015769.0029   22.9499
    7.5000   -7.5000   -7.500014935.4463   22.9508
   -7.5000    0.0000   -7.500015580.0293   22.7815
    0.0000    0.0000   -7.500016529.4902   22.8031
    7.5000    0.0000   -7.500015656.4893   22.8148
   -7.5000    7.5000   -7.500015270.3096   22.6607
    0.0000    7.5000   -7.500016276.8037   22.6756
    7.5000    7.5000   -7.500015360.5088   22.6848
   -7.5000   15.0000   -7.500014409.1875   22.6786
    0.0000   15.0000   -7.500015332.1133   22.6821
    7.5000   15.0000   -7.500014426.1680   22.6774
   -7.5000   22.5000   -7.500013431.3291   22.8225
    0.0000   22.5000   -7.500014236.5508   22.8216
    7.5000   22.5000   -7.500013418.4004   22.8052
   -7.5000   30.0000   -7.500012097.2598   22.6678
    0.0000   30.0000   -7.500012851.6592   22.6747
    7.5000   30.0000   -7.500012150.1748   22.6616
   -7.5000   37.5000   -7.500011251.3164   22.6345
    0.0000   37.5000   -7.500011920.0264   22.6523
    7.5000   37.5000   -7.500011283.6680   22.6531
   -7.5000   45.0000   -7.5000 9977.1729   21.9570
    0.0000   45.0000   -7.500010533.3994   21.9779
    7.5000   45.0000   -7.500010014.8945   21.9891
   -7.5000  -45.0000    0.000011477.1152   22.8285
    0.0000  -45.0000    0.000011989.1299   22.8358
    7.5000  -45.0000    0.000011573.5615   22.8383
   -7.5000  -37.5000    0.000012251.9375   22.6917
    0.0000  -37.5000    0.000012769.8867   22.6939
    7.5000  -37.5000    0.000012364.9375   22.6974
   -7.5000  -30.0000    0.000013376.2109   22.7000
    0.0000  -30.0000    0.000014004.4297   22.6907
    7.5000  -30.0000    0.000013511.4395   22.6816
   -7.5000  -22.5000    0.000014403.3203   22.8594
    0.0000  -22.5000    0.000015103.3359   22.8455
    7.5000  -22.5000    0.000014525.3271   22.8234
   -7.5000  -15.0000    0.000015200.3252   23.0039
    0.0000  -15.0000    0.000015959.5254   22.9973
    7.5000  -15.0000    0.000015265.2705   22.9761
   -7.5000   -7.5000    0.000015943.8398   22.9811
    0.0000   -7.5000    0.000016740.0195   22.9842
    7.5000   -7.5000    0.000015928.7598   22.9749
   -7.5000    0.0000    0.000016610.8613   22.8285
    0.0000    0.0000    0.000017512.1699   22.8358
    7.5000    0.0000    0.000016654.9746   22.8383
   -7.5000    7.5000    0.000016237.6152   22.6917
    0.0000    7.5000    0.000017168.6562   22.6939
    7.5000    7.5000    0.000016304.3652   22.6974
   -7.5000   15.0000    0.000015246.8848   22.7000
    0.0000   15.0000    0.000016088.9170   22.6907
    7.5000   15.0000    0.000015251.5098   22.6816
   -7.5000   22.5000    0.000014172.9023   22.8489
    0.0000   22.5000    0.000014959.7158   22.8350
    7.5000   22.5000    0.000014156.1689   22.8129
   -7.5000   30.0000    0.000012772.5840   22.7061
    0.0000   30.0000    0.000013515.7764   22.6997
    7.5000   30.0000    0.000012816.3262   22.6788
   -7.5000   37.5000    0.000011935.0166   22.6837
    0.0000   37.5000    0.000012623.6309   22.6867
    7.5000   37.5000    0.000011958.8281   22.6776
   -7.5000   45.0000    0.000010600.1963   22.0040
    0.0000   45.0000    0.000011195.8604   22.0110
    7.5000   45.0000    0.000010647.6270   22.0135
   -7.5000  -45.0000    7.500011293.9707   22.8320
    0.0000  -45.0000    7.500011732.1387   22.8465
    7.5000  -45.0000    7.500011363.0020   22.8389
   -7.5000  -37.5000    7.500012036.7832   22.7166
    0.0000  -37.5000    7.500012472.5449   22.7173
    7.5000  -37.5000    7.500012103.5762   22.6995
   -7.5000  -30.0000    7.500013133.8262   22.7462
    0.0000  -30.0000    7.500013676.8066   22.7273
    7.5000  -30.0000    7.500013267.3320   22.6879
   -7.5000  -22.5000    7.500014237.7266   22.9042
    0.0000  -22.5000    7.500014877.7256   22.8812
    7.5000  -22.5000    7.500014383.2100   22.8320
   -7.5000  -15.0000    7.500015119.7471   23.0269
    0.0000  -15.0000    7.500015816.4521   23.0196
    7.5000  -15.0000    7.500015174.2070   22.9813
   -7.5000   -7.5000    7.500015851.8770   22.9843
    0.0000   -7.5000    7.500016483.0566   22.9947
    7.5000   -7.5000    7.500015821.6309   22.9764
   -7.5000    0.0000    7.500016497.3320   22.8320
    0.0000    0.0000    7.500017160.2578   22.8465
    7.5000    0.0000    7.500016551.3535   22.8389
   -7.5000    7.5000    7.500016070.0928   22.7166
    0.0000    7.5000    7.500016734.7480   22.7173
    7.5000    7.5000    7.500016168.2305   22.6995
   -7.5000   15.0000    7.500014983.3906   22.7462
    0.0000   15.0000    7.500015665.3975   22.7273
    7.5000   15.0000    7.500015045.8252   22.6879
   -7.5000   22.5000    7.500013932.2383   22.8936
    0.0000   22.5000    7.500014632.1543   22.8707
    7.5000   22.5000    7.500013936.6084   22.8215
   -7.5000   30.0000    7.500012618.8516   22.7289
    0.0000   30.0000    7.500013259.4873   22.7217
    7.5000   30.0000    7.500012604.2158   22.6839
   -7.5000   37.5000    7.500011807.2969   22.6868
    0.0000   37.5000    7.500012426.4629   22.6971
    7.5000   37.5000    7.500011766.4277   22.6791
   -7.5000   45.0000    7.500010522.5137   22.0074
    0.0000   45.0000    7.500011084.3164   22.0214
    7.5000   45.0000    7.500010478.9541   22.0141
   -7.5000  -45.0000   15.000010887.3984   22.8375
    0.0000  -45.0000   15.000011363.6846   22.8720
    7.5000  -45.0000   15.000010941.3350   22.8608
   -7.5000  -37.5000   15.000011564.1611   22.7554
    0.0000  -37.5000   15.000012000.8008   22.7666
    7.5000  -37.5000   15.000011613.5029   22.7320
   -7.5000  -30.0000   15.000012676.3438   22.8123
    0.0000  -30.0000   15.000013148.9375   22.7973
    7.5000  -30.0000   15.000012785.8193   22.7327
   -7.5000  -22.5000   15.000013796.5020   22.9636
    0.0000  -22.5000   15.000014470.5586   22.9465
    7.5000  -22.5000   15.000014026.7998   22.8769
   -7.5000  -15.0000   15.000014836.2285   23.0562
    0.0000  -15.0000   15.000015411.7666   23.0628
    7.5000  -15.0000   15.000014973.3438   23.0150
   -7.5000   -7.5000   15.000015632.3496   22.9869
    0.0000   -7.5000   15.000015981.9443   23.0188
    7.5000   -7.5000   15.000015597.6182   22.9994
   -7.5000    0.0000   15.000016295.5527   22.8374
    0.0000    0.0000   15.000016682.3633   22.8720
    7.5000    0.0000   15.000016191.1914   22.8608
   -7.5000    7.5000   15.000015762.8184   22.7554
    0.0000    7.5000   15.000016266.2031   22.7666
    7.5000    7.5000   15.000015719.9746   22.7320
   -7.5000   15.0000   15.000014649.9014   22.8123
    0.0000   15.0000   15.000015198.5947   22.7973
    7.5000   15.0000   15.000014579.8096   22.7327
   -7.5000   22.5000   15.000013531.4287   22.9530
    0.0000   22.5000   15.000014124.8584   22.9359
    7.5000   22.5000   15.000013441.3086   22.8663
   -7.5000   30.0000   15.000012265.9131   22.7578
    0.0000   30.0000   15.000012838.7266   22.7643
    7.5000   30.0000   15.000012210.0361   22.7171
   -7.5000   37.5000   15.000011444.8877   22.6894
    0.0000   37.5000   15.000012030.8486   22.7209
    7.5000   37.5000   15.000011375.5400   22.7018
   -7.5000   45.0000   15.000010206.0195   22.0127
    0.0000   45.0000   15.000010737.3271   22.0459
    7.5000   45.0000   15.000010148.5020   22.0352
   -7.5000  -45.0000   22.500010422.9775   22.8409
    0.0000  -45.0000   22.500010874.6514   22.8874
    7.5000  -45.0000   22.500010470.2725   22.8836
   -7.5000  -37.5000   22.500011108.1289   22.7727
    0.0000  -37.5000   22.500011523.9248   22.7948
    7.5000  -37.5000   22.500011126.0342   22.7666
   -7.5000  -30.0000   22.500012202.9658   22.8351
    0.0000  -30.0000   22.500012701.2188   22.8324
    7.5000  -30.0000   22.500012258.2773   22.7754
   -7.5000  -22.5000   22.500013267.0146   22.9792
    0.0000  -22.5000   22.500013939.1934   22.9755
    7.5000  -22.5000   22.500013397.3223   22.9146
   -7.5000  -15.0000   22.500014162.8545   23.0613
    0.0000  -15.0000   22.500014798.0449   23.0816
    7.5000  -15.0000   22.500014216.1592   23.0424
   -7.5000   -7.5000   22.500014881.8721   22.9853
    0.0000   -7.5000   22.500015415.7822   23.0309
    7.5000   -7.5000   22.500014776.3682   23.0200
   -7.5000    0.0000   22.500015524.1650   22.8409
    0.0000    0.0000   22.500016085.8672   22.8874
    7.5000    0.0000   22.500015371.7871   22.8836
   -7.5000    7.5000   22.500015001.5898   22.7727
    0.0000    7.5000   22.500015626.3701   22.7948
    7.5000    7.5000   22.500014929.3076   22.7666
   -7.5000   15.0000   22.500013933.6367   22.8351
    0.0000   15.0000   22.500014494.4365   22.8324
    7.5000   15.0000   22.500013846.2344   22.7754
   -7.5000   22.5000   22.500012887.9395   22.9686
    0.0000   22.5000   22.500013381.5684   22.9649
    7.5000   22.5000   22.500012784.2705   22.9041
   -7.5000   30.0000   22.500011717.1260   22.7629
    0.0000   30.0000   22.500012196.8213   22.7829
    7.5000   30.0000   22.500011669.7598   22.7442
   -7.5000   37.5000   22.500010964.1875   22.6879
    0.0000   37.5000   22.500011444.5293   22.7328
    7.5000   37.5000   22.500010909.1406   22.7221
   -7.5000   45.0000   22.5000 9788.7949   22.0160
    0.0000   45.0000   22.500010251.1768   22.0608
    7.5000   45.0000   22.5000 9740.3936   22.0571
   -7.5000  -45.0000   30.0000 9814.9902   22.8346
    0.0000  -45.0000   30.000010349.1465   22.8757
    7.5000  -45.0000   30.0000 9849.4580   22.8845
   -7.5000  -37.5000   30.000010451.2002   22.7488
    0.0000  -37.5000   30.000011048.0273   22.7732
    7.5000  -37.5000   30.000010498.6885   22.7675
   -7.5000  -30.0000   30.000011480.9102   22.7935
    0.0000  -30.0000   30.000012163.9453   22.7996
    7.5000  -30.0000   30.000011555.7979   22.7723
   -7.5000  -22.5000   30.000012392.1846   22.9394
    0.0000  -22.5000   30.000013132.0811   22.9428
    7.5000  -22.5000   30.000012492.6699   22.9080
   -7.5000  -15.0000   30.000013110.4551   23.0401
    0.0000  -15.0000   30.000013760.7646   23.0601
    7.5000  -15.0000   30.000013123.3232   23.0381
   -7.5000   -7.5000   30.000013752.5918   22.9798
    0.0000   -7.5000   30.000014338.4785   23.0190
    7.5000   -7.5000   30.000013695.9795   23.0192
   -7.5000    0.0000   30.000014404.2148   22.8346
    0.0000    0.0000   30.000015050.1475   22.8757
    7.5000    0.0000   30.000014379.2666   22.8845
   -7.5000    7.5000   30.000014023.6279   22.7488
    0.0000    7.5000   30.000014692.3369   22.7732
    7.5000    7.5000   30.000014056.8770   22.7675
   -7.5000   15.0000   30.000013063.2490   22.7935
    0.0000   15.0000   30.000013678.6455   22.7996
    7.5000   15.0000   30.000013066.9668   22.7723
   -7.5000   22.5000   30.000012094.6650   22.9288
    0.0000   22.5000   30.000012639.1436   22.9323
    7.5000   22.5000   30.000012049.5322   22.8975
   -7.5000   30.0000   30.000010993.7051   22.7419
    0.0000   30.0000   30.000011491.8291   22.7616
    7.5000   30.0000   30.000010955.6504   22.7399
   -7.5000   37.5000   30.000010254.3350   22.6824
    0.0000   37.5000   30.000010709.8203   22.7211
    7.5000   37.5000   30.000010222.0918   22.7213
   -7.5000   45.0000   30.0000 9143.2393   22.0099
    0.0000   45.0000   30.0000 9552.4844   22.0495
    7.5000   45.0000   30.0000 9142.0107   22.0580
   -7.5000  -45.0000   37.5000 9494.6387   22.8449
    0.0000  -45.0000   37.500010057.8340   22.8668
    7.5000  -45.0000   37.5000 9527.4443   22.8785
   -7.5000  -37.5000   37.500010093.8047   22.7241
    0.0000  -37.5000   37.500010655.2998   22.7392
    7.5000  -37.5000   37.500010123.4941   22.7483
   -7.5000  -30.0000   37.500011049.8066   22.7423
    0.0000  -30.0000   37.500011624.7373   22.7459
    7.5000  -30.0000   37.500011083.2363   22.7412
   -7.5000  -22.5000   37.500011888.9531   22.8972
    0.0000  -22.5000   37.500012438.2549   22.8965
    7.5000  -22.5000   37.500011932.2998   22.8800
   -7.5000  -15.0000   37.500012583.7549   23.0300
    0.0000  -15.0000   37.500013079.9834   23.0372
    7.5000  -15.0000   37.500012571.8281   23.0239
   -7.5000   -7.5000   37.500013186.6523   22.9958
    0.0000   -7.5000   37.500013712.2188   23.0141
    7.5000   -7.5000   37.500013180.3779   23.0150
   -7.5000    0.0000   37.500013813.3291   22.8449
    0.0000    0.0000   37.500014388.3555   22.8667
    7.5000    0.0000   37.500013841.6328   22.8785
   -7.5000    7.5000   37.500013536.7979   22.7241
    0.0000    7.5000   37.500014091.6748   22.7392
    7.5000    7.5000   37.500013566.6846   22.7483
   -7.5000   15.0000   37.500012663.4355   22.7423
    0.0000   15.0000   37.500013159.1592   22.7459
    7.5000   15.0000   37.500012659.5117   22.7412
   -7.5000   22.5000   37.500011676.3574   22.8866
    0.0000   22.5000   37.500012165.0635   22.8859
    7.5000   22.5000   37.500011673.8418   22.8694
   -7.5000   30.0000   37.500010591.9863   22.7319
    0.0000   30.0000   37.500011050.0225   22.7390
    7.5000   30.0000   37.500010604.0811   22.7259
   -7.5000   37.5000   37.5000 9866.8613   22.6982
    0.0000   37.5000   37.500010282.5303   22.7162
    7.5000   37.5000   37.5000 9871.2109   22.7172
   -7.5000   45.0000   37.5000 8780.2666   22.0199
    0.0000   45.0000   37.5000 9148.4678   22.0409
    7.5000   45.0000   37.5000 8798.8457   22.0522
   -7.5000  -45.0000   45.0000 8744.5391   22.9688
    0.0000  -45.0000   45.0000 9234.8838   22.9766
    7.5000  -45.0000   45.0000 8785.2441   22.9787
   -7.5000  -37.5000   45.0000 9286.4092   22.8296
    0.0000  -37.5000   45.0000 9777.5996   22.8322
    7.5000  -37.5000   45.0000 9335.6680   22.8356
   -7.5000  -30.0000   45.000010131.4727   22.8383
    0.0000  -30.0000   45.000010641.8975   22.8292
    7.5000  -30.0000   45.000010182.8438   22.8198
   -7.5000  -22.5000   45.000010861.3633   23.0009
    0.0000  -22.5000   45.000011369.3457   22.9869
    7.5000  -22.5000   45.000010926.1699   22.9642
   -7.5000  -15.0000   45.000011457.4385   23.1478
    0.0000  -15.0000   45.000011924.5459   23.1413
    7.5000  -15.0000   45.000011497.7090   23.1193
   -7.5000   -7.5000   45.000012041.5732   23.1243
    0.0000   -7.5000   45.000012512.0254   23.1278
    7.5000   -7.5000   45.000012068.6074   23.1177
   -7.5000    0.0000   45.000012646.9258   22.9688
    0.0000    0.0000   45.000013154.6123   22.9766
    7.5000    0.0000   45.000012689.2939   22.9787
   -7.5000    7.5000   45.000012418.7266   22.8296
    0.0000    7.5000   45.000012911.6221   22.8322
    7.5000    7.5000   45.000012451.2393   22.8356
   -7.5000   15.0000   45.000011621.4365   22.8383
    0.0000   15.0000   45.000012061.0947   22.8292
    7.5000   15.0000   45.000011616.8516   22.8198
   -7.5000   22.5000   45.000010716.4131   22.9902
    0.0000   22.5000   45.000011139.2402   22.9763
    7.5000   22.5000   45.000010715.9609   22.9536
   -7.5000   30.0000   45.0000 9726.5410   22.8462
    0.0000   30.0000   45.000010109.3916   22.8398
    7.5000   30.0000   45.0000 9744.0557   22.8181
   -7.5000   37.5000   45.0000 9052.1240   22.8231
    0.0000   37.5000   45.0000 9413.7881   22.8265
    7.5000   37.5000   45.0000 9067.8076   22.8165
   -7.5000   45.0000   45.0000 8068.5586   22.1493
    0.0000   45.0000   45.0000 8395.5527   22.1568
    7.5000   45.0000   45.0000 8081.6196   22.1588

---------------------------------------------------------------------
imgreg_4dfp /opt/freesurfer/average/711-2C_as_mni_average_305 /opt/freesurfer/average/711-2B_as_mni_average_305_mask talsrcimg_g11 none talsrcimg_to_711-2C_as_mni_average_305_t4 4355
---------------------------------------------------------------------

freesurfer imgreg_4dfp.c
/opt/freesurfer/average/711-2C_as_mni_average_305.4dfp.img
       256       256       256         1
  1.000000  1.000000  1.000000
orientation T byte_order littleendian
Reading image: /opt/freesurfer/average/711-2C_as_mni_average_305.4dfp.img
dimensions:      256       256       256
mmppix:       1.0000   -1.0000   -1.0000
center:     128.0000 -129.0000 -129.0000
/opt/freesurfer/average/711-2B_as_mni_average_305_mask.4dfp.img
       256       256       256         1
  1.000000  1.000000  1.000000
orientation T byte_order littleendian
Reading mask: /opt/freesurfer/average/711-2B_as_mni_average_305_mask.4dfp.img (2306576 pixels)
talsrcimg_g11.4dfp.img
       256       256       256         1
  1.000000  1.000000  1.000000
orientation T byte_order littleendian
Reading image: talsrcimg_g11.4dfp.img
dimensions:      256       256       256
mmppix:       1.0000   -1.0000   -1.0000
center:     128.0000 -129.0000 -129.0000
rotation matrix determinant  1.000000
image alignment mode   4355 decimal     1103 hex
   -7.5000  -45.0000  -45.0000 1972.1865   25.3778
    0.0000  -45.0000  -45.0000 1984.2639   25.1561
    7.5000  -45.0000  -45.0000 1970.7510   25.3981
   -7.5000  -37.5000  -45.0000 2077.0454   23.4949
    0.0000  -37.5000  -45.0000 2091.6692   23.3830
    7.5000  -37.5000  -45.0000 2077.9360   23.4821
   -7.5000  -30.0000  -45.0000 2140.7417   22.1600
    0.0000  -30.0000  -45.0000 2149.9243   22.1061
    7.5000  -30.0000  -45.0000 2145.0781   22.1669
   -7.5000  -22.5000  -45.0000 2174.4211   21.4687
    0.0000  -22.5000  -45.0000 2186.2778   21.3669
    7.5000  -22.5000  -45.0000 2179.7869   21.4755
   -7.5000  -15.0000  -45.0000 2176.3621   21.1508
    0.0000  -15.0000  -45.0000 2192.1567   20.9993
    7.5000  -15.0000  -45.0000 2188.0518   21.1862
   -7.5000   -7.5000  -45.0000 2170.9768   21.1469
    0.0000   -7.5000  -45.0000 2187.5261   20.8978
    7.5000   -7.5000  -45.0000 2179.8083   21.1268
   -7.5000    0.0000  -45.0000 2155.3906   21.5017
    0.0000    0.0000  -45.0000 2170.7903   21.2602
    7.5000    0.0000  -45.0000 2155.5781   21.4234
   -7.5000    7.5000  -45.0000 2127.6577   22.2741
    0.0000    7.5000  -45.0000 2138.7148   21.9021
    7.5000    7.5000  -45.0000 2125.2676   22.0687
   -7.5000   15.0000  -45.0000 2082.6123   23.4119
    0.0000   15.0000  -45.0000 2094.3496   22.9954
    7.5000   15.0000  -45.0000 2082.6775   23.1723
   -7.5000   22.5000  -45.0000 2028.4460   25.0780
    0.0000   22.5000  -45.0000 2040.8539   24.5831
    7.5000   22.5000  -45.0000 2029.6398   24.8399
   -7.5000   30.0000  -45.0000 1937.1942   27.2017
    0.0000   30.0000  -45.0000 1959.0116   26.7308
    7.5000   30.0000  -45.0000 1945.2721   27.1098
   -7.5000   37.5000  -45.0000 1833.1023   29.9276
    0.0000   37.5000  -45.0000 1852.9014   29.3997
    7.5000   37.5000  -45.0000 1846.1256   29.9172
   -7.5000   45.0000  -45.0000 1734.4320   33.9266
    0.0000   45.0000  -45.0000 1750.8087   33.3957
    7.5000   45.0000  -45.0000 1744.9772   33.8120
   -7.5000  -45.0000  -37.5000 2077.9805   23.2532
    0.0000  -45.0000  -37.5000 2086.5754   23.0976
    7.5000  -45.0000  -37.5000 2079.3049   23.1975
   -7.5000  -37.5000  -37.5000 2183.6797   21.4932
    0.0000  -37.5000  -37.5000 2195.6055   21.4270
    7.5000  -37.5000  -37.5000 2187.0122   21.5394
   -7.5000  -30.0000  -37.5000 2246.4148   20.3329
    0.0000  -30.0000  -37.5000 2260.0166   20.3197
    7.5000  -30.0000  -37.5000 2249.5215   20.3358
   -7.5000  -22.5000  -37.5000 2278.1858   19.6681
    0.0000  -22.5000  -37.5000 2302.9946   19.6509
    7.5000  -22.5000  -37.5000 2283.5757   19.6227
   -7.5000  -15.0000  -37.5000 2291.3274   19.3638
    0.0000  -15.0000  -37.5000 2312.0181   19.2556
    7.5000  -15.0000  -37.5000 2290.5984   19.2608
   -7.5000   -7.5000  -37.5000 2283.1963   19.3466
    0.0000   -7.5000  -37.5000 2304.6055   19.2054
    7.5000   -7.5000  -37.5000 2285.6956   19.2396
   -7.5000    0.0000  -37.5000 2259.4587   19.6717
    0.0000    0.0000  -37.5000 2280.3103   19.5088
    7.5000    0.0000  -37.5000 2269.8215   19.6044
   -7.5000    7.5000  -37.5000 2235.0100   20.2828
    0.0000    7.5000  -37.5000 2255.6409   20.0979
    7.5000    7.5000  -37.5000 2242.4946   20.2578
   -7.5000   15.0000  -37.5000 2190.9324   21.3713
    0.0000   15.0000  -37.5000 2207.9800   21.0971
    7.5000   15.0000  -37.5000 2197.3391   21.2235
   -7.5000   22.5000  -37.5000 2129.3049   22.8876
    0.0000   22.5000  -37.5000 2144.8530   22.5569
    7.5000   22.5000  -37.5000 2135.0408   22.7163
   -7.5000   30.0000  -37.5000 2041.8242   24.8111
    0.0000   30.0000  -37.5000 2058.3606   24.4326
    7.5000   30.0000  -37.5000 2048.9744   24.7278
   -7.5000   37.5000  -37.5000 1931.8805   27.3811
    0.0000   37.5000  -37.5000 1948.2821   26.9256
    7.5000   37.5000  -37.5000 1936.8926   27.3513
   -7.5000   45.0000  -37.5000 1823.4237   30.9021
    0.0000   45.0000  -37.5000 1837.4958   30.4496
    7.5000   45.0000  -37.5000 1829.5684   30.8401
   -7.5000  -45.0000  -30.0000 2207.3867   22.1626
    0.0000  -45.0000  -30.0000 2226.1135   22.1467
    7.5000  -45.0000  -30.0000 2211.9397   22.1447
   -7.5000  -37.5000  -30.0000 2319.7898   20.4309
    0.0000  -37.5000  -30.0000 2339.5684   20.4697
    7.5000  -37.5000  -30.0000 2327.0254   20.4956
   -7.5000  -30.0000  -30.0000 2384.3438   19.3458
    0.0000  -30.0000  -30.0000 2409.8975   19.3546
    7.5000  -30.0000  -30.0000 2392.0330   19.2994
   -7.5000  -22.5000  -30.0000 2425.3030   18.7228
    0.0000  -22.5000  -30.0000 2444.2000   18.6784
    7.5000  -22.5000  -30.0000 2421.0620   18.6184
   -7.5000  -15.0000  -30.0000 2438.2236   18.3599
    0.0000  -15.0000  -30.0000 2462.0916   18.3045
    7.5000  -15.0000  -30.0000 2437.0042   18.2471
   -7.5000   -7.5000  -30.0000 2440.0623   18.3202
    0.0000   -7.5000  -30.0000 2467.9233   18.2483
    7.5000   -7.5000  -30.0000 2445.0212   18.2275
   -7.5000    0.0000  -30.0000 2418.4231   18.6260
    0.0000    0.0000  -30.0000 2446.5522   18.5807
    7.5000    0.0000  -30.0000 2428.5366   18.6398
   -7.5000    7.5000  -30.0000 2385.5073   19.2595
    0.0000    7.5000  -30.0000 2421.4690   19.1979
    7.5000    7.5000  -30.0000 2396.8752   19.2551
   -7.5000   15.0000  -30.0000 2338.4705   20.2883
    0.0000   15.0000  -30.0000 2364.3645   20.1688
    7.5000   15.0000  -30.0000 2349.5393   20.1947
   -7.5000   22.5000  -30.0000 2269.1372   21.6998
    0.0000   22.5000  -30.0000 2296.5535   21.5280
    7.5000   22.5000  -30.0000 2281.2805   21.6355
   -7.5000   30.0000  -30.0000 2176.9099   23.4862
    0.0000   30.0000  -30.0000 2198.1753   23.3120
    7.5000   30.0000  -30.0000 2185.9004   23.5078
   -7.5000   37.5000  -30.0000 2059.8201   25.8767
    0.0000   37.5000  -30.0000 2080.3965   25.6943
    7.5000   37.5000  -30.0000 2061.3191   25.9486
   -7.5000   45.0000  -30.0000 1933.1180   29.1223
    0.0000   45.0000  -30.0000 1955.9813   28.8870
    7.5000   45.0000  -30.0000 1943.9343   29.1695
   -7.5000  -45.0000  -22.5000 2296.7952   20.9085
    0.0000  -45.0000  -22.5000 2328.9983   20.9364
    7.5000  -45.0000  -22.5000 2304.8860   20.9574
   -7.5000  -37.5000  -22.5000 2415.7012   19.2284
    0.0000  -37.5000  -22.5000 2446.0703   19.3045
    7.5000  -37.5000  -22.5000 2425.6204   19.2800
   -7.5000  -30.0000  -22.5000 2490.8306   18.1920
    0.0000  -30.0000  -22.5000 2516.9006   18.1901
    7.5000  -30.0000  -22.5000 2500.9775   18.1807
   -7.5000  -22.5000  -22.5000 2533.2639   17.5880
    0.0000  -22.5000  -22.5000 2559.8181   17.5666
    7.5000  -22.5000  -22.5000 2539.3792   17.5703
   -7.5000  -15.0000  -22.5000 2561.8955   17.2357
    0.0000  -15.0000  -22.5000 2590.7339   17.2202
    7.5000  -15.0000  -22.5000 2559.7825   17.1931
   -7.5000   -7.5000  -22.5000 2576.7903   17.1846
    0.0000   -7.5000  -22.5000 2606.7708   17.1584
    7.5000   -7.5000  -22.5000 2578.7705   17.1475
   -7.5000    0.0000  -22.5000 2552.9858   17.4541
    0.0000    0.0000  -22.5000 2586.6538   17.4410
    7.5000    0.0000  -22.5000 2558.8931   17.4794
   -7.5000    7.5000  -22.5000 2524.0884   18.1278
    0.0000    7.5000  -22.5000 2563.6477   18.1089
    7.5000    7.5000  -22.5000 2537.4670   18.1389
   -7.5000   15.0000  -22.5000 2470.3816   19.1360
    0.0000   15.0000  -22.5000 2509.9790   19.0920
    7.5000   15.0000  -22.5000 2486.9258   19.1034
   -7.5000   22.5000  -22.5000 2394.0796   20.4864
    0.0000   22.5000  -22.5000 2427.2449   20.3794
    7.5000   22.5000  -22.5000 2406.4636   20.4532
   -7.5000   30.0000  -22.5000 2289.4592   22.2022
    0.0000   30.0000  -22.5000 2319.1042   22.0936
    7.5000   30.0000  -22.5000 2300.7373   22.2521
   -7.5000   37.5000  -22.5000 2167.9583   24.4630
    0.0000   37.5000  -22.5000 2190.5381   24.3140
    7.5000   37.5000  -22.5000 2174.8159   24.5595
   -7.5000   45.0000  -22.5000 2038.9109   27.4925
    0.0000   45.0000  -22.5000 2062.0369   27.2860
    7.5000   45.0000  -22.5000 2047.3761   27.5784
   -7.5000  -45.0000  -15.0000 2352.7244   19.7758
    0.0000  -45.0000  -15.0000 2389.0229   19.7575
    7.5000  -45.0000  -15.0000 2361.6147   19.8595
   -7.5000  -37.5000  -15.0000 2475.5574   18.1488
    0.0000  -37.5000  -15.0000 2510.9497   18.1707
    7.5000  -37.5000  -15.0000 2485.5364   18.1812
   -7.5000  -30.0000  -15.0000 2556.8894   17.0654
    0.0000  -30.0000  -15.0000 2593.6035   17.0681
    7.5000  -30.0000  -15.0000 2572.2581   17.0662
   -7.5000  -22.5000  -15.0000 2611.3245   16.4793
    0.0000  -22.5000  -15.0000 2639.4866   16.4561
    7.5000  -22.5000  -15.0000 2625.9834   16.4970
   -7.5000  -15.0000  -15.0000 2648.3875   16.1765
    0.0000  -15.0000  -15.0000 2679.7847   16.0812
    7.5000  -15.0000  -15.0000 2646.6270   16.1112
   -7.5000   -7.5000  -15.0000 2667.5903   16.0564
    0.0000   -7.5000  -15.0000 2700.5017   16.0429
    7.5000   -7.5000  -15.0000 2669.8137   16.0300
   -7.5000    0.0000  -15.0000 2658.4619   16.2917
    0.0000    0.0000  -15.0000 2690.3967   16.2766
    7.5000    0.0000  -15.0000 2664.0598   16.3055
   -7.5000    7.5000  -15.0000 2633.9800   17.0136
    0.0000    7.5000  -15.0000 2679.5784   16.9779
    7.5000    7.5000  -15.0000 2651.3674   17.0338
   -7.5000   15.0000  -15.0000 2573.5886   18.0000
    0.0000   15.0000  -15.0000 2618.7488   17.9419
    7.5000   15.0000  -15.0000 2591.1814   17.9915
   -7.5000   22.5000  -15.0000 2484.4592   19.2688
    0.0000   22.5000  -15.0000 2520.2905   19.1750
    7.5000   22.5000  -15.0000 2501.5974   19.2442
   -7.5000   30.0000  -15.0000 2369.6860   20.9176
    0.0000   30.0000  -15.0000 2402.1062   20.8569
    7.5000   30.0000  -15.0000 2388.2876   20.9377
   -7.5000   37.5000  -15.0000 2246.3757   23.1017
    0.0000   37.5000  -15.0000 2270.1643   22.9625
    7.5000   37.5000  -15.0000 2257.1155   23.1472
   -7.5000   45.0000  -15.0000 2104.5942   25.9335
    0.0000   45.0000  -15.0000 2127.7170   25.7608
    7.5000   45.0000  -15.0000 2111.8542   25.9964
   -7.5000  -45.0000   -7.5000 2395.6736   18.8518
    0.0000  -45.0000   -7.5000 2421.5012   18.6478
    7.5000  -45.0000   -7.5000 2410.8113   18.9125
   -7.5000  -37.5000   -7.5000 2524.7129   17.2284
    0.0000  -37.5000   -7.5000 2553.5239   17.0736
    7.5000  -37.5000   -7.5000 2541.9763   17.2759
   -7.5000  -30.0000   -7.5000 2621.3118   16.1290
    0.0000  -30.0000   -7.5000 2653.1050   16.0177
    7.5000  -30.0000   -7.5000 2639.7417   16.1474
   -7.5000  -22.5000   -7.5000 2691.9524   15.5095
    0.0000  -22.5000   -7.5000 2722.6877   15.3938
    7.5000  -22.5000   -7.5000 2709.5164   15.4648
   -7.5000  -15.0000   -7.5000 2731.1460   15.1505
    0.0000  -15.0000   -7.5000 2765.2393   15.0310
    7.5000  -15.0000   -7.5000 2736.0955   15.0906
   -7.5000   -7.5000   -7.5000 2754.4634   15.0320
    0.0000   -7.5000   -7.5000 2795.6313   14.9607
    7.5000   -7.5000   -7.5000 2755.4016   15.0099
   -7.5000    0.0000   -7.5000 2750.8479   15.2887
    0.0000    0.0000   -7.5000 2786.2734   15.2098
    7.5000    0.0000   -7.5000 2762.6521   15.2930
   -7.5000    7.5000   -7.5000 2727.2644   15.9563
    0.0000    7.5000   -7.5000 2770.6436   15.8709
    7.5000    7.5000   -7.5000 2742.1392   15.9502
   -7.5000   15.0000   -7.5000 2657.7373   16.8924
    0.0000   15.0000   -7.5000 2699.1072   16.8247
    7.5000   15.0000   -7.5000 2675.5325   16.8677
   -7.5000   22.5000   -7.5000 2563.1926   18.1386
    0.0000   22.5000   -7.5000 2598.5667   18.0443
    7.5000   22.5000   -7.5000 2586.5271   18.1035
   -7.5000   30.0000   -7.5000 2439.0615   19.8024
    0.0000   30.0000   -7.5000 2471.9871   19.7069
    7.5000   30.0000   -7.5000 2457.0486   19.7853
   -7.5000   37.5000   -7.5000 2307.8149   21.9690
    0.0000   37.5000   -7.5000 2334.3423   21.8435
    7.5000   37.5000   -7.5000 2320.4307   21.9528
   -7.5000   45.0000   -7.5000 2158.7058   24.6612
    0.0000   45.0000   -7.5000 2179.9387   24.5119
    7.5000   45.0000   -7.5000 2164.6001   24.6569
   -7.5000  -45.0000    0.0000 2423.7769   18.1604
    0.0000  -45.0000    0.0000 2443.4175   17.8539
    7.5000  -45.0000    0.0000 2437.0327   18.2166
   -7.5000  -37.5000    0.0000 2555.6917   16.5594
    0.0000  -37.5000    0.0000 2578.6545   16.2878
    7.5000  -37.5000    0.0000 2571.5581   16.6038
   -7.5000  -30.0000    0.0000 2657.3743   15.4359
    0.0000  -30.0000    0.0000 2687.2866   15.2177
    7.5000  -30.0000    0.0000 2675.5432   15.4720
   -7.5000  -22.5000    0.0000 2747.1729   14.7571
    0.0000  -22.5000    0.0000 2789.2507   14.5972
    7.5000  -22.5000    0.0000 2764.9658   14.7338
   -7.5000  -15.0000    0.0000 2798.9512   14.3674
    0.0000  -15.0000    0.0000 2845.3582   14.1857
    7.5000  -15.0000    0.0000 2814.3611   14.3109
   -7.5000   -7.5000    0.0000 2833.3550   14.2736
    0.0000   -7.5000    0.0000 2875.8362   14.1094
    7.5000   -7.5000    0.0000 2839.1072   14.2143
   -7.5000    0.0000    0.0000 2832.4148   14.5505
    0.0000    0.0000    0.0000 2867.5042   14.3984
    7.5000    0.0000    0.0000 2842.2280   14.5023
   -7.5000    7.5000    0.0000 2795.8718   15.1506
    0.0000    7.5000    0.0000 2831.4084   15.0331
    7.5000    7.5000    0.0000 2814.2329   15.1307
   -7.5000   15.0000    0.0000 2720.3494   16.0527
    0.0000   15.0000    0.0000 2754.0217   15.9300
    7.5000   15.0000    0.0000 2745.4607   16.0201
   -7.5000   22.5000    0.0000 2617.8621   17.3175
    0.0000   22.5000    0.0000 2652.8591   17.1352
    7.5000   22.5000    0.0000 2642.4941   17.3023
   -7.5000   30.0000    0.0000 2489.3267   19.0401
    0.0000   30.0000    0.0000 2525.2593   18.8592
    7.5000   30.0000    0.0000 2510.7068   19.0404
   -7.5000   37.5000    0.0000 2352.9985   21.1293
    0.0000   37.5000    0.0000 2385.7742   20.9741
    7.5000   37.5000    0.0000 2370.3318   21.1316
   -7.5000   45.0000    0.0000 2196.0127   23.6959
    0.0000   45.0000    0.0000 2219.8501   23.5111
    7.5000   45.0000    0.0000 2211.8630   23.7046
   -7.5000  -45.0000    7.5000 2441.3633   17.8298
    0.0000  -45.0000    7.5000 2451.7002   17.3699
    7.5000  -45.0000    7.5000 2451.1660   17.8681
   -7.5000  -37.5000    7.5000 2571.6052   16.2092
    0.0000  -37.5000    7.5000 2589.9246   15.7967
    7.5000  -37.5000    7.5000 2589.9390   16.2146
   -7.5000  -30.0000    7.5000 2675.3689   15.0603
    0.0000  -30.0000    7.5000 2708.4175   14.7358
    7.5000  -30.0000    7.5000 2696.8938   15.0650
   -7.5000  -22.5000    7.5000 2777.1653   14.3739
    0.0000  -22.5000    7.5000 2819.5276   14.0903
    7.5000  -22.5000    7.5000 2795.6816   14.3638
   -7.5000  -15.0000    7.5000 2845.3625   13.9463
    0.0000  -15.0000    7.5000 2900.1650   13.6311
    7.5000  -15.0000    7.5000 2861.7285   13.8954
   -7.5000   -7.5000    7.5000 2898.4458   13.8155
    0.0000   -7.5000    7.5000 2954.0967   13.5077
    7.5000   -7.5000    7.5000 2911.2019   13.7786
   -7.5000    0.0000    7.5000 2897.9968   14.0996
    0.0000    0.0000    7.5000 2948.0637   13.8464
    7.5000    0.0000    7.5000 2921.3052   14.1121
   -7.5000    7.5000    7.5000 2855.0471   14.7015
    0.0000    7.5000    7.5000 2891.6868   14.4714
    7.5000    7.5000    7.5000 2882.9487   14.7132
   -7.5000   15.0000    7.5000 2767.9612   15.5997
    0.0000   15.0000    7.5000 2806.5688   15.3182
    7.5000   15.0000    7.5000 2798.6179   15.5509
   -7.5000   22.5000    7.5000 2661.3562   16.8850
    0.0000   22.5000    7.5000 2696.2175   16.6265
    7.5000   22.5000    7.5000 2684.4858   16.8333
   -7.5000   30.0000    7.5000 2532.1816   18.5990
    0.0000   30.0000    7.5000 2561.4812   18.3764
    7.5000   30.0000    7.5000 2545.2002   18.5561
   -7.5000   37.5000    7.5000 2389.4397   20.6536
    0.0000   37.5000    7.5000 2418.1572   20.4809
    7.5000   37.5000    7.5000 2401.8416   20.6667
   -7.5000   45.0000    7.5000 2222.9631   23.1760
    0.0000   45.0000    7.5000 2250.8657   22.9647
    7.5000   45.0000    7.5000 2241.4666   23.2214
   -7.5000  -45.0000   15.0000 2431.3967   17.8157
    0.0000  -45.0000   15.0000 2445.5996   17.2892
    7.5000  -45.0000   15.0000 2440.7952   17.7543
   -7.5000  -37.5000   15.0000 2556.8042   16.1286
    0.0000  -37.5000   15.0000 2575.6125   15.6799
    7.5000  -37.5000   15.0000 2573.8716   16.0766
   -7.5000  -30.0000   15.0000 2674.0496   14.9664
    0.0000  -30.0000   15.0000 2693.8799   14.5339
    7.5000  -30.0000   15.0000 2693.5068   14.9467
   -7.5000  -22.5000   15.0000 2778.7864   14.2717
    0.0000  -22.5000   15.0000 2803.5234   13.8734
    7.5000  -22.5000   15.0000 2798.7029   14.2415
   -7.5000  -15.0000   15.0000 2864.4216   13.9520
    0.0000  -15.0000   15.0000 2910.7261   13.5570
    7.5000  -15.0000   15.0000 2882.3506   13.9093
   -7.5000   -7.5000   15.0000 2935.8557   13.7585
    0.0000   -7.5000   15.0000 2995.9988   13.3555
    7.5000   -7.5000   15.0000 2949.3796   13.7679
   -7.5000    0.0000   15.0000 2940.5107   13.9803
    0.0000    0.0000   15.0000 2994.0605   13.5649
    7.5000    0.0000   15.0000 2954.5181   13.9629
   -7.5000    7.5000   15.0000 2877.5574   14.6056
    0.0000    7.5000   15.0000 2924.4473   14.2658
    7.5000    7.5000   15.0000 2905.2915   14.5134
   -7.5000   15.0000   15.0000 2790.4980   15.5273
    0.0000   15.0000   15.0000 2830.9404   15.2378
    7.5000   15.0000   15.0000 2818.4016   15.3826
   -7.5000   22.5000   15.0000 2674.5029   16.7862
    0.0000   22.5000   15.0000 2715.6433   16.5344
    7.5000   22.5000   15.0000 2700.6128   16.6214
   -7.5000   30.0000   15.0000 2541.2566   18.4181
    0.0000   30.0000   15.0000 2579.1509   18.2532
    7.5000   30.0000   15.0000 2563.7583   18.3156
   -7.5000   37.5000   15.0000 2394.1030   20.3914
    0.0000   37.5000   15.0000 2431.3530   20.3202
    7.5000   37.5000   15.0000 2409.9524   20.4331
   -7.5000   45.0000   15.0000 2236.6543   22.8824
    0.0000   45.0000   15.0000 2266.8967   22.7753
    7.5000   45.0000   15.0000 2250.9907   22.9137
   -7.5000  -45.0000   22.5000 2417.8804   18.0360
    0.0000  -45.0000   22.5000 2428.4019   17.4860
    7.5000  -45.0000   22.5000 2425.8369   17.9062
   -7.5000  -37.5000   22.5000 2552.8835   16.4089
    0.0000  -37.5000   22.5000 2562.6965   15.8871
    7.5000  -37.5000   22.5000 2559.0342   16.3008
   -7.5000  -30.0000   22.5000 2673.8044   15.3183
    0.0000  -30.0000   22.5000 2685.9773   14.7966
    7.5000  -30.0000   22.5000 2684.4429   15.1922
   -7.5000  -22.5000   22.5000 2776.3706   14.6143
    0.0000  -22.5000   22.5000 2797.5686   14.2068
    7.5000  -22.5000   22.5000 2789.2107   14.5228
   -7.5000  -15.0000   22.5000 2843.0952   14.1281
    0.0000  -15.0000   22.5000 2891.9988   13.8515
    7.5000  -15.0000   22.5000 2861.9573   14.0910
   -7.5000   -7.5000   22.5000 2903.4363   13.8574
    0.0000   -7.5000   22.5000 2960.5422   13.5534
    7.5000   -7.5000   22.5000 2911.4065   13.7982
   -7.5000    0.0000   22.5000 2915.9963   14.0460
    0.0000    0.0000   22.5000 2963.6638   13.7725
    7.5000    0.0000   22.5000 2922.2671   13.9762
   -7.5000    7.5000   22.5000 2862.1301   14.7279
    0.0000    7.5000   22.5000 2910.6797   14.5238
    7.5000    7.5000   22.5000 2887.7876   14.6193
   -7.5000   15.0000   22.5000 2782.3616   15.7066
    0.0000   15.0000   22.5000 2823.9341   15.4777
    7.5000   15.0000   22.5000 2807.4421   15.5300
   -7.5000   22.5000   22.5000 2668.3665   16.9668
    0.0000   22.5000   22.5000 2702.4331   16.7099
    7.5000   22.5000   22.5000 2692.4980   16.7436
   -7.5000   30.0000   22.5000 2533.8989   18.5225
    0.0000   30.0000   22.5000 2569.1619   18.3024
    7.5000   30.0000   22.5000 2558.5596   18.3788
   -7.5000   37.5000   22.5000 2391.9675   20.4066
    0.0000   37.5000   22.5000 2422.7051   20.2449
    7.5000   37.5000   22.5000 2408.4878   20.3853
   -7.5000   45.0000   22.5000 2231.8464   22.8498
    0.0000   45.0000   22.5000 2260.2156   22.7792
    7.5000   45.0000   22.5000 2243.9614   22.8592
   -7.5000  -45.0000   30.0000 2399.0840   18.4863
    0.0000  -45.0000   30.0000 2423.0107   18.1956
    7.5000  -45.0000   30.0000 2402.2410   18.3937
   -7.5000  -37.5000   30.0000 2531.6033   16.9099
    0.0000  -37.5000   30.0000 2561.1377   16.6224
    7.5000  -37.5000   30.0000 2540.0935   16.8395
   -7.5000  -30.0000   30.0000 2650.7129   15.8301
    0.0000  -30.0000   30.0000 2680.4216   15.5360
    7.5000  -30.0000   30.0000 2663.2371   15.7561
   -7.5000  -22.5000   30.0000 2741.6272   15.0720
    0.0000  -22.5000   30.0000 2773.4297   14.8060
    7.5000  -22.5000   30.0000 2759.3164   14.9937
   -7.5000  -15.0000   30.0000 2807.7063   14.5394
    0.0000  -15.0000   30.0000 2848.8530   14.2214
    7.5000  -15.0000   30.0000 2818.3477   14.4416
   -7.5000   -7.5000   30.0000 2856.2576   14.2719
    0.0000   -7.5000   30.0000 2903.9004   13.9525
    7.5000   -7.5000   30.0000 2863.4802   14.1683
   -7.5000    0.0000   30.0000 2859.7803   14.4768
    0.0000    0.0000   30.0000 2911.9033   14.2550
    7.5000    0.0000   30.0000 2875.9221   14.4020
   -7.5000    7.5000   30.0000 2808.8818   15.1641
    0.0000    7.5000   30.0000 2857.3572   15.0074
    7.5000    7.5000   30.0000 2837.7656   15.0874
   -7.5000   15.0000   30.0000 2731.3582   16.1431
    0.0000   15.0000   30.0000 2777.4375   16.0432
    7.5000   15.0000   30.0000 2759.1165   16.0099
   -7.5000   22.5000   30.0000 2629.9343   17.3619
    0.0000   22.5000   30.0000 2666.4468   17.2484
    7.5000   22.5000   30.0000 2651.6746   17.2341
   -7.5000   30.0000   30.0000 2500.2063   18.8642
    0.0000   30.0000   30.0000 2537.7932   18.7246
    7.5000   30.0000   30.0000 2523.5955   18.7261
   -7.5000   37.5000   30.0000 2359.0261   20.6944
    0.0000   37.5000   30.0000 2394.5559   20.5277
    7.5000   37.5000   30.0000 2379.6521   20.5769
   -7.5000   45.0000   30.0000 2201.4771   23.1465
    0.0000   45.0000   30.0000 2229.3711   22.9254
    7.5000   45.0000   30.0000 2220.2000   23.0308
   -7.5000  -45.0000   37.5000 2366.3391   19.2340
    0.0000  -45.0000   37.5000 2407.5039   19.0267
    7.5000  -45.0000   37.5000 2375.4775   19.1783
   -7.5000  -37.5000   37.5000 2495.9539   17.5685
    0.0000  -37.5000   37.5000 2539.8396   17.3616
    7.5000  -37.5000   37.5000 2508.4253   17.5385
   -7.5000  -30.0000   37.5000 2615.1196   16.4458
    0.0000  -30.0000   37.5000 2654.7375   16.2004
    7.5000  -30.0000   37.5000 2629.8977   16.3847
   -7.5000  -22.5000   37.5000 2705.1045   15.7131
    0.0000  -22.5000   37.5000 2735.5454   15.3565
    7.5000  -22.5000   37.5000 2716.5432   15.5809
   -7.5000  -15.0000   37.5000 2766.6719   15.2052
    0.0000  -15.0000   37.5000 2808.4519   14.8256
    7.5000  -15.0000   37.5000 2774.0835   15.0538
   -7.5000   -7.5000   37.5000 2799.9390   14.9399
    0.0000   -7.5000   37.5000 2847.7952   14.6364
    7.5000   -7.5000   37.5000 2812.5000   14.8269
   -7.5000    0.0000   37.5000 2793.3779   15.1497
    0.0000    0.0000   37.5000 2842.0603   14.8888
    7.5000    0.0000   37.5000 2814.6086   15.0901
   -7.5000    7.5000   37.5000 2745.4292   15.8405
    0.0000    7.5000   37.5000 2790.2395   15.5875
    7.5000    7.5000   37.5000 2770.5173   15.7547
   -7.5000   15.0000   37.5000 2676.5967   16.8622
    0.0000   15.0000   37.5000 2712.4280   16.6060
    7.5000   15.0000   37.5000 2698.8005   16.6730
   -7.5000   22.5000   37.5000 2572.2876   18.0445
    0.0000   22.5000   37.5000 2611.5386   17.8780
    7.5000   22.5000   37.5000 2599.4282   17.8601
   -7.5000   30.0000   37.5000 2449.8457   19.5311
    0.0000   30.0000   37.5000 2488.5728   19.4032
    7.5000   30.0000   37.5000 2475.5034   19.3811
   -7.5000   37.5000   37.5000 2313.8845   21.3738
    0.0000   37.5000   37.5000 2345.0791   21.1899
    7.5000   37.5000   37.5000 2335.3455   21.1919
   -7.5000   45.0000   37.5000 2158.0725   23.7632
    0.0000   45.0000   37.5000 2185.5840   23.5199
    7.5000   45.0000   37.5000 2178.4773   23.5348
   -7.5000  -45.0000   45.0000 2324.2319   20.0971
    0.0000  -45.0000   45.0000 2366.5686   19.9905
    7.5000  -45.0000   45.0000 2339.4116   20.0862
   -7.5000  -37.5000   45.0000 2449.7075   18.4252
    0.0000  -37.5000   45.0000 2488.8511   18.2639
    7.5000  -37.5000   45.0000 2468.1624   18.3975
   -7.5000  -30.0000   45.0000 2564.1611   17.2657
    0.0000  -30.0000   45.0000 2595.2207   17.0175
    7.5000  -30.0000   45.0000 2583.2073   17.2159
   -7.5000  -22.5000   45.0000 2642.4248   16.5141
    0.0000  -22.5000   45.0000 2674.8464   16.1791
    7.5000  -22.5000   45.0000 2660.2170   16.3788
   -7.5000  -15.0000   45.0000 2692.4736   16.0038
    0.0000  -15.0000   45.0000 2724.9197   15.6757
    7.5000  -15.0000   45.0000 2707.3577   15.8742
   -7.5000   -7.5000   45.0000 2723.0457   15.7986
    0.0000   -7.5000   45.0000 2760.9690   15.5297
    7.5000   -7.5000   45.0000 2736.9675   15.6979
   -7.5000    0.0000   45.0000 2713.2622   15.9911
    0.0000    0.0000   45.0000 2756.0007   15.7405
    7.5000    0.0000   45.0000 2733.8958   15.9483
   -7.5000    7.5000   45.0000 2669.3340   16.6536
    0.0000    7.5000   45.0000 2708.1914   16.4140
    7.5000    7.5000   45.0000 2688.9124   16.5781
   -7.5000   15.0000   45.0000 2600.8965   17.6635
    0.0000   15.0000   45.0000 2633.2390   17.4093
    7.5000   15.0000   45.0000 2617.3838   17.5106
   -7.5000   22.5000   45.0000 2500.0454   18.8878
    0.0000   22.5000   45.0000 2539.3235   18.6413
    7.5000   22.5000   45.0000 2524.5005   18.7019
   -7.5000   30.0000   45.0000 2379.0491   20.3999
    0.0000   30.0000   45.0000 2416.5051   20.2137
    7.5000   30.0000   45.0000 2404.1985   20.2334
   -7.5000   37.5000   45.0000 2247.4512   22.2082
    0.0000   37.5000   45.0000 2275.4692   22.0544
    7.5000   37.5000   45.0000 2264.5728   22.1120
   -7.5000   45.0000   45.0000 2101.5522   24.5361
    0.0000   45.0000   45.0000 2131.8640   24.3639
    7.5000   45.0000   45.0000 2115.4998   24.4824

---------------------------------------------------------------------
imgreg_4dfp /opt/freesurfer/average/711-2C_as_mni_average_305 /opt/freesurfer/average/711-2B_as_mni_average_305_mask talsrcimg_g11 none talsrcimg_to_711-2C_as_mni_average_305_t4 1283
---------------------------------------------------------------------

freesurfer imgreg_4dfp.c
/opt/freesurfer/average/711-2C_as_mni_average_305.4dfp.img
       256       256       256         1
  1.000000  1.000000  1.000000
orientation T byte_order littleendian
Reading image: /opt/freesurfer/average/711-2C_as_mni_average_305.4dfp.img
dimensions:      256       256       256
mmppix:       1.0000   -1.0000   -1.0000
center:     128.0000 -129.0000 -129.0000
/opt/freesurfer/average/711-2B_as_mni_average_305_mask.4dfp.img
       256       256       256         1
  1.000000  1.000000  1.000000
orientation T byte_order littleendian
Reading mask: /opt/freesurfer/average/711-2B_as_mni_average_305_mask.4dfp.img (2306576 pixels)
talsrcimg_g11.4dfp.img
       256       256       256         1
  1.000000  1.000000  1.000000
orientation T byte_order littleendian
Reading image: talsrcimg_g11.4dfp.img
dimensions:      256       256       256
mmppix:       1.0000   -1.0000   -1.0000
center:     128.0000 -129.0000 -129.0000
rotation matrix determinant  1.000000
fimgreg.f
image alignment mode   1283 decimal      503 hex
parameters
    0.0000   -7.5000   15.0000    0.0000    0.0000    0.0000
eta,q 0.93856 13.27964
niter,ni,del,rscale     5    3   12.0000    1.2000
parameter  2 -0.749119 -> -0.500000 qaram    1.1500
parameters
    0.6410   -4.0500   15.7442    1.9536    1.6122   -1.1568
eta,q 0.94066 13.34222
  0.0727  0.0852  0.0679  0.0680  0.0660  0.0630
  0.0695  0.0783  0.0637  0.0619  0.0636  0.0607
  0.0665  0.0710  0.0607  0.0591  0.0607  0.0594
  0.0638  0.0631  0.0601  0.0598  0.0598  0.0599
  0.0652  0.0594  0.0605  0.0598  0.0600  0.0618
  0.0676  0.0600  0.0614  0.0589  0.0606  0.0636
  0.0699  0.0601  0.0646  0.0601  0.0617  0.0652
niter,ni,del,rscale     5    3   12.0000    1.2000
parameters
    0.7214   -3.6432   15.9177    0.6108    1.0983   -1.3859
eta,q 0.94091 13.31621
  0.0683  0.0725  0.0650  0.0608  0.0632  0.0642
  0.0649  0.0662  0.0620  0.0591  0.0606  0.0609
  0.0603  0.0613  0.0600  0.0592  0.0592  0.0592
  0.0593  0.0594  0.0593  0.0593  0.0594  0.0592
  0.0604  0.0597  0.0594  0.0596  0.0601  0.0610
  0.0629  0.0633  0.0604  0.0610  0.0611  0.0625
  0.0689  0.0704  0.0652  0.0636  0.0652  0.0636
niter,ni,del,rscale     4    3   12.0000    1.2000
parameters
    0.4730   -3.3698   15.5682    1.1622    1.0778   -1.3027
eta,q 0.94087 13.34835
  0.0667  0.0730  0.0635  0.0638  0.0633  0.0652
  0.0637  0.0649  0.0600  0.0588  0.0610  0.0617
  0.0594  0.0594  0.0591  0.0583  0.0593  0.0595
  0.0591  0.0589  0.0590  0.0590  0.0591  0.0591
  0.0612  0.0600  0.0589  0.0588  0.0600  0.0607
  0.0633  0.0639  0.0603  0.0592  0.0608  0.0623
  0.0685  0.0702  0.0655  0.0611  0.0632  0.0640
niter,ni,del,rscale     3    3   12.0000    1.2000
parameters
    0.5569   -3.3665   15.7601    0.9301    1.1269   -1.3418
eta,q 0.94090 13.33348
  0.0677  0.0716  0.0644  0.0620  0.0635  0.0648
  0.0648  0.0639  0.0606  0.0585  0.0611  0.0614
  0.0600  0.0595  0.0592  0.0587  0.0594  0.0594
  0.0591  0.0592  0.0592  0.0591  0.0591  0.0591
  0.0610  0.0600  0.0589  0.0588  0.0600  0.0608
  0.0628  0.0643  0.0595  0.0597  0.0608  0.0624
  0.0679  0.0711  0.0642  0.0620  0.0633  0.0639
niter,ni,del,rscale     2    3   12.0000    1.2000
parameters
    0.5417   -3.3672   15.6680    1.0473    1.1270   -1.3140
eta,q 0.94086 13.34055
  0.0674  0.0718  0.0639  0.0627  0.0634  0.0650
  0.0645  0.0639  0.0603  0.0586  0.0610  0.0616
  0.0598  0.0593  0.0592  0.0586  0.0593  0.0595
  0.0591  0.0591  0.0591  0.0591  0.0591  0.0591
  0.0611  0.0601  0.0589  0.0588  0.0600  0.0607
  0.0629  0.0645  0.0599  0.0595  0.0608  0.0623
  0.0681  0.0711  0.0649  0.0616  0.0633  0.0639
niter,ni,del,rscale     1    3   12.0000    1.2000
parameters
    0.5626   -3.3676   15.7105    0.9885    1.1404   -1.3225
eta,q 0.94087 13.33723
  0.0675  0.0717  0.0641  0.0624  0.0635  0.0649
  0.0646  0.0639  0.0605  0.0586  0.0610  0.0615
  0.0599  0.0594  0.0592  0.0587  0.0594  0.0595
  0.0591  0.0591  0.0591  0.0591  0.0591  0.0591
  0.0611  0.0601  0.0589  0.0589  0.0600  0.0608
  0.0629  0.0645  0.0597  0.0596  0.0608  0.0624
  0.0681  0.0711  0.0646  0.0618  0.0634  0.0639
registration optimization eta report
parameter search radius
    6.0000    6.9000    6.0000    6.0000    6.0000    6.0000
100000*second partial in parameter space
       23.       27.       16.        9.       12.       14.
  0.0675  0.0717  0.0641  0.0624  0.0635  0.0649
  0.0646  0.0639  0.0605  0.0586  0.0610  0.0615
  0.0599  0.0594  0.0592  0.0587  0.0594  0.0595
  0.0591  0.0591  0.0591  0.0591  0.0591  0.0591
  0.0611  0.0601  0.0589  0.0589  0.0600  0.0608
  0.0629  0.0645  0.0597  0.0596  0.0608  0.0624
  0.0681  0.0711  0.0646  0.0618  0.0634  0.0639
    0.5626   -3.3676   15.7105    0.9885    1.1404   -1.3225
eta,q 0.94087 13.33723

---------------------------------------------------------------------
imgreg_4dfp /opt/freesurfer/average/711-2C_as_mni_average_305 /opt/freesurfer/average/711-2B_as_mni_average_305_mask talsrcimg_g11 none talsrcimg_to_711-2C_as_mni_average_305_t4 3335
---------------------------------------------------------------------

freesurfer imgreg_4dfp.c
/opt/freesurfer/average/711-2C_as_mni_average_305.4dfp.img
       256       256       256         1
  1.000000  1.000000  1.000000
orientation T byte_order littleendian
Reading image: /opt/freesurfer/average/711-2C_as_mni_average_305.4dfp.img
dimensions:      256       256       256
mmppix:       1.0000   -1.0000   -1.0000
center:     128.0000 -129.0000 -129.0000
/opt/freesurfer/average/711-2B_as_mni_average_305_mask.4dfp.img
       256       256       256         1
  1.000000  1.000000  1.000000
orientation T byte_order littleendian
Reading mask: /opt/freesurfer/average/711-2B_as_mni_average_305_mask.4dfp.img (2306576 pixels)
talsrcimg_g11.4dfp.img
       256       256       256         1
  1.000000  1.000000  1.000000
orientation T byte_order littleendian
Reading image: talsrcimg_g11.4dfp.img
dimensions:      256       256       256
mmppix:       1.0000   -1.0000   -1.0000
center:     128.0000 -129.0000 -129.0000
fimgreg.f
image alignment mode   3335 decimal      D07 hex
parameters
    0.5626   -3.3676   15.7105   -0.0464   -0.0407   -0.0347
    2.2734   -2.0292   -2.3076   -1.6787    1.9902    1.7248
eta,q 0.94519 13.35454
niter,ni,del,rscale     5    3    5.0000    1.2000
parameter  4 17.839005 ->  0.500000 qaram    1.1500
parameter  5  2.392567 ->  0.500000 qaram    1.1500
parameter  6  1.018823 ->  0.500000 qaram    1.1500
parameters
    1.0595   -3.5905   15.4828   -4.1864   -4.1807   -4.1747
    2.3383   -0.0256   -0.2483   -0.0090    2.4279    2.8396
eta,q 0.96562 13.34525
  0.0563  0.0564  0.0560  0.0398  0.0375  0.0355  0.0390  0.0457  0.0383  0.0395  0.0380  0.0368
  0.0556  0.0554  0.0552  0.0435  0.0399  0.0359  0.0375  0.0422  0.0368  0.0375  0.0362  0.0356
  0.0551  0.0548  0.0548  0.0488  0.0421  0.0373  0.0365  0.0390  0.0357  0.0360  0.0350  0.0348
  0.0548  0.0547  0.0546  0.0546  0.0449  0.0405  0.0362  0.0362  0.0350  0.0348  0.0344  0.0344
  0.0546  0.0551  0.0549  0.0599  0.0485  0.0453  0.0365  0.0350  0.0348  0.0344  0.0347  0.0344
  0.0548  0.0559  0.0556  0.0648  0.0523  0.0508  0.0374  0.0365  0.0351  0.0351  0.0357  0.0348
  0.0555  0.0573  0.0567  0.0699  0.0564  0.0563  0.0389  0.0397  0.0359  0.0368  0.0373  0.0356
niter,ni,del,rscale     7    3    5.0000    1.2000
parameter  4  0.987550 ->  0.500000 qaram    1.3225
parameter  5  1.344513 ->  0.500000 qaram    1.3225
parameters
    0.5481   -4.6579   15.8572   -8.9474   -8.9417   -5.0364
    1.1230   -0.2288   -0.5036    0.6782    2.4715    4.3777
eta,q 0.97583 13.27446
  0.0373  0.0345  0.0374  0.0280  0.0234  0.0292  0.0271  0.0317  0.0271  0.0291  0.0262  0.0266
  0.0353  0.0337  0.0355  0.0279  0.0236  0.0274  0.0253  0.0275  0.0256  0.0267  0.0251  0.0255
  0.0342  0.0336  0.0342  0.0294  0.0253  0.0257  0.0244  0.0250  0.0246  0.0251  0.0245  0.0247
  0.0344  0.0342  0.0336  0.0335  0.0281  0.0240  0.0245  0.0244  0.0243  0.0243  0.0243  0.0243
  0.0358  0.0353  0.0336  0.0401  0.0316  0.0236  0.0254  0.0253  0.0248  0.0245  0.0244  0.0242
  0.0382  0.0369  0.0343  0.0467  0.0353  0.0277  0.0272  0.0281  0.0259  0.0255  0.0250  0.0245
  0.0416  0.0388  0.0356  0.0529  0.0389  0.0349  0.0296  0.0326  0.0274  0.0277  0.0262  0.0252
niter,ni,del,rscale     7    3    5.0000    1.2000
parameters
    0.2676   -5.0179   15.3302  -11.6008  -11.2966   -4.6959
    1.1824   -0.3906   -0.8143    0.3646    3.3187    4.5801
eta,q 0.97627 13.13326
  0.0279  0.0266  0.0252  0.0274  0.0275  0.0290  0.0275  0.0301  0.0259  0.0270  0.0253  0.0251
  0.0255  0.0250  0.0243  0.0256  0.0256  0.0273  0.0255  0.0264  0.0247  0.0252  0.0245  0.0244
  0.0243  0.0241  0.0239  0.0244  0.0242  0.0258  0.0242  0.0244  0.0240  0.0242  0.0241  0.0240
  0.0242  0.0241  0.0240  0.0239  0.0242  0.0240  0.0238  0.0238  0.0238  0.0238  0.0238  0.0237
  0.0251  0.0249  0.0245  0.0257  0.0262  0.0227  0.0242  0.0245  0.0241  0.0242  0.0238  0.0238
  0.0271  0.0265  0.0255  0.0315  0.0298  0.0247  0.0254  0.0268  0.0250  0.0255  0.0241  0.0242
  0.0301  0.0286  0.0269  0.0390  0.0337  0.0303  0.0273  0.0307  0.0263  0.0278  0.0248  0.0251
niter,ni,del,rscale     6    3    5.0000    1.2000
parameters
    0.2381   -4.9126   15.5054  -11.6922  -11.7111   -4.5957
    1.2349   -0.5926   -1.0418    0.4752    3.4481    4.5891
eta,q 0.97624 13.11860
  0.0278  0.0272  0.0257  0.0291  0.0289  0.0287  0.0274  0.0298  0.0259  0.0271  0.0250  0.0250
  0.0255  0.0254  0.0246  0.0269  0.0267  0.0271  0.0254  0.0263  0.0247  0.0253  0.0244  0.0244
  0.0241  0.0242  0.0239  0.0251  0.0249  0.0256  0.0242  0.0244  0.0240  0.0243  0.0240  0.0240
  0.0237  0.0237  0.0237  0.0237  0.0238  0.0238  0.0238  0.0238  0.0238  0.0238  0.0238  0.0238
  0.0242  0.0240  0.0239  0.0232  0.0244  0.0227  0.0242  0.0244  0.0241  0.0240  0.0238  0.0239
  0.0257  0.0250  0.0243  0.0253  0.0268  0.0248  0.0254  0.0267  0.0249  0.0251  0.0242  0.0243
  0.0280  0.0266  0.0251  0.0312  0.0306  0.0307  0.0272  0.0307  0.0262  0.0271  0.0250  0.0251
niter,ni,del,rscale     5    3    5.0000    1.2000
parameters
    0.2080   -4.8739   15.5587  -11.6140  -11.8314   -4.5871
    1.3025   -0.6457   -1.1240    0.5272    3.4685    4.5974
eta,q 0.97625 13.11818
  0.0277  0.0270  0.0256  0.0292  0.0291  0.0286  0.0273  0.0301  0.0260  0.0270  0.0249  0.0250
  0.0255  0.0252  0.0245  0.0270  0.0268  0.0270  0.0254  0.0264  0.0247  0.0253  0.0243  0.0244
  0.0242  0.0241  0.0239  0.0252  0.0250  0.0256  0.0242  0.0245  0.0240  0.0242  0.0239  0.0239
  0.0238  0.0238  0.0238  0.0238  0.0237  0.0238  0.0238  0.0238  0.0238  0.0238  0.0238  0.0238
  0.0243  0.0241  0.0239  0.0231  0.0241  0.0226  0.0242  0.0243  0.0241  0.0240  0.0238  0.0238
  0.0257  0.0251  0.0245  0.0250  0.0264  0.0249  0.0254  0.0265  0.0248  0.0251  0.0242  0.0243
  0.0279  0.0267  0.0253  0.0309  0.0301  0.0309  0.0272  0.0304  0.0260  0.0271  0.0250  0.0251
niter,ni,del,rscale     4    3    5.0000    1.2000
parameters
    0.1972   -4.8583   15.5672  -11.5919  -11.8641   -4.5931
    1.3291   -0.6594   -1.1483    0.5500    3.4862    4.5846
eta,q 0.97625 13.11773
  0.0278  0.0269  0.0255  0.0292  0.0291  0.0286  0.0273  0.0301  0.0260  0.0270  0.0249  0.0250
  0.0255  0.0252  0.0244  0.0270  0.0268  0.0270  0.0254  0.0265  0.0248  0.0252  0.0243  0.0244
  0.0242  0.0241  0.0239  0.0252  0.0250  0.0255  0.0242  0.0245  0.0240  0.0242  0.0239  0.0239
  0.0238  0.0237  0.0238  0.0238  0.0237  0.0237  0.0238  0.0238  0.0238  0.0238  0.0238  0.0238
  0.0242  0.0241  0.0240  0.0231  0.0241  0.0227  0.0242  0.0243  0.0240  0.0240  0.0238  0.0238
  0.0256  0.0251  0.0245  0.0251  0.0263  0.0250  0.0254  0.0264  0.0248  0.0251  0.0242  0.0243
  0.0278  0.0268  0.0254  0.0310  0.0299  0.0310  0.0272  0.0303  0.0260  0.0271  0.0250  0.0251
registration optimization eta report
parameter search radius
    2.4000    2.4000    2.4000    9.5220    9.5220    8.2800
    7.2000    7.2000    7.2000    7.2000    7.2000    7.2000
100000*second partial in parameter space
       70.       53.       29.        7.        6.        9.
        7.       13.        4.        6.        2.        3.
  0.0278  0.0269  0.0255  0.0292  0.0291  0.0286  0.0273  0.0301  0.0260  0.0270  0.0249  0.0250
  0.0255  0.0252  0.0244  0.0270  0.0268  0.0270  0.0254  0.0265  0.0248  0.0252  0.0243  0.0244
  0.0242  0.0241  0.0239  0.0252  0.0250  0.0255  0.0242  0.0245  0.0240  0.0242  0.0239  0.0239
  0.0238  0.0237  0.0238  0.0238  0.0237  0.0237  0.0238  0.0238  0.0238  0.0238  0.0238  0.0238
  0.0242  0.0241  0.0240  0.0231  0.0241  0.0227  0.0242  0.0243  0.0240  0.0240  0.0238  0.0238
  0.0256  0.0251  0.0245  0.0251  0.0263  0.0250  0.0254  0.0264  0.0248  0.0251  0.0242  0.0243
  0.0278  0.0268  0.0254  0.0310  0.0299  0.0310  0.0272  0.0303  0.0260  0.0271  0.0250  0.0251
    0.1972   -4.8583   15.5672  -11.5919  -11.8641   -4.5931
    1.3291   -0.6594   -1.1483    0.5500    3.4862    4.5846
eta,q 0.97625 13.11773

---------------------------------------------------------------------
imgreg_4dfp /opt/freesurfer/average/711-2C_as_mni_average_305 /opt/freesurfer/average/711-2B_as_mni_average_305_mask talsrcimg_g11 none talsrcimg_to_711-2C_as_mni_average_305_t4 2311
---------------------------------------------------------------------

freesurfer imgreg_4dfp.c
/opt/freesurfer/average/711-2C_as_mni_average_305.4dfp.img
       256       256       256         1
  1.000000  1.000000  1.000000
orientation T byte_order littleendian
Reading image: /opt/freesurfer/average/711-2C_as_mni_average_305.4dfp.img
dimensions:      256       256       256
mmppix:       1.0000   -1.0000   -1.0000
center:     128.0000 -129.0000 -129.0000
/opt/freesurfer/average/711-2B_as_mni_average_305_mask.4dfp.img
       256       256       256         1
  1.000000  1.000000  1.000000
orientation T byte_order littleendian
Reading mask: /opt/freesurfer/average/711-2B_as_mni_average_305_mask.4dfp.img (2306576 pixels)
talsrcimg_g11.4dfp.img
       256       256       256         1
  1.000000  1.000000  1.000000
orientation T byte_order littleendian
Reading image: talsrcimg_g11.4dfp.img
dimensions:      256       256       256
mmppix:       1.0000   -1.0000   -1.0000
center:     128.0000 -129.0000 -129.0000
fimgreg.f
image alignment mode   2311 decimal      907 hex
parameters
    0.1972   -4.8583   15.5672  -11.5919  -11.8641   -4.5931
    1.3291   -0.6594   -1.1483    0.5500    3.4862    4.5846
eta,q 0.97625 13.11771
niter,ni,del,rscale     5    3    5.0000    0.8000
parameter  4 -0.567456 -> -0.500000 qaram    1.1500
parameters
    0.1800   -4.8745   15.5159   -8.8319  -11.6252   -3.6803
    1.6298   -0.7628   -0.9957    0.5608    3.1400    3.8446
eta,q 0.97736 13.24035
  0.0255  0.0251  0.0244  0.0260  0.0251  0.0262  0.0248  0.0272  0.0240  0.0245  0.0237  0.0232
  0.0245  0.0243  0.0240  0.0252  0.0242  0.0252  0.0237  0.0247  0.0233  0.0236  0.0231  0.0229
  0.0239  0.0239  0.0238  0.0244  0.0236  0.0242  0.0230  0.0231  0.0228  0.0229  0.0227  0.0227
  0.0238  0.0238  0.0237  0.0238  0.0231  0.0231  0.0227  0.0227  0.0227  0.0227  0.0227  0.0226
  0.0240  0.0239  0.0239  0.0233  0.0232  0.0225  0.0228  0.0233  0.0228  0.0228  0.0229  0.0228
  0.0246  0.0244  0.0241  0.0232  0.0238  0.0231  0.0233  0.0250  0.0232  0.0235  0.0233  0.0232
  0.0256  0.0252  0.0245  0.0237  0.0249  0.0251  0.0244  0.0275  0.0238  0.0246  0.0241  0.0238
niter,ni,del,rscale     5    3    5.0000    0.8000
parameters
    0.1881   -4.8584   15.7889  -10.0751  -11.4929   -2.9570
    1.5195   -0.6188   -0.9105    0.4846    3.0046    3.5482
eta,q 0.97766 13.23409
  0.0251  0.0242  0.0242  0.0244  0.0247  0.0259  0.0241  0.0269  0.0236  0.0242  0.0234  0.0231
  0.0237  0.0233  0.0234  0.0235  0.0238  0.0249  0.0231  0.0245  0.0229  0.0232  0.0228  0.0227
  0.0229  0.0228  0.0229  0.0229  0.0231  0.0238  0.0225  0.0229  0.0225  0.0226  0.0225  0.0224
  0.0226  0.0226  0.0226  0.0226  0.0227  0.0227  0.0223  0.0223  0.0223  0.0223  0.0223  0.0223
  0.0229  0.0228  0.0226  0.0232  0.0228  0.0222  0.0226  0.0227  0.0225  0.0225  0.0225  0.0225
  0.0237  0.0233  0.0229  0.0251  0.0235  0.0229  0.0232  0.0241  0.0229  0.0232  0.0228  0.0228
  0.0250  0.0241  0.0234  0.0285  0.0247  0.0251  0.0243  0.0264  0.0235  0.0244  0.0235  0.0233
niter,ni,del,rscale     4    3    5.0000    0.7000
parameters
    0.1766   -4.9050   15.8202  -10.3519  -11.4198   -2.6409
    1.4819   -0.5716   -0.8521    0.4528    2.9608    3.3867
eta,q 0.97775 13.23509
  0.0240  0.0235  0.0233  0.0242  0.0240  0.0252  0.0237  0.0257  0.0232  0.0238  0.0231  0.0229
  0.0231  0.0228  0.0228  0.0234  0.0233  0.0242  0.0229  0.0238  0.0227  0.0230  0.0226  0.0225
  0.0225  0.0225  0.0224  0.0227  0.0227  0.0232  0.0224  0.0227  0.0224  0.0225  0.0223  0.0223
  0.0223  0.0223  0.0223  0.0223  0.0224  0.0224  0.0223  0.0223  0.0223  0.0222  0.0223  0.0223
  0.0225  0.0225  0.0224  0.0224  0.0225  0.0222  0.0224  0.0226  0.0224  0.0224  0.0223  0.0223
  0.0231  0.0230  0.0227  0.0233  0.0231  0.0231  0.0229  0.0237  0.0227  0.0230  0.0226  0.0226
  0.0241  0.0236  0.0232  0.0252  0.0240  0.0250  0.0237  0.0255  0.0232  0.0239  0.0231  0.0230
niter,ni,del,rscale     3    3    5.0000    0.6000
parameters
    0.1762   -4.9165   15.8555  -10.2898  -11.3965   -2.4172
    1.4714   -0.5557   -0.8112    0.4345    2.9409    3.2420
eta,q 0.97782 13.24171
  0.0235  0.0232  0.0230  0.0238  0.0235  0.0246  0.0232  0.0248  0.0229  0.0234  0.0228  0.0227
  0.0228  0.0227  0.0226  0.0231  0.0229  0.0237  0.0227  0.0234  0.0225  0.0227  0.0225  0.0224
  0.0224  0.0224  0.0223  0.0226  0.0225  0.0229  0.0223  0.0225  0.0223  0.0223  0.0223  0.0222
  0.0223  0.0223  0.0223  0.0223  0.0222  0.0222  0.0222  0.0222  0.0222  0.0222  0.0222  0.0222
  0.0224  0.0224  0.0223  0.0222  0.0223  0.0222  0.0223  0.0225  0.0223  0.0223  0.0222  0.0222
  0.0228  0.0227  0.0226  0.0228  0.0228  0.0229  0.0227  0.0233  0.0225  0.0227  0.0225  0.0224
  0.0235  0.0232  0.0229  0.0240  0.0236  0.0245  0.0233  0.0247  0.0229  0.0234  0.0229  0.0228
niter,ni,del,rscale     2    3    5.0000    0.5000
parameters
    0.1801   -4.9197   15.9034  -10.1849  -11.3880   -2.2355
    1.4688   -0.5460   -0.7834    0.4347    2.9429    3.1242
eta,q 0.97787 13.24773
  0.0231  0.0228  0.0228  0.0233  0.0231  0.0240  0.0229  0.0240  0.0227  0.0230  0.0226  0.0225
  0.0226  0.0225  0.0224  0.0228  0.0226  0.0233  0.0225  0.0230  0.0224  0.0225  0.0223  0.0223
  0.0223  0.0223  0.0223  0.0224  0.0223  0.0226  0.0222  0.0223  0.0222  0.0222  0.0222  0.0222
  0.0222  0.0222  0.0222  0.0222  0.0222  0.0222  0.0221  0.0221  0.0221  0.0221  0.0221  0.0221
  0.0223  0.0223  0.0222  0.0222  0.0222  0.0222  0.0222  0.0223  0.0222  0.0222  0.0222  0.0222
  0.0226  0.0225  0.0224  0.0225  0.0226  0.0227  0.0225  0.0230  0.0224  0.0225  0.0223  0.0223
  0.0231  0.0228  0.0227  0.0234  0.0231  0.0239  0.0229  0.0240  0.0226  0.0230  0.0226  0.0225
niter,ni,del,rscale     1    3    5.0000    0.4000
parameters
    0.1881   -4.9200   15.9463  -10.0959  -11.3690   -2.0849
    1.4726   -0.5457   -0.7686    0.4274    2.9628    3.0385
eta,q 0.97790 13.25278
  0.0227  0.0226  0.0225  0.0229  0.0227  0.0234  0.0226  0.0234  0.0224  0.0227  0.0224  0.0223
  0.0224  0.0223  0.0223  0.0226  0.0224  0.0229  0.0223  0.0227  0.0223  0.0224  0.0222  0.0222
  0.0222  0.0222  0.0222  0.0223  0.0222  0.0224  0.0221  0.0222  0.0221  0.0222  0.0221  0.0221
  0.0221  0.0221  0.0221  0.0221  0.0221  0.0221  0.0221  0.0221  0.0221  0.0221  0.0221  0.0221
  0.0222  0.0222  0.0222  0.0221  0.0222  0.0221  0.0222  0.0222  0.0221  0.0222  0.0221  0.0221
  0.0224  0.0223  0.0223  0.0224  0.0224  0.0225  0.0223  0.0227  0.0222  0.0224  0.0222  0.0222
  0.0227  0.0226  0.0224  0.0229  0.0228  0.0233  0.0226  0.0233  0.0224  0.0227  0.0224  0.0224
registration optimization eta report
parameter search radius
    0.8000    0.8000    0.8000    2.7600    2.4000    2.4000
    2.4000    2.4000    2.4000    2.4000    2.4000    2.4000
100000*second partial in parameter space
       91.       66.       56.       10.       11.       21.
        9.       22.        6.       10.        5.        4.
  0.0227  0.0226  0.0225  0.0229  0.0227  0.0234  0.0226  0.0234  0.0224  0.0227  0.0224  0.0223
  0.0224  0.0223  0.0223  0.0226  0.0224  0.0229  0.0223  0.0227  0.0223  0.0224  0.0222  0.0222
  0.0222  0.0222  0.0222  0.0223  0.0222  0.0224  0.0221  0.0222  0.0221  0.0222  0.0221  0.0221
  0.0221  0.0221  0.0221  0.0221  0.0221  0.0221  0.0221  0.0221  0.0221  0.0221  0.0221  0.0221
  0.0222  0.0222  0.0222  0.0221  0.0222  0.0221  0.0222  0.0222  0.0221  0.0222  0.0221  0.0221
  0.0224  0.0223  0.0223  0.0224  0.0224  0.0225  0.0223  0.0227  0.0222  0.0224  0.0222  0.0222
  0.0227  0.0226  0.0224  0.0229  0.0228  0.0233  0.0226  0.0233  0.0224  0.0227  0.0224  0.0224
    0.1881   -4.9200   15.9463  -10.0959  -11.3690   -2.0849
    1.4726   -0.5457   -0.7686    0.4274    2.9628    3.0385
eta,q 0.97790 13.25278

---------------------------------------------------------------------
imgreg_4dfp /opt/freesurfer/average/711-2C_as_mni_average_305 /opt/freesurfer/average/711-2B_as_mni_average_305_mask talsrcimg_g11 none talsrcimg_to_711-2C_as_mni_average_305_t4 2311
---------------------------------------------------------------------

freesurfer imgreg_4dfp.c
/opt/freesurfer/average/711-2C_as_mni_average_305.4dfp.img
       256       256       256         1
  1.000000  1.000000  1.000000
orientation T byte_order littleendian
Reading image: /opt/freesurfer/average/711-2C_as_mni_average_305.4dfp.img
dimensions:      256       256       256
mmppix:       1.0000   -1.0000   -1.0000
center:     128.0000 -129.0000 -129.0000
/opt/freesurfer/average/711-2B_as_mni_average_305_mask.4dfp.img
       256       256       256         1
  1.000000  1.000000  1.000000
orientation T byte_order littleendian
Reading mask: /opt/freesurfer/average/711-2B_as_mni_average_305_mask.4dfp.img (2306576 pixels)
talsrcimg_g11.4dfp.img
       256       256       256         1
  1.000000  1.000000  1.000000
orientation T byte_order littleendian
Reading image: talsrcimg_g11.4dfp.img
dimensions:      256       256       256
mmppix:       1.0000   -1.0000   -1.0000
center:     128.0000 -129.0000 -129.0000
fimgreg.f
image alignment mode   2311 decimal      907 hex
parameters
    0.1881   -4.9200   15.9463  -10.0959  -11.3690   -2.0849
    1.4726   -0.5457   -0.7686    0.4274    2.9628    3.0385
eta,q 0.97790 13.25278
niter,ni,del,rscale     5    3    5.0000    0.8000
parameters
    0.1978   -4.9183   15.9997  -10.7065  -11.5956   -2.4942
    1.3998   -0.5438   -0.8252    0.4537    2.9238    3.4598
eta,q 0.97771 13.22247
  0.0245  0.0238  0.0237  0.0238  0.0240  0.0252  0.0241  0.0264  0.0235  0.0242  0.0233  0.0233
  0.0232  0.0229  0.0228  0.0230  0.0232  0.0241  0.0231  0.0242  0.0228  0.0232  0.0228  0.0228
  0.0224  0.0223  0.0223  0.0224  0.0225  0.0230  0.0225  0.0228  0.0224  0.0226  0.0224  0.0225
  0.0221  0.0221  0.0221  0.0221  0.0222  0.0222  0.0223  0.0223  0.0223  0.0223  0.0223  0.0223
  0.0223  0.0223  0.0222  0.0223  0.0224  0.0225  0.0225  0.0228  0.0225  0.0225  0.0224  0.0223
  0.0231  0.0229  0.0227  0.0234  0.0233  0.0243  0.0232  0.0241  0.0229  0.0231  0.0227  0.0226
  0.0244  0.0238  0.0235  0.0255  0.0246  0.0274  0.0242  0.0264  0.0235  0.0243  0.0234  0.0230
niter,ni,del,rscale     4    3    5.0000    0.7000
parameters
    0.1709   -4.9338   15.8997  -10.3024  -11.5208   -2.5717
    1.4588   -0.5523   -0.8194    0.4216    2.9214    3.4408
eta,q 0.97777 13.23459
  0.0239  0.0235  0.0232  0.0239  0.0239  0.0249  0.0237  0.0256  0.0232  0.0237  0.0231  0.0229
  0.0230  0.0228  0.0226  0.0233  0.0231  0.0239  0.0229  0.0237  0.0227  0.0229  0.0226  0.0226
  0.0224  0.0224  0.0223  0.0227  0.0225  0.0229  0.0224  0.0226  0.0223  0.0225  0.0223  0.0223
  0.0223  0.0223  0.0223  0.0223  0.0222  0.0222  0.0222  0.0222  0.0222  0.0222  0.0222  0.0222
  0.0225  0.0225  0.0225  0.0222  0.0223  0.0223  0.0224  0.0226  0.0223  0.0224  0.0223  0.0223
  0.0231  0.0229  0.0228  0.0226  0.0229  0.0235  0.0228  0.0238  0.0227  0.0229  0.0226  0.0225
  0.0240  0.0235  0.0234  0.0237  0.0239  0.0258  0.0236  0.0256  0.0232  0.0239  0.0231  0.0229
niter,ni,del,rscale     3    3    5.0000    0.6000
parameters
    0.1794   -4.9277   15.8923  -10.1246  -11.4493   -2.4434
    1.4697   -0.5487   -0.7967    0.4181    2.9221    3.3117
eta,q 0.97784 13.24390
  0.0235  0.0232  0.0230  0.0235  0.0235  0.0245  0.0232  0.0248  0.0229  0.0233  0.0228  0.0227
  0.0228  0.0226  0.0225  0.0229  0.0229  0.0237  0.0227  0.0234  0.0225  0.0227  0.0225  0.0224
  0.0224  0.0223  0.0223  0.0225  0.0224  0.0228  0.0223  0.0225  0.0223  0.0223  0.0223  0.0222
  0.0222  0.0222  0.0222  0.0222  0.0222  0.0222  0.0222  0.0222  0.0222  0.0222  0.0222  0.0222
  0.0224  0.0223  0.0223  0.0222  0.0223  0.0222  0.0223  0.0225  0.0222  0.0223  0.0222  0.0222
  0.0228  0.0226  0.0226  0.0226  0.0227  0.0230  0.0226  0.0233  0.0225  0.0227  0.0225  0.0224
  0.0235  0.0231  0.0230  0.0234  0.0235  0.0246  0.0232  0.0248  0.0229  0.0234  0.0228  0.0228
niter,ni,del,rscale     2    3    5.0000    0.5000
parameters
    0.1878   -4.9239   15.9187  -10.0416  -11.4212   -2.2728
    1.4750   -0.5430   -0.7697    0.4227    2.9281    3.1800
eta,q 0.97788 13.24970
  0.0231  0.0228  0.0227  0.0230  0.0231  0.0240  0.0229  0.0240  0.0226  0.0230  0.0226  0.0225
  0.0226  0.0225  0.0224  0.0227  0.0226  0.0233  0.0225  0.0230  0.0224  0.0225  0.0223  0.0223
  0.0223  0.0223  0.0222  0.0223  0.0223  0.0226  0.0222  0.0223  0.0222  0.0222  0.0222  0.0222
  0.0222  0.0222  0.0222  0.0222  0.0222  0.0222  0.0221  0.0221  0.0221  0.0221  0.0221  0.0221
  0.0223  0.0222  0.0222  0.0222  0.0222  0.0222  0.0222  0.0223  0.0222  0.0222  0.0222  0.0222
  0.0225  0.0225  0.0224  0.0225  0.0225  0.0227  0.0225  0.0230  0.0224  0.0225  0.0223  0.0223
  0.0230  0.0228  0.0227  0.0231  0.0231  0.0239  0.0229  0.0240  0.0226  0.0230  0.0226  0.0226
niter,ni,del,rscale     1    3    5.0000    0.4000
parameters
    0.1932   -4.9229   15.9549   -9.9820  -11.3965   -2.1176
    1.4732   -0.5425   -0.7581    0.4232    2.9556    3.0753
eta,q 0.97790 13.25418
  0.0227  0.0226  0.0225  0.0227  0.0227  0.0234  0.0226  0.0234  0.0224  0.0227  0.0224  0.0223
  0.0224  0.0223  0.0223  0.0224  0.0224  0.0229  0.0223  0.0227  0.0223  0.0224  0.0222  0.0222
  0.0222  0.0222  0.0222  0.0222  0.0222  0.0224  0.0221  0.0222  0.0221  0.0222  0.0221  0.0221
  0.0221  0.0221  0.0221  0.0221  0.0221  0.0221  0.0221  0.0221  0.0221  0.0221  0.0221  0.0221
  0.0222  0.0222  0.0222  0.0221  0.0222  0.0221  0.0222  0.0222  0.0221  0.0222  0.0221  0.0221
  0.0224  0.0223  0.0223  0.0223  0.0224  0.0225  0.0223  0.0227  0.0222  0.0224  0.0222  0.0222
  0.0227  0.0225  0.0224  0.0227  0.0228  0.0233  0.0226  0.0234  0.0224  0.0227  0.0224  0.0224
registration optimization eta report
parameter search radius
    0.8000    0.8000    0.8000    2.4000    2.4000    2.4000
    2.4000    2.4000    2.4000    2.4000    2.4000    2.4000
100000*second partial in parameter space
       91.       66.       56.       10.       11.       21.
        9.       22.        6.       10.        6.        4.
  0.0227  0.0226  0.0225  0.0227  0.0227  0.0234  0.0226  0.0234  0.0224  0.0227  0.0224  0.0223
  0.0224  0.0223  0.0223  0.0224  0.0224  0.0229  0.0223  0.0227  0.0223  0.0224  0.0222  0.0222
  0.0222  0.0222  0.0222  0.0222  0.0222  0.0224  0.0221  0.0222  0.0221  0.0222  0.0221  0.0221
  0.0221  0.0221  0.0221  0.0221  0.0221  0.0221  0.0221  0.0221  0.0221  0.0221  0.0221  0.0221
  0.0222  0.0222  0.0222  0.0221  0.0222  0.0221  0.0222  0.0222  0.0221  0.0222  0.0221  0.0221
  0.0224  0.0223  0.0223  0.0223  0.0224  0.0225  0.0223  0.0227  0.0222  0.0224  0.0222  0.0222
  0.0227  0.0225  0.0224  0.0227  0.0228  0.0233  0.0226  0.0234  0.0224  0.0227  0.0224  0.0224
    0.1932   -4.9229   15.9549   -9.9820  -11.3965   -2.1176
    1.4732   -0.5425   -0.7581    0.4232    2.9556    3.0753
eta,q 0.97790 13.25418

---------------------------------------------------------------------
compute_vox2vox talsrcimg talsrcimg_to_711-2C_as_mni_average_305_t4 /opt/freesurfer/average/711-2C_as_mni_average_305
---------------------------------------------------------------------

freesurfer compute_vox2vox.c
Reading: talsrcimg.4dfp.ifh
Reading: talsrcimg_to_711-2C_as_mni_average_305_t4
Reading: /opt/freesurfer/average/711-2C_as_mni_average_305.4dfp.ifh
Writing: talsrcimg_to_711-2C_as_mni_average_305_t4_vox2vox.txt

start time Thu Mar 12 16:32:07 CET 2026
end		time Thu Mar 12 16:33:33 CET 2026

mpr2mni305 success

avi2talxfm orig_nu.mgz /opt/freesurfer/average/mni305.cor.mgz talsrcimg_to_711-2C_as_mni_average_305_t4_vox2vox.txt transforms/talairach.auto.xfm
avi2talxfm done
mv -f /out/sourcedata/freesurfer/sub-v1s3x0050823_ses-1/mri/talsrcimg_to_711-2C_as_mni_average_305_t4_vox2vox.txt /out/sourcedata/freesurfer/sub-v1s3x0050823_ses-1/mri/transforms/talsrcimg_to_711-2C_as_mni_average_305_t4_vox2vox.txt
lta_convert --src orig_nu.mgz --trg /opt/freesurfer/average/mni305.cor.mgz --inxfm transforms/talairach.auto.xfm --outlta transforms/talairach.auto.xfm.lta --subject fsaverage
7.3.2

--src: orig_nu.mgz src image (geometry).
--trg: /opt/freesurfer/average/mni305.cor.mgz trg image (geometry).
--inmni: transforms/talairach.auto.xfm input MNI/XFM transform.
--outlta: transforms/talairach.auto.xfm.lta output LTA.
--s: fsaverage subject name
 LTA read, type : 1
 1.11053   0.00624  -0.01868  -2.59113;
-0.03384   1.02160  -0.03490  -19.44254;
 0.00966  -0.00483   1.12863   17.06871;
 0.00000   0.00000   0.00000   1.00000;
setting subject to fsaverage
Writing  LTA to file transforms/talairach.auto.xfm.lta...
lta_convert successful.
 
 
Started at Thu Mar 12 16:32:06 CET 2026
Ended   at Thu Mar 12 16:33:34 CET 2026
talairach_avi done
