status file for recon-all
Mon Mar  9 22:44:52 CET 2026
#@# MotionCor Mon Mar  9 22:44:54 CET 2026
#@# Talairach Mon Mar  9 22:45:05 CET 2026
#@# Talairach Failure Detection Mon Mar  9 22:49:27 CET 2026
#@# Nu Intensity Correction Mon Mar  9 22:49:27 CET 2026
#@# Intensity Normalization Mon Mar  9 22:52:44 CET 2026
recon-all -s sub-v1s3x0050773_ses-1 finished without error at Mon Mar  9 22:54:05 CET 2026



#New# invocation of recon-all 



status file for recon-all
Mon Mar  9 23:03:06 CET 2026
#@# EM Registration Mon Mar  9 23:03:06 CET 2026
recon-all -s sub-v1s3x0050773_ses-1 finished without error at Mon Mar  9 23:05:32 CET 2026



#New# invocation of recon-all 



status file for recon-all
Mon Mar  9 23:05:34 CET 2026
#@# CA Normalize Mon Mar  9 23:05:34 CET 2026
#@# CA Reg Mon Mar  9 23:06:53 CET 2026
#@# SubCort Seg Mon Mar  9 23:56:55 CET 2026
#@# CC Seg Tue Mar 10 00:27:55 CET 2026
#@# Merge ASeg Tue Mar 10 00:28:26 CET 2026
#@# Intensity Normalization2 Tue Mar 10 00:28:26 CET 2026
#@# Mask BFS Tue Mar 10 00:30:29 CET 2026
#@# WM Segmentation Tue Mar 10 00:30:29 CET 2026
#@# Fill Tue Mar 10 00:32:29 CET 2026
recon-all -s sub-v1s3x0050773_ses-1 finished without error at Tue Mar 10 00:33:29 CET 2026



#New# invocation of recon-all 



status file for recon-all
Tue Mar 10 01:25:22 CET 2026
#@# white curv lh Tue Mar 10 01:25:22 CET 2026
#@# white area lh Tue Mar 10 01:25:22 CET 2026
#@# pial curv lh Tue Mar 10 01:25:22 CET 2026
#@# pial area lh Tue Mar 10 01:25:22 CET 2026
#@# thickness lh Tue Mar 10 01:25:22 CET 2026
#@# area and vertex vol lh Tue Mar 10 01:25:22 CET 2026
#@# white curv rh Tue Mar 10 01:25:22 CET 2026
#@# white area rh Tue Mar 10 01:25:22 CET 2026
#@# pial curv rh Tue Mar 10 01:25:22 CET 2026
#@# pial area rh Tue Mar 10 01:25:22 CET 2026
#@# thickness rh Tue Mar 10 01:25:22 CET 2026
#@# area and vertex vol rh Tue Mar 10 01:25:22 CET 2026
#@# Cortical ribbon mask Tue Mar 10 01:25:22 CET 2026
recon-all -s sub-v1s3x0050773_ses-1 finished without error at Tue Mar 10 01:32:34 CET 2026



#New# invocation of recon-all 



status file for recon-all
Tue Mar 10 01:39:39 CET 2026
#@# white curv lh Tue Mar 10 01:39:39 CET 2026
#@# white area lh Tue Mar 10 01:39:39 CET 2026
#@# pial curv lh Tue Mar 10 01:39:39 CET 2026
#@# pial area lh Tue Mar 10 01:39:39 CET 2026
#@# thickness lh Tue Mar 10 01:39:39 CET 2026
#@# area and vertex vol lh Tue Mar 10 01:39:39 CET 2026
#@# white curv rh Tue Mar 10 01:39:39 CET 2026
#@# white area rh Tue Mar 10 01:39:39 CET 2026
#@# pial curv rh Tue Mar 10 01:39:39 CET 2026
#@# pial area rh Tue Mar 10 01:39:39 CET 2026
#@# thickness rh Tue Mar 10 01:39:39 CET 2026
#@# area and vertex vol rh Tue Mar 10 01:39:39 CET 2026
#@# Curvature Stats lh Tue Mar 10 01:39:39 CET 2026
#@# Curvature Stats rh Tue Mar 10 01:39:42 CET 2026
#@# Relabel Hypointensities Tue Mar 10 01:39:44 CET 2026
#@# APas-to-ASeg Tue Mar 10 01:40:00 CET 2026
#@# AParc-to-ASeg aparc Tue Mar 10 01:40:09 CET 2026
#@# AParc-to-ASeg aparc.a2009s Tue Mar 10 01:41:19 CET 2026
#@# AParc-to-ASeg aparc.DKTatlas Tue Mar 10 01:42:29 CET 2026
#@# WMParc Tue Mar 10 01:43:45 CET 2026
#@# ASeg Stats Tue Mar 10 01:47:40 CET 2026
recon-all -s sub-v1s3x0050773_ses-1 finished without error at Tue Mar 10 01:48:21 CET 2026
