status file for recon-all
Tue Mar 10 00:58:54 CET 2026
#@# Tessellate rh Tue Mar 10 00:58:54 CET 2026
#@# Smooth1 rh Tue Mar 10 00:58:58 CET 2026
#@# Inflation1 rh Tue Mar 10 00:59:01 CET 2026
#@# QSphere rh Tue Mar 10 00:59:14 CET 2026
#@# Fix Topology rh Tue Mar 10 01:00:22 CET 2026
#@# Smooth2 rh Tue Mar 10 01:07:49 CET 2026
#@# Inflation2 rh Tue Mar 10 01:07:53 CET 2026
#@# Curv .H and .K rh Tue Mar 10 01:08:08 CET 2026
#@# Sphere rh Tue Mar 10 01:08:59 CET 2026
#@# Surf Reg rh Tue Mar 10 01:12:12 CET 2026
#@# Jacobian white rh Tue Mar 10 01:16:30 CET 2026
#@# AvgCurv rh Tue Mar 10 01:16:31 CET 2026
#@# Cortical Parc rh Tue Mar 10 01:16:32 CET 2026
#@# white curv rh Tue Mar 10 01:24:07 CET 2026
#@# white area rh Tue Mar 10 01:24:09 CET 2026
#@# pial curv rh Tue Mar 10 01:24:10 CET 2026
#@# pial area rh Tue Mar 10 01:24:12 CET 2026
#@# thickness rh Tue Mar 10 01:24:13 CET 2026
#@# area and vertex vol rh Tue Mar 10 01:24:46 CET 2026
#@# Curvature Stats rh Tue Mar 10 01:24:48 CET 2026
#@# Cortical Parc 2 rh Tue Mar 10 01:24:51 CET 2026
#@# Cortical Parc 3 rh Tue Mar 10 01:25:04 CET 2026
#@# WM/GM Contrast rh Tue Mar 10 01:25:15 CET 2026
recon-all -s sub-v1s3x0050773_ses-1 finished without error at Tue Mar 10 01:25:19 CET 2026



#New# invocation of recon-all 



status file for recon-all
Tue Mar 10 01:36:08 CET 2026
#@# white curv rh Tue Mar 10 01:36:08 CET 2026
#@# white area rh Tue Mar 10 01:36:08 CET 2026
#@# pial curv rh Tue Mar 10 01:36:08 CET 2026
#@# pial area rh Tue Mar 10 01:36:08 CET 2026
#@# thickness rh Tue Mar 10 01:36:08 CET 2026
#@# area and vertex vol rh Tue Mar 10 01:36:08 CET 2026
#@# Parcellation Stats rh Tue Mar 10 01:36:08 CET 2026
#@# Parcellation Stats 2 rh Tue Mar 10 01:36:30 CET 2026
#@# Parcellation Stats 3 rh Tue Mar 10 01:36:41 CET 2026
#@# BA_exvivo Labels rh Tue Mar 10 01:36:52 CET 2026
recon-all -s sub-v1s3x0050773_ses-1 finished without error at Tue Mar 10 01:39:34 CET 2026
