/out/sourcedata/freesurfer/sub-v1s3x0050807_ses-1/mri
/opt/freesurfer/bin/talairach_avi
--i orig_nu.mgz --xfm transforms/talairach.auto.xfm
talairach_avi 7.3.2
Linux dna029 5.14.0-427.37.1.el9_4.x86_64 #1 SMP PREEMPT_DYNAMIC Fri Sep 13 12:41:50 EDT 2024 x86_64 x86_64 x86_64 GNU/Linux
Tue Mar 10 00:56:50 CET 2026
mri_convert orig_nu.mgz talsrcimg.img 
reading from orig_nu.mgz...
TR=0.00, TE=0.00, TI=0.00, flip angle=0.00
i_ras = (-1, 0, 0)
j_ras = (0, 0, -1)
k_ras = (0, 1, 0)
writing to talsrcimg.img...
Analyze Output Matrix
-1.00000   0.00000   0.00000   120.11462;
 0.00000   0.00000   1.00000  -99.51192;
 0.00000  -1.00000   0.00000   127.87067;
 0.00000   0.00000   0.00000   1.00000;
--------------------
INFO: set hdr.hist.orient to -1
mpr2mni305 talsrcimg
Tue Mar 10 00:56:50 CET 2026
/opt/freesurfer/bin/mpr2mni305 talsrcimg
mpr2mni305 7.3.2
target=711-2C_as_mni_average_305

---------------------------------------------------------------------
analyzeto4dfp talsrcimg -O0 -y
---------------------------------------------------------------------

freesurfer ifh2hdr.c
Tue Mar 10 00:56:50 2026
Writing: talsrcimg.4dfp.hdr
freesurfer analyzeto4dfp.c
Reading: talsrcimg.hdr
header size 348 bytes
hdr.dime.datatype	offset=70	value=2
hdr.dime.bitpix		offset=72	value=8
hdr.hist.orient		offset=252	value=-1
dimensionality     4
dimensions       256       256       256         1
Reading: talsrcimg.img
Writing: talsrcimg.4dfp.img
Writing: talsrcimg.4dfp.ifh
ifh2hdr talsrcimg -r0to255
ori=2

---------------------------------------------------------------------
gauss_4dfp talsrcimg 1.1
---------------------------------------------------------------------

freesurfer gauss_4dfp.c
Reading: talsrcimg.4dfp.img
Writing: talsrcimg_g11.4dfp.img
image dimensions 256 256 256 padded to 288 288 288
processing volume 1freesurfer ifh2hdr.c
Tue Mar 10 00:56:52 2026
Writing: talsrcimg_g11.4dfp.hdr

Writing: talsrcimg_g11.4dfp.ifh
including: talsrcimg.4dfp.img.rec in talsrcimg_g11.4dfp.img.rec

---------------------------------------------------------------------
imgreg_4dfp /opt/freesurfer/average/711-2C_as_mni_average_305 none talsrcimg_g11 none talsrcimg_to_711-2C_as_mni_average_305_t4 4355
---------------------------------------------------------------------

freesurfer imgreg_4dfp.c
/opt/freesurfer/average/711-2C_as_mni_average_305.4dfp.img
       256       256       256         1
  1.000000  1.000000  1.000000
orientation T byte_order littleendian
Reading image: /opt/freesurfer/average/711-2C_as_mni_average_305.4dfp.img
dimensions:      256       256       256
mmppix:       1.0000   -1.0000   -1.0000
center:     128.0000 -129.0000 -129.0000
talsrcimg_g11.4dfp.img
       256       256       256         1
  1.000000  1.000000  1.000000
orientation T byte_order littleendian
Reading image: talsrcimg_g11.4dfp.img
dimensions:      256       256       256
mmppix:       1.0000   -1.0000   -1.0000
center:     128.0000 -129.0000 -129.0000
t4_read: open error in t4_sub.f l:  41 t4_file(1:l)talsrcimg_to_711-2C_as_mni_average_305_t4 
t4_read: transform initialized to I4
rotation matrix determinant  1.000000
image alignment mode   4355 decimal     1103 hex
   -7.5000  -45.0000  -45.0000 7680.3579   17.6785
    0.0000  -45.0000  -45.0000 8051.5952   17.6615
    7.5000  -45.0000  -45.0000 7692.9980   17.6328
   -7.5000  -37.5000  -45.0000 8067.6694   17.6428
    0.0000  -37.5000  -45.0000 8487.6650   17.6133
    7.5000  -37.5000  -45.0000 8088.2393   17.5797
   -7.5000  -30.0000  -45.0000 8700.4160   17.6007
    0.0000  -30.0000  -45.0000 9169.7588   17.5690
    7.5000  -30.0000  -45.0000 8729.0049   17.5422
   -7.5000  -22.5000  -45.0000 9340.0967   17.5872
    0.0000  -22.5000  -45.0000 9849.8008   17.5673
    7.5000  -22.5000  -45.0000 9387.6055   17.5572
   -7.5000  -15.0000  -45.0000 9989.1943   17.6205
    0.0000  -15.0000  -45.000010547.1045   17.6117
    7.5000  -15.0000  -45.000010046.2295   17.6062
   -7.5000   -7.5000  -45.000010558.7881   17.6697
    0.0000   -7.5000  -45.000011156.5918   17.6614
    7.5000   -7.5000  -45.000010594.5010   17.6442
   -7.5000    0.0000  -45.000010860.6553   17.6785
    0.0000    0.0000  -45.000011428.1494   17.6615
    7.5000    0.0000  -45.000010855.0596   17.6328
   -7.5000    7.5000  -45.000010387.1104   17.6428
    0.0000    7.5000  -45.000010960.4375   17.6133
    7.5000    7.5000  -45.000010361.5635   17.5797
   -7.5000   15.0000  -45.0000 9706.8320   17.6007
    0.0000   15.0000  -45.000010261.2891   17.5690
    7.5000   15.0000  -45.0000 9685.3477   17.5422
   -7.5000   22.5000  -45.0000 8843.8193   17.5848
    0.0000   22.5000  -45.0000 9371.2451   17.5649
    7.5000   22.5000  -45.0000 8853.0752   17.5548
   -7.5000   30.0000  -45.0000 8018.8096   17.3857
    0.0000   30.0000  -45.0000 8504.5410   17.3770
    7.5000   30.0000  -45.0000 8011.8525   17.3716
   -7.5000   37.5000  -45.0000 7559.0205   17.4342
    0.0000   37.5000  -45.0000 8019.9697   17.4260
    7.5000   37.5000  -45.0000 7548.0142   17.4091
   -7.5000   45.0000  -45.0000 6841.6694   17.0187
    0.0000   45.0000  -45.0000 7257.5513   17.0022
    7.5000   45.0000  -45.0000 6836.2690   16.9746
   -7.5000  -45.0000  -37.5000 8192.0889   17.6349
    0.0000  -45.0000  -37.5000 8579.3955   17.6486
    7.5000  -45.0000  -37.5000 8213.9287   17.6305
   -7.5000  -37.5000  -37.5000 8601.5918   17.5952
    0.0000  -37.5000  -37.5000 9027.5420   17.5917
    7.5000  -37.5000  -37.5000 8618.5107   17.5617
   -7.5000  -30.0000  -37.5000 9272.4473   17.5389
    0.0000  -30.0000  -37.5000 9735.7734   17.5288
    7.5000  -30.0000  -37.5000 9295.6064   17.5025
   -7.5000  -22.5000  -37.5000 9955.5293   17.5158
    0.0000  -22.5000  -37.500010441.7393   17.5171
    7.5000  -22.5000  -37.5000 9991.7607   17.5114
   -7.5000  -15.0000  -37.500010594.2881   17.5518
    0.0000  -15.0000  -37.500011151.3799   17.5686
    7.5000  -15.0000  -37.500010639.3984   17.5743
   -7.5000   -7.5000  -37.500011204.4355   17.6146
    0.0000   -7.5000  -37.500011786.1191   17.6370
    7.5000   -7.5000  -37.500011240.4541   17.6340
   -7.5000    0.0000  -37.500011498.2422   17.6349
    0.0000    0.0000  -37.500012096.5205   17.6486
    7.5000    0.0000  -37.500011534.7012   17.6305
   -7.5000    7.5000  -37.500010978.6670   17.5952
    0.0000    7.5000  -37.500011611.9893   17.5917
    7.5000    7.5000  -37.500010988.5371   17.5617
   -7.5000   15.0000  -37.500010283.4902   17.5389
    0.0000   15.0000  -37.500010858.7920   17.5288
    7.5000   15.0000  -37.500010276.8047   17.5025
   -7.5000   22.5000  -37.5000 9347.1445   17.5134
    0.0000   22.5000  -37.5000 9887.5674   17.5147
    7.5000   22.5000  -37.5000 9377.5898   17.5090
   -7.5000   30.0000  -37.5000 8441.4434   17.3179
    0.0000   30.0000  -37.5000 8929.2119   17.3345
    7.5000   30.0000  -37.5000 8463.3223   17.3401
   -7.5000   37.5000  -37.5000 7940.7583   17.3798
    0.0000   37.5000  -37.5000 8410.7725   17.4020
    7.5000   37.5000  -37.5000 7958.4990   17.3990
   -7.5000   45.0000  -37.5000 7172.3770   16.9776
    0.0000   45.0000  -37.5000 7583.0698   16.9908
    7.5000   45.0000  -37.5000 7168.5679   16.9734
   -7.5000  -45.0000  -30.0000 8818.2637   18.3486
    0.0000  -45.0000  -30.0000 9256.2715   18.3893
    7.5000  -45.0000  -30.0000 8859.9717   18.3734
   -7.5000  -37.5000  -30.0000 9285.5869   18.3010
    0.0000  -37.5000  -30.0000 9731.5615   18.3188
    7.5000  -37.5000  -30.0000 9321.1221   18.2831
   -7.5000  -30.0000  -30.000010002.6143   18.2258
    0.0000  -30.0000  -30.000010505.7158   18.2351
    7.5000  -30.0000  -30.000010060.5273   18.1976
   -7.5000  -22.5000  -30.000010743.9414   18.1934
    0.0000  -22.5000  -30.000011291.4297   18.2186
    7.5000  -22.5000  -30.000010821.2930   18.2044
   -7.5000  -15.0000  -30.000011421.3828   18.2357
    0.0000  -15.0000  -30.000012021.7441   18.2829
    7.5000  -15.0000  -30.000011468.4229   18.2882
   -7.5000   -7.5000  -30.000012074.9941   18.3156
    0.0000   -7.5000  -30.000012689.7988   18.3698
    7.5000   -7.5000  -30.000012078.7520   18.3715
   -7.5000    0.0000  -30.000012369.8447   18.3486
    0.0000    0.0000  -30.000012987.0088   18.3892
    7.5000    0.0000  -30.000012395.9775   18.3734
   -7.5000    7.5000  -30.000011751.7119   18.3010
    0.0000    7.5000  -30.000012387.1582   18.3188
    7.5000    7.5000  -30.000011790.4541   18.2831
   -7.5000   15.0000  -30.000011015.6699   18.2258
    0.0000   15.0000  -30.000011600.0615   18.2351
    7.5000   15.0000  -30.000011052.7803   18.1976
   -7.5000   22.5000  -30.000010042.8789   18.1890
    0.0000   22.5000  -30.000010582.8438   18.2142
    7.5000   22.5000  -30.000010102.7705   18.2000
   -7.5000   30.0000  -30.0000 9049.0381   17.9944
    0.0000   30.0000  -30.0000 9551.6768   18.0409
    7.5000   30.0000  -30.0000 9106.5068   18.0462
   -7.5000   37.5000  -30.0000 8478.4639   18.0733
    0.0000   37.5000  -30.0000 8980.4639   18.1267
    7.5000   37.5000  -30.0000 8532.2607   18.1284
   -7.5000   45.0000  -30.0000 7631.4014   17.6796
    0.0000   45.0000  -30.0000 8080.6743   17.7189
    7.5000   45.0000  -30.0000 7662.7207   17.7037
   -7.5000  -45.0000  -22.5000 9482.2842   18.9738
    0.0000  -45.0000  -22.5000 9967.0068   19.0092
    7.5000  -45.0000  -22.5000 9527.2930   18.9840
   -7.5000  -37.5000  -22.500010004.2969   18.9239
    0.0000  -37.5000  -22.500010495.8438   18.9362
    7.5000  -37.5000  -22.500010052.2764   18.8914
   -7.5000  -30.0000  -22.500010781.2637   18.8465
    0.0000  -30.0000  -22.500011344.9531   18.8538
    7.5000  -30.0000  -22.500010870.7246   18.8044
   -7.5000  -22.5000  -22.500011545.3291   18.8158
    0.0000  -22.5000  -22.500012169.9346   18.8443
    7.5000  -22.5000  -22.500011671.3740   18.8159
   -7.5000  -15.0000  -22.500012263.7871   18.8605
    0.0000  -15.0000  -22.500012925.3086   18.9129
    7.5000  -15.0000  -22.500012350.7637   18.9045
   -7.5000   -7.5000  -22.500012981.6924   18.9411
    0.0000   -7.5000  -22.500013665.8994   18.9953
    7.5000   -7.5000  -22.500013004.0664   18.9856
   -7.5000    0.0000  -22.500013290.8906   18.9738
    0.0000    0.0000  -22.500013996.5527   19.0092
    7.5000    0.0000  -22.500013345.2480   18.9840
   -7.5000    7.5000  -22.500012583.2520   18.9239
    0.0000    7.5000  -22.500013240.1709   18.9362
    7.5000    7.5000  -22.500012620.7256   18.8914
   -7.5000   15.0000  -22.500011788.6689   18.8465
    0.0000   15.0000  -22.500012368.2812   18.8538
    7.5000   15.0000  -22.500011827.2646   18.8044
   -7.5000   22.5000  -22.500010780.4873   18.8100
    0.0000   22.5000  -22.500011346.8467   18.8385
    7.5000   22.5000  -22.500010849.5088   18.8101
   -7.5000   30.0000  -22.5000 9751.5557   18.6138
    0.0000   30.0000  -22.500010273.9102   18.6655
    7.5000   30.0000  -22.5000 9787.1816   18.6572
   -7.5000   37.5000  -22.5000 9083.7168   18.6933
    0.0000   37.5000  -22.5000 9582.3115   18.7468
    7.5000   37.5000  -22.5000 9126.8516   18.7372
   -7.5000   45.0000  -22.5000 8135.2168   18.2970
    0.0000   45.0000  -22.5000 8605.5615   18.3313
    7.5000   45.0000  -22.5000 8161.5269   18.3069
   -7.5000  -45.0000  -15.000010099.3076   19.4491
    0.0000  -45.0000  -15.000010640.5176   19.4543
    7.5000  -45.0000  -15.000010134.4531   19.4173
   -7.5000  -37.5000  -15.000010684.6377   19.4030
    0.0000  -37.5000  -15.000011238.2236   19.3897
    7.5000  -37.5000  -15.000010687.1475   19.3405
   -7.5000  -30.0000  -15.000011524.2217   19.3395
    0.0000  -30.0000  -15.000012172.8340   19.3257
    7.5000  -30.0000  -15.000011600.9746   19.2743
   -7.5000  -22.5000  -15.000012291.0586   19.3185
    0.0000  -22.5000  -15.000013012.9268   19.3273
    7.5000  -22.5000  -15.000012425.7451   19.2919
   -7.5000  -15.0000  -15.000013084.5146   19.3606
    0.0000  -15.0000  -15.000013831.9375   19.3895
    7.5000  -15.0000  -15.000013182.6143   19.3674
   -7.5000   -7.5000  -15.000013903.5166   19.4276
    0.0000   -7.5000  -15.000014667.3320   19.4524
    7.5000   -7.5000  -15.000013913.0840   19.4264
   -7.5000    0.0000  -15.000014259.7129   19.4491
    0.0000    0.0000  -15.000015063.1641   19.4543
    7.5000    0.0000  -15.000014310.6221   19.4173
   -7.5000    7.5000  -15.000013447.8701   19.4030
    0.0000    7.5000  -15.000014182.5430   19.3897
    7.5000    7.5000  -15.000013502.2051   19.3405
   -7.5000   15.0000  -15.000012550.0439   19.3395
    0.0000   15.0000  -15.000013223.8701   19.3257
    7.5000   15.0000  -15.000012626.3740   19.2743
   -7.5000   22.5000  -15.000011491.7852   19.3117
    0.0000   22.5000  -15.000012094.6729   19.3204
    7.5000   22.5000  -15.000011605.4834   19.2851
   -7.5000   30.0000  -15.000010400.8291   19.1100
    0.0000   30.0000  -15.000010946.2490   19.1385
    7.5000   30.0000  -15.000010479.2236   19.1167
   -7.5000   37.5000  -15.0000 9731.2441   19.1762
    0.0000   37.5000  -15.000010245.4180   19.2007
    7.5000   37.5000  -15.0000 9755.4922   19.1750
   -7.5000   45.0000  -15.0000 8651.7754   18.7661
    0.0000   45.0000  -15.0000 9145.8008   18.7711
    7.5000   45.0000  -15.0000 8694.1641   18.7353
   -7.5000  -45.0000   -7.500010703.4951   19.7080
    0.0000  -45.0000   -7.500011303.0996   19.6862
    7.5000  -45.0000   -7.500010757.1436   19.6465
   -7.5000  -37.5000   -7.500011382.1016   19.6674
    0.0000  -37.5000   -7.500011996.5596   19.6314
    7.5000  -37.5000   -7.500011362.3564   19.5860
   -7.5000  -30.0000   -7.500012336.5381   19.6189
    0.0000  -30.0000   -7.500013092.7734   19.5834
    7.5000  -30.0000   -7.500012389.1436   19.5417
   -7.5000  -22.5000   -7.500013145.5488   19.6050
    0.0000  -22.5000   -7.500013986.3115   19.5880
    7.5000  -22.5000   -7.500013263.0469   19.5615
   -7.5000  -15.0000   -7.500013992.4873   19.6429
    0.0000  -15.0000   -7.500014859.4805   19.6404
    7.5000  -15.0000   -7.500014072.6084   19.6201
   -7.5000   -7.5000   -7.500014844.9805   19.6973
    0.0000   -7.5000   -7.500015749.3594   19.6906
    7.5000   -7.5000   -7.500014863.8770   19.6607
   -7.5000    0.0000   -7.500015231.5400   19.7080
    0.0000    0.0000   -7.500016188.2227   19.6862
    7.5000    0.0000   -7.500015285.1943   19.6465
   -7.5000    7.5000   -7.500014360.4180   19.6674
    0.0000    7.5000   -7.500015250.6113   19.6314
    7.5000    7.5000   -7.500014404.3359   19.5860
   -7.5000   15.0000   -7.500013410.7627   19.6189
    0.0000   15.0000   -7.500014197.3447   19.5834
    7.5000   15.0000   -7.500013460.8789   19.5417
   -7.5000   22.5000   -7.500012308.2471   19.5959
    0.0000   22.5000   -7.500013013.1553   19.5789
    7.5000   22.5000   -7.500012399.2988   19.5524
   -7.5000   30.0000   -7.500011138.1523   19.3882
    0.0000   30.0000   -7.500011766.2520   19.3857
    7.5000   30.0000   -7.500011216.8125   19.3657
   -7.5000   37.5000   -7.500010409.6016   19.4419
    0.0000   37.5000   -7.500011002.9160   19.4352
    7.5000   37.5000   -7.500010452.8047   19.4057
   -7.5000   45.0000   -7.5000 9241.6289   19.0172
    0.0000   45.0000   -7.5000 9796.0010   18.9961
    7.5000   45.0000   -7.5000 9297.6738   18.9576
   -7.5000  -45.0000    0.000011216.0723   19.7587
    0.0000  -45.0000    0.000011793.7900   19.7401
    7.5000  -45.0000    0.000011286.3164   19.7084
   -7.5000  -37.5000    0.000011960.9951   19.7195
    0.0000  -37.5000    0.000012533.2568   19.6868
    7.5000  -37.5000    0.000011911.7090   19.6494
   -7.5000  -30.0000    0.000013107.4443   19.6727
    0.0000  -30.0000    0.000013884.3906   19.6374
    7.5000  -30.0000    0.000013073.5664   19.6073
   -7.5000  -22.5000    0.000014090.7910   19.6572
    0.0000  -22.5000    0.000015040.9551   19.6354
    7.5000  -22.5000    0.000014158.2744   19.6239
   -7.5000  -15.0000    0.000014921.0020   19.6937
    0.0000  -15.0000    0.000015958.4775   19.6846
    7.5000  -15.0000    0.000015060.9014   19.6785
   -7.5000   -7.5000    0.000015692.2646   19.7484
    0.0000   -7.5000    0.000016773.4453   19.7398
    7.5000   -7.5000    0.000015818.9443   19.7209
   -7.5000    0.0000    0.000016051.8223   19.7587
    0.0000    0.0000    0.000017170.8125   19.7401
    7.5000    0.0000    0.000016171.9102   19.7084
   -7.5000    7.5000    0.000015148.5303   19.7195
    0.0000    7.5000    0.000016173.2090   19.6868
    7.5000    7.5000    0.000015220.7881   19.6494
   -7.5000   15.0000    0.000014129.8916   19.6727
    0.0000   15.0000    0.000015079.4590   19.6374
    7.5000   15.0000    0.000014200.2295   19.6073
   -7.5000   22.5000    0.000012969.4023   19.6481
    0.0000   22.5000    0.000013857.9521   19.6263
    7.5000   22.5000    0.000013052.3184   19.6148
   -7.5000   30.0000    0.000011777.5723   19.4388
    0.0000   30.0000    0.000012561.0996   19.4298
    7.5000   30.0000    0.000011831.6865   19.4238
   -7.5000   37.5000    0.000011061.5566   19.4928
    0.0000   37.5000    0.000011734.5518   19.4843
    7.5000   37.5000    0.000011058.1533   19.4657
   -7.5000   45.0000    0.0000 9834.5576   19.0661
    0.0000   45.0000    0.000010415.5771   19.0480
    7.5000   45.0000    0.0000 9812.0693   19.0174
   -7.5000  -45.0000    7.500010891.7832   19.7340
    0.0000  -45.0000    7.500011409.3623   19.7493
    7.5000  -45.0000    7.500010912.2559   19.7290
   -7.5000  -37.5000    7.500011545.5811   19.6895
    0.0000  -37.5000    7.500012048.8838   19.6856
    7.5000  -37.5000    7.500011498.4766   19.6521
   -7.5000  -30.0000    7.500012781.4551   19.6265
    0.0000  -30.0000    7.500013470.8750   19.6151
    7.5000  -30.0000    7.500012714.1641   19.5857
   -7.5000  -22.5000    7.500014013.8096   19.6007
    0.0000  -22.5000    7.500015104.5752   19.6021
    7.5000  -22.5000    7.500014067.1895   19.5957
   -7.5000  -15.0000    7.500014846.2881   19.6409
    0.0000  -15.0000    7.500016094.0850   19.6597
    7.5000  -15.0000    7.500015011.0986   19.6661
   -7.5000   -7.5000    7.500015454.3789   19.7112
    0.0000   -7.5000    7.500016621.2402   19.7363
    7.5000   -7.5000    7.500015591.8623   19.7329
   -7.5000    0.0000    7.500015819.0625   19.7340
    0.0000    0.0000    7.500016898.1523   19.7493
    7.5000    0.0000    7.500015829.1270   19.7290
   -7.5000    7.5000    7.500014952.9941   19.6895
    0.0000    7.5000    7.500015955.5146   19.6856
    7.5000    7.5000    7.500014871.3369   19.6521
   -7.5000   15.0000    7.500013929.4434   19.6265
    0.0000   15.0000    7.500014820.8486   19.6151
    7.5000   15.0000    7.500013817.3545   19.5857
   -7.5000   22.5000    7.500012806.8486   19.5917
    0.0000   22.5000    7.500013608.2109   19.5931
    7.5000   22.5000    7.500012658.3779   19.5867
   -7.5000   30.0000    7.500011624.2031   19.3867
    0.0000   30.0000    7.500012331.1797   19.4053
    7.5000   30.0000    7.500011441.0244   19.4116
   -7.5000   37.5000    7.500010939.8965   19.4561
    0.0000   37.5000    7.500011581.0830   19.4809
    7.5000   37.5000    7.500010741.3525   19.4776
   -7.5000   45.0000    7.5000 9731.0068   19.0431
    0.0000   45.0000    7.500010292.4805   19.0579
    7.5000   45.0000    7.5000 9560.0723   19.0385
   -7.5000  -45.0000   15.000010456.3711   19.7033
    0.0000  -45.0000   15.000010878.5449   19.7470
    7.5000  -45.0000   15.000010477.5508   19.7300
   -7.5000  -37.5000   15.000011084.0449   19.6522
    0.0000  -37.5000   15.000011480.8916   19.6714
    7.5000  -37.5000   15.000011032.9844   19.6331
   -7.5000  -30.0000   15.000012297.9492   19.5715
    0.0000  -30.0000   15.000012966.8398   19.5815
    7.5000  -30.0000   15.000012304.9473   19.5412
   -7.5000  -22.5000   15.000013673.8799   19.5367
    0.0000  -22.5000   15.000014864.3896   19.5637
    7.5000  -22.5000   15.000013669.1875   19.5485
   -7.5000  -15.0000   15.000014789.5254   19.5822
    0.0000  -15.0000   15.000015929.6201   19.6328
    7.5000  -15.0000   15.000014501.4971   19.6385
   -7.5000   -7.5000   15.000015477.3369   19.6680
    0.0000   -7.5000   15.000016426.1016   19.7261
    7.5000   -7.5000   15.000014957.0039   19.7279
   -7.5000    0.0000   15.000015721.8037   19.7033
    0.0000    0.0000   15.000016596.4258   19.7470
    7.5000    0.0000   15.000015168.2461   19.7300
   -7.5000    7.5000   15.000014708.9609   19.6522
    0.0000    7.5000   15.000015532.1631   19.6714
    7.5000    7.5000   15.000014242.6504   19.6331
   -7.5000   15.0000   15.000013518.1631   19.5715
    0.0000   15.0000   15.000014242.9795   19.5815
    7.5000   15.0000   15.000013158.4971   19.5412
   -7.5000   22.5000   15.000012385.6455   19.5277
    0.0000   22.5000   15.000013049.7119   19.5547
    7.5000   22.5000   15.000012094.2314   19.5395
   -7.5000   30.0000   15.000011199.6924   19.3287
    0.0000   30.0000   15.000011779.2051   19.3787
    7.5000   30.0000   15.000010953.8896   19.3844
   -7.5000   37.5000   15.000010512.4961   19.4135
    0.0000   37.5000   15.000011046.4717   19.4708
    7.5000   37.5000   15.000010288.6924   19.4726
   -7.5000   45.0000   15.0000 9332.0449   19.0157
    0.0000   45.0000   15.0000 9827.4795   19.0580
    7.5000   45.0000   15.0000 9159.3291   19.0416
   -7.5000  -45.0000   22.5000 9956.4053   19.6964
    0.0000  -45.0000   22.500010481.5195   19.7331
    7.5000  -45.0000   22.5000 9926.9883   19.7069
   -7.5000  -37.5000   22.500010654.8984   19.6445
    0.0000  -37.5000   22.500011198.2373   19.6573
    7.5000  -37.5000   22.500010530.7471   19.6108
   -7.5000  -30.0000   22.500011856.6338   19.5642
    0.0000  -30.0000   22.500012665.6934   19.5718
    7.5000  -30.0000   22.500011764.6709   19.5205
   -7.5000  -22.5000   22.500013065.6094   19.5323
    0.0000  -22.5000   22.500014108.6025   19.5619
    7.5000  -22.5000   22.500012919.1992   19.5324
   -7.5000  -15.0000   22.500014018.1787   19.5787
    0.0000  -15.0000   22.500014931.4209   19.6331
    7.5000  -15.0000   22.500013588.7920   19.6244
   -7.5000   -7.5000   22.500014723.5146   19.6623
    0.0000   -7.5000   22.500015459.6523   19.7186
    7.5000   -7.5000   22.500014119.1279   19.7085
   -7.5000    0.0000   22.500014958.9092   19.6964
    0.0000    0.0000   22.500015694.5078   19.7331
    7.5000    0.0000   22.500014381.5693   19.7069
   -7.5000    7.5000   22.500013942.3164   19.6445
    0.0000    7.5000   22.500014649.6689   19.6573
    7.5000    7.5000   22.500013496.1172   19.6108
   -7.5000   15.0000   22.500012705.8779   19.5642
    0.0000   15.0000   22.500013321.8779   19.5718
    7.5000   15.0000   22.500012384.9551   19.5205
   -7.5000   22.5000   22.500011625.8730   19.5233
    0.0000   22.5000   22.500012207.9502   19.5529
    7.5000   22.5000   22.500011428.2236   19.5234
   -7.5000   30.0000   22.500010536.3506   19.3253
    0.0000   30.0000   22.500011072.8252   19.3790
    7.5000   30.0000   22.500010411.4932   19.3704
   -7.5000   37.5000   22.5000 9891.9053   19.4079
    0.0000   37.5000   22.500010407.0723   19.4635
    7.5000   37.5000   22.5000 9820.8574   19.4535
   -7.5000   45.0000   22.5000 8808.4893   19.0103
    0.0000   45.0000   22.5000 9261.0166   19.0459
    7.5000   45.0000   22.5000 8746.9570   19.0205
   -7.5000  -45.0000   30.0000 9293.4668   19.7161
    0.0000  -45.0000   30.0000 9831.1377   19.7213
    7.5000  -45.0000   30.0000 9314.9033   19.6838
   -7.5000  -37.5000   30.0000 9889.1953   19.6693
    0.0000  -37.5000   30.000010499.3555   19.6558
    7.5000  -37.5000   30.0000 9915.3115   19.6059
   -7.5000  -30.0000   30.000010834.0234   19.6049
    0.0000  -30.0000   30.000011597.2373   19.5909
    7.5000  -30.0000   30.000010979.9844   19.5389
   -7.5000  -22.5000   30.000011677.8984   19.5836
    0.0000  -22.5000   30.000012520.2012   19.5925
    7.5000  -22.5000   30.000011872.7549   19.5567
   -7.5000  -15.0000   30.000012304.2334   19.6263
    0.0000  -15.0000   30.000013064.5605   19.6556
    7.5000  -15.0000   30.000012416.3027   19.6332
   -7.5000   -7.5000   30.000012880.9922   19.6942
    0.0000   -7.5000   30.000013622.0410   19.7194
    7.5000   -7.5000   30.000012980.6953   19.6930
   -7.5000    0.0000   30.000013241.3223   19.7161
    0.0000    0.0000   30.000014064.5098   19.7213
    7.5000    0.0000   30.000013361.2959   19.6838
   -7.5000    7.5000   30.000012573.9375   19.6693
    0.0000    7.5000   30.000013352.4307   19.6558
    7.5000    7.5000   30.000012615.0283   19.6059
   -7.5000   15.0000   30.000011604.1201   19.6049
    0.0000   15.0000   30.000012280.5127   19.5909
    7.5000   15.0000   30.000011605.4385   19.5389
   -7.5000   22.5000   30.000010697.0615   19.5746
    0.0000   22.5000   30.000011318.0449   19.5835
    7.5000   22.5000   30.000010692.0088   19.5477
   -7.5000   30.0000   30.0000 9711.6152   19.3723
    0.0000   30.0000   30.000010267.1328   19.4012
    7.5000   30.0000   30.0000 9704.8965   19.3791
   -7.5000   37.5000   30.0000 9114.1572   19.4393
    0.0000   37.5000   30.0000 9582.5693   19.4642
    7.5000   37.5000   30.0000 9078.7520   19.4382
   -7.5000   45.0000   30.0000 8081.1274   19.0287
    0.0000   45.0000   30.0000 8497.0977   19.0337
    7.5000   45.0000   30.0000 8072.8301   18.9974
   -7.5000  -45.0000   37.5000 8698.3740   19.7915
    0.0000  -45.0000   37.5000 9111.2295   19.7695
    7.5000  -45.0000   37.5000 8799.1768   19.7291
   -7.5000  -37.5000   37.5000 9203.4365   19.7507
    0.0000  -37.5000   37.5000 9679.5244   19.7144
    7.5000  -37.5000   37.5000 9354.2217   19.6684
   -7.5000  -30.0000   37.500010014.8223   19.7019
    0.0000  -30.0000   37.500010584.8672   19.6661
    7.5000  -30.0000   37.500010289.5000   19.6238
   -7.5000  -22.5000   37.500010773.5576   19.6878
    0.0000  -22.5000   37.500011336.2910   19.6706
    7.5000  -22.5000   37.500011062.6709   19.6436
   -7.5000  -15.0000   37.500011387.2402   19.7258
    0.0000  -15.0000   37.500011879.1152   19.7231
    7.5000  -15.0000   37.500011590.0371   19.7025
   -7.5000   -7.5000   37.500011984.3164   19.7806
    0.0000   -7.5000   37.500012474.6133   19.7737
    7.5000   -7.5000   37.500012152.7129   19.7433
   -7.5000    0.0000   37.500012392.4902   19.7915
    0.0000    0.0000   37.500012937.4531   19.7695
    7.5000    0.0000   37.500012578.2422   19.7291
   -7.5000    7.5000   37.500011865.7051   19.7507
    0.0000    7.5000   37.500012387.9795   19.7144
    7.5000    7.5000   37.500011945.8926   19.6684
   -7.5000   15.0000   37.500011010.8506   19.7019
    0.0000   15.0000   37.500011473.2529   19.6661
    7.5000   15.0000   37.500011068.6885   19.6238
   -7.5000   22.5000   37.500010163.9160   19.6787
    0.0000   22.5000   37.500010625.6035   19.6615
    7.5000   22.5000   37.500010220.7969   19.6345
   -7.5000   30.0000   37.5000 9251.3955   19.4705
    0.0000   30.0000   37.5000 9663.9072   19.4679
    7.5000   30.0000   37.5000 9275.1797   19.4475
   -7.5000   37.5000   37.5000 8624.0518   19.5246
    0.0000   37.5000   37.5000 9001.8223   19.5178
    7.5000   37.5000   37.5000 8620.7471   19.4878
   -7.5000   45.0000   37.5000 7656.4858   19.0993
    0.0000   45.0000   37.5000 8029.6084   19.0779
    7.5000   45.0000   37.5000 7670.4512   19.0389
   -7.5000  -45.0000   45.0000 7898.8145   20.2071
    0.0000  -45.0000   45.0000 8222.7812   20.1865
    7.5000  -45.0000   45.0000 7953.3916   20.1518
   -7.5000  -37.5000   45.0000 8365.1719   20.1652
    0.0000  -37.5000   45.0000 8712.9951   20.1300
    7.5000  -37.5000   45.0000 8425.7646   20.0896
   -7.5000  -30.0000   45.0000 9106.2324   20.1153
    0.0000  -30.0000   45.0000 9509.7471   20.0777
    7.5000  -30.0000   45.0000 9236.7988   20.0451
   -7.5000  -22.5000   45.0000 9823.3516   20.0989
    0.0000  -22.5000   45.000010214.4551   20.0757
    7.5000  -22.5000   45.0000 9924.5762   20.0623
   -7.5000  -15.0000   45.000010407.4209   20.1378
    0.0000  -15.0000   45.000010793.1064   20.1279
    7.5000  -15.0000   45.000010454.1953   20.1197
   -7.5000   -7.5000   45.000010962.3145   20.1960
    0.0000   -7.5000   45.000011361.1592   20.1863
    7.5000   -7.5000   45.000010982.0547   20.1648
   -7.5000    0.0000   45.000011357.8203   20.2071
    0.0000    0.0000   45.000011777.5771   20.1865
    7.5000    0.0000   45.000011377.0684   20.1518
   -7.5000    7.5000   45.000010870.1641   20.1652
    0.0000    7.5000   45.000011270.2324   20.1300
    7.5000    7.5000   45.000010816.6826   20.0896
   -7.5000   15.0000   45.000010109.4404   20.1153
    0.0000   15.0000   45.000010492.7061   20.0777
    7.5000   15.0000   45.000010063.2549   20.0451
   -7.5000   22.5000   45.0000 9333.6377   20.0896
    0.0000   22.5000   45.0000 9728.0332   20.0664
    7.5000   22.5000   45.0000 9307.2266   20.0529
   -7.5000   30.0000   45.0000 8513.3799   19.8754
    0.0000   30.0000   45.0000 8875.1729   19.8657
    7.5000   30.0000   45.0000 8465.3574   19.8576
   -7.5000   37.5000   45.0000 7955.9194   19.9329
    0.0000   37.5000   45.0000 8282.0234   19.9233
    7.5000   37.5000   45.0000 7875.6421   19.9021
   -7.5000   45.0000   45.0000 7068.3906   19.5080
    0.0000   45.0000   45.0000 7384.3081   19.4880
    7.5000   45.0000   45.0000 7023.2319   19.4545

---------------------------------------------------------------------
imgreg_4dfp /opt/freesurfer/average/711-2C_as_mni_average_305 /opt/freesurfer/average/711-2B_as_mni_average_305_mask talsrcimg_g11 none talsrcimg_to_711-2C_as_mni_average_305_t4 4355
---------------------------------------------------------------------

freesurfer imgreg_4dfp.c
/opt/freesurfer/average/711-2C_as_mni_average_305.4dfp.img
       256       256       256         1
  1.000000  1.000000  1.000000
orientation T byte_order littleendian
Reading image: /opt/freesurfer/average/711-2C_as_mni_average_305.4dfp.img
dimensions:      256       256       256
mmppix:       1.0000   -1.0000   -1.0000
center:     128.0000 -129.0000 -129.0000
/opt/freesurfer/average/711-2B_as_mni_average_305_mask.4dfp.img
       256       256       256         1
  1.000000  1.000000  1.000000
orientation T byte_order littleendian
Reading mask: /opt/freesurfer/average/711-2B_as_mni_average_305_mask.4dfp.img (2306576 pixels)
talsrcimg_g11.4dfp.img
       256       256       256         1
  1.000000  1.000000  1.000000
orientation T byte_order littleendian
Reading image: talsrcimg_g11.4dfp.img
dimensions:      256       256       256
mmppix:       1.0000   -1.0000   -1.0000
center:     128.0000 -129.0000 -129.0000
rotation matrix determinant  1.000000
image alignment mode   4355 decimal     1103 hex
   -7.5000  -45.0000  -45.0000 2019.6129   19.8780
    0.0000  -45.0000  -45.0000 2009.4565   19.8980
    7.5000  -45.0000  -45.0000 1994.4010   19.8929
   -7.5000  -37.5000  -45.0000 2067.7427   18.8970
    0.0000  -37.5000  -45.0000 2066.2993   18.8773
    7.5000  -37.5000  -45.0000 2045.5667   18.8759
   -7.5000  -30.0000  -45.0000 2089.6267   18.4414
    0.0000  -30.0000  -45.0000 2097.6743   18.4175
    7.5000  -30.0000  -45.0000 2077.9592   18.4163
   -7.5000  -22.5000  -45.0000 2114.1626   18.3379
    0.0000  -22.5000  -45.0000 2128.1553   18.2642
    7.5000  -22.5000  -45.0000 2099.6592   18.2109
   -7.5000  -15.0000  -45.0000 2121.6445   18.5467
    0.0000  -15.0000  -45.0000 2133.7869   18.3903
    7.5000  -15.0000  -45.0000 2107.4663   18.3655
   -7.5000   -7.5000  -45.0000 2119.8801   18.7381
    0.0000   -7.5000  -45.0000 2130.1738   18.6398
    7.5000   -7.5000  -45.0000 2102.4851   18.6097
   -7.5000    0.0000  -45.0000 2114.1360   19.3297
    0.0000    0.0000  -45.0000 2112.0144   19.1850
    7.5000    0.0000  -45.0000 2090.8813   19.1890
   -7.5000    7.5000  -45.0000 2087.2449   20.1584
    0.0000    7.5000  -45.0000 2091.8572   20.0539
    7.5000    7.5000  -45.0000 2064.2766   20.0354
   -7.5000   15.0000  -45.0000 2041.4590   21.2715
    0.0000   15.0000  -45.0000 2045.1628   21.2325
    7.5000   15.0000  -45.0000 2013.9642   21.1301
   -7.5000   22.5000  -45.0000 1984.9139   22.8419
    0.0000   22.5000  -45.0000 1984.5568   22.6979
    7.5000   22.5000  -45.0000 1959.4546   22.6519
   -7.5000   30.0000  -45.0000 1896.9330   24.8857
    0.0000   30.0000  -45.0000 1900.8839   24.7262
    7.5000   30.0000  -45.0000 1877.1975   24.8262
   -7.5000   37.5000  -45.0000 1803.5562   27.7692
    0.0000   37.5000  -45.0000 1806.7236   27.5173
    7.5000   37.5000  -45.0000 1787.4845   27.6990
   -7.5000   45.0000  -45.0000 1686.6615   31.5748
    0.0000   45.0000  -45.0000 1685.8214   31.0851
    7.5000   45.0000  -45.0000 1678.6871   31.2547
   -7.5000  -45.0000  -37.5000 2123.4956   18.5128
    0.0000  -45.0000  -37.5000 2121.8420   18.5869
    7.5000  -45.0000  -37.5000 2095.8684   18.5133
   -7.5000  -37.5000  -37.5000 2170.5166   17.5322
    0.0000  -37.5000  -37.5000 2176.1650   17.5768
    7.5000  -37.5000  -37.5000 2150.5747   17.5507
   -7.5000  -30.0000  -37.5000 2197.3552   17.0507
    0.0000  -30.0000  -37.5000 2200.7068   17.0323
    7.5000  -30.0000  -37.5000 2172.7710   17.0023
   -7.5000  -22.5000  -37.5000 2218.6892   16.7864
    0.0000  -22.5000  -37.5000 2222.2839   16.7179
    7.5000  -22.5000  -37.5000 2189.8423   16.6896
   -7.5000  -15.0000  -37.5000 2229.4062   16.8737
    0.0000  -15.0000  -37.5000 2230.8538   16.7384
    7.5000  -15.0000  -37.5000 2202.5447   16.7646
   -7.5000   -7.5000  -37.5000 2235.3984   17.1061
    0.0000   -7.5000  -37.5000 2234.5220   16.9761
    7.5000   -7.5000  -37.5000 2210.4814   17.0560
   -7.5000    0.0000  -37.5000 2229.8826   17.6735
    0.0000    0.0000  -37.5000 2224.8015   17.5029
    7.5000    0.0000  -37.5000 2207.8408   17.5971
   -7.5000    7.5000  -37.5000 2205.3921   18.5104
    0.0000    7.5000  -37.5000 2211.3806   18.3219
    7.5000    7.5000  -37.5000 2182.4482   18.3529
   -7.5000   15.0000  -37.5000 2156.3979   19.5420
    0.0000   15.0000  -37.5000 2158.1372   19.4122
    7.5000   15.0000  -37.5000 2131.3137   19.3855
   -7.5000   22.5000  -37.5000 2087.4402   20.9701
    0.0000   22.5000  -37.5000 2091.6809   20.8204
    7.5000   22.5000  -37.5000 2067.1189   20.8160
   -7.5000   30.0000  -37.5000 1996.8539   22.8570
    0.0000   30.0000  -37.5000 2001.8821   22.7065
    7.5000   30.0000  -37.5000 1974.2144   22.7998
   -7.5000   37.5000  -37.5000 1898.1169   25.4291
    0.0000   37.5000  -37.5000 1902.2463   25.2727
    7.5000   37.5000  -37.5000 1881.0084   25.3969
   -7.5000   45.0000  -37.5000 1771.1692   28.8460
    0.0000   45.0000  -37.5000 1775.2737   28.5298
    7.5000   45.0000  -37.5000 1761.5509   28.6620
   -7.5000  -45.0000  -30.0000 2245.2742   17.9769
    0.0000  -45.0000  -30.0000 2260.6226   17.9599
    7.5000  -45.0000  -30.0000 2229.5791   17.9923
   -7.5000  -37.5000  -30.0000 2305.8198   16.9227
    0.0000  -37.5000  -30.0000 2318.7742   16.8750
    7.5000  -37.5000  -30.0000 2292.2234   16.9168
   -7.5000  -30.0000  -30.0000 2341.7437   16.2784
    0.0000  -30.0000  -30.0000 2350.2131   16.1876
    7.5000  -30.0000  -30.0000 2320.8206   16.2176
   -7.5000  -22.5000  -30.0000 2370.0986   15.9903
    0.0000  -22.5000  -30.0000 2375.7173   15.8518
    7.5000  -22.5000  -30.0000 2348.8499   15.9156
   -7.5000  -15.0000  -30.0000 2381.2451   16.0506
    0.0000  -15.0000  -30.0000 2382.8462   15.9142
    7.5000  -15.0000  -30.0000 2356.1199   15.9778
   -7.5000   -7.5000  -30.0000 2390.4683   16.3531
    0.0000   -7.5000  -30.0000 2391.2996   16.1904
    7.5000   -7.5000  -30.0000 2361.1050   16.3087
   -7.5000    0.0000  -30.0000 2382.4458   16.8920
    0.0000    0.0000  -30.0000 2384.8762   16.7183
    7.5000    0.0000  -30.0000 2356.3547   16.8488
   -7.5000    7.5000  -30.0000 2354.8560   17.6574
    0.0000    7.5000  -30.0000 2369.5913   17.4686
    7.5000    7.5000  -30.0000 2332.1313   17.5599
   -7.5000   15.0000  -30.0000 2304.3643   18.6442
    0.0000   15.0000  -30.0000 2318.6646   18.5105
    7.5000   15.0000  -30.0000 2281.6350   18.5472
   -7.5000   22.5000  -30.0000 2227.9336   19.9419
    0.0000   22.5000  -30.0000 2247.4944   19.8362
    7.5000   22.5000  -30.0000 2219.2075   19.8709
   -7.5000   30.0000  -30.0000 2122.7119   21.6861
    0.0000   30.0000  -30.0000 2149.5439   21.6156
    7.5000   30.0000  -30.0000 2116.9907   21.6764
   -7.5000   37.5000  -30.0000 2003.2012   24.1083
    0.0000   37.5000  -30.0000 2036.8219   24.0762
    7.5000   37.5000  -30.0000 2001.1727   24.0713
   -7.5000   45.0000  -30.0000 1876.0967   27.2843
    0.0000   45.0000  -30.0000 1904.4823   27.2675
    7.5000   45.0000  -30.0000 1873.4402   27.2285
   -7.5000  -45.0000  -22.5000 2341.4968   17.3625
    0.0000  -45.0000  -22.5000 2358.5278   17.2066
    7.5000  -45.0000  -22.5000 2335.7588   17.3813
   -7.5000  -37.5000  -22.5000 2413.4998   16.3061
    0.0000  -37.5000  -22.5000 2426.1702   16.1076
    7.5000  -37.5000  -22.5000 2409.8215   16.2426
   -7.5000  -30.0000  -22.5000 2454.2205   15.5252
    0.0000  -30.0000  -22.5000 2467.0308   15.3507
    7.5000  -30.0000  -22.5000 2451.7332   15.4795
   -7.5000  -22.5000  -22.5000 2489.3196   15.1367
    0.0000  -22.5000  -22.5000 2506.8401   14.9873
    7.5000  -22.5000  -22.5000 2479.0933   15.1026
   -7.5000  -15.0000  -22.5000 2504.2046   15.1091
    0.0000  -15.0000  -22.5000 2518.1016   15.0040
    7.5000  -15.0000  -22.5000 2488.0491   15.0976
   -7.5000   -7.5000  -22.5000 2510.7610   15.4093
    0.0000   -7.5000  -22.5000 2528.5974   15.2787
    7.5000   -7.5000  -22.5000 2502.8896   15.4160
   -7.5000    0.0000  -22.5000 2496.5227   15.9806
    0.0000    0.0000  -22.5000 2519.9766   15.7974
    7.5000    0.0000  -22.5000 2501.3599   15.9837
   -7.5000    7.5000  -22.5000 2471.6680   16.6831
    0.0000    7.5000  -22.5000 2498.3577   16.4982
    7.5000    7.5000  -22.5000 2472.1011   16.6695
   -7.5000   15.0000  -22.5000 2418.6035   17.6249
    0.0000   15.0000  -22.5000 2445.5403   17.4314
    7.5000   15.0000  -22.5000 2415.4094   17.5989
   -7.5000   22.5000  -22.5000 2343.3152   18.8834
    0.0000   22.5000  -22.5000 2376.2034   18.7052
    7.5000   22.5000  -22.5000 2351.1311   18.8622
   -7.5000   30.0000  -22.5000 2246.1348   20.5329
    0.0000   30.0000  -22.5000 2278.6052   20.4305
    7.5000   30.0000  -22.5000 2248.6194   20.5925
   -7.5000   37.5000  -22.5000 2109.2122   22.7948
    0.0000   37.5000  -22.5000 2142.1238   22.7146
    7.5000   37.5000  -22.5000 2119.7266   22.8409
   -7.5000   45.0000  -22.5000 1967.0813   25.7875
    0.0000   45.0000  -22.5000 1997.0527   25.7476
    7.5000   45.0000  -22.5000 1975.6890   25.8234
   -7.5000  -45.0000  -15.0000 2391.5891   16.7458
    0.0000  -45.0000  -15.0000 2409.9990   16.5944
    7.5000  -45.0000  -15.0000 2397.9551   16.7180
   -7.5000  -37.5000  -15.0000 2469.4187   15.6098
    0.0000  -37.5000  -15.0000 2484.8459   15.4442
    7.5000  -37.5000  -15.0000 2475.2856   15.5620
   -7.5000  -30.0000  -15.0000 2519.4282   14.8193
    0.0000  -30.0000  -15.0000 2536.3425   14.6901
    7.5000  -30.0000  -15.0000 2525.5513   14.7822
   -7.5000  -22.5000  -15.0000 2547.4900   14.3402
    0.0000  -22.5000  -15.0000 2574.1616   14.1974
    7.5000  -22.5000  -15.0000 2554.3225   14.3170
   -7.5000  -15.0000  -15.0000 2567.3569   14.2046
    0.0000  -15.0000  -15.0000 2590.5146   14.0991
    7.5000  -15.0000  -15.0000 2570.9067   14.2281
   -7.5000   -7.5000  -15.0000 2590.4685   14.5352
    0.0000   -7.5000  -15.0000 2611.8862   14.3802
    7.5000   -7.5000  -15.0000 2595.0112   14.5604
   -7.5000    0.0000  -15.0000 2586.5603   15.1219
    0.0000    0.0000  -15.0000 2615.4380   14.9070
    7.5000    0.0000  -15.0000 2610.0278   15.1040
   -7.5000    7.5000  -15.0000 2566.4895   15.8015
    0.0000    7.5000  -15.0000 2589.7942   15.5861
    7.5000    7.5000  -15.0000 2580.1921   15.7918
   -7.5000   15.0000  -15.0000 2504.1252   16.6947
    0.0000   15.0000  -15.0000 2531.0515   16.4836
    7.5000   15.0000  -15.0000 2516.7400   16.6784
   -7.5000   22.5000  -15.0000 2423.4277   17.9084
    0.0000   22.5000  -15.0000 2451.5808   17.6882
    7.5000   22.5000  -15.0000 2440.9927   17.8973
   -7.5000   30.0000  -15.0000 2323.3406   19.5578
    0.0000   30.0000  -15.0000 2352.5149   19.3369
    7.5000   30.0000  -15.0000 2338.4724   19.5566
   -7.5000   37.5000  -15.0000 2193.5969   21.6841
    0.0000   37.5000  -15.0000 2213.6902   21.4904
    7.5000   37.5000  -15.0000 2198.7837   21.7030
   -7.5000   45.0000  -15.0000 2032.7070   24.5131
    0.0000   45.0000  -15.0000 2056.6580   24.3242
    7.5000   45.0000  -15.0000 2036.2305   24.4547
   -7.5000  -45.0000   -7.5000 2414.7725   16.1602
    0.0000  -45.0000   -7.5000 2437.2004   16.0110
    7.5000  -45.0000   -7.5000 2431.7886   16.1474
   -7.5000  -37.5000   -7.5000 2506.4175   15.0426
    0.0000  -37.5000   -7.5000 2522.8638   14.8785
    7.5000  -37.5000   -7.5000 2512.4915   14.9939
   -7.5000  -30.0000   -7.5000 2566.3259   14.2202
    0.0000  -30.0000   -7.5000 2586.6997   14.1224
    7.5000  -30.0000   -7.5000 2571.8052   14.2003
   -7.5000  -22.5000   -7.5000 2605.0796   13.6807
    0.0000  -22.5000   -7.5000 2620.5879   13.5763
    7.5000  -22.5000   -7.5000 2605.5962   13.7088
   -7.5000  -15.0000   -7.5000 2636.5483   13.4613
    0.0000  -15.0000   -7.5000 2642.9841   13.2997
    7.5000  -15.0000   -7.5000 2633.8083   13.5397
   -7.5000   -7.5000   -7.5000 2667.5725   13.7851
    0.0000   -7.5000   -7.5000 2677.2617   13.5876
    7.5000   -7.5000   -7.5000 2664.3506   13.8246
   -7.5000    0.0000   -7.5000 2666.1931   14.3132
    0.0000    0.0000   -7.5000 2682.6841   14.1015
    7.5000    0.0000   -7.5000 2675.0022   14.3159
   -7.5000    7.5000   -7.5000 2644.2117   14.9787
    0.0000    7.5000   -7.5000 2656.2314   14.7602
    7.5000    7.5000   -7.5000 2648.5833   14.9857
   -7.5000   15.0000   -7.5000 2580.7363   15.8989
    0.0000   15.0000   -7.5000 2591.6128   15.6320
    7.5000   15.0000   -7.5000 2590.7419   15.8764
   -7.5000   22.5000   -7.5000 2497.8555   17.1557
    0.0000   22.5000   -7.5000 2513.3896   16.8747
    7.5000   22.5000   -7.5000 2510.7925   17.1744
   -7.5000   30.0000   -7.5000 2388.1538   18.7595
    0.0000   30.0000   -7.5000 2406.6255   18.4773
    7.5000   30.0000   -7.5000 2398.1846   18.7971
   -7.5000   37.5000   -7.5000 2247.6790   20.7664
    0.0000   37.5000   -7.5000 2262.1294   20.4997
    7.5000   37.5000   -7.5000 2252.2139   20.8165
   -7.5000   45.0000   -7.5000 2080.5222   23.3540
    0.0000   45.0000   -7.5000 2099.7141   23.1325
    7.5000   45.0000   -7.5000 2077.5654   23.3451
   -7.5000  -45.0000    0.0000 2425.4653   15.8282
    0.0000  -45.0000    0.0000 2433.8752   15.6361
    7.5000  -45.0000    0.0000 2431.0728   15.8294
   -7.5000  -37.5000    0.0000 2528.2532   14.6827
    0.0000  -37.5000    0.0000 2526.7034   14.4875
    7.5000  -37.5000    0.0000 2520.8933   14.6619
   -7.5000  -30.0000    0.0000 2600.9001   13.8946
    0.0000  -30.0000    0.0000 2605.3315   13.7190
    7.5000  -30.0000    0.0000 2595.7598   13.8632
   -7.5000  -22.5000    0.0000 2656.0288   13.3835
    0.0000  -22.5000    0.0000 2659.9055   13.2919
    7.5000  -22.5000    0.0000 2652.9753   13.3857
   -7.5000  -15.0000    0.0000 2687.5769   13.0502
    0.0000  -15.0000    0.0000 2692.6526   12.9229
    7.5000  -15.0000    0.0000 2688.8308   13.1864
   -7.5000   -7.5000    0.0000 2721.0103   13.2947
    0.0000   -7.5000    0.0000 2727.9800   13.1126
    7.5000   -7.5000    0.0000 2715.4028   13.4519
   -7.5000    0.0000    0.0000 2715.9258   13.7624
    0.0000    0.0000    0.0000 2725.6833   13.5718
    7.5000    0.0000    0.0000 2715.0554   13.8769
   -7.5000    7.5000    0.0000 2698.9014   14.4331
    0.0000    7.5000    0.0000 2704.7424   14.2119
    7.5000    7.5000    0.0000 2703.7371   14.5112
   -7.5000   15.0000    0.0000 2631.2146   15.3634
    0.0000   15.0000    0.0000 2642.4426   15.0891
    7.5000   15.0000    0.0000 2645.3916   15.4194
   -7.5000   22.5000    0.0000 2540.1660   16.5869
    0.0000   22.5000    0.0000 2553.0916   16.3445
    7.5000   22.5000    0.0000 2553.6243   16.7212
   -7.5000   30.0000    0.0000 2436.2915   18.1625
    0.0000   30.0000    0.0000 2451.1106   17.9595
    7.5000   30.0000    0.0000 2441.7000   18.3708
   -7.5000   37.5000    0.0000 2295.0906   20.0862
    0.0000   37.5000    0.0000 2306.8652   19.9144
    7.5000   37.5000    0.0000 2296.0735   20.2942
   -7.5000   45.0000    0.0000 2124.0139   22.5083
    0.0000   45.0000    0.0000 2133.5049   22.4367
    7.5000   45.0000    0.0000 2115.4951   22.6714
   -7.5000  -45.0000    7.5000 2425.8667   15.7955
    0.0000  -45.0000    7.5000 2426.9136   15.4946
    7.5000  -45.0000    7.5000 2414.7095   15.6738
   -7.5000  -37.5000    7.5000 2531.7329   14.6144
    0.0000  -37.5000    7.5000 2520.9272   14.3098
    7.5000  -37.5000    7.5000 2511.0774   14.5091
   -7.5000  -30.0000    7.5000 2618.0188   13.8240
    0.0000  -30.0000    7.5000 2609.8906   13.5312
    7.5000  -30.0000    7.5000 2601.1655   13.7074
   -7.5000  -22.5000    7.5000 2692.0254   13.4823
    0.0000  -22.5000    7.5000 2698.3157   13.3185
    7.5000  -22.5000    7.5000 2690.0686   13.3720
   -7.5000  -15.0000    7.5000 2741.8281   13.1331
    0.0000  -15.0000    7.5000 2768.1992   13.0685
    7.5000  -15.0000    7.5000 2744.9104   13.1941
   -7.5000   -7.5000    7.5000 2764.1064   13.1295
    0.0000   -7.5000    7.5000 2796.8865   13.0251
    7.5000   -7.5000    7.5000 2771.1440   13.3344
   -7.5000    0.0000    7.5000 2760.4514   13.5383
    0.0000    0.0000    7.5000 2785.8262   13.3477
    7.5000    0.0000    7.5000 2753.3984   13.6609
   -7.5000    7.5000    7.5000 2742.1079   14.2427
    0.0000    7.5000    7.5000 2755.5559   13.9828
    7.5000    7.5000    7.5000 2733.7056   14.2321
   -7.5000   15.0000    7.5000 2677.1516   15.1904
    0.0000   15.0000    7.5000 2690.2915   14.8966
    7.5000   15.0000    7.5000 2679.6453   15.1331
   -7.5000   22.5000    7.5000 2591.9858   16.4346
    0.0000   22.5000    7.5000 2602.1423   16.1681
    7.5000   22.5000    7.5000 2586.3765   16.4236
   -7.5000   30.0000    7.5000 2482.0688   18.0258
    0.0000   30.0000    7.5000 2496.9744   17.7909
    7.5000   30.0000    7.5000 2475.7212   18.0516
   -7.5000   37.5000    7.5000 2343.2803   20.0280
    0.0000   37.5000    7.5000 2354.5803   19.8240
    7.5000   37.5000    7.5000 2333.0676   20.0416
   -7.5000   45.0000    7.5000 2165.3984   22.5128
    0.0000   45.0000    7.5000 2183.3506   22.3274
    7.5000   45.0000    7.5000 2156.9553   22.4652
   -7.5000  -45.0000   15.0000 2405.7390   16.1054
    0.0000  -45.0000   15.0000 2381.6880   15.6601
    7.5000  -45.0000   15.0000 2392.3896   15.9065
   -7.5000  -37.5000   15.0000 2509.1204   14.9230
    0.0000  -37.5000   15.0000 2487.9390   14.5436
    7.5000  -37.5000   15.0000 2503.0862   14.7357
   -7.5000  -30.0000   15.0000 2617.9785   14.2276
    0.0000  -30.0000   15.0000 2618.2451   13.9383
    7.5000  -30.0000   15.0000 2620.2629   14.0404
   -7.5000  -22.5000   15.0000 2722.4973   13.9594
    0.0000  -22.5000   15.0000 2764.4109   13.8979
    7.5000  -22.5000   15.0000 2717.4678   13.7384
   -7.5000  -15.0000   15.0000 2805.0925   13.6934
    0.0000  -15.0000   15.0000 2883.6384   13.7129
    7.5000  -15.0000   15.0000 2787.8677   13.4547
   -7.5000   -7.5000   15.0000 2825.5708   13.5973
    0.0000   -7.5000   15.0000 2879.9253   13.3653
    7.5000   -7.5000   15.0000 2794.2600   13.3258
   -7.5000    0.0000   15.0000 2801.5327   13.7886
    0.0000    0.0000   15.0000 2835.4468   13.5290
    7.5000    0.0000   15.0000 2776.9197   13.5953
   -7.5000    7.5000   15.0000 2760.4397   14.4004
    0.0000    7.5000   15.0000 2787.1541   14.1477
    7.5000    7.5000   15.0000 2750.2522   14.2499
   -7.5000   15.0000   15.0000 2685.1338   15.3230
    0.0000   15.0000   15.0000 2712.0759   15.0819
    7.5000   15.0000   15.0000 2683.4294   15.1389
   -7.5000   22.5000   15.0000 2600.2839   16.5578
    0.0000   22.5000   15.0000 2628.2666   16.3241
    7.5000   22.5000   15.0000 2597.6160   16.3779
   -7.5000   30.0000   15.0000 2492.1626   18.1403
    0.0000   30.0000   15.0000 2521.3469   17.9341
    7.5000   30.0000   15.0000 2486.0710   18.0028
   -7.5000   37.5000   15.0000 2353.8447   20.1441
    0.0000   37.5000   15.0000 2374.2625   19.9214
    7.5000   37.5000   15.0000 2347.8062   19.9814
   -7.5000   45.0000   15.0000 2177.1482   22.5816
    0.0000   45.0000   15.0000 2198.4287   22.3501
    7.5000   45.0000   15.0000 2170.2908   22.3344
   -7.5000  -45.0000   22.5000 2397.9016   16.9037
    0.0000  -45.0000   22.5000 2382.6655   16.5324
    7.5000  -45.0000   22.5000 2378.9202   16.5560
   -7.5000  -37.5000   22.5000 2533.1863   15.8453
    0.0000  -37.5000   22.5000 2522.5125   15.5221
    7.5000  -37.5000   22.5000 2502.0867   15.4805
   -7.5000  -30.0000   22.5000 2664.7024   15.2121
    0.0000  -30.0000   22.5000 2674.7163   14.9870
    7.5000  -30.0000   22.5000 2624.2163   14.8143
   -7.5000  -22.5000   22.5000 2772.0046   14.8365
    0.0000  -22.5000   22.5000 2806.8464   14.7708
    7.5000  -22.5000   22.5000 2729.9282   14.4150
   -7.5000  -15.0000   22.5000 2837.9651   14.4416
    0.0000  -15.0000   22.5000 2877.5132   14.2690
    7.5000  -15.0000   22.5000 2790.6384   13.9943
   -7.5000   -7.5000   22.5000 2853.4382   14.2841
    0.0000   -7.5000   22.5000 2879.5608   13.9329
    7.5000   -7.5000   22.5000 2802.2173   13.7826
   -7.5000    0.0000   22.5000 2822.9956   14.4787
    0.0000    0.0000   22.5000 2854.6785   14.1392
    7.5000    0.0000   22.5000 2783.1790   14.0018
   -7.5000    7.5000   22.5000 2774.2732   15.0117
    0.0000    7.5000   22.5000 2797.4736   14.7254
    7.5000    7.5000   22.5000 2745.3452   14.6057
   -7.5000   15.0000   22.5000 2678.5156   15.8212
    0.0000   15.0000   22.5000 2692.8547   15.5451
    7.5000   15.0000   22.5000 2669.2922   15.4913
   -7.5000   22.5000   22.5000 2584.4668   16.8855
    0.0000   22.5000   22.5000 2606.3206   16.6437
    7.5000   22.5000   22.5000 2593.6382   16.6645
   -7.5000   30.0000   22.5000 2474.7014   18.3650
    0.0000   30.0000   22.5000 2503.0581   18.1711
    7.5000   30.0000   22.5000 2489.8237   18.2648
   -7.5000   37.5000   22.5000 2336.6497   20.2992
    0.0000   37.5000   22.5000 2363.2578   20.1377
    7.5000   37.5000   22.5000 2356.9951   20.2548
   -7.5000   45.0000   22.5000 2173.4551   22.7676
    0.0000   45.0000   22.5000 2189.5632   22.5884
    7.5000   45.0000   22.5000 2171.8757   22.6578
   -7.5000  -45.0000   30.0000 2413.5081   18.3120
    0.0000  -45.0000   30.0000 2412.7749   17.9413
    7.5000  -45.0000   30.0000 2381.7478   18.0066
   -7.5000  -37.5000   30.0000 2538.9514   17.0643
    0.0000  -37.5000   30.0000 2540.0747   16.7199
    7.5000  -37.5000   30.0000 2503.9470   16.8024
   -7.5000  -30.0000   30.0000 2646.9065   16.1232
    0.0000  -30.0000   30.0000 2649.9502   15.8484
    7.5000  -30.0000   30.0000 2616.6689   15.8928
   -7.5000  -22.5000   30.0000 2726.0110   15.4426
    0.0000  -22.5000   30.0000 2745.5857   15.2322
    7.5000  -22.5000   30.0000 2711.1914   15.2370
   -7.5000  -15.0000   30.0000 2773.5598   14.9354
    0.0000  -15.0000   30.0000 2784.5945   14.5582
    7.5000  -15.0000   30.0000 2751.1968   14.6424
   -7.5000   -7.5000   30.0000 2798.9497   14.7706
    0.0000   -7.5000   30.0000 2814.6467   14.3935
    7.5000   -7.5000   30.0000 2781.9663   14.5179
   -7.5000    0.0000   30.0000 2779.4314   15.0234
    0.0000    0.0000   30.0000 2810.6770   14.7377
    7.5000    0.0000   30.0000 2768.1882   14.8100
   -7.5000    7.5000   30.0000 2738.1831   15.5990
    0.0000    7.5000   30.0000 2770.0232   15.3441
    7.5000    7.5000   30.0000 2723.1826   15.3741
   -7.5000   15.0000   30.0000 2647.7207   16.5660
    0.0000   15.0000   30.0000 2668.1453   16.2875
    7.5000   15.0000   30.0000 2643.6006   16.2810
   -7.5000   22.5000   30.0000 2553.0605   17.7171
    0.0000   22.5000   30.0000 2574.6511   17.4594
    7.5000   22.5000   30.0000 2554.7871   17.4732
   -7.5000   30.0000   30.0000 2432.6157   19.1101
    0.0000   30.0000   30.0000 2460.7700   18.8770
    7.5000   30.0000   30.0000 2443.6841   18.9253
   -7.5000   37.5000   30.0000 2298.6062   20.9480
    0.0000   37.5000   30.0000 2316.3884   20.6750
    7.5000   37.5000   30.0000 2304.0894   20.7261
   -7.5000   45.0000   30.0000 2129.9973   23.2818
    0.0000   45.0000   30.0000 2149.6252   22.9758
    7.5000   45.0000   30.0000 2133.4749   23.0172
   -7.5000  -45.0000   37.5000 2383.5498   19.5600
    0.0000  -45.0000   37.5000 2372.9399   19.0014
    7.5000  -45.0000   37.5000 2368.2358   19.4611
   -7.5000  -37.5000   37.5000 2491.0317   18.0938
    0.0000  -37.5000   37.5000 2494.2278   17.6130
    7.5000  -37.5000   37.5000 2480.8118   18.0359
   -7.5000  -30.0000   37.5000 2574.2583   16.9142
    0.0000  -30.0000   37.5000 2589.2961   16.5357
    7.5000  -30.0000   37.5000 2579.6587   16.9274
   -7.5000  -22.5000   37.5000 2653.0957   16.1693
    0.0000  -22.5000   37.5000 2657.5894   15.7033
    7.5000  -22.5000   37.5000 2653.8994   16.0292
   -7.5000  -15.0000   37.5000 2690.4631   15.6230
    0.0000  -15.0000   37.5000 2700.5256   15.1361
    7.5000  -15.0000   37.5000 2688.3594   15.4207
   -7.5000   -7.5000   37.5000 2717.5740   15.5256
    0.0000   -7.5000   37.5000 2733.8047   15.0862
    7.5000   -7.5000   37.5000 2720.2620   15.3439
   -7.5000    0.0000   37.5000 2699.1709   15.8179
    0.0000    0.0000   37.5000 2732.8271   15.4608
    7.5000    0.0000   37.5000 2713.2378   15.6583
   -7.5000    7.5000   37.5000 2666.4917   16.4494
    0.0000    7.5000   37.5000 2695.7214   16.0665
    7.5000    7.5000   37.5000 2663.3408   16.2405
   -7.5000   15.0000   37.5000 2586.1101   17.3337
    0.0000   15.0000   37.5000 2604.6406   16.9326
    7.5000   15.0000   37.5000 2594.0405   17.0993
   -7.5000   22.5000   37.5000 2495.5435   18.5324
    0.0000   22.5000   37.5000 2519.1992   18.2003
    7.5000   22.5000   37.5000 2512.3787   18.3373
   -7.5000   30.0000   37.5000 2383.6172   20.0202
    0.0000   30.0000   37.5000 2406.2090   19.7612
    7.5000   30.0000   37.5000 2398.5225   19.8803
   -7.5000   37.5000   37.5000 2239.5742   21.8108
    0.0000   37.5000   37.5000 2253.2754   21.5453
    7.5000   37.5000   37.5000 2247.2356   21.6193
   -7.5000   45.0000   37.5000 2080.2197   24.0705
    0.0000   45.0000   37.5000 2100.9263   23.7451
    7.5000   45.0000   37.5000 2089.8110   23.7829
   -7.5000  -45.0000   45.0000 2311.4304   20.6600
    0.0000  -45.0000   45.0000 2317.9238   20.0750
    7.5000  -45.0000   45.0000 2305.7551   20.6758
   -7.5000  -37.5000   45.0000 2412.5232   19.0836
    0.0000  -37.5000   45.0000 2426.3289   18.5852
    7.5000  -37.5000   45.0000 2409.3008   19.0751
   -7.5000  -30.0000   45.0000 2493.3267   17.8423
    0.0000  -30.0000   45.0000 2508.2144   17.3590
    7.5000  -30.0000   45.0000 2503.8154   17.8660
   -7.5000  -22.5000   45.0000 2561.9863   17.0468
    0.0000  -22.5000   45.0000 2574.8059   16.5147
    7.5000  -22.5000   45.0000 2570.7605   16.9323
   -7.5000  -15.0000   45.0000 2603.0146   16.4999
    0.0000  -15.0000   45.0000 2621.2720   16.0405
    7.5000  -15.0000   45.0000 2608.5901   16.3913
   -7.5000   -7.5000   45.0000 2625.9878   16.4447
    0.0000   -7.5000   45.0000 2646.9583   16.0559
    7.5000   -7.5000   45.0000 2637.6538   16.3146
   -7.5000    0.0000   45.0000 2607.5085   16.8101
    0.0000    0.0000   45.0000 2634.7329   16.4782
    7.5000    0.0000   45.0000 2625.2349   16.6623
   -7.5000    7.5000   45.0000 2572.0737   17.4105
    0.0000    7.5000   45.0000 2602.3938   17.0166
    7.5000    7.5000   45.0000 2576.3953   17.2051
   -7.5000   15.0000   45.0000 2502.7185   18.2569
    0.0000   15.0000   45.0000 2527.7739   17.8148
    7.5000   15.0000   45.0000 2509.3235   18.0173
   -7.5000   22.5000   45.0000 2416.2485   19.4194
    0.0000   22.5000   45.0000 2441.4392   19.1263
    7.5000   22.5000   45.0000 2433.6304   19.2681
   -7.5000   30.0000   45.0000 2308.2322   20.9681
    0.0000   30.0000   45.0000 2330.3196   20.7349
    7.5000   30.0000   45.0000 2320.3379   20.8196
   -7.5000   37.5000   45.0000 2172.1169   22.9760
    0.0000   37.5000   45.0000 2185.8726   22.7278
    7.5000   37.5000   45.0000 2176.3586   22.7519
   -7.5000   45.0000   45.0000 2023.1053   25.1887
    0.0000   45.0000   45.0000 2041.6576   24.9223
    7.5000   45.0000   45.0000 2029.3722   24.9979

---------------------------------------------------------------------
imgreg_4dfp /opt/freesurfer/average/711-2C_as_mni_average_305 /opt/freesurfer/average/711-2B_as_mni_average_305_mask talsrcimg_g11 none talsrcimg_to_711-2C_as_mni_average_305_t4 1283
---------------------------------------------------------------------

freesurfer imgreg_4dfp.c
/opt/freesurfer/average/711-2C_as_mni_average_305.4dfp.img
       256       256       256         1
  1.000000  1.000000  1.000000
orientation T byte_order littleendian
Reading image: /opt/freesurfer/average/711-2C_as_mni_average_305.4dfp.img
dimensions:      256       256       256
mmppix:       1.0000   -1.0000   -1.0000
center:     128.0000 -129.0000 -129.0000
/opt/freesurfer/average/711-2B_as_mni_average_305_mask.4dfp.img
       256       256       256         1
  1.000000  1.000000  1.000000
orientation T byte_order littleendian
Reading mask: /opt/freesurfer/average/711-2B_as_mni_average_305_mask.4dfp.img (2306576 pixels)
talsrcimg_g11.4dfp.img
       256       256       256         1
  1.000000  1.000000  1.000000
orientation T byte_order littleendian
Reading image: talsrcimg_g11.4dfp.img
dimensions:      256       256       256
mmppix:       1.0000   -1.0000   -1.0000
center:     128.0000 -129.0000 -129.0000
rotation matrix determinant  1.000000
fimgreg.f
image alignment mode   1283 decimal      503 hex
parameters
    0.0000  -15.0000   15.0000    0.0000    0.0000    0.0000
eta,q 0.90149 13.82741
niter,ni,del,rscale     5    3   12.0000    1.2000
parameter  3 -1.952804 -> -0.500000 qaram    1.1500
parameter  4  0.588944 ->  0.500000 qaram    1.1500
parameters
   -0.8069  -12.2026   18.4500   -3.4500   -1.4499    1.1814
eta,q 0.91462 13.87610
  0.1059  0.1295  0.1082  0.0899  0.0952  0.0970
  0.1035  0.1185  0.0989  0.0880  0.0896  0.0925
  0.1053  0.1099  0.0981  0.0885  0.0863  0.0889
  0.1032  0.1038  0.0999  0.0895  0.0879  0.0863
  0.1001  0.1005  0.0940  0.0927  0.0930  0.0854
  0.1027  0.1009  0.0895  0.0971  0.0987  0.0878
  0.1148  0.1051  0.0909  0.0987  0.1040  0.0915
niter,ni,del,rscale     6    3   12.0000    1.2000
parameters
   -2.0718  -11.5559   18.6719   -3.5541   -0.3696    0.9005
eta,q 0.91711 13.90206
  0.1031  0.0999  0.1064  0.0945  0.0988  0.0902
  0.0892  0.0899  0.1013  0.0893  0.0938  0.0869
  0.0834  0.0856  0.0898  0.0846  0.0880  0.0840
  0.0854  0.0834  0.0835  0.0836  0.0836  0.0829
  0.0954  0.0856  0.0897  0.0863  0.0833  0.0843
  0.1104  0.0904  0.0969  0.0906  0.0866  0.0875
  0.1141  0.0917  0.1054  0.0940  0.0923  0.0921
niter,ni,del,rscale     5    3   12.0000    1.2000
parameters
   -2.7231  -11.1482   18.7578   -3.8409    0.3082    0.6240
eta,q 0.91792 13.90177
  0.1071  0.0952  0.1067  0.0928  0.0968  0.0891
  0.0939  0.0869  0.1005  0.0883  0.0918  0.0857
  0.0826  0.0827  0.0878  0.0836  0.0861  0.0830
  0.0829  0.0819  0.0823  0.0824  0.0823  0.0821
  0.0906  0.0854  0.0895  0.0854  0.0830  0.0834
  0.1062  0.0890  0.0966  0.0900  0.0869  0.0866
  0.1150  0.0889  0.1070  0.0937  0.0927  0.0905
niter,ni,del,rscale     4    3   12.0000    1.2000
parameters
   -3.1730  -10.7700   18.6801   -4.0767    0.7206    0.4397
eta,q 0.91802 13.89432
  0.1081  0.0936  0.1068  0.0919  0.0957  0.0889
  0.0965  0.0861  0.0995  0.0883  0.0908  0.0855
  0.0839  0.0818  0.0867  0.0837  0.0849  0.0828
  0.0821  0.0817  0.0822  0.0821  0.0820  0.0820
  0.0890  0.0853  0.0902  0.0848  0.0837  0.0834
  0.1041  0.0879  0.0976  0.0892  0.0878  0.0859
  0.1147  0.0879  0.1085  0.0931  0.0931  0.0897
niter,ni,del,rscale     3    3   12.0000    1.2000
parameters
   -3.4685  -10.5071   18.5448   -4.2624    1.0033    0.3761
eta,q 0.91773 13.88490
  0.1088  0.0925  0.1073  0.0913  0.0952  0.0892
  0.0982  0.0855  0.0994  0.0882  0.0905  0.0857
  0.0855  0.0813  0.0869  0.0840  0.0843  0.0830
  0.0820  0.0819  0.0823  0.0821  0.0821  0.0823
  0.0879  0.0856  0.0906  0.0845  0.0845  0.0835
  0.1024  0.0875  0.0985  0.0885  0.0881  0.0859
  0.1139  0.0876  0.1096  0.0926  0.0934  0.0893
niter,ni,del,rscale     2    3   12.0000    1.2000
parameters
   -3.6572  -10.3573   18.4565   -4.3678    1.1829    0.3571
eta,q 0.91748 13.87949
  0.1091  0.0918  0.1078  0.0912  0.0950  0.0894
  0.0992  0.0852  0.0999  0.0883  0.0901  0.0859
  0.0867  0.0812  0.0875  0.0843  0.0839  0.0831
  0.0823  0.0823  0.0825  0.0824  0.0824  0.0825
  0.0875  0.0859  0.0906  0.0844  0.0849  0.0838
  0.1013  0.0875  0.0986  0.0880  0.0884  0.0861
  0.1129  0.0877  0.1095  0.0922  0.0936  0.0892
niter,ni,del,rscale     1    3   12.0000    1.2000
parameters
   -3.7738  -10.2756   18.4003   -4.4160    1.2865    0.3611
eta,q 0.91732 13.87733
  0.1095  0.0915  0.1081  0.0911  0.0948  0.0895
  0.0998  0.0850  0.1001  0.0883  0.0897  0.0861
  0.0875  0.0812  0.0879  0.0846  0.0836  0.0832
  0.0825  0.0825  0.0826  0.0826  0.0826  0.0827
  0.0872  0.0860  0.0905  0.0844  0.0853  0.0840
  0.1008  0.0874  0.0986  0.0878  0.0887  0.0861
  0.1122  0.0877  0.1095  0.0919  0.0938  0.0892
registration optimization eta report
parameter search radius
    6.0000    6.0000    6.9000    6.9000    6.0000    6.0000
100000*second partial in parameter space
       76.       19.       50.       18.       32.       18.
  0.1095  0.0915  0.1081  0.0911  0.0948  0.0895
  0.0998  0.0850  0.1001  0.0883  0.0897  0.0861
  0.0875  0.0812  0.0879  0.0846  0.0836  0.0832
  0.0825  0.0825  0.0826  0.0826  0.0826  0.0827
  0.0872  0.0860  0.0905  0.0844  0.0853  0.0840
  0.1008  0.0874  0.0986  0.0878  0.0887  0.0861
  0.1122  0.0877  0.1095  0.0919  0.0938  0.0892
   -3.7738  -10.2756   18.4003   -4.4160    1.2865    0.3611
eta,q 0.91732 13.87733

---------------------------------------------------------------------
imgreg_4dfp /opt/freesurfer/average/711-2C_as_mni_average_305 /opt/freesurfer/average/711-2B_as_mni_average_305_mask talsrcimg_g11 none talsrcimg_to_711-2C_as_mni_average_305_t4 3335
---------------------------------------------------------------------

freesurfer imgreg_4dfp.c
/opt/freesurfer/average/711-2C_as_mni_average_305.4dfp.img
       256       256       256         1
  1.000000  1.000000  1.000000
orientation T byte_order littleendian
Reading image: /opt/freesurfer/average/711-2C_as_mni_average_305.4dfp.img
dimensions:      256       256       256
mmppix:       1.0000   -1.0000   -1.0000
center:     128.0000 -129.0000 -129.0000
/opt/freesurfer/average/711-2B_as_mni_average_305_mask.4dfp.img
       256       256       256         1
  1.000000  1.000000  1.000000
orientation T byte_order littleendian
Reading mask: /opt/freesurfer/average/711-2B_as_mni_average_305_mask.4dfp.img (2306576 pixels)
talsrcimg_g11.4dfp.img
       256       256       256         1
  1.000000  1.000000  1.000000
orientation T byte_order littleendian
Reading image: talsrcimg_g11.4dfp.img
dimensions:      256       256       256
mmppix:       1.0000   -1.0000   -1.0000
center:     128.0000 -129.0000 -129.0000
fimgreg.f
image alignment mode   3335 decimal      D07 hex
parameters
   -3.7738  -10.2756   18.4003   -0.0272   -0.2978   -0.3220
   -0.4555   -2.2870    0.6301    7.6855    2.2452   -7.6978
eta,q 0.90999 13.97235
niter,ni,del,rscale     5    3    5.0000    1.2000
parameter  1 -0.559978 -> -0.500000 qaram    1.1500
parameter  2  0.777072 ->  0.500000 qaram    1.1500
parameter  4  1.802979 ->  0.500000 qaram    1.1500
parameter  5 30.148439 ->  0.500000 qaram    1.1500
parameter  6  1.198848 ->  0.500000 qaram    1.1500
parameter 11 -0.731773 -> -0.500000 qaram    1.1500
parameters
   -2.3938  -11.6556   17.8707   -4.1672   -4.4378   -4.4620
    2.8003    0.2639    3.1073    6.0386    6.3852   -6.1076
eta,q 0.94399 14.18970
  0.0959  0.0889  0.0903  0.0745  0.0626  0.0565  0.0659  0.0705  0.0624  0.0595  0.0613  0.0597
  0.0937  0.0886  0.0891  0.0782  0.0665  0.0582  0.0632  0.0646  0.0603  0.0581  0.0594  0.0581
  0.0917  0.0887  0.0885  0.0827  0.0722  0.0618  0.0608  0.0602  0.0586  0.0572  0.0581  0.0568
  0.0900  0.0889  0.0886  0.0885  0.0794  0.0680  0.0590  0.0581  0.0575  0.0572  0.0571  0.0561
  0.0890  0.0891  0.0895  0.0963  0.0866  0.0770  0.0581  0.0575  0.0572  0.0583  0.0564  0.0560
  0.0890  0.0892  0.0909  0.1054  0.0920  0.0873  0.0583  0.0581  0.0576  0.0606  0.0561  0.0565
  0.0899  0.0893  0.0925  0.1139  0.0968  0.0975  0.0596  0.0599  0.0585  0.0639  0.0563  0.0576
niter,ni,del,rscale     7    3    5.0000    1.2000
parameter  1 -0.606129 -> -0.500000 qaram    1.3225
parameter  3  3.526689 ->  0.500000 qaram    1.1500
parameter  4  0.625294 ->  0.500000 qaram    1.3225
parameter  5  0.814722 ->  0.500000 qaram    1.3225
parameter 12 -0.936220 -> -0.500000 qaram    1.1500
parameters
   -0.8068  -11.7210   16.4907   -8.9282   -9.1988   -8.5357
    0.0330   -1.1440    4.2888    8.5685    5.6178   -1.9676
eta,q 0.96089 13.91533
  0.0679  0.0581  0.0464  0.0458  0.0418  0.0411  0.0417  0.0433  0.0428  0.0434  0.0416  0.0432
  0.0629  0.0560  0.0484  0.0459  0.0420  0.0409  0.0409  0.0412  0.0416  0.0420  0.0408  0.0419
  0.0588  0.0547  0.0510  0.0468  0.0432  0.0412  0.0406  0.0404  0.0407  0.0410  0.0403  0.0409
  0.0560  0.0542  0.0542  0.0490  0.0460  0.0422  0.0410  0.0406  0.0403  0.0403  0.0401  0.0401
  0.0545  0.0546  0.0575  0.0533  0.0515  0.0457  0.0420  0.0419  0.0404  0.0401  0.0404  0.0394
  0.0542  0.0561  0.0610  0.0607  0.0593  0.0540  0.0435  0.0437  0.0408  0.0402  0.0413  0.0390
  0.0549  0.0587  0.0645  0.0716  0.0661  0.0666  0.0453  0.0457  0.0416  0.0409  0.0422  0.0391
niter,ni,del,rscale     7    3    5.0000    1.2000
parameter  2 -1.090340 -> -0.500000 qaram    1.3225
parameter  3  1.341971 ->  0.500000 qaram    1.3225
parameters
   -0.4138  -10.1340   14.9037   -9.8654  -12.6451  -10.9876
   -0.0988   -1.0772    4.0429   10.4753    3.9968   -3.4201
eta,q 0.96746 13.67278
  0.0462  0.0479  0.0316  0.0371  0.0351  0.0355  0.0357  0.0375  0.0349  0.0366  0.0336  0.0336
  0.0427  0.0446  0.0326  0.0352  0.0336  0.0341  0.0342  0.0348  0.0339  0.0351  0.0328  0.0329
  0.0402  0.0415  0.0341  0.0338  0.0328  0.0331  0.0333  0.0334  0.0332  0.0339  0.0326  0.0326
  0.0391  0.0390  0.0362  0.0330  0.0331  0.0329  0.0330  0.0330  0.0331  0.0330  0.0327  0.0326
  0.0393  0.0371  0.0391  0.0332  0.0356  0.0339  0.0334  0.0336  0.0334  0.0327  0.0331  0.0329
  0.0407  0.0360  0.0426  0.0356  0.0418  0.0400  0.0344  0.0350  0.0341  0.0331  0.0336  0.0337
  0.0435  0.0358  0.0465  0.0407  0.0500  0.0510  0.0358  0.0370  0.0351  0.0343  0.0344  0.0348
niter,ni,del,rscale     7    3    5.0000    1.2000
parameter  2 -0.605127 -> -0.500000 qaram    1.5209
parameter  3  0.613531 ->  0.500000 qaram    1.5209
parameter 12  0.588800 ->  0.500000 qaram    1.3225
parameters
   -0.4153   -8.3089   13.0786   -7.3372  -13.6823  -12.7979
   -0.1722   -0.7484    4.3687   12.9077    4.1641   -8.1811
eta,q 0.97067 13.68200
  0.0382  0.0417  0.0302  0.0347  0.0345  0.0331  0.0329  0.0353  0.0323  0.0341  0.0308  0.0296
  0.0349  0.0381  0.0299  0.0328  0.0322  0.0317  0.0314  0.0321  0.0311  0.0323  0.0302  0.0293
  0.0331  0.0350  0.0301  0.0312  0.0305  0.0305  0.0305  0.0306  0.0305  0.0310  0.0299  0.0294
  0.0325  0.0325  0.0309  0.0299  0.0292  0.0295  0.0302  0.0302  0.0302  0.0302  0.0298  0.0298
  0.0332  0.0312  0.0323  0.0291  0.0292  0.0296  0.0305  0.0306  0.0303  0.0298  0.0299  0.0305
  0.0351  0.0310  0.0345  0.0294  0.0330  0.0345  0.0315  0.0321  0.0309  0.0301  0.0302  0.0315
  0.0380  0.0319  0.0375  0.0319  0.0400  0.0450  0.0331  0.0340  0.0319  0.0310  0.0306  0.0327
niter,ni,del,rscale     7    3    5.0000    1.2000
parameters
   -0.3817   -7.7722   11.4590   -7.1914  -13.8014  -13.7953
   -0.1977   -0.7013    4.8033   14.5094    5.0307  -11.2679
eta,q 0.97130 13.64836
  0.0353  0.0369  0.0296  0.0328  0.0344  0.0330  0.0319  0.0339  0.0311  0.0324  0.0298  0.0295
  0.0321  0.0332  0.0288  0.0311  0.0320  0.0312  0.0303  0.0307  0.0300  0.0308  0.0293  0.0289
  0.0300  0.0306  0.0286  0.0298  0.0301  0.0298  0.0293  0.0293  0.0293  0.0296  0.0290  0.0287
  0.0293  0.0293  0.0292  0.0286  0.0286  0.0286  0.0290  0.0290  0.0290  0.0290  0.0289  0.0289
  0.0299  0.0295  0.0304  0.0282  0.0281  0.0280  0.0293  0.0297  0.0291  0.0289  0.0289  0.0295
  0.0319  0.0309  0.0321  0.0291  0.0306  0.0312  0.0303  0.0312  0.0297  0.0293  0.0291  0.0304
  0.0351  0.0335  0.0345  0.0342  0.0365  0.0397  0.0319  0.0332  0.0307  0.0303  0.0294  0.0314
niter,ni,del,rscale     6    3    5.0000    1.2000
parameters
   -0.4607   -7.4101   10.5774   -6.7555  -14.2574  -14.3704
   -0.1209   -0.7123    5.1522   15.8298    5.5800  -12.5032
eta,q 0.97138 13.63463
  0.0342  0.0356  0.0302  0.0328  0.0338  0.0333  0.0318  0.0335  0.0308  0.0317  0.0296  0.0298
  0.0312  0.0322  0.0289  0.0311  0.0316  0.0313  0.0301  0.0303  0.0297  0.0302  0.0290  0.0291
  0.0293  0.0298  0.0285  0.0296  0.0297  0.0298  0.0291  0.0289  0.0290  0.0292  0.0287  0.0287
  0.0287  0.0287  0.0287  0.0285  0.0283  0.0285  0.0287  0.0287  0.0287  0.0287  0.0287  0.0287
  0.0294  0.0290  0.0295  0.0280  0.0281  0.0277  0.0290  0.0294  0.0289  0.0287  0.0287  0.0290
  0.0315  0.0306  0.0309  0.0287  0.0309  0.0302  0.0300  0.0309  0.0294  0.0292  0.0290  0.0297
  0.0349  0.0334  0.0328  0.0336  0.0369  0.0381  0.0316  0.0329  0.0304  0.0301  0.0293  0.0306
niter,ni,del,rscale     5    3    5.0000    1.2000
parameters
   -0.5065   -7.0798   10.0464   -6.6983  -14.7304  -14.8813
   -0.0088   -0.8103    5.4384   16.9983    5.7963  -12.8858
eta,q 0.97119 13.60227
  0.0342  0.0352  0.0307  0.0329  0.0336  0.0335  0.0318  0.0332  0.0308  0.0314  0.0297  0.0302
  0.0311  0.0319  0.0293  0.0311  0.0315  0.0315  0.0302  0.0302  0.0298  0.0301  0.0291  0.0294
  0.0292  0.0296  0.0286  0.0296  0.0298  0.0299  0.0292  0.0290  0.0291  0.0293  0.0288  0.0290
  0.0286  0.0286  0.0286  0.0285  0.0285  0.0286  0.0288  0.0289  0.0288  0.0288  0.0288  0.0288
  0.0293  0.0289  0.0292  0.0281  0.0283  0.0277  0.0291  0.0296  0.0290  0.0289  0.0290  0.0290
  0.0313  0.0304  0.0305  0.0289  0.0309  0.0300  0.0301  0.0310  0.0295  0.0293  0.0292  0.0296
  0.0346  0.0332  0.0322  0.0347  0.0367  0.0381  0.0317  0.0329  0.0306  0.0301  0.0295  0.0304
niter,ni,del,rscale     4    3    5.0000    1.2000
parameters
   -0.5448   -6.7554    9.6328   -6.6138  -15.2708  -15.4988
    0.1040   -0.9233    5.5915   18.1294    6.1453  -12.8595
eta,q 0.97097 13.55848
  0.0343  0.0351  0.0310  0.0331  0.0335  0.0335  0.0320  0.0332  0.0310  0.0315  0.0299  0.0305
  0.0313  0.0319  0.0296  0.0313  0.0315  0.0316  0.0304  0.0304  0.0300  0.0302  0.0293  0.0297
  0.0294  0.0298  0.0289  0.0298  0.0299  0.0300  0.0294  0.0292  0.0293  0.0294  0.0290  0.0292
  0.0288  0.0288  0.0288  0.0287  0.0287  0.0288  0.0291  0.0291  0.0291  0.0290  0.0290  0.0290
  0.0294  0.0290  0.0293  0.0282  0.0286  0.0279  0.0293  0.0298  0.0292  0.0291  0.0292  0.0292
  0.0314  0.0305  0.0305  0.0290  0.0310  0.0303  0.0303  0.0311  0.0298  0.0295  0.0294  0.0297
  0.0346  0.0333  0.0322  0.0348  0.0366  0.0386  0.0318  0.0329  0.0309  0.0303  0.0296  0.0304
niter,ni,del,rscale     3    3    5.0000    1.2000
parameters
   -0.5832   -6.4113    9.2017   -6.5248  -15.8938  -16.2141
    0.2396   -1.0458    5.5003   19.4419    6.9211  -12.5706
eta,q 0.97077 13.50639
  0.0344  0.0352  0.0311  0.0332  0.0334  0.0334  0.0321  0.0332  0.0311  0.0317  0.0302  0.0307
  0.0314  0.0321  0.0297  0.0315  0.0316  0.0316  0.0306  0.0305  0.0301  0.0305  0.0296  0.0299
  0.0296  0.0300  0.0291  0.0300  0.0300  0.0301  0.0296  0.0294  0.0295  0.0297  0.0292  0.0294
  0.0290  0.0290  0.0290  0.0289  0.0289  0.0290  0.0293  0.0293  0.0293  0.0293  0.0292  0.0292
  0.0296  0.0292  0.0295  0.0284  0.0289  0.0281  0.0296  0.0299  0.0295  0.0293  0.0293  0.0294
  0.0316  0.0306  0.0306  0.0292  0.0311  0.0304  0.0304  0.0312  0.0302  0.0297  0.0295  0.0298
  0.0347  0.0334  0.0323  0.0350  0.0366  0.0388  0.0319  0.0330  0.0312  0.0304  0.0297  0.0305
niter,ni,del,rscale     2    3    5.0000    1.2000
parameters
   -0.6265   -6.0115    8.6915   -6.4396  -16.6256  -17.0765
    0.3706   -1.1458    5.2526   21.0316    7.7749  -12.1488
eta,q 0.97059 13.44516
  0.0344  0.0355  0.0310  0.0333  0.0333  0.0331  0.0321  0.0330  0.0314  0.0320  0.0303  0.0309
  0.0315  0.0325  0.0298  0.0315  0.0315  0.0315  0.0307  0.0307  0.0303  0.0308  0.0297  0.0301
  0.0298  0.0304  0.0292  0.0301  0.0300  0.0302  0.0298  0.0296  0.0297  0.0300  0.0294  0.0295
  0.0292  0.0292  0.0291  0.0291  0.0291  0.0292  0.0295  0.0295  0.0295  0.0295  0.0294  0.0294
  0.0298  0.0293  0.0296  0.0285  0.0291  0.0284  0.0297  0.0300  0.0298  0.0294  0.0295  0.0295
  0.0317  0.0308  0.0308  0.0293  0.0313  0.0306  0.0306  0.0312  0.0305  0.0298  0.0296  0.0299
  0.0347  0.0334  0.0325  0.0350  0.0366  0.0391  0.0319  0.0329  0.0316  0.0305  0.0299  0.0306
niter,ni,del,rscale     1    3    5.0000    1.2000
parameters
   -0.6487   -5.5656    8.1666   -6.3913  -17.4538  -18.0258
    0.3898   -1.0977    5.0235   22.4937    8.1665  -12.0559
eta,q 0.97036 13.37435
  0.0344  0.0359  0.0311  0.0333  0.0332  0.0330  0.0322  0.0331  0.0316  0.0323  0.0305  0.0311
  0.0316  0.0329  0.0299  0.0316  0.0316  0.0314  0.0308  0.0310  0.0306  0.0310  0.0299  0.0303
  0.0300  0.0306  0.0293  0.0303  0.0302  0.0303  0.0300  0.0300  0.0299  0.0301  0.0297  0.0298
  0.0294  0.0294  0.0293  0.0293  0.0292  0.0294  0.0297  0.0297  0.0297  0.0297  0.0296  0.0296
  0.0300  0.0295  0.0298  0.0287  0.0293  0.0286  0.0300  0.0301  0.0300  0.0297  0.0297  0.0298
  0.0317  0.0309  0.0309  0.0294  0.0315  0.0306  0.0308  0.0311  0.0308  0.0300  0.0299  0.0303
  0.0346  0.0336  0.0326  0.0351  0.0367  0.0391  0.0321  0.0328  0.0319  0.0308  0.0302  0.0310
registration optimization eta report
parameter search radius
    3.1740    3.6501    3.6501    9.5220    9.5220    8.2800
    7.2000    7.2000    7.2000    7.2000    8.2800    9.5220
100000*second partial in parameter space
       51.       40.       19.        6.        6.       10.
        5.        6.        4.        3.        1.        2.
  0.0344  0.0359  0.0311  0.0333  0.0332  0.0330  0.0322  0.0331  0.0316  0.0323  0.0305  0.0311
  0.0316  0.0329  0.0299  0.0316  0.0316  0.0314  0.0308  0.0310  0.0306  0.0310  0.0299  0.0303
  0.0300  0.0306  0.0293  0.0303  0.0302  0.0303  0.0300  0.0300  0.0299  0.0301  0.0297  0.0298
  0.0294  0.0294  0.0293  0.0293  0.0292  0.0294  0.0297  0.0297  0.0297  0.0297  0.0296  0.0296
  0.0300  0.0295  0.0298  0.0287  0.0293  0.0286  0.0300  0.0301  0.0300  0.0297  0.0297  0.0298
  0.0317  0.0309  0.0309  0.0294  0.0315  0.0306  0.0308  0.0311  0.0308  0.0300  0.0299  0.0303
  0.0346  0.0336  0.0326  0.0351  0.0367  0.0391  0.0321  0.0328  0.0319  0.0308  0.0302  0.0310
   -0.6487   -5.5656    8.1666   -6.3913  -17.4538  -18.0258
    0.3898   -1.0977    5.0235   22.4937    8.1665  -12.0559
eta,q 0.97036 13.37435

---------------------------------------------------------------------
imgreg_4dfp /opt/freesurfer/average/711-2C_as_mni_average_305 /opt/freesurfer/average/711-2B_as_mni_average_305_mask talsrcimg_g11 none talsrcimg_to_711-2C_as_mni_average_305_t4 2311
---------------------------------------------------------------------

freesurfer imgreg_4dfp.c
/opt/freesurfer/average/711-2C_as_mni_average_305.4dfp.img
       256       256       256         1
  1.000000  1.000000  1.000000
orientation T byte_order littleendian
Reading image: /opt/freesurfer/average/711-2C_as_mni_average_305.4dfp.img
dimensions:      256       256       256
mmppix:       1.0000   -1.0000   -1.0000
center:     128.0000 -129.0000 -129.0000
/opt/freesurfer/average/711-2B_as_mni_average_305_mask.4dfp.img
       256       256       256         1
  1.000000  1.000000  1.000000
orientation T byte_order littleendian
Reading mask: /opt/freesurfer/average/711-2B_as_mni_average_305_mask.4dfp.img (2306576 pixels)
talsrcimg_g11.4dfp.img
       256       256       256         1
  1.000000  1.000000  1.000000
orientation T byte_order littleendian
Reading image: talsrcimg_g11.4dfp.img
dimensions:      256       256       256
mmppix:       1.0000   -1.0000   -1.0000
center:     128.0000 -129.0000 -129.0000
fimgreg.f
image alignment mode   2311 decimal      907 hex
parameters
   -0.6487   -5.5656    8.1666   -6.3913  -17.4538  -18.0258
    0.3898   -1.0977    5.0235   22.4937    8.1665  -12.0559
eta,q 0.97036 13.37436
niter,ni,del,rscale     5    3    5.0000    0.8000
parameter  4 -0.881496 -> -0.500000 qaram    1.1500
parameter  6 -0.578649 -> -0.500000 qaram    1.1500
parameters
   -0.6135   -5.1671    7.8230   -3.6313  -16.5788  -15.2658
    0.1068   -0.7951    5.1979   22.3268    8.5049  -14.4418
eta,q 0.97222 13.69268
  0.0309  0.0313  0.0298  0.0312  0.0307  0.0310  0.0291  0.0325  0.0292  0.0294  0.0290  0.0279
  0.0302  0.0305  0.0297  0.0305  0.0301  0.0303  0.0285  0.0299  0.0285  0.0287  0.0285  0.0278
  0.0298  0.0300  0.0296  0.0300  0.0295  0.0296  0.0281  0.0285  0.0281  0.0282  0.0281  0.0278
  0.0296  0.0296  0.0296  0.0296  0.0291  0.0290  0.0280  0.0280  0.0279  0.0279  0.0279  0.0279
  0.0297  0.0296  0.0297  0.0292  0.0289  0.0283  0.0281  0.0282  0.0280  0.0280  0.0280  0.0282
  0.0302  0.0298  0.0299  0.0291  0.0292  0.0279  0.0286  0.0293  0.0284  0.0286  0.0283  0.0285
  0.0309  0.0302  0.0303  0.0291  0.0301  0.0290  0.0295  0.0314  0.0291  0.0298  0.0288  0.0290
niter,ni,del,rscale     6    3    5.0000    0.9000
parameters
   -0.5054   -5.4314    8.1136   -4.8722  -16.4182  -16.5545
    0.1274   -0.8462    5.1800   22.8853    9.1293  -12.9829
eta,q 0.97155 13.59131
  0.0303  0.0289  0.0295  0.0298  0.0298  0.0308  0.0301  0.0310  0.0298  0.0299  0.0290  0.0294
  0.0289  0.0282  0.0285  0.0289  0.0290  0.0298  0.0292  0.0294  0.0291  0.0292  0.0288  0.0289
  0.0281  0.0278  0.0280  0.0281  0.0283  0.0289  0.0287  0.0287  0.0287  0.0288  0.0286  0.0286
  0.0278  0.0278  0.0277  0.0277  0.0279  0.0279  0.0285  0.0285  0.0285  0.0285  0.0285  0.0285
  0.0279  0.0281  0.0278  0.0280  0.0279  0.0279  0.0287  0.0286  0.0286  0.0285  0.0285  0.0285
  0.0286  0.0288  0.0281  0.0300  0.0284  0.0317  0.0292  0.0294  0.0291  0.0288  0.0286  0.0285
  0.0297  0.0298  0.0286  0.0348  0.0299  0.0392  0.0301  0.0312  0.0299  0.0295  0.0288  0.0287
niter,ni,del,rscale     5    3    5.0000    0.8000
parameters
   -0.5848   -5.3794    7.6079   -4.5554  -16.4284  -17.2621
    0.1091   -1.0541    5.0947   23.2600    9.0794  -12.9363
eta,q 0.97137 13.57540
  0.0297  0.0298  0.0287  0.0304  0.0297  0.0307  0.0298  0.0305  0.0297  0.0298  0.0290  0.0291
  0.0290  0.0291  0.0284  0.0296  0.0291  0.0300  0.0292  0.0294  0.0291  0.0292  0.0288  0.0288
  0.0286  0.0286  0.0284  0.0289  0.0286  0.0292  0.0288  0.0289  0.0288  0.0289  0.0287  0.0287
  0.0285  0.0284  0.0284  0.0284  0.0283  0.0283  0.0286  0.0286  0.0286  0.0286  0.0286  0.0286
  0.0287  0.0286  0.0286  0.0282  0.0283  0.0279  0.0288  0.0287  0.0288  0.0286  0.0286  0.0287
  0.0291  0.0289  0.0289  0.0286  0.0288  0.0298  0.0292  0.0295  0.0291  0.0289  0.0288  0.0288
  0.0300  0.0296  0.0293  0.0305  0.0300  0.0351  0.0299  0.0310  0.0298  0.0296  0.0290  0.0290
niter,ni,del,rscale     4    3    5.0000    0.7000
parameters
   -0.5864   -5.2688    7.4052   -4.0663  -16.4352  -17.2382
    0.0974   -1.0535    5.1141   23.5096    8.9829  -13.2654
eta,q 0.97151 13.60196
  0.0297  0.0297  0.0289  0.0302  0.0296  0.0307  0.0295  0.0302  0.0294  0.0294  0.0289  0.0288
  0.0291  0.0292  0.0287  0.0295  0.0291  0.0300  0.0289  0.0293  0.0289  0.0290  0.0287  0.0286
  0.0287  0.0288  0.0286  0.0290  0.0288  0.0293  0.0286  0.0287  0.0286  0.0287  0.0285  0.0285
  0.0286  0.0286  0.0286  0.0286  0.0285  0.0285  0.0285  0.0285  0.0285  0.0285  0.0285  0.0285
  0.0287  0.0287  0.0287  0.0284  0.0285  0.0280  0.0286  0.0286  0.0286  0.0285  0.0285  0.0286
  0.0291  0.0290  0.0289  0.0287  0.0289  0.0286  0.0289  0.0291  0.0289  0.0288  0.0287  0.0287
  0.0297  0.0294  0.0291  0.0300  0.0299  0.0319  0.0295  0.0304  0.0294  0.0293  0.0289  0.0289
niter,ni,del,rscale     3    3    5.0000    0.6000
parameters
   -0.5639   -5.2278    7.3453   -3.8560  -16.3711  -16.8494
    0.0699   -1.0135    5.1260   23.5087    8.9405  -13.6638
eta,q 0.97172 13.63233
  0.0293  0.0293  0.0288  0.0297  0.0293  0.0304  0.0290  0.0298  0.0289  0.0290  0.0286  0.0285
  0.0289  0.0289  0.0286  0.0292  0.0290  0.0298  0.0286  0.0289  0.0286  0.0286  0.0285  0.0284
  0.0286  0.0286  0.0285  0.0288  0.0286  0.0291  0.0284  0.0285  0.0284  0.0284  0.0283  0.0283
  0.0285  0.0285  0.0285  0.0285  0.0285  0.0285  0.0283  0.0283  0.0283  0.0283  0.0283  0.0283
  0.0286  0.0286  0.0286  0.0284  0.0285  0.0280  0.0284  0.0284  0.0283  0.0283  0.0283  0.0283
  0.0288  0.0288  0.0287  0.0287  0.0288  0.0283  0.0286  0.0288  0.0286  0.0286  0.0284  0.0285
  0.0293  0.0292  0.0289  0.0297  0.0294  0.0305  0.0290  0.0298  0.0290  0.0291  0.0287  0.0286
niter,ni,del,rscale     2    3    5.0000    0.5000
parameters
   -0.5421   -5.2326    7.4107   -3.6818  -16.2560  -16.3471
    0.0394   -0.9852    5.1413   23.3438    8.8893  -14.0258
eta,q 0.97195 13.66715
  0.0289  0.0288  0.0286  0.0292  0.0289  0.0299  0.0286  0.0293  0.0285  0.0285  0.0284  0.0282
  0.0285  0.0285  0.0284  0.0288  0.0286  0.0294  0.0283  0.0286  0.0283  0.0283  0.0282  0.0281
  0.0284  0.0283  0.0283  0.0285  0.0284  0.0288  0.0281  0.0282  0.0281  0.0281  0.0281  0.0281
  0.0283  0.0283  0.0283  0.0283  0.0283  0.0283  0.0281  0.0281  0.0281  0.0281  0.0281  0.0281
  0.0283  0.0283  0.0283  0.0282  0.0283  0.0279  0.0281  0.0281  0.0281  0.0281  0.0281  0.0281
  0.0285  0.0285  0.0284  0.0285  0.0285  0.0282  0.0283  0.0285  0.0283  0.0283  0.0282  0.0282
  0.0288  0.0288  0.0285  0.0292  0.0289  0.0296  0.0286  0.0293  0.0285  0.0287  0.0284  0.0283
niter,ni,del,rscale     1    3    5.0000    0.4000
parameters
   -0.5258   -5.2624    7.5502   -3.5514  -16.1297  -15.8084
    0.0273   -0.9601    5.1495   23.0796    8.8428  -14.3090
eta,q 0.97214 13.70074
  0.0285  0.0284  0.0284  0.0287  0.0285  0.0294  0.0282  0.0287  0.0282  0.0282  0.0281  0.0280
  0.0282  0.0282  0.0282  0.0284  0.0283  0.0289  0.0280  0.0282  0.0280  0.0280  0.0280  0.0279
  0.0281  0.0281  0.0281  0.0282  0.0281  0.0285  0.0279  0.0280  0.0279  0.0279  0.0279  0.0279
  0.0281  0.0281  0.0280  0.0280  0.0280  0.0280  0.0279  0.0279  0.0279  0.0279  0.0279  0.0279
  0.0281  0.0281  0.0281  0.0280  0.0280  0.0278  0.0279  0.0279  0.0279  0.0279  0.0279  0.0279
  0.0282  0.0282  0.0281  0.0282  0.0282  0.0280  0.0280  0.0282  0.0280  0.0281  0.0280  0.0280
  0.0284  0.0284  0.0282  0.0287  0.0284  0.0289  0.0282  0.0287  0.0282  0.0284  0.0281  0.0281
registration optimization eta report
parameter search radius
    0.8000    0.8000    0.8000    2.7600    2.4000    2.7600
    2.4000    2.4000    2.4000    2.4000    2.4000    2.4000
100000*second partial in parameter space
       62.       53.       35.        8.        7.       15.
        6.       15.        5.        7.        4.        3.
  0.0285  0.0284  0.0284  0.0287  0.0285  0.0294  0.0282  0.0287  0.0282  0.0282  0.0281  0.0280
  0.0282  0.0282  0.0282  0.0284  0.0283  0.0289  0.0280  0.0282  0.0280  0.0280  0.0280  0.0279
  0.0281  0.0281  0.0281  0.0282  0.0281  0.0285  0.0279  0.0280  0.0279  0.0279  0.0279  0.0279
  0.0281  0.0281  0.0280  0.0280  0.0280  0.0280  0.0279  0.0279  0.0279  0.0279  0.0279  0.0279
  0.0281  0.0281  0.0281  0.0280  0.0280  0.0278  0.0279  0.0279  0.0279  0.0279  0.0279  0.0279
  0.0282  0.0282  0.0281  0.0282  0.0282  0.0280  0.0280  0.0282  0.0280  0.0281  0.0280  0.0280
  0.0284  0.0284  0.0282  0.0287  0.0284  0.0289  0.0282  0.0287  0.0282  0.0284  0.0281  0.0281
   -0.5258   -5.2624    7.5502   -3.5514  -16.1297  -15.8084
    0.0273   -0.9601    5.1495   23.0796    8.8428  -14.3090
eta,q 0.97214 13.70074

---------------------------------------------------------------------
imgreg_4dfp /opt/freesurfer/average/711-2C_as_mni_average_305 /opt/freesurfer/average/711-2B_as_mni_average_305_mask talsrcimg_g11 none talsrcimg_to_711-2C_as_mni_average_305_t4 2311
---------------------------------------------------------------------

freesurfer imgreg_4dfp.c
/opt/freesurfer/average/711-2C_as_mni_average_305.4dfp.img
       256       256       256         1
  1.000000  1.000000  1.000000
orientation T byte_order littleendian
Reading image: /opt/freesurfer/average/711-2C_as_mni_average_305.4dfp.img
dimensions:      256       256       256
mmppix:       1.0000   -1.0000   -1.0000
center:     128.0000 -129.0000 -129.0000
/opt/freesurfer/average/711-2B_as_mni_average_305_mask.4dfp.img
       256       256       256         1
  1.000000  1.000000  1.000000
orientation T byte_order littleendian
Reading mask: /opt/freesurfer/average/711-2B_as_mni_average_305_mask.4dfp.img (2306576 pixels)
talsrcimg_g11.4dfp.img
       256       256       256         1
  1.000000  1.000000  1.000000
orientation T byte_order littleendian
Reading image: talsrcimg_g11.4dfp.img
dimensions:      256       256       256
mmppix:       1.0000   -1.0000   -1.0000
center:     128.0000 -129.0000 -129.0000
fimgreg.f
image alignment mode   2311 decimal      907 hex
parameters
   -0.5258   -5.2624    7.5502   -3.5514  -16.1297  -15.8084
    0.0273   -0.9601    5.1495   23.0796    8.8428  -14.3090
eta,q 0.97214 13.70074
niter,ni,del,rscale     5    3    5.0000    0.8000
parameters
   -0.5008   -5.3266    7.8423   -4.3219  -16.5344  -16.4356
    0.0846   -0.8735    5.1643   23.1791    9.0315  -13.4354
eta,q 0.97178 13.62052
  0.0297  0.0291  0.0293  0.0292  0.0292  0.0303  0.0295  0.0307  0.0293  0.0294  0.0288  0.0289
  0.0286  0.0284  0.0285  0.0286  0.0286  0.0295  0.0288  0.0293  0.0288  0.0288  0.0285  0.0286
  0.0280  0.0280  0.0280  0.0281  0.0282  0.0287  0.0284  0.0285  0.0284  0.0284  0.0283  0.0283
  0.0279  0.0279  0.0279  0.0278  0.0279  0.0280  0.0282  0.0282  0.0282  0.0282  0.0282  0.0282
  0.0280  0.0280  0.0279  0.0280  0.0280  0.0278  0.0284  0.0283  0.0283  0.0283  0.0282  0.0282
  0.0286  0.0285  0.0281  0.0290  0.0287  0.0295  0.0288  0.0291  0.0287  0.0286  0.0284  0.0283
  0.0295  0.0293  0.0285  0.0315  0.0301  0.0341  0.0295  0.0307  0.0294  0.0294  0.0287  0.0285
niter,ni,del,rscale     4    3    5.0000    0.7000
parameters
   -0.5510   -5.3127    7.6023   -4.0090  -16.4412  -16.5758
    0.0342   -1.0208    5.1508   23.2383    8.9916  -13.5511
eta,q 0.97180 13.63266
  0.0293  0.0292  0.0286  0.0295  0.0293  0.0301  0.0291  0.0301  0.0291  0.0291  0.0287  0.0286
  0.0287  0.0287  0.0283  0.0290  0.0288  0.0295  0.0286  0.0290  0.0286  0.0287  0.0284  0.0284
  0.0283  0.0283  0.0282  0.0285  0.0284  0.0288  0.0283  0.0284  0.0283  0.0284  0.0283  0.0282
  0.0282  0.0282  0.0282  0.0282  0.0281  0.0281  0.0282  0.0282  0.0282  0.0282  0.0282  0.0282
  0.0284  0.0283  0.0284  0.0281  0.0281  0.0278  0.0283  0.0283  0.0283  0.0282  0.0282  0.0283
  0.0288  0.0286  0.0286  0.0284  0.0285  0.0287  0.0286  0.0291  0.0286  0.0285  0.0284  0.0284
  0.0294  0.0292  0.0289  0.0295  0.0294  0.0316  0.0292  0.0305  0.0291  0.0292  0.0287  0.0286
niter,ni,del,rscale     3    3    5.0000    0.6000
parameters
   -0.5515   -5.2891    7.5338   -3.7271  -16.3173  -16.3059
    0.0554   -1.0280    5.1435   23.1778    8.9200  -13.9000
eta,q 0.97195 13.66296
  0.0291  0.0290  0.0286  0.0292  0.0291  0.0299  0.0288  0.0297  0.0287  0.0288  0.0285  0.0283
  0.0286  0.0286  0.0283  0.0288  0.0287  0.0293  0.0284  0.0288  0.0284  0.0284  0.0282  0.0281
  0.0283  0.0283  0.0282  0.0284  0.0284  0.0287  0.0281  0.0282  0.0281  0.0282  0.0281  0.0281
  0.0282  0.0282  0.0282  0.0282  0.0282  0.0282  0.0280  0.0280  0.0280  0.0280  0.0281  0.0281
  0.0283  0.0283  0.0283  0.0281  0.0282  0.0278  0.0281  0.0282  0.0281  0.0281  0.0281  0.0281
  0.0286  0.0285  0.0284  0.0284  0.0284  0.0282  0.0284  0.0287  0.0283  0.0284  0.0282  0.0282
  0.0290  0.0289  0.0286  0.0291  0.0291  0.0301  0.0288  0.0298  0.0287  0.0289  0.0285  0.0284
niter,ni,del,rscale     2    3    5.0000    0.5000
parameters
   -0.5394   -5.2982    7.5959   -3.5899  -16.1873  -15.8659
    0.0521   -0.9867    5.1586   23.0003    8.8835  -14.2098
eta,q 0.97213 13.69343
  0.0287  0.0286  0.0284  0.0288  0.0287  0.0295  0.0284  0.0292  0.0283  0.0284  0.0282  0.0281
  0.0283  0.0283  0.0282  0.0285  0.0284  0.0290  0.0281  0.0285  0.0281  0.0281  0.0280  0.0280
  0.0281  0.0281  0.0281  0.0282  0.0282  0.0285  0.0279  0.0280  0.0279  0.0279  0.0279  0.0279
  0.0280  0.0280  0.0280  0.0280  0.0280  0.0280  0.0279  0.0279  0.0279  0.0279  0.0279  0.0279
  0.0281  0.0281  0.0281  0.0280  0.0280  0.0278  0.0279  0.0280  0.0279  0.0279  0.0279  0.0279
  0.0283  0.0283  0.0282  0.0282  0.0282  0.0280  0.0281  0.0284  0.0281  0.0282  0.0280  0.0280
  0.0286  0.0286  0.0283  0.0288  0.0287  0.0292  0.0284  0.0292  0.0284  0.0286  0.0283  0.0282
niter,ni,del,rscale     1    3    5.0000    0.4000
parameters
   -0.5280   -5.3330    7.7408   -3.5326  -16.0419  -15.3798
    0.0495   -0.9488    5.1534   22.7209    8.8612  -14.4549
eta,q 0.97229 13.72293
  0.0283  0.0282  0.0282  0.0284  0.0283  0.0290  0.0281  0.0287  0.0280  0.0280  0.0280  0.0278
  0.0281  0.0280  0.0280  0.0281  0.0281  0.0286  0.0279  0.0281  0.0279  0.0278  0.0278  0.0278
  0.0279  0.0279  0.0279  0.0280  0.0279  0.0282  0.0278  0.0278  0.0278  0.0277  0.0277  0.0277
  0.0279  0.0279  0.0279  0.0279  0.0279  0.0279  0.0277  0.0277  0.0277  0.0277  0.0277  0.0277
  0.0279  0.0279  0.0279  0.0279  0.0279  0.0277  0.0278  0.0278  0.0277  0.0278  0.0277  0.0277
  0.0280  0.0280  0.0279  0.0280  0.0280  0.0278  0.0279  0.0281  0.0278  0.0279  0.0278  0.0278
  0.0283  0.0282  0.0280  0.0284  0.0283  0.0285  0.0281  0.0286  0.0280  0.0282  0.0280  0.0279
registration optimization eta report
parameter search radius
    0.8000    0.8000    0.8000    2.4000    2.4000    2.4000
    2.4000    2.4000    2.4000    2.4000    2.4000    2.4000
100000*second partial in parameter space
       64.       52.       38.        9.        7.       17.
        6.       16.        5.        7.        5.        3.
  0.0283  0.0282  0.0282  0.0284  0.0283  0.0290  0.0281  0.0287  0.0280  0.0280  0.0280  0.0278
  0.0281  0.0280  0.0280  0.0281  0.0281  0.0286  0.0279  0.0281  0.0279  0.0278  0.0278  0.0278
  0.0279  0.0279  0.0279  0.0280  0.0279  0.0282  0.0278  0.0278  0.0278  0.0277  0.0277  0.0277
  0.0279  0.0279  0.0279  0.0279  0.0279  0.0279  0.0277  0.0277  0.0277  0.0277  0.0277  0.0277
  0.0279  0.0279  0.0279  0.0279  0.0279  0.0277  0.0278  0.0278  0.0277  0.0278  0.0277  0.0277
  0.0280  0.0280  0.0279  0.0280  0.0280  0.0278  0.0279  0.0281  0.0278  0.0279  0.0278  0.0278
  0.0283  0.0282  0.0280  0.0284  0.0283  0.0285  0.0281  0.0286  0.0280  0.0282  0.0280  0.0279
   -0.5280   -5.3330    7.7408   -3.5326  -16.0419  -15.3798
    0.0495   -0.9488    5.1534   22.7209    8.8612  -14.4549
eta,q 0.97229 13.72293

---------------------------------------------------------------------
compute_vox2vox talsrcimg talsrcimg_to_711-2C_as_mni_average_305_t4 /opt/freesurfer/average/711-2C_as_mni_average_305
---------------------------------------------------------------------

freesurfer compute_vox2vox.c
Reading: talsrcimg.4dfp.ifh
Reading: talsrcimg_to_711-2C_as_mni_average_305_t4
Reading: /opt/freesurfer/average/711-2C_as_mni_average_305.4dfp.ifh
Writing: talsrcimg_to_711-2C_as_mni_average_305_t4_vox2vox.txt

start time Tue Mar 10 00:56:50 CET 2026
end		time Tue Mar 10 00:58:17 CET 2026

mpr2mni305 success

avi2talxfm orig_nu.mgz /opt/freesurfer/average/mni305.cor.mgz talsrcimg_to_711-2C_as_mni_average_305_t4_vox2vox.txt transforms/talairach.auto.xfm
avi2talxfm done
mv -f /out/sourcedata/freesurfer/sub-v1s3x0050807_ses-1/mri/talsrcimg_to_711-2C_as_mni_average_305_t4_vox2vox.txt /out/sourcedata/freesurfer/sub-v1s3x0050807_ses-1/mri/transforms/talsrcimg_to_711-2C_as_mni_average_305_t4_vox2vox.txt
lta_convert --src orig_nu.mgz --trg /opt/freesurfer/average/mni305.cor.mgz --inxfm transforms/talairach.auto.xfm --outlta transforms/talairach.auto.xfm.lta --subject fsaverage
7.3.2

--src: orig_nu.mgz src image (geometry).
--trg: /opt/freesurfer/average/mni305.cor.mgz trg image (geometry).
--inmni: transforms/talairach.auto.xfm input MNI/XFM transform.
--outlta: transforms/talairach.auto.xfm.lta output LTA.
--s: fsaverage subject name
 LTA read, type : 1
 1.03551   0.01125   0.00133   9.34856;
-0.11402   1.12830   0.19432  -41.69445;
-0.03270  -0.30603   1.13840   18.13606;
 0.00000   0.00000   0.00000   1.00000;
setting subject to fsaverage
Writing  LTA to file transforms/talairach.auto.xfm.lta...
lta_convert successful.
 
 
Started at Tue Mar 10 00:56:50 CET 2026
Ended   at Tue Mar 10 00:58:18 CET 2026
talairach_avi done
