status file for recon-all
Tue Mar 10 01:48:38 CET 2026
#@# Tessellate lh Tue Mar 10 01:48:38 CET 2026
#@# Smooth1 lh Tue Mar 10 01:48:42 CET 2026
#@# Inflation1 lh Tue Mar 10 01:48:44 CET 2026
#@# QSphere lh Tue Mar 10 01:48:56 CET 2026
#@# Fix Topology lh Tue Mar 10 01:49:56 CET 2026
#@# Smooth2 lh Tue Mar 10 01:56:25 CET 2026
#@# Inflation2 lh Tue Mar 10 01:56:27 CET 2026
#@# Curv .H and .K lh Tue Mar 10 01:56:39 CET 2026
#@# Sphere lh Tue Mar 10 01:57:20 CET 2026
#@# Surf Reg lh Tue Mar 10 02:00:14 CET 2026
#@# Jacobian white lh Tue Mar 10 02:03:29 CET 2026
#@# AvgCurv lh Tue Mar 10 02:03:30 CET 2026
#@# Cortical Parc lh Tue Mar 10 02:03:31 CET 2026
#@# white curv lh Tue Mar 10 02:09:23 CET 2026
#@# white area lh Tue Mar 10 02:09:24 CET 2026
#@# pial curv lh Tue Mar 10 02:09:25 CET 2026
#@# pial area lh Tue Mar 10 02:09:26 CET 2026
#@# thickness lh Tue Mar 10 02:09:27 CET 2026
#@# area and vertex vol lh Tue Mar 10 02:09:53 CET 2026
#@# Curvature Stats lh Tue Mar 10 02:09:54 CET 2026
#@# Cortical Parc 2 lh Tue Mar 10 02:09:56 CET 2026
#@# Cortical Parc 3 lh Tue Mar 10 02:10:08 CET 2026
#@# WM/GM Contrast lh Tue Mar 10 02:10:17 CET 2026
recon-all -s sub-v1s3x0050790_ses-1 finished without error at Tue Mar 10 02:10:20 CET 2026



#New# invocation of recon-all 



status file for recon-all
Tue Mar 10 02:34:27 CET 2026
#@# white curv lh Tue Mar 10 02:34:27 CET 2026
#@# white area lh Tue Mar 10 02:34:27 CET 2026
#@# pial curv lh Tue Mar 10 02:34:27 CET 2026
#@# pial area lh Tue Mar 10 02:34:27 CET 2026
#@# thickness lh Tue Mar 10 02:34:27 CET 2026
#@# area and vertex vol lh Tue Mar 10 02:34:27 CET 2026
#@# Parcellation Stats lh Tue Mar 10 02:34:27 CET 2026
#@# Parcellation Stats 2 lh Tue Mar 10 02:34:42 CET 2026
#@# Parcellation Stats 3 lh Tue Mar 10 02:34:50 CET 2026
#@# BA_exvivo Labels lh Tue Mar 10 02:34:57 CET 2026
recon-all -s sub-v1s3x0050790_ses-1 finished without error at Tue Mar 10 02:37:16 CET 2026
