status file for recon-all
Tue Mar 10 00:07:03 CET 2026
#@# MotionCor Tue Mar 10 00:07:05 CET 2026
#@# Talairach Tue Mar 10 00:07:16 CET 2026
#@# Talairach Failure Detection Tue Mar 10 00:11:48 CET 2026
#@# Nu Intensity Correction Tue Mar 10 00:11:48 CET 2026
#@# Intensity Normalization Tue Mar 10 00:15:04 CET 2026
recon-all -s sub-v1s3x0050790_ses-1 finished without error at Tue Mar 10 00:16:33 CET 2026



#New# invocation of recon-all 



status file for recon-all
Tue Mar 10 00:25:17 CET 2026
#@# EM Registration Tue Mar 10 00:25:17 CET 2026
recon-all -s sub-v1s3x0050790_ses-1 finished without error at Tue Mar 10 00:27:12 CET 2026



#New# invocation of recon-all 



status file for recon-all
Tue Mar 10 00:27:15 CET 2026
#@# CA Normalize Tue Mar 10 00:27:15 CET 2026
#@# CA Reg Tue Mar 10 00:28:36 CET 2026
#@# SubCort Seg Tue Mar 10 01:14:38 CET 2026
#@# CC Seg Tue Mar 10 01:42:49 CET 2026
#@# Merge ASeg Tue Mar 10 01:43:22 CET 2026
#@# Intensity Normalization2 Tue Mar 10 01:43:22 CET 2026
#@# Mask BFS Tue Mar 10 01:45:38 CET 2026
#@# WM Segmentation Tue Mar 10 01:45:39 CET 2026
#@# Fill Tue Mar 10 01:47:27 CET 2026
recon-all -s sub-v1s3x0050790_ses-1 finished without error at Tue Mar 10 01:48:32 CET 2026



#New# invocation of recon-all 



status file for recon-all
Tue Mar 10 02:30:43 CET 2026
#@# white curv lh Tue Mar 10 02:30:43 CET 2026
#@# white area lh Tue Mar 10 02:30:43 CET 2026
#@# pial curv lh Tue Mar 10 02:30:43 CET 2026
#@# pial area lh Tue Mar 10 02:30:43 CET 2026
#@# thickness lh Tue Mar 10 02:30:43 CET 2026
#@# area and vertex vol lh Tue Mar 10 02:30:43 CET 2026
#@# white curv rh Tue Mar 10 02:30:43 CET 2026
#@# white area rh Tue Mar 10 02:30:43 CET 2026
#@# pial curv rh Tue Mar 10 02:30:43 CET 2026
#@# pial area rh Tue Mar 10 02:30:43 CET 2026
#@# thickness rh Tue Mar 10 02:30:43 CET 2026
#@# area and vertex vol rh Tue Mar 10 02:30:43 CET 2026
#@# Cortical ribbon mask Tue Mar 10 02:30:43 CET 2026
recon-all -s sub-v1s3x0050790_ses-1 finished without error at Tue Mar 10 02:34:22 CET 2026



#New# invocation of recon-all 



status file for recon-all
Tue Mar 10 02:40:23 CET 2026
#@# white curv lh Tue Mar 10 02:40:23 CET 2026
#@# white area lh Tue Mar 10 02:40:23 CET 2026
#@# pial curv lh Tue Mar 10 02:40:23 CET 2026
#@# pial area lh Tue Mar 10 02:40:23 CET 2026
#@# thickness lh Tue Mar 10 02:40:23 CET 2026
#@# area and vertex vol lh Tue Mar 10 02:40:23 CET 2026
#@# white curv rh Tue Mar 10 02:40:23 CET 2026
#@# white area rh Tue Mar 10 02:40:23 CET 2026
#@# pial curv rh Tue Mar 10 02:40:23 CET 2026
#@# pial area rh Tue Mar 10 02:40:23 CET 2026
#@# thickness rh Tue Mar 10 02:40:23 CET 2026
#@# area and vertex vol rh Tue Mar 10 02:40:23 CET 2026
#@# Curvature Stats lh Tue Mar 10 02:40:23 CET 2026
#@# Curvature Stats rh Tue Mar 10 02:40:25 CET 2026
#@# Relabel Hypointensities Tue Mar 10 02:40:27 CET 2026
#@# APas-to-ASeg Tue Mar 10 02:40:41 CET 2026
#@# AParc-to-ASeg aparc Tue Mar 10 02:40:49 CET 2026
#@# AParc-to-ASeg aparc.a2009s Tue Mar 10 02:41:19 CET 2026
#@# AParc-to-ASeg aparc.DKTatlas Tue Mar 10 02:41:48 CET 2026
#@# WMParc Tue Mar 10 02:42:16 CET 2026
#@# ASeg Stats Tue Mar 10 02:45:39 CET 2026
recon-all -s sub-v1s3x0050790_ses-1 finished without error at Tue Mar 10 02:46:19 CET 2026
