status file for recon-all
Tue Mar 10 03:17:05 CET 2026
#@# Tessellate lh Tue Mar 10 03:17:05 CET 2026
#@# Smooth1 lh Tue Mar 10 03:17:08 CET 2026
#@# Inflation1 lh Tue Mar 10 03:17:09 CET 2026
#@# QSphere lh Tue Mar 10 03:17:20 CET 2026
#@# Fix Topology lh Tue Mar 10 03:18:24 CET 2026
#@# Smooth2 lh Tue Mar 10 03:26:14 CET 2026
#@# Inflation2 lh Tue Mar 10 03:26:15 CET 2026
#@# Curv .H and .K lh Tue Mar 10 03:26:26 CET 2026
#@# Sphere lh Tue Mar 10 03:26:55 CET 2026
#@# Surf Reg lh Tue Mar 10 03:30:17 CET 2026
#@# Jacobian white lh Tue Mar 10 03:32:48 CET 2026
#@# AvgCurv lh Tue Mar 10 03:32:48 CET 2026
#@# Cortical Parc lh Tue Mar 10 03:32:49 CET 2026
#@# white curv lh Tue Mar 10 03:38:23 CET 2026
#@# white area lh Tue Mar 10 03:38:25 CET 2026
#@# pial curv lh Tue Mar 10 03:38:25 CET 2026
#@# pial area lh Tue Mar 10 03:38:26 CET 2026
#@# thickness lh Tue Mar 10 03:38:27 CET 2026
#@# area and vertex vol lh Tue Mar 10 03:38:41 CET 2026
#@# Curvature Stats lh Tue Mar 10 03:38:42 CET 2026
#@# Cortical Parc 2 lh Tue Mar 10 03:38:44 CET 2026
#@# Cortical Parc 3 lh Tue Mar 10 03:38:52 CET 2026
#@# WM/GM Contrast lh Tue Mar 10 03:38:58 CET 2026
recon-all -s sub-v1s3x0050826_ses-1 finished without error at Tue Mar 10 03:39:00 CET 2026



#New# invocation of recon-all 



status file for recon-all
Tue Mar 10 04:06:13 CET 2026
#@# white curv lh Tue Mar 10 04:06:13 CET 2026
#@# white area lh Tue Mar 10 04:06:13 CET 2026
#@# pial curv lh Tue Mar 10 04:06:13 CET 2026
#@# pial area lh Tue Mar 10 04:06:13 CET 2026
#@# thickness lh Tue Mar 10 04:06:13 CET 2026
#@# area and vertex vol lh Tue Mar 10 04:06:13 CET 2026
#@# Parcellation Stats lh Tue Mar 10 04:06:13 CET 2026
#@# Parcellation Stats 2 lh Tue Mar 10 04:06:23 CET 2026
#@# Parcellation Stats 3 lh Tue Mar 10 04:06:28 CET 2026
#@# BA_exvivo Labels lh Tue Mar 10 04:06:33 CET 2026
recon-all -s sub-v1s3x0050826_ses-1 finished without error at Tue Mar 10 04:08:10 CET 2026
