status file for recon-all
Tue Mar 10 03:39:03 CET 2026
#@# Tessellate rh Tue Mar 10 03:39:03 CET 2026
#@# Smooth1 rh Tue Mar 10 03:39:05 CET 2026
#@# Inflation1 rh Tue Mar 10 03:39:07 CET 2026
#@# QSphere rh Tue Mar 10 03:39:20 CET 2026
#@# Fix Topology rh Tue Mar 10 03:40:24 CET 2026
#@# Smooth2 rh Tue Mar 10 03:47:17 CET 2026
#@# Inflation2 rh Tue Mar 10 03:47:19 CET 2026
#@# Curv .H and .K rh Tue Mar 10 03:47:30 CET 2026
#@# Sphere rh Tue Mar 10 03:48:00 CET 2026
#@# Surf Reg rh Tue Mar 10 03:52:38 CET 2026
#@# Jacobian white rh Tue Mar 10 03:56:03 CET 2026
#@# AvgCurv rh Tue Mar 10 03:56:03 CET 2026
#@# Cortical Parc rh Tue Mar 10 03:56:04 CET 2026
#@# white curv rh Tue Mar 10 04:01:37 CET 2026
#@# white area rh Tue Mar 10 04:01:38 CET 2026
#@# pial curv rh Tue Mar 10 04:01:39 CET 2026
#@# pial area rh Tue Mar 10 04:01:40 CET 2026
#@# thickness rh Tue Mar 10 04:01:40 CET 2026
#@# area and vertex vol rh Tue Mar 10 04:01:56 CET 2026
#@# Curvature Stats rh Tue Mar 10 04:01:57 CET 2026
#@# Cortical Parc 2 rh Tue Mar 10 04:01:59 CET 2026
#@# Cortical Parc 3 rh Tue Mar 10 04:02:07 CET 2026
#@# WM/GM Contrast rh Tue Mar 10 04:02:13 CET 2026
recon-all -s sub-v1s3x0050826_ses-1 finished without error at Tue Mar 10 04:02:15 CET 2026



#New# invocation of recon-all 



status file for recon-all
Tue Mar 10 04:08:13 CET 2026
#@# white curv rh Tue Mar 10 04:08:13 CET 2026
#@# white area rh Tue Mar 10 04:08:13 CET 2026
#@# pial curv rh Tue Mar 10 04:08:13 CET 2026
#@# pial area rh Tue Mar 10 04:08:13 CET 2026
#@# thickness rh Tue Mar 10 04:08:13 CET 2026
#@# area and vertex vol rh Tue Mar 10 04:08:13 CET 2026
#@# Parcellation Stats rh Tue Mar 10 04:08:13 CET 2026
#@# Parcellation Stats 2 rh Tue Mar 10 04:08:23 CET 2026
#@# Parcellation Stats 3 rh Tue Mar 10 04:08:28 CET 2026
#@# BA_exvivo Labels rh Tue Mar 10 04:08:34 CET 2026
recon-all -s sub-v1s3x0050826_ses-1 finished without error at Tue Mar 10 04:10:15 CET 2026
