status file for recon-all
Tue Mar 10 01:44:03 CET 2026
#@# MotionCor Tue Mar 10 01:44:05 CET 2026
#@# Talairach Tue Mar 10 01:44:11 CET 2026
#@# Talairach Failure Detection Tue Mar 10 01:47:03 CET 2026
#@# Nu Intensity Correction Tue Mar 10 01:47:03 CET 2026
#@# Intensity Normalization Tue Mar 10 01:49:49 CET 2026
recon-all -s sub-v1s3x0050826_ses-1 finished without error at Tue Mar 10 01:50:49 CET 2026



#New# invocation of recon-all 



status file for recon-all
Tue Mar 10 01:58:22 CET 2026
#@# EM Registration Tue Mar 10 01:58:22 CET 2026
recon-all -s sub-v1s3x0050826_ses-1 finished without error at Tue Mar 10 02:00:03 CET 2026



#New# invocation of recon-all 



status file for recon-all
Tue Mar 10 02:00:05 CET 2026
#@# CA Normalize Tue Mar 10 02:00:05 CET 2026
#@# CA Reg Tue Mar 10 02:00:59 CET 2026
#@# SubCort Seg Tue Mar 10 02:45:07 CET 2026
#@# CC Seg Tue Mar 10 03:12:49 CET 2026
#@# Merge ASeg Tue Mar 10 03:13:19 CET 2026
#@# Intensity Normalization2 Tue Mar 10 03:13:19 CET 2026
#@# Mask BFS Tue Mar 10 03:14:44 CET 2026
#@# WM Segmentation Tue Mar 10 03:14:44 CET 2026
#@# Fill Tue Mar 10 03:16:22 CET 2026
recon-all -s sub-v1s3x0050826_ses-1 finished without error at Tue Mar 10 03:17:00 CET 2026



#New# invocation of recon-all 



status file for recon-all
Tue Mar 10 04:02:20 CET 2026
#@# white curv lh Tue Mar 10 04:02:20 CET 2026
#@# white area lh Tue Mar 10 04:02:20 CET 2026
#@# pial curv lh Tue Mar 10 04:02:20 CET 2026
#@# pial area lh Tue Mar 10 04:02:20 CET 2026
#@# thickness lh Tue Mar 10 04:02:20 CET 2026
#@# area and vertex vol lh Tue Mar 10 04:02:20 CET 2026
#@# white curv rh Tue Mar 10 04:02:20 CET 2026
#@# white area rh Tue Mar 10 04:02:20 CET 2026
#@# pial curv rh Tue Mar 10 04:02:20 CET 2026
#@# pial area rh Tue Mar 10 04:02:20 CET 2026
#@# thickness rh Tue Mar 10 04:02:20 CET 2026
#@# area and vertex vol rh Tue Mar 10 04:02:20 CET 2026
#@# Cortical ribbon mask Tue Mar 10 04:02:20 CET 2026
recon-all -s sub-v1s3x0050826_ses-1 finished without error at Tue Mar 10 04:06:08 CET 2026



#New# invocation of recon-all 



status file for recon-all
Tue Mar 10 04:10:19 CET 2026
#@# white curv lh Tue Mar 10 04:10:19 CET 2026
#@# white area lh Tue Mar 10 04:10:19 CET 2026
#@# pial curv lh Tue Mar 10 04:10:19 CET 2026
#@# pial area lh Tue Mar 10 04:10:19 CET 2026
#@# thickness lh Tue Mar 10 04:10:19 CET 2026
#@# area and vertex vol lh Tue Mar 10 04:10:19 CET 2026
#@# white curv rh Tue Mar 10 04:10:19 CET 2026
#@# white area rh Tue Mar 10 04:10:19 CET 2026
#@# pial curv rh Tue Mar 10 04:10:19 CET 2026
#@# pial area rh Tue Mar 10 04:10:19 CET 2026
#@# thickness rh Tue Mar 10 04:10:19 CET 2026
#@# area and vertex vol rh Tue Mar 10 04:10:19 CET 2026
#@# Curvature Stats lh Tue Mar 10 04:10:19 CET 2026
#@# Curvature Stats rh Tue Mar 10 04:10:20 CET 2026
#@# Relabel Hypointensities Tue Mar 10 04:10:22 CET 2026
#@# APas-to-ASeg Tue Mar 10 04:10:32 CET 2026
#@# AParc-to-ASeg aparc Tue Mar 10 04:10:37 CET 2026
#@# AParc-to-ASeg aparc.a2009s Tue Mar 10 04:10:50 CET 2026
#@# AParc-to-ASeg aparc.DKTatlas Tue Mar 10 04:11:06 CET 2026
#@# WMParc Tue Mar 10 04:11:22 CET 2026
#@# ASeg Stats Tue Mar 10 04:13:06 CET 2026
recon-all -s sub-v1s3x0050826_ses-1 finished without error at Tue Mar 10 04:13:23 CET 2026
