status file for recon-all
Tue Mar 10 00:56:12 CET 2026
#@# MotionCor Tue Mar 10 00:56:14 CET 2026
#@# Talairach Tue Mar 10 00:56:25 CET 2026
#@# Talairach Failure Detection Tue Mar 10 01:00:49 CET 2026
#@# Nu Intensity Correction Tue Mar 10 01:00:49 CET 2026
#@# Intensity Normalization Tue Mar 10 01:04:04 CET 2026
recon-all -s sub-v1s3x0050811_ses-1 finished without error at Tue Mar 10 01:05:35 CET 2026



#New# invocation of recon-all 



status file for recon-all
Tue Mar 10 01:14:52 CET 2026
#@# EM Registration Tue Mar 10 01:14:52 CET 2026
recon-all -s sub-v1s3x0050811_ses-1 finished without error at Tue Mar 10 01:16:54 CET 2026



#New# invocation of recon-all 



status file for recon-all
Tue Mar 10 01:16:56 CET 2026
#@# CA Normalize Tue Mar 10 01:16:56 CET 2026
#@# CA Reg Tue Mar 10 01:18:15 CET 2026
#@# SubCort Seg Tue Mar 10 02:09:14 CET 2026
#@# CC Seg Tue Mar 10 02:43:48 CET 2026
#@# Merge ASeg Tue Mar 10 02:44:19 CET 2026
#@# Intensity Normalization2 Tue Mar 10 02:44:19 CET 2026
#@# Mask BFS Tue Mar 10 02:46:29 CET 2026
#@# WM Segmentation Tue Mar 10 02:46:30 CET 2026
#@# Fill Tue Mar 10 02:48:28 CET 2026
recon-all -s sub-v1s3x0050811_ses-1 finished without error at Tue Mar 10 02:49:29 CET 2026



#New# invocation of recon-all 



status file for recon-all
Tue Mar 10 03:43:32 CET 2026
#@# white curv lh Tue Mar 10 03:43:32 CET 2026
#@# white area lh Tue Mar 10 03:43:33 CET 2026
#@# pial curv lh Tue Mar 10 03:43:33 CET 2026
#@# pial area lh Tue Mar 10 03:43:33 CET 2026
#@# thickness lh Tue Mar 10 03:43:33 CET 2026
#@# area and vertex vol lh Tue Mar 10 03:43:33 CET 2026
#@# white curv rh Tue Mar 10 03:43:33 CET 2026
#@# white area rh Tue Mar 10 03:43:33 CET 2026
#@# pial curv rh Tue Mar 10 03:43:33 CET 2026
#@# pial area rh Tue Mar 10 03:43:33 CET 2026
#@# thickness rh Tue Mar 10 03:43:33 CET 2026
#@# area and vertex vol rh Tue Mar 10 03:43:33 CET 2026
#@# Cortical ribbon mask Tue Mar 10 03:43:33 CET 2026
recon-all -s sub-v1s3x0050811_ses-1 finished without error at Tue Mar 10 03:53:27 CET 2026



#New# invocation of recon-all 



status file for recon-all
Tue Mar 10 04:01:12 CET 2026
#@# white curv lh Tue Mar 10 04:01:12 CET 2026
#@# white area lh Tue Mar 10 04:01:12 CET 2026
#@# pial curv lh Tue Mar 10 04:01:12 CET 2026
#@# pial area lh Tue Mar 10 04:01:12 CET 2026
#@# thickness lh Tue Mar 10 04:01:12 CET 2026
#@# area and vertex vol lh Tue Mar 10 04:01:12 CET 2026
#@# white curv rh Tue Mar 10 04:01:12 CET 2026
#@# white area rh Tue Mar 10 04:01:12 CET 2026
#@# pial curv rh Tue Mar 10 04:01:12 CET 2026
#@# pial area rh Tue Mar 10 04:01:12 CET 2026
#@# thickness rh Tue Mar 10 04:01:12 CET 2026
#@# area and vertex vol rh Tue Mar 10 04:01:12 CET 2026
#@# Curvature Stats lh Tue Mar 10 04:01:12 CET 2026
#@# Curvature Stats rh Tue Mar 10 04:01:15 CET 2026
#@# Relabel Hypointensities Tue Mar 10 04:01:18 CET 2026
#@# APas-to-ASeg Tue Mar 10 04:01:35 CET 2026
#@# AParc-to-ASeg aparc Tue Mar 10 04:01:44 CET 2026
#@# AParc-to-ASeg aparc.a2009s Tue Mar 10 04:02:40 CET 2026
#@# AParc-to-ASeg aparc.DKTatlas Tue Mar 10 04:03:31 CET 2026
#@# WMParc Tue Mar 10 04:04:23 CET 2026
#@# ASeg Stats Tue Mar 10 04:08:01 CET 2026
recon-all -s sub-v1s3x0050811_ses-1 finished without error at Tue Mar 10 04:08:42 CET 2026
