status file for recon-all
Tue Mar 10 02:49:34 CET 2026
#@# Tessellate lh Tue Mar 10 02:49:34 CET 2026
#@# Smooth1 lh Tue Mar 10 02:49:38 CET 2026
#@# Inflation1 lh Tue Mar 10 02:49:41 CET 2026
#@# QSphere lh Tue Mar 10 02:49:55 CET 2026
#@# Fix Topology lh Tue Mar 10 02:51:08 CET 2026
#@# Smooth2 lh Tue Mar 10 02:57:41 CET 2026
#@# Inflation2 lh Tue Mar 10 02:57:45 CET 2026
#@# Curv .H and .K lh Tue Mar 10 02:58:01 CET 2026
#@# Sphere lh Tue Mar 10 02:58:55 CET 2026
#@# Surf Reg lh Tue Mar 10 03:02:45 CET 2026
#@# Jacobian white lh Tue Mar 10 03:08:03 CET 2026
#@# AvgCurv lh Tue Mar 10 03:08:04 CET 2026
#@# Cortical Parc lh Tue Mar 10 03:08:05 CET 2026
#@# white curv lh Tue Mar 10 03:16:14 CET 2026
#@# white area lh Tue Mar 10 03:16:16 CET 2026
#@# pial curv lh Tue Mar 10 03:16:16 CET 2026
#@# pial area lh Tue Mar 10 03:16:19 CET 2026
#@# thickness lh Tue Mar 10 03:16:19 CET 2026
#@# area and vertex vol lh Tue Mar 10 03:16:54 CET 2026
#@# Curvature Stats lh Tue Mar 10 03:16:56 CET 2026
#@# Cortical Parc 2 lh Tue Mar 10 03:16:59 CET 2026
#@# Cortical Parc 3 lh Tue Mar 10 03:17:14 CET 2026
#@# WM/GM Contrast lh Tue Mar 10 03:17:25 CET 2026
recon-all -s sub-v1s3x0050811_ses-1 finished without error at Tue Mar 10 03:17:29 CET 2026



#New# invocation of recon-all 



status file for recon-all
Tue Mar 10 03:53:33 CET 2026
#@# white curv lh Tue Mar 10 03:53:33 CET 2026
#@# white area lh Tue Mar 10 03:53:33 CET 2026
#@# pial curv lh Tue Mar 10 03:53:33 CET 2026
#@# pial area lh Tue Mar 10 03:53:33 CET 2026
#@# thickness lh Tue Mar 10 03:53:33 CET 2026
#@# area and vertex vol lh Tue Mar 10 03:53:33 CET 2026
#@# Parcellation Stats lh Tue Mar 10 03:53:33 CET 2026
#@# Parcellation Stats 2 lh Tue Mar 10 03:53:57 CET 2026
#@# Parcellation Stats 3 lh Tue Mar 10 03:54:09 CET 2026
#@# BA_exvivo Labels lh Tue Mar 10 03:54:21 CET 2026
recon-all -s sub-v1s3x0050811_ses-1 finished without error at Tue Mar 10 03:57:18 CET 2026
