/out/sourcedata/freesurfer/sub-v1s3x0050814_ses-1/mri
/opt/freesurfer/bin/talairach_avi
--i orig_nu.mgz --xfm transforms/talairach.auto.xfm
talairach_avi 7.3.2
Linux dna006 5.14.0-427.37.1.el9_4.x86_64 #1 SMP PREEMPT_DYNAMIC Fri Sep 13 12:41:50 EDT 2024 x86_64 x86_64 x86_64 GNU/Linux
Tue Mar 10 01:11:32 CET 2026
mri_convert orig_nu.mgz talsrcimg.img 
reading from orig_nu.mgz...
TR=0.00, TE=0.00, TI=0.00, flip angle=0.00
i_ras = (-1, 0, 0)
j_ras = (0, 0, -1)
k_ras = (0, 1, 0)
writing to talsrcimg.img...
Analyze Output Matrix
-1.00000   0.00000   0.00000   133.53270;
 0.00000   0.00000   1.00000  -146.25044;
 0.00000  -1.00000   0.00000   132.71529;
 0.00000   0.00000   0.00000   1.00000;
--------------------
INFO: set hdr.hist.orient to -1
mpr2mni305 talsrcimg
Tue Mar 10 01:11:33 CET 2026
/opt/freesurfer/bin/mpr2mni305 talsrcimg
mpr2mni305 7.3.2
target=711-2C_as_mni_average_305

---------------------------------------------------------------------
analyzeto4dfp talsrcimg -O0 -y
---------------------------------------------------------------------

freesurfer ifh2hdr.c
Tue Mar 10 01:11:33 2026
Writing: talsrcimg.4dfp.hdr
freesurfer analyzeto4dfp.c
Reading: talsrcimg.hdr
header size 348 bytes
hdr.dime.datatype	offset=70	value=2
hdr.dime.bitpix		offset=72	value=8
hdr.hist.orient		offset=252	value=-1
dimensionality     4
dimensions       256       256       256         1
Reading: talsrcimg.img
Writing: talsrcimg.4dfp.img
Writing: talsrcimg.4dfp.ifh
ifh2hdr talsrcimg -r0to255
ori=2

---------------------------------------------------------------------
gauss_4dfp talsrcimg 1.1
---------------------------------------------------------------------

freesurfer gauss_4dfp.c
Reading: talsrcimg.4dfp.img
Writing: talsrcimg_g11.4dfp.img
image dimensions 256 256 256 padded to 288 288 288
processing volume 1freesurfer ifh2hdr.c
Tue Mar 10 01:11:34 2026
Writing: talsrcimg_g11.4dfp.hdr

Writing: talsrcimg_g11.4dfp.ifh
including: talsrcimg.4dfp.img.rec in talsrcimg_g11.4dfp.img.rec

---------------------------------------------------------------------
imgreg_4dfp /opt/freesurfer/average/711-2C_as_mni_average_305 none talsrcimg_g11 none talsrcimg_to_711-2C_as_mni_average_305_t4 4355
---------------------------------------------------------------------

freesurfer imgreg_4dfp.c
/opt/freesurfer/average/711-2C_as_mni_average_305.4dfp.img
       256       256       256         1
  1.000000  1.000000  1.000000
orientation T byte_order littleendian
Reading image: /opt/freesurfer/average/711-2C_as_mni_average_305.4dfp.img
dimensions:      256       256       256
mmppix:       1.0000   -1.0000   -1.0000
center:     128.0000 -129.0000 -129.0000
talsrcimg_g11.4dfp.img
       256       256       256         1
  1.000000  1.000000  1.000000
orientation T byte_order littleendian
Reading image: talsrcimg_g11.4dfp.img
dimensions:      256       256       256
mmppix:       1.0000   -1.0000   -1.0000
center:     128.0000 -129.0000 -129.0000
t4_read: open error in t4_sub.f l:  41 t4_file(1:l)talsrcimg_to_711-2C_as_mni_average_305_t4 
t4_read: transform initialized to I4
rotation matrix determinant  1.000000
image alignment mode   4355 decimal     1103 hex
   -7.5000  -45.0000  -45.0000 7293.4941   20.5860
    0.0000  -45.0000  -45.0000 7559.9536   20.5855
    7.5000  -45.0000  -45.0000 7222.8994   20.5654
   -7.5000  -37.5000  -45.0000 7776.2988   20.5685
    0.0000  -37.5000  -45.0000 8077.7554   20.5734
    7.5000  -37.5000  -45.0000 7691.9741   20.5636
   -7.5000  -30.0000  -45.0000 8488.9414   20.5989
    0.0000  -30.0000  -45.0000 8832.2529   20.6000
    7.5000  -30.0000  -45.0000 8414.7002   20.5881
   -7.5000  -22.5000  -45.0000 9165.4531   20.6425
    0.0000  -22.5000  -45.0000 9551.9854   20.6353
    7.5000  -22.5000  -45.0000 9071.2090   20.6104
   -7.5000  -15.0000  -45.0000 9750.5518   20.6563
    0.0000  -15.0000  -45.000010196.8525   20.6450
    7.5000  -15.0000  -45.0000 9665.7285   20.6096
   -7.5000   -7.5000  -45.000010331.1084   20.6301
    0.0000   -7.5000  -45.000010801.5703   20.6218
    7.5000   -7.5000  -45.000010246.5840   20.5891
   -7.5000    0.0000  -45.000010840.8730   20.5860
    0.0000    0.0000  -45.000011285.6621   20.5855
    7.5000    0.0000  -45.000010716.4873   20.5654
   -7.5000    7.5000  -45.000010469.0156   20.5685
    0.0000    7.5000  -45.000010897.2891   20.5734
    7.5000    7.5000  -45.000010344.6416   20.5636
   -7.5000   15.0000  -45.000010054.5244   20.5989
    0.0000   15.0000  -45.000010497.2891   20.6000
    7.5000   15.0000  -45.0000 9988.2578   20.5881
   -7.5000   22.5000  -45.0000 9437.4746   20.6397
    0.0000   22.5000  -45.0000 9843.0352   20.6324
    7.5000   22.5000  -45.0000 9363.6895   20.6076
   -7.5000   30.0000  -45.0000 8634.9082   20.3810
    0.0000   30.0000  -45.0000 9018.2734   20.3699
    7.5000   30.0000  -45.0000 8564.7822   20.3350
   -7.5000   37.5000  -45.0000 8147.0630   20.3552
    0.0000   37.5000  -45.0000 8511.0156   20.3470
    7.5000   37.5000  -45.0000 8060.0327   20.3147
   -7.5000   45.0000  -45.0000 7430.4111   19.7959
    0.0000   45.0000  -45.0000 7746.4429   19.7954
    7.5000   45.0000  -45.0000 7344.2490   19.7761
   -7.5000  -45.0000  -37.5000 7849.0312   20.4119
    0.0000  -45.0000  -37.5000 8177.2217   20.4108
    7.5000  -45.0000  -37.5000 7801.2485   20.3898
   -7.5000  -37.5000  -37.5000 8378.0918   20.4007
    0.0000  -37.5000  -37.5000 8738.6113   20.4050
    7.5000  -37.5000  -37.5000 8311.3096   20.3911
   -7.5000  -30.0000  -37.5000 9168.1816   20.4322
    0.0000  -30.0000  -37.5000 9573.6084   20.4344
    7.5000  -30.0000  -37.5000 9094.5498   20.4180
   -7.5000  -22.5000  -37.5000 9873.1299   20.4698
    0.0000  -22.5000  -37.500010310.0127   20.4655
    7.5000  -22.5000  -37.5000 9791.5215   20.4396
   -7.5000  -15.0000  -37.500010463.8916   20.4798
    0.0000  -15.0000  -37.500010954.0234   20.4704
    7.5000  -15.0000  -37.500010361.0605   20.4352
   -7.5000   -7.5000  -37.500011079.9609   20.4533
    0.0000   -7.5000  -37.500011574.1719   20.4451
    7.5000   -7.5000  -37.500010960.9268   20.4122
   -7.5000    0.0000  -37.500011587.0215   20.4119
    0.0000    0.0000  -37.500012093.2109   20.4108
    7.5000    0.0000  -37.500011467.0859   20.3897
   -7.5000    7.5000  -37.500011149.6533   20.4007
    0.0000    7.5000  -37.500011663.9678   20.4050
    7.5000    7.5000  -37.500011086.4736   20.3911
   -7.5000   15.0000  -37.500010718.6025   20.4322
    0.0000   15.0000  -37.500011244.6064   20.4344
    7.5000   15.0000  -37.500010680.8115   20.4180
   -7.5000   22.5000  -37.500010104.4932   20.4670
    0.0000   22.5000  -37.500010590.0332   20.4627
    7.5000   22.5000  -37.500010034.4971   20.4368
   -7.5000   30.0000  -37.5000 9204.8291   20.2069
    0.0000   30.0000  -37.5000 9638.5850   20.1976
    7.5000   30.0000  -37.5000 9115.9521   20.1629
   -7.5000   37.5000  -37.5000 8616.1309   20.1807
    0.0000   37.5000  -37.5000 9024.3330   20.1726
    7.5000   37.5000  -37.5000 8543.8105   20.1402
   -7.5000   45.0000  -37.5000 7827.7656   19.6285
    0.0000   45.0000  -37.5000 8182.4976   19.6275
    7.5000   45.0000  -37.5000 7779.8838   19.6072
   -7.5000  -45.0000  -30.0000 8587.4336   21.1687
    0.0000  -45.0000  -30.0000 8961.0938   21.1624
    7.5000  -45.0000  -30.0000 8536.0840   21.1283
   -7.5000  -37.5000  -30.0000 9166.3877   21.1716
    0.0000  -37.5000  -30.0000 9580.6934   21.1708
    7.5000  -37.5000  -30.0000 9110.6240   21.1390
   -7.5000  -30.0000  -30.000010028.4424   21.1984
    0.0000  -30.0000  -30.000010489.0469   21.1990
    7.5000  -30.0000  -30.0000 9961.3848   21.1691
   -7.5000  -22.5000  -30.000010749.9814   21.2180
    0.0000  -22.5000  -30.000011273.9697   21.2148
    7.5000  -22.5000  -30.000010676.7139   21.1833
   -7.5000  -15.0000  -30.000011383.2871   21.2171
    0.0000  -15.0000  -30.000011947.3916   21.2083
    7.5000  -15.0000  -30.000011272.8760   21.1702
   -7.5000   -7.5000  -30.000012006.3877   21.1946
    0.0000   -7.5000  -30.000012552.5938   21.1840
    7.5000   -7.5000  -30.000011870.1982   21.1450
   -7.5000    0.0000  -30.000012553.9834   21.1687
    0.0000    0.0000  -30.000013097.3340   21.1624
    7.5000    0.0000  -30.000012408.6113   21.1283
   -7.5000    7.5000  -30.000012093.2256   21.1716
    0.0000    7.5000  -30.000012629.0820   21.1708
    7.5000    7.5000  -30.000011993.5020   21.1390
   -7.5000   15.0000  -30.000011630.1768   21.1984
    0.0000   15.0000  -30.000012167.3350   21.1990
    7.5000   15.0000  -30.000011499.1729   21.1691
   -7.5000   22.5000  -30.000010939.9922   21.2129
    0.0000   22.5000  -30.000011476.1846   21.2097
    7.5000   22.5000  -30.000010829.6514   21.1783
   -7.5000   30.0000  -30.0000 9924.2637   20.9364
    0.0000   30.0000  -30.000010384.2891   20.9277
    7.5000   30.0000  -30.0000 9809.4785   20.8900
   -7.5000   37.5000  -30.0000 9262.2803   20.9142
    0.0000   37.5000  -30.0000 9676.6973   20.9037
    7.5000   37.5000  -30.0000 9154.9316   20.8652
   -7.5000   45.0000  -30.0000 8368.0684   20.3712
    0.0000   45.0000  -30.0000 8753.0352   20.3651
    7.5000   45.0000  -30.0000 8288.7979   20.3323
   -7.5000  -45.0000  -22.5000 9368.0156   21.8981
    0.0000  -45.0000  -22.5000 9768.1953   21.8868
    7.5000  -45.0000  -22.5000 9278.3896   21.8394
   -7.5000  -37.5000  -22.5000 9972.5898   21.9073
    0.0000  -37.5000  -22.500010403.9824   21.9029
    7.5000  -37.5000  -22.5000 9879.3506   21.8570
   -7.5000  -30.0000  -22.500010906.4365   21.9274
    0.0000  -30.0000  -22.500011385.6289   21.9266
    7.5000  -30.0000  -22.500010794.8896   21.8899
   -7.5000  -22.5000  -22.500011659.2490   21.9357
    0.0000  -22.5000  -22.500012204.1904   21.9311
    7.5000  -22.5000  -22.500011540.2998   21.8989
   -7.5000  -15.0000  -22.500012363.3828   21.9296
    0.0000  -15.0000  -22.500012924.7646   21.9191
    7.5000  -15.0000  -22.500012196.3701   21.8811
   -7.5000   -7.5000  -22.500013027.0645   21.9120
    0.0000   -7.5000  -22.500013615.1504   21.8984
    7.5000   -7.5000  -22.500012809.9053   21.8543
   -7.5000    0.0000  -22.500013568.5381   21.8981
    0.0000    0.0000  -22.500014196.5781   21.8868
    7.5000    0.0000  -22.500013390.3086   21.8393
   -7.5000    7.5000  -22.500013048.8408   21.9073
    0.0000    7.5000  -22.500013652.1162   21.9029
    7.5000    7.5000  -22.500012893.8486   21.8570
   -7.5000   15.0000  -22.500012503.5771   21.9274
    0.0000   15.0000  -22.500013075.6367   21.9266
    7.5000   15.0000  -22.500012317.7314   21.8899
   -7.5000   22.5000  -22.500011825.2168   21.9289
    0.0000   22.5000  -22.500012382.0234   21.9244
    7.5000   22.5000  -22.500011647.8809   21.8921
   -7.5000   30.0000  -22.500010687.6191   21.6427
    0.0000   30.0000  -22.500011182.9248   21.6324
    7.5000   30.0000  -22.500010555.7217   21.5948
   -7.5000   37.5000  -22.5000 9938.0273   21.6254
    0.0000   37.5000  -22.500010381.2539   21.6119
    7.5000   37.5000  -22.5000 9846.6562   21.5685
   -7.5000   45.0000  -22.5000 8939.5459   21.0890
    0.0000   45.0000  -22.5000 9336.2803   21.0780
    7.5000   45.0000  -22.5000 8845.3672   21.0324
   -7.5000  -45.0000  -15.000010066.0615   22.4375
    0.0000  -45.0000  -15.000010524.3525   22.4265
    7.5000  -45.0000  -15.000010003.0117   22.3776
   -7.5000  -37.5000  -15.000010700.0205   22.4385
    0.0000  -37.5000  -15.000011170.6230   22.4368
    7.5000  -37.5000  -15.000010611.7773   22.3948
   -7.5000  -30.0000  -15.000011691.1445   22.4574
    0.0000  -30.0000  -15.000012211.7861   22.4587
    7.5000  -30.0000  -15.000011576.6582   22.4291
   -7.5000  -22.5000  -15.000012523.1426   22.4740
    0.0000  -22.5000  -15.000013107.1709   22.4679
    7.5000  -22.5000  -15.000012405.1875   22.4397
   -7.5000  -15.0000  -15.000013313.4424   22.4744
    0.0000  -15.0000  -15.000013925.1768   22.4610
    7.5000  -15.0000  -15.000013119.2490   22.4238
   -7.5000   -7.5000  -15.000014014.0352   22.4568
    0.0000   -7.5000  -15.000014655.2637   22.4414
    7.5000   -7.5000  -15.000013769.7705   22.3959
   -7.5000    0.0000  -15.000014582.0684   22.4375
    0.0000    0.0000  -15.000015276.8311   22.4265
    7.5000    0.0000  -15.000014395.2412   22.3775
   -7.5000    7.5000  -15.000014029.2383   22.4385
    0.0000    7.5000  -15.000014686.8408   22.4368
    7.5000    7.5000  -15.000013849.3369   22.3948
   -7.5000   15.0000  -15.000013382.2402   22.4574
    0.0000   15.0000  -15.000013984.6211   22.4587
    7.5000   15.0000  -15.000013146.9688   22.4291
   -7.5000   22.5000  -15.000012674.3037   22.4661
    0.0000   22.5000  -15.000013255.7939   22.4599
    7.5000   22.5000  -15.000012455.9463   22.4318
   -7.5000   30.0000  -15.000011467.2471   22.1836
    0.0000   30.0000  -15.000012002.4951   22.1703
    7.5000   30.0000  -15.000011313.7354   22.1336
   -7.5000   37.5000  -15.000010630.8926   22.1662
    0.0000   37.5000  -15.000011129.8398   22.1510
    7.5000   37.5000  -15.000010558.7617   22.1060
   -7.5000   45.0000  -15.0000 9506.3271   21.6215
    0.0000   45.0000  -15.0000 9948.5752   21.6108
    7.5000   45.0000  -15.0000 9434.3789   21.5637
   -7.5000  -45.0000   -7.500010847.5811   22.7165
    0.0000  -45.0000   -7.500011327.5361   22.7114
    7.5000  -45.0000   -7.500010799.1572   22.6775
   -7.5000  -37.5000   -7.500011516.8486   22.7027
    0.0000  -37.5000   -7.500012017.5215   22.7069
    7.5000  -37.5000   -7.500011434.9199   22.6846
   -7.5000  -30.0000   -7.500012568.4355   22.7280
    0.0000  -30.0000   -7.500013143.1699   22.7320
    7.5000  -30.0000   -7.500012487.6553   22.7156
   -7.5000  -22.5000   -7.500013479.7549   22.7650
    0.0000  -22.5000   -7.500014102.1133   22.7590
    7.5000  -22.5000   -7.500013387.1572   22.7339
   -7.5000  -15.0000   -7.500014310.4395   22.7765
    0.0000  -15.0000   -7.500014917.2168   22.7635
    7.5000  -15.0000   -7.500014137.7275   22.7264
   -7.5000   -7.5000   -7.500015034.4570   22.7534
    0.0000   -7.5000   -7.500015707.4531   22.7410
    7.5000   -7.5000   -7.500014788.9795   22.7010
   -7.5000    0.0000   -7.500015697.6436   22.7165
    0.0000    0.0000   -7.500016443.3340   22.7114
    7.5000    0.0000   -7.500015467.6719   22.6775
   -7.5000    7.5000   -7.500015142.4121   22.7027
    0.0000    7.5000   -7.500015874.4580   22.7069
    7.5000    7.5000   -7.500014949.2461   22.6846
   -7.5000   15.0000   -7.500014356.0371   22.7280
    0.0000   15.0000   -7.500015049.1865   22.7320
    7.5000   15.0000   -7.500014136.9307   22.7156
   -7.5000   22.5000   -7.500013588.0693   22.7545
    0.0000   22.5000   -7.500014231.9512   22.7485
    7.5000   22.5000   -7.500013357.7461   22.7234
   -7.5000   30.0000   -7.500012308.3691   22.4812
    0.0000   30.0000   -7.500012916.2285   22.4683
    7.5000   30.0000   -7.500012148.6250   22.4317
   -7.5000   37.5000   -7.500011384.9980   22.4583
    0.0000   37.5000   -7.500011971.4941   22.4461
    7.5000   37.5000   -7.500011297.8613   22.4066
   -7.5000   45.0000   -7.500010166.8926   21.8944
    0.0000   45.0000   -7.500010669.8779   21.8895
    7.5000   45.0000   -7.500010111.6465   21.8569
   -7.5000  -45.0000    0.000011609.3027   22.7670
    0.0000  -45.0000    0.000012107.0537   22.7675
    7.5000  -45.0000    0.000011571.4766   22.7475
   -7.5000  -37.5000    0.000012289.0264   22.7463
    0.0000  -37.5000    0.000012831.2197   22.7534
    7.5000  -37.5000    0.000012271.7939   22.7450
   -7.5000  -30.0000    0.000013416.3252   22.7789
    0.0000  -30.0000    0.000014009.5625   22.7825
    7.5000  -30.0000    0.000013406.7656   22.7720
   -7.5000  -22.5000    0.000014422.4043   22.8277
    0.0000  -22.5000    0.000015030.4922   22.8219
    7.5000  -22.5000    0.000014379.7656   22.7970
   -7.5000  -15.0000    0.000015238.8486   22.8445
    0.0000  -15.0000    0.000015849.1895   22.8335
    7.5000  -15.0000    0.000015139.0469   22.7968
   -7.5000   -7.5000    0.000015992.3174   22.8164
    0.0000   -7.5000    0.000016665.8555   22.8081
    7.5000   -7.5000    0.000015805.2158   22.7742
   -7.5000    0.0000    0.000016716.2930   22.7670
    0.0000    0.0000    0.000017457.1816   22.7675
    7.5000    0.0000    0.000016539.5957   22.7475
   -7.5000    7.5000    0.000016094.5205   22.7463
    0.0000    7.5000    0.000016873.1641   22.7534
    7.5000    7.5000    0.000015982.2061   22.7450
   -7.5000   15.0000    0.000015195.1240   22.7789
    0.0000   15.0000    0.000015943.6611   22.7825
    7.5000   15.0000    0.000015067.0918   22.7720
   -7.5000   22.5000    0.000014330.1963   22.8172
    0.0000   22.5000    0.000015025.3506   22.8114
    7.5000   22.5000    0.000014140.3154   22.7865
   -7.5000   30.0000    0.000012985.6875   22.5488
    0.0000   30.0000    0.000013642.6455   22.5380
    7.5000   30.0000    0.000012841.4092   22.5018
   -7.5000   37.5000    0.000012062.1514   22.5211
    0.0000   37.5000    0.000012672.0322   22.5129
    7.5000   37.5000    0.000011940.8066   22.4794
   -7.5000   45.0000    0.000010810.0059   21.9448
    0.0000   45.0000    0.000011327.6768   21.9452
    7.5000   45.0000    0.000010711.3057   21.9259
   -7.5000  -45.0000    7.500011436.0479   22.7499
    0.0000  -45.0000    7.500011921.6660   22.7491
    7.5000  -45.0000    7.500011425.6533   22.7260
   -7.5000  -37.5000    7.500012105.0781   22.7374
    0.0000  -37.5000    7.500012593.8193   22.7424
    7.5000  -37.5000    7.500012092.9502   22.7271
   -7.5000  -30.0000    7.500013210.3594   22.7717
    0.0000  -30.0000    7.500013739.6094   22.7742
    7.5000  -30.0000    7.500013221.6211   22.7561
   -7.5000  -22.5000    7.500014245.1758   22.8128
    0.0000  -22.5000    7.500014807.6006   22.8081
    7.5000  -22.5000    7.500014221.0254   22.7796
   -7.5000  -15.0000    7.500015076.5693   22.8239
    0.0000  -15.0000    7.500015645.4316   22.8138
    7.5000  -15.0000    7.500015004.7988   22.7749
   -7.5000   -7.5000    7.500015760.3887   22.7952
    0.0000   -7.5000    7.500016345.9600   22.7865
    7.5000   -7.5000    7.500015636.9209   22.7504
   -7.5000    0.0000    7.500016481.4219   22.7499
    0.0000    0.0000    7.500017136.9082   22.7490
    7.5000    0.0000    7.500016388.2617   22.7260
   -7.5000    7.5000    7.500015778.4531   22.7374
    0.0000    7.5000    7.500016500.9629   22.7424
    7.5000    7.5000    7.500015747.2100   22.7271
   -7.5000   15.0000    7.500014854.6865   22.7717
    0.0000   15.0000    7.500015522.8496   22.7742
    7.5000   15.0000    7.500014779.9238   22.7561
   -7.5000   22.5000    7.500013977.4209   22.8022
    0.0000   22.5000    7.500014631.7051   22.7976
    7.5000   22.5000    7.500013816.6084   22.7691
   -7.5000   30.0000    7.500012719.0156   22.5285
    0.0000   30.0000    7.500013339.2529   22.5185
    7.5000   30.0000    7.500012574.6064   22.4802
   -7.5000   37.5000    7.500011838.8115   22.5002
    0.0000   37.5000    7.500012409.0645   22.4916
    7.5000   37.5000    7.500011684.7939   22.4559
   -7.5000   45.0000    7.500010646.6406   21.9283
    0.0000   45.0000    7.500011146.7256   21.9275
    7.5000   45.0000    7.500010516.5771   21.9052
   -7.5000  -45.0000   15.000011108.6064   22.7317
    0.0000  -45.0000   15.000011546.5557   22.7249
    7.5000  -45.0000   15.000011083.1152   22.6883
   -7.5000  -37.5000   15.000011717.9941   22.7348
    0.0000  -37.5000   15.000012181.3896   22.7340
    7.5000  -37.5000   15.000011705.9404   22.6997
   -7.5000  -30.0000   15.000012752.0107   22.7635
    0.0000  -30.0000   15.000013230.1680   22.7642
    7.5000  -30.0000   15.000012775.5391   22.7321
   -7.5000  -22.5000   15.000013800.7510   22.7846
    0.0000  -22.5000   15.000014321.8281   22.7811
    7.5000  -22.5000   15.000013789.5029   22.7474
   -7.5000  -15.0000   15.000014714.5732   22.7837
    0.0000  -15.0000   15.000015350.4629   22.7742
    7.5000  -15.0000   15.000014665.9844   22.7332
   -7.5000   -7.5000   15.000015466.3652   22.7595
    0.0000   -7.5000   15.000016097.3662   22.7481
    7.5000   -7.5000   15.000015412.2881   22.7062
   -7.5000    0.0000   15.000016145.4912   22.7317
    0.0000    0.0000   15.000016780.4062   22.7249
    7.5000    0.0000   15.000016114.9814   22.6883
   -7.5000    7.5000   15.000015428.2695   22.7348
    0.0000    7.5000   15.000016073.1562   22.7340
    7.5000    7.5000   15.000015403.6855   22.6997
   -7.5000   15.0000   15.000014483.6113   22.7635
    0.0000   15.0000   15.000015047.9062   22.7642
    7.5000   15.0000   15.000014397.1719   22.7321
   -7.5000   22.5000   15.000013562.6260   22.7741
    0.0000   22.5000   15.000014084.3730   22.7706
    7.5000   22.5000   15.000013380.1055   22.7369
   -7.5000   30.0000   15.000012367.7305   22.4888
    0.0000   30.0000   15.000012876.2275   22.4794
    7.5000   30.0000   15.000012184.2246   22.4390
   -7.5000   37.5000   15.000011522.5361   22.4649
    0.0000   37.5000   15.000012001.3496   22.4537
    7.5000   37.5000   15.000011352.1660   22.4124
   -7.5000   45.0000   15.000010349.3730   21.9107
    0.0000   45.0000   15.000010774.6221   21.9042
    7.5000   45.0000   15.000010176.2441   21.8689
   -7.5000  -45.0000   22.500010636.0850   22.7320
    0.0000  -45.0000   22.500011092.9453   22.7202
    7.5000  -45.0000   22.500010593.8730   22.6710
   -7.5000  -37.5000   22.500011199.0352   22.7415
    0.0000  -37.5000   22.500011646.1270   22.7369
    7.5000  -37.5000   22.500011170.4102   22.6894
   -7.5000  -30.0000   22.500012166.8750   22.7623
    0.0000  -30.0000   22.500012603.3945   22.7616
    7.5000  -30.0000   22.500012165.4736   22.7234
   -7.5000  -22.5000   22.500013159.7422   22.7710
    0.0000  -22.5000   22.500013628.0283   22.7663
    7.5000  -22.5000   22.500013153.8584   22.7328
   -7.5000  -15.0000   22.500014094.3047   22.7647
    0.0000  -15.0000   22.500014630.7617   22.7538
    7.5000  -15.0000   22.500014037.4521   22.7143
   -7.5000   -7.5000   22.500014918.3418   22.7464
    0.0000   -7.5000   22.500015479.5732   22.7323
    7.5000   -7.5000   22.500014798.2715   22.6865
   -7.5000    0.0000   22.500015598.2139   22.7320
    0.0000    0.0000   22.500016221.5547   22.7202
    7.5000    0.0000   22.500015479.3516   22.6710
   -7.5000    7.5000   22.500014936.5859   22.7415
    0.0000    7.5000   22.500015495.7236   22.7369
    7.5000    7.5000   22.500014804.0273   22.6894
   -7.5000   15.0000   22.500013909.5186   22.7623
    0.0000   15.0000   22.500014370.6279   22.7616
    7.5000   15.0000   22.500013760.9980   22.7234
   -7.5000   22.5000   22.500012934.8379   22.7605
    0.0000   22.5000   22.500013369.6660   22.7558
    7.5000   22.5000   22.500012779.1455   22.7223
   -7.5000   30.0000   22.500011811.8770   22.4701
    0.0000   30.0000   22.500012215.5566   22.4593
    7.5000   30.0000   22.500011631.0430   22.4203
   -7.5000   37.5000   22.500011042.7861   22.4520
    0.0000   37.5000   22.500011424.6963   22.4381
    7.5000   37.5000   22.500010851.5957   22.3929
   -7.5000   45.0000   22.5000 9921.0381   21.9110
    0.0000   45.0000   22.500010253.4385   21.8997
    7.5000   45.0000   22.5000 9710.1982   21.8522
   -7.5000  -45.0000   30.000010009.9326   22.7454
    0.0000  -45.0000   30.000010458.2520   22.7342
    7.5000  -45.0000   30.0000 9992.3877   22.6847
   -7.5000  -37.5000   30.000010549.2637   22.7464
    0.0000  -37.5000   30.000010992.1113   22.7447
    7.5000  -37.5000   30.000010522.8789   22.7021
   -7.5000  -30.0000   30.000011526.6416   22.7656
    0.0000  -30.0000   30.000011966.8408   22.7669
    7.5000  -30.0000   30.000011490.3271   22.7369
   -7.5000  -22.5000   30.000012489.3398   22.7824
    0.0000  -22.5000   30.000012979.8086   22.7762
    7.5000  -22.5000   30.000012422.3496   22.7477
   -7.5000  -15.0000   30.000013310.1396   22.7829
    0.0000  -15.0000   30.000013773.5068   22.7692
    7.5000  -15.0000   30.000013198.7822   22.7315
   -7.5000   -7.5000   30.000014066.3730   22.7650
    0.0000   -7.5000   30.000014500.3174   22.7494
    7.5000   -7.5000   30.000013898.7852   22.7032
   -7.5000    0.0000   30.000014689.4619   22.7454
    0.0000    0.0000   30.000015205.0947   22.7342
    7.5000    0.0000   30.000014534.0537   22.6846
   -7.5000    7.5000   30.000014123.9609   22.7464
    0.0000    7.5000   30.000014641.6387   22.7447
    7.5000    7.5000   30.000013982.3467   22.7021
   -7.5000   15.0000   30.000013157.9424   22.7656
    0.0000   15.0000   30.000013630.8486   22.7669
    7.5000   15.0000   30.000013042.2314   22.7369
   -7.5000   22.5000   30.000012194.4014   22.7719
    0.0000   22.5000   30.000012649.2627   22.7657
    7.5000   22.5000   30.000012080.5439   22.7372
   -7.5000   30.0000   30.000011138.9365   22.4880
    0.0000   30.0000   30.000011542.6455   22.4745
    7.5000   30.0000   30.000010998.1436   22.4373
   -7.5000   37.5000   30.000010410.1895   22.4704
    0.0000   37.5000   30.000010755.7529   22.4550
    7.5000   37.5000   30.000010239.2217   22.4094
   -7.5000   45.0000   30.0000 9299.7842   21.9240
    0.0000   45.0000   30.0000 9590.3408   21.9132
    7.5000   45.0000   30.0000 9137.0508   21.8654
   -7.5000  -45.0000   37.5000 9749.7812   22.7787
    0.0000  -45.0000   37.500010202.1602   22.7735
    7.5000  -45.0000   37.5000 9706.7852   22.7394
   -7.5000  -37.5000   37.500010297.0898   22.7649
    0.0000  -37.5000   37.500010774.9922   22.7689
    7.5000  -37.5000   37.500010243.2822   22.7465
   -7.5000  -30.0000   37.500011291.3398   22.7903
    0.0000  -30.0000   37.500011797.8594   22.7942
    7.5000  -30.0000   37.500011214.7402   22.7775
   -7.5000  -22.5000   37.500012170.6631   22.8274
    0.0000  -22.5000   37.500012687.6846   22.8212
    7.5000  -22.5000   37.500012082.9932   22.7959
   -7.5000  -15.0000   37.500012888.3877   22.8389
    0.0000  -15.0000   37.500013346.8066   22.8257
    7.5000  -15.0000   37.500012769.9326   22.7885
   -7.5000   -7.5000   37.500013545.2344   22.8157
    0.0000   -7.5000   37.500013984.0859   22.8032
    7.5000   -7.5000   37.500013428.1777   22.7630
   -7.5000    0.0000   37.500014175.8232   22.7787
    0.0000    0.0000   37.500014667.4463   22.7735
    7.5000    0.0000   37.500014067.4707   22.7394
   -7.5000    7.5000   37.500013687.2480   22.7649
    0.0000    7.5000   37.500014183.9717   22.7689
    7.5000    7.5000   37.500013591.5420   22.7465
   -7.5000   15.0000   37.500012816.5420   22.7903
    0.0000   15.0000   37.500013301.3398   22.7942
    7.5000   15.0000   37.500012757.0605   22.7775
   -7.5000   22.5000   37.500011820.1357   22.8169
    0.0000   22.5000   37.500012277.5352   22.8107
    7.5000   22.5000   37.500011757.7451   22.7854
   -7.5000   30.0000   37.500010791.0439   22.5434
    0.0000   30.0000   37.500011190.1748   22.5303
    7.5000   30.0000   37.500010685.9150   22.4936
   -7.5000   37.5000   37.500010102.9814   22.5204
    0.0000   37.5000   37.500010444.0430   22.5081
    7.5000   37.5000   37.5000 9919.9121   22.4684
   -7.5000   45.0000   37.5000 9004.1367   21.9560
    0.0000   45.0000   37.5000 9304.2441   21.9510
    7.5000   45.0000   37.5000 8847.7666   21.9181
   -7.5000  -45.0000   45.0000 9072.6270   22.8105
    0.0000  -45.0000   45.0000 9500.2715   22.8094
    7.5000  -45.0000   45.0000 9013.6592   22.7892
   -7.5000  -37.5000   45.0000 9577.6123   22.7899
    0.0000  -37.5000   45.000010035.0283   22.7956
    7.5000  -37.5000   45.0000 9520.3486   22.7869
   -7.5000  -30.0000   45.000010440.5117   22.8233
    0.0000  -30.0000   45.000010955.5059   22.8255
    7.5000  -30.0000   45.000010393.7207   22.8149
   -7.5000  -22.5000   45.000011226.8320   22.8727
    0.0000  -22.5000   45.000011766.3887   22.8655
    7.5000  -22.5000   45.000011160.4307   22.8408
   -7.5000  -15.0000   45.000011858.5596   22.8893
    0.0000  -15.0000   45.000012344.5225   22.8770
    7.5000  -15.0000   45.000011768.8613   22.8404
   -7.5000   -7.5000   45.000012436.9287   22.8605
    0.0000   -7.5000   45.000012924.3867   22.8507
    7.5000   -7.5000   45.000012360.6934   22.8168
   -7.5000    0.0000   45.000012978.6094   22.8105
    0.0000    0.0000   45.000013473.7734   22.8094
    7.5000    0.0000   45.000012911.5332   22.7892
   -7.5000    7.5000   45.000012557.8848   22.7899
    0.0000    7.5000   45.000013021.1719   22.7956
    7.5000    7.5000   45.000012502.6631   22.7869
   -7.5000   15.0000   45.000011843.4111   22.8233
    0.0000   15.0000   45.000012289.9814   22.8255
    7.5000   15.0000   45.000011803.2314   22.8149
   -7.5000   22.5000   45.000010915.8350   22.8621
    0.0000   22.5000   45.000011317.6982   22.8549
    7.5000   22.5000   45.000010855.2578   22.8302
   -7.5000   30.0000   45.0000 9955.8115   22.5911
    0.0000   30.0000   45.000010314.9922   22.5789
    7.5000   30.0000   45.0000 9867.3447   22.5429
   -7.5000   37.5000   45.0000 9296.0654   22.5627
    0.0000   37.5000   45.0000 9613.8770   22.5530
    7.5000   37.5000   45.0000 9163.3926   22.5195
   -7.5000   45.0000   45.0000 8278.7646   21.9967
    0.0000   45.0000   45.0000 8582.9658   21.9956
    7.5000   45.0000   45.0000 8182.1895   21.9761

---------------------------------------------------------------------
imgreg_4dfp /opt/freesurfer/average/711-2C_as_mni_average_305 /opt/freesurfer/average/711-2B_as_mni_average_305_mask talsrcimg_g11 none talsrcimg_to_711-2C_as_mni_average_305_t4 4355
---------------------------------------------------------------------

freesurfer imgreg_4dfp.c
/opt/freesurfer/average/711-2C_as_mni_average_305.4dfp.img
       256       256       256         1
  1.000000  1.000000  1.000000
orientation T byte_order littleendian
Reading image: /opt/freesurfer/average/711-2C_as_mni_average_305.4dfp.img
dimensions:      256       256       256
mmppix:       1.0000   -1.0000   -1.0000
center:     128.0000 -129.0000 -129.0000
/opt/freesurfer/average/711-2B_as_mni_average_305_mask.4dfp.img
       256       256       256         1
  1.000000  1.000000  1.000000
orientation T byte_order littleendian
Reading mask: /opt/freesurfer/average/711-2B_as_mni_average_305_mask.4dfp.img (2306576 pixels)
talsrcimg_g11.4dfp.img
       256       256       256         1
  1.000000  1.000000  1.000000
orientation T byte_order littleendian
Reading image: talsrcimg_g11.4dfp.img
dimensions:      256       256       256
mmppix:       1.0000   -1.0000   -1.0000
center:     128.0000 -129.0000 -129.0000
rotation matrix determinant  1.000000
image alignment mode   4355 decimal     1103 hex
   -7.5000  -45.0000  -45.0000 1983.6532   24.7588
    0.0000  -45.0000  -45.0000 1981.2679   24.7833
    7.5000  -45.0000  -45.0000 1969.0854   25.1365
   -7.5000  -37.5000  -45.0000 2074.4773   23.0444
    0.0000  -37.5000  -45.0000 2071.5630   23.0389
    7.5000  -37.5000  -45.0000 2052.7500   23.3784
   -7.5000  -30.0000  -45.0000 2128.3928   21.9038
    0.0000  -30.0000  -45.0000 2131.7625   21.8391
    7.5000  -30.0000  -45.0000 2109.7373   22.1245
   -7.5000  -22.5000  -45.0000 2168.4299   21.1518
    0.0000  -22.5000  -45.0000 2173.7148   21.1097
    7.5000  -22.5000  -45.0000 2144.3364   21.4133
   -7.5000  -15.0000  -45.0000 2186.2124   20.7813
    0.0000  -15.0000  -45.0000 2187.6570   20.7041
    7.5000  -15.0000  -45.0000 2163.8289   21.0415
   -7.5000   -7.5000  -45.0000 2181.6765   20.8191
    0.0000   -7.5000  -45.0000 2186.7710   20.7588
    7.5000   -7.5000  -45.0000 2159.7700   21.1420
   -7.5000    0.0000  -45.0000 2173.0273   21.1154
    0.0000    0.0000  -45.0000 2171.6035   21.0640
    7.5000    0.0000  -45.0000 2141.4390   21.4430
   -7.5000    7.5000  -45.0000 2137.8875   21.9124
    0.0000    7.5000  -45.0000 2142.8167   21.8677
    7.5000    7.5000  -45.0000 2107.8594   22.2800
   -7.5000   15.0000  -45.0000 2079.2725   23.1134
    0.0000   15.0000  -45.0000 2089.3711   23.0534
    7.5000   15.0000  -45.0000 2062.1211   23.4549
   -7.5000   22.5000  -45.0000 2016.1770   24.7244
    0.0000   22.5000  -45.0000 2021.4142   24.6606
    7.5000   22.5000  -45.0000 1991.2762   25.0652
   -7.5000   30.0000  -45.0000 1930.3556   26.8775
    0.0000   30.0000  -45.0000 1936.4741   26.8377
    7.5000   30.0000  -45.0000 1904.8580   27.2931
   -7.5000   37.5000  -45.0000 1828.1475   29.8326
    0.0000   37.5000  -45.0000 1834.7780   29.7728
    7.5000   37.5000  -45.0000 1800.8790   30.3602
   -7.5000   45.0000  -45.0000 1713.6667   33.9550
    0.0000   45.0000  -45.0000 1719.3612   33.8624
    7.5000   45.0000  -45.0000 1700.2977   34.5560
   -7.5000  -45.0000  -37.5000 2085.1060   22.7269
    0.0000  -45.0000  -37.5000 2084.4634   22.7224
    7.5000  -45.0000  -37.5000 2068.3972   22.9648
   -7.5000  -37.5000  -37.5000 2182.7400   21.1836
    0.0000  -37.5000  -37.5000 2183.6877   21.1956
    7.5000  -37.5000  -37.5000 2160.1638   21.3573
   -7.5000  -30.0000  -37.5000 2243.2703   20.1672
    0.0000  -30.0000  -37.5000 2243.7456   20.1288
    7.5000  -30.0000  -37.5000 2219.8435   20.2747
   -7.5000  -22.5000  -37.5000 2278.2378   19.4527
    0.0000  -22.5000  -37.5000 2278.0684   19.4085
    7.5000  -22.5000  -37.5000 2253.2144   19.5482
   -7.5000  -15.0000  -37.5000 2285.6643   19.0260
    0.0000  -15.0000  -37.5000 2289.4556   19.0201
    7.5000  -15.0000  -37.5000 2264.1472   19.1789
   -7.5000   -7.5000  -37.5000 2286.4929   19.0875
    0.0000   -7.5000  -37.5000 2292.2366   19.0017
    7.5000   -7.5000  -37.5000 2263.4272   19.2394
   -7.5000    0.0000  -37.5000 2273.4260   19.2573
    0.0000    0.0000  -37.5000 2276.4031   19.2321
    7.5000    0.0000  -37.5000 2246.1287   19.5111
   -7.5000    7.5000  -37.5000 2242.2129   19.9278
    0.0000    7.5000  -37.5000 2248.7356   19.9005
    7.5000    7.5000  -37.5000 2218.8079   20.2183
   -7.5000   15.0000  -37.5000 2190.0022   20.9841
    0.0000   15.0000  -37.5000 2198.6309   20.9360
    7.5000   15.0000  -37.5000 2168.1682   21.2941
   -7.5000   22.5000  -37.5000 2121.7673   22.5025
    0.0000   22.5000  -37.5000 2130.4434   22.4634
    7.5000   22.5000  -37.5000 2094.2805   22.8038
   -7.5000   30.0000  -37.5000 2029.7162   24.4967
    0.0000   30.0000  -37.5000 2039.5756   24.4139
    7.5000   30.0000  -37.5000 2001.7841   24.7958
   -7.5000   37.5000  -37.5000 1916.7225   27.1546
    0.0000   37.5000  -37.5000 1925.6707   27.0972
    7.5000   37.5000  -37.5000 1893.5875   27.5202
   -7.5000   45.0000  -37.5000 1797.7241   30.7538
    0.0000   45.0000  -37.5000 1804.0498   30.7423
    7.5000   45.0000  -37.5000 1784.6823   31.2727
   -7.5000  -45.0000  -30.0000 2221.0574   21.6915
    0.0000  -45.0000  -30.0000 2221.9211   21.6779
    7.5000  -45.0000  -30.0000 2200.9805   21.8362
   -7.5000  -37.5000  -30.0000 2328.3584   20.1492
    0.0000  -37.5000  -30.0000 2332.2620   20.1815
    7.5000  -37.5000  -30.0000 2307.2830   20.2590
   -7.5000  -30.0000  -30.0000 2390.1768   19.1050
    0.0000  -30.0000  -30.0000 2394.8733   19.1620
    7.5000  -30.0000  -30.0000 2368.5605   19.2744
   -7.5000  -22.5000  -30.0000 2421.0896   18.4335
    0.0000  -22.5000  -30.0000 2427.1108   18.4221
    7.5000  -22.5000  -30.0000 2396.8401   18.5695
   -7.5000  -15.0000  -30.0000 2433.3762   18.0074
    0.0000  -15.0000  -30.0000 2443.0103   17.9843
    7.5000  -15.0000  -30.0000 2409.6492   18.1257
   -7.5000   -7.5000  -30.0000 2429.0884   18.0059
    0.0000   -7.5000  -30.0000 2436.6445   17.9524
    7.5000   -7.5000  -30.0000 2410.0540   18.1184
   -7.5000    0.0000  -30.0000 2419.5835   18.2380
    0.0000    0.0000  -30.0000 2424.2197   18.2034
    7.5000    0.0000  -30.0000 2396.5134   18.4082
   -7.5000    7.5000  -30.0000 2392.6614   18.8776
    0.0000    7.5000  -30.0000 2396.9109   18.8255
    7.5000    7.5000  -30.0000 2365.6743   19.1351
   -7.5000   15.0000  -30.0000 2340.7957   19.8635
    0.0000   15.0000  -30.0000 2349.1165   19.8088
    7.5000   15.0000  -30.0000 2312.0500   20.1699
   -7.5000   22.5000  -30.0000 2261.6526   21.2783
    0.0000   22.5000  -30.0000 2272.8367   21.2359
    7.5000   22.5000  -30.0000 2233.6169   21.5244
   -7.5000   30.0000  -30.0000 2165.7144   23.1641
    0.0000   30.0000  -30.0000 2173.4932   23.1038
    7.5000   30.0000  -30.0000 2133.9014   23.4499
   -7.5000   37.5000  -30.0000 2049.1726   25.7141
    0.0000   37.5000  -30.0000 2053.0444   25.6532
    7.5000   37.5000  -30.0000 2013.7272   25.9750
   -7.5000   45.0000  -30.0000 1914.3129   29.0917
    0.0000   45.0000  -30.0000 1925.3127   29.0930
    7.5000   45.0000  -30.0000 1892.7729   29.4089
   -7.5000  -45.0000  -22.5000 2327.1304   20.5089
    0.0000  -45.0000  -22.5000 2331.9783   20.5613
    7.5000  -45.0000  -22.5000 2296.0469   20.6970
   -7.5000  -37.5000  -22.5000 2434.4570   19.0147
    0.0000  -37.5000  -22.5000 2435.8936   19.0081
    7.5000  -37.5000  -22.5000 2404.2500   19.1168
   -7.5000  -30.0000  -22.5000 2501.1006   17.9549
    0.0000  -30.0000  -22.5000 2502.7898   17.9473
    7.5000  -30.0000  -22.5000 2470.2898   18.0608
   -7.5000  -22.5000  -22.5000 2541.8965   17.2771
    0.0000  -22.5000  -22.5000 2545.7820   17.2352
    7.5000  -22.5000  -22.5000 2512.0156   17.3745
   -7.5000  -15.0000  -22.5000 2567.1453   16.9008
    0.0000  -15.0000  -22.5000 2574.2888   16.8580
    7.5000  -15.0000  -22.5000 2534.1689   16.9938
   -7.5000   -7.5000  -22.5000 2571.4021   16.9276
    0.0000   -7.5000  -22.5000 2578.7031   16.8658
    7.5000   -7.5000  -22.5000 2542.0232   16.9636
   -7.5000    0.0000  -22.5000 2554.0054   17.1634
    0.0000    0.0000  -22.5000 2567.9106   17.1079
    7.5000    0.0000  -22.5000 2531.5415   17.3202
   -7.5000    7.5000  -22.5000 2521.8821   17.7704
    0.0000    7.5000  -22.5000 2528.3606   17.7527
    7.5000    7.5000  -22.5000 2491.5964   18.0075
   -7.5000   15.0000  -22.5000 2465.4001   18.7158
    0.0000   15.0000  -22.5000 2473.4143   18.6963
    7.5000   15.0000  -22.5000 2430.3884   18.9688
   -7.5000   22.5000  -22.5000 2388.1062   20.0176
    0.0000   22.5000  -22.5000 2399.5215   19.9740
    7.5000   22.5000  -22.5000 2356.6062   20.2385
   -7.5000   30.0000  -22.5000 2279.6934   21.7597
    0.0000   30.0000  -22.5000 2288.2058   21.7054
    7.5000   30.0000  -22.5000 2242.9128   21.9791
   -7.5000   37.5000  -22.5000 2145.0652   24.0870
    0.0000   37.5000  -22.5000 2150.7869   24.0726
    7.5000   37.5000  -22.5000 2116.4399   24.3683
   -7.5000   45.0000  -22.5000 2004.9143   27.2387
    0.0000   45.0000  -22.5000 2012.6825   27.2138
    7.5000   45.0000  -22.5000 1981.6248   27.5322
   -7.5000  -45.0000  -15.0000 2380.9631   19.3496
    0.0000  -45.0000  -15.0000 2388.4521   19.3491
    7.5000  -45.0000  -15.0000 2355.4856   19.6156
   -7.5000  -37.5000  -15.0000 2490.5117   17.8266
    0.0000  -37.5000  -15.0000 2496.0339   17.8003
    7.5000  -37.5000  -15.0000 2460.4302   17.9734
   -7.5000  -30.0000  -15.0000 2571.2109   16.8050
    0.0000  -30.0000  -15.0000 2575.5522   16.7985
    7.5000  -30.0000  -15.0000 2537.1287   16.9042
   -7.5000  -22.5000  -15.0000 2627.2566   16.1844
    0.0000  -22.5000  -15.0000 2632.9646   16.1077
    7.5000  -22.5000  -15.0000 2598.2410   16.2700
   -7.5000  -15.0000  -15.0000 2669.7932   15.8113
    0.0000  -15.0000  -15.0000 2680.2241   15.7643
    7.5000  -15.0000  -15.0000 2630.6992   15.9227
   -7.5000   -7.5000  -15.0000 2682.4084   15.8265
    0.0000   -7.5000  -15.0000 2689.2847   15.7416
    7.5000   -7.5000  -15.0000 2643.4089   15.8724
   -7.5000    0.0000  -15.0000 2661.5645   16.0896
    0.0000    0.0000  -15.0000 2676.2588   16.0446
    7.5000    0.0000  -15.0000 2633.4548   16.2027
   -7.5000    7.5000  -15.0000 2632.1248   16.7493
    0.0000    7.5000  -15.0000 2644.4319   16.6987
    7.5000    7.5000  -15.0000 2598.7209   16.9336
   -7.5000   15.0000  -15.0000 2567.4358   17.6142
    0.0000   15.0000  -15.0000 2580.5178   17.5591
    7.5000   15.0000  -15.0000 2534.9851   17.8243
   -7.5000   22.5000  -15.0000 2482.6118   18.8446
    0.0000   22.5000  -15.0000 2495.1143   18.7951
    7.5000   22.5000  -15.0000 2453.1624   19.0613
   -7.5000   30.0000  -15.0000 2361.3713   20.4655
    0.0000   30.0000  -15.0000 2373.7832   20.3766
    7.5000   30.0000  -15.0000 2336.8105   20.6689
   -7.5000   37.5000  -15.0000 2221.7095   22.6187
    0.0000   37.5000  -15.0000 2235.0903   22.5581
    7.5000   37.5000  -15.0000 2204.1401   22.8946
   -7.5000   45.0000  -15.0000 2071.6946   25.5125
    0.0000   45.0000  -15.0000 2085.5161   25.5021
    7.5000   45.0000  -15.0000 2055.7166   25.9249
   -7.5000  -45.0000   -7.5000 2420.5303   18.4152
    0.0000  -45.0000   -7.5000 2430.4377   18.3323
    7.5000  -45.0000   -7.5000 2399.0383   18.6947
   -7.5000  -37.5000   -7.5000 2538.7830   16.8486
    0.0000  -37.5000   -7.5000 2541.0867   16.8115
    7.5000  -37.5000   -7.5000 2511.5298   17.0957
   -7.5000  -30.0000   -7.5000 2632.8645   15.7835
    0.0000  -30.0000   -7.5000 2640.9502   15.7788
    7.5000  -30.0000   -7.5000 2603.3469   15.9851
   -7.5000  -22.5000   -7.5000 2701.0298   15.1872
    0.0000  -22.5000   -7.5000 2711.1519   15.1582
    7.5000  -22.5000   -7.5000 2670.7671   15.3151
   -7.5000  -15.0000   -7.5000 2751.0327   14.8360
    0.0000  -15.0000   -7.5000 2759.2690   14.7518
    7.5000  -15.0000   -7.5000 2715.2622   14.9404
   -7.5000   -7.5000   -7.5000 2768.8975   14.7599
    0.0000   -7.5000   -7.5000 2781.0681   14.6775
    7.5000   -7.5000   -7.5000 2731.0808   14.8140
   -7.5000    0.0000   -7.5000 2762.4993   15.1022
    0.0000    0.0000   -7.5000 2778.8723   15.0019
    7.5000    0.0000   -7.5000 2725.1179   15.1474
   -7.5000    7.5000   -7.5000 2730.4067   15.7174
    0.0000    7.5000   -7.5000 2748.0295   15.6268
    7.5000    7.5000   -7.5000 2698.4304   15.8261
   -7.5000   15.0000   -7.5000 2655.5061   16.5719
    0.0000   15.0000   -7.5000 2674.1411   16.4929
    7.5000   15.0000   -7.5000 2632.9624   16.7454
   -7.5000   22.5000   -7.5000 2559.8018   17.7499
    0.0000   22.5000   -7.5000 2575.1636   17.6613
    7.5000   22.5000   -7.5000 2537.5498   17.9562
   -7.5000   30.0000   -7.5000 2429.4402   19.3755
    0.0000   30.0000   -7.5000 2446.1172   19.2619
    7.5000   30.0000   -7.5000 2412.7319   19.5618
   -7.5000   37.5000   -7.5000 2284.1333   21.4380
    0.0000   37.5000   -7.5000 2304.0493   21.3308
    7.5000   37.5000   -7.5000 2269.0359   21.6393
   -7.5000   45.0000   -7.5000 2124.3774   24.1455
    0.0000   45.0000   -7.5000 2141.1211   24.1078
    7.5000   45.0000   -7.5000 2110.3674   24.4629
   -7.5000  -45.0000    0.0000 2452.8882   17.7889
    0.0000  -45.0000    0.0000 2457.3354   17.6013
    7.5000  -45.0000    0.0000 2433.4788   18.0312
   -7.5000  -37.5000    0.0000 2575.7129   16.2140
    0.0000  -37.5000    0.0000 2581.6606   16.0906
    7.5000  -37.5000    0.0000 2556.5220   16.4693
   -7.5000  -30.0000    0.0000 2679.1643   15.1101
    0.0000  -30.0000    0.0000 2692.2034   15.0170
    7.5000  -30.0000    0.0000 2660.7966   15.3237
   -7.5000  -22.5000    0.0000 2763.5654   14.4589
    0.0000  -22.5000    0.0000 2771.8433   14.3615
    7.5000  -22.5000    0.0000 2737.8284   14.6044
   -7.5000  -15.0000    0.0000 2815.7932   14.0829
    0.0000  -15.0000    0.0000 2830.2690   13.9573
    7.5000  -15.0000    0.0000 2785.1687   14.1861
   -7.5000   -7.5000    0.0000 2854.0164   13.8911
    0.0000   -7.5000    0.0000 2873.1294   13.7887
    7.5000   -7.5000    0.0000 2814.9736   14.0044
   -7.5000    0.0000    0.0000 2849.3909   14.2610
    0.0000    0.0000    0.0000 2867.4463   14.1351
    7.5000    0.0000    0.0000 2810.3979   14.3720
   -7.5000    7.5000    0.0000 2809.0312   14.8311
    0.0000    7.5000    0.0000 2827.4741   14.7116
    7.5000    7.5000    0.0000 2782.4548   14.9624
   -7.5000   15.0000    0.0000 2723.9272   15.7142
    0.0000   15.0000    0.0000 2746.0820   15.5967
    7.5000   15.0000    0.0000 2706.7556   15.9257
   -7.5000   22.5000    0.0000 2618.8689   16.9314
    0.0000   22.5000    0.0000 2640.4207   16.8018
    7.5000   22.5000    0.0000 2595.0081   17.1407
   -7.5000   30.0000    0.0000 2480.9141   18.5195
    0.0000   30.0000    0.0000 2502.6760   18.3990
    7.5000   30.0000    0.0000 2458.8572   18.7483
   -7.5000   37.5000    0.0000 2334.1711   20.5403
    0.0000   37.5000    0.0000 2353.7849   20.4310
    7.5000   37.5000    0.0000 2315.5076   20.7720
   -7.5000   45.0000    0.0000 2174.0449   23.1606
    0.0000   45.0000    0.0000 2184.9543   23.0541
    7.5000   45.0000    0.0000 2156.8572   23.4445
   -7.5000  -45.0000    7.5000 2466.2759   17.3076
    0.0000  -45.0000    7.5000 2473.5427   17.0818
    7.5000  -45.0000    7.5000 2455.5920   17.6070
   -7.5000  -37.5000    7.5000 2595.0137   15.7716
    0.0000  -37.5000    7.5000 2600.5603   15.5637
    7.5000  -37.5000    7.5000 2580.0908   16.0057
   -7.5000  -30.0000    7.5000 2706.8928   14.6823
    0.0000  -30.0000    7.5000 2716.0515   14.4695
    7.5000  -30.0000    7.5000 2691.1133   14.8695
   -7.5000  -22.5000    7.5000 2807.8572   13.9882
    0.0000  -22.5000    7.5000 2816.2891   13.7869
    7.5000  -22.5000    7.5000 2781.2515   14.1138
   -7.5000  -15.0000    7.5000 2879.5552   13.5241
    0.0000  -15.0000    7.5000 2899.1724   13.3921
    7.5000  -15.0000    7.5000 2845.2400   13.6113
   -7.5000   -7.5000    7.5000 2931.6714   13.2773
    0.0000   -7.5000    7.5000 2961.2607   13.1608
    7.5000   -7.5000    7.5000 2883.6755   13.4384
   -7.5000    0.0000    7.5000 2922.3640   13.6205
    0.0000    0.0000    7.5000 2954.2922   13.4892
    7.5000    0.0000    7.5000 2881.1370   13.7919
   -7.5000    7.5000    7.5000 2861.6616   14.2490
    0.0000    7.5000    7.5000 2892.4458   14.1029
    7.5000    7.5000    7.5000 2836.4353   14.4428
   -7.5000   15.0000    7.5000 2773.5615   15.1301
    0.0000   15.0000    7.5000 2797.1870   14.9704
    7.5000   15.0000    7.5000 2752.0295   15.3413
   -7.5000   22.5000    7.5000 2658.9417   16.3496
    0.0000   22.5000    7.5000 2686.6775   16.1952
    7.5000   22.5000    7.5000 2638.9944   16.5397
   -7.5000   30.0000    7.5000 2515.0310   17.9930
    0.0000   30.0000    7.5000 2540.2561   17.8491
    7.5000   30.0000    7.5000 2496.2217   18.1718
   -7.5000   37.5000    7.5000 2364.0474   20.0461
    0.0000   37.5000    7.5000 2389.3557   19.8886
    7.5000   37.5000    7.5000 2350.1094   20.2499
   -7.5000   45.0000    7.5000 2203.6494   22.5348
    0.0000   45.0000    7.5000 2219.4260   22.4182
    7.5000   45.0000    7.5000 2185.7952   22.8508
   -7.5000  -45.0000   15.0000 2460.0107   17.1431
    0.0000  -45.0000   15.0000 2469.5479   16.8404
    7.5000  -45.0000   15.0000 2448.0439   17.3757
   -7.5000  -37.5000   15.0000 2586.9978   15.5770
    0.0000  -37.5000   15.0000 2595.8123   15.2954
    7.5000  -37.5000   15.0000 2571.8989   15.7973
   -7.5000  -30.0000   15.0000 2704.8389   14.4248
    0.0000  -30.0000   15.0000 2716.2043   14.1448
    7.5000  -30.0000   15.0000 2692.2031   14.6366
   -7.5000  -22.5000   15.0000 2817.5337   13.6564
    0.0000  -22.5000   15.0000 2836.5386   13.4102
    7.5000  -22.5000   15.0000 2795.8831   13.8257
   -7.5000  -15.0000   15.0000 2908.3384   13.2294
    0.0000  -15.0000   15.0000 2941.8040   13.0024
    7.5000  -15.0000   15.0000 2879.8296   13.3395
   -7.5000   -7.5000   15.0000 2978.2053   13.0663
    0.0000   -7.5000   15.0000 3024.4688   12.8950
    7.5000   -7.5000   15.0000 2933.3997   13.2025
   -7.5000    0.0000   15.0000 2970.3376   13.3846
    0.0000    0.0000   15.0000 3020.7871   13.2609
    7.5000    0.0000   15.0000 2927.6953   13.5645
   -7.5000    7.5000   15.0000 2888.5735   13.9784
    0.0000    7.5000   15.0000 2926.1377   13.8559
    7.5000    7.5000   15.0000 2862.2715   14.1585
   -7.5000   15.0000   15.0000 2791.2771   14.8255
    0.0000   15.0000   15.0000 2821.4355   14.6805
    7.5000   15.0000   15.0000 2776.5386   15.0144
   -7.5000   22.5000   15.0000 2673.7441   16.0658
    0.0000   22.5000   15.0000 2700.1013   15.9403
    7.5000   22.5000   15.0000 2661.0044   16.2855
   -7.5000   30.0000   15.0000 2531.5171   17.7495
    0.0000   30.0000   15.0000 2556.1746   17.6297
    7.5000   30.0000   15.0000 2515.4702   17.9421
   -7.5000   37.5000   15.0000 2375.0164   19.7333
    0.0000   37.5000   15.0000 2399.5684   19.6438
    7.5000   37.5000   15.0000 2367.5229   19.9668
   -7.5000   45.0000   15.0000 2212.8726   22.2231
    0.0000   45.0000   15.0000 2224.9460   22.2141
    7.5000   45.0000   15.0000 2200.0925   22.5588
   -7.5000  -45.0000   22.5000 2444.1865   17.1770
    0.0000  -45.0000   22.5000 2458.6345   16.8727
    7.5000  -45.0000   22.5000 2427.0347   17.3581
   -7.5000  -37.5000   22.5000 2562.4250   15.5883
    0.0000  -37.5000   22.5000 2573.6260   15.2955
    7.5000  -37.5000   22.5000 2547.8813   15.7797
   -7.5000  -30.0000   22.5000 2682.6858   14.4190
    0.0000  -30.0000   22.5000 2696.5994   14.1451
    7.5000  -30.0000   22.5000 2667.4705   14.6413
   -7.5000  -22.5000   22.5000 2800.2300   13.6208
    0.0000  -22.5000   22.5000 2816.4258   13.3285
    7.5000  -22.5000   22.5000 2785.2107   13.8432
   -7.5000  -15.0000   22.5000 2900.6069   13.2595
    0.0000  -15.0000   22.5000 2931.0193   12.9679
    7.5000  -15.0000   22.5000 2882.6091   13.3691
   -7.5000   -7.5000   22.5000 2972.8628   13.1831
    0.0000   -7.5000   22.5000 3022.4268   12.9372
    7.5000   -7.5000   22.5000 2936.5598   13.2424
   -7.5000    0.0000   22.5000 2951.0720   13.4938
    0.0000    0.0000   22.5000 3014.5964   13.2762
    7.5000    0.0000   22.5000 2923.2883   13.5265
   -7.5000    7.5000   22.5000 2886.3723   14.0403
    0.0000    7.5000   22.5000 2930.4158   13.8845
    7.5000    7.5000   22.5000 2865.7466   14.1294
   -7.5000   15.0000   22.5000 2784.5144   14.8738
    0.0000   15.0000   22.5000 2811.8218   14.7492
    7.5000   15.0000   22.5000 2769.7832   15.0358
   -7.5000   22.5000   22.5000 2665.7849   16.0760
    0.0000   22.5000   22.5000 2690.7144   15.9563
    7.5000   22.5000   22.5000 2662.6001   16.2432
   -7.5000   30.0000   22.5000 2530.3687   17.6726
    0.0000   30.0000   22.5000 2550.7444   17.5701
    7.5000   30.0000   22.5000 2522.8718   17.8555
   -7.5000   37.5000   22.5000 2370.3879   19.6715
    0.0000   37.5000   22.5000 2394.0022   19.5663
    7.5000   37.5000   22.5000 2365.2783   19.8501
   -7.5000   45.0000   22.5000 2205.7478   22.1405
    0.0000   45.0000   22.5000 2221.5300   22.0412
    7.5000   45.0000   22.5000 2196.2075   22.3582
   -7.5000  -45.0000   30.0000 2409.1616   17.4813
    0.0000  -45.0000   30.0000 2425.2151   17.2675
    7.5000  -45.0000   30.0000 2398.3601   17.6524
   -7.5000  -37.5000   30.0000 2523.7996   15.9136
    0.0000  -37.5000   30.0000 2537.5144   15.6538
    7.5000  -37.5000   30.0000 2510.0222   16.0651
   -7.5000  -30.0000   30.0000 2642.5530   14.7953
    0.0000  -30.0000   30.0000 2656.2446   14.5235
    7.5000  -30.0000   30.0000 2630.9536   14.9394
   -7.5000  -22.5000   30.0000 2758.2810   14.0331
    0.0000  -22.5000   30.0000 2769.5325   13.7595
    7.5000  -22.5000   30.0000 2742.6038   14.1676
   -7.5000  -15.0000   30.0000 2855.7131   13.5840
    0.0000  -15.0000   30.0000 2880.1665   13.3090
    7.5000  -15.0000   30.0000 2835.6138   13.6847
   -7.5000   -7.5000   30.0000 2918.1726   13.4853
    0.0000   -7.5000   30.0000 2950.1868   13.1930
    7.5000   -7.5000   30.0000 2893.5022   13.5243
   -7.5000    0.0000   30.0000 2898.5298   13.8155
    0.0000    0.0000   30.0000 2940.1147   13.5233
    7.5000    0.0000   30.0000 2876.1282   13.7717
   -7.5000    7.5000   30.0000 2847.4380   14.4299
    0.0000    7.5000   30.0000 2886.0381   14.2281
    7.5000    7.5000   30.0000 2831.9661   14.4243
   -7.5000   15.0000   30.0000 2747.7168   15.3336
    0.0000   15.0000   30.0000 2771.9573   15.1794
    7.5000   15.0000   30.0000 2733.6233   15.3910
   -7.5000   22.5000   30.0000 2629.7019   16.4601
    0.0000   22.5000   30.0000 2656.4680   16.3219
    7.5000   22.5000   30.0000 2629.6709   16.5488
   -7.5000   30.0000   30.0000 2498.6094   17.9590
    0.0000   30.0000   30.0000 2521.6414   17.8478
    7.5000   30.0000   30.0000 2497.4709   18.1029
   -7.5000   37.5000   30.0000 2350.8445   19.8746
    0.0000   37.5000   30.0000 2366.1147   19.7361
    7.5000   37.5000   30.0000 2342.9521   20.0059
   -7.5000   45.0000   30.0000 2183.4758   22.2449
    0.0000   45.0000   30.0000 2199.4526   22.1605
    7.5000   45.0000   30.0000 2178.6113   22.4545
   -7.5000  -45.0000   37.5000 2374.1841   18.1323
    0.0000  -45.0000   37.5000 2393.2998   17.9734
    7.5000  -45.0000   37.5000 2365.1160   18.3289
   -7.5000  -37.5000   37.5000 2486.0623   16.6137
    0.0000  -37.5000   37.5000 2506.7200   16.4514
    7.5000  -37.5000   37.5000 2474.8025   16.7664
   -7.5000  -30.0000   37.5000 2604.5081   15.4880
    0.0000  -30.0000   37.5000 2624.9214   15.3121
    7.5000  -30.0000   37.5000 2593.4099   15.6082
   -7.5000  -22.5000   37.5000 2711.6499   14.6742
    0.0000  -22.5000   37.5000 2730.3782   14.4677
    7.5000  -22.5000   37.5000 2697.2686   14.7911
   -7.5000  -15.0000   37.5000 2795.3086   14.1613
    0.0000  -15.0000   37.5000 2820.4597   13.8954
    7.5000  -15.0000   37.5000 2778.6653   14.2631
   -7.5000   -7.5000   37.5000 2841.1648   14.0371
    0.0000   -7.5000   37.5000 2860.4382   13.8008
    7.5000   -7.5000   37.5000 2818.8931   14.1192
   -7.5000    0.0000   37.5000 2825.2839   14.3509
    0.0000    0.0000   37.5000 2849.4995   14.1390
    7.5000    0.0000   37.5000 2810.5527   14.3945
   -7.5000    7.5000   37.5000 2782.8088   15.0109
    0.0000    7.5000   37.5000 2808.0562   14.7905
    7.5000    7.5000   37.5000 2765.1750   15.0180
   -7.5000   15.0000   37.5000 2684.1721   15.9639
    0.0000   15.0000   37.5000 2709.6672   15.7504
    7.5000   15.0000   37.5000 2673.2852   15.9860
   -7.5000   22.5000   37.5000 2574.4248   17.0997
    0.0000   22.5000   37.5000 2600.6284   16.9262
    7.5000   22.5000   37.5000 2574.7715   17.1687
   -7.5000   30.0000   37.5000 2447.6831   18.5508
    0.0000   30.0000   37.5000 2471.1362   18.4315
    7.5000   30.0000   37.5000 2448.7476   18.6694
   -7.5000   37.5000   37.5000 2309.6018   20.4121
    0.0000   37.5000   37.5000 2325.9006   20.2418
    7.5000   37.5000   37.5000 2301.2947   20.4856
   -7.5000   45.0000   37.5000 2148.3572   22.7220
    0.0000   45.0000   37.5000 2163.1880   22.5904
    7.5000   45.0000   37.5000 2140.7583   22.8733
   -7.5000  -45.0000   45.0000 2327.4067   19.1602
    0.0000  -45.0000   45.0000 2353.5249   19.0151
    7.5000  -45.0000   45.0000 2324.2112   19.3640
   -7.5000  -37.5000   45.0000 2442.0044   17.5563
    0.0000  -37.5000   45.0000 2471.0227   17.4529
    7.5000  -37.5000   45.0000 2435.8154   17.7355
   -7.5000  -30.0000   45.0000 2556.3257   16.3209
    0.0000  -30.0000   45.0000 2586.4919   16.2160
    7.5000  -30.0000   45.0000 2550.6401   16.5153
   -7.5000  -22.5000   45.0000 2657.5908   15.4540
    0.0000  -22.5000   45.0000 2692.8062   15.3444
    7.5000  -22.5000   45.0000 2650.0884   15.5994
   -7.5000  -15.0000   45.0000 2722.7783   14.9662
    0.0000  -15.0000   45.0000 2759.1821   14.7358
    7.5000  -15.0000   45.0000 2713.0408   15.0858
   -7.5000   -7.5000   45.0000 2752.0605   14.8235
    0.0000   -7.5000   45.0000 2778.3735   14.6565
    7.5000   -7.5000   45.0000 2744.9187   14.9568
   -7.5000    0.0000   45.0000 2732.5701   15.0690
    0.0000    0.0000   45.0000 2754.9958   14.9010
    7.5000    0.0000   45.0000 2727.9902   15.1740
   -7.5000    7.5000   45.0000 2685.7031   15.7659
    0.0000    7.5000   45.0000 2706.9480   15.5432
    7.5000    7.5000   45.0000 2676.5112   15.8234
   -7.5000   15.0000   45.0000 2602.4900   16.7406
    0.0000   15.0000   45.0000 2626.6953   16.5373
    7.5000   15.0000   45.0000 2597.6724   16.8067
   -7.5000   22.5000   45.0000 2501.6079   17.9198
    0.0000   22.5000   45.0000 2523.0059   17.7451
    7.5000   22.5000   45.0000 2503.1257   18.0138
   -7.5000   30.0000   45.0000 2382.2913   19.3668
    0.0000   30.0000   45.0000 2406.5354   19.2700
    7.5000   30.0000   45.0000 2386.9224   19.4771
   -7.5000   37.5000   45.0000 2244.5593   21.2359
    0.0000   37.5000   45.0000 2264.6721   21.1119
    7.5000   37.5000   45.0000 2247.7109   21.3313
   -7.5000   45.0000   45.0000 2086.6572   23.4723
    0.0000   45.0000   45.0000 2109.5444   23.3539
    7.5000   45.0000   45.0000 2090.5081   23.6759

---------------------------------------------------------------------
imgreg_4dfp /opt/freesurfer/average/711-2C_as_mni_average_305 /opt/freesurfer/average/711-2B_as_mni_average_305_mask talsrcimg_g11 none talsrcimg_to_711-2C_as_mni_average_305_t4 1283
---------------------------------------------------------------------

freesurfer imgreg_4dfp.c
/opt/freesurfer/average/711-2C_as_mni_average_305.4dfp.img
       256       256       256         1
  1.000000  1.000000  1.000000
orientation T byte_order littleendian
Reading image: /opt/freesurfer/average/711-2C_as_mni_average_305.4dfp.img
dimensions:      256       256       256
mmppix:       1.0000   -1.0000   -1.0000
center:     128.0000 -129.0000 -129.0000
/opt/freesurfer/average/711-2B_as_mni_average_305_mask.4dfp.img
       256       256       256         1
  1.000000  1.000000  1.000000
orientation T byte_order littleendian
Reading mask: /opt/freesurfer/average/711-2B_as_mni_average_305_mask.4dfp.img (2306576 pixels)
talsrcimg_g11.4dfp.img
       256       256       256         1
  1.000000  1.000000  1.000000
orientation T byte_order littleendian
Reading image: talsrcimg_g11.4dfp.img
dimensions:      256       256       256
mmppix:       1.0000   -1.0000   -1.0000
center:     128.0000 -129.0000 -129.0000
rotation matrix determinant  1.000000
fimgreg.f
image alignment mode   1283 decimal      503 hex
parameters
    0.0000   -7.5000   15.0000    0.0000    0.0000    0.0000
eta,q 0.94766 12.91148
niter,ni,del,rscale     5    3   12.0000    1.2000
parameter  3 -0.578281 -> -0.500000 qaram    1.1500
parameter  4  0.631960 ->  0.500000 qaram    1.1500
parameters
   -2.1889   -5.0714   18.4500   -3.4500   -1.2512    0.3496
eta,q 0.95715 12.83303
  0.0591  0.0696  0.0660  0.0449  0.0494  0.0501
  0.0516  0.0610  0.0592  0.0434  0.0446  0.0467
  0.0495  0.0540  0.0529  0.0440  0.0430  0.0439
  0.0539  0.0491  0.0487  0.0457  0.0433  0.0429
  0.0606  0.0481  0.0465  0.0489  0.0460  0.0436
  0.0685  0.0495  0.0461  0.0534  0.0506  0.0458
  0.0773  0.0515  0.0477  0.0572  0.0575  0.0486
niter,ni,del,rscale     6    3   12.0000    1.2000
parameters
   -1.2455   -2.6800   18.2884   -6.4698   -1.7687    0.5171
eta,q 0.96189 12.96957
  0.0659  0.0655  0.0525  0.0432  0.0461  0.0456
  0.0557  0.0551  0.0470  0.0388  0.0413  0.0417
  0.0478  0.0471  0.0430  0.0383  0.0389  0.0392
  0.0429  0.0419  0.0413  0.0414  0.0380  0.0381
  0.0424  0.0411  0.0422  0.0455  0.0389  0.0387
  0.0478  0.0425  0.0469  0.0500  0.0431  0.0411
  0.0556  0.0446  0.0547  0.0550  0.0505  0.0449
niter,ni,del,rscale     5    3   12.0000    1.2000
parameters
   -0.9911   -1.5699   18.1340   -6.5758   -1.9016    0.5594
eta,q 0.96217 13.01511
  0.0585  0.0622  0.0496  0.0507  0.0473  0.0449
  0.0473  0.0515  0.0429  0.0431  0.0422  0.0408
  0.0407  0.0422  0.0387  0.0386  0.0393  0.0383
  0.0381  0.0380  0.0379  0.0378  0.0378  0.0378
  0.0396  0.0388  0.0402  0.0410  0.0384  0.0388
  0.0461  0.0425  0.0442  0.0449  0.0422  0.0411
  0.0548  0.0493  0.0500  0.0499  0.0490  0.0442
niter,ni,del,rscale     4    3   12.0000    1.2000
parameters
   -1.0569   -1.4304   18.1356   -6.6607   -1.8687    0.5658
eta,q 0.96213 13.01795
  0.0567  0.0566  0.0502  0.0507  0.0479  0.0448
  0.0456  0.0458  0.0433  0.0432  0.0426  0.0408
  0.0398  0.0392  0.0390  0.0388  0.0395  0.0384
  0.0378  0.0378  0.0379  0.0379  0.0379  0.0379
  0.0401  0.0405  0.0401  0.0410  0.0382  0.0388
  0.0473  0.0459  0.0439  0.0448  0.0419  0.0412
  0.0567  0.0537  0.0495  0.0499  0.0484  0.0444
niter,ni,del,rscale     3    3   12.0000    1.2000
parameters
   -1.0755   -1.3875   18.1352   -6.6882   -1.8583    0.5666
eta,q 0.96212 13.01863
  0.0571  0.0561  0.0502  0.0509  0.0478  0.0448
  0.0459  0.0453  0.0433  0.0434  0.0426  0.0408
  0.0399  0.0390  0.0390  0.0389  0.0395  0.0384
  0.0379  0.0379  0.0379  0.0379  0.0379  0.0379
  0.0400  0.0408  0.0401  0.0408  0.0383  0.0388
  0.0472  0.0463  0.0439  0.0447  0.0419  0.0412
  0.0565  0.0541  0.0495  0.0497  0.0485  0.0444
registration optimization eta report
parameter search radius
    6.0000    6.0000    6.9000    6.9000    6.0000    6.0000
100000*second partial in parameter space
       53.       48.       25.       25.       29.       19.
  0.0571  0.0561  0.0502  0.0509  0.0478  0.0448
  0.0459  0.0453  0.0433  0.0434  0.0426  0.0408
  0.0399  0.0390  0.0390  0.0389  0.0395  0.0384
  0.0379  0.0379  0.0379  0.0379  0.0379  0.0379
  0.0400  0.0408  0.0401  0.0408  0.0383  0.0388
  0.0472  0.0463  0.0439  0.0447  0.0419  0.0412
  0.0565  0.0541  0.0495  0.0497  0.0485  0.0444
   -1.0755   -1.3875   18.1352   -6.6882   -1.8583    0.5666
eta,q 0.96212 13.01863

---------------------------------------------------------------------
imgreg_4dfp /opt/freesurfer/average/711-2C_as_mni_average_305 /opt/freesurfer/average/711-2B_as_mni_average_305_mask talsrcimg_g11 none talsrcimg_to_711-2C_as_mni_average_305_t4 3335
---------------------------------------------------------------------

freesurfer imgreg_4dfp.c
/opt/freesurfer/average/711-2C_as_mni_average_305.4dfp.img
       256       256       256         1
  1.000000  1.000000  1.000000
orientation T byte_order littleendian
Reading image: /opt/freesurfer/average/711-2C_as_mni_average_305.4dfp.img
dimensions:      256       256       256
mmppix:       1.0000   -1.0000   -1.0000
center:     128.0000 -129.0000 -129.0000
/opt/freesurfer/average/711-2B_as_mni_average_305_mask.4dfp.img
       256       256       256         1
  1.000000  1.000000  1.000000
orientation T byte_order littleendian
Reading mask: /opt/freesurfer/average/711-2B_as_mni_average_305_mask.4dfp.img (2306576 pixels)
talsrcimg_g11.4dfp.img
       256       256       256         1
  1.000000  1.000000  1.000000
orientation T byte_order littleendian
Reading image: talsrcimg_g11.4dfp.img
dimensions:      256       256       256
mmppix:       1.0000   -1.0000   -1.0000
center:     128.0000 -129.0000 -129.0000
fimgreg.f
image alignment mode   3335 decimal      D07 hex
parameters
   -1.0755   -1.3875   18.1352   -0.0575   -0.6891   -0.7328
   -1.3598    3.1054    0.9883   11.6778   -3.2428  -11.6404
eta,q 0.96463 13.06824
niter,ni,del,rscale     5    3    5.0000    1.2000
parameter  4  0.804655 ->  0.500000 qaram    1.1500
parameter  5  1.905605 ->  0.500000 qaram    1.1500
parameters
   -0.9646   -1.3874   17.8755   -4.1975   -4.8291   -2.4980
   -0.6237    3.7988    2.5431   10.1703   -3.3876  -12.6201
eta,q 0.97203 12.70901
  0.0402  0.0380  0.0372  0.0325  0.0264  0.0306  0.0324  0.0346  0.0326  0.0308  0.0298  0.0293
  0.0377  0.0366  0.0361  0.0325  0.0278  0.0294  0.0305  0.0319  0.0305  0.0291  0.0288  0.0285
  0.0361  0.0357  0.0355  0.0335  0.0298  0.0286  0.0291  0.0297  0.0291  0.0281  0.0282  0.0280
  0.0354  0.0354  0.0354  0.0353  0.0327  0.0283  0.0285  0.0284  0.0283  0.0281  0.0280  0.0280
  0.0358  0.0356  0.0358  0.0385  0.0361  0.0293  0.0286  0.0285  0.0281  0.0293  0.0283  0.0284
  0.0372  0.0365  0.0368  0.0428  0.0396  0.0322  0.0295  0.0302  0.0287  0.0316  0.0289  0.0292
  0.0394  0.0381  0.0383  0.0478  0.0436  0.0363  0.0312  0.0329  0.0300  0.0345  0.0298  0.0304
niter,ni,del,rscale     6    3    5.0000    1.2000
parameter  5  0.557182 ->  0.500000 qaram    1.3225
parameters
   -0.9980   -1.8174   17.8665   -5.8974   -9.5901   -1.5125
   -0.8910    3.7363    2.8414   11.0105   -3.1559  -12.5749
eta,q 0.97443 12.49784
  0.0322  0.0301  0.0298  0.0308  0.0273  0.0297  0.0292  0.0312  0.0292  0.0309  0.0274  0.0275
  0.0299  0.0285  0.0288  0.0291  0.0261  0.0282  0.0274  0.0286  0.0274  0.0286  0.0265  0.0266
  0.0285  0.0279  0.0281  0.0280  0.0264  0.0270  0.0261  0.0266  0.0262  0.0268  0.0259  0.0259
  0.0280  0.0280  0.0278  0.0278  0.0277  0.0260  0.0257  0.0257  0.0257  0.0257  0.0256  0.0256
  0.0285  0.0288  0.0280  0.0290  0.0300  0.0254  0.0263  0.0264  0.0260  0.0257  0.0257  0.0258
  0.0301  0.0302  0.0287  0.0316  0.0336  0.0260  0.0277  0.0285  0.0270  0.0269  0.0263  0.0265
  0.0325  0.0322  0.0299  0.0358  0.0374  0.0289  0.0298  0.0317  0.0287  0.0293  0.0272  0.0275
niter,ni,del,rscale     6    3    5.0000    1.2000
parameters
   -0.9884   -1.8592   18.2017   -5.3221   -9.9832   -1.5089
   -0.9594    3.6893    2.8333   11.0053   -3.2208  -12.1719
eta,q 0.97459 12.50230
  0.0300  0.0293  0.0283  0.0306  0.0314  0.0292  0.0291  0.0311  0.0287  0.0299  0.0272  0.0276
  0.0277  0.0273  0.0270  0.0284  0.0287  0.0277  0.0272  0.0284  0.0269  0.0277  0.0262  0.0266
  0.0261  0.0260  0.0260  0.0266  0.0263  0.0264  0.0259  0.0263  0.0258  0.0262  0.0256  0.0258
  0.0256  0.0256  0.0256  0.0255  0.0254  0.0254  0.0254  0.0254  0.0254  0.0254  0.0254  0.0254
  0.0261  0.0261  0.0256  0.0256  0.0265  0.0251  0.0259  0.0261  0.0258  0.0259  0.0257  0.0256
  0.0276  0.0275  0.0261  0.0270  0.0289  0.0267  0.0273  0.0283  0.0270  0.0275  0.0263  0.0262
  0.0300  0.0296  0.0271  0.0299  0.0329  0.0303  0.0293  0.0315  0.0287  0.0302  0.0273  0.0273
niter,ni,del,rscale     5    3    5.0000    1.2000
parameters
   -0.9944   -1.8730   18.2954   -5.2518  -10.0519   -1.4878
   -0.9554    3.6877    2.8146   10.9451   -3.2375  -12.0291
eta,q 0.97461 12.50180
  0.0299  0.0293  0.0278  0.0301  0.0317  0.0293  0.0292  0.0311  0.0287  0.0298  0.0272  0.0275
  0.0275  0.0272  0.0265  0.0280  0.0290  0.0277  0.0273  0.0284  0.0269  0.0277  0.0262  0.0265
  0.0259  0.0259  0.0257  0.0263  0.0265  0.0264  0.0259  0.0264  0.0258  0.0261  0.0256  0.0257
  0.0254  0.0254  0.0254  0.0254  0.0254  0.0254  0.0254  0.0254  0.0254  0.0254  0.0254  0.0254
  0.0260  0.0259  0.0256  0.0258  0.0263  0.0251  0.0258  0.0260  0.0258  0.0259  0.0256  0.0256
  0.0275  0.0273  0.0263  0.0274  0.0285  0.0267  0.0272  0.0282  0.0269  0.0275  0.0263  0.0263
  0.0299  0.0293  0.0275  0.0305  0.0324  0.0303  0.0292  0.0314  0.0287  0.0303  0.0272  0.0274
niter,ni,del,rscale     4    3    5.0000    1.2000
parameters
   -0.9938   -1.8868   18.3270   -5.2383  -10.0555   -1.4743
   -0.9509    3.6921    2.8055   10.9087   -3.2430  -11.9725
eta,q 0.97462 12.50197
  0.0299  0.0293  0.0277  0.0301  0.0318  0.0293  0.0292  0.0312  0.0287  0.0299  0.0273  0.0275
  0.0275  0.0272  0.0265  0.0280  0.0290  0.0277  0.0273  0.0284  0.0269  0.0277  0.0263  0.0264
  0.0259  0.0258  0.0257  0.0263  0.0265  0.0264  0.0259  0.0264  0.0258  0.0261  0.0256  0.0257
  0.0254  0.0254  0.0254  0.0254  0.0254  0.0254  0.0254  0.0254  0.0254  0.0254  0.0254  0.0254
  0.0259  0.0259  0.0256  0.0258  0.0263  0.0251  0.0258  0.0260  0.0258  0.0258  0.0256  0.0256
  0.0275  0.0272  0.0263  0.0274  0.0285  0.0267  0.0272  0.0282  0.0269  0.0275  0.0263  0.0263
  0.0299  0.0293  0.0276  0.0306  0.0323  0.0303  0.0292  0.0314  0.0287  0.0302  0.0272  0.0275
niter,ni,del,rscale     3    3    5.0000    1.2000
parameters
   -0.9935   -1.8956   18.3374   -5.2361  -10.0536   -1.4704
   -0.9505    3.6958    2.7983   10.8882   -3.2407  -11.9448
eta,q 0.97461 12.50188
  0.0299  0.0293  0.0276  0.0301  0.0318  0.0293  0.0292  0.0312  0.0287  0.0299  0.0273  0.0275
  0.0275  0.0272  0.0264  0.0280  0.0290  0.0277  0.0273  0.0284  0.0269  0.0277  0.0263  0.0264
  0.0259  0.0259  0.0257  0.0263  0.0265  0.0263  0.0259  0.0264  0.0258  0.0261  0.0256  0.0257
  0.0254  0.0254  0.0254  0.0254  0.0254  0.0254  0.0254  0.0254  0.0254  0.0254  0.0254  0.0254
  0.0259  0.0259  0.0256  0.0258  0.0263  0.0251  0.0258  0.0260  0.0258  0.0258  0.0256  0.0256
  0.0275  0.0272  0.0264  0.0274  0.0285  0.0267  0.0272  0.0282  0.0269  0.0275  0.0263  0.0263
  0.0299  0.0293  0.0276  0.0306  0.0322  0.0303  0.0292  0.0314  0.0287  0.0302  0.0272  0.0275
registration optimization eta report
parameter search radius
    2.4000    2.4000    2.4000    8.2800    9.5220    7.2000
    7.2000    7.2000    7.2000    7.2000    7.2000    7.2000
100000*second partial in parameter space
       77.       67.       39.        7.        7.        9.
        7.       11.        6.        9.        4.        4.
  0.0299  0.0293  0.0276  0.0301  0.0318  0.0293  0.0292  0.0312  0.0287  0.0299  0.0273  0.0275
  0.0275  0.0272  0.0264  0.0280  0.0290  0.0277  0.0273  0.0284  0.0269  0.0277  0.0263  0.0264
  0.0259  0.0259  0.0257  0.0263  0.0265  0.0263  0.0259  0.0264  0.0258  0.0261  0.0256  0.0257
  0.0254  0.0254  0.0254  0.0254  0.0254  0.0254  0.0254  0.0254  0.0254  0.0254  0.0254  0.0254
  0.0259  0.0259  0.0256  0.0258  0.0263  0.0251  0.0258  0.0260  0.0258  0.0258  0.0256  0.0256
  0.0275  0.0272  0.0264  0.0274  0.0285  0.0267  0.0272  0.0282  0.0269  0.0275  0.0263  0.0263
  0.0299  0.0293  0.0276  0.0306  0.0322  0.0303  0.0292  0.0314  0.0287  0.0302  0.0272  0.0275
   -0.9935   -1.8956   18.3374   -5.2361  -10.0536   -1.4704
   -0.9505    3.6958    2.7983   10.8882   -3.2407  -11.9448
eta,q 0.97461 12.50188

---------------------------------------------------------------------
imgreg_4dfp /opt/freesurfer/average/711-2C_as_mni_average_305 /opt/freesurfer/average/711-2B_as_mni_average_305_mask talsrcimg_g11 none talsrcimg_to_711-2C_as_mni_average_305_t4 2311
---------------------------------------------------------------------

freesurfer imgreg_4dfp.c
/opt/freesurfer/average/711-2C_as_mni_average_305.4dfp.img
       256       256       256         1
  1.000000  1.000000  1.000000
orientation T byte_order littleendian
Reading image: /opt/freesurfer/average/711-2C_as_mni_average_305.4dfp.img
dimensions:      256       256       256
mmppix:       1.0000   -1.0000   -1.0000
center:     128.0000 -129.0000 -129.0000
/opt/freesurfer/average/711-2B_as_mni_average_305_mask.4dfp.img
       256       256       256         1
  1.000000  1.000000  1.000000
orientation T byte_order littleendian
Reading mask: /opt/freesurfer/average/711-2B_as_mni_average_305_mask.4dfp.img (2306576 pixels)
talsrcimg_g11.4dfp.img
       256       256       256         1
  1.000000  1.000000  1.000000
orientation T byte_order littleendian
Reading image: talsrcimg_g11.4dfp.img
dimensions:      256       256       256
mmppix:       1.0000   -1.0000   -1.0000
center:     128.0000 -129.0000 -129.0000
fimgreg.f
image alignment mode   2311 decimal      907 hex
parameters
   -0.9935   -1.8956   18.3374   -5.2361  -10.0536   -1.4704
   -0.9505    3.6958    2.7983   10.8882   -3.2407  -11.9448
eta,q 0.97461 12.50189
niter,ni,del,rscale     5    3    5.0000    0.8000
parameters
   -0.9916   -1.8974   18.3565   -4.7441   -9.8703   -0.6717
   -0.8959    3.7711    2.7611   10.8717   -3.4091  -12.0608
eta,q 0.97483 12.55851
  0.0275  0.0272  0.0264  0.0275  0.0277  0.0277  0.0271  0.0284  0.0267  0.0275  0.0261  0.0261
  0.0263  0.0262  0.0259  0.0265  0.0265  0.0267  0.0261  0.0268  0.0259  0.0263  0.0256  0.0256
  0.0256  0.0256  0.0255  0.0258  0.0257  0.0259  0.0254  0.0257  0.0253  0.0255  0.0253  0.0253
  0.0254  0.0254  0.0254  0.0254  0.0254  0.0254  0.0252  0.0252  0.0252  0.0252  0.0252  0.0252
  0.0256  0.0256  0.0255  0.0254  0.0256  0.0251  0.0254  0.0255  0.0253  0.0254  0.0253  0.0253
  0.0263  0.0262  0.0258  0.0260  0.0263  0.0254  0.0260  0.0266  0.0259  0.0262  0.0257  0.0257
  0.0275  0.0272  0.0264  0.0269  0.0273  0.0268  0.0270  0.0282  0.0267  0.0276  0.0262  0.0262
niter,ni,del,rscale     4    3    5.0000    0.7000
parameters
   -0.9766   -1.8562   18.4643   -4.8523   -9.9748   -0.4426
   -0.8565    3.8300    2.7862   10.9753   -3.4806  -12.0303
eta,q 0.97490 12.55952
  0.0268  0.0267  0.0261  0.0266  0.0268  0.0269  0.0266  0.0276  0.0263  0.0270  0.0258  0.0259
  0.0259  0.0259  0.0256  0.0258  0.0259  0.0261  0.0258  0.0264  0.0257  0.0261  0.0254  0.0255
  0.0254  0.0254  0.0253  0.0253  0.0253  0.0255  0.0253  0.0255  0.0252  0.0254  0.0252  0.0252
  0.0252  0.0252  0.0252  0.0252  0.0252  0.0252  0.0251  0.0251  0.0251  0.0251  0.0251  0.0251
  0.0253  0.0253  0.0252  0.0254  0.0254  0.0250  0.0253  0.0254  0.0252  0.0252  0.0252  0.0252
  0.0259  0.0258  0.0255  0.0259  0.0261  0.0256  0.0258  0.0262  0.0256  0.0259  0.0255  0.0255
  0.0268  0.0265  0.0259  0.0267  0.0269  0.0269  0.0265  0.0276  0.0263  0.0269  0.0259  0.0259
niter,ni,del,rscale     3    3    5.0000    0.6000
parameters
   -0.9676   -1.8454   18.5076   -4.8855  -10.0575   -0.2570
   -0.8379    3.8550    2.8124   11.0224   -3.5443  -12.0576
eta,q 0.97493 12.56207
  0.0263  0.0262  0.0258  0.0262  0.0264  0.0264  0.0262  0.0270  0.0260  0.0265  0.0256  0.0257
  0.0257  0.0256  0.0254  0.0256  0.0257  0.0259  0.0256  0.0260  0.0255  0.0258  0.0253  0.0253
  0.0252  0.0252  0.0252  0.0252  0.0252  0.0254  0.0252  0.0253  0.0252  0.0253  0.0251  0.0251
  0.0251  0.0251  0.0251  0.0251  0.0251  0.0251  0.0251  0.0251  0.0251  0.0251  0.0251  0.0251
  0.0252  0.0252  0.0252  0.0252  0.0253  0.0250  0.0252  0.0253  0.0252  0.0252  0.0251  0.0251
  0.0256  0.0256  0.0254  0.0257  0.0258  0.0254  0.0256  0.0259  0.0255  0.0257  0.0253  0.0254
  0.0263  0.0262  0.0257  0.0263  0.0265  0.0264  0.0261  0.0270  0.0259  0.0265  0.0257  0.0257
niter,ni,del,rscale     2    3    5.0000    0.5000
parameters
   -0.9627   -1.8377   18.5397   -4.9124  -10.1144   -0.0692
   -0.8236    3.8751    2.8338   11.0526   -3.5890  -12.0917
eta,q 0.97497 12.56577
  0.0259  0.0258  0.0256  0.0259  0.0260  0.0260  0.0258  0.0264  0.0257  0.0260  0.0254  0.0255
  0.0255  0.0254  0.0253  0.0254  0.0255  0.0256  0.0254  0.0257  0.0253  0.0255  0.0252  0.0252
  0.0252  0.0252  0.0251  0.0252  0.0252  0.0253  0.0251  0.0252  0.0251  0.0252  0.0251  0.0251
  0.0251  0.0251  0.0251  0.0251  0.0251  0.0251  0.0250  0.0250  0.0250  0.0250  0.0250  0.0250
  0.0252  0.0251  0.0251  0.0252  0.0252  0.0250  0.0251  0.0252  0.0251  0.0251  0.0251  0.0251
  0.0254  0.0254  0.0252  0.0255  0.0255  0.0253  0.0254  0.0256  0.0253  0.0255  0.0252  0.0252
  0.0259  0.0258  0.0255  0.0259  0.0260  0.0260  0.0258  0.0264  0.0257  0.0260  0.0255  0.0255
niter,ni,del,rscale     1    3    5.0000    0.4000
parameters
   -0.9582   -1.8265   18.5656   -4.9490  -10.1645    0.1118
   -0.7984    3.8904    2.8477   11.0831   -3.6371  -12.1529
eta,q 0.97498 12.56925
  0.0256  0.0255  0.0254  0.0256  0.0256  0.0257  0.0255  0.0259  0.0254  0.0257  0.0253  0.0253
  0.0253  0.0253  0.0252  0.0253  0.0253  0.0254  0.0253  0.0254  0.0252  0.0253  0.0251  0.0251
  0.0251  0.0251  0.0251  0.0251  0.0251  0.0252  0.0251  0.0251  0.0251  0.0251  0.0250  0.0250
  0.0250  0.0250  0.0250  0.0250  0.0250  0.0250  0.0250  0.0250  0.0250  0.0250  0.0250  0.0250
  0.0251  0.0251  0.0251  0.0251  0.0251  0.0250  0.0251  0.0251  0.0251  0.0251  0.0251  0.0251
  0.0253  0.0252  0.0252  0.0253  0.0254  0.0252  0.0252  0.0254  0.0252  0.0253  0.0252  0.0252
  0.0256  0.0255  0.0253  0.0256  0.0257  0.0256  0.0255  0.0259  0.0254  0.0257  0.0253  0.0253
registration optimization eta report
parameter search radius
    0.8000    0.8000    0.8000    2.4000    2.4000    2.4000
    2.4000    2.4000    2.4000    2.4000    2.4000    2.4000
100000*second partial in parameter space
       87.       76.       47.        9.       11.       11.
        9.       16.        7.       11.        5.        5.
  0.0256  0.0255  0.0254  0.0256  0.0256  0.0257  0.0255  0.0259  0.0254  0.0257  0.0253  0.0253
  0.0253  0.0253  0.0252  0.0253  0.0253  0.0254  0.0253  0.0254  0.0252  0.0253  0.0251  0.0251
  0.0251  0.0251  0.0251  0.0251  0.0251  0.0252  0.0251  0.0251  0.0251  0.0251  0.0250  0.0250
  0.0250  0.0250  0.0250  0.0250  0.0250  0.0250  0.0250  0.0250  0.0250  0.0250  0.0250  0.0250
  0.0251  0.0251  0.0251  0.0251  0.0251  0.0250  0.0251  0.0251  0.0251  0.0251  0.0251  0.0251
  0.0253  0.0252  0.0252  0.0253  0.0254  0.0252  0.0252  0.0254  0.0252  0.0253  0.0252  0.0252
  0.0256  0.0255  0.0253  0.0256  0.0257  0.0256  0.0255  0.0259  0.0254  0.0257  0.0253  0.0253
   -0.9582   -1.8265   18.5656   -4.9490  -10.1645    0.1118
   -0.7984    3.8904    2.8477   11.0831   -3.6371  -12.1529
eta,q 0.97498 12.56925

---------------------------------------------------------------------
imgreg_4dfp /opt/freesurfer/average/711-2C_as_mni_average_305 /opt/freesurfer/average/711-2B_as_mni_average_305_mask talsrcimg_g11 none talsrcimg_to_711-2C_as_mni_average_305_t4 2311
---------------------------------------------------------------------

freesurfer imgreg_4dfp.c
/opt/freesurfer/average/711-2C_as_mni_average_305.4dfp.img
       256       256       256         1
  1.000000  1.000000  1.000000
orientation T byte_order littleendian
Reading image: /opt/freesurfer/average/711-2C_as_mni_average_305.4dfp.img
dimensions:      256       256       256
mmppix:       1.0000   -1.0000   -1.0000
center:     128.0000 -129.0000 -129.0000
/opt/freesurfer/average/711-2B_as_mni_average_305_mask.4dfp.img
       256       256       256         1
  1.000000  1.000000  1.000000
orientation T byte_order littleendian
Reading mask: /opt/freesurfer/average/711-2B_as_mni_average_305_mask.4dfp.img (2306576 pixels)
talsrcimg_g11.4dfp.img
       256       256       256         1
  1.000000  1.000000  1.000000
orientation T byte_order littleendian
Reading image: talsrcimg_g11.4dfp.img
dimensions:      256       256       256
mmppix:       1.0000   -1.0000   -1.0000
center:     128.0000 -129.0000 -129.0000
fimgreg.f
image alignment mode   2311 decimal      907 hex
parameters
   -0.9582   -1.8265   18.5656   -4.9491  -10.1645    0.1117
   -0.7984    3.8904    2.8477   11.0831   -3.6371  -12.1529
eta,q 0.97498 12.56925
niter,ni,del,rscale     5    3    5.0000    0.8000
parameters
   -0.9547   -1.8227   18.5859   -5.0306  -10.1363   -0.4722
   -0.8694    3.8539    2.8475   11.0823   -3.4851  -11.9174
eta,q 0.97490 12.54573
  0.0272  0.0269  0.0262  0.0269  0.0273  0.0269  0.0269  0.0281  0.0267  0.0274  0.0262  0.0262
  0.0260  0.0259  0.0256  0.0259  0.0261  0.0260  0.0260  0.0266  0.0258  0.0263  0.0256  0.0257
  0.0253  0.0252  0.0252  0.0253  0.0253  0.0254  0.0253  0.0255  0.0253  0.0255  0.0252  0.0253
  0.0250  0.0250  0.0250  0.0250  0.0250  0.0250  0.0251  0.0251  0.0251  0.0251  0.0251  0.0251
  0.0253  0.0252  0.0251  0.0253  0.0253  0.0252  0.0253  0.0255  0.0253  0.0253  0.0252  0.0252
  0.0260  0.0259  0.0255  0.0260  0.0261  0.0265  0.0260  0.0266  0.0258  0.0262  0.0255  0.0255
  0.0272  0.0269  0.0262  0.0270  0.0272  0.0287  0.0270  0.0283  0.0267  0.0275  0.0260  0.0261
niter,ni,del,rscale     4    3    5.0000    0.7000
parameters
   -0.9654   -1.8495   18.5229   -4.8954  -10.0727   -0.4578
   -0.8648    3.8428    2.8117   11.0087   -3.5005  -11.9608
eta,q 0.97491 12.55338
  0.0267  0.0265  0.0259  0.0267  0.0269  0.0268  0.0265  0.0275  0.0263  0.0269  0.0259  0.0259
  0.0258  0.0257  0.0254  0.0259  0.0260  0.0260  0.0258  0.0263  0.0256  0.0260  0.0254  0.0255
  0.0253  0.0252  0.0252  0.0253  0.0253  0.0255  0.0253  0.0254  0.0252  0.0253  0.0252  0.0252
  0.0251  0.0251  0.0251  0.0251  0.0251  0.0251  0.0251  0.0251  0.0251  0.0251  0.0251  0.0251
  0.0253  0.0253  0.0252  0.0252  0.0253  0.0251  0.0253  0.0254  0.0252  0.0253  0.0252  0.0252
  0.0259  0.0258  0.0255  0.0257  0.0259  0.0257  0.0258  0.0263  0.0256  0.0260  0.0255  0.0255
  0.0268  0.0266  0.0261  0.0265  0.0268  0.0271  0.0266  0.0276  0.0263  0.0271  0.0259  0.0259
niter,ni,del,rscale     3    3    5.0000    0.6000
parameters
   -0.9674   -1.8515   18.5191   -4.8749  -10.0695   -0.2679
   -0.8404    3.8581    2.8106   11.0088   -3.5536  -12.0189
eta,q 0.97493 12.56120
  0.0263  0.0262  0.0257  0.0262  0.0264  0.0264  0.0262  0.0270  0.0260  0.0265  0.0256  0.0257
  0.0257  0.0256  0.0254  0.0256  0.0257  0.0259  0.0256  0.0260  0.0255  0.0257  0.0253  0.0253
  0.0252  0.0252  0.0252  0.0252  0.0253  0.0254  0.0252  0.0253  0.0252  0.0253  0.0251  0.0251
  0.0251  0.0251  0.0251  0.0251  0.0251  0.0251  0.0251  0.0251  0.0251  0.0251  0.0251  0.0251
  0.0252  0.0252  0.0252  0.0252  0.0253  0.0250  0.0252  0.0253  0.0252  0.0252  0.0251  0.0252
  0.0257  0.0256  0.0254  0.0256  0.0257  0.0254  0.0256  0.0259  0.0255  0.0257  0.0253  0.0254
  0.0263  0.0262  0.0257  0.0262  0.0264  0.0264  0.0261  0.0270  0.0260  0.0265  0.0257  0.0257
niter,ni,del,rscale     2    3    5.0000    0.5000
parameters
   -0.9625   -1.8424   18.5436   -4.9064  -10.1156   -0.0710
   -0.8249    3.8821    2.8278   11.0413   -3.5979  -12.0898
eta,q 0.97496 12.56577
  0.0259  0.0258  0.0255  0.0259  0.0260  0.0261  0.0258  0.0264  0.0257  0.0260  0.0254  0.0255
  0.0255  0.0254  0.0253  0.0254  0.0255  0.0256  0.0254  0.0257  0.0253  0.0255  0.0252  0.0252
  0.0252  0.0252  0.0251  0.0252  0.0252  0.0253  0.0251  0.0252  0.0251  0.0252  0.0251  0.0251
  0.0251  0.0251  0.0251  0.0251  0.0251  0.0251  0.0250  0.0250  0.0250  0.0250  0.0250  0.0250
  0.0252  0.0251  0.0251  0.0252  0.0252  0.0250  0.0251  0.0252  0.0251  0.0251  0.0251  0.0251
  0.0254  0.0254  0.0253  0.0255  0.0255  0.0253  0.0254  0.0256  0.0253  0.0255  0.0252  0.0252
  0.0259  0.0258  0.0255  0.0259  0.0260  0.0260  0.0258  0.0264  0.0257  0.0260  0.0255  0.0255
niter,ni,del,rscale     1    3    5.0000    0.4000
parameters
   -0.9562   -1.8302   18.5656   -4.9524  -10.1610    0.1145
   -0.8046    3.8957    2.8492   11.0742   -3.6531  -12.1483
eta,q 0.97499 12.56927
  0.0256  0.0255  0.0254  0.0256  0.0256  0.0257  0.0255  0.0259  0.0254  0.0257  0.0253  0.0253
  0.0253  0.0253  0.0252  0.0253  0.0253  0.0254  0.0253  0.0254  0.0252  0.0253  0.0251  0.0251
  0.0251  0.0251  0.0251  0.0251  0.0251  0.0252  0.0251  0.0251  0.0251  0.0251  0.0250  0.0250
  0.0250  0.0250  0.0250  0.0250  0.0250  0.0250  0.0250  0.0250  0.0250  0.0250  0.0250  0.0250
  0.0251  0.0251  0.0251  0.0251  0.0251  0.0250  0.0251  0.0251  0.0251  0.0251  0.0251  0.0251
  0.0253  0.0253  0.0252  0.0253  0.0253  0.0252  0.0252  0.0254  0.0252  0.0253  0.0252  0.0252
  0.0256  0.0255  0.0253  0.0256  0.0257  0.0256  0.0255  0.0259  0.0254  0.0257  0.0253  0.0253
registration optimization eta report
parameter search radius
    0.8000    0.8000    0.8000    2.4000    2.4000    2.4000
    2.4000    2.4000    2.4000    2.4000    2.4000    2.4000
100000*second partial in parameter space
       87.       76.       46.        9.       11.       11.
        9.       16.        7.       11.        5.        5.
  0.0256  0.0255  0.0254  0.0256  0.0256  0.0257  0.0255  0.0259  0.0254  0.0257  0.0253  0.0253
  0.0253  0.0253  0.0252  0.0253  0.0253  0.0254  0.0253  0.0254  0.0252  0.0253  0.0251  0.0251
  0.0251  0.0251  0.0251  0.0251  0.0251  0.0252  0.0251  0.0251  0.0251  0.0251  0.0250  0.0250
  0.0250  0.0250  0.0250  0.0250  0.0250  0.0250  0.0250  0.0250  0.0250  0.0250  0.0250  0.0250
  0.0251  0.0251  0.0251  0.0251  0.0251  0.0250  0.0251  0.0251  0.0251  0.0251  0.0251  0.0251
  0.0253  0.0253  0.0252  0.0253  0.0253  0.0252  0.0252  0.0254  0.0252  0.0253  0.0252  0.0252
  0.0256  0.0255  0.0253  0.0256  0.0257  0.0256  0.0255  0.0259  0.0254  0.0257  0.0253  0.0253
   -0.9562   -1.8302   18.5656   -4.9524  -10.1610    0.1145
   -0.8046    3.8957    2.8492   11.0742   -3.6531  -12.1483
eta,q 0.97499 12.56927

---------------------------------------------------------------------
compute_vox2vox talsrcimg talsrcimg_to_711-2C_as_mni_average_305_t4 /opt/freesurfer/average/711-2C_as_mni_average_305
---------------------------------------------------------------------

freesurfer compute_vox2vox.c
Reading: talsrcimg.4dfp.ifh
Reading: talsrcimg_to_711-2C_as_mni_average_305_t4
Reading: /opt/freesurfer/average/711-2C_as_mni_average_305.4dfp.ifh
Writing: talsrcimg_to_711-2C_as_mni_average_305_t4_vox2vox.txt

start time Tue Mar 10 01:11:33 CET 2026
end		time Tue Mar 10 01:13:02 CET 2026

mpr2mni305 success

avi2talxfm orig_nu.mgz /opt/freesurfer/average/mni305.cor.mgz talsrcimg_to_711-2C_as_mni_average_305_t4_vox2vox.txt transforms/talairach.auto.xfm
avi2talxfm done
mv -f /out/sourcedata/freesurfer/sub-v1s3x0050814_ses-1/mri/talsrcimg_to_711-2C_as_mni_average_305_t4_vox2vox.txt /out/sourcedata/freesurfer/sub-v1s3x0050814_ses-1/mri/transforms/talsrcimg_to_711-2C_as_mni_average_305_t4_vox2vox.txt
lta_convert --src orig_nu.mgz --trg /opt/freesurfer/average/mni305.cor.mgz --inxfm transforms/talairach.auto.xfm --outlta transforms/talairach.auto.xfm.lta --subject fsaverage
7.3.2

--src: orig_nu.mgz src image (geometry).
--trg: /opt/freesurfer/average/mni305.cor.mgz trg image (geometry).
--inmni: transforms/talairach.auto.xfm input MNI/XFM transform.
--outlta: transforms/talairach.auto.xfm.lta output LTA.
--s: fsaverage subject name
 LTA read, type : 1
 1.05040  -0.04130   0.00382  -3.75095;
 0.03378   0.98281   0.13320  -1.68165;
-0.03748  -0.11984   1.09656  -1.89535;
 0.00000   0.00000   0.00000   1.00000;
setting subject to fsaverage
Writing  LTA to file transforms/talairach.auto.xfm.lta...
lta_convert successful.
 
 
Started at Tue Mar 10 01:11:32 CET 2026
Ended   at Tue Mar 10 01:13:02 CET 2026
talairach_avi done
