status file for recon-all
Tue Mar 10 02:53:59 CET 2026
#@# Tessellate lh Tue Mar 10 02:53:59 CET 2026
#@# Smooth1 lh Tue Mar 10 02:54:01 CET 2026
#@# Inflation1 lh Tue Mar 10 02:54:03 CET 2026
#@# QSphere lh Tue Mar 10 02:54:10 CET 2026
#@# Fix Topology lh Tue Mar 10 02:54:47 CET 2026
#@# Smooth2 lh Tue Mar 10 02:59:21 CET 2026
#@# Inflation2 lh Tue Mar 10 02:59:24 CET 2026
#@# Curv .H and .K lh Tue Mar 10 02:59:31 CET 2026
#@# Sphere lh Tue Mar 10 03:00:08 CET 2026
#@# Surf Reg lh Tue Mar 10 03:01:33 CET 2026
#@# Jacobian white lh Tue Mar 10 03:04:09 CET 2026
#@# AvgCurv lh Tue Mar 10 03:04:10 CET 2026
#@# Cortical Parc lh Tue Mar 10 03:04:10 CET 2026
#@# white curv lh Tue Mar 10 03:09:47 CET 2026
#@# white area lh Tue Mar 10 03:09:49 CET 2026
#@# pial curv lh Tue Mar 10 03:09:49 CET 2026
#@# pial area lh Tue Mar 10 03:09:50 CET 2026
#@# thickness lh Tue Mar 10 03:09:51 CET 2026
#@# area and vertex vol lh Tue Mar 10 03:10:11 CET 2026
#@# Curvature Stats lh Tue Mar 10 03:10:12 CET 2026
#@# Cortical Parc 2 lh Tue Mar 10 03:10:13 CET 2026
#@# Cortical Parc 3 lh Tue Mar 10 03:10:23 CET 2026
#@# WM/GM Contrast lh Tue Mar 10 03:10:31 CET 2026
recon-all -s sub-v1s3x0050822_ses-1 finished without error at Tue Mar 10 03:10:33 CET 2026



#New# invocation of recon-all 



status file for recon-all
Tue Mar 10 03:33:13 CET 2026
#@# white curv lh Tue Mar 10 03:33:13 CET 2026
#@# white area lh Tue Mar 10 03:33:13 CET 2026
#@# pial curv lh Tue Mar 10 03:33:13 CET 2026
#@# pial area lh Tue Mar 10 03:33:13 CET 2026
#@# thickness lh Tue Mar 10 03:33:13 CET 2026
#@# area and vertex vol lh Tue Mar 10 03:33:13 CET 2026
#@# Parcellation Stats lh Tue Mar 10 03:33:13 CET 2026
#@# Parcellation Stats 2 lh Tue Mar 10 03:33:28 CET 2026
#@# Parcellation Stats 3 lh Tue Mar 10 03:33:36 CET 2026
#@# BA_exvivo Labels lh Tue Mar 10 03:33:44 CET 2026
recon-all -s sub-v1s3x0050822_ses-1 finished without error at Tue Mar 10 03:35:40 CET 2026
