/out/sourcedata/freesurfer/sub-v1s3x0050803_ses-1/mri
/opt/freesurfer/bin/talairach_avi
--i orig_nu.mgz --xfm transforms/talairach.auto.xfm
talairach_avi 7.3.2
Linux dna052 5.14.0-427.37.1.el9_4.x86_64 #1 SMP PREEMPT_DYNAMIC Fri Sep 13 12:41:50 EDT 2024 x86_64 x86_64 x86_64 GNU/Linux
Tue Mar 10 00:47:38 CET 2026
mri_convert orig_nu.mgz talsrcimg.img 
reading from orig_nu.mgz...
TR=0.00, TE=0.00, TI=0.00, flip angle=0.00
i_ras = (-1, 0, 0)
j_ras = (0, 0, -1)
k_ras = (0, 1, 0)
writing to talsrcimg.img...
Analyze Output Matrix
-1.00000   0.00000   0.00000   123.16304;
 0.00000   0.00000   1.00000  -131.87439;
 0.00000  -1.00000   0.00000   124.87909;
 0.00000   0.00000   0.00000   1.00000;
--------------------
INFO: set hdr.hist.orient to -1
mpr2mni305 talsrcimg
Tue Mar 10 00:47:39 CET 2026
/opt/freesurfer/bin/mpr2mni305 talsrcimg
mpr2mni305 7.3.2
target=711-2C_as_mni_average_305

---------------------------------------------------------------------
analyzeto4dfp talsrcimg -O0 -y
---------------------------------------------------------------------

freesurfer ifh2hdr.c
Tue Mar 10 00:47:39 2026
Writing: talsrcimg.4dfp.hdr
freesurfer analyzeto4dfp.c
Reading: talsrcimg.hdr
header size 348 bytes
hdr.dime.datatype	offset=70	value=2
hdr.dime.bitpix		offset=72	value=8
hdr.hist.orient		offset=252	value=-1
dimensionality     4
dimensions       256       256       256         1
Reading: talsrcimg.img
Writing: talsrcimg.4dfp.img
Writing: talsrcimg.4dfp.ifh
ifh2hdr talsrcimg -r0to255
ori=2

---------------------------------------------------------------------
gauss_4dfp talsrcimg 1.1
---------------------------------------------------------------------

freesurfer gauss_4dfp.c
Reading: talsrcimg.4dfp.img
Writing: talsrcimg_g11.4dfp.img
image dimensions 256 256 256 padded to 288 288 288
processing volume 1freesurfer ifh2hdr.c
Tue Mar 10 00:47:41 2026
Writing: talsrcimg_g11.4dfp.hdr

Writing: talsrcimg_g11.4dfp.ifh
including: talsrcimg.4dfp.img.rec in talsrcimg_g11.4dfp.img.rec

---------------------------------------------------------------------
imgreg_4dfp /opt/freesurfer/average/711-2C_as_mni_average_305 none talsrcimg_g11 none talsrcimg_to_711-2C_as_mni_average_305_t4 4355
---------------------------------------------------------------------

freesurfer imgreg_4dfp.c
/opt/freesurfer/average/711-2C_as_mni_average_305.4dfp.img
       256       256       256         1
  1.000000  1.000000  1.000000
orientation T byte_order littleendian
Reading image: /opt/freesurfer/average/711-2C_as_mni_average_305.4dfp.img
dimensions:      256       256       256
mmppix:       1.0000   -1.0000   -1.0000
center:     128.0000 -129.0000 -129.0000
talsrcimg_g11.4dfp.img
       256       256       256         1
  1.000000  1.000000  1.000000
orientation T byte_order littleendian
Reading image: talsrcimg_g11.4dfp.img
dimensions:      256       256       256
mmppix:       1.0000   -1.0000   -1.0000
center:     128.0000 -129.0000 -129.0000
t4_read: open error in t4_sub.f l:  41 t4_file(1:l)talsrcimg_to_711-2C_as_mni_average_305_t4 
t4_read: transform initialized to I4
rotation matrix determinant  1.000000
image alignment mode   4355 decimal     1103 hex
   -7.5000  -45.0000  -45.0000 7004.8286   22.3556
    0.0000  -45.0000  -45.0000 7254.1123   22.3809
    7.5000  -45.0000  -45.0000 6933.1729   22.3613
   -7.5000  -37.5000  -45.0000 7518.3193   22.3664
    0.0000  -37.5000  -45.0000 7814.0493   22.3822
    7.5000  -37.5000  -45.0000 7437.0645   22.3851
   -7.5000  -30.0000  -45.0000 8306.3672   22.3476
    0.0000  -30.0000  -45.0000 8633.6865   22.3597
    7.5000  -30.0000  -45.0000 8222.3428   22.3680
   -7.5000  -22.5000  -45.0000 8966.8701   22.3162
    0.0000  -22.5000  -45.0000 9339.7539   22.3350
    7.5000  -22.5000  -45.0000 8906.3936   22.3251
   -7.5000  -15.0000  -45.0000 9603.7314   22.2991
    0.0000  -15.0000  -45.000010015.9736   22.3270
    7.5000  -15.0000  -45.0000 9534.4111   22.2998
   -7.5000   -7.5000  -45.000010224.9463   22.3196
    0.0000   -7.5000  -45.000010689.1494   22.3501
    7.5000   -7.5000  -45.000010161.6602   22.3187
   -7.5000    0.0000  -45.000010777.0938   22.3554
    0.0000    0.0000  -45.000011234.0693   22.3806
    7.5000    0.0000  -45.000010725.8018   22.3610
   -7.5000    7.5000  -45.000010472.1738   22.3663
    0.0000    7.5000  -45.000010934.3750   22.3821
    7.5000    7.5000  -45.000010417.5352   22.3850
   -7.5000   15.0000  -45.000010104.1934   22.3476
    0.0000   15.0000  -45.000010561.1553   22.3597
    7.5000   15.0000  -45.000010020.2041   22.3680
   -7.5000   22.5000  -45.0000 9627.9668   22.3131
    0.0000   22.5000  -45.000010046.0645   22.3319
    7.5000   22.5000  -45.0000 9555.2578   22.3220
   -7.5000   30.0000  -45.0000 8915.5088   22.0020
    0.0000   30.0000  -45.0000 9306.1602   22.0295
    7.5000   30.0000  -45.0000 8878.5752   22.0027
   -7.5000   37.5000  -45.0000 8499.2715   22.0222
    0.0000   37.5000  -45.0000 8877.9033   22.0523
    7.5000   37.5000  -45.0000 8441.0869   22.0213
   -7.5000   45.0000  -45.0000 7801.7686   21.4974
    0.0000   45.0000  -45.0000 8161.1450   21.5217
    7.5000   45.0000  -45.0000 7736.0596   21.5028
   -7.5000  -45.0000  -37.5000 7557.9893   22.1838
    0.0000  -45.0000  -37.5000 7879.2988   22.1904
    7.5000  -45.0000  -37.5000 7474.2983   22.1867
   -7.5000  -37.5000  -37.5000 8111.8564   22.1978
    0.0000  -37.5000  -37.5000 8443.1445   22.1970
    7.5000  -37.5000  -37.5000 8027.5518   22.2115
   -7.5000  -30.0000  -37.5000 8953.1445   22.1849
    0.0000  -30.0000  -37.5000 9316.9932   22.1851
    7.5000  -30.0000  -37.5000 8860.9082   22.2006
   -7.5000  -22.5000  -37.5000 9667.2021   22.1503
    0.0000  -22.5000  -37.500010091.8936   22.1591
    7.5000  -22.5000  -37.5000 9594.7715   22.1580
   -7.5000  -15.0000  -37.500010322.9707   22.1291
    0.0000  -15.0000  -37.500010782.0586   22.1452
    7.5000  -15.0000  -37.500010236.0439   22.1308
   -7.5000   -7.5000  -37.500010926.2402   22.1495
    0.0000   -7.5000  -37.500011437.1680   22.1644
    7.5000   -7.5000  -37.500010843.2207   22.1484
   -7.5000    0.0000  -37.500011513.5176   22.1836
    0.0000    0.0000  -37.500012028.6943   22.1901
    7.5000    0.0000  -37.500011423.5117   22.1865
   -7.5000    7.5000  -37.500011193.5088   22.1977
    0.0000    7.5000  -37.500011699.8838   22.1969
    7.5000    7.5000  -37.500011118.9971   22.2114
   -7.5000   15.0000  -37.500010742.7988   22.1849
    0.0000   15.0000  -37.500011255.0713   22.1851
    7.5000   15.0000  -37.500010665.0059   22.2006
   -7.5000   22.5000  -37.500010275.8682   22.1472
    0.0000   22.5000  -37.500010740.6377   22.1560
    7.5000   22.5000  -37.500010199.1914   22.1549
   -7.5000   30.0000  -37.5000 9508.9951   21.8342
    0.0000   30.0000  -37.5000 9921.2422   21.8501
    7.5000   30.0000  -37.5000 9462.6846   21.8359
   -7.5000   37.5000  -37.5000 8990.9199   21.8544
    0.0000   37.5000  -37.5000 9397.5186   21.8690
    7.5000   37.5000  -37.5000 8936.2842   21.8533
   -7.5000   45.0000  -37.5000 8219.0215   21.3321
    0.0000   45.0000  -37.5000 8597.8916   21.3385
    7.5000   45.0000  -37.5000 8155.1846   21.3350
   -7.5000  -45.0000  -30.0000 8270.3643   23.0883
    0.0000  -45.0000  -30.0000 8617.9209   23.0794
    7.5000  -45.0000  -30.0000 8173.7007   23.0880
   -7.5000  -37.5000  -30.0000 8852.3291   23.1040
    0.0000  -37.5000  -30.0000 9244.3008   23.0897
    7.5000  -37.5000  -30.0000 8776.5508   23.1066
   -7.5000  -30.0000  -30.0000 9765.5693   23.0947
    0.0000  -30.0000  -30.000010196.8613   23.0803
    7.5000  -30.0000  -30.0000 9678.3438   23.0905
   -7.5000  -22.5000  -30.000010577.7910   23.0592
    0.0000  -22.5000  -30.000011050.3926   23.0491
    7.5000  -22.5000  -30.000010465.2744   23.0452
   -7.5000  -15.0000  -30.000011255.9277   23.0377
    0.0000  -15.0000  -30.000011777.5342   23.0311
    7.5000  -15.0000  -30.000011134.2432   23.0219
   -7.5000   -7.5000  -30.000011892.5967   23.0573
    0.0000   -7.5000  -30.000012461.0664   23.0519
    7.5000   -7.5000  -30.000011748.4990   23.0483
   -7.5000    0.0000  -30.000012498.3301   23.0880
    0.0000    0.0000  -30.000013075.4502   23.0792
    7.5000    0.0000  -30.000012386.7598   23.0878
   -7.5000    7.5000  -30.000012156.3418   23.1039
    0.0000    7.5000  -30.000012700.0752   23.0896
    7.5000    7.5000  -30.000012057.2500   23.1065
   -7.5000   15.0000  -30.000011674.9375   23.0947
    0.0000   15.0000  -30.000012171.6699   23.0803
    7.5000   15.0000  -30.000011547.5127   23.0905
   -7.5000   22.5000  -30.000011153.7012   23.0536
    0.0000   22.5000  -30.000011616.7949   23.0435
    7.5000   22.5000  -30.000011020.6631   23.0397
   -7.5000   30.0000  -30.000010294.9551   22.7329
    0.0000   30.0000  -30.000010736.9463   22.7263
    7.5000   30.0000  -30.000010197.7979   22.7172
   -7.5000   37.5000  -30.0000 9675.9424   22.7522
    0.0000   37.5000  -30.000010095.3174   22.7468
    7.5000   37.5000  -30.0000 9595.3604   22.7434
   -7.5000   45.0000  -30.0000 8784.4971   22.2182
    0.0000   45.0000  -30.0000 9183.8877   22.2097
    7.5000   45.0000  -30.0000 8709.5547   22.2180
   -7.5000  -45.0000  -22.5000 9009.4639   23.8732
    0.0000  -45.0000  -22.5000 9399.6475   23.8684
    7.5000  -45.0000  -22.5000 8920.4268   23.8705
   -7.5000  -37.5000  -22.5000 9654.5645   23.8905
    0.0000  -37.5000  -22.500010074.3018   23.8797
    7.5000  -37.5000  -22.5000 9555.6621   23.8833
   -7.5000  -30.0000  -22.500010602.9150   23.8805
    0.0000  -30.0000  -22.500011088.1475   23.8625
    7.5000  -30.0000  -22.500010522.8838   23.8557
   -7.5000  -22.5000  -22.500011459.0332   23.8462
    0.0000  -22.5000  -22.500012007.4961   23.8249
    7.5000  -22.5000  -22.500011371.6611   23.8058
   -7.5000  -15.0000  -22.500012204.8691   23.8253
    0.0000  -15.0000  -22.500012770.2988   23.8055
    7.5000  -15.0000  -22.500012095.3838   23.7858
   -7.5000   -7.5000  -22.500012889.5938   23.8422
    0.0000   -7.5000  -22.500013502.3486   23.8315
    7.5000   -7.5000  -22.500012745.7783   23.8225
   -7.5000    0.0000  -22.500013502.3711   23.8729
    0.0000    0.0000  -22.500014172.7539   23.8681
    7.5000    0.0000  -22.500013407.2207   23.8703
   -7.5000    7.5000  -22.500013123.2734   23.8904
    0.0000    7.5000  -22.500013764.1543   23.8797
    7.5000    7.5000  -22.500013039.5059   23.8832
   -7.5000   15.0000  -22.500012576.3535   23.8805
    0.0000   15.0000  -22.500013141.4766   23.8625
    7.5000   15.0000  -22.500012418.3428   23.8557
   -7.5000   22.5000  -22.500011999.9062   23.8388
    0.0000   22.5000  -22.500012520.7852   23.8176
    7.5000   22.5000  -22.500011813.2969   23.7985
   -7.5000   30.0000  -22.500011092.5010   23.5137
    0.0000   30.0000  -22.500011573.7490   23.4941
    7.5000   30.0000  -22.500010950.7578   23.4746
   -7.5000   37.5000  -22.500010365.9297   23.5304
    0.0000   37.5000  -22.500010830.8027   23.5198
    7.5000   37.5000  -22.500010256.3105   23.5109
   -7.5000   45.0000  -22.5000 9375.8008   22.9908
    0.0000   45.0000  -22.5000 9799.4785   22.9861
    7.5000   45.0000  -22.5000 9281.5693   22.9882
   -7.5000  -45.0000  -15.0000 9740.8672   24.4519
    0.0000  -45.0000  -15.000010187.6162   24.4662
    7.5000  -45.0000  -15.0000 9689.0146   24.4518
   -7.5000  -37.5000  -15.000010408.2354   24.4700
    0.0000  -37.5000  -15.000010910.2842   24.4754
    7.5000  -37.5000  -15.000010356.3311   24.4654
   -7.5000  -30.0000  -15.000011382.3047   24.4587
    0.0000  -30.0000  -15.000011969.6123   24.4507
    7.5000  -30.0000  -15.000011342.0244   24.4340
   -7.5000  -22.5000  -15.000012289.1992   24.4273
    0.0000  -22.5000  -15.000012919.1074   24.4138
    7.5000  -22.5000  -15.000012270.9043   24.3832
   -7.5000  -15.0000  -15.000013077.1533   24.4071
    0.0000  -15.0000  -15.000013730.3770   24.3973
    7.5000  -15.0000  -15.000013021.5752   24.3627
   -7.5000   -7.5000  -15.000013844.2939   24.4200
    0.0000   -7.5000  -15.000014578.4434   24.4249
    7.5000   -7.5000  -15.000013741.2783   24.3997
   -7.5000    0.0000  -15.000014498.3623   24.4516
    0.0000    0.0000  -15.000015306.0156   24.4659
    7.5000    0.0000  -15.000014440.2656   24.4515
   -7.5000    7.5000  -15.000014077.6562   24.4699
    0.0000    7.5000  -15.000014873.6943   24.4753
    7.5000    7.5000  -15.000014027.4756   24.4653
   -7.5000   15.0000  -15.000013400.2744   24.4587
    0.0000   15.0000  -15.000014082.0693   24.4507
    7.5000   15.0000  -15.000013276.6299   24.4340
   -7.5000   22.5000  -15.000012735.6396   24.4187
    0.0000   22.5000  -15.000013364.4668   24.4051
    7.5000   22.5000  -15.000012597.7119   24.3745
   -7.5000   30.0000  -15.000011833.5889   24.0912
    0.0000   30.0000  -15.000012409.2529   24.0816
    7.5000   30.0000  -15.000011731.6152   24.0474
   -7.5000   37.5000  -15.000011066.8965   24.1040
    0.0000   37.5000  -15.000011580.2129   24.1088
    7.5000   37.5000  -15.000010962.1172   24.0839
   -7.5000   45.0000  -15.0000 9991.7227   23.5624
    0.0000   45.0000  -15.000010458.2129   23.5761
    7.5000   45.0000  -15.0000 9899.6465   23.5623
   -7.5000  -45.0000   -7.500010473.0225   24.7559
    0.0000  -45.0000   -7.500010987.5557   24.7859
    7.5000  -45.0000   -7.500010454.3457   24.7600
   -7.5000  -37.5000   -7.500011160.3789   24.7699
    0.0000  -37.5000   -7.500011726.8232   24.7889
    7.5000  -37.5000   -7.500011150.2168   24.7796
   -7.5000  -30.0000   -7.500012195.5605   24.7553
    0.0000  -30.0000   -7.500012853.6328   24.7633
    7.5000  -30.0000   -7.500012194.3779   24.7556
   -7.5000  -22.5000   -7.500013154.6602   24.7275
    0.0000  -22.5000   -7.500013854.6787   24.7355
    7.5000  -22.5000   -7.500013195.6230   24.7100
   -7.5000  -15.0000   -7.500013946.3857   24.7105
    0.0000  -15.0000   -7.500014708.2393   24.7264
    7.5000  -15.0000   -7.500013956.0488   24.6872
   -7.5000   -7.5000   -7.500014757.7256   24.7241
    0.0000   -7.5000   -7.500015615.0596   24.7508
    7.5000   -7.5000   -7.500014715.3662   24.7129
   -7.5000    0.0000   -7.500015509.3779   24.7556
    0.0000    0.0000   -7.500016396.8867   24.7856
    7.5000    0.0000   -7.500015445.4951   24.7597
   -7.5000    7.5000   -7.500015039.7266   24.7698
    0.0000    7.5000   -7.500015952.3887   24.7889
    7.5000    7.5000   -7.500015007.8672   24.7795
   -7.5000   15.0000   -7.500014247.1992   24.7553
    0.0000   15.0000   -7.500015085.6426   24.7633
    7.5000   15.0000   -7.500014212.0527   24.7556
   -7.5000   22.5000   -7.500013524.9023   24.7161
    0.0000   22.5000   -7.500014287.9785   24.7241
    7.5000   22.5000   -7.500013453.6426   24.6986
   -7.5000   30.0000   -7.500012600.1387   24.3900
    0.0000   30.0000   -7.500013290.4346   24.4057
    7.5000   30.0000   -7.500012540.8047   24.3671
   -7.5000   37.5000   -7.500011809.8916   24.4034
    0.0000   37.5000   -7.500012436.8457   24.4299
    7.5000   37.5000   -7.500011753.5391   24.3925
   -7.5000   45.0000   -7.500010640.9287   23.8598
    0.0000   45.0000   -7.500011192.6865   23.8887
    7.5000   45.0000   -7.500010574.1865   23.8637
   -7.5000  -45.0000    0.000011151.1553   24.8200
    0.0000  -45.0000    0.000011697.5088   24.8472
    7.5000  -45.0000    0.000011159.7510   24.8246
   -7.5000  -37.5000    0.000011850.6953   24.8326
    0.0000  -37.5000    0.000012441.8711   24.8494
    7.5000  -37.5000    0.000011881.2861   24.8518
   -7.5000  -30.0000    0.000012963.8545   24.8151
    0.0000  -30.0000    0.000013630.2227   24.8279
    7.5000  -30.0000    0.000013006.6113   24.8364
   -7.5000  -22.5000    0.000014024.0225   24.7826
    0.0000  -22.5000    0.000014720.1211   24.8030
    7.5000  -22.5000    0.000014069.0713   24.7914
   -7.5000  -15.0000    0.000014828.8857   24.7636
    0.0000  -15.0000    0.000015600.0342   24.7939
    7.5000  -15.0000    0.000014862.8848   24.7632
   -7.5000   -7.5000    0.000015612.9766   24.7831
    0.0000   -7.5000    0.000016481.0156   24.8163
    7.5000   -7.5000    0.000015634.4756   24.7807
   -7.5000    0.0000    0.000016387.3457   24.8197
    0.0000    0.0000    0.000017311.6777   24.8469
    7.5000    0.0000    0.000016375.8857   24.8243
   -7.5000    7.5000    0.000015912.3379   24.8326
    0.0000    7.5000    0.000016828.8027   24.8493
    7.5000    7.5000    0.000015938.8828   24.8517
   -7.5000   15.0000    0.000015063.5635   24.8151
    0.0000   15.0000    0.000015939.6523   24.8279
    7.5000   15.0000    0.000015094.8398   24.8364
   -7.5000   22.5000    0.000014209.9033   24.7712
    0.0000   22.5000    0.000015036.9639   24.7916
    7.5000   22.5000    0.000014216.2217   24.7800
   -7.5000   30.0000    0.000013225.2617   24.4431
    0.0000   30.0000    0.000013991.3467   24.4731
    7.5000   30.0000    0.000013218.3105   24.4427
   -7.5000   37.5000    0.000012412.9346   24.4624
    0.0000   37.5000    0.000013144.9512   24.4951
    7.5000   37.5000    0.000012414.1875   24.4600
   -7.5000   45.0000    0.000011204.3135   23.9233
    0.0000   45.0000    0.000011815.9082   23.9495
    7.5000   45.0000    0.000011180.9473   23.9278
   -7.5000  -45.0000    7.500010963.6553   24.8122
    0.0000  -45.0000    7.500011461.0000   24.8195
    7.5000  -45.0000    7.500010965.4424   24.8154
   -7.5000  -37.5000    7.500011655.7578   24.8281
    0.0000  -37.5000    7.500012191.4121   24.8270
    7.5000  -37.5000    7.500011683.2559   24.8432
   -7.5000  -30.0000    7.500012739.9287   24.8141
    0.0000  -30.0000    7.500013297.1416   24.8141
    7.5000  -30.0000    7.500012784.2598   24.8313
   -7.5000  -22.5000    7.500013860.6533   24.7754
    0.0000  -22.5000    7.500014428.9131   24.7851
    7.5000  -22.5000    7.500013862.2783   24.7837
   -7.5000  -15.0000    7.500014735.9141   24.7513
    0.0000  -15.0000    7.500015410.8525   24.7694
    7.5000  -15.0000    7.500014749.7441   24.7533
   -7.5000   -7.5000    7.500015452.3379   24.7739
    0.0000   -7.5000    7.500016209.8193   24.7905
    7.5000   -7.5000    7.500015513.8750   24.7728
   -7.5000    0.0000    7.500016112.8057   24.8119
    0.0000    0.0000    7.500016917.6641   24.8192
    7.5000    0.0000    7.500016210.0039   24.8151
   -7.5000    7.5000    7.500015586.0020   24.8281
    0.0000    7.5000    7.500016382.2158   24.8270
    7.5000    7.5000    7.500015710.4121   24.8431
   -7.5000   15.0000    7.500014745.1562   24.8141
    0.0000   15.0000    7.500015557.7012   24.8141
    7.5000   15.0000    7.500014871.8066   24.8313
   -7.5000   22.5000    7.500013852.2275   24.7639
    0.0000   22.5000    7.500014634.3789   24.7737
    7.5000   22.5000    7.500013891.5400   24.7723
   -7.5000   30.0000    7.500012875.4990   24.4310
    0.0000   30.0000    7.500013610.1055   24.4488
    7.5000   30.0000    7.500012871.9434   24.4330
   -7.5000   37.5000    7.500012169.4746   24.4533
    0.0000   37.5000    7.500012821.6494   24.4697
    7.5000   37.5000    7.500012116.3867   24.4522
   -7.5000   45.0000    7.500010988.8818   23.9158
    0.0000   45.0000    7.500011566.2100   23.9228
    7.5000   45.0000    7.500010928.7988   23.9189
   -7.5000  -45.0000   15.000010654.3379   24.7930
    0.0000  -45.0000   15.000011102.4561   24.7835
    7.5000  -45.0000   15.000010644.1240   24.7928
   -7.5000  -37.5000   15.000011321.1816   24.8098
    0.0000  -37.5000   15.000011780.0957   24.7945
    7.5000  -37.5000   15.000011309.4717   24.8127
   -7.5000  -30.0000   15.000012355.7656   24.7999
    0.0000  -30.0000   15.000012800.6621   24.7845
    7.5000  -30.0000   15.000012343.2949   24.7954
   -7.5000  -22.5000   15.000013396.1768   24.7618
    0.0000  -22.5000   15.000013850.3887   24.7509
    7.5000  -22.5000   15.000013367.3574   24.7467
   -7.5000  -15.0000   15.000014316.8154   24.7387
    0.0000  -15.0000   15.000014891.9131   24.7316
    7.5000  -15.0000   15.000014278.4961   24.7217
   -7.5000   -7.5000   15.000015059.3691   24.7597
    0.0000   -7.5000   15.000015648.1123   24.7539
    7.5000   -7.5000   15.000015004.8047   24.7501
   -7.5000    0.0000   15.000015639.1377   24.7927
    0.0000    0.0000   15.000016326.2852   24.7832
    7.5000    0.0000   15.000015667.3223   24.7925
   -7.5000    7.5000   15.000015107.3906   24.8097
    0.0000    7.5000   15.000015769.0986   24.7945
    7.5000    7.5000   15.000015142.7783   24.8126
   -7.5000   15.0000   15.000014279.6924   24.7999
    0.0000   15.0000   15.000014945.3291   24.7845
    7.5000   15.0000   15.000014327.1748   24.7954
   -7.5000   22.5000   15.000013393.6338   24.7503
    0.0000   22.5000   15.000013944.2158   24.7395
    7.5000   22.5000   15.000013348.0928   24.7353
   -7.5000   30.0000   15.000012469.0898   24.4186
    0.0000   30.0000   15.000012946.6074   24.4115
    7.5000   30.0000   15.000012316.0703   24.4017
   -7.5000   37.5000   15.000011773.5312   24.4393
    0.0000   37.5000   15.000012206.3457   24.4335
    7.5000   37.5000   15.000011603.2598   24.4298
   -7.5000   45.0000   15.000010655.4131   23.8973
    0.0000   45.0000   15.000011076.8750   23.8882
    7.5000   45.0000   15.000010515.8535   23.8971
   -7.5000  -45.0000   22.500010203.1240   24.7823
    0.0000  -45.0000   22.500010650.6943   24.7773
    7.5000  -45.0000   22.500010193.4004   24.7795
   -7.5000  -37.5000   22.500010812.5479   24.8003
    0.0000  -37.5000   22.500011255.7188   24.7891
    7.5000  -37.5000   22.500010780.3701   24.7928
   -7.5000  -30.0000   22.500011802.9326   24.7899
    0.0000  -30.0000   22.500012234.7832   24.7712
    7.5000  -30.0000   22.500011766.9053   24.7641
   -7.5000  -22.5000   22.500012744.9229   24.7542
    0.0000  -22.5000   22.500013219.9863   24.7322
    7.5000  -22.5000   22.500012738.0215   24.7123
   -7.5000  -15.0000   22.500013608.7217   24.7326
    0.0000  -15.0000   22.500014075.3975   24.7120
    7.5000  -15.0000   22.500013574.9336   24.6915
   -7.5000   -7.5000   22.500014467.3418   24.7502
    0.0000   -7.5000   22.500014902.7744   24.7390
    7.5000   -7.5000   22.500014307.2246   24.7297
   -7.5000    0.0000   22.500015246.5273   24.7820
    0.0000    0.0000   22.500015725.5479   24.7770
    7.5000    0.0000   22.500015026.9482   24.7792
   -7.5000    7.5000   22.500014771.2988   24.8002
    0.0000    7.5000   22.500015234.4766   24.7890
    7.5000    7.5000   22.500014573.3662   24.7927
   -7.5000   15.0000   22.500013926.5273   24.7899
    0.0000   15.0000   22.500014361.4854   24.7712
    7.5000   15.0000   22.500013761.1553   24.7641
   -7.5000   22.5000   22.500012930.8799   24.7428
    0.0000   22.5000   22.500013295.2529   24.7208
    7.5000   22.5000   22.500012741.7930   24.7010
   -7.5000   30.0000   22.500011984.5293   24.4125
    0.0000   30.0000   22.500012283.3701   24.3922
    7.5000   30.0000   22.500011725.5547   24.3720
   -7.5000   37.5000   22.500011270.1318   24.4298
    0.0000   37.5000   22.500011612.7373   24.4188
    7.5000   37.5000   22.500011025.6602   24.4097
   -7.5000   45.0000   22.500010168.4834   23.8870
    0.0000   45.0000   22.500010540.6436   23.8821
    7.5000   45.0000   22.5000 9998.7412   23.8843
   -7.5000  -45.0000   30.0000 9590.2715   24.7875
    0.0000  -45.0000   30.000010050.0664   24.8020
    7.5000  -45.0000   30.0000 9573.8477   24.7874
   -7.5000  -37.5000   30.000010172.4150   24.8058
    0.0000  -37.5000   30.000010587.5742   24.8112
    7.5000  -37.5000   30.000010139.4678   24.8012
   -7.5000  -30.0000   30.000011114.6553   24.7944
    0.0000  -30.0000   30.000011552.5566   24.7863
    7.5000  -30.0000   30.000011101.4033   24.7693
   -7.5000  -22.5000   30.000012013.2324   24.7626
    0.0000  -22.5000   30.000012464.0488   24.7488
    7.5000  -22.5000   30.000012019.1670   24.7178
   -7.5000  -15.0000   30.000012847.7666   24.7420
    0.0000  -15.0000   30.000013244.9268   24.7322
    7.5000  -15.0000   30.000012773.0605   24.6971
   -7.5000   -7.5000   30.000013646.7041   24.7551
    0.0000   -7.5000   30.000014026.7891   24.7601
    7.5000   -7.5000   30.000013488.6533   24.7345
   -7.5000    0.0000   30.000014393.4316   24.7872
    0.0000    0.0000   30.000014840.8311   24.8017
    7.5000    0.0000   30.000014201.1787   24.7871
   -7.5000    7.5000   30.000014015.9326   24.8057
    0.0000    7.5000   30.000014502.0811   24.8112
    7.5000    7.5000   30.000013799.6240   24.8011
   -7.5000   15.0000   30.000013275.7617   24.7943
    0.0000   15.0000   30.000013746.6289   24.7862
    7.5000   15.0000   30.000013033.6348   24.7693
   -7.5000   22.5000   30.000012269.4277   24.7511
    0.0000   22.5000   30.000012674.0059   24.7374
    7.5000   22.5000   30.000012059.9824   24.7064
   -7.5000   30.0000   30.000011305.9131   24.4218
    0.0000   30.0000   30.000011657.2119   24.4121
    7.5000   30.0000   30.000011079.6338   24.3774
   -7.5000   37.5000   30.000010636.6162   24.4348
    0.0000   37.5000   30.000010984.1523   24.4397
    7.5000   37.5000   30.000010384.1191   24.4144
   -7.5000   45.0000   30.0000 9558.5293   23.8920
    0.0000   45.0000   30.0000 9900.0850   23.9060
    7.5000   45.0000   30.0000 9365.5371   23.8919
   -7.5000  -45.0000   37.5000 9288.7861   24.8097
    0.0000  -45.0000   37.5000 9743.8809   24.8397
    7.5000  -45.0000   37.5000 9275.9951   24.8138
   -7.5000  -37.5000   37.5000 9872.0781   24.8237
    0.0000  -37.5000   37.500010308.3223   24.8427
    7.5000  -37.5000   37.5000 9844.8291   24.8334
   -7.5000  -30.0000   37.500010769.3066   24.8091
    0.0000  -30.0000   37.500011273.1104   24.8171
    7.5000  -30.0000   37.500010769.6211   24.8093
   -7.5000  -22.5000   37.500011680.0664   24.7812
    0.0000  -22.5000   37.500012195.2119   24.7892
    7.5000  -22.5000   37.500011671.3135   24.7636
   -7.5000  -15.0000   37.500012504.4609   24.7642
    0.0000  -15.0000   37.500012959.3330   24.7801
    7.5000  -15.0000   37.500012401.0020   24.7408
   -7.5000   -7.5000   37.500013264.3604   24.7778
    0.0000   -7.5000   37.500013661.6982   24.8046
    7.5000   -7.5000   37.500013084.4795   24.7666
   -7.5000    0.0000   37.500013945.2764   24.8095
    0.0000    0.0000   37.500014388.9502   24.8395
    7.5000    0.0000   37.500013753.4092   24.8135
   -7.5000    7.5000   37.500013553.7012   24.8236
    0.0000    7.5000   37.500014004.9033   24.8426
    7.5000    7.5000   37.500013358.3848   24.8333
   -7.5000   15.0000   37.500012855.7764   24.8091
    0.0000   15.0000   37.500013299.2393   24.8171
    7.5000   15.0000   37.500012675.5449   24.8093
   -7.5000   22.5000   37.500011929.1201   24.7698
    0.0000   22.5000   37.500012368.9189   24.7778
    7.5000   22.5000   37.500011787.4512   24.7522
   -7.5000   30.0000   37.500010950.7256   24.4437
    0.0000   30.0000   37.500011340.5664   24.4594
    7.5000   30.0000   37.500010776.4531   24.4206
   -7.5000   37.5000   37.500010293.0215   24.4571
    0.0000   37.5000   37.500010665.3672   24.4836
    7.5000   37.5000   37.500010092.3740   24.4461
   -7.5000   45.0000   37.5000 9269.3252   23.9135
    0.0000   45.0000   37.5000 9588.4395   23.9424
    7.5000   45.0000   37.5000 9048.2949   23.9173
   -7.5000  -45.0000   45.0000 8571.5439   24.8155
    0.0000  -45.0000   45.0000 9011.1543   24.8429
    7.5000  -45.0000   45.0000 8571.2422   24.8208
   -7.5000  -37.5000   45.0000 9115.2676   24.8281
    0.0000  -37.5000   45.0000 9580.4746   24.8454
    7.5000  -37.5000   45.0000 9122.3418   24.8484
   -7.5000  -30.0000   45.0000 9965.1006   24.8105
    0.0000  -30.0000   45.000010498.7773   24.8238
    7.5000  -30.0000   45.0000 9984.7207   24.8325
   -7.5000  -22.5000   45.000010794.0156   24.7783
    0.0000  -22.5000   45.000011350.4766   24.7988
    7.5000  -22.5000   45.000010807.0615   24.7868
   -7.5000  -15.0000   45.000011545.6123   24.7592
    0.0000  -15.0000   45.000012064.9814   24.7894
    7.5000  -15.0000   45.000011498.1201   24.7582
   -7.5000   -7.5000   45.000012186.5596   24.7786
    0.0000   -7.5000   45.000012668.8096   24.8117
    7.5000   -7.5000   45.000012088.9727   24.7760
   -7.5000    0.0000   45.000012750.6357   24.8152
    0.0000    0.0000   45.000013244.3457   24.8426
    7.5000    0.0000   45.000012649.5400   24.8205
   -7.5000    7.5000   45.000012385.9434   24.8280
    0.0000    7.5000   45.000012850.8477   24.8453
    7.5000    7.5000   45.000012285.5664   24.8483
   -7.5000   15.0000   45.000011776.2705   24.8105
    0.0000   15.0000   45.000012231.8740   24.8238
    7.5000   15.0000   45.000011690.4805   24.8325
   -7.5000   22.5000   45.000010966.1973   24.7668
    0.0000   22.5000   45.000011391.9014   24.7873
    7.5000   22.5000   45.000010880.6016   24.7753
   -7.5000   30.0000   45.000010069.5791   24.4366
    0.0000   30.0000   45.000010433.5166   24.4664
    7.5000   30.0000   45.0000 9944.8193   24.4357
   -7.5000   37.5000   45.0000 9474.7363   24.4558
    0.0000   37.5000   45.0000 9826.6924   24.4884
    7.5000   37.5000   45.0000 9328.9355   24.4533
   -7.5000   45.0000   45.0000 8512.4600   23.9298
    0.0000   45.0000   45.0000 8823.1270   23.9563
    7.5000   45.0000   45.0000 8367.1377   23.9350

---------------------------------------------------------------------
imgreg_4dfp /opt/freesurfer/average/711-2C_as_mni_average_305 /opt/freesurfer/average/711-2B_as_mni_average_305_mask talsrcimg_g11 none talsrcimg_to_711-2C_as_mni_average_305_t4 4355
---------------------------------------------------------------------

freesurfer imgreg_4dfp.c
/opt/freesurfer/average/711-2C_as_mni_average_305.4dfp.img
       256       256       256         1
  1.000000  1.000000  1.000000
orientation T byte_order littleendian
Reading image: /opt/freesurfer/average/711-2C_as_mni_average_305.4dfp.img
dimensions:      256       256       256
mmppix:       1.0000   -1.0000   -1.0000
center:     128.0000 -129.0000 -129.0000
/opt/freesurfer/average/711-2B_as_mni_average_305_mask.4dfp.img
       256       256       256         1
  1.000000  1.000000  1.000000
orientation T byte_order littleendian
Reading mask: /opt/freesurfer/average/711-2B_as_mni_average_305_mask.4dfp.img (2306576 pixels)
talsrcimg_g11.4dfp.img
       256       256       256         1
  1.000000  1.000000  1.000000
orientation T byte_order littleendian
Reading image: talsrcimg_g11.4dfp.img
dimensions:      256       256       256
mmppix:       1.0000   -1.0000   -1.0000
center:     128.0000 -129.0000 -129.0000
rotation matrix determinant  1.000000
image alignment mode   4355 decimal     1103 hex
   -7.5000  -45.0000  -45.0000 1900.4077   28.1925
    0.0000  -45.0000  -45.0000 1892.4017   28.3315
    7.5000  -45.0000  -45.0000 1874.2693   28.7890
   -7.5000  -37.5000  -45.0000 1994.3429   25.7557
    0.0000  -37.5000  -45.0000 1991.1791   25.8344
    7.5000  -37.5000  -45.0000 1964.1077   26.2239
   -7.5000  -30.0000  -45.0000 2074.1174   24.0556
    0.0000  -30.0000  -45.0000 2068.3770   24.0915
    7.5000  -30.0000  -45.0000 2043.7844   24.4437
   -7.5000  -22.5000  -45.0000 2121.1250   22.8256
    0.0000  -22.5000  -45.0000 2118.5376   22.8218
    7.5000  -22.5000  -45.0000 2091.2383   23.1333
   -7.5000  -15.0000  -45.0000 2153.6460   22.0419
    0.0000  -15.0000  -45.0000 2154.4324   21.9988
    7.5000  -15.0000  -45.0000 2125.3684   22.3191
   -7.5000   -7.5000  -45.0000 2166.9580   21.8721
    0.0000   -7.5000  -45.0000 2167.8010   21.7551
    7.5000   -7.5000  -45.0000 2140.9927   22.0882
   -7.5000    0.0000  -45.0000 2163.5315   21.9906
    0.0000    0.0000  -45.0000 2162.2180   21.8832
    7.5000    0.0000  -45.0000 2138.7456   22.2677
   -7.5000    7.5000  -45.0000 2137.1907   22.6645
    0.0000    7.5000  -45.0000 2141.9124   22.5672
    7.5000    7.5000  -45.0000 2112.6714   22.9365
   -7.5000   15.0000  -45.0000 2084.4888   23.7707
    0.0000   15.0000  -45.0000 2095.3860   23.6360
    7.5000   15.0000  -45.0000 2066.4451   23.9541
   -7.5000   22.5000  -45.0000 2022.0837   25.2077
    0.0000   22.5000  -45.0000 2032.5369   25.0419
    7.5000   22.5000  -45.0000 2008.7643   25.3745
   -7.5000   30.0000  -45.0000 1945.0282   27.0891
    0.0000   30.0000  -45.0000 1951.5551   26.9929
    7.5000   30.0000  -45.0000 1927.3981   27.2944
   -7.5000   37.5000  -45.0000 1846.2906   29.5376
    0.0000   37.5000  -45.0000 1857.8160   29.4851
    7.5000   37.5000  -45.0000 1836.0135   29.9048
   -7.5000   45.0000  -45.0000 1731.9940   33.3204
    0.0000   45.0000  -45.0000 1751.6410   33.0799
    7.5000   45.0000  -45.0000 1730.4750   33.5771
   -7.5000  -45.0000  -37.5000 1992.3073   25.8484
    0.0000  -45.0000  -37.5000 1989.8148   25.9780
    7.5000  -45.0000  -37.5000 1961.3645   26.2826
   -7.5000  -37.5000  -37.5000 2095.7349   23.6208
    0.0000  -37.5000  -37.5000 2090.8918   23.7388
    7.5000  -37.5000  -37.5000 2062.8706   24.0513
   -7.5000  -30.0000  -37.5000 2182.7742   22.0487
    0.0000  -30.0000  -37.5000 2173.9502   22.0731
    7.5000  -30.0000  -37.5000 2146.6565   22.3493
   -7.5000  -22.5000  -37.5000 2229.4900   20.9601
    0.0000  -22.5000  -37.5000 2228.1548   20.9164
    7.5000  -22.5000  -37.5000 2200.6230   21.2210
   -7.5000  -15.0000  -37.5000 2253.4658   20.2705
    0.0000  -15.0000  -37.5000 2257.7258   20.2348
    7.5000  -15.0000  -37.5000 2225.2217   20.4788
   -7.5000   -7.5000  -37.5000 2258.4990   20.0900
    0.0000   -7.5000  -37.5000 2265.4958   19.9815
    7.5000   -7.5000  -37.5000 2236.7544   20.2721
   -7.5000    0.0000  -37.5000 2258.8628   20.1626
    0.0000    0.0000  -37.5000 2263.7163   20.0170
    7.5000    0.0000  -37.5000 2237.0095   20.3462
   -7.5000    7.5000  -37.5000 2240.2490   20.7666
    0.0000    7.5000  -37.5000 2249.4431   20.5723
    7.5000    7.5000  -37.5000 2219.1831   20.9029
   -7.5000   15.0000  -37.5000 2189.4507   21.6769
    0.0000   15.0000  -37.5000 2209.7756   21.5220
    7.5000   15.0000  -37.5000 2170.0283   21.8228
   -7.5000   22.5000  -37.5000 2127.6377   22.9527
    0.0000   22.5000  -37.5000 2140.1858   22.8010
    7.5000   22.5000  -37.5000 2106.6418   23.1091
   -7.5000   30.0000  -37.5000 2037.6857   24.6262
    0.0000   30.0000  -37.5000 2050.8743   24.5149
    7.5000   30.0000  -37.5000 2025.8727   24.7789
   -7.5000   37.5000  -37.5000 1932.8644   26.8557
    0.0000   37.5000  -37.5000 1948.0332   26.7598
    7.5000   37.5000  -37.5000 1925.3591   27.2326
   -7.5000   45.0000  -37.5000 1817.9269   30.3196
    0.0000   45.0000  -37.5000 1836.7804   30.1547
    7.5000   45.0000  -37.5000 1813.9653   30.5238
   -7.5000  -45.0000  -30.0000 2121.4243   24.5429
    0.0000  -45.0000  -30.0000 2123.0613   24.6070
    7.5000  -45.0000  -30.0000 2087.2756   24.8797
   -7.5000  -37.5000  -30.0000 2232.0693   22.4133
    0.0000  -37.5000  -30.0000 2231.3284   22.4274
    7.5000  -37.5000  -30.0000 2203.1416   22.7115
   -7.5000  -30.0000  -30.0000 2322.2236   20.8183
    0.0000  -30.0000  -30.0000 2318.1753   20.8886
    7.5000  -30.0000  -30.0000 2291.4744   21.1236
   -7.5000  -22.5000  -30.0000 2373.9590   19.8590
    0.0000  -22.5000  -30.0000 2374.8230   19.8739
    7.5000  -22.5000  -30.0000 2341.4089   20.0544
   -7.5000  -15.0000  -30.0000 2393.3152   19.3204
    0.0000  -15.0000  -30.0000 2400.2996   19.2545
    7.5000  -15.0000  -30.0000 2364.1978   19.4947
   -7.5000   -7.5000  -30.0000 2402.2097   19.1473
    0.0000   -7.5000  -30.0000 2414.4863   19.0461
    7.5000   -7.5000  -30.0000 2375.8247   19.2721
   -7.5000    0.0000  -30.0000 2398.9688   19.2427
    0.0000    0.0000  -30.0000 2408.3740   19.0505
    7.5000    0.0000  -30.0000 2373.6228   19.3277
   -7.5000    7.5000  -30.0000 2385.0701   19.6510
    0.0000    7.5000  -30.0000 2396.0637   19.4576
    7.5000    7.5000  -30.0000 2361.0449   19.7656
   -7.5000   15.0000  -30.0000 2340.1089   20.4893
    0.0000   15.0000  -30.0000 2356.8313   20.2985
    7.5000   15.0000  -30.0000 2318.9949   20.6004
   -7.5000   22.5000  -30.0000 2269.0808   21.7365
    0.0000   22.5000  -30.0000 2283.6770   21.5571
    7.5000   22.5000  -30.0000 2250.9963   21.8165
   -7.5000   30.0000  -30.0000 2168.2737   23.3026
    0.0000   30.0000  -30.0000 2182.6326   23.1221
    7.5000   30.0000  -30.0000 2153.2498   23.4382
   -7.5000   37.5000  -30.0000 2060.3896   25.6112
    0.0000   37.5000  -30.0000 2072.0110   25.4135
    7.5000   37.5000  -30.0000 2046.5627   25.6980
   -7.5000   45.0000  -30.0000 1931.8475   28.6592
    0.0000   45.0000  -30.0000 1946.9137   28.4389
    7.5000   45.0000  -30.0000 1922.7615   28.7195
   -7.5000  -45.0000  -22.5000 2225.5576   23.1519
    0.0000  -45.0000  -22.5000 2227.0776   23.2238
    7.5000  -45.0000  -22.5000 2192.4919   23.5111
   -7.5000  -37.5000  -22.5000 2344.4741   21.1053
    0.0000  -37.5000  -22.5000 2344.0278   21.1662
    7.5000  -37.5000  -22.5000 2313.9661   21.3903
   -7.5000  -30.0000  -22.5000 2429.7473   19.5682
    0.0000  -30.0000  -22.5000 2430.2798   19.6142
    7.5000  -30.0000  -22.5000 2400.4236   19.7770
   -7.5000  -22.5000  -22.5000 2492.1519   18.5668
    0.0000  -22.5000  -22.5000 2491.5835   18.5753
    7.5000  -22.5000  -22.5000 2456.6936   18.6797
   -7.5000  -15.0000  -22.5000 2519.3325   18.1089
    0.0000  -15.0000  -22.5000 2524.2747   18.0382
    7.5000  -15.0000  -22.5000 2488.9424   18.1957
   -7.5000   -7.5000  -22.5000 2536.6138   17.9715
    0.0000   -7.5000  -22.5000 2546.7927   17.8431
    7.5000   -7.5000  -22.5000 2507.1177   18.0078
   -7.5000    0.0000  -22.5000 2527.8140   18.1127
    0.0000    0.0000  -22.5000 2540.6584   17.9647
    7.5000    0.0000  -22.5000 2505.6064   18.1676
   -7.5000    7.5000  -22.5000 2510.9294   18.5234
    0.0000    7.5000  -22.5000 2527.9021   18.3433
    7.5000    7.5000  -22.5000 2493.2686   18.5794
   -7.5000   15.0000  -22.5000 2468.1270   19.2921
    0.0000   15.0000  -22.5000 2486.9382   19.0746
    7.5000   15.0000  -22.5000 2445.2688   19.3042
   -7.5000   22.5000  -22.5000 2391.3745   20.4701
    0.0000   22.5000  -22.5000 2409.8076   20.2687
    7.5000   22.5000  -22.5000 2370.5913   20.4624
   -7.5000   30.0000  -22.5000 2285.9502   22.0179
    0.0000   30.0000  -22.5000 2299.3123   21.7526
    7.5000   30.0000  -22.5000 2264.6736   21.9716
   -7.5000   37.5000  -22.5000 2161.7837   24.0668
    0.0000   37.5000  -22.5000 2175.0637   23.8331
    7.5000   37.5000  -22.5000 2147.9546   24.0691
   -7.5000   45.0000  -22.5000 2021.0944   26.9140
    0.0000   45.0000  -22.5000 2032.7031   26.6798
    7.5000   45.0000  -22.5000 2010.4596   26.9356
   -7.5000  -45.0000  -15.0000 2298.4980   21.8829
    0.0000  -45.0000  -15.0000 2296.3384   22.0061
    7.5000  -45.0000  -15.0000 2265.9846   22.2621
   -7.5000  -37.5000  -15.0000 2418.0476   19.8606
    0.0000  -37.5000  -15.0000 2420.2793   19.9338
    7.5000  -37.5000  -15.0000 2386.3306   20.1352
   -7.5000  -30.0000  -15.0000 2502.1592   18.3694
    0.0000  -30.0000  -15.0000 2510.1052   18.3895
    7.5000  -30.0000  -15.0000 2468.3589   18.5103
   -7.5000  -22.5000  -15.0000 2570.2004   17.3530
    0.0000  -22.5000  -15.0000 2577.1516   17.3271
    7.5000  -22.5000  -15.0000 2543.1248   17.4640
   -7.5000  -15.0000  -15.0000 2617.4199   16.9146
    0.0000  -15.0000  -15.0000 2621.6982   16.8269
    7.5000  -15.0000  -15.0000 2588.6738   16.9295
   -7.5000   -7.5000  -15.0000 2648.0156   16.7618
    0.0000   -7.5000  -15.0000 2659.3193   16.6501
    7.5000   -7.5000  -15.0000 2614.5610   16.7469
   -7.5000    0.0000  -15.0000 2642.3918   16.9669
    0.0000    0.0000  -15.0000 2659.9587   16.8555
    7.5000    0.0000  -15.0000 2620.6382   16.9714
   -7.5000    7.5000  -15.0000 2621.1292   17.4482
    0.0000    7.5000  -15.0000 2646.3289   17.2653
    7.5000    7.5000  -15.0000 2605.7622   17.4341
   -7.5000   15.0000  -15.0000 2571.0637   18.1804
    0.0000   15.0000  -15.0000 2591.9150   17.9624
    7.5000   15.0000  -15.0000 2551.5718   18.1232
   -7.5000   22.5000  -15.0000 2488.2234   19.2756
    0.0000   22.5000  -15.0000 2508.4407   19.0381
    7.5000   22.5000  -15.0000 2472.9685   19.2233
   -7.5000   30.0000  -15.0000 2375.8713   20.7326
    0.0000   30.0000  -15.0000 2392.1650   20.4942
    7.5000   30.0000  -15.0000 2366.9060   20.6857
   -7.5000   37.5000  -15.0000 2252.4158   22.6814
    0.0000   37.5000  -15.0000 2265.2380   22.4352
    7.5000   37.5000  -15.0000 2237.5818   22.6742
   -7.5000   45.0000  -15.0000 2097.5793   25.3104
    0.0000   45.0000  -15.0000 2113.8987   25.0723
    7.5000   45.0000  -15.0000 2088.4890   25.3880
   -7.5000  -45.0000   -7.5000 2342.3979   20.8796
    0.0000  -45.0000   -7.5000 2348.6328   20.9345
    7.5000  -45.0000   -7.5000 2313.0554   21.1871
   -7.5000  -37.5000   -7.5000 2458.0652   18.8639
    0.0000  -37.5000   -7.5000 2468.0818   18.8900
    7.5000  -37.5000   -7.5000 2430.4836   19.1395
   -7.5000  -30.0000   -7.5000 2554.3960   17.3505
    0.0000  -30.0000   -7.5000 2568.2861   17.3565
    7.5000  -30.0000   -7.5000 2521.5522   17.5429
   -7.5000  -22.5000   -7.5000 2639.1982   16.3113
    0.0000  -22.5000   -7.5000 2649.8298   16.3086
    7.5000  -22.5000   -7.5000 2612.7104   16.4761
   -7.5000  -15.0000   -7.5000 2695.8333   15.7878
    0.0000  -15.0000   -7.5000 2704.7498   15.7442
    7.5000  -15.0000   -7.5000 2667.3630   15.8701
   -7.5000   -7.5000   -7.5000 2741.2566   15.6035
    0.0000   -7.5000   -7.5000 2756.8535   15.5317
    7.5000   -7.5000   -7.5000 2708.5085   15.6421
   -7.5000    0.0000   -7.5000 2743.4062   15.8476
    0.0000    0.0000   -7.5000 2765.4875   15.7588
    7.5000    0.0000   -7.5000 2719.3081   15.8771
   -7.5000    7.5000   -7.5000 2721.3950   16.3781
    0.0000    7.5000   -7.5000 2751.0361   16.2262
    7.5000    7.5000   -7.5000 2704.9768   16.3612
   -7.5000   15.0000   -7.5000 2663.3848   17.1066
    0.0000   15.0000   -7.5000 2692.2686   16.9103
    7.5000   15.0000   -7.5000 2649.4604   17.0842
   -7.5000   22.5000   -7.5000 2577.9473   18.1126
    0.0000   22.5000   -7.5000 2599.9668   17.8990
    7.5000   22.5000   -7.5000 2565.3379   18.1197
   -7.5000   30.0000   -7.5000 2459.7756   19.5219
    0.0000   30.0000   -7.5000 2478.4641   19.3321
    7.5000   30.0000   -7.5000 2445.0618   19.5660
   -7.5000   37.5000   -7.5000 2319.0044   21.4327
    0.0000   37.5000   -7.5000 2342.6074   21.2114
    7.5000   37.5000   -7.5000 2312.9644   21.5327
   -7.5000   45.0000   -7.5000 2161.0105   24.0106
    0.0000   45.0000   -7.5000 2180.6252   23.7771
    7.5000   45.0000   -7.5000 2155.4641   24.1161
   -7.5000  -45.0000    0.0000 2367.7507   20.1767
    0.0000  -45.0000    0.0000 2374.1262   20.1112
    7.5000  -45.0000    0.0000 2342.0205   20.5648
   -7.5000  -37.5000    0.0000 2483.0886   18.2286
    0.0000  -37.5000    0.0000 2489.6799   18.1322
    7.5000  -37.5000    0.0000 2457.9778   18.5501
   -7.5000  -30.0000    0.0000 2591.2314   16.6887
    0.0000  -30.0000    0.0000 2601.3171   16.6006
    7.5000  -30.0000    0.0000 2565.0178   16.9137
   -7.5000  -22.5000    0.0000 2694.4109   15.6484
    0.0000  -22.5000    0.0000 2705.2661   15.5690
    7.5000  -22.5000    0.0000 2668.6851   15.7914
   -7.5000  -15.0000    0.0000 2763.9526   15.0153
    0.0000  -15.0000    0.0000 2778.7136   14.9429
    7.5000  -15.0000    0.0000 2736.6125   15.1280
   -7.5000   -7.5000    0.0000 2816.7939   14.7323
    0.0000   -7.5000    0.0000 2842.1226   14.6802
    7.5000   -7.5000    0.0000 2784.6172   14.8802
   -7.5000    0.0000    0.0000 2829.9739   14.9858
    0.0000    0.0000    0.0000 2862.0325   14.8490
    7.5000    0.0000    0.0000 2803.2148   15.0766
   -7.5000    7.5000    0.0000 2806.9856   15.4894
    0.0000    7.5000    0.0000 2845.4761   15.3422
    7.5000    7.5000    0.0000 2793.9106   15.5702
   -7.5000   15.0000    0.0000 2741.0547   16.1866
    0.0000   15.0000    0.0000 2774.4265   16.0158
    7.5000   15.0000    0.0000 2733.0781   16.2848
   -7.5000   22.5000    0.0000 2640.5764   17.1951
    0.0000   22.5000    0.0000 2671.0603   16.9944
    7.5000   22.5000    0.0000 2635.4297   17.3066
   -7.5000   30.0000    0.0000 2511.0554   18.6268
    0.0000   30.0000    0.0000 2534.7251   18.4386
    7.5000   30.0000    0.0000 2500.7375   18.7711
   -7.5000   37.5000    0.0000 2370.9153   20.5353
    0.0000   37.5000    0.0000 2395.9656   20.3758
    7.5000   37.5000    0.0000 2361.9526   20.7463
   -7.5000   45.0000    0.0000 2210.3569   23.0576
    0.0000   45.0000    0.0000 2235.7908   22.8647
    7.5000   45.0000    0.0000 2211.3562   23.3048
   -7.5000  -45.0000    7.5000 2378.9189   19.7724
    0.0000  -45.0000    7.5000 2379.1306   19.5427
    7.5000  -45.0000    7.5000 2355.4648   20.0631
   -7.5000  -37.5000    7.5000 2500.3967   17.8187
    0.0000  -37.5000    7.5000 2500.3650   17.5463
    7.5000  -37.5000    7.5000 2475.2922   18.0711
   -7.5000  -30.0000    7.5000 2613.7471   16.2608
    0.0000  -30.0000    7.5000 2615.9663   16.0460
    7.5000  -30.0000    7.5000 2588.8132   16.4545
   -7.5000  -22.5000    7.5000 2730.6606   15.1986
    0.0000  -22.5000    7.5000 2738.6436   14.9726
    7.5000  -22.5000    7.5000 2709.7793   15.3136
   -7.5000  -15.0000    7.5000 2819.5295   14.5325
    0.0000  -15.0000    7.5000 2836.2129   14.3681
    7.5000  -15.0000    7.5000 2795.8701   14.6019
   -7.5000   -7.5000    7.5000 2887.5483   14.1751
    0.0000   -7.5000    7.5000 2924.5352   14.0860
    7.5000   -7.5000    7.5000 2860.4431   14.3337
   -7.5000    0.0000    7.5000 2906.6099   14.3103
    0.0000    0.0000    7.5000 2953.4041   14.2023
    7.5000    0.0000    7.5000 2884.3293   14.5150
   -7.5000    7.5000    7.5000 2872.0327   14.8182
    0.0000    7.5000    7.5000 2919.4312   14.6748
    7.5000    7.5000    7.5000 2864.5681   15.0088
   -7.5000   15.0000    7.5000 2790.4062   15.5673
    0.0000   15.0000    7.5000 2833.3931   15.4073
    7.5000   15.0000    7.5000 2788.0437   15.7369
   -7.5000   22.5000    7.5000 2676.8674   16.6043
    0.0000   22.5000    7.5000 2717.6060   16.4619
    7.5000   22.5000    7.5000 2678.9150   16.7681
   -7.5000   30.0000    7.5000 2541.9375   18.0683
    0.0000   30.0000    7.5000 2573.9951   17.9308
    7.5000   30.0000    7.5000 2537.6868   18.2619
   -7.5000   37.5000    7.5000 2402.8269   20.0442
    0.0000   37.5000    7.5000 2423.6348   19.9230
    7.5000   37.5000    7.5000 2392.9685   20.2486
   -7.5000   45.0000    7.5000 2237.8247   22.4843
    0.0000   45.0000    7.5000 2263.2964   22.3699
    7.5000   45.0000    7.5000 2241.1965   22.7404
   -7.5000  -45.0000   15.0000 2370.1543   19.5714
    0.0000  -45.0000   15.0000 2373.0315   19.1807
    7.5000  -45.0000   15.0000 2351.8127   19.7755
   -7.5000  -37.5000   15.0000 2497.0469   17.6218
    0.0000  -37.5000   15.0000 2496.5220   17.2165
    7.5000  -37.5000   15.0000 2472.8545   17.7532
   -7.5000  -30.0000   15.0000 2621.2085   16.0979
    0.0000  -30.0000   15.0000 2621.5063   15.6949
    7.5000  -30.0000   15.0000 2594.1819   16.1661
   -7.5000  -22.5000   15.0000 2735.1721   14.9431
    0.0000  -22.5000   15.0000 2748.0422   14.5834
    7.5000  -22.5000   15.0000 2719.8396   14.9979
   -7.5000  -15.0000   15.0000 2836.2480   14.2561
    0.0000  -15.0000   15.0000 2860.4854   13.9555
    7.5000  -15.0000   15.0000 2820.3584   14.2830
   -7.5000   -7.5000   15.0000 2920.3948   13.9196
    0.0000   -7.5000   15.0000 2972.5234   13.6894
    7.5000   -7.5000   15.0000 2905.2168   13.9833
   -7.5000    0.0000   15.0000 2945.8425   13.9588
    0.0000    0.0000   15.0000 3013.7349   13.7217
    7.5000    0.0000   15.0000 2937.0801   14.1099
   -7.5000    7.5000   15.0000 2895.7380   14.4850
    0.0000    7.5000   15.0000 2953.7351   14.2954
    7.5000    7.5000   15.0000 2896.3523   14.6464
   -7.5000   15.0000   15.0000 2799.8892   15.2764
    0.0000   15.0000   15.0000 2847.5063   15.1038
    7.5000   15.0000   15.0000 2807.7339   15.4391
   -7.5000   22.5000   15.0000 2681.4626   16.3542
    0.0000   22.5000   15.0000 2716.5061   16.2099
    7.5000   22.5000   15.0000 2692.2302   16.4909
   -7.5000   30.0000   15.0000 2549.6670   17.9048
    0.0000   30.0000   15.0000 2574.8198   17.7014
    7.5000   30.0000   15.0000 2548.8752   18.0187
   -7.5000   37.5000   15.0000 2406.4731   19.8830
    0.0000   37.5000   15.0000 2426.8762   19.6402
    7.5000   37.5000   15.0000 2405.6794   20.0074
   -7.5000   45.0000   15.0000 2243.8210   22.3333
    0.0000   45.0000   15.0000 2261.8169   22.0316
    7.5000   45.0000   15.0000 2243.9551   22.4064
   -7.5000  -45.0000   22.5000 2352.5916   19.6276
    0.0000  -45.0000   22.5000 2364.9407   19.1918
    7.5000  -45.0000   22.5000 2333.2332   19.7428
   -7.5000  -37.5000   22.5000 2477.3364   17.6346
    0.0000  -37.5000   22.5000 2482.3696   17.1916
    7.5000  -37.5000   22.5000 2454.2407   17.6958
   -7.5000  -30.0000   22.5000 2603.2744   16.1010
    0.0000  -30.0000   22.5000 2613.5149   15.6674
    7.5000  -30.0000   22.5000 2584.4988   16.1301
   -7.5000  -22.5000   22.5000 2722.0215   14.9761
    0.0000  -22.5000   22.5000 2743.6084   14.5567
    7.5000  -22.5000   22.5000 2710.6526   14.9620
   -7.5000  -15.0000   22.5000 2820.8171   14.2656
    0.0000  -15.0000   22.5000 2845.5251   13.9330
    7.5000  -15.0000   22.5000 2816.2375   14.2800
   -7.5000   -7.5000   22.5000 2904.2695   13.9939
    0.0000   -7.5000   22.5000 2958.2874   13.6458
    7.5000   -7.5000   22.5000 2903.7004   13.9916
   -7.5000    0.0000   22.5000 2934.5503   14.1626
    0.0000    0.0000   22.5000 2998.6748   13.8335
    7.5000    0.0000   22.5000 2935.4573   14.1132
   -7.5000    7.5000   22.5000 2884.9670   14.6445
    0.0000    7.5000   22.5000 2940.6201   14.3740
    7.5000    7.5000   22.5000 2891.0916   14.6427
   -7.5000   15.0000   22.5000 2787.9585   15.4252
    0.0000   15.0000   22.5000 2830.2834   15.1763
    7.5000   15.0000   22.5000 2796.7183   15.4745
   -7.5000   22.5000   22.5000 2663.9050   16.5107
    0.0000   22.5000   22.5000 2696.2722   16.2954
    7.5000   22.5000   22.5000 2677.7241   16.5722
   -7.5000   30.0000   22.5000 2532.6125   18.0336
    0.0000   30.0000   22.5000 2552.0349   17.7991
    7.5000   30.0000   22.5000 2541.2463   18.0603
   -7.5000   37.5000   22.5000 2390.6470   19.9256
    0.0000   37.5000   22.5000 2411.5173   19.7465
    7.5000   37.5000   22.5000 2394.1587   19.9831
   -7.5000   45.0000   22.5000 2220.9333   22.3033
    0.0000   45.0000   22.5000 2243.8865   22.1148
    7.5000   45.0000   22.5000 2233.4912   22.3567
   -7.5000  -45.0000   30.0000 2321.5576   19.9966
    0.0000  -45.0000   30.0000 2346.9470   19.5992
    7.5000  -45.0000   30.0000 2310.9324   20.0342
   -7.5000  -37.5000   30.0000 2438.5115   17.9670
    0.0000  -37.5000   30.0000 2458.3210   17.5612
    7.5000  -37.5000   30.0000 2427.0989   18.0062
   -7.5000  -30.0000   30.0000 2556.8096   16.4265
    0.0000  -30.0000   30.0000 2580.9319   16.0281
    7.5000  -30.0000   30.0000 2557.1506   16.4584
   -7.5000  -22.5000   30.0000 2669.0688   15.3798
    0.0000  -22.5000   30.0000 2693.8000   14.9380
    7.5000  -22.5000   30.0000 2677.7925   15.3359
   -7.5000  -15.0000   30.0000 2765.6079   14.7021
    0.0000  -15.0000   30.0000 2791.6462   14.3008
    7.5000  -15.0000   30.0000 2778.8389   14.6814
   -7.5000   -7.5000   30.0000 2840.8569   14.4540
    0.0000   -7.5000   30.0000 2885.4307   14.0701
    7.5000   -7.5000   30.0000 2855.6553   14.3765
   -7.5000    0.0000   30.0000 2868.3948   14.5503
    0.0000    0.0000   30.0000 2918.5715   14.2492
    7.5000    0.0000   30.0000 2884.8071   14.5017
   -7.5000    7.5000   30.0000 2821.6167   15.0421
    0.0000    7.5000   30.0000 2879.9697   14.8048
    7.5000    7.5000   30.0000 2842.0562   15.0243
   -7.5000   15.0000   30.0000 2736.6287   15.8769
    0.0000   15.0000   30.0000 2787.9600   15.6722
    7.5000   15.0000   30.0000 2752.7900   15.8484
   -7.5000   22.5000   30.0000 2611.9395   17.0524
    0.0000   22.5000   30.0000 2647.9285   16.8538
    7.5000   22.5000   30.0000 2631.6863   16.9949
   -7.5000   30.0000   30.0000 2488.4856   18.5388
    0.0000   30.0000   30.0000 2513.7957   18.3139
    7.5000   30.0000   30.0000 2505.2520   18.4625
   -7.5000   37.5000   30.0000 2350.2607   20.3517
    0.0000   37.5000   30.0000 2377.0688   20.1349
    7.5000   37.5000   30.0000 2364.7820   20.3117
   -7.5000   45.0000   30.0000 2184.5452   22.6658
    0.0000   45.0000   30.0000 2214.9573   22.4255
    7.5000   45.0000   30.0000 2200.7668   22.6679
   -7.5000  -45.0000   37.5000 2281.3958   20.7500
    0.0000  -45.0000   37.5000 2312.6147   20.3521
    7.5000  -45.0000   37.5000 2281.0640   20.7402
   -7.5000  -37.5000   37.5000 2396.7236   18.7475
    0.0000  -37.5000   37.5000 2427.0439   18.3481
    7.5000  -37.5000   37.5000 2398.9348   18.6946
   -7.5000  -30.0000   37.5000 2499.9595   17.2422
    0.0000  -30.0000   37.5000 2540.5945   16.8408
    7.5000  -30.0000   37.5000 2517.1641   17.1597
   -7.5000  -22.5000   37.5000 2602.6091   16.1550
    0.0000  -22.5000   37.5000 2641.3201   15.7529
    7.5000  -22.5000   37.5000 2628.6714   16.0846
   -7.5000  -15.0000   37.5000 2689.0437   15.5242
    0.0000  -15.0000   37.5000 2727.8499   15.0836
    7.5000  -15.0000   37.5000 2716.5283   15.3816
   -7.5000   -7.5000   37.5000 2755.0051   15.2302
    0.0000   -7.5000   37.5000 2795.9902   14.8232
    7.5000   -7.5000   37.5000 2776.1038   15.0680
   -7.5000    0.0000   37.5000 2775.9756   15.2877
    0.0000    0.0000   37.5000 2818.9492   15.0036
    7.5000    0.0000   37.5000 2799.6677   15.1897
   -7.5000    7.5000   37.5000 2738.3066   15.7681
    0.0000    7.5000   37.5000 2779.9092   15.5086
    7.5000    7.5000   37.5000 2762.2061   15.7105
   -7.5000   15.0000   37.5000 2660.3337   16.5937
    0.0000   15.0000   37.5000 2704.6348   16.3131
    7.5000   15.0000   37.5000 2681.9353   16.5295
   -7.5000   22.5000   37.5000 2551.0269   17.7968
    0.0000   22.5000   37.5000 2588.2957   17.5141
    7.5000   22.5000   37.5000 2572.8865   17.7177
   -7.5000   30.0000   37.5000 2428.0298   19.2922
    0.0000   30.0000   37.5000 2459.1917   19.0264
    7.5000   30.0000   37.5000 2449.2944   19.1815
   -7.5000   37.5000   37.5000 2295.8179   21.0758
    0.0000   37.5000   37.5000 2326.1384   20.8127
    7.5000   37.5000   37.5000 2316.3293   20.9463
   -7.5000   45.0000   37.5000 2143.7285   23.3377
    0.0000   45.0000   37.5000 2169.0254   23.0251
    7.5000   45.0000   37.5000 2158.2732   23.2241
   -7.5000  -45.0000   45.0000 2229.7192   21.9253
    0.0000  -45.0000   45.0000 2262.5056   21.5053
    7.5000  -45.0000   45.0000 2239.4746   21.7699
   -7.5000  -37.5000   45.0000 2339.3384   19.9104
    0.0000  -37.5000   45.0000 2379.3376   19.5281
    7.5000  -37.5000   45.0000 2355.7390   19.7605
   -7.5000  -30.0000   45.0000 2433.9104   18.3359
    0.0000  -30.0000   45.0000 2486.5178   17.9933
    7.5000  -30.0000   45.0000 2464.8174   18.2258
   -7.5000  -22.5000   45.0000 2529.9395   17.1634
    0.0000  -22.5000   45.0000 2586.8496   16.8434
    7.5000  -22.5000   45.0000 2566.4692   17.0344
   -7.5000  -15.0000   45.0000 2606.1641   16.4792
    0.0000  -15.0000   45.0000 2659.2087   16.1259
    7.5000  -15.0000   45.0000 2642.4919   16.3063
   -7.5000   -7.5000   45.0000 2658.8779   16.1438
    0.0000   -7.5000   45.0000 2705.5833   15.8083
    7.5000   -7.5000   45.0000 2689.4529   15.9942
   -7.5000    0.0000   45.0000 2670.8059   16.2001
    0.0000    0.0000   45.0000 2711.7251   15.9328
    7.5000    0.0000   45.0000 2698.1821   16.1084
   -7.5000    7.5000   45.0000 2632.0334   16.6998
    0.0000    7.5000   45.0000 2670.5466   16.4310
    7.5000    7.5000   45.0000 2660.6890   16.6094
   -7.5000   15.0000   45.0000 2561.1284   17.5249
    0.0000   15.0000   45.0000 2606.3826   17.2488
    7.5000   15.0000   45.0000 2589.8838   17.4032
   -7.5000   22.5000   45.0000 2470.2649   18.6906
    0.0000   22.5000   45.0000 2509.4033   18.3773
    7.5000   22.5000   45.0000 2495.1157   18.5557
   -7.5000   30.0000   45.0000 2360.9329   20.1684
    0.0000   30.0000   45.0000 2389.2427   19.9263
    7.5000   30.0000   45.0000 2381.0083   20.0550
   -7.5000   37.5000   45.0000 2236.7058   21.9967
    0.0000   37.5000   45.0000 2264.6313   21.7582
    7.5000   37.5000   45.0000 2257.7039   21.8726
   -7.5000   45.0000   45.0000 2089.9851   24.3005
    0.0000   45.0000   45.0000 2110.3889   24.0141
    7.5000   45.0000   45.0000 2106.0994   24.1834

---------------------------------------------------------------------
imgreg_4dfp /opt/freesurfer/average/711-2C_as_mni_average_305 /opt/freesurfer/average/711-2B_as_mni_average_305_mask talsrcimg_g11 none talsrcimg_to_711-2C_as_mni_average_305_t4 1283
---------------------------------------------------------------------

freesurfer imgreg_4dfp.c
/opt/freesurfer/average/711-2C_as_mni_average_305.4dfp.img
       256       256       256         1
  1.000000  1.000000  1.000000
orientation T byte_order littleendian
Reading image: /opt/freesurfer/average/711-2C_as_mni_average_305.4dfp.img
dimensions:      256       256       256
mmppix:       1.0000   -1.0000   -1.0000
center:     128.0000 -129.0000 -129.0000
/opt/freesurfer/average/711-2B_as_mni_average_305_mask.4dfp.img
       256       256       256         1
  1.000000  1.000000  1.000000
orientation T byte_order littleendian
Reading mask: /opt/freesurfer/average/711-2B_as_mni_average_305_mask.4dfp.img (2306576 pixels)
talsrcimg_g11.4dfp.img
       256       256       256         1
  1.000000  1.000000  1.000000
orientation T byte_order littleendian
Reading image: talsrcimg_g11.4dfp.img
dimensions:      256       256       256
mmppix:       1.0000   -1.0000   -1.0000
center:     128.0000 -129.0000 -129.0000
rotation matrix determinant  1.000000
fimgreg.f
image alignment mode   1283 decimal      503 hex
parameters
    0.0000    0.0000   15.0000    0.0000    0.0000    0.0000
eta,q 0.94478 13.71957
niter,ni,del,rscale     5    3   12.0000    1.2000
parameter  4  1.295789 ->  0.500000 qaram    1.1500
parameters
   -0.1728   -1.1139   17.8367   -3.4500   -1.5690   -0.3107
eta,q 0.95097 13.36467
  0.0700  0.0598  0.0666  0.0490  0.0537  0.0539
  0.0619  0.0576  0.0629  0.0493  0.0508  0.0510
  0.0575  0.0561  0.0599  0.0501  0.0492  0.0492
  0.0557  0.0555  0.0555  0.0542  0.0494  0.0490
  0.0583  0.0558  0.0542  0.0580  0.0520  0.0493
  0.0635  0.0603  0.0548  0.0625  0.0569  0.0515
  0.0713  0.0684  0.0570  0.0657  0.0629  0.0555
niter,ni,del,rscale     5    3   12.0000    1.2000
parameter  4  0.846854 ->  0.500000 qaram    1.3225
parameters
    0.1060    0.2246   16.6387   -7.4175   -1.9871   -0.3044
eta,q 0.95556 13.46960
  0.0668  0.0663  0.0550  0.0450  0.0520  0.0507
  0.0566  0.0567  0.0507  0.0443  0.0473  0.0465
  0.0508  0.0513  0.0479  0.0461  0.0445  0.0443
  0.0490  0.0490  0.0479  0.0476  0.0446  0.0444
  0.0499  0.0476  0.0505  0.0506  0.0463  0.0449
  0.0549  0.0495  0.0570  0.0547  0.0492  0.0467
  0.0635  0.0552  0.0653  0.0591  0.0538  0.0503
niter,ni,del,rscale     5    3   12.0000    1.2000
parameters
    0.2216    2.0502   15.4692   -8.8565   -2.2598   -0.2499
eta,q 0.95947 13.56071
  0.0635  0.0654  0.0512  0.0508  0.0488  0.0475
  0.0530  0.0556  0.0461  0.0426  0.0443  0.0432
  0.0460  0.0477  0.0429  0.0397  0.0414  0.0412
  0.0444  0.0445  0.0430  0.0425  0.0406  0.0405
  0.0468  0.0429  0.0467  0.0466  0.0424  0.0406
  0.0526  0.0440  0.0532  0.0508  0.0454  0.0429
  0.0613  0.0495  0.0607  0.0552  0.0502  0.0476
niter,ni,del,rscale     4    3   12.0000    1.2000
parameters
    0.3278    2.4089   15.1651   -9.2855   -2.4115   -0.1608
eta,q 0.96009 13.57567
  0.0630  0.0602  0.0521  0.0531  0.0486  0.0473
  0.0509  0.0493  0.0469  0.0458  0.0439  0.0430
  0.0425  0.0432  0.0424  0.0397  0.0409  0.0408
  0.0405  0.0406  0.0404  0.0404  0.0399  0.0399
  0.0440  0.0414  0.0429  0.0444  0.0415  0.0400
  0.0509  0.0475  0.0482  0.0492  0.0446  0.0424
  0.0602  0.0556  0.0551  0.0536  0.0493  0.0473
niter,ni,del,rscale     3    3   12.0000    1.2000
parameters
    0.3956    2.5512   15.0976   -9.4971   -2.4789   -0.1388
eta,q 0.96027 13.58008
  0.0627  0.0593  0.0526  0.0535  0.0486  0.0471
  0.0502  0.0484  0.0471  0.0468  0.0439  0.0428
  0.0419  0.0425  0.0424  0.0400  0.0408  0.0406
  0.0399  0.0400  0.0399  0.0399  0.0397  0.0397
  0.0435  0.0417  0.0420  0.0437  0.0411  0.0399
  0.0508  0.0486  0.0471  0.0485  0.0441  0.0425
  0.0604  0.0568  0.0536  0.0534  0.0489  0.0474
niter,ni,del,rscale     2    3   12.0000    1.2000
parameters
    0.4239    2.6249   15.0716   -9.6076   -2.5059   -0.1302
eta,q 0.96035 13.58172
  0.0625  0.0590  0.0526  0.0537  0.0486  0.0471
  0.0498  0.0482  0.0471  0.0473  0.0439  0.0428
  0.0416  0.0422  0.0424  0.0402  0.0407  0.0405
  0.0397  0.0397  0.0397  0.0397  0.0397  0.0397
  0.0434  0.0419  0.0418  0.0433  0.0409  0.0399
  0.0508  0.0490  0.0469  0.0482  0.0439  0.0426
  0.0606  0.0572  0.0533  0.0533  0.0487  0.0474
niter,ni,del,rscale     1    3   12.0000    1.2000
parameters
    0.4353    2.6651   15.0577   -9.6652   -2.5173   -0.1248
eta,q 0.96039 13.58260
  0.0623  0.0589  0.0526  0.0538  0.0486  0.0471
  0.0496  0.0481  0.0470  0.0476  0.0439  0.0428
  0.0415  0.0420  0.0423  0.0403  0.0407  0.0405
  0.0397  0.0397  0.0396  0.0396  0.0396  0.0396
  0.0433  0.0420  0.0417  0.0431  0.0408  0.0399
  0.0509  0.0492  0.0468  0.0480  0.0438  0.0426
  0.0607  0.0574  0.0531  0.0532  0.0486  0.0474
registration optimization eta report
parameter search radius
    6.0000    6.0000    6.0000    7.9350    6.0000    6.0000
100000*second partial in parameter space
       60.       51.       35.       21.       25.       22.
  0.0623  0.0589  0.0526  0.0538  0.0486  0.0471
  0.0496  0.0481  0.0470  0.0476  0.0439  0.0428
  0.0415  0.0420  0.0423  0.0403  0.0407  0.0405
  0.0397  0.0397  0.0396  0.0396  0.0396  0.0396
  0.0433  0.0420  0.0417  0.0431  0.0408  0.0399
  0.0509  0.0492  0.0468  0.0480  0.0438  0.0426
  0.0607  0.0574  0.0531  0.0532  0.0486  0.0474
    0.4353    2.6651   15.0577   -9.6652   -2.5173   -0.1248
eta,q 0.96039 13.58260

---------------------------------------------------------------------
imgreg_4dfp /opt/freesurfer/average/711-2C_as_mni_average_305 /opt/freesurfer/average/711-2B_as_mni_average_305_mask talsrcimg_g11 none talsrcimg_to_711-2C_as_mni_average_305_t4 3335
---------------------------------------------------------------------

freesurfer imgreg_4dfp.c
/opt/freesurfer/average/711-2C_as_mni_average_305.4dfp.img
       256       256       256         1
  1.000000  1.000000  1.000000
orientation T byte_order littleendian
Reading image: /opt/freesurfer/average/711-2C_as_mni_average_305.4dfp.img
dimensions:      256       256       256
mmppix:       1.0000   -1.0000   -1.0000
center:     128.0000 -129.0000 -129.0000
/opt/freesurfer/average/711-2B_as_mni_average_305_mask.4dfp.img
       256       256       256         1
  1.000000  1.000000  1.000000
orientation T byte_order littleendian
Reading mask: /opt/freesurfer/average/711-2B_as_mni_average_305_mask.4dfp.img (2306576 pixels)
talsrcimg_g11.4dfp.img
       256       256       256         1
  1.000000  1.000000  1.000000
orientation T byte_order littleendian
Reading image: talsrcimg_g11.4dfp.img
dimensions:      256       256       256
mmppix:       1.0000   -1.0000   -1.0000
center:     128.0000 -129.0000 -129.0000
fimgreg.f
image alignment mode   3335 decimal      D07 hex
parameters
    0.4353    2.6651   15.0577   -0.0967   -1.4181   -1.5146
   -0.5226    4.3663   -0.2176   16.7796   -4.3920  -16.7728
eta,q 0.95788 13.73201
niter,ni,del,rscale     5    3    5.0000    1.2000
parameter  4  0.850019 ->  0.500000 qaram    1.1500
parameter  5  2.418877 ->  0.500000 qaram    1.1500
parameter  6  0.668951 ->  0.500000 qaram    1.1500
parameter 11 -1.101708 -> -0.500000 qaram    1.1500
parameters
    0.4374    2.5954   15.1135   -4.2367   -5.5581   -5.6546
    1.4074    5.4072    1.7988   13.4380   -0.2520  -20.0739
eta,q 0.97082 13.13147
  0.0459  0.0440  0.0444  0.0392  0.0324  0.0329  0.0365  0.0385  0.0359  0.0324  0.0352  0.0299
  0.0438  0.0429  0.0432  0.0394  0.0341  0.0324  0.0347  0.0356  0.0342  0.0312  0.0335  0.0293
  0.0426  0.0423  0.0424  0.0403  0.0365  0.0328  0.0333  0.0333  0.0329  0.0310  0.0321  0.0292
  0.0421  0.0421  0.0421  0.0421  0.0395  0.0346  0.0324  0.0322  0.0320  0.0318  0.0309  0.0296
  0.0425  0.0423  0.0423  0.0449  0.0425  0.0377  0.0322  0.0322  0.0318  0.0337  0.0300  0.0304
  0.0438  0.0430  0.0430  0.0487  0.0458  0.0420  0.0326  0.0334  0.0322  0.0361  0.0295  0.0315
  0.0459  0.0444  0.0442  0.0533  0.0501  0.0472  0.0337  0.0358  0.0332  0.0387  0.0293  0.0326
niter,ni,del,rscale     7    3    5.0000    1.2000
parameter  5  0.655846 ->  0.500000 qaram    1.3225
parameters
    0.1685    2.5733   14.8976   -5.7319  -10.3191   -6.1426
    1.2121    4.5310    1.4414   15.2185    2.8482  -20.8630
eta,q 0.97373 12.91723
  0.0324  0.0325  0.0312  0.0320  0.0278  0.0322  0.0303  0.0313  0.0294  0.0331  0.0302  0.0279
  0.0303  0.0307  0.0300  0.0303  0.0270  0.0302  0.0286  0.0289  0.0281  0.0306  0.0286  0.0269
  0.0293  0.0295  0.0293  0.0292  0.0274  0.0282  0.0274  0.0273  0.0273  0.0285  0.0274  0.0264
  0.0292  0.0291  0.0291  0.0291  0.0290  0.0270  0.0271  0.0271  0.0270  0.0270  0.0266  0.0263
  0.0300  0.0295  0.0295  0.0301  0.0317  0.0274  0.0276  0.0282  0.0274  0.0267  0.0263  0.0267
  0.0316  0.0307  0.0306  0.0322  0.0355  0.0303  0.0288  0.0307  0.0285  0.0275  0.0265  0.0276
  0.0341  0.0327  0.0322  0.0356  0.0395  0.0347  0.0307  0.0340  0.0300  0.0294  0.0272  0.0287
niter,ni,del,rscale     7    3    5.0000    1.2000
parameters
    0.0837    2.6712   14.7609   -4.6098  -11.5642   -6.1878
    1.4379    4.1686    0.9833   15.7823    3.5619  -21.1135
eta,q 0.97402 12.91419
  0.0303  0.0304  0.0285  0.0312  0.0307  0.0318  0.0298  0.0312  0.0284  0.0310  0.0284  0.0278
  0.0280  0.0281  0.0272  0.0290  0.0284  0.0296  0.0279  0.0285  0.0270  0.0287  0.0272  0.0268
  0.0266  0.0267  0.0265  0.0273  0.0265  0.0276  0.0266  0.0266  0.0262  0.0270  0.0264  0.0262
  0.0263  0.0263  0.0263  0.0263  0.0261  0.0261  0.0261  0.0261  0.0261  0.0260  0.0260  0.0260
  0.0269  0.0267  0.0267  0.0262  0.0274  0.0261  0.0264  0.0269  0.0265  0.0262  0.0262  0.0263
  0.0284  0.0279  0.0276  0.0272  0.0302  0.0287  0.0275  0.0292  0.0275  0.0276  0.0267  0.0270
  0.0309  0.0296  0.0291  0.0294  0.0344  0.0331  0.0294  0.0325  0.0290  0.0299  0.0277  0.0281
niter,ni,del,rscale     6    3    5.0000    1.2000
parameters
    0.0116    2.8492   14.6636   -4.3497  -11.8970   -6.3419
    1.6031    4.0421    0.7182   16.1079    3.8903  -21.2190
eta,q 0.97402 12.91091
  0.0301  0.0302  0.0283  0.0303  0.0315  0.0316  0.0297  0.0315  0.0284  0.0306  0.0282  0.0278
  0.0278  0.0280  0.0270  0.0283  0.0290  0.0294  0.0278  0.0287  0.0270  0.0285  0.0271  0.0268
  0.0264  0.0265  0.0262  0.0268  0.0269  0.0274  0.0265  0.0267  0.0262  0.0269  0.0263  0.0263
  0.0260  0.0260  0.0260  0.0260  0.0259  0.0260  0.0260  0.0260  0.0260  0.0260  0.0260  0.0260
  0.0266  0.0263  0.0263  0.0262  0.0267  0.0261  0.0264  0.0267  0.0264  0.0263  0.0262  0.0262
  0.0281  0.0273  0.0273  0.0276  0.0290  0.0288  0.0275  0.0288  0.0273  0.0277  0.0268  0.0269
  0.0306  0.0290  0.0286  0.0301  0.0329  0.0332  0.0294  0.0321  0.0287  0.0301  0.0278  0.0279
niter,ni,del,rscale     5    3    5.0000    1.2000
parameters
   -0.0177    2.9461   14.5854   -4.2282  -12.0304   -6.4654
    1.6994    3.9895    0.5765   16.2906    4.0617  -21.2696
eta,q 0.97400 12.90896
  0.0302  0.0298  0.0283  0.0302  0.0316  0.0316  0.0296  0.0316  0.0285  0.0304  0.0281  0.0278
  0.0279  0.0278  0.0270  0.0282  0.0291  0.0294  0.0277  0.0288  0.0270  0.0283  0.0270  0.0269
  0.0264  0.0264  0.0262  0.0267  0.0270  0.0274  0.0265  0.0268  0.0262  0.0268  0.0262  0.0263
  0.0260  0.0260  0.0260  0.0260  0.0260  0.0260  0.0260  0.0260  0.0260  0.0260  0.0260  0.0260
  0.0265  0.0263  0.0263  0.0263  0.0266  0.0261  0.0264  0.0267  0.0263  0.0264  0.0263  0.0262
  0.0280  0.0275  0.0272  0.0277  0.0288  0.0287  0.0276  0.0287  0.0273  0.0278  0.0269  0.0269
  0.0304  0.0292  0.0286  0.0303  0.0325  0.0331  0.0295  0.0319  0.0286  0.0302  0.0279  0.0279
niter,ni,del,rscale     4    3    5.0000    1.2000
parameters
   -0.0322    3.0022   14.5336   -4.1665  -12.0953   -6.5472
    1.7470    3.9657    0.5018   16.3945    4.1653  -21.3022
eta,q 0.97397 12.90767
  0.0303  0.0297  0.0283  0.0302  0.0317  0.0316  0.0296  0.0316  0.0285  0.0303  0.0281  0.0278
  0.0279  0.0277  0.0270  0.0282  0.0292  0.0295  0.0277  0.0289  0.0271  0.0283  0.0270  0.0269
  0.0265  0.0264  0.0263  0.0267  0.0271  0.0274  0.0265  0.0268  0.0263  0.0268  0.0263  0.0263
  0.0260  0.0260  0.0260  0.0260  0.0260  0.0260  0.0260  0.0260  0.0260  0.0260  0.0260  0.0260
  0.0265  0.0264  0.0263  0.0263  0.0266  0.0261  0.0264  0.0267  0.0264  0.0264  0.0263  0.0262
  0.0280  0.0275  0.0272  0.0278  0.0287  0.0286  0.0276  0.0287  0.0272  0.0279  0.0269  0.0269
  0.0304  0.0293  0.0285  0.0305  0.0324  0.0330  0.0295  0.0319  0.0285  0.0303  0.0279  0.0279
niter,ni,del,rscale     3    3    5.0000    1.2000
parameters
   -0.0395    3.0351   14.4999   -4.1286  -12.1348   -6.6001
    1.7727    3.9513    0.4539   16.4566    4.2258  -21.3161
eta,q 0.97395 12.90667
  0.0303  0.0296  0.0283  0.0302  0.0317  0.0316  0.0296  0.0317  0.0285  0.0303  0.0280  0.0278
  0.0280  0.0276  0.0271  0.0282  0.0292  0.0295  0.0277  0.0289  0.0271  0.0282  0.0270  0.0269
  0.0265  0.0264  0.0263  0.0268  0.0271  0.0274  0.0265  0.0268  0.0263  0.0268  0.0263  0.0263
  0.0260  0.0260  0.0260  0.0260  0.0260  0.0260  0.0261  0.0261  0.0261  0.0261  0.0260  0.0260
  0.0265  0.0264  0.0263  0.0264  0.0266  0.0261  0.0265  0.0267  0.0264  0.0264  0.0263  0.0263
  0.0280  0.0276  0.0272  0.0278  0.0287  0.0286  0.0277  0.0287  0.0272  0.0279  0.0269  0.0269
  0.0304  0.0294  0.0285  0.0305  0.0324  0.0329  0.0295  0.0319  0.0285  0.0304  0.0280  0.0279
niter,ni,del,rscale     2    3    5.0000    1.2000
parameters
   -0.0442    3.0548   14.4803   -4.1068  -12.1586   -6.6289
    1.7899    3.9444    0.4319   16.4946    4.2579  -21.3328
eta,q 0.97394 12.90624
  0.0303  0.0296  0.0284  0.0302  0.0317  0.0316  0.0296  0.0317  0.0286  0.0302  0.0280  0.0278
  0.0280  0.0276  0.0271  0.0282  0.0292  0.0295  0.0277  0.0289  0.0271  0.0282  0.0270  0.0269
  0.0266  0.0264  0.0263  0.0268  0.0271  0.0275  0.0265  0.0268  0.0263  0.0268  0.0263  0.0264
  0.0260  0.0260  0.0260  0.0261  0.0260  0.0260  0.0261  0.0261  0.0261  0.0261  0.0261  0.0261
  0.0265  0.0265  0.0263  0.0264  0.0266  0.0261  0.0265  0.0267  0.0264  0.0265  0.0263  0.0263
  0.0280  0.0276  0.0272  0.0278  0.0287  0.0286  0.0277  0.0287  0.0272  0.0279  0.0270  0.0269
  0.0304  0.0294  0.0284  0.0305  0.0323  0.0329  0.0296  0.0319  0.0285  0.0304  0.0280  0.0279
registration optimization eta report
parameter search radius
    2.4000    2.4000    2.4000    8.2800    9.5220    8.2800
    7.2000    7.2000    7.2000    7.2000    8.2800    7.2000
100000*second partial in parameter space
       75.       60.       41.        6.        6.        9.
        7.       11.        5.        8.        3.        3.
  0.0303  0.0296  0.0284  0.0302  0.0317  0.0316  0.0296  0.0317  0.0286  0.0302  0.0280  0.0278
  0.0280  0.0276  0.0271  0.0282  0.0292  0.0295  0.0277  0.0289  0.0271  0.0282  0.0270  0.0269
  0.0266  0.0264  0.0263  0.0268  0.0271  0.0275  0.0265  0.0268  0.0263  0.0268  0.0263  0.0264
  0.0260  0.0260  0.0260  0.0261  0.0260  0.0260  0.0261  0.0261  0.0261  0.0261  0.0261  0.0261
  0.0265  0.0265  0.0263  0.0264  0.0266  0.0261  0.0265  0.0267  0.0264  0.0265  0.0263  0.0263
  0.0280  0.0276  0.0272  0.0278  0.0287  0.0286  0.0277  0.0287  0.0272  0.0279  0.0270  0.0269
  0.0304  0.0294  0.0284  0.0305  0.0323  0.0329  0.0296  0.0319  0.0285  0.0304  0.0280  0.0279
   -0.0442    3.0548   14.4803   -4.1068  -12.1586   -6.6289
    1.7899    3.9444    0.4319   16.4946    4.2579  -21.3328
eta,q 0.97394 12.90624

---------------------------------------------------------------------
imgreg_4dfp /opt/freesurfer/average/711-2C_as_mni_average_305 /opt/freesurfer/average/711-2B_as_mni_average_305_mask talsrcimg_g11 none talsrcimg_to_711-2C_as_mni_average_305_t4 2311
---------------------------------------------------------------------

freesurfer imgreg_4dfp.c
/opt/freesurfer/average/711-2C_as_mni_average_305.4dfp.img
       256       256       256         1
  1.000000  1.000000  1.000000
orientation T byte_order littleendian
Reading image: /opt/freesurfer/average/711-2C_as_mni_average_305.4dfp.img
dimensions:      256       256       256
mmppix:       1.0000   -1.0000   -1.0000
center:     128.0000 -129.0000 -129.0000
/opt/freesurfer/average/711-2B_as_mni_average_305_mask.4dfp.img
       256       256       256         1
  1.000000  1.000000  1.000000
orientation T byte_order littleendian
Reading mask: /opt/freesurfer/average/711-2B_as_mni_average_305_mask.4dfp.img (2306576 pixels)
talsrcimg_g11.4dfp.img
       256       256       256         1
  1.000000  1.000000  1.000000
orientation T byte_order littleendian
Reading image: talsrcimg_g11.4dfp.img
dimensions:      256       256       256
mmppix:       1.0000   -1.0000   -1.0000
center:     128.0000 -129.0000 -129.0000
fimgreg.f
image alignment mode   2311 decimal      907 hex
parameters
   -0.0442    3.0548   14.4803   -4.1068  -12.1585   -6.6289
    1.7899    3.9444    0.4319   16.4946    4.2579  -21.3328
eta,q 0.97394 12.90623
niter,ni,del,rscale     5    3    5.0000    0.8000
parameters
   -0.0406    3.0413   14.4812   -3.7376  -11.7037   -5.8523
    1.8311    4.1353    0.3799   16.3862    4.2784  -21.6338
eta,q 0.97417 12.96272
  0.0280  0.0276  0.0271  0.0278  0.0281  0.0289  0.0275  0.0288  0.0270  0.0279  0.0266  0.0266
  0.0270  0.0267  0.0265  0.0270  0.0271  0.0277  0.0266  0.0273  0.0263  0.0268  0.0261  0.0262
  0.0263  0.0262  0.0262  0.0264  0.0264  0.0267  0.0260  0.0262  0.0259  0.0261  0.0259  0.0259
  0.0261  0.0261  0.0261  0.0261  0.0260  0.0260  0.0258  0.0258  0.0258  0.0258  0.0258  0.0258
  0.0263  0.0262  0.0262  0.0261  0.0261  0.0258  0.0260  0.0261  0.0260  0.0261  0.0259  0.0260
  0.0269  0.0268  0.0265  0.0266  0.0266  0.0263  0.0266  0.0269  0.0264  0.0269  0.0262  0.0263
  0.0280  0.0276  0.0271  0.0274  0.0275  0.0278  0.0274  0.0285  0.0270  0.0282  0.0265  0.0269
niter,ni,del,rscale     4    3    5.0000    0.7000
parameters
   -0.0458    2.9901   14.6040   -3.9685  -11.6798   -5.5827
    1.7978    4.1839    0.3908   16.3401    4.1180  -21.6393
eta,q 0.97423 12.96282
  0.0273  0.0270  0.0269  0.0269  0.0273  0.0280  0.0270  0.0280  0.0267  0.0275  0.0263  0.0265
  0.0265  0.0263  0.0263  0.0263  0.0265  0.0271  0.0263  0.0268  0.0262  0.0266  0.0260  0.0261
  0.0260  0.0259  0.0260  0.0259  0.0260  0.0263  0.0259  0.0260  0.0259  0.0260  0.0258  0.0259
  0.0258  0.0258  0.0258  0.0258  0.0258  0.0258  0.0258  0.0258  0.0258  0.0258  0.0258  0.0258
  0.0260  0.0260  0.0259  0.0260  0.0260  0.0258  0.0259  0.0260  0.0259  0.0260  0.0259  0.0258
  0.0265  0.0265  0.0261  0.0265  0.0265  0.0264  0.0264  0.0267  0.0262  0.0266  0.0261  0.0261
  0.0274  0.0272  0.0266  0.0272  0.0272  0.0278  0.0271  0.0279  0.0267  0.0276  0.0264  0.0265
niter,ni,del,rscale     3    3    5.0000    0.6000
parameters
   -0.0349    2.9481   14.6659   -4.0446  -11.6835   -5.3943
    1.7759    4.2398    0.4484   16.2627    3.9925  -21.5948
eta,q 0.97425 12.96375
  0.0269  0.0267  0.0265  0.0266  0.0269  0.0274  0.0267  0.0274  0.0264  0.0270  0.0262  0.0263
  0.0263  0.0261  0.0261  0.0262  0.0263  0.0267  0.0262  0.0265  0.0261  0.0264  0.0259  0.0260
  0.0259  0.0259  0.0259  0.0259  0.0259  0.0261  0.0258  0.0259  0.0258  0.0259  0.0258  0.0258
  0.0258  0.0258  0.0258  0.0258  0.0258  0.0258  0.0257  0.0257  0.0257  0.0257  0.0257  0.0257
  0.0259  0.0259  0.0258  0.0259  0.0259  0.0258  0.0259  0.0259  0.0258  0.0259  0.0258  0.0258
  0.0263  0.0262  0.0260  0.0262  0.0263  0.0263  0.0262  0.0264  0.0260  0.0264  0.0260  0.0260
  0.0269  0.0268  0.0264  0.0267  0.0269  0.0273  0.0267  0.0273  0.0264  0.0272  0.0262  0.0263
niter,ni,del,rscale     2    3    5.0000    0.5000
parameters
   -0.0234    2.9186   14.7101   -4.0616  -11.6891   -5.2390
    1.7433    4.2722    0.5230   16.2037    3.9062  -21.5362
eta,q 0.97428 12.96574
  0.0265  0.0264  0.0263  0.0264  0.0265  0.0270  0.0264  0.0269  0.0262  0.0267  0.0260  0.0261
  0.0261  0.0260  0.0260  0.0260  0.0261  0.0264  0.0260  0.0262  0.0259  0.0262  0.0258  0.0259
  0.0258  0.0258  0.0258  0.0258  0.0258  0.0260  0.0258  0.0258  0.0258  0.0258  0.0257  0.0258
  0.0257  0.0257  0.0257  0.0257  0.0257  0.0257  0.0257  0.0257  0.0257  0.0257  0.0257  0.0257
  0.0258  0.0258  0.0258  0.0258  0.0258  0.0258  0.0258  0.0259  0.0258  0.0259  0.0258  0.0257
  0.0261  0.0261  0.0259  0.0260  0.0261  0.0261  0.0260  0.0262  0.0259  0.0262  0.0259  0.0259
  0.0265  0.0264  0.0262  0.0264  0.0265  0.0268  0.0264  0.0268  0.0262  0.0268  0.0260  0.0261
niter,ni,del,rscale     1    3    5.0000    0.4000
parameters
   -0.0171    2.8974   14.7466   -4.0984  -11.7079   -5.1021
    1.7040    4.2899    0.5950   16.1437    3.8277  -21.4785
eta,q 0.97429 12.96603
  0.0262  0.0261  0.0261  0.0261  0.0262  0.0265  0.0261  0.0265  0.0260  0.0263  0.0259  0.0260
  0.0260  0.0259  0.0259  0.0259  0.0260  0.0262  0.0259  0.0260  0.0259  0.0260  0.0258  0.0258
  0.0258  0.0258  0.0258  0.0258  0.0258  0.0259  0.0257  0.0258  0.0257  0.0258  0.0257  0.0258
  0.0257  0.0257  0.0257  0.0257  0.0257  0.0257  0.0257  0.0257  0.0257  0.0257  0.0257  0.0257
  0.0258  0.0258  0.0257  0.0258  0.0258  0.0257  0.0258  0.0258  0.0257  0.0258  0.0257  0.0257
  0.0259  0.0259  0.0258  0.0259  0.0260  0.0260  0.0259  0.0260  0.0258  0.0260  0.0258  0.0258
  0.0262  0.0262  0.0260  0.0262  0.0263  0.0264  0.0261  0.0264  0.0260  0.0264  0.0259  0.0260
registration optimization eta report
parameter search radius
    0.8000    0.8000    0.8000    2.4000    2.4000    2.4000
    2.4000    2.4000    2.4000    2.4000    2.4000    2.4000
100000*second partial in parameter space
       79.       67.       48.        7.        9.       13.
        7.       13.        5.       11.        4.        4.
  0.0262  0.0261  0.0261  0.0261  0.0262  0.0265  0.0261  0.0265  0.0260  0.0263  0.0259  0.0260
  0.0260  0.0259  0.0259  0.0259  0.0260  0.0262  0.0259  0.0260  0.0259  0.0260  0.0258  0.0258
  0.0258  0.0258  0.0258  0.0258  0.0258  0.0259  0.0257  0.0258  0.0257  0.0258  0.0257  0.0258
  0.0257  0.0257  0.0257  0.0257  0.0257  0.0257  0.0257  0.0257  0.0257  0.0257  0.0257  0.0257
  0.0258  0.0258  0.0257  0.0258  0.0258  0.0257  0.0258  0.0258  0.0257  0.0258  0.0257  0.0257
  0.0259  0.0259  0.0258  0.0259  0.0260  0.0260  0.0259  0.0260  0.0258  0.0260  0.0258  0.0258
  0.0262  0.0262  0.0260  0.0262  0.0263  0.0264  0.0261  0.0264  0.0260  0.0264  0.0259  0.0260
   -0.0171    2.8974   14.7466   -4.0984  -11.7079   -5.1021
    1.7040    4.2899    0.5950   16.1437    3.8277  -21.4785
eta,q 0.97429 12.96603

---------------------------------------------------------------------
imgreg_4dfp /opt/freesurfer/average/711-2C_as_mni_average_305 /opt/freesurfer/average/711-2B_as_mni_average_305_mask talsrcimg_g11 none talsrcimg_to_711-2C_as_mni_average_305_t4 2311
---------------------------------------------------------------------

freesurfer imgreg_4dfp.c
/opt/freesurfer/average/711-2C_as_mni_average_305.4dfp.img
       256       256       256         1
  1.000000  1.000000  1.000000
orientation T byte_order littleendian
Reading image: /opt/freesurfer/average/711-2C_as_mni_average_305.4dfp.img
dimensions:      256       256       256
mmppix:       1.0000   -1.0000   -1.0000
center:     128.0000 -129.0000 -129.0000
/opt/freesurfer/average/711-2B_as_mni_average_305_mask.4dfp.img
       256       256       256         1
  1.000000  1.000000  1.000000
orientation T byte_order littleendian
Reading mask: /opt/freesurfer/average/711-2B_as_mni_average_305_mask.4dfp.img (2306576 pixels)
talsrcimg_g11.4dfp.img
       256       256       256         1
  1.000000  1.000000  1.000000
orientation T byte_order littleendian
Reading image: talsrcimg_g11.4dfp.img
dimensions:      256       256       256
mmppix:       1.0000   -1.0000   -1.0000
center:     128.0000 -129.0000 -129.0000
fimgreg.f
image alignment mode   2311 decimal      907 hex
parameters
   -0.0171    2.8974   14.7466   -4.0984  -11.7079   -5.1021
    1.7040    4.2899    0.5950   16.1437    3.8277  -21.4785
eta,q 0.97429 12.96602
niter,ni,del,rscale     5    3    5.0000    0.8000
parameters
   -0.0150    2.9049   14.7886   -4.2132  -11.7138   -5.4379
    1.7180    4.2291    0.5821   16.1642    3.9386  -21.5024
eta,q 0.97425 12.95411
  0.0277  0.0274  0.0270  0.0272  0.0276  0.0281  0.0274  0.0285  0.0269  0.0280  0.0266  0.0267
  0.0266  0.0265  0.0263  0.0264  0.0266  0.0270  0.0265  0.0270  0.0263  0.0269  0.0261  0.0262
  0.0259  0.0259  0.0259  0.0259  0.0259  0.0261  0.0259  0.0260  0.0259  0.0261  0.0258  0.0259
  0.0257  0.0257  0.0257  0.0257  0.0257  0.0257  0.0257  0.0257  0.0257  0.0257  0.0257  0.0257
  0.0259  0.0259  0.0258  0.0259  0.0259  0.0260  0.0259  0.0261  0.0259  0.0260  0.0258  0.0258
  0.0266  0.0265  0.0262  0.0265  0.0266  0.0272  0.0265  0.0271  0.0263  0.0268  0.0261  0.0262
  0.0277  0.0274  0.0269  0.0274  0.0276  0.0292  0.0274  0.0287  0.0269  0.0280  0.0265  0.0267
niter,ni,del,rscale     4    3    5.0000    0.7000
parameters
   -0.0132    2.8962   14.7245   -4.0985  -11.6466   -5.4321
    1.7261    4.2405    0.5444   16.1683    3.9545  -21.5341
eta,q 0.97426 12.96066
  0.0273  0.0270  0.0266  0.0270  0.0273  0.0278  0.0270  0.0280  0.0266  0.0275  0.0264  0.0264
  0.0264  0.0263  0.0261  0.0264  0.0265  0.0269  0.0263  0.0268  0.0261  0.0266  0.0260  0.0261
  0.0259  0.0259  0.0258  0.0259  0.0259  0.0262  0.0259  0.0260  0.0258  0.0260  0.0258  0.0259
  0.0257  0.0257  0.0257  0.0257  0.0257  0.0257  0.0257  0.0257  0.0257  0.0257  0.0257  0.0257
  0.0259  0.0259  0.0259  0.0258  0.0259  0.0258  0.0259  0.0260  0.0258  0.0260  0.0258  0.0258
  0.0264  0.0264  0.0262  0.0263  0.0264  0.0266  0.0263  0.0267  0.0261  0.0266  0.0260  0.0261
  0.0273  0.0271  0.0267  0.0269  0.0272  0.0281  0.0270  0.0280  0.0267  0.0276  0.0263  0.0265
niter,ni,del,rscale     3    3    5.0000    0.6000
parameters
   -0.0170    2.8964   14.7189   -4.0906  -11.6401   -5.3253
    1.7242    4.2633    0.5325   16.1599    3.9373  -21.5394
eta,q 0.97427 12.96389
  0.0269  0.0267  0.0264  0.0267  0.0269  0.0274  0.0267  0.0274  0.0264  0.0271  0.0262  0.0263
  0.0262  0.0262  0.0260  0.0262  0.0263  0.0266  0.0261  0.0265  0.0260  0.0264  0.0259  0.0260
  0.0259  0.0258  0.0258  0.0259  0.0259  0.0261  0.0258  0.0259  0.0258  0.0259  0.0258  0.0258
  0.0257  0.0257  0.0257  0.0257  0.0257  0.0257  0.0257  0.0257  0.0257  0.0257  0.0257  0.0257
  0.0259  0.0259  0.0258  0.0258  0.0259  0.0258  0.0258  0.0259  0.0258  0.0259  0.0258  0.0258
  0.0262  0.0262  0.0261  0.0262  0.0263  0.0263  0.0262  0.0265  0.0260  0.0264  0.0259  0.0260
  0.0269  0.0267  0.0264  0.0267  0.0269  0.0274  0.0267  0.0274  0.0264  0.0271  0.0262  0.0263
niter,ni,del,rscale     2    3    5.0000    0.5000
parameters
   -0.0166    2.8894   14.7335   -4.0906  -11.6563   -5.2030
    1.7175    4.2788    0.5627   16.1407    3.8730  -21.5129
eta,q 0.97429 12.96587
  0.0265  0.0264  0.0262  0.0264  0.0265  0.0269  0.0264  0.0269  0.0262  0.0267  0.0260  0.0261
  0.0261  0.0260  0.0259  0.0260  0.0261  0.0264  0.0260  0.0262  0.0259  0.0262  0.0258  0.0259
  0.0258  0.0258  0.0258  0.0258  0.0258  0.0260  0.0258  0.0258  0.0258  0.0258  0.0257  0.0258
  0.0257  0.0257  0.0257  0.0257  0.0257  0.0257  0.0257  0.0257  0.0257  0.0257  0.0257  0.0257
  0.0258  0.0258  0.0258  0.0258  0.0258  0.0258  0.0258  0.0259  0.0258  0.0258  0.0258  0.0257
  0.0261  0.0260  0.0259  0.0260  0.0261  0.0261  0.0260  0.0262  0.0259  0.0262  0.0259  0.0259
  0.0265  0.0264  0.0262  0.0264  0.0265  0.0269  0.0264  0.0268  0.0262  0.0267  0.0260  0.0261
niter,ni,del,rscale     1    3    5.0000    0.4000
parameters
   -0.0142    2.8813   14.7612   -4.1123  -11.6866   -5.0822
    1.6920    4.2979    0.6196   16.1116    3.7990  -21.4687
eta,q 0.97430 12.96629
  0.0262  0.0261  0.0260  0.0261  0.0262  0.0265  0.0261  0.0265  0.0260  0.0264  0.0259  0.0260
  0.0259  0.0259  0.0259  0.0259  0.0259  0.0261  0.0259  0.0260  0.0258  0.0260  0.0258  0.0258
  0.0258  0.0258  0.0258  0.0258  0.0258  0.0259  0.0257  0.0258  0.0257  0.0258  0.0257  0.0257
  0.0257  0.0257  0.0257  0.0257  0.0257  0.0257  0.0257  0.0257  0.0257  0.0257  0.0257  0.0257
  0.0258  0.0258  0.0257  0.0258  0.0258  0.0257  0.0258  0.0258  0.0257  0.0258  0.0257  0.0257
  0.0259  0.0259  0.0258  0.0259  0.0260  0.0260  0.0259  0.0260  0.0258  0.0260  0.0258  0.0258
  0.0262  0.0262  0.0260  0.0261  0.0263  0.0264  0.0261  0.0264  0.0260  0.0264  0.0259  0.0260
registration optimization eta report
parameter search radius
    0.8000    0.8000    0.8000    2.4000    2.4000    2.4000
    2.4000    2.4000    2.4000    2.4000    2.4000    2.4000
100000*second partial in parameter space
       79.       67.       48.        7.        9.       13.
        7.       13.        5.       11.        3.        4.
  0.0262  0.0261  0.0260  0.0261  0.0262  0.0265  0.0261  0.0265  0.0260  0.0264  0.0259  0.0260
  0.0259  0.0259  0.0259  0.0259  0.0259  0.0261  0.0259  0.0260  0.0258  0.0260  0.0258  0.0258
  0.0258  0.0258  0.0258  0.0258  0.0258  0.0259  0.0257  0.0258  0.0257  0.0258  0.0257  0.0257
  0.0257  0.0257  0.0257  0.0257  0.0257  0.0257  0.0257  0.0257  0.0257  0.0257  0.0257  0.0257
  0.0258  0.0258  0.0257  0.0258  0.0258  0.0257  0.0258  0.0258  0.0257  0.0258  0.0257  0.0257
  0.0259  0.0259  0.0258  0.0259  0.0260  0.0260  0.0259  0.0260  0.0258  0.0260  0.0258  0.0258
  0.0262  0.0262  0.0260  0.0261  0.0263  0.0264  0.0261  0.0264  0.0260  0.0264  0.0259  0.0260
   -0.0142    2.8813   14.7612   -4.1123  -11.6866   -5.0822
    1.6920    4.2979    0.6196   16.1116    3.7990  -21.4687
eta,q 0.97430 12.96629

---------------------------------------------------------------------
compute_vox2vox talsrcimg talsrcimg_to_711-2C_as_mni_average_305_t4 /opt/freesurfer/average/711-2C_as_mni_average_305
---------------------------------------------------------------------

freesurfer compute_vox2vox.c
Reading: talsrcimg.4dfp.ifh
Reading: talsrcimg_to_711-2C_as_mni_average_305_t4
Reading: /opt/freesurfer/average/711-2C_as_mni_average_305.4dfp.ifh
Writing: talsrcimg_to_711-2C_as_mni_average_305_t4_vox2vox.txt

start time Tue Mar 10 00:47:39 CET 2026
end		time Tue Mar 10 00:49:05 CET 2026

mpr2mni305 success

avi2talxfm orig_nu.mgz /opt/freesurfer/average/mni305.cor.mgz talsrcimg_to_711-2C_as_mni_average_305_t4_vox2vox.txt transforms/talairach.auto.xfm
avi2talxfm done
mv -f /out/sourcedata/freesurfer/sub-v1s3x0050803_ses-1/mri/talsrcimg_to_711-2C_as_mni_average_305_t4_vox2vox.txt /out/sourcedata/freesurfer/sub-v1s3x0050803_ses-1/mri/transforms/talsrcimg_to_711-2C_as_mni_average_305_t4_vox2vox.txt
lta_convert --src orig_nu.mgz --trg /opt/freesurfer/average/mni305.cor.mgz --inxfm transforms/talairach.auto.xfm --outlta transforms/talairach.auto.xfm.lta --subject fsaverage
7.3.2

--src: orig_nu.mgz src image (geometry).
--trg: /opt/freesurfer/average/mni305.cor.mgz trg image (geometry).
--inmni: transforms/talairach.auto.xfm input MNI/XFM transform.
--outlta: transforms/talairach.auto.xfm.lta output LTA.
--s: fsaverage subject name
 LTA read, type : 1
 1.04475  -0.04217  -0.03027   6.53458;
-0.04175   1.01348   0.24717  -11.97145;
 0.00029  -0.18460   1.08745   3.35941;
 0.00000   0.00000   0.00000   1.00000;
setting subject to fsaverage
Writing  LTA to file transforms/talairach.auto.xfm.lta...
lta_convert successful.
 
 
Started at Tue Mar 10 00:47:38 CET 2026
Ended   at Tue Mar 10 00:49:05 CET 2026
talairach_avi done
