/out/sourcedata/freesurfer/sub-v1s3x0050818_ses-1/mri
/opt/freesurfer/bin/talairach_avi
--i orig_nu.mgz --xfm transforms/talairach.auto.xfm
talairach_avi 7.3.2
Linux dna078 5.14.0-427.37.1.el9_4.x86_64 #1 SMP PREEMPT_DYNAMIC Fri Sep 13 12:41:50 EDT 2024 x86_64 x86_64 x86_64 GNU/Linux
Tue Mar 10 01:36:05 CET 2026
mri_convert orig_nu.mgz talsrcimg.img 
reading from orig_nu.mgz...
TR=0.00, TE=0.00, TI=0.00, flip angle=0.00
i_ras = (-1, 0, 0)
j_ras = (0, 0, -1)
k_ras = (0, 1, 0)
writing to talsrcimg.img...
Analyze Output Matrix
-1.00000   0.00000   0.00000   129.25327;
 0.00000   0.00000   1.00000  -150.44290;
 0.00000  -1.00000   0.00000   134.38464;
 0.00000   0.00000   0.00000   1.00000;
--------------------
INFO: set hdr.hist.orient to -1
mpr2mni305 talsrcimg
Tue Mar 10 01:36:06 CET 2026
/opt/freesurfer/bin/mpr2mni305 talsrcimg
mpr2mni305 7.3.2
target=711-2C_as_mni_average_305

---------------------------------------------------------------------
analyzeto4dfp talsrcimg -O0 -y
---------------------------------------------------------------------

freesurfer ifh2hdr.c
Tue Mar 10 01:36:06 2026
Writing: talsrcimg.4dfp.hdr
freesurfer analyzeto4dfp.c
Reading: talsrcimg.hdr
header size 348 bytes
hdr.dime.datatype	offset=70	value=2
hdr.dime.bitpix		offset=72	value=8
hdr.hist.orient		offset=252	value=-1
dimensionality     4
dimensions       256       256       256         1
Reading: talsrcimg.img
Writing: talsrcimg.4dfp.img
Writing: talsrcimg.4dfp.ifh
ifh2hdr talsrcimg -r0to255
ori=2

---------------------------------------------------------------------
gauss_4dfp talsrcimg 1.1
---------------------------------------------------------------------

freesurfer gauss_4dfp.c
Reading: talsrcimg.4dfp.img
Writing: talsrcimg_g11.4dfp.img
image dimensions 256 256 256 padded to 288 288 288
processing volume 1freesurfer ifh2hdr.c
Tue Mar 10 01:36:07 2026
Writing: talsrcimg_g11.4dfp.hdr

Writing: talsrcimg_g11.4dfp.ifh
including: talsrcimg.4dfp.img.rec in talsrcimg_g11.4dfp.img.rec

---------------------------------------------------------------------
imgreg_4dfp /opt/freesurfer/average/711-2C_as_mni_average_305 none talsrcimg_g11 none talsrcimg_to_711-2C_as_mni_average_305_t4 4355
---------------------------------------------------------------------

freesurfer imgreg_4dfp.c
/opt/freesurfer/average/711-2C_as_mni_average_305.4dfp.img
       256       256       256         1
  1.000000  1.000000  1.000000
orientation T byte_order littleendian
Reading image: /opt/freesurfer/average/711-2C_as_mni_average_305.4dfp.img
dimensions:      256       256       256
mmppix:       1.0000   -1.0000   -1.0000
center:     128.0000 -129.0000 -129.0000
talsrcimg_g11.4dfp.img
       256       256       256         1
  1.000000  1.000000  1.000000
orientation T byte_order littleendian
Reading image: talsrcimg_g11.4dfp.img
dimensions:      256       256       256
mmppix:       1.0000   -1.0000   -1.0000
center:     128.0000 -129.0000 -129.0000
t4_read: open error in t4_sub.f l:  41 t4_file(1:l)talsrcimg_to_711-2C_as_mni_average_305_t4 
t4_read: transform initialized to I4
rotation matrix determinant  1.000000
image alignment mode   4355 decimal     1103 hex
   -7.5000  -45.0000  -45.0000 5629.6670   20.2057
    0.0000  -45.0000  -45.0000 5875.3198   20.2510
    7.5000  -45.0000  -45.0000 5598.7236   20.2948
   -7.5000  -37.5000  -45.0000 6202.6206   20.2743
    0.0000  -37.5000  -45.0000 6471.0083   20.3077
    7.5000  -37.5000  -45.0000 6178.5503   20.3421
   -7.5000  -30.0000  -45.0000 7001.8325   20.3104
    0.0000  -30.0000  -45.0000 7312.5161   20.3436
    7.5000  -30.0000  -45.0000 6970.2285   20.3732
   -7.5000  -22.5000  -45.0000 7746.3013   20.2731
    0.0000  -22.5000  -45.0000 8070.3237   20.3175
    7.5000  -22.5000  -45.0000 7699.6787   20.3495
   -7.5000  -15.0000  -45.0000 8426.4453   20.2076
    0.0000  -15.0000  -45.0000 8784.4023   20.2610
    7.5000  -15.0000  -45.0000 8363.2744   20.3011
   -7.5000   -7.5000  -45.0000 9021.2441   20.1762
    0.0000   -7.5000  -45.0000 9410.3018   20.2306
    7.5000   -7.5000  -45.0000 8923.6885   20.2775
   -7.5000    0.0000  -45.0000 9563.7432   20.2057
    0.0000    0.0000  -45.0000 9946.7910   20.2510
    7.5000    0.0000  -45.0000 9433.2910   20.2948
   -7.5000    7.5000  -45.0000 9380.0898   20.2743
    0.0000    7.5000  -45.0000 9727.7529   20.3077
    7.5000    7.5000  -45.0000 9255.1787   20.3421
   -7.5000   15.0000  -45.0000 9071.3535   20.3104
    0.0000   15.0000  -45.0000 9401.1182   20.3436
    7.5000   15.0000  -45.0000 8978.8721   20.3732
   -7.5000   22.5000  -45.0000 8693.9180   20.2703
    0.0000   22.5000  -45.0000 9034.2285   20.3147
    7.5000   22.5000  -45.0000 8618.9961   20.3467
   -7.5000   30.0000  -45.0000 8311.5742   19.9383
    0.0000   30.0000  -45.0000 8634.7520   19.9910
    7.5000   30.0000  -45.0000 8207.1807   20.0306
   -7.5000   37.5000  -45.0000 8191.9756   19.9074
    0.0000   37.5000  -45.0000 8498.4785   19.9610
    7.5000   37.5000  -45.0000 8090.7212   20.0073
   -7.5000   45.0000  -45.0000 7745.5293   19.4302
    0.0000   45.0000  -45.0000 8027.3579   19.4738
    7.5000   45.0000  -45.0000 7643.8452   19.5159
   -7.5000  -45.0000  -37.5000 6010.7104   20.2310
    0.0000  -45.0000  -37.5000 6270.1382   20.2799
    7.5000  -45.0000  -37.5000 5971.7026   20.3236
   -7.5000  -37.5000  -37.5000 6642.8286   20.2884
    0.0000  -37.5000  -37.5000 6930.8901   20.3294
    7.5000  -37.5000  -37.5000 6602.5625   20.3647
   -7.5000  -30.0000  -37.5000 7468.8135   20.3086
    0.0000  -30.0000  -37.5000 7795.4829   20.3499
    7.5000  -30.0000  -37.5000 7433.0308   20.3788
   -7.5000  -22.5000  -37.5000 8235.1318   20.2677
    0.0000  -22.5000  -37.5000 8593.5967   20.3160
    7.5000  -22.5000  -37.5000 8201.5947   20.3456
   -7.5000  -15.0000  -37.5000 8923.7598   20.2119
    0.0000  -15.0000  -37.5000 9313.4619   20.2651
    7.5000  -15.0000  -37.5000 8848.0879   20.3015
   -7.5000   -7.5000  -37.5000 9524.9375   20.1955
    0.0000   -7.5000  -37.5000 9923.8262   20.2495
    7.5000   -7.5000  -37.5000 9421.3682   20.2936
   -7.5000    0.0000  -37.500010077.2188   20.2310
    0.0000    0.0000  -37.500010486.7012   20.2799
    7.5000    0.0000  -37.5000 9976.9346   20.3236
   -7.5000    7.5000  -37.5000 9870.6465   20.2884
    0.0000    7.5000  -37.500010256.2275   20.3294
    7.5000    7.5000  -37.5000 9799.9600   20.3647
   -7.5000   15.0000  -37.5000 9540.8057   20.3086
    0.0000   15.0000  -37.5000 9922.7061   20.3499
    7.5000   15.0000  -37.5000 9479.5000   20.3788
   -7.5000   22.5000  -37.5000 9182.9316   20.2649
    0.0000   22.5000  -37.5000 9539.6670   20.3132
    7.5000   22.5000  -37.5000 9083.6631   20.3428
   -7.5000   30.0000  -37.5000 8730.4775   19.9425
    0.0000   30.0000  -37.5000 9095.2139   19.9951
    7.5000   30.0000  -37.5000 8656.9746   20.0309
   -7.5000   37.5000  -37.5000 8558.0234   19.9264
    0.0000   37.5000  -37.5000 8912.5254   19.9797
    7.5000   37.5000  -37.5000 8487.3486   20.0232
   -7.5000   45.0000  -37.5000 8068.8169   19.4546
    0.0000   45.0000  -37.5000 8378.8799   19.5015
    7.5000   45.0000  -37.5000 7991.9893   19.5436
   -7.5000  -45.0000  -30.0000 6538.1729   21.0932
    0.0000  -45.0000  -30.0000 6815.3774   21.1499
    7.5000  -45.0000  -30.0000 6490.5015   21.1981
   -7.5000  -37.5000  -30.0000 7184.5181   21.1427
    0.0000  -37.5000  -30.0000 7503.5752   21.1923
    7.5000  -37.5000  -30.0000 7157.7310   21.2316
   -7.5000  -30.0000  -30.0000 8044.7041   21.1622
    0.0000  -30.0000  -30.0000 8394.3916   21.2091
    7.5000  -30.0000  -30.0000 8035.0317   21.2367
   -7.5000  -22.5000  -30.0000 8840.9062   21.1289
    0.0000  -22.5000  -30.0000 9236.0576   21.1791
    7.5000  -22.5000  -30.0000 8815.4912   21.2026
   -7.5000  -15.0000  -30.0000 9539.7695   21.0821
    0.0000  -15.0000  -30.0000 9961.8447   21.1365
    7.5000  -15.0000  -30.0000 9490.7412   21.1662
   -7.5000   -7.5000  -30.000010169.2900   21.0659
    0.0000   -7.5000  -30.000010587.5078   21.1241
    7.5000   -7.5000  -30.000010100.8164   21.1668
   -7.5000    0.0000  -30.000010742.3516   21.0932
    0.0000    0.0000  -30.000011174.6016   21.1499
    7.5000    0.0000  -30.000010665.5371   21.1981
   -7.5000    7.5000  -30.000010519.9951   21.1427
    0.0000    7.5000  -30.000010939.9326   21.1923
    7.5000    7.5000  -30.000010458.0166   21.2316
   -7.5000   15.0000  -30.000010151.1592   21.1622
    0.0000   15.0000  -30.000010584.4873   21.2091
    7.5000   15.0000  -30.000010130.8311   21.2367
   -7.5000   22.5000  -30.0000 9769.3516   21.1238
    0.0000   22.5000  -30.000010151.1533   21.1740
    7.5000   22.5000  -30.0000 9700.7158   21.1975
   -7.5000   30.0000  -30.0000 9278.7480   20.8031
    0.0000   30.0000  -30.0000 9629.5186   20.8568
    7.5000   30.0000  -30.0000 9204.7480   20.8862
   -7.5000   37.5000  -30.0000 9043.2617   20.7871
    0.0000   37.5000  -30.0000 9377.8535   20.8446
    7.5000   37.5000  -30.0000 8982.1182   20.8867
   -7.5000   45.0000  -30.0000 8470.9912   20.2985
    0.0000   45.0000  -30.0000 8776.6133   20.3531
    7.5000   45.0000  -30.0000 8422.4951   20.3995
   -7.5000  -45.0000  -22.5000 7038.1606   21.8015
    0.0000  -45.0000  -22.5000 7341.3120   21.8614
    7.5000  -45.0000  -22.5000 7007.7197   21.9141
   -7.5000  -37.5000  -22.5000 7733.8301   21.8543
    0.0000  -37.5000  -22.5000 8048.3198   21.9035
    7.5000  -37.5000  -22.5000 7685.1523   21.9451
   -7.5000  -30.0000  -22.5000 8630.9033   21.8900
    0.0000  -30.0000  -22.5000 8987.2275   21.9332
    7.5000  -30.0000  -22.5000 8591.1152   21.9591
   -7.5000  -22.5000  -22.5000 9439.6475   21.8696
    0.0000  -22.5000  -22.5000 9855.3682   21.9163
    7.5000  -22.5000  -22.5000 9412.7012   21.9359
   -7.5000  -15.0000  -22.500010149.6055   21.8228
    0.0000  -15.0000  -22.500010601.1270   21.8773
    7.5000  -15.0000  -22.500010112.4238   21.9046
   -7.5000   -7.5000  -22.500010789.0518   21.7904
    0.0000   -7.5000  -22.500011258.1846   21.8520
    7.5000   -7.5000  -22.500010766.3711   21.8967
   -7.5000    0.0000  -22.500011370.6055   21.8015
    0.0000    0.0000  -22.500011850.5264   21.8614
    7.5000    0.0000  -22.500011338.6553   21.9141
   -7.5000    7.5000  -22.500011125.4648   21.8543
    0.0000    7.5000  -22.500011591.8438   21.9035
    7.5000    7.5000  -22.500011073.4180   21.9451
   -7.5000   15.0000  -22.500010764.7754   21.8900
    0.0000   15.0000  -22.500011206.5693   21.9332
    7.5000   15.0000  -22.500010716.2568   21.9591
   -7.5000   22.5000  -22.500010323.3076   21.8628
    0.0000   22.5000  -22.500010722.3066   21.9095
    7.5000   22.5000  -22.500010245.7275   21.9292
   -7.5000   30.0000  -22.5000 9769.2930   21.5373
    0.0000   30.0000  -22.500010124.7871   21.5912
    7.5000   30.0000  -22.5000 9703.4629   21.6181
   -7.5000   37.5000  -22.5000 9461.9277   21.5054
    0.0000   37.5000  -22.5000 9795.7295   21.5662
    7.5000   37.5000  -22.5000 9408.4980   21.6102
   -7.5000   45.0000  -22.5000 8828.6221   20.9959
    0.0000   45.0000  -22.5000 9133.2715   21.0536
    7.5000   45.0000  -22.5000 8783.2461   21.1043
   -7.5000  -45.0000  -15.0000 7540.0669   22.2955
    0.0000  -45.0000  -15.0000 7846.2979   22.3527
    7.5000  -45.0000  -15.0000 7489.6704   22.4064
   -7.5000  -37.5000  -15.0000 8272.4053   22.3616
    0.0000  -37.5000  -15.0000 8621.0723   22.4033
    7.5000  -37.5000  -15.0000 8210.0820   22.4438
   -7.5000  -30.0000  -15.0000 9219.3037   22.4166
    0.0000  -30.0000  -15.0000 9607.6045   22.4518
    7.5000  -30.0000  -15.0000 9161.8848   22.4778
   -7.5000  -22.5000  -15.000010032.3184   22.4017
    0.0000  -22.5000  -15.000010473.9961   22.4451
    7.5000  -22.5000  -15.000010000.0762   22.4673
   -7.5000  -15.0000  -15.000010750.6641   22.3437
    0.0000  -15.0000  -15.000011210.7119   22.4000
    7.5000  -15.0000  -15.000010713.8926   22.4321
   -7.5000   -7.5000  -15.000011422.7803   22.2925
    0.0000   -7.5000  -15.000011922.5156   22.3560
    7.5000   -7.5000  -15.000011390.5498   22.4051
   -7.5000    0.0000  -15.000012002.6455   22.2955
    0.0000    0.0000  -15.000012529.6172   22.3527
    7.5000    0.0000  -15.000011953.0557   22.4064
   -7.5000    7.5000  -15.000011723.0332   22.3616
    0.0000    7.5000  -15.000012240.5576   22.4033
    7.5000    7.5000  -15.000011651.2246   22.4438
   -7.5000   15.0000  -15.000011355.2266   22.4166
    0.0000   15.0000  -15.000011824.2393   22.4518
    7.5000   15.0000  -15.000011258.5000   22.4778
   -7.5000   22.5000  -15.000010852.7666   22.3937
    0.0000   22.5000  -15.000011255.4834   22.4372
    7.5000   22.5000  -15.000010742.1484   22.4594
   -7.5000   30.0000  -15.000010205.0703   22.0546
    0.0000   30.0000  -15.000010586.0176   22.1102
    7.5000   30.0000  -15.000010125.3379   22.1418
   -7.5000   37.5000  -15.0000 9850.5410   22.0040
    0.0000   37.5000  -15.000010188.9248   22.0667
    7.5000   37.5000  -15.0000 9778.5234   22.1151
   -7.5000   45.0000  -15.0000 9151.3281   21.4846
    0.0000   45.0000  -15.0000 9455.3369   21.5397
    7.5000   45.0000  -15.0000 9094.6230   21.5915
   -7.5000  -45.0000   -7.5000 8078.1094   22.5465
    0.0000  -45.0000   -7.5000 8395.3740   22.5992
    7.5000  -45.0000   -7.5000 7989.0483   22.6508
   -7.5000  -37.5000   -7.5000 8882.3955   22.6244
    0.0000  -37.5000   -7.5000 9230.1318   22.6602
    7.5000  -37.5000   -7.5000 8772.6172   22.6993
   -7.5000  -30.0000   -7.5000 9844.5879   22.6815
    0.0000  -30.0000   -7.500010265.1338   22.7137
    7.5000  -30.0000   -7.5000 9764.9277   22.7434
   -7.5000  -22.5000   -7.500010657.4150   22.6560
    0.0000  -22.5000   -7.500011116.0078   22.7010
    7.5000  -22.5000   -7.500010610.7510   22.7310
   -7.5000  -15.0000   -7.500011373.5645   22.5849
    0.0000  -15.0000   -7.500011842.2578   22.6439
    7.5000  -15.0000   -7.500011315.2773   22.6841
   -7.5000   -7.5000   -7.500012038.6797   22.5325
    0.0000   -7.5000   -7.500012559.7109   22.5957
    7.5000   -7.5000   -7.500011996.5498   22.6480
   -7.5000    0.0000   -7.500012634.0908   22.5465
    0.0000    0.0000   -7.500013214.9053   22.5992
    7.5000    0.0000   -7.500012569.8115   22.6508
   -7.5000    7.5000   -7.500012342.9473   22.6244
    0.0000    7.5000   -7.500012875.7041   22.6602
    7.5000    7.5000   -7.500012221.3311   22.6993
   -7.5000   15.0000   -7.500011925.4150   22.6815
    0.0000   15.0000   -7.500012419.9209   22.7137
    7.5000   15.0000   -7.500011785.0645   22.7434
   -7.5000   22.5000   -7.500011323.1123   22.6455
    0.0000   22.5000   -7.500011773.0195   22.6905
    7.5000   22.5000   -7.500011217.3203   22.7205
   -7.5000   30.0000   -7.500010616.3496   22.2920
    0.0000   30.0000   -7.500011028.3086   22.3503
    7.5000   30.0000   -7.500010526.9258   22.3899
   -7.5000   37.5000   -7.500010192.0000   22.2403
    0.0000   37.5000   -7.500010601.3809   22.3026
    7.5000   37.5000   -7.500010150.4873   22.3542
   -7.5000   45.0000   -7.5000 9494.6787   21.7306
    0.0000   45.0000   -7.5000 9825.2637   21.7814
    7.5000   45.0000   -7.5000 9441.8193   21.8311
   -7.5000  -45.0000    0.0000 8589.5889   22.6107
    0.0000  -45.0000    0.0000 8914.8428   22.6615
    7.5000  -45.0000    0.0000 8446.0918   22.7105
   -7.5000  -37.5000    0.0000 9439.9297   22.6875
    0.0000  -37.5000    0.0000 9813.9678   22.7248
    7.5000  -37.5000    0.0000 9315.0195   22.7634
   -7.5000  -30.0000    0.000010446.8398   22.7278
    0.0000  -30.0000    0.000010900.0605   22.7650
    7.5000  -30.0000    0.000010352.8809   22.7982
   -7.5000  -22.5000    0.000011238.8086   22.6862
    0.0000  -22.5000    0.000011723.5000   22.7358
    7.5000  -22.5000    0.000011192.7441   22.7717
   -7.5000  -15.0000    0.000011866.9502   22.6128
    0.0000  -15.0000    0.000012365.0566   22.6726
    7.5000  -15.0000    0.000011854.4980   22.7175
   -7.5000   -7.5000    0.000012514.2461   22.5777
    0.0000   -7.5000    0.000013080.4346   22.6386
    7.5000   -7.5000    0.000012498.5137   22.6911
   -7.5000    0.0000    0.000013174.6748   22.6107
    0.0000    0.0000    0.000013789.1318   22.6615
    7.5000    0.0000    0.000013115.5029   22.7105
   -7.5000    7.5000    0.000012882.7598   22.6875
    0.0000    7.5000    0.000013458.9160   22.7248
    7.5000    7.5000    0.000012739.9404   22.7634
   -7.5000   15.0000    0.000012422.6523   22.7278
    0.0000   15.0000    0.000012940.5947   22.7650
    7.5000   15.0000    0.000012242.7109   22.7982
   -7.5000   22.5000    0.000011755.2559   22.6757
    0.0000   22.5000    0.000012242.5947   22.7253
    7.5000   22.5000    0.000011611.4414   22.7612
   -7.5000   30.0000    0.000010964.5391   22.3202
    0.0000   30.0000    0.000011435.5469   22.3792
    7.5000   30.0000    0.000010889.0381   22.4235
   -7.5000   37.5000    0.000010540.7324   22.2856
    0.0000   37.5000    0.000010965.4570   22.3456
    7.5000   37.5000    0.000010495.2139   22.3974
   -7.5000   45.0000    0.0000 9822.5576   21.7941
    0.0000   45.0000    0.000010160.7275   21.8430
    7.5000   45.0000    0.0000 9765.9971   21.8903
   -7.5000  -45.0000    7.5000 8419.0830   22.6391
    0.0000  -45.0000    7.5000 8729.4375   22.6937
    7.5000  -45.0000    7.5000 8253.1963   22.7427
   -7.5000  -37.5000    7.5000 9241.4229   22.7033
    0.0000  -37.5000    7.5000 9606.4854   22.7492
    7.5000  -37.5000    7.5000 9119.5166   22.7886
   -7.5000  -30.0000    7.500010261.7119   22.7259
    0.0000  -30.0000    7.500010699.1484   22.7721
    7.5000  -30.0000    7.500010155.0527   22.8044
   -7.5000  -22.5000    7.500010973.5547   22.6801
    0.0000  -22.5000    7.500011428.7197   22.7341
    7.5000  -22.5000    7.500010956.9912   22.7672
   -7.5000  -15.0000    7.500011455.3008   22.6176
    0.0000  -15.0000    7.500011930.8994   22.6772
    7.5000  -15.0000    7.500011502.1514   22.7179
   -7.5000   -7.5000    7.500012101.9043   22.5993
    0.0000   -7.5000    7.500012668.0254   22.6598
    7.5000   -7.5000    7.500012089.6260   22.7091
   -7.5000    0.0000    7.500012851.3867   22.6391
    0.0000    0.0000    7.500013510.0117   22.6937
    7.5000    0.0000    7.500012743.2754   22.7427
   -7.5000    7.5000    7.500012592.5908   22.7033
    0.0000    7.5000    7.500013207.4199   22.7492
    7.5000    7.5000    7.500012414.2080   22.7886
   -7.5000   15.0000    7.500012074.0518   22.7259
    0.0000   15.0000    7.500012589.6348   22.7721
    7.5000   15.0000    7.500011899.9062   22.8044
   -7.5000   22.5000    7.500011384.1738   22.6696
    0.0000   22.5000    7.500011865.4170   22.7236
    7.5000   22.5000    7.500011240.9766   22.7567
   -7.5000   30.0000    7.500010612.5723   22.3249
    0.0000   30.0000    7.500011078.5938   22.3837
    7.5000   30.0000    7.500010547.5205   22.4239
   -7.5000   37.5000    7.500010199.4463   22.3069
    0.0000   37.5000    7.500010621.6992   22.3665
    7.5000   37.5000    7.500010165.4521   22.4152
   -7.5000   45.0000    7.5000 9501.2744   21.8215
    0.0000   45.0000    7.5000 9851.4385   21.8741
    7.5000   45.0000    7.5000 9480.5254   21.9213
   -7.5000  -45.0000   15.0000 8084.1963   22.6506
    0.0000  -45.0000   15.0000 8392.5273   22.7115
    7.5000  -45.0000   15.0000 7962.8608   22.7633
   -7.5000  -37.5000   15.0000 8913.9570   22.7038
    0.0000  -37.5000   15.0000 9257.1494   22.7571
    7.5000  -37.5000   15.0000 8788.6836   22.7993
   -7.5000  -30.0000   15.0000 9941.4873   22.7247
    0.0000  -30.0000   15.000010344.0830   22.7751
    7.5000  -30.0000   15.0000 9827.3545   22.8047
   -7.5000  -22.5000   15.000010632.0742   22.6890
    0.0000  -22.5000   15.000011056.2334   22.7429
    7.5000  -22.5000   15.000010591.7432   22.7681
   -7.5000  -15.0000   15.000011089.9482   22.6387
    0.0000  -15.0000   15.000011527.9717   22.6971
    7.5000  -15.0000   15.000011120.2227   22.7291
   -7.5000   -7.5000   15.000011716.8682   22.6213
    0.0000   -7.5000   15.000012254.5117   22.6838
    7.5000   -7.5000   15.000011702.4473   22.7296
   -7.5000    0.0000   15.000012466.5732   22.6506
    0.0000    0.0000   15.000013108.0859   22.7115
    7.5000    0.0000   15.000012355.0508   22.7633
   -7.5000    7.5000   15.000012164.2412   22.7038
    0.0000    7.5000   15.000012766.2109   22.7571
    7.5000    7.5000   15.000012027.3799   22.7993
   -7.5000   15.0000   15.000011595.7852   22.7247
    0.0000   15.0000   15.000012107.4941   22.7751
    7.5000   15.0000   15.000011492.2725   22.8047
   -7.5000   22.5000   15.000010925.4834   22.6785
    0.0000   22.5000   15.000011406.9697   22.7324
    7.5000   22.5000   15.000010867.3809   22.7576
   -7.5000   30.0000   15.000010212.1621   22.3457
    0.0000   30.0000   15.000010655.7998   22.4034
    7.5000   30.0000   15.000010194.2988   22.4349
   -7.5000   37.5000   15.0000 9848.8320   22.3285
    0.0000   37.5000   15.000010249.7900   22.3902
    7.5000   37.5000   15.0000 9854.4658   22.4355
   -7.5000   45.0000   15.0000 9185.5693   21.8326
    0.0000   45.0000   15.0000 9534.7803   21.8913
    7.5000   45.0000   15.0000 9190.3027   21.9412
   -7.5000  -45.0000   22.5000 7646.0171   22.6317
    0.0000  -45.0000   22.5000 7960.3438   22.6939
    7.5000  -45.0000   22.5000 7567.9141   22.7486
   -7.5000  -37.5000   22.5000 8451.8975   22.6865
    0.0000  -37.5000   22.5000 8795.2900   22.7376
    7.5000  -37.5000   22.5000 8365.2568   22.7807
   -7.5000  -30.0000   22.5000 9439.0166   22.7236
    0.0000  -30.0000   22.5000 9827.6807   22.7684
    7.5000  -30.0000   22.5000 9349.4629   22.7952
   -7.5000  -22.5000   22.500010187.8330   22.7024
    0.0000  -22.5000   22.500010570.5400   22.7508
    7.5000  -22.5000   22.500010111.4170   22.7713
   -7.5000  -15.0000   22.500010735.6396   22.6538
    0.0000  -15.0000   22.500011159.1289   22.7104
    7.5000  -15.0000   22.500010710.0273   22.7388
   -7.5000   -7.5000   22.500011392.0020   22.6202
    0.0000   -7.5000   22.500011884.8496   22.6842
    7.5000   -7.5000   22.500011360.9258   22.7305
   -7.5000    0.0000   22.500012008.3008   22.6317
    0.0000    0.0000   22.500012576.9219   22.6939
    7.5000    0.0000   22.500011966.7461   22.7486
   -7.5000    7.5000   22.500011643.7344   22.6865
    0.0000    7.5000   22.500012172.6885   22.7376
    7.5000    7.5000   22.500011622.7432   22.7807
   -7.5000   15.0000   22.500011108.4287   22.7236
    0.0000   15.0000   22.500011593.0732   22.7684
    7.5000   15.0000   22.500011112.5850   22.7952
   -7.5000   22.5000   22.500010502.6172   22.6919
    0.0000   22.5000   22.500010951.3037   22.7404
    7.5000   22.5000   22.500010503.0400   22.7608
   -7.5000   30.0000   22.5000 9833.5596   22.3606
    0.0000   30.0000   22.500010241.1689   22.4165
    7.5000   30.0000   22.5000 9844.9746   22.4445
   -7.5000   37.5000   22.5000 9524.7588   22.3274
    0.0000   37.5000   22.5000 9870.9404   22.3906
    7.5000   37.5000   22.5000 9512.8428   22.4363
   -7.5000   45.0000   22.5000 8876.7275   21.8143
    0.0000   45.0000   22.5000 9199.6221   21.8743
    7.5000   45.0000   22.5000 8839.3154   21.9270
   -7.5000  -45.0000   30.0000 7111.9199   22.6014
    0.0000  -45.0000   30.0000 7413.6650   22.6594
    7.5000  -45.0000   30.0000 7051.7061   22.7139
   -7.5000  -37.5000   30.0000 7859.3882   22.6685
    0.0000  -37.5000   30.0000 8194.5957   22.7108
    7.5000  -37.5000   30.0000 7799.5752   22.7518
   -7.5000  -30.0000   30.0000 8787.2188   22.7243
    0.0000  -30.0000   30.0000 9163.6211   22.7599
    7.5000  -30.0000   30.0000 8719.8037   22.7862
   -7.5000  -22.5000   30.0000 9535.7139   22.7091
    0.0000  -22.5000   30.0000 9929.5303   22.7532
    7.5000  -22.5000   30.0000 9481.7832   22.7757
   -7.5000  -15.0000   30.000010203.2598   22.6504
    0.0000  -15.0000   30.000010622.9775   22.7075
    7.5000  -15.0000   30.000010133.4697   22.7400
   -7.5000   -7.5000   30.000010929.6104   22.5984
    0.0000   -7.5000   30.000011407.5146   22.6628
    7.5000   -7.5000   30.000010840.9092   22.7126
   -7.5000    0.0000   30.000011528.5215   22.6014
    0.0000    0.0000   30.000012028.7266   22.6594
    7.5000    0.0000   30.000011419.2168   22.7139
   -7.5000    7.5000   30.000011152.7969   22.6685
    0.0000    7.5000   30.000011622.2080   22.7108
    7.5000    7.5000   30.000011080.3213   22.7518
   -7.5000   15.0000   30.000010641.9102   22.7243
    0.0000   15.0000   30.000011077.6494   22.7599
    7.5000   15.0000   30.000010598.9365   22.7862
   -7.5000   22.5000   30.000010055.9775   22.6986
    0.0000   22.5000   30.000010463.3398   22.7427
    7.5000   22.5000   30.000010028.1230   22.7652
   -7.5000   30.0000   30.0000 9416.1113   22.3572
    0.0000   30.0000   30.0000 9800.0029   22.4136
    7.5000   30.0000   30.0000 9403.0244   22.4457
   -7.5000   37.5000   30.0000 9105.8965   22.3060
    0.0000   37.5000   30.0000 9458.0508   22.3695
    7.5000   37.5000   30.0000 9071.7754   22.4186
   -7.5000   45.0000   30.0000 8484.8662   21.7852
    0.0000   45.0000   30.0000 8812.5322   21.8411
    7.5000   45.0000   30.0000 8430.4668   21.8936
   -7.5000  -45.0000   37.5000 6781.4609   22.5920
    0.0000  -45.0000   37.5000 7089.9492   22.6449
    7.5000  -45.0000   37.5000 6728.9092   22.6965
   -7.5000  -37.5000   37.5000 7503.1611   22.6701
    0.0000  -37.5000   37.5000 7834.1157   22.7060
    7.5000  -37.5000   37.5000 7442.9600   22.7451
   -7.5000  -30.0000   37.5000 8384.7383   22.7273
    0.0000  -30.0000   37.5000 8741.7998   22.7596
    7.5000  -30.0000   37.5000 8315.6963   22.7893
   -7.5000  -22.5000   37.5000 9152.3516   22.7017
    0.0000  -22.5000   37.5000 9528.0967   22.7468
    7.5000  -22.5000   37.5000 9080.4219   22.7769
   -7.5000  -15.0000   37.5000 9880.6426   22.6305
    0.0000  -15.0000   37.500010303.8291   22.6896
    7.5000  -15.0000   37.5000 9820.7754   22.7299
   -7.5000   -7.5000   37.500010631.8789   22.5780
    0.0000   -7.5000   37.500011098.6475   22.6413
    7.5000   -7.5000   37.500010538.2461   22.6937
   -7.5000    0.0000   37.500011249.8936   22.5920
    0.0000    0.0000   37.500011723.0137   22.6449
    7.5000    0.0000   37.500011122.7080   22.6965
   -7.5000    7.5000   37.500010928.8486   22.6701
    0.0000    7.5000   37.500011375.3154   22.7060
    7.5000    7.5000   37.500010806.9893   22.7451
   -7.5000   15.0000   37.500010459.7021   22.7273
    0.0000   15.0000   37.500010868.0996   22.7596
    7.5000   15.0000   37.500010356.1084   22.7893
   -7.5000   22.5000   37.5000 9900.8037   22.6913
    0.0000   22.5000   37.500010305.2266   22.7363
    7.5000   22.5000   37.5000 9821.4453   22.7664
   -7.5000   30.0000   37.5000 9242.1602   22.3376
    0.0000   30.0000   37.5000 9623.6426   22.3960
    7.5000   30.0000   37.5000 9197.3076   22.4357
   -7.5000   37.5000   37.5000 8936.6826   22.2858
    0.0000   37.5000   37.5000 9284.6582   22.3483
    7.5000   37.5000   37.5000 8877.1436   22.4000
   -7.5000   45.0000   37.5000 8355.3867   21.7761
    0.0000   45.0000   37.5000 8682.1807   21.8270
    7.5000   45.0000   37.5000 8273.3066   21.8768
   -7.5000  -45.0000   45.0000 6135.0659   22.4990
    0.0000  -45.0000   45.0000 6399.5635   22.5476
    7.5000  -45.0000   45.0000 6074.1387   22.5947
   -7.5000  -37.5000   45.0000 6777.4932   22.5758
    0.0000  -37.5000   45.0000 7071.9995   22.6109
    7.5000  -37.5000   45.0000 6722.7891   22.6474
   -7.5000  -30.0000   45.0000 7592.5156   22.6155
    0.0000  -30.0000   45.0000 7917.6519   22.6506
    7.5000  -30.0000   45.0000 7519.7109   22.6813
   -7.5000  -22.5000   45.0000 8311.9365   22.5732
    0.0000  -22.5000   45.0000 8644.5596   22.6207
    7.5000  -22.5000   45.0000 8233.7354   22.6541
   -7.5000  -15.0000   45.0000 9015.8545   22.4997
    0.0000  -15.0000   45.0000 9403.8926   22.5574
    7.5000  -15.0000   45.0000 8943.7949   22.5999
   -7.5000   -7.5000   45.0000 9735.3926   22.4652
    0.0000   -7.5000   45.000010156.7637   22.5240
    7.5000   -7.5000   45.0000 9646.3828   22.5743
   -7.5000    0.0000   45.000010301.6953   22.4990
    0.0000    0.0000   45.000010718.5791   22.5476
    7.5000    0.0000   45.000010196.6396   22.5947
   -7.5000    7.5000   45.000010006.8408   22.5758
    0.0000    7.5000   45.000010412.2803   22.6109
    7.5000    7.5000   45.0000 9911.2324   22.6474
   -7.5000   15.0000   45.0000 9587.9463   22.6155
    0.0000   15.0000   45.0000 9986.6699   22.6506
    7.5000   15.0000   45.0000 9518.9316   22.6813
   -7.5000   22.5000   45.0000 9114.6055   22.5627
    0.0000   22.5000   45.0000 9487.6533   22.6102
    7.5000   22.5000   45.0000 9043.2412   22.6436
   -7.5000   30.0000   45.0000 8550.5322   22.2065
    0.0000   30.0000   45.0000 8897.2627   22.2636
    7.5000   30.0000   45.0000 8488.1230   22.3055
   -7.5000   37.5000   45.0000 8300.3691   22.1725
    0.0000   37.5000   45.0000 8621.6250   22.2306
    7.5000   37.5000   45.0000 8232.5947   22.2803
   -7.5000   45.0000   45.0000 7768.5522   21.6962
    0.0000   45.0000   45.0000 8079.0312   21.7431
    7.5000   45.0000   45.0000 7688.5366   21.7885

---------------------------------------------------------------------
imgreg_4dfp /opt/freesurfer/average/711-2C_as_mni_average_305 /opt/freesurfer/average/711-2B_as_mni_average_305_mask talsrcimg_g11 none talsrcimg_to_711-2C_as_mni_average_305_t4 4355
---------------------------------------------------------------------

freesurfer imgreg_4dfp.c
/opt/freesurfer/average/711-2C_as_mni_average_305.4dfp.img
       256       256       256         1
  1.000000  1.000000  1.000000
orientation T byte_order littleendian
Reading image: /opt/freesurfer/average/711-2C_as_mni_average_305.4dfp.img
dimensions:      256       256       256
mmppix:       1.0000   -1.0000   -1.0000
center:     128.0000 -129.0000 -129.0000
/opt/freesurfer/average/711-2B_as_mni_average_305_mask.4dfp.img
       256       256       256         1
  1.000000  1.000000  1.000000
orientation T byte_order littleendian
Reading mask: /opt/freesurfer/average/711-2B_as_mni_average_305_mask.4dfp.img (2306576 pixels)
talsrcimg_g11.4dfp.img
       256       256       256         1
  1.000000  1.000000  1.000000
orientation T byte_order littleendian
Reading image: talsrcimg_g11.4dfp.img
dimensions:      256       256       256
mmppix:       1.0000   -1.0000   -1.0000
center:     128.0000 -129.0000 -129.0000
rotation matrix determinant  1.000000
image alignment mode   4355 decimal     1103 hex
   -7.5000  -45.0000  -45.0000 1458.7214   24.8794
    0.0000  -45.0000  -45.0000 1465.1384   24.8440
    7.5000  -45.0000  -45.0000 1451.5822   25.1755
   -7.5000  -37.5000  -45.0000 1588.0574   21.5988
    0.0000  -37.5000  -45.0000 1596.2178   21.5340
    7.5000  -37.5000  -45.0000 1580.4998   21.9307
   -7.5000  -30.0000  -45.0000 1705.7296   19.2845
    0.0000  -30.0000  -45.0000 1714.9435   19.2421
    7.5000  -30.0000  -45.0000 1699.3792   19.5733
   -7.5000  -22.5000  -45.0000 1812.0709   17.4483
    0.0000  -22.5000  -45.0000 1815.7533   17.4264
    7.5000  -22.5000  -45.0000 1793.7994   17.7424
   -7.5000  -15.0000  -45.0000 1891.0172   16.0608
    0.0000  -15.0000  -45.0000 1897.3647   16.0370
    7.5000  -15.0000  -45.0000 1869.3545   16.3577
   -7.5000   -7.5000  -45.0000 1946.6028   15.1299
    0.0000   -7.5000  -45.0000 1953.7401   15.1054
    7.5000   -7.5000  -45.0000 1921.8868   15.3720
   -7.5000    0.0000  -45.0000 1976.3287   14.6193
    0.0000    0.0000  -45.0000 1982.1960   14.5906
    7.5000    0.0000  -45.0000 1943.3125   14.8800
   -7.5000    7.5000  -45.0000 1982.9196   14.5359
    0.0000    7.5000  -45.0000 1988.2374   14.5196
    7.5000    7.5000  -45.0000 1951.8291   14.8408
   -7.5000   15.0000  -45.0000 1959.7715   14.8089
    0.0000   15.0000  -45.0000 1964.7905   14.8030
    7.5000   15.0000  -45.0000 1931.7078   15.1287
   -7.5000   22.5000  -45.0000 1907.1071   15.4372
    0.0000   22.5000  -45.0000 1920.3235   15.3743
    7.5000   22.5000  -45.0000 1882.4091   15.7070
   -7.5000   30.0000  -45.0000 1838.8240   16.3237
    0.0000   30.0000  -45.0000 1853.3929   16.2799
    7.5000   30.0000  -45.0000 1808.3214   16.6084
   -7.5000   37.5000  -45.0000 1750.6069   17.7296
    0.0000   37.5000  -45.0000 1763.1191   17.6913
    7.5000   37.5000  -45.0000 1722.2216   18.0688
   -7.5000   45.0000  -45.0000 1642.4509   19.8013
    0.0000   45.0000  -45.0000 1649.2074   19.7486
    7.5000   45.0000  -45.0000 1608.8352   20.3008
   -7.5000  -45.0000  -37.5000 1531.3289   22.7488
    0.0000  -45.0000  -37.5000 1537.0558   22.7260
    7.5000  -45.0000  -37.5000 1519.6177   23.1487
   -7.5000  -37.5000  -37.5000 1672.5267   19.9439
    0.0000  -37.5000  -37.5000 1677.5845   19.8984
    7.5000  -37.5000  -37.5000 1658.6023   20.2262
   -7.5000  -30.0000  -37.5000 1792.3114   17.7821
    0.0000  -30.0000  -37.5000 1800.5216   17.7440
    7.5000  -30.0000  -37.5000 1781.0226   18.0592
   -7.5000  -22.5000  -37.5000 1898.1310   16.0683
    0.0000  -22.5000  -37.5000 1904.9427   16.0292
    7.5000  -22.5000  -37.5000 1882.4773   16.3763
   -7.5000  -15.0000  -37.5000 1979.5798   14.8494
    0.0000  -15.0000  -37.5000 1992.5442   14.7904
    7.5000  -15.0000  -37.5000 1956.1486   15.0534
   -7.5000   -7.5000  -37.5000 2037.5210   13.9704
    0.0000   -7.5000  -37.5000 2049.4360   13.9165
    7.5000   -7.5000  -37.5000 2010.3826   14.1971
   -7.5000    0.0000  -37.5000 2069.7283   13.5404
    0.0000    0.0000  -37.5000 2081.0967   13.4881
    7.5000    0.0000  -37.5000 2040.2020   13.7945
   -7.5000    7.5000  -37.5000 2078.7739   13.4679
    0.0000    7.5000  -37.5000 2088.8735   13.4299
    7.5000    7.5000  -37.5000 2051.3008   13.7196
   -7.5000   15.0000  -37.5000 2048.0679   13.6942
    0.0000   15.0000  -37.5000 2063.4717   13.6707
    7.5000   15.0000  -37.5000 2026.8746   13.9491
   -7.5000   22.5000  -37.5000 1999.0138   14.2205
    0.0000   22.5000  -37.5000 2015.4886   14.1796
    7.5000   22.5000  -37.5000 1970.0433   14.4576
   -7.5000   30.0000  -37.5000 1917.6461   15.0098
    0.0000   30.0000  -37.5000 1940.9221   14.9657
    7.5000   30.0000  -37.5000 1895.3469   15.2430
   -7.5000   37.5000  -37.5000 1828.5217   16.2029
    0.0000   37.5000  -37.5000 1845.6030   16.1625
    7.5000   37.5000  -37.5000 1801.4575   16.5198
   -7.5000   45.0000  -37.5000 1715.8213   18.1120
    0.0000   45.0000  -37.5000 1726.0920   18.0597
    7.5000   45.0000  -37.5000 1685.7058   18.4861
   -7.5000  -45.0000  -30.0000 1635.1768   21.7679
    0.0000  -45.0000  -30.0000 1639.2247   21.7788
    7.5000  -45.0000  -30.0000 1618.3522   22.1753
   -7.5000  -37.5000  -30.0000 1779.9336   19.1007
    0.0000  -37.5000  -30.0000 1787.2123   19.0674
    7.5000  -37.5000  -30.0000 1764.7859   19.4087
   -7.5000  -30.0000  -30.0000 1904.4176   17.0126
    0.0000  -30.0000  -30.0000 1916.5577   16.9778
    7.5000  -30.0000  -30.0000 1893.3026   17.3375
   -7.5000  -22.5000  -30.0000 2010.6788   15.4393
    0.0000  -22.5000  -30.0000 2022.3265   15.3633
    7.5000  -22.5000  -30.0000 1994.5166   15.6750
   -7.5000  -15.0000  -30.0000 2095.3457   14.2669
    0.0000  -15.0000  -30.0000 2110.9758   14.2056
    7.5000  -15.0000  -30.0000 2078.5652   14.4681
   -7.5000   -7.5000  -30.0000 2157.2490   13.4698
    0.0000   -7.5000  -30.0000 2175.0823   13.3940
    7.5000   -7.5000  -30.0000 2137.5725   13.6706
   -7.5000    0.0000  -30.0000 2196.7979   13.0637
    0.0000    0.0000  -30.0000 2215.8960   12.9883
    7.5000    0.0000  -30.0000 2174.5239   13.2971
   -7.5000    7.5000  -30.0000 2212.4771   12.9711
    0.0000    7.5000  -30.0000 2227.6892   12.9262
    7.5000    7.5000  -30.0000 2187.1868   13.2028
   -7.5000   15.0000  -30.0000 2176.1038   13.1651
    0.0000   15.0000  -30.0000 2203.0850   13.1337
    7.5000   15.0000  -30.0000 2161.8921   13.4012
   -7.5000   22.5000  -30.0000 2128.6133   13.5972
    0.0000   22.5000  -30.0000 2149.9570   13.5523
    7.5000   22.5000  -30.0000 2104.8818   13.8280
   -7.5000   30.0000  -30.0000 2043.3364   14.3443
    0.0000   30.0000  -30.0000 2064.9365   14.2811
    7.5000   30.0000  -30.0000 2020.3853   14.5647
   -7.5000   37.5000  -30.0000 1943.2084   15.4455
    0.0000   37.5000  -30.0000 1956.3204   15.3979
    7.5000   37.5000  -30.0000 1919.2754   15.6932
   -7.5000   45.0000  -30.0000 1816.1212   17.1769
    0.0000   45.0000  -30.0000 1827.7043   17.1644
    7.5000   45.0000  -30.0000 1791.7708   17.4859
   -7.5000  -45.0000  -22.5000 1708.3669   20.7690
    0.0000  -45.0000  -22.5000 1713.1753   20.7745
    7.5000  -45.0000  -22.5000 1692.6785   21.2267
   -7.5000  -37.5000  -22.5000 1860.1697   18.1847
    0.0000  -37.5000  -22.5000 1866.0081   18.1199
    7.5000  -37.5000  -22.5000 1840.2448   18.5197
   -7.5000  -30.0000  -22.5000 1987.0881   16.2371
    0.0000  -30.0000  -22.5000 1997.7723   16.1700
    7.5000  -30.0000  -22.5000 1970.1991   16.5121
   -7.5000  -22.5000  -22.5000 2094.3022   14.7493
    0.0000  -22.5000  -22.5000 2109.6401   14.6784
    7.5000  -22.5000  -22.5000 2078.8708   14.9621
   -7.5000  -15.0000  -22.5000 2187.5793   13.6271
    0.0000  -15.0000  -22.5000 2205.0457   13.5746
    7.5000  -15.0000  -22.5000 2170.3936   13.8198
   -7.5000   -7.5000  -22.5000 2253.6580   12.9042
    0.0000   -7.5000  -22.5000 2279.3645   12.8414
    7.5000   -7.5000  -22.5000 2240.8230   13.1113
   -7.5000    0.0000  -22.5000 2301.1514   12.5449
    0.0000    0.0000  -22.5000 2324.2778   12.4527
    7.5000    0.0000  -22.5000 2282.7061   12.7363
   -7.5000    7.5000  -22.5000 2319.9973   12.4228
    0.0000    7.5000  -22.5000 2343.1111   12.3931
    7.5000    7.5000  -22.5000 2295.7861   12.6542
   -7.5000   15.0000  -22.5000 2298.4697   12.5726
    0.0000   15.0000  -22.5000 2325.5256   12.5294
    7.5000   15.0000  -22.5000 2274.8020   12.7806
   -7.5000   22.5000  -22.5000 2244.1841   12.9716
    0.0000   22.5000  -22.5000 2268.8728   12.9117
    7.5000   22.5000  -22.5000 2219.1523   13.1216
   -7.5000   30.0000  -22.5000 2153.3367   13.6456
    0.0000   30.0000  -22.5000 2172.9888   13.5791
    7.5000   30.0000  -22.5000 2129.0664   13.8247
   -7.5000   37.5000  -22.5000 2036.7681   14.6586
    0.0000   37.5000  -22.5000 2049.2449   14.6222
    7.5000   37.5000  -22.5000 2012.2155   14.8757
   -7.5000   45.0000  -22.5000 1898.9902   16.2807
    0.0000   45.0000  -22.5000 1909.9175   16.2180
    7.5000   45.0000  -22.5000 1876.9082   16.5055
   -7.5000  -45.0000  -15.0000 1755.1666   19.9674
    0.0000  -45.0000  -15.0000 1757.4285   19.9324
    7.5000  -45.0000  -15.0000 1732.2352   20.3669
   -7.5000  -37.5000  -15.0000 1908.3900   17.4470
    0.0000  -37.5000  -15.0000 1914.6896   17.3819
    7.5000  -37.5000  -15.0000 1882.0984   17.7052
   -7.5000  -30.0000  -15.0000 2038.6945   15.5227
    0.0000  -30.0000  -15.0000 2049.0283   15.4575
    7.5000  -30.0000  -15.0000 2016.5952   15.7805
   -7.5000  -22.5000  -15.0000 2153.8284   14.0790
    0.0000  -22.5000  -15.0000 2169.8994   14.0333
    7.5000  -22.5000  -15.0000 2135.5759   14.2903
   -7.5000  -15.0000  -15.0000 2252.4773   13.0174
    0.0000  -15.0000  -15.0000 2267.2925   12.9739
    7.5000  -15.0000  -15.0000 2232.8040   13.1905
   -7.5000   -7.5000  -15.0000 2331.3301   12.3548
    0.0000   -7.5000  -15.0000 2357.3215   12.2879
    7.5000   -7.5000  -15.0000 2316.6238   12.5321
   -7.5000    0.0000  -15.0000 2384.2671   11.9920
    0.0000    0.0000  -15.0000 2411.4556   11.9467
    7.5000    0.0000  -15.0000 2362.9915   12.1643
   -7.5000    7.5000  -15.0000 2409.1204   11.9128
    0.0000    7.5000  -15.0000 2436.9644   11.8672
    7.5000    7.5000  -15.0000 2383.4932   12.0781
   -7.5000   15.0000  -15.0000 2401.2717   12.0313
    0.0000   15.0000  -15.0000 2425.3398   11.9866
    7.5000   15.0000  -15.0000 2367.1147   12.1869
   -7.5000   22.5000  -15.0000 2343.1873   12.3802
    0.0000   22.5000  -15.0000 2362.7244   12.3238
    7.5000   22.5000  -15.0000 2310.5371   12.4894
   -7.5000   30.0000  -15.0000 2240.2151   12.9964
    0.0000   30.0000  -15.0000 2262.0574   12.9348
    7.5000   30.0000  -15.0000 2214.9976   13.1144
   -7.5000   37.5000  -15.0000 2110.7595   13.9503
    0.0000   37.5000  -15.0000 2126.1357   13.9103
    7.5000   37.5000  -15.0000 2086.4656   14.1378
   -7.5000   45.0000  -15.0000 1961.7236   15.4543
    0.0000   45.0000  -15.0000 1972.8933   15.4171
    7.5000   45.0000  -15.0000 1938.8774   15.6437
   -7.5000  -45.0000   -7.5000 1781.0383   19.2923
    0.0000  -45.0000   -7.5000 1780.4268   19.2525
    7.5000  -45.0000   -7.5000 1750.4407   19.6993
   -7.5000  -37.5000   -7.5000 1937.3242   16.8051
    0.0000  -37.5000   -7.5000 1940.1764   16.7691
    7.5000  -37.5000   -7.5000 1906.1219   17.1072
   -7.5000  -30.0000   -7.5000 2073.9619   14.9315
    0.0000  -30.0000   -7.5000 2081.3396   14.8717
    7.5000  -30.0000   -7.5000 2045.9622   15.1706
   -7.5000  -22.5000   -7.5000 2192.9033   13.4560
    0.0000  -22.5000   -7.5000 2207.8235   13.4134
    7.5000  -22.5000   -7.5000 2172.5835   13.6920
   -7.5000  -15.0000   -7.5000 2304.7429   12.4142
    0.0000  -15.0000   -7.5000 2319.9346   12.3728
    7.5000  -15.0000   -7.5000 2283.5044   12.6139
   -7.5000   -7.5000   -7.5000 2395.8169   11.8127
    0.0000   -7.5000   -7.5000 2420.7249   11.7592
    7.5000   -7.5000   -7.5000 2374.7188   11.9737
   -7.5000    0.0000   -7.5000 2456.6106   11.5054
    0.0000    0.0000   -7.5000 2487.9780   11.4720
    7.5000    0.0000   -7.5000 2432.1548   11.6298
   -7.5000    7.5000   -7.5000 2494.1816   11.4498
    0.0000    7.5000   -7.5000 2520.5664   11.4047
    7.5000    7.5000   -7.5000 2458.9739   11.5468
   -7.5000   15.0000   -7.5000 2486.4509   11.5689
    0.0000   15.0000   -7.5000 2510.3154   11.5175
    7.5000   15.0000   -7.5000 2446.8486   11.6559
   -7.5000   22.5000   -7.5000 2418.3958   11.8499
    0.0000   22.5000   -7.5000 2443.2554   11.8023
    7.5000   22.5000   -7.5000 2386.9824   11.9394
   -7.5000   30.0000   -7.5000 2309.7717   12.3945
    0.0000   30.0000   -7.5000 2333.6853   12.3333
    7.5000   30.0000   -7.5000 2280.7444   12.5025
   -7.5000   37.5000   -7.5000 2164.4912   13.3099
    0.0000   37.5000   -7.5000 2192.8967   13.2769
    7.5000   37.5000   -7.5000 2142.2761   13.4633
   -7.5000   45.0000   -7.5000 2014.1874   14.7006
    0.0000   45.0000   -7.5000 2031.1310   14.6856
    7.5000   45.0000   -7.5000 1991.0822   14.8819
   -7.5000  -45.0000    0.0000 1791.7548   18.9644
    0.0000  -45.0000    0.0000 1788.8245   18.9135
    7.5000  -45.0000    0.0000 1754.5010   19.3286
   -7.5000  -37.5000    0.0000 1950.4397   16.4457
    0.0000  -37.5000    0.0000 1951.6533   16.4149
    7.5000  -37.5000    0.0000 1915.0076   16.7671
   -7.5000  -30.0000    0.0000 2089.6936   14.5097
    0.0000  -30.0000    0.0000 2098.9600   14.4747
    7.5000  -30.0000    0.0000 2059.5833   14.7669
   -7.5000  -22.5000    0.0000 2218.4500   13.0034
    0.0000  -22.5000    0.0000 2232.6570   12.9792
    7.5000  -22.5000    0.0000 2196.5266   13.2570
   -7.5000  -15.0000    0.0000 2342.3599   11.9537
    0.0000  -15.0000    0.0000 2361.4880   11.9198
    7.5000  -15.0000    0.0000 2319.3064   12.1702
   -7.5000   -7.5000    0.0000 2443.9744   11.4000
    0.0000   -7.5000    0.0000 2474.8250   11.3743
    7.5000   -7.5000    0.0000 2423.4607   11.5585
   -7.5000    0.0000    0.0000 2520.2734   11.1634
    0.0000    0.0000    0.0000 2553.3662   11.1448
    7.5000    0.0000    0.0000 2496.2539   11.2498
   -7.5000    7.5000    0.0000 2562.1948   11.1561
    0.0000    7.5000    0.0000 2590.1643   11.1193
    7.5000    7.5000    0.0000 2523.3530   11.2075
   -7.5000   15.0000    0.0000 2550.7166   11.2654
    0.0000   15.0000    0.0000 2572.7598   11.2367
    7.5000   15.0000    0.0000 2506.2297   11.3079
   -7.5000   22.5000    0.0000 2477.9009   11.4929
    0.0000   22.5000    0.0000 2505.1355   11.4572
    7.5000   22.5000    0.0000 2442.3040   11.5538
   -7.5000   30.0000    0.0000 2360.2764   11.9594
    0.0000   30.0000    0.0000 2390.6943   11.9174
    7.5000   30.0000    0.0000 2335.3442   12.0426
   -7.5000   37.5000    0.0000 2210.5278   12.8441
    0.0000   37.5000    0.0000 2237.8911   12.8154
    7.5000   37.5000    0.0000 2188.6787   12.9702
   -7.5000   45.0000    0.0000 2054.4956   14.1927
    0.0000   45.0000    0.0000 2071.1499   14.1848
    7.5000   45.0000    0.0000 2028.1401   14.3865
   -7.5000  -45.0000    7.5000 1788.5320   18.9329
    0.0000  -45.0000    7.5000 1782.7297   18.8978
    7.5000  -45.0000    7.5000 1745.8409   19.2338
   -7.5000  -37.5000    7.5000 1943.2875   16.3034
    0.0000  -37.5000    7.5000 1944.8143   16.2908
    7.5000  -37.5000    7.5000 1910.0543   16.6428
   -7.5000  -30.0000    7.5000 2091.2109   14.2894
    0.0000  -30.0000    7.5000 2098.2129   14.2699
    7.5000  -30.0000    7.5000 2060.6587   14.5834
   -7.5000  -22.5000    7.5000 2230.0625   12.7585
    0.0000  -22.5000    7.5000 2242.5032   12.7559
    7.5000  -22.5000    7.5000 2205.9138   13.0334
   -7.5000  -15.0000    7.5000 2364.2458   11.6417
    0.0000  -15.0000    7.5000 2386.4397   11.6267
    7.5000  -15.0000    7.5000 2342.6045   11.9193
   -7.5000   -7.5000    7.5000 2485.6248   11.1297
    0.0000   -7.5000    7.5000 2518.2617   11.1237
    7.5000   -7.5000    7.5000 2457.9451   11.3127
   -7.5000    0.0000    7.5000 2572.2578   11.0007
    0.0000    0.0000    7.5000 2613.7588   10.9900
    7.5000    0.0000    7.5000 2541.2634   11.0835
   -7.5000    7.5000    7.5000 2610.6533   11.0409
    0.0000    7.5000    7.5000 2645.8518   11.0346
    7.5000    7.5000    7.5000 2570.4690   11.0681
   -7.5000   15.0000    7.5000 2584.1914   11.1416
    0.0000   15.0000    7.5000 2605.1804   11.1391
    7.5000   15.0000    7.5000 2544.8547   11.1699
   -7.5000   22.5000    7.5000 2508.5872   11.3375
    0.0000   22.5000    7.5000 2532.4309   11.3073
    7.5000   22.5000    7.5000 2471.2971   11.3808
   -7.5000   30.0000    7.5000 2388.9150   11.7720
    0.0000   30.0000    7.5000 2419.4919   11.7262
    7.5000   30.0000    7.5000 2363.8738   11.8428
   -7.5000   37.5000    7.5000 2237.5222   12.6018
    0.0000   37.5000    7.5000 2262.5388   12.5687
    7.5000   37.5000    7.5000 2211.0710   12.7339
   -7.5000   45.0000    7.5000 2080.0669   13.8922
    0.0000   45.0000    7.5000 2094.1636   13.8819
    7.5000   45.0000    7.5000 2048.8928   14.1051
   -7.5000  -45.0000   15.0000 1764.3125   19.1653
    0.0000  -45.0000   15.0000 1760.4933   19.1222
    7.5000  -45.0000   15.0000 1724.8323   19.5318
   -7.5000  -37.5000   15.0000 1920.3248   16.4072
    0.0000  -37.5000   15.0000 1921.8448   16.3926
    7.5000  -37.5000   15.0000 1890.0071   16.7700
   -7.5000  -30.0000   15.0000 2076.6797   14.3753
    0.0000  -30.0000   15.0000 2082.0342   14.3449
    7.5000  -30.0000   15.0000 2048.2400   14.6676
   -7.5000  -22.5000   15.0000 2223.0027   12.7694
    0.0000  -22.5000   15.0000 2234.5134   12.7668
    7.5000  -22.5000   15.0000 2194.3782   13.0717
   -7.5000  -15.0000   15.0000 2367.4426   11.6359
    0.0000  -15.0000   15.0000 2386.5964   11.6394
    7.5000  -15.0000   15.0000 2341.5583   11.9318
   -7.5000   -7.5000   15.0000 2498.1296   11.0831
    0.0000   -7.5000   15.0000 2530.0000   11.0692
    7.5000   -7.5000   15.0000 2466.4495   11.3049
   -7.5000    0.0000   15.0000 2591.6492   10.9556
    0.0000    0.0000   15.0000 2632.1541   10.9762
    7.5000    0.0000   15.0000 2552.2800   11.0847
   -7.5000    7.5000   15.0000 2618.7854   10.9920
    0.0000    7.5000   15.0000 2654.2720   11.0049
    7.5000    7.5000   15.0000 2577.9324   11.0816
   -7.5000   15.0000   15.0000 2575.2798   11.1008
    0.0000   15.0000   15.0000 2598.5864   11.0995
    7.5000   15.0000   15.0000 2541.5186   11.1725
   -7.5000   22.5000   15.0000 2493.9905   11.3300
    0.0000   22.5000   15.0000 2518.1318   11.3140
    7.5000   22.5000   15.0000 2463.9915   11.4155
   -7.5000   30.0000   15.0000 2379.7808   11.8043
    0.0000   30.0000   15.0000 2404.7563   11.7548
    7.5000   30.0000   15.0000 2352.9678   11.8884
   -7.5000   37.5000   15.0000 2235.1790   12.6030
    0.0000   37.5000   15.0000 2255.0115   12.5519
    7.5000   37.5000   15.0000 2210.0813   12.7466
   -7.5000   45.0000   15.0000 2078.8677   13.8116
    0.0000   45.0000   15.0000 2091.3689   13.7992
    7.5000   45.0000   15.0000 2047.5253   14.0489
   -7.5000  -45.0000   22.5000 1728.6221   19.6875
    0.0000  -45.0000   22.5000 1730.1453   19.6314
    7.5000  -45.0000   22.5000 1700.8760   20.1038
   -7.5000  -37.5000   22.5000 1890.5457   16.8170
    0.0000  -37.5000   22.5000 1894.4073   16.7856
    7.5000  -37.5000   22.5000 1862.1820   17.2191
   -7.5000  -30.0000   22.5000 2047.1670   14.7053
    0.0000  -30.0000   22.5000 2053.6802   14.6783
    7.5000  -30.0000   22.5000 2017.7996   14.9991
   -7.5000  -22.5000   22.5000 2198.4277   13.0895
    0.0000  -22.5000   22.5000 2209.1614   13.0300
    7.5000  -22.5000   22.5000 2169.4490   13.3711
   -7.5000  -15.0000   22.5000 2343.4800   11.9357
    0.0000  -15.0000   22.5000 2362.6448   11.9058
    7.5000  -15.0000   22.5000 2315.9265   12.1876
   -7.5000   -7.5000   22.5000 2475.7910   11.3304
    0.0000   -7.5000   22.5000 2504.5525   11.3269
    7.5000   -7.5000   22.5000 2446.6252   11.5636
   -7.5000    0.0000   22.5000 2559.9045   11.0995
    0.0000    0.0000   22.5000 2593.8577   11.1190
    7.5000    0.0000   22.5000 2524.2170   11.3138
   -7.5000    7.5000   22.5000 2581.4568   11.0849
    0.0000    7.5000   22.5000 2608.3984   11.0907
    7.5000    7.5000   22.5000 2546.6091   11.2682
   -7.5000   15.0000   22.5000 2532.4915   11.2335
    0.0000   15.0000   22.5000 2555.3718   11.2185
    7.5000   15.0000   22.5000 2507.4863   11.3731
   -7.5000   22.5000   22.5000 2452.1184   11.5131
    0.0000   22.5000   22.5000 2474.1384   11.4705
    7.5000   22.5000   22.5000 2427.4473   11.6314
   -7.5000   30.0000   22.5000 2341.8247   12.0053
    0.0000   30.0000   22.5000 2362.0054   11.9317
    7.5000   30.0000   22.5000 2321.0840   12.1224
   -7.5000   37.5000   22.5000 2215.0083   12.7912
    0.0000   37.5000   22.5000 2223.2019   12.7256
    7.5000   37.5000   22.5000 2189.2881   12.9361
   -7.5000   45.0000   22.5000 2059.5251   13.9533
    0.0000   45.0000   22.5000 2070.1460   13.9191
    7.5000   45.0000   22.5000 2033.7308   14.1497
   -7.5000  -45.0000   30.0000 1687.0858   20.5338
    0.0000  -45.0000   30.0000 1695.1672   20.4692
    7.5000  -45.0000   30.0000 1670.5421   20.9880
   -7.5000  -37.5000   30.0000 1851.8032   17.5135
    0.0000  -37.5000   30.0000 1860.7174   17.4614
    7.5000  -37.5000   30.0000 1828.1708   17.8932
   -7.5000  -30.0000   30.0000 2002.4393   15.3026
    0.0000  -30.0000   30.0000 2016.3945   15.2612
    7.5000  -30.0000   30.0000 1980.9060   15.6325
   -7.5000  -22.5000   30.0000 2151.9436   13.6745
    0.0000  -22.5000   30.0000 2169.1323   13.6097
    7.5000  -22.5000   30.0000 2128.1182   13.9236
   -7.5000  -15.0000   30.0000 2293.6001   12.5088
    0.0000  -15.0000   30.0000 2314.1748   12.4784
    7.5000  -15.0000   30.0000 2268.1587   12.7561
   -7.5000   -7.5000   30.0000 2416.8596   11.8918
    0.0000   -7.5000   30.0000 2443.0479   11.8914
    7.5000   -7.5000   30.0000 2388.1282   12.1112
   -7.5000    0.0000   30.0000 2485.9683   11.6153
    0.0000    0.0000   30.0000 2510.8989   11.5958
    7.5000    0.0000   30.0000 2454.9084   11.7955
   -7.5000    7.5000   30.0000 2496.2634   11.5463
    0.0000    7.5000   30.0000 2519.5918   11.5263
    7.5000    7.5000   30.0000 2470.8628   11.7244
   -7.5000   15.0000   30.0000 2455.5542   11.6570
    0.0000   15.0000   30.0000 2476.6680   11.6175
    7.5000   15.0000   30.0000 2437.1602   11.8089
   -7.5000   22.5000   30.0000 2381.0549   11.9292
    0.0000   22.5000   30.0000 2403.9194   11.8602
    7.5000   22.5000   30.0000 2366.9897   12.0646
   -7.5000   30.0000   30.0000 2278.6951   12.3855
    0.0000   30.0000   30.0000 2302.2310   12.3037
    7.5000   30.0000   30.0000 2270.2227   12.5143
   -7.5000   37.5000   30.0000 2163.6763   13.1221
    0.0000   37.5000   30.0000 2181.4785   13.0337
    7.5000   37.5000   30.0000 2148.5452   13.2744
   -7.5000   45.0000   30.0000 2023.7699   14.2177
    0.0000   45.0000   30.0000 2041.0576   14.1798
    7.5000   45.0000   30.0000 2005.9889   14.4157
   -7.5000  -45.0000   37.5000 1641.0317   21.7809
    0.0000  -45.0000   37.5000 1650.5883   21.6782
    7.5000  -45.0000   37.5000 1627.6879   22.2100
   -7.5000  -37.5000   37.5000 1801.1438   18.5500
    0.0000  -37.5000   37.5000 1814.3639   18.4718
    7.5000  -37.5000   37.5000 1783.2601   18.9134
   -7.5000  -30.0000   37.5000 1947.5605   16.2369
    0.0000  -30.0000   37.5000 1968.8895   16.1489
    7.5000  -30.0000   37.5000 1929.9203   16.5198
   -7.5000  -22.5000   37.5000 2089.9832   14.5324
    0.0000  -22.5000   37.5000 2111.4907   14.4517
    7.5000  -22.5000   37.5000 2073.3999   14.7766
   -7.5000  -15.0000   37.5000 2223.3635   13.3827
    0.0000  -15.0000   37.5000 2246.4084   13.3521
    7.5000  -15.0000   37.5000 2209.3516   13.5902
   -7.5000   -7.5000   37.5000 2330.4260   12.7725
    0.0000   -7.5000   37.5000 2358.3044   12.7313
    7.5000   -7.5000   37.5000 2315.2070   12.9271
   -7.5000    0.0000   37.5000 2389.0703   12.4176
    0.0000    0.0000   37.5000 2412.1694   12.3905
    7.5000    0.0000   37.5000 2369.7495   12.5610
   -7.5000    7.5000   37.5000 2395.6758   12.3281
    0.0000    7.5000   37.5000 2416.5615   12.2864
    7.5000    7.5000   37.5000 2378.4397   12.4529
   -7.5000   15.0000   37.5000 2360.4451   12.4125
    0.0000   15.0000   37.5000 2377.6340   12.3621
    7.5000   15.0000   37.5000 2345.4453   12.5374
   -7.5000   22.5000   37.5000 2297.8562   12.6174
    0.0000   22.5000   37.5000 2319.3672   12.5679
    7.5000   22.5000   37.5000 2283.7712   12.7694
   -7.5000   30.0000   37.5000 2202.2842   12.9884
    0.0000   30.0000   37.5000 2225.4690   12.9190
    7.5000   30.0000   37.5000 2197.7632   13.1347
   -7.5000   37.5000   37.5000 2099.7488   13.6457
    0.0000   37.5000   37.5000 2116.5317   13.5643
    7.5000   37.5000   37.5000 2090.3513   13.8059
   -7.5000   45.0000   37.5000 1981.9557   14.6660
    0.0000   45.0000   37.5000 1997.8221   14.6173
    7.5000   45.0000   37.5000 1965.2706   14.8400
   -7.5000  -45.0000   45.0000 1579.5552   23.4954
    0.0000  -45.0000   45.0000 1591.7181   23.3079
    7.5000  -45.0000   45.0000 1572.5002   23.7405
   -7.5000  -37.5000   45.0000 1734.4658   19.9943
    0.0000  -37.5000   45.0000 1750.5671   19.8801
    7.5000  -37.5000   45.0000 1725.2290   20.2519
   -7.5000  -30.0000   45.0000 1878.0615   17.5386
    0.0000  -30.0000   45.0000 1901.2333   17.4267
    7.5000  -30.0000   45.0000 1868.4272   17.7247
   -7.5000  -22.5000   45.0000 2012.9231   15.7628
    0.0000  -22.5000   45.0000 2035.9944   15.6619
    7.5000  -22.5000   45.0000 2002.1434   15.9027
   -7.5000  -15.0000   45.0000 2133.8879   14.5488
    0.0000  -15.0000   45.0000 2161.7107   14.4821
    7.5000  -15.0000   45.0000 2128.3040   14.6928
   -7.5000   -7.5000   45.0000 2231.1570   13.8608
    0.0000   -7.5000   45.0000 2259.0593   13.7879
    7.5000   -7.5000   45.0000 2224.1162   13.9681
   -7.5000    0.0000   45.0000 2279.9463   13.4663
    0.0000    0.0000   45.0000 2300.4712   13.3949
    7.5000    0.0000   45.0000 2269.7932   13.5549
   -7.5000    7.5000   45.0000 2282.1936   13.2976
    0.0000    7.5000   45.0000 2301.5869   13.2590
    7.5000    7.5000   45.0000 2273.1555   13.4272
   -7.5000   15.0000   45.0000 2248.9414   13.3363
    0.0000   15.0000   45.0000 2268.4836   13.2869
    7.5000   15.0000   45.0000 2241.7688   13.4518
   -7.5000   22.5000   45.0000 2199.7375   13.4905
    0.0000   22.5000   45.0000 2216.0862   13.4379
    7.5000   22.5000   45.0000 2189.0471   13.6153
   -7.5000   30.0000   45.0000 2120.9438   13.8259
    0.0000   30.0000   45.0000 2139.0896   13.7586
    7.5000   30.0000   45.0000 2111.7344   13.9460
   -7.5000   37.5000   45.0000 2031.0414   14.4074
    0.0000   37.5000   45.0000 2044.0687   14.3484
    7.5000   37.5000   45.0000 2020.2828   14.5732
   -7.5000   45.0000   45.0000 1925.9832   15.3596
    0.0000   45.0000   45.0000 1940.0012   15.3375
    7.5000   45.0000   45.0000 1912.4142   15.5716

---------------------------------------------------------------------
imgreg_4dfp /opt/freesurfer/average/711-2C_as_mni_average_305 /opt/freesurfer/average/711-2B_as_mni_average_305_mask talsrcimg_g11 none talsrcimg_to_711-2C_as_mni_average_305_t4 1283
---------------------------------------------------------------------

freesurfer imgreg_4dfp.c
/opt/freesurfer/average/711-2C_as_mni_average_305.4dfp.img
       256       256       256         1
  1.000000  1.000000  1.000000
orientation T byte_order littleendian
Reading image: /opt/freesurfer/average/711-2C_as_mni_average_305.4dfp.img
dimensions:      256       256       256
mmppix:       1.0000   -1.0000   -1.0000
center:     128.0000 -129.0000 -129.0000
/opt/freesurfer/average/711-2B_as_mni_average_305_mask.4dfp.img
       256       256       256         1
  1.000000  1.000000  1.000000
orientation T byte_order littleendian
Reading mask: /opt/freesurfer/average/711-2B_as_mni_average_305_mask.4dfp.img (2306576 pixels)
talsrcimg_g11.4dfp.img
       256       256       256         1
  1.000000  1.000000  1.000000
orientation T byte_order littleendian
Reading image: talsrcimg_g11.4dfp.img
dimensions:      256       256       256
mmppix:       1.0000   -1.0000   -1.0000
center:     128.0000 -129.0000 -129.0000
rotation matrix determinant  1.000000
fimgreg.f
image alignment mode   1283 decimal      503 hex
parameters
    0.0000    7.5000   15.0000    0.0000    0.0000    0.0000
eta,q 0.83517 10.91305
niter,ni,del,rscale     5    3   12.0000    1.2000
parameter  4  3.147737 ->  0.500000 qaram    1.1500
parameters
   -1.2629    5.4107   12.9663   -3.4500    0.6790   -0.2930
eta,q 0.84485 10.78906
  0.1732  0.1647  0.1634  0.1541  0.1639  0.1609
  0.1665  0.1614  0.1609  0.1550  0.1598  0.1575
  0.1628  0.1611  0.1602  0.1568  0.1568  0.1554
  0.1632  0.1622  0.1611  0.1602  0.1553  0.1552
  0.1686  0.1649  0.1635  0.1635  0.1558  0.1563
  0.1765  0.1690  0.1675  0.1663  0.1577  0.1590
  0.1843  0.1746  0.1730  0.1685  0.1608  0.1615
niter,ni,del,rscale     5    3   12.0000    1.2000
parameter  4  1.451416 ->  0.500000 qaram    1.3225
parameters
   -1.7775    6.7967   12.9096   -7.4175    0.6856   -0.8458
eta,q 0.84896 10.83553
  0.1704  0.1698  0.1618  0.1492  0.1585  0.1559
  0.1615  0.1629  0.1590  0.1506  0.1543  0.1533
  0.1563  0.1582  0.1563  0.1521  0.1519  0.1515
  0.1551  0.1551  0.1542  0.1542  0.1511  0.1511
  0.1589  0.1543  0.1550  0.1587  0.1515  0.1524
  0.1667  0.1566  0.1583  0.1632  0.1545  0.1549
  0.1754  0.1607  0.1631  0.1664  0.1584  0.1577
niter,ni,del,rscale     5    3   12.0000    1.2000
parameter  4  0.687919 ->  0.500000 qaram    1.5209
parameters
   -1.8798    8.1877   12.0881  -11.9801    1.0197   -1.5121
eta,q 0.85275 10.85871
  0.1687  0.1655  0.1558  0.1481  0.1553  0.1521
  0.1597  0.1585  0.1534  0.1475  0.1518  0.1496
  0.1535  0.1538  0.1511  0.1481  0.1490  0.1477
  0.1510  0.1510  0.1503  0.1503  0.1475  0.1474
  0.1536  0.1503  0.1516  0.1535  0.1478  0.1489
  0.1608  0.1522  0.1552  0.1588  0.1503  0.1516
  0.1698  0.1564  0.1614  0.1642  0.1542  0.1543
niter,ni,del,rscale     5    3   12.0000    1.2000
parameters
   -2.0319    9.2595   11.1054  -14.6263    1.5191   -1.1675
eta,q 0.85390 10.87690
  0.1650  0.1622  0.1534  0.1508  0.1544  0.1524
  0.1565  0.1545  0.1497  0.1470  0.1515  0.1497
  0.1498  0.1497  0.1477  0.1464  0.1488  0.1472
  0.1473  0.1472  0.1474  0.1474  0.1464  0.1461
  0.1505  0.1481  0.1488  0.1495  0.1460  0.1468
  0.1577  0.1505  0.1535  0.1538  0.1487  0.1489
  0.1667  0.1537  0.1601  0.1597  0.1533  0.1511
niter,ni,del,rscale     4    3   12.0000    1.2000
parameters
   -2.0729   10.2866   10.2688  -16.1076    1.2215   -0.5755
eta,q 0.85431 10.89955
  0.1649  0.1596  0.1530  0.1513  0.1524  0.1517
  0.1561  0.1521  0.1494  0.1478  0.1494  0.1496
  0.1488  0.1481  0.1467  0.1460  0.1471  0.1472
  0.1461  0.1461  0.1460  0.1459  0.1458  0.1458
  0.1489  0.1464  0.1482  0.1482  0.1464  0.1460
  0.1562  0.1485  0.1527  0.1511  0.1500  0.1479
  0.1657  0.1522  0.1586  0.1561  0.1546  0.1502
niter,ni,del,rscale     3    3   12.0000    1.2000
parameters
   -1.9032   10.9064    9.8133  -16.8231    0.8731   -0.3233
eta,q 0.85438 10.89729
  0.1652  0.1573  0.1534  0.1524  0.1519  0.1511
  0.1565  0.1505  0.1497  0.1488  0.1488  0.1489
  0.1489  0.1469  0.1467  0.1461  0.1466  0.1467
  0.1457  0.1457  0.1457  0.1457  0.1456  0.1457
  0.1477  0.1463  0.1473  0.1476  0.1464  0.1460
  0.1544  0.1486  0.1513  0.1506  0.1497  0.1479
  0.1638  0.1527  0.1564  0.1543  0.1540  0.1507
niter,ni,del,rscale     2    3   12.0000    1.2000
parameters
   -1.7069   11.2496    9.5448  -17.1363    0.6294   -0.2516
eta,q 0.85438 10.88911
  0.1648  0.1561  0.1538  0.1533  0.1520  0.1510
  0.1561  0.1497  0.1500  0.1494  0.1488  0.1485
  0.1488  0.1464  0.1467  0.1462  0.1466  0.1464
  0.1456  0.1456  0.1456  0.1456  0.1456  0.1456
  0.1474  0.1464  0.1468  0.1474  0.1463  0.1462
  0.1539  0.1489  0.1508  0.1503  0.1493  0.1480
  0.1631  0.1534  0.1557  0.1539  0.1535  0.1510
niter,ni,del,rscale     1    3   12.0000    1.2000
parameters
   -1.5653   11.4001    9.4265  -17.2578    0.4764   -0.2262
eta,q 0.85437 10.88358
  0.1644  0.1555  0.1542  0.1538  0.1521  0.1510
  0.1557  0.1494  0.1504  0.1497  0.1489  0.1485
  0.1486  0.1463  0.1469  0.1464  0.1466  0.1463
  0.1456  0.1456  0.1456  0.1456  0.1456  0.1456
  0.1476  0.1465  0.1466  0.1473  0.1462  0.1462
  0.1541  0.1492  0.1504  0.1502  0.1491  0.1481
  0.1632  0.1541  0.1554  0.1539  0.1532  0.1511
registration optimization eta report
parameter search radius
    6.0000    6.0000    6.0000    9.1253    6.0000    6.0000
100000*second partial in parameter space
       50.       26.       25.       10.       20.       15.
  0.1644  0.1555  0.1542  0.1538  0.1521  0.1510
  0.1557  0.1494  0.1504  0.1497  0.1489  0.1485
  0.1486  0.1463  0.1469  0.1464  0.1466  0.1463
  0.1456  0.1456  0.1456  0.1456  0.1456  0.1456
  0.1476  0.1465  0.1466  0.1473  0.1462  0.1462
  0.1541  0.1492  0.1504  0.1502  0.1491  0.1481
  0.1632  0.1541  0.1554  0.1539  0.1532  0.1511
   -1.5653   11.4001    9.4265  -17.2578    0.4764   -0.2262
eta,q 0.85437 10.88358

---------------------------------------------------------------------
imgreg_4dfp /opt/freesurfer/average/711-2C_as_mni_average_305 /opt/freesurfer/average/711-2B_as_mni_average_305_mask talsrcimg_g11 none talsrcimg_to_711-2C_as_mni_average_305_t4 3335
---------------------------------------------------------------------

freesurfer imgreg_4dfp.c
/opt/freesurfer/average/711-2C_as_mni_average_305.4dfp.img
       256       256       256         1
  1.000000  1.000000  1.000000
orientation T byte_order littleendian
Reading image: /opt/freesurfer/average/711-2C_as_mni_average_305.4dfp.img
dimensions:      256       256       256
mmppix:       1.0000   -1.0000   -1.0000
center:     128.0000 -129.0000 -129.0000
/opt/freesurfer/average/711-2B_as_mni_average_305_mask.4dfp.img
       256       256       256         1
  1.000000  1.000000  1.000000
orientation T byte_order littleendian
Reading mask: /opt/freesurfer/average/711-2B_as_mni_average_305_mask.4dfp.img (2306576 pixels)
talsrcimg_g11.4dfp.img
       256       256       256         1
  1.000000  1.000000  1.000000
orientation T byte_order littleendian
Reading image: talsrcimg_g11.4dfp.img
dimensions:      256       256       256
mmppix:       1.0000   -1.0000   -1.0000
center:     128.0000 -129.0000 -129.0000
fimgreg.f
image alignment mode   3335 decimal      D07 hex
parameters
   -1.5653   11.4001    9.4265   -0.0042   -4.5037   -4.5053
    0.6237   -0.6768   -0.3948   29.6700    0.8314  -29.6661
eta,q 0.85388 10.89948
niter,ni,del,rscale     5    3    5.0000    1.2000
parameter  4  7.546219 ->  0.500000 qaram    1.1500
parameter  5 10.454667 ->  0.500000 qaram    1.1500
parameter  6  2.323404 ->  0.500000 qaram    1.1500
parameter 10  1.544441 ->  0.500000 qaram    1.1500
parameter 12 -1.778996 -> -0.500000 qaram    1.1500
parameters
   -1.6369   11.1138   10.1072   -4.1442   -8.6437   -8.6453
    0.2961   -0.6237   -1.8346   25.5300    3.6044  -25.5261
eta,q 0.89449  9.41161
  0.1486  0.1473  0.1485  0.1250  0.1138  0.1080  0.1150  0.1179  0.1138  0.1062  0.1104  0.1141
  0.1472  0.1466  0.1474  0.1314  0.1199  0.1114  0.1137  0.1150  0.1130  0.1076  0.1093  0.1118
  0.1464  0.1462  0.1466  0.1384  0.1264  0.1160  0.1129  0.1132  0.1126  0.1097  0.1086  0.1097
  0.1461  0.1461  0.1461  0.1460  0.1333  0.1216  0.1125  0.1126  0.1126  0.1125  0.1081  0.1079
  0.1465  0.1464  0.1460  0.1538  0.1404  0.1281  0.1129  0.1132  0.1131  0.1160  0.1079  0.1064
  0.1474  0.1471  0.1462  0.1617  0.1476  0.1352  0.1139  0.1149  0.1141  0.1201  0.1080  0.1052
  0.1490  0.1481  0.1468  0.1699  0.1548  0.1428  0.1156  0.1177  0.1155  0.1248  0.1084  0.1044
niter,ni,del,rscale     7    3    5.0000    1.2000
parameter  4  3.148679 ->  0.500000 qaram    1.3225
parameter  5  3.950074 ->  0.500000 qaram    1.3225
parameter  6  1.082349 ->  0.500000 qaram    1.3225
parameter 10  0.575654 ->  0.500000 qaram    1.3225
parameter 12 -1.009788 -> -0.500000 qaram    1.3225
parameters
   -1.5820   11.6678    9.1426   -8.9052  -13.4047  -13.4063
   -0.6196   -1.1980   -2.5240   20.7690    4.4694  -20.7651
eta,q 0.92883  8.00314
  0.1094  0.1093  0.1058  0.0861  0.0740  0.0737  0.0776  0.0804  0.0774  0.0742  0.0748  0.0795
  0.1073  0.1075  0.1052  0.0913  0.0795  0.0746  0.0761  0.0773  0.0760  0.0731  0.0739  0.0769
  0.1060  0.1062  0.1051  0.0977  0.0858  0.0770  0.0753  0.0754  0.0752  0.0733  0.0733  0.0747
  0.1055  0.1055  0.1054  0.1050  0.0929  0.0811  0.0751  0.0751  0.0750  0.0750  0.0730  0.0729
  0.1059  0.1054  0.1061  0.1132  0.1007  0.0869  0.0757  0.0763  0.0756  0.0782  0.0730  0.0717
  0.1071  0.1059  0.1073  0.1221  0.1089  0.0939  0.0772  0.0787  0.0768  0.0826  0.0734  0.0710
  0.1090  0.1069  0.1089  0.1312  0.1174  0.1018  0.0793  0.0822  0.0786  0.0880  0.0741  0.0707
niter,ni,del,rscale     7    3    5.0000    1.2000
parameter  3  0.701353 ->  0.500000 qaram    1.1500
parameter  4  1.194366 ->  0.500000 qaram    1.5209
parameter  5  1.458762 ->  0.500000 qaram    1.5209
parameter 12 -0.512421 -> -0.500000 qaram    1.5209
parameters
   -1.4191   12.1216    7.7626  -14.3804  -18.8798  -17.2001
   -1.2112   -2.1166   -3.4245   19.8768    4.6788  -15.2900
eta,q 0.94778  7.06247
  0.0760  0.0756  0.0703  0.0601  0.0502  0.0543  0.0558  0.0567  0.0553  0.0577  0.0542  0.0572
  0.0735  0.0734  0.0701  0.0612  0.0523  0.0532  0.0541  0.0543  0.0537  0.0549  0.0534  0.0551
  0.0719  0.0719  0.0704  0.0646  0.0562  0.0528  0.0531  0.0529  0.0528  0.0532  0.0529  0.0536
  0.0712  0.0712  0.0710  0.0701  0.0619  0.0532  0.0528  0.0528  0.0527  0.0527  0.0527  0.0527
  0.0715  0.0711  0.0721  0.0774  0.0691  0.0555  0.0534  0.0539  0.0534  0.0536  0.0528  0.0523
  0.0727  0.0718  0.0736  0.0858  0.0774  0.0603  0.0548  0.0561  0.0548  0.0562  0.0533  0.0522
  0.0749  0.0731  0.0755  0.0952  0.0863  0.0673  0.0570  0.0592  0.0570  0.0605  0.0540  0.0526
niter,ni,del,rscale     7    3    5.0000    1.2000
parameter  5  0.686098 ->  0.500000 qaram    1.7490
parameters
   -1.3224   12.8022    6.9209  -18.7911  -25.1763  -16.8545
   -2.7047   -3.0711   -4.7636   18.5434    6.5111  -11.9625
eta,q 0.95269  6.57880
  0.0567  0.0571  0.0526  0.0538  0.0478  0.0509  0.0490  0.0505  0.0489  0.0502  0.0486  0.0493
  0.0543  0.0547  0.0521  0.0517  0.0477  0.0496  0.0481  0.0486  0.0479  0.0485  0.0480  0.0481
  0.0528  0.0531  0.0519  0.0508  0.0484  0.0485  0.0477  0.0476  0.0474  0.0476  0.0476  0.0476
  0.0522  0.0522  0.0520  0.0519  0.0508  0.0477  0.0477  0.0476  0.0475  0.0474  0.0474  0.0474
  0.0526  0.0520  0.0524  0.0558  0.0553  0.0476  0.0483  0.0485  0.0481  0.0481  0.0474  0.0473
  0.0539  0.0525  0.0532  0.0623  0.0618  0.0485  0.0493  0.0501  0.0491  0.0497  0.0475  0.0475
  0.0560  0.0535  0.0543  0.0708  0.0700  0.0512  0.0508  0.0523  0.0505  0.0527  0.0478  0.0477
niter,ni,del,rscale     7    3    5.0000    1.2000
parameter  2 -0.550767 -> -0.500000 qaram    1.1500
parameter 12 -0.623081 -> -0.500000 qaram    1.7490
parameters
   -0.8077   14.1822    6.9218  -20.3380  -31.1385  -16.6370
   -4.6191   -3.0507   -6.2805   19.3726    6.9954   -5.6661
eta,q 0.95430  6.36389
  0.0516  0.0515  0.0475  0.0514  0.0466  0.0489  0.0470  0.0495  0.0469  0.0488  0.0465  0.0470
  0.0496  0.0496  0.0470  0.0492  0.0463  0.0479  0.0463  0.0476  0.0462  0.0476  0.0462  0.0464
  0.0481  0.0481  0.0467  0.0474  0.0461  0.0469  0.0460  0.0464  0.0459  0.0466  0.0459  0.0461
  0.0473  0.0472  0.0466  0.0466  0.0468  0.0462  0.0461  0.0460  0.0460  0.0459  0.0458  0.0458
  0.0472  0.0467  0.0467  0.0475  0.0492  0.0461  0.0466  0.0465  0.0464  0.0458  0.0459  0.0457
  0.0478  0.0466  0.0470  0.0510  0.0538  0.0470  0.0476  0.0476  0.0471  0.0465  0.0460  0.0457
  0.0491  0.0469  0.0475  0.0567  0.0607  0.0493  0.0488  0.0494  0.0480  0.0483  0.0464  0.0457
niter,ni,del,rscale     7    3    5.0000    1.2000
parameters
   -0.4255   15.4485    6.2967  -21.0772  -35.5230  -17.6723
   -4.6339   -2.4737   -6.6369   20.3692    7.2006    0.3279
eta,q 0.95508  6.23824
  0.0492  0.0495  0.0457  0.0503  0.0463  0.0475  0.0469  0.0492  0.0465  0.0481  0.0456  0.0461
  0.0475  0.0478  0.0453  0.0480  0.0456  0.0465  0.0460  0.0471  0.0458  0.0470  0.0454  0.0456
  0.0463  0.0465  0.0452  0.0462  0.0452  0.0457  0.0455  0.0458  0.0454  0.0460  0.0452  0.0453
  0.0457  0.0456  0.0452  0.0452  0.0453  0.0452  0.0453  0.0453  0.0452  0.0452  0.0451  0.0451
  0.0457  0.0452  0.0454  0.0456  0.0464  0.0455  0.0455  0.0455  0.0455  0.0451  0.0452  0.0449
  0.0463  0.0453  0.0458  0.0482  0.0492  0.0469  0.0460  0.0465  0.0460  0.0458  0.0453  0.0449
  0.0475  0.0458  0.0464  0.0530  0.0539  0.0494  0.0469  0.0481  0.0468  0.0475  0.0456  0.0451
niter,ni,del,rscale     6    3    5.0000    1.2000
parameters
   -0.5220   16.2123    5.8520  -20.9076  -37.8582  -18.1399
   -3.2372   -2.0242   -6.5697   19.7030    6.1775    6.1076
eta,q 0.95528  6.17480
  0.0473  0.0480  0.0454  0.0503  0.0469  0.0477  0.0472  0.0488  0.0463  0.0471  0.0452  0.0456
  0.0459  0.0466  0.0450  0.0479  0.0459  0.0465  0.0462  0.0467  0.0455  0.0461  0.0450  0.0454
  0.0451  0.0455  0.0448  0.0460  0.0451  0.0454  0.0454  0.0454  0.0450  0.0453  0.0449  0.0451
  0.0449  0.0449  0.0448  0.0448  0.0447  0.0449  0.0449  0.0449  0.0448  0.0448  0.0449  0.0449
  0.0453  0.0448  0.0450  0.0448  0.0452  0.0452  0.0449  0.0451  0.0450  0.0450  0.0450  0.0447
  0.0462  0.0451  0.0454  0.0467  0.0471  0.0464  0.0452  0.0462  0.0455  0.0461  0.0452  0.0448
  0.0477  0.0458  0.0460  0.0509  0.0507  0.0489  0.0460  0.0479  0.0462  0.0484  0.0455  0.0450
niter,ni,del,rscale     5    3    5.0000    1.2000
parameters
   -0.7834   16.5743    5.5792  -20.7068  -38.8512  -18.3354
   -1.8473   -1.6479   -6.2735   18.5355    5.2486    8.6992
eta,q 0.95541  6.13678
  0.0467  0.0470  0.0453  0.0500  0.0475  0.0479  0.0472  0.0486  0.0461  0.0468  0.0450  0.0456
  0.0455  0.0458  0.0449  0.0476  0.0461  0.0465  0.0461  0.0465  0.0453  0.0457  0.0447  0.0452
  0.0448  0.0450  0.0447  0.0458  0.0452  0.0453  0.0452  0.0452  0.0448  0.0449  0.0447  0.0449
  0.0447  0.0447  0.0447  0.0447  0.0446  0.0447  0.0447  0.0446  0.0446  0.0446  0.0447  0.0447
  0.0452  0.0448  0.0448  0.0446  0.0448  0.0449  0.0447  0.0449  0.0448  0.0450  0.0448  0.0446
  0.0463  0.0452  0.0451  0.0464  0.0463  0.0462  0.0451  0.0461  0.0452  0.0463  0.0449  0.0447
  0.0478  0.0460  0.0456  0.0505  0.0494  0.0486  0.0459  0.0478  0.0459  0.0487  0.0451  0.0452
niter,ni,del,rscale     4    3    5.0000    1.2000
parameters
   -0.9990   16.7642    5.5829  -20.4920  -39.0952  -18.1344
   -1.0928   -1.5277   -5.7961   17.6826    5.1197   10.7452
eta,q 0.95552  6.12775
  0.0467  0.0465  0.0453  0.0498  0.0478  0.0479  0.0468  0.0482  0.0460  0.0468  0.0449  0.0455
  0.0454  0.0455  0.0449  0.0475  0.0463  0.0464  0.0457  0.0462  0.0452  0.0457  0.0447  0.0452
  0.0447  0.0448  0.0446  0.0457  0.0452  0.0452  0.0449  0.0450  0.0447  0.0449  0.0446  0.0448
  0.0446  0.0446  0.0446  0.0446  0.0445  0.0445  0.0445  0.0445  0.0445  0.0445  0.0445  0.0445
  0.0451  0.0447  0.0446  0.0445  0.0446  0.0446  0.0446  0.0449  0.0446  0.0448  0.0446  0.0445
  0.0461  0.0452  0.0449  0.0463  0.0458  0.0458  0.0452  0.0461  0.0450  0.0461  0.0447  0.0447
  0.0476  0.0460  0.0453  0.0504  0.0488  0.0481  0.0460  0.0479  0.0456  0.0483  0.0449  0.0451
niter,ni,del,rscale     3    3    5.0000    1.2000
parameters
   -1.1367   16.7609    5.6026  -20.4064  -39.2237  -17.9601
   -0.8147   -1.5338   -5.3700   16.9551    5.2419   12.4986
eta,q 0.95557  6.12196
  0.0467  0.0462  0.0453  0.0496  0.0479  0.0479  0.0465  0.0480  0.0459  0.0469  0.0449  0.0455
  0.0454  0.0452  0.0448  0.0474  0.0463  0.0464  0.0454  0.0460  0.0451  0.0457  0.0446  0.0451
  0.0447  0.0446  0.0446  0.0456  0.0452  0.0451  0.0447  0.0449  0.0446  0.0449  0.0445  0.0447
  0.0445  0.0445  0.0445  0.0445  0.0444  0.0445  0.0444  0.0444  0.0444  0.0444  0.0445  0.0445
  0.0449  0.0447  0.0445  0.0444  0.0445  0.0446  0.0446  0.0449  0.0446  0.0448  0.0445  0.0444
  0.0459  0.0452  0.0448  0.0463  0.0457  0.0457  0.0453  0.0461  0.0449  0.0460  0.0446  0.0447
  0.0473  0.0461  0.0453  0.0504  0.0488  0.0481  0.0462  0.0479  0.0456  0.0481  0.0449  0.0451
niter,ni,del,rscale     2    3    5.0000    1.2000
parameters
   -1.2192   16.7127    5.6529  -20.4099  -39.3167  -17.8468
   -0.7138   -1.5636   -5.0049   16.3188    5.4147   13.9437
eta,q 0.95557  6.11636
  0.0468  0.0461  0.0453  0.0495  0.0480  0.0479  0.0464  0.0479  0.0458  0.0469  0.0449  0.0455
  0.0455  0.0451  0.0448  0.0473  0.0464  0.0464  0.0454  0.0460  0.0451  0.0457  0.0447  0.0450
  0.0447  0.0446  0.0445  0.0455  0.0452  0.0451  0.0447  0.0448  0.0446  0.0449  0.0445  0.0447
  0.0444  0.0444  0.0444  0.0444  0.0444  0.0444  0.0444  0.0444  0.0444  0.0444  0.0445  0.0445
  0.0448  0.0447  0.0445  0.0444  0.0444  0.0446  0.0447  0.0449  0.0445  0.0447  0.0445  0.0445
  0.0457  0.0453  0.0448  0.0463  0.0457  0.0458  0.0453  0.0461  0.0449  0.0460  0.0446  0.0447
  0.0471  0.0462  0.0452  0.0505  0.0488  0.0482  0.0463  0.0479  0.0455  0.0481  0.0449  0.0452
niter,ni,del,rscale     1    3    5.0000    1.2000
parameters
   -1.2746   16.6549    5.7133  -20.4283  -39.3858  -17.7710
   -0.6813   -1.5892   -4.7118   15.7873    5.5383   15.1027
eta,q 0.95554  6.11198
  0.0469  0.0461  0.0453  0.0494  0.0480  0.0479  0.0464  0.0479  0.0458  0.0470  0.0449  0.0455
  0.0455  0.0451  0.0448  0.0472  0.0465  0.0464  0.0453  0.0460  0.0450  0.0458  0.0447  0.0450
  0.0447  0.0446  0.0445  0.0455  0.0452  0.0451  0.0446  0.0448  0.0446  0.0449  0.0445  0.0447
  0.0444  0.0444  0.0444  0.0444  0.0444  0.0444  0.0444  0.0444  0.0444  0.0444  0.0445  0.0445
  0.0448  0.0447  0.0445  0.0444  0.0444  0.0446  0.0447  0.0449  0.0446  0.0447  0.0445  0.0445
  0.0457  0.0453  0.0448  0.0463  0.0458  0.0458  0.0453  0.0461  0.0449  0.0459  0.0446  0.0447
  0.0471  0.0462  0.0452  0.0505  0.0489  0.0483  0.0463  0.0479  0.0456  0.0480  0.0449  0.0453
registration optimization eta report
parameter search radius
    2.4000    2.7600    2.7600   10.9503   12.5928    9.5220
    7.2000    7.2000    7.2000    9.5220    7.2000   12.5928
100000*second partial in parameter space
       44.       22.       11.        5.        3.        4.
        4.        7.        2.        3.        1.        1.
  0.0469  0.0461  0.0453  0.0494  0.0480  0.0479  0.0464  0.0479  0.0458  0.0470  0.0449  0.0455
  0.0455  0.0451  0.0448  0.0472  0.0465  0.0464  0.0453  0.0460  0.0450  0.0458  0.0447  0.0450
  0.0447  0.0446  0.0445  0.0455  0.0452  0.0451  0.0446  0.0448  0.0446  0.0449  0.0445  0.0447
  0.0444  0.0444  0.0444  0.0444  0.0444  0.0444  0.0444  0.0444  0.0444  0.0444  0.0445  0.0445
  0.0448  0.0447  0.0445  0.0444  0.0444  0.0446  0.0447  0.0449  0.0446  0.0447  0.0445  0.0445
  0.0457  0.0453  0.0448  0.0463  0.0458  0.0458  0.0453  0.0461  0.0449  0.0459  0.0446  0.0447
  0.0471  0.0462  0.0452  0.0505  0.0489  0.0483  0.0463  0.0479  0.0456  0.0480  0.0449  0.0453
   -1.2746   16.6549    5.7133  -20.4283  -39.3858  -17.7710
   -0.6813   -1.5892   -4.7118   15.7873    5.5383   15.1027
eta,q 0.95554  6.11198

---------------------------------------------------------------------
imgreg_4dfp /opt/freesurfer/average/711-2C_as_mni_average_305 /opt/freesurfer/average/711-2B_as_mni_average_305_mask talsrcimg_g11 none talsrcimg_to_711-2C_as_mni_average_305_t4 2311
---------------------------------------------------------------------

freesurfer imgreg_4dfp.c
/opt/freesurfer/average/711-2C_as_mni_average_305.4dfp.img
       256       256       256         1
  1.000000  1.000000  1.000000
orientation T byte_order littleendian
Reading image: /opt/freesurfer/average/711-2C_as_mni_average_305.4dfp.img
dimensions:      256       256       256
mmppix:       1.0000   -1.0000   -1.0000
center:     128.0000 -129.0000 -129.0000
/opt/freesurfer/average/711-2B_as_mni_average_305_mask.4dfp.img
       256       256       256         1
  1.000000  1.000000  1.000000
orientation T byte_order littleendian
Reading mask: /opt/freesurfer/average/711-2B_as_mni_average_305_mask.4dfp.img (2306576 pixels)
talsrcimg_g11.4dfp.img
       256       256       256         1
  1.000000  1.000000  1.000000
orientation T byte_order littleendian
Reading image: talsrcimg_g11.4dfp.img
dimensions:      256       256       256
mmppix:       1.0000   -1.0000   -1.0000
center:     128.0000 -129.0000 -129.0000
fimgreg.f
image alignment mode   2311 decimal      907 hex
parameters
   -1.2746   16.6549    5.7133  -20.4283  -39.3858  -17.7710
   -0.6813   -1.5892   -4.7118   15.7873    5.5383   15.1027
eta,q 0.95555  6.11198
niter,ni,del,rscale     5    3    5.0000    0.8000
parameters
   -1.3265   16.5566    5.7547  -18.7484  -37.5910  -17.5879
   -0.3904   -1.5181   -4.4094   15.5927    6.2413   14.6902
eta,q 0.95586  6.18722
  0.0455  0.0450  0.0447  0.0460  0.0452  0.0452  0.0453  0.0460  0.0449  0.0449  0.0444  0.0443
  0.0449  0.0447  0.0446  0.0453  0.0448  0.0447  0.0447  0.0450  0.0445  0.0445  0.0443  0.0442
  0.0446  0.0445  0.0445  0.0448  0.0445  0.0443  0.0443  0.0444  0.0442  0.0443  0.0442  0.0441
  0.0445  0.0444  0.0444  0.0444  0.0443  0.0442  0.0441  0.0441  0.0441  0.0441  0.0441  0.0441
  0.0446  0.0445  0.0445  0.0443  0.0442  0.0442  0.0442  0.0443  0.0442  0.0442  0.0442  0.0442
  0.0450  0.0448  0.0446  0.0444  0.0442  0.0445  0.0445  0.0449  0.0444  0.0446  0.0442  0.0442
  0.0457  0.0451  0.0447  0.0448  0.0444  0.0451  0.0451  0.0459  0.0447  0.0452  0.0443  0.0444
niter,ni,del,rscale     4    3    5.0000    0.7000
parameters
   -1.4105   16.2454    5.5680  -18.7529  -37.2383  -17.4291
   -0.4491   -1.6776   -4.5755   15.7815    6.7475   14.4157
eta,q 0.95592  6.19826
  0.0450  0.0444  0.0443  0.0450  0.0447  0.0449  0.0449  0.0454  0.0446  0.0448  0.0443  0.0442
  0.0445  0.0442  0.0442  0.0446  0.0444  0.0445  0.0444  0.0446  0.0443  0.0445  0.0442  0.0441
  0.0442  0.0441  0.0441  0.0443  0.0442  0.0442  0.0442  0.0442  0.0441  0.0442  0.0441  0.0441
  0.0441  0.0441  0.0441  0.0441  0.0441  0.0441  0.0441  0.0441  0.0441  0.0441  0.0441  0.0441
  0.0443  0.0443  0.0442  0.0442  0.0441  0.0441  0.0442  0.0443  0.0442  0.0441  0.0441  0.0441
  0.0446  0.0445  0.0443  0.0445  0.0442  0.0444  0.0445  0.0448  0.0443  0.0443  0.0441  0.0442
  0.0452  0.0448  0.0444  0.0451  0.0446  0.0449  0.0449  0.0456  0.0446  0.0447  0.0442  0.0443
niter,ni,del,rscale     3    3    5.0000    0.6000
parameters
   -1.4255   16.2087    5.5822  -18.7149  -37.1644  -17.4201
   -0.4630   -1.7167   -4.6974   15.9505    6.8348   14.0794
eta,q 0.95593  6.20266
  0.0448  0.0444  0.0443  0.0448  0.0445  0.0447  0.0447  0.0451  0.0444  0.0446  0.0442  0.0442
  0.0444  0.0442  0.0442  0.0444  0.0443  0.0444  0.0443  0.0445  0.0442  0.0444  0.0441  0.0441
  0.0441  0.0441  0.0441  0.0442  0.0441  0.0442  0.0441  0.0442  0.0441  0.0442  0.0441  0.0441
  0.0441  0.0441  0.0441  0.0441  0.0441  0.0441  0.0441  0.0441  0.0441  0.0441  0.0441  0.0441
  0.0442  0.0441  0.0441  0.0441  0.0441  0.0441  0.0441  0.0442  0.0441  0.0441  0.0441  0.0441
  0.0444  0.0443  0.0442  0.0443  0.0442  0.0443  0.0443  0.0445  0.0443  0.0443  0.0441  0.0441
  0.0448  0.0445  0.0443  0.0448  0.0445  0.0447  0.0447  0.0451  0.0445  0.0446  0.0442  0.0442
niter,ni,del,rscale     2    3    5.0000    0.5000
parameters
   -1.4234   16.2000    5.5904  -18.6307  -37.0788  -17.4062
   -0.4382   -1.7141   -4.7666   16.0937    6.8484   13.7725
eta,q 0.95594  6.20813
  0.0446  0.0443  0.0442  0.0446  0.0444  0.0445  0.0445  0.0448  0.0443  0.0445  0.0441  0.0441
  0.0443  0.0442  0.0441  0.0443  0.0442  0.0443  0.0442  0.0444  0.0442  0.0443  0.0441  0.0441
  0.0441  0.0441  0.0441  0.0441  0.0441  0.0441  0.0441  0.0441  0.0441  0.0441  0.0441  0.0441
  0.0441  0.0441  0.0441  0.0441  0.0441  0.0441  0.0441  0.0441  0.0441  0.0441  0.0441  0.0441
  0.0441  0.0441  0.0441  0.0441  0.0441  0.0441  0.0441  0.0441  0.0441  0.0441  0.0441  0.0441
  0.0443  0.0442  0.0441  0.0442  0.0442  0.0442  0.0442  0.0444  0.0442  0.0442  0.0441  0.0441
  0.0446  0.0443  0.0442  0.0445  0.0443  0.0445  0.0445  0.0448  0.0443  0.0444  0.0441  0.0442
niter,ni,del,rscale     1    3    5.0000    0.4000
parameters
   -1.4250   16.1893    5.5807  -18.5517  -36.9792  -17.3854
   -0.4207   -1.7055   -4.8033   16.2347    6.8390   13.5339
eta,q 0.95595  6.21405
  0.0444  0.0442  0.0441  0.0444  0.0442  0.0443  0.0443  0.0445  0.0442  0.0443  0.0441  0.0441
  0.0442  0.0441  0.0441  0.0442  0.0441  0.0442  0.0442  0.0443  0.0441  0.0442  0.0441  0.0441
  0.0441  0.0441  0.0441  0.0441  0.0441  0.0441  0.0441  0.0441  0.0441  0.0441  0.0441  0.0441
  0.0441  0.0441  0.0441  0.0441  0.0441  0.0441  0.0441  0.0441  0.0441  0.0441  0.0441  0.0441
  0.0441  0.0441  0.0441  0.0441  0.0441  0.0441  0.0441  0.0441  0.0441  0.0441  0.0441  0.0441
  0.0442  0.0441  0.0441  0.0442  0.0441  0.0442  0.0442  0.0443  0.0441  0.0441  0.0441  0.0441
  0.0444  0.0442  0.0441  0.0443  0.0442  0.0444  0.0443  0.0445  0.0442  0.0443  0.0441  0.0441
registration optimization eta report
parameter search radius
    0.8000    0.8000    0.8000    2.4000    2.4000    2.4000
    2.4000    2.4000    2.4000    2.4000    2.4000    2.4000
100000*second partial in parameter space
       49.       26.       13.        5.        3.        5.
        5.        8.        3.        4.        1.        1.
  0.0444  0.0442  0.0441  0.0444  0.0442  0.0443  0.0443  0.0445  0.0442  0.0443  0.0441  0.0441
  0.0442  0.0441  0.0441  0.0442  0.0441  0.0442  0.0442  0.0443  0.0441  0.0442  0.0441  0.0441
  0.0441  0.0441  0.0441  0.0441  0.0441  0.0441  0.0441  0.0441  0.0441  0.0441  0.0441  0.0441
  0.0441  0.0441  0.0441  0.0441  0.0441  0.0441  0.0441  0.0441  0.0441  0.0441  0.0441  0.0441
  0.0441  0.0441  0.0441  0.0441  0.0441  0.0441  0.0441  0.0441  0.0441  0.0441  0.0441  0.0441
  0.0442  0.0441  0.0441  0.0442  0.0441  0.0442  0.0442  0.0443  0.0441  0.0441  0.0441  0.0441
  0.0444  0.0442  0.0441  0.0443  0.0442  0.0444  0.0443  0.0445  0.0442  0.0443  0.0441  0.0441
   -1.4250   16.1893    5.5807  -18.5517  -36.9792  -17.3854
   -0.4207   -1.7055   -4.8033   16.2347    6.8390   13.5339
eta,q 0.95595  6.21405

---------------------------------------------------------------------
imgreg_4dfp /opt/freesurfer/average/711-2C_as_mni_average_305 /opt/freesurfer/average/711-2B_as_mni_average_305_mask talsrcimg_g11 none talsrcimg_to_711-2C_as_mni_average_305_t4 2311
---------------------------------------------------------------------

freesurfer imgreg_4dfp.c
/opt/freesurfer/average/711-2C_as_mni_average_305.4dfp.img
       256       256       256         1
  1.000000  1.000000  1.000000
orientation T byte_order littleendian
Reading image: /opt/freesurfer/average/711-2C_as_mni_average_305.4dfp.img
dimensions:      256       256       256
mmppix:       1.0000   -1.0000   -1.0000
center:     128.0000 -129.0000 -129.0000
/opt/freesurfer/average/711-2B_as_mni_average_305_mask.4dfp.img
       256       256       256         1
  1.000000  1.000000  1.000000
orientation T byte_order littleendian
Reading mask: /opt/freesurfer/average/711-2B_as_mni_average_305_mask.4dfp.img (2306576 pixels)
talsrcimg_g11.4dfp.img
       256       256       256         1
  1.000000  1.000000  1.000000
orientation T byte_order littleendian
Reading image: talsrcimg_g11.4dfp.img
dimensions:      256       256       256
mmppix:       1.0000   -1.0000   -1.0000
center:     128.0000 -129.0000 -129.0000
fimgreg.f
image alignment mode   2311 decimal      907 hex
parameters
   -1.4250   16.1893    5.5807  -18.5517  -36.9792  -17.3854
   -0.4207   -1.7055   -4.8033   16.2347    6.8390   13.5339
eta,q 0.95595  6.21406
niter,ni,del,rscale     5    3    5.0000    0.8000
parameters
   -1.4216   16.2015    5.5587  -18.9113  -37.2471  -17.5323
   -0.4461   -1.7726   -4.8774   16.2029    6.9033   13.7270
eta,q 0.95593  6.19663
  0.0453  0.0447  0.0444  0.0451  0.0447  0.0450  0.0451  0.0458  0.0447  0.0449  0.0443  0.0443
  0.0446  0.0444  0.0442  0.0446  0.0444  0.0445  0.0445  0.0449  0.0444  0.0445  0.0442  0.0442
  0.0442  0.0441  0.0441  0.0442  0.0442  0.0442  0.0442  0.0443  0.0441  0.0442  0.0441  0.0441
  0.0441  0.0441  0.0441  0.0441  0.0441  0.0441  0.0441  0.0441  0.0441  0.0441  0.0441  0.0441
  0.0442  0.0441  0.0441  0.0442  0.0441  0.0442  0.0442  0.0443  0.0442  0.0441  0.0441  0.0441
  0.0446  0.0444  0.0442  0.0447  0.0444  0.0446  0.0446  0.0449  0.0444  0.0445  0.0442  0.0442
  0.0453  0.0447  0.0444  0.0456  0.0449  0.0452  0.0451  0.0459  0.0448  0.0450  0.0443  0.0443
niter,ni,del,rscale     4    3    5.0000    0.7000
parameters
   -1.4185   16.2633    5.5833  -18.8247  -37.2012  -17.5285
   -0.4181   -1.7541   -4.8450   16.2215    6.8697   13.6529
eta,q 0.95594  6.19995
  0.0450  0.0446  0.0443  0.0450  0.0446  0.0449  0.0449  0.0454  0.0446  0.0447  0.0442  0.0442
  0.0445  0.0443  0.0442  0.0446  0.0443  0.0445  0.0444  0.0447  0.0443  0.0444  0.0441  0.0441
  0.0442  0.0441  0.0441  0.0442  0.0442  0.0442  0.0442  0.0442  0.0441  0.0442  0.0441  0.0441
  0.0441  0.0441  0.0441  0.0441  0.0441  0.0441  0.0441  0.0441  0.0441  0.0441  0.0441  0.0441
  0.0442  0.0441  0.0441  0.0441  0.0441  0.0441  0.0442  0.0442  0.0441  0.0441  0.0441  0.0441
  0.0445  0.0443  0.0442  0.0444  0.0443  0.0444  0.0444  0.0447  0.0443  0.0444  0.0441  0.0441
  0.0450  0.0445  0.0443  0.0450  0.0446  0.0449  0.0448  0.0454  0.0446  0.0448  0.0442  0.0442
niter,ni,del,rscale     3    3    5.0000    0.6000
parameters
   -1.4171   16.2520    5.5590  -18.7014  -37.1125  -17.5118
   -0.4218   -1.7314   -4.8381   16.2851    6.8707   13.5039
eta,q 0.95594  6.20550
  0.0448  0.0444  0.0442  0.0448  0.0445  0.0447  0.0447  0.0451  0.0445  0.0446  0.0442  0.0442
  0.0444  0.0442  0.0441  0.0444  0.0443  0.0444  0.0443  0.0445  0.0442  0.0443  0.0441  0.0441
  0.0441  0.0441  0.0441  0.0442  0.0441  0.0442  0.0441  0.0442  0.0441  0.0441  0.0441  0.0441
  0.0441  0.0441  0.0441  0.0441  0.0441  0.0441  0.0441  0.0441  0.0441  0.0441  0.0441  0.0441
  0.0441  0.0441  0.0441  0.0441  0.0441  0.0441  0.0441  0.0442  0.0441  0.0441  0.0441  0.0441
  0.0444  0.0442  0.0441  0.0443  0.0442  0.0443  0.0443  0.0445  0.0442  0.0443  0.0441  0.0441
  0.0448  0.0444  0.0442  0.0447  0.0445  0.0447  0.0446  0.0451  0.0444  0.0446  0.0442  0.0442
niter,ni,del,rscale     2    3    5.0000    0.5000
parameters
   -1.4206   16.2344    5.5418  -18.6049  -37.0309  -17.4875
   -0.3995   -1.7242   -4.8546   16.3571    6.8682   13.3261
eta,q 0.95595  6.21053
  0.0446  0.0443  0.0442  0.0446  0.0443  0.0445  0.0445  0.0448  0.0443  0.0444  0.0441  0.0441
  0.0443  0.0442  0.0441  0.0443  0.0442  0.0443  0.0442  0.0444  0.0442  0.0442  0.0441  0.0441
  0.0441  0.0441  0.0441  0.0441  0.0441  0.0441  0.0441  0.0441  0.0441  0.0441  0.0441  0.0441
  0.0441  0.0441  0.0441  0.0441  0.0441  0.0441  0.0441  0.0441  0.0441  0.0441  0.0441  0.0441
  0.0441  0.0441  0.0441  0.0441  0.0441  0.0441  0.0441  0.0441  0.0441  0.0441  0.0441  0.0441
  0.0443  0.0442  0.0441  0.0442  0.0442  0.0442  0.0442  0.0444  0.0442  0.0442  0.0441  0.0441
  0.0446  0.0443  0.0442  0.0445  0.0443  0.0445  0.0445  0.0448  0.0443  0.0444  0.0441  0.0442
niter,ni,del,rscale     1    3    5.0000    0.4000
parameters
   -1.4218   16.2169    5.5354  -18.5244  -36.9494  -17.4544
   -0.3987   -1.7102   -4.8873   16.4279    6.8510   13.2569
eta,q 0.95595  6.21583
  0.0444  0.0442  0.0441  0.0444  0.0442  0.0443  0.0443  0.0445  0.0442  0.0443  0.0441  0.0441
  0.0442  0.0441  0.0441  0.0442  0.0441  0.0442  0.0442  0.0443  0.0441  0.0442  0.0441  0.0441
  0.0441  0.0441  0.0441  0.0441  0.0441  0.0441  0.0441  0.0441  0.0441  0.0441  0.0441  0.0441
  0.0441  0.0441  0.0441  0.0441  0.0441  0.0441  0.0441  0.0441  0.0441  0.0441  0.0441  0.0441
  0.0441  0.0441  0.0441  0.0441  0.0441  0.0441  0.0441  0.0441  0.0441  0.0441  0.0441  0.0441
  0.0442  0.0441  0.0441  0.0442  0.0441  0.0442  0.0442  0.0443  0.0441  0.0441  0.0441  0.0441
  0.0444  0.0442  0.0441  0.0443  0.0442  0.0443  0.0443  0.0445  0.0442  0.0443  0.0441  0.0441
registration optimization eta report
parameter search radius
    0.8000    0.8000    0.8000    2.4000    2.4000    2.4000
    2.4000    2.4000    2.4000    2.4000    2.4000    2.4000
100000*second partial in parameter space
       50.       27.       12.        5.        3.        5.
        5.        8.        3.        4.        1.        1.
  0.0444  0.0442  0.0441  0.0444  0.0442  0.0443  0.0443  0.0445  0.0442  0.0443  0.0441  0.0441
  0.0442  0.0441  0.0441  0.0442  0.0441  0.0442  0.0442  0.0443  0.0441  0.0442  0.0441  0.0441
  0.0441  0.0441  0.0441  0.0441  0.0441  0.0441  0.0441  0.0441  0.0441  0.0441  0.0441  0.0441
  0.0441  0.0441  0.0441  0.0441  0.0441  0.0441  0.0441  0.0441  0.0441  0.0441  0.0441  0.0441
  0.0441  0.0441  0.0441  0.0441  0.0441  0.0441  0.0441  0.0441  0.0441  0.0441  0.0441  0.0441
  0.0442  0.0441  0.0441  0.0442  0.0441  0.0442  0.0442  0.0443  0.0441  0.0441  0.0441  0.0441
  0.0444  0.0442  0.0441  0.0443  0.0442  0.0443  0.0443  0.0445  0.0442  0.0443  0.0441  0.0441
   -1.4218   16.2169    5.5354  -18.5244  -36.9494  -17.4544
   -0.3987   -1.7102   -4.8873   16.4279    6.8510   13.2569
eta,q 0.95595  6.21583

---------------------------------------------------------------------
compute_vox2vox talsrcimg talsrcimg_to_711-2C_as_mni_average_305_t4 /opt/freesurfer/average/711-2C_as_mni_average_305
---------------------------------------------------------------------

freesurfer compute_vox2vox.c
Reading: talsrcimg.4dfp.ifh
Reading: talsrcimg_to_711-2C_as_mni_average_305_t4
Reading: /opt/freesurfer/average/711-2C_as_mni_average_305.4dfp.ifh
Writing: talsrcimg_to_711-2C_as_mni_average_305_t4_vox2vox.txt

start time Tue Mar 10 01:36:06 CET 2026
end		time Tue Mar 10 01:36:20 CET 2026

mpr2mni305 success

avi2talxfm orig_nu.mgz /opt/freesurfer/average/mni305.cor.mgz talsrcimg_to_711-2C_as_mni_average_305_t4_vox2vox.txt transforms/talairach.auto.xfm
avi2talxfm done
mv -f /out/sourcedata/freesurfer/sub-v1s3x0050818_ses-1/mri/talsrcimg_to_711-2C_as_mni_average_305_t4_vox2vox.txt /out/sourcedata/freesurfer/sub-v1s3x0050818_ses-1/mri/transforms/talsrcimg_to_711-2C_as_mni_average_305_t4_vox2vox.txt
lta_convert --src orig_nu.mgz --trg /opt/freesurfer/average/mni305.cor.mgz --inxfm transforms/talairach.auto.xfm --outlta transforms/talairach.auto.xfm.lta --subject fsaverage
7.3.2

--src: orig_nu.mgz src image (geometry).
--trg: /opt/freesurfer/average/mni305.cor.mgz trg image (geometry).
--inmni: transforms/talairach.auto.xfm input MNI/XFM transform.
--outlta: transforms/talairach.auto.xfm.lta output LTA.
--s: fsaverage subject name
 LTA read, type : 1
 1.22542   0.02489   0.00252   1.79837;
-0.12207   1.26188  -0.26609   25.94060;
 0.12679  -0.32686   1.65555  -41.14067;
 0.00000   0.00000   0.00000   1.00000;
setting subject to fsaverage
Writing  LTA to file transforms/talairach.auto.xfm.lta...
lta_convert successful.
 
 
Started at Tue Mar 10 01:36:05 CET 2026
Ended   at Tue Mar 10 01:36:20 CET 2026
talairach_avi done
