status file for recon-all
Tue Mar 10 00:49:28 CET 2026
#@# MotionCor Tue Mar 10 00:49:29 CET 2026
#@# Talairach Tue Mar 10 00:49:39 CET 2026
#@# Talairach Failure Detection Tue Mar 10 00:54:07 CET 2026
#@# Nu Intensity Correction Tue Mar 10 00:54:07 CET 2026
#@# Intensity Normalization Tue Mar 10 00:57:23 CET 2026
recon-all -s sub-v1s3x0050806_ses-1 finished without error at Tue Mar 10 00:58:50 CET 2026



#New# invocation of recon-all 



status file for recon-all
Tue Mar 10 01:06:59 CET 2026
#@# EM Registration Tue Mar 10 01:06:59 CET 2026
recon-all -s sub-v1s3x0050806_ses-1 finished without error at Tue Mar 10 01:09:07 CET 2026



#New# invocation of recon-all 



status file for recon-all
Tue Mar 10 01:09:09 CET 2026
#@# CA Normalize Tue Mar 10 01:09:09 CET 2026
#@# CA Reg Tue Mar 10 01:10:28 CET 2026
#@# SubCort Seg Tue Mar 10 01:52:07 CET 2026
#@# CC Seg Tue Mar 10 02:22:36 CET 2026
#@# Merge ASeg Tue Mar 10 02:23:09 CET 2026
#@# Intensity Normalization2 Tue Mar 10 02:23:09 CET 2026
#@# Mask BFS Tue Mar 10 02:25:22 CET 2026
#@# WM Segmentation Tue Mar 10 02:25:23 CET 2026
#@# Fill Tue Mar 10 02:27:18 CET 2026
recon-all -s sub-v1s3x0050806_ses-1 finished without error at Tue Mar 10 02:28:21 CET 2026



#New# invocation of recon-all 



status file for recon-all
Tue Mar 10 03:11:21 CET 2026
#@# white curv lh Tue Mar 10 03:11:21 CET 2026
#@# white area lh Tue Mar 10 03:11:21 CET 2026
#@# pial curv lh Tue Mar 10 03:11:22 CET 2026
#@# pial area lh Tue Mar 10 03:11:22 CET 2026
#@# thickness lh Tue Mar 10 03:11:22 CET 2026
#@# area and vertex vol lh Tue Mar 10 03:11:22 CET 2026
#@# white curv rh Tue Mar 10 03:11:22 CET 2026
#@# white area rh Tue Mar 10 03:11:22 CET 2026
#@# pial curv rh Tue Mar 10 03:11:22 CET 2026
#@# pial area rh Tue Mar 10 03:11:22 CET 2026
#@# thickness rh Tue Mar 10 03:11:22 CET 2026
#@# area and vertex vol rh Tue Mar 10 03:11:22 CET 2026
#@# Cortical ribbon mask Tue Mar 10 03:11:22 CET 2026
recon-all -s sub-v1s3x0050806_ses-1 finished without error at Tue Mar 10 03:15:43 CET 2026



#New# invocation of recon-all 



status file for recon-all
Tue Mar 10 03:22:20 CET 2026
#@# white curv lh Tue Mar 10 03:22:20 CET 2026
#@# white area lh Tue Mar 10 03:22:20 CET 2026
#@# pial curv lh Tue Mar 10 03:22:20 CET 2026
#@# pial area lh Tue Mar 10 03:22:20 CET 2026
#@# thickness lh Tue Mar 10 03:22:20 CET 2026
#@# area and vertex vol lh Tue Mar 10 03:22:20 CET 2026
#@# white curv rh Tue Mar 10 03:22:20 CET 2026
#@# white area rh Tue Mar 10 03:22:20 CET 2026
#@# pial curv rh Tue Mar 10 03:22:20 CET 2026
#@# pial area rh Tue Mar 10 03:22:20 CET 2026
#@# thickness rh Tue Mar 10 03:22:20 CET 2026
#@# area and vertex vol rh Tue Mar 10 03:22:20 CET 2026
#@# Curvature Stats lh Tue Mar 10 03:22:20 CET 2026
#@# Curvature Stats rh Tue Mar 10 03:22:23 CET 2026
#@# Relabel Hypointensities Tue Mar 10 03:22:25 CET 2026
#@# APas-to-ASeg Tue Mar 10 03:22:41 CET 2026
#@# AParc-to-ASeg aparc Tue Mar 10 03:22:50 CET 2026
#@# AParc-to-ASeg aparc.a2009s Tue Mar 10 03:23:29 CET 2026
#@# AParc-to-ASeg aparc.DKTatlas Tue Mar 10 03:24:10 CET 2026
#@# WMParc Tue Mar 10 03:24:49 CET 2026
#@# ASeg Stats Tue Mar 10 03:28:34 CET 2026
recon-all -s sub-v1s3x0050806_ses-1 finished without error at Tue Mar 10 03:29:06 CET 2026
