status file for recon-all
Tue Mar 10 02:28:27 CET 2026
#@# Tessellate lh Tue Mar 10 02:28:27 CET 2026
#@# Smooth1 lh Tue Mar 10 02:28:31 CET 2026
#@# Inflation1 lh Tue Mar 10 02:28:33 CET 2026
#@# QSphere lh Tue Mar 10 02:28:44 CET 2026
#@# Fix Topology lh Tue Mar 10 02:29:40 CET 2026
#@# Smooth2 lh Tue Mar 10 02:35:01 CET 2026
#@# Inflation2 lh Tue Mar 10 02:35:03 CET 2026
#@# Curv .H and .K lh Tue Mar 10 02:35:14 CET 2026
#@# Sphere lh Tue Mar 10 02:36:00 CET 2026
#@# Surf Reg lh Tue Mar 10 02:37:46 CET 2026
#@# Jacobian white lh Tue Mar 10 02:41:04 CET 2026
#@# AvgCurv lh Tue Mar 10 02:41:05 CET 2026
#@# Cortical Parc lh Tue Mar 10 02:41:06 CET 2026
#@# white curv lh Tue Mar 10 02:46:49 CET 2026
#@# white area lh Tue Mar 10 02:46:51 CET 2026
#@# pial curv lh Tue Mar 10 02:46:52 CET 2026
#@# pial area lh Tue Mar 10 02:46:53 CET 2026
#@# thickness lh Tue Mar 10 02:46:54 CET 2026
#@# area and vertex vol lh Tue Mar 10 02:47:23 CET 2026
#@# Curvature Stats lh Tue Mar 10 02:47:24 CET 2026
#@# Cortical Parc 2 lh Tue Mar 10 02:47:26 CET 2026
#@# Cortical Parc 3 lh Tue Mar 10 02:47:39 CET 2026
#@# WM/GM Contrast lh Tue Mar 10 02:47:49 CET 2026
recon-all -s sub-v1s3x0050806_ses-1 finished without error at Tue Mar 10 02:47:52 CET 2026



#New# invocation of recon-all 



status file for recon-all
Tue Mar 10 03:15:48 CET 2026
#@# white curv lh Tue Mar 10 03:15:48 CET 2026
#@# white area lh Tue Mar 10 03:15:48 CET 2026
#@# pial curv lh Tue Mar 10 03:15:48 CET 2026
#@# pial area lh Tue Mar 10 03:15:48 CET 2026
#@# thickness lh Tue Mar 10 03:15:48 CET 2026
#@# area and vertex vol lh Tue Mar 10 03:15:48 CET 2026
#@# Parcellation Stats lh Tue Mar 10 03:15:48 CET 2026
#@# Parcellation Stats 2 lh Tue Mar 10 03:16:06 CET 2026
#@# Parcellation Stats 3 lh Tue Mar 10 03:16:16 CET 2026
#@# BA_exvivo Labels lh Tue Mar 10 03:16:25 CET 2026
recon-all -s sub-v1s3x0050806_ses-1 finished without error at Tue Mar 10 03:18:59 CET 2026
