status file for recon-all
Tue Mar 10 02:47:56 CET 2026
#@# Tessellate rh Tue Mar 10 02:47:56 CET 2026
#@# Smooth1 rh Tue Mar 10 02:47:59 CET 2026
#@# Inflation1 rh Tue Mar 10 02:48:02 CET 2026
#@# QSphere rh Tue Mar 10 02:48:12 CET 2026
#@# Fix Topology rh Tue Mar 10 02:49:07 CET 2026
#@# Smooth2 rh Tue Mar 10 02:55:12 CET 2026
#@# Inflation2 rh Tue Mar 10 02:55:15 CET 2026
#@# Curv .H and .K rh Tue Mar 10 02:55:28 CET 2026
#@# Sphere rh Tue Mar 10 02:56:16 CET 2026
#@# Surf Reg rh Tue Mar 10 02:59:50 CET 2026
#@# Jacobian white rh Tue Mar 10 03:03:39 CET 2026
#@# AvgCurv rh Tue Mar 10 03:03:39 CET 2026
#@# Cortical Parc rh Tue Mar 10 03:03:40 CET 2026
#@# white curv rh Tue Mar 10 03:10:09 CET 2026
#@# white area rh Tue Mar 10 03:10:11 CET 2026
#@# pial curv rh Tue Mar 10 03:10:12 CET 2026
#@# pial area rh Tue Mar 10 03:10:13 CET 2026
#@# thickness rh Tue Mar 10 03:10:14 CET 2026
#@# area and vertex vol rh Tue Mar 10 03:10:46 CET 2026
#@# Curvature Stats rh Tue Mar 10 03:10:47 CET 2026
#@# Cortical Parc 2 rh Tue Mar 10 03:10:49 CET 2026
#@# Cortical Parc 3 rh Tue Mar 10 03:11:03 CET 2026
#@# WM/GM Contrast rh Tue Mar 10 03:11:14 CET 2026
recon-all -s sub-v1s3x0050806_ses-1 finished without error at Tue Mar 10 03:11:17 CET 2026



#New# invocation of recon-all 



status file for recon-all
Tue Mar 10 03:19:04 CET 2026
#@# white curv rh Tue Mar 10 03:19:04 CET 2026
#@# white area rh Tue Mar 10 03:19:04 CET 2026
#@# pial curv rh Tue Mar 10 03:19:04 CET 2026
#@# pial area rh Tue Mar 10 03:19:04 CET 2026
#@# thickness rh Tue Mar 10 03:19:04 CET 2026
#@# area and vertex vol rh Tue Mar 10 03:19:04 CET 2026
#@# Parcellation Stats rh Tue Mar 10 03:19:04 CET 2026
#@# Parcellation Stats 2 rh Tue Mar 10 03:19:22 CET 2026
#@# Parcellation Stats 3 rh Tue Mar 10 03:19:32 CET 2026
#@# BA_exvivo Labels rh Tue Mar 10 03:19:41 CET 2026
recon-all -s sub-v1s3x0050806_ses-1 finished without error at Tue Mar 10 03:22:17 CET 2026
