status file for recon-all
Tue Mar 10 02:37:28 CET 2026
#@# Tessellate lh Tue Mar 10 02:37:28 CET 2026
#@# Smooth1 lh Tue Mar 10 02:37:32 CET 2026
#@# Inflation1 lh Tue Mar 10 02:37:35 CET 2026
#@# QSphere lh Tue Mar 10 02:37:49 CET 2026
#@# Fix Topology lh Tue Mar 10 02:38:57 CET 2026
#@# Smooth2 lh Tue Mar 10 02:45:04 CET 2026
#@# Inflation2 lh Tue Mar 10 02:45:07 CET 2026
#@# Curv .H and .K lh Tue Mar 10 02:45:22 CET 2026
#@# Sphere lh Tue Mar 10 02:46:12 CET 2026
#@# Surf Reg lh Tue Mar 10 02:50:24 CET 2026
#@# Jacobian white lh Tue Mar 10 02:54:49 CET 2026
#@# AvgCurv lh Tue Mar 10 02:54:50 CET 2026
#@# Cortical Parc lh Tue Mar 10 02:54:51 CET 2026
#@# white curv lh Tue Mar 10 03:02:13 CET 2026
#@# white area lh Tue Mar 10 03:02:15 CET 2026
#@# pial curv lh Tue Mar 10 03:02:16 CET 2026
#@# pial area lh Tue Mar 10 03:02:18 CET 2026
#@# thickness lh Tue Mar 10 03:02:19 CET 2026
#@# area and vertex vol lh Tue Mar 10 03:02:53 CET 2026
#@# Curvature Stats lh Tue Mar 10 03:02:55 CET 2026
#@# Cortical Parc 2 lh Tue Mar 10 03:02:58 CET 2026
#@# Cortical Parc 3 lh Tue Mar 10 03:03:13 CET 2026
#@# WM/GM Contrast lh Tue Mar 10 03:03:24 CET 2026
recon-all -s sub-v1s3x0050804_ses-1 finished without error at Tue Mar 10 03:03:28 CET 2026



#New# invocation of recon-all 



status file for recon-all
Tue Mar 10 03:37:13 CET 2026
#@# white curv lh Tue Mar 10 03:37:13 CET 2026
#@# white area lh Tue Mar 10 03:37:13 CET 2026
#@# pial curv lh Tue Mar 10 03:37:13 CET 2026
#@# pial area lh Tue Mar 10 03:37:13 CET 2026
#@# thickness lh Tue Mar 10 03:37:13 CET 2026
#@# area and vertex vol lh Tue Mar 10 03:37:13 CET 2026
#@# Parcellation Stats lh Tue Mar 10 03:37:13 CET 2026
#@# Parcellation Stats 2 lh Tue Mar 10 03:37:34 CET 2026
#@# Parcellation Stats 3 lh Tue Mar 10 03:37:45 CET 2026
#@# BA_exvivo Labels lh Tue Mar 10 03:37:55 CET 2026
recon-all -s sub-v1s3x0050804_ses-1 finished without error at Tue Mar 10 03:40:47 CET 2026
