status file for recon-all
Thu Mar 12 17:48:13 CET 2026
#@# Tessellate lh Thu Mar 12 17:48:13 CET 2026
#@# Smooth1 lh Thu Mar 12 17:48:17 CET 2026
#@# Inflation1 lh Thu Mar 12 17:48:19 CET 2026
#@# QSphere lh Thu Mar 12 17:48:36 CET 2026
#@# Fix Topology lh Thu Mar 12 17:49:32 CET 2026
#@# Smooth2 lh Thu Mar 12 17:55:27 CET 2026
#@# Inflation2 lh Thu Mar 12 17:55:30 CET 2026
#@# Curv .H and .K lh Thu Mar 12 17:55:42 CET 2026
#@# Sphere lh Thu Mar 12 17:56:20 CET 2026
#@# Surf Reg lh Thu Mar 12 18:00:34 CET 2026
#@# Jacobian white lh Thu Mar 12 18:04:50 CET 2026
#@# AvgCurv lh Thu Mar 12 18:04:51 CET 2026
#@# Cortical Parc lh Thu Mar 12 18:04:52 CET 2026
#@# white curv lh Thu Mar 12 18:11:24 CET 2026
#@# white area lh Thu Mar 12 18:11:26 CET 2026
#@# pial curv lh Thu Mar 12 18:11:27 CET 2026
#@# pial area lh Thu Mar 12 18:11:28 CET 2026
#@# thickness lh Thu Mar 12 18:11:29 CET 2026
#@# area and vertex vol lh Thu Mar 12 18:11:48 CET 2026
#@# Curvature Stats lh Thu Mar 12 18:11:49 CET 2026
#@# Cortical Parc 2 lh Thu Mar 12 18:11:52 CET 2026
#@# Cortical Parc 3 lh Thu Mar 12 18:12:05 CET 2026
#@# WM/GM Contrast lh Thu Mar 12 18:12:13 CET 2026
recon-all -s sub-v1s3x0050799_ses-1 finished without error at Thu Mar 12 18:12:16 CET 2026



#New# invocation of recon-all 



status file for recon-all
Thu Mar 12 18:39:40 CET 2026
#@# white curv lh Thu Mar 12 18:39:40 CET 2026
#@# white area lh Thu Mar 12 18:39:40 CET 2026
#@# pial curv lh Thu Mar 12 18:39:40 CET 2026
#@# pial area lh Thu Mar 12 18:39:40 CET 2026
#@# thickness lh Thu Mar 12 18:39:40 CET 2026
#@# area and vertex vol lh Thu Mar 12 18:39:40 CET 2026
#@# Parcellation Stats lh Thu Mar 12 18:39:40 CET 2026
#@# Parcellation Stats 2 lh Thu Mar 12 18:39:57 CET 2026
#@# Parcellation Stats 3 lh Thu Mar 12 18:40:05 CET 2026
#@# BA_exvivo Labels lh Thu Mar 12 18:40:14 CET 2026
recon-all -s sub-v1s3x0050799_ses-1 finished without error at Thu Mar 12 18:42:50 CET 2026
