status file for recon-all
Tue Mar 10 02:59:11 CET 2026
#@# Tessellate rh Tue Mar 10 02:59:11 CET 2026
#@# Smooth1 rh Tue Mar 10 02:59:13 CET 2026
#@# Inflation1 rh Tue Mar 10 02:59:15 CET 2026
#@# QSphere rh Tue Mar 10 02:59:21 CET 2026
#@# Fix Topology rh Tue Mar 10 02:59:58 CET 2026
#@# Smooth2 rh Tue Mar 10 03:03:13 CET 2026
#@# Inflation2 rh Tue Mar 10 03:03:14 CET 2026
#@# Curv .H and .K rh Tue Mar 10 03:03:21 CET 2026
#@# Sphere rh Tue Mar 10 03:03:40 CET 2026
#@# Surf Reg rh Tue Mar 10 03:06:46 CET 2026
#@# Jacobian white rh Tue Mar 10 03:08:44 CET 2026
#@# AvgCurv rh Tue Mar 10 03:08:44 CET 2026
#@# Cortical Parc rh Tue Mar 10 03:08:44 CET 2026
#@# white curv rh Tue Mar 10 03:12:06 CET 2026
#@# white area rh Tue Mar 10 03:12:06 CET 2026
#@# pial curv rh Tue Mar 10 03:12:07 CET 2026
#@# pial area rh Tue Mar 10 03:12:08 CET 2026
#@# thickness rh Tue Mar 10 03:12:08 CET 2026
#@# area and vertex vol rh Tue Mar 10 03:12:17 CET 2026
#@# Curvature Stats rh Tue Mar 10 03:12:18 CET 2026
#@# Cortical Parc 2 rh Tue Mar 10 03:12:19 CET 2026
#@# Cortical Parc 3 rh Tue Mar 10 03:12:25 CET 2026
#@# WM/GM Contrast rh Tue Mar 10 03:12:29 CET 2026
recon-all -s sub-v1s3x0050818_ses-1 finished without error at Tue Mar 10 03:12:31 CET 2026



#New# invocation of recon-all 



status file for recon-all
Tue Mar 10 03:15:05 CET 2026
#@# white curv rh Tue Mar 10 03:15:05 CET 2026
#@# white area rh Tue Mar 10 03:15:05 CET 2026
#@# pial curv rh Tue Mar 10 03:15:05 CET 2026
#@# pial area rh Tue Mar 10 03:15:05 CET 2026
#@# thickness rh Tue Mar 10 03:15:05 CET 2026
#@# area and vertex vol rh Tue Mar 10 03:15:05 CET 2026
#@# Parcellation Stats rh Tue Mar 10 03:15:05 CET 2026
#@# Parcellation Stats 2 rh Tue Mar 10 03:15:11 CET 2026
#@# Parcellation Stats 3 rh Tue Mar 10 03:15:14 CET 2026
#@# BA_exvivo Labels rh Tue Mar 10 03:15:17 CET 2026
recon-all -s sub-v1s3x0050818_ses-1 finished without error at Tue Mar 10 03:16:31 CET 2026
