status file for recon-all
Tue Mar 10 02:17:03 CET 2026
#@# Tessellate lh Tue Mar 10 02:17:03 CET 2026
#@# Smooth1 lh Tue Mar 10 02:17:08 CET 2026
#@# Inflation1 lh Tue Mar 10 02:17:11 CET 2026
#@# QSphere lh Tue Mar 10 02:17:25 CET 2026
#@# Fix Topology lh Tue Mar 10 02:18:51 CET 2026
#@# Smooth2 lh Tue Mar 10 02:26:13 CET 2026
#@# Inflation2 lh Tue Mar 10 02:26:17 CET 2026
#@# Curv .H and .K lh Tue Mar 10 02:26:31 CET 2026
#@# Sphere lh Tue Mar 10 02:27:36 CET 2026
#@# Surf Reg lh Tue Mar 10 02:31:24 CET 2026
#@# Jacobian white lh Tue Mar 10 02:36:56 CET 2026
#@# AvgCurv lh Tue Mar 10 02:36:57 CET 2026
#@# Cortical Parc lh Tue Mar 10 02:36:58 CET 2026
#@# white curv lh Tue Mar 10 02:45:17 CET 2026
#@# white area lh Tue Mar 10 02:45:19 CET 2026
#@# pial curv lh Tue Mar 10 02:45:20 CET 2026
#@# pial area lh Tue Mar 10 02:45:22 CET 2026
#@# thickness lh Tue Mar 10 02:45:23 CET 2026
#@# area and vertex vol lh Tue Mar 10 02:46:05 CET 2026
#@# Curvature Stats lh Tue Mar 10 02:46:06 CET 2026
#@# Cortical Parc 2 lh Tue Mar 10 02:46:10 CET 2026
#@# Cortical Parc 3 lh Tue Mar 10 02:46:26 CET 2026
#@# WM/GM Contrast lh Tue Mar 10 02:46:40 CET 2026
recon-all -s sub-v1s3x0050800_ses-1 finished without error at Tue Mar 10 02:46:43 CET 2026



#New# invocation of recon-all 



status file for recon-all
Tue Mar 10 03:25:03 CET 2026
#@# white curv lh Tue Mar 10 03:25:03 CET 2026
#@# white area lh Tue Mar 10 03:25:03 CET 2026
#@# pial curv lh Tue Mar 10 03:25:03 CET 2026
#@# pial area lh Tue Mar 10 03:25:03 CET 2026
#@# thickness lh Tue Mar 10 03:25:03 CET 2026
#@# area and vertex vol lh Tue Mar 10 03:25:03 CET 2026
#@# Parcellation Stats lh Tue Mar 10 03:25:03 CET 2026
#@# Parcellation Stats 2 lh Tue Mar 10 03:25:34 CET 2026
#@# Parcellation Stats 3 lh Tue Mar 10 03:25:49 CET 2026
#@# BA_exvivo Labels lh Tue Mar 10 03:26:05 CET 2026
recon-all -s sub-v1s3x0050800_ses-1 finished without error at Tue Mar 10 03:29:11 CET 2026
