status file for recon-all
Tue Mar 10 02:46:47 CET 2026
#@# Tessellate rh Tue Mar 10 02:46:47 CET 2026
#@# Smooth1 rh Tue Mar 10 02:46:51 CET 2026
#@# Inflation1 rh Tue Mar 10 02:46:55 CET 2026
#@# QSphere rh Tue Mar 10 02:47:07 CET 2026
#@# Fix Topology rh Tue Mar 10 02:48:18 CET 2026
#@# Smooth2 rh Tue Mar 10 02:55:59 CET 2026
#@# Inflation2 rh Tue Mar 10 02:56:03 CET 2026
#@# Curv .H and .K rh Tue Mar 10 02:56:17 CET 2026
#@# Sphere rh Tue Mar 10 02:57:21 CET 2026
#@# Surf Reg rh Tue Mar 10 03:00:06 CET 2026
#@# Jacobian white rh Tue Mar 10 03:05:47 CET 2026
#@# AvgCurv rh Tue Mar 10 03:05:48 CET 2026
#@# Cortical Parc rh Tue Mar 10 03:05:49 CET 2026
#@# white curv rh Tue Mar 10 03:14:01 CET 2026
#@# white area rh Tue Mar 10 03:14:04 CET 2026
#@# pial curv rh Tue Mar 10 03:14:04 CET 2026
#@# pial area rh Tue Mar 10 03:14:07 CET 2026
#@# thickness rh Tue Mar 10 03:14:08 CET 2026
#@# area and vertex vol rh Tue Mar 10 03:14:48 CET 2026
#@# Curvature Stats rh Tue Mar 10 03:14:50 CET 2026
#@# Cortical Parc 2 rh Tue Mar 10 03:14:53 CET 2026
#@# Cortical Parc 3 rh Tue Mar 10 03:15:10 CET 2026
#@# WM/GM Contrast rh Tue Mar 10 03:15:24 CET 2026
recon-all -s sub-v1s3x0050800_ses-1 finished without error at Tue Mar 10 03:15:27 CET 2026



#New# invocation of recon-all 



status file for recon-all
Tue Mar 10 03:29:14 CET 2026
#@# white curv rh Tue Mar 10 03:29:14 CET 2026
#@# white area rh Tue Mar 10 03:29:14 CET 2026
#@# pial curv rh Tue Mar 10 03:29:14 CET 2026
#@# pial area rh Tue Mar 10 03:29:14 CET 2026
#@# thickness rh Tue Mar 10 03:29:14 CET 2026
#@# area and vertex vol rh Tue Mar 10 03:29:14 CET 2026
#@# Parcellation Stats rh Tue Mar 10 03:29:14 CET 2026
#@# Parcellation Stats 2 rh Tue Mar 10 03:29:45 CET 2026
#@# Parcellation Stats 3 rh Tue Mar 10 03:30:01 CET 2026
#@# BA_exvivo Labels rh Tue Mar 10 03:30:16 CET 2026
recon-all -s sub-v1s3x0050800_ses-1 finished without error at Tue Mar 10 03:33:20 CET 2026
