status file for recon-all
Mon Mar  9 23:11:16 CET 2026
#@# MotionCor Mon Mar  9 23:11:17 CET 2026
#@# Talairach Mon Mar  9 23:11:24 CET 2026
#@# Talairach Failure Detection Mon Mar  9 23:14:13 CET 2026
#@# Nu Intensity Correction Mon Mar  9 23:14:13 CET 2026
#@# Intensity Normalization Mon Mar  9 23:16:58 CET 2026
recon-all -s sub-v1s3x0050776_ses-1 finished without error at Mon Mar  9 23:17:53 CET 2026



#New# invocation of recon-all 



status file for recon-all
Mon Mar  9 23:25:07 CET 2026
#@# EM Registration Mon Mar  9 23:25:07 CET 2026
recon-all -s sub-v1s3x0050776_ses-1 finished without error at Mon Mar  9 23:26:49 CET 2026



#New# invocation of recon-all 



status file for recon-all
Mon Mar  9 23:26:51 CET 2026
#@# CA Normalize Mon Mar  9 23:26:51 CET 2026
#@# CA Reg Mon Mar  9 23:27:45 CET 2026
#@# SubCort Seg Tue Mar 10 00:06:31 CET 2026
#@# CC Seg Tue Mar 10 00:27:41 CET 2026
#@# Merge ASeg Tue Mar 10 00:28:01 CET 2026
#@# Intensity Normalization2 Tue Mar 10 00:28:01 CET 2026
#@# Mask BFS Tue Mar 10 00:29:20 CET 2026
#@# WM Segmentation Tue Mar 10 00:29:21 CET 2026
#@# Fill Tue Mar 10 00:30:56 CET 2026
recon-all -s sub-v1s3x0050776_ses-1 finished without error at Tue Mar 10 00:31:34 CET 2026



#New# invocation of recon-all 



status file for recon-all
Tue Mar 10 01:12:46 CET 2026
#@# white curv lh Tue Mar 10 01:12:46 CET 2026
#@# white area lh Tue Mar 10 01:12:46 CET 2026
#@# pial curv lh Tue Mar 10 01:12:46 CET 2026
#@# pial area lh Tue Mar 10 01:12:46 CET 2026
#@# thickness lh Tue Mar 10 01:12:46 CET 2026
#@# area and vertex vol lh Tue Mar 10 01:12:46 CET 2026
#@# white curv rh Tue Mar 10 01:12:46 CET 2026
#@# white area rh Tue Mar 10 01:12:46 CET 2026
#@# pial curv rh Tue Mar 10 01:12:46 CET 2026
#@# pial area rh Tue Mar 10 01:12:46 CET 2026
#@# thickness rh Tue Mar 10 01:12:46 CET 2026
#@# area and vertex vol rh Tue Mar 10 01:12:46 CET 2026
#@# Cortical ribbon mask Tue Mar 10 01:12:46 CET 2026
recon-all -s sub-v1s3x0050776_ses-1 finished without error at Tue Mar 10 01:16:56 CET 2026



#New# invocation of recon-all 



status file for recon-all
Tue Mar 10 01:21:58 CET 2026
#@# white curv lh Tue Mar 10 01:21:58 CET 2026
#@# white area lh Tue Mar 10 01:21:58 CET 2026
#@# pial curv lh Tue Mar 10 01:21:58 CET 2026
#@# pial area lh Tue Mar 10 01:21:58 CET 2026
#@# thickness lh Tue Mar 10 01:21:58 CET 2026
#@# area and vertex vol lh Tue Mar 10 01:21:58 CET 2026
#@# white curv rh Tue Mar 10 01:21:58 CET 2026
#@# white area rh Tue Mar 10 01:21:58 CET 2026
#@# pial curv rh Tue Mar 10 01:21:58 CET 2026
#@# pial area rh Tue Mar 10 01:21:59 CET 2026
#@# thickness rh Tue Mar 10 01:21:59 CET 2026
#@# area and vertex vol rh Tue Mar 10 01:21:59 CET 2026
#@# Curvature Stats lh Tue Mar 10 01:21:59 CET 2026
#@# Curvature Stats rh Tue Mar 10 01:22:00 CET 2026
#@# Relabel Hypointensities Tue Mar 10 01:22:02 CET 2026
#@# APas-to-ASeg Tue Mar 10 01:22:13 CET 2026
#@# AParc-to-ASeg aparc Tue Mar 10 01:22:20 CET 2026
#@# AParc-to-ASeg aparc.a2009s Tue Mar 10 01:22:46 CET 2026
#@# AParc-to-ASeg aparc.DKTatlas Tue Mar 10 01:23:17 CET 2026
#@# WMParc Tue Mar 10 01:23:46 CET 2026
#@# ASeg Stats Tue Mar 10 01:25:38 CET 2026
recon-all -s sub-v1s3x0050776_ses-1 finished without error at Tue Mar 10 01:25:57 CET 2026
