status file for recon-all
Tue Mar 10 00:31:38 CET 2026
#@# Tessellate lh Tue Mar 10 00:31:38 CET 2026
#@# Smooth1 lh Tue Mar 10 00:31:40 CET 2026
#@# Inflation1 lh Tue Mar 10 00:31:43 CET 2026
#@# QSphere lh Tue Mar 10 00:31:55 CET 2026
#@# Fix Topology lh Tue Mar 10 00:32:40 CET 2026
#@# Smooth2 lh Tue Mar 10 00:39:05 CET 2026
#@# Inflation2 lh Tue Mar 10 00:39:07 CET 2026
#@# Curv .H and .K lh Tue Mar 10 00:39:19 CET 2026
#@# Sphere lh Tue Mar 10 00:39:56 CET 2026
#@# Surf Reg lh Tue Mar 10 00:43:07 CET 2026
#@# Jacobian white lh Tue Mar 10 00:46:46 CET 2026
#@# AvgCurv lh Tue Mar 10 00:46:46 CET 2026
#@# Cortical Parc lh Tue Mar 10 00:46:47 CET 2026
#@# white curv lh Tue Mar 10 00:53:00 CET 2026
#@# white area lh Tue Mar 10 00:53:02 CET 2026
#@# pial curv lh Tue Mar 10 00:53:02 CET 2026
#@# pial area lh Tue Mar 10 00:53:04 CET 2026
#@# thickness lh Tue Mar 10 00:53:04 CET 2026
#@# area and vertex vol lh Tue Mar 10 00:53:23 CET 2026
#@# Curvature Stats lh Tue Mar 10 00:53:24 CET 2026
#@# Cortical Parc 2 lh Tue Mar 10 00:53:26 CET 2026
#@# Cortical Parc 3 lh Tue Mar 10 00:53:35 CET 2026
#@# WM/GM Contrast lh Tue Mar 10 00:53:43 CET 2026
recon-all -s sub-v1s3x0050776_ses-1 finished without error at Tue Mar 10 00:53:45 CET 2026



#New# invocation of recon-all 



status file for recon-all
Tue Mar 10 01:17:00 CET 2026
#@# white curv lh Tue Mar 10 01:17:00 CET 2026
#@# white area lh Tue Mar 10 01:17:00 CET 2026
#@# pial curv lh Tue Mar 10 01:17:00 CET 2026
#@# pial area lh Tue Mar 10 01:17:00 CET 2026
#@# thickness lh Tue Mar 10 01:17:00 CET 2026
#@# area and vertex vol lh Tue Mar 10 01:17:00 CET 2026
#@# Parcellation Stats lh Tue Mar 10 01:17:00 CET 2026
#@# Parcellation Stats 2 lh Tue Mar 10 01:17:14 CET 2026
#@# Parcellation Stats 3 lh Tue Mar 10 01:17:21 CET 2026
#@# BA_exvivo Labels lh Tue Mar 10 01:17:28 CET 2026
recon-all -s sub-v1s3x0050776_ses-1 finished without error at Tue Mar 10 01:19:25 CET 2026
