status file for recon-all
Tue Mar 10 00:53:48 CET 2026
#@# Tessellate rh Tue Mar 10 00:53:48 CET 2026
#@# Smooth1 rh Tue Mar 10 00:53:50 CET 2026
#@# Inflation1 rh Tue Mar 10 00:53:52 CET 2026
#@# QSphere rh Tue Mar 10 00:54:03 CET 2026
#@# Fix Topology rh Tue Mar 10 00:54:52 CET 2026
#@# Smooth2 rh Tue Mar 10 00:59:48 CET 2026
#@# Inflation2 rh Tue Mar 10 00:59:50 CET 2026
#@# Curv .H and .K rh Tue Mar 10 01:00:04 CET 2026
#@# Sphere rh Tue Mar 10 01:00:40 CET 2026
#@# Surf Reg rh Tue Mar 10 01:02:21 CET 2026
#@# Jacobian white rh Tue Mar 10 01:06:03 CET 2026
#@# AvgCurv rh Tue Mar 10 01:06:03 CET 2026
#@# Cortical Parc rh Tue Mar 10 01:06:04 CET 2026
#@# white curv rh Tue Mar 10 01:11:57 CET 2026
#@# white area rh Tue Mar 10 01:11:59 CET 2026
#@# pial curv rh Tue Mar 10 01:11:59 CET 2026
#@# pial area rh Tue Mar 10 01:12:01 CET 2026
#@# thickness rh Tue Mar 10 01:12:01 CET 2026
#@# area and vertex vol rh Tue Mar 10 01:12:20 CET 2026
#@# Curvature Stats rh Tue Mar 10 01:12:21 CET 2026
#@# Cortical Parc 2 rh Tue Mar 10 01:12:22 CET 2026
#@# Cortical Parc 3 rh Tue Mar 10 01:12:32 CET 2026
#@# WM/GM Contrast rh Tue Mar 10 01:12:40 CET 2026
recon-all -s sub-v1s3x0050776_ses-1 finished without error at Tue Mar 10 01:12:42 CET 2026



#New# invocation of recon-all 



status file for recon-all
Tue Mar 10 01:19:29 CET 2026
#@# white curv rh Tue Mar 10 01:19:29 CET 2026
#@# white area rh Tue Mar 10 01:19:29 CET 2026
#@# pial curv rh Tue Mar 10 01:19:29 CET 2026
#@# pial area rh Tue Mar 10 01:19:29 CET 2026
#@# thickness rh Tue Mar 10 01:19:29 CET 2026
#@# area and vertex vol rh Tue Mar 10 01:19:29 CET 2026
#@# Parcellation Stats rh Tue Mar 10 01:19:29 CET 2026
#@# Parcellation Stats 2 rh Tue Mar 10 01:19:43 CET 2026
#@# Parcellation Stats 3 rh Tue Mar 10 01:19:50 CET 2026
#@# BA_exvivo Labels rh Tue Mar 10 01:19:57 CET 2026
recon-all -s sub-v1s3x0050776_ses-1 finished without error at Tue Mar 10 01:21:54 CET 2026
