status file for recon-all
Tue Mar 10 03:56:14 CET 2026
#@# Tessellate rh Tue Mar 10 03:56:14 CET 2026
#@# Smooth1 rh Tue Mar 10 03:56:18 CET 2026
#@# Inflation1 rh Tue Mar 10 03:56:20 CET 2026
#@# QSphere rh Tue Mar 10 03:56:34 CET 2026
#@# Fix Topology rh Tue Mar 10 03:57:46 CET 2026
#@# Smooth2 rh Tue Mar 10 04:05:19 CET 2026
#@# Inflation2 rh Tue Mar 10 04:05:23 CET 2026
#@# Curv .H and .K rh Tue Mar 10 04:05:37 CET 2026
#@# Sphere rh Tue Mar 10 04:06:26 CET 2026
#@# Surf Reg rh Tue Mar 10 04:11:17 CET 2026
#@# Jacobian white rh Tue Mar 10 04:15:56 CET 2026
#@# AvgCurv rh Tue Mar 10 04:15:57 CET 2026
#@# Cortical Parc rh Tue Mar 10 04:15:58 CET 2026
#@# white curv rh Tue Mar 10 04:23:15 CET 2026
#@# white area rh Tue Mar 10 04:23:17 CET 2026
#@# pial curv rh Tue Mar 10 04:23:18 CET 2026
#@# pial area rh Tue Mar 10 04:23:20 CET 2026
#@# thickness rh Tue Mar 10 04:23:21 CET 2026
#@# area and vertex vol rh Tue Mar 10 04:23:52 CET 2026
#@# Curvature Stats rh Tue Mar 10 04:23:54 CET 2026
#@# Cortical Parc 2 rh Tue Mar 10 04:23:56 CET 2026
#@# Cortical Parc 3 rh Tue Mar 10 04:24:10 CET 2026
#@# WM/GM Contrast rh Tue Mar 10 04:24:22 CET 2026
recon-all -s sub-v1s3x0050825_ses-1 finished without error at Tue Mar 10 04:24:25 CET 2026



#New# invocation of recon-all 



status file for recon-all
Tue Mar 10 04:33:31 CET 2026
#@# white curv rh Tue Mar 10 04:33:31 CET 2026
#@# white area rh Tue Mar 10 04:33:31 CET 2026
#@# pial curv rh Tue Mar 10 04:33:31 CET 2026
#@# pial area rh Tue Mar 10 04:33:31 CET 2026
#@# thickness rh Tue Mar 10 04:33:31 CET 2026
#@# area and vertex vol rh Tue Mar 10 04:33:31 CET 2026
#@# Parcellation Stats rh Tue Mar 10 04:33:31 CET 2026
#@# Parcellation Stats 2 rh Tue Mar 10 04:33:52 CET 2026
#@# Parcellation Stats 3 rh Tue Mar 10 04:34:03 CET 2026
#@# BA_exvivo Labels rh Tue Mar 10 04:34:13 CET 2026
recon-all -s sub-v1s3x0050825_ses-1 finished without error at Tue Mar 10 04:36:55 CET 2026
