status file for recon-all
Tue Mar 10 03:21:51 CET 2026
#@# Tessellate lh Tue Mar 10 03:21:51 CET 2026
#@# Smooth1 lh Tue Mar 10 03:21:55 CET 2026
#@# Inflation1 lh Tue Mar 10 03:21:58 CET 2026
#@# QSphere lh Tue Mar 10 03:22:12 CET 2026
#@# Fix Topology lh Tue Mar 10 03:23:15 CET 2026
#@# Smooth2 lh Tue Mar 10 03:31:59 CET 2026
#@# Inflation2 lh Tue Mar 10 03:32:02 CET 2026
#@# Curv .H and .K lh Tue Mar 10 03:32:16 CET 2026
#@# Sphere lh Tue Mar 10 03:33:03 CET 2026
#@# Surf Reg lh Tue Mar 10 03:41:28 CET 2026
#@# Jacobian white lh Tue Mar 10 03:48:36 CET 2026
#@# AvgCurv lh Tue Mar 10 03:48:37 CET 2026
#@# Cortical Parc lh Tue Mar 10 03:48:38 CET 2026
#@# white curv lh Tue Mar 10 03:55:06 CET 2026
#@# white area lh Tue Mar 10 03:55:08 CET 2026
#@# pial curv lh Tue Mar 10 03:55:09 CET 2026
#@# pial area lh Tue Mar 10 03:55:10 CET 2026
#@# thickness lh Tue Mar 10 03:55:11 CET 2026
#@# area and vertex vol lh Tue Mar 10 03:55:41 CET 2026
#@# Curvature Stats lh Tue Mar 10 03:55:42 CET 2026
#@# Cortical Parc 2 lh Tue Mar 10 03:55:45 CET 2026
#@# Cortical Parc 3 lh Tue Mar 10 03:55:58 CET 2026
#@# WM/GM Contrast lh Tue Mar 10 03:56:08 CET 2026
recon-all -s sub-v1s3x0050825_ses-1 finished without error at Tue Mar 10 03:56:12 CET 2026



#New# invocation of recon-all 



status file for recon-all
Tue Mar 10 04:30:14 CET 2026
#@# white curv lh Tue Mar 10 04:30:14 CET 2026
#@# white area lh Tue Mar 10 04:30:14 CET 2026
#@# pial curv lh Tue Mar 10 04:30:14 CET 2026
#@# pial area lh Tue Mar 10 04:30:14 CET 2026
#@# thickness lh Tue Mar 10 04:30:14 CET 2026
#@# area and vertex vol lh Tue Mar 10 04:30:14 CET 2026
#@# Parcellation Stats lh Tue Mar 10 04:30:14 CET 2026
#@# Parcellation Stats 2 lh Tue Mar 10 04:30:32 CET 2026
#@# Parcellation Stats 3 lh Tue Mar 10 04:30:41 CET 2026
#@# BA_exvivo Labels lh Tue Mar 10 04:30:51 CET 2026
recon-all -s sub-v1s3x0050825_ses-1 finished without error at Tue Mar 10 04:33:28 CET 2026
