status file for recon-all
Tue Mar 10 01:39:45 CET 2026
#@# MotionCor Tue Mar 10 01:39:47 CET 2026
#@# Talairach Tue Mar 10 01:39:58 CET 2026
#@# Talairach Failure Detection Tue Mar 10 01:44:22 CET 2026
#@# Nu Intensity Correction Tue Mar 10 01:44:22 CET 2026
#@# Intensity Normalization Tue Mar 10 01:47:37 CET 2026
recon-all -s sub-v1s3x0050825_ses-1 finished without error at Tue Mar 10 01:49:00 CET 2026



#New# invocation of recon-all 



status file for recon-all
Tue Mar 10 01:58:09 CET 2026
#@# EM Registration Tue Mar 10 01:58:09 CET 2026
recon-all -s sub-v1s3x0050825_ses-1 finished without error at Tue Mar 10 01:59:49 CET 2026



#New# invocation of recon-all 



status file for recon-all
Tue Mar 10 01:59:51 CET 2026
#@# CA Normalize Tue Mar 10 01:59:51 CET 2026
#@# CA Reg Tue Mar 10 02:01:10 CET 2026
#@# SubCort Seg Tue Mar 10 02:42:12 CET 2026
#@# CC Seg Tue Mar 10 03:15:55 CET 2026
#@# Merge ASeg Tue Mar 10 03:16:26 CET 2026
#@# Intensity Normalization2 Tue Mar 10 03:16:26 CET 2026
#@# Mask BFS Tue Mar 10 03:18:40 CET 2026
#@# WM Segmentation Tue Mar 10 03:18:41 CET 2026
#@# Fill Tue Mar 10 03:20:36 CET 2026
recon-all -s sub-v1s3x0050825_ses-1 finished without error at Tue Mar 10 03:21:45 CET 2026



#New# invocation of recon-all 



status file for recon-all
Tue Mar 10 04:24:29 CET 2026
#@# white curv lh Tue Mar 10 04:24:30 CET 2026
#@# white area lh Tue Mar 10 04:24:30 CET 2026
#@# pial curv lh Tue Mar 10 04:24:30 CET 2026
#@# pial area lh Tue Mar 10 04:24:30 CET 2026
#@# thickness lh Tue Mar 10 04:24:30 CET 2026
#@# area and vertex vol lh Tue Mar 10 04:24:30 CET 2026
#@# white curv rh Tue Mar 10 04:24:30 CET 2026
#@# white area rh Tue Mar 10 04:24:30 CET 2026
#@# pial curv rh Tue Mar 10 04:24:30 CET 2026
#@# pial area rh Tue Mar 10 04:24:30 CET 2026
#@# thickness rh Tue Mar 10 04:24:30 CET 2026
#@# area and vertex vol rh Tue Mar 10 04:24:30 CET 2026
#@# Cortical ribbon mask Tue Mar 10 04:24:30 CET 2026
recon-all -s sub-v1s3x0050825_ses-1 finished without error at Tue Mar 10 04:30:10 CET 2026



#New# invocation of recon-all 



status file for recon-all
Tue Mar 10 04:37:00 CET 2026
#@# white curv lh Tue Mar 10 04:37:00 CET 2026
#@# white area lh Tue Mar 10 04:37:00 CET 2026
#@# pial curv lh Tue Mar 10 04:37:00 CET 2026
#@# pial area lh Tue Mar 10 04:37:00 CET 2026
#@# thickness lh Tue Mar 10 04:37:00 CET 2026
#@# area and vertex vol lh Tue Mar 10 04:37:00 CET 2026
#@# white curv rh Tue Mar 10 04:37:00 CET 2026
#@# white area rh Tue Mar 10 04:37:00 CET 2026
#@# pial curv rh Tue Mar 10 04:37:00 CET 2026
#@# pial area rh Tue Mar 10 04:37:00 CET 2026
#@# thickness rh Tue Mar 10 04:37:00 CET 2026
#@# area and vertex vol rh Tue Mar 10 04:37:00 CET 2026
#@# Curvature Stats lh Tue Mar 10 04:37:00 CET 2026
#@# Curvature Stats rh Tue Mar 10 04:37:03 CET 2026
#@# Relabel Hypointensities Tue Mar 10 04:37:05 CET 2026
#@# APas-to-ASeg Tue Mar 10 04:37:22 CET 2026
#@# AParc-to-ASeg aparc Tue Mar 10 04:37:32 CET 2026
#@# AParc-to-ASeg aparc.a2009s Tue Mar 10 04:38:16 CET 2026
#@# AParc-to-ASeg aparc.DKTatlas Tue Mar 10 04:39:02 CET 2026
#@# WMParc Tue Mar 10 04:39:48 CET 2026
#@# ASeg Stats Tue Mar 10 04:43:14 CET 2026
recon-all -s sub-v1s3x0050825_ses-1 finished without error at Tue Mar 10 04:43:55 CET 2026
