/out/sourcedata/freesurfer/sub-v1s3x0050792_ses-1/mri
/opt/freesurfer/bin/talairach_avi
--i orig_nu.mgz --xfm transforms/talairach.auto.xfm
talairach_avi 7.3.2
Linux dna030 5.14.0-427.37.1.el9_4.x86_64 #1 SMP PREEMPT_DYNAMIC Fri Sep 13 12:41:50 EDT 2024 x86_64 x86_64 x86_64 GNU/Linux
Tue Mar 10 00:18:32 CET 2026
mri_convert orig_nu.mgz talsrcimg.img 
reading from orig_nu.mgz...
TR=0.00, TE=0.00, TI=0.00, flip angle=0.00
i_ras = (-1, 0, 0)
j_ras = (0, 0, -1)
k_ras = (0, 1, 0)
writing to talsrcimg.img...
Analyze Output Matrix
-1.00000   0.00000   0.00000   138.66742;
 0.00000   0.00000   1.00000  -143.09909;
 0.00000  -1.00000   0.00000   127.15132;
 0.00000   0.00000   0.00000   1.00000;
--------------------
INFO: set hdr.hist.orient to -1
mpr2mni305 talsrcimg
Tue Mar 10 00:18:33 CET 2026
/opt/freesurfer/bin/mpr2mni305 talsrcimg
mpr2mni305 7.3.2
target=711-2C_as_mni_average_305

---------------------------------------------------------------------
analyzeto4dfp talsrcimg -O0 -y
---------------------------------------------------------------------

freesurfer ifh2hdr.c
Tue Mar 10 00:18:33 2026
Writing: talsrcimg.4dfp.hdr
freesurfer analyzeto4dfp.c
Reading: talsrcimg.hdr
header size 348 bytes
hdr.dime.datatype	offset=70	value=2
hdr.dime.bitpix		offset=72	value=8
hdr.hist.orient		offset=252	value=-1
dimensionality     4
dimensions       256       256       256         1
Reading: talsrcimg.img
Writing: talsrcimg.4dfp.img
Writing: talsrcimg.4dfp.ifh
ifh2hdr talsrcimg -r0to242
ori=2

---------------------------------------------------------------------
gauss_4dfp talsrcimg 1.1
---------------------------------------------------------------------

freesurfer gauss_4dfp.c
Reading: talsrcimg.4dfp.img
Writing: talsrcimg_g11.4dfp.img
image dimensions 256 256 256 padded to 288 288 288
processing volume 1freesurfer ifh2hdr.c
Tue Mar 10 00:18:35 2026
Writing: talsrcimg_g11.4dfp.hdr

Writing: talsrcimg_g11.4dfp.ifh
including: talsrcimg.4dfp.img.rec in talsrcimg_g11.4dfp.img.rec

---------------------------------------------------------------------
imgreg_4dfp /opt/freesurfer/average/711-2C_as_mni_average_305 none talsrcimg_g11 none talsrcimg_to_711-2C_as_mni_average_305_t4 4355
---------------------------------------------------------------------

freesurfer imgreg_4dfp.c
/opt/freesurfer/average/711-2C_as_mni_average_305.4dfp.img
       256       256       256         1
  1.000000  1.000000  1.000000
orientation T byte_order littleendian
Reading image: /opt/freesurfer/average/711-2C_as_mni_average_305.4dfp.img
dimensions:      256       256       256
mmppix:       1.0000   -1.0000   -1.0000
center:     128.0000 -129.0000 -129.0000
talsrcimg_g11.4dfp.img
       256       256       256         1
  1.000000  1.000000  1.000000
orientation T byte_order littleendian
Reading image: talsrcimg_g11.4dfp.img
dimensions:      256       256       256
mmppix:       1.0000   -1.0000   -1.0000
center:     128.0000 -129.0000 -129.0000
t4_read: open error in t4_sub.f l:  41 t4_file(1:l)talsrcimg_to_711-2C_as_mni_average_305_t4 
t4_read: transform initialized to I4
rotation matrix determinant  1.000000
image alignment mode   4355 decimal     1103 hex
   -7.5000  -45.0000  -45.0000 7818.3032   21.4121
    0.0000  -45.0000  -45.0000 8154.5034   21.3968
    7.5000  -45.0000  -45.0000 7723.6133   21.3882
   -7.5000  -37.5000  -45.0000 8227.7900   21.4089
    0.0000  -37.5000  -45.0000 8575.8008   21.4073
    7.5000  -37.5000  -45.0000 8123.8506   21.3960
   -7.5000  -30.0000  -45.0000 8852.2480   21.4104
    0.0000  -30.0000  -45.0000 9238.6211   21.4025
    7.5000  -30.0000  -45.0000 8732.5791   21.3840
   -7.5000  -22.5000  -45.0000 9484.3848   21.4110
    0.0000  -22.5000  -45.0000 9896.7461   21.3828
    7.5000  -22.5000  -45.0000 9337.3887   21.3607
   -7.5000  -15.0000  -45.000010091.2002   21.4151
    0.0000  -15.0000  -45.000010558.7773   21.3702
    7.5000  -15.0000  -45.0000 9931.9502   21.3493
   -7.5000   -7.5000  -45.000010688.8379   21.4177
    0.0000   -7.5000  -45.000011183.0215   21.3793
    7.5000   -7.5000  -45.000010513.5752   21.3648
   -7.5000    0.0000  -45.000011171.3203   21.4121
    0.0000    0.0000  -45.000011696.2373   21.3968
    7.5000    0.0000  -45.000011017.4775   21.3882
   -7.5000    7.5000  -45.000010660.8154   21.4089
    0.0000    7.5000  -45.000011153.0117   21.4073
    7.5000    7.5000  -45.000010509.7227   21.3960
   -7.5000   15.0000  -45.000010048.0996   21.4104
    0.0000   15.0000  -45.000010516.7939   21.4025
    7.5000   15.0000  -45.0000 9937.0137   21.3840
   -7.5000   22.5000  -45.0000 9137.7969   21.4080
    0.0000   22.5000  -45.0000 9566.6035   21.3799
    7.5000   22.5000  -45.0000 9017.8613   21.3577
   -7.5000   30.0000  -45.0000 8277.8877   21.1297
    0.0000   30.0000  -45.0000 8669.1309   21.0854
    7.5000   30.0000  -45.0000 8160.0479   21.0648
   -7.5000   37.5000  -45.0000 7775.3223   21.1322
    0.0000   37.5000  -45.0000 8130.1611   21.0944
    7.5000   37.5000  -45.0000 7639.5957   21.0801
   -7.5000   45.0000  -45.0000 7023.7715   20.5903
    0.0000   45.0000  -45.0000 7340.2783   20.5756
    7.5000   45.0000  -45.0000 6899.6392   20.5673
   -7.5000  -45.0000  -37.5000 8404.3203   21.1982
    0.0000  -45.0000  -37.5000 8786.5361   21.1748
    7.5000  -45.0000  -37.5000 8294.4199   21.1605
   -7.5000  -37.5000  -37.5000 8868.4160   21.1814
    0.0000  -37.5000  -37.5000 9257.6533   21.1759
    7.5000  -37.5000  -37.5000 8725.3457   21.1620
   -7.5000  -30.0000  -37.5000 9519.8438   21.1794
    0.0000  -30.0000  -37.5000 9950.1953   21.1722
    7.5000  -30.0000  -37.5000 9356.8125   21.1524
   -7.5000  -22.5000  -37.500010157.4990   21.1918
    0.0000  -22.5000  -37.500010651.4238   21.1640
    7.5000  -22.5000  -37.5000 9999.7324   21.1386
   -7.5000  -15.0000  -37.500010800.7051   21.2119
    0.0000  -15.0000  -37.500011327.4004   21.1638
    7.5000  -15.0000  -37.500010581.9482   21.1368
   -7.5000   -7.5000  -37.500011401.0254   21.2162
    0.0000   -7.5000  -37.500011935.6055   21.1708
    7.5000   -7.5000  -37.500011188.7480   21.1489
   -7.5000    0.0000  -37.500011904.4941   21.1982
    0.0000    0.0000  -37.500012462.9316   21.1748
    7.5000    0.0000  -37.500011710.6973   21.1605
   -7.5000    7.5000  -37.500011347.7383   21.1814
    0.0000    7.5000  -37.500011872.1504   21.1759
    7.5000    7.5000  -37.500011133.1855   21.1620
   -7.5000   15.0000  -37.500010714.0781   21.1794
    0.0000   15.0000  -37.500011231.4756   21.1722
    7.5000   15.0000  -37.500010538.5469   21.1524
   -7.5000   22.5000  -37.5000 9714.5107   21.1889
    0.0000   22.5000  -37.500010170.5879   21.1611
    7.5000   22.5000  -37.5000 9551.3604   21.1357
   -7.5000   30.0000  -37.5000 8749.7490   20.9292
    0.0000   30.0000  -37.5000 9169.5264   20.8818
    7.5000   30.0000  -37.5000 8622.7197   20.8551
   -7.5000   37.5000  -37.5000 8165.8745   20.9334
    0.0000   37.5000  -37.5000 8561.3223   20.8887
    7.5000   37.5000  -37.5000 8043.7798   20.8670
   -7.5000   45.0000  -37.5000 7338.7148   20.3846
    0.0000   45.0000  -37.5000 7692.5645   20.3621
    7.5000   45.0000  -37.5000 7246.7773   20.3483
   -7.5000  -45.0000  -30.0000 9222.2236   22.0486
    0.0000  -45.0000  -30.0000 9610.8174   22.0180
    7.5000  -45.0000  -30.0000 9029.0000   22.0013
   -7.5000  -37.5000  -30.0000 9718.4141   22.0084
    0.0000  -37.5000  -30.000010125.9697   21.9945
    7.5000  -37.5000  -30.0000 9486.6904   21.9824
   -7.5000  -30.0000  -30.000010429.6934   21.9945
    0.0000  -30.0000  -30.000010884.7227   21.9797
    7.5000  -30.0000  -30.000010189.1406   21.9620
   -7.5000  -22.5000  -30.000011146.6113   22.0183
    0.0000  -22.5000  -30.000011664.0703   21.9851
    7.5000  -22.5000  -30.000010877.9482   21.9584
   -7.5000  -15.0000  -30.000011826.2334   22.0612
    0.0000  -15.0000  -30.000012375.2012   22.0095
    7.5000  -15.0000  -30.000011509.0273   21.9776
   -7.5000   -7.5000  -30.000012431.7285   22.0774
    0.0000   -7.5000  -30.000012978.9131   22.0276
    7.5000   -7.5000  -30.000012102.7139   22.0001
   -7.5000    0.0000  -30.000012939.3232   22.0486
    0.0000    0.0000  -30.000013531.0898   22.0180
    7.5000    0.0000  -30.000012620.5254   22.0013
   -7.5000    7.5000  -30.000012312.8574   22.0084
    0.0000    7.5000  -30.000012877.9863   21.9945
    7.5000    7.5000  -30.000011996.1270   21.9824
   -7.5000   15.0000  -30.000011656.9912   21.9945
    0.0000   15.0000  -30.000012178.1396   21.9797
    7.5000   15.0000  -30.000011394.6904   21.9620
   -7.5000   22.5000  -30.000010557.7539   22.0130
    0.0000   22.5000  -30.000011010.9844   21.9798
    7.5000   22.5000  -30.000010346.5117   21.9531
   -7.5000   30.0000  -30.0000 9451.4561   21.7692
    0.0000   30.0000  -30.0000 9876.7236   21.7182
    7.5000   30.0000  -30.0000 9292.7676   21.6868
   -7.5000   37.5000  -30.0000 8766.7373   21.7853
    0.0000   37.5000  -30.0000 9186.9951   21.7361
    7.5000   37.5000  -30.0000 8634.3340   21.7090
   -7.5000   45.0000  -30.0000 7832.6436   21.2179
    0.0000   45.0000  -30.0000 8219.3232   21.1885
    7.5000   45.0000  -30.0000 7739.4023   21.1725
   -7.5000  -45.0000  -22.500010024.9863   22.7936
    0.0000  -45.0000  -22.500010407.4189   22.7659
    7.5000  -45.0000  -22.5000 9751.4863   22.7567
   -7.5000  -37.5000  -22.500010553.1396   22.7430
    0.0000  -37.5000  -22.500010954.2676   22.7261
    7.5000  -37.5000  -22.500010247.5234   22.7212
   -7.5000  -30.0000  -22.500011360.3770   22.7222
    0.0000  -30.0000  -22.500011796.3164   22.7010
    7.5000  -30.0000  -22.500011031.5088   22.6883
   -7.5000  -22.5000  -22.500012155.1328   22.7487
    0.0000  -22.5000  -22.500012667.1738   22.7121
    7.5000  -22.5000  -22.500011780.9385   22.6887
   -7.5000  -15.0000  -22.500012897.2217   22.7994
    0.0000  -15.0000  -22.500013444.3232   22.7502
    7.5000  -15.0000  -22.500012466.8672   22.7221
   -7.5000   -7.5000  -22.500013507.0693   22.8235
    0.0000   -7.5000  -22.500014110.5127   22.7790
    7.5000   -7.5000  -22.500013064.9893   22.7573
   -7.5000    0.0000  -22.500014049.9854   22.7936
    0.0000    0.0000  -22.500014664.2559   22.7659
    7.5000    0.0000  -22.500013615.3506   22.7567
   -7.5000    7.5000  -22.500013364.6426   22.7430
    0.0000    7.5000  -22.500013935.1416   22.7261
    7.5000    7.5000  -22.500012936.4932   22.7212
   -7.5000   15.0000  -22.500012655.5166   22.7222
    0.0000   15.0000  -22.500013195.8184   22.7010
    7.5000   15.0000  -22.500012284.2793   22.6883
   -7.5000   22.5000  -22.500011465.3994   22.7417
    0.0000   22.5000  -22.500011927.6094   22.7051
    7.5000   22.5000  -22.500011150.3770   22.6817
   -7.5000   30.0000  -22.500010205.8789   22.5012
    0.0000   30.0000  -22.500010653.1309   22.4527
    7.5000   30.0000  -22.500010020.9131   22.4249
   -7.5000   37.5000  -22.5000 9428.9951   22.5250
    0.0000   37.5000  -22.5000 9815.6914   22.4810
    7.5000   37.5000  -22.5000 9257.5107   22.4597
   -7.5000   45.0000  -22.5000 8394.4297   21.9514
    0.0000   45.0000  -22.5000 8765.3418   21.9246
    7.5000   45.0000  -22.5000 8251.7393   21.9158
   -7.5000  -45.0000  -15.000010791.3555   23.3278
    0.0000  -45.0000  -15.000011197.0752   23.3082
    7.5000  -45.0000  -15.000010506.1982   23.3059
   -7.5000  -37.5000  -15.000011340.8633   23.2892
    0.0000  -37.5000  -15.000011779.0176   23.2746
    7.5000  -37.5000  -15.000011025.6572   23.2723
   -7.5000  -30.0000  -15.000012214.5342   23.2716
    0.0000  -30.0000  -15.000012683.1680   23.2470
    7.5000  -30.0000  -15.000011867.3779   23.2348
   -7.5000  -22.5000  -15.000013080.1523   23.2885
    0.0000  -22.5000  -15.000013604.7568   23.2487
    7.5000  -22.5000  -15.000012664.9590   23.2279
   -7.5000  -15.0000  -15.000013890.5762   23.3251
    0.0000  -15.0000  -15.000014464.9014   23.2780
    7.5000  -15.0000  -15.000013397.1816   23.2562
   -7.5000   -7.5000  -15.000014603.4102   23.3469
    0.0000   -7.5000  -15.000015216.1699   23.3100
    7.5000   -7.5000  -15.000014075.1445   23.2968
   -7.5000    0.0000  -15.000015253.9854   23.3278
    0.0000    0.0000  -15.000015897.0654   23.3082
    7.5000    0.0000  -15.000014704.9248   23.3059
   -7.5000    7.5000  -15.000014460.8369   23.2892
    0.0000    7.5000  -15.000015060.1475   23.2746
    7.5000    7.5000  -15.000013943.8281   23.2723
   -7.5000   15.0000  -15.000013639.9023   23.2716
    0.0000   15.0000  -15.000014229.3340   23.2470
    7.5000   15.0000  -15.000013178.2744   23.2348
   -7.5000   22.5000  -15.000012322.3779   23.2802
    0.0000   22.5000  -15.000012854.2471   23.2405
    7.5000   22.5000  -15.000011964.2695   23.2197
   -7.5000   30.0000  -15.000011011.3750   23.0232
    0.0000   30.0000  -15.000011474.4697   22.9767
    7.5000   30.0000  -15.000010733.0869   22.9552
   -7.5000   37.5000  -15.000010150.8604   23.0447
    0.0000   37.5000  -15.000010579.5029   23.0083
    7.5000   37.5000  -15.0000 9930.1494   22.9953
   -7.5000   45.0000  -15.0000 8976.6992   22.4794
    0.0000   45.0000  -15.0000 9360.4434   22.4605
    7.5000   45.0000  -15.0000 8796.6562   22.4583
   -7.5000  -45.0000   -7.500011600.6943   23.6024
    0.0000  -45.0000   -7.500012034.0146   23.5867
    7.5000  -45.0000   -7.500011324.2715   23.5827
   -7.5000  -37.5000   -7.500012206.0068   23.5870
    0.0000  -37.5000   -7.500012670.5449   23.5786
    7.5000  -37.5000   -7.500011907.4854   23.5714
   -7.5000  -30.0000   -7.500013165.8564   23.5788
    0.0000  -30.0000   -7.500013690.4854   23.5592
    7.5000  -30.0000   -7.500012821.2539   23.5430
   -7.5000  -22.5000   -7.500014070.6924   23.5807
    0.0000  -22.5000   -7.500014631.4170   23.5429
    7.5000  -22.5000   -7.500013642.2197   23.5218
   -7.5000  -15.0000   -7.500014907.3477   23.5942
    0.0000  -15.0000   -7.500015514.4023   23.5461
    7.5000  -15.0000   -7.500014397.1631   23.5268
   -7.5000   -7.5000   -7.500015716.1006   23.6076
    0.0000   -7.5000   -7.500016401.2598   23.5706
    7.5000   -7.5000   -7.500015156.3389   23.5593
   -7.5000    0.0000   -7.500016455.0176   23.6024
    0.0000    0.0000   -7.500017196.4609   23.5867
    7.5000    0.0000   -7.500015873.3252   23.5827
   -7.5000    7.5000   -7.500015561.2988   23.5870
    0.0000    7.5000   -7.500016246.0020   23.5786
    7.5000    7.5000   -7.500015009.7510   23.5714
   -7.5000   15.0000   -7.500014621.3906   23.5788
    0.0000   15.0000   -7.500015233.5312   23.5592
    7.5000   15.0000   -7.500014080.6787   23.5430
   -7.5000   22.5000   -7.500013225.3389   23.5698
    0.0000   22.5000   -7.500013760.5283   23.5321
    7.5000   22.5000   -7.500012781.3652   23.5110
   -7.5000   30.0000   -7.500011848.2373   23.2882
    0.0000   30.0000   -7.500012345.1260   23.2408
    7.5000   30.0000   -7.500011506.9199   23.2217
   -7.5000   37.5000   -7.500010910.6611   23.3014
    0.0000   37.5000   -7.500011401.0449   23.2649
    7.5000   37.5000   -7.500010660.1729   23.2537
   -7.5000   45.0000   -7.5000 9613.5039   22.7483
    0.0000   45.0000   -7.500010047.0303   22.7332
    7.5000   45.0000   -7.5000 9448.9961   22.7292
   -7.5000  -45.0000    0.000012296.1846   23.6580
    0.0000  -45.0000    0.000012748.5830   23.6405
    7.5000  -45.0000    0.000012092.7207   23.6313
   -7.5000  -37.5000    0.000012957.9844   23.6528
    0.0000  -37.5000    0.000013447.6875   23.6506
    7.5000  -37.5000    0.000012731.8828   23.6385
   -7.5000  -30.0000    0.000014036.6084   23.6528
    0.0000  -30.0000    0.000014588.2744   23.6440
    7.5000  -30.0000    0.000013770.4912   23.6242
   -7.5000  -22.5000    0.000015023.6211   23.6536
    0.0000  -22.5000    0.000015603.1201   23.6226
    7.5000  -22.5000    0.000014674.6191   23.5990
   -7.5000  -15.0000    0.000015905.5498   23.6597
    0.0000  -15.0000    0.000016546.0684   23.6103
    7.5000  -15.0000    0.000015441.0459   23.5881
   -7.5000   -7.5000    0.000016749.5234   23.6640
    0.0000   -7.5000    0.000017508.2812   23.6215
    7.5000   -7.5000    0.000016209.4590   23.6060
   -7.5000    0.0000    0.000017465.6348   23.6580
    0.0000    0.0000    0.000018288.4316   23.6405
    7.5000    0.0000    0.000016954.8730   23.6313
   -7.5000    7.5000    0.000016446.2910   23.6528
    0.0000    7.5000    0.000017173.5293   23.6506
    7.5000    7.5000    0.000015969.0791   23.6385
   -7.5000   15.0000    0.000015399.4756   23.6528
    0.0000   15.0000    0.000016032.9277   23.6440
    7.5000   15.0000    0.000014882.2959   23.6242
   -7.5000   22.5000    0.000013934.7930   23.6427
    0.0000   22.5000    0.000014507.1904   23.6118
    7.5000   22.5000    0.000013507.6582   23.5881
   -7.5000   30.0000    0.000012538.7861   23.3535
    0.0000   30.0000    0.000013083.6680   23.3048
    7.5000   30.0000    0.000012210.7754   23.2828
   -7.5000   37.5000    0.000011615.5811   23.3578
    0.0000   37.5000    0.000012134.8076   23.3158
    7.5000   37.5000    0.000011336.3721   23.3005
   -7.5000   45.0000    0.000010243.2969   22.8036
    0.0000   45.0000    0.000010695.8818   22.7867
    7.5000   45.0000    0.000010036.6982   22.7779
   -7.5000  -45.0000    7.500012011.4883   23.6708
    0.0000  -45.0000    7.500012423.5049   23.6451
    7.5000  -45.0000    7.500011860.2070   23.6293
   -7.5000  -37.5000    7.500012632.1758   23.6512
    0.0000  -37.5000    7.500013096.7607   23.6453
    7.5000  -37.5000    7.500012476.4717   23.6302
   -7.5000  -30.0000    7.500013771.1318   23.6484
    0.0000  -30.0000    7.500014286.2383   23.6403
    7.5000  -30.0000    7.500013576.2871   23.6186
   -7.5000  -22.5000    7.500014869.5303   23.6624
    0.0000  -22.5000    7.500015495.2119   23.6313
    7.5000  -22.5000    7.500014610.0225   23.6033
   -7.5000  -15.0000    7.500015782.1562   23.6855
    0.0000  -15.0000    7.500016498.1387   23.6320
    7.5000  -15.0000    7.500015435.5508   23.6020
   -7.5000   -7.5000    7.500016594.5176   23.6910
    0.0000   -7.5000    7.500017279.2812   23.6407
    7.5000   -7.5000    7.500016186.5791   23.6163
   -7.5000    0.0000    7.500017198.5234   23.6708
    0.0000    0.0000    7.500017880.0332   23.6451
    7.5000    0.0000    7.500016829.0332   23.6293
   -7.5000    7.5000    7.500016145.9219   23.6512
    0.0000    7.5000    7.500016743.4219   23.6453
    7.5000    7.5000    7.500015774.1699   23.6302
   -7.5000   15.0000    7.500015054.4707   23.6484
    0.0000   15.0000    7.500015617.0459   23.6403
    7.5000   15.0000    7.500014594.6777   23.6186
   -7.5000   22.5000    7.500013643.6260   23.6515
    0.0000   22.5000    7.500014195.3828   23.6204
    7.5000   22.5000    7.500013220.2344   23.5924
   -7.5000   30.0000    7.500012324.4238   23.3790
    0.0000   30.0000    7.500012826.4932   23.3262
    7.5000   30.0000    7.500011950.3203   23.2965
   -7.5000   37.5000    7.500011438.5684   23.3844
    0.0000   37.5000    7.500011905.9961   23.3348
    7.5000   37.5000    7.500011125.7363   23.3106
   -7.5000   45.0000    7.500010118.5723   22.8159
    0.0000   45.0000    7.500010545.2646   22.7912
    7.5000   45.0000    7.5000 9875.3008   22.7759
   -7.5000  -45.0000   15.000011517.0723   23.6765
    0.0000  -45.0000   15.000011939.7725   23.6436
    7.5000  -45.0000   15.000011442.2236   23.6258
   -7.5000  -37.5000   15.000012065.4658   23.6334
    0.0000  -37.5000   15.000012488.2373   23.6184
    7.5000  -37.5000   15.000012029.5928   23.6055
   -7.5000  -30.0000   15.000013159.8271   23.6184
    0.0000  -30.0000   15.000013669.4004   23.6025
    7.5000  -30.0000   15.000013135.9580   23.5836
   -7.5000  -22.5000   15.000014411.6299   23.6440
    0.0000  -22.5000   15.000015152.2715   23.6083
    7.5000  -22.5000   15.000014305.0312   23.5796
   -7.5000  -15.0000   15.000015427.2266   23.6900
    0.0000  -15.0000   15.000016196.6816   23.6345
    7.5000  -15.0000   15.000015242.0234   23.6002
   -7.5000   -7.5000   15.000016279.7383   23.7075
    0.0000   -7.5000   15.000016951.5918   23.6539
    7.5000   -7.5000   15.000015946.1094   23.6244
   -7.5000    0.0000   15.000016850.6875   23.6765
    0.0000    0.0000   15.000017494.5371   23.6436
    7.5000    0.0000   15.000016458.8125   23.6258
   -7.5000    7.5000   15.000015681.7344   23.6334
    0.0000    7.5000   15.000016297.6016   23.6184
    7.5000    7.5000   15.000015306.5557   23.6055
   -7.5000   15.0000   15.000014509.9580   23.6184
    0.0000   15.0000   15.000015060.2012   23.6025
    7.5000   15.0000   15.000014113.2354   23.5836
   -7.5000   22.5000   15.000013150.7617   23.6331
    0.0000   22.5000   15.000013655.2529   23.5974
    7.5000   22.5000   15.000012782.9473   23.5687
   -7.5000   30.0000   15.000011878.1807   23.3834
    0.0000   30.0000   15.000012315.4893   23.3286
    7.5000   30.0000   15.000011505.1699   23.2948
   -7.5000   37.5000   15.000011046.6201   23.4006
    0.0000   37.5000   15.000011482.8203   23.3478
    7.5000   37.5000   15.000010715.3506   23.3187
   -7.5000   45.0000   15.0000 9774.3613   22.8214
    0.0000   45.0000   15.000010154.8203   22.7897
    7.5000   45.0000   15.0000 9518.5420   22.7725
   -7.5000  -45.0000   22.500011004.7773   23.6616
    0.0000  -45.0000   22.500011424.3545   23.6328
    7.5000  -45.0000   22.500010965.7402   23.6233
   -7.5000  -37.5000   22.500011564.2305   23.6091
    0.0000  -37.5000   22.500012008.5381   23.5915
    7.5000  -37.5000   22.500011538.4873   23.5864
   -7.5000  -30.0000   22.500012635.5010   23.5875
    0.0000  -30.0000   22.500013170.2363   23.5655
    7.5000  -30.0000   22.500012629.3252   23.5522
   -7.5000  -22.5000   22.500013730.7441   23.6150
    0.0000  -22.5000   22.500014413.9434   23.5770
    7.5000  -22.5000   22.500013684.9102   23.5527
   -7.5000  -15.0000   22.500014680.2070   23.6676
    0.0000  -15.0000   22.500015401.6074   23.6166
    7.5000  -15.0000   22.500014522.2979   23.5874
   -7.5000   -7.5000   22.500015448.3936   23.6926
    0.0000   -7.5000   22.500016166.8184   23.6464
    7.5000   -7.5000   22.500015158.7119   23.6239
   -7.5000    0.0000   22.500016018.7881   23.6616
    0.0000    0.0000   22.500016766.7773   23.6328
    7.5000    0.0000   22.500015665.9756   23.6233
   -7.5000    7.5000   22.500014924.3027   23.6091
    0.0000    7.5000   22.500015627.9102   23.5915
    7.5000    7.5000   22.500014622.1143   23.5864
   -7.5000   15.0000   22.500013765.3809   23.5875
    0.0000   15.0000   22.500014311.5889   23.5655
    7.5000   15.0000   22.500013433.4756   23.5522
   -7.5000   22.5000   22.500012480.3457   23.6041
    0.0000   22.5000   22.500012970.9590   23.5661
    7.5000   22.5000   22.500012198.0000   23.5418
   -7.5000   30.0000   22.500011308.7031   23.3613
    0.0000   30.0000   22.500011693.1133   23.3109
    7.5000   30.0000   22.500011006.6553   23.2821
   -7.5000   37.5000   22.500010541.8428   23.3860
    0.0000   37.5000   22.500010913.5967   23.3404
    7.5000   37.5000   22.500010267.1035   23.3182
   -7.5000   45.0000   22.5000 9322.9893   22.8071
    0.0000   45.0000   22.5000 9618.7012   22.7793
    7.5000   45.0000   22.5000 9089.6543   22.7701
   -7.5000  -45.0000   30.000010430.2217   23.6479
    0.0000  -45.0000   30.000010891.6309   23.6281
    7.5000  -45.0000   30.000010336.0859   23.6257
   -7.5000  -37.5000   30.000011007.1016   23.6088
    0.0000  -37.5000   30.000011480.2344   23.5940
    7.5000  -37.5000   30.000010914.5645   23.5917
   -7.5000  -30.0000   30.000011964.9941   23.5910
    0.0000  -30.0000   30.000012473.1279   23.5661
    7.5000  -30.0000   30.000011908.1406   23.5537
   -7.5000  -22.5000   30.000012845.1592   23.6081
    0.0000  -22.5000   30.000013360.7637   23.5678
    7.5000  -22.5000   30.000012782.8125   23.5467
   -7.5000  -15.0000   30.000013599.0986   23.6452
    0.0000  -15.0000   30.000014109.3105   23.5974
    7.5000  -15.0000   30.000013499.6523   23.5753
   -7.5000   -7.5000   30.000014325.2393   23.6673
    0.0000   -7.5000   30.000014854.7266   23.6299
    7.5000   -7.5000   30.000014164.8223   23.6165
   -7.5000    0.0000   30.000014939.9482   23.6479
    0.0000    0.0000   30.000015561.5703   23.6281
    7.5000    0.0000   30.000014755.5518   23.6257
   -7.5000    7.5000   30.000014028.6504   23.6088
    0.0000    7.5000   30.000014631.0576   23.5940
    7.5000    7.5000   30.000013871.0059   23.5917
   -7.5000   15.0000   30.000012900.4023   23.5910
    0.0000   15.0000   30.000013419.1719   23.5661
    7.5000   15.0000   30.000012714.3916   23.5537
   -7.5000   22.5000   30.000011692.7754   23.5972
    0.0000   22.5000   30.000012181.4619   23.5569
    7.5000   22.5000   30.000011513.9893   23.5358
   -7.5000   30.0000   30.000010589.7666   23.3392
    0.0000   30.0000   30.000010997.4629   23.2920
    7.5000   30.0000   30.000010376.9355   23.2702
   -7.5000   37.5000   30.0000 9840.5859   23.3610
    0.0000   37.5000   30.000010230.0742   23.3241
    7.5000   37.5000   30.0000 9669.5771   23.3109
   -7.5000   45.0000   30.0000 8682.1543   22.7939
    0.0000   45.0000   30.0000 9018.7363   22.7748
    7.5000   45.0000   30.0000 8559.7305   22.7725
   -7.5000  -45.0000   37.500010137.9033   23.7188
    0.0000  -45.0000   37.500010592.9385   23.7028
    7.5000  -45.0000   37.500010015.4561   23.6984
   -7.5000  -37.5000   37.500010653.4863   23.7028
    0.0000  -37.5000   37.500011137.6660   23.6944
    7.5000  -37.5000   37.500010580.2393   23.6870
   -7.5000  -30.0000   37.500011524.5146   23.6941
    0.0000  -30.0000   37.500012023.0957   23.6745
    7.5000  -30.0000   37.500011488.7070   23.6582
   -7.5000  -22.5000   37.500012293.6143   23.6960
    0.0000  -22.5000   37.500012781.9805   23.6580
    7.5000  -22.5000   37.500012254.9902   23.6368
   -7.5000  -15.0000   37.500012957.0879   23.7099
    0.0000  -15.0000   37.500013458.4102   23.6614
    7.5000  -15.0000   37.500012932.2139   23.6419
   -7.5000   -7.5000   37.500013679.2490   23.7238
    0.0000   -7.5000   37.500014231.8008   23.6863
    7.5000   -7.5000   37.500013631.5156   23.6748
   -7.5000    0.0000   37.500014340.2959   23.7188
    0.0000    0.0000   37.500014973.2461   23.7028
    7.5000    0.0000   37.500014267.5459   23.6984
   -7.5000    7.5000   37.500013553.2354   23.7028
    0.0000    7.5000   37.500014145.4541   23.6944
    7.5000    7.5000   37.500013477.1611   23.6870
   -7.5000   15.0000   37.500012444.6533   23.6941
    0.0000   15.0000   37.500012965.1895   23.6745
    7.5000   15.0000   37.500012334.5137   23.6582
   -7.5000   22.5000   37.500011312.1113   23.6851
    0.0000   22.5000   37.500011783.2402   23.6471
    7.5000   22.5000   37.500011187.3936   23.6259
   -7.5000   30.0000   37.500010224.0508   23.4031
    0.0000   30.0000   37.500010614.6553   23.3552
    7.5000   30.0000   37.500010057.6543   23.3360
   -7.5000   37.5000   37.5000 9465.9609   23.4168
    0.0000   37.5000   37.5000 9839.3994   23.3798
    7.5000   37.5000   37.5000 9356.8770   23.3684
   -7.5000   45.0000   37.5000 8344.0811   22.8622
    0.0000   45.0000   37.5000 8695.8291   22.8468
    7.5000   45.0000   37.5000 8289.8398   22.8425
   -7.5000  -45.0000   45.0000 9277.9492   23.8120
    0.0000  -45.0000   45.0000 9737.8555   23.7953
    7.5000  -45.0000   45.0000 9209.8652   23.7864
   -7.5000  -37.5000   45.0000 9734.1494   23.8045
    0.0000  -37.5000   45.000010190.0830   23.8039
    7.5000  -37.5000   45.0000 9705.4150   23.7927
   -7.5000  -30.0000   45.000010507.9473   23.8035
    0.0000  -30.0000   45.000010987.2119   23.7965
    7.5000  -30.0000   45.000010509.3359   23.7781
   -7.5000  -22.5000   45.000011200.7979   23.8060
    0.0000  -22.5000   45.000011672.1406   23.7761
    7.5000  -22.5000   45.000011203.3369   23.7536
   -7.5000  -15.0000   45.000011819.1924   23.8146
    0.0000  -15.0000   45.000012294.1387   23.7653
    7.5000  -15.0000   45.000011796.5303   23.7437
   -7.5000   -7.5000   45.000012472.7012   23.8196
    0.0000   -7.5000   45.000012976.0430   23.7772
    7.5000   -7.5000   45.000012438.1777   23.7618
   -7.5000    0.0000   45.000013061.6260   23.8120
    0.0000    0.0000   45.000013640.5098   23.7953
    7.5000    0.0000   45.000013027.6064   23.7864
   -7.5000    7.5000   45.000012372.9922   23.8045
    0.0000    7.5000   45.000012932.8604   23.8039
    7.5000    7.5000   45.000012340.5332   23.7927
   -7.5000   15.0000   45.000011353.6816   23.8035
    0.0000   15.0000   45.000011838.1621   23.7965
    7.5000   15.0000   45.000011278.0957   23.7781
   -7.5000   22.5000   45.000010312.3936   23.7949
    0.0000   22.5000   45.000010752.5439   23.7650
    7.5000   22.5000   45.000010230.6787   23.7426
   -7.5000   30.0000   45.0000 9332.6963   23.5043
    0.0000   30.0000   45.0000 9710.4824   23.4557
    7.5000   30.0000   45.0000 9213.4580   23.4344
   -7.5000   37.5000   45.0000 8644.3359   23.5092
    0.0000   37.5000   45.0000 9015.9336   23.4674
    7.5000   37.5000   45.0000 8564.0078   23.4523
   -7.5000   45.0000   45.0000 7616.7861   22.9624
    0.0000   45.0000   45.0000 7953.8374   22.9464
    7.5000   45.0000   45.0000 7597.8301   22.9378

---------------------------------------------------------------------
imgreg_4dfp /opt/freesurfer/average/711-2C_as_mni_average_305 /opt/freesurfer/average/711-2B_as_mni_average_305_mask talsrcimg_g11 none talsrcimg_to_711-2C_as_mni_average_305_t4 4355
---------------------------------------------------------------------

freesurfer imgreg_4dfp.c
/opt/freesurfer/average/711-2C_as_mni_average_305.4dfp.img
       256       256       256         1
  1.000000  1.000000  1.000000
orientation T byte_order littleendian
Reading image: /opt/freesurfer/average/711-2C_as_mni_average_305.4dfp.img
dimensions:      256       256       256
mmppix:       1.0000   -1.0000   -1.0000
center:     128.0000 -129.0000 -129.0000
/opt/freesurfer/average/711-2B_as_mni_average_305_mask.4dfp.img
       256       256       256         1
  1.000000  1.000000  1.000000
orientation T byte_order littleendian
Reading mask: /opt/freesurfer/average/711-2B_as_mni_average_305_mask.4dfp.img (2306576 pixels)
talsrcimg_g11.4dfp.img
       256       256       256         1
  1.000000  1.000000  1.000000
orientation T byte_order littleendian
Reading image: talsrcimg_g11.4dfp.img
dimensions:      256       256       256
mmppix:       1.0000   -1.0000   -1.0000
center:     128.0000 -129.0000 -129.0000
rotation matrix determinant  1.000000
image alignment mode   4355 decimal     1103 hex
   -7.5000  -45.0000  -45.0000 2111.1458   25.2060
    0.0000  -45.0000  -45.0000 2117.8757   25.3336
    7.5000  -45.0000  -45.0000 2100.0889   25.4568
   -7.5000  -37.5000  -45.0000 2176.4248   23.8885
    0.0000  -37.5000  -45.0000 2181.0432   24.0123
    7.5000  -37.5000  -45.0000 2168.0144   24.1292
   -7.5000  -30.0000  -45.0000 2205.9482   23.1466
    0.0000  -30.0000  -45.0000 2216.6221   23.1961
    7.5000  -30.0000  -45.0000 2196.2932   23.3032
   -7.5000  -22.5000  -45.0000 2222.6848   22.7946
    0.0000  -22.5000  -45.0000 2233.5205   22.8222
    7.5000  -22.5000  -45.0000 2215.5789   22.9897
   -7.5000  -15.0000  -45.0000 2221.0706   22.7505
    0.0000  -15.0000  -45.0000 2233.0818   22.6758
    7.5000  -15.0000  -45.0000 2211.3230   22.9564
   -7.5000   -7.5000  -45.0000 2208.0105   22.9309
    0.0000   -7.5000  -45.0000 2220.5969   22.9061
    7.5000   -7.5000  -45.0000 2198.9543   23.1955
   -7.5000    0.0000  -45.0000 2181.2473   23.7212
    0.0000    0.0000  -45.0000 2196.6365   23.6515
    7.5000    0.0000  -45.0000 2175.3557   23.9492
   -7.5000    7.5000  -45.0000 2136.9683   25.0161
    0.0000    7.5000  -45.0000 2157.3672   24.9566
    7.5000    7.5000  -45.0000 2138.6819   25.2244
   -7.5000   15.0000  -45.0000 2085.6282   26.7171
    0.0000   15.0000  -45.0000 2109.5347   26.6943
    7.5000   15.0000  -45.0000 2089.1453   26.9496
   -7.5000   22.5000  -45.0000 2023.1449   28.8442
    0.0000   22.5000  -45.0000 2045.9011   28.6978
    7.5000   22.5000  -45.0000 2026.7106   29.0251
   -7.5000   30.0000  -45.0000 1939.0957   31.4242
    0.0000   30.0000  -45.0000 1954.1331   31.1515
    7.5000   30.0000  -45.0000 1930.6725   31.5849
   -7.5000   37.5000  -45.0000 1834.9039   34.8228
    0.0000   37.5000  -45.0000 1847.6261   34.5336
    7.5000   37.5000  -45.0000 1828.4766   35.1048
   -7.5000   45.0000  -45.0000 1720.7996   40.0054
    0.0000   45.0000  -45.0000 1734.6672   39.6780
    7.5000   45.0000  -45.0000 1720.7786   40.2435
   -7.5000  -45.0000  -37.5000 2213.2144   23.2228
    0.0000  -45.0000  -37.5000 2217.6943   23.3196
    7.5000  -45.0000  -37.5000 2195.3750   23.2694
   -7.5000  -37.5000  -37.5000 2284.6423   21.9851
    0.0000  -37.5000  -37.5000 2288.2927   22.0897
    7.5000  -37.5000  -37.5000 2261.2144   22.0469
   -7.5000  -30.0000  -37.5000 2311.9517   21.3005
    0.0000  -30.0000  -37.5000 2319.6296   21.3571
    7.5000  -30.0000  -37.5000 2294.0327   21.3666
   -7.5000  -22.5000  -37.5000 2321.4258   20.9592
    0.0000  -22.5000  -37.5000 2336.7690   21.0028
    7.5000  -22.5000  -37.5000 2303.9702   21.0640
   -7.5000  -15.0000  -37.5000 2320.7793   20.8564
    0.0000  -15.0000  -37.5000 2336.8721   20.7788
    7.5000  -15.0000  -37.5000 2305.0168   20.9497
   -7.5000   -7.5000  -37.5000 2311.0308   21.0314
    0.0000   -7.5000  -37.5000 2324.8052   20.9404
    7.5000   -7.5000  -37.5000 2296.5269   21.1540
   -7.5000    0.0000  -37.5000 2283.8401   21.6091
    0.0000    0.0000  -37.5000 2302.9824   21.5918
    7.5000    0.0000  -37.5000 2281.4563   21.8221
   -7.5000    7.5000  -37.5000 2251.1870   22.7976
    0.0000    7.5000  -37.5000 2269.6633   22.7285
    7.5000    7.5000  -37.5000 2248.0154   22.9782
   -7.5000   15.0000  -37.5000 2197.0679   24.3235
    0.0000   15.0000  -37.5000 2220.1008   24.2612
    7.5000   15.0000  -37.5000 2195.2241   24.5132
   -7.5000   22.5000  -37.5000 2126.8462   26.3030
    0.0000   22.5000  -37.5000 2148.9924   26.1897
    7.5000   22.5000  -37.5000 2121.7373   26.4199
   -7.5000   30.0000  -37.5000 2036.8824   28.7069
    0.0000   30.0000  -37.5000 2051.1067   28.5010
    7.5000   30.0000  -37.5000 2022.4690   28.8607
   -7.5000   37.5000  -37.5000 1927.0374   31.9431
    0.0000   37.5000  -37.5000 1939.7592   31.6866
    7.5000   37.5000  -37.5000 1916.9733   32.0408
   -7.5000   45.0000  -37.5000 1802.3088   36.2642
    0.0000   45.0000  -37.5000 1817.3616   36.0419
    7.5000   45.0000  -37.5000 1802.9708   36.5084
   -7.5000  -45.0000  -30.0000 2343.8650   22.1417
    0.0000  -45.0000  -30.0000 2348.1404   22.1430
    7.5000  -45.0000  -30.0000 2309.8516   22.0512
   -7.5000  -37.5000  -30.0000 2419.2556   20.8755
    0.0000  -37.5000  -30.0000 2425.7458   20.8604
    7.5000  -37.5000  -30.0000 2381.8137   20.8416
   -7.5000  -30.0000  -30.0000 2450.0330   20.1563
    0.0000  -30.0000  -30.0000 2459.2612   20.1583
    7.5000  -30.0000  -30.0000 2420.7349   20.1519
   -7.5000  -22.5000  -30.0000 2470.5657   19.8312
    0.0000  -22.5000  -30.0000 2485.9119   19.7915
    7.5000  -22.5000  -30.0000 2449.7388   19.8386
   -7.5000  -15.0000  -30.0000 2476.3428   19.7396
    0.0000  -15.0000  -30.0000 2488.9556   19.6656
    7.5000  -15.0000  -30.0000 2455.2014   19.7397
   -7.5000   -7.5000  -30.0000 2460.2280   20.0023
    0.0000   -7.5000  -30.0000 2474.8049   19.8621
    7.5000   -7.5000  -30.0000 2447.1062   20.0202
   -7.5000    0.0000  -30.0000 2438.9148   20.5458
    0.0000    0.0000  -30.0000 2455.2148   20.4257
    7.5000    0.0000  -30.0000 2428.2104   20.6423
   -7.5000    7.5000  -30.0000 2409.6370   21.5770
    0.0000    7.5000  -30.0000 2428.3757   21.4818
    7.5000    7.5000  -30.0000 2394.6919   21.7514
   -7.5000   15.0000  -30.0000 2353.4500   22.9780
    0.0000   15.0000  -30.0000 2370.2451   22.9289
    7.5000   15.0000  -30.0000 2338.4536   23.1861
   -7.5000   22.5000  -30.0000 2273.3079   24.8197
    0.0000   22.5000  -30.0000 2291.3738   24.7564
    7.5000   22.5000  -30.0000 2265.1492   25.0031
   -7.5000   30.0000  -30.0000 2172.2751   27.1908
    0.0000   30.0000  -30.0000 2185.0596   27.0668
    7.5000   30.0000  -30.0000 2156.2092   27.3620
   -7.5000   37.5000  -30.0000 2052.4016   30.2134
    0.0000   37.5000  -30.0000 2068.1516   30.0763
    7.5000   37.5000  -30.0000 2034.8181   30.2894
   -7.5000   45.0000  -30.0000 1918.3684   34.2364
    0.0000   45.0000  -30.0000 1938.9301   34.0985
    7.5000   45.0000  -30.0000 1912.2462   34.4183
   -7.5000  -45.0000  -22.5000 2448.9976   20.8705
    0.0000  -45.0000  -22.5000 2450.2119   20.8289
    7.5000  -45.0000  -22.5000 2407.2690   20.8127
   -7.5000  -37.5000  -22.5000 2525.8418   19.6354
    0.0000  -37.5000  -22.5000 2523.1492   19.5677
    7.5000  -37.5000  -22.5000 2489.0732   19.5860
   -7.5000  -30.0000  -22.5000 2565.7488   18.8916
    0.0000  -30.0000  -22.5000 2569.9131   18.8258
    7.5000  -30.0000  -22.5000 2537.8823   18.8771
   -7.5000  -22.5000  -22.5000 2603.8381   18.5370
    0.0000  -22.5000  -22.5000 2610.9727   18.4664
    7.5000  -22.5000  -22.5000 2570.9705   18.5379
   -7.5000  -15.0000  -22.5000 2619.2837   18.4771
    0.0000  -15.0000  -22.5000 2625.3318   18.3675
    7.5000  -15.0000  -22.5000 2589.5652   18.4442
   -7.5000   -7.5000  -22.5000 2600.8054   18.7751
    0.0000   -7.5000  -22.5000 2613.5886   18.6760
    7.5000   -7.5000  -22.5000 2580.4478   18.7749
   -7.5000    0.0000  -22.5000 2581.7175   19.3673
    0.0000    0.0000  -22.5000 2598.1768   19.2556
    7.5000    0.0000  -22.5000 2564.7766   19.4459
   -7.5000    7.5000  -22.5000 2551.9841   20.3307
    0.0000    7.5000  -22.5000 2568.0535   20.2256
    7.5000    7.5000  -22.5000 2529.1216   20.4663
   -7.5000   15.0000  -22.5000 2488.3481   21.6334
    0.0000   15.0000  -22.5000 2507.4727   21.5050
    7.5000   15.0000  -22.5000 2468.6816   21.7848
   -7.5000   22.5000  -22.5000 2400.5125   23.2749
    0.0000   22.5000  -22.5000 2420.9495   23.1995
    7.5000   22.5000  -22.5000 2387.8035   23.5044
   -7.5000   30.0000  -22.5000 2282.2678   25.5037
    0.0000   30.0000  -22.5000 2299.4106   25.4145
    7.5000   30.0000  -22.5000 2270.1108   25.7512
   -7.5000   37.5000  -22.5000 2151.0415   28.3914
    0.0000   37.5000  -22.5000 2162.5122   28.2179
    7.5000   37.5000  -22.5000 2136.5532   28.5442
   -7.5000   45.0000  -22.5000 2014.0765   32.1141
    0.0000   45.0000  -22.5000 2030.6936   32.0349
    7.5000   45.0000  -22.5000 2002.6600   32.2865
   -7.5000  -45.0000  -15.0000 2506.2151   19.6964
    0.0000  -45.0000  -15.0000 2513.1370   19.6852
    7.5000  -45.0000  -15.0000 2472.4702   19.8457
   -7.5000  -37.5000  -15.0000 2595.1472   18.4341
    0.0000  -37.5000  -15.0000 2599.6167   18.4220
    7.5000  -37.5000  -15.0000 2561.3833   18.5249
   -7.5000  -30.0000  -15.0000 2640.7944   17.7073
    0.0000  -30.0000  -15.0000 2648.3159   17.6163
    7.5000  -30.0000  -15.0000 2617.4182   17.7385
   -7.5000  -22.5000  -15.0000 2688.8059   17.3128
    0.0000  -22.5000  -15.0000 2696.9172   17.2222
    7.5000  -22.5000  -15.0000 2664.6023   17.3639
   -7.5000  -15.0000  -15.0000 2716.1648   17.2027
    0.0000  -15.0000  -15.0000 2730.5354   17.1534
    7.5000  -15.0000  -15.0000 2691.1926   17.2659
   -7.5000   -7.5000  -15.0000 2710.5884   17.5420
    0.0000   -7.5000  -15.0000 2725.6921   17.4618
    7.5000   -7.5000  -15.0000 2687.6489   17.5787
   -7.5000    0.0000  -15.0000 2690.1489   18.1516
    0.0000    0.0000  -15.0000 2714.1868   18.0870
    7.5000    0.0000  -15.0000 2674.7422   18.2792
   -7.5000    7.5000  -15.0000 2660.8936   19.1512
    0.0000    7.5000  -15.0000 2679.6382   19.0407
    7.5000    7.5000  -15.0000 2644.3135   19.2973
   -7.5000   15.0000  -15.0000 2589.5918   20.3585
    0.0000   15.0000  -15.0000 2611.8425   20.2325
    7.5000   15.0000  -15.0000 2575.9165   20.5346
   -7.5000   22.5000  -15.0000 2491.6587   21.9428
    0.0000   22.5000  -15.0000 2513.0569   21.8051
    7.5000   22.5000  -15.0000 2481.3032   22.1239
   -7.5000   30.0000  -15.0000 2366.2068   24.0345
    0.0000   30.0000  -15.0000 2386.0454   23.8597
    7.5000   30.0000  -15.0000 2359.6699   24.1958
   -7.5000   37.5000  -15.0000 2228.5657   26.7336
    0.0000   37.5000  -15.0000 2244.9099   26.5959
    7.5000   37.5000  -15.0000 2221.7927   26.9441
   -7.5000   45.0000  -15.0000 2073.7395   30.3060
    0.0000   45.0000  -15.0000 2089.6936   30.1848
    7.5000   45.0000  -15.0000 2062.6436   30.5640
   -7.5000  -45.0000   -7.5000 2546.5154   18.7822
    0.0000  -45.0000   -7.5000 2552.6311   18.7554
    7.5000  -45.0000   -7.5000 2519.5303   19.0415
   -7.5000  -37.5000   -7.5000 2647.9861   17.4894
    0.0000  -37.5000   -7.5000 2656.5708   17.4779
    7.5000  -37.5000   -7.5000 2621.7676   17.6969
   -7.5000  -30.0000   -7.5000 2711.9146   16.6992
    0.0000  -30.0000   -7.5000 2724.7371   16.6408
    7.5000  -30.0000   -7.5000 2690.9519   16.8201
   -7.5000  -22.5000   -7.5000 2759.7837   16.2643
    0.0000  -22.5000   -7.5000 2777.1877   16.1641
    7.5000  -22.5000   -7.5000 2740.6558   16.3439
   -7.5000  -15.0000   -7.5000 2795.0833   16.1228
    0.0000  -15.0000   -7.5000 2815.1780   16.0238
    7.5000  -15.0000   -7.5000 2770.7698   16.1916
   -7.5000   -7.5000   -7.5000 2801.5251   16.3592
    0.0000   -7.5000   -7.5000 2827.9929   16.2972
    7.5000   -7.5000   -7.5000 2783.8418   16.4782
   -7.5000    0.0000   -7.5000 2785.8169   17.0047
    0.0000    0.0000   -7.5000 2815.3826   16.9488
    7.5000    0.0000   -7.5000 2779.6599   17.1669
   -7.5000    7.5000   -7.5000 2745.1538   17.9953
    0.0000    7.5000   -7.5000 2769.6785   17.9126
    7.5000    7.5000   -7.5000 2737.6763   18.1361
   -7.5000   15.0000   -7.5000 2666.4663   19.1907
    0.0000   15.0000   -7.5000 2689.7043   19.0898
    7.5000   15.0000   -7.5000 2662.1741   19.3780
   -7.5000   22.5000   -7.5000 2568.5742   20.7676
    0.0000   22.5000   -7.5000 2587.4058   20.6265
    7.5000   22.5000   -7.5000 2560.7888   20.9447
   -7.5000   30.0000   -7.5000 2439.5581   22.7993
    0.0000   30.0000   -7.5000 2457.7886   22.5960
    7.5000   30.0000   -7.5000 2430.8660   22.9737
   -7.5000   37.5000   -7.5000 2291.6121   25.3465
    0.0000   37.5000   -7.5000 2311.6802   25.1319
    7.5000   37.5000   -7.5000 2287.5598   25.5680
   -7.5000   45.0000   -7.5000 2125.3550   28.7115
    0.0000   45.0000   -7.5000 2142.2041   28.5688
    7.5000   45.0000   -7.5000 2123.6438   29.0307
   -7.5000  -45.0000    0.0000 2561.4917   18.0709
    0.0000  -45.0000    0.0000 2566.2400   18.0070
    7.5000  -45.0000    0.0000 2544.4685   18.4477
   -7.5000  -37.5000    0.0000 2670.3804   16.8028
    0.0000  -37.5000    0.0000 2679.3633   16.7351
    7.5000  -37.5000    0.0000 2653.6760   17.1001
   -7.5000  -30.0000    0.0000 2751.3928   15.9579
    0.0000  -30.0000    0.0000 2766.9558   15.8916
    7.5000  -30.0000    0.0000 2735.6216   16.1649
   -7.5000  -22.5000    0.0000 2815.9326   15.4737
    0.0000  -22.5000    0.0000 2839.8623   15.3652
    7.5000  -22.5000    0.0000 2799.9207   15.6138
   -7.5000  -15.0000    0.0000 2863.1362   15.2905
    0.0000  -15.0000    0.0000 2889.1724   15.1412
    7.5000  -15.0000    0.0000 2840.7034   15.4204
   -7.5000   -7.5000    0.0000 2879.5581   15.4755
    0.0000   -7.5000    0.0000 2909.2690   15.3276
    7.5000   -7.5000    0.0000 2854.1777   15.6440
   -7.5000    0.0000    0.0000 2860.0703   16.0961
    0.0000    0.0000    0.0000 2892.2195   16.0214
    7.5000    0.0000    0.0000 2854.8269   16.3131
   -7.5000    7.5000    0.0000 2806.8235   17.0576
    0.0000    7.5000    0.0000 2834.6436   16.9547
    7.5000    7.5000    0.0000 2811.1531   17.2856
   -7.5000   15.0000    0.0000 2721.6438   18.3336
    0.0000   15.0000    0.0000 2747.3882   18.1734
    7.5000   15.0000    0.0000 2727.8706   18.5785
   -7.5000   22.5000    0.0000 2618.5920   19.8994
    0.0000   22.5000    0.0000 2644.1814   19.7182
    7.5000   22.5000    0.0000 2618.1377   20.1802
   -7.5000   30.0000    0.0000 2481.9119   21.9219
    0.0000   30.0000    0.0000 2508.6235   21.6967
    7.5000   30.0000    0.0000 2478.1868   22.1911
   -7.5000   37.5000    0.0000 2339.1792   24.3529
    0.0000   37.5000    0.0000 2360.7339   24.1702
    7.5000   37.5000    0.0000 2330.1899   24.6502
   -7.5000   45.0000    0.0000 2172.3481   27.5576
    0.0000   45.0000    0.0000 2190.0032   27.5213
    7.5000   45.0000    0.0000 2168.9758   27.9465
   -7.5000  -45.0000    7.5000 2569.6499   17.5771
    0.0000  -45.0000    7.5000 2563.7412   17.3620
    7.5000  -45.0000    7.5000 2554.2395   18.0024
   -7.5000  -37.5000    7.5000 2676.5144   16.3523
    0.0000  -37.5000    7.5000 2678.9819   16.1580
    7.5000  -37.5000    7.5000 2661.7969   16.6597
   -7.5000  -30.0000    7.5000 2764.0181   15.4870
    0.0000  -30.0000    7.5000 2779.3789   15.3296
    7.5000  -30.0000    7.5000 2752.1177   15.7393
   -7.5000  -22.5000    7.5000 2852.5151   14.9886
    0.0000  -22.5000    7.5000 2874.6360   14.8368
    7.5000  -22.5000    7.5000 2836.4919   15.1556
   -7.5000  -15.0000    7.5000 2919.5024   14.7998
    0.0000  -15.0000    7.5000 2951.4822   14.6191
    7.5000  -15.0000    7.5000 2891.4924   14.9947
   -7.5000   -7.5000    7.5000 2950.6028   14.9450
    0.0000   -7.5000    7.5000 2989.4204   14.7496
    7.5000   -7.5000    7.5000 2917.7126   15.2172
   -7.5000    0.0000    7.5000 2915.8582   15.5414
    0.0000    0.0000    7.5000 2955.5688   15.4056
    7.5000    0.0000    7.5000 2907.4290   15.8614
   -7.5000    7.5000    7.5000 2852.9954   16.4819
    0.0000    7.5000    7.5000 2884.9446   16.2819
    7.5000    7.5000    7.5000 2859.6589   16.7626
   -7.5000   15.0000    7.5000 2762.3105   17.7308
    0.0000   15.0000    7.5000 2796.9351   17.5486
    7.5000   15.0000    7.5000 2773.2507   18.0058
   -7.5000   22.5000    7.5000 2652.0149   19.4070
    0.0000   22.5000    7.5000 2681.6350   19.2294
    7.5000   22.5000    7.5000 2656.5115   19.6326
   -7.5000   30.0000    7.5000 2521.4724   21.4875
    0.0000   30.0000    7.5000 2540.3142   21.2583
    7.5000   30.0000    7.5000 2516.0588   21.6583
   -7.5000   37.5000    7.5000 2374.1641   23.9386
    0.0000   37.5000    7.5000 2392.7573   23.7498
    7.5000   37.5000    7.5000 2367.2310   24.1731
   -7.5000   45.0000    7.5000 2201.6609   27.0915
    0.0000   45.0000    7.5000 2221.7678   26.9170
    7.5000   45.0000    7.5000 2196.5662   27.3993
   -7.5000  -45.0000   15.0000 2546.3469   17.3666
    0.0000  -45.0000   15.0000 2543.4092   17.1285
    7.5000  -45.0000   15.0000 2535.9790   17.8748
   -7.5000  -37.5000   15.0000 2658.2783   16.0693
    0.0000  -37.5000   15.0000 2659.6855   15.8652
    7.5000  -37.5000   15.0000 2649.6719   16.5364
   -7.5000  -30.0000   15.0000 2752.8447   15.1774
    0.0000  -30.0000   15.0000 2762.3074   14.9693
    7.5000  -30.0000   15.0000 2750.3750   15.5580
   -7.5000  -22.5000   15.0000 2857.9045   14.7816
    0.0000  -22.5000   15.0000 2881.3269   14.6207
    7.5000  -22.5000   15.0000 2855.1414   15.0852
   -7.5000  -15.0000   15.0000 2944.0808   14.7774
    0.0000  -15.0000   15.0000 2986.4902   14.7010
    7.5000  -15.0000   15.0000 2923.2239   14.9571
   -7.5000   -7.5000   15.0000 2998.3718   14.8696
    0.0000   -7.5000   15.0000 3056.2148   14.7342
    7.5000   -7.5000   15.0000 2957.4160   15.1235
   -7.5000    0.0000   15.0000 2951.0061   15.3635
    0.0000    0.0000   15.0000 2994.9966   15.1986
    7.5000    0.0000   15.0000 2931.2556   15.6723
   -7.5000    7.5000   15.0000 2873.7305   16.2002
    0.0000    7.5000   15.0000 2909.4944   16.0369
    7.5000    7.5000   15.0000 2871.1379   16.4709
   -7.5000   15.0000   15.0000 2778.5264   17.4804
    0.0000   15.0000   15.0000 2812.0134   17.3623
    7.5000   15.0000   15.0000 2784.4382   17.7158
   -7.5000   22.5000   15.0000 2665.1570   19.2138
    0.0000   22.5000   15.0000 2692.5010   19.0796
    7.5000   22.5000   15.0000 2670.1404   19.3750
   -7.5000   30.0000   15.0000 2526.0544   21.3414
    0.0000   30.0000   15.0000 2548.5522   21.1619
    7.5000   30.0000   15.0000 2520.4797   21.4538
   -7.5000   37.5000   15.0000 2375.8445   23.8500
    0.0000   37.5000   15.0000 2398.8096   23.7062
    7.5000   37.5000   15.0000 2371.4751   24.0167
   -7.5000   45.0000   15.0000 2209.8799   26.8878
    0.0000   45.0000   15.0000 2227.9592   26.8270
    7.5000   45.0000   15.0000 2203.9360   27.1244
   -7.5000  -45.0000   22.5000 2524.9761   17.5557
    0.0000  -45.0000   22.5000 2523.6155   17.2870
    7.5000  -45.0000   22.5000 2527.0303   18.1242
   -7.5000  -37.5000   22.5000 2641.7212   16.3002
    0.0000  -37.5000   22.5000 2642.0378   16.0849
    7.5000  -37.5000   22.5000 2647.3679   16.8165
   -7.5000  -30.0000   22.5000 2745.9307   15.4634
    0.0000  -30.0000   22.5000 2755.3230   15.2799
    7.5000  -30.0000   22.5000 2752.0063   15.8784
   -7.5000  -22.5000   22.5000 2844.2966   15.0180
    0.0000  -22.5000   22.5000 2863.6235   14.9185
    7.5000  -22.5000   22.5000 2846.5784   15.3436
   -7.5000  -15.0000   22.5000 2923.2419   14.9180
    0.0000  -15.0000   22.5000 2961.1758   14.8393
    7.5000  -15.0000   22.5000 2911.4795   15.1454
   -7.5000   -7.5000   22.5000 2966.3267   15.0030
    0.0000   -7.5000   22.5000 3011.4834   14.8937
    7.5000   -7.5000   22.5000 2938.7117   15.1998
   -7.5000    0.0000   22.5000 2930.8843   15.5273
    0.0000    0.0000   22.5000 2971.3103   15.4678
    7.5000    0.0000   22.5000 2907.1353   15.7406
   -7.5000    7.5000   22.5000 2864.9722   16.4157
    0.0000    7.5000   22.5000 2899.3721   16.3341
    7.5000    7.5000   22.5000 2851.0247   16.6373
   -7.5000   15.0000   22.5000 2772.9346   17.7149
    0.0000   15.0000   22.5000 2800.3503   17.5785
    7.5000   15.0000   22.5000 2768.6484   17.8823
   -7.5000   22.5000   22.5000 2653.1702   19.3755
    0.0000   22.5000   22.5000 2678.6541   19.2168
    7.5000   22.5000   22.5000 2657.0532   19.4898
   -7.5000   30.0000   22.5000 2519.6213   21.4029
    0.0000   30.0000   22.5000 2539.4875   21.2314
    7.5000   30.0000   22.5000 2519.3022   21.5069
   -7.5000   37.5000   22.5000 2368.2935   23.8525
    0.0000   37.5000   22.5000 2389.4910   23.6987
    7.5000   37.5000   22.5000 2369.2500   23.9640
   -7.5000   45.0000   22.5000 2197.7368   26.9190
    0.0000   45.0000   22.5000 2209.4094   26.7854
    7.5000   45.0000   22.5000 2191.6775   27.1270
   -7.5000  -45.0000   30.0000 2507.1589   18.2151
    0.0000  -45.0000   30.0000 2509.6060   18.0559
    7.5000  -45.0000   30.0000 2500.6191   18.7437
   -7.5000  -37.5000   30.0000 2622.5847   16.9551
    0.0000  -37.5000   30.0000 2626.7585   16.7916
    7.5000  -37.5000   30.0000 2622.9387   17.4221
   -7.5000  -30.0000   30.0000 2721.5366   16.0353
    0.0000  -30.0000   30.0000 2727.9788   15.8702
    7.5000  -30.0000   30.0000 2722.8625   16.4391
   -7.5000  -22.5000   30.0000 2804.2190   15.5086
    0.0000  -22.5000   30.0000 2817.1812   15.3856
    7.5000  -22.5000   30.0000 2807.0398   15.8421
   -7.5000  -15.0000   30.0000 2870.7988   15.3080
    0.0000  -15.0000   30.0000 2893.7222   15.1231
    7.5000  -15.0000   30.0000 2864.2979   15.5419
   -7.5000   -7.5000   30.0000 2911.5559   15.4419
    0.0000   -7.5000   30.0000 2938.8872   15.2341
    7.5000   -7.5000   30.0000 2890.2922   15.5994
   -7.5000    0.0000   30.0000 2881.4221   16.0172
    0.0000    0.0000   30.0000 2919.8745   15.8660
    7.5000    0.0000   30.0000 2862.2520   16.1456
   -7.5000    7.5000   30.0000 2821.4353   16.9685
    0.0000    7.5000   30.0000 2850.4958   16.8332
    7.5000    7.5000   30.0000 2809.0898   17.1151
   -7.5000   15.0000   30.0000 2732.7048   18.2448
    0.0000   15.0000   30.0000 2755.9744   18.1269
    7.5000   15.0000   30.0000 2730.4377   18.4209
   -7.5000   22.5000   30.0000 2621.6218   19.8108
    0.0000   22.5000   30.0000 2644.8962   19.6697
    7.5000   22.5000   30.0000 2622.0386   19.9443
   -7.5000   30.0000   30.0000 2493.1780   21.6905
    0.0000   30.0000   30.0000 2515.9475   21.5438
    7.5000   30.0000   30.0000 2492.3176   21.7980
   -7.5000   37.5000   30.0000 2340.4966   24.1227
    0.0000   37.5000   30.0000 2360.8325   23.9644
    7.5000   37.5000   30.0000 2341.6626   24.2354
   -7.5000   45.0000   30.0000 2168.1379   27.2377
    0.0000   45.0000   30.0000 2180.2078   27.0600
    7.5000   45.0000   30.0000 2169.0825   27.2859
   -7.5000  -45.0000   37.5000 2480.0405   19.1231
    0.0000  -45.0000   37.5000 2487.3242   18.9773
    7.5000  -45.0000   37.5000 2462.3508   19.6155
   -7.5000  -37.5000   37.5000 2594.6995   17.8008
    0.0000  -37.5000   37.5000 2600.8228   17.6436
    7.5000  -37.5000   37.5000 2583.1868   18.2167
   -7.5000  -30.0000   37.5000 2685.7563   16.8056
    0.0000  -30.0000   37.5000 2686.7920   16.6215
    7.5000  -30.0000   37.5000 2678.1738   17.1866
   -7.5000  -22.5000   37.5000 2759.2104   16.2054
    0.0000  -22.5000   37.5000 2764.3730   16.0200
    7.5000  -22.5000   37.5000 2755.0071   16.5234
   -7.5000  -15.0000   37.5000 2812.4521   15.9110
    0.0000  -15.0000   37.5000 2831.6829   15.7035
    7.5000  -15.0000   37.5000 2806.6670   16.1619
   -7.5000   -7.5000   37.5000 2846.9731   16.0802
    0.0000   -7.5000   37.5000 2865.2310   15.8917
    7.5000   -7.5000   37.5000 2830.0503   16.2877
   -7.5000    0.0000   37.5000 2815.9983   16.6943
    0.0000    0.0000   37.5000 2853.7366   16.5712
    7.5000    0.0000   37.5000 2802.9236   16.9012
   -7.5000    7.5000   37.5000 2755.1641   17.6909
    0.0000    7.5000   37.5000 2783.0620   17.5477
    7.5000    7.5000   37.5000 2751.6663   17.8070
   -7.5000   15.0000   37.5000 2673.8748   19.0068
    0.0000   15.0000   37.5000 2696.9690   18.8514
    7.5000   15.0000   37.5000 2676.1624   19.1506
   -7.5000   22.5000   37.5000 2575.8010   20.6221
    0.0000   22.5000   37.5000 2596.1770   20.4612
    7.5000   22.5000   37.5000 2574.4353   20.7160
   -7.5000   30.0000   37.5000 2446.6775   22.4682
    0.0000   30.0000   37.5000 2466.1133   22.2558
    7.5000   30.0000   37.5000 2444.8413   22.4685
   -7.5000   37.5000   37.5000 2297.3193   24.8057
    0.0000   37.5000   37.5000 2312.8682   24.5715
    7.5000   37.5000   37.5000 2301.5588   24.7838
   -7.5000   45.0000   37.5000 2129.9800   27.8057
    0.0000   45.0000   37.5000 2147.7866   27.6524
    7.5000   45.0000   37.5000 2128.6899   27.8761
   -7.5000  -45.0000   45.0000 2430.4158   20.1656
    0.0000  -45.0000   45.0000 2450.4883   20.1032
    7.5000  -45.0000   45.0000 2412.5820   20.6280
   -7.5000  -37.5000   45.0000 2535.6028   18.7797
    0.0000  -37.5000   45.0000 2545.1697   18.6751
    7.5000  -37.5000   45.0000 2524.8853   19.2233
   -7.5000  -30.0000   45.0000 2621.4272   17.7328
    0.0000  -30.0000   45.0000 2623.4414   17.5914
    7.5000  -30.0000   45.0000 2612.4480   18.1305
   -7.5000  -22.5000   45.0000 2692.9749   17.0996
    0.0000  -22.5000   45.0000 2701.4822   16.9211
    7.5000  -22.5000   45.0000 2684.8467   17.4139
   -7.5000  -15.0000   45.0000 2739.5999   16.8012
    0.0000  -15.0000   45.0000 2757.2527   16.6247
    7.5000  -15.0000   45.0000 2726.1052   17.0498
   -7.5000   -7.5000   45.0000 2768.5854   16.9374
    0.0000   -7.5000   45.0000 2779.1714   16.7816
    7.5000   -7.5000   45.0000 2749.2168   17.1647
   -7.5000    0.0000   45.0000 2730.9751   17.6186
    0.0000    0.0000   45.0000 2761.4458   17.4845
    7.5000    0.0000   45.0000 2720.8823   17.8215
   -7.5000    7.5000   45.0000 2672.8210   18.5730
    0.0000    7.5000   45.0000 2701.5237   18.4698
    7.5000    7.5000   45.0000 2668.2598   18.7481
   -7.5000   15.0000   45.0000 2593.9985   19.8987
    0.0000   15.0000   45.0000 2620.6655   19.7586
    7.5000   15.0000   45.0000 2595.1826   20.0891
   -7.5000   22.5000   45.0000 2499.3640   21.5060
    0.0000   22.5000   45.0000 2522.4331   21.3823
    7.5000   22.5000   45.0000 2497.8953   21.6317
   -7.5000   30.0000   45.0000 2381.1169   23.4264
    0.0000   30.0000   45.0000 2395.5454   23.2418
    7.5000   30.0000   45.0000 2368.9893   23.4560
   -7.5000   37.5000   45.0000 2234.3367   25.7413
    0.0000   37.5000   45.0000 2251.0225   25.5528
    7.5000   37.5000   45.0000 2226.6506   25.7874
   -7.5000   45.0000   45.0000 2075.5183   28.6963
    0.0000   45.0000   45.0000 2094.0037   28.5441
    7.5000   45.0000   45.0000 2076.2192   28.8646

---------------------------------------------------------------------
imgreg_4dfp /opt/freesurfer/average/711-2C_as_mni_average_305 /opt/freesurfer/average/711-2B_as_mni_average_305_mask talsrcimg_g11 none talsrcimg_to_711-2C_as_mni_average_305_t4 1283
---------------------------------------------------------------------

freesurfer imgreg_4dfp.c
/opt/freesurfer/average/711-2C_as_mni_average_305.4dfp.img
       256       256       256         1
  1.000000  1.000000  1.000000
orientation T byte_order littleendian
Reading image: /opt/freesurfer/average/711-2C_as_mni_average_305.4dfp.img
dimensions:      256       256       256
mmppix:       1.0000   -1.0000   -1.0000
center:     128.0000 -129.0000 -129.0000
/opt/freesurfer/average/711-2B_as_mni_average_305_mask.4dfp.img
       256       256       256         1
  1.000000  1.000000  1.000000
orientation T byte_order littleendian
Reading mask: /opt/freesurfer/average/711-2B_as_mni_average_305_mask.4dfp.img (2306576 pixels)
talsrcimg_g11.4dfp.img
       256       256       256         1
  1.000000  1.000000  1.000000
orientation T byte_order littleendian
Reading image: talsrcimg_g11.4dfp.img
dimensions:      256       256       256
mmppix:       1.0000   -1.0000   -1.0000
center:     128.0000 -129.0000 -129.0000
rotation matrix determinant  1.000000
fimgreg.f
image alignment mode   1283 decimal      503 hex
parameters
    0.0000   -7.5000   15.0000    0.0000    0.0000    0.0000
eta,q 0.95776 14.78225
niter,ni,del,rscale     5    3   12.0000    1.2000
parameter  6  0.540008 ->  0.500000 qaram    1.1500
parameters
   -1.1744   -7.1017   16.0546   -1.5336   -2.0899   -3.4500
eta,q 0.95829 14.70761
  0.0565  0.0573  0.0607  0.0467  0.0463  0.0424
  0.0482  0.0495  0.0549  0.0438  0.0438  0.0416
  0.0452  0.0452  0.0488  0.0433  0.0426  0.0420
  0.0450  0.0445  0.0450  0.0447  0.0435  0.0426
  0.0505  0.0455  0.0451  0.0454  0.0468  0.0448
  0.0591  0.0480  0.0475  0.0475  0.0519  0.0483
  0.0671  0.0536  0.0539  0.0508  0.0589  0.0523
niter,ni,del,rscale     5    3   12.0000    1.2000
parameters
   -0.9373   -7.0149   15.8303   -2.4006   -1.4435   -3.1343
eta,q 0.95913 14.71068
  0.0621  0.0543  0.0543  0.0451  0.0527  0.0492
  0.0526  0.0459  0.0468  0.0428  0.0471  0.0441
  0.0449  0.0423  0.0422  0.0417  0.0435  0.0416
  0.0417  0.0416  0.0416  0.0415  0.0413  0.0409
  0.0431  0.0431  0.0432  0.0424  0.0405  0.0415
  0.0495  0.0467  0.0483  0.0448  0.0431  0.0437
  0.0601  0.0524  0.0561  0.0482  0.0496  0.0474
niter,ni,del,rscale     4    3   12.0000    1.2000
parameters
   -0.9365   -6.7751   15.7271   -2.3152   -1.4997   -3.1208
eta,q 0.95899 14.71549
  0.0616  0.0545  0.0550  0.0472  0.0505  0.0482
  0.0516  0.0455  0.0474  0.0432  0.0457  0.0437
  0.0439  0.0418  0.0423  0.0418  0.0428  0.0415
  0.0409  0.0409  0.0410  0.0410  0.0410  0.0410
  0.0432  0.0427  0.0425  0.0418  0.0411  0.0418
  0.0509  0.0458  0.0480  0.0435  0.0453  0.0440
  0.0623  0.0510  0.0561  0.0465  0.0519  0.0478
niter,ni,del,rscale     3    3   12.0000    1.2000
parameters
   -0.9069   -6.7956   15.7361   -2.3218   -1.5263   -3.1124
eta,q 0.95899 14.71575
  0.0620  0.0531  0.0555  0.0470  0.0505  0.0482
  0.0520  0.0448  0.0477  0.0431  0.0457  0.0437
  0.0440  0.0415  0.0425  0.0418  0.0429  0.0415
  0.0410  0.0410  0.0410  0.0410  0.0410  0.0410
  0.0433  0.0431  0.0423  0.0418  0.0411  0.0418
  0.0510  0.0464  0.0475  0.0436  0.0452  0.0440
  0.0622  0.0518  0.0556  0.0467  0.0518  0.0478
registration optimization eta report
parameter search radius
    6.0000    6.0000    6.0000    6.0000    6.0000    6.9000
100000*second partial in parameter space
       58.       32.       41.       16.       29.       15.
  0.0620  0.0531  0.0555  0.0470  0.0505  0.0482
  0.0520  0.0448  0.0477  0.0431  0.0457  0.0437
  0.0440  0.0415  0.0425  0.0418  0.0429  0.0415
  0.0410  0.0410  0.0410  0.0410  0.0410  0.0410
  0.0433  0.0431  0.0423  0.0418  0.0411  0.0418
  0.0510  0.0464  0.0475  0.0436  0.0452  0.0440
  0.0622  0.0518  0.0556  0.0467  0.0518  0.0478
   -0.9069   -6.7956   15.7361   -2.3218   -1.5263   -3.1124
eta,q 0.95899 14.71575

---------------------------------------------------------------------
imgreg_4dfp /opt/freesurfer/average/711-2C_as_mni_average_305 /opt/freesurfer/average/711-2B_as_mni_average_305_mask talsrcimg_g11 none talsrcimg_to_711-2C_as_mni_average_305_t4 3335
---------------------------------------------------------------------

freesurfer imgreg_4dfp.c
/opt/freesurfer/average/711-2C_as_mni_average_305.4dfp.img
       256       256       256         1
  1.000000  1.000000  1.000000
orientation T byte_order littleendian
Reading image: /opt/freesurfer/average/711-2C_as_mni_average_305.4dfp.img
dimensions:      256       256       256
mmppix:       1.0000   -1.0000   -1.0000
center:     128.0000 -129.0000 -129.0000
/opt/freesurfer/average/711-2B_as_mni_average_305_mask.4dfp.img
       256       256       256         1
  1.000000  1.000000  1.000000
orientation T byte_order littleendian
Reading mask: /opt/freesurfer/average/711-2B_as_mni_average_305_mask.4dfp.img (2306576 pixels)
talsrcimg_g11.4dfp.img
       256       256       256         1
  1.000000  1.000000  1.000000
orientation T byte_order littleendian
Reading image: talsrcimg_g11.4dfp.img
dimensions:      256       256       256
mmppix:       1.0000   -1.0000   -1.0000
center:     128.0000 -129.0000 -129.0000
fimgreg.f
image alignment mode   3335 decimal      D07 hex
parameters
   -0.9069   -6.7956   15.7361   -0.1829   -0.2236   -0.1175
    5.3173    2.8774   -5.4276    3.9008   -2.6635   -4.0498
eta,q 0.96061 14.78206
niter,ni,del,rscale     5    3    5.0000    1.2000
parameter  4  1.895324 ->  0.500000 qaram    1.1500
parameter  5  1.851688 ->  0.500000 qaram    1.1500
parameter  6  0.567838 ->  0.500000 qaram    1.1500
parameters
   -0.6418   -6.4000   15.5781   -4.3229   -4.3636   -4.2575
    4.9468    3.0769   -2.9644    3.0033   -4.8399   -4.4939
eta,q 0.97361 14.78765
  0.0439  0.0428  0.0417  0.0299  0.0264  0.0279  0.0307  0.0341  0.0316  0.0293  0.0276  0.0284
  0.0417  0.0411  0.0403  0.0314  0.0281  0.0271  0.0288  0.0306  0.0296  0.0281  0.0267  0.0273
  0.0401  0.0400  0.0395  0.0346  0.0299  0.0272  0.0275  0.0282  0.0280  0.0270  0.0264  0.0266
  0.0394  0.0393  0.0393  0.0392  0.0321  0.0286  0.0271  0.0271  0.0271  0.0267  0.0267  0.0264
  0.0395  0.0393  0.0397  0.0448  0.0350  0.0327  0.0277  0.0276  0.0267  0.0275  0.0274  0.0267
  0.0405  0.0400  0.0408  0.0504  0.0384  0.0384  0.0293  0.0298  0.0270  0.0290  0.0285  0.0276
  0.0424  0.0411  0.0424  0.0557  0.0421  0.0450  0.0316  0.0337  0.0279  0.0313  0.0301  0.0290
niter,ni,del,rscale     7    3    5.0000    1.2000
parameters
   -0.8490   -7.0803   14.8367   -7.3210   -6.4221   -4.6347
    4.2248    3.3227   -2.7207    4.0416   -5.6259   -4.4070
eta,q 0.97517 14.67554
  0.0306  0.0276  0.0270  0.0277  0.0276  0.0288  0.0279  0.0305  0.0276  0.0292  0.0259  0.0268
  0.0280  0.0265  0.0262  0.0263  0.0258  0.0272  0.0263  0.0275  0.0263  0.0275  0.0252  0.0258
  0.0266  0.0260  0.0258  0.0254  0.0249  0.0259  0.0253  0.0257  0.0254  0.0260  0.0248  0.0251
  0.0264  0.0263  0.0260  0.0258  0.0255  0.0249  0.0251  0.0250  0.0250  0.0250  0.0249  0.0248
  0.0274  0.0273  0.0268  0.0283  0.0266  0.0240  0.0257  0.0253  0.0253  0.0250  0.0252  0.0250
  0.0293  0.0288  0.0282  0.0329  0.0286  0.0262  0.0272  0.0268  0.0260  0.0258  0.0256  0.0257
  0.0321  0.0309  0.0301  0.0389  0.0318  0.0318  0.0294  0.0300  0.0273  0.0276  0.0264  0.0269
niter,ni,del,rscale     6    3    5.0000    1.2000
parameters
   -0.8815   -6.9454   15.0842   -7.7035   -6.7511   -4.4981
    4.0985    3.4826   -2.7339    4.1748   -5.6408   -4.3692
eta,q 0.97525 14.65814
  0.0289  0.0284  0.0270  0.0290  0.0290  0.0292  0.0282  0.0301  0.0271  0.0284  0.0261  0.0268
  0.0266  0.0266  0.0260  0.0272  0.0270  0.0275  0.0264  0.0271  0.0258  0.0267  0.0253  0.0257
  0.0252  0.0254  0.0252  0.0257  0.0253  0.0260  0.0252  0.0254  0.0250  0.0254  0.0248  0.0251
  0.0248  0.0248  0.0248  0.0248  0.0249  0.0248  0.0248  0.0248  0.0248  0.0248  0.0248  0.0248
  0.0254  0.0251  0.0248  0.0249  0.0258  0.0238  0.0252  0.0251  0.0251  0.0251  0.0250  0.0249
  0.0268  0.0261  0.0253  0.0269  0.0272  0.0255  0.0265  0.0266  0.0259  0.0263  0.0254  0.0256
  0.0290  0.0277  0.0264  0.0310  0.0297  0.0307  0.0285  0.0298  0.0271  0.0284  0.0260  0.0268
niter,ni,del,rscale     5    3    5.0000    1.2000
parameters
   -0.8484   -6.9277   15.1133   -7.6854   -6.8630   -4.4982
    4.0890    3.5060   -2.7420    4.2144   -5.6701   -4.3752
eta,q 0.97527 14.65577
  0.0290  0.0280  0.0267  0.0292  0.0291  0.0291  0.0282  0.0298  0.0271  0.0283  0.0261  0.0267
  0.0266  0.0263  0.0257  0.0274  0.0271  0.0274  0.0264  0.0270  0.0258  0.0267  0.0253  0.0257
  0.0252  0.0252  0.0250  0.0258  0.0253  0.0259  0.0252  0.0253  0.0250  0.0254  0.0248  0.0250
  0.0247  0.0247  0.0248  0.0247  0.0247  0.0247  0.0247  0.0247  0.0247  0.0247  0.0247  0.0247
  0.0252  0.0251  0.0249  0.0246  0.0257  0.0238  0.0251  0.0251  0.0250  0.0251  0.0249  0.0249
  0.0265  0.0263  0.0255  0.0264  0.0271  0.0256  0.0263  0.0267  0.0258  0.0263  0.0254  0.0256
  0.0287  0.0280  0.0267  0.0302  0.0294  0.0310  0.0283  0.0300  0.0271  0.0285  0.0260  0.0269
niter,ni,del,rscale     4    3    5.0000    1.2000
parameters
   -0.8415   -6.9165   15.1136   -7.6691   -6.8916   -4.5012
    4.0886    3.5166   -2.7444    4.2370   -5.6756   -4.3878
eta,q 0.97528 14.65577
  0.0289  0.0280  0.0266  0.0292  0.0292  0.0291  0.0282  0.0298  0.0271  0.0282  0.0261  0.0267
  0.0265  0.0263  0.0256  0.0273  0.0272  0.0274  0.0264  0.0269  0.0258  0.0266  0.0253  0.0257
  0.0251  0.0252  0.0250  0.0258  0.0254  0.0259  0.0252  0.0253  0.0250  0.0253  0.0248  0.0250
  0.0247  0.0247  0.0247  0.0247  0.0247  0.0247  0.0247  0.0247  0.0247  0.0247  0.0247  0.0247
  0.0252  0.0251  0.0249  0.0246  0.0256  0.0238  0.0251  0.0251  0.0250  0.0251  0.0249  0.0249
  0.0266  0.0262  0.0255  0.0264  0.0270  0.0256  0.0263  0.0267  0.0258  0.0263  0.0254  0.0256
  0.0287  0.0280  0.0267  0.0302  0.0293  0.0310  0.0283  0.0300  0.0271  0.0285  0.0260  0.0269
registration optimization eta report
parameter search radius
    2.4000    2.4000    2.4000    8.2800    8.2800    8.2800
    7.2000    7.2000    7.2000    7.2000    7.2000    7.2000
100000*second partial in parameter space
       71.       56.       33.        7.        6.        8.
        7.       10.        5.        7.        3.        4.
  0.0289  0.0280  0.0266  0.0292  0.0292  0.0291  0.0282  0.0298  0.0271  0.0282  0.0261  0.0267
  0.0265  0.0263  0.0256  0.0273  0.0272  0.0274  0.0264  0.0269  0.0258  0.0266  0.0253  0.0257
  0.0251  0.0252  0.0250  0.0258  0.0254  0.0259  0.0252  0.0253  0.0250  0.0253  0.0248  0.0250
  0.0247  0.0247  0.0247  0.0247  0.0247  0.0247  0.0247  0.0247  0.0247  0.0247  0.0247  0.0247
  0.0252  0.0251  0.0249  0.0246  0.0256  0.0238  0.0251  0.0251  0.0250  0.0251  0.0249  0.0249
  0.0266  0.0262  0.0255  0.0264  0.0270  0.0256  0.0263  0.0267  0.0258  0.0263  0.0254  0.0256
  0.0287  0.0280  0.0267  0.0302  0.0293  0.0310  0.0283  0.0300  0.0271  0.0285  0.0260  0.0269
   -0.8415   -6.9165   15.1136   -7.6691   -6.8916   -4.5012
    4.0886    3.5166   -2.7444    4.2370   -5.6756   -4.3878
eta,q 0.97528 14.65577

---------------------------------------------------------------------
imgreg_4dfp /opt/freesurfer/average/711-2C_as_mni_average_305 /opt/freesurfer/average/711-2B_as_mni_average_305_mask talsrcimg_g11 none talsrcimg_to_711-2C_as_mni_average_305_t4 2311
---------------------------------------------------------------------

freesurfer imgreg_4dfp.c
/opt/freesurfer/average/711-2C_as_mni_average_305.4dfp.img
       256       256       256         1
  1.000000  1.000000  1.000000
orientation T byte_order littleendian
Reading image: /opt/freesurfer/average/711-2C_as_mni_average_305.4dfp.img
dimensions:      256       256       256
mmppix:       1.0000   -1.0000   -1.0000
center:     128.0000 -129.0000 -129.0000
/opt/freesurfer/average/711-2B_as_mni_average_305_mask.4dfp.img
       256       256       256         1
  1.000000  1.000000  1.000000
orientation T byte_order littleendian
Reading mask: /opt/freesurfer/average/711-2B_as_mni_average_305_mask.4dfp.img (2306576 pixels)
talsrcimg_g11.4dfp.img
       256       256       256         1
  1.000000  1.000000  1.000000
orientation T byte_order littleendian
Reading image: talsrcimg_g11.4dfp.img
dimensions:      256       256       256
mmppix:       1.0000   -1.0000   -1.0000
center:     128.0000 -129.0000 -129.0000
fimgreg.f
image alignment mode   2311 decimal      907 hex
parameters
   -0.8415   -6.9165   15.1136   -7.6691   -6.8916   -4.5012
    4.0886    3.5166   -2.7444    4.2370   -5.6756   -4.3878
eta,q 0.97528 14.65577
niter,ni,del,rscale     5    3    5.0000    0.8000
parameters
   -0.8650   -6.8978   15.1835   -6.6026   -7.1078   -2.2297
    4.2381    3.6439   -2.5682    3.9456   -5.7651   -5.0041
eta,q 0.97630 14.74266
  0.0265  0.0263  0.0256  0.0269  0.0264  0.0269  0.0257  0.0274  0.0251  0.0257  0.0248  0.0246
  0.0255  0.0255  0.0252  0.0260  0.0254  0.0260  0.0247  0.0256  0.0243  0.0247  0.0242  0.0241
  0.0249  0.0249  0.0249  0.0252  0.0247  0.0252  0.0240  0.0243  0.0239  0.0239  0.0238  0.0238
  0.0247  0.0247  0.0247  0.0247  0.0245  0.0245  0.0237  0.0237  0.0237  0.0237  0.0237  0.0237
  0.0250  0.0249  0.0248  0.0245  0.0249  0.0239  0.0239  0.0240  0.0238  0.0241  0.0239  0.0239
  0.0256  0.0254  0.0250  0.0248  0.0257  0.0237  0.0245  0.0252  0.0242  0.0249  0.0243  0.0245
  0.0266  0.0262  0.0255  0.0257  0.0266  0.0248  0.0255  0.0271  0.0249  0.0263  0.0249  0.0252
niter,ni,del,rscale     4    3    5.0000    0.7000
parameters
   -0.8784   -7.0172   15.0173   -6.9685   -7.4898   -2.5297
    4.1956    3.6665   -2.6605    4.3335   -5.9169   -5.1236
eta,q 0.97623 14.72418
  0.0254  0.0248  0.0245  0.0252  0.0251  0.0255  0.0252  0.0263  0.0247  0.0257  0.0245  0.0246
  0.0244  0.0242  0.0240  0.0244  0.0243  0.0249  0.0244  0.0250  0.0242  0.0248  0.0241  0.0241
  0.0239  0.0238  0.0237  0.0239  0.0238  0.0243  0.0240  0.0241  0.0239  0.0241  0.0238  0.0239
  0.0237  0.0237  0.0237  0.0237  0.0237  0.0237  0.0238  0.0238  0.0238  0.0238  0.0238  0.0238
  0.0239  0.0239  0.0239  0.0239  0.0240  0.0236  0.0240  0.0240  0.0239  0.0239  0.0239  0.0239
  0.0245  0.0244  0.0243  0.0247  0.0248  0.0247  0.0244  0.0249  0.0242  0.0243  0.0242  0.0242
  0.0255  0.0252  0.0249  0.0261  0.0256  0.0269  0.0252  0.0263  0.0247  0.0252  0.0246  0.0247
niter,ni,del,rscale     3    3    5.0000    0.6000
parameters
   -0.8716   -6.9059   14.9651   -6.7057   -7.6004   -2.4205
    4.2157    3.7661   -2.6853    4.5067   -5.9392   -5.3514
eta,q 0.97633 14.73275
  0.0250  0.0249  0.0244  0.0251  0.0250  0.0253  0.0248  0.0257  0.0243  0.0250  0.0243  0.0242
  0.0243  0.0243  0.0240  0.0245  0.0243  0.0248  0.0242  0.0247  0.0240  0.0244  0.0239  0.0239
  0.0239  0.0239  0.0238  0.0240  0.0239  0.0242  0.0238  0.0240  0.0238  0.0239  0.0237  0.0237
  0.0238  0.0238  0.0238  0.0238  0.0237  0.0237  0.0237  0.0237  0.0237  0.0237  0.0237  0.0237
  0.0239  0.0238  0.0239  0.0237  0.0239  0.0235  0.0238  0.0238  0.0238  0.0238  0.0238  0.0238
  0.0243  0.0241  0.0241  0.0241  0.0244  0.0241  0.0241  0.0245  0.0240  0.0242  0.0239  0.0240
  0.0250  0.0245  0.0245  0.0249  0.0251  0.0256  0.0247  0.0256  0.0244  0.0249  0.0243  0.0244
niter,ni,del,rscale     2    3    5.0000    0.5000
parameters
   -0.8572   -6.8508   14.9272   -6.6278   -7.7018   -2.1671
    4.2016    3.8303   -2.6877    4.6111   -5.9400   -5.5938
eta,q 0.97642 14.73619
  0.0246  0.0244  0.0241  0.0246  0.0246  0.0250  0.0243  0.0251  0.0241  0.0246  0.0240  0.0240
  0.0241  0.0240  0.0239  0.0242  0.0241  0.0245  0.0239  0.0243  0.0238  0.0241  0.0238  0.0237
  0.0238  0.0238  0.0237  0.0238  0.0238  0.0241  0.0237  0.0238  0.0236  0.0237  0.0236  0.0236
  0.0237  0.0237  0.0237  0.0237  0.0237  0.0237  0.0236  0.0236  0.0236  0.0236  0.0236  0.0236
  0.0238  0.0237  0.0237  0.0237  0.0238  0.0235  0.0237  0.0237  0.0236  0.0237  0.0236  0.0237
  0.0240  0.0239  0.0239  0.0240  0.0242  0.0239  0.0239  0.0242  0.0238  0.0240  0.0238  0.0238
  0.0245  0.0243  0.0242  0.0246  0.0247  0.0249  0.0244  0.0250  0.0241  0.0245  0.0240  0.0241
niter,ni,del,rscale     1    3    5.0000    0.4000
parameters
   -0.8477   -6.8153   14.9228   -6.6118   -7.8101   -1.9181
    4.1855    3.8696   -2.6734    4.6962   -5.9275   -5.7651
eta,q 0.97648 14.73644
  0.0242  0.0240  0.0239  0.0242  0.0242  0.0246  0.0240  0.0246  0.0238  0.0242  0.0238  0.0238
  0.0238  0.0238  0.0237  0.0239  0.0238  0.0243  0.0237  0.0240  0.0237  0.0238  0.0237  0.0236
  0.0236  0.0236  0.0236  0.0237  0.0236  0.0239  0.0236  0.0237  0.0236  0.0236  0.0236  0.0235
  0.0236  0.0236  0.0236  0.0236  0.0236  0.0236  0.0235  0.0235  0.0235  0.0235  0.0235  0.0235
  0.0236  0.0236  0.0236  0.0236  0.0237  0.0235  0.0236  0.0236  0.0236  0.0236  0.0236  0.0236
  0.0238  0.0238  0.0237  0.0238  0.0239  0.0238  0.0237  0.0239  0.0237  0.0238  0.0236  0.0237
  0.0241  0.0240  0.0239  0.0242  0.0243  0.0245  0.0240  0.0245  0.0238  0.0241  0.0238  0.0239
registration optimization eta report
parameter search radius
    0.8000    0.8000    0.8000    2.4000    2.4000    2.4000
    2.4000    2.4000    2.4000    2.4000    2.4000    2.4000
100000*second partial in parameter space
       90.       66.       54.       11.       11.       17.
        9.       18.        5.       11.        5.        5.
  0.0242  0.0240  0.0239  0.0242  0.0242  0.0246  0.0240  0.0246  0.0238  0.0242  0.0238  0.0238
  0.0238  0.0238  0.0237  0.0239  0.0238  0.0243  0.0237  0.0240  0.0237  0.0238  0.0237  0.0236
  0.0236  0.0236  0.0236  0.0237  0.0236  0.0239  0.0236  0.0237  0.0236  0.0236  0.0236  0.0235
  0.0236  0.0236  0.0236  0.0236  0.0236  0.0236  0.0235  0.0235  0.0235  0.0235  0.0235  0.0235
  0.0236  0.0236  0.0236  0.0236  0.0237  0.0235  0.0236  0.0236  0.0236  0.0236  0.0236  0.0236
  0.0238  0.0238  0.0237  0.0238  0.0239  0.0238  0.0237  0.0239  0.0237  0.0238  0.0236  0.0237
  0.0241  0.0240  0.0239  0.0242  0.0243  0.0245  0.0240  0.0245  0.0238  0.0241  0.0238  0.0239
   -0.8477   -6.8153   14.9228   -6.6118   -7.8101   -1.9181
    4.1855    3.8696   -2.6734    4.6962   -5.9275   -5.7651
eta,q 0.97648 14.73644

---------------------------------------------------------------------
imgreg_4dfp /opt/freesurfer/average/711-2C_as_mni_average_305 /opt/freesurfer/average/711-2B_as_mni_average_305_mask talsrcimg_g11 none talsrcimg_to_711-2C_as_mni_average_305_t4 2311
---------------------------------------------------------------------

freesurfer imgreg_4dfp.c
/opt/freesurfer/average/711-2C_as_mni_average_305.4dfp.img
       256       256       256         1
  1.000000  1.000000  1.000000
orientation T byte_order littleendian
Reading image: /opt/freesurfer/average/711-2C_as_mni_average_305.4dfp.img
dimensions:      256       256       256
mmppix:       1.0000   -1.0000   -1.0000
center:     128.0000 -129.0000 -129.0000
/opt/freesurfer/average/711-2B_as_mni_average_305_mask.4dfp.img
       256       256       256         1
  1.000000  1.000000  1.000000
orientation T byte_order littleendian
Reading mask: /opt/freesurfer/average/711-2B_as_mni_average_305_mask.4dfp.img (2306576 pixels)
talsrcimg_g11.4dfp.img
       256       256       256         1
  1.000000  1.000000  1.000000
orientation T byte_order littleendian
Reading image: talsrcimg_g11.4dfp.img
dimensions:      256       256       256
mmppix:       1.0000   -1.0000   -1.0000
center:     128.0000 -129.0000 -129.0000
fimgreg.f
image alignment mode   2311 decimal      907 hex
parameters
   -0.8477   -6.8153   14.9228   -6.6118   -7.8101   -1.9181
    4.1855    3.8696   -2.6734    4.6962   -5.9275   -5.7651
eta,q 0.97648 14.73644
niter,ni,del,rscale     5    3    5.0000    0.8000
parameters
   -0.8271   -6.8150   14.9719   -7.1528   -7.8235   -2.6246
    4.1370    3.7716   -2.7390    4.9420   -5.9489   -5.5401
eta,q 0.97620 14.71356
  0.0259  0.0252  0.0251  0.0253  0.0257  0.0257  0.0255  0.0267  0.0249  0.0259  0.0247  0.0249
  0.0246  0.0243  0.0242  0.0245  0.0246  0.0250  0.0246  0.0252  0.0243  0.0250  0.0242  0.0244
  0.0238  0.0237  0.0237  0.0238  0.0239  0.0242  0.0240  0.0242  0.0240  0.0242  0.0239  0.0240
  0.0235  0.0235  0.0235  0.0235  0.0236  0.0236  0.0238  0.0238  0.0238  0.0238  0.0238  0.0238
  0.0238  0.0237  0.0237  0.0238  0.0239  0.0238  0.0240  0.0241  0.0240  0.0239  0.0239  0.0239
  0.0245  0.0243  0.0241  0.0249  0.0247  0.0257  0.0246  0.0252  0.0244  0.0245  0.0242  0.0242
  0.0258  0.0252  0.0249  0.0268  0.0257  0.0286  0.0256  0.0271  0.0250  0.0257  0.0247  0.0248
niter,ni,del,rscale     4    3    5.0000    0.7000
parameters
   -0.8342   -6.7621   14.8973   -6.7810   -7.7635   -2.7149
    4.1864    3.8110   -2.7339    4.9827   -5.9252   -5.5918
eta,q 0.97623 14.72579
  0.0254  0.0251  0.0246  0.0256  0.0255  0.0256  0.0252  0.0263  0.0246  0.0254  0.0245  0.0246
  0.0245  0.0244  0.0241  0.0248  0.0246  0.0250  0.0244  0.0250  0.0242  0.0246  0.0241  0.0241
  0.0240  0.0240  0.0239  0.0242  0.0240  0.0244  0.0240  0.0241  0.0239  0.0240  0.0238  0.0239
  0.0238  0.0238  0.0238  0.0238  0.0237  0.0237  0.0238  0.0238  0.0238  0.0238  0.0238  0.0238
  0.0240  0.0239  0.0239  0.0237  0.0239  0.0235  0.0239  0.0240  0.0239  0.0239  0.0239  0.0239
  0.0245  0.0243  0.0243  0.0242  0.0246  0.0245  0.0244  0.0248  0.0242  0.0245  0.0241  0.0241
  0.0254  0.0249  0.0248  0.0253  0.0254  0.0266  0.0252  0.0263  0.0247  0.0254  0.0245  0.0246
niter,ni,del,rscale     3    3    5.0000    0.6000
parameters
   -0.8366   -6.7325   14.8581   -6.6396   -7.7787   -2.4933
    4.1778    3.8402   -2.7238    4.9851   -5.9315   -5.7557
eta,q 0.97633 14.73291
  0.0250  0.0247  0.0244  0.0251  0.0251  0.0254  0.0247  0.0257  0.0243  0.0249  0.0243  0.0242
  0.0243  0.0242  0.0240  0.0245  0.0244  0.0248  0.0242  0.0247  0.0240  0.0243  0.0239  0.0239
  0.0239  0.0239  0.0238  0.0240  0.0239  0.0243  0.0238  0.0240  0.0238  0.0238  0.0237  0.0237
  0.0238  0.0238  0.0238  0.0238  0.0238  0.0238  0.0237  0.0237  0.0237  0.0237  0.0237  0.0237
  0.0239  0.0239  0.0239  0.0238  0.0239  0.0235  0.0238  0.0239  0.0237  0.0238  0.0237  0.0238
  0.0243  0.0241  0.0241  0.0242  0.0244  0.0240  0.0242  0.0245  0.0240  0.0242  0.0239  0.0240
  0.0250  0.0246  0.0245  0.0251  0.0251  0.0255  0.0248  0.0257  0.0243  0.0249  0.0243  0.0244
niter,ni,del,rscale     2    3    5.0000    0.5000
parameters
   -0.8362   -6.7225   14.8498   -6.5936   -7.8450   -2.2115
    4.1716    3.8768   -2.7024    4.9875   -5.9322   -5.9120
eta,q 0.97641 14.73556
  0.0246  0.0243  0.0242  0.0246  0.0246  0.0250  0.0243  0.0251  0.0241  0.0245  0.0240  0.0240
  0.0241  0.0240  0.0239  0.0242  0.0241  0.0246  0.0239  0.0243  0.0238  0.0240  0.0238  0.0238
  0.0238  0.0238  0.0237  0.0238  0.0238  0.0241  0.0237  0.0238  0.0236  0.0237  0.0236  0.0236
  0.0237  0.0237  0.0237  0.0237  0.0237  0.0237  0.0236  0.0236  0.0236  0.0236  0.0236  0.0236
  0.0238  0.0237  0.0237  0.0237  0.0238  0.0235  0.0237  0.0237  0.0236  0.0237  0.0236  0.0236
  0.0241  0.0240  0.0239  0.0240  0.0241  0.0239  0.0239  0.0242  0.0238  0.0240  0.0238  0.0238
  0.0246  0.0243  0.0242  0.0247  0.0247  0.0249  0.0244  0.0251  0.0241  0.0245  0.0240  0.0241
niter,ni,del,rscale     1    3    5.0000    0.4000
parameters
   -0.8319   -6.7177   14.8651   -6.5924   -7.9218   -1.9587
    4.1558    3.9064   -2.6844    4.9808   -5.9249   -6.0147
eta,q 0.97647 14.73569
  0.0242  0.0240  0.0239  0.0242  0.0242  0.0246  0.0240  0.0246  0.0238  0.0241  0.0238  0.0238
  0.0238  0.0238  0.0237  0.0239  0.0239  0.0243  0.0237  0.0240  0.0237  0.0238  0.0237  0.0236
  0.0237  0.0236  0.0236  0.0237  0.0237  0.0239  0.0236  0.0237  0.0236  0.0236  0.0236  0.0236
  0.0236  0.0236  0.0236  0.0236  0.0236  0.0236  0.0235  0.0235  0.0235  0.0235  0.0235  0.0235
  0.0237  0.0236  0.0236  0.0236  0.0237  0.0235  0.0236  0.0236  0.0236  0.0236  0.0236  0.0236
  0.0238  0.0238  0.0237  0.0238  0.0239  0.0238  0.0238  0.0240  0.0237  0.0238  0.0237  0.0237
  0.0242  0.0240  0.0239  0.0243  0.0243  0.0245  0.0240  0.0245  0.0238  0.0242  0.0238  0.0239
registration optimization eta report
parameter search radius
    0.8000    0.8000    0.8000    2.4000    2.4000    2.4000
    2.4000    2.4000    2.4000    2.4000    2.4000    2.4000
100000*second partial in parameter space
       90.       65.       53.       11.       11.       17.
        9.       18.        5.       11.        5.        5.
  0.0242  0.0240  0.0239  0.0242  0.0242  0.0246  0.0240  0.0246  0.0238  0.0241  0.0238  0.0238
  0.0238  0.0238  0.0237  0.0239  0.0239  0.0243  0.0237  0.0240  0.0237  0.0238  0.0237  0.0236
  0.0237  0.0236  0.0236  0.0237  0.0237  0.0239  0.0236  0.0237  0.0236  0.0236  0.0236  0.0236
  0.0236  0.0236  0.0236  0.0236  0.0236  0.0236  0.0235  0.0235  0.0235  0.0235  0.0235  0.0235
  0.0237  0.0236  0.0236  0.0236  0.0237  0.0235  0.0236  0.0236  0.0236  0.0236  0.0236  0.0236
  0.0238  0.0238  0.0237  0.0238  0.0239  0.0238  0.0238  0.0240  0.0237  0.0238  0.0237  0.0237
  0.0242  0.0240  0.0239  0.0243  0.0243  0.0245  0.0240  0.0245  0.0238  0.0242  0.0238  0.0239
   -0.8319   -6.7177   14.8651   -6.5924   -7.9218   -1.9587
    4.1558    3.9064   -2.6844    4.9808   -5.9249   -6.0147
eta,q 0.97647 14.73569

---------------------------------------------------------------------
compute_vox2vox talsrcimg talsrcimg_to_711-2C_as_mni_average_305_t4 /opt/freesurfer/average/711-2C_as_mni_average_305
---------------------------------------------------------------------

freesurfer compute_vox2vox.c
Reading: talsrcimg.4dfp.ifh
Reading: talsrcimg_to_711-2C_as_mni_average_305_t4
Reading: /opt/freesurfer/average/711-2C_as_mni_average_305.4dfp.ifh
Writing: talsrcimg_to_711-2C_as_mni_average_305_t4_vox2vox.txt

start time Tue Mar 10 00:18:33 CET 2026
end		time Tue Mar 10 00:19:58 CET 2026

mpr2mni305 success

avi2talxfm orig_nu.mgz /opt/freesurfer/average/mni305.cor.mgz talsrcimg_to_711-2C_as_mni_average_305_t4_vox2vox.txt transforms/talairach.auto.xfm
avi2talxfm done
mv -f /out/sourcedata/freesurfer/sub-v1s3x0050792_ses-1/mri/talsrcimg_to_711-2C_as_mni_average_305_t4_vox2vox.txt /out/sourcedata/freesurfer/sub-v1s3x0050792_ses-1/mri/transforms/talsrcimg_to_711-2C_as_mni_average_305_t4_vox2vox.txt
lta_convert --src orig_nu.mgz --trg /opt/freesurfer/average/mni305.cor.mgz --inxfm transforms/talairach.auto.xfm --outlta transforms/talairach.auto.xfm.lta --subject fsaverage
7.3.2

--src: orig_nu.mgz src image (geometry).
--trg: /opt/freesurfer/average/mni305.cor.mgz trg image (geometry).
--inmni: transforms/talairach.auto.xfm input MNI/XFM transform.
--outlta: transforms/talairach.auto.xfm.lta output LTA.
--s: fsaverage subject name
 LTA read, type : 1
 1.06659  -0.03992  -0.05075  -9.86786;
 0.06615   1.01413   0.06326  -0.80527;
 0.02752  -0.05602   1.08113   9.00510;
 0.00000   0.00000   0.00000   1.00000;
setting subject to fsaverage
Writing  LTA to file transforms/talairach.auto.xfm.lta...
lta_convert successful.
 
 
Started at Tue Mar 10 00:18:32 CET 2026
Ended   at Tue Mar 10 00:19:58 CET 2026
talairach_avi done
