status file for recon-all
Tue Mar 10 01:16:29 CET 2026
#@# Tessellate lh Tue Mar 10 01:16:29 CET 2026
#@# Smooth1 lh Tue Mar 10 01:16:31 CET 2026
#@# Inflation1 lh Tue Mar 10 01:16:33 CET 2026
#@# QSphere lh Tue Mar 10 01:16:44 CET 2026
#@# Fix Topology lh Tue Mar 10 01:17:54 CET 2026
#@# Smooth2 lh Tue Mar 10 01:31:09 CET 2026
#@# Inflation2 lh Tue Mar 10 01:31:11 CET 2026
#@# Curv .H and .K lh Tue Mar 10 01:31:26 CET 2026
#@# Sphere lh Tue Mar 10 01:31:55 CET 2026
#@# Surf Reg lh Tue Mar 10 01:39:30 CET 2026
#@# Jacobian white lh Tue Mar 10 01:44:11 CET 2026
#@# AvgCurv lh Tue Mar 10 01:44:12 CET 2026
#@# Cortical Parc lh Tue Mar 10 01:44:12 CET 2026
#@# white curv lh Tue Mar 10 01:49:28 CET 2026
#@# white area lh Tue Mar 10 01:49:29 CET 2026
#@# pial curv lh Tue Mar 10 01:49:30 CET 2026
#@# pial area lh Tue Mar 10 01:49:31 CET 2026
#@# thickness lh Tue Mar 10 01:49:31 CET 2026
#@# area and vertex vol lh Tue Mar 10 01:49:47 CET 2026
#@# Curvature Stats lh Tue Mar 10 01:49:47 CET 2026
#@# Cortical Parc 2 lh Tue Mar 10 01:49:49 CET 2026
#@# Cortical Parc 3 lh Tue Mar 10 01:49:58 CET 2026
#@# WM/GM Contrast lh Tue Mar 10 01:50:04 CET 2026
recon-all -s sub-v1s3x0050785_ses-1 finished without error at Tue Mar 10 01:50:06 CET 2026



#New# invocation of recon-all 



status file for recon-all
Tue Mar 10 02:22:36 CET 2026
#@# white curv lh Tue Mar 10 02:22:36 CET 2026
#@# white area lh Tue Mar 10 02:22:36 CET 2026
#@# pial curv lh Tue Mar 10 02:22:36 CET 2026
#@# pial area lh Tue Mar 10 02:22:36 CET 2026
#@# thickness lh Tue Mar 10 02:22:36 CET 2026
#@# area and vertex vol lh Tue Mar 10 02:22:36 CET 2026
#@# Parcellation Stats lh Tue Mar 10 02:22:36 CET 2026
#@# Parcellation Stats 2 lh Tue Mar 10 02:22:46 CET 2026
#@# Parcellation Stats 3 lh Tue Mar 10 02:22:51 CET 2026
#@# BA_exvivo Labels lh Tue Mar 10 02:22:56 CET 2026
recon-all -s sub-v1s3x0050785_ses-1 finished without error at Tue Mar 10 02:24:37 CET 2026
