/out/sourcedata/freesurfer/sub-v1s3x0050784_ses-1/mri
/opt/freesurfer/bin/talairach_avi
--i orig_nu.mgz --xfm transforms/talairach.auto.xfm
talairach_avi 7.3.2
Linux dna052 5.14.0-427.37.1.el9_4.x86_64 #1 SMP PREEMPT_DYNAMIC Fri Sep 13 12:41:50 EDT 2024 x86_64 x86_64 x86_64 GNU/Linux
Mon Mar  9 23:43:48 CET 2026
mri_convert orig_nu.mgz talsrcimg.img 
reading from orig_nu.mgz...
TR=0.00, TE=0.00, TI=0.00, flip angle=0.00
i_ras = (-1, 0, 0)
j_ras = (0, 0, -1)
k_ras = (0, 1, 0)
writing to talsrcimg.img...
Analyze Output Matrix
-1.00000   0.00000   0.00000   142.99191;
 0.00000   0.00000   1.00000  -137.04796;
 0.00000  -1.00000   0.00000   118.49815;
 0.00000   0.00000   0.00000   1.00000;
--------------------
INFO: set hdr.hist.orient to -1
mpr2mni305 talsrcimg
Mon Mar  9 23:43:48 CET 2026
/opt/freesurfer/bin/mpr2mni305 talsrcimg
mpr2mni305 7.3.2
target=711-2C_as_mni_average_305

---------------------------------------------------------------------
analyzeto4dfp talsrcimg -O0 -y
---------------------------------------------------------------------

freesurfer ifh2hdr.c
Mon Mar  9 23:43:48 2026
Writing: talsrcimg.4dfp.hdr
freesurfer analyzeto4dfp.c
Reading: talsrcimg.hdr
header size 348 bytes
hdr.dime.datatype	offset=70	value=2
hdr.dime.bitpix		offset=72	value=8
hdr.hist.orient		offset=252	value=-1
dimensionality     4
dimensions       256       256       256         1
Reading: talsrcimg.img
Writing: talsrcimg.4dfp.img
Writing: talsrcimg.4dfp.ifh
ifh2hdr talsrcimg -r0to239
ori=2

---------------------------------------------------------------------
gauss_4dfp talsrcimg 1.1
---------------------------------------------------------------------

freesurfer gauss_4dfp.c
Reading: talsrcimg.4dfp.img
Writing: talsrcimg_g11.4dfp.img
image dimensions 256 256 256 padded to 288 288 288
processing volume 1freesurfer ifh2hdr.c
Mon Mar  9 23:43:50 2026
Writing: talsrcimg_g11.4dfp.hdr

Writing: talsrcimg_g11.4dfp.ifh
including: talsrcimg.4dfp.img.rec in talsrcimg_g11.4dfp.img.rec

---------------------------------------------------------------------
imgreg_4dfp /opt/freesurfer/average/711-2C_as_mni_average_305 none talsrcimg_g11 none talsrcimg_to_711-2C_as_mni_average_305_t4 4355
---------------------------------------------------------------------

freesurfer imgreg_4dfp.c
/opt/freesurfer/average/711-2C_as_mni_average_305.4dfp.img
       256       256       256         1
  1.000000  1.000000  1.000000
orientation T byte_order littleendian
Reading image: /opt/freesurfer/average/711-2C_as_mni_average_305.4dfp.img
dimensions:      256       256       256
mmppix:       1.0000   -1.0000   -1.0000
center:     128.0000 -129.0000 -129.0000
talsrcimg_g11.4dfp.img
       256       256       256         1
  1.000000  1.000000  1.000000
orientation T byte_order littleendian
Reading image: talsrcimg_g11.4dfp.img
dimensions:      256       256       256
mmppix:       1.0000   -1.0000   -1.0000
center:     128.0000 -129.0000 -129.0000
t4_read: open error in t4_sub.f l:  41 t4_file(1:l)talsrcimg_to_711-2C_as_mni_average_305_t4 
t4_read: transform initialized to I4
rotation matrix determinant  1.000000
image alignment mode   4355 decimal     1103 hex
   -7.5000  -45.0000  -45.0000 6854.0376   29.5568
    0.0000  -45.0000  -45.0000 7119.6450   29.6152
    7.5000  -45.0000  -45.0000 6815.3467   29.6791
   -7.5000  -37.5000  -45.0000 7268.9365   29.5616
    0.0000  -37.5000  -45.0000 7538.1055   29.5996
    7.5000  -37.5000  -45.0000 7190.2725   29.6609
   -7.5000  -30.0000  -45.0000 8044.8457   29.4017
    0.0000  -30.0000  -45.0000 8337.4902   29.4392
    7.5000  -30.0000  -45.0000 7930.0376   29.5182
   -7.5000  -22.5000  -45.0000 8648.2188   29.2054
    0.0000  -22.5000  -45.0000 8954.7695   29.2622
    7.5000  -22.5000  -45.0000 8525.7812   29.3594
   -7.5000  -15.0000  -45.0000 9163.7480   29.1607
    0.0000  -15.0000  -45.0000 9483.5732   29.2316
    7.5000  -15.0000  -45.0000 9059.0488   29.3305
   -7.5000   -7.5000  -45.0000 9641.8203   29.3521
    0.0000   -7.5000  -45.0000 9962.4141   29.4240
    7.5000   -7.5000  -45.0000 9486.7607   29.5075
   -7.5000    0.0000  -45.000010044.6113   29.5568
    0.0000    0.0000  -45.000010396.2393   29.6152
    7.5000    0.0000  -45.0000 9842.2793   29.6791
   -7.5000    7.5000  -45.0000 9675.8564   29.5616
    0.0000    7.5000  -45.000010025.7705   29.5996
    7.5000    7.5000  -45.0000 9509.6729   29.6609
   -7.5000   15.0000  -45.0000 9365.5908   29.4017
    0.0000   15.0000  -45.0000 9717.7637   29.4392
    7.5000   15.0000  -45.0000 9245.8984   29.5182
   -7.5000   22.5000  -45.0000 8986.8809   29.2014
    0.0000   22.5000  -45.0000 9342.9980   29.2582
    7.5000   22.5000  -45.0000 8899.8242   29.3553
   -7.5000   30.0000  -45.0000 8174.0396   28.7721
    0.0000   30.0000  -45.0000 8440.1514   28.8421
    7.5000   30.0000  -45.0000 8045.4268   28.9396
   -7.5000   37.5000  -45.0000 7614.9727   28.9609
    0.0000   37.5000  -45.0000 7880.7192   29.0319
    7.5000   37.5000  -45.0000 7522.8950   29.1142
   -7.5000   45.0000  -45.0000 6812.3213   28.4224
    0.0000   45.0000  -45.0000 7081.3013   28.4786
    7.5000   45.0000  -45.0000 6723.9785   28.5400
   -7.5000  -45.0000  -37.5000 7395.1851   29.2727
    0.0000  -45.0000  -37.5000 7693.9175   29.3151
    7.5000  -45.0000  -37.5000 7333.9756   29.4019
   -7.5000  -37.5000  -37.5000 7879.2266   29.2549
    0.0000  -37.5000  -37.5000 8168.0557   29.2801
    7.5000  -37.5000  -37.5000 7774.4531   29.3713
   -7.5000  -30.0000  -37.5000 8693.3652   29.0803
    0.0000  -30.0000  -37.5000 9000.2979   29.1029
    7.5000  -30.0000  -37.5000 8580.4102   29.2141
   -7.5000  -22.5000  -37.5000 9333.6865   28.8925
    0.0000  -22.5000  -37.5000 9694.6338   28.9293
    7.5000  -22.5000  -37.5000 9236.3418   29.0537
   -7.5000  -15.0000  -37.5000 9881.7910   28.8726
    0.0000  -15.0000  -37.500010249.6045   28.9223
    7.5000  -15.0000  -37.5000 9791.2793   29.0435
   -7.5000   -7.5000  -37.500010334.1689   29.0781
    0.0000   -7.5000  -37.500010705.8926   29.1309
    7.5000   -7.5000  -37.500010233.4795   29.2346
   -7.5000    0.0000  -37.500010720.7949   29.2727
    0.0000    0.0000  -37.500011089.1572   29.3151
    7.5000    0.0000  -37.500010557.0732   29.4019
   -7.5000    7.5000  -37.500010349.7090   29.2549
    0.0000    7.5000  -37.500010701.9834   29.2801
    7.5000    7.5000  -37.500010177.4756   29.3713
   -7.5000   15.0000  -37.500010036.6738   29.0803
    0.0000   15.0000  -37.500010397.0762   29.1029
    7.5000   15.0000  -37.5000 9922.0352   29.2141
   -7.5000   22.5000  -37.5000 9619.4707   28.8886
    0.0000   22.5000  -37.5000 9967.7207   28.9253
    7.5000   22.5000  -37.5000 9507.9834   29.0497
   -7.5000   30.0000  -37.5000 8700.9131   28.4878
    0.0000   30.0000  -37.5000 8973.0068   28.5369
    7.5000   30.0000  -37.5000 8561.0146   28.6564
   -7.5000   37.5000  -37.5000 8083.2764   28.6906
    0.0000   37.5000  -37.5000 8329.1865   28.7427
    7.5000   37.5000  -37.5000 7953.1714   28.8450
   -7.5000   45.0000  -37.5000 7197.6099   28.1492
    0.0000   45.0000  -37.5000 7423.7871   28.1900
    7.5000   45.0000  -37.5000 7078.6357   28.2735
   -7.5000  -45.0000  -30.0000 8136.9771   30.3633
    0.0000  -45.0000  -30.0000 8445.1025   30.3818
    7.5000  -45.0000  -30.0000 8040.4150   30.4697
   -7.5000  -37.5000  -30.0000 8638.6641   30.3351
    0.0000  -37.5000  -30.0000 8967.7510   30.3465
    7.5000  -37.5000  -30.0000 8519.7695   30.4481
   -7.5000  -30.0000  -30.0000 9489.2168   30.1380
    0.0000  -30.0000  -30.0000 9874.2705   30.1458
    7.5000  -30.0000  -30.0000 9394.9482   30.2675
   -7.5000  -22.5000  -30.000010210.8525   29.9341
    0.0000  -22.5000  -30.000010625.9736   29.9463
    7.5000  -22.5000  -30.000010103.3398   30.0735
   -7.5000  -15.0000  -30.000010794.4336   29.9217
    0.0000  -15.0000  -30.000011209.8936   29.9398
    7.5000  -15.0000  -30.000010695.6777   30.0570
   -7.5000   -7.5000  -30.000011296.5957   30.1536
    0.0000   -7.5000  -30.000011714.0078   30.1747
    7.5000   -7.5000  -30.000011156.8760   30.2727
   -7.5000    0.0000  -30.000011667.7617   30.3633
    0.0000    0.0000  -30.000012056.6680   30.3818
    7.5000    0.0000  -30.000011446.1797   30.4697
   -7.5000    7.5000  -30.000011259.4092   30.3351
    0.0000    7.5000  -30.000011626.1582   30.3465
    7.5000    7.5000  -30.000011054.3262   30.4481
   -7.5000   15.0000  -30.000010932.2656   30.1380
    0.0000   15.0000  -30.000011316.1953   30.1458
    7.5000   15.0000  -30.000010794.6689   30.2675
   -7.5000   22.5000  -30.000010462.8252   29.9269
    0.0000   22.5000  -30.000010794.9854   29.9391
    7.5000   22.5000  -30.000010265.5146   30.0662
   -7.5000   30.0000  -30.0000 9420.6709   29.5257
    0.0000   30.0000  -30.0000 9678.2891   29.5437
    7.5000   30.0000  -30.0000 9213.2139   29.6592
   -7.5000   37.5000  -30.0000 8716.5234   29.7546
    0.0000   37.5000  -30.0000 8974.7041   29.7754
    7.5000   37.5000  -30.0000 8557.9541   29.8721
   -7.5000   45.0000  -30.0000 7729.9600   29.2194
    0.0000   45.0000  -30.0000 7959.1509   29.2372
    7.5000   45.0000  -30.0000 7597.1948   29.3217
   -7.5000  -45.0000  -22.5000 8841.5322   31.3908
    0.0000  -45.0000  -22.5000 9191.1211   31.3998
    7.5000  -45.0000  -22.5000 8740.9902   31.4582
   -7.5000  -37.5000  -22.5000 9368.2080   31.3754
    0.0000  -37.5000  -22.5000 9758.8311   31.3868
    7.5000  -37.5000  -22.5000 9253.2490   31.4623
   -7.5000  -30.0000  -22.500010300.3760   31.1775
    0.0000  -30.0000  -22.500010698.6533   31.1893
    7.5000  -30.0000  -22.500010164.0957   31.2825
   -7.5000  -22.5000  -22.500011094.2188   30.9567
    0.0000  -22.5000  -22.500011493.6318   30.9670
    7.5000  -22.5000  -22.500010937.4502   31.0622
   -7.5000  -15.0000  -22.500011732.0518   30.9280
    0.0000  -15.0000  -22.500012162.1250   30.9351
    7.5000  -15.0000  -22.500011574.8506   31.0174
   -7.5000   -7.5000  -22.500012292.2178   31.1643
    0.0000   -7.5000  -22.500012743.2832   31.1703
    7.5000   -7.5000  -22.500012107.0508   31.2336
   -7.5000    0.0000  -22.500012694.6543   31.3908
    0.0000    0.0000  -22.500013144.8105   31.3998
    7.5000    0.0000  -22.500012461.6152   31.4582
   -7.5000    7.5000  -22.500012225.6357   31.3754
    0.0000    7.5000  -22.500012648.2119   31.3868
    7.5000    7.5000  -22.500011990.9629   31.4623
   -7.5000   15.0000  -22.500011850.7627   31.1775
    0.0000   15.0000  -22.500012266.6367   31.1893
    7.5000   15.0000  -22.500011627.4248   31.2825
   -7.5000   22.5000  -22.500011272.3057   30.9471
    0.0000   22.5000  -22.500011663.7686   30.9574
    7.5000   22.5000  -22.500011049.6611   31.0527
   -7.5000   30.0000  -22.500010147.4717   30.5235
    0.0000   30.0000  -22.500010493.2285   30.5304
    7.5000   30.0000  -22.5000 9941.7314   30.6117
   -7.5000   37.5000  -22.5000 9411.3711   30.7566
    0.0000   37.5000  -22.5000 9732.8486   30.7626
    7.5000   37.5000  -22.5000 9237.8154   30.8250
   -7.5000   45.0000  -22.5000 8320.4258   30.2309
    0.0000   45.0000  -22.5000 8599.5723   30.2395
    7.5000   45.0000  -22.5000 8165.2578   30.2958
   -7.5000  -45.0000  -15.0000 9599.3457   32.1468
    0.0000  -45.0000  -15.0000 9982.7705   32.1717
    7.5000  -45.0000  -15.0000 9508.7861   32.2056
   -7.5000  -37.5000  -15.000010139.0742   32.1536
    0.0000  -37.5000  -15.000010534.5234   32.1837
    7.5000  -37.5000  -15.000010043.9561   32.2308
   -7.5000  -30.0000  -15.000011093.2773   31.9719
    0.0000  -30.0000  -15.000011512.0723   32.0075
    7.5000  -30.0000  -15.000010998.4541   32.0701
   -7.5000  -22.5000  -15.000011921.7627   31.7427
    0.0000  -22.5000  -15.000012368.5322   31.7779
    7.5000  -22.5000  -15.000011809.3350   31.8442
   -7.5000  -15.0000  -15.000012582.8740   31.6885
    0.0000  -15.0000  -15.000013088.6846   31.7153
    7.5000  -15.0000  -15.000012491.5010   31.7705
   -7.5000   -7.5000  -15.000013195.7432   31.9105
    0.0000   -7.5000  -15.000013767.5254   31.9327
    7.5000   -7.5000  -15.000013084.9609   31.9709
   -7.5000    0.0000  -15.000013669.3438   32.1468
    0.0000    0.0000  -15.000014257.7881   32.1717
    7.5000    0.0000  -15.000013510.6328   32.2056
   -7.5000    7.5000  -15.000013195.9883   32.1536
    0.0000    7.5000  -15.000013725.3428   32.1837
    7.5000    7.5000  -15.000012978.0459   32.2308
   -7.5000   15.0000  -15.000012754.3916   31.9719
    0.0000   15.0000  -15.000013254.4121   32.0075
    7.5000   15.0000  -15.000012525.3105   32.0701
   -7.5000   22.5000  -15.000012114.9326   31.7315
    0.0000   22.5000  -15.000012560.9961   31.7667
    7.5000   22.5000  -15.000011832.1680   31.8329
   -7.5000   30.0000  -15.000010895.3184   31.2783
    0.0000   30.0000  -15.000011322.9004   31.3049
    7.5000   30.0000  -15.000010664.4072   31.3593
   -7.5000   37.5000  -15.000010093.5996   31.4975
    0.0000   37.5000  -15.000010479.1025   31.5194
    7.5000   37.5000  -15.0000 9924.2031   31.5571
   -7.5000   45.0000  -15.0000 8892.2158   30.9776
    0.0000   45.0000  -15.0000 9234.1904   31.0016
    7.5000   45.0000  -15.0000 8771.1191   31.0343
   -7.5000  -45.0000   -7.500010405.9385   32.5490
    0.0000  -45.0000   -7.500010843.2705   32.6026
    7.5000  -45.0000   -7.500010351.3799   32.6460
   -7.5000  -37.5000   -7.500010948.4014   32.5665
    0.0000  -37.5000   -7.500011392.3516   32.6114
    7.5000  -37.5000   -7.500010902.5771   32.6580
   -7.5000  -30.0000   -7.500011914.8740   32.3950
    0.0000  -30.0000   -7.500012386.1445   32.4433
    7.5000  -30.0000   -7.500011909.3789   32.5061
   -7.5000  -22.5000   -7.500012778.8467   32.1673
    0.0000  -22.5000   -7.500013265.9531   32.2266
    7.5000  -22.5000   -7.500012787.2539   32.3020
   -7.5000  -15.0000   -7.500013472.4531   32.1020
    0.0000  -15.0000   -7.500014009.9883   32.1642
    7.5000  -15.0000   -7.500013468.4092   32.2360
   -7.5000   -7.5000   -7.500014097.3164   32.3121
    0.0000   -7.5000   -7.500014713.0840   32.3718
    7.5000   -7.5000   -7.500014108.4844   32.4279
   -7.5000    0.0000   -7.500014639.9023   32.5490
    0.0000    0.0000   -7.500015318.3154   32.6026
    7.5000    0.0000   -7.500014602.1064   32.6460
   -7.5000    7.5000   -7.500014161.1963   32.5665
    0.0000    7.5000   -7.500014768.9619   32.6114
    7.5000    7.5000   -7.500013998.8096   32.6580
   -7.5000   15.0000   -7.500013672.4375   32.3950
    0.0000   15.0000   -7.500014234.3174   32.4433
    7.5000   15.0000   -7.500013487.9482   32.5061
   -7.5000   22.5000   -7.500012943.1201   32.1524
    0.0000   22.5000   -7.500013392.2197   32.2117
    7.5000   22.5000   -7.500012602.9150   32.2871
   -7.5000   30.0000   -7.500011615.9248   31.6857
    0.0000   30.0000   -7.500012053.5635   31.7471
    7.5000   30.0000   -7.500011360.1738   31.8180
   -7.5000   37.5000   -7.500010775.3330   31.8931
    0.0000   37.5000   -7.500011202.2764   31.9520
    7.5000   37.5000   -7.500010599.3662   32.0073
   -7.5000   45.0000   -7.5000 9473.6572   31.3711
    0.0000   45.0000   -7.5000 9865.1504   31.4228
    7.5000   45.0000   -7.5000 9371.8242   31.4646
   -7.5000  -45.0000    0.000011135.6318   32.6434
    0.0000  -45.0000    0.000011598.3408   32.7087
    7.5000  -45.0000    0.000011115.5127   32.7806
   -7.5000  -37.5000    0.000011661.1201   32.6476
    0.0000  -37.5000    0.000012145.7793   32.6905
    7.5000  -37.5000    0.000011709.9844   32.7601
   -7.5000  -30.0000    0.000012641.1016   32.4726
    0.0000  -30.0000    0.000013148.2969   32.5146
    7.5000  -30.0000    0.000012733.6113   32.6038
   -7.5000  -22.5000    0.000013568.5137   32.2586
    0.0000  -22.5000    0.000014073.6582   32.3213
    7.5000  -22.5000    0.000013639.1934   32.4302
   -7.5000  -15.0000    0.000014309.6816   32.2104
    0.0000  -15.0000    0.000014807.7402   32.2886
    7.5000  -15.0000    0.000014345.1152   32.3991
   -7.5000   -7.5000    0.000014999.7139   32.4198
    0.0000   -7.5000    0.000015555.7891   32.4998
    7.5000   -7.5000    0.000015020.0195   32.5930
   -7.5000    0.0000    0.000015497.2812   32.6434
    0.0000    0.0000    0.000016142.6846   32.7087
    7.5000    0.0000    0.000015481.9854   32.7806
   -7.5000    7.5000    0.000014920.6914   32.6476
    0.0000    7.5000    0.000015506.4736   32.6905
    7.5000    7.5000    0.000014850.4590   32.7601
   -7.5000   15.0000    0.000014359.5166   32.4726
    0.0000   15.0000    0.000014913.0811   32.5146
    7.5000   15.0000    0.000014324.0859   32.6038
   -7.5000   22.5000    0.000013542.5215   32.2437
    0.0000   22.5000    0.000013943.0938   32.3064
    7.5000   22.5000    0.000013310.8535   32.4153
   -7.5000   30.0000    0.000012169.3418   31.7935
    0.0000   30.0000    0.000012591.3281   31.8707
    7.5000   30.0000    0.000012001.1025   31.9798
   -7.5000   37.5000    0.000011349.9932   32.0003
    0.0000   37.5000    0.000011795.7666   32.0792
    7.5000   37.5000    0.000011266.3438   32.1712
   -7.5000   45.0000    0.0000 9984.4795   31.4645
    0.0000   45.0000    0.000010401.2041   31.5274
    7.5000   45.0000    0.0000 9925.5508   31.5968
   -7.5000  -45.0000    7.500010966.3662   32.6357
    0.0000  -45.0000    7.500011417.5557   32.6830
    7.5000  -45.0000    7.500010958.1143   32.7796
   -7.5000  -37.5000    7.500011475.1240   32.6152
    0.0000  -37.5000    7.500011944.0225   32.6436
    7.5000  -37.5000    7.500011488.5527   32.7451
   -7.5000  -30.0000    7.500012447.2383   32.4214
    0.0000  -30.0000    7.500012908.3037   32.4469
    7.5000  -30.0000    7.500012504.8154   32.5708
   -7.5000  -22.5000    7.500013338.9043   32.2136
    0.0000  -22.5000    7.500013847.3379   32.2548
    7.5000  -22.5000    7.500013423.4531   32.3932
   -7.5000  -15.0000    7.500014025.9805   32.1921
    0.0000  -15.0000    7.500014481.8486   32.2475
    7.5000  -15.0000    7.500014079.8984   32.3822
   -7.5000   -7.5000    7.500014682.9521   32.4202
    0.0000   -7.5000    7.500015183.3799   32.4790
    7.5000   -7.5000    7.500014740.1494   32.5942
   -7.5000    0.0000    7.500015178.6475   32.6357
    0.0000    0.0000    7.500015669.3125   32.6830
    7.5000    0.0000    7.500015169.9922   32.7796
   -7.5000    7.5000    7.500014526.1787   32.6152
    0.0000    7.5000    7.500014999.7744   32.6436
    7.5000    7.5000    7.500014589.3057   32.7451
   -7.5000   15.0000    7.500013967.8691   32.4214
    0.0000   15.0000    7.500014436.5625   32.4469
    7.5000   15.0000    7.500014099.5986   32.5708
   -7.5000   22.5000    7.500013097.0078   32.1988
    0.0000   22.5000    7.500013454.5625   32.2400
    7.5000   22.5000    7.500013064.9248   32.3783
   -7.5000   30.0000    7.500011840.1143   31.7754
    0.0000   30.0000    7.500012216.8018   31.8302
    7.5000   30.0000    7.500011846.9434   31.9632
   -7.5000   37.5000    7.500011110.4971   32.0006
    0.0000   37.5000    7.500011490.1152   32.0587
    7.5000   37.5000    7.500011111.9238   32.1724
   -7.5000   45.0000    7.5000 9795.6211   31.4570
    0.0000   45.0000    7.500010167.8516   31.5027
    7.5000   45.0000    7.5000 9781.5596   31.5957
   -7.5000  -45.0000   15.000010600.8691   32.6052
    0.0000  -45.0000   15.000011056.1094   32.6250
    7.5000  -45.0000   15.000010600.8330   32.7193
   -7.5000  -37.5000   15.000011093.9238   32.5749
    0.0000  -37.5000   15.000011524.0586   32.5871
    7.5000  -37.5000   15.000011097.3730   32.6962
   -7.5000  -30.0000   15.000012023.2363   32.3632
    0.0000  -30.0000   15.000012514.8203   32.3715
    7.5000  -30.0000   15.000012025.5771   32.5023
   -7.5000  -22.5000   15.000012966.7734   32.1442
    0.0000  -22.5000   15.000013496.4912   32.1574
    7.5000  -22.5000   15.000013013.6787   32.2939
   -7.5000  -15.0000   15.000013582.0820   32.1309
    0.0000  -15.0000   15.000013973.6152   32.1504
    7.5000  -15.0000   15.000013679.6484   32.2762
   -7.5000   -7.5000   15.000014103.7354   32.3800
    0.0000   -7.5000   15.000014521.0098   32.4026
    7.5000   -7.5000   15.000014304.3809   32.5078
   -7.5000    0.0000   15.000014585.1426   32.6052
    0.0000    0.0000   15.000015040.0771   32.6250
    7.5000    0.0000   15.000014819.4209   32.7193
   -7.5000    7.5000   15.000014065.8164   32.5749
    0.0000    7.5000   15.000014503.3408   32.5871
    7.5000    7.5000   15.000014304.1553   32.6962
   -7.5000   15.0000   15.000013608.0068   32.3632
    0.0000   15.0000   15.000014032.7861   32.3715
    7.5000   15.0000   15.000013789.2998   32.5023
   -7.5000   22.5000   15.000012669.0723   32.1294
    0.0000   22.5000   15.000012991.6904   32.1426
    7.5000   22.5000   15.000012668.9277   32.2790
   -7.5000   30.0000   15.000011460.6836   31.7151
    0.0000   30.0000   15.000011776.3125   31.7343
    7.5000   30.0000   15.000011400.1025   31.8585
   -7.5000   37.5000   15.000010756.6562   31.9609
    0.0000   37.5000   15.000011108.5576   31.9832
    7.5000   37.5000   15.000010708.3408   32.0871
   -7.5000   45.0000   15.0000 9491.2803   31.4276
    0.0000   45.0000   15.0000 9810.0508   31.4467
    7.5000   45.0000   15.0000 9427.2393   31.5377
   -7.5000  -45.0000   22.500010201.4639   32.5862
    0.0000  -45.0000   22.500010632.0674   32.5955
    7.5000  -45.0000   22.500010186.0254   32.6561
   -7.5000  -37.5000   22.500010665.9648   32.5701
    0.0000  -37.5000   22.500011105.4326   32.5820
    7.5000  -37.5000   22.500010678.8721   32.6604
   -7.5000  -30.0000   22.500011509.6162   32.3648
    0.0000  -30.0000   22.500012021.3213   32.3770
    7.5000  -30.0000   22.500011566.9902   32.4738
   -7.5000  -22.5000   22.500012337.4854   32.1355
    0.0000  -22.5000   22.500012803.4336   32.1462
    7.5000  -22.5000   22.500012403.1982   32.2451
   -7.5000  -15.0000   22.500012942.2510   32.1058
    0.0000  -15.0000   22.500013286.1865   32.1131
    7.5000  -15.0000   22.500013007.4658   32.1986
   -7.5000   -7.5000   22.500013542.2031   32.3510
    0.0000   -7.5000   22.500013943.8223   32.3572
    7.5000   -7.5000   22.500013699.0449   32.4230
   -7.5000    0.0000   22.500014080.3965   32.5862
    0.0000    0.0000   22.500014568.5225   32.5955
    7.5000    0.0000   22.500014248.8828   32.6561
   -7.5000    7.5000   22.500013632.7393   32.5701
    0.0000    7.5000   22.500014060.2471   32.5820
    7.5000    7.5000   22.500013735.2314   32.6604
   -7.5000   15.0000   22.500013185.1006   32.3648
    0.0000   15.0000   22.500013546.8984   32.3770
    7.5000   15.0000   22.500013215.2920   32.4738
   -7.5000   22.5000   22.500012115.4688   32.1207
    0.0000   22.5000   22.500012411.6787   32.1314
    7.5000   22.5000   22.500012013.7480   32.2302
   -7.5000   30.0000   22.500010946.1084   31.6903
    0.0000   30.0000   22.500011230.5625   31.6975
    7.5000   30.0000   22.500010852.8799   31.7819
   -7.5000   37.5000   22.500010283.6016   31.9323
    0.0000   37.5000   22.500010597.4395   31.9385
    7.5000   37.5000   22.500010207.8896   32.0033
   -7.5000   45.0000   22.5000 9103.2129   31.4093
    0.0000   45.0000   22.5000 9371.5977   31.4183
    7.5000   45.0000   22.5000 8995.8848   31.4767
   -7.5000  -45.0000   30.0000 9686.6650   32.5880
    0.0000  -45.0000   30.000010124.5898   32.6132
    7.5000  -45.0000   30.0000 9649.4355   32.6476
   -7.5000  -37.5000   30.000010125.7422   32.5949
    0.0000  -37.5000   30.000010590.3711   32.6254
    7.5000  -37.5000   30.000010109.0977   32.6732
   -7.5000  -30.0000   30.000010922.6650   32.4107
    0.0000  -30.0000   30.000011429.0527   32.4467
    7.5000  -30.0000   30.000010963.9346   32.5102
   -7.5000  -22.5000   30.000011686.0830   32.1784
    0.0000  -22.5000   30.000012141.9648   32.2141
    7.5000  -22.5000   30.000011711.1348   32.2812
   -7.5000  -15.0000   30.000012322.8848   32.1233
    0.0000  -15.0000   30.000012733.2666   32.1506
    7.5000  -15.0000   30.000012325.1436   32.2065
   -7.5000   -7.5000   30.000012939.2422   32.3484
    0.0000   -7.5000   30.000013411.2461   32.3709
    7.5000   -7.5000   30.000012992.2881   32.4096
   -7.5000    0.0000   30.000013432.7051   32.5880
    0.0000    0.0000   30.000013888.7471   32.6132
    7.5000    0.0000   30.000013477.8301   32.6476
   -7.5000    7.5000   30.000013001.5117   32.5949
    0.0000    7.5000   30.000013393.5850   32.6254
    7.5000    7.5000   30.000013018.5586   32.6732
   -7.5000   15.0000   30.000012531.0938   32.4107
    0.0000   15.0000   30.000012904.2412   32.4467
    7.5000   15.0000   30.000012534.7168   32.5102
   -7.5000   22.5000   30.000011421.1377   32.1635
    0.0000   22.5000   30.000011726.7168   32.1992
    7.5000   22.5000   30.000011324.0342   32.2664
   -7.5000   30.0000   30.000010290.8838   31.7076
    0.0000   30.0000   30.000010584.3408   31.7345
    7.5000   30.0000   30.000010182.8047   31.7897
   -7.5000   37.5000   30.0000 9617.8330   31.9298
    0.0000   37.5000   30.0000 9921.4814   31.9519
    7.5000   37.5000   30.0000 9535.5625   31.9902
   -7.5000   45.0000   30.0000 8518.3975   31.4110
    0.0000   45.0000   30.0000 8763.8115   31.4354
    7.5000   45.0000   30.0000 8409.1152   31.4685
   -7.5000  -45.0000   37.5000 9455.2236   32.6414
    0.0000  -45.0000   37.5000 9882.2471   32.6953
    7.5000  -45.0000   37.5000 9446.6836   32.7389
   -7.5000  -37.5000   37.5000 9897.5742   32.6588
    0.0000  -37.5000   37.500010336.2100   32.7041
    7.5000  -37.5000   37.5000 9884.5312   32.7510
   -7.5000  -30.0000   37.500010708.4414   32.4870
    0.0000  -30.0000   37.500011181.2334   32.5354
    7.5000  -30.0000   37.500010688.3252   32.5987
   -7.5000  -22.5000   37.500011435.3584   32.2587
    0.0000  -22.5000   37.500011907.7979   32.3180
    7.5000  -22.5000   37.500011412.0449   32.3939
   -7.5000  -15.0000   37.500012013.1309   32.1933
    0.0000  -15.0000   37.500012491.6846   32.2555
    7.5000  -15.0000   37.500011986.9658   32.3276
   -7.5000   -7.5000   37.500012593.6396   32.4039
    0.0000   -7.5000   37.500013101.4834   32.4638
    7.5000   -7.5000   37.500012584.5186   32.5201
   -7.5000    0.0000   37.500013039.2451   32.6414
    0.0000    0.0000   37.500013532.5557   32.6953
    7.5000    0.0000   37.500013022.8330   32.7389
   -7.5000    7.5000   37.500012598.2920   32.6588
    0.0000    7.5000   37.500013048.4229   32.7041
    7.5000    7.5000   37.500012586.8467   32.7510
   -7.5000   15.0000   37.500012159.4922   32.4870
    0.0000   15.0000   37.500012580.7197   32.5354
    7.5000   15.0000   37.500012148.1016   32.5987
   -7.5000   22.5000   37.500011069.2578   32.2438
    0.0000   22.5000   37.500011400.0674   32.3031
    7.5000   22.5000   37.500010972.5166   32.3790
   -7.5000   30.0000   37.5000 9943.9189   31.7766
    0.0000   30.0000   37.500010257.2266   31.8381
    7.5000   30.0000   37.5000 9851.9473   31.9093
   -7.5000   37.5000   37.5000 9286.3984   31.9846
    0.0000   37.5000   37.5000 9577.2754   32.0437
    7.5000   37.5000   37.5000 9191.8691   32.0992
   -7.5000   45.0000   37.5000 8192.2617   31.4625
    0.0000   45.0000   37.5000 8442.7578   31.5145
    7.5000   45.0000   37.5000 8127.9072   31.5566
   -7.5000  -45.0000   45.0000 8748.7510   32.7312
    0.0000  -45.0000   45.0000 9149.6240   32.7991
    7.5000  -45.0000   45.0000 8752.6650   32.8720
   -7.5000  -37.5000   45.0000 9152.8320   32.7344
    0.0000  -37.5000   45.0000 9562.8350   32.7791
    7.5000  -37.5000   45.0000 9140.2842   32.8497
   -7.5000  -30.0000   45.0000 9872.3369   32.5586
    0.0000  -30.0000   45.000010328.5410   32.6019
    7.5000  -30.0000   45.0000 9853.5889   32.6923
   -7.5000  -22.5000   45.000010553.3496   32.3446
    0.0000  -22.5000   45.000011037.5703   32.4091
    7.5000  -22.5000   45.000010525.8516   32.5192
   -7.5000  -15.0000   45.000011093.6953   32.2970
    0.0000  -15.0000   45.000011618.6953   32.3777
    7.5000  -15.0000   45.000011100.3311   32.4894
   -7.5000   -7.5000   45.000011613.9609   32.5076
    0.0000   -7.5000   45.000012150.4707   32.5903
    7.5000   -7.5000   45.000011627.2998   32.6846
   -7.5000    0.0000   45.000011968.0566   32.7312
    0.0000    0.0000   45.000012491.3135   32.7991
    7.5000    0.0000   45.000011982.8564   32.8720
   -7.5000    7.5000   45.000011564.4932   32.7344
    0.0000    7.5000   45.000012034.6250   32.7791
    7.5000    7.5000   45.000011551.0908   32.8497
   -7.5000   15.0000   45.000011188.1182   32.5586
    0.0000   15.0000   45.000011642.0869   32.6019
    7.5000   15.0000   45.000011173.5820   32.6923
   -7.5000   22.5000   45.000010171.6973   32.3296
    0.0000   22.5000   45.000010523.2393   32.3940
    7.5000   22.5000   45.000010100.8125   32.5041
   -7.5000   30.0000   45.0000 9158.5439   31.8763
    0.0000   30.0000   45.0000 9454.9531   31.9559
    7.5000   30.0000   45.0000 9079.4414   32.0661
   -7.5000   37.5000   45.0000 8541.2451   32.0841
    0.0000   37.5000   45.0000 8819.1260   32.1657
    7.5000   37.5000   45.0000 8459.1943   32.2588
   -7.5000   45.0000   45.0000 7550.3564   31.5635
    0.0000   45.0000   45.0000 7768.0757   31.6289
    7.5000   45.0000   45.0000 7483.3267   31.6992

---------------------------------------------------------------------
imgreg_4dfp /opt/freesurfer/average/711-2C_as_mni_average_305 /opt/freesurfer/average/711-2B_as_mni_average_305_mask talsrcimg_g11 none talsrcimg_to_711-2C_as_mni_average_305_t4 4355
---------------------------------------------------------------------

freesurfer imgreg_4dfp.c
/opt/freesurfer/average/711-2C_as_mni_average_305.4dfp.img
       256       256       256         1
  1.000000  1.000000  1.000000
orientation T byte_order littleendian
Reading image: /opt/freesurfer/average/711-2C_as_mni_average_305.4dfp.img
dimensions:      256       256       256
mmppix:       1.0000   -1.0000   -1.0000
center:     128.0000 -129.0000 -129.0000
/opt/freesurfer/average/711-2B_as_mni_average_305_mask.4dfp.img
       256       256       256         1
  1.000000  1.000000  1.000000
orientation T byte_order littleendian
Reading mask: /opt/freesurfer/average/711-2B_as_mni_average_305_mask.4dfp.img (2306576 pixels)
talsrcimg_g11.4dfp.img
       256       256       256         1
  1.000000  1.000000  1.000000
orientation T byte_order littleendian
Reading image: talsrcimg_g11.4dfp.img
dimensions:      256       256       256
mmppix:       1.0000   -1.0000   -1.0000
center:     128.0000 -129.0000 -129.0000
rotation matrix determinant  1.000000
image alignment mode   4355 decimal     1103 hex
   -7.5000  -45.0000  -45.0000 1864.0671   35.0180
    0.0000  -45.0000  -45.0000 1857.2607   34.6626
    7.5000  -45.0000  -45.0000 1846.4735   35.1659
   -7.5000  -37.5000  -45.0000 1947.0403   32.2354
    0.0000  -37.5000  -45.0000 1942.1239   31.9477
    7.5000  -37.5000  -45.0000 1920.6210   32.3459
   -7.5000  -30.0000  -45.0000 2038.7096   30.3610
    0.0000  -30.0000  -45.0000 2035.0615   30.1249
    7.5000  -30.0000  -45.0000 2006.8121   30.4310
   -7.5000  -22.5000  -45.0000 2080.9248   29.1968
    0.0000  -22.5000  -45.0000 2076.7688   28.9220
    7.5000  -22.5000  -45.0000 2047.5674   29.3038
   -7.5000  -15.0000  -45.0000 2096.4451   28.5938
    0.0000  -15.0000  -45.0000 2098.3794   28.3256
    7.5000  -15.0000  -45.0000 2072.4497   28.7065
   -7.5000   -7.5000  -45.0000 2096.3074   28.4856
    0.0000   -7.5000  -45.0000 2097.4412   28.2146
    7.5000   -7.5000  -45.0000 2070.1282   28.6892
   -7.5000    0.0000  -45.0000 2088.9187   28.9918
    0.0000    0.0000  -45.0000 2092.0005   28.7211
    7.5000    0.0000  -45.0000 2051.2095   29.3240
   -7.5000    7.5000  -45.0000 2045.4043   30.3973
    0.0000    7.5000  -45.0000 2056.1621   30.2654
    7.5000    7.5000  -45.0000 2023.8683   30.8838
   -7.5000   15.0000  -45.0000 1987.7391   32.3312
    0.0000   15.0000  -45.0000 1995.1235   32.1777
    7.5000   15.0000  -45.0000 1968.1599   32.8462
   -7.5000   22.5000  -45.0000 1916.8119   34.8187
    0.0000   22.5000  -45.0000 1922.7795   34.5466
    7.5000   22.5000  -45.0000 1899.1058   35.4275
   -7.5000   30.0000  -45.0000 1833.1606   38.1063
    0.0000   30.0000  -45.0000 1839.2772   37.8660
    7.5000   30.0000  -45.0000 1810.6412   38.7597
   -7.5000   37.5000  -45.0000 1736.3563   42.5510
    0.0000   37.5000  -45.0000 1741.8435   42.4767
    7.5000   37.5000  -45.0000 1716.6965   43.3826
   -7.5000   45.0000  -45.0000 1621.8461   48.8520
    0.0000   45.0000  -45.0000 1632.6765   48.9230
    7.5000   45.0000  -45.0000 1605.8593   49.6730
   -7.5000  -45.0000  -37.5000 1948.5215   31.8811
    0.0000  -45.0000  -37.5000 1944.9388   31.5240
    7.5000  -45.0000  -37.5000 1925.2045   31.9818
   -7.5000  -37.5000  -37.5000 2048.4924   29.4205
    0.0000  -37.5000  -37.5000 2041.1823   29.0845
    7.5000  -37.5000  -37.5000 2012.0828   29.5088
   -7.5000  -30.0000  -37.5000 2148.1987   27.6639
    0.0000  -30.0000  -37.5000 2137.4265   27.3073
    7.5000  -30.0000  -37.5000 2105.9438   27.6917
   -7.5000  -22.5000  -37.5000 2192.5271   26.7028
    0.0000  -22.5000  -37.5000 2189.6677   26.4212
    7.5000  -22.5000  -37.5000 2161.3789   26.7148
   -7.5000  -15.0000  -37.5000 2207.9280   26.2432
    0.0000  -15.0000  -37.5000 2208.7256   25.9202
    7.5000  -15.0000  -37.5000 2184.7156   26.2687
   -7.5000   -7.5000  -37.5000 2198.4014   26.2253
    0.0000   -7.5000  -37.5000 2202.2908   25.9752
    7.5000   -7.5000  -37.5000 2181.2786   26.3497
   -7.5000    0.0000  -37.5000 2180.1511   26.7105
    0.0000    0.0000  -37.5000 2187.8218   26.4933
    7.5000    0.0000  -37.5000 2155.1555   26.9809
   -7.5000    7.5000  -37.5000 2140.4565   27.8407
    0.0000    7.5000  -37.5000 2149.8928   27.5996
    7.5000    7.5000  -37.5000 2116.9983   28.1982
   -7.5000   15.0000  -37.5000 2084.1812   29.4849
    0.0000   15.0000  -37.5000 2092.1091   29.1875
    7.5000   15.0000  -37.5000 2063.6943   29.8771
   -7.5000   22.5000  -37.5000 2011.0619   31.7192
    0.0000   22.5000  -37.5000 2023.5104   31.4443
    7.5000   22.5000  -37.5000 1994.5386   32.2358
   -7.5000   30.0000  -37.5000 1924.5286   34.8289
    0.0000   30.0000  -37.5000 1935.2125   34.5596
    7.5000   30.0000  -37.5000 1905.6696   35.3295
   -7.5000   37.5000  -37.5000 1813.7811   38.9033
    0.0000   37.5000  -37.5000 1825.9443   38.6634
    7.5000   37.5000  -37.5000 1794.2354   39.5040
   -7.5000   45.0000  -37.5000 1696.4193   44.4690
    0.0000   45.0000  -37.5000 1703.2771   44.2607
    7.5000   45.0000  -37.5000 1676.9249   45.0720
   -7.5000  -45.0000  -30.0000 2073.4036   30.1241
    0.0000  -45.0000  -30.0000 2067.8564   29.7017
    7.5000  -45.0000  -30.0000 2042.7523   30.2123
   -7.5000  -37.5000  -30.0000 2180.8552   27.7729
    0.0000  -37.5000  -30.0000 2172.8706   27.4143
    7.5000  -37.5000  -30.0000 2136.3079   27.9031
   -7.5000  -30.0000  -30.0000 2282.3958   26.1222
    0.0000  -30.0000  -30.0000 2280.4631   25.8327
    7.5000  -30.0000  -30.0000 2241.9470   26.1977
   -7.5000  -22.5000  -30.0000 2334.1445   25.1365
    0.0000  -22.5000  -30.0000 2338.9871   24.9233
    7.5000  -22.5000  -30.0000 2305.1841   25.1690
   -7.5000  -15.0000  -30.0000 2354.7500   24.8096
    0.0000  -15.0000  -30.0000 2358.0881   24.4872
    7.5000  -15.0000  -30.0000 2334.1694   24.7865
   -7.5000   -7.5000  -30.0000 2352.9829   24.9442
    0.0000   -7.5000  -30.0000 2357.6077   24.5892
    7.5000   -7.5000  -30.0000 2330.1960   24.9367
   -7.5000    0.0000  -30.0000 2324.8884   25.4507
    0.0000    0.0000  -30.0000 2329.6636   25.1402
    7.5000    0.0000  -30.0000 2298.0488   25.5189
   -7.5000    7.5000  -30.0000 2283.9915   26.4587
    0.0000    7.5000  -30.0000 2291.3975   26.1454
    7.5000    7.5000  -30.0000 2259.2822   26.6004
   -7.5000   15.0000  -30.0000 2223.2263   27.9651
    0.0000   15.0000  -30.0000 2233.9456   27.6008
    7.5000   15.0000  -30.0000 2210.0110   28.1954
   -7.5000   22.5000  -30.0000 2144.4209   30.0854
    0.0000   22.5000  -30.0000 2159.3364   29.7010
    7.5000   22.5000  -30.0000 2128.1416   30.3955
   -7.5000   30.0000  -30.0000 2049.1238   33.0045
    0.0000   30.0000  -30.0000 2060.7812   32.6256
    7.5000   30.0000  -30.0000 2025.6610   33.4302
   -7.5000   37.5000  -30.0000 1932.1217   36.9360
    0.0000   37.5000  -30.0000 1947.2312   36.5830
    7.5000   37.5000  -30.0000 1913.4829   37.4145
   -7.5000   45.0000  -30.0000 1804.6210   42.0737
    0.0000   45.0000  -30.0000 1808.7308   41.7080
    7.5000   45.0000  -30.0000 1782.5137   42.5257
   -7.5000  -45.0000  -22.5000 2162.9280   28.1663
    0.0000  -45.0000  -22.5000 2159.9119   27.8712
    7.5000  -45.0000  -22.5000 2135.2991   28.4082
   -7.5000  -37.5000  -22.5000 2274.8127   25.8757
    0.0000  -37.5000  -22.5000 2272.5327   25.6009
    7.5000  -37.5000  -22.5000 2239.1250   26.0798
   -7.5000  -30.0000  -22.5000 2388.1104   24.2906
    0.0000  -30.0000  -22.5000 2386.5125   24.1338
    7.5000  -30.0000  -22.5000 2347.7742   24.4431
   -7.5000  -22.5000  -22.5000 2447.0427   23.4024
    0.0000  -22.5000  -22.5000 2451.5261   23.2336
    7.5000  -22.5000  -22.5000 2418.2012   23.5055
   -7.5000  -15.0000  -22.5000 2480.5923   23.1083
    0.0000  -15.0000  -22.5000 2486.6716   22.8450
    7.5000  -15.0000  -22.5000 2455.2695   23.0679
   -7.5000   -7.5000  -22.5000 2491.1101   23.2543
    0.0000   -7.5000  -22.5000 2495.9424   22.9668
    7.5000   -7.5000  -22.5000 2458.3445   23.2709
   -7.5000    0.0000  -22.5000 2466.8765   23.8897
    0.0000    0.0000  -22.5000 2472.2185   23.5824
    7.5000    0.0000  -22.5000 2438.1521   23.8951
   -7.5000    7.5000  -22.5000 2418.1643   24.9131
    0.0000    7.5000  -22.5000 2428.5564   24.5898
    7.5000    7.5000  -22.5000 2390.7397   24.9412
   -7.5000   15.0000  -22.5000 2345.8896   26.3363
    0.0000   15.0000  -22.5000 2357.9692   25.9885
    7.5000   15.0000  -22.5000 2324.6174   26.4167
   -7.5000   22.5000  -22.5000 2257.9836   28.3331
    0.0000   22.5000  -22.5000 2271.2202   28.0228
    7.5000   22.5000  -22.5000 2242.6863   28.5453
   -7.5000   30.0000  -22.5000 2155.2383   31.0747
    0.0000   30.0000  -22.5000 2165.7705   30.7086
    7.5000   30.0000  -22.5000 2138.2485   31.3978
   -7.5000   37.5000  -22.5000 2029.8425   34.7801
    0.0000   37.5000  -22.5000 2045.8837   34.3666
    7.5000   37.5000  -22.5000 2012.1121   35.0942
   -7.5000   45.0000  -22.5000 1896.2727   39.7461
    0.0000   45.0000  -22.5000 1906.8682   39.2972
    7.5000   45.0000  -22.5000 1876.8588   40.1215
   -7.5000  -45.0000  -15.0000 2230.8962   26.3275
    0.0000  -45.0000  -15.0000 2229.3628   26.1337
    7.5000  -45.0000  -15.0000 2208.9280   26.8306
   -7.5000  -37.5000  -15.0000 2348.4270   24.1482
    0.0000  -37.5000  -15.0000 2341.7859   23.9739
    7.5000  -37.5000  -15.0000 2316.6707   24.5732
   -7.5000  -30.0000  -15.0000 2465.5283   22.5994
    0.0000  -30.0000  -15.0000 2459.5930   22.4602
    7.5000  -30.0000  -15.0000 2432.6846   22.8902
   -7.5000  -22.5000  -15.0000 2535.6497   21.7806
    0.0000  -22.5000  -15.0000 2542.0090   21.6476
    7.5000  -22.5000  -15.0000 2504.2229   21.9468
   -7.5000  -15.0000  -15.0000 2568.6885   21.3888
    0.0000  -15.0000  -15.0000 2589.6340   21.2705
    7.5000  -15.0000  -15.0000 2551.4028   21.5549
   -7.5000   -7.5000  -15.0000 2593.4648   21.6496
    0.0000   -7.5000  -15.0000 2606.5325   21.4397
    7.5000   -7.5000  -15.0000 2566.6101   21.7636
   -7.5000    0.0000  -15.0000 2573.2388   22.2748
    0.0000    0.0000  -15.0000 2589.8181   22.0981
    7.5000    0.0000  -15.0000 2548.8638   22.3586
   -7.5000    7.5000  -15.0000 2523.4514   23.3378
    0.0000    7.5000  -15.0000 2540.8462   23.0889
    7.5000    7.5000  -15.0000 2499.9199   23.3465
   -7.5000   15.0000  -15.0000 2449.7014   24.8485
    0.0000   15.0000  -15.0000 2465.9302   24.5533
    7.5000   15.0000  -15.0000 2428.0222   24.8874
   -7.5000   22.5000  -15.0000 2352.0498   26.7104
    0.0000   22.5000  -15.0000 2369.7456   26.4434
    7.5000   22.5000  -15.0000 2333.6682   26.8598
   -7.5000   30.0000  -15.0000 2239.5049   29.3162
    0.0000   30.0000  -15.0000 2255.9788   28.9882
    7.5000   30.0000  -15.0000 2219.6699   29.5271
   -7.5000   37.5000  -15.0000 2098.3909   32.7271
    0.0000   37.5000  -15.0000 2118.3550   32.3967
    7.5000   37.5000  -15.0000 2089.2983   33.1028
   -7.5000   45.0000  -15.0000 1952.1251   37.4407
    0.0000   45.0000  -15.0000 1969.4957   37.0106
    7.5000   45.0000  -15.0000 1942.8046   37.7562
   -7.5000  -45.0000   -7.5000 2278.9258   24.8209
    0.0000  -45.0000   -7.5000 2283.1663   24.6442
    7.5000  -45.0000   -7.5000 2263.9795   25.4318
   -7.5000  -37.5000   -7.5000 2405.8335   22.6978
    0.0000  -37.5000   -7.5000 2401.9797   22.5092
    7.5000  -37.5000   -7.5000 2380.0422   23.2253
   -7.5000  -30.0000   -7.5000 2527.1865   21.1709
    0.0000  -30.0000   -7.5000 2526.4270   20.9959
    7.5000  -30.0000   -7.5000 2507.8462   21.5783
   -7.5000  -22.5000   -7.5000 2612.1824   20.3086
    0.0000  -22.5000   -7.5000 2618.2305   20.1657
    7.5000  -22.5000   -7.5000 2592.5413   20.5680
   -7.5000  -15.0000   -7.5000 2652.9712   19.9825
    0.0000  -15.0000   -7.5000 2678.7405   19.8619
    7.5000  -15.0000   -7.5000 2634.8821   20.1477
   -7.5000   -7.5000   -7.5000 2677.6633   20.2437
    0.0000   -7.5000   -7.5000 2703.7910   20.0649
    7.5000   -7.5000   -7.5000 2658.1152   20.3806
   -7.5000    0.0000   -7.5000 2665.1038   20.8517
    0.0000    0.0000   -7.5000 2688.8760   20.6667
    7.5000    0.0000   -7.5000 2645.2197   20.9436
   -7.5000    7.5000   -7.5000 2620.8665   21.8626
    0.0000    7.5000   -7.5000 2641.3367   21.6689
    7.5000    7.5000   -7.5000 2592.2224   21.8634
   -7.5000   15.0000   -7.5000 2535.7576   23.3796
    0.0000   15.0000   -7.5000 2555.2590   23.1787
    7.5000   15.0000   -7.5000 2511.3398   23.3872
   -7.5000   22.5000   -7.5000 2428.2444   25.2477
    0.0000   22.5000   -7.5000 2451.7422   25.0483
    7.5000   22.5000   -7.5000 2410.2056   25.3564
   -7.5000   30.0000   -7.5000 2298.5676   27.7895
    0.0000   30.0000   -7.5000 2321.2947   27.5186
    7.5000   30.0000   -7.5000 2286.6040   27.9390
   -7.5000   37.5000   -7.5000 2153.5237   31.1304
    0.0000   37.5000   -7.5000 2172.6597   30.8553
    7.5000   37.5000   -7.5000 2145.1663   31.4324
   -7.5000   45.0000   -7.5000 1999.2932   35.5102
    0.0000   45.0000   -7.5000 2019.1296   35.1339
    7.5000   45.0000   -7.5000 1995.5420   35.7859
   -7.5000  -45.0000    0.0000 2318.6392   23.8143
    0.0000  -45.0000    0.0000 2316.1665   23.5111
    7.5000  -45.0000    0.0000 2298.9780   24.3040
   -7.5000  -37.5000    0.0000 2437.5945   21.6950
    0.0000  -37.5000    0.0000 2435.8704   21.3764
    7.5000  -37.5000    0.0000 2423.8887   22.2117
   -7.5000  -30.0000    0.0000 2565.3447   20.1449
    0.0000  -30.0000    0.0000 2566.7639   19.8869
    7.5000  -30.0000    0.0000 2556.3821   20.5923
   -7.5000  -22.5000    0.0000 2671.6775   19.2368
    0.0000  -22.5000    0.0000 2679.7068   18.9545
    7.5000  -22.5000    0.0000 2651.2031   19.5449
   -7.5000  -15.0000    0.0000 2732.4331   18.9064
    0.0000  -15.0000    0.0000 2752.2073   18.6601
    7.5000  -15.0000    0.0000 2705.6250   19.1000
   -7.5000   -7.5000    0.0000 2759.9590   19.1617
    0.0000   -7.5000    0.0000 2790.7463   18.9176
    7.5000   -7.5000    0.0000 2737.8438   19.2701
   -7.5000    0.0000    0.0000 2749.8872   19.7243
    0.0000    0.0000    0.0000 2774.8171   19.5252
    7.5000    0.0000    0.0000 2717.5916   19.8124
   -7.5000    7.5000    0.0000 2692.0791   20.6414
    0.0000    7.5000    0.0000 2716.4277   20.4484
    7.5000    7.5000    0.0000 2667.0630   20.6859
   -7.5000   15.0000    0.0000 2594.7363   22.1205
    0.0000   15.0000    0.0000 2625.3679   21.9330
    7.5000   15.0000    0.0000 2582.1467   22.1602
   -7.5000   22.5000    0.0000 2483.2722   24.0937
    0.0000   22.5000    0.0000 2504.0852   23.8776
    7.5000   22.5000    0.0000 2468.5906   24.1955
   -7.5000   30.0000    0.0000 2349.2837   26.6633
    0.0000   30.0000    0.0000 2364.4001   26.4744
    7.5000   30.0000    0.0000 2332.2874   26.9612
   -7.5000   37.5000    0.0000 2197.1641   29.9627
    0.0000   37.5000    0.0000 2212.3147   29.7387
    7.5000   37.5000    0.0000 2189.0056   30.3414
   -7.5000   45.0000    0.0000 2028.8950   34.0380
    0.0000   45.0000    0.0000 2048.4771   33.7072
    7.5000   45.0000    0.0000 2025.5601   34.3822
   -7.5000  -45.0000    7.5000 2347.4058   23.0822
    0.0000  -45.0000    7.5000 2350.1787   22.7793
    7.5000  -45.0000    7.5000 2325.5723   23.5385
   -7.5000  -37.5000    7.5000 2460.8984   21.0290
    0.0000  -37.5000    7.5000 2465.5442   20.7233
    7.5000  -37.5000    7.5000 2446.1846   21.4802
   -7.5000  -30.0000    7.5000 2590.0186   19.5150
    0.0000  -30.0000    7.5000 2593.8633   19.1962
    7.5000  -30.0000    7.5000 2576.1438   19.8730
   -7.5000  -22.5000    7.5000 2708.9072   18.4939
    0.0000  -22.5000    7.5000 2723.4182   18.1676
    7.5000  -22.5000    7.5000 2690.5242   18.8350
   -7.5000  -15.0000    7.5000 2796.9309   17.9952
    0.0000  -15.0000    7.5000 2813.4448   17.6810
    7.5000  -15.0000    7.5000 2762.1729   18.3023
   -7.5000   -7.5000    7.5000 2830.4004   18.2241
    0.0000   -7.5000    7.5000 2864.4783   17.9922
    7.5000   -7.5000    7.5000 2802.1829   18.4220
   -7.5000    0.0000    7.5000 2815.5845   18.7730
    0.0000    0.0000    7.5000 2842.5759   18.6249
    7.5000    0.0000    7.5000 2781.2988   18.9463
   -7.5000    7.5000    7.5000 2749.7192   19.7432
    0.0000    7.5000    7.5000 2776.5627   19.5211
    7.5000    7.5000    7.5000 2734.0842   19.8511
   -7.5000   15.0000    7.5000 2645.6226   21.2615
    0.0000   15.0000    7.5000 2675.9844   21.0660
    7.5000   15.0000    7.5000 2647.6885   21.4776
   -7.5000   22.5000    7.5000 2524.1545   23.2639
    0.0000   22.5000    7.5000 2546.4124   23.0662
    7.5000   22.5000    7.5000 2518.5962   23.6051
   -7.5000   30.0000    7.5000 2381.8093   25.8250
    0.0000   30.0000    7.5000 2399.1833   25.7059
    7.5000   30.0000    7.5000 2377.8203   26.2957
   -7.5000   37.5000    7.5000 2230.1094   29.1544
    0.0000   37.5000    7.5000 2239.5002   28.9747
    7.5000   37.5000    7.5000 2218.1440   29.6101
   -7.5000   45.0000    7.5000 2052.6296   33.2490
    0.0000   45.0000    7.5000 2069.1216   32.9639
    7.5000   45.0000    7.5000 2045.7905   33.7073
   -7.5000  -45.0000   15.0000 2349.5410   22.7287
    0.0000  -45.0000   15.0000 2366.8582   22.4602
    7.5000  -45.0000   15.0000 2330.8706   23.1830
   -7.5000  -37.5000   15.0000 2470.7805   20.7561
    0.0000  -37.5000   15.0000 2484.8687   20.4481
    7.5000  -37.5000   15.0000 2449.3423   21.0917
   -7.5000  -30.0000   15.0000 2594.1323   19.1414
    0.0000  -30.0000   15.0000 2605.2632   18.7900
    7.5000  -30.0000   15.0000 2572.8892   19.4611
   -7.5000  -22.5000   15.0000 2707.7222   18.0766
    0.0000  -22.5000   15.0000 2728.2158   17.7379
    7.5000  -22.5000   15.0000 2701.0754   18.3523
   -7.5000  -15.0000   15.0000 2812.4841   17.5258
    0.0000  -15.0000   15.0000 2835.1328   17.1379
    7.5000  -15.0000   15.0000 2792.1599   17.7912
   -7.5000   -7.5000   15.0000 2865.5457   17.5498
    0.0000   -7.5000   15.0000 2892.9470   17.1755
    7.5000   -7.5000   15.0000 2849.5737   17.8940
   -7.5000    0.0000   15.0000 2846.3123   18.2186
    0.0000    0.0000   15.0000 2880.3123   17.9276
    7.5000    0.0000   15.0000 2835.4221   18.5392
   -7.5000    7.5000   15.0000 2785.1987   19.3793
    0.0000    7.5000   15.0000 2817.7461   19.1400
    7.5000    7.5000   15.0000 2784.2632   19.6625
   -7.5000   15.0000   15.0000 2678.4543   20.8395
    0.0000   15.0000   15.0000 2706.6174   20.6664
    7.5000   15.0000   15.0000 2670.0239   21.1517
   -7.5000   22.5000   15.0000 2544.8091   22.8165
    0.0000   22.5000   15.0000 2568.6689   22.6563
    7.5000   22.5000   15.0000 2539.1697   23.1373
   -7.5000   30.0000   15.0000 2396.3748   25.4187
    0.0000   30.0000   15.0000 2417.1060   25.2358
    7.5000   30.0000   15.0000 2388.7820   25.7520
   -7.5000   37.5000   15.0000 2236.2795   28.8042
    0.0000   37.5000   15.0000 2253.3247   28.5858
    7.5000   37.5000   15.0000 2228.8506   29.1057
   -7.5000   45.0000   15.0000 2059.9880   32.9124
    0.0000   45.0000   15.0000 2080.5215   32.6394
    7.5000   45.0000   15.0000 2057.8687   33.2614
   -7.5000  -45.0000   22.5000 2353.2058   22.7546
    0.0000  -45.0000   22.5000 2377.6567   22.4967
    7.5000  -45.0000   22.5000 2336.5515   23.0974
   -7.5000  -37.5000   22.5000 2471.4939   20.7838
    0.0000  -37.5000   22.5000 2495.5852   20.4472
    7.5000  -37.5000   22.5000 2454.7329   21.0312
   -7.5000  -30.0000   22.5000 2582.6936   19.1841
    0.0000  -30.0000   22.5000 2609.1311   18.8389
    7.5000  -30.0000   22.5000 2575.6289   19.4389
   -7.5000  -22.5000   22.5000 2687.7488   18.0440
    0.0000  -22.5000   22.5000 2717.4978   17.7418
    7.5000  -22.5000   22.5000 2699.5537   18.3539
   -7.5000  -15.0000   22.5000 2792.3340   17.4625
    0.0000  -15.0000   22.5000 2811.9167   17.0194
    7.5000  -15.0000   22.5000 2789.4299   17.6749
   -7.5000   -7.5000   22.5000 2850.1316   17.5917
    0.0000   -7.5000   22.5000 2873.1489   17.1198
    7.5000   -7.5000   22.5000 2849.1267   17.7553
   -7.5000    0.0000   22.5000 2846.1074   18.2660
    0.0000    0.0000   22.5000 2879.4219   17.9398
    7.5000    0.0000   22.5000 2840.4883   18.4600
   -7.5000    7.5000   22.5000 2793.7664   19.4204
    0.0000    7.5000   22.5000 2819.6050   19.1831
    7.5000    7.5000   22.5000 2779.3708   19.6244
   -7.5000   15.0000   22.5000 2683.6348   20.8688
    0.0000   15.0000   22.5000 2704.6692   20.6797
    7.5000   15.0000   22.5000 2670.5024   21.0988
   -7.5000   22.5000   22.5000 2540.3337   22.8540
    0.0000   22.5000   22.5000 2569.3875   22.6325
    7.5000   22.5000   22.5000 2539.8555   23.1329
   -7.5000   30.0000   22.5000 2392.6917   25.2929
    0.0000   30.0000   22.5000 2420.7742   25.0554
    7.5000   30.0000   22.5000 2394.3625   25.6612
   -7.5000   37.5000   22.5000 2231.8394   28.5723
    0.0000   37.5000   22.5000 2258.3882   28.3111
    7.5000   37.5000   22.5000 2235.1860   28.8888
   -7.5000   45.0000   22.5000 2056.9880   32.6701
    0.0000   45.0000   22.5000 2080.3352   32.3559
    7.5000   45.0000   22.5000 2056.1523   33.0493
   -7.5000  -45.0000   30.0000 2343.6008   23.2233
    0.0000  -45.0000   30.0000 2376.6423   22.8818
    7.5000  -45.0000   30.0000 2335.4246   23.3868
   -7.5000  -37.5000   30.0000 2453.1169   21.2456
    0.0000  -37.5000   30.0000 2489.8704   20.8792
    7.5000  -37.5000   30.0000 2451.1702   21.3729
   -7.5000  -30.0000   30.0000 2558.6135   19.6364
    0.0000  -30.0000   30.0000 2600.2812   19.3681
    7.5000  -30.0000   30.0000 2569.1992   19.9056
   -7.5000  -22.5000   30.0000 2663.5481   18.5791
    0.0000  -22.5000   30.0000 2703.7212   18.2795
    7.5000  -22.5000   30.0000 2676.4670   18.7904
   -7.5000  -15.0000   30.0000 2760.2744   18.0233
    0.0000  -15.0000   30.0000 2782.1851   17.6188
    7.5000  -15.0000   30.0000 2757.5295   18.1786
   -7.5000   -7.5000   30.0000 2793.3586   18.1267
    0.0000   -7.5000   30.0000 2829.2300   17.7036
    7.5000   -7.5000   30.0000 2811.1218   18.2443
   -7.5000    0.0000   30.0000 2784.3584   18.7259
    0.0000    0.0000   30.0000 2812.8420   18.2939
    7.5000    0.0000   30.0000 2794.4934   18.8904
   -7.5000    7.5000   30.0000 2740.6152   19.8976
    0.0000    7.5000   30.0000 2763.6907   19.5637
    7.5000    7.5000   30.0000 2738.6167   19.9914
   -7.5000   15.0000   30.0000 2641.1528   21.4347
    0.0000   15.0000   30.0000 2663.8979   21.1590
    7.5000   15.0000   30.0000 2640.8301   21.5510
   -7.5000   22.5000   30.0000 2509.6094   23.2882
    0.0000   22.5000   30.0000 2538.3149   23.0415
    7.5000   22.5000   30.0000 2512.8259   23.5283
   -7.5000   30.0000   30.0000 2366.1235   25.6150
    0.0000   30.0000   30.0000 2399.0156   25.3451
    7.5000   30.0000   30.0000 2374.3958   25.9085
   -7.5000   37.5000   30.0000 2209.7285   28.7499
    0.0000   37.5000   30.0000 2235.0889   28.2906
    7.5000   37.5000   30.0000 2219.7771   28.9452
   -7.5000   45.0000   30.0000 2039.3311   32.7929
    0.0000   45.0000   30.0000 2058.6697   32.3005
    7.5000   45.0000   30.0000 2043.3218   32.9508
   -7.5000  -45.0000   37.5000 2319.5303   24.1781
    0.0000  -45.0000   37.5000 2353.7952   23.7589
    7.5000  -45.0000   37.5000 2322.3276   24.2908
   -7.5000  -37.5000   37.5000 2429.8647   22.1657
    0.0000  -37.5000   37.5000 2465.9336   21.8392
    7.5000  -37.5000   37.5000 2435.4417   22.2959
   -7.5000  -30.0000   37.5000 2532.4846   20.6790
    0.0000  -30.0000   37.5000 2575.7886   20.4033
    7.5000  -30.0000   37.5000 2543.5264   20.7720
   -7.5000  -22.5000   37.5000 2627.2883   19.5725
    0.0000  -22.5000   37.5000 2668.9312   19.2211
    7.5000  -22.5000   37.5000 2640.9661   19.6289
   -7.5000  -15.0000   37.5000 2702.4536   18.9079
    0.0000  -15.0000   37.5000 2733.7517   18.6138
    7.5000  -15.0000   37.5000 2705.8142   18.9986
   -7.5000   -7.5000   37.5000 2730.5181   18.9849
    0.0000   -7.5000   37.5000 2761.7107   18.6637
    7.5000   -7.5000   37.5000 2741.3813   19.0939
   -7.5000    0.0000   37.5000 2702.6675   19.5394
    0.0000    0.0000   37.5000 2729.1721   19.2243
    7.5000    0.0000   37.5000 2717.6157   19.6739
   -7.5000    7.5000   37.5000 2654.7273   20.6015
    0.0000    7.5000   37.5000 2678.3823   20.3044
    7.5000    7.5000   37.5000 2674.2637   20.7275
   -7.5000   15.0000   37.5000 2566.6582   22.2084
    0.0000   15.0000   37.5000 2595.3440   21.9502
    7.5000   15.0000   37.5000 2581.3938   22.2704
   -7.5000   22.5000   37.5000 2456.6890   24.1877
    0.0000   22.5000   37.5000 2485.5444   23.9538
    7.5000   22.5000   37.5000 2463.4207   24.3038
   -7.5000   30.0000   37.5000 2320.1553   26.5078
    0.0000   30.0000   37.5000 2350.0090   26.1869
    7.5000   30.0000   37.5000 2329.8335   26.6614
   -7.5000   37.5000   37.5000 2174.9326   29.4628
    0.0000   37.5000   37.5000 2198.1836   29.0608
    7.5000   37.5000   37.5000 2184.8110   29.5556
   -7.5000   45.0000   37.5000 2009.7538   33.4077
    0.0000   45.0000   37.5000 2027.5684   32.8627
    7.5000   45.0000   37.5000 2019.9875   33.4746
   -7.5000  -45.0000   45.0000 2277.6587   25.5203
    0.0000  -45.0000   45.0000 2309.4839   25.1747
    7.5000  -45.0000   45.0000 2292.0142   25.5276
   -7.5000  -37.5000   45.0000 2383.6384   23.4326
    0.0000  -37.5000   45.0000 2415.5198   23.1463
    7.5000  -37.5000   45.0000 2395.5769   23.4873
   -7.5000  -30.0000   45.0000 2478.3320   21.8528
    0.0000  -30.0000   45.0000 2518.6743   21.5891
    7.5000  -30.0000   45.0000 2495.1165   21.9006
   -7.5000  -22.5000   45.0000 2565.3499   20.6543
    0.0000  -22.5000   45.0000 2605.7583   20.4015
    7.5000  -22.5000   45.0000 2577.5481   20.7119
   -7.5000  -15.0000   45.0000 2626.9302   20.0540
    0.0000  -15.0000   45.0000 2659.9294   19.8570
    7.5000  -15.0000   45.0000 2631.8948   20.1223
   -7.5000   -7.5000   45.0000 2645.4604   20.1292
    0.0000   -7.5000   45.0000 2676.7097   19.9180
    7.5000   -7.5000   45.0000 2655.1919   20.2099
   -7.5000    0.0000   45.0000 2611.3557   20.6366
    0.0000    0.0000   45.0000 2636.3350   20.4120
    7.5000    0.0000   45.0000 2625.3193   20.7521
   -7.5000    7.5000   45.0000 2563.7966   21.6491
    0.0000    7.5000   45.0000 2588.3933   21.4293
    7.5000    7.5000   45.0000 2575.8948   21.7369
   -7.5000   15.0000   45.0000 2484.8584   23.1920
    0.0000   15.0000   45.0000 2514.4973   23.0292
    7.5000   15.0000   45.0000 2496.4556   23.3332
   -7.5000   22.5000   45.0000 2385.9512   25.1665
    0.0000   22.5000   45.0000 2412.3940   25.0023
    7.5000   22.5000   45.0000 2396.0366   25.3806
   -7.5000   30.0000   45.0000 2264.1975   27.6488
    0.0000   30.0000   45.0000 2284.8669   27.3554
    7.5000   30.0000   45.0000 2266.9216   27.7593
   -7.5000   37.5000   45.0000 2124.6252   30.5119
    0.0000   37.5000   45.0000 2148.1616   30.2408
    7.5000   37.5000   45.0000 2127.2349   30.6819
   -7.5000   45.0000   45.0000 1965.0060   34.4920
    0.0000   45.0000   45.0000 1981.6290   34.1042
    7.5000   45.0000   45.0000 1972.9249   34.5409

---------------------------------------------------------------------
imgreg_4dfp /opt/freesurfer/average/711-2C_as_mni_average_305 /opt/freesurfer/average/711-2B_as_mni_average_305_mask talsrcimg_g11 none talsrcimg_to_711-2C_as_mni_average_305_t4 1283
---------------------------------------------------------------------

freesurfer imgreg_4dfp.c
/opt/freesurfer/average/711-2C_as_mni_average_305.4dfp.img
       256       256       256         1
  1.000000  1.000000  1.000000
orientation T byte_order littleendian
Reading image: /opt/freesurfer/average/711-2C_as_mni_average_305.4dfp.img
dimensions:      256       256       256
mmppix:       1.0000   -1.0000   -1.0000
center:     128.0000 -129.0000 -129.0000
/opt/freesurfer/average/711-2B_as_mni_average_305_mask.4dfp.img
       256       256       256         1
  1.000000  1.000000  1.000000
orientation T byte_order littleendian
Reading mask: /opt/freesurfer/average/711-2B_as_mni_average_305_mask.4dfp.img (2306576 pixels)
talsrcimg_g11.4dfp.img
       256       256       256         1
  1.000000  1.000000  1.000000
orientation T byte_order littleendian
Reading image: talsrcimg_g11.4dfp.img
dimensions:      256       256       256
mmppix:       1.0000   -1.0000   -1.0000
center:     128.0000 -129.0000 -129.0000
rotation matrix determinant  1.000000
fimgreg.f
image alignment mode   1283 decimal      503 hex
parameters
    0.0000   -7.5000   15.0000    0.0000    0.0000    0.0000
eta,q 0.90672 17.13779
niter,ni,del,rscale     5    3   12.0000    1.2000
parameter  4 -1.469998 -> -0.500000 qaram    1.1500
parameter  5  1.143248 ->  0.500000 qaram    1.1500
parameters
    2.8967   -5.5336   17.1927    3.4500   -3.4500   -1.3826
eta,q 0.92077 17.17558
  0.1081  0.1075  0.1017  0.0933  0.0805  0.0861
  0.1068  0.0994  0.0979  0.0901  0.0796  0.0824
  0.1048  0.0930  0.0917  0.0891  0.0817  0.0795
  0.0994  0.0881  0.0878  0.0892  0.0855  0.0798
  0.0894  0.0878  0.0893  0.0883  0.0886  0.0835
  0.0912  0.0901  0.0906  0.0849  0.0935  0.0893
  0.1016  0.0925  0.0908  0.0866  0.0976  0.0951
niter,ni,del,rscale     6    3   12.0000    1.2000
parameters
    1.6801   -3.6745   17.6770    3.1791   -5.3999   -1.3131
eta,q 0.92117 17.37449
  0.0903  0.0978  0.0916  0.0914  0.0839  0.0871
  0.0871  0.0946  0.0894  0.0869  0.0810  0.0837
  0.0830  0.0887  0.0830  0.0820  0.0792  0.0809
  0.0792  0.0808  0.0783  0.0781  0.0781  0.0789
  0.0844  0.0784  0.0798  0.0811  0.0824  0.0785
  0.0947  0.0819  0.0848  0.0870  0.0902  0.0819
  0.1081  0.0881  0.0900  0.0950  0.0959  0.0884
niter,ni,del,rscale     5    3   12.0000    1.2000
parameters
    1.8100   -3.6751   17.8443    2.8768   -5.4643   -1.3783
eta,q 0.92151 17.38628
  0.0933  0.0946  0.0891  0.0919  0.0892  0.0871
  0.0843  0.0887  0.0863  0.0865  0.0833  0.0835
  0.0818  0.0807  0.0819  0.0815  0.0804  0.0805
  0.0788  0.0785  0.0785  0.0785  0.0784  0.0784
  0.0766  0.0827  0.0798  0.0821  0.0783  0.0784
  0.0835  0.0879  0.0842  0.0877  0.0835  0.0825
  0.0935  0.0945  0.0895  0.0947  0.0905  0.0891
niter,ni,del,rscale     4    3   12.0000    1.2000
parameters
    1.7791   -3.6740   17.8605    2.8172   -5.5004   -1.3733
eta,q 0.92142 17.38893
  0.0925  0.0942  0.0886  0.0929  0.0895  0.0874
  0.0837  0.0885  0.0857  0.0871  0.0835  0.0837
  0.0813  0.0809  0.0815  0.0823  0.0805  0.0806
  0.0785  0.0786  0.0786  0.0786  0.0786  0.0786
  0.0768  0.0827  0.0801  0.0817  0.0785  0.0785
  0.0842  0.0878  0.0846  0.0871  0.0835  0.0823
  0.0942  0.0941  0.0896  0.0938  0.0905  0.0889
registration optimization eta report
parameter search radius
    6.0000    6.0000    6.0000    6.9000    6.9000    6.0000
100000*second partial in parameter space
       43.       41.       27.       29.       25.       27.
  0.0925  0.0942  0.0886  0.0929  0.0895  0.0874
  0.0837  0.0885  0.0857  0.0871  0.0835  0.0837
  0.0813  0.0809  0.0815  0.0823  0.0805  0.0806
  0.0785  0.0786  0.0786  0.0786  0.0786  0.0786
  0.0768  0.0827  0.0801  0.0817  0.0785  0.0785
  0.0842  0.0878  0.0846  0.0871  0.0835  0.0823
  0.0942  0.0941  0.0896  0.0938  0.0905  0.0889
    1.7791   -3.6740   17.8605    2.8172   -5.5004   -1.3733
eta,q 0.92142 17.38893

---------------------------------------------------------------------
imgreg_4dfp /opt/freesurfer/average/711-2C_as_mni_average_305 /opt/freesurfer/average/711-2B_as_mni_average_305_mask talsrcimg_g11 none talsrcimg_to_711-2C_as_mni_average_305_t4 3335
---------------------------------------------------------------------

freesurfer imgreg_4dfp.c
/opt/freesurfer/average/711-2C_as_mni_average_305.4dfp.img
       256       256       256         1
  1.000000  1.000000  1.000000
orientation T byte_order littleendian
Reading image: /opt/freesurfer/average/711-2C_as_mni_average_305.4dfp.img
dimensions:      256       256       256
mmppix:       1.0000   -1.0000   -1.0000
center:     128.0000 -129.0000 -129.0000
/opt/freesurfer/average/711-2B_as_mni_average_305_mask.4dfp.img
       256       256       256         1
  1.000000  1.000000  1.000000
orientation T byte_order littleendian
Reading mask: /opt/freesurfer/average/711-2B_as_mni_average_305_mask.4dfp.img (2306576 pixels)
talsrcimg_g11.4dfp.img
       256       256       256         1
  1.000000  1.000000  1.000000
orientation T byte_order littleendian
Reading image: talsrcimg_g11.4dfp.img
dimensions:      256       256       256
mmppix:       1.0000   -1.0000   -1.0000
center:     128.0000 -129.0000 -129.0000
fimgreg.f
image alignment mode   3335 decimal      D07 hex
parameters
    1.7791   -3.6740   17.8605   -0.4890   -0.1608   -0.5807
    2.8648    9.4531   -2.3857   -5.1430   -9.5853    4.8923
eta,q 0.91799 17.30211
niter,ni,del,rscale     5    3    5.0000    1.2000
parameter  4155.484512 ->  0.500000 qaram    1.1500
parameter  5  4.070894 ->  0.500000 qaram    1.1500
parameter  6  2.381588 ->  0.500000 qaram    1.1500
parameter 12  0.707174 ->  0.500000 qaram    1.1500
parameters
    0.6386   -3.7023   17.5307   -4.6290   -4.3008   -4.7207
    3.3823    9.6349   -3.4563   -5.5141   -8.0017    0.7523
eta,q 0.94452 16.42448
  0.0821  0.0838  0.0823  0.0637  0.0570  0.0542  0.0592  0.0606  0.0578  0.0599  0.0591  0.0557
  0.0816  0.0827  0.0819  0.0696  0.0617  0.0559  0.0578  0.0584  0.0569  0.0578  0.0578  0.0555
  0.0817  0.0819  0.0817  0.0756  0.0665  0.0586  0.0569  0.0569  0.0565  0.0567  0.0569  0.0557
  0.0820  0.0816  0.0816  0.0816  0.0712  0.0630  0.0565  0.0565  0.0565  0.0564  0.0564  0.0564
  0.0826  0.0819  0.0817  0.0878  0.0770  0.0680  0.0566  0.0570  0.0569  0.0568  0.0564  0.0575
  0.0833  0.0828  0.0822  0.0938  0.0836  0.0728  0.0573  0.0581  0.0577  0.0582  0.0568  0.0589
  0.0845  0.0839  0.0829  0.0997  0.0899  0.0770  0.0585  0.0602  0.0588  0.0610  0.0574  0.0607
niter,ni,del,rscale     7    3    5.0000    1.2000
parameter  4  3.423663 ->  0.500000 qaram    1.3225
parameter  5  1.994938 ->  0.500000 qaram    1.3225
parameter  6  0.551994 ->  0.500000 qaram    1.3225
parameters
    0.5419   -4.2195   17.4490   -9.3900   -9.0618   -9.4817
    4.2668    9.6366   -3.7415   -5.9435   -9.1377   -0.6687
eta,q 0.96499 15.83268
  0.0581  0.0566  0.0572  0.0391  0.0334  0.0357  0.0405  0.0415  0.0379  0.0391  0.0366  0.0369
  0.0566  0.0557  0.0562  0.0431  0.0360  0.0353  0.0380  0.0383  0.0364  0.0370  0.0356  0.0357
  0.0557  0.0553  0.0555  0.0485  0.0398  0.0357  0.0363  0.0359  0.0355  0.0355  0.0351  0.0351
  0.0555  0.0555  0.0553  0.0553  0.0444  0.0370  0.0353  0.0352  0.0352  0.0352  0.0351  0.0351
  0.0559  0.0560  0.0556  0.0626  0.0495  0.0395  0.0353  0.0360  0.0356  0.0361  0.0356  0.0357
  0.0569  0.0569  0.0563  0.0700  0.0554  0.0444  0.0365  0.0382  0.0367  0.0378  0.0365  0.0370
  0.0585  0.0583  0.0575  0.0772  0.0626  0.0517  0.0386  0.0415  0.0383  0.0400  0.0378  0.0388
niter,ni,del,rscale     7    3    5.0000    1.2000
parameter  4  0.691206 ->  0.500000 qaram    1.5209
parameter  5  0.741731 ->  0.500000 qaram    1.5209
parameters
    0.5744   -4.5329   17.6320  -14.8652  -14.5370   -5.9119
    4.2615   10.2808   -3.9843   -4.3332  -10.6083   -1.3748
eta,q 0.97329 15.69904
  0.0399  0.0374  0.0374  0.0319  0.0283  0.0328  0.0316  0.0354  0.0298  0.0324  0.0281  0.0290
  0.0372  0.0360  0.0361  0.0308  0.0278  0.0307  0.0293  0.0317  0.0283  0.0299  0.0272  0.0276
  0.0356  0.0351  0.0353  0.0314  0.0287  0.0290  0.0278  0.0288  0.0273  0.0281  0.0268  0.0268
  0.0350  0.0350  0.0350  0.0350  0.0308  0.0280  0.0272  0.0272  0.0271  0.0271  0.0269  0.0267
  0.0355  0.0357  0.0351  0.0409  0.0343  0.0273  0.0277  0.0275  0.0275  0.0269  0.0274  0.0272
  0.0371  0.0371  0.0357  0.0484  0.0387  0.0269  0.0293  0.0297  0.0286  0.0276  0.0283  0.0283
  0.0396  0.0391  0.0367  0.0567  0.0442  0.0289  0.0317  0.0332  0.0302  0.0292  0.0296  0.0299
niter,ni,del,rscale     7    3    5.0000    1.2000
parameters
    0.6880   -4.9188   18.4052  -16.5516  -16.9400   -6.0585
    4.2560   10.7319   -3.6947   -3.9569  -11.5700    0.4131
eta,q 0.97343 15.52864
  0.0324  0.0290  0.0298  0.0332  0.0310  0.0304  0.0303  0.0330  0.0292  0.0301  0.0277  0.0295
  0.0294  0.0274  0.0283  0.0302  0.0286  0.0287  0.0285  0.0299  0.0279  0.0282  0.0270  0.0282
  0.0275  0.0267  0.0272  0.0279  0.0271  0.0276  0.0273  0.0278  0.0271  0.0272  0.0267  0.0272
  0.0267  0.0267  0.0266  0.0264  0.0268  0.0268  0.0268  0.0268  0.0267  0.0267  0.0267  0.0267
  0.0272  0.0275  0.0264  0.0281  0.0289  0.0259  0.0272  0.0269  0.0270  0.0270  0.0270  0.0266
  0.0288  0.0290  0.0266  0.0334  0.0327  0.0266  0.0284  0.0286  0.0277  0.0278  0.0276  0.0270
  0.0314  0.0309  0.0273  0.0411  0.0378  0.0328  0.0304  0.0320  0.0289  0.0295  0.0284  0.0279
niter,ni,del,rscale     6    3    5.0000    1.2000
parameters
    0.8349   -5.1063   18.9566  -16.5900  -17.5524   -5.9787
    4.2733   10.9994   -3.5155   -4.2811  -11.6730    1.4743
eta,q 0.97355 15.49379
  0.0315  0.0291  0.0290  0.0342  0.0325  0.0305  0.0301  0.0326  0.0289  0.0293  0.0279  0.0289
  0.0289  0.0276  0.0278  0.0311  0.0296  0.0288  0.0282  0.0295  0.0276  0.0277  0.0271  0.0277
  0.0272  0.0267  0.0270  0.0285  0.0276  0.0276  0.0270  0.0275  0.0268  0.0267  0.0266  0.0269
  0.0266  0.0266  0.0265  0.0264  0.0264  0.0266  0.0265  0.0265  0.0265  0.0265  0.0265  0.0265
  0.0269  0.0271  0.0264  0.0263  0.0272  0.0257  0.0269  0.0268  0.0268  0.0269  0.0267  0.0265
  0.0282  0.0283  0.0268  0.0298  0.0303  0.0265  0.0281  0.0287  0.0275  0.0280  0.0272  0.0270
  0.0304  0.0299  0.0275  0.0360  0.0347  0.0324  0.0301  0.0321  0.0287  0.0299  0.0279  0.0280
niter,ni,del,rscale     5    3    5.0000    1.2000
parameters
    0.8807   -5.2733   19.2037  -16.5928  -17.6869   -6.0387
    4.2839   11.0141   -3.4945   -4.6046  -11.6464    2.0765
eta,q 0.97357 15.47786
  0.0310  0.0290  0.0285  0.0342  0.0330  0.0305  0.0300  0.0323  0.0289  0.0294  0.0279  0.0287
  0.0284  0.0274  0.0275  0.0311  0.0300  0.0287  0.0281  0.0292  0.0276  0.0277  0.0271  0.0275
  0.0269  0.0266  0.0268  0.0285  0.0277  0.0275  0.0269  0.0273  0.0267  0.0267  0.0266  0.0268
  0.0264  0.0264  0.0264  0.0264  0.0264  0.0264  0.0265  0.0265  0.0265  0.0265  0.0264  0.0264
  0.0269  0.0270  0.0265  0.0263  0.0268  0.0257  0.0268  0.0268  0.0268  0.0269  0.0266  0.0266
  0.0283  0.0281  0.0270  0.0298  0.0297  0.0267  0.0281  0.0289  0.0275  0.0281  0.0271  0.0271
  0.0305  0.0297  0.0278  0.0358  0.0341  0.0327  0.0301  0.0325  0.0288  0.0300  0.0279  0.0281
niter,ni,del,rscale     4    3    5.0000    1.2000
parameters
    0.8855   -5.3873   19.3188  -16.5981  -17.7017   -6.0627
    4.3265   10.9899   -3.4926   -4.8160  -11.5963    2.4184
eta,q 0.97358 15.47181
  0.0308  0.0292  0.0283  0.0342  0.0332  0.0305  0.0300  0.0322  0.0289  0.0296  0.0279  0.0285
  0.0283  0.0275  0.0273  0.0311  0.0301  0.0287  0.0281  0.0292  0.0275  0.0278  0.0271  0.0274
  0.0268  0.0266  0.0267  0.0285  0.0278  0.0275  0.0269  0.0272  0.0267  0.0267  0.0266  0.0267
  0.0264  0.0264  0.0264  0.0264  0.0264  0.0264  0.0264  0.0264  0.0264  0.0264  0.0264  0.0264
  0.0270  0.0269  0.0266  0.0263  0.0267  0.0257  0.0268  0.0268  0.0268  0.0269  0.0266  0.0266
  0.0284  0.0280  0.0271  0.0298  0.0296  0.0267  0.0280  0.0290  0.0276  0.0280  0.0271  0.0272
  0.0307  0.0296  0.0280  0.0358  0.0340  0.0326  0.0300  0.0326  0.0289  0.0300  0.0278  0.0282
niter,ni,del,rscale     3    3    5.0000    1.2000
parameters
    0.8835   -5.4533   19.3811  -16.6014  -17.6991   -6.0817
    4.3595   10.9640   -3.4963   -4.9359  -11.5655    2.6212
eta,q 0.97358 15.46902
  0.0308  0.0293  0.0283  0.0342  0.0332  0.0305  0.0300  0.0322  0.0289  0.0297  0.0279  0.0285
  0.0283  0.0276  0.0273  0.0311  0.0301  0.0287  0.0281  0.0292  0.0275  0.0279  0.0270  0.0274
  0.0268  0.0266  0.0266  0.0285  0.0278  0.0275  0.0269  0.0272  0.0267  0.0268  0.0266  0.0267
  0.0264  0.0264  0.0264  0.0264  0.0264  0.0264  0.0264  0.0264  0.0264  0.0264  0.0264  0.0264
  0.0270  0.0269  0.0266  0.0263  0.0267  0.0257  0.0268  0.0268  0.0267  0.0268  0.0266  0.0266
  0.0284  0.0279  0.0271  0.0298  0.0296  0.0267  0.0280  0.0290  0.0276  0.0280  0.0271  0.0272
  0.0307  0.0295  0.0281  0.0358  0.0340  0.0325  0.0300  0.0326  0.0289  0.0300  0.0278  0.0283
niter,ni,del,rscale     2    3    5.0000    1.2000
parameters
    0.8822   -5.4894   19.4175  -16.6055  -17.6993   -6.0938
    4.3806   10.9493   -3.5031   -5.0040  -11.5423    2.7248
eta,q 0.97357 15.46699
  0.0308  0.0294  0.0282  0.0342  0.0333  0.0305  0.0300  0.0323  0.0289  0.0298  0.0279  0.0284
  0.0283  0.0277  0.0272  0.0311  0.0302  0.0287  0.0281  0.0292  0.0276  0.0279  0.0270  0.0273
  0.0268  0.0267  0.0266  0.0285  0.0278  0.0275  0.0269  0.0272  0.0267  0.0268  0.0266  0.0267
  0.0264  0.0264  0.0264  0.0264  0.0264  0.0264  0.0264  0.0264  0.0264  0.0264  0.0264  0.0264
  0.0270  0.0269  0.0266  0.0263  0.0267  0.0257  0.0268  0.0268  0.0268  0.0268  0.0266  0.0266
  0.0284  0.0279  0.0272  0.0298  0.0296  0.0267  0.0280  0.0290  0.0276  0.0280  0.0271  0.0273
  0.0307  0.0295  0.0281  0.0358  0.0340  0.0325  0.0301  0.0326  0.0289  0.0300  0.0278  0.0283
niter,ni,del,rscale     1    3    5.0000    1.2000
parameters
    0.8821   -5.5100   19.4375  -16.6049  -17.7008   -6.1001
    4.3924   10.9401   -3.5119   -5.0399  -11.5332    2.7867
eta,q 0.97357 15.46590
  0.0308  0.0295  0.0282  0.0342  0.0333  0.0305  0.0300  0.0323  0.0289  0.0299  0.0279  0.0284
  0.0283  0.0277  0.0272  0.0311  0.0302  0.0287  0.0281  0.0292  0.0276  0.0280  0.0270  0.0273
  0.0268  0.0267  0.0266  0.0285  0.0278  0.0275  0.0269  0.0272  0.0267  0.0268  0.0266  0.0267
  0.0264  0.0264  0.0264  0.0264  0.0264  0.0264  0.0264  0.0264  0.0264  0.0264  0.0264  0.0264
  0.0270  0.0269  0.0266  0.0263  0.0267  0.0257  0.0268  0.0268  0.0268  0.0268  0.0266  0.0266
  0.0284  0.0279  0.0272  0.0298  0.0296  0.0268  0.0280  0.0290  0.0276  0.0280  0.0271  0.0273
  0.0307  0.0295  0.0282  0.0358  0.0340  0.0324  0.0301  0.0326  0.0289  0.0300  0.0278  0.0284
registration optimization eta report
parameter search radius
    2.4000    2.4000    2.4000   10.9503   10.9503    9.5220
    7.2000    7.2000    7.2000    7.2000    7.2000    8.2800
100000*second partial in parameter space
       75.       53.       31.        7.        6.        6.
        7.       12.        5.        7.        3.        3.
  0.0308  0.0295  0.0282  0.0342  0.0333  0.0305  0.0300  0.0323  0.0289  0.0299  0.0279  0.0284
  0.0283  0.0277  0.0272  0.0311  0.0302  0.0287  0.0281  0.0292  0.0276  0.0280  0.0270  0.0273
  0.0268  0.0267  0.0266  0.0285  0.0278  0.0275  0.0269  0.0272  0.0267  0.0268  0.0266  0.0267
  0.0264  0.0264  0.0264  0.0264  0.0264  0.0264  0.0264  0.0264  0.0264  0.0264  0.0264  0.0264
  0.0270  0.0269  0.0266  0.0263  0.0267  0.0257  0.0268  0.0268  0.0268  0.0268  0.0266  0.0266
  0.0284  0.0279  0.0272  0.0298  0.0296  0.0268  0.0280  0.0290  0.0276  0.0280  0.0271  0.0273
  0.0307  0.0295  0.0282  0.0358  0.0340  0.0324  0.0301  0.0326  0.0289  0.0300  0.0278  0.0284
    0.8821   -5.5100   19.4375  -16.6049  -17.7008   -6.1001
    4.3924   10.9401   -3.5119   -5.0399  -11.5332    2.7867
eta,q 0.97357 15.46590

---------------------------------------------------------------------
imgreg_4dfp /opt/freesurfer/average/711-2C_as_mni_average_305 /opt/freesurfer/average/711-2B_as_mni_average_305_mask talsrcimg_g11 none talsrcimg_to_711-2C_as_mni_average_305_t4 2311
---------------------------------------------------------------------

freesurfer imgreg_4dfp.c
/opt/freesurfer/average/711-2C_as_mni_average_305.4dfp.img
       256       256       256         1
  1.000000  1.000000  1.000000
orientation T byte_order littleendian
Reading image: /opt/freesurfer/average/711-2C_as_mni_average_305.4dfp.img
dimensions:      256       256       256
mmppix:       1.0000   -1.0000   -1.0000
center:     128.0000 -129.0000 -129.0000
/opt/freesurfer/average/711-2B_as_mni_average_305_mask.4dfp.img
       256       256       256         1
  1.000000  1.000000  1.000000
orientation T byte_order littleendian
Reading mask: /opt/freesurfer/average/711-2B_as_mni_average_305_mask.4dfp.img (2306576 pixels)
talsrcimg_g11.4dfp.img
       256       256       256         1
  1.000000  1.000000  1.000000
orientation T byte_order littleendian
Reading image: talsrcimg_g11.4dfp.img
dimensions:      256       256       256
mmppix:       1.0000   -1.0000   -1.0000
center:     128.0000 -129.0000 -129.0000
fimgreg.f
image alignment mode   2311 decimal      907 hex
parameters
    0.8821   -5.5100   19.4375  -16.6049  -17.7008   -6.1001
    4.3924   10.9401   -3.5119   -5.0399  -11.5332    2.7867
eta,q 0.97357 15.46590
niter,ni,del,rscale     5    3    5.0000    0.8000
parameters
    0.8522   -5.5605   19.4413  -14.8548  -17.0330   -4.0394
    4.7170   10.9084   -3.1320   -5.4602  -11.7235    1.9040
eta,q 0.97460 15.65103
  0.0283  0.0278  0.0272  0.0292  0.0279  0.0276  0.0278  0.0294  0.0270  0.0271  0.0265  0.0260
  0.0272  0.0270  0.0268  0.0282  0.0270  0.0269  0.0266  0.0274  0.0262  0.0261  0.0259  0.0256
  0.0266  0.0265  0.0265  0.0272  0.0264  0.0263  0.0258  0.0260  0.0257  0.0256  0.0255  0.0254
  0.0264  0.0264  0.0264  0.0264  0.0259  0.0258  0.0255  0.0254  0.0254  0.0254  0.0254  0.0254
  0.0267  0.0266  0.0265  0.0259  0.0258  0.0255  0.0256  0.0260  0.0255  0.0258  0.0256  0.0256
  0.0274  0.0271  0.0268  0.0261  0.0262  0.0255  0.0262  0.0275  0.0259  0.0265  0.0261  0.0261
  0.0284  0.0279  0.0272  0.0271  0.0272  0.0261  0.0273  0.0296  0.0266  0.0278  0.0267  0.0267
niter,ni,del,rscale     4    3    5.0000    0.7000
parameters
    0.8246   -5.4066   19.2549  -15.2571  -16.7748   -3.8317
    4.6772   10.8989   -3.0694   -5.1856  -11.8290    1.4482
eta,q 0.97469 15.66788
  0.0273  0.0269  0.0260  0.0272  0.0269  0.0266  0.0269  0.0285  0.0264  0.0270  0.0262  0.0259
  0.0262  0.0261  0.0256  0.0263  0.0262  0.0261  0.0261  0.0269  0.0258  0.0261  0.0257  0.0255
  0.0256  0.0256  0.0254  0.0256  0.0257  0.0257  0.0255  0.0257  0.0254  0.0256  0.0254  0.0254
  0.0254  0.0254  0.0254  0.0254  0.0254  0.0254  0.0253  0.0253  0.0253  0.0253  0.0253  0.0253
  0.0257  0.0255  0.0256  0.0257  0.0254  0.0253  0.0255  0.0257  0.0254  0.0254  0.0255  0.0255
  0.0264  0.0258  0.0259  0.0267  0.0258  0.0256  0.0261  0.0268  0.0258  0.0259  0.0258  0.0258
  0.0274  0.0263  0.0265  0.0283  0.0267  0.0266  0.0270  0.0285  0.0263  0.0266  0.0263  0.0262
niter,ni,del,rscale     3    3    5.0000    0.6000
parameters
    0.8193   -5.3614   19.1760  -15.2677  -16.6612   -3.5464
    4.6862   10.9363   -3.0370   -5.1167  -11.9082    1.1731
eta,q 0.97474 15.68497
  0.0268  0.0263  0.0259  0.0270  0.0264  0.0263  0.0265  0.0278  0.0261  0.0264  0.0260  0.0257
  0.0260  0.0258  0.0256  0.0262  0.0259  0.0259  0.0258  0.0265  0.0256  0.0258  0.0256  0.0255
  0.0255  0.0254  0.0254  0.0256  0.0255  0.0255  0.0254  0.0256  0.0253  0.0254  0.0253  0.0253
  0.0253  0.0253  0.0253  0.0253  0.0253  0.0253  0.0253  0.0253  0.0253  0.0253  0.0253  0.0253
  0.0255  0.0254  0.0254  0.0254  0.0254  0.0252  0.0254  0.0255  0.0254  0.0254  0.0254  0.0254
  0.0260  0.0257  0.0257  0.0261  0.0257  0.0255  0.0258  0.0264  0.0256  0.0257  0.0256  0.0256
  0.0268  0.0261  0.0260  0.0272  0.0264  0.0262  0.0265  0.0277  0.0260  0.0263  0.0260  0.0259
niter,ni,del,rscale     2    3    5.0000    0.5000
parameters
    0.8154   -5.3252   19.1258  -15.2589  -16.5732   -3.3247
    4.6957   10.9569   -3.0055   -5.0703  -11.9652    0.9716
eta,q 0.97477 15.69801
  0.0263  0.0260  0.0257  0.0265  0.0261  0.0260  0.0261  0.0271  0.0258  0.0260  0.0257  0.0256
  0.0257  0.0256  0.0254  0.0259  0.0257  0.0257  0.0256  0.0261  0.0255  0.0256  0.0255  0.0254
  0.0254  0.0253  0.0253  0.0255  0.0254  0.0254  0.0253  0.0255  0.0253  0.0253  0.0253  0.0253
  0.0253  0.0253  0.0253  0.0253  0.0253  0.0253  0.0252  0.0252  0.0252  0.0252  0.0252  0.0252
  0.0254  0.0253  0.0253  0.0254  0.0253  0.0252  0.0253  0.0254  0.0253  0.0253  0.0253  0.0253
  0.0257  0.0255  0.0255  0.0258  0.0256  0.0254  0.0256  0.0261  0.0255  0.0255  0.0255  0.0254
  0.0263  0.0259  0.0258  0.0266  0.0261  0.0259  0.0261  0.0271  0.0258  0.0260  0.0258  0.0257
niter,ni,del,rscale     1    3    5.0000    0.4000
parameters
    0.8116   -5.3025   19.0888  -15.2490  -16.5019   -3.1309
    4.7051   10.9665   -2.9921   -5.0491  -12.0061    0.8297
eta,q 0.97479 15.70847
  0.0259  0.0257  0.0255  0.0261  0.0258  0.0257  0.0258  0.0265  0.0256  0.0257  0.0255  0.0254
  0.0255  0.0254  0.0253  0.0257  0.0255  0.0255  0.0255  0.0258  0.0254  0.0254  0.0254  0.0253
  0.0253  0.0253  0.0253  0.0254  0.0253  0.0253  0.0253  0.0254  0.0253  0.0253  0.0253  0.0252
  0.0252  0.0252  0.0252  0.0252  0.0252  0.0252  0.0252  0.0252  0.0252  0.0252  0.0252  0.0252
  0.0253  0.0253  0.0253  0.0253  0.0253  0.0252  0.0253  0.0254  0.0253  0.0253  0.0253  0.0253
  0.0255  0.0254  0.0254  0.0256  0.0254  0.0253  0.0255  0.0258  0.0254  0.0254  0.0254  0.0254
  0.0259  0.0256  0.0256  0.0261  0.0258  0.0257  0.0258  0.0265  0.0256  0.0257  0.0256  0.0255
registration optimization eta report
parameter search radius
    0.8000    0.8000    0.8000    2.4000    2.4000    2.4000
    2.4000    2.4000    2.4000    2.4000    2.4000    2.4000
100000*second partial in parameter space
      106.       65.       48.       15.        9.        8.
       10.       22.        6.        9.        6.        5.
  0.0259  0.0257  0.0255  0.0261  0.0258  0.0257  0.0258  0.0265  0.0256  0.0257  0.0255  0.0254
  0.0255  0.0254  0.0253  0.0257  0.0255  0.0255  0.0255  0.0258  0.0254  0.0254  0.0254  0.0253
  0.0253  0.0253  0.0253  0.0254  0.0253  0.0253  0.0253  0.0254  0.0253  0.0253  0.0253  0.0252
  0.0252  0.0252  0.0252  0.0252  0.0252  0.0252  0.0252  0.0252  0.0252  0.0252  0.0252  0.0252
  0.0253  0.0253  0.0253  0.0253  0.0253  0.0252  0.0253  0.0254  0.0253  0.0253  0.0253  0.0253
  0.0255  0.0254  0.0254  0.0256  0.0254  0.0253  0.0255  0.0258  0.0254  0.0254  0.0254  0.0254
  0.0259  0.0256  0.0256  0.0261  0.0258  0.0257  0.0258  0.0265  0.0256  0.0257  0.0256  0.0255
    0.8116   -5.3025   19.0888  -15.2490  -16.5019   -3.1309
    4.7051   10.9665   -2.9921   -5.0491  -12.0061    0.8297
eta,q 0.97479 15.70847

---------------------------------------------------------------------
imgreg_4dfp /opt/freesurfer/average/711-2C_as_mni_average_305 /opt/freesurfer/average/711-2B_as_mni_average_305_mask talsrcimg_g11 none talsrcimg_to_711-2C_as_mni_average_305_t4 2311
---------------------------------------------------------------------

freesurfer imgreg_4dfp.c
/opt/freesurfer/average/711-2C_as_mni_average_305.4dfp.img
       256       256       256         1
  1.000000  1.000000  1.000000
orientation T byte_order littleendian
Reading image: /opt/freesurfer/average/711-2C_as_mni_average_305.4dfp.img
dimensions:      256       256       256
mmppix:       1.0000   -1.0000   -1.0000
center:     128.0000 -129.0000 -129.0000
/opt/freesurfer/average/711-2B_as_mni_average_305_mask.4dfp.img
       256       256       256         1
  1.000000  1.000000  1.000000
orientation T byte_order littleendian
Reading mask: /opt/freesurfer/average/711-2B_as_mni_average_305_mask.4dfp.img (2306576 pixels)
talsrcimg_g11.4dfp.img
       256       256       256         1
  1.000000  1.000000  1.000000
orientation T byte_order littleendian
Reading image: talsrcimg_g11.4dfp.img
dimensions:      256       256       256
mmppix:       1.0000   -1.0000   -1.0000
center:     128.0000 -129.0000 -129.0000
fimgreg.f
image alignment mode   2311 decimal      907 hex
parameters
    0.8116   -5.3025   19.0888  -15.2490  -16.5019   -3.1309
    4.7051   10.9665   -2.9921   -5.0491  -12.0061    0.8297
eta,q 0.97479 15.70847
niter,ni,del,rscale     5    3    5.0000    0.8000
parameters
    0.8236   -5.2556   19.0417  -15.6238  -16.7954   -3.7415
    4.5698   10.9797   -3.0164   -4.8242  -11.9416    0.9914
eta,q 0.97465 15.66569
  0.0279  0.0270  0.0264  0.0277  0.0269  0.0266  0.0272  0.0292  0.0266  0.0273  0.0265  0.0263
  0.0264  0.0260  0.0257  0.0265  0.0261  0.0261  0.0262  0.0273  0.0259  0.0263  0.0259  0.0258
  0.0255  0.0254  0.0253  0.0256  0.0255  0.0256  0.0256  0.0259  0.0255  0.0256  0.0255  0.0255
  0.0252  0.0252  0.0252  0.0252  0.0252  0.0253  0.0254  0.0254  0.0254  0.0254  0.0253  0.0253
  0.0255  0.0254  0.0254  0.0256  0.0254  0.0253  0.0256  0.0258  0.0255  0.0255  0.0255  0.0254
  0.0264  0.0259  0.0258  0.0269  0.0262  0.0262  0.0263  0.0272  0.0259  0.0260  0.0259  0.0257
  0.0278  0.0267  0.0265  0.0289  0.0276  0.0284  0.0275  0.0293  0.0267  0.0270  0.0265  0.0262
niter,ni,del,rscale     4    3    5.0000    0.7000
parameters
    0.8303   -5.2874   19.1017  -15.4021  -16.7503   -3.6695
    4.6013   10.9856   -3.0011   -4.9282  -11.9566    1.0444
eta,q 0.97470 15.67599
  0.0273  0.0265  0.0263  0.0276  0.0267  0.0266  0.0269  0.0285  0.0263  0.0266  0.0262  0.0260
  0.0262  0.0258  0.0258  0.0267  0.0261  0.0260  0.0261  0.0269  0.0257  0.0259  0.0257  0.0256
  0.0256  0.0255  0.0255  0.0258  0.0256  0.0256  0.0255  0.0257  0.0254  0.0254  0.0254  0.0254
  0.0253  0.0253  0.0253  0.0253  0.0253  0.0253  0.0253  0.0253  0.0253  0.0253  0.0253  0.0253
  0.0256  0.0255  0.0254  0.0254  0.0254  0.0252  0.0254  0.0257  0.0254  0.0255  0.0254  0.0254
  0.0262  0.0259  0.0257  0.0261  0.0259  0.0256  0.0260  0.0268  0.0257  0.0260  0.0257  0.0256
  0.0272  0.0266  0.0261  0.0274  0.0268  0.0268  0.0269  0.0285  0.0263  0.0268  0.0262  0.0260
niter,ni,del,rscale     3    3    5.0000    0.6000
parameters
    0.8267   -5.2957   19.1170  -15.3120  -16.6609   -3.4839
    4.6404   10.9839   -2.9855   -4.9874  -11.9830    0.9916
eta,q 0.97474 15.68880
  0.0268  0.0262  0.0259  0.0270  0.0264  0.0263  0.0265  0.0277  0.0260  0.0263  0.0260  0.0258
  0.0259  0.0257  0.0256  0.0263  0.0259  0.0259  0.0258  0.0264  0.0256  0.0257  0.0256  0.0255
  0.0254  0.0254  0.0254  0.0256  0.0255  0.0255  0.0254  0.0256  0.0253  0.0254  0.0253  0.0253
  0.0253  0.0253  0.0253  0.0253  0.0253  0.0253  0.0253  0.0253  0.0253  0.0253  0.0253  0.0253
  0.0255  0.0254  0.0254  0.0254  0.0253  0.0252  0.0254  0.0255  0.0253  0.0254  0.0253  0.0253
  0.0260  0.0257  0.0256  0.0260  0.0257  0.0255  0.0258  0.0264  0.0256  0.0258  0.0256  0.0255
  0.0267  0.0262  0.0259  0.0270  0.0264  0.0263  0.0265  0.0278  0.0260  0.0264  0.0260  0.0258
niter,ni,del,rscale     2    3    5.0000    0.5000
parameters
    0.8217   -5.2915   19.1029  -15.2760  -16.5717   -3.2933
    4.6721   10.9859   -2.9791   -5.0069  -12.0082    0.8981
eta,q 0.97477 15.70033
  0.0263  0.0259  0.0257  0.0265  0.0261  0.0260  0.0261  0.0271  0.0258  0.0260  0.0257  0.0256
  0.0257  0.0255  0.0255  0.0259  0.0257  0.0257  0.0256  0.0261  0.0255  0.0256  0.0255  0.0254
  0.0254  0.0253  0.0253  0.0255  0.0254  0.0254  0.0253  0.0255  0.0253  0.0253  0.0253  0.0253
  0.0253  0.0253  0.0253  0.0253  0.0253  0.0252  0.0252  0.0252  0.0252  0.0252  0.0252  0.0252
  0.0254  0.0253  0.0253  0.0253  0.0253  0.0252  0.0253  0.0254  0.0253  0.0253  0.0253  0.0253
  0.0257  0.0255  0.0255  0.0258  0.0256  0.0254  0.0256  0.0261  0.0255  0.0256  0.0255  0.0254
  0.0263  0.0259  0.0257  0.0266  0.0260  0.0259  0.0261  0.0271  0.0258  0.0260  0.0258  0.0257
niter,ni,del,rscale     1    3    5.0000    0.4000
parameters
    0.8161   -5.2848   19.0797  -15.2667  -16.4958   -3.1118
    4.6865   10.9821   -2.9636   -5.0207  -12.0277    0.8025
eta,q 0.97478 15.70962
  0.0259  0.0257  0.0255  0.0261  0.0258  0.0257  0.0258  0.0265  0.0256  0.0257  0.0255  0.0255
  0.0255  0.0254  0.0253  0.0257  0.0255  0.0255  0.0255  0.0258  0.0254  0.0254  0.0254  0.0253
  0.0253  0.0253  0.0253  0.0254  0.0253  0.0253  0.0253  0.0254  0.0253  0.0253  0.0253  0.0252
  0.0252  0.0252  0.0252  0.0252  0.0252  0.0252  0.0252  0.0252  0.0252  0.0252  0.0252  0.0252
  0.0253  0.0253  0.0253  0.0253  0.0253  0.0252  0.0253  0.0254  0.0253  0.0253  0.0253  0.0252
  0.0255  0.0254  0.0254  0.0256  0.0254  0.0253  0.0255  0.0258  0.0254  0.0254  0.0254  0.0253
  0.0259  0.0256  0.0256  0.0261  0.0258  0.0257  0.0258  0.0265  0.0256  0.0257  0.0256  0.0255
registration optimization eta report
parameter search radius
    0.8000    0.8000    0.8000    2.4000    2.4000    2.4000
    2.4000    2.4000    2.4000    2.4000    2.4000    2.4000
100000*second partial in parameter space
      106.       64.       47.       15.        9.        8.
       10.       22.        6.        9.        6.        5.
  0.0259  0.0257  0.0255  0.0261  0.0258  0.0257  0.0258  0.0265  0.0256  0.0257  0.0255  0.0255
  0.0255  0.0254  0.0253  0.0257  0.0255  0.0255  0.0255  0.0258  0.0254  0.0254  0.0254  0.0253
  0.0253  0.0253  0.0253  0.0254  0.0253  0.0253  0.0253  0.0254  0.0253  0.0253  0.0253  0.0252
  0.0252  0.0252  0.0252  0.0252  0.0252  0.0252  0.0252  0.0252  0.0252  0.0252  0.0252  0.0252
  0.0253  0.0253  0.0253  0.0253  0.0253  0.0252  0.0253  0.0254  0.0253  0.0253  0.0253  0.0252
  0.0255  0.0254  0.0254  0.0256  0.0254  0.0253  0.0255  0.0258  0.0254  0.0254  0.0254  0.0253
  0.0259  0.0256  0.0256  0.0261  0.0258  0.0257  0.0258  0.0265  0.0256  0.0257  0.0256  0.0255
    0.8161   -5.2848   19.0797  -15.2667  -16.4958   -3.1118
    4.6865   10.9821   -2.9636   -5.0207  -12.0277    0.8025
eta,q 0.97478 15.70962

---------------------------------------------------------------------
compute_vox2vox talsrcimg talsrcimg_to_711-2C_as_mni_average_305_t4 /opt/freesurfer/average/711-2C_as_mni_average_305
---------------------------------------------------------------------

freesurfer compute_vox2vox.c
Reading: talsrcimg.4dfp.ifh
Reading: talsrcimg_to_711-2C_as_mni_average_305_t4
Reading: /opt/freesurfer/average/711-2C_as_mni_average_305.4dfp.ifh
Writing: talsrcimg_to_711-2C_as_mni_average_305_t4_vox2vox.txt

start time Mon Mar 9 23:43:48 CET 2026
end		time Mon Mar 9 23:45:15 CET 2026

mpr2mni305 success

avi2talxfm orig_nu.mgz /opt/freesurfer/average/mni305.cor.mgz talsrcimg_to_711-2C_as_mni_average_305_t4_vox2vox.txt transforms/talairach.auto.xfm
avi2talxfm done
mv -f /out/sourcedata/freesurfer/sub-v1s3x0050784_ses-1/mri/talsrcimg_to_711-2C_as_mni_average_305_t4_vox2vox.txt /out/sourcedata/freesurfer/sub-v1s3x0050784_ses-1/mri/transforms/talsrcimg_to_711-2C_as_mni_average_305_t4_vox2vox.txt
lta_convert --src orig_nu.mgz --trg /opt/freesurfer/average/mni305.cor.mgz --inxfm transforms/talairach.auto.xfm --outlta transforms/talairach.auto.xfm.lta --subject fsaverage
7.3.2

--src: orig_nu.mgz src image (geometry).
--trg: /opt/freesurfer/average/mni305.cor.mgz trg image (geometry).
--inmni: transforms/talairach.auto.xfm input MNI/XFM transform.
--outlta: transforms/talairach.auto.xfm.lta output LTA.
--s: fsaverage subject name
 LTA read, type : 1
 1.15883  -0.13465  -0.06374  -16.81549;
 0.14345   1.01494  -0.01780  -13.58676;
 0.04975   0.05624   1.19421   17.55159;
 0.00000   0.00000   0.00000   1.00000;
setting subject to fsaverage
Writing  LTA to file transforms/talairach.auto.xfm.lta...
lta_convert successful.
 
 
Started at Mon Mar 9 23:43:48 CET 2026
Ended   at Mon Mar  9 23:45:16 CET 2026
talairach_avi done
