/out/sourcedata/freesurfer/sub-v1s3x0050772_ses-1/mri
/opt/freesurfer/bin/talairach_avi
--i orig_nu.mgz --xfm transforms/talairach.auto.xfm
talairach_avi 7.3.2
Linux dna059 5.14.0-427.37.1.el9_4.x86_64 #1 SMP PREEMPT_DYNAMIC Fri Sep 13 12:41:50 EDT 2024 x86_64 x86_64 x86_64 GNU/Linux
Mon Mar  9 22:45:53 CET 2026
mri_convert orig_nu.mgz talsrcimg.img 
reading from orig_nu.mgz...
TR=0.00, TE=0.00, TI=0.00, flip angle=0.00
i_ras = (-1, 0, 0)
j_ras = (0, 0, -1)
k_ras = (0, 1, 0)
writing to talsrcimg.img...
Analyze Output Matrix
-1.00000   0.00000   0.00000   141.12347;
 0.00000   0.00000   1.00000  -117.64442;
 0.00000  -1.00000   0.00000   117.32878;
 0.00000   0.00000   0.00000   1.00000;
--------------------
INFO: set hdr.hist.orient to -1
mpr2mni305 talsrcimg
Mon Mar  9 22:45:54 CET 2026
/opt/freesurfer/bin/mpr2mni305 talsrcimg
mpr2mni305 7.3.2
target=711-2C_as_mni_average_305

---------------------------------------------------------------------
analyzeto4dfp talsrcimg -O0 -y
---------------------------------------------------------------------

freesurfer ifh2hdr.c
Mon Mar  9 22:45:54 2026
Writing: talsrcimg.4dfp.hdr
freesurfer analyzeto4dfp.c
Reading: talsrcimg.hdr
header size 348 bytes
hdr.dime.datatype	offset=70	value=2
hdr.dime.bitpix		offset=72	value=8
hdr.hist.orient		offset=252	value=-1
dimensionality     4
dimensions       256       256       256         1
Reading: talsrcimg.img
Writing: talsrcimg.4dfp.img
Writing: talsrcimg.4dfp.ifh
ifh2hdr talsrcimg -r0to255
ori=2

---------------------------------------------------------------------
gauss_4dfp talsrcimg 1.1
---------------------------------------------------------------------

freesurfer gauss_4dfp.c
Reading: talsrcimg.4dfp.img
Writing: talsrcimg_g11.4dfp.img
image dimensions 256 256 256 padded to 288 288 288
processing volume 1freesurfer ifh2hdr.c
Mon Mar  9 22:45:56 2026
Writing: talsrcimg_g11.4dfp.hdr

Writing: talsrcimg_g11.4dfp.ifh
including: talsrcimg.4dfp.img.rec in talsrcimg_g11.4dfp.img.rec

---------------------------------------------------------------------
imgreg_4dfp /opt/freesurfer/average/711-2C_as_mni_average_305 none talsrcimg_g11 none talsrcimg_to_711-2C_as_mni_average_305_t4 4355
---------------------------------------------------------------------

freesurfer imgreg_4dfp.c
/opt/freesurfer/average/711-2C_as_mni_average_305.4dfp.img
       256       256       256         1
  1.000000  1.000000  1.000000
orientation T byte_order littleendian
Reading image: /opt/freesurfer/average/711-2C_as_mni_average_305.4dfp.img
dimensions:      256       256       256
mmppix:       1.0000   -1.0000   -1.0000
center:     128.0000 -129.0000 -129.0000
talsrcimg_g11.4dfp.img
       256       256       256         1
  1.000000  1.000000  1.000000
orientation T byte_order littleendian
Reading image: talsrcimg_g11.4dfp.img
dimensions:      256       256       256
mmppix:       1.0000   -1.0000   -1.0000
center:     128.0000 -129.0000 -129.0000
t4_read: open error in t4_sub.f l:  41 t4_file(1:l)talsrcimg_to_711-2C_as_mni_average_305_t4 
t4_read: transform initialized to I4
rotation matrix determinant  1.000000
image alignment mode   4355 decimal     1103 hex
   -7.5000  -45.0000  -45.0000 7406.5293   18.6883
    0.0000  -45.0000  -45.0000 7714.6577   18.7090
    7.5000  -45.0000  -45.0000 7355.1445   18.7037
   -7.5000  -37.5000  -45.0000 7905.3301   18.7222
    0.0000  -37.5000  -45.0000 8220.9170   18.7525
    7.5000  -37.5000  -45.0000 7843.8203   18.7399
   -7.5000  -30.0000  -45.0000 8625.8223   18.7518
    0.0000  -30.0000  -45.0000 8979.7236   18.7866
    7.5000  -30.0000  -45.0000 8551.4355   18.7698
   -7.5000  -22.5000  -45.0000 9267.3564   18.7430
    0.0000  -22.5000  -45.0000 9643.7217   18.7733
    7.5000  -22.5000  -45.0000 9176.2324   18.7614
   -7.5000  -15.0000  -45.0000 9808.2197   18.7123
    0.0000  -15.0000  -45.000010229.8682   18.7333
    7.5000  -15.0000  -45.0000 9713.9541   18.7285
   -7.5000   -7.5000  -45.000010434.2129   18.6873
    0.0000   -7.5000  -45.000010910.3301   18.7031
    7.5000   -7.5000  -45.000010348.4551   18.7008
   -7.5000    0.0000  -45.000011040.7178   18.6883
    0.0000    0.0000  -45.000011547.6406   18.7090
    7.5000    0.0000  -45.000010953.9111   18.7037
   -7.5000    7.5000  -45.000010727.1826   18.7222
    0.0000    7.5000  -45.000011212.0557   18.7525
    7.5000    7.5000  -45.000010633.0498   18.7399
   -7.5000   15.0000  -45.000010154.4277   18.7518
    0.0000   15.0000  -45.000010608.0967   18.7866
    7.5000   15.0000  -45.000010065.6289   18.7698
   -7.5000   22.5000  -45.0000 9396.4590   18.7405
    0.0000   22.5000  -45.0000 9816.4561   18.7708
    7.5000   22.5000  -45.0000 9284.9990   18.7588
   -7.5000   30.0000  -45.0000 8559.9062   18.4629
    0.0000   30.0000  -45.0000 8962.9609   18.4837
    7.5000   30.0000  -45.0000 8438.0049   18.4789
   -7.5000   37.5000  -45.0000 8055.3311   18.4382
    0.0000   37.5000  -45.0000 8442.3467   18.4539
    7.5000   37.5000  -45.0000 7937.2544   18.4516
   -7.5000   45.0000  -45.0000 7372.7603   17.9711
    0.0000   45.0000  -45.0000 7707.1841   17.9909
    7.5000   45.0000  -45.0000 7241.2578   17.9859
   -7.5000  -45.0000  -37.5000 7959.9424   18.5246
    0.0000  -45.0000  -37.5000 8259.0420   18.5374
    7.5000  -45.0000  -37.5000 7857.5352   18.5308
   -7.5000  -37.5000  -37.5000 8465.3506   18.5475
    0.0000  -37.5000  -37.5000 8786.6836   18.5717
    7.5000  -37.5000  -37.5000 8349.3701   18.5547
   -7.5000  -30.0000  -37.5000 9190.6055   18.5792
    0.0000  -30.0000  -37.5000 9552.1396   18.6051
    7.5000  -30.0000  -37.5000 9071.0684   18.5805
   -7.5000  -22.5000  -37.5000 9859.5186   18.5859
    0.0000  -22.5000  -37.500010248.2188   18.6024
    7.5000  -22.5000  -37.5000 9723.7539   18.5821
   -7.5000  -15.0000  -37.500010473.7744   18.5685
    0.0000  -15.0000  -37.500010903.5020   18.5731
    7.5000  -15.0000  -37.500010306.0986   18.5619
   -7.5000   -7.5000  -37.500011138.2471   18.5388
    0.0000   -7.5000  -37.500011589.3594   18.5416
    7.5000   -7.5000  -37.500010948.2510   18.5363
   -7.5000    0.0000  -37.500011730.1826   18.5246
    0.0000    0.0000  -37.500012234.8994   18.5374
    7.5000    0.0000  -37.500011548.0811   18.5308
   -7.5000    7.5000  -37.500011382.1553   18.5475
    0.0000    7.5000  -37.500011850.2520   18.5717
    7.5000    7.5000  -37.500011184.0752   18.5547
   -7.5000   15.0000  -37.500010771.7734   18.5792
    0.0000   15.0000  -37.500011215.3828   18.6051
    7.5000   15.0000  -37.500010611.3174   18.5805
   -7.5000   22.5000  -37.5000 9929.1230   18.5834
    0.0000   22.5000  -37.500010349.0205   18.5999
    7.5000   22.5000  -37.5000 9741.5059   18.5796
   -7.5000   30.0000  -37.5000 9030.2031   18.3210
    0.0000   30.0000  -37.5000 9412.7822   18.3256
    7.5000   30.0000  -37.5000 8833.1943   18.3145
   -7.5000   37.5000  -37.5000 8487.1953   18.2918
    0.0000   37.5000  -37.5000 8865.7607   18.2945
    7.5000   37.5000  -37.5000 8314.4863   18.2892
   -7.5000   45.0000  -37.5000 7695.2803   17.8136
    0.0000   45.0000  -37.5000 8053.9355   17.8259
    7.5000   45.0000  -37.5000 7549.5195   17.8196
   -7.5000  -45.0000  -30.0000 8664.4248   19.2227
    0.0000  -45.0000  -30.0000 8995.3154   19.2272
    7.5000  -45.0000  -30.0000 8514.9854   19.2147
   -7.5000  -37.5000  -30.0000 9205.3242   19.2207
    0.0000  -37.5000  -30.0000 9565.4404   19.2359
    7.5000  -37.5000  -30.0000 9055.6846   19.2102
   -7.5000  -30.0000  -30.0000 9978.1826   19.2390
    0.0000  -30.0000  -30.000010379.5527   19.2538
    7.5000  -30.0000  -30.0000 9824.7041   19.2161
   -7.5000  -22.5000  -30.000010712.1270   19.2613
    0.0000  -22.5000  -30.000011122.1699   19.2644
    7.5000  -22.5000  -30.000010528.5342   19.2291
   -7.5000  -15.0000  -30.000011384.5234   19.2695
    0.0000  -15.0000  -30.000011810.4893   19.2605
    7.5000  -15.0000  -30.000011136.5547   19.2364
   -7.5000   -7.5000  -30.000012079.7275   19.2493
    0.0000   -7.5000  -30.000012528.8691   19.2413
    7.5000   -7.5000  -30.000011790.2920   19.2280
   -7.5000    0.0000  -30.000012675.9531   19.2227
    0.0000    0.0000  -30.000013146.9131   19.2272
    7.5000    0.0000  -30.000012370.4297   19.2147
   -7.5000    7.5000  -30.000012242.3994   19.2207
    0.0000    7.5000  -30.000012691.5010   19.2359
    7.5000    7.5000  -30.000011950.4473   19.2102
   -7.5000   15.0000  -30.000011575.3467   19.2390
    0.0000   15.0000  -30.000012030.5107   19.2538
    7.5000   15.0000  -30.000011368.4668   19.2161
   -7.5000   22.5000  -30.000010681.1963   19.2567
    0.0000   22.5000  -30.000011101.8838   19.2598
    7.5000   22.5000  -30.000010480.9482   19.2244
   -7.5000   30.0000  -30.0000 9694.9385   19.0146
    0.0000   30.0000  -30.000010074.8154   19.0057
    7.5000   30.0000  -30.0000 9497.7920   18.9819
   -7.5000   37.5000  -30.0000 9125.7656   18.9946
    0.0000   37.5000  -30.0000 9504.6670   18.9867
    7.5000   37.5000  -30.0000 8923.1982   18.9736
   -7.5000   45.0000  -30.0000 8247.6738   18.4985
    0.0000   45.0000  -30.0000 8603.1094   18.5028
    7.5000   45.0000  -30.0000 8075.4854   18.4908
   -7.5000  -45.0000  -22.5000 9428.9463   19.8740
    0.0000  -45.0000  -22.5000 9748.0576   19.8769
    7.5000  -45.0000  -22.5000 9206.8398   19.8576
   -7.5000  -37.5000  -22.500010005.1787   19.8602
    0.0000  -37.5000  -22.500010367.9707   19.8712
    7.5000  -37.5000  -22.5000 9818.1074   19.8389
   -7.5000  -30.0000  -22.500010866.3242   19.8622
    0.0000  -30.0000  -22.500011251.5547   19.8735
    7.5000  -30.0000  -22.500010646.9551   19.8287
   -7.5000  -22.5000  -22.500011652.7041   19.8812
    0.0000  -22.5000  -22.500012051.3340   19.8841
    7.5000  -22.5000  -22.500011389.1377   19.8406
   -7.5000  -15.0000  -22.500012381.6318   19.8992
    0.0000  -15.0000  -22.500012811.6934   19.8926
    7.5000  -15.0000  -22.500012049.7998   19.8606
   -7.5000   -7.5000  -22.500013088.3379   19.8939
    0.0000   -7.5000  -22.500013536.5176   19.8877
    7.5000   -7.5000  -22.500012706.7354   19.8674
   -7.5000    0.0000  -22.500013687.5410   19.8740
    0.0000    0.0000  -22.500014162.7764   19.8769
    7.5000    0.0000  -22.500013309.4932   19.8576
   -7.5000    7.5000  -22.500013183.0098   19.8602
    0.0000    7.5000  -22.500013653.8213   19.8712
    7.5000    7.5000  -22.500012849.2441   19.8389
   -7.5000   15.0000  -22.500012465.4375   19.8622
    0.0000   15.0000  -22.500012939.4160   19.8735
    7.5000   15.0000  -22.500012212.3350   19.8287
   -7.5000   22.5000  -22.500011505.0479   19.8751
    0.0000   22.5000  -22.500011937.0566   19.8779
    7.5000   22.5000  -22.500011283.8193   19.8345
   -7.5000   30.0000  -22.500010421.0781   19.6390
    0.0000   30.0000  -22.500010821.3555   19.6324
    7.5000   30.0000  -22.500010245.8398   19.6009
   -7.5000   37.5000  -22.5000 9775.6074   19.6337
    0.0000   37.5000  -22.500010145.8037   19.6276
    7.5000   37.5000  -22.5000 9610.7773   19.6076
   -7.5000   45.0000  -22.5000 8790.7773   19.1396
    0.0000   45.0000  -22.5000 9132.0879   19.1425
    7.5000   45.0000  -22.5000 8610.9863   19.1238
   -7.5000  -45.0000  -15.000010161.3535   20.3248
    0.0000  -45.0000  -15.000010493.4805   20.3364
    7.5000  -45.0000  -15.0000 9886.0059   20.3165
   -7.5000  -37.5000  -15.000010810.8203   20.3233
    0.0000  -37.5000  -15.000011213.0645   20.3410
    7.5000  -37.5000  -15.000010554.0225   20.3114
   -7.5000  -30.0000  -15.000011753.5957   20.3207
    0.0000  -30.0000  -15.000012162.1855   20.3418
    7.5000  -30.0000  -15.000011458.6885   20.3036
   -7.5000  -22.5000  -15.000012579.4785   20.3213
    0.0000  -22.5000  -15.000012996.0596   20.3392
    7.5000  -22.5000  -15.000012233.1064   20.3032
   -7.5000  -15.0000  -15.000013393.3057   20.3247
    0.0000  -15.0000  -15.000013807.7158   20.3359
    7.5000  -15.0000  -15.000012944.0518   20.3094
   -7.5000   -7.5000  -15.000014121.1582   20.3257
    0.0000   -7.5000  -15.000014564.4639   20.3338
    7.5000   -7.5000  -15.000013655.7949   20.3149
   -7.5000    0.0000  -15.000014778.9473   20.3248
    0.0000    0.0000  -15.000015241.3262   20.3364
    7.5000    0.0000  -15.000014325.9883   20.3165
   -7.5000    7.5000  -15.000014177.6973   20.3233
    0.0000    7.5000  -15.000014658.6523   20.3410
    7.5000    7.5000  -15.000013802.2695   20.3114
   -7.5000   15.0000  -15.000013366.2959   20.3207
    0.0000   15.0000  -15.000013850.5488   20.3418
    7.5000   15.0000  -15.000013098.2402   20.3036
   -7.5000   22.5000  -15.000012334.9248   20.3141
    0.0000   22.5000  -15.000012776.5195   20.3320
    7.5000   22.5000  -15.000012113.0928   20.2960
   -7.5000   30.0000  -15.000011135.4336   20.0617
    0.0000   30.0000  -15.000011549.1387   20.0727
    7.5000   30.0000  -15.000010998.0420   20.0465
   -7.5000   37.5000  -15.000010468.5703   20.0627
    0.0000   37.5000  -15.000010857.3018   20.0706
    7.5000   37.5000  -15.000010306.6523   20.0520
   -7.5000   45.0000  -15.0000 9374.5811   19.5856
    0.0000   45.0000  -15.0000 9719.0947   19.5967
    7.5000   45.0000  -15.0000 9194.6162   19.5776
   -7.5000  -45.0000   -7.500010812.4229   20.5442
    0.0000  -45.0000   -7.500011172.8213   20.5654
    7.5000  -45.0000   -7.500010542.9883   20.5533
   -7.5000  -37.5000   -7.500011598.2217   20.5690
    0.0000  -37.5000   -7.500012008.0469   20.5983
    7.5000  -37.5000   -7.500011288.7510   20.5791
   -7.5000  -30.0000   -7.500012697.2500   20.5813
    0.0000  -30.0000   -7.500013138.3955   20.6171
    7.5000  -30.0000   -7.500012366.8281   20.5936
   -7.5000  -22.5000   -7.500013658.8408   20.5662
    0.0000  -22.5000   -7.500014076.5996   20.6008
    7.5000  -22.5000   -7.500013226.4883   20.5816
   -7.5000  -15.0000   -7.500014502.4443   20.5431
    0.0000  -15.0000   -7.500014888.0498   20.5697
    7.5000  -15.0000   -7.500013943.8896   20.5580
   -7.5000   -7.5000   -7.500015232.5156   20.5335
    0.0000   -7.5000   -7.500015645.7275   20.5532
    7.5000   -7.5000   -7.500014687.9844   20.5444
   -7.5000    0.0000   -7.500015954.0361   20.5442
    0.0000    0.0000   -7.500016410.3867   20.5654
    7.5000    0.0000   -7.500015439.7598   20.5533
   -7.5000    7.5000   -7.500015246.4775   20.5690
    0.0000    7.5000   -7.500015748.2979   20.5983
    7.5000    7.5000   -7.500014821.9453   20.5791
   -7.5000   15.0000   -7.500014365.8467   20.5813
    0.0000   15.0000   -7.500014867.4131   20.6171
    7.5000   15.0000   -7.500014012.4434   20.5936
   -7.5000   22.5000   -7.500013252.1895   20.5567
    0.0000   22.5000   -7.500013732.0283   20.5913
    7.5000   22.5000   -7.500012996.3496   20.5721
   -7.5000   30.0000   -7.500011988.8164   20.2767
    0.0000   30.0000   -7.500012416.4121   20.3030
    7.5000   30.0000   -7.500011791.6152   20.2914
   -7.5000   37.5000   -7.500011296.6182   20.2672
    0.0000   37.5000   -7.500011725.0195   20.2867
    7.5000   37.5000   -7.500011086.9893   20.2780
   -7.5000   45.0000   -7.500010038.8301   19.8008
    0.0000   45.0000   -7.500010430.1553   19.8212
    7.5000   45.0000   -7.5000 9856.6621   19.8095
   -7.5000  -45.0000    0.000011370.0127   20.5963
    0.0000  -45.0000    0.000011737.2939   20.6187
    7.5000  -45.0000    0.000011081.8877   20.6126
   -7.5000  -37.5000    0.000012188.5781   20.6357
    0.0000  -37.5000    0.000012617.1768   20.6692
    7.5000  -37.5000    0.000011842.2314   20.6551
   -7.5000  -30.0000    0.000013491.8828   20.6680
    0.0000  -30.0000    0.000013992.6006   20.7073
    7.5000  -30.0000    0.000013081.0430   20.6891
   -7.5000  -22.5000    0.000014724.1982   20.6558
    0.0000  -22.5000    0.000015204.5723   20.6904
    7.5000  -22.5000    0.000014153.0811   20.6780
   -7.5000  -15.0000    0.000015652.0020   20.6196
    0.0000  -15.0000    0.000016087.8691   20.6436
    7.5000  -15.0000    0.000014902.1865   20.6392
   -7.5000   -7.5000    0.000016287.1182   20.5925
    0.0000   -7.5000    0.000016752.6836   20.6101
    7.5000   -7.5000    0.000015605.6719   20.6077
   -7.5000    0.0000    0.000016890.2188   20.5963
    0.0000    0.0000    0.000017485.7656   20.6187
    7.5000    0.0000    0.000016320.2998   20.6126
   -7.5000    7.5000    0.000016188.5957   20.6357
    0.0000    7.5000    0.000016786.9824   20.6692
    7.5000    7.5000    0.000015646.8105   20.6551
   -7.5000   15.0000    0.000015284.4551   20.6680
    0.0000   15.0000    0.000015843.5312   20.7073
    7.5000   15.0000    0.000014766.7822   20.6891
   -7.5000   22.5000    0.000014161.4473   20.6463
    0.0000   22.5000    0.000014656.0576   20.6808
    7.5000   22.5000    0.000013693.0869   20.6685
   -7.5000   30.0000    0.000012909.6572   20.3528
    0.0000   30.0000    0.000013357.2852   20.3765
    7.5000   30.0000    0.000012486.8125   20.3720
   -7.5000   37.5000    0.000012170.0117   20.3260
    0.0000   37.5000    0.000012565.1748   20.3433
    7.5000   37.5000    0.000011729.8154   20.3410
   -7.5000   45.0000    0.000010768.5898   19.8524
    0.0000   45.0000    0.000011112.6133   19.8741
    7.5000   45.0000    0.000010444.8467   19.8682
   -7.5000  -45.0000    7.500011104.9092   20.6255
    0.0000  -45.0000    7.500011484.4844   20.6401
    7.5000  -45.0000    7.500010853.0820   20.6328
   -7.5000  -37.5000    7.500011775.0703   20.6507
    0.0000  -37.5000    7.500012170.4395   20.6776
    7.5000  -37.5000    7.500011505.0156   20.6588
   -7.5000  -30.0000    7.500013101.0928   20.6856
    0.0000  -30.0000    7.500013510.6611   20.7145
    7.5000  -30.0000    7.500012705.4102   20.6871
   -7.5000  -22.5000    7.500014737.2305   20.6931
    0.0000  -22.5000    7.500015226.7246   20.7118
    7.5000  -22.5000    7.500013918.6338   20.6893
   -7.5000  -15.0000    7.500015894.9512   20.6740
    0.0000  -15.0000    7.500016454.1406   20.6797
    7.5000  -15.0000    7.500014791.4258   20.6673
   -7.5000   -7.5000    7.500016354.5068   20.6412
    0.0000   -7.5000    7.500017003.9082   20.6449
    7.5000   -7.5000    7.500015431.4873   20.6391
   -7.5000    0.0000    7.500016800.2363   20.6255
    0.0000    0.0000    7.500017534.1602   20.6401
    7.5000    0.0000    7.500016055.8164   20.6328
   -7.5000    7.5000    7.500016107.1055   20.6507
    0.0000    7.5000    7.500016751.7832   20.6776
    7.5000    7.5000    7.500015343.2168   20.6588
   -7.5000   15.0000    7.500015248.7051   20.6856
    0.0000   15.0000    7.500015733.0820   20.7145
    7.5000   15.0000    7.500014431.1104   20.6871
   -7.5000   22.5000    7.500014136.5537   20.6836
    0.0000   22.5000    7.500014483.7148   20.7022
    7.5000   22.5000    7.500013343.9062   20.6797
   -7.5000   30.0000    7.500012900.9102   20.4064
    0.0000   30.0000    7.500013170.0820   20.4121
    7.5000   30.0000    7.500012187.8662   20.3999
   -7.5000   37.5000    7.500012114.6279   20.3740
    0.0000   37.5000    7.500012366.6895   20.3778
    7.5000   37.5000    7.500011450.3623   20.3720
   -7.5000   45.0000    7.500010689.0996   19.8806
    0.0000   45.0000    7.500010958.7197   19.8947
    7.5000   45.0000    7.500010189.0674   19.8876
   -7.5000  -45.0000   15.000010702.1084   20.6419
    0.0000  -45.0000   15.000011161.8730   20.6467
    7.5000  -45.0000   15.000010516.5205   20.6333
   -7.5000  -37.5000   15.000011263.7373   20.6398
    0.0000  -37.5000   15.000011759.9766   20.6561
    7.5000  -37.5000   15.000011072.2666   20.6285
   -7.5000  -30.0000   15.000012483.3506   20.6594
    0.0000  -30.0000   15.000013009.0264   20.6753
    7.5000  -30.0000   15.000012202.9932   20.6348
   -7.5000  -22.5000   15.000014318.0586   20.6833
    0.0000  -22.5000   15.000014903.1387   20.6867
    7.5000  -22.5000   15.000013394.3867   20.6487
   -7.5000  -15.0000   15.000015840.3418   20.6922
    0.0000  -15.0000   15.000016328.1445   20.6825
    7.5000  -15.0000   15.000014302.7578   20.6567
   -7.5000   -7.5000   15.000016649.4355   20.6705
    0.0000   -7.5000   15.000017000.2930   20.6618
    7.5000   -7.5000   15.000015015.0068   20.6476
   -7.5000    0.0000   15.000017107.8203   20.6419
    0.0000    0.0000   15.000017420.3398   20.6467
    7.5000    0.0000   15.000015595.1807   20.6333
   -7.5000    7.5000   15.000016105.9111   20.6398
    0.0000    7.5000   15.000016385.6582   20.6561
    7.5000    7.5000   15.000014800.1279   20.6285
   -7.5000   15.0000   15.000014959.6367   20.6594
    0.0000   15.0000   15.000015260.4834   20.6753
    7.5000   15.0000   15.000013886.2236   20.6348
   -7.5000   22.5000   15.000013680.6260   20.6738
    0.0000   22.5000   15.000013995.5264   20.6772
    7.5000   22.5000   15.000012785.2100   20.6392
   -7.5000   30.0000   15.000012388.6484   20.4244
    0.0000   30.0000   15.000012727.9238   20.4148
    7.5000   30.0000   15.000011684.0205   20.3893
   -7.5000   37.5000   15.000011648.2578   20.4030
    0.0000   37.5000   15.000011985.8320   20.3944
    7.5000   37.5000   15.000011035.8643   20.3804
   -7.5000   45.0000   15.000010350.6230   19.8965
    0.0000   45.0000   15.000010650.4141   19.9010
    7.5000   45.0000   15.0000 9855.6650   19.8881
   -7.5000  -45.0000   22.500010303.1191   20.6308
    0.0000  -45.0000   22.500010718.1230   20.6338
    7.5000  -45.0000   22.500010012.5996   20.6138
   -7.5000  -37.5000   22.500010965.0713   20.6165
    0.0000  -37.5000   22.500011326.7051   20.6279
    7.5000  -37.5000   22.500010602.8027   20.5943
   -7.5000  -30.0000   22.500012250.1201   20.6185
    0.0000  -30.0000   22.500012602.3545   20.6303
    7.5000  -30.0000   22.500011712.5000   20.5837
   -7.5000  -22.5000   22.500013664.6299   20.6383
    0.0000  -22.5000   22.500013978.5859   20.6413
    7.5000  -22.5000   22.500012721.2666   20.5962
   -7.5000  -15.0000   22.500014770.7188   20.6570
    0.0000  -15.0000   22.500014999.0391   20.6502
    7.5000  -15.0000   22.500013520.7695   20.6169
   -7.5000   -7.5000   22.500015580.3750   20.6515
    0.0000   -7.5000   22.500015821.5039   20.6451
    7.5000   -7.5000   22.500014272.8145   20.6240
   -7.5000    0.0000   22.500016208.7432   20.6308
    0.0000    0.0000   22.500016539.4609   20.6338
    7.5000    0.0000   22.500014960.6836   20.6138
   -7.5000    7.5000   22.500015309.7588   20.6165
    0.0000    7.5000   22.500015652.3838   20.6279
    7.5000    7.5000   22.500014228.0967   20.5943
   -7.5000   15.0000   22.500014180.1953   20.6185
    0.0000   15.0000   22.500014555.9219   20.6303
    7.5000   15.0000   22.500013263.1357   20.5837
   -7.5000   22.5000   22.500012958.9248   20.6288
    0.0000   22.5000   22.500013280.5615   20.6317
    7.5000   22.5000   22.500012191.2158   20.5867
   -7.5000   30.0000   22.500011758.4414   20.3897
    0.0000   30.0000   22.500012086.9502   20.3829
    7.5000   30.0000   22.500011133.8994   20.3501
   -7.5000   37.5000   22.500011057.6289   20.3842
    0.0000   37.5000   22.500011396.0156   20.3779
    7.5000   37.5000   22.500010539.3672   20.3571
   -7.5000   45.0000   22.5000 9814.6748   19.8857
    0.0000   45.0000   22.500010123.5303   19.8886
    7.5000   45.0000   22.5000 9381.9229   19.8693
   -7.5000  -45.0000   30.0000 9756.8057   20.6038
    0.0000  -45.0000   30.000010093.2930   20.6155
    7.5000  -45.0000   30.0000 9440.8545   20.5954
   -7.5000  -37.5000   30.000010382.6387   20.6022
    0.0000  -37.5000   30.000010709.3750   20.6202
    7.5000  -37.5000   30.000010060.9209   20.5902
   -7.5000  -30.0000   30.000011408.1143   20.5996
    0.0000  -30.0000   30.000011800.2275   20.6210
    7.5000  -30.0000   30.000011014.9160   20.5823
   -7.5000  -22.5000   30.000012389.2617   20.6002
    0.0000  -22.5000   30.000012761.9209   20.6184
    7.5000  -22.5000   30.000011821.6553   20.5818
   -7.5000  -15.0000   30.000013111.1016   20.6037
    0.0000  -15.0000   30.000013488.8994   20.6150
    7.5000  -15.0000   30.000012533.3389   20.5881
   -7.5000   -7.5000   30.000013889.9775   20.6047
    0.0000   -7.5000   30.000014338.4502   20.6128
    7.5000   -7.5000   30.000013307.1436   20.5937
   -7.5000    0.0000   30.000014621.2939   20.6038
    0.0000    0.0000   30.000015154.6816   20.6155
    7.5000    0.0000   30.000014041.9521   20.5954
   -7.5000    7.5000   30.000013976.6299   20.6022
    0.0000    7.5000   30.000014526.2148   20.6202
    7.5000    7.5000   30.000013421.8057   20.5902
   -7.5000   15.0000   30.000013060.0117   20.5996
    0.0000   15.0000   30.000013573.5938   20.6210
    7.5000   15.0000   30.000012534.6211   20.5823
   -7.5000   22.5000   30.000011974.6709   20.5907
    0.0000   22.5000   30.000012403.3096   20.6089
    7.5000   22.5000   30.000011469.4248   20.5724
   -7.5000   30.0000   30.000010908.6230   20.3371
    0.0000   30.0000   30.000011284.2334   20.3482
    7.5000   30.0000   30.000010443.3975   20.3217
   -7.5000   37.5000   30.000010240.5332   20.3381
    0.0000   37.5000   30.000010600.4922   20.3461
    7.5000   37.5000   30.0000 9859.4619   20.3272
   -7.5000   45.0000   30.0000 9107.0781   19.8597
    0.0000   45.0000   30.0000 9423.1914   19.8710
    7.5000   45.0000   30.0000 8764.0176   19.8516
   -7.5000  -45.0000   37.5000 9325.4395   20.7236
    0.0000  -45.0000   37.5000 9692.0146   20.7451
    7.5000  -45.0000   37.5000 9153.5537   20.7326
   -7.5000  -37.5000   37.5000 9885.5605   20.7482
    0.0000  -37.5000   37.500010307.1680   20.7778
    7.5000  -37.5000   37.5000 9766.3496   20.7582
   -7.5000  -30.0000   37.500010833.9189   20.7605
    0.0000  -30.0000   37.500011303.7930   20.7966
    7.5000  -30.0000   37.500010683.5459   20.7728
   -7.5000  -22.5000   37.500011657.8008   20.7457
    0.0000  -22.5000   37.500012087.9619   20.7805
    7.5000  -22.5000   37.500011435.6553   20.7610
   -7.5000  -15.0000   37.500012301.1299   20.7228
    0.0000  -15.0000   37.500012720.5225   20.7495
    7.5000  -15.0000   37.500012086.1982   20.7376
   -7.5000   -7.5000   37.500013053.9385   20.7131
    0.0000   -7.5000   37.500013529.2666   20.7330
    7.5000   -7.5000   37.500012820.0039   20.7239
   -7.5000    0.0000   37.500013788.9492   20.7236
    0.0000    0.0000   37.500014304.0918   20.7451
    7.5000    0.0000   37.500013535.1260   20.7326
   -7.5000    7.5000   37.500013310.6611   20.7482
    0.0000    7.5000   37.500013830.4434   20.7778
    7.5000    7.5000   37.500013029.5156   20.7582
   -7.5000   15.0000   37.500012474.5596   20.7605
    0.0000   15.0000   37.500012948.5137   20.7966
    7.5000   15.0000   37.500012176.9893   20.7728
   -7.5000   22.5000   37.500011470.7158   20.7362
    0.0000   22.5000   37.500011892.0820   20.7709
    7.5000   22.5000   37.500011167.9463   20.7514
   -7.5000   30.0000   37.500010457.8115   20.4546
    0.0000   30.0000   37.500010840.5391   20.4810
    7.5000   30.0000   37.500010170.4014   20.4692
   -7.5000   37.5000   37.5000 9761.6631   20.4450
    0.0000   37.5000   37.500010120.2324   20.4647
    7.5000   37.5000   37.5000 9538.2002   20.4557
   -7.5000   45.0000   37.5000 8672.9424   19.9752
    0.0000   45.0000   37.5000 8984.2217   19.9959
    7.5000   45.0000   37.5000 8472.5576   19.9838
   -7.5000  -45.0000   45.0000 8528.8740   20.9427
    0.0000  -45.0000   45.0000 8880.1270   20.9662
    7.5000  -45.0000   45.0000 8496.2041   20.9601
   -7.5000  -37.5000   45.0000 9036.1328   20.9840
    0.0000  -37.5000   45.0000 9430.3027   21.0190
    7.5000  -37.5000   45.0000 9043.3447   21.0048
   -7.5000  -30.0000   45.0000 9895.2100   21.0168
    0.0000  -30.0000   45.000010301.4697   21.0585
    7.5000  -30.0000   45.0000 9838.3975   21.0405
   -7.5000  -22.5000   45.000010633.5166   21.0029
    0.0000  -22.5000   45.000011023.7793   21.0402
    7.5000  -22.5000   45.000010541.3457   21.0288
   -7.5000  -15.0000   45.000011216.6113   20.9649
    0.0000  -15.0000   45.000011612.9727   20.9911
    7.5000  -15.0000   45.000011149.6455   20.9878
   -7.5000   -7.5000   45.000011865.2617   20.9376
    0.0000   -7.5000   45.000012311.3389   20.9565
    7.5000   -7.5000   45.000011766.7061   20.9549
   -7.5000    0.0000   45.000012508.3203   20.9427
    0.0000    0.0000   45.000012991.8555   20.9662
    7.5000    0.0000   45.000012372.4570   20.9601
   -7.5000    7.5000   45.000012130.3926   20.9840
    0.0000    7.5000   45.000012578.7344   21.0190
    7.5000    7.5000   45.000011945.5020   21.0048
   -7.5000   15.0000   45.000011432.3906   21.0168
    0.0000   15.0000   45.000011821.4033   21.0585
    7.5000   15.0000   45.000011187.2139   21.0405
   -7.5000   22.5000   45.000010525.8955   20.9932
    0.0000   22.5000   45.000010889.4971   21.0304
    7.5000   22.5000   45.000010280.4531   21.0190
   -7.5000   30.0000   45.0000 9597.6045   20.6917
    0.0000   30.0000   45.0000 9923.4893   20.7176
    7.5000   30.0000   45.0000 9365.4277   20.7144
   -7.5000   37.5000   45.0000 8911.8447   20.6648
    0.0000   37.5000   45.0000 9235.7236   20.6835
    7.5000   37.5000   45.0000 8727.7939   20.6819
   -7.5000   45.0000   45.0000 7904.6343   20.1955
    0.0000   45.0000   45.0000 8216.8311   20.2182
    7.5000   45.0000   45.0000 7784.5806   20.2123

---------------------------------------------------------------------
imgreg_4dfp /opt/freesurfer/average/711-2C_as_mni_average_305 /opt/freesurfer/average/711-2B_as_mni_average_305_mask talsrcimg_g11 none talsrcimg_to_711-2C_as_mni_average_305_t4 4355
---------------------------------------------------------------------

freesurfer imgreg_4dfp.c
/opt/freesurfer/average/711-2C_as_mni_average_305.4dfp.img
       256       256       256         1
  1.000000  1.000000  1.000000
orientation T byte_order littleendian
Reading image: /opt/freesurfer/average/711-2C_as_mni_average_305.4dfp.img
dimensions:      256       256       256
mmppix:       1.0000   -1.0000   -1.0000
center:     128.0000 -129.0000 -129.0000
/opt/freesurfer/average/711-2B_as_mni_average_305_mask.4dfp.img
       256       256       256         1
  1.000000  1.000000  1.000000
orientation T byte_order littleendian
Reading mask: /opt/freesurfer/average/711-2B_as_mni_average_305_mask.4dfp.img (2306576 pixels)
talsrcimg_g11.4dfp.img
       256       256       256         1
  1.000000  1.000000  1.000000
orientation T byte_order littleendian
Reading image: talsrcimg_g11.4dfp.img
dimensions:      256       256       256
mmppix:       1.0000   -1.0000   -1.0000
center:     128.0000 -129.0000 -129.0000
rotation matrix determinant  1.000000
image alignment mode   4355 decimal     1103 hex
   -7.5000  -45.0000  -37.5000 2165.2114   21.7588
    0.0000  -45.0000  -37.5000 2161.0818   21.6641
    7.5000  -45.0000  -37.5000 2132.2615   21.7332
   -7.5000  -37.5000  -37.5000 2239.6357   20.1576
    0.0000  -37.5000  -37.5000 2232.9534   20.0411
    7.5000  -37.5000  -37.5000 2205.2737   20.2066
   -7.5000  -30.0000  -37.5000 2285.3621   19.1289
    0.0000  -30.0000  -37.5000 2280.1438   18.9968
    7.5000  -30.0000  -37.5000 2251.6406   19.1763
   -7.5000  -22.5000  -37.5000 2309.3279   18.5182
    0.0000  -22.5000  -37.5000 2308.5264   18.4388
    7.5000  -22.5000  -37.5000 2276.9822   18.5445
   -7.5000  -15.0000  -37.5000 2321.3730   18.1594
    0.0000  -15.0000  -37.5000 2320.5356   18.0740
    7.5000  -15.0000  -37.5000 2287.9634   18.2536
   -7.5000   -7.5000  -37.5000 2315.4868   18.1487
    0.0000   -7.5000  -37.5000 2313.9658   18.0585
    7.5000   -7.5000  -37.5000 2286.9277   18.2798
   -7.5000    0.0000  -37.5000 2288.5784   18.3352
    0.0000    0.0000  -37.5000 2301.1394   18.3019
    7.5000    0.0000  -37.5000 2272.7583   18.5500
   -7.5000    7.5000  -37.5000 2266.7769   19.0175
    0.0000    7.5000  -37.5000 2276.8945   18.9415
    7.5000    7.5000  -37.5000 2246.7344   19.2683
   -7.5000   15.0000  -37.5000 2220.4204   20.1265
    0.0000   15.0000  -37.5000 2231.7285   20.1051
    7.5000   15.0000  -37.5000 2202.7058   20.3623
   -7.5000   22.5000  -37.5000 2154.6726   21.6799
    0.0000   22.5000  -37.5000 2164.3816   21.5797
    7.5000   22.5000  -37.5000 2128.3130   21.8769
   -7.5000   30.0000  -37.5000 2060.6169   23.5501
    0.0000   30.0000  -37.5000 2064.0525   23.5023
    7.5000   30.0000  -37.5000 2034.0685   23.8445
   -7.5000   37.5000  -37.5000 1945.3142   25.8352
    0.0000   37.5000  -37.5000 1955.7201   25.7539
    7.5000   37.5000  -37.5000 1931.7489   26.2156
   -7.5000   45.0000  -37.5000 1827.1953   28.7344
    0.0000   45.0000  -37.5000 1830.9384   28.6345
    7.5000   45.0000  -37.5000 1811.1031   29.2063
   -7.5000  -45.0000  -30.0000 2303.3171   21.0953
    0.0000  -45.0000  -30.0000 2299.7581   20.9128
    7.5000  -45.0000  -30.0000 2252.6697   20.9093
   -7.5000  -37.5000  -30.0000 2378.8652   19.4226
    0.0000  -37.5000  -30.0000 2371.4199   19.2738
    7.5000  -37.5000  -30.0000 2330.3135   19.3342
   -7.5000  -30.0000  -30.0000 2420.7554   18.2926
    0.0000  -30.0000  -30.0000 2416.6091   18.1617
    7.5000  -30.0000  -30.0000 2384.3662   18.2928
   -7.5000  -22.5000  -30.0000 2453.6245   17.6906
    0.0000  -22.5000  -30.0000 2456.3818   17.5398
    7.5000  -22.5000  -30.0000 2423.7131   17.7187
   -7.5000  -15.0000  -30.0000 2466.7290   17.3686
    0.0000  -15.0000  -30.0000 2467.9302   17.2599
    7.5000  -15.0000  -30.0000 2432.6357   17.3703
   -7.5000   -7.5000  -30.0000 2465.7046   17.3414
    0.0000   -7.5000  -30.0000 2471.9497   17.2014
    7.5000   -7.5000  -30.0000 2438.8704   17.3673
   -7.5000    0.0000  -30.0000 2442.1143   17.5484
    0.0000    0.0000  -30.0000 2450.5745   17.4224
    7.5000    0.0000  -30.0000 2416.7314   17.6352
   -7.5000    7.5000  -30.0000 2417.4519   18.1500
    0.0000    7.5000  -30.0000 2423.6545   18.0679
    7.5000    7.5000  -30.0000 2386.8489   18.2907
   -7.5000   15.0000  -30.0000 2370.2725   19.1843
    0.0000   15.0000  -30.0000 2376.1125   19.0996
    7.5000   15.0000  -30.0000 2336.9453   19.2755
   -7.5000   22.5000  -30.0000 2296.1316   20.6794
    0.0000   22.5000  -30.0000 2306.0959   20.5546
    7.5000   22.5000  -30.0000 2265.6619   20.7774
   -7.5000   30.0000  -30.0000 2193.4028   22.4289
    0.0000   30.0000  -30.0000 2200.3083   22.3951
    7.5000   30.0000  -30.0000 2162.7598   22.6511
   -7.5000   37.5000  -30.0000 2079.7302   24.6216
    0.0000   37.5000  -30.0000 2089.2209   24.5950
    7.5000   37.5000  -30.0000 2044.5455   24.9066
   -7.5000   45.0000  -30.0000 1955.1931   27.4007
    0.0000   45.0000  -30.0000 1968.6068   27.3790
    7.5000   45.0000  -30.0000 1923.6063   27.7165
   -7.5000  -45.0000  -22.5000 2409.3069   20.0818
    0.0000  -45.0000  -22.5000 2402.9485   19.8416
    7.5000  -45.0000  -22.5000 2344.8862   19.8833
   -7.5000  -37.5000  -22.5000 2491.2566   18.5224
    0.0000  -37.5000  -22.5000 2488.5410   18.3321
    7.5000  -37.5000  -22.5000 2445.9792   18.4317
   -7.5000  -30.0000  -22.5000 2533.5417   17.3722
    0.0000  -30.0000  -22.5000 2527.8530   17.2005
    7.5000  -30.0000  -22.5000 2496.2993   17.3199
   -7.5000  -22.5000  -22.5000 2572.5449   16.7042
    0.0000  -22.5000  -22.5000 2572.7747   16.5364
    7.5000  -22.5000  -22.5000 2542.6384   16.6963
   -7.5000  -15.0000  -22.5000 2590.5269   16.3492
    0.0000  -15.0000  -22.5000 2595.8262   16.2303
    7.5000  -15.0000  -22.5000 2561.6826   16.3453
   -7.5000   -7.5000  -22.5000 2592.2217   16.3252
    0.0000   -7.5000  -22.5000 2603.4548   16.1716
    7.5000   -7.5000  -22.5000 2567.6719   16.3171
   -7.5000    0.0000  -22.5000 2578.5989   16.5605
    0.0000    0.0000  -22.5000 2589.8105   16.4559
    7.5000    0.0000  -22.5000 2550.9800   16.6456
   -7.5000    7.5000  -22.5000 2553.3652   17.1581
    0.0000    7.5000  -22.5000 2560.7097   17.0563
    7.5000    7.5000  -22.5000 2515.5974   17.2638
   -7.5000   15.0000  -22.5000 2496.4277   18.0799
    0.0000   15.0000  -22.5000 2502.2175   17.9806
    7.5000   15.0000  -22.5000 2460.5042   18.1840
   -7.5000   22.5000  -22.5000 2417.0442   19.4263
    0.0000   22.5000  -22.5000 2424.7424   19.3345
    7.5000   22.5000  -22.5000 2384.1960   19.5715
   -7.5000   30.0000  -22.5000 2315.9546   21.0718
    0.0000   30.0000  -22.5000 2323.0083   21.0490
    7.5000   30.0000  -22.5000 2282.8918   21.3502
   -7.5000   37.5000  -22.5000 2185.6870   23.2011
    0.0000   37.5000  -22.5000 2198.2029   23.1168
    7.5000   37.5000  -22.5000 2162.3782   23.5003
   -7.5000   45.0000  -22.5000 2049.1213   25.8643
    0.0000   45.0000  -22.5000 2061.9670   25.7924
    7.5000   45.0000  -22.5000 2016.6089   26.1379
   -7.5000  -45.0000  -15.0000 2467.1870   19.1076
    0.0000  -45.0000  -15.0000 2462.5569   18.9161
    7.5000  -45.0000  -15.0000 2415.7844   18.9756
   -7.5000  -37.5000  -15.0000 2561.5232   17.5815
    0.0000  -37.5000  -15.0000 2565.1428   17.4768
    7.5000  -37.5000  -15.0000 2521.8899   17.5426
   -7.5000  -30.0000  -15.0000 2606.5425   16.5294
    0.0000  -30.0000  -15.0000 2614.0264   16.4198
    7.5000  -30.0000  -15.0000 2584.1084   16.5381
   -7.5000  -22.5000  -15.0000 2640.7825   15.7897
    0.0000  -22.5000  -15.0000 2646.0176   15.6171
    7.5000  -22.5000  -15.0000 2617.3188   15.7935
   -7.5000  -15.0000  -15.0000 2672.3179   15.3642
    0.0000  -15.0000  -15.0000 2676.8677   15.2291
    7.5000  -15.0000  -15.0000 2643.5728   15.3522
   -7.5000   -7.5000  -15.0000 2680.9102   15.2644
    0.0000   -7.5000  -15.0000 2695.1082   15.1520
    7.5000   -7.5000  -15.0000 2657.9084   15.3658
   -7.5000    0.0000  -15.0000 2674.8347   15.5575
    0.0000    0.0000  -15.0000 2691.1497   15.4753
    7.5000    0.0000  -15.0000 2655.1719   15.7768
   -7.5000    7.5000  -15.0000 2652.3140   16.1562
    0.0000    7.5000  -15.0000 2667.6445   16.0605
    7.5000    7.5000  -15.0000 2632.9937   16.3496
   -7.5000   15.0000  -15.0000 2587.5708   17.0292
    0.0000   15.0000  -15.0000 2604.0903   16.9282
    7.5000   15.0000  -15.0000 2572.8403   17.2020
   -7.5000   22.5000  -15.0000 2503.5249   18.2471
    0.0000   22.5000  -15.0000 2509.8977   18.1436
    7.5000   22.5000  -15.0000 2484.4187   18.4778
   -7.5000   30.0000  -15.0000 2390.8682   19.8929
    0.0000   30.0000  -15.0000 2396.9448   19.7838
    7.5000   30.0000  -15.0000 2376.7756   20.1590
   -7.5000   37.5000  -15.0000 2266.5903   21.9721
    0.0000   37.5000  -15.0000 2274.8076   21.8153
    7.5000   37.5000  -15.0000 2249.8953   22.3085
   -7.5000   45.0000  -15.0000 2112.2180   24.5211
    0.0000   45.0000  -15.0000 2121.5051   24.3784
    7.5000   45.0000  -15.0000 2094.8337   24.8645
   -7.5000  -45.0000   -7.5000 2484.8032   18.2126
    0.0000  -45.0000   -7.5000 2490.0002   18.1098
    7.5000  -45.0000   -7.5000 2460.2900   18.2114
   -7.5000  -37.5000   -7.5000 2603.6479   16.7891
    0.0000  -37.5000   -7.5000 2609.4651   16.7688
    7.5000  -37.5000   -7.5000 2579.5251   16.8513
   -7.5000  -30.0000   -7.5000 2665.8213   15.7995
    0.0000  -30.0000   -7.5000 2678.7080   15.7642
    7.5000  -30.0000   -7.5000 2651.1360   15.8976
   -7.5000  -22.5000   -7.5000 2704.5098   15.0400
    0.0000  -22.5000   -7.5000 2713.5334   14.9444
    7.5000  -22.5000   -7.5000 2690.4897   15.1647
   -7.5000  -15.0000   -7.5000 2737.5093   14.5187
    0.0000  -15.0000   -7.5000 2740.7168   14.3692
    7.5000  -15.0000   -7.5000 2708.7607   14.6370
   -7.5000   -7.5000   -7.5000 2753.5427   14.2742
    0.0000   -7.5000   -7.5000 2765.2148   14.2086
    7.5000   -7.5000   -7.5000 2737.1731   14.6190
   -7.5000    0.0000   -7.5000 2746.6436   14.5988
    0.0000    0.0000   -7.5000 2765.4089   14.5110
    7.5000    0.0000   -7.5000 2737.5051   14.9327
   -7.5000    7.5000   -7.5000 2719.6350   15.2140
    0.0000    7.5000   -7.5000 2737.9963   15.1118
    7.5000    7.5000   -7.5000 2718.9485   15.5060
   -7.5000   15.0000   -7.5000 2654.1997   16.0850
    0.0000   15.0000   -7.5000 2674.7310   16.0125
    7.5000   15.0000   -7.5000 2661.0544   16.4073
   -7.5000   22.5000   -7.5000 2567.7310   17.3070
    0.0000   22.5000   -7.5000 2585.0403   17.2496
    7.5000   22.5000   -7.5000 2570.3264   17.6678
   -7.5000   30.0000   -7.5000 2446.3093   18.9356
    0.0000   30.0000   -7.5000 2462.3242   18.8679
    7.5000   30.0000   -7.5000 2446.4192   19.3606
   -7.5000   37.5000   -7.5000 2325.2822   20.9073
    0.0000   37.5000   -7.5000 2342.7126   20.8358
    7.5000   37.5000   -7.5000 2309.3604   21.3187
   -7.5000   45.0000   -7.5000 2153.3889   23.3256
    0.0000   45.0000   -7.5000 2174.6396   23.2657
    7.5000   45.0000   -7.5000 2144.3193   23.7058
   -7.5000  -45.0000    0.0000 2495.7402   17.6337
    0.0000  -45.0000    0.0000 2498.1794   17.5476
    7.5000  -45.0000    0.0000 2478.3240   17.7861
   -7.5000  -37.5000    0.0000 2613.1516   16.2682
    0.0000  -37.5000    0.0000 2627.4153   16.2316
    7.5000  -37.5000    0.0000 2602.9744   16.4163
   -7.5000  -30.0000    0.0000 2697.0176   15.3388
    0.0000  -30.0000    0.0000 2719.3396   15.2824
    7.5000  -30.0000    0.0000 2694.2722   15.4454
   -7.5000  -22.5000    0.0000 2757.0139   14.6349
    0.0000  -22.5000    0.0000 2779.0525   14.6049
    7.5000  -22.5000    0.0000 2754.7151   14.7185
   -7.5000  -15.0000    0.0000 2787.6125   14.0380
    0.0000  -15.0000    0.0000 2804.2268   13.9460
    7.5000  -15.0000    0.0000 2767.1479   14.2066
   -7.5000   -7.5000    0.0000 2798.7053   13.6494
    0.0000   -7.5000    0.0000 2816.3857   13.6459
    7.5000   -7.5000    0.0000 2780.1653   14.1032
   -7.5000    0.0000    0.0000 2781.5554   13.8706
    0.0000    0.0000    0.0000 2809.1116   13.8646
    7.5000    0.0000    0.0000 2778.4543   14.3633
   -7.5000    7.5000    0.0000 2758.5771   14.4882
    0.0000    7.5000    0.0000 2786.9885   14.4850
    7.5000    7.5000    0.0000 2760.2273   14.9113
   -7.5000   15.0000    0.0000 2692.9507   15.3989
    0.0000   15.0000    0.0000 2723.4016   15.4294
    7.5000   15.0000    0.0000 2704.1738   15.8371
   -7.5000   22.5000    0.0000 2606.6145   16.6738
    0.0000   22.5000    0.0000 2630.7319   16.7097
    7.5000   22.5000    0.0000 2609.9646   17.1183
   -7.5000   30.0000    0.0000 2487.7766   18.3274
    0.0000   30.0000    0.0000 2507.7690   18.3225
    7.5000   30.0000    0.0000 2486.6482   18.7635
   -7.5000   37.5000    0.0000 2360.6174   20.2238
    0.0000   37.5000    0.0000 2375.0901   20.1819
    7.5000   37.5000    0.0000 2346.5215   20.6864
   -7.5000   45.0000    0.0000 2187.6406   22.5816
    0.0000   45.0000    0.0000 2201.8804   22.5564
    7.5000   45.0000    0.0000 2189.1653   23.0659
   -7.5000  -45.0000    7.5000 2497.3330   17.3043
    0.0000  -45.0000    7.5000 2510.3916   17.1802
    7.5000  -45.0000    7.5000 2490.4971   17.5669
   -7.5000  -37.5000    7.5000 2613.2959   15.9514
    0.0000  -37.5000    7.5000 2637.7004   15.8283
    7.5000  -37.5000    7.5000 2617.0256   16.1389
   -7.5000  -30.0000    7.5000 2715.6499   15.0045
    0.0000  -30.0000    7.5000 2739.3848   14.9159
    7.5000  -30.0000    7.5000 2714.0820   15.1326
   -7.5000  -22.5000    7.5000 2792.8799   14.4953
    0.0000  -22.5000    7.5000 2821.6240   14.3834
    7.5000  -22.5000    7.5000 2790.5203   14.4805
   -7.5000  -15.0000    7.5000 2861.9580   14.1301
    0.0000  -15.0000    7.5000 2887.4539   14.0462
    7.5000  -15.0000    7.5000 2817.6570   14.0592
   -7.5000   -7.5000    7.5000 2852.7134   13.5502
    0.0000   -7.5000    7.5000 2887.1389   13.6612
    7.5000   -7.5000    7.5000 2828.0776   13.9005
   -7.5000    0.0000    7.5000 2814.6936   13.5678
    0.0000    0.0000    7.5000 2854.8452   13.6918
    7.5000    0.0000    7.5000 2809.3010   14.0813
   -7.5000    7.5000    7.5000 2783.8269   14.1320
    0.0000    7.5000    7.5000 2815.0828   14.1447
    7.5000    7.5000    7.5000 2784.7781   14.5738
   -7.5000   15.0000    7.5000 2721.5388   15.1048
    0.0000   15.0000    7.5000 2746.1829   15.0433
    7.5000   15.0000    7.5000 2722.8716   15.4473
   -7.5000   22.5000    7.5000 2642.3496   16.5000
    0.0000   22.5000    7.5000 2654.5632   16.3713
    7.5000   22.5000    7.5000 2627.5991   16.7670
   -7.5000   30.0000    7.5000 2530.0745   18.1757
    0.0000   30.0000    7.5000 2533.1033   17.9707
    7.5000   30.0000    7.5000 2506.0083   18.4065
   -7.5000   37.5000    7.5000 2395.7461   20.0515
    0.0000   37.5000    7.5000 2394.9358   19.8339
    7.5000   37.5000    7.5000 2367.9973   20.3002
   -7.5000   45.0000    7.5000 2213.2034   22.3809
    0.0000   45.0000    7.5000 2225.4451   22.1883
    7.5000   45.0000    7.5000 2202.1047   22.6727
   -7.5000  -45.0000   15.0000 2479.0671   17.1539
    0.0000  -45.0000   15.0000 2504.8174   17.1335
    7.5000  -45.0000   15.0000 2495.5193   17.5849
   -7.5000  -37.5000   15.0000 2595.4004   15.7716
    0.0000  -37.5000   15.0000 2631.1306   15.7452
    7.5000  -37.5000   15.0000 2614.0562   16.0750
   -7.5000  -30.0000   15.0000 2697.4583   14.8274
    0.0000  -30.0000   15.0000 2735.4219   14.8181
    7.5000  -30.0000   15.0000 2713.3486   15.0334
   -7.5000  -22.5000   15.0000 2812.8403   14.4630
    0.0000  -22.5000   15.0000 2844.1025   14.4005
    7.5000  -22.5000   15.0000 2800.3684   14.4274
   -7.5000  -15.0000   15.0000 2925.5334   14.4216
    0.0000  -15.0000   15.0000 2936.9607   14.2656
    7.5000  -15.0000   15.0000 2845.5620   14.0661
   -7.5000   -7.5000   15.0000 2945.6179   14.0797
    0.0000   -7.5000   15.0000 2945.9978   13.9194
    7.5000   -7.5000   15.0000 2851.1140   13.8806
   -7.5000    0.0000   15.0000 2874.2378   13.9767
    0.0000    0.0000   15.0000 2875.2708   13.8173
    7.5000    0.0000   15.0000 2817.6294   14.0800
   -7.5000    7.5000   15.0000 2807.7065   14.2398
    0.0000    7.5000   15.0000 2815.0168   14.1079
    7.5000    7.5000   15.0000 2776.1067   14.4760
   -7.5000   15.0000   15.0000 2724.8335   15.0767
    0.0000   15.0000   15.0000 2740.9482   14.9388
    7.5000   15.0000   15.0000 2719.9216   15.2857
   -7.5000   22.5000   15.0000 2638.5298   16.3868
    0.0000   22.5000   15.0000 2654.2002   16.2382
    7.5000   22.5000   15.0000 2627.3718   16.5673
   -7.5000   30.0000   15.0000 2520.5847   18.0305
    0.0000   30.0000   15.0000 2533.2817   17.9132
    7.5000   30.0000   15.0000 2510.3701   18.2278
   -7.5000   37.5000   15.0000 2391.5476   20.0293
    0.0000   37.5000   15.0000 2401.9014   19.9127
    7.5000   37.5000   15.0000 2372.6543   20.2489
   -7.5000   45.0000   15.0000 2219.1416   22.4054
    0.0000   45.0000   15.0000 2231.7734   22.2795
    7.5000   45.0000   15.0000 2204.6736   22.6319
   -7.5000  -45.0000   22.5000 2463.6165   17.4880
    0.0000  -45.0000   22.5000 2487.4031   17.4429
    7.5000  -45.0000   22.5000 2481.7942   17.8240
   -7.5000  -37.5000   22.5000 2595.4668   16.2607
    0.0000  -37.5000   22.5000 2610.3589   16.1081
    7.5000  -37.5000   22.5000 2603.3848   16.4043
   -7.5000  -30.0000   22.5000 2714.8542   15.3759
    0.0000  -30.0000   22.5000 2721.1758   15.1955
    7.5000  -30.0000   22.5000 2709.5574   15.3889
   -7.5000  -22.5000   22.5000 2829.9963   14.8794
    0.0000  -22.5000   22.5000 2832.8867   14.6923
    7.5000  -22.5000   22.5000 2793.0388   14.6535
   -7.5000  -15.0000   22.5000 2902.3667   14.4003
    0.0000  -15.0000   22.5000 2907.2002   14.2378
    7.5000  -15.0000   22.5000 2830.9258   14.1648
   -7.5000   -7.5000   22.5000 2925.6792   14.1103
    0.0000   -7.5000   22.5000 2930.7590   13.9390
    7.5000   -7.5000   22.5000 2848.5576   14.0357
   -7.5000    0.0000   22.5000 2888.2993   14.2438
    0.0000    0.0000   22.5000 2897.3271   14.1476
    7.5000    0.0000   22.5000 2829.4827   14.3373
   -7.5000    7.5000   22.5000 2818.8667   14.7092
    0.0000    7.5000   22.5000 2825.4133   14.6613
    7.5000    7.5000   22.5000 2781.1731   14.8667
   -7.5000   15.0000   22.5000 2719.4238   15.5026
    0.0000   15.0000   22.5000 2732.5042   15.4062
    7.5000   15.0000   22.5000 2700.9880   15.6262
   -7.5000   22.5000   22.5000 2619.3647   16.6830
    0.0000   22.5000   22.5000 2629.7461   16.5634
    7.5000   22.5000   22.5000 2608.6917   16.7931
   -7.5000   30.0000   22.5000 2501.2205   18.2784
    0.0000   30.0000   22.5000 2515.6396   18.1287
    7.5000   30.0000   22.5000 2496.4109   18.3428
   -7.5000   37.5000   22.5000 2365.8354   20.1901
    0.0000   37.5000   22.5000 2379.0679   20.0841
    7.5000   37.5000   22.5000 2365.7605   20.3001
   -7.5000   45.0000   22.5000 2198.4065   22.5649
    0.0000   45.0000   22.5000 2211.1606   22.4609
    7.5000   45.0000   22.5000 2193.4358   22.7017
   -7.5000  -45.0000   30.0000 2450.5710   18.2733
    0.0000  -45.0000   30.0000 2463.7227   18.1688
    7.5000  -45.0000   30.0000 2456.5154   18.4753
   -7.5000  -37.5000   30.0000 2577.6404   16.9253
    0.0000  -37.5000   30.0000 2586.7141   16.7765
    7.5000  -37.5000   30.0000 2582.5596   17.0668
   -7.5000  -30.0000   30.0000 2683.0178   15.8626
    0.0000  -30.0000   30.0000 2696.2808   15.7269
    7.5000  -30.0000   30.0000 2685.4878   15.9597
   -7.5000  -22.5000   30.0000 2775.6587   15.1370
    0.0000  -22.5000   30.0000 2795.4280   15.0401
    7.5000  -22.5000   30.0000 2758.2202   15.0865
   -7.5000  -15.0000   30.0000 2826.7756   14.5278
    0.0000  -15.0000   30.0000 2837.6277   14.3933
    7.5000  -15.0000   30.0000 2799.1726   14.5353
   -7.5000   -7.5000   30.0000 2864.9739   14.3473
    0.0000   -7.5000   30.0000 2882.8120   14.2729
    7.5000   -7.5000   30.0000 2828.9900   14.4338
   -7.5000    0.0000   30.0000 2849.7363   14.6186
    0.0000    0.0000   30.0000 2868.5237   14.6183
    7.5000    0.0000   30.0000 2815.1707   14.7682
   -7.5000    7.5000   30.0000 2792.2419   15.2327
    0.0000    7.5000   30.0000 2810.8179   15.2422
    7.5000    7.5000   30.0000 2762.1533   15.3974
   -7.5000   15.0000   30.0000 2699.3752   16.1665
    0.0000   15.0000   30.0000 2715.0144   16.1321
    7.5000   15.0000   30.0000 2680.0637   16.2866
   -7.5000   22.5000   30.0000 2594.3330   17.3612
    0.0000   22.5000   30.0000 2606.3264   17.2883
    7.5000   22.5000   30.0000 2574.3738   17.4190
   -7.5000   30.0000   30.0000 2465.6863   18.7774
    0.0000   30.0000   30.0000 2479.2864   18.6957
    7.5000   30.0000   30.0000 2451.5291   18.8531
   -7.5000   37.5000   30.0000 2323.0132   20.6074
    0.0000   37.5000   30.0000 2334.5710   20.5353
    7.5000   37.5000   30.0000 2317.7988   20.7226
   -7.5000   45.0000   30.0000 2161.8003   23.0255
    0.0000   45.0000   30.0000 2174.1577   22.9027
    7.5000   45.0000   30.0000 2152.9026   23.1122
   -7.5000  -45.0000   37.5000 2410.9966   18.9560
    0.0000  -45.0000   37.5000 2431.5195   18.9022
    7.5000  -45.0000   37.5000 2421.9985   19.3744
   -7.5000  -37.5000   37.5000 2531.1992   17.5088
    0.0000  -37.5000   37.5000 2550.7996   17.4328
    7.5000  -37.5000   37.5000 2551.4626   17.9226
   -7.5000  -30.0000   37.5000 2637.0303   16.4254
    0.0000  -30.0000   37.5000 2656.8159   16.3896
    7.5000  -30.0000   37.5000 2648.7192   16.7288
   -7.5000  -22.5000   37.5000 2715.7610   15.5318
    0.0000  -22.5000   37.5000 2733.0059   15.4568
    7.5000  -22.5000   37.5000 2717.7217   15.8062
   -7.5000  -15.0000   37.5000 2759.4097   14.9424
    0.0000  -15.0000   37.5000 2774.0950   14.8376
    7.5000  -15.0000   37.5000 2752.4175   15.1964
   -7.5000   -7.5000   37.5000 2800.6814   14.8685
    0.0000   -7.5000   37.5000 2816.4688   14.8012
    7.5000   -7.5000   37.5000 2786.6843   15.0929
   -7.5000    0.0000   37.5000 2790.2280   15.2018
    0.0000    0.0000   37.5000 2808.4614   15.1992
    7.5000    0.0000   37.5000 2770.9778   15.4867
   -7.5000    7.5000   37.5000 2741.5410   15.8773
    0.0000    7.5000   37.5000 2765.1121   15.8781
    7.5000    7.5000   37.5000 2723.0894   16.1489
   -7.5000   15.0000   37.5000 2652.3179   16.8831
    0.0000   15.0000   37.5000 2665.0681   16.8624
    7.5000   15.0000   37.5000 2639.3989   17.0970
   -7.5000   22.5000   37.5000 2551.6648   18.1568
    0.0000   22.5000   37.5000 2567.8865   18.1130
    7.5000   22.5000   37.5000 2541.8977   18.3241
   -7.5000   30.0000   37.5000 2426.0654   19.6555
    0.0000   30.0000   37.5000 2442.3411   19.6371
    7.5000   30.0000   37.5000 2419.6992   19.8040
   -7.5000   37.5000   37.5000 2271.5378   21.4070
    0.0000   37.5000   37.5000 2283.8369   21.2998
    7.5000   37.5000   37.5000 2273.7090   21.4956
   -7.5000   45.0000   37.5000 2113.0293   23.7280
    0.0000   45.0000   37.5000 2124.3782   23.6438
    7.5000   45.0000   37.5000 2109.9453   23.8533
   -7.5000  -45.0000   45.0000 2359.2134   19.7658
    0.0000  -45.0000   45.0000 2378.2466   19.6996
    7.5000  -45.0000   45.0000 2380.8130   20.4027
   -7.5000  -37.5000   45.0000 2474.4260   18.2958
    0.0000  -37.5000   45.0000 2492.2324   18.2324
    7.5000  -37.5000   45.0000 2499.1414   18.8506
   -7.5000  -30.0000   45.0000 2574.2012   17.1006
    0.0000  -30.0000   45.0000 2585.7808   17.0442
    7.5000  -30.0000   45.0000 2588.3206   17.5781
   -7.5000  -22.5000   45.0000 2643.2874   16.1967
    0.0000  -22.5000   45.0000 2664.2039   16.1076
    7.5000  -22.5000   45.0000 2652.6614   16.6237
   -7.5000  -15.0000   45.0000 2691.7581   15.6549
    0.0000  -15.0000   45.0000 2707.1118   15.6216
    7.5000  -15.0000   45.0000 2695.2195   16.0445
   -7.5000   -7.5000   45.0000 2724.8713   15.6530
    0.0000   -7.5000   45.0000 2737.3152   15.6169
    7.5000   -7.5000   45.0000 2719.0120   16.0048
   -7.5000    0.0000   45.0000 2704.6084   15.9949
    0.0000    0.0000   45.0000 2726.1965   15.9633
    7.5000    0.0000   45.0000 2699.4753   16.3668
   -7.5000    7.5000   45.0000 2663.2131   16.6775
    0.0000    7.5000   45.0000 2684.7520   16.6593
    7.5000    7.5000   45.0000 2660.2874   17.0576
   -7.5000   15.0000   45.0000 2584.0095   17.7264
    0.0000   15.0000   45.0000 2593.5569   17.7396
    7.5000   15.0000   45.0000 2574.8435   18.0246
   -7.5000   22.5000   45.0000 2488.7368   18.9842
    0.0000   22.5000   45.0000 2501.1096   18.9713
    7.5000   22.5000   45.0000 2480.3779   19.2394
   -7.5000   30.0000   45.0000 2365.6104   20.6395
    0.0000   30.0000   45.0000 2377.7058   20.6415
    7.5000   30.0000   45.0000 2359.6626   20.8445
   -7.5000   37.5000   45.0000 2205.6497   22.5469
    0.0000   37.5000   45.0000 2220.4556   22.4920
    7.5000   37.5000   45.0000 2203.5786   22.7222
   -7.5000   45.0000   45.0000 2052.8210   24.7612
    0.0000   45.0000   45.0000 2069.2415   24.7103
    7.5000   45.0000   45.0000 2052.2649   25.0523
   -7.5000  -45.0000   52.5000 2305.4958   20.7189
    0.0000  -45.0000   52.5000 2318.8701   20.6820
    7.5000  -45.0000   52.5000 2325.4824   21.4061
   -7.5000  -37.5000   52.5000 2410.3696   19.1674
    0.0000  -37.5000   52.5000 2425.2307   19.1070
    7.5000  -37.5000   52.5000 2436.3569   19.7671
   -7.5000  -30.0000   52.5000 2499.2295   17.9116
    0.0000  -30.0000   52.5000 2507.1333   17.8424
    7.5000  -30.0000   52.5000 2511.1042   18.4476
   -7.5000  -22.5000   52.5000 2570.2966   17.0609
    0.0000  -22.5000   52.5000 2580.4565   16.9703
    7.5000  -22.5000   52.5000 2573.7520   17.5339
   -7.5000  -15.0000   52.5000 2614.9963   16.5897
    0.0000  -15.0000   52.5000 2625.0754   16.5421
    7.5000  -15.0000   52.5000 2615.0662   16.9909
   -7.5000   -7.5000   52.5000 2637.7485   16.6658
    0.0000   -7.5000   52.5000 2650.5293   16.6094
    7.5000   -7.5000   52.5000 2637.4614   17.0333
   -7.5000    0.0000   52.5000 2613.4929   17.0059
    0.0000    0.0000   52.5000 2638.7300   16.9827
    7.5000    0.0000   52.5000 2616.9658   17.3687
   -7.5000    7.5000   52.5000 2576.0471   17.6918
    0.0000    7.5000   52.5000 2600.8855   17.6658
    7.5000    7.5000   52.5000 2581.9846   18.0527
   -7.5000   15.0000   52.5000 2509.0315   18.7235
    0.0000   15.0000   52.5000 2523.9478   18.6848
    7.5000   15.0000   52.5000 2500.7588   19.0251
   -7.5000   22.5000   52.5000 2418.3860   20.0155
    0.0000   22.5000   52.5000 2428.7908   19.9464
    7.5000   22.5000   52.5000 2406.7761   20.2434
   -7.5000   30.0000   52.5000 2282.9785   21.7807
    0.0000   30.0000   52.5000 2295.3030   21.7204
    7.5000   30.0000   52.5000 2277.7996   21.9418
   -7.5000   37.5000   52.5000 2140.0166   23.8294
    0.0000   37.5000   52.5000 2159.0400   23.7470
    7.5000   37.5000   52.5000 2138.1807   24.0074
   -7.5000   45.0000   52.5000 1996.4104   26.2677
    0.0000   45.0000   52.5000 2007.9510   26.1896
    7.5000   45.0000   52.5000 2005.2943   26.5003

---------------------------------------------------------------------
imgreg_4dfp /opt/freesurfer/average/711-2C_as_mni_average_305 /opt/freesurfer/average/711-2B_as_mni_average_305_mask talsrcimg_g11 none talsrcimg_to_711-2C_as_mni_average_305_t4 1283
---------------------------------------------------------------------

freesurfer imgreg_4dfp.c
/opt/freesurfer/average/711-2C_as_mni_average_305.4dfp.img
       256       256       256         1
  1.000000  1.000000  1.000000
orientation T byte_order littleendian
Reading image: /opt/freesurfer/average/711-2C_as_mni_average_305.4dfp.img
dimensions:      256       256       256
mmppix:       1.0000   -1.0000   -1.0000
center:     128.0000 -129.0000 -129.0000
/opt/freesurfer/average/711-2B_as_mni_average_305_mask.4dfp.img
       256       256       256         1
  1.000000  1.000000  1.000000
orientation T byte_order littleendian
Reading mask: /opt/freesurfer/average/711-2B_as_mni_average_305_mask.4dfp.img (2306576 pixels)
talsrcimg_g11.4dfp.img
       256       256       256         1
  1.000000  1.000000  1.000000
orientation T byte_order littleendian
Reading image: talsrcimg_g11.4dfp.img
dimensions:      256       256       256
mmppix:       1.0000   -1.0000   -1.0000
center:     128.0000 -129.0000 -129.0000
rotation matrix determinant  1.000000
fimgreg.f
image alignment mode   1283 decimal      503 hex
parameters
    0.0000   -7.5000   15.0000    0.0000    0.0000    0.0000
eta,q 0.92477 13.94163
niter,ni,del,rscale     5    3   12.0000    1.2000
parameter  1  1.025538 ->  0.500000 qaram    1.1500
parameter  2  0.598611 ->  0.500000 qaram    1.1500
parameter  6  0.695411 ->  0.500000 qaram    1.1500
parameters
   -3.4500  -10.9500   16.2002    0.9112   -2.5676   -3.4500
eta,q 0.94609 14.23436
  0.0688  0.0627  0.0789  0.0694  0.0625  0.0552
  0.0649  0.0610  0.0717  0.0654  0.0584  0.0539
  0.0665  0.0614  0.0647  0.0617  0.0583  0.0548
  0.0762  0.0640  0.0614  0.0607  0.0607  0.0578
  0.0859  0.0707  0.0611  0.0614  0.0649  0.0627
  0.0926  0.0810  0.0634  0.0628  0.0706  0.0692
  0.1000  0.0893  0.0696  0.0651  0.0782  0.0760
niter,ni,del,rscale     7    3   12.0000    1.2000
parameters
   -2.9454  -10.7285   16.4100   -0.1232   -2.6790   -4.4166
eta,q 0.94600 14.22809
  0.0916  0.0774  0.0716  0.0602  0.0649  0.0612
  0.0723  0.0645  0.0626  0.0562  0.0597  0.0576
  0.0599  0.0561  0.0571  0.0543  0.0547  0.0547
  0.0539  0.0542  0.0544  0.0542  0.0541  0.0541
  0.0585  0.0582  0.0549  0.0571  0.0565  0.0560
  0.0671  0.0633  0.0604  0.0610  0.0602  0.0606
  0.0812  0.0733  0.0702  0.0644  0.0652  0.0677
niter,ni,del,rscale     6    3   12.0000    1.2000
parameters
   -2.9158  -10.3207   16.2886   -1.0471   -2.6699   -4.5086
eta,q 0.94619 14.22588
  0.0868  0.0790  0.0697  0.0595  0.0657  0.0625
  0.0693  0.0656  0.0610  0.0561  0.0606  0.0587
  0.0575  0.0564  0.0560  0.0538  0.0555  0.0555
  0.0540  0.0540  0.0540  0.0541  0.0538  0.0538
  0.0598  0.0567  0.0555  0.0563  0.0557  0.0549
  0.0693  0.0623  0.0616  0.0595  0.0599  0.0580
  0.0853  0.0730  0.0716  0.0633  0.0659  0.0640
niter,ni,del,rscale     5    3   12.0000    1.2000
parameters
   -2.9271   -9.9428   16.1227   -1.7298   -2.6880   -4.5699
eta,q 0.94673 14.23265
  0.0874  0.0791  0.0694  0.0596  0.0662  0.0620
  0.0700  0.0657  0.0605  0.0563  0.0609  0.0583
  0.0574  0.0569  0.0554  0.0533  0.0556  0.0551
  0.0538  0.0538  0.0537  0.0537  0.0533  0.0533
  0.0601  0.0556  0.0556  0.0560  0.0554  0.0544
  0.0702  0.0627  0.0618  0.0588  0.0603  0.0574
  0.0867  0.0738  0.0713  0.0620  0.0669  0.0634
niter,ni,del,rscale     4    3   12.0000    1.2000
parameters
   -2.9163   -9.6712   15.9910   -2.1808   -2.7447   -4.6426
eta,q 0.94722 14.24054
  0.0883  0.0781  0.0695  0.0598  0.0664  0.0615
  0.0707  0.0654  0.0601  0.0569  0.0608  0.0580
  0.0575  0.0575  0.0548  0.0531  0.0554  0.0548
  0.0533  0.0533  0.0531  0.0531  0.0527  0.0528
  0.0599  0.0550  0.0553  0.0556  0.0551  0.0538
  0.0706  0.0635  0.0615  0.0586  0.0605  0.0570
  0.0873  0.0746  0.0707  0.0612  0.0675  0.0631
niter,ni,del,rscale     3    3   12.0000    1.2000
parameters
   -2.8875   -9.4882   15.9130   -2.4747   -2.7982   -4.7192
eta,q 0.94744 14.24595
  0.0886  0.0772  0.0698  0.0601  0.0665  0.0613
  0.0711  0.0652  0.0601  0.0572  0.0608  0.0579
  0.0575  0.0578  0.0545  0.0532  0.0554  0.0547
  0.0528  0.0528  0.0527  0.0527  0.0525  0.0525
  0.0595  0.0550  0.0551  0.0551  0.0548  0.0535
  0.0706  0.0641  0.0613  0.0585  0.0604  0.0568
  0.0874  0.0752  0.0702  0.0608  0.0677  0.0630
niter,ni,del,rscale     2    3   12.0000    1.2000
parameters
   -2.8681   -9.3699   15.8555   -2.6798   -2.8507   -4.7573
eta,q 0.94760 14.25162
  0.0886  0.0766  0.0700  0.0603  0.0665  0.0612
  0.0710  0.0652  0.0601  0.0574  0.0608  0.0578
  0.0573  0.0580  0.0544  0.0535  0.0553  0.0547
  0.0526  0.0526  0.0525  0.0525  0.0524  0.0524
  0.0593  0.0553  0.0549  0.0549  0.0546  0.0532
  0.0707  0.0645  0.0613  0.0584  0.0604  0.0565
  0.0875  0.0756  0.0701  0.0607  0.0678  0.0629
niter,ni,del,rscale     1    3   12.0000    1.2000
parameters
   -2.8481   -9.2841   15.8079   -2.8409   -2.8995   -4.7963
eta,q 0.94767 14.25632
  0.0886  0.0762  0.0702  0.0604  0.0665  0.0611
  0.0710  0.0652  0.0601  0.0575  0.0608  0.0578
  0.0572  0.0582  0.0544  0.0535  0.0553  0.0546
  0.0524  0.0524  0.0524  0.0524  0.0523  0.0523
  0.0591  0.0554  0.0548  0.0548  0.0545  0.0530
  0.0708  0.0648  0.0613  0.0584  0.0603  0.0565
  0.0875  0.0757  0.0701  0.0607  0.0678  0.0628
registration optimization eta report
parameter search radius
    6.9000    6.9000    6.0000    6.0000    6.0000    6.9000
100000*second partial in parameter space
       73.       47.       49.       21.       40.       20.
  0.0886  0.0762  0.0702  0.0604  0.0665  0.0611
  0.0710  0.0652  0.0601  0.0575  0.0608  0.0578
  0.0572  0.0582  0.0544  0.0535  0.0553  0.0546
  0.0524  0.0524  0.0524  0.0524  0.0523  0.0523
  0.0591  0.0554  0.0548  0.0548  0.0545  0.0530
  0.0708  0.0648  0.0613  0.0584  0.0603  0.0565
  0.0875  0.0757  0.0701  0.0607  0.0678  0.0628
   -2.8481   -9.2841   15.8079   -2.8409   -2.8995   -4.7963
eta,q 0.94767 14.25632

---------------------------------------------------------------------
imgreg_4dfp /opt/freesurfer/average/711-2C_as_mni_average_305 /opt/freesurfer/average/711-2B_as_mni_average_305_mask talsrcimg_g11 none talsrcimg_to_711-2C_as_mni_average_305_t4 3335
---------------------------------------------------------------------

freesurfer imgreg_4dfp.c
/opt/freesurfer/average/711-2C_as_mni_average_305.4dfp.img
       256       256       256         1
  1.000000  1.000000  1.000000
orientation T byte_order littleendian
Reading image: /opt/freesurfer/average/711-2C_as_mni_average_305.4dfp.img
dimensions:      256       256       256
mmppix:       1.0000   -1.0000   -1.0000
center:     128.0000 -129.0000 -129.0000
/opt/freesurfer/average/711-2B_as_mni_average_305_mask.4dfp.img
       256       256       256         1
  1.000000  1.000000  1.000000
orientation T byte_order littleendian
Reading mask: /opt/freesurfer/average/711-2B_as_mni_average_305_mask.4dfp.img (2306576 pixels)
talsrcimg_g11.4dfp.img
       256       256       256         1
  1.000000  1.000000  1.000000
orientation T byte_order littleendian
Reading image: talsrcimg_g11.4dfp.img
dimensions:      256       256       256
mmppix:       1.0000   -1.0000   -1.0000
center:     128.0000 -129.0000 -129.0000
fimgreg.f
image alignment mode   3335 decimal      D07 hex
parameters
   -2.8481   -9.2841   15.8079   -0.4777   -0.4517   -0.2508
    8.1013    5.4490   -8.3507    4.5166   -5.0585   -4.9500
eta,q 0.94487 14.32377
niter,ni,del,rscale     5    3    5.0000    1.2000
parameter  4  0.974196 ->  0.500000 qaram    1.1500
parameter  5 19.876322 ->  0.500000 qaram    1.1500
parameters
   -2.8782   -9.5175   16.1440   -4.6177   -4.5917   -3.6893
    7.3788    5.2403   -7.0049    1.4322   -3.2558   -6.9898
eta,q 0.96393 14.34884
  0.0607  0.0568  0.0595  0.0485  0.0336  0.0390  0.0410  0.0452  0.0412  0.0380  0.0391  0.0371
  0.0576  0.0556  0.0572  0.0488  0.0373  0.0380  0.0390  0.0405  0.0393  0.0366  0.0375  0.0364
  0.0557  0.0550  0.0558  0.0506  0.0429  0.0375  0.0377  0.0379  0.0381  0.0364  0.0367  0.0361
  0.0551  0.0551  0.0550  0.0550  0.0491  0.0387  0.0376  0.0375  0.0375  0.0374  0.0363  0.0363
  0.0559  0.0556  0.0551  0.0613  0.0554  0.0430  0.0384  0.0387  0.0375  0.0392  0.0363  0.0369
  0.0579  0.0563  0.0560  0.0688  0.0608  0.0503  0.0401  0.0414  0.0380  0.0419  0.0365  0.0379
  0.0609  0.0573  0.0575  0.0764  0.0654  0.0594  0.0426  0.0458  0.0392  0.0457  0.0371  0.0396
niter,ni,del,rscale     6    3    5.0000    1.2000
parameter  3  0.730934 ->  0.500000 qaram    1.1500
parameter  5  0.723853 ->  0.500000 qaram    1.3225
parameters
   -2.3537   -9.1123   14.7640   -6.5679   -9.3527   -2.6062
    7.8885    5.3328   -7.2092    4.2513   -2.1433   -6.4220
eta,q 0.96899 14.14116
  0.0422  0.0415  0.0348  0.0380  0.0326  0.0357  0.0356  0.0394  0.0339  0.0379  0.0336  0.0327
  0.0393  0.0389  0.0347  0.0364  0.0322  0.0343  0.0337  0.0345  0.0328  0.0351  0.0321  0.0319
  0.0373  0.0369  0.0349  0.0353  0.0324  0.0331  0.0324  0.0322  0.0320  0.0330  0.0313  0.0314
  0.0361  0.0358  0.0357  0.0347  0.0351  0.0322  0.0318  0.0317  0.0317  0.0318  0.0311  0.0311
  0.0359  0.0358  0.0368  0.0358  0.0412  0.0314  0.0319  0.0326  0.0320  0.0311  0.0311  0.0310
  0.0367  0.0368  0.0383  0.0401  0.0484  0.0314  0.0329  0.0347  0.0329  0.0312  0.0315  0.0315
  0.0386  0.0388  0.0403  0.0467  0.0542  0.0350  0.0347  0.0385  0.0343  0.0326  0.0322  0.0323
niter,ni,del,rscale     7    3    5.0000    1.2000
parameter  2 -0.686586 -> -0.500000 qaram    1.1500
parameters
   -2.1825   -7.7323   14.5567   -6.4276  -12.3742   -3.2388
    8.0244    5.3520   -7.5150    6.0509   -1.7289   -6.3945
eta,q 0.97086 13.96686
  0.0358  0.0389  0.0316  0.0344  0.0327  0.0327  0.0328  0.0370  0.0315  0.0351  0.0309  0.0305
  0.0333  0.0357  0.0302  0.0323  0.0306  0.0313  0.0311  0.0323  0.0304  0.0328  0.0298  0.0298
  0.0317  0.0330  0.0294  0.0306  0.0293  0.0302  0.0299  0.0300  0.0297  0.0308  0.0293  0.0294
  0.0310  0.0310  0.0293  0.0293  0.0292  0.0292  0.0295  0.0295  0.0295  0.0295  0.0291  0.0291
  0.0312  0.0297  0.0297  0.0286  0.0319  0.0288  0.0298  0.0303  0.0298  0.0291  0.0293  0.0292
  0.0324  0.0293  0.0308  0.0306  0.0391  0.0309  0.0308  0.0325  0.0306  0.0298  0.0297  0.0297
  0.0347  0.0299  0.0325  0.0356  0.0477  0.0365  0.0326  0.0366  0.0319  0.0316  0.0304  0.0306
niter,ni,del,rscale     7    3    5.0000    1.2000
parameters
   -2.1598   -7.1472   14.4710   -5.9514  -13.6298   -3.6794
    8.0632    5.3120   -7.9994    6.7273   -1.2065   -6.1214
eta,q 0.97097 13.90077
  0.0334  0.0354  0.0313  0.0338  0.0342  0.0327  0.0323  0.0367  0.0309  0.0337  0.0308  0.0304
  0.0311  0.0325  0.0299  0.0318  0.0318  0.0312  0.0307  0.0321  0.0299  0.0316  0.0297  0.0298
  0.0297  0.0303  0.0291  0.0302  0.0298  0.0301  0.0296  0.0297  0.0293  0.0300  0.0292  0.0294
  0.0291  0.0291  0.0289  0.0289  0.0287  0.0290  0.0292  0.0292  0.0292  0.0291  0.0290  0.0290
  0.0295  0.0289  0.0292  0.0281  0.0293  0.0285  0.0295  0.0299  0.0295  0.0291  0.0292  0.0291
  0.0309  0.0298  0.0301  0.0297  0.0332  0.0304  0.0306  0.0324  0.0302  0.0303  0.0296  0.0295
  0.0333  0.0318  0.0316  0.0341  0.0406  0.0358  0.0323  0.0367  0.0315  0.0326  0.0302  0.0304
niter,ni,del,rscale     6    3    5.0000    1.2000
parameters
   -2.1646   -6.9499   14.3329   -5.7805  -14.0165   -4.0169
    8.0958    5.2060   -8.2910    7.0172   -0.8422   -5.9960
eta,q 0.97086 13.87094
  0.0332  0.0339  0.0312  0.0337  0.0352  0.0328  0.0324  0.0366  0.0311  0.0333  0.0308  0.0305
  0.0309  0.0315  0.0299  0.0318  0.0325  0.0314  0.0307  0.0320  0.0300  0.0313  0.0298  0.0299
  0.0295  0.0298  0.0292  0.0303  0.0304  0.0301  0.0296  0.0297  0.0293  0.0299  0.0293  0.0295
  0.0290  0.0290  0.0290  0.0290  0.0289  0.0290  0.0292  0.0292  0.0292  0.0292  0.0291  0.0291
  0.0295  0.0293  0.0293  0.0284  0.0289  0.0284  0.0295  0.0300  0.0295  0.0293  0.0293  0.0292
  0.0309  0.0305  0.0302  0.0302  0.0318  0.0303  0.0306  0.0325  0.0302  0.0306  0.0297  0.0297
  0.0332  0.0328  0.0316  0.0347  0.0381  0.0356  0.0324  0.0369  0.0314  0.0330  0.0304  0.0305
niter,ni,del,rscale     5    3    5.0000    1.2000
parameters
   -2.1764   -6.8456   14.2253   -5.6776  -14.1379   -4.2266
    8.1225    5.1201   -8.4813    7.1833   -0.6143   -5.9592
eta,q 0.97080 13.86022
  0.0333  0.0337  0.0313  0.0338  0.0355  0.0329  0.0324  0.0367  0.0311  0.0331  0.0308  0.0305
  0.0310  0.0313  0.0300  0.0319  0.0328  0.0314  0.0307  0.0321  0.0301  0.0312  0.0298  0.0299
  0.0296  0.0298  0.0293  0.0304  0.0306  0.0302  0.0296  0.0298  0.0294  0.0299  0.0293  0.0295
  0.0291  0.0291  0.0291  0.0291  0.0291  0.0291  0.0292  0.0292  0.0292  0.0292  0.0292  0.0292
  0.0296  0.0295  0.0295  0.0286  0.0289  0.0285  0.0295  0.0300  0.0295  0.0294  0.0294  0.0293
  0.0310  0.0308  0.0303  0.0305  0.0315  0.0301  0.0306  0.0325  0.0302  0.0307  0.0298  0.0298
  0.0334  0.0331  0.0317  0.0349  0.0375  0.0353  0.0324  0.0369  0.0313  0.0331  0.0305  0.0306
niter,ni,del,rscale     4    3    5.0000    1.2000
parameters
   -2.1877   -6.7863   14.1571   -5.6270  -14.1960   -4.3408
    8.1448    5.0658   -8.5966    7.2771   -0.4884   -5.9428
eta,q 0.97077 13.85474
  0.0333  0.0336  0.0314  0.0338  0.0356  0.0329  0.0324  0.0368  0.0312  0.0331  0.0307  0.0305
  0.0310  0.0313  0.0301  0.0319  0.0329  0.0315  0.0307  0.0322  0.0301  0.0312  0.0298  0.0299
  0.0297  0.0298  0.0294  0.0304  0.0307  0.0303  0.0297  0.0298  0.0294  0.0299  0.0293  0.0295
  0.0292  0.0292  0.0292  0.0292  0.0292  0.0292  0.0292  0.0292  0.0292  0.0292  0.0292  0.0292
  0.0297  0.0296  0.0295  0.0287  0.0290  0.0285  0.0296  0.0300  0.0295  0.0295  0.0294  0.0293
  0.0311  0.0310  0.0303  0.0306  0.0315  0.0300  0.0306  0.0325  0.0302  0.0308  0.0298  0.0298
  0.0334  0.0332  0.0316  0.0351  0.0374  0.0350  0.0324  0.0369  0.0313  0.0332  0.0306  0.0306
niter,ni,del,rscale     3    3    5.0000    1.2000
parameters
   -2.1963   -6.7519   14.1183   -5.6005  -14.2293   -4.4059
    8.1595    5.0341   -8.6634    7.3408   -0.4129   -5.9375
eta,q 0.97074 13.85158
  0.0334  0.0335  0.0315  0.0338  0.0357  0.0330  0.0324  0.0369  0.0312  0.0330  0.0307  0.0305
  0.0311  0.0312  0.0302  0.0320  0.0329  0.0315  0.0308  0.0323  0.0302  0.0312  0.0298  0.0300
  0.0297  0.0298  0.0295  0.0305  0.0308  0.0303  0.0297  0.0299  0.0295  0.0299  0.0294  0.0296
  0.0292  0.0292  0.0292  0.0292  0.0292  0.0292  0.0293  0.0293  0.0293  0.0293  0.0293  0.0293
  0.0297  0.0297  0.0295  0.0287  0.0290  0.0285  0.0296  0.0300  0.0295  0.0295  0.0294  0.0294
  0.0311  0.0311  0.0303  0.0307  0.0315  0.0299  0.0307  0.0325  0.0302  0.0308  0.0299  0.0299
  0.0335  0.0333  0.0316  0.0351  0.0373  0.0349  0.0325  0.0369  0.0313  0.0332  0.0306  0.0307
niter,ni,del,rscale     2    3    5.0000    1.2000
parameters
   -2.2014   -6.7305   14.0960   -5.5845  -14.2530   -4.4445
    8.1703    5.0137   -8.7010    7.3795   -0.3746   -5.9362
eta,q 0.97072 13.84953
  0.0334  0.0335  0.0315  0.0338  0.0357  0.0330  0.0324  0.0369  0.0313  0.0330  0.0307  0.0306
  0.0311  0.0312  0.0302  0.0320  0.0330  0.0316  0.0308  0.0323  0.0302  0.0312  0.0298  0.0300
  0.0297  0.0298  0.0295  0.0305  0.0308  0.0303  0.0297  0.0299  0.0295  0.0299  0.0294  0.0296
  0.0293  0.0293  0.0293  0.0293  0.0293  0.0293  0.0293  0.0293  0.0293  0.0293  0.0293  0.0293
  0.0297  0.0297  0.0295  0.0288  0.0290  0.0285  0.0296  0.0300  0.0295  0.0295  0.0295  0.0294
  0.0311  0.0311  0.0303  0.0307  0.0316  0.0299  0.0307  0.0325  0.0302  0.0308  0.0299  0.0299
  0.0335  0.0334  0.0316  0.0352  0.0373  0.0349  0.0325  0.0369  0.0313  0.0332  0.0306  0.0307
registration optimization eta report
parameter search radius
    2.4000    2.7600    2.7600    8.2800    9.5220    7.2000
    7.2000    7.2000    7.2000    7.2000    7.2000    7.2000
100000*second partial in parameter space
       73.       55.       30.        8.        8.        9.
        6.       15.        4.        7.        3.        3.
  0.0334  0.0335  0.0315  0.0338  0.0357  0.0330  0.0324  0.0369  0.0313  0.0330  0.0307  0.0306
  0.0311  0.0312  0.0302  0.0320  0.0330  0.0316  0.0308  0.0323  0.0302  0.0312  0.0298  0.0300
  0.0297  0.0298  0.0295  0.0305  0.0308  0.0303  0.0297  0.0299  0.0295  0.0299  0.0294  0.0296
  0.0293  0.0293  0.0293  0.0293  0.0293  0.0293  0.0293  0.0293  0.0293  0.0293  0.0293  0.0293
  0.0297  0.0297  0.0295  0.0288  0.0290  0.0285  0.0296  0.0300  0.0295  0.0295  0.0295  0.0294
  0.0311  0.0311  0.0303  0.0307  0.0316  0.0299  0.0307  0.0325  0.0302  0.0308  0.0299  0.0299
  0.0335  0.0334  0.0316  0.0352  0.0373  0.0349  0.0325  0.0369  0.0313  0.0332  0.0306  0.0307
   -2.2014   -6.7305   14.0960   -5.5845  -14.2530   -4.4445
    8.1703    5.0137   -8.7010    7.3795   -0.3746   -5.9362
eta,q 0.97072 13.84953

---------------------------------------------------------------------
imgreg_4dfp /opt/freesurfer/average/711-2C_as_mni_average_305 /opt/freesurfer/average/711-2B_as_mni_average_305_mask talsrcimg_g11 none talsrcimg_to_711-2C_as_mni_average_305_t4 2311
---------------------------------------------------------------------

freesurfer imgreg_4dfp.c
/opt/freesurfer/average/711-2C_as_mni_average_305.4dfp.img
       256       256       256         1
  1.000000  1.000000  1.000000
orientation T byte_order littleendian
Reading image: /opt/freesurfer/average/711-2C_as_mni_average_305.4dfp.img
dimensions:      256       256       256
mmppix:       1.0000   -1.0000   -1.0000
center:     128.0000 -129.0000 -129.0000
/opt/freesurfer/average/711-2B_as_mni_average_305_mask.4dfp.img
       256       256       256         1
  1.000000  1.000000  1.000000
orientation T byte_order littleendian
Reading mask: /opt/freesurfer/average/711-2B_as_mni_average_305_mask.4dfp.img (2306576 pixels)
talsrcimg_g11.4dfp.img
       256       256       256         1
  1.000000  1.000000  1.000000
orientation T byte_order littleendian
Reading image: talsrcimg_g11.4dfp.img
dimensions:      256       256       256
mmppix:       1.0000   -1.0000   -1.0000
center:     128.0000 -129.0000 -129.0000
fimgreg.f
image alignment mode   2311 decimal      907 hex
parameters
   -2.2014   -6.7305   14.0960   -5.5845  -14.2530   -4.4445
    8.1703    5.0137   -8.7010    7.3795   -0.3746   -5.9362
eta,q 0.97072 13.84952
niter,ni,del,rscale     5    3    5.0000    0.8000
parameters
   -2.2001   -6.7225   14.0721   -3.9545  -12.7391   -3.9928
    7.8264    5.0607   -8.6671    6.9853   -0.2971   -6.5932
eta,q 0.97167 14.05442
  0.0311  0.0308  0.0300  0.0316  0.0313  0.0308  0.0298  0.0329  0.0293  0.0301  0.0294  0.0289
  0.0301  0.0299  0.0296  0.0307  0.0303  0.0299  0.0289  0.0304  0.0287  0.0291  0.0288  0.0286
  0.0295  0.0294  0.0294  0.0300  0.0295  0.0291  0.0284  0.0289  0.0284  0.0285  0.0284  0.0284
  0.0293  0.0293  0.0293  0.0293  0.0288  0.0284  0.0283  0.0283  0.0283  0.0283  0.0283  0.0283
  0.0295  0.0295  0.0294  0.0288  0.0284  0.0281  0.0285  0.0287  0.0284  0.0286  0.0284  0.0284
  0.0301  0.0299  0.0296  0.0289  0.0286  0.0286  0.0292  0.0303  0.0287  0.0295  0.0287  0.0288
  0.0311  0.0307  0.0301  0.0300  0.0295  0.0307  0.0303  0.0328  0.0293  0.0310  0.0293  0.0294
niter,ni,del,rscale     4    3    5.0000    0.7000
parameters
   -2.2655   -6.7861   14.2229   -4.2073  -12.5068   -3.0128
    7.8247    5.0823   -8.5837    6.8089   -0.3225   -7.1019
eta,q 0.97198 14.10968
  0.0300  0.0294  0.0291  0.0300  0.0300  0.0304  0.0293  0.0318  0.0288  0.0296  0.0288  0.0284
  0.0290  0.0288  0.0287  0.0293  0.0293  0.0296  0.0286  0.0297  0.0284  0.0288  0.0283  0.0282
  0.0285  0.0284  0.0284  0.0287  0.0287  0.0290  0.0282  0.0285  0.0281  0.0282  0.0281  0.0281
  0.0283  0.0283  0.0283  0.0283  0.0284  0.0283  0.0280  0.0280  0.0280  0.0280  0.0280  0.0280
  0.0286  0.0285  0.0283  0.0284  0.0283  0.0279  0.0281  0.0284  0.0281  0.0282  0.0281  0.0281
  0.0293  0.0289  0.0285  0.0292  0.0288  0.0281  0.0286  0.0296  0.0283  0.0289  0.0284  0.0283
  0.0303  0.0297  0.0289  0.0309  0.0299  0.0294  0.0294  0.0318  0.0287  0.0301  0.0288  0.0289
niter,ni,del,rscale     3    3    5.0000    0.6000
parameters
   -2.2837   -6.8491   14.4369   -4.2576  -12.3352   -2.5523
    7.8185    5.0973   -8.4937    6.7217   -0.4553   -7.3321
eta,q 0.97213 14.14015
  0.0294  0.0289  0.0288  0.0294  0.0293  0.0297  0.0288  0.0307  0.0285  0.0291  0.0284  0.0282
  0.0286  0.0284  0.0284  0.0288  0.0287  0.0291  0.0283  0.0292  0.0281  0.0285  0.0281  0.0281
  0.0282  0.0281  0.0281  0.0283  0.0283  0.0285  0.0280  0.0282  0.0279  0.0281  0.0279  0.0279
  0.0280  0.0280  0.0280  0.0280  0.0280  0.0280  0.0279  0.0279  0.0279  0.0279  0.0279  0.0279
  0.0282  0.0282  0.0280  0.0280  0.0280  0.0278  0.0279  0.0281  0.0279  0.0280  0.0280  0.0279
  0.0287  0.0285  0.0281  0.0286  0.0284  0.0281  0.0283  0.0291  0.0281  0.0285  0.0282  0.0281
  0.0294  0.0291  0.0284  0.0298  0.0292  0.0293  0.0289  0.0307  0.0284  0.0294  0.0285  0.0284
niter,ni,del,rscale     2    3    5.0000    0.5000
parameters
   -2.2957   -6.9010   14.5551   -4.1995  -12.2002   -2.2143
    7.7978    5.1534   -8.4028    6.6052   -0.5403   -7.5246
eta,q 0.97222 14.16506
  0.0288  0.0285  0.0284  0.0290  0.0288  0.0292  0.0284  0.0299  0.0282  0.0287  0.0282  0.0280
  0.0283  0.0281  0.0281  0.0285  0.0283  0.0287  0.0281  0.0288  0.0280  0.0282  0.0280  0.0279
  0.0280  0.0279  0.0280  0.0281  0.0280  0.0282  0.0279  0.0281  0.0278  0.0279  0.0278  0.0278
  0.0279  0.0279  0.0279  0.0279  0.0279  0.0279  0.0278  0.0278  0.0278  0.0278  0.0278  0.0278
  0.0280  0.0280  0.0279  0.0279  0.0279  0.0277  0.0278  0.0280  0.0278  0.0279  0.0278  0.0278
  0.0283  0.0282  0.0280  0.0283  0.0281  0.0280  0.0281  0.0286  0.0279  0.0282  0.0280  0.0279
  0.0289  0.0286  0.0282  0.0291  0.0287  0.0289  0.0285  0.0298  0.0281  0.0289  0.0282  0.0282
niter,ni,del,rscale     1    3    5.0000    0.4000
parameters
   -2.2976   -6.9320   14.6549   -4.1162  -12.0913   -1.9053
    7.7486    5.2081   -8.3177    6.4982   -0.6056   -7.7558
eta,q 0.97229 14.18790
  0.0284  0.0282  0.0281  0.0286  0.0284  0.0287  0.0281  0.0292  0.0280  0.0283  0.0280  0.0279
  0.0281  0.0280  0.0279  0.0282  0.0281  0.0284  0.0279  0.0284  0.0278  0.0280  0.0278  0.0278
  0.0279  0.0278  0.0278  0.0279  0.0279  0.0280  0.0278  0.0279  0.0278  0.0278  0.0277  0.0277
  0.0278  0.0278  0.0278  0.0278  0.0278  0.0278  0.0277  0.0277  0.0277  0.0277  0.0277  0.0277
  0.0278  0.0278  0.0278  0.0278  0.0278  0.0277  0.0278  0.0278  0.0277  0.0278  0.0277  0.0277
  0.0281  0.0280  0.0279  0.0280  0.0280  0.0279  0.0279  0.0283  0.0278  0.0280  0.0278  0.0278
  0.0284  0.0282  0.0280  0.0286  0.0283  0.0285  0.0282  0.0291  0.0280  0.0284  0.0280  0.0280
registration optimization eta report
parameter search radius
    0.8000    0.8000    0.8000    2.4000    2.4000    2.4000
    2.4000    2.4000    2.4000    2.4000    2.4000    2.4000
100000*second partial in parameter space
       99.       67.       43.       14.       10.       15.
        8.       24.        4.       11.        5.        3.
  0.0284  0.0282  0.0281  0.0286  0.0284  0.0287  0.0281  0.0292  0.0280  0.0283  0.0280  0.0279
  0.0281  0.0280  0.0279  0.0282  0.0281  0.0284  0.0279  0.0284  0.0278  0.0280  0.0278  0.0278
  0.0279  0.0278  0.0278  0.0279  0.0279  0.0280  0.0278  0.0279  0.0278  0.0278  0.0277  0.0277
  0.0278  0.0278  0.0278  0.0278  0.0278  0.0278  0.0277  0.0277  0.0277  0.0277  0.0277  0.0277
  0.0278  0.0278  0.0278  0.0278  0.0278  0.0277  0.0278  0.0278  0.0277  0.0278  0.0277  0.0277
  0.0281  0.0280  0.0279  0.0280  0.0280  0.0279  0.0279  0.0283  0.0278  0.0280  0.0278  0.0278
  0.0284  0.0282  0.0280  0.0286  0.0283  0.0285  0.0282  0.0291  0.0280  0.0284  0.0280  0.0280
   -2.2976   -6.9320   14.6549   -4.1162  -12.0913   -1.9053
    7.7486    5.2081   -8.3177    6.4982   -0.6056   -7.7558
eta,q 0.97229 14.18790

---------------------------------------------------------------------
imgreg_4dfp /opt/freesurfer/average/711-2C_as_mni_average_305 /opt/freesurfer/average/711-2B_as_mni_average_305_mask talsrcimg_g11 none talsrcimg_to_711-2C_as_mni_average_305_t4 2311
---------------------------------------------------------------------

freesurfer imgreg_4dfp.c
/opt/freesurfer/average/711-2C_as_mni_average_305.4dfp.img
       256       256       256         1
  1.000000  1.000000  1.000000
orientation T byte_order littleendian
Reading image: /opt/freesurfer/average/711-2C_as_mni_average_305.4dfp.img
dimensions:      256       256       256
mmppix:       1.0000   -1.0000   -1.0000
center:     128.0000 -129.0000 -129.0000
/opt/freesurfer/average/711-2B_as_mni_average_305_mask.4dfp.img
       256       256       256         1
  1.000000  1.000000  1.000000
orientation T byte_order littleendian
Reading mask: /opt/freesurfer/average/711-2B_as_mni_average_305_mask.4dfp.img (2306576 pixels)
talsrcimg_g11.4dfp.img
       256       256       256         1
  1.000000  1.000000  1.000000
orientation T byte_order littleendian
Reading image: talsrcimg_g11.4dfp.img
dimensions:      256       256       256
mmppix:       1.0000   -1.0000   -1.0000
center:     128.0000 -129.0000 -129.0000
fimgreg.f
image alignment mode   2311 decimal      907 hex
parameters
   -2.2976   -6.9320   14.6549   -4.1162  -12.0913   -1.9053
    7.7486    5.2081   -8.3177    6.4982   -0.6056   -7.7558
eta,q 0.97228 14.18789
niter,ni,del,rscale     5    3    5.0000    0.8000
parameters
   -2.3046   -6.9877   14.7498   -4.8572  -12.5126   -2.3471
    7.9069    5.0791   -8.2418    6.6646   -0.8944   -7.3531
eta,q 0.97203 14.11068
  0.0302  0.0293  0.0291  0.0296  0.0296  0.0302  0.0297  0.0321  0.0290  0.0303  0.0288  0.0288
  0.0289  0.0284  0.0283  0.0288  0.0288  0.0294  0.0288  0.0297  0.0285  0.0292  0.0283  0.0284
  0.0280  0.0279  0.0279  0.0281  0.0281  0.0285  0.0283  0.0284  0.0281  0.0284  0.0281  0.0282
  0.0277  0.0277  0.0277  0.0277  0.0278  0.0279  0.0280  0.0280  0.0280  0.0280  0.0280  0.0280
  0.0280  0.0279  0.0278  0.0281  0.0280  0.0279  0.0281  0.0285  0.0281  0.0281  0.0281  0.0280
  0.0289  0.0285  0.0281  0.0295  0.0289  0.0293  0.0286  0.0300  0.0284  0.0288  0.0284  0.0282
  0.0303  0.0296  0.0288  0.0321  0.0309  0.0325  0.0296  0.0326  0.0289  0.0302  0.0290  0.0287
niter,ni,del,rscale     4    3    5.0000    0.7000
parameters
   -2.2809   -7.0015   14.6062   -4.6792  -12.3961   -2.5135
    7.9179    5.1852   -8.2413    6.6466   -0.8807   -7.2536
eta,q 0.97206 14.11656
  0.0297  0.0292  0.0286  0.0298  0.0296  0.0299  0.0292  0.0316  0.0287  0.0297  0.0287  0.0285
  0.0288  0.0285  0.0282  0.0291  0.0288  0.0291  0.0285  0.0296  0.0283  0.0288  0.0282  0.0283
  0.0282  0.0281  0.0280  0.0285  0.0282  0.0284  0.0281  0.0284  0.0280  0.0282  0.0280  0.0281
  0.0280  0.0280  0.0280  0.0280  0.0279  0.0279  0.0279  0.0280  0.0279  0.0279  0.0279  0.0279
  0.0281  0.0281  0.0281  0.0278  0.0279  0.0279  0.0281  0.0282  0.0280  0.0281  0.0280  0.0279
  0.0287  0.0285  0.0284  0.0284  0.0284  0.0287  0.0285  0.0293  0.0283  0.0287  0.0283  0.0281
  0.0296  0.0293  0.0289  0.0299  0.0296  0.0310  0.0293  0.0312  0.0287  0.0299  0.0286  0.0286
niter,ni,del,rscale     3    3    5.0000    0.6000
parameters
   -2.2672   -6.9734   14.5625   -4.4306  -12.2870   -2.3972
    7.8566    5.2309   -8.2447    6.5970   -0.7876   -7.3595
eta,q 0.97215 14.13922
  0.0293  0.0289  0.0285  0.0294  0.0291  0.0295  0.0288  0.0306  0.0284  0.0291  0.0284  0.0282
  0.0285  0.0284  0.0282  0.0288  0.0286  0.0289  0.0283  0.0291  0.0281  0.0285  0.0281  0.0281
  0.0281  0.0281  0.0280  0.0283  0.0281  0.0283  0.0280  0.0282  0.0279  0.0280  0.0279  0.0279
  0.0279  0.0279  0.0279  0.0279  0.0279  0.0279  0.0278  0.0278  0.0278  0.0278  0.0278  0.0279
  0.0281  0.0280  0.0280  0.0278  0.0279  0.0278  0.0279  0.0281  0.0279  0.0279  0.0279  0.0279
  0.0285  0.0283  0.0282  0.0283  0.0283  0.0283  0.0283  0.0290  0.0281  0.0284  0.0281  0.0280
  0.0292  0.0288  0.0286  0.0293  0.0291  0.0298  0.0289  0.0305  0.0284  0.0293  0.0284  0.0284
niter,ni,del,rscale     2    3    5.0000    0.5000
parameters
   -2.2722   -6.9570   14.5993   -4.2584  -12.1725   -2.1433
    7.7846    5.2492   -8.2541    6.5290   -0.7120   -7.5504
eta,q 0.97223 14.16517
  0.0288  0.0285  0.0283  0.0290  0.0287  0.0291  0.0284  0.0298  0.0282  0.0287  0.0282  0.0280
  0.0283  0.0282  0.0281  0.0285  0.0283  0.0286  0.0281  0.0287  0.0279  0.0282  0.0280  0.0279
  0.0280  0.0279  0.0279  0.0281  0.0280  0.0282  0.0278  0.0280  0.0278  0.0279  0.0278  0.0278
  0.0279  0.0279  0.0279  0.0279  0.0278  0.0278  0.0278  0.0278  0.0278  0.0278  0.0278  0.0278
  0.0280  0.0279  0.0279  0.0278  0.0279  0.0277  0.0278  0.0280  0.0278  0.0278  0.0278  0.0278
  0.0283  0.0281  0.0280  0.0282  0.0281  0.0281  0.0281  0.0286  0.0279  0.0282  0.0279  0.0279
  0.0288  0.0285  0.0282  0.0289  0.0287  0.0290  0.0285  0.0298  0.0282  0.0288  0.0282  0.0282
niter,ni,del,rscale     1    3    5.0000    0.4000
parameters
   -2.2800   -6.9574   14.6742   -4.1376  -12.0644   -1.8628
    7.7370    5.2616   -8.2417    6.4518   -0.6730   -7.7929
eta,q 0.97229 14.18943
  0.0284  0.0282  0.0281  0.0286  0.0283  0.0287  0.0281  0.0291  0.0280  0.0283  0.0280  0.0278
  0.0280  0.0280  0.0279  0.0282  0.0281  0.0283  0.0279  0.0283  0.0278  0.0280  0.0278  0.0278
  0.0278  0.0278  0.0278  0.0279  0.0279  0.0280  0.0277  0.0279  0.0277  0.0278  0.0277  0.0277
  0.0278  0.0278  0.0278  0.0278  0.0278  0.0278  0.0277  0.0277  0.0277  0.0277  0.0277  0.0277
  0.0278  0.0278  0.0278  0.0278  0.0278  0.0277  0.0278  0.0278  0.0277  0.0278  0.0277  0.0277
  0.0280  0.0280  0.0279  0.0280  0.0279  0.0279  0.0279  0.0283  0.0278  0.0280  0.0278  0.0278
  0.0284  0.0282  0.0280  0.0285  0.0283  0.0285  0.0282  0.0291  0.0280  0.0284  0.0280  0.0280
registration optimization eta report
parameter search radius
    0.8000    0.8000    0.8000    2.4000    2.4000    2.4000
    2.4000    2.4000    2.4000    2.4000    2.4000    2.4000
100000*second partial in parameter space
       98.       67.       44.       13.       10.       15.
        8.       24.        4.       11.        5.        3.
  0.0284  0.0282  0.0281  0.0286  0.0283  0.0287  0.0281  0.0291  0.0280  0.0283  0.0280  0.0278
  0.0280  0.0280  0.0279  0.0282  0.0281  0.0283  0.0279  0.0283  0.0278  0.0280  0.0278  0.0278
  0.0278  0.0278  0.0278  0.0279  0.0279  0.0280  0.0277  0.0279  0.0277  0.0278  0.0277  0.0277
  0.0278  0.0278  0.0278  0.0278  0.0278  0.0278  0.0277  0.0277  0.0277  0.0277  0.0277  0.0277
  0.0278  0.0278  0.0278  0.0278  0.0278  0.0277  0.0278  0.0278  0.0277  0.0278  0.0277  0.0277
  0.0280  0.0280  0.0279  0.0280  0.0279  0.0279  0.0279  0.0283  0.0278  0.0280  0.0278  0.0278
  0.0284  0.0282  0.0280  0.0285  0.0283  0.0285  0.0282  0.0291  0.0280  0.0284  0.0280  0.0280
   -2.2800   -6.9574   14.6742   -4.1376  -12.0644   -1.8628
    7.7370    5.2616   -8.2417    6.4518   -0.6730   -7.7929
eta,q 0.97229 14.18943

---------------------------------------------------------------------
compute_vox2vox talsrcimg talsrcimg_to_711-2C_as_mni_average_305_t4 /opt/freesurfer/average/711-2C_as_mni_average_305
---------------------------------------------------------------------

freesurfer compute_vox2vox.c
Reading: talsrcimg.4dfp.ifh
Reading: talsrcimg_to_711-2C_as_mni_average_305_t4
Reading: /opt/freesurfer/average/711-2C_as_mni_average_305.4dfp.ifh
Writing: talsrcimg_to_711-2C_as_mni_average_305_t4_vox2vox.txt

start time Mon Mar 9 22:45:54 CET 2026
end		time Mon Mar 9 22:47:23 CET 2026

mpr2mni305 success

avi2talxfm orig_nu.mgz /opt/freesurfer/average/mni305.cor.mgz talsrcimg_to_711-2C_as_mni_average_305_t4_vox2vox.txt transforms/talairach.auto.xfm
avi2talxfm done
mv -f /out/sourcedata/freesurfer/sub-v1s3x0050772_ses-1/mri/talsrcimg_to_711-2C_as_mni_average_305_t4_vox2vox.txt /out/sourcedata/freesurfer/sub-v1s3x0050772_ses-1/mri/transforms/talsrcimg_to_711-2C_as_mni_average_305_t4_vox2vox.txt
lta_convert --src orig_nu.mgz --trg /opt/freesurfer/average/mni305.cor.mgz --inxfm transforms/talairach.auto.xfm --outlta transforms/talairach.auto.xfm.lta --subject fsaverage
7.3.2

--src: orig_nu.mgz src image (geometry).
--trg: /opt/freesurfer/average/mni305.cor.mgz trg image (geometry).
--inmni: transforms/talairach.auto.xfm input MNI/XFM transform.
--outlta: transforms/talairach.auto.xfm.lta output LTA.
--s: fsaverage subject name
 LTA read, type : 1
 1.03462  -0.04920  -0.09539  -10.72975;
 0.01471   1.01238   0.08842  -24.83723;
 0.09589  -0.07889   1.12177   21.92769;
 0.00000   0.00000   0.00000   1.00000;
setting subject to fsaverage
Writing  LTA to file transforms/talairach.auto.xfm.lta...
lta_convert successful.
 
 
Started at Mon Mar 9 22:45:53 CET 2026
Ended   at Mon Mar  9 22:47:23 CET 2026
talairach_avi done
