status file for recon-all
Tue Mar 10 01:31:10 CET 2026
#@# Tessellate rh Tue Mar 10 01:31:10 CET 2026
#@# Smooth1 rh Tue Mar 10 01:31:13 CET 2026
#@# Inflation1 rh Tue Mar 10 01:31:16 CET 2026
#@# QSphere rh Tue Mar 10 01:31:26 CET 2026
#@# Fix Topology rh Tue Mar 10 01:32:23 CET 2026
#@# Smooth2 rh Tue Mar 10 01:39:17 CET 2026
#@# Inflation2 rh Tue Mar 10 01:39:20 CET 2026
#@# Curv .H and .K rh Tue Mar 10 01:39:31 CET 2026
#@# Sphere rh Tue Mar 10 01:40:21 CET 2026
#@# Surf Reg rh Tue Mar 10 01:42:27 CET 2026
#@# Jacobian white rh Tue Mar 10 01:45:52 CET 2026
#@# AvgCurv rh Tue Mar 10 01:45:52 CET 2026
#@# Cortical Parc rh Tue Mar 10 01:45:53 CET 2026
#@# white curv rh Tue Mar 10 01:52:04 CET 2026
#@# white area rh Tue Mar 10 01:52:06 CET 2026
#@# pial curv rh Tue Mar 10 01:52:07 CET 2026
#@# pial area rh Tue Mar 10 01:52:09 CET 2026
#@# thickness rh Tue Mar 10 01:52:09 CET 2026
#@# area and vertex vol rh Tue Mar 10 01:52:41 CET 2026
#@# Curvature Stats rh Tue Mar 10 01:52:43 CET 2026
#@# Cortical Parc 2 rh Tue Mar 10 01:52:46 CET 2026
#@# Cortical Parc 3 rh Tue Mar 10 01:52:59 CET 2026
#@# WM/GM Contrast rh Tue Mar 10 01:53:10 CET 2026
recon-all -s sub-v1s3x0050781_ses-1 finished without error at Tue Mar 10 01:53:12 CET 2026



#New# invocation of recon-all 



status file for recon-all
Tue Mar 10 02:02:26 CET 2026
#@# white curv rh Tue Mar 10 02:02:26 CET 2026
#@# white area rh Tue Mar 10 02:02:26 CET 2026
#@# pial curv rh Tue Mar 10 02:02:26 CET 2026
#@# pial area rh Tue Mar 10 02:02:26 CET 2026
#@# thickness rh Tue Mar 10 02:02:26 CET 2026
#@# area and vertex vol rh Tue Mar 10 02:02:26 CET 2026
#@# Parcellation Stats rh Tue Mar 10 02:02:26 CET 2026
#@# Parcellation Stats 2 rh Tue Mar 10 02:02:47 CET 2026
#@# Parcellation Stats 3 rh Tue Mar 10 02:02:57 CET 2026
#@# BA_exvivo Labels rh Tue Mar 10 02:03:08 CET 2026
recon-all -s sub-v1s3x0050781_ses-1 finished without error at Tue Mar 10 02:05:37 CET 2026
