status file for recon-all
Tue Mar 10 01:07:13 CET 2026
#@# Tessellate lh Tue Mar 10 01:07:13 CET 2026
#@# Smooth1 lh Tue Mar 10 01:07:17 CET 2026
#@# Inflation1 lh Tue Mar 10 01:07:20 CET 2026
#@# QSphere lh Tue Mar 10 01:07:30 CET 2026
#@# Fix Topology lh Tue Mar 10 01:08:27 CET 2026
#@# Smooth2 lh Tue Mar 10 01:16:01 CET 2026
#@# Inflation2 lh Tue Mar 10 01:16:04 CET 2026
#@# Curv .H and .K lh Tue Mar 10 01:16:15 CET 2026
#@# Sphere lh Tue Mar 10 01:17:05 CET 2026
#@# Surf Reg lh Tue Mar 10 01:19:55 CET 2026
#@# Jacobian white lh Tue Mar 10 01:23:28 CET 2026
#@# AvgCurv lh Tue Mar 10 01:23:28 CET 2026
#@# Cortical Parc lh Tue Mar 10 01:23:29 CET 2026
#@# white curv lh Tue Mar 10 01:30:02 CET 2026
#@# white area lh Tue Mar 10 01:30:04 CET 2026
#@# pial curv lh Tue Mar 10 01:30:04 CET 2026
#@# pial area lh Tue Mar 10 01:30:06 CET 2026
#@# thickness lh Tue Mar 10 01:30:07 CET 2026
#@# area and vertex vol lh Tue Mar 10 01:30:38 CET 2026
#@# Curvature Stats lh Tue Mar 10 01:30:39 CET 2026
#@# Cortical Parc 2 lh Tue Mar 10 01:30:41 CET 2026
#@# Cortical Parc 3 lh Tue Mar 10 01:30:55 CET 2026
#@# WM/GM Contrast lh Tue Mar 10 01:31:05 CET 2026
recon-all -s sub-v1s3x0050781_ses-1 finished without error at Tue Mar 10 01:31:08 CET 2026



#New# invocation of recon-all 



status file for recon-all
Tue Mar 10 01:59:16 CET 2026
#@# white curv lh Tue Mar 10 01:59:16 CET 2026
#@# white area lh Tue Mar 10 01:59:16 CET 2026
#@# pial curv lh Tue Mar 10 01:59:16 CET 2026
#@# pial area lh Tue Mar 10 01:59:16 CET 2026
#@# thickness lh Tue Mar 10 01:59:16 CET 2026
#@# area and vertex vol lh Tue Mar 10 01:59:16 CET 2026
#@# Parcellation Stats lh Tue Mar 10 01:59:16 CET 2026
#@# Parcellation Stats 2 lh Tue Mar 10 01:59:36 CET 2026
#@# Parcellation Stats 3 lh Tue Mar 10 01:59:47 CET 2026
#@# BA_exvivo Labels lh Tue Mar 10 01:59:57 CET 2026
recon-all -s sub-v1s3x0050781_ses-1 finished without error at Tue Mar 10 02:02:23 CET 2026
