status file for recon-all
Thu Mar 12 18:09:02 CET 2026
#@# Tessellate lh Thu Mar 12 18:09:03 CET 2026
#@# Smooth1 lh Thu Mar 12 18:09:07 CET 2026
#@# Inflation1 lh Thu Mar 12 18:09:10 CET 2026
#@# QSphere lh Thu Mar 12 18:09:23 CET 2026
#@# Fix Topology lh Thu Mar 12 18:10:43 CET 2026
#@# Smooth2 lh Thu Mar 12 18:17:15 CET 2026
#@# Inflation2 lh Thu Mar 12 18:17:18 CET 2026
#@# Curv .H and .K lh Thu Mar 12 18:17:33 CET 2026
#@# Sphere lh Thu Mar 12 18:18:22 CET 2026
#@# Surf Reg lh Thu Mar 12 18:22:32 CET 2026
#@# Jacobian white lh Thu Mar 12 18:27:32 CET 2026
#@# AvgCurv lh Thu Mar 12 18:27:33 CET 2026
#@# Cortical Parc lh Thu Mar 12 18:27:34 CET 2026
#@# white curv lh Thu Mar 12 18:34:51 CET 2026
#@# white area lh Thu Mar 12 18:34:53 CET 2026
#@# pial curv lh Thu Mar 12 18:34:54 CET 2026
#@# pial area lh Thu Mar 12 18:34:56 CET 2026
#@# thickness lh Thu Mar 12 18:34:57 CET 2026
#@# area and vertex vol lh Thu Mar 12 18:35:27 CET 2026
#@# Curvature Stats lh Thu Mar 12 18:35:28 CET 2026
#@# Cortical Parc 2 lh Thu Mar 12 18:35:31 CET 2026
#@# Cortical Parc 3 lh Thu Mar 12 18:35:45 CET 2026
#@# WM/GM Contrast lh Thu Mar 12 18:35:55 CET 2026
recon-all -s sub-v1s3x0050789_ses-1 finished without error at Thu Mar 12 18:35:59 CET 2026



#New# invocation of recon-all 



status file for recon-all
Thu Mar 12 19:04:35 CET 2026
#@# white curv lh Thu Mar 12 19:04:35 CET 2026
#@# white area lh Thu Mar 12 19:04:35 CET 2026
#@# pial curv lh Thu Mar 12 19:04:35 CET 2026
#@# pial area lh Thu Mar 12 19:04:35 CET 2026
#@# thickness lh Thu Mar 12 19:04:35 CET 2026
#@# area and vertex vol lh Thu Mar 12 19:04:35 CET 2026
#@# Parcellation Stats lh Thu Mar 12 19:04:35 CET 2026
#@# Parcellation Stats 2 lh Thu Mar 12 19:04:56 CET 2026
#@# Parcellation Stats 3 lh Thu Mar 12 19:05:06 CET 2026
#@# BA_exvivo Labels lh Thu Mar 12 19:05:16 CET 2026
recon-all -s sub-v1s3x0050789_ses-1 finished without error at Thu Mar 12 19:07:56 CET 2026
