status file for recon-all
Thu Mar 12 16:24:31 CET 2026
#@# MotionCor Thu Mar 12 16:24:33 CET 2026
#@# Talairach Thu Mar 12 16:24:44 CET 2026
#@# Talairach Failure Detection Thu Mar 12 16:29:10 CET 2026
#@# Nu Intensity Correction Thu Mar 12 16:29:10 CET 2026
#@# Intensity Normalization Thu Mar 12 16:32:26 CET 2026
recon-all -s sub-v1s3x0050789_ses-1 finished without error at Thu Mar 12 16:33:54 CET 2026



#New# invocation of recon-all 



status file for recon-all
Thu Mar 12 16:42:57 CET 2026
#@# EM Registration Thu Mar 12 16:42:57 CET 2026
recon-all -s sub-v1s3x0050789_ses-1 finished without error at Thu Mar 12 16:44:39 CET 2026



#New# invocation of recon-all 



status file for recon-all
Thu Mar 12 16:44:41 CET 2026
#@# CA Normalize Thu Mar 12 16:44:41 CET 2026
#@# CA Reg Thu Mar 12 16:46:00 CET 2026
#@# SubCort Seg Thu Mar 12 17:28:04 CET 2026
#@# CC Seg Thu Mar 12 18:03:14 CET 2026
#@# Merge ASeg Thu Mar 12 18:03:45 CET 2026
#@# Intensity Normalization2 Thu Mar 12 18:03:45 CET 2026
#@# Mask BFS Thu Mar 12 18:05:58 CET 2026
#@# WM Segmentation Thu Mar 12 18:05:59 CET 2026
#@# Fill Thu Mar 12 18:07:55 CET 2026
recon-all -s sub-v1s3x0050789_ses-1 finished without error at Thu Mar 12 18:08:56 CET 2026



#New# invocation of recon-all 



status file for recon-all
Thu Mar 12 18:59:27 CET 2026
#@# white curv lh Thu Mar 12 18:59:27 CET 2026
#@# white area lh Thu Mar 12 18:59:27 CET 2026
#@# pial curv lh Thu Mar 12 18:59:27 CET 2026
#@# pial area lh Thu Mar 12 18:59:27 CET 2026
#@# thickness lh Thu Mar 12 18:59:27 CET 2026
#@# area and vertex vol lh Thu Mar 12 18:59:27 CET 2026
#@# white curv rh Thu Mar 12 18:59:27 CET 2026
#@# white area rh Thu Mar 12 18:59:27 CET 2026
#@# pial curv rh Thu Mar 12 18:59:27 CET 2026
#@# pial area rh Thu Mar 12 18:59:27 CET 2026
#@# thickness rh Thu Mar 12 18:59:27 CET 2026
#@# area and vertex vol rh Thu Mar 12 18:59:27 CET 2026
#@# Cortical ribbon mask Thu Mar 12 18:59:28 CET 2026
recon-all -s sub-v1s3x0050789_ses-1 finished without error at Thu Mar 12 19:04:31 CET 2026



#New# invocation of recon-all 



status file for recon-all
Thu Mar 12 19:11:27 CET 2026
#@# white curv lh Thu Mar 12 19:11:27 CET 2026
#@# white area lh Thu Mar 12 19:11:27 CET 2026
#@# pial curv lh Thu Mar 12 19:11:27 CET 2026
#@# pial area lh Thu Mar 12 19:11:27 CET 2026
#@# thickness lh Thu Mar 12 19:11:27 CET 2026
#@# area and vertex vol lh Thu Mar 12 19:11:27 CET 2026
#@# white curv rh Thu Mar 12 19:11:27 CET 2026
#@# white area rh Thu Mar 12 19:11:27 CET 2026
#@# pial curv rh Thu Mar 12 19:11:27 CET 2026
#@# pial area rh Thu Mar 12 19:11:27 CET 2026
#@# thickness rh Thu Mar 12 19:11:27 CET 2026
#@# area and vertex vol rh Thu Mar 12 19:11:27 CET 2026
#@# Curvature Stats lh Thu Mar 12 19:11:27 CET 2026
#@# Curvature Stats rh Thu Mar 12 19:11:30 CET 2026
#@# Relabel Hypointensities Thu Mar 12 19:11:32 CET 2026
#@# APas-to-ASeg Thu Mar 12 19:11:49 CET 2026
#@# AParc-to-ASeg aparc Thu Mar 12 19:11:59 CET 2026
#@# AParc-to-ASeg aparc.a2009s Thu Mar 12 19:12:35 CET 2026
#@# AParc-to-ASeg aparc.DKTatlas Thu Mar 12 19:13:25 CET 2026
#@# WMParc Thu Mar 12 19:14:05 CET 2026
#@# ASeg Stats Thu Mar 12 19:17:34 CET 2026
recon-all -s sub-v1s3x0050789_ses-1 finished without error at Thu Mar 12 19:18:12 CET 2026
