status file for recon-all
Thu Mar 12 18:36:03 CET 2026
#@# Tessellate rh Thu Mar 12 18:36:03 CET 2026
#@# Smooth1 rh Thu Mar 12 18:36:06 CET 2026
#@# Inflation1 rh Thu Mar 12 18:36:09 CET 2026
#@# QSphere rh Thu Mar 12 18:36:22 CET 2026
#@# Fix Topology rh Thu Mar 12 18:37:25 CET 2026
#@# Smooth2 rh Thu Mar 12 18:43:18 CET 2026
#@# Inflation2 rh Thu Mar 12 18:43:21 CET 2026
#@# Curv .H and .K rh Thu Mar 12 18:43:37 CET 2026
#@# Sphere rh Thu Mar 12 18:44:27 CET 2026
#@# Surf Reg rh Thu Mar 12 18:46:44 CET 2026
#@# Jacobian white rh Thu Mar 12 18:50:48 CET 2026
#@# AvgCurv rh Thu Mar 12 18:50:49 CET 2026
#@# Cortical Parc rh Thu Mar 12 18:50:50 CET 2026
#@# white curv rh Thu Mar 12 18:58:12 CET 2026
#@# white area rh Thu Mar 12 18:58:15 CET 2026
#@# pial curv rh Thu Mar 12 18:58:16 CET 2026
#@# pial area rh Thu Mar 12 18:58:18 CET 2026
#@# thickness rh Thu Mar 12 18:58:19 CET 2026
#@# area and vertex vol rh Thu Mar 12 18:58:50 CET 2026
#@# Curvature Stats rh Thu Mar 12 18:58:52 CET 2026
#@# Cortical Parc 2 rh Thu Mar 12 18:58:54 CET 2026
#@# Cortical Parc 3 rh Thu Mar 12 18:59:08 CET 2026
#@# WM/GM Contrast rh Thu Mar 12 18:59:18 CET 2026
recon-all -s sub-v1s3x0050789_ses-1 finished without error at Thu Mar 12 18:59:22 CET 2026



#New# invocation of recon-all 



status file for recon-all
Thu Mar 12 19:07:59 CET 2026
#@# white curv rh Thu Mar 12 19:08:00 CET 2026
#@# white area rh Thu Mar 12 19:08:00 CET 2026
#@# pial curv rh Thu Mar 12 19:08:00 CET 2026
#@# pial area rh Thu Mar 12 19:08:00 CET 2026
#@# thickness rh Thu Mar 12 19:08:00 CET 2026
#@# area and vertex vol rh Thu Mar 12 19:08:00 CET 2026
#@# Parcellation Stats rh Thu Mar 12 19:08:00 CET 2026
#@# Parcellation Stats 2 rh Thu Mar 12 19:08:20 CET 2026
#@# Parcellation Stats 3 rh Thu Mar 12 19:08:30 CET 2026
#@# BA_exvivo Labels rh Thu Mar 12 19:08:40 CET 2026
recon-all -s sub-v1s3x0050789_ses-1 finished without error at Thu Mar 12 19:11:21 CET 2026
