status file for recon-all
Tue Mar 10 00:32:49 CET 2026
#@# MotionCor Tue Mar 10 00:32:51 CET 2026
#@# Talairach Tue Mar 10 00:32:57 CET 2026
#@# Talairach Failure Detection Tue Mar 10 00:35:46 CET 2026
#@# Nu Intensity Correction Tue Mar 10 00:35:46 CET 2026
#@# Intensity Normalization Tue Mar 10 00:38:33 CET 2026
recon-all -s sub-v1s3x0050801_ses-1 finished without error at Tue Mar 10 00:39:32 CET 2026



#New# invocation of recon-all 



status file for recon-all
Tue Mar 10 00:46:41 CET 2026
#@# EM Registration Tue Mar 10 00:46:41 CET 2026
recon-all -s sub-v1s3x0050801_ses-1 finished without error at Tue Mar 10 00:48:11 CET 2026



#New# invocation of recon-all 



status file for recon-all
Tue Mar 10 00:48:14 CET 2026
#@# CA Normalize Tue Mar 10 00:48:14 CET 2026
#@# CA Reg Tue Mar 10 00:49:05 CET 2026
#@# SubCort Seg Tue Mar 10 01:20:07 CET 2026
#@# CC Seg Tue Mar 10 01:42:02 CET 2026
#@# Merge ASeg Tue Mar 10 01:42:30 CET 2026
#@# Intensity Normalization2 Tue Mar 10 01:42:30 CET 2026
#@# Mask BFS Tue Mar 10 01:43:56 CET 2026
#@# WM Segmentation Tue Mar 10 01:43:57 CET 2026
#@# Fill Tue Mar 10 01:45:27 CET 2026
recon-all -s sub-v1s3x0050801_ses-1 finished without error at Tue Mar 10 01:46:04 CET 2026



#New# invocation of recon-all 



status file for recon-all
Tue Mar 10 02:21:00 CET 2026
#@# white curv lh Tue Mar 10 02:21:00 CET 2026
#@# white area lh Tue Mar 10 02:21:00 CET 2026
#@# pial curv lh Tue Mar 10 02:21:00 CET 2026
#@# pial area lh Tue Mar 10 02:21:00 CET 2026
#@# thickness lh Tue Mar 10 02:21:00 CET 2026
#@# area and vertex vol lh Tue Mar 10 02:21:00 CET 2026
#@# white curv rh Tue Mar 10 02:21:00 CET 2026
#@# white area rh Tue Mar 10 02:21:00 CET 2026
#@# pial curv rh Tue Mar 10 02:21:00 CET 2026
#@# pial area rh Tue Mar 10 02:21:00 CET 2026
#@# thickness rh Tue Mar 10 02:21:00 CET 2026
#@# area and vertex vol rh Tue Mar 10 02:21:00 CET 2026
#@# Cortical ribbon mask Tue Mar 10 02:21:00 CET 2026
recon-all -s sub-v1s3x0050801_ses-1 finished without error at Tue Mar 10 02:26:02 CET 2026



#New# invocation of recon-all 



status file for recon-all
Tue Mar 10 02:31:00 CET 2026
#@# white curv lh Tue Mar 10 02:31:00 CET 2026
#@# white area lh Tue Mar 10 02:31:00 CET 2026
#@# pial curv lh Tue Mar 10 02:31:00 CET 2026
#@# pial area lh Tue Mar 10 02:31:00 CET 2026
#@# thickness lh Tue Mar 10 02:31:00 CET 2026
#@# area and vertex vol lh Tue Mar 10 02:31:00 CET 2026
#@# white curv rh Tue Mar 10 02:31:00 CET 2026
#@# white area rh Tue Mar 10 02:31:00 CET 2026
#@# pial curv rh Tue Mar 10 02:31:00 CET 2026
#@# pial area rh Tue Mar 10 02:31:00 CET 2026
#@# thickness rh Tue Mar 10 02:31:00 CET 2026
#@# area and vertex vol rh Tue Mar 10 02:31:00 CET 2026
#@# Curvature Stats lh Tue Mar 10 02:31:00 CET 2026
#@# Curvature Stats rh Tue Mar 10 02:31:02 CET 2026
#@# Relabel Hypointensities Tue Mar 10 02:31:03 CET 2026
#@# APas-to-ASeg Tue Mar 10 02:31:13 CET 2026
#@# AParc-to-ASeg aparc Tue Mar 10 02:31:20 CET 2026
#@# AParc-to-ASeg aparc.a2009s Tue Mar 10 02:31:48 CET 2026
#@# AParc-to-ASeg aparc.DKTatlas Tue Mar 10 02:32:17 CET 2026
#@# WMParc Tue Mar 10 02:32:47 CET 2026
#@# ASeg Stats Tue Mar 10 02:34:38 CET 2026
recon-all -s sub-v1s3x0050801_ses-1 finished without error at Tue Mar 10 02:34:55 CET 2026
