status file for recon-all
Tue Mar 10 02:04:04 CET 2026
#@# Tessellate rh Tue Mar 10 02:04:04 CET 2026
#@# Smooth1 rh Tue Mar 10 02:04:06 CET 2026
#@# Inflation1 rh Tue Mar 10 02:04:08 CET 2026
#@# QSphere rh Tue Mar 10 02:04:16 CET 2026
#@# Fix Topology rh Tue Mar 10 02:05:03 CET 2026
#@# Smooth2 rh Tue Mar 10 02:09:34 CET 2026
#@# Inflation2 rh Tue Mar 10 02:09:36 CET 2026
#@# Curv .H and .K rh Tue Mar 10 02:09:44 CET 2026
#@# Sphere rh Tue Mar 10 02:10:24 CET 2026
#@# Surf Reg rh Tue Mar 10 02:12:05 CET 2026
#@# Jacobian white rh Tue Mar 10 02:14:32 CET 2026
#@# AvgCurv rh Tue Mar 10 02:14:33 CET 2026
#@# Cortical Parc rh Tue Mar 10 02:14:33 CET 2026
#@# white curv rh Tue Mar 10 02:20:10 CET 2026
#@# white area rh Tue Mar 10 02:20:11 CET 2026
#@# pial curv rh Tue Mar 10 02:20:12 CET 2026
#@# pial area rh Tue Mar 10 02:20:13 CET 2026
#@# thickness rh Tue Mar 10 02:20:13 CET 2026
#@# area and vertex vol rh Tue Mar 10 02:20:34 CET 2026
#@# Curvature Stats rh Tue Mar 10 02:20:35 CET 2026
#@# Cortical Parc 2 rh Tue Mar 10 02:20:36 CET 2026
#@# Cortical Parc 3 rh Tue Mar 10 02:20:47 CET 2026
#@# WM/GM Contrast rh Tue Mar 10 02:20:54 CET 2026
recon-all -s sub-v1s3x0050801_ses-1 finished without error at Tue Mar 10 02:20:56 CET 2026



#New# invocation of recon-all 



status file for recon-all
Tue Mar 10 02:28:29 CET 2026
#@# white curv rh Tue Mar 10 02:28:29 CET 2026
#@# white area rh Tue Mar 10 02:28:29 CET 2026
#@# pial curv rh Tue Mar 10 02:28:29 CET 2026
#@# pial area rh Tue Mar 10 02:28:29 CET 2026
#@# thickness rh Tue Mar 10 02:28:29 CET 2026
#@# area and vertex vol rh Tue Mar 10 02:28:29 CET 2026
#@# Parcellation Stats rh Tue Mar 10 02:28:29 CET 2026
#@# Parcellation Stats 2 rh Tue Mar 10 02:28:45 CET 2026
#@# Parcellation Stats 3 rh Tue Mar 10 02:28:53 CET 2026
#@# BA_exvivo Labels rh Tue Mar 10 02:29:01 CET 2026
recon-all -s sub-v1s3x0050801_ses-1 finished without error at Tue Mar 10 02:30:55 CET 2026
