status file for recon-all
Tue Mar 10 01:46:07 CET 2026
#@# Tessellate lh Tue Mar 10 01:46:07 CET 2026
#@# Smooth1 lh Tue Mar 10 01:46:10 CET 2026
#@# Inflation1 lh Tue Mar 10 01:46:12 CET 2026
#@# QSphere lh Tue Mar 10 01:46:19 CET 2026
#@# Fix Topology lh Tue Mar 10 01:47:04 CET 2026
#@# Smooth2 lh Tue Mar 10 01:51:58 CET 2026
#@# Inflation2 lh Tue Mar 10 01:52:00 CET 2026
#@# Curv .H and .K lh Tue Mar 10 01:52:08 CET 2026
#@# Sphere lh Tue Mar 10 01:52:46 CET 2026
#@# Surf Reg lh Tue Mar 10 01:55:11 CET 2026
#@# Jacobian white lh Tue Mar 10 01:57:42 CET 2026
#@# AvgCurv lh Tue Mar 10 01:57:42 CET 2026
#@# Cortical Parc lh Tue Mar 10 01:57:43 CET 2026
#@# white curv lh Tue Mar 10 02:03:16 CET 2026
#@# white area lh Tue Mar 10 02:03:17 CET 2026
#@# pial curv lh Tue Mar 10 02:03:18 CET 2026
#@# pial area lh Tue Mar 10 02:03:19 CET 2026
#@# thickness lh Tue Mar 10 02:03:19 CET 2026
#@# area and vertex vol lh Tue Mar 10 02:03:39 CET 2026
#@# Curvature Stats lh Tue Mar 10 02:03:40 CET 2026
#@# Cortical Parc 2 lh Tue Mar 10 02:03:42 CET 2026
#@# Cortical Parc 3 lh Tue Mar 10 02:03:52 CET 2026
#@# WM/GM Contrast lh Tue Mar 10 02:03:59 CET 2026
recon-all -s sub-v1s3x0050801_ses-1 finished without error at Tue Mar 10 02:04:01 CET 2026



#New# invocation of recon-all 



status file for recon-all
Tue Mar 10 02:26:05 CET 2026
#@# white curv lh Tue Mar 10 02:26:06 CET 2026
#@# white area lh Tue Mar 10 02:26:06 CET 2026
#@# pial curv lh Tue Mar 10 02:26:06 CET 2026
#@# pial area lh Tue Mar 10 02:26:06 CET 2026
#@# thickness lh Tue Mar 10 02:26:06 CET 2026
#@# area and vertex vol lh Tue Mar 10 02:26:06 CET 2026
#@# Parcellation Stats lh Tue Mar 10 02:26:06 CET 2026
#@# Parcellation Stats 2 lh Tue Mar 10 02:26:21 CET 2026
#@# Parcellation Stats 3 lh Tue Mar 10 02:26:29 CET 2026
#@# BA_exvivo Labels lh Tue Mar 10 02:26:36 CET 2026
recon-all -s sub-v1s3x0050801_ses-1 finished without error at Tue Mar 10 02:28:26 CET 2026
