status file for recon-all
Mon Mar  9 23:17:15 CET 2026
#@# MotionCor Mon Mar  9 23:17:17 CET 2026
#@# Talairach Mon Mar  9 23:17:27 CET 2026
#@# Talairach Failure Detection Mon Mar  9 23:21:51 CET 2026
#@# Nu Intensity Correction Mon Mar  9 23:21:51 CET 2026
#@# Intensity Normalization Mon Mar  9 23:25:05 CET 2026
recon-all -s sub-v1s3x0050778_ses-1 finished without error at Mon Mar  9 23:26:34 CET 2026



#New# invocation of recon-all 



status file for recon-all
Mon Mar  9 23:35:01 CET 2026
#@# EM Registration Mon Mar  9 23:35:01 CET 2026
recon-all -s sub-v1s3x0050778_ses-1 finished without error at Mon Mar  9 23:36:50 CET 2026



#New# invocation of recon-all 



status file for recon-all
Mon Mar  9 23:36:53 CET 2026
#@# CA Normalize Mon Mar  9 23:36:53 CET 2026
#@# CA Reg Mon Mar  9 23:38:12 CET 2026
#@# SubCort Seg Tue Mar 10 00:30:24 CET 2026
#@# CC Seg Tue Mar 10 00:58:30 CET 2026
#@# Merge ASeg Tue Mar 10 00:59:01 CET 2026
#@# Intensity Normalization2 Tue Mar 10 00:59:01 CET 2026
#@# Mask BFS Tue Mar 10 01:01:07 CET 2026
#@# WM Segmentation Tue Mar 10 01:01:08 CET 2026
#@# Fill Tue Mar 10 01:03:00 CET 2026
recon-all -s sub-v1s3x0050778_ses-1 finished without error at Tue Mar 10 01:04:01 CET 2026



#New# invocation of recon-all 



status file for recon-all
Tue Mar 10 01:48:55 CET 2026
#@# white curv lh Tue Mar 10 01:48:55 CET 2026
#@# white area lh Tue Mar 10 01:48:55 CET 2026
#@# pial curv lh Tue Mar 10 01:48:55 CET 2026
#@# pial area lh Tue Mar 10 01:48:55 CET 2026
#@# thickness lh Tue Mar 10 01:48:55 CET 2026
#@# area and vertex vol lh Tue Mar 10 01:48:55 CET 2026
#@# white curv rh Tue Mar 10 01:48:55 CET 2026
#@# white area rh Tue Mar 10 01:48:55 CET 2026
#@# pial curv rh Tue Mar 10 01:48:55 CET 2026
#@# pial area rh Tue Mar 10 01:48:55 CET 2026
#@# thickness rh Tue Mar 10 01:48:55 CET 2026
#@# area and vertex vol rh Tue Mar 10 01:48:55 CET 2026
#@# Cortical ribbon mask Tue Mar 10 01:48:55 CET 2026
recon-all -s sub-v1s3x0050778_ses-1 finished without error at Tue Mar 10 01:53:51 CET 2026



#New# invocation of recon-all 



status file for recon-all
Tue Mar 10 01:59:55 CET 2026
#@# white curv lh Tue Mar 10 01:59:55 CET 2026
#@# white area lh Tue Mar 10 01:59:55 CET 2026
#@# pial curv lh Tue Mar 10 01:59:55 CET 2026
#@# pial area lh Tue Mar 10 01:59:55 CET 2026
#@# thickness lh Tue Mar 10 01:59:55 CET 2026
#@# area and vertex vol lh Tue Mar 10 01:59:55 CET 2026
#@# white curv rh Tue Mar 10 01:59:55 CET 2026
#@# white area rh Tue Mar 10 01:59:55 CET 2026
#@# pial curv rh Tue Mar 10 01:59:56 CET 2026
#@# pial area rh Tue Mar 10 01:59:56 CET 2026
#@# thickness rh Tue Mar 10 01:59:56 CET 2026
#@# area and vertex vol rh Tue Mar 10 01:59:56 CET 2026
#@# Curvature Stats lh Tue Mar 10 01:59:56 CET 2026
#@# Curvature Stats rh Tue Mar 10 01:59:58 CET 2026
#@# Relabel Hypointensities Tue Mar 10 02:00:00 CET 2026
#@# APas-to-ASeg Tue Mar 10 02:00:14 CET 2026
#@# AParc-to-ASeg aparc Tue Mar 10 02:00:23 CET 2026
#@# AParc-to-ASeg aparc.a2009s Tue Mar 10 02:01:10 CET 2026
#@# AParc-to-ASeg aparc.DKTatlas Tue Mar 10 02:01:59 CET 2026
#@# WMParc Tue Mar 10 02:02:48 CET 2026
#@# ASeg Stats Tue Mar 10 02:06:12 CET 2026
recon-all -s sub-v1s3x0050778_ses-1 finished without error at Tue Mar 10 02:06:52 CET 2026
