status file for recon-all
Tue Mar 10 01:26:59 CET 2026
#@# Tessellate rh Tue Mar 10 01:26:59 CET 2026
#@# Smooth1 rh Tue Mar 10 01:27:03 CET 2026
#@# Inflation1 rh Tue Mar 10 01:27:05 CET 2026
#@# QSphere rh Tue Mar 10 01:27:18 CET 2026
#@# Fix Topology rh Tue Mar 10 01:28:36 CET 2026
#@# Smooth2 rh Tue Mar 10 01:34:15 CET 2026
#@# Inflation2 rh Tue Mar 10 01:34:18 CET 2026
#@# Curv .H and .K rh Tue Mar 10 01:34:33 CET 2026
#@# Sphere rh Tue Mar 10 01:35:16 CET 2026
#@# Surf Reg rh Tue Mar 10 01:37:29 CET 2026
#@# Jacobian white rh Tue Mar 10 01:41:07 CET 2026
#@# AvgCurv rh Tue Mar 10 01:41:08 CET 2026
#@# Cortical Parc rh Tue Mar 10 01:41:09 CET 2026
#@# white curv rh Tue Mar 10 01:47:49 CET 2026
#@# white area rh Tue Mar 10 01:47:51 CET 2026
#@# pial curv rh Tue Mar 10 01:47:51 CET 2026
#@# pial area rh Tue Mar 10 01:47:53 CET 2026
#@# thickness rh Tue Mar 10 01:47:54 CET 2026
#@# area and vertex vol rh Tue Mar 10 01:48:21 CET 2026
#@# Curvature Stats rh Tue Mar 10 01:48:23 CET 2026
#@# Cortical Parc 2 rh Tue Mar 10 01:48:25 CET 2026
#@# Cortical Parc 3 rh Tue Mar 10 01:48:37 CET 2026
#@# WM/GM Contrast rh Tue Mar 10 01:48:47 CET 2026
recon-all -s sub-v1s3x0050778_ses-1 finished without error at Tue Mar 10 01:48:50 CET 2026



#New# invocation of recon-all 



status file for recon-all
Tue Mar 10 01:56:53 CET 2026
#@# white curv rh Tue Mar 10 01:56:53 CET 2026
#@# white area rh Tue Mar 10 01:56:53 CET 2026
#@# pial curv rh Tue Mar 10 01:56:53 CET 2026
#@# pial area rh Tue Mar 10 01:56:53 CET 2026
#@# thickness rh Tue Mar 10 01:56:53 CET 2026
#@# area and vertex vol rh Tue Mar 10 01:56:53 CET 2026
#@# Parcellation Stats rh Tue Mar 10 01:56:53 CET 2026
#@# Parcellation Stats 2 rh Tue Mar 10 01:57:10 CET 2026
#@# Parcellation Stats 3 rh Tue Mar 10 01:57:18 CET 2026
#@# BA_exvivo Labels rh Tue Mar 10 01:57:27 CET 2026
recon-all -s sub-v1s3x0050778_ses-1 finished without error at Tue Mar 10 01:59:51 CET 2026
