/out/sourcedata/freesurfer/sub-v1s3x0050800_ses-1/mri
/opt/freesurfer/bin/talairach_avi
--i orig_nu.mgz --xfm transforms/talairach.auto.xfm
talairach_avi 7.3.2
Linux dna030 5.14.0-427.37.1.el9_4.x86_64 #1 SMP PREEMPT_DYNAMIC Fri Sep 13 12:41:50 EDT 2024 x86_64 x86_64 x86_64 GNU/Linux
Tue Mar 10 00:35:43 CET 2026
mri_convert orig_nu.mgz talsrcimg.img 
reading from orig_nu.mgz...
TR=0.00, TE=0.00, TI=0.00, flip angle=0.00
i_ras = (-1, 0, 0)
j_ras = (0, 0, -1)
k_ras = (0, 1, 0)
writing to talsrcimg.img...
Analyze Output Matrix
-1.00000   0.00000   0.00000   147.16489;
 0.00000   0.00000   1.00000  -151.70154;
 0.00000  -1.00000   0.00000   124.32973;
 0.00000   0.00000   0.00000   1.00000;
--------------------
INFO: set hdr.hist.orient to -1
mpr2mni305 talsrcimg
Tue Mar 10 00:35:43 CET 2026
/opt/freesurfer/bin/mpr2mni305 talsrcimg
mpr2mni305 7.3.2
target=711-2C_as_mni_average_305

---------------------------------------------------------------------
analyzeto4dfp talsrcimg -O0 -y
---------------------------------------------------------------------

freesurfer ifh2hdr.c
Tue Mar 10 00:35:43 2026
Writing: talsrcimg.4dfp.hdr
freesurfer analyzeto4dfp.c
Reading: talsrcimg.hdr
header size 348 bytes
hdr.dime.datatype	offset=70	value=2
hdr.dime.bitpix		offset=72	value=8
hdr.hist.orient		offset=252	value=-1
dimensionality     4
dimensions       256       256       256         1
Reading: talsrcimg.img
Writing: talsrcimg.4dfp.img
Writing: talsrcimg.4dfp.ifh
ifh2hdr talsrcimg -r0to255
ori=2

---------------------------------------------------------------------
gauss_4dfp talsrcimg 1.1
---------------------------------------------------------------------

freesurfer gauss_4dfp.c
Reading: talsrcimg.4dfp.img
Writing: talsrcimg_g11.4dfp.img
image dimensions 256 256 256 padded to 288 288 288
processing volume 1freesurfer ifh2hdr.c
Tue Mar 10 00:35:45 2026
Writing: talsrcimg_g11.4dfp.hdr

Writing: talsrcimg_g11.4dfp.ifh
including: talsrcimg.4dfp.img.rec in talsrcimg_g11.4dfp.img.rec

---------------------------------------------------------------------
imgreg_4dfp /opt/freesurfer/average/711-2C_as_mni_average_305 none talsrcimg_g11 none talsrcimg_to_711-2C_as_mni_average_305_t4 4355
---------------------------------------------------------------------

freesurfer imgreg_4dfp.c
/opt/freesurfer/average/711-2C_as_mni_average_305.4dfp.img
       256       256       256         1
  1.000000  1.000000  1.000000
orientation T byte_order littleendian
Reading image: /opt/freesurfer/average/711-2C_as_mni_average_305.4dfp.img
dimensions:      256       256       256
mmppix:       1.0000   -1.0000   -1.0000
center:     128.0000 -129.0000 -129.0000
talsrcimg_g11.4dfp.img
       256       256       256         1
  1.000000  1.000000  1.000000
orientation T byte_order littleendian
Reading image: talsrcimg_g11.4dfp.img
dimensions:      256       256       256
mmppix:       1.0000   -1.0000   -1.0000
center:     128.0000 -129.0000 -129.0000
t4_read: open error in t4_sub.f l:  41 t4_file(1:l)talsrcimg_to_711-2C_as_mni_average_305_t4 
t4_read: transform initialized to I4
rotation matrix determinant  1.000000
image alignment mode   4355 decimal     1103 hex
   -7.5000  -45.0000  -45.0000 8139.3584   14.3275
    0.0000  -45.0000  -45.0000 8458.2832   14.3215
    7.5000  -45.0000  -45.0000 8075.5205   14.3251
   -7.5000  -37.5000  -45.0000 8569.6250   14.3375
    0.0000  -37.5000  -45.0000 8910.6934   14.3331
    7.5000  -37.5000  -45.0000 8492.5264   14.3311
   -7.5000  -30.0000  -45.0000 9278.5605   14.3474
    0.0000  -30.0000  -45.0000 9670.1973   14.3467
    7.5000  -30.0000  -45.0000 9210.9014   14.3396
   -7.5000  -22.5000  -45.0000 9975.7725   14.3435
    0.0000  -22.5000  -45.000010409.0684   14.3447
    7.5000  -22.5000  -45.0000 9903.0869   14.3382
   -7.5000  -15.0000  -45.000010617.0732   14.3309
    0.0000  -15.0000  -45.000011058.2178   14.3305
    7.5000  -15.0000  -45.000010549.0928   14.3310
   -7.5000   -7.5000  -45.000011165.4619   14.3245
    0.0000   -7.5000  -45.000011594.8936   14.3206
    7.5000   -7.5000  -45.000011096.0674   14.3261
   -7.5000    0.0000  -45.000011644.7441   14.3270
    0.0000    0.0000  -45.000012065.7480   14.3211
    7.5000    0.0000  -45.000011559.5566   14.3246
   -7.5000    7.5000  -45.000011107.9795   14.3373
    0.0000    7.5000  -45.000011510.9199   14.3329
    7.5000    7.5000  -45.000011010.0010   14.3309
   -7.5000   15.0000  -45.000010380.2900   14.3473
    0.0000   15.0000  -45.000010764.0293   14.3467
    7.5000   15.0000  -45.000010260.5615   14.3396
   -7.5000   22.5000  -45.0000 9602.9365   14.3415
    0.0000   22.5000  -45.0000 9964.0664   14.3428
    7.5000   22.5000  -45.0000 9477.4805   14.3362
   -7.5000   30.0000  -45.0000 8773.8672   14.1399
    0.0000   30.0000  -45.0000 9103.6123   14.1396
    7.5000   30.0000  -45.0000 8658.7861   14.1400
   -7.5000   37.5000  -45.0000 8297.5498   14.1341
    0.0000   37.5000  -45.0000 8626.2246   14.1302
    7.5000   37.5000  -45.0000 8196.6572   14.1357
   -7.5000   45.0000  -45.0000 7624.9565   13.8672
    0.0000   45.0000  -45.0000 7921.5742   13.8618
    7.5000   45.0000  -45.0000 7508.3701   13.8653
   -7.5000  -45.0000  -37.5000 8727.3232   14.1881
    0.0000  -45.0000  -37.5000 9038.3145   14.1882
    7.5000  -45.0000  -37.5000 8607.4307   14.1957
   -7.5000  -37.5000  -37.5000 9178.9961   14.1997
    0.0000  -37.5000  -37.5000 9487.8193   14.2015
    7.5000  -37.5000  -37.5000 9023.3320   14.2041
   -7.5000  -30.0000  -37.5000 9924.6982   14.2104
    0.0000  -30.0000  -37.500010304.2637   14.2152
    7.5000  -30.0000  -37.5000 9790.4990   14.2148
   -7.5000  -22.5000  -37.500010657.2051   14.2070
    0.0000  -22.5000  -37.500011074.7061   14.2130
    7.5000  -22.5000  -37.500010503.8477   14.2147
   -7.5000  -15.0000  -37.500011304.8301   14.1955
    0.0000  -15.0000  -37.500011766.3213   14.1987
    7.5000  -15.0000  -37.500011184.3428   14.2059
   -7.5000   -7.5000  -37.500011861.9814   14.1869
    0.0000   -7.5000  -37.500012338.5879   14.1873
    7.5000   -7.5000  -37.500011731.9932   14.1974
   -7.5000    0.0000  -37.500012376.2227   14.1876
    0.0000    0.0000  -37.500012828.4346   14.1877
    7.5000    0.0000  -37.500012194.1221   14.1952
   -7.5000    7.5000  -37.500011843.3125   14.1994
    0.0000    7.5000  -37.500012265.8262   14.2012
    7.5000    7.5000  -37.500011673.2500   14.2039
   -7.5000   15.0000  -37.500011010.4824   14.2104
    0.0000   15.0000  -37.500011439.9189   14.2151
    7.5000   15.0000  -37.500010895.8154   14.2148
   -7.5000   22.5000  -37.500010114.4092   14.2051
    0.0000   22.5000  -37.500010504.8633   14.2111
    7.5000   22.5000  -37.500010045.1924   14.2128
   -7.5000   30.0000  -37.5000 9237.9639   14.0063
    0.0000   30.0000  -37.5000 9577.5000   14.0095
    7.5000   30.0000  -37.5000 9151.0215   14.0166
   -7.5000   37.5000  -37.5000 8750.2646   13.9984
    0.0000   37.5000  -37.5000 9082.9316   13.9987
    7.5000   37.5000  -37.5000 8665.0605   14.0087
   -7.5000   45.0000  -37.5000 8041.1904   13.7292
    0.0000   45.0000  -37.5000 8318.0586   13.7294
    7.5000   45.0000  -37.5000 7916.9175   13.7371
   -7.5000  -45.0000  -30.0000 9482.4639   14.6951
    0.0000  -45.0000  -30.0000 9825.8174   14.7038
    7.5000  -45.0000  -30.0000 9334.1475   14.7210
   -7.5000  -37.5000  -30.0000 9975.0010   14.6986
    0.0000  -37.5000  -30.000010326.6064   14.7115
    7.5000  -37.5000  -30.0000 9792.3379   14.7251
   -7.5000  -30.0000  -30.000010776.5449   14.7037
    0.0000  -30.0000  -30.000011182.6074   14.7203
    7.5000  -30.0000  -30.000010597.1357   14.7333
   -7.5000  -22.5000  -30.000011525.4209   14.7050
    0.0000  -22.5000  -30.000011943.4512   14.7209
    7.5000  -22.5000  -30.000011346.5986   14.7365
   -7.5000  -15.0000  -30.000012222.6270   14.7036
    0.0000  -15.0000  -30.000012692.4336   14.7140
    7.5000  -15.0000  -30.000012080.6943   14.7328
   -7.5000   -7.5000  -30.000012810.0498   14.6985
    0.0000   -7.5000  -30.000013321.5859   14.7054
    7.5000   -7.5000  -30.000012646.7354   14.7252
   -7.5000    0.0000  -30.000013319.6826   14.6946
    0.0000    0.0000  -30.000013794.8525   14.7033
    7.5000    0.0000  -30.000013087.0869   14.7205
   -7.5000    7.5000  -30.000012780.8799   14.6984
    0.0000    7.5000  -30.000013238.5908   14.7113
    7.5000    7.5000  -30.000012569.2744   14.7248
   -7.5000   15.0000  -30.000011857.4199   14.7037
    0.0000   15.0000  -30.000012323.3350   14.7203
    7.5000   15.0000  -30.000011764.6455   14.7333
   -7.5000   22.5000  -30.000010856.9189   14.7015
    0.0000   22.5000  -30.000011275.5371   14.7174
    7.5000   22.5000  -30.000010816.8115   14.7330
   -7.5000   30.0000  -30.0000 9894.8994   14.5090
    0.0000   30.0000  -30.000010240.9043   14.5193
    7.5000   30.0000  -30.0000 9836.5527   14.5378
   -7.5000   37.5000  -30.0000 9393.4121   14.5045
    0.0000   37.5000  -30.0000 9726.8350   14.5113
    7.5000   37.5000  -30.0000 9304.1016   14.5308
   -7.5000   45.0000  -30.0000 8602.7432   14.2263
    0.0000   45.0000  -30.0000 8882.5176   14.2348
    7.5000   45.0000  -30.0000 8474.6797   14.2520
   -7.5000  -45.0000  -22.500010230.2559   15.2151
    0.0000  -45.0000  -22.500010610.6338   15.2276
    7.5000  -45.0000  -22.500010073.4971   15.2517
   -7.5000  -37.5000  -22.500010746.3477   15.2105
    0.0000  -37.5000  -22.500011162.4541   15.2295
    7.5000  -37.5000  -22.500010610.5068   15.2502
   -7.5000  -30.0000  -22.500011641.1309   15.2114
    0.0000  -30.0000  -22.500012102.3398   15.2360
    7.5000  -30.0000  -22.500011503.2119   15.2563
   -7.5000  -22.5000  -22.500012470.6895   15.2177
    0.0000  -22.5000  -22.500012978.1543   15.2410
    7.5000  -22.5000  -22.500012326.8203   15.2635
   -7.5000  -15.0000  -22.500013211.8555   15.2242
    0.0000  -15.0000  -22.500013766.0283   15.2403
    7.5000  -15.0000  -22.500013090.7607   15.2655
   -7.5000   -7.5000  -22.500013811.7578   15.2221
    0.0000   -7.5000  -22.500014386.2051   15.2332
    7.5000   -7.5000  -22.500013673.2461   15.2596
   -7.5000    0.0000  -22.500014284.0342   15.2145
    0.0000    0.0000  -22.500014823.5322   15.2270
    7.5000    0.0000  -22.500014109.0957   15.2512
   -7.5000    7.5000  -22.500013733.7500   15.2102
    0.0000    7.5000  -22.500014262.6289   15.2292
    7.5000    7.5000  -22.500013568.1230   15.2500
   -7.5000   15.0000  -22.500012805.3750   15.2114
    0.0000   15.0000  -22.500013318.7480   15.2360
    7.5000   15.0000  -22.500012742.0020   15.2563
   -7.5000   22.5000  -22.500011685.6768   15.2130
    0.0000   22.5000  -22.500012137.5947   15.2363
    7.5000   22.5000  -22.500011671.6445   15.2588
   -7.5000   30.0000  -22.500010650.3379   15.0250
    0.0000   30.0000  -22.500011013.7539   15.0410
    7.5000   30.0000  -22.500010608.9395   15.0658
   -7.5000   37.5000  -22.500010075.7373   15.0234
    0.0000   37.5000  -22.500010422.8047   15.0344
    7.5000   37.5000  -22.500010000.5742   15.0604
   -7.5000   45.0000  -22.5000 9165.0098   14.7392
    0.0000   45.0000  -22.5000 9475.0400   14.7518
    7.5000   45.0000  -22.5000 9058.1426   14.7754
   -7.5000  -45.0000  -15.000010995.2178   15.6079
    0.0000  -45.0000  -15.000011412.6133   15.6158
    7.5000  -45.0000  -15.000010858.0391   15.6374
   -7.5000  -37.5000  -15.000011555.1738   15.6014
    0.0000  -37.5000  -15.000012035.1514   15.6162
    7.5000  -37.5000  -15.000011461.2266   15.6335
   -7.5000  -30.0000  -15.000012573.3965   15.6027
    0.0000  -30.0000  -15.000013081.6025   15.6244
    7.5000  -30.0000  -15.000012447.3516   15.6392
   -7.5000  -22.5000  -15.000013453.6602   15.6103
    0.0000  -22.5000  -15.000014046.0615   15.6315
    7.5000  -22.5000  -15.000013322.7783   15.6470
   -7.5000  -15.0000  -15.000014227.3740   15.6167
    0.0000  -15.0000  -15.000014849.8936   15.6313
    7.5000  -15.0000  -15.000014115.1797   15.6508
   -7.5000   -7.5000  -15.000014858.1689   15.6153
    0.0000   -7.5000  -15.000015485.5293   15.6236
    7.5000   -7.5000  -15.000014724.7129   15.6465
   -7.5000    0.0000  -15.000015280.6328   15.6074
    0.0000    0.0000  -15.000015938.7510   15.6153
    7.5000    0.0000  -15.000015203.8086   15.6369
   -7.5000    7.5000  -15.000014690.5635   15.6011
    0.0000    7.5000  -15.000015306.8555   15.6159
    7.5000    7.5000  -15.000014622.4355   15.6333
   -7.5000   15.0000  -15.000013752.9688   15.6027
    0.0000   15.0000  -15.000014325.6426   15.6244
    7.5000   15.0000  -15.000013741.4150   15.6392
   -7.5000   22.5000  -15.000012549.0283   15.6048
    0.0000   22.5000  -15.000013067.6836   15.6259
    7.5000   22.5000  -15.000012570.2881   15.6415
   -7.5000   30.0000  -15.000011400.8174   15.4146
    0.0000   30.0000  -15.000011827.8242   15.4290
    7.5000   30.0000  -15.000011406.7803   15.4482
   -7.5000   37.5000  -15.000010757.7480   15.4136
    0.0000   37.5000  -15.000011156.3740   15.4218
    7.5000   37.5000  -15.000010723.9727   15.4445
   -7.5000   45.0000  -15.0000 9743.4023   15.1314
    0.0000   45.0000  -15.000010094.4316   15.1398
    7.5000   45.0000  -15.0000 9670.4619   15.1607
   -7.5000  -45.0000   -7.500011818.4473   15.8008
    0.0000  -45.0000   -7.500012274.3096   15.7991
    7.5000  -45.0000   -7.500011681.7100   15.8097
   -7.5000  -37.5000   -7.500012472.6592   15.8035
    0.0000  -37.5000   -7.500012980.0977   15.8058
    7.5000  -37.5000   -7.500012334.5312   15.8108
   -7.5000  -30.0000   -7.500013541.1309   15.8109
    0.0000  -30.0000   -7.500014127.4746   15.8191
    7.5000  -30.0000   -7.500013416.7695   15.8190
   -7.5000  -22.5000   -7.500014518.9082   15.8128
    0.0000  -22.5000   -7.500015167.2891   15.8227
    7.5000  -22.5000   -7.500014370.4229   15.8224
   -7.5000  -15.0000   -7.500015375.4941   15.8079
    0.0000  -15.0000   -7.500016042.1689   15.8143
    7.5000  -15.0000   -7.500015219.2754   15.8205
   -7.5000   -7.5000   -7.500016011.6641   15.8029
    0.0000   -7.5000   -7.500016707.6953   15.8038
    7.5000   -7.5000   -7.500015900.4883   15.8156
   -7.5000    0.0000   -7.500016408.2090   15.8003
    0.0000    0.0000   -7.500017147.6543   15.7986
    7.5000    0.0000   -7.500016407.2227   15.8092
   -7.5000    7.5000   -7.500015731.8057   15.8032
    0.0000    7.5000   -7.500016397.7949   15.8056
    7.5000    7.5000   -7.500015708.5908   15.8106
   -7.5000   15.0000   -7.500014712.0459   15.8108
    0.0000   15.0000   -7.500015330.4717   15.8191
    7.5000   15.0000   -7.500014721.9756   15.8189
   -7.5000   22.5000   -7.500013452.7793   15.8055
    0.0000   22.5000   -7.500014009.5449   15.8154
    7.5000   22.5000   -7.500013493.9092   15.8150
   -7.5000   30.0000   -7.500012220.2246   15.6029
    0.0000   30.0000   -7.500012674.2607   15.6092
    7.5000   30.0000   -7.500012234.8242   15.6153
   -7.5000   37.5000   -7.500011558.7070   15.5985
    0.0000   37.5000   -7.500011981.2227   15.5993
    7.5000   37.5000   -7.500011523.5322   15.6111
   -7.5000   45.0000   -7.500010460.2656   15.3255
    0.0000   45.0000   -7.500010846.5176   15.3245
    7.5000   45.0000   -7.500010396.6758   15.3346
   -7.5000  -45.0000    0.000012557.7080   15.8224
    0.0000  -45.0000    0.000013032.8252   15.8165
    7.5000  -45.0000    0.000012368.1191   15.8206
   -7.5000  -37.5000    0.000013285.5117   15.8357
    0.0000  -37.5000    0.000013807.9102   15.8309
    7.5000  -37.5000    0.000013067.0400   15.8286
   -7.5000  -30.0000    0.000014440.9980   15.8490
    0.0000  -30.0000    0.000015052.0518   15.8483
    7.5000  -30.0000    0.000014215.0938   15.8402
   -7.5000  -22.5000    0.000015567.3252   15.8447
    0.0000  -22.5000    0.000016250.0205   15.8470
    7.5000  -22.5000    0.000015282.4082   15.8395
   -7.5000  -15.0000    0.000016533.6523   15.8288
    0.0000  -15.0000    0.000017267.0527   15.8300
    7.5000  -15.0000    0.000016225.1924   15.8304
   -7.5000   -7.5000    0.000017114.2266   15.8194
    0.0000   -7.5000    0.000017916.8887   15.8166
    7.5000   -7.5000    0.000016919.0059   15.8227
   -7.5000    0.0000    0.000017509.3184   15.8218
    0.0000    0.0000    0.000018313.3633   15.8160
    7.5000    0.0000    0.000017408.1816   15.8201
   -7.5000    7.5000    0.000016707.9238   15.8355
    0.0000    7.5000    0.000017452.2988   15.8307
    7.5000    7.5000    0.000016607.6953   15.8283
   -7.5000   15.0000    0.000015646.0361   15.8490
    0.0000   15.0000    0.000016334.3516   15.8483
    7.5000   15.0000    0.000015585.1680   15.8401
   -7.5000   22.5000    0.000014366.0605   15.8374
    0.0000   22.5000    0.000014962.2432   15.8397
    7.5000   22.5000    0.000014326.0312   15.8322
   -7.5000   30.0000    0.000013070.7920   15.6239
    0.0000   30.0000    0.000013557.4600   15.6252
    7.5000   30.0000    0.000013023.0176   15.6255
   -7.5000   37.5000    0.000012357.2168   15.6152
    0.0000   37.5000    0.000012792.7637   15.6124
    7.5000   37.5000    0.000012276.7910   15.6185
   -7.5000   45.0000    0.000011141.0254   15.3488
    0.0000   45.0000    0.000011565.0801   15.3435
    7.5000   45.0000    0.000011067.4707   15.3475
   -7.5000  -45.0000    7.500012336.2070   15.7974
    0.0000  -45.0000    7.500012835.2158   15.7975
    7.5000  -45.0000    7.500012113.5898   15.8061
   -7.5000  -37.5000    7.500013025.3584   15.8099
    0.0000  -37.5000    7.500013571.5352   15.8120
    7.5000  -37.5000    7.500012790.9512   15.8151
   -7.5000  -30.0000    7.500014176.0098   15.8216
    0.0000  -30.0000    7.500014811.9512   15.8270
    7.5000  -30.0000    7.500013932.0801   15.8267
   -7.5000  -22.5000    7.500015391.0410   15.8180
    0.0000  -22.5000    7.500016136.6201   15.8248
    7.5000  -22.5000    7.500015071.8848   15.8267
   -7.5000  -15.0000    7.500016466.9570   15.8054
    0.0000  -15.0000    7.500017332.3438   15.8092
    7.5000  -15.0000    7.500016078.2598   15.8172
   -7.5000   -7.5000    7.500017118.7188   15.7960
    0.0000   -7.5000    7.500018025.2480   15.7966
    7.5000   -7.5000    7.500016764.6035   15.8080
   -7.5000    0.0000    7.500017392.3789   15.7968
    0.0000    0.0000    7.500018277.4941   15.7969
    7.5000    0.0000    7.500017096.3730   15.8056
   -7.5000    7.5000    7.500016541.3125   15.8097
    0.0000    7.5000    7.500017301.3379   15.8117
    7.5000    7.5000    7.500016296.1973   15.8148
   -7.5000   15.0000    7.500015520.8145   15.8216
    0.0000   15.0000    7.500016194.0342   15.8270
    7.5000   15.0000    7.500015301.6904   15.8267
   -7.5000   22.5000    7.500014238.7383   15.8107
    0.0000   22.5000    7.500014834.0635   15.8175
    7.5000   22.5000    7.500014055.3213   15.8194
   -7.5000   30.0000    7.500012940.8115   15.6008
    0.0000   30.0000    7.500013470.2393   15.6046
    7.5000   30.0000    7.500012819.2305   15.6125
   -7.5000   37.5000    7.500012208.6260   15.5922
    0.0000   37.5000    7.500012705.9473   15.5927
    7.5000   37.5000    7.500012080.0039   15.6040
   -7.5000   45.0000    7.500010985.2295   15.3219
    0.0000   45.0000    7.500011443.6064   15.3222
    7.5000   45.0000    7.500010878.4902   15.3310
   -7.5000  -45.0000   15.000011962.2490   15.7800
    0.0000  -45.0000   15.000012472.6582   15.7893
    7.5000  -45.0000   15.000011741.5244   15.8078
   -7.5000  -37.5000   15.000012610.0029   15.7838
    0.0000  -37.5000   15.000013184.5352   15.7976
    7.5000  -37.5000   15.000012378.9512   15.8121
   -7.5000  -30.0000   15.000013727.8008   15.7892
    0.0000  -30.0000   15.000014366.5508   15.8071
    7.5000  -30.0000   15.000013476.8828   15.8210
   -7.5000  -22.5000   15.000015056.5186   15.7906
    0.0000  -22.5000   15.000015768.5664   15.8077
    7.5000  -22.5000   15.000014656.3057   15.8244
   -7.5000  -15.0000   15.000016302.3818   15.7891
    0.0000  -15.0000   15.000017305.0312   15.8002
    7.5000  -15.0000   15.000015754.4463   15.8204
   -7.5000   -7.5000   15.000017053.3867   15.7836
    0.0000   -7.5000   15.000018167.2539   15.7910
    7.5000   -7.5000   15.000016451.1348   15.8123
   -7.5000    0.0000   15.000017270.1465   15.7794
    0.0000    0.0000   15.000018316.6855   15.7888
    7.5000    0.0000   15.000016749.7520   15.8072
   -7.5000    7.5000   15.000016277.6025   15.7835
    0.0000    7.5000   15.000017174.7656   15.7973
    7.5000    7.5000   15.000015878.9824   15.8119
   -7.5000   15.0000   15.000015179.0869   15.7892
    0.0000   15.0000   15.000015935.2285   15.8070
    7.5000   15.0000   15.000014871.4092   15.8210
   -7.5000   22.5000   15.000013888.7959   15.7834
    0.0000   22.5000   15.000014552.5635   15.8004
    7.5000   22.5000   15.000013675.2930   15.8171
   -7.5000   30.0000   15.000012645.9844   15.5847
    0.0000   30.0000   15.000013225.4629   15.5957
    7.5000   30.0000   15.000012502.1094   15.6157
   -7.5000   37.5000   15.000011917.3428   15.5799
    0.0000   37.5000   15.000012423.3027   15.5872
    7.5000   37.5000   15.000011778.5791   15.6082
   -7.5000   45.0000   15.000010711.6016   15.3013
    0.0000   45.0000   15.000011140.1807   15.3105
    7.5000   45.0000   15.000010577.1113   15.3289
   -7.5000  -45.0000   22.500011409.9150   15.7945
    0.0000  -45.0000   22.500011944.7588   15.8075
    7.5000  -45.0000   22.500011253.9844   15.8325
   -7.5000  -37.5000   22.500012057.6406   15.7897
    0.0000  -37.5000   22.500012657.1387   15.8095
    7.5000  -37.5000   22.500011857.0781   15.8310
   -7.5000  -30.0000   22.500013216.7412   15.7907
    0.0000  -30.0000   22.500013897.2158   15.8162
    7.5000  -30.0000   22.500012971.2324   15.8373
   -7.5000  -22.5000   22.500014506.8730   15.7972
    0.0000  -22.5000   22.500015361.5879   15.8213
    7.5000  -22.5000   22.500014113.5088   15.8447
   -7.5000  -15.0000   22.500015638.2666   15.8039
    0.0000  -15.0000   22.500016696.2578   15.8207
    7.5000  -15.0000   22.500015105.2891   15.8468
   -7.5000   -7.5000   22.500016326.1016   15.8018
    0.0000   -7.5000   22.500017392.0039   15.8133
    7.5000   -7.5000   22.500015801.9346   15.8407
   -7.5000    0.0000   22.500016602.2773   15.7939
    0.0000    0.0000   22.500017641.7539   15.8069
    7.5000    0.0000   22.500016184.6748   15.8320
   -7.5000    7.5000   22.500015643.7832   15.7894
    0.0000    7.5000   22.500016549.9258   15.8092
    7.5000    7.5000   22.500015347.0322   15.8307
   -7.5000   15.0000   22.500014531.2314   15.7907
    0.0000   15.0000   22.500015322.3252   15.8161
    7.5000   15.0000   22.500014316.0537   15.8373
   -7.5000   22.5000   22.500013324.1924   15.7899
    0.0000   22.5000   22.500013975.3008   15.8140
    7.5000   22.5000   22.500013097.4600   15.8374
   -7.5000   30.0000   22.500012131.2256   15.5994
    0.0000   30.0000   22.500012684.0078   15.6159
    7.5000   30.0000   22.500011938.1699   15.6417
   -7.5000   37.5000   22.500011418.8193   15.5977
    0.0000   37.5000   22.500011919.6670   15.6091
    7.5000   37.5000   22.500011253.8164   15.6361
   -7.5000   45.0000   22.500010220.9385   15.3137
    0.0000   45.0000   22.500010679.6416   15.3268
    7.5000   45.0000   22.500010110.0898   15.3514
   -7.5000  -45.0000   30.000010772.2910   15.8222
    0.0000  -45.0000   30.000011338.0049   15.8302
    7.5000  -45.0000   30.000010654.8828   15.8521
   -7.5000  -37.5000   30.000011410.0488   15.8155
    0.0000  -37.5000   30.000012034.1221   15.8305
    7.5000  -37.5000   30.000011238.5039   15.8481
   -7.5000  -30.0000   30.000012531.5684   15.8169
    0.0000  -30.0000   30.000013247.1621   15.8389
    7.5000  -30.0000   30.000012304.8125   15.8539
   -7.5000  -22.5000   30.000013647.2480   15.8246
    0.0000  -22.5000   30.000014511.8203   15.8460
    7.5000  -22.5000   30.000013330.8525   15.8618
   -7.5000  -15.0000   30.000014567.3574   15.8311
    0.0000  -15.0000   30.000015515.1230   15.8458
    7.5000  -15.0000   30.000014217.3926   15.8656
   -7.5000   -7.5000   30.000015206.0303   15.8296
    0.0000   -7.5000   30.000016122.0420   15.8380
    7.5000   -7.5000   30.000014885.3164   15.8613
   -7.5000    0.0000   30.000015568.3896   15.8216
    0.0000    0.0000   30.000016458.8457   15.8296
    7.5000    0.0000   30.000015320.1279   15.8515
   -7.5000    7.5000   30.000014658.1240   15.8153
    0.0000    7.5000   30.000015522.5771   15.8303
    7.5000    7.5000   30.000014494.6504   15.8479
   -7.5000   15.0000   30.000013614.1670   15.8168
    0.0000   15.0000   30.000014361.8750   15.8388
    7.5000   15.0000   30.000013474.0703   15.8538
   -7.5000   22.5000   30.000012512.2432   15.8173
    0.0000   22.5000   30.000013132.1807   15.8387
    7.5000   22.5000   30.000012307.3994   15.8545
   -7.5000   30.0000   30.000011381.8633   15.6262
    0.0000   30.0000   30.000011935.4326   15.6408
    7.5000   30.0000   30.000011217.3525   15.6603
   -7.5000   37.5000   30.000010723.7666   15.6252
    0.0000   37.5000   30.000011238.6152   15.6335
    7.5000   37.5000   30.000010594.8721   15.6565
   -7.5000   45.0000   30.0000 9582.7568   15.3431
    0.0000   45.0000   30.000010023.0527   15.3516
    7.5000   45.0000   30.0000 9492.4814   15.3728
   -7.5000  -45.0000   37.500010542.6299   15.9296
    0.0000  -45.0000   37.500011078.4141   15.9279
    7.5000  -45.0000   37.500010427.8779   15.9384
   -7.5000  -37.5000   37.500011124.4258   15.9320
    0.0000  -37.5000   37.500011694.1484   15.9345
    7.5000  -37.5000   37.500010981.0703   15.9395
   -7.5000  -30.0000   37.500012128.7617   15.9393
    0.0000  -30.0000   37.500012776.4082   15.9478
    7.5000  -30.0000   37.500011959.2344   15.9476
   -7.5000  -22.5000   37.500013093.8682   15.9414
    0.0000  -22.5000   37.500013857.6816   15.9514
    7.5000  -22.5000   37.500012899.1836   15.9510
   -7.5000  -15.0000   37.500013906.6973   15.9366
    0.0000  -15.0000   37.500014697.7471   15.9431
    7.5000  -15.0000   37.500013678.1143   15.9492
   -7.5000   -7.5000   37.500014551.2432   15.9317
    0.0000   -7.5000   37.500015338.1338   15.9326
    7.5000   -7.5000   37.500014313.5908   15.9444
   -7.5000    0.0000   37.500014988.3799   15.9290
    0.0000    0.0000   37.500015790.3203   15.9273
    7.5000    0.0000   37.500014777.0352   15.9378
   -7.5000    7.5000   37.500014157.1006   15.9317
    0.0000    7.5000   37.500014928.0820   15.9342
    7.5000    7.5000   37.500013980.2432   15.9392
   -7.5000   15.0000   37.500013128.1191   15.9393
    0.0000   15.0000   37.500013804.9375   15.9478
    7.5000   15.0000   37.500012948.8682   15.9475
   -7.5000   22.5000   37.500012059.0381   15.9340
    0.0000   22.5000   37.500012661.5752   15.9441
    7.5000   22.5000   37.500011880.1953   15.9437
   -7.5000   30.0000   37.500010981.7617   15.7304
    0.0000   30.0000   37.500011531.6494   15.7368
    7.5000   30.0000   37.500010850.4346   15.7428
   -7.5000   37.5000   37.500010334.6816   15.7261
    0.0000   37.5000   37.500010841.7852   15.7269
    7.5000   37.5000   37.500010235.7598   15.7385
   -7.5000   45.0000   37.5000 9201.2549   15.4521
    0.0000   45.0000   37.5000 9645.6484   15.4512
    7.5000   45.0000   37.5000 9145.0273   15.4612
   -7.5000  -45.0000   45.0000 9726.2744   16.0035
    0.0000  -45.0000   45.000010151.5312   15.9979
    7.5000  -45.0000   45.0000 9645.7441   16.0023
   -7.5000  -37.5000   45.000010231.7354   16.0161
    0.0000  -37.5000   45.000010694.3223   16.0113
    7.5000  -37.5000   45.000010128.8525   16.0096
   -7.5000  -30.0000   45.000011114.5469   16.0292
    0.0000  -30.0000   45.000011643.0049   16.0291
    7.5000  -30.0000   45.000011017.0166   16.0216
   -7.5000  -22.5000   45.000011938.9795   16.0258
    0.0000  -22.5000   45.000012542.4307   16.0293
    7.5000  -22.5000   45.000011839.1758   16.0220
   -7.5000  -15.0000   45.000012621.9609   16.0108
    0.0000  -15.0000   45.000013275.5107   16.0133
    7.5000  -15.0000   45.000012530.0957   16.0136
   -7.5000   -7.5000   45.000013255.9590   16.0014
    0.0000   -7.5000   45.000013937.8633   15.9994
    7.5000   -7.5000   45.000013128.4092   16.0055
   -7.5000    0.0000   45.000013707.3389   16.0030
    0.0000    0.0000   45.000014394.4707   15.9974
    7.5000    0.0000   45.000013524.6602   16.0017
   -7.5000    7.5000   45.000012995.6523   16.0158
    0.0000    7.5000   45.000013637.3877   16.0111
    7.5000    7.5000   45.000012815.8037   16.0094
   -7.5000   15.0000   45.000012078.2510   16.0292
    0.0000   15.0000   45.000012635.3682   16.0291
    7.5000   15.0000   45.000011899.9609   16.0216
   -7.5000   22.5000   45.000011061.8154   16.0184
    0.0000   22.5000   45.000011560.2988   16.0218
    7.5000   22.5000   45.000010886.2686   16.0145
   -7.5000   30.0000   45.000010070.4766   15.8022
    0.0000   30.0000   45.000010566.4688   15.8047
    7.5000   30.0000   45.0000 9946.3779   15.8050
   -7.5000   37.5000   45.0000 9456.7793   15.7934
    0.0000   37.5000   45.0000 9919.0635   15.7915
    7.5000   37.5000   45.0000 9396.5713   15.7975
   -7.5000   45.0000   45.0000 8421.4336   15.5333
    0.0000   45.0000   45.0000 8800.3330   15.5283
    7.5000   45.0000   45.0000 8375.8174   15.5326

---------------------------------------------------------------------
imgreg_4dfp /opt/freesurfer/average/711-2C_as_mni_average_305 /opt/freesurfer/average/711-2B_as_mni_average_305_mask talsrcimg_g11 none talsrcimg_to_711-2C_as_mni_average_305_t4 4355
---------------------------------------------------------------------

freesurfer imgreg_4dfp.c
/opt/freesurfer/average/711-2C_as_mni_average_305.4dfp.img
       256       256       256         1
  1.000000  1.000000  1.000000
orientation T byte_order littleendian
Reading image: /opt/freesurfer/average/711-2C_as_mni_average_305.4dfp.img
dimensions:      256       256       256
mmppix:       1.0000   -1.0000   -1.0000
center:     128.0000 -129.0000 -129.0000
/opt/freesurfer/average/711-2B_as_mni_average_305_mask.4dfp.img
       256       256       256         1
  1.000000  1.000000  1.000000
orientation T byte_order littleendian
Reading mask: /opt/freesurfer/average/711-2B_as_mni_average_305_mask.4dfp.img (2306576 pixels)
talsrcimg_g11.4dfp.img
       256       256       256         1
  1.000000  1.000000  1.000000
orientation T byte_order littleendian
Reading image: talsrcimg_g11.4dfp.img
dimensions:      256       256       256
mmppix:       1.0000   -1.0000   -1.0000
center:     128.0000 -129.0000 -129.0000
rotation matrix determinant  1.000000
image alignment mode   4355 decimal     1103 hex
   -7.5000  -45.0000  -30.0000 2436.2986   15.9503
    0.0000  -45.0000  -30.0000 2435.6335   15.9489
    7.5000  -45.0000  -30.0000 2408.9775   16.1254
   -7.5000  -37.5000  -30.0000 2495.0632   15.0387
    0.0000  -37.5000  -30.0000 2490.8633   15.0260
    7.5000  -37.5000  -30.0000 2462.0752   15.2600
   -7.5000  -30.0000  -30.0000 2529.8201   14.4225
    0.0000  -30.0000  -30.0000 2532.1277   14.4126
    7.5000  -30.0000  -30.0000 2505.3647   14.6466
   -7.5000  -22.5000  -30.0000 2546.4631   14.1484
    0.0000  -22.5000  -30.0000 2546.7874   14.1182
    7.5000  -22.5000  -30.0000 2518.2446   14.3269
   -7.5000  -15.0000  -30.0000 2558.7290   13.9826
    0.0000  -15.0000  -30.0000 2557.8113   13.9554
    7.5000  -15.0000  -30.0000 2533.9983   14.1927
   -7.5000   -7.5000  -30.0000 2564.9573   14.0603
    0.0000   -7.5000  -30.0000 2569.9531   14.0199
    7.5000   -7.5000  -30.0000 2542.4783   14.2956
   -7.5000    0.0000  -30.0000 2552.4983   14.4162
    0.0000    0.0000  -30.0000 2555.0508   14.3301
    7.5000    0.0000  -30.0000 2525.7832   14.5965
   -7.5000    7.5000  -30.0000 2513.5603   14.9881
    0.0000    7.5000  -30.0000 2524.7305   14.9206
    7.5000    7.5000  -30.0000 2490.2505   15.1694
   -7.5000   15.0000  -30.0000 2446.2212   15.7630
    0.0000   15.0000  -30.0000 2456.6060   15.7032
    7.5000   15.0000  -30.0000 2431.9243   15.9429
   -7.5000   22.5000  -30.0000 2364.1433   16.8883
    0.0000   22.5000  -30.0000 2371.8555   16.8019
    7.5000   22.5000  -30.0000 2345.9866   17.0238
   -7.5000   30.0000  -30.0000 2255.9392   18.5078
    0.0000   30.0000  -30.0000 2263.7146   18.4099
    7.5000   30.0000  -30.0000 2237.2612   18.6868
   -7.5000   37.5000  -30.0000 2134.7495   20.6257
    0.0000   37.5000  -30.0000 2149.6172   20.5715
    7.5000   37.5000  -30.0000 2119.6873   20.8361
   -7.5000   45.0000  -30.0000 2010.0203   23.2463
    0.0000   45.0000  -30.0000 2018.9326   23.2571
    7.5000   45.0000  -30.0000 1996.4507   23.5646
   -7.5000  -45.0000  -22.5000 2540.6147   15.1878
    0.0000  -45.0000  -22.5000 2541.8010   15.1711
    7.5000  -45.0000  -22.5000 2512.4099   15.3876
   -7.5000  -37.5000  -22.5000 2597.9883   14.2907
    0.0000  -37.5000  -22.5000 2598.7134   14.2688
    7.5000  -37.5000  -22.5000 2575.6077   14.4926
   -7.5000  -30.0000  -22.5000 2640.1931   13.7130
    0.0000  -30.0000  -22.5000 2644.1809   13.6728
    7.5000  -30.0000  -22.5000 2625.1873   13.8833
   -7.5000  -22.5000  -22.5000 2669.5432   13.3675
    0.0000  -22.5000  -22.5000 2675.4023   13.3344
    7.5000  -22.5000  -22.5000 2653.5068   13.5500
   -7.5000  -15.0000  -22.5000 2680.1748   13.2314
    0.0000  -15.0000  -22.5000 2687.7869   13.1928
    7.5000  -15.0000  -22.5000 2663.6653   13.4237
   -7.5000   -7.5000  -22.5000 2692.0867   13.2744
    0.0000   -7.5000  -22.5000 2699.5342   13.2495
    7.5000   -7.5000  -22.5000 2670.2847   13.4755
   -7.5000    0.0000  -22.5000 2682.2639   13.5560
    0.0000    0.0000  -22.5000 2687.9619   13.5200
    7.5000    0.0000  -22.5000 2656.0825   13.7474
   -7.5000    7.5000  -22.5000 2647.5059   14.0476
    0.0000    7.5000  -22.5000 2654.7869   14.0138
    7.5000    7.5000  -22.5000 2622.0703   14.2550
   -7.5000   15.0000  -22.5000 2575.2485   14.8060
    0.0000   15.0000  -22.5000 2585.9827   14.7512
    7.5000   15.0000  -22.5000 2561.5562   14.9908
   -7.5000   22.5000  -22.5000 2480.4089   15.8552
    0.0000   22.5000  -22.5000 2492.8745   15.7811
    7.5000   22.5000  -22.5000 2471.7627   16.0582
   -7.5000   30.0000  -22.5000 2368.3743   17.3292
    0.0000   30.0000  -22.5000 2376.6306   17.2543
    7.5000   30.0000  -22.5000 2358.8254   17.5560
   -7.5000   37.5000  -22.5000 2238.8171   19.2882
    0.0000   37.5000  -22.5000 2253.1663   19.1824
    7.5000   37.5000  -22.5000 2231.9810   19.5508
   -7.5000   45.0000  -22.5000 2100.4045   21.8244
    0.0000   45.0000  -22.5000 2115.5879   21.7141
    7.5000   45.0000  -22.5000 2090.1628   22.0556
   -7.5000  -45.0000  -15.0000 2603.6650   14.4984
    0.0000  -45.0000  -15.0000 2602.6023   14.4977
    7.5000  -45.0000  -15.0000 2586.0630   14.6776
   -7.5000  -37.5000  -15.0000 2669.5439   13.5476
    0.0000  -37.5000  -15.0000 2672.4534   13.5376
    7.5000  -37.5000  -15.0000 2661.1111   13.7164
   -7.5000  -30.0000  -15.0000 2724.7014   13.0036
    0.0000  -30.0000  -15.0000 2724.7024   12.9599
    7.5000  -30.0000  -15.0000 2713.8960   13.1372
   -7.5000  -22.5000  -15.0000 2758.6362   12.6447
    0.0000  -22.5000  -15.0000 2765.5051   12.5782
    7.5000  -22.5000  -15.0000 2746.3643   12.7531
   -7.5000  -15.0000  -15.0000 2770.6772   12.4739
    0.0000  -15.0000  -15.0000 2787.4517   12.4553
    7.5000  -15.0000  -15.0000 2759.8904   12.6215
   -7.5000   -7.5000  -15.0000 2791.6484   12.5220
    0.0000   -7.5000  -15.0000 2803.0603   12.4800
    7.5000   -7.5000  -15.0000 2774.3125   12.7155
   -7.5000    0.0000  -15.0000 2779.6853   12.7731
    0.0000    0.0000  -15.0000 2789.4885   12.7219
    7.5000    0.0000  -15.0000 2760.9907   12.9686
   -7.5000    7.5000  -15.0000 2746.7883   13.2549
    0.0000    7.5000  -15.0000 2757.2839   13.1942
    7.5000    7.5000  -15.0000 2729.3892   13.4266
   -7.5000   15.0000  -15.0000 2676.0842   13.9410
    0.0000   15.0000  -15.0000 2692.1951   13.8688
    7.5000   15.0000  -15.0000 2669.8479   14.0986
   -7.5000   22.5000  -15.0000 2572.3308   14.9612
    0.0000   22.5000  -15.0000 2588.7791   14.8786
    7.5000   22.5000  -15.0000 2565.0210   15.1409
   -7.5000   30.0000  -15.0000 2450.9976   16.3511
    0.0000   30.0000  -15.0000 2463.7185   16.2542
    7.5000   30.0000  -15.0000 2443.1892   16.5630
   -7.5000   37.5000  -15.0000 2313.0283   18.2070
    0.0000   37.5000  -15.0000 2332.6343   18.0480
    7.5000   37.5000  -15.0000 2314.6748   18.4504
   -7.5000   45.0000  -15.0000 2167.0532   20.5964
    0.0000   45.0000  -15.0000 2187.2104   20.4320
    7.5000   45.0000  -15.0000 2162.8948   20.8094
   -7.5000  -45.0000   -7.5000 2644.6069   13.8854
    0.0000  -45.0000   -7.5000 2646.4692   13.8649
    7.5000  -45.0000   -7.5000 2636.3240   13.9979
   -7.5000  -37.5000   -7.5000 2727.4048   12.9498
    0.0000  -37.5000   -7.5000 2727.0435   12.9188
    7.5000  -37.5000   -7.5000 2716.8450   13.0726
   -7.5000  -30.0000   -7.5000 2781.0354   12.3378
    0.0000  -30.0000   -7.5000 2787.5115   12.3244
    7.5000  -30.0000   -7.5000 2771.4661   12.4747
   -7.5000  -22.5000   -7.5000 2820.7783   11.9241
    0.0000  -22.5000   -7.5000 2835.8135   11.9067
    7.5000  -22.5000   -7.5000 2813.4023   12.0557
   -7.5000  -15.0000   -7.5000 2847.0708   11.7778
    0.0000  -15.0000   -7.5000 2860.7800   11.7222
    7.5000  -15.0000   -7.5000 2839.5200   11.9013
   -7.5000   -7.5000   -7.5000 2866.0198   11.8050
    0.0000   -7.5000   -7.5000 2885.1104   11.7290
    7.5000   -7.5000   -7.5000 2853.7957   11.9949
   -7.5000    0.0000   -7.5000 2854.2407   12.0537
    0.0000    0.0000   -7.5000 2873.0679   11.9679
    7.5000    0.0000   -7.5000 2849.5339   12.2656
   -7.5000    7.5000   -7.5000 2817.2031   12.5401
    0.0000    7.5000   -7.5000 2835.6450   12.4424
    7.5000    7.5000   -7.5000 2813.2041   12.7012
   -7.5000   15.0000   -7.5000 2747.4004   13.2197
    0.0000   15.0000   -7.5000 2766.2500   13.1238
    7.5000   15.0000   -7.5000 2739.3982   13.3561
   -7.5000   22.5000   -7.5000 2645.6440   14.1765
    0.0000   22.5000   -7.5000 2665.1086   14.1224
    7.5000   22.5000   -7.5000 2634.8796   14.3724
   -7.5000   30.0000   -7.5000 2517.9492   15.5319
    0.0000   30.0000   -7.5000 2537.7222   15.4441
    7.5000   30.0000   -7.5000 2507.4565   15.7321
   -7.5000   37.5000   -7.5000 2381.5598   17.3152
    0.0000   37.5000   -7.5000 2402.6003   17.1648
    7.5000   37.5000   -7.5000 2374.2634   17.5182
   -7.5000   45.0000   -7.5000 2223.7451   19.6305
    0.0000   45.0000   -7.5000 2247.1128   19.4611
    7.5000   45.0000   -7.5000 2217.2061   19.8073
   -7.5000  -45.0000    0.0000 2665.8877   13.4432
    0.0000  -45.0000    0.0000 2661.1296   13.4086
    7.5000  -45.0000    0.0000 2650.7034   13.5677
   -7.5000  -37.5000    0.0000 2756.5054   12.4900
    0.0000  -37.5000    0.0000 2761.4319   12.4811
    7.5000  -37.5000    0.0000 2740.3967   12.6172
   -7.5000  -30.0000    0.0000 2818.9392   11.8060
    0.0000  -30.0000    0.0000 2822.5413   11.8182
    7.5000  -30.0000    0.0000 2802.1348   11.9594
   -7.5000  -22.5000    0.0000 2864.7969   11.4157
    0.0000  -22.5000    0.0000 2874.5603   11.4005
    7.5000  -22.5000    0.0000 2852.5735   11.5365
   -7.5000  -15.0000    0.0000 2899.9807   11.2793
    0.0000  -15.0000    0.0000 2918.5603   11.2231
    7.5000  -15.0000    0.0000 2891.9478   11.4014
   -7.5000   -7.5000    0.0000 2916.3728   11.2346
    0.0000   -7.5000    0.0000 2944.0427   11.1727
    7.5000   -7.5000    0.0000 2910.0034   11.4262
   -7.5000    0.0000    0.0000 2906.4038   11.5023
    0.0000    0.0000    0.0000 2933.5283   11.4370
    7.5000    0.0000    0.0000 2900.7744   11.7301
   -7.5000    7.5000    0.0000 2869.2305   11.9786
    0.0000    7.5000    0.0000 2890.9941   11.9046
    7.5000    7.5000    0.0000 2863.2166   12.1424
   -7.5000   15.0000    0.0000 2794.3245   12.6567
    0.0000   15.0000    0.0000 2817.7861   12.5930
    7.5000   15.0000    0.0000 2789.5569   12.8120
   -7.5000   22.5000    0.0000 2694.4348   13.6321
    0.0000   22.5000    0.0000 2713.5303   13.5753
    7.5000   22.5000    0.0000 2686.0056   13.8240
   -7.5000   30.0000    0.0000 2567.6179   14.9924
    0.0000   30.0000    0.0000 2583.4734   14.8923
    7.5000   30.0000    0.0000 2553.6414   15.1821
   -7.5000   37.5000    0.0000 2429.1519   16.7632
    0.0000   37.5000    0.0000 2441.5271   16.5924
    7.5000   37.5000    0.0000 2416.3018   16.8997
   -7.5000   45.0000    0.0000 2261.8164   18.9501
    0.0000   45.0000    0.0000 2281.7622   18.7634
    7.5000   45.0000    0.0000 2254.6604   19.0862
   -7.5000  -45.0000    7.5000 2672.5933   13.1596
    0.0000  -45.0000    7.5000 2674.2725   13.1403
    7.5000  -45.0000    7.5000 2655.0837   13.2502
   -7.5000  -37.5000    7.5000 2773.1155   12.1895
    0.0000  -37.5000    7.5000 2774.8521   12.1749
    7.5000  -37.5000    7.5000 2758.1973   12.2730
   -7.5000  -30.0000    7.5000 2840.6497   11.4810
    0.0000  -30.0000    7.5000 2850.2888   11.5010
    7.5000  -30.0000    7.5000 2837.2375   11.5940
   -7.5000  -22.5000    7.5000 2901.4248   11.0819
    0.0000  -22.5000    7.5000 2913.2793   11.0934
    7.5000  -22.5000    7.5000 2899.1558   11.1981
   -7.5000  -15.0000    7.5000 2937.9082   11.0342
    0.0000  -15.0000    7.5000 2960.3718   11.0241
    7.5000  -15.0000    7.5000 2937.7747   11.1141
   -7.5000   -7.5000    7.5000 2958.1746   11.0184
    0.0000   -7.5000    7.5000 2989.1472   11.0101
    7.5000   -7.5000    7.5000 2953.8159   11.1626
   -7.5000    0.0000    7.5000 2944.7188   11.1483
    0.0000    0.0000    7.5000 2973.7041   11.1510
    7.5000    0.0000    7.5000 2934.9902   11.3325
   -7.5000    7.5000    7.5000 2900.7087   11.5904
    0.0000    7.5000    7.5000 2925.4988   11.5675
    7.5000    7.5000    7.5000 2902.9353   11.7431
   -7.5000   15.0000    7.5000 2826.5063   12.2998
    0.0000   15.0000    7.5000 2849.4590   12.2531
    7.5000   15.0000    7.5000 2825.1707   12.4213
   -7.5000   22.5000    7.5000 2721.2341   13.2986
    0.0000   22.5000    7.5000 2744.1746   13.2699
    7.5000   22.5000    7.5000 2721.0071   13.4585
   -7.5000   30.0000    7.5000 2595.4575   14.6407
    0.0000   30.0000    7.5000 2609.4863   14.6020
    7.5000   30.0000    7.5000 2585.0374   14.7963
   -7.5000   37.5000    7.5000 2457.0645   16.3456
    0.0000   37.5000    7.5000 2471.3745   16.2800
    7.5000   37.5000    7.5000 2445.0186   16.5083
   -7.5000   45.0000    7.5000 2291.3054   18.4954
    0.0000   45.0000    7.5000 2310.9868   18.3611
    7.5000   45.0000    7.5000 2286.4783   18.6101
   -7.5000  -45.0000   15.0000 2655.4092   13.0407
    0.0000  -45.0000   15.0000 2658.1208   13.0611
    7.5000  -45.0000   15.0000 2642.6428   13.1600
   -7.5000  -37.5000   15.0000 2755.6572   12.0321
    0.0000  -37.5000   15.0000 2764.1975   12.0751
    7.5000  -37.5000   15.0000 2755.8745   12.1267
   -7.5000  -30.0000   15.0000 2840.9927   11.3588
    0.0000  -30.0000   15.0000 2849.1157   11.3758
    7.5000  -30.0000   15.0000 2845.2515   11.4364
   -7.5000  -22.5000   15.0000 2922.6602   11.0326
    0.0000  -22.5000   15.0000 2931.6790   11.0405
    7.5000  -22.5000   15.0000 2917.1646   11.0858
   -7.5000  -15.0000   15.0000 2970.4824   11.0409
    0.0000  -15.0000   15.0000 2992.3145   11.0763
    7.5000  -15.0000   15.0000 2966.1614   11.0625
   -7.5000   -7.5000   15.0000 2989.6902   11.0685
    0.0000   -7.5000   15.0000 3023.9106   11.1301
    7.5000   -7.5000   15.0000 2979.1326   11.0845
   -7.5000    0.0000   15.0000 2959.0605   11.1063
    0.0000    0.0000   15.0000 2991.3621   11.1828
    7.5000    0.0000   15.0000 2957.3464   11.2241
   -7.5000    7.5000   15.0000 2912.0076   11.4556
    0.0000    7.5000   15.0000 2941.9478   11.4862
    7.5000    7.5000   15.0000 2922.5684   11.5814
   -7.5000   15.0000   15.0000 2836.5901   12.1580
    0.0000   15.0000   15.0000 2858.4878   12.1376
    7.5000   15.0000   15.0000 2840.2625   12.2533
   -7.5000   22.5000   15.0000 2728.8083   13.1732
    0.0000   22.5000   15.0000 2756.0967   13.1480
    7.5000   22.5000   15.0000 2735.4944   13.3142
   -7.5000   30.0000   15.0000 2602.7891   14.5478
    0.0000   30.0000   15.0000 2622.1626   14.4776
    7.5000   30.0000   15.0000 2598.2712   14.6727
   -7.5000   37.5000   15.0000 2456.6062   16.2369
    0.0000   37.5000   15.0000 2475.5715   16.1469
    7.5000   37.5000   15.0000 2452.0383   16.3869
   -7.5000   45.0000   15.0000 2296.8323   18.3159
    0.0000   45.0000   15.0000 2311.0625   18.1531
    7.5000   45.0000   15.0000 2291.6064   18.4316
   -7.5000  -45.0000   22.5000 2618.8589   13.1952
    0.0000  -45.0000   22.5000 2628.0266   13.2579
    7.5000  -45.0000   22.5000 2620.8120   13.3506
   -7.5000  -37.5000   22.5000 2725.0732   12.2019
    0.0000  -37.5000   22.5000 2735.7197   12.2566
    7.5000  -37.5000   22.5000 2726.0088   12.2840
   -7.5000  -30.0000   22.5000 2824.9651   11.5703
    0.0000  -30.0000   22.5000 2836.7273   11.6380
    7.5000  -30.0000   22.5000 2825.4688   11.6379
   -7.5000  -22.5000   22.5000 2919.6099   11.2279
    0.0000  -22.5000   22.5000 2936.8335   11.2941
    7.5000  -22.5000   22.5000 2910.7632   11.2503
   -7.5000  -15.0000   22.5000 2981.3516   11.1483
    0.0000  -15.0000   22.5000 3009.8337   11.2165
    7.5000  -15.0000   22.5000 2971.9775   11.1270
   -7.5000   -7.5000   22.5000 2999.2761   11.1053
    0.0000   -7.5000   22.5000 3035.8589   11.1894
    7.5000   -7.5000   22.5000 2991.0513   11.1502
   -7.5000    0.0000   22.5000 2956.3911   11.2690
    0.0000    0.0000   22.5000 2994.6909   11.2754
    7.5000    0.0000   22.5000 2960.9390   11.3870
   -7.5000    7.5000   22.5000 2902.7964   11.6942
    0.0000    7.5000   22.5000 2928.9141   11.6665
    7.5000    7.5000   22.5000 2907.7742   11.8394
   -7.5000   15.0000   22.5000 2823.3447   12.3476
    0.0000   15.0000   22.5000 2844.3940   12.3125
    7.5000   15.0000   22.5000 2827.2737   12.4751
   -7.5000   22.5000   22.5000 2721.6843   13.3321
    0.0000   22.5000   22.5000 2742.2349   13.2984
    7.5000   22.5000   22.5000 2723.9211   13.4399
   -7.5000   30.0000   22.5000 2593.2141   14.6475
    0.0000   30.0000   22.5000 2610.7231   14.5809
    7.5000   30.0000   22.5000 2594.5229   14.7583
   -7.5000   37.5000   22.5000 2444.1790   16.3245
    0.0000   37.5000   22.5000 2463.8672   16.1914
    7.5000   37.5000   22.5000 2441.5049   16.4165
   -7.5000   45.0000   22.5000 2278.9507   18.3523
    0.0000   45.0000   22.5000 2299.9150   18.2014
    7.5000   45.0000   22.5000 2281.3289   18.4488
   -7.5000  -45.0000   30.0000 2576.4517   13.6456
    0.0000  -45.0000   30.0000 2594.2297   13.7423
    7.5000  -45.0000   30.0000 2587.9634   13.8221
   -7.5000  -37.5000   30.0000 2683.3816   12.6826
    0.0000  -37.5000   30.0000 2704.7024   12.7844
    7.5000  -37.5000   30.0000 2692.3584   12.7876
   -7.5000  -30.0000   30.0000 2790.1931   11.9855
    0.0000  -30.0000   30.0000 2807.4253   12.1021
    7.5000  -30.0000   30.0000 2789.1040   12.0634
   -7.5000  -22.5000   30.0000 2883.3452   11.5937
    0.0000  -22.5000   30.0000 2907.8262   11.6962
    7.5000  -22.5000   30.0000 2881.3235   11.6133
   -7.5000  -15.0000   30.0000 2951.4485   11.3604
    0.0000  -15.0000   30.0000 2986.2686   11.4609
    7.5000  -15.0000   30.0000 2949.3706   11.4052
   -7.5000   -7.5000   30.0000 2966.9241   11.3685
    0.0000   -7.5000   30.0000 3004.7502   11.3641
    7.5000   -7.5000   30.0000 2964.7983   11.4531
   -7.5000    0.0000   30.0000 2936.5894   11.6118
    0.0000    0.0000   30.0000 2968.0388   11.5647
    7.5000    0.0000   30.0000 2940.0540   11.7456
   -7.5000    7.5000   30.0000 2872.6553   12.0652
    0.0000    7.5000   30.0000 2899.9563   12.0511
    7.5000    7.5000   30.0000 2882.8008   12.2264
   -7.5000   15.0000   30.0000 2786.3645   12.7772
    0.0000   15.0000   30.0000 2805.2778   12.7546
    7.5000   15.0000   30.0000 2792.4160   12.8955
   -7.5000   22.5000   30.0000 2688.6567   13.7594
    0.0000   22.5000   30.0000 2704.6113   13.7126
    7.5000   22.5000   30.0000 2685.0007   13.8412
   -7.5000   30.0000   30.0000 2558.8792   15.0109
    0.0000   30.0000   30.0000 2576.8298   14.9626
    7.5000   30.0000   30.0000 2558.0332   15.1203
   -7.5000   37.5000   30.0000 2412.2686   16.6312
    0.0000   37.5000   30.0000 2435.6423   16.4928
    7.5000   37.5000   30.0000 2413.2485   16.7137
   -7.5000   45.0000   30.0000 2246.5669   18.6155
    0.0000   45.0000   30.0000 2262.9941   18.4724
    7.5000   45.0000   30.0000 2256.2007   18.6811
   -7.5000  -45.0000   37.5000 2544.7942   14.3448
    0.0000  -45.0000   37.5000 2562.0654   14.4278
    7.5000  -45.0000   37.5000 2554.2227   14.5178
   -7.5000  -37.5000   37.5000 2641.9751   13.2673
    0.0000  -37.5000   37.5000 2661.1038   13.3439
    7.5000  -37.5000   37.5000 2650.5796   13.3811
   -7.5000  -30.0000   37.5000 2740.0266   12.5136
    0.0000  -30.0000   37.5000 2762.1062   12.5993
    7.5000  -30.0000   37.5000 2747.9763   12.5981
   -7.5000  -22.5000   37.5000 2836.6067   12.0402
    0.0000  -22.5000   37.5000 2860.6772   12.1612
    7.5000  -22.5000   37.5000 2841.8926   12.1105
   -7.5000  -15.0000   37.5000 2892.0508   11.7475
    0.0000  -15.0000   37.5000 2925.9714   11.8009
    7.5000  -15.0000   37.5000 2898.0383   11.8179
   -7.5000   -7.5000   37.5000 2907.2937   11.8319
    0.0000   -7.5000   37.5000 2939.8704   11.7932
    7.5000   -7.5000   37.5000 2907.1377   11.9095
   -7.5000    0.0000   37.5000 2883.8667   12.1293
    0.0000    0.0000   37.5000 2911.7461   12.0939
    7.5000    0.0000   37.5000 2888.1299   12.2337
   -7.5000    7.5000   37.5000 2822.6519   12.6217
    0.0000    7.5000   37.5000 2850.8540   12.5821
    7.5000    7.5000   37.5000 2830.3645   12.7116
   -7.5000   15.0000   37.5000 2732.6162   13.3215
    0.0000   15.0000   37.5000 2750.3931   13.2847
    7.5000   15.0000   37.5000 2733.0430   13.4080
   -7.5000   22.5000   37.5000 2636.8628   14.2912
    0.0000   22.5000   37.5000 2655.2751   14.2475
    7.5000   22.5000   37.5000 2635.4707   14.3826
   -7.5000   30.0000   37.5000 2509.9104   15.5654
    0.0000   30.0000   37.5000 2529.6973   15.4936
    7.5000   30.0000   37.5000 2506.0085   15.6535
   -7.5000   37.5000   37.5000 2364.8525   17.1358
    0.0000   37.5000   37.5000 2384.7568   17.0080
    7.5000   37.5000   37.5000 2364.6191   17.1999
   -7.5000   45.0000   37.5000 2198.6270   19.0954
    0.0000   45.0000   37.5000 2214.3540   18.9532
    7.5000   45.0000   37.5000 2205.6587   19.1762
   -7.5000  -45.0000   45.0000 2492.8879   15.1114
    0.0000  -45.0000   45.0000 2502.6313   15.0892
    7.5000  -45.0000   45.0000 2508.3572   15.2722
   -7.5000  -37.5000   45.0000 2591.8669   13.9280
    0.0000  -37.5000   45.0000 2607.4788   13.9510
    7.5000  -37.5000   45.0000 2601.4116   14.0732
   -7.5000  -30.0000   45.0000 2684.3599   13.1317
    0.0000  -30.0000   45.0000 2705.1301   13.1600
    7.5000  -30.0000   45.0000 2696.5227   13.2547
   -7.5000  -22.5000   45.0000 2766.7537   12.5833
    0.0000  -22.5000   45.0000 2792.8384   12.6244
    7.5000  -22.5000   45.0000 2782.9365   12.6915
   -7.5000  -15.0000   45.0000 2811.3271   12.2833
    0.0000  -15.0000   45.0000 2849.1335   12.2753
    7.5000  -15.0000   45.0000 2829.4834   12.3645
   -7.5000   -7.5000   45.0000 2830.9792   12.4058
    0.0000   -7.5000   45.0000 2862.5518   12.3735
    7.5000   -7.5000   45.0000 2843.5090   12.4735
   -7.5000    0.0000   45.0000 2807.7571   12.7434
    0.0000    0.0000   45.0000 2834.0515   12.7286
    7.5000    0.0000   45.0000 2811.7751   12.8310
   -7.5000    7.5000   45.0000 2750.3511   13.2910
    0.0000    7.5000   45.0000 2775.8523   13.2457
    7.5000    7.5000   45.0000 2756.1545   13.3651
   -7.5000   15.0000   45.0000 2663.2715   13.9922
    0.0000   15.0000   45.0000 2680.0007   13.9090
    7.5000   15.0000   45.0000 2665.6094   14.0458
   -7.5000   22.5000   45.0000 2568.0632   14.9341
    0.0000   22.5000   45.0000 2584.4700   14.8513
    7.5000   22.5000   45.0000 2568.1377   15.0006
   -7.5000   30.0000   45.0000 2447.6995   16.2441
    0.0000   30.0000   45.0000 2468.5164   16.1388
    7.5000   30.0000   45.0000 2446.8286   16.2730
   -7.5000   37.5000   45.0000 2303.6755   17.8396
    0.0000   37.5000   45.0000 2321.1851   17.6884
    7.5000   37.5000   45.0000 2306.2556   17.8839
   -7.5000   45.0000   45.0000 2139.1777   19.8057
    0.0000   45.0000   45.0000 2153.1582   19.6221
    7.5000   45.0000   45.0000 2144.7134   19.8768
   -7.5000  -45.0000   52.5000 2435.1260   15.9380
    0.0000  -45.0000   52.5000 2438.8882   15.8110
    7.5000  -45.0000   52.5000 2455.6350   16.1507
   -7.5000  -37.5000   52.5000 2534.4197   14.7239
    0.0000  -37.5000   52.5000 2545.0713   14.6353
    7.5000  -37.5000   52.5000 2551.8889   14.9046
   -7.5000  -30.0000   52.5000 2622.3428   13.8376
    0.0000  -30.0000   52.5000 2642.5100   13.7987
    7.5000  -30.0000   52.5000 2638.1072   14.0003
   -7.5000  -22.5000   52.5000 2693.8120   13.2472
    0.0000  -22.5000   52.5000 2721.6968   13.2197
    7.5000  -22.5000   52.5000 2716.2771   13.3901
   -7.5000  -15.0000   52.5000 2732.2048   12.9712
    0.0000  -15.0000   52.5000 2768.9590   12.9132
    7.5000  -15.0000   52.5000 2752.1741   13.0919
   -7.5000   -7.5000   52.5000 2748.5698   13.0859
    0.0000   -7.5000   52.5000 2781.1785   13.0608
    7.5000   -7.5000   52.5000 2761.4709   13.1794
   -7.5000    0.0000   52.5000 2722.1074   13.4545
    0.0000    0.0000   52.5000 2749.2673   13.4251
    7.5000    0.0000   52.5000 2730.8271   13.5392
   -7.5000    7.5000   52.5000 2667.7390   14.0054
    0.0000    7.5000   52.5000 2692.0764   13.9443
    7.5000    7.5000   52.5000 2679.5264   14.0882
   -7.5000   15.0000   52.5000 2583.7842   14.6936
    0.0000   15.0000   52.5000 2599.3926   14.6215
    7.5000   15.0000   52.5000 2586.2947   14.7661
   -7.5000   22.5000   52.5000 2498.6333   15.6525
    0.0000   22.5000   52.5000 2513.6401   15.6021
    7.5000   22.5000   52.5000 2498.2839   15.7230
   -7.5000   30.0000   52.5000 2378.9639   16.9969
    0.0000   30.0000   52.5000 2398.4800   16.9331
    7.5000   30.0000   52.5000 2384.2915   17.0758
   -7.5000   37.5000   52.5000 2234.5945   18.6534
    0.0000   37.5000   52.5000 2254.8618   18.5096
    7.5000   37.5000   52.5000 2243.5051   18.7106
   -7.5000   45.0000   52.5000 2081.1382   20.7336
    0.0000   45.0000   52.5000 2098.5237   20.5565
    7.5000   45.0000   52.5000 2087.5518   20.7894
   -7.5000  -45.0000   60.0000 2348.8682   16.8717
    0.0000  -45.0000   60.0000 2350.1721   16.6284
    7.5000  -45.0000   60.0000 2372.2756   17.0932
   -7.5000  -37.5000   60.0000 2448.5483   15.6320
    0.0000  -37.5000   60.0000 2456.4121   15.4308
    7.5000  -37.5000   60.0000 2468.4160   15.7833
   -7.5000  -30.0000   60.0000 2528.5642   14.6573
    0.0000  -30.0000   60.0000 2543.7244   14.5396
    7.5000  -30.0000   60.0000 2546.2585   14.8102
   -7.5000  -22.5000   60.0000 2590.1223   14.0558
    0.0000  -22.5000   60.0000 2618.4395   13.9470
    7.5000  -22.5000   60.0000 2615.1353   14.2051
   -7.5000  -15.0000   60.0000 2628.2002   13.7900
    0.0000  -15.0000   60.0000 2658.7517   13.6987
    7.5000  -15.0000   60.0000 2644.4211   13.9083
   -7.5000   -7.5000   60.0000 2639.5647   13.8902
    0.0000   -7.5000   60.0000 2666.1501   13.8334
    7.5000   -7.5000   60.0000 2649.2458   14.0084
   -7.5000    0.0000   60.0000 2610.9878   14.2736
    0.0000    0.0000   60.0000 2634.4810   14.2066
    7.5000    0.0000   60.0000 2620.8374   14.3804
   -7.5000    7.5000   60.0000 2555.7969   14.8239
    0.0000    7.5000   60.0000 2580.9624   14.7164
    7.5000    7.5000   60.0000 2576.4617   14.8927
   -7.5000   15.0000   60.0000 2486.1045   15.4762
    0.0000   15.0000   60.0000 2503.2498   15.3719
    7.5000   15.0000   60.0000 2498.0122   15.5533
   -7.5000   22.5000   60.0000 2398.5693   16.4392
    0.0000   22.5000   60.0000 2417.7595   16.3421
    7.5000   22.5000   60.0000 2406.1936   16.5344
   -7.5000   30.0000   60.0000 2279.4255   17.8266
    0.0000   30.0000   60.0000 2301.2612   17.7039
    7.5000   30.0000   60.0000 2294.9810   17.9212
   -7.5000   37.5000   60.0000 2141.9111   19.5687
    0.0000   37.5000   60.0000 2166.2820   19.4568
    7.5000   37.5000   60.0000 2159.6096   19.6455
   -7.5000   45.0000   60.0000 1998.7776   21.7282
    0.0000   45.0000   60.0000 2016.7897   21.5873
    7.5000   45.0000   60.0000 2010.6040   21.7943

---------------------------------------------------------------------
imgreg_4dfp /opt/freesurfer/average/711-2C_as_mni_average_305 /opt/freesurfer/average/711-2B_as_mni_average_305_mask talsrcimg_g11 none talsrcimg_to_711-2C_as_mni_average_305_t4 1283
---------------------------------------------------------------------

freesurfer imgreg_4dfp.c
/opt/freesurfer/average/711-2C_as_mni_average_305.4dfp.img
       256       256       256         1
  1.000000  1.000000  1.000000
orientation T byte_order littleendian
Reading image: /opt/freesurfer/average/711-2C_as_mni_average_305.4dfp.img
dimensions:      256       256       256
mmppix:       1.0000   -1.0000   -1.0000
center:     128.0000 -129.0000 -129.0000
/opt/freesurfer/average/711-2B_as_mni_average_305_mask.4dfp.img
       256       256       256         1
  1.000000  1.000000  1.000000
orientation T byte_order littleendian
Reading mask: /opt/freesurfer/average/711-2B_as_mni_average_305_mask.4dfp.img (2306576 pixels)
talsrcimg_g11.4dfp.img
       256       256       256         1
  1.000000  1.000000  1.000000
orientation T byte_order littleendian
Reading image: talsrcimg_g11.4dfp.img
dimensions:      256       256       256
mmppix:       1.0000   -1.0000   -1.0000
center:     128.0000 -129.0000 -129.0000
rotation matrix determinant  1.000000
fimgreg.f
image alignment mode   1283 decimal      503 hex
parameters
    0.0000   -7.5000   22.5000    0.0000    0.0000    0.0000
eta,q 0.95057 11.20486
niter,ni,del,rscale     5    3   12.0000    1.2000
parameter  2  0.528416 ->  0.500000 qaram    1.1500
parameter  4  1.186048 ->  0.500000 qaram    1.1500
parameter  5  0.514672 ->  0.500000 qaram    1.1500
parameters
   -0.6820  -10.9500   21.4814   -3.4500   -3.4500   -1.4408
eta,q 0.95893 11.15541
  0.0548  0.0474  0.0497  0.0434  0.0433  0.0451
  0.0501  0.0455  0.0485  0.0433  0.0415  0.0427
  0.0486  0.0459  0.0468  0.0439  0.0415  0.0412
  0.0478  0.0477  0.0457  0.0460  0.0434  0.0413
  0.0484  0.0492  0.0472  0.0488  0.0462  0.0436
  0.0528  0.0519  0.0502  0.0517  0.0500  0.0475
  0.0601  0.0553  0.0552  0.0534  0.0551  0.0509
niter,ni,del,rscale     7    3   12.0000    1.2000
parameter  4  1.167110 ->  0.500000 qaram    1.3225
parameters
    0.0477   -7.7895   20.6200   -7.4175   -3.8286   -2.3936
eta,q 0.96410 11.20102
  0.0548  0.0586  0.0441  0.0352  0.0446  0.0400
  0.0485  0.0525  0.0422  0.0359  0.0397  0.0377
  0.0442  0.0444  0.0414  0.0374  0.0371  0.0361
  0.0411  0.0405  0.0401  0.0408  0.0362  0.0362
  0.0410  0.0405  0.0401  0.0439  0.0376  0.0378
  0.0447  0.0398  0.0437  0.0481  0.0411  0.0399
  0.0500  0.0420  0.0496  0.0536  0.0468  0.0432
niter,ni,del,rscale     7    3   12.0000    1.2000
parameters
   -0.0268   -6.9510   19.3177  -10.7088   -3.1920   -2.7454
eta,q 0.96639 11.18125
  0.0484  0.0512  0.0406  0.0383  0.0442  0.0393
  0.0415  0.0431  0.0381  0.0339  0.0396  0.0364
  0.0374  0.0371  0.0366  0.0341  0.0356  0.0342
  0.0359  0.0359  0.0361  0.0364  0.0337  0.0337
  0.0368  0.0371  0.0376  0.0395  0.0344  0.0351
  0.0416  0.0395  0.0426  0.0441  0.0365  0.0376
  0.0495  0.0445  0.0489  0.0484  0.0415  0.0404
niter,ni,del,rscale     6    3   12.0000    1.2000
parameters
   -0.3095   -6.4428   17.8952  -11.3659   -2.8717   -2.7728
eta,q 0.96711 11.16317
  0.0464  0.0498  0.0376  0.0424  0.0431  0.0392
  0.0386  0.0407  0.0349  0.0370  0.0386  0.0362
  0.0345  0.0358  0.0335  0.0334  0.0349  0.0338
  0.0336  0.0336  0.0337  0.0334  0.0330  0.0329
  0.0355  0.0357  0.0358  0.0364  0.0336  0.0340
  0.0407  0.0401  0.0394  0.0400  0.0366  0.0365
  0.0487  0.0442  0.0445  0.0445  0.0422  0.0391
niter,ni,del,rscale     5    3   12.0000    1.2000
parameters
   -0.4914   -6.4351   17.6601  -11.6160   -2.8050   -2.6666
eta,q 0.96725 11.16434
  0.0468  0.0466  0.0400  0.0432  0.0427  0.0394
  0.0387  0.0384  0.0359  0.0379  0.0381  0.0364
  0.0338  0.0336  0.0335  0.0339  0.0345  0.0338
  0.0329  0.0329  0.0329  0.0329  0.0328  0.0328
  0.0347  0.0362  0.0341  0.0358  0.0338  0.0337
  0.0399  0.0405  0.0369  0.0391  0.0372  0.0362
  0.0485  0.0442  0.0410  0.0437  0.0430  0.0389
niter,ni,del,rscale     4    3   12.0000    1.2000
parameters
   -0.5530   -6.3658   17.5783  -11.7522   -2.8018   -2.6093
eta,q 0.96727 11.16697
  0.0475  0.0468  0.0404  0.0433  0.0426  0.0393
  0.0392  0.0384  0.0360  0.0381  0.0380  0.0364
  0.0339  0.0333  0.0335  0.0341  0.0343  0.0338
  0.0327  0.0327  0.0328  0.0328  0.0327  0.0327
  0.0345  0.0361  0.0339  0.0356  0.0339  0.0337
  0.0395  0.0402  0.0366  0.0388  0.0374  0.0362
  0.0480  0.0439  0.0405  0.0434  0.0432  0.0391
niter,ni,del,rscale     3    3   12.0000    1.2000
parameters
   -0.5644   -6.3046   17.5382  -11.8396   -2.8065   -2.5751
eta,q 0.96725 11.16877
  0.0477  0.0466  0.0406  0.0434  0.0426  0.0392
  0.0395  0.0383  0.0360  0.0382  0.0380  0.0364
  0.0340  0.0332  0.0336  0.0342  0.0343  0.0338
  0.0327  0.0327  0.0328  0.0328  0.0328  0.0328
  0.0344  0.0361  0.0339  0.0355  0.0339  0.0338
  0.0394  0.0401  0.0366  0.0387  0.0374  0.0363
  0.0478  0.0438  0.0404  0.0433  0.0432  0.0391
niter,ni,del,rscale     2    3   12.0000    1.2000
parameters
   -0.5641   -6.2646   17.5107  -11.8967   -2.8121   -2.5526
eta,q 0.96723 11.17022
  0.0478  0.0465  0.0406  0.0433  0.0426  0.0392
  0.0396  0.0381  0.0360  0.0382  0.0380  0.0364
  0.0341  0.0331  0.0336  0.0343  0.0343  0.0339
  0.0328  0.0328  0.0328  0.0328  0.0328  0.0328
  0.0344  0.0362  0.0339  0.0354  0.0340  0.0338
  0.0394  0.0400  0.0366  0.0386  0.0374  0.0363
  0.0478  0.0437  0.0404  0.0432  0.0431  0.0392
registration optimization eta report
parameter search radius
    6.0000    6.9000    6.0000    7.9350    6.9000    6.0000
100000*second partial in parameter space
       42.       25.       21.       16.       21.       17.
  0.0478  0.0465  0.0406  0.0433  0.0426  0.0392
  0.0396  0.0381  0.0360  0.0382  0.0380  0.0364
  0.0341  0.0331  0.0336  0.0343  0.0343  0.0339
  0.0328  0.0328  0.0328  0.0328  0.0328  0.0328
  0.0344  0.0362  0.0339  0.0354  0.0340  0.0338
  0.0394  0.0400  0.0366  0.0386  0.0374  0.0363
  0.0478  0.0437  0.0404  0.0432  0.0431  0.0392
   -0.5641   -6.2646   17.5107  -11.8967   -2.8121   -2.5526
eta,q 0.96723 11.17022

---------------------------------------------------------------------
imgreg_4dfp /opt/freesurfer/average/711-2C_as_mni_average_305 /opt/freesurfer/average/711-2B_as_mni_average_305_mask talsrcimg_g11 none talsrcimg_to_711-2C_as_mni_average_305_t4 3335
---------------------------------------------------------------------

freesurfer imgreg_4dfp.c
/opt/freesurfer/average/711-2C_as_mni_average_305.4dfp.img
       256       256       256         1
  1.000000  1.000000  1.000000
orientation T byte_order littleendian
Reading image: /opt/freesurfer/average/711-2C_as_mni_average_305.4dfp.img
dimensions:      256       256       256
mmppix:       1.0000   -1.0000   -1.0000
center:     128.0000 -129.0000 -129.0000
/opt/freesurfer/average/711-2B_as_mni_average_305_mask.4dfp.img
       256       256       256         1
  1.000000  1.000000  1.000000
orientation T byte_order littleendian
Reading mask: /opt/freesurfer/average/711-2B_as_mni_average_305_mask.4dfp.img (2306576 pixels)
talsrcimg_g11.4dfp.img
       256       256       256         1
  1.000000  1.000000  1.000000
orientation T byte_order littleendian
Reading image: talsrcimg_g11.4dfp.img
dimensions:      256       256       256
mmppix:       1.0000   -1.0000   -1.0000
center:     128.0000 -129.0000 -129.0000
fimgreg.f
image alignment mode   3335 decimal      D07 hex
parameters
   -0.5641   -6.2646   17.5107   -0.2195   -2.2000   -2.2658
    3.3477    5.7141   -4.4483   20.3806   -4.9061  -20.5900
eta,q 0.96790 11.21840
niter,ni,del,rscale     5    3    5.0000    1.2000
parameter  4 -1.082021 -> -0.500000 qaram    1.1500
parameter  5  0.950021 ->  0.500000 qaram    1.1500
parameter 12  0.721848 ->  0.500000 qaram    1.1500
parameters
   -0.1537   -6.3524   17.3402    3.9205   -6.3400   -2.2984
    3.0877    7.5282   -4.0716   18.7865   -5.9116  -24.7300
eta,q 0.97286 11.26721
  0.0354  0.0340  0.0331  0.0357  0.0284  0.0318  0.0309  0.0361  0.0302  0.0298  0.0287  0.0273
  0.0338  0.0329  0.0324  0.0343  0.0283  0.0303  0.0295  0.0329  0.0290  0.0287  0.0282  0.0271
  0.0327  0.0322  0.0321  0.0331  0.0289  0.0291  0.0287  0.0302  0.0283  0.0280  0.0279  0.0273
  0.0321  0.0320  0.0320  0.0320  0.0304  0.0284  0.0284  0.0284  0.0280  0.0280  0.0279  0.0279
  0.0321  0.0323  0.0322  0.0310  0.0322  0.0285  0.0287  0.0280  0.0281  0.0288  0.0282  0.0287
  0.0326  0.0331  0.0327  0.0303  0.0346  0.0296  0.0298  0.0290  0.0287  0.0305  0.0286  0.0297
  0.0337  0.0343  0.0334  0.0307  0.0371  0.0326  0.0313  0.0313  0.0297  0.0330  0.0292  0.0310
niter,ni,del,rscale     7    3    5.0000    1.2000
parameters
    0.0245   -6.3400   17.2482    4.7137   -7.8140   -0.9049
    2.8099    7.8643   -3.6067   19.5810   -6.8626  -26.4516
eta,q 0.97345 11.30322
  0.0311  0.0298  0.0286  0.0313  0.0293  0.0311  0.0295  0.0332  0.0290  0.0300  0.0278  0.0278
  0.0291  0.0283  0.0278  0.0298  0.0281  0.0294  0.0280  0.0301  0.0278  0.0285  0.0270  0.0270
  0.0278  0.0274  0.0273  0.0284  0.0272  0.0279  0.0271  0.0277  0.0270  0.0274  0.0266  0.0266
  0.0271  0.0271  0.0271  0.0271  0.0269  0.0270  0.0268  0.0268  0.0267  0.0267  0.0266  0.0266
  0.0273  0.0274  0.0273  0.0268  0.0276  0.0267  0.0271  0.0273  0.0269  0.0266  0.0270  0.0271
  0.0283  0.0283  0.0280  0.0281  0.0297  0.0272  0.0283  0.0293  0.0274  0.0273  0.0276  0.0281
  0.0301  0.0297  0.0289  0.0307  0.0322  0.0291  0.0300  0.0322  0.0285  0.0291  0.0285  0.0294
niter,ni,del,rscale     6    3    5.0000    1.2000
parameters
    0.0348   -6.1649   17.5289    4.5743   -8.3056   -0.5330
    2.7117    7.9982   -3.4119   20.2258   -7.2274  -26.4915
eta,q 0.97356 11.30229
  0.0304  0.0295  0.0286  0.0306  0.0295  0.0304  0.0294  0.0327  0.0286  0.0296  0.0278  0.0284
  0.0284  0.0279  0.0275  0.0290  0.0282  0.0287  0.0279  0.0297  0.0275  0.0282  0.0270  0.0273
  0.0270  0.0269  0.0268  0.0275  0.0272  0.0274  0.0269  0.0274  0.0268  0.0272  0.0265  0.0267
  0.0265  0.0265  0.0265  0.0265  0.0265  0.0266  0.0266  0.0266  0.0266  0.0266  0.0265  0.0264
  0.0270  0.0267  0.0266  0.0267  0.0267  0.0265  0.0268  0.0272  0.0267  0.0264  0.0267  0.0266
  0.0283  0.0274  0.0270  0.0286  0.0284  0.0274  0.0279  0.0293  0.0273  0.0272  0.0272  0.0273
  0.0304  0.0287  0.0278  0.0315  0.0309  0.0303  0.0297  0.0324  0.0284  0.0290  0.0281  0.0285
niter,ni,del,rscale     5    3    5.0000    1.2000
parameters
    0.0462   -6.1103   17.6179    4.4148   -8.5540   -0.5160
    2.6916    8.0554   -3.3582   20.3883   -7.3212  -26.4187
eta,q 0.97351 11.29047
  0.0303  0.0291  0.0283  0.0305  0.0296  0.0302  0.0294  0.0326  0.0285  0.0293  0.0280  0.0285
  0.0283  0.0276  0.0273  0.0289  0.0283  0.0286  0.0278  0.0296  0.0274  0.0280  0.0271  0.0274
  0.0269  0.0267  0.0267  0.0275  0.0272  0.0272  0.0269  0.0274  0.0267  0.0271  0.0266  0.0268
  0.0264  0.0264  0.0264  0.0264  0.0265  0.0265  0.0265  0.0265  0.0265  0.0265  0.0265  0.0265
  0.0268  0.0267  0.0266  0.0267  0.0266  0.0265  0.0268  0.0272  0.0267  0.0265  0.0267  0.0266
  0.0282  0.0275  0.0271  0.0286  0.0281  0.0277  0.0278  0.0294  0.0273  0.0274  0.0272  0.0273
  0.0303  0.0288  0.0281  0.0315  0.0305  0.0310  0.0295  0.0325  0.0284  0.0294  0.0280  0.0285
niter,ni,del,rscale     4    3    5.0000    1.2000
parameters
    0.0590   -6.1042   17.6165    4.3790   -8.6250   -0.5527
    2.6878    8.0806   -3.3320   20.4228   -7.3295  -26.3959
eta,q 0.97349 11.28538
  0.0303  0.0290  0.0282  0.0306  0.0297  0.0302  0.0294  0.0326  0.0284  0.0292  0.0280  0.0284
  0.0283  0.0276  0.0273  0.0290  0.0283  0.0286  0.0278  0.0296  0.0274  0.0279  0.0271  0.0274
  0.0270  0.0267  0.0267  0.0275  0.0272  0.0272  0.0269  0.0273  0.0267  0.0270  0.0266  0.0268
  0.0265  0.0265  0.0265  0.0265  0.0265  0.0265  0.0265  0.0265  0.0265  0.0265  0.0265  0.0265
  0.0269  0.0268  0.0267  0.0266  0.0266  0.0265  0.0267  0.0272  0.0267  0.0265  0.0267  0.0266
  0.0282  0.0276  0.0272  0.0285  0.0280  0.0278  0.0278  0.0294  0.0273  0.0275  0.0272  0.0273
  0.0303  0.0290  0.0282  0.0314  0.0303  0.0311  0.0295  0.0326  0.0284  0.0296  0.0280  0.0285
registration optimization eta report
parameter search radius
    2.4000    2.4000    2.4000    8.2800    8.2800    7.2000
    7.2000    7.2000    7.2000    7.2000    7.2000    8.2800
100000*second partial in parameter space
       66.       44.       30.        6.        5.        8.
        6.       12.        4.        6.        3.        3.
  0.0303  0.0290  0.0282  0.0306  0.0297  0.0302  0.0294  0.0326  0.0284  0.0292  0.0280  0.0284
  0.0283  0.0276  0.0273  0.0290  0.0283  0.0286  0.0278  0.0296  0.0274  0.0279  0.0271  0.0274
  0.0270  0.0267  0.0267  0.0275  0.0272  0.0272  0.0269  0.0273  0.0267  0.0270  0.0266  0.0268
  0.0265  0.0265  0.0265  0.0265  0.0265  0.0265  0.0265  0.0265  0.0265  0.0265  0.0265  0.0265
  0.0269  0.0268  0.0267  0.0266  0.0266  0.0265  0.0267  0.0272  0.0267  0.0265  0.0267  0.0266
  0.0282  0.0276  0.0272  0.0285  0.0280  0.0278  0.0278  0.0294  0.0273  0.0275  0.0272  0.0273
  0.0303  0.0290  0.0282  0.0314  0.0303  0.0311  0.0295  0.0326  0.0284  0.0296  0.0280  0.0285
    0.0590   -6.1042   17.6165    4.3790   -8.6250   -0.5527
    2.6878    8.0806   -3.3320   20.4228   -7.3295  -26.3959
eta,q 0.97349 11.28538

---------------------------------------------------------------------
imgreg_4dfp /opt/freesurfer/average/711-2C_as_mni_average_305 /opt/freesurfer/average/711-2B_as_mni_average_305_mask talsrcimg_g11 none talsrcimg_to_711-2C_as_mni_average_305_t4 2311
---------------------------------------------------------------------

freesurfer imgreg_4dfp.c
/opt/freesurfer/average/711-2C_as_mni_average_305.4dfp.img
       256       256       256         1
  1.000000  1.000000  1.000000
orientation T byte_order littleendian
Reading image: /opt/freesurfer/average/711-2C_as_mni_average_305.4dfp.img
dimensions:      256       256       256
mmppix:       1.0000   -1.0000   -1.0000
center:     128.0000 -129.0000 -129.0000
/opt/freesurfer/average/711-2B_as_mni_average_305_mask.4dfp.img
       256       256       256         1
  1.000000  1.000000  1.000000
orientation T byte_order littleendian
Reading mask: /opt/freesurfer/average/711-2B_as_mni_average_305_mask.4dfp.img (2306576 pixels)
talsrcimg_g11.4dfp.img
       256       256       256         1
  1.000000  1.000000  1.000000
orientation T byte_order littleendian
Reading image: talsrcimg_g11.4dfp.img
dimensions:      256       256       256
mmppix:       1.0000   -1.0000   -1.0000
center:     128.0000 -129.0000 -129.0000
fimgreg.f
image alignment mode   2311 decimal      907 hex
parameters
    0.0590   -6.1042   17.6165    4.3790   -8.6250   -0.5527
    2.6878    8.0806   -3.3320   20.4228   -7.3295  -26.3959
eta,q 0.97349 11.28538
niter,ni,del,rscale     5    3    5.0000    0.8000
parameters
    0.0871   -6.1252   17.6225    5.1046   -7.9480   -0.2737
    2.6233    8.0951   -3.3564   20.2895   -7.4499  -26.4419
eta,q 0.97372 11.33488
  0.0283  0.0276  0.0273  0.0286  0.0279  0.0283  0.0276  0.0295  0.0272  0.0276  0.0270  0.0269
  0.0273  0.0270  0.0268  0.0278  0.0273  0.0273  0.0269  0.0278  0.0267  0.0269  0.0266  0.0266
  0.0267  0.0266  0.0266  0.0270  0.0268  0.0266  0.0264  0.0267  0.0264  0.0265  0.0263  0.0264
  0.0265  0.0265  0.0265  0.0265  0.0264  0.0263  0.0263  0.0263  0.0263  0.0263  0.0263  0.0263
  0.0267  0.0266  0.0266  0.0264  0.0263  0.0263  0.0264  0.0266  0.0264  0.0264  0.0264  0.0263
  0.0272  0.0270  0.0268  0.0268  0.0266  0.0268  0.0269  0.0278  0.0267  0.0269  0.0267  0.0265
  0.0282  0.0276  0.0273  0.0278  0.0274  0.0280  0.0278  0.0295  0.0272  0.0279  0.0271  0.0270
niter,ni,del,rscale     4    3    5.0000    0.7000
parameters
    0.0397   -6.1229   17.7877    5.1430   -7.8390    0.0096
    2.6256    8.0672   -3.3511   20.2463   -7.5518  -26.2776
eta,q 0.97377 11.34700
  0.0276  0.0272  0.0270  0.0278  0.0274  0.0278  0.0273  0.0288  0.0270  0.0273  0.0268  0.0268
  0.0269  0.0267  0.0266  0.0271  0.0269  0.0271  0.0267  0.0274  0.0265  0.0268  0.0265  0.0265
  0.0264  0.0264  0.0264  0.0266  0.0265  0.0265  0.0264  0.0265  0.0263  0.0264  0.0263  0.0263
  0.0263  0.0263  0.0263  0.0263  0.0263  0.0263  0.0262  0.0262  0.0262  0.0262  0.0262  0.0262
  0.0265  0.0264  0.0263  0.0264  0.0263  0.0263  0.0263  0.0265  0.0263  0.0263  0.0263  0.0262
  0.0270  0.0267  0.0264  0.0269  0.0267  0.0266  0.0267  0.0275  0.0265  0.0267  0.0265  0.0264
  0.0278  0.0272  0.0268  0.0279  0.0274  0.0276  0.0273  0.0289  0.0269  0.0275  0.0269  0.0267
niter,ni,del,rscale     3    3    5.0000    0.6000
parameters
    0.0210   -6.1554   17.8940    5.1626   -7.7616    0.1434
    2.6579    8.0611   -3.3174   20.1929   -7.6374  -26.0989
eta,q 0.97380 11.35205
  0.0273  0.0269  0.0268  0.0274  0.0271  0.0274  0.0270  0.0282  0.0268  0.0270  0.0267  0.0266
  0.0267  0.0265  0.0265  0.0269  0.0267  0.0268  0.0266  0.0271  0.0264  0.0266  0.0264  0.0264
  0.0263  0.0263  0.0263  0.0264  0.0264  0.0264  0.0263  0.0264  0.0263  0.0264  0.0263  0.0263
  0.0262  0.0262  0.0262  0.0262  0.0262  0.0262  0.0262  0.0262  0.0262  0.0262  0.0262  0.0262
  0.0264  0.0263  0.0262  0.0263  0.0263  0.0263  0.0263  0.0264  0.0263  0.0263  0.0263  0.0262
  0.0267  0.0266  0.0264  0.0267  0.0265  0.0266  0.0265  0.0271  0.0264  0.0266  0.0264  0.0263
  0.0273  0.0269  0.0266  0.0275  0.0271  0.0273  0.0270  0.0282  0.0267  0.0272  0.0267  0.0266
niter,ni,del,rscale     2    3    5.0000    0.5000
parameters
    0.0144   -6.1880   17.9649    5.2048   -7.6812    0.2214
    2.6908    8.0633   -3.3051   20.1324   -7.6883  -25.9196
eta,q 0.97381 11.35553
  0.0270  0.0267  0.0266  0.0271  0.0268  0.0270  0.0268  0.0276  0.0266  0.0268  0.0265  0.0265
  0.0265  0.0264  0.0264  0.0267  0.0265  0.0266  0.0265  0.0268  0.0264  0.0265  0.0263  0.0263
  0.0263  0.0263  0.0263  0.0264  0.0263  0.0263  0.0263  0.0264  0.0262  0.0263  0.0262  0.0262
  0.0262  0.0262  0.0262  0.0262  0.0262  0.0262  0.0262  0.0262  0.0262  0.0262  0.0262  0.0262
  0.0263  0.0263  0.0262  0.0263  0.0262  0.0262  0.0262  0.0264  0.0262  0.0262  0.0262  0.0262
  0.0266  0.0264  0.0263  0.0266  0.0264  0.0265  0.0264  0.0268  0.0264  0.0265  0.0264  0.0263
  0.0270  0.0267  0.0265  0.0271  0.0268  0.0270  0.0267  0.0276  0.0265  0.0269  0.0265  0.0264
niter,ni,del,rscale     1    3    5.0000    0.4000
parameters
    0.0115   -6.2162   18.0312    5.2625   -7.6040    0.2514
    2.7047    8.0625   -3.2971   20.0789   -7.7153  -25.7333
eta,q 0.97383 11.35768
  0.0267  0.0265  0.0265  0.0268  0.0266  0.0267  0.0265  0.0271  0.0264  0.0266  0.0264  0.0264
  0.0264  0.0263  0.0263  0.0265  0.0264  0.0264  0.0263  0.0266  0.0263  0.0264  0.0263  0.0263
  0.0262  0.0262  0.0262  0.0263  0.0263  0.0263  0.0262  0.0263  0.0262  0.0262  0.0262  0.0262
  0.0262  0.0262  0.0262  0.0262  0.0262  0.0262  0.0262  0.0262  0.0262  0.0262  0.0262  0.0262
  0.0263  0.0262  0.0262  0.0262  0.0262  0.0262  0.0262  0.0263  0.0262  0.0262  0.0262  0.0262
  0.0264  0.0264  0.0263  0.0264  0.0263  0.0264  0.0263  0.0266  0.0263  0.0264  0.0263  0.0262
  0.0267  0.0265  0.0264  0.0268  0.0266  0.0267  0.0265  0.0271  0.0264  0.0266  0.0264  0.0263
registration optimization eta report
parameter search radius
    0.8000    0.8000    0.8000    2.4000    2.4000    2.4000
    2.4000    2.4000    2.4000    2.4000    2.4000    2.4000
100000*second partial in parameter space
       77.       50.       36.       11.        7.        9.
        6.       16.        4.        7.        4.        3.
  0.0267  0.0265  0.0265  0.0268  0.0266  0.0267  0.0265  0.0271  0.0264  0.0266  0.0264  0.0264
  0.0264  0.0263  0.0263  0.0265  0.0264  0.0264  0.0263  0.0266  0.0263  0.0264  0.0263  0.0263
  0.0262  0.0262  0.0262  0.0263  0.0263  0.0263  0.0262  0.0263  0.0262  0.0262  0.0262  0.0262
  0.0262  0.0262  0.0262  0.0262  0.0262  0.0262  0.0262  0.0262  0.0262  0.0262  0.0262  0.0262
  0.0263  0.0262  0.0262  0.0262  0.0262  0.0262  0.0262  0.0263  0.0262  0.0262  0.0262  0.0262
  0.0264  0.0264  0.0263  0.0264  0.0263  0.0264  0.0263  0.0266  0.0263  0.0264  0.0263  0.0262
  0.0267  0.0265  0.0264  0.0268  0.0266  0.0267  0.0265  0.0271  0.0264  0.0266  0.0264  0.0263
    0.0115   -6.2162   18.0312    5.2625   -7.6040    0.2514
    2.7047    8.0625   -3.2971   20.0789   -7.7153  -25.7333
eta,q 0.97383 11.35768

---------------------------------------------------------------------
imgreg_4dfp /opt/freesurfer/average/711-2C_as_mni_average_305 /opt/freesurfer/average/711-2B_as_mni_average_305_mask talsrcimg_g11 none talsrcimg_to_711-2C_as_mni_average_305_t4 2311
---------------------------------------------------------------------

freesurfer imgreg_4dfp.c
/opt/freesurfer/average/711-2C_as_mni_average_305.4dfp.img
       256       256       256         1
  1.000000  1.000000  1.000000
orientation T byte_order littleendian
Reading image: /opt/freesurfer/average/711-2C_as_mni_average_305.4dfp.img
dimensions:      256       256       256
mmppix:       1.0000   -1.0000   -1.0000
center:     128.0000 -129.0000 -129.0000
/opt/freesurfer/average/711-2B_as_mni_average_305_mask.4dfp.img
       256       256       256         1
  1.000000  1.000000  1.000000
orientation T byte_order littleendian
Reading mask: /opt/freesurfer/average/711-2B_as_mni_average_305_mask.4dfp.img (2306576 pixels)
talsrcimg_g11.4dfp.img
       256       256       256         1
  1.000000  1.000000  1.000000
orientation T byte_order littleendian
Reading image: talsrcimg_g11.4dfp.img
dimensions:      256       256       256
mmppix:       1.0000   -1.0000   -1.0000
center:     128.0000 -129.0000 -129.0000
fimgreg.f
image alignment mode   2311 decimal      907 hex
parameters
    0.0115   -6.2162   18.0312    5.2625   -7.6040    0.2514
    2.7047    8.0625   -3.2971   20.0789   -7.7153  -25.7333
eta,q 0.97382 11.35768
niter,ni,del,rscale     5    3    5.0000    0.8000
parameters
    0.0015   -6.2200   18.0301    4.8926   -7.9928    0.1102
    2.7108    8.0640   -3.1657   20.0232   -7.7018  -25.8699
eta,q 0.97375 11.33492
  0.0281  0.0275  0.0271  0.0279  0.0274  0.0281  0.0276  0.0295  0.0272  0.0277  0.0271  0.0269
  0.0270  0.0267  0.0266  0.0271  0.0269  0.0272  0.0269  0.0278  0.0267  0.0270  0.0266  0.0266
  0.0264  0.0263  0.0263  0.0265  0.0264  0.0265  0.0264  0.0266  0.0263  0.0265  0.0263  0.0264
  0.0262  0.0262  0.0262  0.0262  0.0262  0.0262  0.0262  0.0262  0.0262  0.0262  0.0262  0.0262
  0.0264  0.0263  0.0263  0.0265  0.0264  0.0264  0.0264  0.0266  0.0263  0.0263  0.0263  0.0263
  0.0271  0.0268  0.0266  0.0274  0.0270  0.0271  0.0268  0.0278  0.0266  0.0269  0.0266  0.0265
  0.0282  0.0275  0.0271  0.0288  0.0281  0.0286  0.0277  0.0296  0.0271  0.0279  0.0270  0.0271
niter,ni,del,rscale     4    3    5.0000    0.7000
parameters
    0.0295   -6.2387   17.9728    5.0401   -7.8357    0.1369
    2.6931    8.0738   -3.1650   20.0224   -7.7018  -25.9207
eta,q 0.97378 11.34407
  0.0277  0.0272  0.0269  0.0278  0.0274  0.0277  0.0273  0.0288  0.0269  0.0274  0.0269  0.0267
  0.0269  0.0266  0.0265  0.0272  0.0269  0.0270  0.0267  0.0274  0.0265  0.0268  0.0265  0.0265
  0.0264  0.0263  0.0263  0.0266  0.0265  0.0265  0.0264  0.0265  0.0263  0.0264  0.0263  0.0263
  0.0262  0.0262  0.0263  0.0262  0.0262  0.0262  0.0262  0.0262  0.0262  0.0262  0.0262  0.0262
  0.0264  0.0264  0.0263  0.0263  0.0262  0.0263  0.0263  0.0265  0.0263  0.0263  0.0263  0.0262
  0.0269  0.0267  0.0266  0.0268  0.0266  0.0268  0.0267  0.0274  0.0265  0.0267  0.0265  0.0264
  0.0276  0.0272  0.0270  0.0278  0.0274  0.0279  0.0273  0.0288  0.0269  0.0275  0.0268  0.0268
niter,ni,del,rscale     3    3    5.0000    0.6000
parameters
    0.0242   -6.2298   17.9859    5.1341   -7.7291    0.1977
    2.6820    8.0684   -3.1924   20.0378   -7.7029  -25.8913
eta,q 0.97380 11.35106
  0.0273  0.0269  0.0267  0.0275  0.0271  0.0273  0.0270  0.0282  0.0267  0.0271  0.0267  0.0266
  0.0267  0.0265  0.0265  0.0269  0.0267  0.0268  0.0266  0.0271  0.0264  0.0266  0.0264  0.0264
  0.0263  0.0263  0.0263  0.0265  0.0264  0.0264  0.0263  0.0264  0.0262  0.0263  0.0263  0.0263
  0.0262  0.0262  0.0262  0.0262  0.0262  0.0262  0.0262  0.0262  0.0262  0.0262  0.0262  0.0262
  0.0263  0.0263  0.0263  0.0263  0.0262  0.0263  0.0263  0.0264  0.0263  0.0263  0.0263  0.0262
  0.0267  0.0265  0.0264  0.0267  0.0265  0.0266  0.0265  0.0271  0.0264  0.0265  0.0264  0.0263
  0.0273  0.0269  0.0267  0.0275  0.0271  0.0274  0.0270  0.0282  0.0267  0.0271  0.0267  0.0266
niter,ni,del,rscale     2    3    5.0000    0.5000
parameters
    0.0178   -6.2349   18.0179    5.2022   -7.6460    0.2433
    2.6994    8.0617   -3.2360   20.0339   -7.7079  -25.8029
eta,q 0.97381 11.35546
  0.0269  0.0267  0.0266  0.0271  0.0268  0.0270  0.0267  0.0276  0.0266  0.0268  0.0265  0.0265
  0.0265  0.0264  0.0264  0.0267  0.0265  0.0266  0.0264  0.0268  0.0263  0.0265  0.0263  0.0263
  0.0263  0.0263  0.0263  0.0264  0.0263  0.0263  0.0263  0.0263  0.0262  0.0263  0.0262  0.0262
  0.0262  0.0262  0.0262  0.0262  0.0262  0.0262  0.0262  0.0262  0.0262  0.0262  0.0262  0.0262
  0.0263  0.0263  0.0262  0.0262  0.0262  0.0262  0.0262  0.0264  0.0262  0.0262  0.0262  0.0262
  0.0265  0.0264  0.0263  0.0266  0.0264  0.0265  0.0264  0.0268  0.0264  0.0264  0.0263  0.0263
  0.0270  0.0267  0.0265  0.0271  0.0268  0.0270  0.0267  0.0276  0.0266  0.0269  0.0265  0.0265
niter,ni,del,rscale     1    3    5.0000    0.4000
parameters
    0.0123   -6.2429   18.0539    5.2651   -7.5850    0.2647
    2.7119    8.0586   -3.2633   20.0363   -7.7219  -25.6798
eta,q 0.97382 11.35780
  0.0267  0.0265  0.0264  0.0268  0.0266  0.0267  0.0265  0.0271  0.0264  0.0266  0.0264  0.0264
  0.0264  0.0263  0.0263  0.0265  0.0264  0.0264  0.0263  0.0266  0.0263  0.0264  0.0263  0.0263
  0.0262  0.0262  0.0262  0.0263  0.0263  0.0262  0.0262  0.0263  0.0262  0.0262  0.0262  0.0262
  0.0262  0.0262  0.0262  0.0262  0.0262  0.0262  0.0262  0.0262  0.0262  0.0262  0.0262  0.0262
  0.0262  0.0262  0.0262  0.0262  0.0262  0.0262  0.0262  0.0263  0.0262  0.0262  0.0262  0.0262
  0.0264  0.0263  0.0263  0.0264  0.0263  0.0264  0.0263  0.0266  0.0263  0.0264  0.0263  0.0262
  0.0267  0.0265  0.0264  0.0268  0.0266  0.0267  0.0265  0.0271  0.0264  0.0266  0.0264  0.0264
registration optimization eta report
parameter search radius
    0.8000    0.8000    0.8000    2.4000    2.4000    2.4000
    2.4000    2.4000    2.4000    2.4000    2.4000    2.4000
100000*second partial in parameter space
       77.       49.       36.       11.        7.        9.
        6.       16.        4.        7.        4.        3.
  0.0267  0.0265  0.0264  0.0268  0.0266  0.0267  0.0265  0.0271  0.0264  0.0266  0.0264  0.0264
  0.0264  0.0263  0.0263  0.0265  0.0264  0.0264  0.0263  0.0266  0.0263  0.0264  0.0263  0.0263
  0.0262  0.0262  0.0262  0.0263  0.0263  0.0262  0.0262  0.0263  0.0262  0.0262  0.0262  0.0262
  0.0262  0.0262  0.0262  0.0262  0.0262  0.0262  0.0262  0.0262  0.0262  0.0262  0.0262  0.0262
  0.0262  0.0262  0.0262  0.0262  0.0262  0.0262  0.0262  0.0263  0.0262  0.0262  0.0262  0.0262
  0.0264  0.0263  0.0263  0.0264  0.0263  0.0264  0.0263  0.0266  0.0263  0.0264  0.0263  0.0262
  0.0267  0.0265  0.0264  0.0268  0.0266  0.0267  0.0265  0.0271  0.0264  0.0266  0.0264  0.0264
    0.0123   -6.2429   18.0539    5.2651   -7.5850    0.2647
    2.7119    8.0586   -3.2633   20.0363   -7.7219  -25.6798
eta,q 0.97382 11.35780

---------------------------------------------------------------------
compute_vox2vox talsrcimg talsrcimg_to_711-2C_as_mni_average_305_t4 /opt/freesurfer/average/711-2C_as_mni_average_305
---------------------------------------------------------------------

freesurfer compute_vox2vox.c
Reading: talsrcimg.4dfp.ifh
Reading: talsrcimg_to_711-2C_as_mni_average_305_t4
Reading: /opt/freesurfer/average/711-2C_as_mni_average_305.4dfp.ifh
Writing: talsrcimg_to_711-2C_as_mni_average_305_t4_vox2vox.txt

start time Tue Mar 10 00:35:43 CET 2026
end		time Tue Mar 10 00:37:09 CET 2026

mpr2mni305 success

avi2talxfm orig_nu.mgz /opt/freesurfer/average/mni305.cor.mgz talsrcimg_to_711-2C_as_mni_average_305_t4_vox2vox.txt transforms/talairach.auto.xfm
avi2talxfm done
mv -f /out/sourcedata/freesurfer/sub-v1s3x0050800_ses-1/mri/talsrcimg_to_711-2C_as_mni_average_305_t4_vox2vox.txt /out/sourcedata/freesurfer/sub-v1s3x0050800_ses-1/mri/transforms/talsrcimg_to_711-2C_as_mni_average_305_t4_vox2vox.txt
lta_convert --src orig_nu.mgz --trg /opt/freesurfer/average/mni305.cor.mgz --inxfm transforms/talairach.auto.xfm --outlta transforms/talairach.auto.xfm.lta --subject fsaverage
7.3.2

--src: orig_nu.mgz src image (geometry).
--trg: /opt/freesurfer/average/mni305.cor.mgz trg image (geometry).
--inmni: transforms/talairach.auto.xfm input MNI/XFM transform.
--outlta: transforms/talairach.auto.xfm.lta output LTA.
--s: fsaverage subject name
 LTA read, type : 1
 0.94366  -0.06661  -0.04620  -18.03365;
 0.07694   0.93946   0.25879   5.73152;
 0.01664  -0.20604   1.02434   9.71260;
 0.00000   0.00000   0.00000   1.00000;
setting subject to fsaverage
Writing  LTA to file transforms/talairach.auto.xfm.lta...
lta_convert successful.
 
 
Started at Tue Mar 10 00:35:43 CET 2026
Ended   at Tue Mar 10 00:37:09 CET 2026
talairach_avi done
