status file for recon-all
Mon Mar  9 23:22:46 CET 2026
#@# MotionCor Mon Mar  9 23:22:48 CET 2026
#@# Talairach Mon Mar  9 23:22:59 CET 2026
#@# Talairach Failure Detection Mon Mar  9 23:27:30 CET 2026
#@# Nu Intensity Correction Mon Mar  9 23:27:30 CET 2026
#@# Intensity Normalization Mon Mar  9 23:30:45 CET 2026
recon-all -s sub-v1s3x0050780_ses-1 finished without error at Mon Mar  9 23:32:16 CET 2026



#New# invocation of recon-all 



status file for recon-all
Mon Mar  9 23:41:14 CET 2026
#@# EM Registration Mon Mar  9 23:41:14 CET 2026
recon-all -s sub-v1s3x0050780_ses-1 finished without error at Mon Mar  9 23:42:58 CET 2026



#New# invocation of recon-all 



status file for recon-all
Mon Mar  9 23:43:00 CET 2026
#@# CA Normalize Mon Mar  9 23:43:00 CET 2026
#@# CA Reg Mon Mar  9 23:44:20 CET 2026
#@# SubCort Seg Tue Mar 10 00:35:45 CET 2026
#@# CC Seg Tue Mar 10 01:10:35 CET 2026
#@# Merge ASeg Tue Mar 10 01:11:12 CET 2026
#@# Intensity Normalization2 Tue Mar 10 01:11:12 CET 2026
#@# Mask BFS Tue Mar 10 01:13:26 CET 2026
#@# WM Segmentation Tue Mar 10 01:13:27 CET 2026
#@# Fill Tue Mar 10 01:15:23 CET 2026
recon-all -s sub-v1s3x0050780_ses-1 finished without error at Tue Mar 10 01:16:33 CET 2026



#New# invocation of recon-all 



status file for recon-all
Tue Mar 10 02:07:44 CET 2026
#@# white curv lh Tue Mar 10 02:07:44 CET 2026
#@# white area lh Tue Mar 10 02:07:44 CET 2026
#@# pial curv lh Tue Mar 10 02:07:44 CET 2026
#@# pial area lh Tue Mar 10 02:07:44 CET 2026
#@# thickness lh Tue Mar 10 02:07:44 CET 2026
#@# area and vertex vol lh Tue Mar 10 02:07:44 CET 2026
#@# white curv rh Tue Mar 10 02:07:44 CET 2026
#@# white area rh Tue Mar 10 02:07:45 CET 2026
#@# pial curv rh Tue Mar 10 02:07:45 CET 2026
#@# pial area rh Tue Mar 10 02:07:45 CET 2026
#@# thickness rh Tue Mar 10 02:07:45 CET 2026
#@# area and vertex vol rh Tue Mar 10 02:07:45 CET 2026
#@# Cortical ribbon mask Tue Mar 10 02:07:45 CET 2026
recon-all -s sub-v1s3x0050780_ses-1 finished without error at Tue Mar 10 02:14:03 CET 2026



#New# invocation of recon-all 



status file for recon-all
Tue Mar 10 02:21:12 CET 2026
#@# white curv lh Tue Mar 10 02:21:12 CET 2026
#@# white area lh Tue Mar 10 02:21:12 CET 2026
#@# pial curv lh Tue Mar 10 02:21:12 CET 2026
#@# pial area lh Tue Mar 10 02:21:12 CET 2026
#@# thickness lh Tue Mar 10 02:21:12 CET 2026
#@# area and vertex vol lh Tue Mar 10 02:21:12 CET 2026
#@# white curv rh Tue Mar 10 02:21:12 CET 2026
#@# white area rh Tue Mar 10 02:21:12 CET 2026
#@# pial curv rh Tue Mar 10 02:21:12 CET 2026
#@# pial area rh Tue Mar 10 02:21:12 CET 2026
#@# thickness rh Tue Mar 10 02:21:12 CET 2026
#@# area and vertex vol rh Tue Mar 10 02:21:12 CET 2026
#@# Curvature Stats lh Tue Mar 10 02:21:12 CET 2026
#@# Curvature Stats rh Tue Mar 10 02:21:15 CET 2026
#@# Relabel Hypointensities Tue Mar 10 02:21:18 CET 2026
#@# APas-to-ASeg Tue Mar 10 02:21:34 CET 2026
#@# AParc-to-ASeg aparc Tue Mar 10 02:21:45 CET 2026
#@# AParc-to-ASeg aparc.a2009s Tue Mar 10 02:22:32 CET 2026
#@# AParc-to-ASeg aparc.DKTatlas Tue Mar 10 02:23:20 CET 2026
#@# WMParc Tue Mar 10 02:24:09 CET 2026
#@# ASeg Stats Tue Mar 10 02:27:55 CET 2026
recon-all -s sub-v1s3x0050780_ses-1 finished without error at Tue Mar 10 02:28:33 CET 2026
