status file for recon-all
Tue Mar 10 03:15:20 CET 2026
#@# Tessellate rh Tue Mar 10 03:15:20 CET 2026
#@# Smooth1 rh Tue Mar 10 03:15:24 CET 2026
#@# Inflation1 rh Tue Mar 10 03:15:27 CET 2026
#@# QSphere rh Tue Mar 10 03:15:43 CET 2026
#@# Fix Topology rh Tue Mar 10 03:16:55 CET 2026
#@# Smooth2 rh Tue Mar 10 03:23:49 CET 2026
#@# Inflation2 rh Tue Mar 10 03:23:52 CET 2026
#@# Curv .H and .K rh Tue Mar 10 03:24:08 CET 2026
#@# Sphere rh Tue Mar 10 03:24:57 CET 2026
#@# Surf Reg rh Tue Mar 10 03:27:46 CET 2026
#@# Jacobian white rh Tue Mar 10 03:32:19 CET 2026
#@# AvgCurv rh Tue Mar 10 03:32:20 CET 2026
#@# Cortical Parc rh Tue Mar 10 03:32:21 CET 2026
#@# white curv rh Tue Mar 10 03:40:20 CET 2026
#@# white area rh Tue Mar 10 03:40:22 CET 2026
#@# pial curv rh Tue Mar 10 03:40:23 CET 2026
#@# pial area rh Tue Mar 10 03:40:25 CET 2026
#@# thickness rh Tue Mar 10 03:40:25 CET 2026
#@# area and vertex vol rh Tue Mar 10 03:40:57 CET 2026
#@# Curvature Stats rh Tue Mar 10 03:40:59 CET 2026
#@# Cortical Parc 2 rh Tue Mar 10 03:41:01 CET 2026
#@# Cortical Parc 3 rh Tue Mar 10 03:41:16 CET 2026
#@# WM/GM Contrast rh Tue Mar 10 03:41:27 CET 2026
recon-all -s sub-v1s3x0050807_ses-1 finished without error at Tue Mar 10 03:41:31 CET 2026



#New# invocation of recon-all 



status file for recon-all
Tue Mar 10 03:50:04 CET 2026
#@# white curv rh Tue Mar 10 03:50:04 CET 2026
#@# white area rh Tue Mar 10 03:50:04 CET 2026
#@# pial curv rh Tue Mar 10 03:50:05 CET 2026
#@# pial area rh Tue Mar 10 03:50:05 CET 2026
#@# thickness rh Tue Mar 10 03:50:05 CET 2026
#@# area and vertex vol rh Tue Mar 10 03:50:05 CET 2026
#@# Parcellation Stats rh Tue Mar 10 03:50:05 CET 2026
#@# Parcellation Stats 2 rh Tue Mar 10 03:50:26 CET 2026
#@# Parcellation Stats 3 rh Tue Mar 10 03:50:36 CET 2026
#@# BA_exvivo Labels rh Tue Mar 10 03:50:47 CET 2026
recon-all -s sub-v1s3x0050807_ses-1 finished without error at Tue Mar 10 03:53:39 CET 2026
