/out/sourcedata/freesurfer/sub-v1s3x0050819_ses-1/mri
/opt/freesurfer/bin/talairach_avi
--i orig_nu.mgz --xfm transforms/talairach.auto.xfm
talairach_avi 7.3.2
Linux dna058 5.14.0-427.37.1.el9_4.x86_64 #1 SMP PREEMPT_DYNAMIC Fri Sep 13 12:41:50 EDT 2024 x86_64 x86_64 x86_64 GNU/Linux
Tue Mar 10 01:37:10 CET 2026
mri_convert orig_nu.mgz talsrcimg.img 
reading from orig_nu.mgz...
TR=0.00, TE=0.00, TI=0.00, flip angle=0.00
i_ras = (-1, 0, 0)
j_ras = (0, 0, -1)
k_ras = (0, 1, 0)
writing to talsrcimg.img...
Analyze Output Matrix
-1.00000   0.00000   0.00000   129.17328;
 0.00000   0.00000   1.00000  -151.50900;
 0.00000  -1.00000   0.00000   137.74101;
 0.00000   0.00000   0.00000   1.00000;
--------------------
INFO: set hdr.hist.orient to -1
mpr2mni305 talsrcimg
Tue Mar 10 01:37:10 CET 2026
/opt/freesurfer/bin/mpr2mni305 talsrcimg
mpr2mni305 7.3.2
target=711-2C_as_mni_average_305

---------------------------------------------------------------------
analyzeto4dfp talsrcimg -O0 -y
---------------------------------------------------------------------

freesurfer ifh2hdr.c
Tue Mar 10 01:37:11 2026
Writing: talsrcimg.4dfp.hdr
freesurfer analyzeto4dfp.c
Reading: talsrcimg.hdr
header size 348 bytes
hdr.dime.datatype	offset=70	value=2
hdr.dime.bitpix		offset=72	value=8
hdr.hist.orient		offset=252	value=-1
dimensionality     4
dimensions       256       256       256         1
Reading: talsrcimg.img
Writing: talsrcimg.4dfp.img
Writing: talsrcimg.4dfp.ifh
ifh2hdr talsrcimg -r0to255
ori=2

---------------------------------------------------------------------
gauss_4dfp talsrcimg 1.1
---------------------------------------------------------------------

freesurfer gauss_4dfp.c
Reading: talsrcimg.4dfp.img
Writing: talsrcimg_g11.4dfp.img
image dimensions 256 256 256 padded to 288 288 288
processing volume 1freesurfer ifh2hdr.c
Tue Mar 10 01:37:12 2026
Writing: talsrcimg_g11.4dfp.hdr

Writing: talsrcimg_g11.4dfp.ifh
including: talsrcimg.4dfp.img.rec in talsrcimg_g11.4dfp.img.rec

---------------------------------------------------------------------
imgreg_4dfp /opt/freesurfer/average/711-2C_as_mni_average_305 none talsrcimg_g11 none talsrcimg_to_711-2C_as_mni_average_305_t4 4355
---------------------------------------------------------------------

freesurfer imgreg_4dfp.c
/opt/freesurfer/average/711-2C_as_mni_average_305.4dfp.img
       256       256       256         1
  1.000000  1.000000  1.000000
orientation T byte_order littleendian
Reading image: /opt/freesurfer/average/711-2C_as_mni_average_305.4dfp.img
dimensions:      256       256       256
mmppix:       1.0000   -1.0000   -1.0000
center:     128.0000 -129.0000 -129.0000
talsrcimg_g11.4dfp.img
       256       256       256         1
  1.000000  1.000000  1.000000
orientation T byte_order littleendian
Reading image: talsrcimg_g11.4dfp.img
dimensions:      256       256       256
mmppix:       1.0000   -1.0000   -1.0000
center:     128.0000 -129.0000 -129.0000
t4_read: open error in t4_sub.f l:  41 t4_file(1:l)talsrcimg_to_711-2C_as_mni_average_305_t4 
t4_read: transform initialized to I4
rotation matrix determinant  1.000000
image alignment mode   4355 decimal     1103 hex
   -7.5000  -45.0000  -45.0000 7274.0542   20.3767
    0.0000  -45.0000  -45.0000 7597.8442   20.3984
    7.5000  -45.0000  -45.0000 7255.7026   20.3723
   -7.5000  -37.5000  -45.0000 7770.4155   20.3330
    0.0000  -37.5000  -45.0000 8157.6250   20.3549
    7.5000  -37.5000  -45.0000 7760.4077   20.3359
   -7.5000  -30.0000  -45.0000 8493.8789   20.3246
    0.0000  -30.0000  -45.0000 8917.8906   20.3538
    7.5000  -30.0000  -45.0000 8480.2959   20.3476
   -7.5000  -22.5000  -45.0000 9196.5566   20.3618
    0.0000  -22.5000  -45.0000 9670.7344   20.4014
    7.5000  -22.5000  -45.0000 9168.8066   20.4017
   -7.5000  -15.0000  -45.0000 9791.7949   20.4026
    0.0000  -15.0000  -45.000010271.5283   20.4447
    7.5000  -15.0000  -45.0000 9740.2412   20.4409
   -7.5000   -7.5000  -45.000010385.8740   20.4090
    0.0000   -7.5000  -45.000010915.1338   20.4404
    7.5000   -7.5000  -45.000010329.5449   20.4229
   -7.5000    0.0000  -45.000010918.5752   20.3765
    0.0000    0.0000  -45.000011471.5264   20.3982
    7.5000    0.0000  -45.000010878.4873   20.3721
   -7.5000    7.5000  -45.000010570.4199   20.3330
    0.0000    7.5000  -45.000011105.2441   20.3549
    7.5000    7.5000  -45.000010536.6885   20.3359
   -7.5000   15.0000  -45.000010150.6650   20.3246
    0.0000   15.0000  -45.000010620.2148   20.3538
    7.5000   15.0000  -45.000010081.8418   20.3476
   -7.5000   22.5000  -45.0000 9537.0273   20.3590
    0.0000   22.5000  -45.0000 9911.5098   20.3986
    7.5000   22.5000  -45.0000 9468.5879   20.3989
   -7.5000   30.0000  -45.0000 8743.7158   20.1307
    0.0000   30.0000  -45.0000 9074.4082   20.1722
    7.5000   30.0000  -45.0000 8681.8555   20.1685
   -7.5000   37.5000  -45.0000 8260.8926   20.1370
    0.0000   37.5000  -45.0000 8591.0205   20.1680
    7.5000   37.5000  -45.0000 8208.1885   20.1507
   -7.5000   45.0000  -45.0000 7528.5518   19.5945
    0.0000   45.0000  -45.0000 7814.9990   19.6153
    7.5000   45.0000  -45.0000 7479.3555   19.5902
   -7.5000  -45.0000  -37.5000 7821.3887   20.2098
    0.0000  -45.0000  -37.5000 8192.3604   20.2315
    7.5000  -45.0000  -37.5000 7816.1758   20.2105
   -7.5000  -37.5000  -37.5000 8357.7051   20.1911
    0.0000  -37.5000  -37.5000 8753.7598   20.2144
    7.5000  -37.5000  -37.5000 8351.1299   20.1947
   -7.5000  -30.0000  -37.5000 9148.4316   20.1850
    0.0000  -30.0000  -37.5000 9592.4648   20.2159
    7.5000  -30.0000  -37.5000 9127.5938   20.2074
   -7.5000  -22.5000  -37.5000 9864.4668   20.1953
    0.0000  -22.5000  -37.500010375.6934   20.2371
    7.5000  -22.5000  -37.5000 9843.3359   20.2404
   -7.5000  -15.0000  -37.500010470.9785   20.2102
    0.0000  -15.0000  -37.500011039.2627   20.2533
    7.5000  -15.0000  -37.500010441.8271   20.2582
   -7.5000   -7.5000  -37.500011091.6533   20.2184
    0.0000   -7.5000  -37.500011735.6621   20.2490
    7.5000   -7.5000  -37.500011057.3066   20.2408
   -7.5000    0.0000  -37.500011606.2998   20.2096
    0.0000    0.0000  -37.500012255.3496   20.2313
    7.5000    0.0000  -37.500011595.1523   20.2103
   -7.5000    7.5000  -37.500011223.2686   20.1911
    0.0000    7.5000  -37.500011766.5566   20.2144
    7.5000    7.5000  -37.500011190.8105   20.1947
   -7.5000   15.0000  -37.500010789.7920   20.1850
    0.0000   15.0000  -37.500011299.6797   20.2159
    7.5000   15.0000  -37.500010724.6680   20.2074
   -7.5000   22.5000  -37.500010165.5850   20.1925
    0.0000   22.5000  -37.500010627.4648   20.2343
    7.5000   22.5000  -37.500010105.2568   20.2376
   -7.5000   30.0000  -37.5000 9274.7529   19.9409
    0.0000   30.0000  -37.5000 9685.0889   19.9834
    7.5000   30.0000  -37.5000 9195.2451   19.9882
   -7.5000   37.5000  -37.5000 8712.4473   19.9489
    0.0000   37.5000  -37.5000 9076.3174   19.9791
    7.5000   37.5000  -37.5000 8652.2383   19.9711
   -7.5000   45.0000  -37.5000 7948.1680   19.4340
    0.0000   45.0000  -37.5000 8258.9746   19.4548
    7.5000   45.0000  -37.5000 7899.2588   19.4346
   -7.5000  -45.0000  -30.0000 8515.5137   20.9439
    0.0000  -45.0000  -30.0000 8930.6270   20.9498
    7.5000  -45.0000  -30.0000 8517.0537   20.9217
   -7.5000  -37.5000  -30.0000 9096.5928   20.9527
    0.0000  -37.5000  -30.0000 9542.7705   20.9617
    7.5000  -37.5000  -30.0000 9091.4160   20.9303
   -7.5000  -30.0000  -30.0000 9963.1221   20.9582
    0.0000  -30.0000  -30.000010466.7607   20.9738
    7.5000  -30.0000  -30.0000 9943.8223   20.9470
   -7.5000  -22.5000  -30.000010724.5156   20.9506
    0.0000  -22.5000  -30.000011290.9873   20.9750
    7.5000  -22.5000  -30.000010700.4326   20.9572
   -7.5000  -15.0000  -30.000011367.2588   20.9384
    0.0000  -15.0000  -30.000012006.8760   20.9616
    7.5000  -15.0000  -30.000011364.1055   20.9484
   -7.5000   -7.5000  -30.000011998.4326   20.9370
    0.0000   -7.5000  -30.000012685.5918   20.9484
    7.5000   -7.5000  -30.000011968.8086   20.9295
   -7.5000    0.0000  -30.000012539.8984   20.9436
    0.0000    0.0000  -30.000013227.5137   20.9496
    7.5000    0.0000  -30.000012499.7148   20.9215
   -7.5000    7.5000  -30.000012100.7197   20.9526
    0.0000    7.5000  -30.000012677.0176   20.9616
    7.5000    7.5000  -30.000012030.8711   20.9303
   -7.5000   15.0000  -30.000011632.6641   20.9582
    0.0000   15.0000  -30.000012173.1279   20.9738
    7.5000   15.0000  -30.000011516.4053   20.9470
   -7.5000   22.5000  -30.000010957.8008   20.9456
    0.0000   22.5000  -30.000011493.2207   20.9700
    7.5000   22.5000  -30.000010861.9912   20.9521
   -7.5000   30.0000  -30.0000 9967.6836   20.6614
    0.0000   30.0000  -30.000010414.2930   20.6842
    7.5000   30.0000  -30.0000 9871.3652   20.6712
   -7.5000   37.5000  -30.0000 9309.0889   20.6599
    0.0000   37.5000  -30.0000 9718.6738   20.6712
    7.5000   37.5000  -30.0000 9244.7031   20.6526
   -7.5000   45.0000  -30.0000 8453.8066   20.1546
    0.0000   45.0000  -30.0000 8813.3271   20.1604
    7.5000   45.0000  -30.0000 8426.0371   20.1333
   -7.5000  -45.0000  -22.5000 9279.0986   21.6787
    0.0000  -45.0000  -22.5000 9706.6895   21.6698
    7.5000  -45.0000  -22.5000 9256.4580   21.6300
   -7.5000  -37.5000  -22.5000 9862.9668   21.6935
    0.0000  -37.5000  -22.500010351.9023   21.6874
    7.5000  -37.5000  -22.5000 9845.2227   21.6445
   -7.5000  -30.0000  -22.500010788.8936   21.7073
    0.0000  -30.0000  -22.500011337.2637   21.7067
    7.5000  -30.0000  -22.500010749.4717   21.6635
   -7.5000  -22.5000  -22.500011601.3809   21.7040
    0.0000  -22.5000  -22.500012190.5713   21.7101
    7.5000  -22.5000  -22.500011547.3555   21.6689
   -7.5000  -15.0000  -22.500012301.1201   21.6876
    0.0000  -15.0000  -22.500012997.2734   21.6906
    7.5000  -15.0000  -22.500012244.8320   21.6525
   -7.5000   -7.5000  -22.500012980.5986   21.6756
    0.0000   -7.5000  -22.500013752.8848   21.6695
    7.5000   -7.5000  -22.500012923.6689   21.6326
   -7.5000    0.0000  -22.500013553.1787   21.6784
    0.0000    0.0000  -22.500014339.3613   21.6696
    7.5000    0.0000  -22.500013492.7715   21.6298
   -7.5000    7.5000  -22.500013047.7148   21.6935
    0.0000    7.5000  -22.500013735.3633   21.6874
    7.5000    7.5000  -22.500012958.4971   21.6444
   -7.5000   15.0000  -22.500012507.6924   21.7073
    0.0000   15.0000  -22.500013145.1846   21.7067
    7.5000   15.0000  -22.500012385.1416   21.6635
   -7.5000   22.5000  -22.500011782.6572   21.6973
    0.0000   22.5000  -22.500012372.4160   21.7034
    7.5000   22.5000  -22.500011662.5566   21.6622
   -7.5000   30.0000  -22.500010704.0615   21.4039
    0.0000   30.0000  -22.500011225.6504   21.4069
    7.5000   30.0000  -22.500010601.3896   21.3693
   -7.5000   37.5000  -22.5000 9956.6123   21.3921
    0.0000   37.5000  -22.500010423.8525   21.3861
    7.5000   37.5000  -22.5000 9897.0127   21.3496
   -7.5000   45.0000  -22.5000 9030.3428   20.8774
    0.0000   45.0000  -22.5000 9427.7607   20.8689
    7.5000   45.0000  -22.5000 9000.3076   20.8306
   -7.5000  -45.0000  -15.000010025.1445   22.2332
    0.0000  -45.0000  -15.000010477.7715   22.2240
    7.5000  -45.0000  -15.0000 9998.7217   22.1770
   -7.5000  -37.5000  -15.000010647.0977   22.2242
    0.0000  -37.5000  -15.000011150.8066   22.2181
    7.5000  -37.5000  -15.000010593.7744   22.1729
   -7.5000  -30.0000  -15.000011652.7900   22.2362
    0.0000  -30.0000  -15.000012207.9941   22.2375
    7.5000  -30.0000  -15.000011572.4365   22.1940
   -7.5000  -22.5000  -15.000012508.3506   22.2597
    0.0000  -22.5000  -15.000013129.6416   22.2670
    7.5000  -22.5000  -15.000012419.0674   22.2212
   -7.5000  -15.0000  -15.000013243.7764   22.2686
    0.0000  -15.0000  -15.000013968.7363   22.2718
    7.5000  -15.0000  -15.000013173.5020   22.2240
   -7.5000   -7.5000  -15.000013974.4756   22.2537
    0.0000   -7.5000  -15.000014804.3154   22.2479
    7.5000   -7.5000  -15.000013911.6318   22.2006
   -7.5000    0.0000  -15.000014627.5391   22.2330
    0.0000    0.0000  -15.000015507.9014   22.2238
    7.5000    0.0000  -15.000014532.4883   22.1768
   -7.5000    7.5000  -15.000014029.8564   22.2242
    0.0000    7.5000  -15.000014865.5713   22.2181
    7.5000    7.5000  -15.000013933.0000   22.1729
   -7.5000   15.0000  -15.000013334.1719   22.2362
    0.0000   15.0000  -15.000014095.7393   22.2375
    7.5000   15.0000  -15.000013225.9844   22.1940
   -7.5000   22.5000  -15.000012559.3906   22.2518
    0.0000   22.5000  -15.000013244.0596   22.2592
    7.5000   22.5000  -15.000012456.4473   22.2133
   -7.5000   30.0000  -15.000011427.9473   21.9804
    0.0000   30.0000  -15.000012041.0088   21.9836
    7.5000   30.0000  -15.000011339.2207   21.9363
   -7.5000   37.5000  -15.000010665.3174   21.9657
    0.0000   37.5000  -15.000011183.7617   21.9600
    7.5000   37.5000  -15.000010574.2549   21.9132
   -7.5000   45.0000  -15.0000 9649.4990   21.4244
    0.0000   45.0000  -15.000010084.4893   21.4156
    7.5000   45.0000  -15.0000 9591.8467   21.3702
   -7.5000  -45.0000   -7.500010809.0771   22.5092
    0.0000  -45.0000   -7.500011313.1094   22.5169
    7.5000  -45.0000   -7.500010770.1230   22.4753
   -7.5000  -37.5000   -7.500011489.5068   22.4708
    0.0000  -37.5000   -7.500012035.4287   22.4803
    7.5000  -37.5000   -7.500011421.2041   22.4464
   -7.5000  -30.0000   -7.500012558.8193   22.4725
    0.0000  -30.0000   -7.500013159.3613   22.4904
    7.5000  -30.0000   -7.500012492.9619   22.4660
   -7.5000  -22.5000   -7.500013475.3057   22.5172
    0.0000  -22.5000   -7.500014110.4141   22.5433
    7.5000  -22.5000   -7.500013396.4473   22.5193
   -7.5000  -15.0000   -7.500014240.7412   22.5547
    0.0000  -15.0000   -7.500015007.7158   22.5797
    7.5000  -15.0000   -7.500014191.2295   22.5495
   -7.5000   -7.5000   -7.500014998.0225   22.5482
    0.0000   -7.5000   -7.500015872.3574   22.5632
    7.5000   -7.5000   -7.500014965.9512   22.5248
   -7.5000    0.0000   -7.500015718.9033   22.5090
    0.0000    0.0000   -7.500016651.1406   22.5167
    7.5000    0.0000   -7.500015644.6074   22.4751
   -7.5000    7.5000   -7.500015092.6865   22.4707
    0.0000    7.5000   -7.500015997.9854   22.4803
    7.5000    7.5000   -7.500015028.5615   22.4464
   -7.5000   15.0000   -7.500014286.5039   22.4725
    0.0000   15.0000   -7.500015089.3457   22.4904
    7.5000   15.0000   -7.500014166.6846   22.4660
   -7.5000   22.5000   -7.500013420.3057   22.5068
    0.0000   22.5000   -7.500014156.7695   22.5329
    7.5000   22.5000   -7.500013272.4727   22.5089
   -7.5000   30.0000   -7.500012251.9639   22.2622
    0.0000   30.0000   -7.500012935.7773   22.2869
    7.5000   30.0000   -7.500012132.0850   22.2570
   -7.5000   37.5000   -7.500011433.8281   22.2558
    0.0000   37.5000   -7.500012030.6211   22.2706
    7.5000   37.5000   -7.500011355.4678   22.2327
   -7.5000   45.0000   -7.500010331.2090   21.6944
    0.0000   45.0000   -7.500010841.6484   21.7019
    7.5000   45.0000   -7.500010268.5127   21.6618
   -7.5000  -45.0000    0.000011486.4434   22.5434
    0.0000  -45.0000    0.000011999.4268   22.5689
    7.5000  -45.0000    0.000011452.4639   22.5406
   -7.5000  -37.5000    0.000012203.5020   22.4974
    0.0000  -37.5000    0.000012740.1006   22.5230
    7.5000  -37.5000    0.000012161.4521   22.5026
   -7.5000  -30.0000    0.000013393.4707   22.4881
    0.0000  -30.0000    0.000013985.9951   22.5218
    7.5000  -30.0000    0.000013345.8652   22.5163
   -7.5000  -22.5000    0.000014387.0342   22.5268
    0.0000  -22.5000    0.000015032.3271   22.5721
    7.5000  -22.5000    0.000014360.1504   22.5745
   -7.5000  -15.0000    0.000015135.4141   22.5698
    0.0000  -15.0000    0.000015872.2705   22.6180
    7.5000  -15.0000    0.000015136.2334   22.6158
   -7.5000   -7.5000    0.000015931.3633   22.5771
    0.0000   -7.5000    0.000016737.5430   22.6134
    7.5000   -7.5000    0.000015914.3594   22.5953
   -7.5000    0.0000    0.000016672.7637   22.5432
    0.0000    0.0000    0.000017573.5820   22.5687
    7.5000    0.0000    0.000016639.0078   22.5403
   -7.5000    7.5000    0.000016002.3262   22.4974
    0.0000    7.5000    0.000016883.9590   22.5230
    7.5000    7.5000    0.000015972.0889   22.5025
   -7.5000   15.0000    0.000015125.9150   22.4881
    0.0000   15.0000    0.000015920.6650   22.5218
    7.5000   15.0000    0.000015004.1074   22.5163
   -7.5000   22.5000    0.000014207.2168   22.5164
    0.0000   22.5000    0.000014937.6758   22.5617
    7.5000   22.5000    0.000014054.5645   22.5641
   -7.5000   30.0000    0.000013015.0488   22.2777
    0.0000   30.0000    0.000013708.3984   22.3253
    7.5000   30.0000    0.000012890.0645   22.3231
   -7.5000   37.5000    0.000012180.9707   22.2849
    0.0000   37.5000    0.000012824.5811   22.3208
    7.5000   37.5000    0.000012104.9482   22.3029
   -7.5000   45.0000    0.000011027.2568   21.7290
    0.0000   45.0000    0.000011572.7207   21.7536
    7.5000   45.0000    0.000010963.0137   21.7263
   -7.5000  -45.0000    7.500011292.7617   22.5130
    0.0000  -45.0000    7.500011758.8184   22.5371
    7.5000  -45.0000    7.500011280.0889   22.5138
   -7.5000  -37.5000    7.500011974.0547   22.4903
    0.0000  -37.5000    7.500012432.2891   22.5163
    7.5000  -37.5000    7.500011978.8906   22.4949
   -7.5000  -30.0000    7.500013142.0518   22.4831
    0.0000  -30.0000    7.500013653.2168   22.5176
    7.5000  -30.0000    7.500013158.6084   22.5085
   -7.5000  -22.5000    7.500014264.0938   22.4961
    0.0000  -22.5000    7.500014859.7930   22.5427
    7.5000  -22.5000    7.500014262.7900   22.5462
   -7.5000  -15.0000    7.500015013.1533   22.5146
    0.0000  -15.0000    7.500015668.6143   22.5627
    7.5000  -15.0000    7.500015013.7988   22.5675
   -7.5000   -7.5000    7.500015665.8701   22.5240
    0.0000   -7.5000    7.500016314.7070   22.5581
    7.5000   -7.5000    7.500015699.0312   22.5485
   -7.5000    0.0000    7.500016338.2207   22.5128
    0.0000    0.0000    7.500017067.3379   22.5368
    7.5000    0.0000    7.500016362.8916   22.5135
   -7.5000    7.5000    7.500015698.1055   22.4903
    0.0000    7.5000    7.500016393.8398   22.5163
    7.5000    7.5000    7.500015696.3008   22.4949
   -7.5000   15.0000    7.500014842.3545   22.4831
    0.0000   15.0000    7.500015518.0576   22.5176
    7.5000   15.0000    7.500014799.6807   22.5085
   -7.5000   22.5000    7.500013950.4609   22.4858
    0.0000   22.5000    7.500014605.0000   22.5323
    7.5000   22.5000    7.500013827.0703   22.5358
   -7.5000   30.0000    7.500012814.5537   22.2232
    0.0000   30.0000    7.500013424.7617   22.2707
    7.5000   30.0000    7.500012685.7773   22.2754
   -7.5000   37.5000    7.500012010.8486   22.2325
    0.0000   37.5000    7.500012608.8252   22.2661
    7.5000   37.5000    7.500011930.2656   22.2566
   -7.5000   45.0000    7.500010874.7217   21.6997
    0.0000   45.0000    7.500011413.1943   21.7229
    7.5000   45.0000    7.500010806.4521   21.7004
   -7.5000  -45.0000   15.000010894.7051   22.4901
    0.0000  -45.0000   15.000011358.9443   22.4965
    7.5000  -45.0000   15.000010915.2734   22.4662
   -7.5000  -37.5000   15.000011530.3623   22.4995
    0.0000  -37.5000   15.000011986.5205   22.5092
    7.5000  -37.5000   15.000011579.7148   22.4755
   -7.5000  -30.0000   15.000012646.9688   22.5054
    0.0000  -30.0000   15.000013112.1611   22.5222
    7.5000  -30.0000   15.000012695.4131   22.4934
   -7.5000  -22.5000   15.000013831.1279   22.4973
    0.0000  -22.5000   15.000014438.3018   22.5235
    7.5000  -22.5000   15.000013840.5732   22.5043
   -7.5000  -15.0000   15.000014735.3086   22.4842
    0.0000  -15.0000   15.000015339.2607   22.5091
    7.5000  -15.0000   15.000014705.6592   22.4949
   -7.5000   -7.5000   15.000015437.2285   22.4827
    0.0000   -7.5000   15.000015902.5146   22.4949
    7.5000   -7.5000   15.000015419.1631   22.4746
   -7.5000    0.0000   15.000016050.4248   22.4898
    0.0000    0.0000   15.000016532.2129   22.4962
    7.5000    0.0000   15.000016071.3008   22.4660
   -7.5000    7.5000   15.000015383.4922   22.4995
    0.0000    7.5000   15.000015932.5947   22.5091
    7.5000    7.5000   15.000015418.1416   22.4755
   -7.5000   15.0000   15.000014519.5762   22.5054
    0.0000   15.0000   15.000015123.7822   22.5222
    7.5000   15.0000   15.000014497.4121   22.4934
   -7.5000   22.5000   15.000013568.0107   22.4869
    0.0000   22.5000   15.000014181.9307   22.5131
    7.5000   22.5000   15.000013465.4512   22.4940
   -7.5000   30.0000   15.000012441.5400   22.1932
    0.0000   30.0000   15.000013014.0488   22.2178
    7.5000   30.0000   15.000012317.3193   22.2038
   -7.5000   37.5000   15.000011669.5283   22.1917
    0.0000   37.5000   15.000012176.9365   22.2038
    7.5000   37.5000   15.000011546.4766   22.1838
   -7.5000   45.0000   15.000010556.2051   21.6776
    0.0000   45.0000   15.000011032.1250   21.6838
    7.5000   45.0000   15.000010436.4072   21.6546
   -7.5000  -45.0000   22.500010421.5244   22.5042
    0.0000  -45.0000   22.500010844.0508   22.4950
    7.5000  -45.0000   22.500010438.1777   22.4537
   -7.5000  -37.5000   22.500011003.6133   22.5196
    0.0000  -37.5000   22.500011418.9658   22.5132
    7.5000  -37.5000   22.500011051.2061   22.4687
   -7.5000  -30.0000   22.500012033.7764   22.5339
    0.0000  -30.0000   22.500012512.9648   22.5333
    7.5000  -30.0000   22.500012092.1240   22.4885
   -7.5000  -22.5000   22.500013164.4580   22.5305
    0.0000  -22.5000   22.500013723.5615   22.5368
    7.5000  -22.5000   22.500013176.1826   22.4940
   -7.5000  -15.0000   22.500014026.1699   22.5134
    0.0000  -15.0000   22.500014603.5625   22.5166
    7.5000  -15.0000   22.500014062.7207   22.4771
   -7.5000   -7.5000   22.500014794.1396   22.5010
    0.0000   -7.5000   22.500015414.3799   22.4947
    7.5000   -7.5000   22.500014887.9258   22.4564
   -7.5000    0.0000   22.500015461.8184   22.5040
    0.0000    0.0000   22.500016160.4785   22.4947
    7.5000    0.0000   22.500015549.5713   22.4535
   -7.5000    7.5000   22.500014857.1123   22.5196
    0.0000    7.5000   22.500015546.5488   22.5132
    7.5000    7.5000   22.500014897.0996   22.4687
   -7.5000   15.0000   22.500013953.0166   22.5339
    0.0000   15.0000   22.500014593.5225   22.5333
    7.5000   15.0000   22.500013931.6807   22.4885
   -7.5000   22.5000   22.500012948.0088   22.5201
    0.0000   22.5000   22.500013502.6221   22.5264
    7.5000   22.5000   22.500012871.6670   22.4837
   -7.5000   30.0000   22.500011853.6016   22.2221
    0.0000   30.0000   22.500012326.0703   22.2252
    7.5000   30.0000   22.500011773.7500   22.1862
   -7.5000   37.5000   22.500011138.5742   22.2098
    0.0000   37.5000   22.500011496.4033   22.2036
    7.5000   37.5000   22.500011041.9316   22.1657
   -7.5000   45.0000   22.500010123.5635   21.6912
    0.0000   45.0000   22.500010497.4521   21.6823
    7.5000   45.0000   22.500010015.9971   21.6426
   -7.5000  -45.0000   30.0000 9820.6406   22.5383
    0.0000  -45.0000   30.000010297.3428   22.5290
    7.5000  -45.0000   30.0000 9835.8311   22.4813
   -7.5000  -37.5000   30.000010362.5938   22.5292
    0.0000  -37.5000   30.000010843.2695   22.5230
    7.5000  -37.5000   30.000010387.5664   22.4772
   -7.5000  -30.0000   30.000011369.9746   22.5414
    0.0000  -30.0000   30.000011898.3633   22.5427
    7.5000  -30.0000   30.000011401.7930   22.4986
   -7.5000  -22.5000   30.000012389.7607   22.5652
    0.0000  -22.5000   30.000012940.4150   22.5726
    7.5000  -22.5000   30.000012407.2422   22.5261
   -7.5000  -15.0000   30.000013136.6367   22.5742
    0.0000  -15.0000   30.000013647.4727   22.5775
    7.5000  -15.0000   30.000013167.9961   22.5289
   -7.5000   -7.5000   30.000013878.7998   22.5591
    0.0000   -7.5000   30.000014437.6445   22.5532
    7.5000   -7.5000   30.000013904.0986   22.5052
   -7.5000    0.0000   30.000014621.5996   22.5381
    0.0000    0.0000   30.000015267.7578   22.5288
    7.5000    0.0000   30.000014604.9346   22.4811
   -7.5000    7.5000   30.000014086.7285   22.5292
    0.0000    7.5000   30.000014752.5537   22.5230
    7.5000    7.5000   30.000014049.4102   22.4772
   -7.5000   15.0000   30.000013215.8994   22.5414
    0.0000   15.0000   30.000013841.8604   22.5427
    7.5000   15.0000   30.000013146.2656   22.4986
   -7.5000   22.5000   30.000012189.8887   22.5548
    0.0000   22.5000   30.000012721.4727   22.5622
    7.5000   22.5000   30.000012094.4385   22.5157
   -7.5000   30.0000   30.000011155.5293   22.2820
    0.0000   30.0000   30.000011614.5400   22.2853
    7.5000   30.0000   30.000011033.4785   22.2374
   -7.5000   37.5000   30.000010456.2246   22.2671
    0.0000   37.5000   30.000010806.0859   22.2613
    7.5000   37.5000   30.000010344.8633   22.2140
   -7.5000   45.0000   30.0000 9484.7949   21.7241
    0.0000   45.0000   30.0000 9808.8535   21.7152
    7.5000   45.0000   30.0000 9384.7568   21.6692
   -7.5000  -45.0000   37.5000 9575.7754   22.5683
    0.0000  -45.0000   37.500010078.4951   22.5760
    7.5000  -45.0000   37.5000 9589.7305   22.5342
   -7.5000  -37.5000   37.500010111.5586   22.5299
    0.0000  -37.5000   37.500010615.2217   22.5395
    7.5000  -37.5000   37.500010129.1182   22.5054
   -7.5000  -30.0000   37.500011082.7227   22.5317
    0.0000  -30.0000   37.500011642.1494   22.5496
    7.5000  -30.0000   37.500011099.8008   22.5251
   -7.5000  -22.5000   37.500011989.8730   22.5765
    0.0000  -22.5000   37.500012536.4609   22.6026
    7.5000  -22.5000   37.500011986.5039   22.5784
   -7.5000  -15.0000   37.500012683.0791   22.6141
    0.0000  -15.0000   37.500013206.1084   22.6389
    7.5000  -15.0000   37.500012667.9639   22.6085
   -7.5000   -7.5000   37.500013373.5352   22.6075
    0.0000   -7.5000   37.500013939.1406   22.6223
    7.5000   -7.5000   37.500013357.9531   22.5837
   -7.5000    0.0000   37.500014041.0303   22.5681
    0.0000    0.0000   37.500014615.4443   22.5758
    7.5000    0.0000   37.500014039.3438   22.5340
   -7.5000    7.5000   37.500013549.0342   22.5299
    0.0000    7.5000   37.500014107.2686   22.5395
    7.5000    7.5000   37.500013528.1885   22.5053
   -7.5000   15.0000   37.500012780.8291   22.5317
    0.0000   15.0000   37.500013338.6201   22.5496
    7.5000   15.0000   37.500012738.6660   22.5251
   -7.5000   22.5000   37.500011814.1406   22.5661
    0.0000   22.5000   37.500012291.0791   22.5922
    7.5000   22.5000   37.500011758.7275   22.5680
   -7.5000   30.0000   37.500010795.8232   22.3215
    0.0000   30.0000   37.500011214.6953   22.3459
    7.5000   30.0000   37.500010726.7598   22.3159
   -7.5000   37.5000   37.500010111.9492   22.3149
    0.0000   37.5000   37.500010493.4531   22.3295
    7.5000   37.5000   37.500010050.4307   22.2914
   -7.5000   45.0000   37.5000 9134.4199   21.7531
    0.0000   45.0000   37.5000 9492.3516   21.7605
    7.5000   45.0000   37.5000 9074.1631   21.7201
   -7.5000  -45.0000   45.0000 8876.2344   22.6073
    0.0000  -45.0000   45.0000 9348.7119   22.6337
    7.5000  -45.0000   45.0000 8903.7871   22.6056
   -7.5000  -37.5000   45.0000 9372.3936   22.5592
    0.0000  -37.5000   45.0000 9862.7529   22.5859
    7.5000  -37.5000   45.0000 9377.9561   22.5660
   -7.5000  -30.0000   45.000010236.9258   22.5509
    0.0000  -30.0000   45.000010788.2354   22.5855
    7.5000  -30.0000   45.000010236.1191   22.5807
   -7.5000  -22.5000   45.000010986.0635   22.5928
    0.0000  -22.5000   45.000011569.9082   22.6390
    7.5000  -22.5000   45.000011005.2256   22.6418
   -7.5000  -15.0000   45.000011611.9629   22.6381
    0.0000  -15.0000   45.000012171.9736   22.6871
    7.5000  -15.0000   45.000011641.0674   22.6848
   -7.5000   -7.5000   45.000012235.9004   22.6441
    0.0000   -7.5000   45.000012815.0342   22.6813
    7.5000   -7.5000   45.000012267.7031   22.6631
   -7.5000    0.0000   45.000012833.2607   22.6070
    0.0000    0.0000   45.000013404.4482   22.6335
    7.5000    0.0000   45.000012866.2412   22.6054
   -7.5000    7.5000   45.000012377.6396   22.5592
    0.0000    7.5000   45.000012898.3184   22.5858
    7.5000    7.5000   45.000012395.8135   22.5660
   -7.5000   15.0000   45.000011734.8730   22.5509
    0.0000   15.0000   45.000012225.5371   22.5855
    7.5000   15.0000   45.000011723.4160   22.5807
   -7.5000   22.5000   45.000010881.1826   22.5824
    0.0000   22.5000   45.000011326.3223   22.6285
    7.5000   22.5000   45.000010854.1611   22.6313
   -7.5000   30.0000   45.0000 9957.0518   22.3432
    0.0000   30.0000   45.000010330.2617   22.3915
    7.5000   30.0000   45.0000 9905.2998   22.3893
   -7.5000   37.5000   45.0000 9346.9043   22.3491
    0.0000   37.5000   45.0000 9693.6182   22.3858
    7.5000   37.5000   45.0000 9290.2822   22.3679
   -7.5000   45.0000   45.0000 8429.2266   21.8005
    0.0000   45.0000   45.0000 8708.3105   21.8260
    7.5000   45.0000   45.0000 8345.1670   21.7988

---------------------------------------------------------------------
imgreg_4dfp /opt/freesurfer/average/711-2C_as_mni_average_305 /opt/freesurfer/average/711-2B_as_mni_average_305_mask talsrcimg_g11 none talsrcimg_to_711-2C_as_mni_average_305_t4 4355
---------------------------------------------------------------------

freesurfer imgreg_4dfp.c
/opt/freesurfer/average/711-2C_as_mni_average_305.4dfp.img
       256       256       256         1
  1.000000  1.000000  1.000000
orientation T byte_order littleendian
Reading image: /opt/freesurfer/average/711-2C_as_mni_average_305.4dfp.img
dimensions:      256       256       256
mmppix:       1.0000   -1.0000   -1.0000
center:     128.0000 -129.0000 -129.0000
/opt/freesurfer/average/711-2B_as_mni_average_305_mask.4dfp.img
       256       256       256         1
  1.000000  1.000000  1.000000
orientation T byte_order littleendian
Reading mask: /opt/freesurfer/average/711-2B_as_mni_average_305_mask.4dfp.img (2306576 pixels)
talsrcimg_g11.4dfp.img
       256       256       256         1
  1.000000  1.000000  1.000000
orientation T byte_order littleendian
Reading image: talsrcimg_g11.4dfp.img
dimensions:      256       256       256
mmppix:       1.0000   -1.0000   -1.0000
center:     128.0000 -129.0000 -129.0000
rotation matrix determinant  1.000000
image alignment mode   4355 decimal     1103 hex
   -7.5000  -45.0000  -45.0000 1990.4846   24.6896
    0.0000  -45.0000  -45.0000 2001.8110   24.7068
    7.5000  -45.0000  -45.0000 1986.0461   24.9210
   -7.5000  -37.5000  -45.0000 2073.5452   22.9325
    0.0000  -37.5000  -45.0000 2092.8638   22.9575
    7.5000  -37.5000  -45.0000 2074.1270   23.0958
   -7.5000  -30.0000  -45.0000 2121.1255   21.6552
    0.0000  -30.0000  -45.0000 2138.9026   21.6467
    7.5000  -30.0000  -45.0000 2120.2803   21.8574
   -7.5000  -22.5000  -45.0000 2164.3682   20.7967
    0.0000  -22.5000  -45.0000 2184.7515   20.8179
    7.5000  -22.5000  -45.0000 2162.9055   21.0821
   -7.5000  -15.0000  -45.0000 2181.6855   20.4397
    0.0000  -15.0000  -45.0000 2197.2737   20.3529
    7.5000  -15.0000  -45.0000 2179.6519   20.6478
   -7.5000   -7.5000  -45.0000 2179.1355   20.4490
    0.0000   -7.5000  -45.0000 2198.2368   20.2992
    7.5000   -7.5000  -45.0000 2179.3306   20.6161
   -7.5000    0.0000  -45.0000 2171.2319   20.7939
    0.0000    0.0000  -45.0000 2194.6558   20.6814
    7.5000    0.0000  -45.0000 2167.5737   20.9650
   -7.5000    7.5000  -45.0000 2140.7168   21.4877
    0.0000    7.5000  -45.0000 2164.7185   21.3563
    7.5000    7.5000  -45.0000 2136.3232   21.6286
   -7.5000   15.0000  -45.0000 2095.3181   22.3742
    0.0000   15.0000  -45.0000 2116.1245   22.2550
    7.5000   15.0000  -45.0000 2088.6865   22.5490
   -7.5000   22.5000  -45.0000 2034.8450   23.7834
    0.0000   22.5000  -45.0000 2053.8645   23.6366
    7.5000   22.5000  -45.0000 2027.2267   24.0264
   -7.5000   30.0000  -45.0000 1949.1432   25.8283
    0.0000   30.0000  -45.0000 1968.9076   25.6379
    7.5000   30.0000  -45.0000 1945.4672   26.1751
   -7.5000   37.5000  -45.0000 1848.0479   28.6773
    0.0000   37.5000  -45.0000 1872.7672   28.4019
    7.5000   37.5000  -45.0000 1848.2539   28.9511
   -7.5000   45.0000  -45.0000 1737.0608   32.4717
    0.0000   45.0000  -45.0000 1755.8596   32.2623
    7.5000   45.0000  -45.0000 1739.1797   32.6374
   -7.5000  -45.0000  -37.5000 2083.1729   22.6553
    0.0000  -45.0000  -37.5000 2104.2449   22.7290
    7.5000  -45.0000  -37.5000 2086.8333   22.8990
   -7.5000  -37.5000  -37.5000 2176.2085   21.0462
    0.0000  -37.5000  -37.5000 2191.8582   21.1604
    7.5000  -37.5000  -37.5000 2177.0015   21.2824
   -7.5000  -30.0000  -37.5000 2231.5811   19.8391
    0.0000  -30.0000  -37.5000 2243.4839   19.9497
    7.5000  -30.0000  -37.5000 2225.9846   20.0587
   -7.5000  -22.5000  -37.5000 2268.3069   19.0757
    0.0000  -22.5000  -37.5000 2289.2166   19.1727
    7.5000  -22.5000  -37.5000 2264.7031   19.3636
   -7.5000  -15.0000  -37.5000 2283.9021   18.6458
    0.0000  -15.0000  -37.5000 2303.2585   18.7262
    7.5000  -15.0000  -37.5000 2279.9038   18.9465
   -7.5000   -7.5000  -37.5000 2280.1501   18.6801
    0.0000   -7.5000  -37.5000 2307.8804   18.6920
    7.5000   -7.5000  -37.5000 2278.5330   18.8940
   -7.5000    0.0000  -37.5000 2265.4070   18.9640
    0.0000    0.0000  -37.5000 2287.6035   18.9215
    7.5000    0.0000  -37.5000 2267.8616   19.1295
   -7.5000    7.5000  -37.5000 2243.3088   19.5590
    0.0000    7.5000  -37.5000 2264.1633   19.4920
    7.5000    7.5000  -37.5000 2242.8936   19.6888
   -7.5000   15.0000  -37.5000 2202.7029   20.4058
    0.0000   15.0000  -37.5000 2221.2173   20.3118
    7.5000   15.0000  -37.5000 2199.4729   20.5486
   -7.5000   22.5000  -37.5000 2140.9065   21.6745
    0.0000   22.5000  -37.5000 2155.2524   21.5623
    7.5000   22.5000  -37.5000 2136.5083   21.8618
   -7.5000   30.0000  -37.5000 2047.5261   23.4788
    0.0000   30.0000  -37.5000 2065.4099   23.3321
    7.5000   30.0000  -37.5000 2039.9424   23.7187
   -7.5000   37.5000  -37.5000 1938.8912   26.1257
    0.0000   37.5000  -37.5000 1954.6439   25.9151
    7.5000   37.5000  -37.5000 1934.8008   26.3027
   -7.5000   45.0000  -37.5000 1826.7484   29.5386
    0.0000   45.0000  -37.5000 1840.2460   29.3924
    7.5000   45.0000  -37.5000 1821.4651   29.6553
   -7.5000  -45.0000  -30.0000 2216.4543   21.6850
    0.0000  -45.0000  -30.0000 2235.5520   21.6676
    7.5000  -45.0000  -30.0000 2218.0103   21.8392
   -7.5000  -37.5000  -30.0000 2314.9436   20.0222
    0.0000  -37.5000  -30.0000 2336.0820   20.1304
    7.5000  -37.5000  -30.0000 2317.3225   20.2174
   -7.5000  -30.0000  -30.0000 2382.9104   18.8799
    0.0000  -30.0000  -30.0000 2397.7429   19.0772
    7.5000  -30.0000  -30.0000 2376.6047   19.0772
   -7.5000  -22.5000  -30.0000 2418.4705   18.1371
    0.0000  -22.5000  -30.0000 2437.7107   18.3034
    7.5000  -22.5000  -30.0000 2409.5457   18.3487
   -7.5000  -15.0000  -30.0000 2429.3159   17.6538
    0.0000  -15.0000  -30.0000 2454.1848   17.7964
    7.5000  -15.0000  -30.0000 2424.4922   17.9168
   -7.5000   -7.5000  -30.0000 2429.0740   17.6747
    0.0000   -7.5000  -30.0000 2455.2688   17.7126
    7.5000   -7.5000  -30.0000 2426.9719   17.8454
   -7.5000    0.0000  -30.0000 2415.7971   17.9468
    0.0000    0.0000  -30.0000 2435.9114   17.8945
    7.5000    0.0000  -30.0000 2415.0789   18.0421
   -7.5000    7.5000  -30.0000 2394.2988   18.5058
    0.0000    7.5000  -30.0000 2413.4595   18.4497
    7.5000    7.5000  -30.0000 2389.3696   18.5886
   -7.5000   15.0000  -30.0000 2350.4248   19.3539
    0.0000   15.0000  -30.0000 2372.4541   19.2947
    7.5000   15.0000  -30.0000 2344.0913   19.4403
   -7.5000   22.5000  -30.0000 2281.2322   20.5240
    0.0000   22.5000  -30.0000 2302.3872   20.4592
    7.5000   22.5000  -30.0000 2274.5281   20.6550
   -7.5000   30.0000  -30.0000 2185.9321   22.2066
    0.0000   30.0000  -30.0000 2201.4004   22.1099
    7.5000   30.0000  -30.0000 2174.5984   22.3832
   -7.5000   37.5000  -30.0000 2065.7183   24.6604
    0.0000   37.5000  -30.0000 2085.0596   24.4731
    7.5000   37.5000  -30.0000 2060.0559   24.7383
   -7.5000   45.0000  -30.0000 1941.9288   27.8159
    0.0000   45.0000  -30.0000 1962.9779   27.6563
    7.5000   45.0000  -30.0000 1937.1793   27.8815
   -7.5000  -45.0000  -22.5000 2325.4319   20.6423
    0.0000  -45.0000  -22.5000 2340.8691   20.6157
    7.5000  -45.0000  -22.5000 2319.1262   20.6845
   -7.5000  -37.5000  -22.5000 2425.0217   18.9704
    0.0000  -37.5000  -22.5000 2442.7981   18.9708
    7.5000  -37.5000  -22.5000 2420.5779   19.0481
   -7.5000  -30.0000  -22.5000 2494.6243   17.8134
    0.0000  -30.0000  -22.5000 2513.5188   17.8949
    7.5000  -30.0000  -22.5000 2482.5391   17.8948
   -7.5000  -22.5000  -22.5000 2535.8079   17.0431
    0.0000  -22.5000  -22.5000 2553.5708   17.1500
    7.5000  -22.5000  -22.5000 2521.0566   17.1567
   -7.5000  -15.0000  -22.5000 2558.5151   16.6249
    0.0000  -15.0000  -22.5000 2583.3508   16.7327
    7.5000  -15.0000  -22.5000 2547.5876   16.7291
   -7.5000   -7.5000  -22.5000 2566.9463   16.6251
    0.0000   -7.5000  -22.5000 2592.3525   16.6904
    7.5000   -7.5000  -22.5000 2557.6135   16.7339
   -7.5000    0.0000  -22.5000 2557.1135   16.8789
    0.0000    0.0000  -22.5000 2576.2837   16.8719
    7.5000    0.0000  -22.5000 2546.9709   16.9375
   -7.5000    7.5000  -22.5000 2531.2524   17.4513
    0.0000    7.5000  -22.5000 2551.9512   17.3667
    7.5000    7.5000  -22.5000 2521.0667   17.4645
   -7.5000   15.0000  -22.5000 2479.3857   18.2326
    0.0000   15.0000  -22.5000 2503.2241   18.2039
    7.5000   15.0000  -22.5000 2470.0652   18.2860
   -7.5000   22.5000  -22.5000 2405.9749   19.3745
    0.0000   22.5000  -22.5000 2427.2634   19.3281
    7.5000   22.5000  -22.5000 2394.1992   19.4622
   -7.5000   30.0000  -22.5000 2296.6233   21.0030
    0.0000   30.0000  -22.5000 2318.2922   20.8885
    7.5000   30.0000  -22.5000 2287.3840   21.0784
   -7.5000   37.5000  -22.5000 2164.5276   23.1705
    0.0000   37.5000  -22.5000 2185.1355   23.0500
    7.5000   37.5000  -22.5000 2160.7397   23.2235
   -7.5000   45.0000  -22.5000 2035.2799   26.1051
    0.0000   45.0000  -22.5000 2057.9360   25.9106
    7.5000   45.0000  -22.5000 2032.9830   26.1108
   -7.5000  -45.0000  -15.0000 2390.0469   19.6096
    0.0000  -45.0000  -15.0000 2407.4585   19.5473
    7.5000  -45.0000  -15.0000 2381.1277   19.6104
   -7.5000  -37.5000  -15.0000 2487.4795   17.9410
    0.0000  -37.5000  -15.0000 2510.5881   17.9004
    7.5000  -37.5000  -15.0000 2480.8906   17.9658
   -7.5000  -30.0000  -15.0000 2568.0752   16.7783
    0.0000  -30.0000  -15.0000 2589.3884   16.7281
    7.5000  -30.0000  -15.0000 2557.8760   16.7948
   -7.5000  -22.5000  -15.0000 2620.3035   15.9984
    0.0000  -22.5000  -15.0000 2640.7278   16.0167
    7.5000  -22.5000  -15.0000 2605.7246   16.0432
   -7.5000  -15.0000  -15.0000 2654.5720   15.5878
    0.0000  -15.0000  -15.0000 2683.6470   15.6361
    7.5000  -15.0000  -15.0000 2643.4873   15.6789
   -7.5000   -7.5000  -15.0000 2672.9580   15.6150
    0.0000   -7.5000  -15.0000 2701.3403   15.6684
    7.5000   -7.5000  -15.0000 2662.6094   15.6928
   -7.5000    0.0000  -15.0000 2667.8743   15.8536
    0.0000    0.0000  -15.0000 2695.1536   15.8757
    7.5000    0.0000  -15.0000 2654.5139   15.9241
   -7.5000    7.5000  -15.0000 2639.9851   16.3964
    0.0000    7.5000  -15.0000 2669.0166   16.3615
    7.5000    7.5000  -15.0000 2627.7109   16.4228
   -7.5000   15.0000  -15.0000 2575.2773   17.1483
    0.0000   15.0000  -15.0000 2609.4639   17.1120
    7.5000   15.0000  -15.0000 2569.1589   17.1878
   -7.5000   22.5000  -15.0000 2498.6943   18.3128
    0.0000   22.5000  -15.0000 2528.0352   18.2537
    7.5000   22.5000  -15.0000 2493.2017   18.3589
   -7.5000   30.0000  -15.0000 2380.4856   19.8952
    0.0000   30.0000  -15.0000 2403.7947   19.7979
    7.5000   30.0000  -15.0000 2376.1995   19.9370
   -7.5000   37.5000  -15.0000 2244.5144   21.9305
    0.0000   37.5000  -15.0000 2271.6755   21.8145
    7.5000   37.5000  -15.0000 2243.3333   21.9488
   -7.5000   45.0000  -15.0000 2104.4854   24.6179
    0.0000   45.0000  -15.0000 2128.4775   24.5157
    7.5000   45.0000  -15.0000 2101.4353   24.6391
   -7.5000  -45.0000   -7.5000 2427.7578   18.6638
    0.0000  -45.0000   -7.5000 2453.5986   18.5366
    7.5000  -45.0000   -7.5000 2427.0957   18.7147
   -7.5000  -37.5000   -7.5000 2536.5623   17.0591
    0.0000  -37.5000   -7.5000 2563.6016   16.9274
    7.5000  -37.5000   -7.5000 2531.1724   17.0711
   -7.5000  -30.0000   -7.5000 2625.1404   15.8474
    0.0000  -30.0000   -7.5000 2647.3787   15.7897
    7.5000  -30.0000   -7.5000 2618.8699   15.8958
   -7.5000  -22.5000   -7.5000 2691.4441   15.0392
    0.0000  -22.5000   -7.5000 2707.7485   15.0269
    7.5000  -22.5000   -7.5000 2680.7197   15.1271
   -7.5000  -15.0000   -7.5000 2736.0083   14.6386
    0.0000  -15.0000   -7.5000 2767.9495   14.6433
    7.5000  -15.0000   -7.5000 2727.9099   14.7523
   -7.5000   -7.5000   -7.5000 2760.6467   14.6138
    0.0000   -7.5000   -7.5000 2797.0159   14.6732
    7.5000   -7.5000   -7.5000 2754.6426   14.7190
   -7.5000    0.0000   -7.5000 2758.9897   14.9078
    0.0000    0.0000   -7.5000 2798.0996   14.9130
    7.5000    0.0000   -7.5000 2752.2014   14.9508
   -7.5000    7.5000   -7.5000 2728.3936   15.4279
    0.0000    7.5000   -7.5000 2765.1428   15.3766
    7.5000    7.5000   -7.5000 2725.7610   15.4294
   -7.5000   15.0000   -7.5000 2665.5349   16.1697
    0.0000   15.0000   -7.5000 2699.0144   16.0961
    7.5000   15.0000   -7.5000 2661.1750   16.1818
   -7.5000   22.5000   -7.5000 2578.8420   17.3001
    0.0000   22.5000   -7.5000 2605.2383   17.2259
    7.5000   22.5000   -7.5000 2571.8528   17.3172
   -7.5000   30.0000   -7.5000 2451.6938   18.8795
    0.0000   30.0000   -7.5000 2482.5061   18.8083
    7.5000   30.0000   -7.5000 2448.9927   18.9152
   -7.5000   37.5000   -7.5000 2314.2322   20.8642
    0.0000   37.5000   -7.5000 2344.2073   20.7937
    7.5000   37.5000   -7.5000 2311.4485   20.8929
   -7.5000   45.0000   -7.5000 2164.0496   23.4548
    0.0000   45.0000   -7.5000 2186.7429   23.2978
    7.5000   45.0000   -7.5000 2158.6880   23.4282
   -7.5000  -45.0000    0.0000 2449.5132   17.9287
    0.0000  -45.0000    0.0000 2471.1663   17.7315
    7.5000  -45.0000    0.0000 2448.7483   18.0363
   -7.5000  -37.5000    0.0000 2564.6052   16.3618
    0.0000  -37.5000    0.0000 2586.1895   16.1857
    7.5000  -37.5000    0.0000 2565.0432   16.4374
   -7.5000  -30.0000    0.0000 2663.8069   15.2053
    0.0000  -30.0000    0.0000 2689.4280   15.0739
    7.5000  -30.0000    0.0000 2664.7957   15.3001
   -7.5000  -22.5000    0.0000 2742.9082   14.3818
    0.0000  -22.5000    0.0000 2770.3162   14.3125
    7.5000  -22.5000    0.0000 2745.8523   14.5016
   -7.5000  -15.0000    0.0000 2787.1118   13.8934
    0.0000  -15.0000    0.0000 2825.8965   13.8302
    7.5000  -15.0000    0.0000 2789.7031   14.0377
   -7.5000   -7.5000    0.0000 2833.0488   13.7653
    0.0000   -7.5000    0.0000 2875.2576   13.7670
    7.5000   -7.5000    0.0000 2831.4238   13.9127
   -7.5000    0.0000    0.0000 2835.7695   14.1017
    0.0000    0.0000    0.0000 2882.6379   14.0573
    7.5000    0.0000    0.0000 2831.7144   14.1462
   -7.5000    7.5000    0.0000 2803.7925   14.6008
    0.0000    7.5000    0.0000 2838.6575   14.5337
    7.5000    7.5000    0.0000 2805.4717   14.6327
   -7.5000   15.0000    0.0000 2735.6899   15.3959
    0.0000   15.0000    0.0000 2766.1870   15.3014
    7.5000   15.0000    0.0000 2731.7837   15.4087
   -7.5000   22.5000    0.0000 2638.3740   16.5032
    0.0000   22.5000    0.0000 2669.9746   16.4201
    7.5000   22.5000    0.0000 2634.4138   16.5457
   -7.5000   30.0000    0.0000 2507.9380   18.0735
    0.0000   30.0000    0.0000 2543.2021   17.9956
    7.5000   30.0000    0.0000 2505.2461   18.1521
   -7.5000   37.5000    0.0000 2369.6675   20.0705
    0.0000   37.5000    0.0000 2398.0991   19.9772
    7.5000   37.5000    0.0000 2365.1033   20.1203
   -7.5000   45.0000    0.0000 2210.0684   22.5758
    0.0000   45.0000    0.0000 2230.4888   22.4015
    7.5000   45.0000    0.0000 2206.5400   22.5683
   -7.5000  -45.0000    7.5000 2463.2236   17.5239
    0.0000  -45.0000    7.5000 2479.8386   17.1973
    7.5000  -45.0000    7.5000 2462.5469   17.6161
   -7.5000  -37.5000    7.5000 2583.4529   15.9630
    0.0000  -37.5000    7.5000 2595.5081   15.6613
    7.5000  -37.5000    7.5000 2590.1257   16.0650
   -7.5000  -30.0000    7.5000 2688.6274   14.8233
    0.0000  -30.0000    7.5000 2706.1614   14.5417
    7.5000  -30.0000    7.5000 2699.5979   14.9105
   -7.5000  -22.5000    7.5000 2786.8735   14.0361
    0.0000  -22.5000    7.5000 2814.2615   13.8468
    7.5000  -22.5000    7.5000 2797.5134   14.1205
   -7.5000  -15.0000    7.5000 2847.3030   13.4638
    0.0000  -15.0000    7.5000 2895.9006   13.2834
    7.5000  -15.0000    7.5000 2853.2554   13.5691
   -7.5000   -7.5000    7.5000 2893.5886   13.2302
    0.0000   -7.5000    7.5000 2948.4009   13.0732
    7.5000   -7.5000    7.5000 2897.1719   13.3464
   -7.5000    0.0000    7.5000 2893.6865   13.5510
    0.0000    0.0000    7.5000 2943.8188   13.3425
    7.5000    0.0000    7.5000 2896.4324   13.5816
   -7.5000    7.5000    7.5000 2854.5330   14.1240
    0.0000    7.5000    7.5000 2889.8105   13.9316
    7.5000    7.5000    7.5000 2857.9519   14.1291
   -7.5000   15.0000    7.5000 2782.6641   14.9144
    0.0000   15.0000    7.5000 2818.6760   14.7326
    7.5000   15.0000    7.5000 2786.2600   14.9293
   -7.5000   22.5000    7.5000 2678.8999   16.0196
    0.0000   22.5000    7.5000 2718.1160   15.8485
    7.5000   22.5000    7.5000 2678.7026   16.0546
   -7.5000   30.0000    7.5000 2545.9211   17.6099
    0.0000   30.0000    7.5000 2577.4473   17.4566
    7.5000   30.0000    7.5000 2545.6128   17.6497
   -7.5000   37.5000    7.5000 2403.7002   19.6265
    0.0000   37.5000    7.5000 2432.1948   19.4441
    7.5000   37.5000    7.5000 2403.2705   19.6146
   -7.5000   45.0000    7.5000 2235.2661   22.1059
    0.0000   45.0000    7.5000 2258.8574   21.9060
    7.5000   45.0000    7.5000 2236.2803   22.0771
   -7.5000  -45.0000   15.0000 2453.4399   17.3294
    0.0000  -45.0000   15.0000 2467.7671   16.9378
    7.5000  -45.0000   15.0000 2459.2573   17.4016
   -7.5000  -37.5000   15.0000 2576.9475   15.7888
    0.0000  -37.5000   15.0000 2590.9146   15.4252
    7.5000  -37.5000   15.0000 2586.8025   15.8713
   -7.5000  -30.0000   15.0000 2688.9324   14.6311
    0.0000  -30.0000   15.0000 2705.6851   14.3068
    7.5000  -30.0000   15.0000 2696.7642   14.7122
   -7.5000  -22.5000   15.0000 2794.3945   13.8527
    0.0000  -22.5000   15.0000 2826.5068   13.5671
    7.5000  -22.5000   15.0000 2805.4641   13.9050
   -7.5000  -15.0000   15.0000 2873.2493   13.3125
    0.0000  -15.0000   15.0000 2926.0464   13.0575
    7.5000  -15.0000   15.0000 2878.7656   13.3553
   -7.5000   -7.5000   15.0000 2934.0781   13.0744
    0.0000   -7.5000   15.0000 2987.9553   12.7697
    7.5000   -7.5000   15.0000 2935.8027   13.1290
   -7.5000    0.0000   15.0000 2925.7795   13.3370
    0.0000    0.0000   15.0000 2985.1167   13.0390
    7.5000    0.0000   15.0000 2931.5593   13.3733
   -7.5000    7.5000   15.0000 2873.9951   13.9161
    0.0000    7.5000   15.0000 2924.4490   13.6480
    7.5000    7.5000   15.0000 2881.7722   13.9215
   -7.5000   15.0000   15.0000 2794.3506   14.7184
    0.0000   15.0000   15.0000 2834.8831   14.5329
    7.5000   15.0000   15.0000 2797.6384   14.6865
   -7.5000   22.5000   15.0000 2690.7349   15.8404
    0.0000   22.5000   15.0000 2724.1484   15.7115
    7.5000   22.5000   15.0000 2691.2607   15.8147
   -7.5000   30.0000   15.0000 2560.0610   17.3859
    0.0000   30.0000   15.0000 2592.0779   17.2929
    7.5000   30.0000   15.0000 2560.5884   17.3885
   -7.5000   37.5000   15.0000 2413.2131   19.3363
    0.0000   37.5000   15.0000 2439.2998   19.2408
    7.5000   37.5000   15.0000 2413.4309   19.3407
   -7.5000   45.0000   15.0000 2243.2932   21.8057
    0.0000   45.0000   15.0000 2268.0134   21.7038
    7.5000   45.0000   15.0000 2243.6592   21.7856
   -7.5000  -45.0000   22.5000 2433.2754   17.4074
    0.0000  -45.0000   22.5000 2456.9810   16.9867
    7.5000  -45.0000   22.5000 2440.9695   17.4711
   -7.5000  -37.5000   22.5000 2556.2302   15.8894
    0.0000  -37.5000   22.5000 2577.2361   15.4326
    7.5000  -37.5000   22.5000 2565.7009   15.9163
   -7.5000  -30.0000   22.5000 2667.5344   14.7070
    0.0000  -30.0000   22.5000 2693.2468   14.2903
    7.5000  -30.0000   22.5000 2674.4626   14.7402
   -7.5000  -22.5000   22.5000 2779.7185   13.9081
    0.0000  -22.5000   22.5000 2806.8264   13.5538
    7.5000  -22.5000   22.5000 2785.5078   13.9596
   -7.5000  -15.0000   22.5000 2858.1902   13.4286
    0.0000  -15.0000   22.5000 2907.6726   13.1682
    7.5000  -15.0000   22.5000 2863.2725   13.4978
   -7.5000   -7.5000   22.5000 2930.2800   13.2266
    0.0000   -7.5000   22.5000 2987.0127   12.9688
    7.5000   -7.5000   22.5000 2931.2842   13.3097
   -7.5000    0.0000   22.5000 2916.1982   13.4195
    0.0000    0.0000   22.5000 2981.2661   13.2249
    7.5000    0.0000   22.5000 2923.5388   13.4856
   -7.5000    7.5000   22.5000 2866.6973   13.9256
    0.0000    7.5000   22.5000 2924.2285   13.8154
    7.5000    7.5000   22.5000 2872.3967   13.9456
   -7.5000   15.0000   22.5000 2782.7075   14.7625
    0.0000   15.0000   22.5000 2823.4241   14.6469
    7.5000   15.0000   22.5000 2786.1035   14.7397
   -7.5000   22.5000   22.5000 2676.2009   15.8990
    0.0000   22.5000   22.5000 2705.1462   15.7897
    7.5000   22.5000   22.5000 2677.7842   15.8720
   -7.5000   30.0000   22.5000 2552.0344   17.4325
    0.0000   30.0000   22.5000 2576.7568   17.3139
    7.5000   30.0000   22.5000 2552.6553   17.4417
   -7.5000   37.5000   22.5000 2406.8799   19.3565
    0.0000   37.5000   22.5000 2425.0181   19.2117
    7.5000   37.5000   22.5000 2403.5881   19.3642
   -7.5000   45.0000   22.5000 2238.6169   21.7543
    0.0000   45.0000   22.5000 2262.3167   21.6194
    7.5000   45.0000   22.5000 2236.7200   21.7914
   -7.5000  -45.0000   30.0000 2402.9807   17.7888
    0.0000  -45.0000   30.0000 2431.9429   17.4340
    7.5000  -45.0000   30.0000 2412.6775   17.8317
   -7.5000  -37.5000   30.0000 2519.2024   16.2534
    0.0000  -37.5000   30.0000 2548.2339   15.8730
    7.5000  -37.5000   30.0000 2526.6218   16.2707
   -7.5000  -30.0000   30.0000 2629.9551   15.0712
    0.0000  -30.0000   30.0000 2659.7273   14.7489
    7.5000  -30.0000   30.0000 2636.1938   15.1323
   -7.5000  -22.5000   30.0000 2733.9971   14.3372
    0.0000  -22.5000   30.0000 2764.1792   14.0381
    7.5000  -22.5000   30.0000 2742.0220   14.3886
   -7.5000  -15.0000   30.0000 2811.8826   13.7901
    0.0000  -15.0000   30.0000 2851.5442   13.5140
    7.5000  -15.0000   30.0000 2818.0862   13.8734
   -7.5000   -7.5000   30.0000 2878.1941   13.5651
    0.0000   -7.5000   30.0000 2921.4214   13.3314
    7.5000   -7.5000   30.0000 2882.9351   13.6633
   -7.5000    0.0000   30.0000 2873.7996   13.8274
    0.0000    0.0000   30.0000 2917.1494   13.6881
    7.5000    0.0000   30.0000 2879.3376   13.8970
   -7.5000    7.5000   30.0000 2823.2017   14.3713
    0.0000    7.5000   30.0000 2871.5791   14.2501
    7.5000    7.5000   30.0000 2829.4104   14.3888
   -7.5000   15.0000   30.0000 2740.8955   15.2140
    0.0000   15.0000   30.0000 2782.9473   15.1363
    7.5000   15.0000   30.0000 2739.7473   15.2044
   -7.5000   22.5000   30.0000 2632.0964   16.3515
    0.0000   22.5000   30.0000 2661.8420   16.2830
    7.5000   22.5000   30.0000 2632.6228   16.3368
   -7.5000   30.0000   30.0000 2516.5652   17.8030
    0.0000   30.0000   30.0000 2539.0635   17.7350
    7.5000   30.0000   30.0000 2512.8630   17.7882
   -7.5000   37.5000   30.0000 2372.6895   19.6223
    0.0000   37.5000   30.0000 2390.5315   19.5123
    7.5000   37.5000   30.0000 2370.4895   19.6231
   -7.5000   45.0000   30.0000 2206.1780   21.9052
    0.0000   45.0000   30.0000 2229.7769   21.7854
    7.5000   45.0000   30.0000 2208.3743   21.8869
   -7.5000  -45.0000   37.5000 2370.7649   18.5588
    0.0000  -45.0000   37.5000 2402.8374   18.3158
    7.5000  -45.0000   37.5000 2374.3706   18.5725
   -7.5000  -37.5000   37.5000 2480.3804   16.9752
    0.0000  -37.5000   37.5000 2510.7888   16.7457
    7.5000  -37.5000   37.5000 2481.3582   17.0359
   -7.5000  -30.0000   37.5000 2584.4902   15.8113
    0.0000  -30.0000   37.5000 2620.8086   15.5831
    7.5000  -30.0000   37.5000 2588.8574   15.8790
   -7.5000  -22.5000   37.5000 2682.9172   14.9871
    0.0000  -22.5000   37.5000 2719.7407   14.7471
    7.5000  -22.5000   37.5000 2688.7966   15.0388
   -7.5000  -15.0000   37.5000 2757.4084   14.3683
    0.0000  -15.0000   37.5000 2790.5337   14.1122
    7.5000  -15.0000   37.5000 2757.0444   14.4508
   -7.5000   -7.5000   37.5000 2811.4104   14.1809
    0.0000   -7.5000   37.5000 2843.7107   14.0043
    7.5000   -7.5000   37.5000 2814.4775   14.2563
   -7.5000    0.0000   37.5000 2798.3127   14.4577
    0.0000    0.0000   37.5000 2830.3020   14.3010
    7.5000    0.0000   37.5000 2807.9028   14.4705
   -7.5000    7.5000   37.5000 2748.0112   15.0039
    0.0000    7.5000   37.5000 2787.2236   14.8460
    7.5000    7.5000   37.5000 2757.6707   15.0095
   -7.5000   15.0000   37.5000 2676.1514   15.8154
    0.0000   15.0000   37.5000 2717.3328   15.7072
    7.5000   15.0000   37.5000 2677.4385   15.8290
   -7.5000   22.5000   37.5000 2576.1094   16.9865
    0.0000   22.5000   37.5000 2609.6621   16.8897
    7.5000   22.5000   37.5000 2579.7986   16.9767
   -7.5000   30.0000   37.5000 2462.3708   18.4259
    0.0000   30.0000   37.5000 2485.9346   18.3505
    7.5000   30.0000   37.5000 2464.3950   18.4610
   -7.5000   37.5000   37.5000 2317.8477   20.1988
    0.0000   37.5000   37.5000 2340.8376   20.1132
    7.5000   37.5000   37.5000 2320.9431   20.2296
   -7.5000   45.0000   37.5000 2160.6992   22.4121
    0.0000   45.0000   37.5000 2187.5786   22.2770
    7.5000   45.0000   37.5000 2163.9268   22.3794
   -7.5000  -45.0000   45.0000 2321.7102   19.5977
    0.0000  -45.0000   45.0000 2353.2126   19.4218
    7.5000  -45.0000   45.0000 2328.2256   19.6097
   -7.5000  -37.5000   45.0000 2432.4258   17.9500
    0.0000  -37.5000   45.0000 2462.1421   17.7562
    7.5000  -37.5000   45.0000 2432.7571   17.9459
   -7.5000  -30.0000   45.0000 2532.6873   16.7322
    0.0000  -30.0000   45.0000 2574.7219   16.5491
    7.5000  -30.0000   45.0000 2536.4592   16.7521
   -7.5000  -22.5000   45.0000 2621.5110   15.8063
    0.0000  -22.5000   45.0000 2669.0872   15.6186
    7.5000  -22.5000   45.0000 2626.9790   15.8755
   -7.5000  -15.0000   45.0000 2685.4106   15.1805
    0.0000  -15.0000   45.0000 2725.4102   15.0057
    7.5000  -15.0000   45.0000 2690.2178   15.2878
   -7.5000   -7.5000   45.0000 2723.6611   14.9905
    0.0000   -7.5000   45.0000 2755.9316   14.8658
    7.5000   -7.5000   45.0000 2728.5408   15.0647
   -7.5000    0.0000   45.0000 2709.5613   15.1868
    0.0000    0.0000   45.0000 2743.4966   15.0371
    7.5000    0.0000   45.0000 2719.5168   15.2122
   -7.5000    7.5000   45.0000 2658.3652   15.7724
    0.0000    7.5000   45.0000 2693.1169   15.6180
    7.5000    7.5000   45.0000 2668.1104   15.7812
   -7.5000   15.0000   45.0000 2592.8235   16.6466
    0.0000   15.0000   45.0000 2630.7385   16.4971
    7.5000   15.0000   45.0000 2593.6196   16.6362
   -7.5000   22.5000   45.0000 2502.8855   17.7775
    0.0000   22.5000   45.0000 2536.6934   17.6693
    7.5000   22.5000   45.0000 2508.7085   17.8207
   -7.5000   30.0000   45.0000 2397.4534   19.2042
    0.0000   30.0000   45.0000 2419.0647   19.1115
    7.5000   30.0000   45.0000 2400.1848   19.2491
   -7.5000   37.5000   45.0000 2258.5806   21.0525
    0.0000   37.5000   45.0000 2281.8589   20.9370
    7.5000   37.5000   45.0000 2262.6379   21.0418
   -7.5000   45.0000   45.0000 2107.2983   23.2659
    0.0000   45.0000   45.0000 2126.1140   23.1111
    7.5000   45.0000   45.0000 2106.3962   23.2431

---------------------------------------------------------------------
imgreg_4dfp /opt/freesurfer/average/711-2C_as_mni_average_305 /opt/freesurfer/average/711-2B_as_mni_average_305_mask talsrcimg_g11 none talsrcimg_to_711-2C_as_mni_average_305_t4 1283
---------------------------------------------------------------------

freesurfer imgreg_4dfp.c
/opt/freesurfer/average/711-2C_as_mni_average_305.4dfp.img
       256       256       256         1
  1.000000  1.000000  1.000000
orientation T byte_order littleendian
Reading image: /opt/freesurfer/average/711-2C_as_mni_average_305.4dfp.img
dimensions:      256       256       256
mmppix:       1.0000   -1.0000   -1.0000
center:     128.0000 -129.0000 -129.0000
/opt/freesurfer/average/711-2B_as_mni_average_305_mask.4dfp.img
       256       256       256         1
  1.000000  1.000000  1.000000
orientation T byte_order littleendian
Reading mask: /opt/freesurfer/average/711-2B_as_mni_average_305_mask.4dfp.img (2306576 pixels)
talsrcimg_g11.4dfp.img
       256       256       256         1
  1.000000  1.000000  1.000000
orientation T byte_order littleendian
Reading image: talsrcimg_g11.4dfp.img
dimensions:      256       256       256
mmppix:       1.0000   -1.0000   -1.0000
center:     128.0000 -129.0000 -129.0000
rotation matrix determinant  1.000000
fimgreg.f
image alignment mode   1283 decimal      503 hex
parameters
    0.0000   -7.5000   15.0000    0.0000    0.0000    0.0000
eta,q 0.93849 12.75165
niter,ni,del,rscale     5    3   12.0000    1.2000
parameter  3 -0.831220 -> -0.500000 qaram    1.1500
parameter  4  1.074660 ->  0.500000 qaram    1.1500
parameters
    0.4259   -5.3451   18.4500   -3.4500    0.2874    0.3422
eta,q 0.94607 12.92314
  0.0738  0.0760  0.0677  0.0525  0.0607  0.0573
  0.0674  0.0681  0.0645  0.0533  0.0568  0.0552
  0.0626  0.0623  0.0618  0.0550  0.0549  0.0542
  0.0602  0.0593  0.0594  0.0551  0.0538  0.0539
  0.0601  0.0593  0.0566  0.0578  0.0541  0.0538
  0.0636  0.0603  0.0555  0.0610  0.0557  0.0545
  0.0716  0.0616  0.0574  0.0643  0.0598  0.0567
niter,ni,del,rscale     6    3   12.0000    1.2000
parameter  4  0.547658 ->  0.500000 qaram    1.3225
parameters
    0.4624   -2.8032   17.3031   -7.4175    0.1505   -0.3747
eta,q 0.94753 12.84753
  0.0663  0.0664  0.0610  0.0532  0.0592  0.0544
  0.0596  0.0607  0.0579  0.0525  0.0555  0.0526
  0.0559  0.0559  0.0542  0.0527  0.0537  0.0525
  0.0539  0.0539  0.0534  0.0531  0.0525  0.0525
  0.0537  0.0535  0.0572  0.0562  0.0534  0.0525
  0.0582  0.0531  0.0622  0.0604  0.0562  0.0534
  0.0675  0.0547  0.0678  0.0640  0.0598  0.0561
niter,ni,del,rscale     6    3   12.0000    1.2000
parameters
    0.4417   -1.8431   16.9270   -7.6472    0.2563   -0.3523
eta,q 0.94715 12.85615
  0.0647  0.0653  0.0620  0.0610  0.0592  0.0555
  0.0595  0.0570  0.0579  0.0540  0.0560  0.0535
  0.0559  0.0528  0.0542  0.0525  0.0543  0.0530
  0.0525  0.0525  0.0530  0.0529  0.0529  0.0529
  0.0525  0.0533  0.0550  0.0534  0.0535  0.0530
  0.0579  0.0546  0.0589  0.0551  0.0559  0.0536
  0.0672  0.0575  0.0645  0.0616  0.0589  0.0554
niter,ni,del,rscale     5    3   12.0000    1.2000
parameters
    0.3922   -1.6809   16.9520   -7.7843    0.3297   -0.4151
eta,q 0.94699 12.85995
  0.0642  0.0612  0.0627  0.0610  0.0591  0.0554
  0.0595  0.0545  0.0590  0.0540  0.0560  0.0534
  0.0562  0.0523  0.0547  0.0526  0.0543  0.0531
  0.0529  0.0529  0.0530  0.0530  0.0530  0.0530
  0.0526  0.0535  0.0547  0.0533  0.0536  0.0531
  0.0578  0.0558  0.0579  0.0547  0.0559  0.0536
  0.0672  0.0587  0.0631  0.0612  0.0589  0.0554
niter,ni,del,rscale     4    3   12.0000    1.2000
parameters
    0.3645   -1.6003   17.0126   -7.8170    0.3794   -0.4184
eta,q 0.94690 12.86400
  0.0643  0.0609  0.0628  0.0611  0.0590  0.0554
  0.0596  0.0544  0.0591  0.0541  0.0560  0.0535
  0.0563  0.0524  0.0548  0.0526  0.0544  0.0532
  0.0530  0.0530  0.0531  0.0531  0.0531  0.0531
  0.0526  0.0537  0.0549  0.0533  0.0537  0.0531
  0.0577  0.0560  0.0579  0.0545  0.0560  0.0536
  0.0671  0.0588  0.0630  0.0609  0.0589  0.0554
niter,ni,del,rscale     3    3   12.0000    1.2000
parameters
    0.3475   -1.5719   17.0386   -7.8241    0.4039   -0.4331
eta,q 0.94686 12.86499
  0.0643  0.0607  0.0627  0.0611  0.0589  0.0554
  0.0596  0.0543  0.0590  0.0541  0.0560  0.0535
  0.0564  0.0524  0.0547  0.0527  0.0544  0.0532
  0.0531  0.0531  0.0531  0.0531  0.0531  0.0531
  0.0526  0.0538  0.0550  0.0533  0.0538  0.0532
  0.0577  0.0561  0.0579  0.0545  0.0560  0.0536
  0.0671  0.0589  0.0631  0.0607  0.0589  0.0554
registration optimization eta report
parameter search radius
    6.0000    6.0000    6.9000    7.9350    6.0000    6.0000
100000*second partial in parameter space
       35.       20.       20.       13.       16.        7.
  0.0643  0.0607  0.0627  0.0611  0.0589  0.0554
  0.0596  0.0543  0.0590  0.0541  0.0560  0.0535
  0.0564  0.0524  0.0547  0.0527  0.0544  0.0532
  0.0531  0.0531  0.0531  0.0531  0.0531  0.0531
  0.0526  0.0538  0.0550  0.0533  0.0538  0.0532
  0.0577  0.0561  0.0579  0.0545  0.0560  0.0536
  0.0671  0.0589  0.0631  0.0607  0.0589  0.0554
    0.3475   -1.5719   17.0386   -7.8241    0.4039   -0.4331
eta,q 0.94686 12.86499

---------------------------------------------------------------------
imgreg_4dfp /opt/freesurfer/average/711-2C_as_mni_average_305 /opt/freesurfer/average/711-2B_as_mni_average_305_mask talsrcimg_g11 none talsrcimg_to_711-2C_as_mni_average_305_t4 3335
---------------------------------------------------------------------

freesurfer imgreg_4dfp.c
/opt/freesurfer/average/711-2C_as_mni_average_305.4dfp.img
       256       256       256         1
  1.000000  1.000000  1.000000
orientation T byte_order littleendian
Reading image: /opt/freesurfer/average/711-2C_as_mni_average_305.4dfp.img
dimensions:      256       256       256
mmppix:       1.0000   -1.0000   -1.0000
center:     128.0000 -129.0000 -129.0000
/opt/freesurfer/average/711-2B_as_mni_average_305_mask.4dfp.img
       256       256       256         1
  1.000000  1.000000  1.000000
orientation T byte_order littleendian
Reading mask: /opt/freesurfer/average/711-2B_as_mni_average_305_mask.4dfp.img (2306576 pixels)
talsrcimg_g11.4dfp.img
       256       256       256         1
  1.000000  1.000000  1.000000
orientation T byte_order littleendian
Reading image: talsrcimg_g11.4dfp.img
dimensions:      256       256       256
mmppix:       1.0000   -1.0000   -1.0000
center:     128.0000 -129.0000 -129.0000
fimgreg.f
image alignment mode   3335 decimal      D07 hex
parameters
    0.3475   -1.5719   17.0386   -0.0053   -0.9345   -0.9334
    0.8448   -0.5955   -0.7559   13.6181    0.7050  -13.6128
eta,q 0.95079 12.85175
niter,ni,del,rscale     5    3    5.0000    1.2000
parameter  4  2.159707 ->  0.500000 qaram    1.1500
parameter  5  3.114014 ->  0.500000 qaram    1.1500
parameter  6  0.741719 ->  0.500000 qaram    1.1500
parameters
    0.0182   -0.6167   17.0988   -4.1453   -5.0745   -5.0734
   -0.6871   -0.1386   -2.4360   15.1442   -1.3890  -13.4329
eta,q 0.96431 12.62642
  0.0511  0.0519  0.0506  0.0400  0.0357  0.0366  0.0381  0.0429  0.0373  0.0408  0.0364  0.0370
  0.0498  0.0506  0.0497  0.0418  0.0380  0.0364  0.0369  0.0398  0.0364  0.0387  0.0359  0.0362
  0.0492  0.0497  0.0491  0.0448  0.0401  0.0368  0.0363  0.0374  0.0361  0.0371  0.0357  0.0358
  0.0492  0.0491  0.0489  0.0489  0.0425  0.0386  0.0364  0.0362  0.0362  0.0360  0.0358  0.0357
  0.0497  0.0489  0.0491  0.0533  0.0452  0.0418  0.0371  0.0367  0.0368  0.0358  0.0362  0.0358
  0.0507  0.0490  0.0496  0.0580  0.0484  0.0459  0.0386  0.0386  0.0377  0.0366  0.0371  0.0362
  0.0525  0.0494  0.0505  0.0631  0.0519  0.0500  0.0408  0.0415  0.0392  0.0381  0.0382  0.0368
niter,ni,del,rscale     7    3    5.0000    1.2000
parameter  4  0.592172 ->  0.500000 qaram    1.3225
parameter  5  6.393198 ->  0.500000 qaram    1.3225
parameters
    0.0423   -1.2900   16.3476   -8.9063   -9.8355   -6.1158
    0.0208    0.4672   -1.9490   15.4806   -0.6474  -16.8925
eta,q 0.97190 12.41596
  0.0402  0.0365  0.0363  0.0345  0.0264  0.0320  0.0326  0.0352  0.0316  0.0334  0.0299  0.0287
  0.0378  0.0358  0.0356  0.0338  0.0279  0.0305  0.0308  0.0322  0.0301  0.0312  0.0293  0.0282
  0.0362  0.0356  0.0354  0.0340  0.0307  0.0294  0.0294  0.0299  0.0291  0.0295  0.0288  0.0281
  0.0357  0.0357  0.0356  0.0354  0.0337  0.0286  0.0288  0.0287  0.0286  0.0286  0.0286  0.0286
  0.0362  0.0362  0.0362  0.0385  0.0362  0.0291  0.0289  0.0289  0.0288  0.0290  0.0286  0.0293
  0.0376  0.0372  0.0371  0.0429  0.0391  0.0314  0.0298  0.0305  0.0295  0.0304  0.0289  0.0304
  0.0400  0.0387  0.0385  0.0478  0.0419  0.0356  0.0315  0.0337  0.0309  0.0328  0.0295  0.0316
niter,ni,del,rscale     7    3    5.0000    1.2000
parameter  5  0.526611 ->  0.500000 qaram    1.5209
parameters
   -0.0709   -2.2430   15.6241   -9.7292  -15.3106   -4.7839
    0.1920    0.2280   -2.1080   15.7861   -1.4721  -19.1437
eta,q 0.97494 12.31187
  0.0322  0.0289  0.0283  0.0321  0.0280  0.0311  0.0294  0.0311  0.0279  0.0298  0.0263  0.0259
  0.0298  0.0278  0.0276  0.0298  0.0261  0.0291  0.0273  0.0280  0.0264  0.0278  0.0257  0.0253
  0.0284  0.0275  0.0273  0.0281  0.0254  0.0273  0.0258  0.0259  0.0256  0.0262  0.0253  0.0251
  0.0281  0.0281  0.0275  0.0273  0.0274  0.0257  0.0253  0.0253  0.0253  0.0253  0.0253  0.0253
  0.0288  0.0295  0.0282  0.0279  0.0315  0.0253  0.0257  0.0262  0.0257  0.0255  0.0255  0.0258
  0.0304  0.0317  0.0293  0.0305  0.0357  0.0264  0.0270  0.0285  0.0266  0.0269  0.0261  0.0267
  0.0329  0.0342  0.0308  0.0351  0.0392  0.0292  0.0291  0.0320  0.0281  0.0295  0.0269  0.0280
niter,ni,del,rscale     7    3    5.0000    1.2000
parameters
   -0.0175   -1.7832   15.9046   -8.9400  -15.6569   -4.1995
    0.2831    0.2997   -2.0495   16.6323   -2.0187  -19.7493
eta,q 0.97555 12.36839
  0.0299  0.0302  0.0273  0.0312  0.0330  0.0299  0.0287  0.0310  0.0274  0.0297  0.0256  0.0260
  0.0273  0.0277  0.0261  0.0286  0.0294  0.0280  0.0266  0.0277  0.0259  0.0274  0.0249  0.0251
  0.0256  0.0259  0.0254  0.0264  0.0264  0.0262  0.0251  0.0255  0.0250  0.0257  0.0246  0.0246
  0.0251  0.0251  0.0249  0.0249  0.0247  0.0248  0.0246  0.0246  0.0246  0.0246  0.0245  0.0245
  0.0255  0.0250  0.0250  0.0246  0.0254  0.0246  0.0251  0.0253  0.0249  0.0245  0.0247  0.0248
  0.0270  0.0258  0.0255  0.0262  0.0298  0.0262  0.0264  0.0275  0.0258  0.0256  0.0252  0.0255
  0.0295  0.0273  0.0264  0.0303  0.0348  0.0295  0.0285  0.0308  0.0273  0.0281  0.0261  0.0266
niter,ni,del,rscale     6    3    5.0000    1.2000
parameters
    0.0144   -1.6371   15.9787   -8.9688  -15.9869   -3.9794
    0.2583    0.3494   -2.0248   16.8999   -2.1906  -19.9906
eta,q 0.97555 12.36743
  0.0294  0.0286  0.0266  0.0303  0.0328  0.0296  0.0285  0.0309  0.0272  0.0290  0.0257  0.0261
  0.0267  0.0264  0.0254  0.0278  0.0292  0.0278  0.0263  0.0276  0.0257  0.0269  0.0250  0.0252
  0.0250  0.0250  0.0247  0.0258  0.0262  0.0259  0.0249  0.0253  0.0248  0.0253  0.0246  0.0246
  0.0244  0.0245  0.0244  0.0244  0.0244  0.0245  0.0245  0.0245  0.0245  0.0245  0.0244  0.0244
  0.0250  0.0248  0.0246  0.0246  0.0251  0.0246  0.0250  0.0252  0.0248  0.0246  0.0246  0.0247
  0.0266  0.0258  0.0253  0.0269  0.0295  0.0265  0.0264  0.0274  0.0257  0.0260  0.0251  0.0253
  0.0291  0.0277  0.0263  0.0314  0.0347  0.0300  0.0285  0.0308  0.0271  0.0288  0.0259  0.0264
niter,ni,del,rscale     5    3    5.0000    1.2000
parameters
    0.0232   -1.5751   16.0298   -8.9674  -16.1509   -3.8741
    0.2520    0.3689   -2.0088   17.0130   -2.2662  -20.0738
eta,q 0.97554 12.36709
  0.0293  0.0283  0.0265  0.0304  0.0330  0.0296  0.0285  0.0309  0.0271  0.0288  0.0258  0.0262
  0.0266  0.0262  0.0254  0.0278  0.0293  0.0277  0.0263  0.0276  0.0257  0.0267  0.0250  0.0253
  0.0250  0.0249  0.0247  0.0258  0.0263  0.0258  0.0249  0.0253  0.0248  0.0253  0.0246  0.0247
  0.0244  0.0244  0.0244  0.0244  0.0244  0.0245  0.0245  0.0245  0.0245  0.0245  0.0245  0.0245
  0.0250  0.0248  0.0246  0.0246  0.0249  0.0246  0.0250  0.0252  0.0248  0.0247  0.0246  0.0247
  0.0266  0.0260  0.0253  0.0269  0.0291  0.0267  0.0263  0.0275  0.0257  0.0261  0.0250  0.0253
  0.0292  0.0278  0.0264  0.0314  0.0344  0.0302  0.0285  0.0309  0.0271  0.0290  0.0259  0.0263
niter,ni,del,rscale     4    3    5.0000    1.2000
parameters
    0.0266   -1.5462   16.0598   -8.9657  -16.2258   -3.8216
    0.2458    0.3783   -2.0067   17.0589   -2.2893  -20.1043
eta,q 0.97553 12.36704
  0.0293  0.0282  0.0265  0.0304  0.0331  0.0296  0.0285  0.0309  0.0271  0.0287  0.0258  0.0262
  0.0266  0.0261  0.0254  0.0278  0.0294  0.0277  0.0263  0.0276  0.0257  0.0267  0.0250  0.0253
  0.0250  0.0248  0.0247  0.0258  0.0263  0.0257  0.0249  0.0253  0.0248  0.0252  0.0246  0.0247
  0.0245  0.0245  0.0245  0.0245  0.0245  0.0245  0.0245  0.0245  0.0245  0.0245  0.0245  0.0245
  0.0250  0.0249  0.0247  0.0246  0.0248  0.0246  0.0250  0.0252  0.0248  0.0247  0.0246  0.0247
  0.0266  0.0260  0.0253  0.0269  0.0289  0.0268  0.0263  0.0275  0.0257  0.0262  0.0250  0.0253
  0.0292  0.0279  0.0264  0.0314  0.0343  0.0303  0.0285  0.0309  0.0271  0.0291  0.0258  0.0262
niter,ni,del,rscale     3    3    5.0000    1.2000
parameters
    0.0278   -1.5345   16.0767   -8.9652  -16.2573   -3.7948
    0.2454    0.3804   -2.0003   17.0785   -2.2972  -20.1090
eta,q 0.97553 12.36716
  0.0293  0.0281  0.0265  0.0304  0.0331  0.0296  0.0285  0.0309  0.0271  0.0287  0.0258  0.0262
  0.0266  0.0260  0.0254  0.0279  0.0295  0.0277  0.0263  0.0276  0.0257  0.0267  0.0250  0.0253
  0.0250  0.0248  0.0247  0.0258  0.0264  0.0257  0.0249  0.0253  0.0248  0.0252  0.0246  0.0247
  0.0245  0.0245  0.0245  0.0245  0.0245  0.0245  0.0245  0.0245  0.0245  0.0245  0.0245  0.0245
  0.0250  0.0249  0.0247  0.0246  0.0248  0.0246  0.0250  0.0252  0.0248  0.0247  0.0246  0.0247
  0.0266  0.0261  0.0253  0.0269  0.0289  0.0268  0.0263  0.0275  0.0257  0.0262  0.0250  0.0253
  0.0293  0.0280  0.0264  0.0314  0.0342  0.0304  0.0285  0.0309  0.0271  0.0291  0.0258  0.0262
registration optimization eta report
parameter search radius
    2.4000    2.4000    2.4000    9.5220   10.9503    8.2800
    7.2000    7.2000    7.2000    7.2000    7.2000    7.2000
100000*second partial in parameter space
       83.       62.       34.        7.        8.        8.
        8.       12.        5.        9.        3.        3.
  0.0293  0.0281  0.0265  0.0304  0.0331  0.0296  0.0285  0.0309  0.0271  0.0287  0.0258  0.0262
  0.0266  0.0260  0.0254  0.0279  0.0295  0.0277  0.0263  0.0276  0.0257  0.0267  0.0250  0.0253
  0.0250  0.0248  0.0247  0.0258  0.0264  0.0257  0.0249  0.0253  0.0248  0.0252  0.0246  0.0247
  0.0245  0.0245  0.0245  0.0245  0.0245  0.0245  0.0245  0.0245  0.0245  0.0245  0.0245  0.0245
  0.0250  0.0249  0.0247  0.0246  0.0248  0.0246  0.0250  0.0252  0.0248  0.0247  0.0246  0.0247
  0.0266  0.0261  0.0253  0.0269  0.0289  0.0268  0.0263  0.0275  0.0257  0.0262  0.0250  0.0253
  0.0293  0.0280  0.0264  0.0314  0.0342  0.0304  0.0285  0.0309  0.0271  0.0291  0.0258  0.0262
    0.0278   -1.5345   16.0767   -8.9652  -16.2573   -3.7948
    0.2454    0.3804   -2.0003   17.0785   -2.2972  -20.1090
eta,q 0.97553 12.36716

---------------------------------------------------------------------
imgreg_4dfp /opt/freesurfer/average/711-2C_as_mni_average_305 /opt/freesurfer/average/711-2B_as_mni_average_305_mask talsrcimg_g11 none talsrcimg_to_711-2C_as_mni_average_305_t4 2311
---------------------------------------------------------------------

freesurfer imgreg_4dfp.c
/opt/freesurfer/average/711-2C_as_mni_average_305.4dfp.img
       256       256       256         1
  1.000000  1.000000  1.000000
orientation T byte_order littleendian
Reading image: /opt/freesurfer/average/711-2C_as_mni_average_305.4dfp.img
dimensions:      256       256       256
mmppix:       1.0000   -1.0000   -1.0000
center:     128.0000 -129.0000 -129.0000
/opt/freesurfer/average/711-2B_as_mni_average_305_mask.4dfp.img
       256       256       256         1
  1.000000  1.000000  1.000000
orientation T byte_order littleendian
Reading mask: /opt/freesurfer/average/711-2B_as_mni_average_305_mask.4dfp.img (2306576 pixels)
talsrcimg_g11.4dfp.img
       256       256       256         1
  1.000000  1.000000  1.000000
orientation T byte_order littleendian
Reading image: talsrcimg_g11.4dfp.img
dimensions:      256       256       256
mmppix:       1.0000   -1.0000   -1.0000
center:     128.0000 -129.0000 -129.0000
fimgreg.f
image alignment mode   2311 decimal      907 hex
parameters
    0.0278   -1.5345   16.0767   -8.9652  -16.2573   -3.7948
    0.2454    0.3804   -2.0003   17.0785   -2.2972  -20.1090
eta,q 0.97553 12.36715
niter,ni,del,rscale     5    3    5.0000    0.8000
parameters
    0.0242   -1.5519   16.0893   -7.8568  -15.3225   -3.3938
    0.2671    0.3490   -1.9708   17.1256   -2.4200  -20.2678
eta,q 0.97592 12.45120
  0.0266  0.0260  0.0254  0.0268  0.0270  0.0267  0.0260  0.0274  0.0254  0.0263  0.0248  0.0249
  0.0254  0.0251  0.0249  0.0258  0.0258  0.0256  0.0250  0.0256  0.0247  0.0252  0.0244  0.0244
  0.0247  0.0246  0.0246  0.0250  0.0249  0.0246  0.0243  0.0244  0.0243  0.0244  0.0241  0.0242
  0.0245  0.0245  0.0245  0.0245  0.0243  0.0241  0.0241  0.0241  0.0241  0.0241  0.0241  0.0241
  0.0247  0.0247  0.0245  0.0243  0.0241  0.0241  0.0243  0.0245  0.0242  0.0243  0.0242  0.0242
  0.0254  0.0252  0.0249  0.0246  0.0245  0.0248  0.0249  0.0257  0.0246  0.0250  0.0244  0.0245
  0.0267  0.0261  0.0253  0.0255  0.0257  0.0262  0.0260  0.0275  0.0254  0.0264  0.0248  0.0250
niter,ni,del,rscale     4    3    5.0000    0.7000
parameters
    0.0422   -1.5580   16.1545   -8.0685  -15.3524   -3.1671
    0.2713    0.3603   -1.9552   17.2239   -2.4466  -20.3304
eta,q 0.97595 12.45155
  0.0259  0.0254  0.0249  0.0254  0.0258  0.0261  0.0256  0.0267  0.0250  0.0259  0.0246  0.0247
  0.0249  0.0247  0.0245  0.0247  0.0250  0.0251  0.0247  0.0253  0.0245  0.0250  0.0243  0.0244
  0.0243  0.0242  0.0242  0.0243  0.0244  0.0244  0.0242  0.0243  0.0242  0.0243  0.0241  0.0241
  0.0241  0.0241  0.0241  0.0241  0.0241  0.0241  0.0241  0.0241  0.0241  0.0241  0.0240  0.0241
  0.0243  0.0242  0.0241  0.0243  0.0242  0.0241  0.0242  0.0244  0.0241  0.0242  0.0241  0.0241
  0.0248  0.0247  0.0244  0.0248  0.0248  0.0247  0.0247  0.0253  0.0245  0.0248  0.0243  0.0244
  0.0258  0.0254  0.0247  0.0259  0.0260  0.0258  0.0255  0.0266  0.0251  0.0258  0.0246  0.0248
niter,ni,del,rscale     3    3    5.0000    0.6000
parameters
    0.0432   -1.5361   16.2233   -8.0466  -15.3197   -3.0267
    0.2652    0.3428   -1.9385   17.2910   -2.4381  -20.3444
eta,q 0.97597 12.45836
  0.0254  0.0251  0.0247  0.0252  0.0253  0.0255  0.0251  0.0260  0.0248  0.0254  0.0244  0.0246
  0.0246  0.0245  0.0243  0.0246  0.0247  0.0248  0.0245  0.0249  0.0244  0.0247  0.0242  0.0243
  0.0242  0.0242  0.0241  0.0242  0.0243  0.0243  0.0241  0.0242  0.0241  0.0242  0.0241  0.0241
  0.0241  0.0241  0.0241  0.0240  0.0241  0.0240  0.0240  0.0240  0.0240  0.0240  0.0240  0.0240
  0.0242  0.0242  0.0241  0.0242  0.0241  0.0241  0.0242  0.0243  0.0241  0.0241  0.0241  0.0241
  0.0246  0.0245  0.0243  0.0245  0.0245  0.0245  0.0245  0.0250  0.0243  0.0246  0.0242  0.0243
  0.0253  0.0250  0.0245  0.0252  0.0255  0.0254  0.0251  0.0260  0.0248  0.0253  0.0244  0.0246
niter,ni,del,rscale     2    3    5.0000    0.5000
parameters
    0.0400   -1.5217   16.2692   -8.0239  -15.2664   -2.9173
    0.2602    0.3116   -1.9059   17.3229   -2.4269  -20.3439
eta,q 0.97598 12.46429
  0.0249  0.0247  0.0244  0.0248  0.0249  0.0251  0.0248  0.0254  0.0245  0.0250  0.0243  0.0244
  0.0244  0.0243  0.0242  0.0244  0.0245  0.0245  0.0244  0.0246  0.0243  0.0245  0.0241  0.0242
  0.0241  0.0241  0.0241  0.0241  0.0242  0.0242  0.0241  0.0241  0.0241  0.0241  0.0241  0.0241
  0.0240  0.0240  0.0240  0.0240  0.0240  0.0240  0.0240  0.0240  0.0240  0.0240  0.0240  0.0240
  0.0241  0.0241  0.0241  0.0241  0.0241  0.0241  0.0241  0.0242  0.0241  0.0241  0.0240  0.0241
  0.0244  0.0243  0.0242  0.0244  0.0244  0.0244  0.0244  0.0247  0.0242  0.0244  0.0241  0.0242
  0.0249  0.0247  0.0244  0.0248  0.0250  0.0250  0.0248  0.0254  0.0245  0.0250  0.0243  0.0244
niter,ni,del,rscale     1    3    5.0000    0.4000
parameters
    0.0361   -1.5108   16.3010   -8.0173  -15.2033   -2.8204
    0.2474    0.2687   -1.8628   17.3345   -2.3730  -20.3417
eta,q 0.97600 12.46926
  0.0246  0.0245  0.0243  0.0245  0.0246  0.0247  0.0245  0.0249  0.0243  0.0246  0.0242  0.0243
  0.0243  0.0242  0.0241  0.0243  0.0243  0.0243  0.0242  0.0244  0.0242  0.0243  0.0241  0.0241
  0.0241  0.0241  0.0241  0.0241  0.0241  0.0241  0.0241  0.0241  0.0240  0.0241  0.0240  0.0240
  0.0240  0.0240  0.0240  0.0240  0.0240  0.0240  0.0240  0.0240  0.0240  0.0240  0.0240  0.0240
  0.0241  0.0241  0.0240  0.0241  0.0240  0.0240  0.0241  0.0241  0.0240  0.0241  0.0240  0.0240
  0.0243  0.0242  0.0241  0.0242  0.0242  0.0242  0.0242  0.0245  0.0241  0.0243  0.0241  0.0241
  0.0246  0.0245  0.0242  0.0245  0.0246  0.0246  0.0245  0.0249  0.0243  0.0246  0.0242  0.0243
registration optimization eta report
parameter search radius
    0.8000    0.8000    0.8000    2.4000    2.4000    2.4000
    2.4000    2.4000    2.4000    2.4000    2.4000    2.4000
100000*second partial in parameter space
       91.       70.       39.        9.       10.       11.
        9.       16.        6.       11.        3.        4.
  0.0246  0.0245  0.0243  0.0245  0.0246  0.0247  0.0245  0.0249  0.0243  0.0246  0.0242  0.0243
  0.0243  0.0242  0.0241  0.0243  0.0243  0.0243  0.0242  0.0244  0.0242  0.0243  0.0241  0.0241
  0.0241  0.0241  0.0241  0.0241  0.0241  0.0241  0.0241  0.0241  0.0240  0.0241  0.0240  0.0240
  0.0240  0.0240  0.0240  0.0240  0.0240  0.0240  0.0240  0.0240  0.0240  0.0240  0.0240  0.0240
  0.0241  0.0241  0.0240  0.0241  0.0240  0.0240  0.0241  0.0241  0.0240  0.0241  0.0240  0.0240
  0.0243  0.0242  0.0241  0.0242  0.0242  0.0242  0.0242  0.0245  0.0241  0.0243  0.0241  0.0241
  0.0246  0.0245  0.0242  0.0245  0.0246  0.0246  0.0245  0.0249  0.0243  0.0246  0.0242  0.0243
    0.0361   -1.5108   16.3010   -8.0173  -15.2033   -2.8204
    0.2474    0.2687   -1.8628   17.3345   -2.3730  -20.3417
eta,q 0.97600 12.46926

---------------------------------------------------------------------
imgreg_4dfp /opt/freesurfer/average/711-2C_as_mni_average_305 /opt/freesurfer/average/711-2B_as_mni_average_305_mask talsrcimg_g11 none talsrcimg_to_711-2C_as_mni_average_305_t4 2311
---------------------------------------------------------------------

freesurfer imgreg_4dfp.c
/opt/freesurfer/average/711-2C_as_mni_average_305.4dfp.img
       256       256       256         1
  1.000000  1.000000  1.000000
orientation T byte_order littleendian
Reading image: /opt/freesurfer/average/711-2C_as_mni_average_305.4dfp.img
dimensions:      256       256       256
mmppix:       1.0000   -1.0000   -1.0000
center:     128.0000 -129.0000 -129.0000
/opt/freesurfer/average/711-2B_as_mni_average_305_mask.4dfp.img
       256       256       256         1
  1.000000  1.000000  1.000000
orientation T byte_order littleendian
Reading mask: /opt/freesurfer/average/711-2B_as_mni_average_305_mask.4dfp.img (2306576 pixels)
talsrcimg_g11.4dfp.img
       256       256       256         1
  1.000000  1.000000  1.000000
orientation T byte_order littleendian
Reading image: talsrcimg_g11.4dfp.img
dimensions:      256       256       256
mmppix:       1.0000   -1.0000   -1.0000
center:     128.0000 -129.0000 -129.0000
fimgreg.f
image alignment mode   2311 decimal      907 hex
parameters
    0.0361   -1.5108   16.3010   -8.0173  -15.2033   -2.8204
    0.2474    0.2687   -1.8628   17.3345   -2.3730  -20.3417
eta,q 0.97600 12.46926
niter,ni,del,rscale     5    3    5.0000    0.8000
parameters
    0.0418   -1.5039   16.3409   -8.3210  -15.5995   -2.9651
    0.2425    0.3579   -1.9922   17.2908   -2.3999  -20.2344
eta,q 0.97594 12.44357
  0.0263  0.0258  0.0251  0.0257  0.0259  0.0263  0.0260  0.0275  0.0253  0.0262  0.0248  0.0250
  0.0250  0.0248  0.0245  0.0249  0.0250  0.0252  0.0249  0.0257  0.0246  0.0252  0.0244  0.0245
  0.0243  0.0242  0.0241  0.0242  0.0243  0.0244  0.0243  0.0245  0.0242  0.0244  0.0241  0.0242
  0.0240  0.0240  0.0240  0.0240  0.0240  0.0240  0.0241  0.0241  0.0241  0.0241  0.0241  0.0241
  0.0243  0.0242  0.0241  0.0242  0.0242  0.0242  0.0243  0.0245  0.0242  0.0243  0.0241  0.0241
  0.0250  0.0248  0.0244  0.0250  0.0253  0.0252  0.0249  0.0255  0.0247  0.0250  0.0244  0.0245
  0.0263  0.0258  0.0250  0.0264  0.0271  0.0269  0.0260  0.0273  0.0254  0.0265  0.0248  0.0249
niter,ni,del,rscale     4    3    5.0000    0.7000
parameters
    0.0395   -1.5085   16.3217   -8.1293  -15.4852   -2.9691
    0.2653    0.3567   -1.9692   17.2914   -2.3947  -20.2512
eta,q 0.97597 12.45284
  0.0258  0.0254  0.0248  0.0256  0.0258  0.0259  0.0256  0.0267  0.0250  0.0258  0.0246  0.0247
  0.0248  0.0246  0.0244  0.0249  0.0250  0.0250  0.0247  0.0252  0.0245  0.0249  0.0243  0.0244
  0.0242  0.0242  0.0241  0.0243  0.0244  0.0243  0.0242  0.0243  0.0242  0.0243  0.0241  0.0241
  0.0241  0.0241  0.0241  0.0241  0.0240  0.0240  0.0240  0.0240  0.0240  0.0240  0.0240  0.0240
  0.0243  0.0242  0.0242  0.0241  0.0241  0.0241  0.0242  0.0244  0.0241  0.0242  0.0241  0.0241
  0.0248  0.0247  0.0244  0.0246  0.0246  0.0248  0.0247  0.0253  0.0245  0.0248  0.0243  0.0244
  0.0258  0.0254  0.0248  0.0255  0.0258  0.0261  0.0255  0.0266  0.0250  0.0259  0.0246  0.0248
niter,ni,del,rscale     3    3    5.0000    0.6000
parameters
    0.0404   -1.5126   16.3130   -8.0730  -15.3812   -2.9315
    0.2591    0.3351   -1.9438   17.3191   -2.3859  -20.2840
eta,q 0.97598 12.45912
  0.0253  0.0250  0.0246  0.0252  0.0254  0.0255  0.0251  0.0260  0.0248  0.0254  0.0244  0.0245
  0.0246  0.0245  0.0243  0.0246  0.0247  0.0247  0.0245  0.0249  0.0244  0.0247  0.0242  0.0243
  0.0242  0.0241  0.0241  0.0242  0.0243  0.0243  0.0241  0.0242  0.0241  0.0242  0.0241  0.0241
  0.0240  0.0240  0.0240  0.0240  0.0240  0.0240  0.0240  0.0240  0.0240  0.0240  0.0240  0.0240
  0.0242  0.0241  0.0241  0.0241  0.0241  0.0241  0.0242  0.0243  0.0241  0.0241  0.0241  0.0241
  0.0246  0.0245  0.0243  0.0245  0.0245  0.0246  0.0245  0.0250  0.0243  0.0246  0.0242  0.0243
  0.0253  0.0250  0.0246  0.0252  0.0254  0.0255  0.0251  0.0260  0.0248  0.0254  0.0244  0.0246
niter,ni,del,rscale     2    3    5.0000    0.5000
parameters
    0.0391   -1.5106   16.3218   -8.0403  -15.3005   -2.8644
    0.2534    0.3019   -1.9121   17.3358   -2.3652  -20.2892
eta,q 0.97599 12.46455
  0.0249  0.0247  0.0244  0.0248  0.0249  0.0250  0.0248  0.0254  0.0245  0.0250  0.0243  0.0244
  0.0244  0.0243  0.0242  0.0244  0.0245  0.0245  0.0244  0.0246  0.0243  0.0245  0.0241  0.0242
  0.0241  0.0241  0.0241  0.0241  0.0242  0.0242  0.0241  0.0241  0.0241  0.0241  0.0241  0.0241
  0.0240  0.0240  0.0240  0.0240  0.0240  0.0240  0.0240  0.0240  0.0240  0.0240  0.0240  0.0240
  0.0241  0.0241  0.0241  0.0241  0.0241  0.0241  0.0241  0.0242  0.0241  0.0241  0.0240  0.0241
  0.0244  0.0243  0.0242  0.0244  0.0243  0.0244  0.0244  0.0247  0.0242  0.0244  0.0241  0.0242
  0.0249  0.0247  0.0244  0.0248  0.0250  0.0250  0.0248  0.0254  0.0245  0.0250  0.0243  0.0244
niter,ni,del,rscale     1    3    5.0000    0.4000
parameters
    0.0352   -1.5075   16.3370   -8.0272  -15.2175   -2.7888
    0.2472    0.2611   -1.8788   17.3450   -2.3361  -20.3009
eta,q 0.97600 12.46971
  0.0246  0.0245  0.0243  0.0245  0.0246  0.0247  0.0245  0.0249  0.0243  0.0246  0.0242  0.0242
  0.0243  0.0242  0.0241  0.0243  0.0243  0.0243  0.0242  0.0244  0.0242  0.0243  0.0241  0.0241
  0.0241  0.0241  0.0240  0.0241  0.0241  0.0241  0.0241  0.0241  0.0240  0.0241  0.0240  0.0240
  0.0240  0.0240  0.0240  0.0240  0.0240  0.0240  0.0240  0.0240  0.0240  0.0240  0.0240  0.0240
  0.0241  0.0241  0.0240  0.0241  0.0240  0.0240  0.0241  0.0241  0.0240  0.0241  0.0240  0.0240
  0.0243  0.0242  0.0241  0.0242  0.0242  0.0242  0.0242  0.0244  0.0241  0.0243  0.0241  0.0241
  0.0246  0.0245  0.0243  0.0245  0.0246  0.0246  0.0245  0.0249  0.0243  0.0246  0.0242  0.0243
registration optimization eta report
parameter search radius
    0.8000    0.8000    0.8000    2.4000    2.4000    2.4000
    2.4000    2.4000    2.4000    2.4000    2.4000    2.4000
100000*second partial in parameter space
       92.       71.       39.        9.       10.       11.
        9.       16.        6.       11.        3.        4.
  0.0246  0.0245  0.0243  0.0245  0.0246  0.0247  0.0245  0.0249  0.0243  0.0246  0.0242  0.0242
  0.0243  0.0242  0.0241  0.0243  0.0243  0.0243  0.0242  0.0244  0.0242  0.0243  0.0241  0.0241
  0.0241  0.0241  0.0240  0.0241  0.0241  0.0241  0.0241  0.0241  0.0240  0.0241  0.0240  0.0240
  0.0240  0.0240  0.0240  0.0240  0.0240  0.0240  0.0240  0.0240  0.0240  0.0240  0.0240  0.0240
  0.0241  0.0241  0.0240  0.0241  0.0240  0.0240  0.0241  0.0241  0.0240  0.0241  0.0240  0.0240
  0.0243  0.0242  0.0241  0.0242  0.0242  0.0242  0.0242  0.0244  0.0241  0.0243  0.0241  0.0241
  0.0246  0.0245  0.0243  0.0245  0.0246  0.0246  0.0245  0.0249  0.0243  0.0246  0.0242  0.0243
    0.0352   -1.5075   16.3370   -8.0272  -15.2175   -2.7888
    0.2472    0.2611   -1.8788   17.3450   -2.3361  -20.3009
eta,q 0.97600 12.46971

---------------------------------------------------------------------
compute_vox2vox talsrcimg talsrcimg_to_711-2C_as_mni_average_305_t4 /opt/freesurfer/average/711-2C_as_mni_average_305
---------------------------------------------------------------------

freesurfer compute_vox2vox.c
Reading: talsrcimg.4dfp.ifh
Reading: talsrcimg_to_711-2C_as_mni_average_305_t4
Reading: /opt/freesurfer/average/711-2C_as_mni_average_305.4dfp.ifh
Writing: talsrcimg_to_711-2C_as_mni_average_305_t4_vox2vox.txt

start time Tue Mar 10 01:37:10 CET 2026
end		time Tue Mar 10 01:38:37 CET 2026

mpr2mni305 success

avi2talxfm orig_nu.mgz /opt/freesurfer/average/mni305.cor.mgz talsrcimg_to_711-2C_as_mni_average_305_t4_vox2vox.txt transforms/talairach.auto.xfm
avi2talxfm done
mv -f /out/sourcedata/freesurfer/sub-v1s3x0050819_ses-1/mri/talsrcimg_to_711-2C_as_mni_average_305_t4_vox2vox.txt /out/sourcedata/freesurfer/sub-v1s3x0050819_ses-1/mri/transforms/talsrcimg_to_711-2C_as_mni_average_305_t4_vox2vox.txt
lta_convert --src orig_nu.mgz --trg /opt/freesurfer/average/mni305.cor.mgz --inxfm transforms/talairach.auto.xfm --outlta transforms/talairach.auto.xfm.lta --subject fsaverage
7.3.2

--src: orig_nu.mgz src image (geometry).
--trg: /opt/freesurfer/average/mni305.cor.mgz trg image (geometry).
--inmni: transforms/talairach.auto.xfm input MNI/XFM transform.
--outlta: transforms/talairach.auto.xfm.lta output LTA.
--s: fsaverage subject name
 LTA read, type : 1
 1.08714  -0.00226  -0.00371  -0.21602;
 0.02988   0.98648   0.23612   4.36081;
 0.01798  -0.20187   1.13110  -9.63338;
 0.00000   0.00000   0.00000   1.00000;
setting subject to fsaverage
Writing  LTA to file transforms/talairach.auto.xfm.lta...
lta_convert successful.
 
 
Started at Tue Mar 10 01:37:10 CET 2026
Ended   at Tue Mar 10 01:38:37 CET 2026
talairach_avi done
