status file for recon-all
Tue Mar 10 03:27:14 CET 2026
#@# Tessellate rh Tue Mar 10 03:27:14 CET 2026
#@# Smooth1 rh Tue Mar 10 03:27:17 CET 2026
#@# Inflation1 rh Tue Mar 10 03:27:19 CET 2026
#@# QSphere rh Tue Mar 10 03:27:33 CET 2026
#@# Fix Topology rh Tue Mar 10 03:28:31 CET 2026
#@# Smooth2 rh Tue Mar 10 03:33:15 CET 2026
#@# Inflation2 rh Tue Mar 10 03:33:17 CET 2026
#@# Curv .H and .K rh Tue Mar 10 03:33:30 CET 2026
#@# Sphere rh Tue Mar 10 03:34:07 CET 2026
#@# Surf Reg rh Tue Mar 10 03:37:14 CET 2026
#@# Jacobian white rh Tue Mar 10 03:41:53 CET 2026
#@# AvgCurv rh Tue Mar 10 03:41:54 CET 2026
#@# Cortical Parc rh Tue Mar 10 03:41:55 CET 2026
#@# white curv rh Tue Mar 10 03:47:23 CET 2026
#@# white area rh Tue Mar 10 03:47:25 CET 2026
#@# pial curv rh Tue Mar 10 03:47:25 CET 2026
#@# pial area rh Tue Mar 10 03:47:27 CET 2026
#@# thickness rh Tue Mar 10 03:47:28 CET 2026
#@# area and vertex vol rh Tue Mar 10 03:47:47 CET 2026
#@# Curvature Stats rh Tue Mar 10 03:47:48 CET 2026
#@# Cortical Parc 2 rh Tue Mar 10 03:47:50 CET 2026
#@# Cortical Parc 3 rh Tue Mar 10 03:47:59 CET 2026
#@# WM/GM Contrast rh Tue Mar 10 03:48:07 CET 2026
recon-all -s sub-v1s3x0050816_ses-1 finished without error at Tue Mar 10 03:48:09 CET 2026



#New# invocation of recon-all 



status file for recon-all
Tue Mar 10 03:54:29 CET 2026
#@# white curv rh Tue Mar 10 03:54:29 CET 2026
#@# white area rh Tue Mar 10 03:54:29 CET 2026
#@# pial curv rh Tue Mar 10 03:54:29 CET 2026
#@# pial area rh Tue Mar 10 03:54:29 CET 2026
#@# thickness rh Tue Mar 10 03:54:29 CET 2026
#@# area and vertex vol rh Tue Mar 10 03:54:29 CET 2026
#@# Parcellation Stats rh Tue Mar 10 03:54:29 CET 2026
#@# Parcellation Stats 2 rh Tue Mar 10 03:54:44 CET 2026
#@# Parcellation Stats 3 rh Tue Mar 10 03:54:51 CET 2026
#@# BA_exvivo Labels rh Tue Mar 10 03:54:58 CET 2026
recon-all -s sub-v1s3x0050816_ses-1 finished without error at Tue Mar 10 03:56:58 CET 2026
