/out/sourcedata/freesurfer/sub-v1s3x0050808_ses-1/mri
/opt/freesurfer/bin/talairach_avi
--i orig_nu.mgz --xfm transforms/talairach.auto.xfm
talairach_avi 7.3.2
Linux dna087 5.14.0-427.37.1.el9_4.x86_64 #1 SMP PREEMPT_DYNAMIC Fri Sep 13 12:41:50 EDT 2024 x86_64 x86_64 x86_64 GNU/Linux
Tue Mar 10 00:56:11 CET 2026
mri_convert orig_nu.mgz talsrcimg.img 
reading from orig_nu.mgz...
TR=0.00, TE=0.00, TI=0.00, flip angle=0.00
i_ras = (-1, 0, 0)
j_ras = (0, 0, -1)
k_ras = (0, 1, 0)
writing to talsrcimg.img...
Analyze Output Matrix
-1.00000   0.00000   0.00000   123.98475;
 0.00000   0.00000   1.00000  -150.57031;
 0.00000  -1.00000   0.00000   146.41937;
 0.00000   0.00000   0.00000   1.00000;
--------------------
INFO: set hdr.hist.orient to -1
mpr2mni305 talsrcimg
Tue Mar 10 00:56:12 CET 2026
/opt/freesurfer/bin/mpr2mni305 talsrcimg
mpr2mni305 7.3.2
target=711-2C_as_mni_average_305

---------------------------------------------------------------------
analyzeto4dfp talsrcimg -O0 -y
---------------------------------------------------------------------

freesurfer ifh2hdr.c
Tue Mar 10 00:56:12 2026
Writing: talsrcimg.4dfp.hdr
freesurfer analyzeto4dfp.c
Reading: talsrcimg.hdr
header size 348 bytes
hdr.dime.datatype	offset=70	value=2
hdr.dime.bitpix		offset=72	value=8
hdr.hist.orient		offset=252	value=-1
dimensionality     4
dimensions       256       256       256         1
Reading: talsrcimg.img
Writing: talsrcimg.4dfp.img
Writing: talsrcimg.4dfp.ifh
ifh2hdr talsrcimg -r0to255
ori=2

---------------------------------------------------------------------
gauss_4dfp talsrcimg 1.1
---------------------------------------------------------------------

freesurfer gauss_4dfp.c
Reading: talsrcimg.4dfp.img
Writing: talsrcimg_g11.4dfp.img
image dimensions 256 256 256 padded to 288 288 288
processing volume 1freesurfer ifh2hdr.c
Tue Mar 10 00:56:13 2026
Writing: talsrcimg_g11.4dfp.hdr

Writing: talsrcimg_g11.4dfp.ifh
including: talsrcimg.4dfp.img.rec in talsrcimg_g11.4dfp.img.rec

---------------------------------------------------------------------
imgreg_4dfp /opt/freesurfer/average/711-2C_as_mni_average_305 none talsrcimg_g11 none talsrcimg_to_711-2C_as_mni_average_305_t4 4355
---------------------------------------------------------------------

freesurfer imgreg_4dfp.c
/opt/freesurfer/average/711-2C_as_mni_average_305.4dfp.img
       256       256       256         1
  1.000000  1.000000  1.000000
orientation T byte_order littleendian
Reading image: /opt/freesurfer/average/711-2C_as_mni_average_305.4dfp.img
dimensions:      256       256       256
mmppix:       1.0000   -1.0000   -1.0000
center:     128.0000 -129.0000 -129.0000
talsrcimg_g11.4dfp.img
       256       256       256         1
  1.000000  1.000000  1.000000
orientation T byte_order littleendian
Reading image: talsrcimg_g11.4dfp.img
dimensions:      256       256       256
mmppix:       1.0000   -1.0000   -1.0000
center:     128.0000 -129.0000 -129.0000
t4_read: open error in t4_sub.f l:  41 t4_file(1:l)talsrcimg_to_711-2C_as_mni_average_305_t4 
t4_read: transform initialized to I4
rotation matrix determinant  1.000000
image alignment mode   4355 decimal     1103 hex
   -7.5000  -45.0000  -45.0000 7243.4990   20.2006
    0.0000  -45.0000  -45.0000 7537.5503   20.2246
    7.5000  -45.0000  -45.0000 7239.6055   20.2673
   -7.5000  -37.5000  -45.0000 7721.3496   20.2240
    0.0000  -37.5000  -45.0000 8032.7471   20.2221
    7.5000  -37.5000  -45.0000 7716.9175   20.2437
   -7.5000  -30.0000  -45.0000 8418.4971   20.2437
    0.0000  -30.0000  -45.0000 8757.1416   20.2335
    7.5000  -30.0000  -45.0000 8445.6230   20.2314
   -7.5000  -22.5000  -45.0000 9047.0215   20.2407
    0.0000  -22.5000  -45.0000 9430.1855   20.2480
    7.5000  -22.5000  -45.0000 9095.0801   20.2429
   -7.5000  -15.0000  -45.0000 9615.8389   20.2162
    0.0000  -15.0000  -45.000010022.0215   20.2496
    7.5000  -15.0000  -45.0000 9677.6826   20.2633
   -7.5000   -7.5000  -45.000010211.6465   20.1959
    0.0000   -7.5000  -45.000010673.1650   20.2375
    7.5000   -7.5000  -45.000010260.8760   20.2755
   -7.5000    0.0000  -45.000010740.6709   20.2006
    0.0000    0.0000  -45.000011223.5225   20.2246
    7.5000    0.0000  -45.000010751.8789   20.2673
   -7.5000    7.5000  -45.000010352.1260   20.2240
    0.0000    7.5000  -45.000010808.4521   20.2221
    7.5000    7.5000  -45.000010341.6875   20.2437
   -7.5000   15.0000  -45.0000 9973.0996   20.2437
    0.0000   15.0000  -45.000010355.3965   20.2335
    7.5000   15.0000  -45.0000 9907.5498   20.2314
   -7.5000   22.5000  -45.0000 9334.1436   20.2379
    0.0000   22.5000  -45.0000 9689.8809   20.2452
    7.5000   22.5000  -45.0000 9306.3252   20.2402
   -7.5000   30.0000  -45.0000 8451.5205   19.9468
    0.0000   30.0000  -45.0000 8776.4209   19.9797
    7.5000   30.0000  -45.0000 8442.0791   19.9932
   -7.5000   37.5000  -45.0000 7923.2515   19.9268
    0.0000   37.5000  -45.0000 8251.8613   19.9678
    7.5000   37.5000  -45.0000 7883.4468   20.0053
   -7.5000   45.0000  -45.0000 7187.3154   19.4253
    0.0000   45.0000  -45.0000 7472.7217   19.4483
    7.5000   45.0000  -45.0000 7164.7490   19.4895
   -7.5000  -45.0000  -37.5000 7794.4438   20.0264
    0.0000  -45.0000  -37.5000 8136.3535   20.0561
    7.5000  -45.0000  -37.5000 7810.3198   20.0976
   -7.5000  -37.5000  -37.5000 8330.6865   20.0394
    0.0000  -37.5000  -37.5000 8684.5225   20.0409
    7.5000  -37.5000  -37.5000 8321.0117   20.0644
   -7.5000  -30.0000  -37.5000 9078.1191   20.0549
    0.0000  -30.0000  -37.5000 9456.9600   20.0463
    7.5000  -30.0000  -37.5000 9080.6523   20.0459
   -7.5000  -22.5000  -37.5000 9714.5127   20.0600
    0.0000  -22.5000  -37.500010173.1973   20.0691
    7.5000  -22.5000  -37.5000 9750.6084   20.0616
   -7.5000  -15.0000  -37.500010272.8096   20.0485
    0.0000  -15.0000  -37.500010768.7910   20.0849
    7.5000  -15.0000  -37.500010303.9756   20.0921
   -7.5000   -7.5000  -37.500010882.0254   20.0306
    0.0000   -7.5000  -37.500011410.2646   20.0773
    7.5000   -7.5000  -37.500010877.6855   20.1097
   -7.5000    0.0000  -37.500011427.5605   20.0264
    0.0000    0.0000  -37.500011960.5928   20.0561
    7.5000    0.0000  -37.500011395.1094   20.0976
   -7.5000    7.5000  -37.500011034.2979   20.0394
    0.0000    7.5000  -37.500011557.0625   20.0409
    7.5000    7.5000  -37.500011009.5059   20.0644
   -7.5000   15.0000  -37.500010619.5713   20.0549
    0.0000   15.0000  -37.500011076.2852   20.0463
    7.5000   15.0000  -37.500010543.0117   20.0459
   -7.5000   22.5000  -37.5000 9962.9824   20.0572
    0.0000   22.5000  -37.500010384.8447   20.0664
    7.5000   22.5000  -37.5000 9878.9111   20.0589
   -7.5000   30.0000  -37.5000 8975.4512   19.7814
    0.0000   30.0000  -37.5000 9377.3242   19.8172
    7.5000   30.0000  -37.5000 8909.2119   19.8243
   -7.5000   37.5000  -37.5000 8345.6484   19.7636
    0.0000   37.5000  -37.5000 8737.7354   19.8097
    7.5000   37.5000  -37.5000 8295.9404   19.8417
   -7.5000   45.0000  -37.5000 7536.7021   19.2578
    0.0000   45.0000  -37.5000 7866.9331   19.2863
    7.5000   45.0000  -37.5000 7517.8022   19.3262
   -7.5000  -45.0000  -30.0000 8532.4785   20.9036
    0.0000  -45.0000  -30.0000 8922.2881   20.9336
    7.5000  -45.0000  -30.0000 8543.7744   20.9670
   -7.5000  -37.5000  -30.0000 9111.7441   20.9111
    0.0000  -37.5000  -30.0000 9524.9111   20.9118
    7.5000  -37.5000  -30.0000 9097.7793   20.9316
   -7.5000  -30.0000  -30.0000 9890.1250   20.9101
    0.0000  -30.0000  -30.000010389.5840   20.8994
    7.5000  -30.0000  -30.0000 9900.0391   20.9010
   -7.5000  -22.5000  -30.000010588.9346   20.9042
    0.0000  -22.5000  -30.000011151.7705   20.9111
    7.5000  -22.5000  -30.000010646.0010   20.9064
   -7.5000  -15.0000  -30.000011197.5986   20.8987
    0.0000  -15.0000  -30.000011795.7334   20.9330
    7.5000  -15.0000  -30.000011225.4824   20.9387
   -7.5000   -7.5000  -30.000011849.1660   20.8971
    0.0000   -7.5000  -30.000012451.4414   20.9431
    7.5000   -7.5000  -30.000011818.3828   20.9687
   -7.5000    0.0000  -30.000012420.3838   20.9036
    0.0000    0.0000  -30.000013035.5234   20.9336
    7.5000    0.0000  -30.000012358.3887   20.9670
   -7.5000    7.5000  -30.000011951.7012   20.9111
    0.0000    7.5000  -30.000012585.9834   20.9118
    7.5000    7.5000  -30.000011927.1865   20.9316
   -7.5000   15.0000  -30.000011469.4111   20.9101
    0.0000   15.0000  -30.000012034.1650   20.8994
    7.5000   15.0000  -30.000011372.2451   20.9010
   -7.5000   22.5000  -30.000010777.8467   20.8992
    0.0000   22.5000  -30.000011316.5684   20.9060
    7.5000   22.5000  -30.000010669.9521   20.9014
   -7.5000   30.0000  -30.0000 9690.2451   20.6222
    0.0000   30.0000  -30.000010154.5205   20.6560
    7.5000   30.0000  -30.0000 9616.7324   20.6617
   -7.5000   37.5000  -30.0000 8981.5811   20.6206
    0.0000   37.5000  -30.0000 9416.9844   20.6660
    7.5000   37.5000  -30.0000 8934.6250   20.6912
   -7.5000   45.0000  -30.0000 8061.8125   20.1161
    0.0000   45.0000  -30.0000 8467.8965   20.1450
    7.5000   45.0000  -30.0000 8068.8760   20.1771
   -7.5000  -45.0000  -22.5000 9262.1250   21.6970
    0.0000  -45.0000  -22.5000 9685.9648   21.7218
    7.5000  -45.0000  -22.5000 9262.9629   21.7479
   -7.5000  -37.5000  -22.5000 9868.6475   21.7032
    0.0000  -37.5000  -22.500010306.4590   21.7016
    7.5000  -37.5000  -22.5000 9840.5918   21.7160
   -7.5000  -30.0000  -22.500010708.2568   21.6844
    0.0000  -30.0000  -22.500011257.2178   21.6721
    7.5000  -30.0000  -22.500010732.8291   21.6743
   -7.5000  -22.5000  -22.500011469.9590   21.6606
    0.0000  -22.5000  -22.500012056.8936   21.6638
    7.5000  -22.5000  -22.500011532.4307   21.6649
   -7.5000  -15.0000  -22.500012157.1553   21.6535
    0.0000  -15.0000  -22.500012797.7070   21.6818
    7.5000  -15.0000  -22.500012160.6992   21.6925
   -7.5000   -7.5000  -22.500012854.0596   21.6712
    0.0000   -7.5000  -22.500013546.6855   21.7102
    7.5000   -7.5000  -22.500012794.9941   21.7340
   -7.5000    0.0000  -22.500013430.0469   21.6970
    0.0000    0.0000  -22.500014170.6094   21.7218
    7.5000    0.0000  -22.500013367.1953   21.7479
   -7.5000    7.5000  -22.500012920.0391   21.7032
    0.0000    7.5000  -22.500013640.0742   21.7016
    7.5000    7.5000  -22.500012871.9980   21.7160
   -7.5000   15.0000  -22.500012325.7510   21.6844
    0.0000   15.0000  -22.500012989.5312   21.6721
    7.5000   15.0000  -22.500012221.7461   21.6743
   -7.5000   22.5000  -22.500011608.2842   21.6539
    0.0000   22.5000  -22.500012215.0371   21.6572
    7.5000   22.5000  -22.500011463.9873   21.6582
   -7.5000   30.0000  -22.500010428.4482   21.3703
    0.0000   30.0000  -22.500010987.9785   21.3982
    7.5000   30.0000  -22.500010370.2217   21.4088
   -7.5000   37.5000  -22.5000 9642.5615   21.3877
    0.0000   37.5000  -22.500010119.7217   21.4262
    7.5000   37.5000  -22.5000 9591.3359   21.4497
   -7.5000   45.0000  -22.5000 8626.4453   20.8953
    0.0000   45.0000  -22.5000 9057.3828   20.9191
    7.5000   45.0000  -22.5000 8609.6963   20.9443
   -7.5000  -45.0000  -15.0000 9933.1748   22.2482
    0.0000  -45.0000  -15.000010413.8291   22.2700
    7.5000  -45.0000  -15.0000 9967.1816   22.2987
   -7.5000  -37.5000  -15.000010581.4365   22.2588
    0.0000  -37.5000  -15.000011094.8408   22.2568
    7.5000  -37.5000  -15.000010587.8291   22.2709
   -7.5000  -30.0000  -15.000011523.6055   22.2381
    0.0000  -30.0000  -15.000012135.4375   22.2266
    7.5000  -30.0000  -15.000011568.4727   22.2290
   -7.5000  -22.5000  -15.000012335.0498   22.2063
    0.0000  -22.5000  -15.000012970.9502   22.2096
    7.5000  -22.5000  -15.000012409.3721   22.2148
   -7.5000  -15.0000  -15.000013071.1406   22.1917
    0.0000  -15.0000  -15.000013745.1895   22.2188
    7.5000  -15.0000  -15.000013072.9043   22.2374
   -7.5000   -7.5000  -15.000013805.7910   22.2128
    0.0000   -7.5000  -15.000014535.1309   22.2490
    7.5000   -7.5000  -15.000013739.0400   22.2795
   -7.5000    0.0000  -15.000014441.8105   22.2482
    0.0000    0.0000  -15.000015307.0723   22.2700
    7.5000    0.0000  -15.000014409.9756   22.2987
   -7.5000    7.5000  -15.000013943.2832   22.2588
    0.0000    7.5000  -15.000014784.4512   22.2568
    7.5000    7.5000  -15.000013919.0820   22.2709
   -7.5000   15.0000  -15.000013237.0430   22.2381
    0.0000   15.0000  -15.000013982.7637   22.2266
    7.5000   15.0000  -15.000013103.4336   22.2290
   -7.5000   22.5000  -15.000012424.0859   22.1985
    0.0000   22.5000  -15.000013074.0059   22.2018
    7.5000   22.5000  -15.000012248.7842   22.2070
   -7.5000   30.0000  -15.000011200.7783   21.9045
    0.0000   30.0000  -15.000011811.8994   21.9313
    7.5000   30.0000  -15.000011114.5869   21.9496
   -7.5000   37.5000  -15.000010352.9111   21.9254
    0.0000   37.5000  -15.000010911.9590   21.9611
    7.5000   37.5000  -15.000010301.3447   21.9912
   -7.5000   45.0000  -15.0000 9211.6416   21.4390
    0.0000   45.0000  -15.0000 9712.3350   21.4600
    7.5000   45.0000  -15.0000 9205.1650   21.4877
   -7.5000  -45.0000   -7.500010662.0723   22.4522
    0.0000  -45.0000   -7.500011170.7295   22.4745
    7.5000  -45.0000   -7.500010722.2441   22.5138
   -7.5000  -37.5000   -7.500011368.4521   22.4724
    0.0000  -37.5000   -7.500011933.9971   22.4698
    7.5000  -37.5000   -7.500011400.8584   22.4884
   -7.5000  -30.0000   -7.500012409.3408   22.4720
    0.0000  -30.0000   -7.500013077.6406   22.4610
    7.5000  -30.0000   -7.500012503.0938   22.4614
   -7.5000  -22.5000   -7.500013286.7402   22.4509
    0.0000  -22.5000   -7.500014001.2871   22.4569
    7.5000  -22.5000   -7.500013417.6816   22.4592
   -7.5000  -15.0000   -7.500014039.2178   22.4266
    0.0000  -15.0000   -7.500014780.9619   22.4581
    7.5000  -15.0000   -7.500014083.9893   22.4795
   -7.5000   -7.5000   -7.500014820.2344   22.4275
    0.0000   -7.5000   -7.500015603.1562   22.4670
    7.5000   -7.5000   -7.500014757.7412   22.5071
   -7.5000    0.0000   -7.500015532.6250   22.4522
    0.0000    0.0000   -7.500016444.7988   22.4745
    7.5000    0.0000   -7.500015515.7305   22.5138
   -7.5000    7.5000   -7.500014990.9531   22.4724
    0.0000    7.5000   -7.500015893.1104   22.4698
    7.5000    7.5000   -7.500014972.7568   22.4884
   -7.5000   15.0000   -7.500014194.5684   22.4720
    0.0000   15.0000   -7.500014979.4658   22.4610
    7.5000   15.0000   -7.500014070.4072   22.4614
   -7.5000   22.5000   -7.500013301.4922   22.4406
    0.0000   22.5000   -7.500014000.0820   22.4465
    7.5000   22.5000   -7.500013139.9951   22.4488
   -7.5000   30.0000   -7.500011988.7617   22.1357
    0.0000   30.0000   -7.500012647.1328   22.1669
    7.5000   30.0000   -7.500011895.5732   22.1880
   -7.5000   37.5000   -7.500011097.2256   22.1367
    0.0000   37.5000   -7.500011709.8545   22.1757
    7.5000   37.5000   -7.500011044.8477   22.2152
   -7.5000   45.0000   -7.5000 9851.4453   21.6397
    0.0000   45.0000   -7.500010385.1689   21.6611
    7.5000   45.0000   -7.5000 9827.7676   21.6990
   -7.5000  -45.0000    0.000011325.6104   22.4239
    0.0000  -45.0000    0.000011848.9912   22.4508
    7.5000  -45.0000    0.000011379.3369   22.4989
   -7.5000  -37.5000    0.000012041.1025   22.4462
    0.0000  -37.5000    0.000012629.5703   22.4449
    7.5000  -37.5000    0.000012104.1406   22.4694
   -7.5000  -30.0000    0.000013210.3496   22.4658
    0.0000  -30.0000    0.000013910.7490   22.4554
    7.5000  -30.0000    0.000013339.8164   22.4536
   -7.5000  -22.5000    0.000014274.4756   22.4640
    0.0000  -22.5000    0.000015058.0615   22.4729
    7.5000  -22.5000    0.000014426.4844   22.4677
   -7.5000  -15.0000    0.000014998.2432   22.4403
    0.0000  -15.0000    0.000015820.7686   22.4776
    7.5000  -15.0000    0.000015092.7217   22.4933
   -7.5000   -7.5000    0.000015723.0420   22.4198
    0.0000   -7.5000    0.000016521.1113   22.4660
    7.5000   -7.5000    0.000015685.2598   22.5087
   -7.5000    0.0000    0.000016464.2520   22.4239
    0.0000    0.0000    0.000017362.5957   22.4508
    7.5000    0.0000    0.000016444.0469   22.4989
   -7.5000    7.5000    0.000015861.8584   22.4462
    0.0000    7.5000    0.000016784.5625   22.4449
    7.5000    7.5000    0.000015876.1533   22.4694
   -7.5000   15.0000    0.000014952.3057   22.4658
    0.0000   15.0000    0.000015777.1582   22.4554
    7.5000   15.0000    0.000014889.6748   22.4536
   -7.5000   22.5000    0.000014051.0635   22.4537
    0.0000   22.5000    0.000014811.2646   22.4625
    7.5000   22.5000    0.000013924.6064   22.4574
   -7.5000   30.0000    0.000012701.4131   22.1499
    0.0000   30.0000    0.000013390.5039   22.1867
    7.5000   30.0000    0.000012599.9424   22.2022
   -7.5000   37.5000    0.000011784.8926   22.1297
    0.0000   37.5000    0.000012426.3018   22.1752
    7.5000   37.5000    0.000011692.0879   22.2174
   -7.5000   45.0000    0.000010444.3525   21.6140
    0.0000   45.0000    0.000010990.0449   21.6399
    7.5000   45.0000    0.000010385.0352   21.6863
   -7.5000  -45.0000    7.500011101.2334   22.4036
    0.0000  -45.0000    7.500011608.0869   22.4368
    7.5000  -45.0000    7.500011147.8350   22.4832
   -7.5000  -37.5000    7.500011754.4004   22.4181
    0.0000  -37.5000    7.500012285.7061   22.4198
    7.5000  -37.5000    7.500011793.5752   22.4461
   -7.5000  -30.0000    7.500012903.9307   22.4355
    0.0000  -30.0000    7.500013530.2529   22.4259
    7.5000  -30.0000    7.500012982.1729   22.4256
   -7.5000  -22.5000    7.500014061.8984   22.4412
    0.0000  -22.5000    7.500014853.1191   22.4515
    7.5000  -22.5000    7.500014235.8369   22.4431
   -7.5000  -15.0000    7.500014858.6094   22.4284
    0.0000  -15.0000    7.500015657.0127   22.4690
    7.5000  -15.0000    7.500015000.1465   22.4771
   -7.5000   -7.5000    7.500015541.7129   22.4083
    0.0000   -7.5000    7.500016216.8604   22.4605
    7.5000   -7.5000    7.500015573.2783   22.4968
   -7.5000    0.0000    7.500016298.6377   22.4036
    0.0000    0.0000    7.500016958.2207   22.4368
    7.5000    0.0000    7.500016322.7158   22.4832
   -7.5000    7.5000    7.500015703.8916   22.4181
    0.0000    7.5000    7.500016394.6699   22.4198
    7.5000    7.5000    7.500015709.1592   22.4461
   -7.5000   15.0000    7.500014720.6270   22.4355
    0.0000   15.0000    7.500015383.2432   22.4259
    7.5000   15.0000    7.500014657.8906   22.4256
   -7.5000   22.5000    7.500013750.8711   22.4309
    0.0000   22.5000    7.500014423.8584   22.4411
    7.5000   22.5000    7.500013601.6455   22.4327
   -7.5000   30.0000    7.500012447.9238   22.1381
    0.0000   30.0000    7.500013084.2725   22.1783
    7.5000   30.0000    7.500012267.4189   22.1862
   -7.5000   37.5000    7.500011572.9238   22.1183
    0.0000   37.5000    7.500012180.3223   22.1698
    7.5000   37.5000    7.500011418.7910   22.2056
   -7.5000   45.0000    7.500010309.7793   21.5945
    0.0000   45.0000    7.500010833.1025   21.6265
    7.5000   45.0000    7.500010156.4385   21.6712
   -7.5000  -45.0000   15.000010705.4365   22.4470
    0.0000  -45.0000   15.000011188.9961   22.4793
    7.5000  -45.0000   15.000010758.8516   22.5151
   -7.5000  -37.5000   15.000011266.7764   22.4551
    0.0000  -37.5000   15.000011680.7334   22.4558
    7.5000  -37.5000   15.000011306.7969   22.4771
   -7.5000  -30.0000   15.000012319.2852   22.4540
    0.0000  -30.0000   15.000012700.1514   22.4425
    7.5000  -30.0000   15.000012397.2607   22.4442
   -7.5000  -22.5000   15.000013459.5469   22.4477
    0.0000  -22.5000   15.000014080.8711   22.4550
    7.5000  -22.5000   15.000013658.4834   22.4501
   -7.5000  -15.0000   15.000014482.4824   22.4418
    0.0000  -15.0000   15.000015107.7695   22.4786
    7.5000  -15.0000   15.000014665.2363   22.4847
   -7.5000   -7.5000   15.000015365.0244   22.4400
    0.0000   -7.5000   15.000015790.3613   22.4895
    7.5000   -7.5000   15.000015407.6582   22.5169
   -7.5000    0.0000   15.000016131.5840   22.4470
    0.0000    0.0000   15.000016530.2246   22.4793
    7.5000    0.0000   15.000016063.0908   22.5151
   -7.5000    7.5000   15.000015458.1924   22.4551
    0.0000    7.5000   15.000015918.8604   22.4558
    7.5000    7.5000   15.000015335.5635   22.4771
   -7.5000   15.0000   15.000014320.1006   22.4540
    0.0000   15.0000   15.000014836.3350   22.4425
    7.5000   15.0000   15.000014168.6934   22.4442
   -7.5000   22.5000   15.000013245.7822   22.4374
    0.0000   22.5000   15.000013820.1045   22.4447
    7.5000   22.5000   15.000013066.6221   22.4397
   -7.5000   30.0000   15.000011991.5811   22.1514
    0.0000   30.0000   15.000012561.2178   22.1877
    7.5000   30.0000   15.000011799.7041   22.1938
   -7.5000   37.5000   15.000011182.6602   22.1496
    0.0000   37.5000   15.000011718.0479   22.1984
    7.5000   37.5000   15.000010985.6191   22.2255
   -7.5000   45.0000   15.0000 9976.5244   21.6363
    0.0000   45.0000   15.000010475.3633   21.6674
    7.5000   45.0000   15.0000 9786.3789   21.7020
   -7.5000  -45.0000   22.500010254.1602   22.5232
    0.0000  -45.0000   22.500010627.5400   22.5489
    7.5000  -45.0000   22.500010261.2148   22.5760
   -7.5000  -37.5000   22.500010817.9072   22.5297
    0.0000  -37.5000   22.500011122.8740   22.5280
    7.5000  -37.5000   22.500010806.4473   22.5429
   -7.5000  -30.0000   22.500011847.1104   22.5101
    0.0000  -30.0000   22.500012184.1768   22.4973
    7.5000  -30.0000   22.500011864.4512   22.4997
   -7.5000  -22.5000   22.500012903.7061   22.4854
    0.0000  -22.5000   22.500013438.8115   22.4888
    7.5000  -22.5000   22.500013090.4297   22.4899
   -7.5000  -15.0000   22.500013816.9805   22.4781
    0.0000  -15.0000   22.500014350.0518   22.5074
    7.5000  -15.0000   22.500013964.0732   22.5186
   -7.5000   -7.5000   22.500014687.5127   22.4964
    0.0000   -7.5000   22.500015194.3877   22.5369
    7.5000   -7.5000   22.500014715.6504   22.5616
   -7.5000    0.0000   22.500015392.2178   22.5232
    0.0000    0.0000   22.500016011.0156   22.5489
    7.5000    0.0000   22.500015367.1084   22.5760
   -7.5000    7.5000   22.500014751.0186   22.5297
    0.0000    7.5000   22.500015396.2715   22.5280
    7.5000    7.5000   22.500014669.1582   22.5429
   -7.5000   15.0000   22.500013648.9561   22.5101
    0.0000   15.0000   22.500014268.4395   22.4973
    7.5000   15.0000   22.500013558.7666   22.4997
   -7.5000   22.5000   22.500012576.1416   22.4751
    0.0000   22.5000   22.500013147.9248   22.4784
    7.5000   22.5000   22.500012445.6514   22.4795
   -7.5000   30.0000   22.500011407.8135   22.1872
    0.0000   30.0000   22.500011949.8740   22.2161
    7.5000   30.0000   22.500011276.7080   22.2271
   -7.5000   37.5000   22.500010661.0654   22.2053
    0.0000   37.5000   22.500011127.5068   22.2453
    7.5000   37.5000   22.500010532.0713   22.2696
   -7.5000   45.0000   22.5000 9532.6338   21.7098
    0.0000   45.0000   22.5000 9945.6123   21.7346
    7.5000   45.0000   22.5000 9392.9824   21.7607
   -7.5000  -45.0000   30.0000 9702.8770   22.5535
    0.0000  -45.0000   30.000010120.9814   22.5756
    7.5000  -45.0000   30.0000 9695.1143   22.6047
   -7.5000  -37.5000   30.000010284.0156   22.5643
    0.0000  -37.5000   30.000010702.5039   22.5623
    7.5000  -37.5000   30.000010241.7969   22.5765
   -7.5000  -30.0000   30.000011247.6982   22.5433
    0.0000  -30.0000   30.000011750.2363   22.5316
    7.5000  -30.0000   30.000011294.4502   22.5341
   -7.5000  -22.5000   30.000012126.8750   22.5111
    0.0000  -22.5000   30.000012678.7461   22.5144
    7.5000  -22.5000   30.000012280.7959   22.5197
   -7.5000  -15.0000   30.000012838.4209   22.4962
    0.0000  -15.0000   30.000013319.9502   22.5238
    7.5000  -15.0000   30.000012927.6172   22.5426
   -7.5000   -7.5000   30.000013586.7207   22.5177
    0.0000   -7.5000   30.000014060.1504   22.5543
    7.5000   -7.5000   30.000013620.4287   22.5853
   -7.5000    0.0000   30.000014301.6152   22.5535
    0.0000    0.0000   30.000014832.7656   22.5756
    7.5000    0.0000   30.000014302.6846   22.6047
   -7.5000    7.5000   30.000013795.2598   22.5643
    0.0000    7.5000   30.000014371.8281   22.5623
    7.5000    7.5000   30.000013783.0576   22.5765
   -7.5000   15.0000   30.000012856.8389   22.5433
    0.0000   15.0000   30.000013422.4199   22.5316
    7.5000   15.0000   30.000012820.0352   22.5341
   -7.5000   22.5000   30.000011816.9512   22.5007
    0.0000   22.5000   30.000012328.5742   22.5041
    7.5000   22.5000   30.000011730.6055   22.5093
   -7.5000   30.0000   30.000010692.6875   22.2051
    0.0000   30.0000   30.000011193.0625   22.2323
    7.5000   30.0000   30.000010635.0137   22.2509
   -7.5000   37.5000   30.0000 9969.0605   22.2262
    0.0000   37.5000   30.000010423.4043   22.2625
    7.5000   37.5000   30.0000 9891.8125   22.2930
   -7.5000   45.0000   30.0000 8894.4658   21.7390
    0.0000   45.0000   30.0000 9285.9258   21.7603
    7.5000   45.0000   30.0000 8809.0791   21.7884
   -7.5000  -45.0000   37.5000 9431.4355   22.5058
    0.0000  -45.0000   37.5000 9890.4551   22.5282
    7.5000  -45.0000   37.5000 9450.9873   22.5677
   -7.5000  -37.5000   37.5000 9960.5254   22.5261
    0.0000  -37.5000   37.500010446.5859   22.5235
    7.5000  -37.5000   37.5000 9957.3525   22.5423
   -7.5000  -30.0000   37.500010824.8623   22.5257
    0.0000  -30.0000   37.500011383.4541   22.5147
    7.5000  -30.0000   37.500010912.5830   22.5151
   -7.5000  -22.5000   37.500011612.9844   22.5045
    0.0000  -22.5000   37.500012162.9043   22.5105
    7.5000  -22.5000   37.500011726.5654   22.5129
   -7.5000  -15.0000   37.500012245.9785   22.4800
    0.0000  -15.0000   37.500012745.3506   22.5117
    7.5000  -15.0000   37.500012331.6729   22.5332
   -7.5000   -7.5000   37.500012923.8936   22.4810
    0.0000   -7.5000   37.500013456.8916   22.5207
    7.5000   -7.5000   37.500013005.9434   22.5609
   -7.5000    0.0000   37.500013614.7031   22.5058
    0.0000    0.0000   37.500014177.4941   22.5282
    7.5000    0.0000   37.500013675.2832   22.5677
   -7.5000    7.5000   37.500013236.6729   22.5261
    0.0000    7.5000   37.500013810.1895   22.5235
    7.5000    7.5000   37.500013237.3672   22.5423
   -7.5000   15.0000   37.500012424.4961   22.5257
    0.0000   15.0000   37.500012948.0918   22.5147
    7.5000   15.0000   37.500012415.0342   22.5151
   -7.5000   22.5000   37.500011423.8662   22.4941
    0.0000   22.5000   37.500011892.4414   22.5001
    7.5000   22.5000   37.500011375.0645   22.5025
   -7.5000   30.0000   37.500010318.6475   22.1891
    0.0000   30.0000   37.500010802.8213   22.2204
    7.5000   30.0000   37.500010313.6797   22.2416
   -7.5000   37.5000   37.5000 9592.2012   22.1901
    0.0000   37.5000   37.500010024.1680   22.2292
    7.5000   37.5000   37.5000 9543.8896   22.2689
   -7.5000   45.0000   37.5000 8530.4355   21.6930
    0.0000   45.0000   37.5000 8906.1416   21.7146
    7.5000   45.0000   37.5000 8472.9336   21.7526
   -7.5000  -45.0000   45.0000 8630.2939   22.5437
    0.0000  -45.0000   45.0000 9069.6670   22.5709
    7.5000  -45.0000   45.0000 8660.5449   22.6192
   -7.5000  -37.5000   45.0000 9108.5117   22.5675
    0.0000  -37.5000   45.0000 9603.1260   22.5658
    7.5000  -37.5000   45.0000 9137.8291   22.5900
   -7.5000  -30.0000   45.0000 9891.2363   22.5878
    0.0000  -30.0000   45.000010457.9717   22.5766
    7.5000  -30.0000   45.0000 9982.3887   22.5739
   -7.5000  -22.5000   45.000010603.7227   22.5852
    0.0000  -22.5000   45.000011145.1328   22.5936
    7.5000  -22.5000   45.000010697.9785   22.5873
   -7.5000  -15.0000   45.000011179.7920   22.5600
    0.0000  -15.0000   45.000011668.7197   22.5975
    7.5000  -15.0000   45.000011254.7158   22.6126
   -7.5000   -7.5000   45.000011763.2266   22.5389
    0.0000   -7.5000   45.000012252.7715   22.5857
    7.5000   -7.5000   45.000011851.5449   22.6284
   -7.5000    0.0000   45.000012370.2617   22.5437
    0.0000    0.0000   45.000012851.5420   22.5709
    7.5000    0.0000   45.000012443.8262   22.6192
   -7.5000    7.5000   45.000012063.0537   22.5675
    0.0000    7.5000   45.000012534.2461   22.5658
    7.5000    7.5000   45.000012098.2139   22.5900
   -7.5000   15.0000   45.000011368.6289   22.5878
    0.0000   15.0000   45.000011854.3037   22.5766
    7.5000   15.0000   45.000011382.9414   22.5739
   -7.5000   22.5000   45.000010443.2363   22.5747
    0.0000   22.5000   45.000010889.9072   22.5831
    7.5000   22.5000   45.000010428.6748   22.5768
   -7.5000   30.0000   45.0000 9437.6338   22.2661
    0.0000   30.0000   45.0000 9875.3730   22.3031
    7.5000   30.0000   45.0000 9457.6113   22.3180
   -7.5000   37.5000   45.0000 8757.4385   22.2453
    0.0000   37.5000   45.0000 9164.5791   22.2914
    7.5000   37.5000   45.0000 8756.3779   22.3336
   -7.5000   45.0000   45.0000 7786.8154   21.7394
    0.0000   45.0000   45.0000 8133.4458   21.7656
    7.5000   45.0000   45.0000 7750.5259   21.8122

---------------------------------------------------------------------
imgreg_4dfp /opt/freesurfer/average/711-2C_as_mni_average_305 /opt/freesurfer/average/711-2B_as_mni_average_305_mask talsrcimg_g11 none talsrcimg_to_711-2C_as_mni_average_305_t4 4355
---------------------------------------------------------------------

freesurfer imgreg_4dfp.c
/opt/freesurfer/average/711-2C_as_mni_average_305.4dfp.img
       256       256       256         1
  1.000000  1.000000  1.000000
orientation T byte_order littleendian
Reading image: /opt/freesurfer/average/711-2C_as_mni_average_305.4dfp.img
dimensions:      256       256       256
mmppix:       1.0000   -1.0000   -1.0000
center:     128.0000 -129.0000 -129.0000
/opt/freesurfer/average/711-2B_as_mni_average_305_mask.4dfp.img
       256       256       256         1
  1.000000  1.000000  1.000000
orientation T byte_order littleendian
Reading mask: /opt/freesurfer/average/711-2B_as_mni_average_305_mask.4dfp.img (2306576 pixels)
talsrcimg_g11.4dfp.img
       256       256       256         1
  1.000000  1.000000  1.000000
orientation T byte_order littleendian
Reading image: talsrcimg_g11.4dfp.img
dimensions:      256       256       256
mmppix:       1.0000   -1.0000   -1.0000
center:     128.0000 -129.0000 -129.0000
rotation matrix determinant  1.000000
image alignment mode   4355 decimal     1103 hex
   -7.5000  -45.0000  -45.0000 1989.7819   24.4401
    0.0000  -45.0000  -45.0000 2004.5846   24.3706
    7.5000  -45.0000  -45.0000 1979.3154   24.5357
   -7.5000  -37.5000  -45.0000 2076.7793   22.7751
    0.0000  -37.5000  -45.0000 2091.3562   22.7517
    7.5000  -37.5000  -45.0000 2073.0974   22.8885
   -7.5000  -30.0000  -45.0000 2122.5308   21.6714
    0.0000  -30.0000  -45.0000 2138.5781   21.6249
    7.5000  -30.0000  -45.0000 2131.6143   21.6864
   -7.5000  -22.5000  -45.0000 2158.4270   20.8675
    0.0000  -22.5000  -45.0000 2169.4023   20.8595
    7.5000  -22.5000  -45.0000 2160.3894   20.8816
   -7.5000  -15.0000  -45.0000 2177.3586   20.5488
    0.0000  -15.0000  -45.0000 2184.0337   20.3882
    7.5000  -15.0000  -45.0000 2183.9419   20.5270
   -7.5000   -7.5000  -45.0000 2177.6924   20.5819
    0.0000   -7.5000  -45.0000 2190.1936   20.4379
    7.5000   -7.5000  -45.0000 2186.8689   20.5860
   -7.5000    0.0000  -45.0000 2169.8115   21.0050
    0.0000    0.0000  -45.0000 2179.8970   20.8745
    7.5000    0.0000  -45.0000 2168.6516   21.0604
   -7.5000    7.5000  -45.0000 2134.6238   21.9056
    0.0000    7.5000  -45.0000 2152.7163   21.7174
    7.5000    7.5000  -45.0000 2131.6794   21.8748
   -7.5000   15.0000  -45.0000 2086.5496   23.1106
    0.0000   15.0000  -45.0000 2106.1582   22.8916
    7.5000   15.0000  -45.0000 2090.7104   23.0358
   -7.5000   22.5000  -45.0000 2030.7672   24.6902
    0.0000   22.5000  -45.0000 2050.1074   24.4937
    7.5000   22.5000  -45.0000 2033.3527   24.6772
   -7.5000   30.0000  -45.0000 1941.9708   26.7959
    0.0000   30.0000  -45.0000 1964.6984   26.6111
    7.5000   30.0000  -45.0000 1952.7924   26.9363
   -7.5000   37.5000  -45.0000 1840.8297   29.7464
    0.0000   37.5000  -45.0000 1864.3337   29.3905
    7.5000   37.5000  -45.0000 1844.0405   29.8286
   -7.5000   45.0000  -45.0000 1727.1101   33.9614
    0.0000   45.0000  -45.0000 1742.5763   33.5043
    7.5000   45.0000  -45.0000 1737.2886   33.7834
   -7.5000  -45.0000  -37.5000 2087.5271   22.4322
    0.0000  -45.0000  -37.5000 2109.2756   22.3669
    7.5000  -45.0000  -37.5000 2085.7500   22.4974
   -7.5000  -37.5000  -37.5000 2191.5044   20.9121
    0.0000  -37.5000  -37.5000 2202.5317   20.8746
    7.5000  -37.5000  -37.5000 2180.3381   20.9781
   -7.5000  -30.0000  -37.5000 2243.7136   19.8338
    0.0000  -30.0000  -37.5000 2253.8442   19.8351
    7.5000  -30.0000  -37.5000 2243.2668   19.9317
   -7.5000  -22.5000  -37.5000 2265.6956   19.1214
    0.0000  -22.5000  -37.5000 2280.2664   19.1574
    7.5000  -22.5000  -37.5000 2269.5425   19.1594
   -7.5000  -15.0000  -37.5000 2275.1101   18.7453
    0.0000  -15.0000  -37.5000 2287.4673   18.7084
    7.5000  -15.0000  -37.5000 2277.0840   18.7343
   -7.5000   -7.5000  -37.5000 2274.2104   18.7778
    0.0000   -7.5000  -37.5000 2292.3228   18.6750
    7.5000   -7.5000  -37.5000 2274.3569   18.6659
   -7.5000    0.0000  -37.5000 2266.5530   19.1114
    0.0000    0.0000  -37.5000 2281.4604   19.0275
    7.5000    0.0000  -37.5000 2264.4990   19.1034
   -7.5000    7.5000  -37.5000 2245.5435   19.9114
    0.0000    7.5000  -37.5000 2267.7227   19.8146
    7.5000    7.5000  -37.5000 2247.1562   19.8904
   -7.5000   15.0000  -37.5000 2200.3535   21.0331
    0.0000   15.0000  -37.5000 2220.5464   20.9047
    7.5000   15.0000  -37.5000 2207.1711   20.9855
   -7.5000   22.5000  -37.5000 2135.6174   22.5658
    0.0000   22.5000  -37.5000 2151.8716   22.3934
    7.5000   22.5000  -37.5000 2135.2517   22.4959
   -7.5000   30.0000  -37.5000 2044.8824   24.5496
    0.0000   30.0000  -37.5000 2071.1084   24.3574
    7.5000   30.0000  -37.5000 2051.4016   24.6069
   -7.5000   37.5000  -37.5000 1933.8212   27.2196
    0.0000   37.5000  -37.5000 1958.7290   27.0024
    7.5000   37.5000  -37.5000 1936.6460   27.3137
   -7.5000   45.0000  -37.5000 1807.7582   30.8457
    0.0000   45.0000  -37.5000 1825.7782   30.5338
    7.5000   45.0000  -37.5000 1817.7362   30.8171
   -7.5000  -45.0000  -30.0000 2217.7966   21.4603
    0.0000  -45.0000  -30.0000 2240.9727   21.4814
    7.5000  -45.0000  -30.0000 2217.2268   21.5295
   -7.5000  -37.5000  -30.0000 2324.4844   19.9179
    0.0000  -37.5000  -30.0000 2339.9080   19.9272
    7.5000  -37.5000  -30.0000 2314.0654   19.9515
   -7.5000  -30.0000  -30.0000 2379.2488   18.8692
    0.0000  -30.0000  -30.0000 2396.5764   18.8837
    7.5000  -30.0000  -30.0000 2376.8328   18.9015
   -7.5000  -22.5000  -30.0000 2412.9243   18.1812
    0.0000  -22.5000  -30.0000 2432.3252   18.1812
    7.5000  -22.5000  -30.0000 2411.8191   18.1854
   -7.5000  -15.0000  -30.0000 2426.1235   17.7299
    0.0000  -15.0000  -30.0000 2446.8337   17.7634
    7.5000  -15.0000  -30.0000 2422.3989   17.7507
   -7.5000   -7.5000  -30.0000 2429.7383   17.8341
    0.0000   -7.5000  -30.0000 2448.8403   17.7931
    7.5000   -7.5000  -30.0000 2437.2095   17.7258
   -7.5000    0.0000  -30.0000 2425.0989   18.2187
    0.0000    0.0000  -30.0000 2438.9714   18.1376
    7.5000    0.0000  -30.0000 2421.5413   18.1300
   -7.5000    7.5000  -30.0000 2394.0300   18.9801
    0.0000    7.5000  -30.0000 2420.3716   18.8556
    7.5000    7.5000  -30.0000 2395.7654   18.8530
   -7.5000   15.0000  -30.0000 2346.0845   20.0039
    0.0000   15.0000  -30.0000 2369.7253   19.8771
    7.5000   15.0000  -30.0000 2350.8000   19.9063
   -7.5000   22.5000  -30.0000 2276.9038   21.3935
    0.0000   22.5000  -30.0000 2302.8350   21.2956
    7.5000   22.5000  -30.0000 2278.5493   21.3912
   -7.5000   30.0000  -30.0000 2178.9546   23.2844
    0.0000   30.0000  -30.0000 2203.7141   23.1592
    7.5000   30.0000  -30.0000 2179.0881   23.2914
   -7.5000   37.5000  -30.0000 2060.1663   25.8158
    0.0000   37.5000  -30.0000 2079.1936   25.6975
    7.5000   37.5000  -30.0000 2053.7314   25.7902
   -7.5000   45.0000  -30.0000 1917.2155   29.2537
    0.0000   45.0000  -30.0000 1945.9569   29.0529
    7.5000   45.0000  -30.0000 1930.4702   29.1485
   -7.5000  -45.0000  -22.5000 2318.0227   20.3550
    0.0000  -45.0000  -22.5000 2346.7615   20.3903
    7.5000  -45.0000  -22.5000 2313.4136   20.4906
   -7.5000  -37.5000  -22.5000 2423.6650   18.9377
    0.0000  -37.5000  -22.5000 2447.2444   18.9185
    7.5000  -37.5000  -22.5000 2410.9287   18.9003
   -7.5000  -30.0000  -22.5000 2486.5745   17.8558
    0.0000  -30.0000  -22.5000 2504.7207   17.8426
    7.5000  -30.0000  -22.5000 2478.7026   17.7593
   -7.5000  -22.5000  -22.5000 2531.5745   17.1691
    0.0000  -22.5000  -22.5000 2546.9526   17.1580
    7.5000  -22.5000  -22.5000 2528.8159   17.1399
   -7.5000  -15.0000  -22.5000 2557.9080   16.7176
    0.0000  -15.0000  -22.5000 2575.5408   16.6943
    7.5000  -15.0000  -22.5000 2550.6299   16.7014
   -7.5000   -7.5000  -22.5000 2570.1194   16.8125
    0.0000   -7.5000  -22.5000 2593.0469   16.7508
    7.5000   -7.5000  -22.5000 2567.9771   16.6970
   -7.5000    0.0000  -22.5000 2557.1968   17.2197
    0.0000    0.0000  -22.5000 2582.2693   17.1598
    7.5000    0.0000  -22.5000 2552.2075   17.1506
   -7.5000    7.5000  -22.5000 2525.4456   17.9635
    0.0000    7.5000  -22.5000 2556.2769   17.8744
    7.5000    7.5000  -22.5000 2523.9087   17.8494
   -7.5000   15.0000  -22.5000 2466.8164   18.8895
    0.0000   15.0000  -22.5000 2496.8247   18.8219
    7.5000   15.0000  -22.5000 2467.9788   18.7886
   -7.5000   22.5000  -22.5000 2396.1548   20.1814
    0.0000   22.5000  -22.5000 2420.6265   20.0968
    7.5000   22.5000  -22.5000 2395.2488   20.1580
   -7.5000   30.0000  -22.5000 2292.3352   21.9783
    0.0000   30.0000  -22.5000 2321.0154   21.8470
    7.5000   30.0000  -22.5000 2294.2979   21.9525
   -7.5000   37.5000  -22.5000 2159.9688   24.3624
    0.0000   37.5000  -22.5000 2178.6912   24.2246
    7.5000   37.5000  -22.5000 2156.6592   24.3396
   -7.5000   45.0000  -22.5000 2008.7341   27.5820
    0.0000   45.0000  -22.5000 2033.1987   27.3151
    7.5000   45.0000  -22.5000 2011.5388   27.4010
   -7.5000  -45.0000  -15.0000 2368.8794   19.3287
    0.0000  -45.0000  -15.0000 2402.4058   19.3434
    7.5000  -45.0000  -15.0000 2372.3757   19.5119
   -7.5000  -37.5000  -15.0000 2479.3093   17.9475
    0.0000  -37.5000  -15.0000 2513.8967   17.9406
    7.5000  -37.5000  -15.0000 2470.7405   17.9673
   -7.5000  -30.0000  -15.0000 2557.2690   16.8483
    0.0000  -30.0000  -15.0000 2587.7703   16.9209
    7.5000  -30.0000  -15.0000 2552.3582   16.8467
   -7.5000  -22.5000  -15.0000 2603.5835   16.1609
    0.0000  -22.5000  -15.0000 2622.4429   16.1585
    7.5000  -22.5000  -15.0000 2605.1543   16.1162
   -7.5000  -15.0000  -15.0000 2639.2617   15.7092
    0.0000  -15.0000  -15.0000 2660.9897   15.6802
    7.5000  -15.0000  -15.0000 2636.9778   15.6794
   -7.5000   -7.5000  -15.0000 2664.4043   15.7038
    0.0000   -7.5000  -15.0000 2690.8467   15.6772
    7.5000   -7.5000  -15.0000 2659.5161   15.6446
   -7.5000    0.0000  -15.0000 2652.5232   16.1723
    0.0000    0.0000  -15.0000 2692.4368   16.1214
    7.5000    0.0000  -15.0000 2652.9106   16.1107
   -7.5000    7.5000  -15.0000 2622.5085   16.8976
    0.0000    7.5000  -15.0000 2664.5564   16.8036
    7.5000    7.5000  -15.0000 2630.6460   16.8010
   -7.5000   15.0000  -15.0000 2565.1504   17.8189
    0.0000   15.0000  -15.0000 2601.2925   17.7300
    7.5000   15.0000  -15.0000 2565.5625   17.7313
   -7.5000   22.5000  -15.0000 2478.1567   19.0564
    0.0000   22.5000  -15.0000 2504.0112   18.9403
    7.5000   22.5000  -15.0000 2483.4307   19.0070
   -7.5000   30.0000  -15.0000 2372.7273   20.7311
    0.0000   30.0000  -15.0000 2402.7288   20.6564
    7.5000   30.0000  -15.0000 2384.9600   20.7256
   -7.5000   37.5000  -15.0000 2235.3989   22.9837
    0.0000   37.5000  -15.0000 2263.2070   22.9264
    7.5000   37.5000  -15.0000 2245.4263   22.9739
   -7.5000   45.0000  -15.0000 2077.7458   25.9477
    0.0000   45.0000  -15.0000 2106.8054   25.8324
    7.5000   45.0000  -15.0000 2083.5056   25.8910
   -7.5000  -45.0000   -7.5000 2403.6331   18.3962
    0.0000  -45.0000   -7.5000 2431.3169   18.3608
    7.5000  -45.0000   -7.5000 2413.5562   18.5948
   -7.5000  -37.5000   -7.5000 2525.3313   17.0372
    0.0000  -37.5000   -7.5000 2555.4983   16.9944
    7.5000  -37.5000   -7.5000 2524.8872   17.0921
   -7.5000  -30.0000   -7.5000 2612.0752   15.9481
    0.0000  -30.0000   -7.5000 2648.7239   15.9536
    7.5000  -30.0000   -7.5000 2616.5195   16.0058
   -7.5000  -22.5000   -7.5000 2669.7275   15.2231
    0.0000  -22.5000   -7.5000 2705.7363   15.2508
    7.5000  -22.5000   -7.5000 2677.0764   15.2474
   -7.5000  -15.0000   -7.5000 2710.1716   14.7465
    0.0000  -15.0000   -7.5000 2741.6421   14.6925
    7.5000  -15.0000   -7.5000 2710.8342   14.7506
   -7.5000   -7.5000   -7.5000 2744.5762   14.6503
    0.0000   -7.5000   -7.5000 2779.8950   14.5867
    7.5000   -7.5000   -7.5000 2739.8525   14.6353
   -7.5000    0.0000   -7.5000 2741.1111   15.1528
    0.0000    0.0000   -7.5000 2783.8860   15.0595
    7.5000    0.0000   -7.5000 2748.3633   15.0979
   -7.5000    7.5000   -7.5000 2711.1592   15.8375
    0.0000    7.5000   -7.5000 2747.1199   15.7215
    7.5000    7.5000   -7.5000 2721.2961   15.7878
   -7.5000   15.0000   -7.5000 2645.2971   16.7399
    0.0000   15.0000   -7.5000 2682.4995   16.6654
    7.5000   15.0000   -7.5000 2657.1492   16.7034
   -7.5000   22.5000   -7.5000 2556.7141   17.9707
    0.0000   22.5000   -7.5000 2588.1458   17.9278
    7.5000   22.5000   -7.5000 2566.5312   17.9834
   -7.5000   30.0000   -7.5000 2439.0205   19.6148
    0.0000   30.0000   -7.5000 2468.8000   19.5798
    7.5000   30.0000   -7.5000 2451.4209   19.6436
   -7.5000   37.5000   -7.5000 2296.8218   21.7544
    0.0000   37.5000   -7.5000 2328.7253   21.6985
    7.5000   37.5000   -7.5000 2312.3333   21.7658
   -7.5000   45.0000   -7.5000 2136.1101   24.5797
    0.0000   45.0000   -7.5000 2165.7502   24.4473
    7.5000   45.0000   -7.5000 2145.7461   24.5467
   -7.5000  -45.0000    0.0000 2423.1433   17.6922
    0.0000  -45.0000    0.0000 2442.5178   17.5247
    7.5000  -45.0000    0.0000 2428.8726   17.8387
   -7.5000  -37.5000    0.0000 2542.3022   16.3318
    0.0000  -37.5000    0.0000 2571.5869   16.1851
    7.5000  -37.5000    0.0000 2551.3022   16.3847
   -7.5000  -30.0000    0.0000 2644.8599   15.2761
    0.0000  -30.0000    0.0000 2678.6411   15.1542
    7.5000  -30.0000    0.0000 2659.5720   15.3290
   -7.5000  -22.5000    0.0000 2728.0776   14.5608
    0.0000  -22.5000    0.0000 2768.0259   14.5265
    7.5000  -22.5000    0.0000 2742.7600   14.6080
   -7.5000  -15.0000    0.0000 2772.1609   14.0131
    0.0000  -15.0000    0.0000 2822.4712   13.9168
    7.5000  -15.0000    0.0000 2776.1394   14.0040
   -7.5000   -7.5000    0.0000 2813.5925   13.8663
    0.0000   -7.5000    0.0000 2856.0222   13.7180
    7.5000   -7.5000    0.0000 2809.7854   13.8570
   -7.5000    0.0000    0.0000 2810.0354   14.3245
    0.0000    0.0000    0.0000 2848.0457   14.1916
    7.5000    0.0000    0.0000 2818.0574   14.2883
   -7.5000    7.5000    0.0000 2777.4492   15.0142
    0.0000    7.5000    0.0000 2816.8508   14.8989
    7.5000    7.5000    0.0000 2795.5261   14.9818
   -7.5000   15.0000    0.0000 2706.7751   15.9391
    0.0000   15.0000    0.0000 2742.7471   15.8321
    7.5000   15.0000    0.0000 2724.3208   15.9628
   -7.5000   22.5000    0.0000 2615.7656   17.1831
    0.0000   22.5000    0.0000 2647.8728   17.0792
    7.5000   22.5000    0.0000 2628.1289   17.2539
   -7.5000   30.0000    0.0000 2487.1331   18.8153
    0.0000   30.0000    0.0000 2521.8440   18.7398
    7.5000   30.0000    0.0000 2502.9700   18.9267
   -7.5000   37.5000    0.0000 2344.3623   20.8836
    0.0000   37.5000    0.0000 2377.3010   20.8104
    7.5000   37.5000    0.0000 2355.9729   21.0263
   -7.5000   45.0000    0.0000 2181.0654   23.5007
    0.0000   45.0000    0.0000 2207.1265   23.4035
    7.5000   45.0000    0.0000 2187.6306   23.5890
   -7.5000  -45.0000    7.5000 2431.7483   17.2506
    0.0000  -45.0000    7.5000 2439.0200   16.9358
    7.5000  -45.0000    7.5000 2435.6599   17.3592
   -7.5000  -37.5000    7.5000 2554.8533   15.8368
    0.0000  -37.5000    7.5000 2568.4448   15.5794
    7.5000  -37.5000    7.5000 2561.2781   15.9413
   -7.5000  -30.0000    7.5000 2659.2837   14.7972
    0.0000  -30.0000    7.5000 2683.5686   14.5445
    7.5000  -30.0000    7.5000 2675.8042   14.8585
   -7.5000  -22.5000    7.5000 2754.4958   14.1512
    0.0000  -22.5000    7.5000 2789.6704   13.9678
    7.5000  -22.5000    7.5000 2769.1077   14.1366
   -7.5000  -15.0000    7.5000 2814.4846   13.6250
    0.0000  -15.0000    7.5000 2883.6479   13.4777
    7.5000  -15.0000    7.5000 2831.9568   13.6253
   -7.5000   -7.5000    7.5000 2870.2673   13.5020
    0.0000   -7.5000    7.5000 2923.7971   13.1896
    7.5000   -7.5000    7.5000 2876.8716   13.4824
   -7.5000    0.0000    7.5000 2875.7749   13.9339
    0.0000    0.0000    7.5000 2916.2397   13.6474
    7.5000    0.0000    7.5000 2880.4600   13.9114
   -7.5000    7.5000    7.5000 2835.7756   14.6156
    0.0000    7.5000    7.5000 2862.0483   14.3484
    7.5000    7.5000    7.5000 2845.6814   14.5921
   -7.5000   15.0000    7.5000 2756.5833   15.5005
    0.0000   15.0000    7.5000 2787.9272   15.2382
    7.5000   15.0000    7.5000 2770.6604   15.4925
   -7.5000   22.5000    7.5000 2655.4446   16.7663
    0.0000   22.5000    7.5000 2688.6279   16.5370
    7.5000   22.5000    7.5000 2668.5771   16.7780
   -7.5000   30.0000    7.5000 2525.0627   18.4483
    0.0000   30.0000    7.5000 2559.6213   18.2614
    7.5000   30.0000    7.5000 2534.4595   18.4819
   -7.5000   37.5000    7.5000 2380.4749   20.4579
    0.0000   37.5000    7.5000 2409.0950   20.3181
    7.5000   37.5000    7.5000 2387.2236   20.5350
   -7.5000   45.0000    7.5000 2213.4221   23.0703
    0.0000   45.0000    7.5000 2235.4399   22.8315
    7.5000   45.0000    7.5000 2210.6460   23.0573
   -7.5000  -45.0000   15.0000 2414.5063   17.0876
    0.0000  -45.0000   15.0000 2420.7207   16.7340
    7.5000  -45.0000   15.0000 2418.0986   17.2289
   -7.5000  -37.5000   15.0000 2534.6255   15.6981
    0.0000  -37.5000   15.0000 2536.9094   15.3059
    7.5000  -37.5000   15.0000 2536.7832   15.7692
   -7.5000  -30.0000   15.0000 2642.9001   14.6380
    0.0000  -30.0000   15.0000 2650.7295   14.2142
    7.5000  -30.0000   15.0000 2653.8955   14.6631
   -7.5000  -22.5000   15.0000 2749.0488   13.9539
    0.0000  -22.5000   15.0000 2762.3367   13.5531
    7.5000  -22.5000   15.0000 2761.3276   13.9874
   -7.5000  -15.0000   15.0000 2844.5986   13.6040
    0.0000  -15.0000   15.0000 2890.3215   13.2859
    7.5000  -15.0000   15.0000 2862.3452   13.6432
   -7.5000   -7.5000   15.0000 2917.1079   13.5816
    0.0000   -7.5000   15.0000 2971.6069   13.2353
    7.5000   -7.5000   15.0000 2921.2388   13.5967
   -7.5000    0.0000   15.0000 2917.5300   13.9344
    0.0000    0.0000   15.0000 2966.4526   13.5368
    7.5000    0.0000   15.0000 2905.4780   13.8771
   -7.5000    7.5000   15.0000 2856.9336   14.5247
    0.0000    7.5000   15.0000 2891.7654   14.1786
    7.5000    7.5000   15.0000 2858.0972   14.4074
   -7.5000   15.0000   15.0000 2768.3557   15.3747
    0.0000   15.0000   15.0000 2797.7607   15.0897
    7.5000   15.0000   15.0000 2778.8000   15.3015
   -7.5000   22.5000   15.0000 2661.4329   16.6005
    0.0000   22.5000   15.0000 2689.5259   16.4094
    7.5000   22.5000   15.0000 2675.8438   16.5883
   -7.5000   30.0000   15.0000 2534.7437   18.2487
    0.0000   30.0000   15.0000 2564.9050   18.1202
    7.5000   30.0000   15.0000 2541.3118   18.2491
   -7.5000   37.5000   15.0000 2387.1372   20.3113
    0.0000   37.5000   15.0000 2416.8757   20.2213
    7.5000   37.5000   15.0000 2392.1799   20.3517
   -7.5000   45.0000   15.0000 2215.2078   22.8814
    0.0000   45.0000   15.0000 2241.1721   22.7615
    7.5000   45.0000   15.0000 2217.6587   22.8444
   -7.5000  -45.0000   22.5000 2391.2417   17.3407
    0.0000  -45.0000   22.5000 2387.3640   16.7907
    7.5000  -45.0000   22.5000 2390.5471   17.3794
   -7.5000  -37.5000   22.5000 2515.1409   16.0057
    0.0000  -37.5000   22.5000 2501.2478   15.4383
    7.5000  -37.5000   22.5000 2512.8108   15.9885
   -7.5000  -30.0000   22.5000 2634.4326   14.9775
    0.0000  -30.0000   22.5000 2622.8577   14.4511
    7.5000  -30.0000   22.5000 2635.1992   14.9553
   -7.5000  -22.5000   22.5000 2749.1611   14.2865
    0.0000  -22.5000   22.5000 2744.1350   13.8819
    7.5000  -22.5000   22.5000 2752.0288   14.3520
   -7.5000  -15.0000   22.5000 2829.6033   13.8169
    0.0000  -15.0000   22.5000 2866.5269   13.5363
    7.5000  -15.0000   22.5000 2850.3779   13.9423
   -7.5000   -7.5000   22.5000 2895.9065   13.7644
    0.0000   -7.5000   22.5000 2952.2371   13.4624
    7.5000   -7.5000   22.5000 2903.6726   13.8069
   -7.5000    0.0000   22.5000 2892.8721   14.1229
    0.0000    0.0000   22.5000 2950.8120   13.8565
    7.5000    0.0000   22.5000 2888.9834   14.0530
   -7.5000    7.5000   22.5000 2840.9475   14.7050
    0.0000    7.5000   22.5000 2890.5159   14.5879
    7.5000    7.5000   22.5000 2840.5173   14.6336
   -7.5000   15.0000   22.5000 2752.4326   15.5621
    0.0000   15.0000   22.5000 2783.4299   15.4546
    7.5000   15.0000   22.5000 2756.8271   15.5124
   -7.5000   22.5000   22.5000 2644.3608   16.7309
    0.0000   22.5000   22.5000 2672.8665   16.6408
    7.5000   22.5000   22.5000 2656.3372   16.7085
   -7.5000   30.0000   22.5000 2519.0203   18.3117
    0.0000   30.0000   22.5000 2555.5186   18.2495
    7.5000   30.0000   22.5000 2533.0876   18.3106
   -7.5000   37.5000   22.5000 2372.2827   20.3536
    0.0000   37.5000   22.5000 2401.2029   20.2701
    7.5000   37.5000   22.5000 2384.2856   20.3626
   -7.5000   45.0000   22.5000 2203.3572   22.8956
    0.0000   45.0000   22.5000 2229.3223   22.7788
    7.5000   45.0000   22.5000 2211.6135   22.8327
   -7.5000  -45.0000   30.0000 2371.7993   17.9548
    0.0000  -45.0000   30.0000 2369.2017   17.4862
    7.5000  -45.0000   30.0000 2362.0061   17.9499
   -7.5000  -37.5000   30.0000 2495.5867   16.5981
    0.0000  -37.5000   30.0000 2490.4236   16.1458
    7.5000  -37.5000   30.0000 2483.7322   16.5911
   -7.5000  -30.0000   30.0000 2611.1035   15.5697
    0.0000  -30.0000   30.0000 2606.5571   15.1256
    7.5000  -30.0000   30.0000 2606.1030   15.5744
   -7.5000  -22.5000   30.0000 2708.3428   14.7656
    0.0000  -22.5000   30.0000 2711.3823   14.4257
    7.5000  -22.5000   30.0000 2719.3474   14.8693
   -7.5000  -15.0000   30.0000 2783.4644   14.2310
    0.0000  -15.0000   30.0000 2809.1423   13.8739
    7.5000  -15.0000   30.0000 2803.8855   14.3388
   -7.5000   -7.5000   30.0000 2843.9021   14.1792
    0.0000   -7.5000   30.0000 2877.0090   13.8728
    7.5000   -7.5000   30.0000 2858.6072   14.2004
   -7.5000    0.0000   30.0000 2842.5557   14.5519
    0.0000    0.0000   30.0000 2886.2104   14.3203
    7.5000    0.0000   30.0000 2852.8484   14.5072
   -7.5000    7.5000   30.0000 2795.1978   15.2039
    0.0000    7.5000   30.0000 2844.8643   15.0422
    7.5000    7.5000   30.0000 2803.4124   15.1302
   -7.5000   15.0000   30.0000 2707.4097   16.1211
    0.0000   15.0000   30.0000 2744.9934   16.0034
    7.5000   15.0000   30.0000 2713.8826   16.0132
   -7.5000   22.5000   30.0000 2604.3657   17.2459
    0.0000   22.5000   30.0000 2631.9832   17.1907
    7.5000   22.5000   30.0000 2613.2839   17.2089
   -7.5000   30.0000   30.0000 2476.9707   18.7208
    0.0000   30.0000   30.0000 2512.0911   18.6382
    7.5000   30.0000   30.0000 2493.6025   18.7098
   -7.5000   37.5000   30.0000 2333.4331   20.6448
    0.0000   37.5000   30.0000 2362.8430   20.5494
    7.5000   37.5000   30.0000 2347.0701   20.6337
   -7.5000   45.0000   30.0000 2169.1289   23.1538
    0.0000   45.0000   30.0000 2197.3530   23.0560
    7.5000   45.0000   30.0000 2177.6963   23.0718
   -7.5000  -45.0000   37.5000 2346.3040   18.8616
    0.0000  -45.0000   37.5000 2350.4736   18.4933
    7.5000  -45.0000   37.5000 2337.6919   18.8529
   -7.5000  -37.5000   37.5000 2456.4226   17.3569
    0.0000  -37.5000   37.5000 2473.2905   16.9790
    7.5000  -37.5000   37.5000 2450.0862   17.3413
   -7.5000  -30.0000   37.5000 2563.3777   16.2183
    0.0000  -30.0000   37.5000 2583.9397   15.8606
    7.5000  -30.0000   37.5000 2564.3547   16.2548
   -7.5000  -22.5000   37.5000 2657.4521   15.3977
    0.0000  -22.5000   37.5000 2677.7542   15.0442
    7.5000  -22.5000   37.5000 2666.5200   15.4696
   -7.5000  -15.0000   37.5000 2720.2383   14.8488
    0.0000  -15.0000   37.5000 2746.2781   14.4585
    7.5000  -15.0000   37.5000 2740.8894   14.8912
   -7.5000   -7.5000   37.5000 2768.2102   14.7678
    0.0000   -7.5000   37.5000 2802.2397   14.5057
    7.5000   -7.5000   37.5000 2789.1560   14.8019
   -7.5000    0.0000   37.5000 2769.9084   15.1600
    0.0000    0.0000   37.5000 2802.2402   14.8980
    7.5000    0.0000   37.5000 2786.4985   15.1527
   -7.5000    7.5000   37.5000 2727.5911   15.8416
    0.0000    7.5000   37.5000 2769.1707   15.6326
    7.5000    7.5000   37.5000 2734.1926   15.7944
   -7.5000   15.0000   37.5000 2647.2837   16.7898
    0.0000   15.0000   37.5000 2682.8945   16.6033
    7.5000   15.0000   37.5000 2655.4656   16.6343
   -7.5000   22.5000   37.5000 2552.4150   17.9955
    0.0000   22.5000   37.5000 2581.1128   17.8995
    7.5000   22.5000   37.5000 2562.4036   17.8761
   -7.5000   30.0000   37.5000 2425.1240   19.5025
    0.0000   30.0000   37.5000 2458.5667   19.4182
    7.5000   30.0000   37.5000 2444.3032   19.4173
   -7.5000   37.5000   37.5000 2284.4929   21.3374
    0.0000   37.5000   37.5000 2309.5427   21.2024
    7.5000   37.5000   37.5000 2295.0781   21.2511
   -7.5000   45.0000   37.5000 2127.4446   23.7168
    0.0000   45.0000   37.5000 2148.0046   23.6043
    7.5000   45.0000   37.5000 2130.4814   23.6427
   -7.5000  -45.0000   45.0000 2289.4600   19.7345
    0.0000  -45.0000   45.0000 2313.0786   19.4781
    7.5000  -45.0000   45.0000 2289.3635   19.7296
   -7.5000  -37.5000   45.0000 2400.9419   18.1896
    0.0000  -37.5000   45.0000 2433.3015   17.9505
    7.5000  -37.5000   45.0000 2400.7405   18.2022
   -7.5000  -30.0000   45.0000 2502.3533   17.0127
    0.0000  -30.0000   45.0000 2534.3765   16.7947
    7.5000  -30.0000   45.0000 2507.2190   17.0721
   -7.5000  -22.5000   45.0000 2586.5735   16.2090
    0.0000  -22.5000   45.0000 2614.9443   15.8482
    7.5000  -22.5000   45.0000 2597.3237   16.2187
   -7.5000  -15.0000   45.0000 2644.3096   15.6559
    0.0000  -15.0000   45.0000 2668.7800   15.3174
    7.5000  -15.0000   45.0000 2664.3269   15.6881
   -7.5000   -7.5000   45.0000 2674.2681   15.6091
    0.0000   -7.5000   45.0000 2704.8682   15.3566
    7.5000   -7.5000   45.0000 2698.8442   15.6664
   -7.5000    0.0000   45.0000 2681.9165   15.9534
    0.0000    0.0000   45.0000 2703.2402   15.6776
    7.5000    0.0000   45.0000 2701.4387   15.9500
   -7.5000    7.5000   45.0000 2644.4253   16.6277
    0.0000    7.5000   45.0000 2670.7168   16.4044
    7.5000    7.5000   45.0000 2652.2859   16.6026
   -7.5000   15.0000   45.0000 2567.0503   17.6266
    0.0000   15.0000   45.0000 2597.8430   17.4093
    7.5000   15.0000   45.0000 2569.3069   17.5084
   -7.5000   22.5000   45.0000 2479.1909   18.8230
    0.0000   22.5000   45.0000 2507.3357   18.6619
    7.5000   22.5000   45.0000 2481.6370   18.7279
   -7.5000   30.0000   45.0000 2359.7876   20.3728
    0.0000   30.0000   45.0000 2387.9851   20.3040
    7.5000   30.0000   45.0000 2373.6804   20.3671
   -7.5000   37.5000   45.0000 2220.0671   22.2944
    0.0000   37.5000   45.0000 2247.0469   22.2348
    7.5000   37.5000   45.0000 2228.4023   22.2778
   -7.5000   45.0000   45.0000 2065.7610   24.6058
    0.0000   45.0000   45.0000 2088.0376   24.5005
    7.5000   45.0000   45.0000 2062.0195   24.6330

---------------------------------------------------------------------
imgreg_4dfp /opt/freesurfer/average/711-2C_as_mni_average_305 /opt/freesurfer/average/711-2B_as_mni_average_305_mask talsrcimg_g11 none talsrcimg_to_711-2C_as_mni_average_305_t4 1283
---------------------------------------------------------------------

freesurfer imgreg_4dfp.c
/opt/freesurfer/average/711-2C_as_mni_average_305.4dfp.img
       256       256       256         1
  1.000000  1.000000  1.000000
orientation T byte_order littleendian
Reading image: /opt/freesurfer/average/711-2C_as_mni_average_305.4dfp.img
dimensions:      256       256       256
mmppix:       1.0000   -1.0000   -1.0000
center:     128.0000 -129.0000 -129.0000
/opt/freesurfer/average/711-2B_as_mni_average_305_mask.4dfp.img
       256       256       256         1
  1.000000  1.000000  1.000000
orientation T byte_order littleendian
Reading mask: /opt/freesurfer/average/711-2B_as_mni_average_305_mask.4dfp.img (2306576 pixels)
talsrcimg_g11.4dfp.img
       256       256       256         1
  1.000000  1.000000  1.000000
orientation T byte_order littleendian
Reading image: talsrcimg_g11.4dfp.img
dimensions:      256       256       256
mmppix:       1.0000   -1.0000   -1.0000
center:     128.0000 -129.0000 -129.0000
rotation matrix determinant  1.000000
fimgreg.f
image alignment mode   1283 decimal      503 hex
parameters
    0.0000   -7.5000   15.0000    0.0000    0.0000    0.0000
eta,q 0.93158 13.16294
niter,ni,del,rscale     5    3   12.0000    1.2000
parameter  2 -1.105579 -> -0.500000 qaram    1.1500
parameter  4  0.868745 ->  0.500000 qaram    1.1500
parameters
   -0.6412   -4.0500   17.0591   -3.4500   -0.1299    0.0033
eta,q 0.93690 13.25420
  0.0809  0.0842  0.0834  0.0645  0.0693  0.0674
  0.0749  0.0784  0.0780  0.0628  0.0659  0.0639
  0.0708  0.0738  0.0717  0.0641  0.0640  0.0627
  0.0723  0.0706  0.0675  0.0664  0.0630  0.0631
  0.0766  0.0689  0.0665  0.0681  0.0632  0.0638
  0.0800  0.0663  0.0681  0.0707  0.0660  0.0648
  0.0812  0.0656  0.0714  0.0733  0.0705  0.0665
niter,ni,del,rscale     6    3   12.0000    1.2000
parameters
   -0.9941   -2.0512   16.7711   -3.4308    0.3578    0.7265
eta,q 0.93853 13.32271
  0.0762  0.0834  0.0721  0.0712  0.0699  0.0670
  0.0680  0.0746  0.0648  0.0657  0.0660  0.0650
  0.0628  0.0686  0.0619  0.0629  0.0632  0.0636
  0.0631  0.0630  0.0625  0.0622  0.0622  0.0619
  0.0666  0.0626  0.0649  0.0635  0.0620  0.0613
  0.0726  0.0641  0.0679  0.0661  0.0638  0.0627
  0.0767  0.0695  0.0719  0.0707  0.0682  0.0659
niter,ni,del,rscale     5    3   12.0000    1.2000
parameters
   -0.9599   -2.1358   16.8478   -3.3560    0.5031    0.6424
eta,q 0.93841 13.32539
  0.0771  0.0755  0.0736  0.0713  0.0688  0.0661
  0.0689  0.0690  0.0655  0.0654  0.0652  0.0644
  0.0629  0.0631  0.0615  0.0624  0.0625  0.0631
  0.0615  0.0615  0.0615  0.0615  0.0615  0.0615
  0.0636  0.0630  0.0638  0.0628  0.0616  0.0616
  0.0697  0.0684  0.0669  0.0656  0.0639  0.0637
  0.0759  0.0770  0.0710  0.0704  0.0688  0.0675
niter,ni,del,rscale     4    3   12.0000    1.2000
parameters
   -0.9828   -2.1499   16.8503   -3.3603    0.4808    0.6467
eta,q 0.93844 13.32398
  0.0768  0.0758  0.0733  0.0711  0.0685  0.0662
  0.0688  0.0692  0.0655  0.0651  0.0649  0.0645
  0.0631  0.0634  0.0615  0.0623  0.0623  0.0631
  0.0616  0.0616  0.0616  0.0616  0.0616  0.0616
  0.0637  0.0630  0.0640  0.0629  0.0617  0.0616
  0.0700  0.0682  0.0671  0.0658  0.0643  0.0635
  0.0762  0.0768  0.0713  0.0705  0.0693  0.0673
registration optimization eta report
parameter search radius
    6.0000    6.9000    6.0000    6.9000    6.0000    6.0000
100000*second partial in parameter space
       41.       31.       30.       19.       21.       14.
  0.0768  0.0758  0.0733  0.0711  0.0685  0.0662
  0.0688  0.0692  0.0655  0.0651  0.0649  0.0645
  0.0631  0.0634  0.0615  0.0623  0.0623  0.0631
  0.0616  0.0616  0.0616  0.0616  0.0616  0.0616
  0.0637  0.0630  0.0640  0.0629  0.0617  0.0616
  0.0700  0.0682  0.0671  0.0658  0.0643  0.0635
  0.0762  0.0768  0.0713  0.0705  0.0693  0.0673
   -0.9828   -2.1499   16.8503   -3.3603    0.4808    0.6467
eta,q 0.93844 13.32398

---------------------------------------------------------------------
imgreg_4dfp /opt/freesurfer/average/711-2C_as_mni_average_305 /opt/freesurfer/average/711-2B_as_mni_average_305_mask talsrcimg_g11 none talsrcimg_to_711-2C_as_mni_average_305_t4 3335
---------------------------------------------------------------------

freesurfer imgreg_4dfp.c
/opt/freesurfer/average/711-2C_as_mni_average_305.4dfp.img
       256       256       256         1
  1.000000  1.000000  1.000000
orientation T byte_order littleendian
Reading image: /opt/freesurfer/average/711-2C_as_mni_average_305.4dfp.img
dimensions:      256       256       256
mmppix:       1.0000   -1.0000   -1.0000
center:     128.0000 -129.0000 -129.0000
/opt/freesurfer/average/711-2B_as_mni_average_305_mask.4dfp.img
       256       256       256         1
  1.000000  1.000000  1.000000
orientation T byte_order littleendian
Reading mask: /opt/freesurfer/average/711-2B_as_mni_average_305_mask.4dfp.img (2306576 pixels)
talsrcimg_g11.4dfp.img
       256       256       256         1
  1.000000  1.000000  1.000000
orientation T byte_order littleendian
Reading image: talsrcimg_g11.4dfp.img
dimensions:      256       256       256
mmppix:       1.0000   -1.0000   -1.0000
center:     128.0000 -129.0000 -129.0000
fimgreg.f
image alignment mode   3335 decimal      D07 hex
parameters
   -0.9828   -2.1499   16.8503   -0.0099   -0.1777   -0.1754
   -1.0776   -0.9038    1.1287    5.8516    0.8392   -5.8612
eta,q 0.94055 13.35142
niter,ni,del,rscale     5    3    5.0000    1.2000
parameter  4  5.109043 ->  0.500000 qaram    1.1500
parameter  5  3.038181 ->  0.500000 qaram    1.1500
parameter  6  0.766563 ->  0.500000 qaram    1.1500
parameters
   -0.4663   -1.8702   16.5939   -4.1499   -4.3177   -4.3154
    0.7320   -0.5034    3.0094    7.7701    0.2993   -4.4295
eta,q 0.96032 13.18278
  0.0631  0.0620  0.0610  0.0442  0.0403  0.0401  0.0462  0.0485  0.0447  0.0464  0.0418  0.0421
  0.0614  0.0609  0.0598  0.0481  0.0430  0.0405  0.0438  0.0446  0.0428  0.0439  0.0406  0.0409
  0.0602  0.0599  0.0592  0.0531  0.0463  0.0417  0.0419  0.0418  0.0413  0.0417  0.0399  0.0402
  0.0595  0.0593  0.0592  0.0592  0.0494  0.0439  0.0408  0.0405  0.0405  0.0402  0.0398  0.0398
  0.0593  0.0593  0.0597  0.0654  0.0536  0.0487  0.0405  0.0411  0.0402  0.0398  0.0402  0.0397
  0.0598  0.0600  0.0606  0.0712  0.0582  0.0557  0.0412  0.0435  0.0407  0.0405  0.0411  0.0400
  0.0610  0.0612  0.0617  0.0773  0.0625  0.0631  0.0426  0.0470  0.0418  0.0424  0.0425  0.0408
niter,ni,del,rscale     7    3    5.0000    1.2000
parameter  4  0.895137 ->  0.500000 qaram    1.3225
parameter  5  3.064944 ->  0.500000 qaram    1.3225
parameters
   -0.1348   -2.9361   16.0596   -8.9109   -9.0787   -5.9301
    0.7907   -0.4354    3.6998    7.6803    0.0203   -6.7570
eta,q 0.97083 12.98835
  0.0456  0.0401  0.0401  0.0341  0.0263  0.0318  0.0333  0.0363  0.0329  0.0334  0.0305  0.0299
  0.0427  0.0392  0.0392  0.0338  0.0283  0.0305  0.0311  0.0325  0.0312  0.0313  0.0298  0.0293
  0.0406  0.0390  0.0388  0.0352  0.0315  0.0297  0.0298  0.0301  0.0300  0.0298  0.0294  0.0292
  0.0397  0.0396  0.0389  0.0388  0.0340  0.0291  0.0294  0.0294  0.0294  0.0294  0.0293  0.0293
  0.0398  0.0409  0.0395  0.0442  0.0375  0.0294  0.0298  0.0301  0.0295  0.0299  0.0295  0.0298
  0.0409  0.0426  0.0405  0.0509  0.0413  0.0320  0.0311  0.0324  0.0304  0.0313  0.0299  0.0306
  0.0431  0.0445  0.0418  0.0572  0.0452  0.0383  0.0331  0.0360  0.0318  0.0336  0.0307  0.0316
niter,ni,del,rscale     7    3    5.0000    1.2000
parameter  2  0.581899 ->  0.500000 qaram    1.1500
parameter  3  0.627113 ->  0.500000 qaram    1.1500
parameters
    0.0689   -4.3161   14.6796  -10.8799  -13.7413   -5.2082
    0.3752   -0.1232    4.1820    7.3559    1.0259   -8.3009
eta,q 0.97432 12.83068
  0.0342  0.0288  0.0276  0.0319  0.0283  0.0297  0.0288  0.0328  0.0286  0.0289  0.0270  0.0265
  0.0316  0.0280  0.0273  0.0296  0.0266  0.0281  0.0270  0.0289  0.0272  0.0272  0.0264  0.0260
  0.0299  0.0281  0.0274  0.0279  0.0258  0.0268  0.0260  0.0265  0.0263  0.0261  0.0260  0.0257
  0.0292  0.0291  0.0279  0.0273  0.0275  0.0260  0.0258  0.0258  0.0258  0.0258  0.0258  0.0257
  0.0294  0.0310  0.0289  0.0290  0.0316  0.0255  0.0263  0.0263  0.0259  0.0263  0.0257  0.0261
  0.0305  0.0333  0.0301  0.0333  0.0357  0.0260  0.0276  0.0282  0.0267  0.0276  0.0260  0.0267
  0.0328  0.0358  0.0316  0.0400  0.0403  0.0295  0.0295  0.0316  0.0280  0.0295  0.0265  0.0276
niter,ni,del,rscale     7    3    5.0000    1.2000
parameters
    0.0042   -3.8651   14.8191   -9.7149  -14.5818   -4.8742
    0.1225   -0.3626    4.1677    7.8611    0.9235   -8.9409
eta,q 0.97474 12.86941
  0.0293  0.0314  0.0277  0.0323  0.0307  0.0290  0.0285  0.0314  0.0277  0.0289  0.0265  0.0263
  0.0272  0.0287  0.0266  0.0297  0.0283  0.0274  0.0266  0.0278  0.0264  0.0270  0.0258  0.0257
  0.0260  0.0267  0.0258  0.0273  0.0264  0.0261  0.0255  0.0257  0.0256  0.0257  0.0254  0.0254
  0.0257  0.0257  0.0256  0.0256  0.0251  0.0253  0.0253  0.0253  0.0253  0.0253  0.0253  0.0253
  0.0262  0.0257  0.0257  0.0248  0.0259  0.0249  0.0257  0.0260  0.0255  0.0255  0.0253  0.0255
  0.0275  0.0267  0.0263  0.0265  0.0296  0.0257  0.0270  0.0284  0.0264  0.0264  0.0258  0.0260
  0.0297  0.0287  0.0273  0.0307  0.0338  0.0295  0.0289  0.0323  0.0278  0.0280  0.0266  0.0268
niter,ni,del,rscale     6    3    5.0000    1.2000
parameters
   -0.0042   -3.6965   14.8555   -9.6513  -14.8023   -4.7759
    0.1450   -0.3562    4.1839    8.0795    0.8576   -9.0941
eta,q 0.97469 12.87088
  0.0293  0.0300  0.0273  0.0315  0.0312  0.0290  0.0288  0.0319  0.0277  0.0286  0.0265  0.0265
  0.0270  0.0275  0.0262  0.0290  0.0288  0.0273  0.0268  0.0281  0.0264  0.0267  0.0259  0.0259
  0.0257  0.0259  0.0255  0.0268  0.0268  0.0261  0.0256  0.0259  0.0256  0.0256  0.0255  0.0255
  0.0253  0.0253  0.0253  0.0253  0.0252  0.0253  0.0253  0.0253  0.0253  0.0253  0.0253  0.0253
  0.0257  0.0256  0.0255  0.0252  0.0253  0.0249  0.0257  0.0259  0.0255  0.0256  0.0254  0.0254
  0.0271  0.0268  0.0261  0.0276  0.0285  0.0259  0.0268  0.0281  0.0263  0.0265  0.0258  0.0259
  0.0294  0.0289  0.0272  0.0327  0.0329  0.0300  0.0287  0.0318  0.0277  0.0281  0.0267  0.0267
niter,ni,del,rscale     5    3    5.0000    1.2000
parameters
    0.0022   -3.6499   14.8616   -9.6239  -14.8600   -4.7650
    0.1433   -0.3390    4.1984    8.1280    0.8518   -9.1219
eta,q 0.97467 12.87077
  0.0294  0.0295  0.0273  0.0315  0.0314  0.0290  0.0288  0.0319  0.0277  0.0284  0.0266  0.0265
  0.0271  0.0272  0.0262  0.0290  0.0289  0.0273  0.0268  0.0282  0.0264  0.0265  0.0259  0.0259
  0.0258  0.0258  0.0255  0.0269  0.0269  0.0261  0.0256  0.0259  0.0256  0.0255  0.0255  0.0255
  0.0253  0.0253  0.0253  0.0253  0.0253  0.0253  0.0253  0.0253  0.0253  0.0253  0.0253  0.0253
  0.0257  0.0257  0.0255  0.0253  0.0252  0.0249  0.0257  0.0260  0.0255  0.0257  0.0254  0.0254
  0.0271  0.0270  0.0262  0.0277  0.0282  0.0260  0.0269  0.0282  0.0263  0.0266  0.0258  0.0259
  0.0294  0.0292  0.0273  0.0328  0.0326  0.0302  0.0287  0.0318  0.0277  0.0282  0.0267  0.0266
niter,ni,del,rscale     4    3    5.0000    1.2000
parameters
    0.0073   -3.6393   14.8617   -9.6162  -14.8748   -4.7625
    0.1401   -0.3326    4.1997    8.1383    0.8452   -9.1351
eta,q 0.97466 12.87072
  0.0294  0.0294  0.0273  0.0315  0.0314  0.0290  0.0288  0.0319  0.0277  0.0284  0.0266  0.0265
  0.0271  0.0271  0.0262  0.0291  0.0290  0.0273  0.0268  0.0282  0.0264  0.0265  0.0259  0.0259
  0.0258  0.0257  0.0255  0.0269  0.0269  0.0261  0.0257  0.0259  0.0256  0.0255  0.0255  0.0255
  0.0253  0.0253  0.0253  0.0253  0.0253  0.0253  0.0253  0.0253  0.0253  0.0253  0.0253  0.0253
  0.0258  0.0258  0.0256  0.0253  0.0252  0.0249  0.0257  0.0260  0.0255  0.0257  0.0254  0.0254
  0.0271  0.0271  0.0262  0.0278  0.0282  0.0260  0.0269  0.0282  0.0263  0.0266  0.0258  0.0259
  0.0294  0.0293  0.0273  0.0329  0.0326  0.0302  0.0288  0.0319  0.0277  0.0282  0.0267  0.0266
registration optimization eta report
parameter search radius
    2.4000    2.7600    2.7600    9.5220    9.5220    8.2800
    7.2000    7.2000    7.2000    7.2000    7.2000    7.2000
100000*second partial in parameter space
       71.       53.       26.        8.        7.        7.
        7.       13.        5.        6.        2.        2.
  0.0294  0.0294  0.0273  0.0315  0.0314  0.0290  0.0288  0.0319  0.0277  0.0284  0.0266  0.0265
  0.0271  0.0271  0.0262  0.0291  0.0290  0.0273  0.0268  0.0282  0.0264  0.0265  0.0259  0.0259
  0.0258  0.0257  0.0255  0.0269  0.0269  0.0261  0.0257  0.0259  0.0256  0.0255  0.0255  0.0255
  0.0253  0.0253  0.0253  0.0253  0.0253  0.0253  0.0253  0.0253  0.0253  0.0253  0.0253  0.0253
  0.0258  0.0258  0.0256  0.0253  0.0252  0.0249  0.0257  0.0260  0.0255  0.0257  0.0254  0.0254
  0.0271  0.0271  0.0262  0.0278  0.0282  0.0260  0.0269  0.0282  0.0263  0.0266  0.0258  0.0259
  0.0294  0.0293  0.0273  0.0329  0.0326  0.0302  0.0288  0.0319  0.0277  0.0282  0.0267  0.0266
    0.0073   -3.6393   14.8617   -9.6162  -14.8748   -4.7625
    0.1401   -0.3326    4.1997    8.1383    0.8452   -9.1351
eta,q 0.97466 12.87072

---------------------------------------------------------------------
imgreg_4dfp /opt/freesurfer/average/711-2C_as_mni_average_305 /opt/freesurfer/average/711-2B_as_mni_average_305_mask talsrcimg_g11 none talsrcimg_to_711-2C_as_mni_average_305_t4 2311
---------------------------------------------------------------------

freesurfer imgreg_4dfp.c
/opt/freesurfer/average/711-2C_as_mni_average_305.4dfp.img
       256       256       256         1
  1.000000  1.000000  1.000000
orientation T byte_order littleendian
Reading image: /opt/freesurfer/average/711-2C_as_mni_average_305.4dfp.img
dimensions:      256       256       256
mmppix:       1.0000   -1.0000   -1.0000
center:     128.0000 -129.0000 -129.0000
/opt/freesurfer/average/711-2B_as_mni_average_305_mask.4dfp.img
       256       256       256         1
  1.000000  1.000000  1.000000
orientation T byte_order littleendian
Reading mask: /opt/freesurfer/average/711-2B_as_mni_average_305_mask.4dfp.img (2306576 pixels)
talsrcimg_g11.4dfp.img
       256       256       256         1
  1.000000  1.000000  1.000000
orientation T byte_order littleendian
Reading image: talsrcimg_g11.4dfp.img
dimensions:      256       256       256
mmppix:       1.0000   -1.0000   -1.0000
center:     128.0000 -129.0000 -129.0000
fimgreg.f
image alignment mode   2311 decimal      907 hex
parameters
    0.0073   -3.6393   14.8617   -9.6162  -14.8748   -4.7625
    0.1401   -0.3326    4.1997    8.1383    0.8452   -9.1351
eta,q 0.97466 12.87072
niter,ni,del,rscale     5    3    5.0000    0.8000
parameters
    0.0155   -3.6568   14.8403   -8.3408  -13.7757   -3.7113
    0.0811   -0.3326    4.2257    8.0981    0.8566   -9.2304
eta,q 0.97540 13.02099
  0.0271  0.0266  0.0260  0.0280  0.0276  0.0265  0.0266  0.0285  0.0260  0.0263  0.0255  0.0253
  0.0261  0.0259  0.0256  0.0269  0.0266  0.0257  0.0254  0.0264  0.0252  0.0253  0.0250  0.0249
  0.0255  0.0254  0.0254  0.0260  0.0258  0.0251  0.0248  0.0250  0.0248  0.0248  0.0247  0.0247
  0.0253  0.0253  0.0253  0.0253  0.0250  0.0247  0.0246  0.0246  0.0246  0.0246  0.0246  0.0246
  0.0255  0.0255  0.0254  0.0250  0.0247  0.0246  0.0248  0.0251  0.0247  0.0248  0.0247  0.0247
  0.0261  0.0259  0.0256  0.0253  0.0251  0.0247  0.0255  0.0264  0.0252  0.0254  0.0250  0.0249
  0.0271  0.0267  0.0260  0.0263  0.0263  0.0256  0.0267  0.0285  0.0260  0.0263  0.0255  0.0254
niter,ni,del,rscale     4    3    5.0000    0.7000
parameters
   -0.0113   -3.7153   15.0196   -8.6751  -13.7399   -3.2994
    0.0446   -0.3825    4.2717    8.2110    0.8062   -8.8621
eta,q 0.97546 13.03026
  0.0262  0.0258  0.0254  0.0262  0.0265  0.0258  0.0260  0.0275  0.0256  0.0259  0.0252  0.0252
  0.0253  0.0251  0.0250  0.0254  0.0257  0.0252  0.0252  0.0258  0.0250  0.0252  0.0249  0.0249
  0.0248  0.0247  0.0247  0.0248  0.0250  0.0249  0.0247  0.0248  0.0247  0.0247  0.0246  0.0247
  0.0246  0.0246  0.0246  0.0246  0.0246  0.0246  0.0245  0.0246  0.0245  0.0245  0.0245  0.0245
  0.0248  0.0248  0.0246  0.0249  0.0247  0.0245  0.0247  0.0249  0.0247  0.0247  0.0246  0.0246
  0.0254  0.0253  0.0248  0.0257  0.0254  0.0247  0.0252  0.0260  0.0250  0.0251  0.0248  0.0247
  0.0264  0.0260  0.0251  0.0271  0.0267  0.0256  0.0261  0.0276  0.0256  0.0258  0.0253  0.0250
niter,ni,del,rscale     3    3    5.0000    0.6000
parameters
   -0.0262   -3.7425   15.1156   -8.7280  -13.6098   -3.0558
    0.0339   -0.3936    4.3086    8.1965    0.8340   -8.6533
eta,q 0.97551 13.04340
  0.0258  0.0255  0.0251  0.0260  0.0261  0.0254  0.0256  0.0268  0.0253  0.0255  0.0250  0.0250
  0.0251  0.0249  0.0248  0.0253  0.0254  0.0250  0.0250  0.0255  0.0249  0.0249  0.0247  0.0247
  0.0247  0.0246  0.0246  0.0248  0.0249  0.0247  0.0246  0.0247  0.0246  0.0246  0.0246  0.0246
  0.0245  0.0245  0.0245  0.0245  0.0245  0.0245  0.0245  0.0245  0.0245  0.0245  0.0245  0.0245
  0.0247  0.0247  0.0246  0.0247  0.0246  0.0244  0.0246  0.0248  0.0246  0.0246  0.0245  0.0245
  0.0251  0.0250  0.0247  0.0252  0.0251  0.0247  0.0250  0.0255  0.0248  0.0250  0.0247  0.0246
  0.0258  0.0255  0.0249  0.0262  0.0261  0.0254  0.0256  0.0268  0.0253  0.0255  0.0250  0.0249
niter,ni,del,rscale     2    3    5.0000    0.5000
parameters
   -0.0344   -3.7684   15.1865   -8.7453  -13.5041   -2.8029
    0.0202   -0.4168    4.3208    8.1936    0.8767   -8.5300
eta,q 0.97555 13.05725
  0.0253  0.0251  0.0249  0.0256  0.0256  0.0252  0.0252  0.0261  0.0250  0.0252  0.0248  0.0248
  0.0249  0.0248  0.0247  0.0250  0.0251  0.0249  0.0248  0.0252  0.0247  0.0248  0.0246  0.0246
  0.0246  0.0245  0.0245  0.0247  0.0247  0.0246  0.0245  0.0246  0.0245  0.0245  0.0245  0.0245
  0.0245  0.0245  0.0245  0.0245  0.0245  0.0245  0.0244  0.0244  0.0244  0.0245  0.0245  0.0244
  0.0246  0.0246  0.0245  0.0246  0.0245  0.0244  0.0245  0.0246  0.0245  0.0245  0.0245  0.0245
  0.0249  0.0248  0.0246  0.0250  0.0249  0.0246  0.0248  0.0252  0.0247  0.0248  0.0246  0.0246
  0.0254  0.0252  0.0248  0.0257  0.0256  0.0251  0.0252  0.0261  0.0250  0.0252  0.0248  0.0248
niter,ni,del,rscale     1    3    5.0000    0.4000
parameters
   -0.0413   -3.7840   15.2485   -8.7587  -13.4276   -2.5547
    0.0042   -0.4331    4.3279    8.1997    0.9224   -8.4418
eta,q 0.97559 13.06978
  0.0250  0.0249  0.0247  0.0252  0.0252  0.0249  0.0249  0.0255  0.0248  0.0249  0.0247  0.0246
  0.0247  0.0246  0.0246  0.0248  0.0249  0.0247  0.0246  0.0249  0.0246  0.0246  0.0245  0.0245
  0.0245  0.0245  0.0245  0.0246  0.0246  0.0246  0.0245  0.0245  0.0245  0.0245  0.0245  0.0245
  0.0244  0.0244  0.0244  0.0244  0.0244  0.0244  0.0244  0.0244  0.0244  0.0244  0.0244  0.0244
  0.0245  0.0245  0.0245  0.0245  0.0245  0.0244  0.0245  0.0245  0.0245  0.0245  0.0244  0.0244
  0.0247  0.0247  0.0245  0.0248  0.0247  0.0245  0.0246  0.0249  0.0246  0.0246  0.0245  0.0245
  0.0250  0.0249  0.0246  0.0252  0.0252  0.0248  0.0249  0.0255  0.0248  0.0249  0.0247  0.0246
registration optimization eta report
parameter search radius
    0.8000    0.8000    0.8000    2.4000    2.4000    2.4000
    2.4000    2.4000    2.4000    2.4000    2.4000    2.4000
100000*second partial in parameter space
       89.       71.       36.       13.       13.        7.
        9.       19.        7.        9.        5.        4.
  0.0250  0.0249  0.0247  0.0252  0.0252  0.0249  0.0249  0.0255  0.0248  0.0249  0.0247  0.0246
  0.0247  0.0246  0.0246  0.0248  0.0249  0.0247  0.0246  0.0249  0.0246  0.0246  0.0245  0.0245
  0.0245  0.0245  0.0245  0.0246  0.0246  0.0246  0.0245  0.0245  0.0245  0.0245  0.0245  0.0245
  0.0244  0.0244  0.0244  0.0244  0.0244  0.0244  0.0244  0.0244  0.0244  0.0244  0.0244  0.0244
  0.0245  0.0245  0.0245  0.0245  0.0245  0.0244  0.0245  0.0245  0.0245  0.0245  0.0244  0.0244
  0.0247  0.0247  0.0245  0.0248  0.0247  0.0245  0.0246  0.0249  0.0246  0.0246  0.0245  0.0245
  0.0250  0.0249  0.0246  0.0252  0.0252  0.0248  0.0249  0.0255  0.0248  0.0249  0.0247  0.0246
   -0.0413   -3.7840   15.2485   -8.7587  -13.4276   -2.5547
    0.0042   -0.4331    4.3279    8.1997    0.9224   -8.4418
eta,q 0.97559 13.06978

---------------------------------------------------------------------
imgreg_4dfp /opt/freesurfer/average/711-2C_as_mni_average_305 /opt/freesurfer/average/711-2B_as_mni_average_305_mask talsrcimg_g11 none talsrcimg_to_711-2C_as_mni_average_305_t4 2311
---------------------------------------------------------------------

freesurfer imgreg_4dfp.c
/opt/freesurfer/average/711-2C_as_mni_average_305.4dfp.img
       256       256       256         1
  1.000000  1.000000  1.000000
orientation T byte_order littleendian
Reading image: /opt/freesurfer/average/711-2C_as_mni_average_305.4dfp.img
dimensions:      256       256       256
mmppix:       1.0000   -1.0000   -1.0000
center:     128.0000 -129.0000 -129.0000
/opt/freesurfer/average/711-2B_as_mni_average_305_mask.4dfp.img
       256       256       256         1
  1.000000  1.000000  1.000000
orientation T byte_order littleendian
Reading mask: /opt/freesurfer/average/711-2B_as_mni_average_305_mask.4dfp.img (2306576 pixels)
talsrcimg_g11.4dfp.img
       256       256       256         1
  1.000000  1.000000  1.000000
orientation T byte_order littleendian
Reading image: talsrcimg_g11.4dfp.img
dimensions:      256       256       256
mmppix:       1.0000   -1.0000   -1.0000
center:     128.0000 -129.0000 -129.0000
fimgreg.f
image alignment mode   2311 decimal      907 hex
parameters
   -0.0413   -3.7840   15.2485   -8.7587  -13.4277   -2.5547
    0.0042   -0.4331    4.3279    8.1997    0.9224   -8.4418
eta,q 0.97559 13.06977
niter,ni,del,rscale     5    3    5.0000    0.8000
parameters
   -0.0602   -3.7716   15.3328   -9.1406  -13.8768   -3.1474
    0.0175   -0.4488    4.2813    8.2001    0.7742   -8.3166
eta,q 0.97541 13.01206
  0.0266  0.0263  0.0255  0.0266  0.0266  0.0258  0.0265  0.0283  0.0259  0.0263  0.0254  0.0254
  0.0254  0.0252  0.0249  0.0255  0.0256  0.0252  0.0254  0.0262  0.0252  0.0254  0.0250  0.0250
  0.0247  0.0246  0.0246  0.0247  0.0248  0.0248  0.0248  0.0250  0.0247  0.0248  0.0247  0.0247
  0.0244  0.0244  0.0244  0.0244  0.0244  0.0245  0.0246  0.0246  0.0246  0.0246  0.0246  0.0246
  0.0247  0.0246  0.0245  0.0248  0.0248  0.0245  0.0248  0.0250  0.0247  0.0248  0.0247  0.0246
  0.0255  0.0252  0.0248  0.0259  0.0260  0.0254  0.0254  0.0263  0.0252  0.0254  0.0250  0.0249
  0.0268  0.0262  0.0253  0.0277  0.0280  0.0275  0.0265  0.0283  0.0260  0.0263  0.0255  0.0253
niter,ni,del,rscale     4    3    5.0000    0.7000
parameters
   -0.0500   -3.7754   15.1952   -8.8710  -13.7372   -3.2345
    0.0465   -0.4066    4.3048    8.1014    0.8374   -8.4821
eta,q 0.97547 13.02302
  0.0262  0.0259  0.0251  0.0266  0.0265  0.0257  0.0261  0.0276  0.0256  0.0258  0.0252  0.0251
  0.0253  0.0252  0.0248  0.0257  0.0257  0.0252  0.0252  0.0259  0.0250  0.0251  0.0249  0.0248
  0.0248  0.0247  0.0246  0.0250  0.0250  0.0248  0.0247  0.0249  0.0247  0.0247  0.0246  0.0246
  0.0246  0.0246  0.0246  0.0246  0.0245  0.0245  0.0245  0.0245  0.0245  0.0245  0.0245  0.0245
  0.0247  0.0248  0.0247  0.0246  0.0246  0.0245  0.0247  0.0249  0.0246  0.0247  0.0246  0.0246
  0.0253  0.0252  0.0250  0.0252  0.0252  0.0249  0.0252  0.0258  0.0250  0.0252  0.0248  0.0248
  0.0262  0.0259  0.0253  0.0264  0.0266  0.0262  0.0260  0.0275  0.0256  0.0260  0.0252  0.0252
niter,ni,del,rscale     3    3    5.0000    0.6000
parameters
   -0.0335   -3.7800   15.1610   -8.7636  -13.6035   -3.0577
    0.0279   -0.4111    4.3123    8.1204    0.8790   -8.5330
eta,q 0.97552 13.04053
  0.0258  0.0255  0.0250  0.0261  0.0261  0.0254  0.0256  0.0268  0.0253  0.0255  0.0250  0.0249
  0.0251  0.0250  0.0247  0.0254  0.0254  0.0250  0.0250  0.0255  0.0248  0.0250  0.0247  0.0247
  0.0247  0.0246  0.0246  0.0248  0.0249  0.0247  0.0246  0.0247  0.0246  0.0246  0.0246  0.0245
  0.0245  0.0245  0.0245  0.0245  0.0245  0.0245  0.0245  0.0245  0.0245  0.0245  0.0245  0.0245
  0.0246  0.0247  0.0246  0.0246  0.0246  0.0244  0.0246  0.0247  0.0246  0.0246  0.0245  0.0245
  0.0251  0.0250  0.0248  0.0251  0.0251  0.0247  0.0250  0.0255  0.0248  0.0249  0.0247  0.0247
  0.0257  0.0255  0.0250  0.0260  0.0261  0.0255  0.0256  0.0268  0.0253  0.0255  0.0250  0.0250
niter,ni,del,rscale     2    3    5.0000    0.5000
parameters
   -0.0380   -3.7843   15.1930   -8.7550  -13.5012   -2.8104
    0.0084   -0.4297    4.3260    8.1597    0.9128   -8.4903
eta,q 0.97555 13.05607
  0.0253  0.0252  0.0249  0.0256  0.0256  0.0251  0.0252  0.0261  0.0250  0.0252  0.0248  0.0248
  0.0249  0.0248  0.0246  0.0250  0.0251  0.0249  0.0248  0.0252  0.0247  0.0248  0.0246  0.0246
  0.0246  0.0246  0.0245  0.0247  0.0247  0.0246  0.0245  0.0246  0.0245  0.0245  0.0245  0.0245
  0.0245  0.0245  0.0245  0.0245  0.0245  0.0245  0.0244  0.0244  0.0244  0.0244  0.0244  0.0244
  0.0246  0.0246  0.0245  0.0246  0.0245  0.0244  0.0245  0.0246  0.0245  0.0245  0.0245  0.0245
  0.0249  0.0248  0.0246  0.0249  0.0249  0.0246  0.0248  0.0252  0.0247  0.0248  0.0246  0.0246
  0.0254  0.0252  0.0248  0.0257  0.0256  0.0251  0.0252  0.0261  0.0250  0.0252  0.0248  0.0248
niter,ni,del,rscale     1    3    5.0000    0.4000
parameters
   -0.0430   -3.7897   15.2549   -8.7571  -13.4300   -2.5628
    0.0041   -0.4435    4.3295    8.1949    0.9429   -8.4232
eta,q 0.97558 13.06911
  0.0250  0.0249  0.0247  0.0252  0.0252  0.0249  0.0249  0.0255  0.0248  0.0249  0.0247  0.0246
  0.0247  0.0246  0.0246  0.0248  0.0249  0.0247  0.0246  0.0249  0.0246  0.0246  0.0245  0.0245
  0.0245  0.0245  0.0245  0.0246  0.0246  0.0246  0.0245  0.0245  0.0245  0.0245  0.0245  0.0244
  0.0244  0.0244  0.0244  0.0244  0.0244  0.0244  0.0244  0.0244  0.0244  0.0244  0.0244  0.0244
  0.0245  0.0245  0.0245  0.0245  0.0245  0.0244  0.0245  0.0245  0.0245  0.0245  0.0244  0.0244
  0.0247  0.0247  0.0245  0.0248  0.0247  0.0245  0.0246  0.0249  0.0246  0.0246  0.0245  0.0245
  0.0250  0.0249  0.0246  0.0252  0.0252  0.0248  0.0249  0.0255  0.0248  0.0249  0.0247  0.0246
registration optimization eta report
parameter search radius
    0.8000    0.8000    0.8000    2.4000    2.4000    2.4000
    2.4000    2.4000    2.4000    2.4000    2.4000    2.4000
100000*second partial in parameter space
       89.       71.       36.       13.       13.        7.
        9.       19.        7.        9.        5.        4.
  0.0250  0.0249  0.0247  0.0252  0.0252  0.0249  0.0249  0.0255  0.0248  0.0249  0.0247  0.0246
  0.0247  0.0246  0.0246  0.0248  0.0249  0.0247  0.0246  0.0249  0.0246  0.0246  0.0245  0.0245
  0.0245  0.0245  0.0245  0.0246  0.0246  0.0246  0.0245  0.0245  0.0245  0.0245  0.0245  0.0244
  0.0244  0.0244  0.0244  0.0244  0.0244  0.0244  0.0244  0.0244  0.0244  0.0244  0.0244  0.0244
  0.0245  0.0245  0.0245  0.0245  0.0245  0.0244  0.0245  0.0245  0.0245  0.0245  0.0244  0.0244
  0.0247  0.0247  0.0245  0.0248  0.0247  0.0245  0.0246  0.0249  0.0246  0.0246  0.0245  0.0245
  0.0250  0.0249  0.0246  0.0252  0.0252  0.0248  0.0249  0.0255  0.0248  0.0249  0.0247  0.0246
   -0.0430   -3.7897   15.2549   -8.7571  -13.4300   -2.5628
    0.0041   -0.4435    4.3295    8.1949    0.9429   -8.4232
eta,q 0.97558 13.06911

---------------------------------------------------------------------
compute_vox2vox talsrcimg talsrcimg_to_711-2C_as_mni_average_305_t4 /opt/freesurfer/average/711-2C_as_mni_average_305
---------------------------------------------------------------------

freesurfer compute_vox2vox.c
Reading: talsrcimg.4dfp.ifh
Reading: talsrcimg_to_711-2C_as_mni_average_305_t4
Reading: /opt/freesurfer/average/711-2C_as_mni_average_305.4dfp.ifh
Writing: talsrcimg_to_711-2C_as_mni_average_305_t4_vox2vox.txt

start time Tue Mar 10 00:56:12 CET 2026
end		time Tue Mar 10 00:56:25 CET 2026

mpr2mni305 success

avi2talxfm orig_nu.mgz /opt/freesurfer/average/mni305.cor.mgz talsrcimg_to_711-2C_as_mni_average_305_t4_vox2vox.txt transforms/talairach.auto.xfm
avi2talxfm done
mv -f /out/sourcedata/freesurfer/sub-v1s3x0050808_ses-1/mri/talsrcimg_to_711-2C_as_mni_average_305_t4_vox2vox.txt /out/sourcedata/freesurfer/sub-v1s3x0050808_ses-1/mri/transforms/talsrcimg_to_711-2C_as_mni_average_305_t4_vox2vox.txt
lta_convert --src orig_nu.mgz --trg /opt/freesurfer/average/mni305.cor.mgz --inxfm transforms/talairach.auto.xfm --outlta transforms/talairach.auto.xfm.lta --subject fsaverage
7.3.2

--src: orig_nu.mgz src image (geometry).
--trg: /opt/freesurfer/average/mni305.cor.mgz trg image (geometry).
--inmni: transforms/talairach.auto.xfm input MNI/XFM transform.
--outlta: transforms/talairach.auto.xfm.lta output LTA.
--s: fsaverage subject name
 LTA read, type : 1
 1.09590   0.00495   0.00043   5.57372;
-0.01522   1.01790   0.09904   5.01945;
-0.05337  -0.09661   1.14574  -16.59268;
 0.00000   0.00000   0.00000   1.00000;
setting subject to fsaverage
Writing  LTA to file transforms/talairach.auto.xfm.lta...
lta_convert successful.
 
 
Started at Tue Mar 10 00:56:11 CET 2026
Ended   at Tue Mar 10 00:56:25 CET 2026
talairach_avi done
