/out/sourcedata/freesurfer/sub-v1s3x0050787_ses-1/mri
/opt/freesurfer/bin/talairach_avi
--i orig_nu.mgz --xfm transforms/talairach.auto.xfm
talairach_avi 7.3.2
Linux dna069 5.14.0-427.37.1.el9_4.x86_64 #1 SMP PREEMPT_DYNAMIC Fri Sep 13 12:41:50 EDT 2024 x86_64 x86_64 x86_64 GNU/Linux
Mon Mar  9 23:50:55 CET 2026
mri_convert orig_nu.mgz talsrcimg.img 
reading from orig_nu.mgz...
TR=0.00, TE=0.00, TI=0.00, flip angle=0.00
i_ras = (-1, 0, 0)
j_ras = (0, 0, -1)
k_ras = (0, 1, 0)
writing to talsrcimg.img...
Analyze Output Matrix
-1.00000   0.00000   0.00000   142.99292;
 0.00000   0.00000   1.00000  -142.45050;
 0.00000  -1.00000   0.00000   138.10551;
 0.00000   0.00000   0.00000   1.00000;
--------------------
INFO: set hdr.hist.orient to -1
mpr2mni305 talsrcimg
Mon Mar  9 23:50:55 CET 2026
/opt/freesurfer/bin/mpr2mni305 talsrcimg
mpr2mni305 7.3.2
target=711-2C_as_mni_average_305

---------------------------------------------------------------------
analyzeto4dfp talsrcimg -O0 -y
---------------------------------------------------------------------

freesurfer ifh2hdr.c
Mon Mar  9 23:50:55 2026
Writing: talsrcimg.4dfp.hdr
freesurfer analyzeto4dfp.c
Reading: talsrcimg.hdr
header size 348 bytes
hdr.dime.datatype	offset=70	value=2
hdr.dime.bitpix		offset=72	value=8
hdr.hist.orient		offset=252	value=-1
dimensionality     4
dimensions       256       256       256         1
Reading: talsrcimg.img
Writing: talsrcimg.4dfp.img
Writing: talsrcimg.4dfp.ifh
ifh2hdr talsrcimg -r0to235
ori=2

---------------------------------------------------------------------
gauss_4dfp talsrcimg 1.1
---------------------------------------------------------------------

freesurfer gauss_4dfp.c
Reading: talsrcimg.4dfp.img
Writing: talsrcimg_g11.4dfp.img
image dimensions 256 256 256 padded to 288 288 288
processing volume 1freesurfer ifh2hdr.c
Mon Mar  9 23:50:56 2026
Writing: talsrcimg_g11.4dfp.hdr

Writing: talsrcimg_g11.4dfp.ifh
including: talsrcimg.4dfp.img.rec in talsrcimg_g11.4dfp.img.rec

---------------------------------------------------------------------
imgreg_4dfp /opt/freesurfer/average/711-2C_as_mni_average_305 none talsrcimg_g11 none talsrcimg_to_711-2C_as_mni_average_305_t4 4355
---------------------------------------------------------------------

freesurfer imgreg_4dfp.c
/opt/freesurfer/average/711-2C_as_mni_average_305.4dfp.img
       256       256       256         1
  1.000000  1.000000  1.000000
orientation T byte_order littleendian
Reading image: /opt/freesurfer/average/711-2C_as_mni_average_305.4dfp.img
dimensions:      256       256       256
mmppix:       1.0000   -1.0000   -1.0000
center:     128.0000 -129.0000 -129.0000
talsrcimg_g11.4dfp.img
       256       256       256         1
  1.000000  1.000000  1.000000
orientation T byte_order littleendian
Reading image: talsrcimg_g11.4dfp.img
dimensions:      256       256       256
mmppix:       1.0000   -1.0000   -1.0000
center:     128.0000 -129.0000 -129.0000
t4_read: open error in t4_sub.f l:  41 t4_file(1:l)talsrcimg_to_711-2C_as_mni_average_305_t4 
t4_read: transform initialized to I4
rotation matrix determinant  1.000000
image alignment mode   4355 decimal     1103 hex
   -7.5000  -45.0000  -45.0000 7351.6968   21.8910
    0.0000  -45.0000  -45.0000 7665.1089   21.8688
    7.5000  -45.0000  -45.0000 7356.7476   21.8269
   -7.5000  -37.5000  -45.0000 7829.9424   21.9260
    0.0000  -37.5000  -45.0000 8172.9365   21.9098
    7.5000  -37.5000  -45.0000 7855.8486   21.8692
   -7.5000  -30.0000  -45.0000 8484.5605   21.9481
    0.0000  -30.0000  -45.0000 8905.0449   21.9293
    7.5000  -30.0000  -45.0000 8519.0029   21.8772
   -7.5000  -22.5000  -45.0000 9098.5439   21.9328
    0.0000  -22.5000  -45.0000 9553.2100   21.9038
    7.5000  -22.5000  -45.0000 9100.5508   21.8404
   -7.5000  -15.0000  -45.0000 9662.2852   21.8970
    0.0000  -15.0000  -45.000010165.1523   21.8615
    7.5000  -15.0000  -45.0000 9617.3711   21.7967
   -7.5000   -7.5000  -45.000010225.9160   21.8772
    0.0000   -7.5000  -45.000010804.7422   21.8460
    7.5000   -7.5000  -45.000010201.8105   21.7911
   -7.5000    0.0000  -45.000010562.4209   21.8910
    0.0000    0.0000  -45.000011152.0176   21.8688
    7.5000    0.0000  -45.000010541.9951   21.8269
   -7.5000    7.5000  -45.000010157.2314   21.9260
    0.0000    7.5000  -45.000010668.0234   21.9098
    7.5000    7.5000  -45.000010094.2246   21.8692
   -7.5000   15.0000  -45.0000 9647.5820   21.9481
    0.0000   15.0000  -45.000010086.2012   21.9293
    7.5000   15.0000  -45.0000 9512.4609   21.8772
   -7.5000   22.5000  -45.0000 8838.3643   21.9298
    0.0000   22.5000  -45.0000 9256.2822   21.9008
    7.5000   22.5000  -45.0000 8726.1895   21.8374
   -7.5000   30.0000  -45.0000 7954.5889   21.6052
    0.0000   30.0000  -45.0000 8359.9629   21.5702
    7.5000   30.0000  -45.0000 7852.1821   21.5063
   -7.5000   37.5000  -45.0000 7424.3765   21.5857
    0.0000   37.5000  -45.0000 7820.7622   21.5549
    7.5000   37.5000  -45.0000 7328.9761   21.5007
   -7.5000   45.0000  -45.0000 6656.2095   21.0515
    0.0000   45.0000  -45.0000 7014.2173   21.0302
    7.5000   45.0000  -45.0000 6586.1899   20.9899
   -7.5000  -45.0000  -37.5000 7842.8081   21.9304
    0.0000  -45.0000  -37.5000 8186.2603   21.8909
    7.5000  -45.0000  -37.5000 7869.4888   21.8489
   -7.5000  -37.5000  -37.5000 8322.1357   21.9458
    0.0000  -37.5000  -37.5000 8705.8711   21.9165
    7.5000  -37.5000  -37.5000 8382.5312   21.8753
   -7.5000  -30.0000  -37.5000 9021.1016   21.9604
    0.0000  -30.0000  -37.5000 9487.4990   21.9338
    7.5000  -30.0000  -37.5000 9094.1572   21.8777
   -7.5000  -22.5000  -37.5000 9719.4961   21.9603
    0.0000  -22.5000  -37.500010186.6309   21.9245
    7.5000  -22.5000  -37.5000 9724.7412   21.8544
   -7.5000  -15.0000  -37.500010286.5557   21.9436
    0.0000  -15.0000  -37.500010829.2217   21.8981
    7.5000  -15.0000  -37.500010274.9082   21.8268
   -7.5000   -7.5000  -37.500010886.6299   21.9283
    0.0000   -7.5000  -37.500011443.3398   21.8817
    7.5000   -7.5000  -37.500010878.5117   21.8237
   -7.5000    0.0000  -37.500011218.6465   21.9304
    0.0000    0.0000  -37.500011794.3252   21.8909
    7.5000    0.0000  -37.500011249.0117   21.8489
   -7.5000    7.5000  -37.500010739.9141   21.9458
    0.0000    7.5000  -37.500011294.5000   21.9165
    7.5000    7.5000  -37.500010733.7979   21.8752
   -7.5000   15.0000  -37.500010217.8164   21.9604
    0.0000   15.0000  -37.500010757.2959   21.9338
    7.5000   15.0000  -37.500010184.1270   21.8777
   -7.5000   22.5000  -37.5000 9391.0381   21.9573
    0.0000   22.5000  -37.5000 9892.5156   21.9215
    7.5000   22.5000  -37.5000 9334.6113   21.8514
   -7.5000   30.0000  -37.5000 8437.5283   21.6511
    0.0000   30.0000  -37.5000 8872.0176   21.6062
    7.5000   30.0000  -37.5000 8342.2510   21.5359
   -7.5000   37.5000  -37.5000 7828.4639   21.6360
    0.0000   37.5000  -37.5000 8269.8721   21.5901
    7.5000   37.5000  -37.5000 7768.4326   21.5328
   -7.5000   45.0000  -37.5000 7022.6494   21.0893
    0.0000   45.0000  -37.5000 7450.1973   21.0513
    7.5000   45.0000  -37.5000 6990.3843   21.0109
   -7.5000  -45.0000  -30.0000 8516.4307   22.8792
    0.0000  -45.0000  -30.0000 8906.6104   22.8309
    7.5000  -45.0000  -30.0000 8523.1182   22.7829
   -7.5000  -37.5000  -30.0000 9018.6123   22.8838
    0.0000  -37.5000  -30.0000 9469.0166   22.8468
    7.5000  -37.5000  -30.0000 9061.9414   22.8006
   -7.5000  -30.0000  -30.0000 9786.7617   22.8914
    0.0000  -30.0000  -30.000010287.7881   22.8597
    7.5000  -30.0000  -30.0000 9813.9307   22.8005
   -7.5000  -22.5000  -30.000010519.3662   22.8948
    0.0000  -22.5000  -30.000011039.5967   22.8555
    7.5000  -22.5000  -30.000010517.3086   22.7829
   -7.5000  -15.0000  -30.000011108.2764   22.8867
    0.0000  -15.0000  -30.000011685.2188   22.8381
    7.5000  -15.0000  -30.000011131.9541   22.7633
   -7.5000   -7.5000  -30.000011745.9463   22.8788
    0.0000   -7.5000  -30.000012329.8652   22.8263
    7.5000   -7.5000  -30.000011787.8447   22.7630
   -7.5000    0.0000  -30.000012116.0654   22.8792
    0.0000    0.0000  -30.000012736.7314   22.8309
    7.5000    0.0000  -30.000012185.9854   22.7829
   -7.5000    7.5000  -30.000011569.7988   22.8838
    0.0000    7.5000  -30.000012170.6182   22.8468
    7.5000    7.5000  -30.000011599.4521   22.8006
   -7.5000   15.0000  -30.000010964.4756   22.8914
    0.0000   15.0000  -30.000011554.6094   22.8597
    7.5000   15.0000  -30.000010965.7305   22.8005
   -7.5000   22.5000  -30.000010093.7803   22.8893
    0.0000   22.5000  -30.000010630.8242   22.8500
    7.5000   22.5000  -30.000010054.1982   22.7774
   -7.5000   30.0000  -30.0000 9034.7422   22.5838
    0.0000   30.0000  -30.0000 9493.3232   22.5359
    7.5000   30.0000  -30.0000 8971.3418   22.4621
   -7.5000   37.5000  -30.0000 8380.6777   22.5761
    0.0000   37.5000  -30.0000 8808.3428   22.5242
    7.5000   37.5000  -30.0000 8340.2432   22.4618
   -7.5000   45.0000  -30.0000 7506.9263   22.0179
    0.0000   45.0000  -30.0000 7951.9019   21.9715
    7.5000   45.0000  -30.0000 7487.0767   21.9252
   -7.5000  -45.0000  -22.5000 9207.6172   23.6280
    0.0000  -45.0000  -22.5000 9654.1562   23.5926
    7.5000  -45.0000  -22.5000 9223.9121   23.5388
   -7.5000  -37.5000  -22.5000 9721.0400   23.6447
    0.0000  -37.5000  -22.500010227.8242   23.6163
    7.5000  -37.5000  -22.5000 9762.1484   23.5663
   -7.5000  -30.0000  -22.500010572.8389   23.6556
    0.0000  -30.0000  -22.500011124.2646   23.6284
    7.5000  -30.0000  -22.500010594.7979   23.5703
   -7.5000  -22.5000  -22.500011343.8477   23.6456
    0.0000  -22.5000  -22.500011908.3379   23.6110
    7.5000  -22.5000  -22.500011341.4307   23.5431
   -7.5000  -15.0000  -22.500011942.1934   23.6233
    0.0000  -15.0000  -22.500012537.3564   23.5840
    7.5000  -15.0000  -22.500011974.0791   23.5132
   -7.5000   -7.5000  -22.500012601.9482   23.6168
    0.0000   -7.5000  -22.500013270.8018   23.5775
    7.5000   -7.5000  -22.500012668.8896   23.5128
   -7.5000    0.0000  -22.500013030.8682   23.6280
    0.0000    0.0000  -22.500013719.7432   23.5925
    7.5000    0.0000  -22.500013093.7793   23.5387
   -7.5000    7.5000  -22.500012426.3984   23.6447
    0.0000    7.5000  -22.500013090.2578   23.6163
    7.5000    7.5000  -22.500012470.7021   23.5663
   -7.5000   15.0000  -22.500011719.8604   23.6556
    0.0000   15.0000  -22.500012334.0928   23.6284
    7.5000   15.0000  -22.500011739.8115   23.5703
   -7.5000   22.5000  -22.500010838.4414   23.6383
    0.0000   22.5000  -22.500011363.4570   23.6037
    7.5000   22.5000  -22.500010829.6797   23.5358
   -7.5000   30.0000  -22.5000 9722.2500   23.3143
    0.0000   30.0000  -22.500010185.7764   23.2756
    7.5000   30.0000  -22.5000 9704.9590   23.2057
   -7.5000   37.5000  -22.5000 9021.4229   23.3079
    0.0000   37.5000  -22.5000 9436.8682   23.2691
    7.5000   37.5000  -22.5000 8997.1982   23.2052
   -7.5000   45.0000  -22.5000 8060.4966   22.7557
    0.0000   45.0000  -22.5000 8498.9932   22.7215
    7.5000   45.0000  -22.5000 8062.8721   22.6697
   -7.5000  -45.0000  -15.0000 9866.7324   24.1293
    0.0000  -45.0000  -15.000010375.2695   24.1155
    7.5000  -45.0000  -15.0000 9892.5322   24.0615
   -7.5000  -37.5000  -15.000010395.3682   24.1693
    0.0000  -37.5000  -15.000010959.9590   24.1573
    7.5000  -37.5000  -15.000010452.3691   24.1075
   -7.5000  -30.0000  -15.000011343.5010   24.1911
    0.0000  -30.0000  -15.000011938.0820   24.1733
    7.5000  -30.0000  -15.000011363.9736   24.1184
   -7.5000  -22.5000  -15.000012126.0811   24.1647
    0.0000  -22.5000  -15.000012748.0400   24.1386
    7.5000  -22.5000  -15.000012126.2227   24.0755
   -7.5000  -15.0000  -15.000012731.0059   24.1193
    0.0000  -15.0000  -15.000013425.4082   24.0928
    7.5000  -15.0000  -15.000012757.8467   24.0267
   -7.5000   -7.5000  -15.000013425.1475   24.1056
    0.0000   -7.5000  -15.000014199.4219   24.0857
    7.5000   -7.5000  -15.000013527.3789   24.0231
   -7.5000    0.0000  -15.000013942.2988   24.1293
    0.0000    0.0000  -15.000014750.6992   24.1155
    7.5000    0.0000  -15.000014055.2295   24.0615
   -7.5000    7.5000  -15.000013243.0576   24.1693
    0.0000    7.5000  -15.000014025.3447   24.1573
    7.5000    7.5000  -15.000013394.9824   24.1075
   -7.5000   15.0000  -15.000012461.4912   24.1911
    0.0000   15.0000  -15.000013156.2646   24.1733
    7.5000   15.0000  -15.000012572.8770   24.1184
   -7.5000   22.5000  -15.000011542.6016   24.1562
    0.0000   22.5000  -15.000012145.8398   24.1301
    7.5000   22.5000  -15.000011600.8145   24.0670
   -7.5000   30.0000  -15.000010369.4600   23.8071
    0.0000   30.0000  -15.000010903.8857   23.7810
    7.5000   30.0000  -15.000010420.6289   23.7157
   -7.5000   37.5000  -15.0000 9596.6660   23.7936
    0.0000   37.5000  -15.000010101.5000   23.7739
    7.5000   37.5000  -15.0000 9671.8232   23.7122
   -7.5000   45.0000  -15.0000 8563.0576   23.2525
    0.0000   45.0000  -15.0000 9043.0303   23.2392
    7.5000   45.0000  -15.0000 8645.9102   23.1872
   -7.5000  -45.0000   -7.500010570.6553   24.3878
    0.0000  -45.0000   -7.500011146.4219   24.3780
    7.5000  -45.0000   -7.500010600.1074   24.3276
   -7.5000  -37.5000   -7.500011175.2783   24.4374
    0.0000  -37.5000   -7.500011802.3379   24.4294
    7.5000  -37.5000   -7.500011250.7568   24.3820
   -7.5000  -30.0000   -7.500012201.6973   24.4649
    0.0000  -30.0000   -7.500012870.2412   24.4497
    7.5000  -30.0000   -7.500012247.8408   24.3950
   -7.5000  -22.5000   -7.500013005.3203   24.4359
    0.0000  -22.5000   -7.500013740.5225   24.4106
    7.5000  -22.5000   -7.500013020.8936   24.3469
   -7.5000  -15.0000   -7.500013609.6250   24.3835
    0.0000  -15.0000   -7.500014443.3535   24.3562
    7.5000  -15.0000   -7.500013708.0039   24.2901
   -7.5000   -7.5000   -7.500014413.8047   24.3628
    0.0000   -7.5000   -7.500015346.5605   24.3439
    7.5000   -7.5000   -7.500014585.7734   24.2836
   -7.5000    0.0000   -7.500014962.3750   24.3878
    0.0000    0.0000   -7.500015950.3906   24.3780
    7.5000    0.0000   -7.500015197.8467   24.3275
   -7.5000    7.5000   -7.500014169.3525   24.4374
    0.0000    7.5000   -7.500015100.9170   24.4294
    7.5000    7.5000   -7.500014436.5137   24.3820
   -7.5000   15.0000   -7.500013269.6602   24.4649
    0.0000   15.0000   -7.500014093.6865   24.4497
    7.5000   15.0000   -7.500013505.8027   24.3950
   -7.5000   22.5000   -7.500012304.1895   24.4246
    0.0000   22.5000   -7.500013008.0029   24.3993
    7.5000   22.5000   -7.500012419.3164   24.3357
   -7.5000   30.0000   -7.500011083.6680   24.0673
    0.0000   30.0000   -7.500011700.0449   24.0404
    7.5000   30.0000   -7.500011202.6182   23.9751
   -7.5000   37.5000   -7.500010237.1172   24.0468
    0.0000   37.5000   -7.500010840.3896   24.0282
    7.5000   37.5000   -7.500010412.7021   23.9687
   -7.5000   45.0000   -7.5000 9159.1621   23.5061
    0.0000   45.0000   -7.5000 9677.3135   23.4966
    7.5000   45.0000   -7.5000 9295.7646   23.4480
   -7.5000  -45.0000    0.000011162.0615   24.4765
    0.0000  -45.0000    0.000011781.9600   24.4513
    7.5000  -45.0000    0.000011221.4463   24.4044
   -7.5000  -37.5000    0.000011781.2734   24.5152
    0.0000  -37.5000    0.000012513.3984   24.4967
    7.5000  -37.5000    0.000011903.8086   24.4512
   -7.5000  -30.0000    0.000012910.8604   24.5401
    0.0000  -30.0000    0.000013731.1250   24.5188
    7.5000  -30.0000    0.000013034.1484   24.4604
   -7.5000  -22.5000    0.000013829.9639   24.5236
    0.0000  -22.5000    0.000014846.8477   24.4910
    7.5000  -22.5000    0.000014021.8838   24.4201
   -7.5000  -15.0000    0.000014462.4014   24.4842
    0.0000  -15.0000    0.000015660.7539   24.4442
    7.5000  -15.0000    0.000014824.5732   24.3718
   -7.5000   -7.5000    0.000015278.0918   24.4618
    0.0000   -7.5000    0.000016530.7578   24.4266
    7.5000   -7.5000    0.000015735.1152   24.3652
   -7.5000    0.0000    0.000015828.6045   24.4765
    0.0000    0.0000    0.000017110.2891   24.4513
    7.5000    0.0000    0.000016340.6084   24.4044
   -7.5000    7.5000    0.000015023.1133   24.5152
    0.0000    7.5000    0.000016157.3838   24.4967
    7.5000    7.5000    0.000015475.2588   24.4512
   -7.5000   15.0000    0.000014007.3096   24.5401
    0.0000   15.0000    0.000015053.4424   24.5188
    7.5000   15.0000    0.000014427.6670   24.4604
   -7.5000   22.5000    0.000012999.4297   24.5123
    0.0000   22.5000    0.000013859.9629   24.4797
    7.5000   22.5000    0.000013244.8506   24.4089
   -7.5000   30.0000    0.000011731.2393   24.1673
    0.0000   30.0000    0.000012455.9932   24.1279
    7.5000   30.0000    0.000011945.7432   24.0564
   -7.5000   37.5000    0.000010879.7803   24.1452
    0.0000   37.5000    0.000011519.2588   24.1104
    7.5000   37.5000    0.000011069.9297   24.0499
   -7.5000   45.0000    0.0000 9739.3145   23.5933
    0.0000   45.0000    0.000010304.0967   23.5690
    7.5000   45.0000    0.0000 9845.9443   23.5238
   -7.5000  -45.0000    7.500010886.0342   24.5405
    0.0000  -45.0000    7.500011519.7666   24.4963
    7.5000  -45.0000    7.500011028.3789   24.4493
   -7.5000  -37.5000    7.500011457.8330   24.5578
    0.0000  -37.5000    7.500012159.8838   24.5250
    7.5000  -37.5000    7.500011640.3564   24.4788
   -7.5000  -30.0000    7.500012590.4238   24.5741
    0.0000  -30.0000    7.500013458.7617   24.5443
    7.5000  -30.0000    7.500012813.9980   24.4815
   -7.5000  -22.5000    7.500013593.0811   24.5740
    0.0000  -22.5000    7.500014846.9189   24.5339
    7.5000  -22.5000    7.500013968.3145   24.4555
   -7.5000  -15.0000    7.500014136.4961   24.5553
    0.0000  -15.0000    7.500015411.0732   24.5043
    7.5000  -15.0000    7.500014618.4766   24.4246
   -7.5000   -7.5000    7.500014830.8301   24.5381
    0.0000   -7.5000    7.500016009.7910   24.4861
    7.5000   -7.5000    7.500015376.3828   24.4211
   -7.5000    0.0000    7.500015309.6523   24.5405
    0.0000    0.0000    7.500016485.9023   24.4963
    7.5000    0.0000    7.500015915.9600   24.4493
   -7.5000    7.5000    7.500014562.1992   24.5578
    0.0000    7.5000    7.500015705.9326   24.5250
    7.5000    7.5000    7.500015161.0391   24.4788
   -7.5000   15.0000    7.500013610.6982   24.5741
    0.0000   15.0000    7.500014692.2793   24.5443
    7.5000   15.0000    7.500014133.7285   24.4815
   -7.5000   22.5000    7.500012626.2803   24.5627
    0.0000   22.5000    7.500013551.7891   24.5226
    7.5000   22.5000    7.500012961.6094   24.4442
   -7.5000   30.0000    7.500011480.9092   24.2375
    0.0000   30.0000    7.500012265.2158   24.1872
    7.5000   30.0000    7.500011689.6797   24.1085
   -7.5000   37.5000    7.500010718.4756   24.2206
    0.0000   37.5000    7.500011429.9414   24.1692
    7.5000   37.5000    7.500010855.5020   24.1051
   -7.5000   45.0000    7.5000 9589.9863   23.6549
    0.0000   45.0000    7.500010208.6943   23.6123
    7.5000   45.0000    7.5000 9667.2695   23.5670
   -7.5000  -45.0000   15.000010453.4170   24.5685
    0.0000  -45.0000   15.000011062.9805   24.5167
    7.5000  -45.0000   15.000010608.6221   24.4651
   -7.5000  -37.5000   15.000010993.9395   24.5734
    0.0000  -37.5000   15.000011652.6553   24.5337
    7.5000  -37.5000   15.000011187.2451   24.4841
   -7.5000  -30.0000   15.000012016.5986   24.5816
    0.0000  -30.0000   15.000012784.3350   24.5476
    7.5000  -30.0000   15.000012258.7090   24.4839
   -7.5000  -22.5000   15.000012988.3076   24.5852
    0.0000  -22.5000   15.000014051.7803   24.5430
    7.5000  -22.5000   15.000013333.9199   24.4651
   -7.5000  -15.0000   15.000013690.7129   24.5765
    0.0000  -15.0000   15.000014757.4160   24.5243
    7.5000  -15.0000   15.000014126.6758   24.4441
   -7.5000   -7.5000   15.000014473.5410   24.5681
    0.0000   -7.5000   15.000015439.7529   24.5117
    7.5000   -7.5000   15.000014947.2393   24.4438
   -7.5000    0.0000   15.000014958.1357   24.5685
    0.0000    0.0000   15.000016003.6992   24.5166
    7.5000    0.0000   15.000015469.0195   24.4650
   -7.5000    7.5000   15.000014291.2451   24.5734
    0.0000    7.5000   15.000015391.8105   24.5337
    7.5000    7.5000   15.000014765.3477   24.4841
   -7.5000   15.0000   15.000013294.7256   24.5816
    0.0000   15.0000   15.000014360.1045   24.5476
    7.5000   15.0000   15.000013665.2949   24.4839
   -7.5000   22.5000   15.000012253.5605   24.5739
    0.0000   22.5000   15.000013179.2744   24.5317
    7.5000   22.5000   15.000012479.1748   24.4538
   -7.5000   30.0000   15.000011123.6553   24.2584
    0.0000   30.0000   15.000011948.8740   24.2069
    7.5000   30.0000   15.000011272.5176   24.1277
   -7.5000   37.5000   15.000010363.8164   24.2502
    0.0000   37.5000   15.000011136.2666   24.1945
    7.5000   37.5000   15.000010470.6162   24.1274
   -7.5000   45.0000   15.0000 9244.2402   23.6820
    0.0000   45.0000   15.0000 9936.7598   23.6319
    7.5000   45.0000   15.0000 9338.2363   23.5822
   -7.5000  -45.0000   22.5000 9982.3740   24.5278
    0.0000  -45.0000   22.500010457.6025   24.4910
    7.5000  -45.0000   22.500010100.2871   24.4351
   -7.5000  -37.5000   22.500010523.0117   24.5451
    0.0000  -37.5000   22.500010993.5361   24.5156
    7.5000  -37.5000   22.500010669.6338   24.4637
   -7.5000  -30.0000   22.500011469.3984   24.5564
    0.0000  -30.0000   22.500012015.0430   24.5281
    7.5000  -30.0000   22.500011646.3955   24.4679
   -7.5000  -22.5000   22.500012388.7920   24.5460
    0.0000  -22.5000   22.500013091.8965   24.5101
    7.5000  -22.5000   22.500012606.3457   24.4396
   -7.5000  -15.0000   22.500013255.7227   24.5229
    0.0000  -15.0000   22.500014062.5107   24.4821
    7.5000  -15.0000   22.500013397.6113   24.4086
   -7.5000   -7.5000   22.500014203.4092   24.5161
    0.0000   -7.5000   22.500015241.2119   24.4753
    7.5000   -7.5000   22.500014332.9736   24.4081
   -7.5000    0.0000   22.500014660.3467   24.5278
    0.0000    0.0000   22.500015981.9990   24.4909
    7.5000    0.0000   22.500014851.2900   24.4351
   -7.5000    7.5000   22.500013881.0352   24.5451
    0.0000    7.5000   22.500015179.0420   24.5156
    7.5000    7.5000   22.500014111.6689   24.4637
   -7.5000   15.0000   22.500012787.7861   24.5564
    0.0000   15.0000   22.500013929.7129   24.5281
    7.5000   15.0000   22.500013016.0098   24.4679
   -7.5000   22.5000   22.500011680.8105   24.5347
    0.0000   22.5000   22.500012632.5664   24.4988
    7.5000   22.5000   22.500011842.2891   24.4284
   -7.5000   30.0000   22.500010591.8125   24.2055
    0.0000   30.0000   22.500011396.1758   24.1653
    7.5000   30.0000   22.500010714.7275   24.0927
   -7.5000   37.5000   22.5000 9857.7471   24.1988
    0.0000   37.5000   22.500010570.3838   24.1586
    7.5000   37.5000   22.5000 9983.1816   24.0922
   -7.5000   45.0000   22.5000 8806.9570   23.6427
    0.0000   45.0000   22.5000 9430.6602   23.6072
    7.5000   45.0000   22.5000 8910.0664   23.5534
   -7.5000  -45.0000   30.0000 9419.0850   24.4604
    0.0000  -45.0000   30.0000 9799.5684   24.4464
    7.5000  -45.0000   30.0000 9504.3672   24.3917
   -7.5000  -37.5000   30.0000 9971.0625   24.5010
    0.0000  -37.5000   30.000010423.5293   24.4888
    7.5000  -37.5000   30.000010082.8594   24.4384
   -7.5000  -30.0000   30.000010891.5430   24.5231
    0.0000  -30.0000   30.000011500.5127   24.5051
    7.5000  -30.0000   30.000011019.7900   24.4494
   -7.5000  -22.5000   30.000011760.6289   24.4963
    0.0000  -22.5000   30.000012462.6152   24.4699
    7.5000  -22.5000   30.000011819.9795   24.4059
   -7.5000  -15.0000   30.000012450.2529   24.4503
    0.0000  -15.0000   30.000013205.8984   24.4234
    7.5000  -15.0000   30.000012457.0723   24.3564
   -7.5000   -7.5000   30.000013136.5469   24.4364
    0.0000   -7.5000   30.000014024.7939   24.4162
    7.5000   -7.5000   30.000013201.6455   24.3528
   -7.5000    0.0000   30.000013585.6865   24.4604
    0.0000    0.0000   30.000014592.5127   24.4464
    7.5000    0.0000   30.000013711.6162   24.3917
   -7.5000    7.5000   30.000012913.8730   24.5010
    0.0000    7.5000   30.000013937.4922   24.4888
    7.5000    7.5000   30.000013146.6094   24.4384
   -7.5000   15.0000   30.000011955.7314   24.5231
    0.0000   15.0000   30.000012850.7822   24.5051
    7.5000   15.0000   30.000012195.1670   24.4494
   -7.5000   22.5000   30.000010898.2744   24.4850
    0.0000   22.5000   30.000011678.5723   24.4586
    7.5000   22.5000   30.000011082.0098   24.3947
   -7.5000   30.0000   30.0000 9840.2881   24.1338
    0.0000   30.0000   30.000010516.9922   24.1074
    7.5000   30.0000   30.0000 9993.1016   24.0412
   -7.5000   37.5000   30.0000 9147.8574   24.1201
    0.0000   37.5000   30.0000 9729.2354   24.1002
    7.5000   37.5000   30.0000 9264.5947   24.0377
   -7.5000   45.0000   30.0000 8126.4004   23.5779
    0.0000   45.0000   30.0000 8652.0068   23.5644
    7.5000   45.0000   30.0000 8238.9443   23.5116
   -7.5000  -45.0000   37.5000 9233.0000   24.4499
    0.0000  -45.0000   37.5000 9683.9609   24.4402
    7.5000  -45.0000   37.5000 9287.8486   24.3897
   -7.5000  -37.5000   37.5000 9753.7285   24.4996
    0.0000  -37.5000   37.500010261.4033   24.4916
    7.5000  -37.5000   37.5000 9818.3242   24.4441
   -7.5000  -30.0000   37.500010539.2764   24.5271
    0.0000  -30.0000   37.500011128.8779   24.5119
    7.5000  -30.0000   37.500010620.2939   24.4570
   -7.5000  -22.5000   37.500011252.8467   24.4982
    0.0000  -22.5000   37.500011850.5918   24.4728
    7.5000  -22.5000   37.500011269.4736   24.4089
   -7.5000  -15.0000   37.500011777.4316   24.4457
    0.0000  -15.0000   37.500012422.1172   24.4184
    7.5000  -15.0000   37.500011839.0254   24.3520
   -7.5000   -7.5000   37.500012341.1602   24.4249
    0.0000   -7.5000   37.500013073.0293   24.4061
    7.5000   -7.5000   37.500012473.3828   24.3456
   -7.5000    0.0000   37.500012755.1875   24.4499
    0.0000    0.0000   37.500013571.8594   24.4402
    7.5000    0.0000   37.500012944.0166   24.3896
   -7.5000    7.5000   37.500012203.8604   24.4996
    0.0000    7.5000   37.500013019.0391   24.4916
    7.5000    7.5000   37.500012430.9834   24.4441
   -7.5000   15.0000   37.500011370.6074   24.5271
    0.0000   15.0000   37.500012108.8623   24.5119
    7.5000   15.0000   37.500011585.0615   24.4570
   -7.5000   22.5000   37.500010381.4688   24.4869
    0.0000   22.5000   37.500011065.0918   24.4616
    7.5000   22.5000   37.500010560.5088   24.3976
   -7.5000   30.0000   37.5000 9353.8887   24.1293
    0.0000   30.0000   37.5000 9962.2549   24.1024
    7.5000   30.0000   37.5000 9515.3330   24.0368
   -7.5000   37.5000   37.5000 8664.7822   24.1088
    0.0000   37.5000   37.5000 9215.5605   24.0903
    7.5000   37.5000   37.5000 8818.1240   24.0305
   -7.5000   45.0000   37.5000 7705.8545   23.5677
    0.0000   45.0000   37.5000 8185.2886   23.5583
    7.5000   45.0000   37.5000 7826.7646   23.5096
   -7.5000  -45.0000   45.0000 8496.6299   24.6667
    0.0000  -45.0000   45.0000 8867.0566   24.6403
    7.5000  -45.0000   45.0000 8481.8750   24.5919
   -7.5000  -37.5000   45.0000 8909.6230   24.7059
    0.0000  -37.5000   45.0000 9316.3604   24.6865
    7.5000  -37.5000   45.0000 8927.2002   24.6398
   -7.5000  -30.0000   45.0000 9596.6367   24.7304
    0.0000  -30.0000   45.000010057.2178   24.7085
    7.5000  -30.0000   45.0000 9631.8066   24.6490
   -7.5000  -22.5000   45.000010265.4199   24.7133
    0.0000  -22.5000   45.000010704.0566   24.6798
    7.5000  -22.5000   45.000010256.2266   24.6076
   -7.5000  -15.0000   45.000010741.3789   24.6733
    0.0000  -15.0000   45.000011213.6758   24.6322
    7.5000  -15.0000   45.000010765.6572   24.5583
   -7.5000   -7.5000   45.000011231.7412   24.6513
    0.0000   -7.5000   45.000011770.7812   24.6146
    7.5000   -7.5000   45.000011278.0703   24.5516
   -7.5000    0.0000   45.000011640.7354   24.6667
    0.0000    0.0000   45.000012238.1699   24.6403
    7.5000    0.0000   45.000011739.8965   24.5919
   -7.5000    7.5000   45.000011156.9424   24.7059
    0.0000    7.5000   45.000011760.3828   24.6865
    7.5000    7.5000   45.000011300.0098   24.6398
   -7.5000   15.0000   45.000010427.5645   24.7304
    0.0000   15.0000   45.000011041.8027   24.7085
    7.5000   15.0000   45.000010586.8750   24.6490
   -7.5000   22.5000   45.0000 9517.7090   24.7018
    0.0000   22.5000   45.000010085.8447   24.6684
    7.5000   22.5000   45.0000 9638.5420   24.5962
   -7.5000   30.0000   45.0000 8565.9092   24.3519
    0.0000   30.0000   45.0000 9057.2188   24.3113
    7.5000   30.0000   45.0000 8661.9619   24.2383
   -7.5000   37.5000   45.0000 7941.8994   24.3301
    0.0000   37.5000   45.0000 8414.7324   24.2940
    7.5000   37.5000   45.0000 8047.7100   24.2317
   -7.5000   45.0000   45.0000 7013.7178   23.7872
    0.0000   45.0000   45.0000 7418.2842   23.7617
    7.5000   45.0000   45.0000 7094.4941   23.7150

---------------------------------------------------------------------
imgreg_4dfp /opt/freesurfer/average/711-2C_as_mni_average_305 /opt/freesurfer/average/711-2B_as_mni_average_305_mask talsrcimg_g11 none talsrcimg_to_711-2C_as_mni_average_305_t4 4355
---------------------------------------------------------------------

freesurfer imgreg_4dfp.c
/opt/freesurfer/average/711-2C_as_mni_average_305.4dfp.img
       256       256       256         1
  1.000000  1.000000  1.000000
orientation T byte_order littleendian
Reading image: /opt/freesurfer/average/711-2C_as_mni_average_305.4dfp.img
dimensions:      256       256       256
mmppix:       1.0000   -1.0000   -1.0000
center:     128.0000 -129.0000 -129.0000
/opt/freesurfer/average/711-2B_as_mni_average_305_mask.4dfp.img
       256       256       256         1
  1.000000  1.000000  1.000000
orientation T byte_order littleendian
Reading mask: /opt/freesurfer/average/711-2B_as_mni_average_305_mask.4dfp.img (2306576 pixels)
talsrcimg_g11.4dfp.img
       256       256       256         1
  1.000000  1.000000  1.000000
orientation T byte_order littleendian
Reading image: talsrcimg_g11.4dfp.img
dimensions:      256       256       256
mmppix:       1.0000   -1.0000   -1.0000
center:     128.0000 -129.0000 -129.0000
rotation matrix determinant  1.000000
image alignment mode   4355 decimal     1103 hex
   -7.5000  -45.0000  -45.0000 1988.5122   25.2262
    0.0000  -45.0000  -45.0000 1991.7482   25.3153
    7.5000  -45.0000  -45.0000 1976.3318   25.5607
   -7.5000  -37.5000  -45.0000 2067.5593   23.8383
    0.0000  -37.5000  -45.0000 2067.5227   23.8781
    7.5000  -37.5000  -45.0000 2058.2683   24.1291
   -7.5000  -30.0000  -45.0000 2102.8833   23.0727
    0.0000  -30.0000  -45.0000 2109.6138   22.9967
    7.5000  -30.0000  -45.0000 2091.6311   23.2690
   -7.5000  -22.5000  -45.0000 2130.2437   22.6764
    0.0000  -22.5000  -45.0000 2132.7007   22.6309
    7.5000  -22.5000  -45.0000 2114.8997   22.9111
   -7.5000  -15.0000  -45.0000 2147.8027   22.8697
    0.0000  -15.0000  -45.0000 2152.8892   22.8308
    7.5000  -15.0000  -45.0000 2129.7437   23.1434
   -7.5000   -7.5000  -45.0000 2154.3318   23.3336
    0.0000   -7.5000  -45.0000 2172.0754   23.3328
    7.5000   -7.5000  -45.0000 2145.3677   23.5794
   -7.5000    0.0000  -45.0000 2148.4143   24.1946
    0.0000    0.0000  -45.0000 2167.1536   24.1500
    7.5000    0.0000  -45.0000 2138.0300   24.4160
   -7.5000    7.5000  -45.0000 2109.2034   25.2762
    0.0000    7.5000  -45.0000 2133.6938   25.2586
    7.5000    7.5000  -45.0000 2103.2410   25.4450
   -7.5000   15.0000  -45.0000 2058.2483   26.5912
    0.0000   15.0000  -45.0000 2072.7463   26.5708
    7.5000   15.0000  -45.0000 2046.9119   26.7351
   -7.5000   22.5000  -45.0000 1991.1256   28.3848
    0.0000   22.5000  -45.0000 2001.6891   28.2850
    7.5000   22.5000  -45.0000 1979.2394   28.5328
   -7.5000   30.0000  -45.0000 1896.1553   30.8237
    0.0000   30.0000  -45.0000 1915.5526   30.8204
    7.5000   30.0000  -45.0000 1892.9980   31.2035
   -7.5000   37.5000  -45.0000 1801.7999   34.4019
    0.0000   37.5000  -45.0000 1818.9738   34.3305
    7.5000   37.5000  -45.0000 1799.3988   34.8745
   -7.5000   45.0000  -45.0000 1668.2830   39.1865
    0.0000   45.0000  -45.0000 1682.3060   38.9747
    7.5000   45.0000  -45.0000 1669.1281   39.6817
   -7.5000  -45.0000  -37.5000 2076.1846   23.5686
    0.0000  -45.0000  -37.5000 2081.7043   23.6317
    7.5000  -45.0000  -37.5000 2068.4539   23.8102
   -7.5000  -37.5000  -37.5000 2153.1206   22.1770
    0.0000  -37.5000  -37.5000 2150.3494   22.1900
    7.5000  -37.5000  -37.5000 2144.9666   22.3782
   -7.5000  -30.0000  -37.5000 2192.0859   21.3650
    0.0000  -30.0000  -37.5000 2196.1711   21.3922
    7.5000  -30.0000  -37.5000 2188.4131   21.5564
   -7.5000  -22.5000  -37.5000 2226.1304   21.0093
    0.0000  -22.5000  -37.5000 2235.8535   21.0104
    7.5000  -22.5000  -37.5000 2220.7095   21.1696
   -7.5000  -15.0000  -37.5000 2243.2861   21.0538
    0.0000  -15.0000  -37.5000 2260.6147   21.0567
    7.5000  -15.0000  -37.5000 2238.8816   21.2356
   -7.5000   -7.5000  -37.5000 2246.3860   21.3344
    0.0000   -7.5000  -37.5000 2263.9744   21.3125
    7.5000   -7.5000  -37.5000 2237.5173   21.5200
   -7.5000    0.0000  -37.5000 2238.5720   22.0194
    0.0000    0.0000  -37.5000 2250.2041   21.9836
    7.5000    0.0000  -37.5000 2224.0537   22.1511
   -7.5000    7.5000  -37.5000 2212.0010   23.0139
    0.0000    7.5000  -37.5000 2230.4792   23.0126
    7.5000    7.5000  -37.5000 2200.7583   23.2268
   -7.5000   15.0000  -37.5000 2164.6243   24.2910
    0.0000   15.0000  -37.5000 2184.8875   24.3889
    7.5000   15.0000  -37.5000 2157.5317   24.5450
   -7.5000   22.5000  -37.5000 2096.4517   26.0890
    0.0000   22.5000  -37.5000 2111.2996   26.0933
    7.5000   22.5000  -37.5000 2087.8003   26.2843
   -7.5000   30.0000  -37.5000 2001.8362   28.4549
    0.0000   30.0000  -37.5000 2009.9595   28.3874
    7.5000   30.0000  -37.5000 1988.9663   28.7014
   -7.5000   37.5000  -37.5000 1897.3632   31.7694
    0.0000   37.5000  -37.5000 1908.3826   31.6567
    7.5000   37.5000  -37.5000 1887.5212   32.0317
   -7.5000   45.0000  -37.5000 1760.7572   36.2363
    0.0000   45.0000  -37.5000 1780.1827   35.9784
    7.5000   45.0000  -37.5000 1760.3556   36.4450
   -7.5000  -45.0000  -30.0000 2199.4883   22.7874
    0.0000  -45.0000  -30.0000 2200.2581   22.8338
    7.5000  -45.0000  -30.0000 2186.7617   22.9447
   -7.5000  -37.5000  -30.0000 2281.0315   21.2357
    0.0000  -37.5000  -30.0000 2284.4028   21.3205
    7.5000  -37.5000  -30.0000 2267.2781   21.3815
   -7.5000  -30.0000  -30.0000 2325.7571   20.3276
    0.0000  -30.0000  -30.0000 2332.6631   20.3466
    7.5000  -30.0000  -30.0000 2309.7659   20.4473
   -7.5000  -22.5000  -30.0000 2360.0117   19.9844
    0.0000  -22.5000  -30.0000 2369.1472   19.8941
    7.5000  -22.5000  -30.0000 2342.6326   19.9950
   -7.5000  -15.0000  -30.0000 2374.4619   19.8428
    0.0000  -15.0000  -30.0000 2390.2180   19.7936
    7.5000  -15.0000  -30.0000 2362.5437   19.9172
   -7.5000   -7.5000  -30.0000 2387.6897   20.1316
    0.0000   -7.5000  -30.0000 2401.8911   20.0681
    7.5000   -7.5000  -30.0000 2378.1685   20.2981
   -7.5000    0.0000  -30.0000 2384.1028   20.8590
    0.0000    0.0000  -30.0000 2399.6646   20.7689
    7.5000    0.0000  -30.0000 2378.7834   21.0569
   -7.5000    7.5000  -30.0000 2359.5767   21.8682
    0.0000    7.5000  -30.0000 2375.4705   21.7572
    7.5000    7.5000  -30.0000 2349.6711   22.0461
   -7.5000   15.0000  -30.0000 2307.0039   23.1525
    0.0000   15.0000  -30.0000 2319.8628   23.0550
    7.5000   15.0000  -30.0000 2294.6804   23.3219
   -7.5000   22.5000  -30.0000 2230.4365   24.7976
    0.0000   22.5000  -30.0000 2242.8472   24.7280
    7.5000   22.5000  -30.0000 2214.5574   24.9735
   -7.5000   30.0000  -30.0000 2129.9773   27.1023
    0.0000   30.0000  -30.0000 2137.6746   26.9913
    7.5000   30.0000  -30.0000 2112.8459   27.2522
   -7.5000   37.5000  -30.0000 2012.0242   30.2154
    0.0000   37.5000  -30.0000 2016.4941   30.0953
    7.5000   37.5000  -30.0000 2000.0270   30.4046
   -7.5000   45.0000  -30.0000 1874.5382   34.3254
    0.0000   45.0000  -30.0000 1896.1042   34.1852
    7.5000   45.0000  -30.0000 1865.1840   34.4654
   -7.5000  -45.0000  -22.5000 2299.7776   21.6506
    0.0000  -45.0000  -22.5000 2304.4331   21.6985
    7.5000  -45.0000  -22.5000 2284.4558   21.8477
   -7.5000  -37.5000  -22.5000 2386.5366   20.1359
    0.0000  -37.5000  -22.5000 2391.9751   20.1558
    7.5000  -37.5000  -22.5000 2367.8967   20.2751
   -7.5000  -30.0000  -22.5000 2446.6619   19.1757
    0.0000  -30.0000  -22.5000 2454.2129   19.0786
    7.5000  -30.0000  -22.5000 2432.1653   19.2417
   -7.5000  -22.5000  -22.5000 2484.9412   18.7261
    0.0000  -22.5000  -22.5000 2487.1389   18.5720
    7.5000  -22.5000  -22.5000 2461.0542   18.7462
   -7.5000  -15.0000  -22.5000 2498.4019   18.5226
    0.0000  -15.0000  -22.5000 2503.4033   18.4276
    7.5000  -15.0000  -22.5000 2481.0969   18.6215
   -7.5000   -7.5000  -22.5000 2522.6331   18.8876
    0.0000   -7.5000  -22.5000 2529.9158   18.7424
    7.5000   -7.5000  -22.5000 2507.2075   19.0019
   -7.5000    0.0000  -22.5000 2527.1497   19.6674
    0.0000    0.0000  -22.5000 2533.8838   19.5042
    7.5000    0.0000  -22.5000 2507.0627   19.7635
   -7.5000    7.5000  -22.5000 2490.9202   20.6130
    0.0000    7.5000  -22.5000 2505.9075   20.4340
    7.5000    7.5000  -22.5000 2481.8884   20.7452
   -7.5000   15.0000  -22.5000 2428.3203   21.8538
    0.0000   15.0000  -22.5000 2438.1570   21.7167
    7.5000   15.0000  -22.5000 2414.7151   21.9612
   -7.5000   22.5000  -22.5000 2348.2688   23.4162
    0.0000   22.5000  -22.5000 2353.7351   23.2648
    7.5000   22.5000  -22.5000 2333.2539   23.5362
   -7.5000   30.0000  -22.5000 2234.9380   25.5260
    0.0000   30.0000  -22.5000 2251.7195   25.4060
    7.5000   30.0000  -22.5000 2223.0408   25.6406
   -7.5000   37.5000  -22.5000 2107.2112   28.4320
    0.0000   37.5000  -22.5000 2118.6516   28.3672
    7.5000   37.5000  -22.5000 2095.6782   28.6560
   -7.5000   45.0000  -22.5000 1959.0171   32.3113
    0.0000   45.0000  -22.5000 1978.7722   32.2437
    7.5000   45.0000  -22.5000 1949.1823   32.6069
   -7.5000  -45.0000  -15.0000 2352.9209   20.5645
    0.0000  -45.0000  -15.0000 2365.9739   20.5823
    7.5000  -45.0000  -15.0000 2349.5549   20.7972
   -7.5000  -37.5000  -15.0000 2446.4810   19.0807
    0.0000  -37.5000  -15.0000 2460.4753   19.0687
    7.5000  -37.5000  -15.0000 2442.3044   19.2749
   -7.5000  -30.0000  -15.0000 2526.6414   18.1627
    0.0000  -30.0000  -15.0000 2538.3179   18.0517
    7.5000  -30.0000  -15.0000 2520.0432   18.2817
   -7.5000  -22.5000  -15.0000 2568.8909   17.5982
    0.0000  -22.5000  -15.0000 2576.4033   17.4235
    7.5000  -22.5000  -15.0000 2556.5044   17.6617
   -7.5000  -15.0000  -15.0000 2592.1763   17.2896
    0.0000  -15.0000  -15.0000 2599.8289   17.1526
    7.5000  -15.0000  -15.0000 2570.9077   17.4106
   -7.5000   -7.5000  -15.0000 2617.0251   17.6826
    0.0000   -7.5000  -15.0000 2629.5195   17.5170
    7.5000   -7.5000  -15.0000 2605.8813   17.8146
   -7.5000    0.0000  -15.0000 2620.1826   18.4913
    0.0000    0.0000  -15.0000 2637.9194   18.3323
    7.5000    0.0000  -15.0000 2614.2673   18.6133
   -7.5000    7.5000  -15.0000 2583.1157   19.4239
    0.0000    7.5000  -15.0000 2605.6917   19.2812
    7.5000    7.5000  -15.0000 2585.6833   19.5485
   -7.5000   15.0000  -15.0000 2512.3306   20.5788
    0.0000   15.0000  -15.0000 2529.5417   20.4242
    7.5000   15.0000  -15.0000 2512.9280   20.7372
   -7.5000   22.5000  -15.0000 2420.3064   22.0905
    0.0000   22.5000  -15.0000 2435.0903   21.9036
    7.5000   22.5000  -15.0000 2424.1414   22.2424
   -7.5000   30.0000  -15.0000 2306.9956   24.1113
    0.0000   30.0000  -15.0000 2326.0784   23.9311
    7.5000   30.0000  -15.0000 2310.2703   24.2627
   -7.5000   37.5000  -15.0000 2165.7527   26.9063
    0.0000   37.5000  -15.0000 2186.9307   26.7642
    7.5000   37.5000  -15.0000 2172.4641   27.0996
   -7.5000   45.0000  -15.0000 2008.0546   30.4959
    0.0000   45.0000  -15.0000 2032.1072   30.3777
    7.5000   45.0000  -15.0000 2011.2893   30.7346
   -7.5000  -45.0000   -7.5000 2394.7278   19.7484
    0.0000  -45.0000   -7.5000 2422.5845   19.8240
    7.5000  -45.0000   -7.5000 2393.2952   20.0244
   -7.5000  -37.5000   -7.5000 2495.8938   18.3285
    0.0000  -37.5000   -7.5000 2518.6047   18.3532
    7.5000  -37.5000   -7.5000 2503.6873   18.5546
   -7.5000  -30.0000   -7.5000 2586.1504   17.3698
    0.0000  -30.0000   -7.5000 2602.0713   17.2967
    7.5000  -30.0000   -7.5000 2591.0056   17.5308
   -7.5000  -22.5000   -7.5000 2629.9102   16.6803
    0.0000  -22.5000   -7.5000 2652.1257   16.5717
    7.5000  -22.5000   -7.5000 2635.8521   16.7852
   -7.5000  -15.0000   -7.5000 2653.1987   16.2086
    0.0000  -15.0000   -7.5000 2680.1440   16.1255
    7.5000  -15.0000   -7.5000 2650.3286   16.3905
   -7.5000   -7.5000   -7.5000 2690.6606   16.5667
    0.0000   -7.5000   -7.5000 2720.2158   16.4695
    7.5000   -7.5000   -7.5000 2694.9553   16.7718
   -7.5000    0.0000   -7.5000 2692.4883   17.3975
    0.0000    0.0000   -7.5000 2724.6646   17.2564
    7.5000    0.0000   -7.5000 2709.3750   17.5667
   -7.5000    7.5000   -7.5000 2658.5837   18.3445
    0.0000    7.5000   -7.5000 2685.0852   18.2080
    7.5000    7.5000   -7.5000 2681.5208   18.5310
   -7.5000   15.0000   -7.5000 2587.2412   19.5110
    0.0000   15.0000   -7.5000 2606.7275   19.2991
    7.5000   15.0000   -7.5000 2603.4453   19.6603
   -7.5000   22.5000   -7.5000 2486.0684   21.0237
    0.0000   22.5000   -7.5000 2502.3501   20.7482
    7.5000   22.5000   -7.5000 2495.0637   21.1055
   -7.5000   30.0000   -7.5000 2363.0603   23.0332
    0.0000   30.0000   -7.5000 2383.7888   22.7987
    7.5000   30.0000   -7.5000 2373.8105   23.1654
   -7.5000   37.5000   -7.5000 2214.6843   25.7294
    0.0000   37.5000   -7.5000 2246.6016   25.4947
    7.5000   37.5000   -7.5000 2234.5273   25.8756
   -7.5000   45.0000   -7.5000 2054.9412   29.1789
    0.0000   45.0000   -7.5000 2077.2510   28.9680
    7.5000   45.0000   -7.5000 2066.1995   29.3513
   -7.5000  -45.0000    0.0000 2409.2776   19.2282
    0.0000  -45.0000    0.0000 2440.4780   19.2845
    7.5000  -45.0000    0.0000 2410.2683   19.4637
   -7.5000  -37.5000    0.0000 2513.7319   17.7961
    0.0000  -37.5000    0.0000 2544.3726   17.8245
    7.5000  -37.5000    0.0000 2526.2673   17.9967
   -7.5000  -30.0000    0.0000 2610.3337   16.7567
    0.0000  -30.0000    0.0000 2639.8672   16.7694
    7.5000  -30.0000    0.0000 2627.9050   16.9718
   -7.5000  -22.5000    0.0000 2663.2979   16.0213
    0.0000  -22.5000    0.0000 2706.0593   16.0691
    7.5000  -22.5000    0.0000 2690.9358   16.2283
   -7.5000  -15.0000    0.0000 2702.8953   15.4629
    0.0000  -15.0000    0.0000 2748.3298   15.4442
    7.5000  -15.0000    0.0000 2718.8787   15.7537
   -7.5000   -7.5000    0.0000 2750.5732   15.7211
    0.0000   -7.5000    0.0000 2790.4370   15.6695
    7.5000   -7.5000    0.0000 2777.6184   16.0297
   -7.5000    0.0000    0.0000 2751.9255   16.4696
    0.0000    0.0000    0.0000 2788.3201   16.3963
    7.5000    0.0000    0.0000 2786.5491   16.7602
   -7.5000    7.5000    0.0000 2711.3694   17.5043
    0.0000    7.5000    0.0000 2737.1135   17.3150
    7.5000    7.5000    0.0000 2743.1428   17.6834
   -7.5000   15.0000    0.0000 2631.2024   18.7658
    0.0000   15.0000    0.0000 2656.4785   18.4584
    7.5000   15.0000    0.0000 2653.1135   18.8912
   -7.5000   22.5000    0.0000 2531.1626   20.3581
    0.0000   22.5000    0.0000 2545.4312   20.0110
    7.5000   22.5000    0.0000 2545.3037   20.4969
   -7.5000   30.0000    0.0000 2408.0889   22.3473
    0.0000   30.0000    0.0000 2428.2505   22.0308
    7.5000   30.0000    0.0000 2425.3250   22.5824
   -7.5000   37.5000    0.0000 2261.7842   24.9759
    0.0000   37.5000    0.0000 2284.0576   24.6969
    7.5000   37.5000    0.0000 2278.1582   25.2552
   -7.5000   45.0000    0.0000 2091.6594   28.2976
    0.0000   45.0000    0.0000 2117.4890   28.1852
    7.5000   45.0000    0.0000 2102.0623   28.6867
   -7.5000  -45.0000    7.5000 2412.8218   18.9758
    0.0000  -45.0000    7.5000 2439.6133   18.9008
    7.5000  -45.0000    7.5000 2420.2859   19.1562
   -7.5000  -37.5000    7.5000 2517.0552   17.5138
    0.0000  -37.5000    7.5000 2543.5168   17.4069
    7.5000  -37.5000    7.5000 2534.3394   17.6705
   -7.5000  -30.0000    7.5000 2614.6707   16.4153
    0.0000  -30.0000    7.5000 2647.3494   16.3290
    7.5000  -30.0000    7.5000 2637.2656   16.6008
   -7.5000  -22.5000    7.5000 2689.7170   15.7294
    0.0000  -22.5000    7.5000 2738.2959   15.6878
    7.5000  -22.5000    7.5000 2724.0781   15.9158
   -7.5000  -15.0000    7.5000 2742.7004   15.1025
    0.0000  -15.0000    7.5000 2790.2505   15.1231
    7.5000  -15.0000    7.5000 2767.9048   15.3962
   -7.5000   -7.5000    7.5000 2792.6340   15.1558
    0.0000   -7.5000    7.5000 2837.9705   15.0059
    7.5000   -7.5000    7.5000 2817.7083   15.4495
   -7.5000    0.0000    7.5000 2785.2844   15.9189
    0.0000    0.0000    7.5000 2822.1169   15.5989
    7.5000    0.0000    7.5000 2817.5906   16.1661
   -7.5000    7.5000    7.5000 2741.2937   17.0229
    0.0000    7.5000    7.5000 2764.3269   16.6431
    7.5000    7.5000    7.5000 2773.0964   17.2283
   -7.5000   15.0000    7.5000 2669.3984   18.3146
    0.0000   15.0000    7.5000 2691.0410   17.9363
    7.5000   15.0000    7.5000 2694.4785   18.5418
   -7.5000   22.5000    7.5000 2564.0808   19.9764
    0.0000   22.5000    7.5000 2582.9143   19.5991
    7.5000   22.5000    7.5000 2583.6750   20.1074
   -7.5000   30.0000    7.5000 2442.1943   22.0598
    0.0000   30.0000    7.5000 2458.7754   21.6916
    7.5000   30.0000    7.5000 2455.6992   22.1811
   -7.5000   37.5000    7.5000 2294.3501   24.7197
    0.0000   37.5000    7.5000 2312.1030   24.3856
    7.5000   37.5000    7.5000 2308.1238   24.8764
   -7.5000   45.0000    7.5000 2120.2698   28.0077
    0.0000   45.0000    7.5000 2140.0576   27.6828
    7.5000   45.0000    7.5000 2129.9705   28.1677
   -7.5000  -45.0000   15.0000 2389.3323   18.9057
    0.0000  -45.0000   15.0000 2398.3503   18.6549
    7.5000  -45.0000   15.0000 2390.6646   18.9658
   -7.5000  -37.5000   15.0000 2498.4021   17.4399
    0.0000  -37.5000   15.0000 2514.8911   17.2333
    7.5000  -37.5000   15.0000 2506.9001   17.4898
   -7.5000  -30.0000   15.0000 2595.4443   16.3010
    0.0000  -30.0000   15.0000 2617.0068   16.1091
    7.5000  -30.0000   15.0000 2608.2410   16.3754
   -7.5000  -22.5000   15.0000 2679.7546   15.6907
    0.0000  -22.5000   15.0000 2703.7666   15.4710
    7.5000  -22.5000   15.0000 2705.6667   15.7668
   -7.5000  -15.0000   15.0000 2754.2783   15.2476
    0.0000  -15.0000   15.0000 2781.9717   15.0718
    7.5000  -15.0000   15.0000 2780.5525   15.4111
   -7.5000   -7.5000   15.0000 2815.7556   15.3466
    0.0000   -7.5000   15.0000 2847.1467   15.0741
    7.5000   -7.5000   15.0000 2844.5310   15.5382
   -7.5000    0.0000   15.0000 2808.9492   15.9464
    0.0000    0.0000   15.0000 2845.3679   15.6641
    7.5000    0.0000   15.0000 2838.6294   16.1557
   -7.5000    7.5000   15.0000 2756.6365   16.9507
    0.0000    7.5000   15.0000 2793.2781   16.7010
    7.5000    7.5000   15.0000 2788.1987   17.1316
   -7.5000   15.0000   15.0000 2672.2529   18.2236
    0.0000   15.0000   15.0000 2695.7515   18.0161
    7.5000   15.0000   15.0000 2690.0676   18.4177
   -7.5000   22.5000   15.0000 2566.5872   19.9745
    0.0000   22.5000   15.0000 2579.8630   19.7422
    7.5000   22.5000   15.0000 2580.0500   20.0520
   -7.5000   30.0000   15.0000 2442.9841   22.0549
    0.0000   30.0000   15.0000 2462.1538   21.8539
    7.5000   30.0000   15.0000 2455.7380   22.1422
   -7.5000   37.5000   15.0000 2295.1616   24.6192
    0.0000   37.5000   15.0000 2318.8745   24.4484
    7.5000   37.5000   15.0000 2304.0623   24.6941
   -7.5000   45.0000   15.0000 2108.8616   27.7365
    0.0000   45.0000   15.0000 2138.7170   27.6584
    7.5000   45.0000   15.0000 2123.2505   27.8223
   -7.5000  -45.0000   22.5000 2351.3767   19.2203
    0.0000  -45.0000   22.5000 2342.7900   18.6485
    7.5000  -45.0000   22.5000 2351.0620   19.1161
   -7.5000  -37.5000   22.5000 2466.0698   17.7631
    0.0000  -37.5000   22.5000 2452.0823   17.2176
    7.5000  -37.5000   22.5000 2469.3206   17.6484
   -7.5000  -30.0000   22.5000 2572.7908   16.7848
    0.0000  -30.0000   22.5000 2554.0305   16.2646
    7.5000  -30.0000   22.5000 2576.0115   16.6754
   -7.5000  -22.5000   22.5000 2676.5703   16.1839
    0.0000  -22.5000   22.5000 2671.9268   15.8480
    7.5000  -22.5000   22.5000 2697.9150   16.1687
   -7.5000  -15.0000   22.5000 2755.7883   15.8006
    0.0000  -15.0000   22.5000 2789.1685   15.5502
    7.5000  -15.0000   22.5000 2773.6018   15.7937
   -7.5000   -7.5000   22.5000 2821.9050   16.0311
    0.0000   -7.5000   22.5000 2874.4009   15.8474
    7.5000   -7.5000   22.5000 2834.9453   15.9870
   -7.5000    0.0000   22.5000 2797.6399   16.5738
    0.0000    0.0000   22.5000 2874.4084   16.5773
    7.5000    0.0000   22.5000 2825.7434   16.5897
   -7.5000    7.5000   22.5000 2736.4946   17.3848
    0.0000    7.5000   22.5000 2803.6467   17.4332
    7.5000    7.5000   22.5000 2772.0784   17.4766
   -7.5000   15.0000   22.5000 2652.0425   18.5601
    0.0000   15.0000   22.5000 2685.6995   18.5628
    7.5000   15.0000   22.5000 2674.6218   18.6984
   -7.5000   22.5000   22.5000 2546.3779   20.2280
    0.0000   22.5000   22.5000 2563.9250   20.1102
    7.5000   22.5000   22.5000 2558.1562   20.2984
   -7.5000   30.0000   22.5000 2425.4509   22.3531
    0.0000   30.0000   22.5000 2450.2576   22.1675
    7.5000   30.0000   22.5000 2439.9744   22.3640
   -7.5000   37.5000   22.5000 2281.4468   24.9545
    0.0000   37.5000   22.5000 2299.7510   24.7697
    7.5000   37.5000   22.5000 2294.4646   24.9972
   -7.5000   45.0000   22.5000 2099.1780   28.2367
    0.0000   45.0000   22.5000 2125.3806   28.0654
    7.5000   45.0000   22.5000 2118.9363   28.2703
   -7.5000  -45.0000   30.0000 2322.4937   20.0943
    0.0000  -45.0000   30.0000 2282.0281   19.3339
    7.5000  -45.0000   30.0000 2315.1594   19.8642
   -7.5000  -37.5000   30.0000 2443.7314   18.7945
    0.0000  -37.5000   30.0000 2417.8423   18.1633
    7.5000  -37.5000   30.0000 2441.5649   18.5612
   -7.5000  -30.0000   30.0000 2556.9187   17.8493
    0.0000  -30.0000   30.0000 2541.3389   17.3710
    7.5000  -30.0000   30.0000 2552.7012   17.6420
   -7.5000  -22.5000   30.0000 2661.3901   17.1644
    0.0000  -22.5000   30.0000 2661.1741   16.8077
    7.5000  -22.5000   30.0000 2651.9590   16.9224
   -7.5000  -15.0000   30.0000 2715.6479   16.6746
    0.0000  -15.0000   30.0000 2751.2925   16.3695
    7.5000  -15.0000   30.0000 2716.8159   16.5023
   -7.5000   -7.5000   30.0000 2759.9985   16.7814
    0.0000   -7.5000   30.0000 2813.6165   16.5686
    7.5000   -7.5000   30.0000 2776.3691   16.7118
   -7.5000    0.0000   30.0000 2747.3062   17.3784
    0.0000    0.0000   30.0000 2807.1250   17.2511
    7.5000    0.0000   30.0000 2766.8865   17.3498
   -7.5000    7.5000   30.0000 2690.9255   18.3907
    0.0000    7.5000   30.0000 2742.5400   18.2747
    7.5000    7.5000   30.0000 2723.5015   18.4025
   -7.5000   15.0000   30.0000 2607.5286   19.6148
    0.0000   15.0000   30.0000 2637.2959   19.5410
    7.5000   15.0000   30.0000 2637.2439   19.7185
   -7.5000   22.5000   30.0000 2501.7244   21.1209
    0.0000   22.5000   30.0000 2520.1191   21.0393
    7.5000   22.5000   30.0000 2514.7759   21.2332
   -7.5000   30.0000   30.0000 2380.4182   23.1067
    0.0000   30.0000   30.0000 2406.4021   22.8821
    7.5000   30.0000   30.0000 2400.3928   23.1336
   -7.5000   37.5000   30.0000 2238.0337   25.5833
    0.0000   37.5000   30.0000 2252.1169   25.4121
    7.5000   37.5000   30.0000 2250.1560   25.6096
   -7.5000   45.0000   30.0000 2064.3130   28.8362
    0.0000   45.0000   30.0000 2083.0083   28.6129
    7.5000   45.0000   30.0000 2075.4832   28.7781
   -7.5000  -45.0000   37.5000 2307.0225   21.6351
    0.0000  -45.0000   37.5000 2282.5862   20.9161
    7.5000  -45.0000   37.5000 2292.3662   21.2279
   -7.5000  -37.5000   37.5000 2418.8301   20.1986
    0.0000  -37.5000   37.5000 2407.2700   19.5633
    7.5000  -37.5000   37.5000 2409.4734   19.8059
   -7.5000  -30.0000   37.5000 2518.0334   19.0285
    0.0000  -30.0000   37.5000 2506.7925   18.4378
    7.5000  -30.0000   37.5000 2514.3938   18.6507
   -7.5000  -22.5000   37.5000 2601.6565   18.1454
    0.0000  -22.5000   37.5000 2604.7603   17.5957
    7.5000  -22.5000   37.5000 2599.8857   17.7827
   -7.5000  -15.0000   37.5000 2647.0791   17.5919
    0.0000  -15.0000   37.5000 2677.2676   17.2167
    7.5000  -15.0000   37.5000 2663.3472   17.4542
   -7.5000   -7.5000   37.5000 2682.3203   17.6704
    0.0000   -7.5000   37.5000 2717.4888   17.4143
    7.5000   -7.5000   37.5000 2700.5715   17.6591
   -7.5000    0.0000   37.5000 2670.6348   18.2333
    0.0000    0.0000   37.5000 2705.0588   18.0380
    7.5000    0.0000   37.5000 2691.7410   18.2468
   -7.5000    7.5000   37.5000 2623.6521   19.2630
    0.0000    7.5000   37.5000 2656.8447   19.0853
    7.5000    7.5000   37.5000 2648.6252   19.2840
   -7.5000   15.0000   37.5000 2542.8242   20.5605
    0.0000   15.0000   37.5000 2562.8813   20.3243
    7.5000   15.0000   37.5000 2563.2354   20.5561
   -7.5000   22.5000   37.5000 2441.4717   22.0919
    0.0000   22.5000   37.5000 2466.0891   21.9123
    7.5000   22.5000   37.5000 2459.8713   22.1668
   -7.5000   30.0000   37.5000 2322.3809   24.0447
    0.0000   30.0000   37.5000 2348.8496   23.8511
    7.5000   30.0000   37.5000 2341.5522   24.1125
   -7.5000   37.5000   37.5000 2177.5103   26.5084
    0.0000   37.5000   37.5000 2195.5190   26.3134
    7.5000   37.5000   37.5000 2191.5137   26.6169
   -7.5000   45.0000   37.5000 2024.5609   29.7501
    0.0000   45.0000   37.5000 2042.5265   29.5498
    7.5000   45.0000   37.5000 2035.1279   29.7603
   -7.5000  -45.0000   45.0000 2261.5571   23.2570
    0.0000  -45.0000   45.0000 2233.6084   22.3945
    7.5000  -45.0000   45.0000 2242.5710   22.6406
   -7.5000  -37.5000   45.0000 2362.5630   21.5842
    0.0000  -37.5000   45.0000 2340.8577   20.7525
    7.5000  -37.5000   45.0000 2350.4021   20.9675
   -7.5000  -30.0000   45.0000 2452.5254   20.2458
    0.0000  -30.0000   45.0000 2435.2515   19.4814
    7.5000  -30.0000   45.0000 2449.2288   19.6984
   -7.5000  -22.5000   45.0000 2529.8303   19.3287
    0.0000  -22.5000   45.0000 2525.2236   18.5985
    7.5000  -22.5000   45.0000 2525.1936   18.8501
   -7.5000  -15.0000   45.0000 2571.5940   18.7961
    0.0000  -15.0000   45.0000 2578.5352   18.2632
    7.5000  -15.0000   45.0000 2579.7068   18.5297
   -7.5000   -7.5000   45.0000 2593.3132   18.7700
    0.0000   -7.5000   45.0000 2607.5503   18.3653
    7.5000   -7.5000   45.0000 2600.1387   18.6478
   -7.5000    0.0000   45.0000 2573.2878   19.3022
    0.0000    0.0000   45.0000 2593.3901   18.9711
    7.5000    0.0000   45.0000 2591.7747   19.2610
   -7.5000    7.5000   45.0000 2532.0884   20.3223
    0.0000    7.5000   45.0000 2553.3157   20.0260
    7.5000    7.5000   45.0000 2550.6436   20.2978
   -7.5000   15.0000   45.0000 2457.4490   21.6059
    0.0000   15.0000   45.0000 2483.7678   21.2882
    7.5000   15.0000   45.0000 2481.9961   21.5758
   -7.5000   22.5000   45.0000 2368.2390   23.0906
    0.0000   22.5000   45.0000 2393.5696   22.8080
    7.5000   22.5000   45.0000 2382.1438   23.0746
   -7.5000   30.0000   45.0000 2253.3115   25.1050
    0.0000   30.0000   45.0000 2273.7456   24.8659
    7.5000   30.0000   45.0000 2262.7214   25.0398
   -7.5000   37.5000   45.0000 2115.8926   27.7532
    0.0000   37.5000   45.0000 2137.8130   27.5255
    7.5000   37.5000   45.0000 2133.4895   27.8020
   -7.5000   45.0000   45.0000 1965.5206   31.0084
    0.0000   45.0000   45.0000 1976.3126   30.7704
    7.5000   45.0000   45.0000 1972.3126   31.0570

---------------------------------------------------------------------
imgreg_4dfp /opt/freesurfer/average/711-2C_as_mni_average_305 /opt/freesurfer/average/711-2B_as_mni_average_305_mask talsrcimg_g11 none talsrcimg_to_711-2C_as_mni_average_305_t4 1283
---------------------------------------------------------------------

freesurfer imgreg_4dfp.c
/opt/freesurfer/average/711-2C_as_mni_average_305.4dfp.img
       256       256       256         1
  1.000000  1.000000  1.000000
orientation T byte_order littleendian
Reading image: /opt/freesurfer/average/711-2C_as_mni_average_305.4dfp.img
dimensions:      256       256       256
mmppix:       1.0000   -1.0000   -1.0000
center:     128.0000 -129.0000 -129.0000
/opt/freesurfer/average/711-2B_as_mni_average_305_mask.4dfp.img
       256       256       256         1
  1.000000  1.000000  1.000000
orientation T byte_order littleendian
Reading mask: /opt/freesurfer/average/711-2B_as_mni_average_305_mask.4dfp.img (2306576 pixels)
talsrcimg_g11.4dfp.img
       256       256       256         1
  1.000000  1.000000  1.000000
orientation T byte_order littleendian
Reading image: talsrcimg_g11.4dfp.img
dimensions:      256       256       256
mmppix:       1.0000   -1.0000   -1.0000
center:     128.0000 -129.0000 -129.0000
rotation matrix determinant  1.000000
fimgreg.f
image alignment mode   1283 decimal      503 hex
parameters
    0.0000    0.0000   22.5000    0.0000    0.0000    0.0000
eta,q 0.90188 16.68765
niter,ni,del,rscale     5    3   12.0000    1.2000
parameter  2  2.288228 ->  0.500000 qaram    1.1500
parameter  5  0.611786 ->  0.500000 qaram    1.1500
parameters
    0.6712   -3.4500   19.9102   -2.9073   -3.4500   -0.5209
eta,q 0.90932 15.66772
  0.1209  0.0932  0.0943  0.0909  0.0918  0.0916
  0.1116  0.0925  0.0921  0.0918  0.0908  0.0907
  0.1076  0.0964  0.0902  0.0911  0.0908  0.0906
  0.1031  0.1015  0.0924  0.0912  0.0915  0.0906
  0.1020  0.1070  0.0974  0.0932  0.0952  0.0907
  0.1077  0.1109  0.1024  0.0969  0.1007  0.0910
  0.1151  0.1150  0.1084  0.1018  0.1018  0.0922
niter,ni,del,rscale     6    3   12.0000    1.2000
parameters
    1.6796   -3.9916   19.7295   -4.2009   -4.3093   -0.1587
eta,q 0.91236 15.57393
  0.1142  0.0989  0.1004  0.0888  0.0961  0.0921
  0.1031  0.0894  0.0912  0.0877  0.0920  0.0895
  0.0961  0.0865  0.0882  0.0877  0.0884  0.0877
  0.0907  0.0883  0.0880  0.0880  0.0878  0.0875
  0.0871  0.0905  0.0906  0.0875  0.0913  0.0883
  0.0920  0.0953  0.0956  0.0885  0.0958  0.0889
  0.1044  0.0991  0.0988  0.0924  0.1000  0.0908
niter,ni,del,rscale     5    3   12.0000    1.2000
parameters
    2.1115   -3.2134   19.3361   -6.3360   -5.6992    1.6051
eta,q 0.91403 15.59134
  0.1082  0.1031  0.0996  0.0875  0.0941  0.0912
  0.0995  0.0916  0.0904  0.0863  0.0894  0.0887
  0.0937  0.0856  0.0876  0.0868  0.0870  0.0871
  0.0876  0.0868  0.0875  0.0875  0.0867  0.0865
  0.0869  0.0882  0.0909  0.0875  0.0909  0.0859
  0.0946  0.0906  0.0963  0.0875  0.0964  0.0857
  0.1054  0.0941  0.0993  0.0905  0.1005  0.0878
niter,ni,del,rscale     4    3   12.0000    1.2000
parameter  4  0.976542 ->  0.500000 qaram    1.1500
parameters
    2.8850   -1.4213   18.9868   -9.7860   -6.2866    1.2200
eta,q 0.91765 15.74340
  0.1111  0.1049  0.0987  0.0827  0.0924  0.0855
  0.1009  0.0950  0.0904  0.0820  0.0880  0.0837
  0.0931  0.0878  0.0867  0.0830  0.0841  0.0828
  0.0860  0.0847  0.0851  0.0851  0.0820  0.0822
  0.0847  0.0857  0.0889  0.0862  0.0846  0.0817
  0.0921  0.0875  0.0952  0.0873  0.0909  0.0838
  0.1031  0.0904  0.0997  0.0909  0.0967  0.0876
niter,ni,del,rscale     4    3   12.0000    1.2000
parameters
    2.9060   -0.1069   19.1930  -10.4159   -6.4553    0.5117
eta,q 0.91869 15.84301
  0.1058  0.1059  0.0978  0.0898  0.0925  0.0856
  0.0958  0.0958  0.0914  0.0842  0.0870  0.0834
  0.0870  0.0879  0.0857  0.0808  0.0836  0.0818
  0.0824  0.0824  0.0819  0.0818  0.0811  0.0811
  0.0847  0.0834  0.0832  0.0854  0.0820  0.0820
  0.0947  0.0884  0.0888  0.0879  0.0875  0.0849
  0.1067  0.0931  0.0972  0.0904  0.0945  0.0891
niter,ni,del,rscale     3    3   12.0000    1.2000
parameters
    2.9511    0.2877   19.2001  -10.9237   -6.5386    0.1024
eta,q 0.91860 15.87888
  0.1032  0.1015  0.0965  0.0906  0.0925  0.0864
  0.0931  0.0921  0.0902  0.0847  0.0867  0.0839
  0.0858  0.0848  0.0851  0.0811  0.0838  0.0822
  0.0813  0.0813  0.0817  0.0817  0.0812  0.0813
  0.0829  0.0860  0.0830  0.0851  0.0820  0.0819
  0.0914  0.0903  0.0889  0.0881  0.0870  0.0846
  0.1042  0.0965  0.0978  0.0911  0.0938  0.0887
niter,ni,del,rscale     2    3   12.0000    1.2000
parameters
    2.9971    0.5087   19.1873  -11.1639   -6.5625   -0.0669
eta,q 0.91839 15.89630
  0.1025  0.1015  0.0959  0.0915  0.0926  0.0871
  0.0927  0.0917  0.0898  0.0854  0.0868  0.0843
  0.0859  0.0839  0.0850  0.0815  0.0841  0.0825
  0.0814  0.0814  0.0817  0.0817  0.0816  0.0816
  0.0829  0.0868  0.0830  0.0845  0.0821  0.0820
  0.0908  0.0913  0.0887  0.0878  0.0869  0.0843
  0.1038  0.0974  0.0975  0.0911  0.0934  0.0883
niter,ni,del,rscale     1    3   12.0000    1.2000
parameters
    3.0165    0.6174   19.1778  -11.2926   -6.5729   -0.1569
eta,q 0.91824 15.90447
  0.1022  0.1014  0.0957  0.0919  0.0926  0.0874
  0.0926  0.0913  0.0897  0.0858  0.0868  0.0845
  0.0860  0.0833  0.0851  0.0818  0.0843  0.0827
  0.0816  0.0816  0.0818  0.0818  0.0817  0.0817
  0.0831  0.0875  0.0830  0.0843  0.0822  0.0821
  0.0909  0.0919  0.0886  0.0876  0.0869  0.0844
  0.1039  0.0980  0.0973  0.0910  0.0933  0.0882
registration optimization eta report
parameter search radius
    6.0000    6.9000    6.0000    6.9000    6.9000    6.0000
100000*second partial in parameter space
       59.       36.       40.       20.       23.       17.
  0.1022  0.1014  0.0957  0.0919  0.0926  0.0874
  0.0926  0.0913  0.0897  0.0858  0.0868  0.0845
  0.0860  0.0833  0.0851  0.0818  0.0843  0.0827
  0.0816  0.0816  0.0818  0.0818  0.0817  0.0817
  0.0831  0.0875  0.0830  0.0843  0.0822  0.0821
  0.0909  0.0919  0.0886  0.0876  0.0869  0.0844
  0.1039  0.0980  0.0973  0.0910  0.0933  0.0882
    3.0165    0.6174   19.1778  -11.2926   -6.5729   -0.1569
eta,q 0.91824 15.90447

---------------------------------------------------------------------
imgreg_4dfp /opt/freesurfer/average/711-2C_as_mni_average_305 /opt/freesurfer/average/711-2B_as_mni_average_305_mask talsrcimg_g11 none talsrcimg_to_711-2C_as_mni_average_305_t4 3335
---------------------------------------------------------------------

freesurfer imgreg_4dfp.c
/opt/freesurfer/average/711-2C_as_mni_average_305.4dfp.img
       256       256       256         1
  1.000000  1.000000  1.000000
orientation T byte_order littleendian
Reading image: /opt/freesurfer/average/711-2C_as_mni_average_305.4dfp.img
dimensions:      256       256       256
mmppix:       1.0000   -1.0000   -1.0000
center:     128.0000 -129.0000 -129.0000
/opt/freesurfer/average/711-2B_as_mni_average_305_mask.4dfp.img
       256       256       256         1
  1.000000  1.000000  1.000000
orientation T byte_order littleendian
Reading mask: /opt/freesurfer/average/711-2B_as_mni_average_305_mask.4dfp.img (2306576 pixels)
talsrcimg_g11.4dfp.img
       256       256       256         1
  1.000000  1.000000  1.000000
orientation T byte_order littleendian
Reading image: talsrcimg_g11.4dfp.img
dimensions:      256       256       256
mmppix:       1.0000   -1.0000   -1.0000
center:     128.0000 -129.0000 -129.0000
fimgreg.f
image alignment mode   3335 decimal      D07 hex
parameters
    3.0165    0.6174   19.1778   -0.6577   -1.9302   -2.5806
   -1.9729   11.2787   -0.2721   19.5511  -11.4467  -19.4532
eta,q 0.91831 16.14148
niter,ni,del,rscale     5    3    5.0000    1.2000
parameter  4  1.312527 ->  0.500000 qaram    1.1500
parameter  5  1.388681 ->  0.500000 qaram    1.1500
parameter 12 -1.721520 -> -0.500000 qaram    1.1500
parameters
    3.2057    0.5422   19.2755   -4.7977   -6.0702   -5.6430
   -1.7103   11.2822   -1.8885   20.9916   -9.2419  -15.3132
eta,q 0.93330 15.91559
  0.0869  0.0839  0.0846  0.0712  0.0672  0.0709  0.0721  0.0757  0.0699  0.0734  0.0716  0.0726
  0.0842  0.0826  0.0832  0.0724  0.0687  0.0698  0.0703  0.0720  0.0691  0.0714  0.0700  0.0710
  0.0825  0.0819  0.0823  0.0756  0.0704  0.0686  0.0693  0.0699  0.0688  0.0698  0.0690  0.0696
  0.0817  0.0817  0.0817  0.0816  0.0730  0.0691  0.0690  0.0690  0.0690  0.0688  0.0685  0.0683
  0.0820  0.0820  0.0817  0.0898  0.0766  0.0733  0.0693  0.0693  0.0694  0.0685  0.0683  0.0673
  0.0833  0.0829  0.0827  0.0982  0.0808  0.0818  0.0701  0.0717  0.0701  0.0691  0.0686  0.0665
  0.0855  0.0841  0.0844  0.1064  0.0856  0.0891  0.0715  0.0761  0.0712  0.0711  0.0692  0.0660
niter,ni,del,rscale     7    3    5.0000    1.2000
parameter  2  0.941814 ->  0.500000 qaram    1.1500
parameter  3  1.451945 ->  0.500000 qaram    1.1500
parameter  4  0.548336 ->  0.500000 qaram    1.3225
parameter  5  0.979192 ->  0.500000 qaram    1.3225
parameter 11  0.512243 ->  0.500000 qaram    1.1500
parameter 12 -0.948417 -> -0.500000 qaram    1.3225
parameters
    3.2478   -0.8378   17.8955   -9.5587  -10.8312   -7.8879
   -0.2482   11.3403   -0.6481   21.1653  -13.3819  -10.5522
eta,q 0.94121 15.37041
  0.0706  0.0653  0.0621  0.0615  0.0585  0.0611  0.0629  0.0637  0.0615  0.0627  0.0598  0.0633
  0.0684  0.0652  0.0625  0.0612  0.0590  0.0612  0.0615  0.0617  0.0606  0.0614  0.0597  0.0621
  0.0671  0.0657  0.0636  0.0614  0.0599  0.0601  0.0605  0.0605  0.0601  0.0604  0.0598  0.0608
  0.0667  0.0667  0.0653  0.0627  0.0612  0.0592  0.0600  0.0599  0.0599  0.0598  0.0598  0.0598
  0.0671  0.0680  0.0674  0.0671  0.0633  0.0607  0.0599  0.0598  0.0599  0.0599  0.0599  0.0591
  0.0683  0.0696  0.0696  0.0752  0.0661  0.0650  0.0603  0.0610  0.0601  0.0608  0.0601  0.0587
  0.0703  0.0715  0.0719  0.0843  0.0695  0.0706  0.0612  0.0641  0.0606  0.0628  0.0603  0.0588
niter,ni,del,rscale     7    3    5.0000    1.2000
parameter  2  0.827709 ->  0.500000 qaram    1.3225
parameter  3  2.304549 ->  0.500000 qaram    1.3225
parameter  5  0.621646 ->  0.500000 qaram    1.5209
parameter  6  0.502612 ->  0.500000 qaram    1.1500
parameter 10  2.246501 ->  0.500000 qaram    1.1500
parameter 12  1.035230 ->  0.500000 qaram    1.5209
parameters
    2.7839   -2.4248   16.3085  -12.3035  -16.3064  -12.0279
    0.1078   11.3278   -0.2750   17.0253  -10.9673  -16.0274
eta,q 0.95040 14.88233
  0.0602  0.0574  0.0524  0.0567  0.0530  0.0521  0.0549  0.0555  0.0541  0.0497  0.0523  0.0494
  0.0592  0.0572  0.0535  0.0551  0.0528  0.0525  0.0536  0.0536  0.0532  0.0505  0.0515  0.0495
  0.0587  0.0577  0.0553  0.0541  0.0533  0.0522  0.0528  0.0526  0.0526  0.0514  0.0510  0.0499
  0.0588  0.0587  0.0573  0.0539  0.0540  0.0528  0.0524  0.0524  0.0524  0.0524  0.0508  0.0507
  0.0593  0.0601  0.0594  0.0554  0.0552  0.0551  0.0526  0.0528  0.0526  0.0537  0.0507  0.0517
  0.0604  0.0620  0.0619  0.0601  0.0578  0.0591  0.0533  0.0536  0.0530  0.0550  0.0508  0.0530
  0.0620  0.0642  0.0647  0.0690  0.0613  0.0661  0.0545  0.0555  0.0538  0.0568  0.0511  0.0544
niter,ni,del,rscale     7    3    5.0000    1.2000
parameter  2  0.914618 ->  0.500000 qaram    1.5209
parameter  3 20.361963 ->  0.500000 qaram    1.5209
parameter  4 -0.574605 -> -0.500000 qaram    1.5209
parameters
    2.6211   -4.2499   14.4834   -6.8283  -18.0245  -14.8427
   -1.0482   10.1115   -1.0488   14.8551  -10.4694  -15.6587
eta,q 0.96284 15.10894
  0.0517  0.0472  0.0354  0.0459  0.0444  0.0397  0.0393  0.0408  0.0391  0.0396  0.0389  0.0402
  0.0505  0.0470  0.0391  0.0438  0.0414  0.0380  0.0382  0.0386  0.0380  0.0380  0.0379  0.0388
  0.0498  0.0478  0.0432  0.0419  0.0392  0.0375  0.0375  0.0376  0.0374  0.0372  0.0373  0.0378
  0.0496  0.0496  0.0471  0.0402  0.0385  0.0386  0.0375  0.0374  0.0374  0.0374  0.0372  0.0372
  0.0500  0.0521  0.0509  0.0390  0.0409  0.0396  0.0381  0.0382  0.0378  0.0387  0.0374  0.0373
  0.0509  0.0550  0.0550  0.0385  0.0449  0.0434  0.0393  0.0407  0.0387  0.0413  0.0378  0.0383
  0.0524  0.0582  0.0593  0.0402  0.0493  0.0525  0.0411  0.0452  0.0400  0.0446  0.0384  0.0401
niter,ni,del,rscale     7    3    5.0000    1.2000
parameter  3  1.349839 ->  0.500000 qaram    1.7490
parameters
    2.6764   -4.3796   12.3846   -7.9868  -15.7921  -14.6573
   -0.7771   10.4269   -0.9754   15.6435  -10.6318  -18.3059
eta,q 0.96807 15.20013
  0.0400  0.0428  0.0312  0.0388  0.0435  0.0382  0.0353  0.0380  0.0347  0.0376  0.0335  0.0337
  0.0385  0.0397  0.0325  0.0366  0.0396  0.0361  0.0336  0.0348  0.0333  0.0352  0.0324  0.0325
  0.0376  0.0378  0.0344  0.0346  0.0361  0.0341  0.0326  0.0329  0.0325  0.0333  0.0320  0.0320
  0.0372  0.0372  0.0372  0.0330  0.0334  0.0323  0.0322  0.0322  0.0322  0.0322  0.0320  0.0320
  0.0374  0.0378  0.0409  0.0325  0.0321  0.0311  0.0324  0.0324  0.0324  0.0321  0.0322  0.0328
  0.0382  0.0400  0.0456  0.0369  0.0344  0.0331  0.0334  0.0338  0.0332  0.0335  0.0327  0.0345
  0.0398  0.0440  0.0505  0.0456  0.0385  0.0402  0.0349  0.0373  0.0346  0.0362  0.0334  0.0372
niter,ni,del,rscale     7    3    5.0000    1.2000
parameter  3  0.897320 ->  0.500000 qaram    2.0114
parameters
    2.4080   -4.2877    9.9710   -8.6847  -14.8207  -15.2200
   -1.1589   10.6102   -0.4879   17.1809   -9.5195  -21.2843
eta,q 0.97180 15.24239
  0.0344  0.0397  0.0280  0.0357  0.0388  0.0355  0.0318  0.0358  0.0320  0.0355  0.0310  0.0301
  0.0329  0.0358  0.0281  0.0331  0.0348  0.0331  0.0302  0.0321  0.0304  0.0326  0.0296  0.0288
  0.0321  0.0331  0.0296  0.0306  0.0314  0.0309  0.0292  0.0300  0.0294  0.0304  0.0288  0.0282
  0.0319  0.0319  0.0319  0.0284  0.0288  0.0284  0.0290  0.0290  0.0289  0.0289  0.0285  0.0285
  0.0325  0.0324  0.0351  0.0277  0.0288  0.0272  0.0295  0.0291  0.0291  0.0284  0.0285  0.0295
  0.0338  0.0350  0.0396  0.0323  0.0322  0.0315  0.0307  0.0311  0.0299  0.0294  0.0289  0.0313
  0.0358  0.0393  0.0453  0.0412  0.0366  0.0425  0.0324  0.0357  0.0313  0.0324  0.0299  0.0340
niter,ni,del,rscale     7    3    5.0000    1.2000
parameters
    2.2118   -4.2178    8.8331   -9.1505  -14.7590  -15.8096
   -1.6284   10.1829   -0.2854   17.8926   -9.6905  -22.5756
eta,q 0.97214 15.22152
  0.0314  0.0364  0.0328  0.0351  0.0366  0.0353  0.0307  0.0342  0.0308  0.0338  0.0300  0.0306
  0.0294  0.0323  0.0284  0.0322  0.0329  0.0326  0.0291  0.0308  0.0293  0.0311  0.0286  0.0290
  0.0284  0.0294  0.0270  0.0295  0.0296  0.0301  0.0282  0.0288  0.0284  0.0291  0.0280  0.0281
  0.0282  0.0282  0.0282  0.0271  0.0274  0.0274  0.0279  0.0279  0.0280  0.0280  0.0279  0.0279
  0.0289  0.0289  0.0307  0.0265  0.0282  0.0270  0.0285  0.0285  0.0283  0.0280  0.0281  0.0286
  0.0303  0.0316  0.0345  0.0309  0.0323  0.0319  0.0297  0.0314  0.0291  0.0293  0.0288  0.0301
  0.0325  0.0361  0.0394  0.0398  0.0371  0.0418  0.0315  0.0367  0.0305  0.0326  0.0301  0.0323
niter,ni,del,rscale     6    3    5.0000    1.2000
parameters
    2.0446   -4.1236    8.5584   -9.0857  -14.8748  -16.1567
   -1.7599   10.0114   -0.1616   18.2698   -9.9940  -22.9240
eta,q 0.97207 15.21470
  0.0311  0.0360  0.0359  0.0357  0.0365  0.0356  0.0309  0.0347  0.0307  0.0332  0.0299  0.0313
  0.0291  0.0319  0.0302  0.0328  0.0329  0.0329  0.0293  0.0311  0.0292  0.0306  0.0286  0.0294
  0.0280  0.0291  0.0276  0.0300  0.0297  0.0303  0.0283  0.0290  0.0283  0.0289  0.0281  0.0283
  0.0279  0.0278  0.0278  0.0276  0.0276  0.0276  0.0280  0.0279  0.0280  0.0280  0.0279  0.0279
  0.0285  0.0284  0.0297  0.0265  0.0285  0.0268  0.0283  0.0283  0.0283  0.0281  0.0282  0.0284
  0.0299  0.0311  0.0326  0.0299  0.0327  0.0312  0.0294  0.0310  0.0291  0.0295  0.0290  0.0297
  0.0320  0.0354  0.0366  0.0385  0.0376  0.0408  0.0311  0.0361  0.0305  0.0328  0.0302  0.0317
niter,ni,del,rscale     5    3    5.0000    1.2000
parameters
    1.9921   -4.0456    8.4115   -9.0388  -14.9652  -16.3917
   -1.7899    9.9871   -0.0566   18.4527  -10.1609  -23.0786
eta,q 0.97197 15.20764
  0.0315  0.0358  0.0365  0.0359  0.0367  0.0359  0.0310  0.0351  0.0307  0.0329  0.0301  0.0314
  0.0294  0.0318  0.0305  0.0329  0.0331  0.0331  0.0294  0.0313  0.0293  0.0305  0.0288  0.0295
  0.0282  0.0291  0.0278  0.0302  0.0299  0.0305  0.0284  0.0291  0.0284  0.0288  0.0282  0.0284
  0.0279  0.0279  0.0279  0.0278  0.0278  0.0278  0.0280  0.0280  0.0280  0.0280  0.0280  0.0280
  0.0284  0.0285  0.0297  0.0267  0.0286  0.0268  0.0284  0.0284  0.0283  0.0282  0.0283  0.0284
  0.0297  0.0311  0.0324  0.0302  0.0328  0.0309  0.0294  0.0309  0.0292  0.0296  0.0290  0.0297
  0.0317  0.0355  0.0362  0.0386  0.0377  0.0404  0.0311  0.0358  0.0305  0.0330  0.0302  0.0316
niter,ni,del,rscale     4    3    5.0000    1.2000
parameters
    1.9713   -3.9967    8.3090   -9.0084  -15.0206  -16.5475
   -1.8149    9.9745    0.0044   18.5646  -10.2376  -23.1712
eta,q 0.97191 15.20222
  0.0317  0.0357  0.0366  0.0360  0.0368  0.0360  0.0311  0.0352  0.0307  0.0328  0.0302  0.0315
  0.0295  0.0318  0.0307  0.0330  0.0332  0.0332  0.0294  0.0314  0.0293  0.0304  0.0288  0.0295
  0.0283  0.0292  0.0279  0.0303  0.0301  0.0306  0.0284  0.0291  0.0284  0.0289  0.0282  0.0285
  0.0280  0.0280  0.0280  0.0279  0.0279  0.0279  0.0281  0.0281  0.0281  0.0281  0.0281  0.0281
  0.0285  0.0286  0.0297  0.0268  0.0287  0.0268  0.0284  0.0284  0.0284  0.0283  0.0283  0.0285
  0.0297  0.0313  0.0324  0.0304  0.0329  0.0307  0.0295  0.0309  0.0292  0.0297  0.0290  0.0297
  0.0317  0.0356  0.0360  0.0388  0.0378  0.0402  0.0311  0.0358  0.0306  0.0331  0.0302  0.0316
niter,ni,del,rscale     3    3    5.0000    1.2000
parameters
    1.9598   -3.9665    8.2397   -8.9890  -15.0576  -16.6509
   -1.8316    9.9623    0.0426   18.6383  -10.2858  -23.2261
eta,q 0.97187 15.19858
  0.0318  0.0356  0.0367  0.0361  0.0369  0.0361  0.0311  0.0353  0.0307  0.0327  0.0302  0.0316
  0.0296  0.0318  0.0308  0.0331  0.0333  0.0333  0.0295  0.0314  0.0293  0.0304  0.0289  0.0296
  0.0284  0.0292  0.0280  0.0304  0.0302  0.0307  0.0285  0.0292  0.0284  0.0289  0.0283  0.0286
  0.0281  0.0281  0.0281  0.0280  0.0280  0.0280  0.0281  0.0281  0.0281  0.0281  0.0281  0.0281
  0.0286  0.0287  0.0297  0.0269  0.0288  0.0268  0.0285  0.0285  0.0284  0.0283  0.0284  0.0285
  0.0298  0.0314  0.0323  0.0305  0.0329  0.0306  0.0295  0.0310  0.0293  0.0298  0.0290  0.0297
  0.0317  0.0357  0.0359  0.0389  0.0378  0.0400  0.0311  0.0359  0.0306  0.0331  0.0302  0.0316
niter,ni,del,rscale     2    3    5.0000    1.2000
parameters
    1.9512   -3.9456    8.1932   -8.9768  -15.0839  -16.7211
   -1.8388    9.9513    0.0644   18.6888  -10.3139  -23.2584
eta,q 0.97184 15.19587
  0.0318  0.0356  0.0368  0.0361  0.0369  0.0361  0.0311  0.0353  0.0307  0.0327  0.0303  0.0316
  0.0297  0.0318  0.0309  0.0332  0.0334  0.0334  0.0295  0.0314  0.0293  0.0304  0.0289  0.0296
  0.0285  0.0292  0.0281  0.0305  0.0303  0.0308  0.0285  0.0292  0.0285  0.0289  0.0283  0.0286
  0.0281  0.0281  0.0281  0.0281  0.0281  0.0281  0.0282  0.0282  0.0282  0.0282  0.0282  0.0282
  0.0286  0.0288  0.0297  0.0270  0.0288  0.0268  0.0285  0.0285  0.0284  0.0284  0.0284  0.0285
  0.0298  0.0314  0.0323  0.0306  0.0329  0.0305  0.0295  0.0310  0.0293  0.0298  0.0291  0.0297
  0.0318  0.0358  0.0358  0.0389  0.0378  0.0399  0.0311  0.0359  0.0307  0.0331  0.0302  0.0316
registration optimization eta report
parameter search radius
    2.4000    3.6501    4.8273   10.9503   10.9503    8.2800
    7.2000    7.2000    7.2000    8.2800    8.2800   10.9503
100000*second partial in parameter space
       64.       56.       35.        8.        8.       15.
        6.       15.        5.        7.        3.        3.
  0.0318  0.0356  0.0368  0.0361  0.0369  0.0361  0.0311  0.0353  0.0307  0.0327  0.0303  0.0316
  0.0297  0.0318  0.0309  0.0332  0.0334  0.0334  0.0295  0.0314  0.0293  0.0304  0.0289  0.0296
  0.0285  0.0292  0.0281  0.0305  0.0303  0.0308  0.0285  0.0292  0.0285  0.0289  0.0283  0.0286
  0.0281  0.0281  0.0281  0.0281  0.0281  0.0281  0.0282  0.0282  0.0282  0.0282  0.0282  0.0282
  0.0286  0.0288  0.0297  0.0270  0.0288  0.0268  0.0285  0.0285  0.0284  0.0284  0.0284  0.0285
  0.0298  0.0314  0.0323  0.0306  0.0329  0.0305  0.0295  0.0310  0.0293  0.0298  0.0291  0.0297
  0.0318  0.0358  0.0358  0.0389  0.0378  0.0399  0.0311  0.0359  0.0307  0.0331  0.0302  0.0316
    1.9512   -3.9456    8.1932   -8.9768  -15.0839  -16.7211
   -1.8388    9.9513    0.0644   18.6888  -10.3139  -23.2584
eta,q 0.97184 15.19587

---------------------------------------------------------------------
imgreg_4dfp /opt/freesurfer/average/711-2C_as_mni_average_305 /opt/freesurfer/average/711-2B_as_mni_average_305_mask talsrcimg_g11 none talsrcimg_to_711-2C_as_mni_average_305_t4 2311
---------------------------------------------------------------------

freesurfer imgreg_4dfp.c
/opt/freesurfer/average/711-2C_as_mni_average_305.4dfp.img
       256       256       256         1
  1.000000  1.000000  1.000000
orientation T byte_order littleendian
Reading image: /opt/freesurfer/average/711-2C_as_mni_average_305.4dfp.img
dimensions:      256       256       256
mmppix:       1.0000   -1.0000   -1.0000
center:     128.0000 -129.0000 -129.0000
/opt/freesurfer/average/711-2B_as_mni_average_305_mask.4dfp.img
       256       256       256         1
  1.000000  1.000000  1.000000
orientation T byte_order littleendian
Reading mask: /opt/freesurfer/average/711-2B_as_mni_average_305_mask.4dfp.img (2306576 pixels)
talsrcimg_g11.4dfp.img
       256       256       256         1
  1.000000  1.000000  1.000000
orientation T byte_order littleendian
Reading image: talsrcimg_g11.4dfp.img
dimensions:      256       256       256
mmppix:       1.0000   -1.0000   -1.0000
center:     128.0000 -129.0000 -129.0000
fimgreg.f
image alignment mode   2311 decimal      907 hex
parameters
    1.9512   -3.9456    8.1932   -8.9768  -15.0840  -16.7211
   -1.8388    9.9513    0.0644   18.6888  -10.3139  -23.2584
eta,q 0.97184 15.19587
niter,ni,del,rscale     5    3    5.0000    0.8000
parameter  3  0.542265 ->  0.500000 qaram    1.1500
parameter  4 -0.535649 -> -0.500000 qaram    1.1500
parameters
    1.9063   -3.8034    7.2732   -6.2168  -14.7083  -17.0623
   -2.0288    9.7401    0.1099   18.5387  -10.0074  -23.8285
eta,q 0.97288 15.32681
  0.0297  0.0299  0.0281  0.0310  0.0300  0.0309  0.0288  0.0320  0.0286  0.0289  0.0287  0.0277
  0.0288  0.0290  0.0279  0.0299  0.0288  0.0294  0.0279  0.0294  0.0278  0.0280  0.0278  0.0274
  0.0283  0.0285  0.0279  0.0288  0.0277  0.0280  0.0273  0.0277  0.0273  0.0274  0.0273  0.0272
  0.0282  0.0282  0.0281  0.0279  0.0270  0.0269  0.0271  0.0271  0.0271  0.0271  0.0271  0.0271
  0.0284  0.0282  0.0285  0.0272  0.0270  0.0271  0.0273  0.0279  0.0273  0.0273  0.0273  0.0273
  0.0289  0.0286  0.0291  0.0271  0.0279  0.0293  0.0280  0.0299  0.0277  0.0280  0.0277  0.0276
  0.0298  0.0294  0.0297  0.0279  0.0295  0.0336  0.0292  0.0331  0.0285  0.0294  0.0283  0.0281
niter,ni,del,rscale     6    3    5.0000    0.9000
parameters
    2.0628   -3.7020    7.6757   -7.0247  -14.6842  -16.3371
   -1.9553    9.8709    0.0231   18.6873   -9.9733  -23.9698
eta,q 0.97331 15.33887
  0.0306  0.0295  0.0299  0.0304  0.0306  0.0323  0.0289  0.0330  0.0284  0.0293  0.0283  0.0276
  0.0288  0.0283  0.0284  0.0291  0.0292  0.0306  0.0277  0.0297  0.0275  0.0280  0.0273  0.0271
  0.0277  0.0275  0.0275  0.0279  0.0280  0.0289  0.0270  0.0276  0.0269  0.0271  0.0268  0.0268
  0.0271  0.0271  0.0271  0.0271  0.0273  0.0273  0.0267  0.0267  0.0267  0.0267  0.0267  0.0267
  0.0273  0.0273  0.0271  0.0275  0.0276  0.0263  0.0269  0.0272  0.0269  0.0268  0.0269  0.0268
  0.0281  0.0279  0.0275  0.0300  0.0288  0.0275  0.0276  0.0292  0.0275  0.0276  0.0274  0.0271
  0.0296  0.0291  0.0282  0.0341  0.0309  0.0313  0.0288  0.0326  0.0285  0.0292  0.0282  0.0277
niter,ni,del,rscale     5    3    5.0000    0.8000
parameters
    2.0845   -3.7483    7.8641   -7.0984  -14.6121  -15.9382
   -1.9555    9.9308    0.0061   18.5530  -10.0235  -23.9376
eta,q 0.97356 15.35526
  0.0289  0.0284  0.0287  0.0299  0.0296  0.0312  0.0281  0.0316  0.0279  0.0284  0.0277  0.0272
  0.0277  0.0274  0.0276  0.0287  0.0283  0.0297  0.0272  0.0289  0.0271  0.0274  0.0270  0.0268
  0.0270  0.0269  0.0269  0.0275  0.0273  0.0281  0.0267  0.0271  0.0266  0.0267  0.0265  0.0266
  0.0267  0.0267  0.0267  0.0267  0.0267  0.0267  0.0264  0.0264  0.0264  0.0264  0.0264  0.0264
  0.0269  0.0269  0.0268  0.0267  0.0269  0.0262  0.0266  0.0269  0.0266  0.0267  0.0266  0.0265
  0.0276  0.0275  0.0273  0.0280  0.0280  0.0275  0.0272  0.0286  0.0271  0.0274  0.0271  0.0267
  0.0288  0.0286  0.0279  0.0309  0.0297  0.0310  0.0282  0.0314  0.0279  0.0288  0.0277  0.0272
niter,ni,del,rscale     4    3    5.0000    0.7000
parameters
    2.1130   -3.7806    8.0247   -6.9354  -14.5410  -15.5481
   -1.9490    9.9901   -0.0089   18.3153  -10.0082  -23.9153
eta,q 0.97383 15.37844
  0.0282  0.0278  0.0281  0.0292  0.0287  0.0303  0.0275  0.0304  0.0273  0.0277  0.0273  0.0268
  0.0272  0.0270  0.0272  0.0281  0.0277  0.0289  0.0268  0.0282  0.0267  0.0269  0.0266  0.0265
  0.0266  0.0266  0.0266  0.0272  0.0269  0.0276  0.0263  0.0267  0.0263  0.0264  0.0263  0.0263
  0.0264  0.0264  0.0264  0.0264  0.0264  0.0264  0.0262  0.0262  0.0262  0.0262  0.0262  0.0262
  0.0266  0.0266  0.0266  0.0263  0.0266  0.0260  0.0263  0.0265  0.0263  0.0264  0.0263  0.0262
  0.0271  0.0271  0.0269  0.0273  0.0274  0.0272  0.0267  0.0279  0.0267  0.0270  0.0267  0.0264
  0.0281  0.0279  0.0274  0.0294  0.0288  0.0298  0.0275  0.0302  0.0273  0.0282  0.0272  0.0268
niter,ni,del,rscale     3    3    5.0000    0.6000
parameters
    2.1662   -3.8009    8.2115   -6.7275  -14.4763  -15.1378
   -1.9420   10.0544   -0.0481   18.0791   -9.9361  -23.8681
eta,q 0.97407 15.40255
  0.0276  0.0272  0.0276  0.0284  0.0280  0.0294  0.0269  0.0293  0.0268  0.0271  0.0268  0.0264
  0.0268  0.0266  0.0268  0.0275  0.0271  0.0282  0.0264  0.0275  0.0263  0.0264  0.0263  0.0261
  0.0264  0.0263  0.0263  0.0267  0.0265  0.0271  0.0260  0.0264  0.0260  0.0260  0.0260  0.0260
  0.0262  0.0262  0.0262  0.0262  0.0261  0.0261  0.0259  0.0259  0.0259  0.0259  0.0259  0.0259
  0.0263  0.0263  0.0262  0.0261  0.0263  0.0259  0.0260  0.0262  0.0260  0.0261  0.0260  0.0260
  0.0267  0.0267  0.0265  0.0268  0.0269  0.0267  0.0264  0.0273  0.0263  0.0266  0.0263  0.0261
  0.0274  0.0273  0.0269  0.0284  0.0280  0.0287  0.0270  0.0291  0.0268  0.0275  0.0267  0.0264
niter,ni,del,rscale     2    3    5.0000    0.5000
parameters
    2.2271   -3.8172    8.4314   -6.5363  -14.4507  -14.7192
   -1.9296   10.1130   -0.1084   17.8801   -9.8482  -23.7940
eta,q 0.97429 15.42391
  0.0270  0.0266  0.0270  0.0276  0.0272  0.0285  0.0265  0.0282  0.0263  0.0265  0.0264  0.0261
  0.0264  0.0262  0.0265  0.0269  0.0266  0.0275  0.0260  0.0269  0.0260  0.0261  0.0260  0.0259
  0.0261  0.0260  0.0261  0.0263  0.0261  0.0266  0.0258  0.0260  0.0258  0.0258  0.0258  0.0258
  0.0259  0.0259  0.0259  0.0259  0.0259  0.0259  0.0257  0.0257  0.0257  0.0257  0.0257  0.0257
  0.0260  0.0260  0.0259  0.0259  0.0260  0.0257  0.0258  0.0259  0.0258  0.0258  0.0258  0.0257
  0.0263  0.0263  0.0261  0.0264  0.0264  0.0263  0.0260  0.0267  0.0260  0.0262  0.0260  0.0258
  0.0268  0.0267  0.0264  0.0275  0.0273  0.0277  0.0265  0.0280  0.0264  0.0269  0.0263  0.0260
niter,ni,del,rscale     1    3    5.0000    0.4000
parameters
    2.2854   -3.8213    8.6561   -6.3747  -14.4420  -14.3586
   -1.9128   10.1567   -0.1862   17.7563   -9.7610  -23.7432
eta,q 0.97446 15.44187
  0.0264  0.0262  0.0265  0.0269  0.0265  0.0276  0.0260  0.0272  0.0259  0.0261  0.0260  0.0258
  0.0260  0.0259  0.0261  0.0264  0.0261  0.0269  0.0258  0.0263  0.0257  0.0258  0.0258  0.0256
  0.0258  0.0258  0.0258  0.0259  0.0258  0.0262  0.0256  0.0258  0.0256  0.0256  0.0256  0.0256
  0.0257  0.0257  0.0257  0.0257  0.0256  0.0256  0.0255  0.0255  0.0255  0.0255  0.0255  0.0255
  0.0257  0.0258  0.0257  0.0257  0.0257  0.0256  0.0256  0.0257  0.0256  0.0256  0.0256  0.0256
  0.0259  0.0259  0.0258  0.0260  0.0260  0.0260  0.0258  0.0262  0.0257  0.0259  0.0257  0.0256
  0.0262  0.0262  0.0260  0.0268  0.0266  0.0269  0.0260  0.0271  0.0260  0.0263  0.0259  0.0258
registration optimization eta report
parameter search radius
    0.8000    0.8000    0.9200    2.7600    2.4000    2.4000
    2.4000    2.4000    2.4000    2.4000    2.4000    2.4000
100000*second partial in parameter space
       97.       77.       65.       15.       16.       28.
        9.       28.        7.       12.        8.        4.
  0.0264  0.0262  0.0265  0.0269  0.0265  0.0276  0.0260  0.0272  0.0259  0.0261  0.0260  0.0258
  0.0260  0.0259  0.0261  0.0264  0.0261  0.0269  0.0258  0.0263  0.0257  0.0258  0.0258  0.0256
  0.0258  0.0258  0.0258  0.0259  0.0258  0.0262  0.0256  0.0258  0.0256  0.0256  0.0256  0.0256
  0.0257  0.0257  0.0257  0.0257  0.0256  0.0256  0.0255  0.0255  0.0255  0.0255  0.0255  0.0255
  0.0257  0.0258  0.0257  0.0257  0.0257  0.0256  0.0256  0.0257  0.0256  0.0256  0.0256  0.0256
  0.0259  0.0259  0.0258  0.0260  0.0260  0.0260  0.0258  0.0262  0.0257  0.0259  0.0257  0.0256
  0.0262  0.0262  0.0260  0.0268  0.0266  0.0269  0.0260  0.0271  0.0260  0.0263  0.0259  0.0258
    2.2854   -3.8213    8.6561   -6.3747  -14.4420  -14.3586
   -1.9128   10.1567   -0.1862   17.7563   -9.7610  -23.7432
eta,q 0.97446 15.44187

---------------------------------------------------------------------
imgreg_4dfp /opt/freesurfer/average/711-2C_as_mni_average_305 /opt/freesurfer/average/711-2B_as_mni_average_305_mask talsrcimg_g11 none talsrcimg_to_711-2C_as_mni_average_305_t4 2311
---------------------------------------------------------------------

freesurfer imgreg_4dfp.c
/opt/freesurfer/average/711-2C_as_mni_average_305.4dfp.img
       256       256       256         1
  1.000000  1.000000  1.000000
orientation T byte_order littleendian
Reading image: /opt/freesurfer/average/711-2C_as_mni_average_305.4dfp.img
dimensions:      256       256       256
mmppix:       1.0000   -1.0000   -1.0000
center:     128.0000 -129.0000 -129.0000
/opt/freesurfer/average/711-2B_as_mni_average_305_mask.4dfp.img
       256       256       256         1
  1.000000  1.000000  1.000000
orientation T byte_order littleendian
Reading mask: /opt/freesurfer/average/711-2B_as_mni_average_305_mask.4dfp.img (2306576 pixels)
talsrcimg_g11.4dfp.img
       256       256       256         1
  1.000000  1.000000  1.000000
orientation T byte_order littleendian
Reading image: talsrcimg_g11.4dfp.img
dimensions:      256       256       256
mmppix:       1.0000   -1.0000   -1.0000
center:     128.0000 -129.0000 -129.0000
fimgreg.f
image alignment mode   2311 decimal      907 hex
parameters
    2.2854   -3.8213    8.6561   -6.3747  -14.4420  -14.3586
   -1.9128   10.1567   -0.1862   17.7563   -9.7610  -23.7432
eta,q 0.97446 15.44187
niter,ni,del,rscale     5    3    5.0000    0.8000
parameters
    2.3089   -3.8365    8.9236   -6.8775  -14.7138  -14.6602
   -1.9746   10.1753   -0.2309   18.1286   -9.7666  -23.4348
eta,q 0.97424 15.41016
  0.0282  0.0275  0.0278  0.0280  0.0283  0.0301  0.0275  0.0308  0.0273  0.0284  0.0272  0.0267
  0.0268  0.0264  0.0266  0.0269  0.0271  0.0285  0.0266  0.0282  0.0265  0.0271  0.0263  0.0262
  0.0259  0.0258  0.0259  0.0260  0.0261  0.0269  0.0260  0.0265  0.0260  0.0263  0.0259  0.0259
  0.0255  0.0255  0.0255  0.0255  0.0256  0.0256  0.0258  0.0258  0.0258  0.0258  0.0258  0.0258
  0.0258  0.0258  0.0256  0.0258  0.0260  0.0259  0.0260  0.0263  0.0260  0.0258  0.0259  0.0258
  0.0266  0.0264  0.0260  0.0273  0.0273  0.0281  0.0266  0.0280  0.0265  0.0265  0.0264  0.0260
  0.0281  0.0276  0.0266  0.0301  0.0293  0.0329  0.0276  0.0309  0.0274  0.0278  0.0271  0.0265
niter,ni,del,rscale     4    3    5.0000    0.7000
parameters
    2.2929   -3.8491    8.7541   -6.7525  -14.6301  -14.7390
   -1.9370   10.1636   -0.2029   18.0252   -9.7610  -23.5230
eta,q 0.97427 15.41265
  0.0275  0.0272  0.0266  0.0280  0.0281  0.0295  0.0271  0.0299  0.0269  0.0274  0.0269  0.0263
  0.0265  0.0264  0.0260  0.0271  0.0270  0.0282  0.0264  0.0277  0.0263  0.0266  0.0262  0.0260
  0.0259  0.0259  0.0258  0.0263  0.0262  0.0268  0.0259  0.0263  0.0259  0.0260  0.0258  0.0258
  0.0258  0.0258  0.0258  0.0257  0.0257  0.0257  0.0257  0.0257  0.0257  0.0257  0.0257  0.0257
  0.0260  0.0259  0.0260  0.0257  0.0258  0.0258  0.0258  0.0262  0.0259  0.0259  0.0259  0.0258
  0.0266  0.0264  0.0265  0.0265  0.0267  0.0274  0.0263  0.0276  0.0262  0.0266  0.0262  0.0260
  0.0276  0.0273  0.0271  0.0282  0.0281  0.0309  0.0271  0.0300  0.0269  0.0277  0.0268  0.0264
niter,ni,del,rscale     3    3    5.0000    0.6000
parameters
    2.2961   -3.8460    8.6915   -6.5679  -14.5455  -14.6268
   -1.9245   10.1558   -0.2019   17.9127   -9.7442  -23.6034
eta,q 0.97436 15.42478
  0.0271  0.0268  0.0265  0.0275  0.0276  0.0289  0.0267  0.0289  0.0265  0.0269  0.0265  0.0261
  0.0263  0.0262  0.0260  0.0268  0.0267  0.0277  0.0261  0.0272  0.0261  0.0262  0.0260  0.0258
  0.0259  0.0259  0.0258  0.0262  0.0260  0.0266  0.0258  0.0260  0.0257  0.0258  0.0257  0.0257
  0.0257  0.0257  0.0257  0.0257  0.0257  0.0257  0.0256  0.0256  0.0256  0.0256  0.0256  0.0256
  0.0259  0.0258  0.0259  0.0257  0.0258  0.0257  0.0257  0.0260  0.0257  0.0258  0.0257  0.0257
  0.0263  0.0262  0.0262  0.0262  0.0264  0.0268  0.0261  0.0271  0.0260  0.0263  0.0260  0.0259
  0.0271  0.0268  0.0266  0.0275  0.0275  0.0291  0.0267  0.0290  0.0265  0.0272  0.0265  0.0261
niter,ni,del,rscale     2    3    5.0000    0.5000
parameters
    2.3131   -3.8370    8.7419   -6.4178  -14.5077  -14.4093
   -1.9074   10.1605   -0.2174   17.8021   -9.7177  -23.6364
eta,q 0.97447 15.43749
  0.0266  0.0264  0.0263  0.0270  0.0270  0.0282  0.0263  0.0280  0.0262  0.0265  0.0262  0.0259
  0.0261  0.0260  0.0259  0.0264  0.0263  0.0272  0.0259  0.0267  0.0258  0.0260  0.0258  0.0257
  0.0258  0.0257  0.0257  0.0259  0.0258  0.0263  0.0256  0.0258  0.0256  0.0257  0.0256  0.0256
  0.0256  0.0256  0.0256  0.0256  0.0256  0.0256  0.0255  0.0255  0.0255  0.0255  0.0255  0.0255
  0.0257  0.0257  0.0257  0.0256  0.0257  0.0256  0.0256  0.0258  0.0256  0.0256  0.0256  0.0256
  0.0260  0.0260  0.0259  0.0260  0.0262  0.0264  0.0259  0.0266  0.0258  0.0260  0.0258  0.0257
  0.0266  0.0264  0.0262  0.0269  0.0270  0.0279  0.0263  0.0280  0.0262  0.0267  0.0262  0.0259
niter,ni,del,rscale     1    3    5.0000    0.4000
parameters
    2.3323   -3.8260    8.8505   -6.2923  -14.4919  -14.1776
   -1.8815   10.1693   -0.2509   17.7236   -9.7055  -23.6546
eta,q 0.97454 15.44965
  0.0262  0.0260  0.0261  0.0265  0.0264  0.0275  0.0260  0.0271  0.0259  0.0261  0.0259  0.0257
  0.0258  0.0258  0.0258  0.0261  0.0260  0.0267  0.0257  0.0262  0.0256  0.0257  0.0257  0.0256
  0.0256  0.0256  0.0256  0.0257  0.0257  0.0260  0.0255  0.0257  0.0255  0.0255  0.0255  0.0255
  0.0255  0.0255  0.0255  0.0255  0.0255  0.0255  0.0255  0.0255  0.0255  0.0255  0.0255  0.0255
  0.0256  0.0256  0.0256  0.0255  0.0256  0.0255  0.0255  0.0256  0.0255  0.0255  0.0255  0.0255
  0.0258  0.0258  0.0257  0.0258  0.0259  0.0260  0.0257  0.0262  0.0257  0.0258  0.0256  0.0256
  0.0262  0.0260  0.0258  0.0264  0.0264  0.0270  0.0259  0.0271  0.0259  0.0262  0.0259  0.0257
registration optimization eta report
parameter search radius
    0.8000    0.8000    0.8000    2.4000    2.4000    2.4000
    2.4000    2.4000    2.4000    2.4000    2.4000    2.4000
100000*second partial in parameter space
      100.       77.       66.       16.       16.       30.
        9.       28.        8.       12.        8.        4.
  0.0262  0.0260  0.0261  0.0265  0.0264  0.0275  0.0260  0.0271  0.0259  0.0261  0.0259  0.0257
  0.0258  0.0258  0.0258  0.0261  0.0260  0.0267  0.0257  0.0262  0.0256  0.0257  0.0257  0.0256
  0.0256  0.0256  0.0256  0.0257  0.0257  0.0260  0.0255  0.0257  0.0255  0.0255  0.0255  0.0255
  0.0255  0.0255  0.0255  0.0255  0.0255  0.0255  0.0255  0.0255  0.0255  0.0255  0.0255  0.0255
  0.0256  0.0256  0.0256  0.0255  0.0256  0.0255  0.0255  0.0256  0.0255  0.0255  0.0255  0.0255
  0.0258  0.0258  0.0257  0.0258  0.0259  0.0260  0.0257  0.0262  0.0257  0.0258  0.0256  0.0256
  0.0262  0.0260  0.0258  0.0264  0.0264  0.0270  0.0259  0.0271  0.0259  0.0262  0.0259  0.0257
    2.3323   -3.8260    8.8505   -6.2923  -14.4919  -14.1776
   -1.8815   10.1693   -0.2509   17.7236   -9.7055  -23.6546
eta,q 0.97454 15.44965

---------------------------------------------------------------------
compute_vox2vox talsrcimg talsrcimg_to_711-2C_as_mni_average_305_t4 /opt/freesurfer/average/711-2C_as_mni_average_305
---------------------------------------------------------------------

freesurfer compute_vox2vox.c
Reading: talsrcimg.4dfp.ifh
Reading: talsrcimg_to_711-2C_as_mni_average_305_t4
Reading: /opt/freesurfer/average/711-2C_as_mni_average_305.4dfp.ifh
Writing: talsrcimg_to_711-2C_as_mni_average_305_t4_vox2vox.txt

start time Mon Mar 9 23:50:55 CET 2026
end		time Mon Mar 9 23:51:09 CET 2026

mpr2mni305 success

avi2talxfm orig_nu.mgz /opt/freesurfer/average/mni305.cor.mgz talsrcimg_to_711-2C_as_mni_average_305_t4_vox2vox.txt transforms/talairach.auto.xfm
avi2talxfm done
mv -f /out/sourcedata/freesurfer/sub-v1s3x0050787_ses-1/mri/talsrcimg_to_711-2C_as_mni_average_305_t4_vox2vox.txt /out/sourcedata/freesurfer/sub-v1s3x0050787_ses-1/mri/transforms/talsrcimg_to_711-2C_as_mni_average_305_t4_vox2vox.txt
lta_convert --src orig_nu.mgz --trg /opt/freesurfer/average/mni305.cor.mgz --inxfm transforms/talairach.auto.xfm --outlta transforms/talairach.auto.xfm.lta --subject fsaverage
7.3.2

--src: orig_nu.mgz src image (geometry).
--trg: /opt/freesurfer/average/mni305.cor.mgz trg image (geometry).
--inmni: transforms/talairach.auto.xfm input MNI/XFM transform.
--outlta: transforms/talairach.auto.xfm.lta output LTA.
--s: fsaverage subject name
 LTA read, type : 1
 1.05441  -0.12272  -0.01075  -17.84392;
 0.11360   1.08900   0.30376   1.64020;
-0.02045  -0.22608   1.10649  -6.77385;
 0.00000   0.00000   0.00000   1.00000;
setting subject to fsaverage
Writing  LTA to file transforms/talairach.auto.xfm.lta...
lta_convert successful.
 
 
Started at Mon Mar 9 23:50:55 CET 2026
Ended   at Mon Mar  9 23:51:09 CET 2026
talairach_avi done
