/out/sourcedata/freesurfer/sub-v1s3x0050777_ses-1/mri
/opt/freesurfer/bin/talairach_avi
--i orig_nu.mgz --xfm transforms/talairach.auto.xfm
talairach_avi 7.3.2
Linux dna067 5.14.0-427.37.1.el9_4.x86_64 #1 SMP PREEMPT_DYNAMIC Fri Sep 13 12:41:50 EDT 2024 x86_64 x86_64 x86_64 GNU/Linux
Mon Mar  9 23:17:31 CET 2026
mri_convert orig_nu.mgz talsrcimg.img 
reading from orig_nu.mgz...
TR=0.00, TE=0.00, TI=0.00, flip angle=0.00
i_ras = (-1, 0, 0)
j_ras = (0, 0, -1)
k_ras = (0, 1, 0)
writing to talsrcimg.img...
Analyze Output Matrix
-1.00000   0.00000   0.00000   139.70830;
 0.00000   0.00000   1.00000  -139.90042;
 0.00000  -1.00000   0.00000   125.38828;
 0.00000   0.00000   0.00000   1.00000;
--------------------
INFO: set hdr.hist.orient to -1
mpr2mni305 talsrcimg
Mon Mar  9 23:17:31 CET 2026
/opt/freesurfer/bin/mpr2mni305 talsrcimg
mpr2mni305 7.3.2
target=711-2C_as_mni_average_305

---------------------------------------------------------------------
analyzeto4dfp talsrcimg -O0 -y
---------------------------------------------------------------------

freesurfer ifh2hdr.c
Mon Mar  9 23:17:31 2026
Writing: talsrcimg.4dfp.hdr
freesurfer analyzeto4dfp.c
Reading: talsrcimg.hdr
header size 348 bytes
hdr.dime.datatype	offset=70	value=2
hdr.dime.bitpix		offset=72	value=8
hdr.hist.orient		offset=252	value=-1
dimensionality     4
dimensions       256       256       256         1
Reading: talsrcimg.img
Writing: talsrcimg.4dfp.img
Writing: talsrcimg.4dfp.ifh
ifh2hdr talsrcimg -r0to238
ori=2

---------------------------------------------------------------------
gauss_4dfp talsrcimg 1.1
---------------------------------------------------------------------

freesurfer gauss_4dfp.c
Reading: talsrcimg.4dfp.img
Writing: talsrcimg_g11.4dfp.img
image dimensions 256 256 256 padded to 288 288 288
processing volume 1freesurfer ifh2hdr.c
Mon Mar  9 23:17:33 2026
Writing: talsrcimg_g11.4dfp.hdr

Writing: talsrcimg_g11.4dfp.ifh
including: talsrcimg.4dfp.img.rec in talsrcimg_g11.4dfp.img.rec

---------------------------------------------------------------------
imgreg_4dfp /opt/freesurfer/average/711-2C_as_mni_average_305 none talsrcimg_g11 none talsrcimg_to_711-2C_as_mni_average_305_t4 4355
---------------------------------------------------------------------

freesurfer imgreg_4dfp.c
/opt/freesurfer/average/711-2C_as_mni_average_305.4dfp.img
       256       256       256         1
  1.000000  1.000000  1.000000
orientation T byte_order littleendian
Reading image: /opt/freesurfer/average/711-2C_as_mni_average_305.4dfp.img
dimensions:      256       256       256
mmppix:       1.0000   -1.0000   -1.0000
center:     128.0000 -129.0000 -129.0000
talsrcimg_g11.4dfp.img
       256       256       256         1
  1.000000  1.000000  1.000000
orientation T byte_order littleendian
Reading image: talsrcimg_g11.4dfp.img
dimensions:      256       256       256
mmppix:       1.0000   -1.0000   -1.0000
center:     128.0000 -129.0000 -129.0000
t4_read: open error in t4_sub.f l:  41 t4_file(1:l)talsrcimg_to_711-2C_as_mni_average_305_t4 
t4_read: transform initialized to I4
rotation matrix determinant  1.000000
image alignment mode   4355 decimal     1103 hex
   -7.5000  -45.0000  -45.0000 8007.1177   24.2946
    0.0000  -45.0000  -45.0000 8311.2148   24.3179
    7.5000  -45.0000  -45.0000 7932.0571   24.3640
   -7.5000  -37.5000  -45.0000 8374.4453   24.2860
    0.0000  -37.5000  -45.0000 8691.7168   24.2886
    7.5000  -37.5000  -45.0000 8278.2773   24.3194
   -7.5000  -30.0000  -45.0000 9025.9189   24.2799
    0.0000  -30.0000  -45.0000 9373.9170   24.2781
    7.5000  -30.0000  -45.0000 8917.8945   24.3052
   -7.5000  -22.5000  -45.0000 9618.3418   24.2859
    0.0000  -22.5000  -45.000010027.4854   24.3020
    7.5000  -22.5000  -45.0000 9518.3066   24.3432
   -7.5000  -15.0000  -45.000010219.9473   24.3002
    0.0000  -15.0000  -45.000010674.9600   24.3339
    7.5000  -15.0000  -45.000010121.8223   24.3901
   -7.5000   -7.5000  -45.000010720.3828   24.3028
    0.0000   -7.5000  -45.000011205.5742   24.3392
    7.5000   -7.5000  -45.000010652.1875   24.3968
   -7.5000    0.0000  -45.000011108.4922   24.2946
    0.0000    0.0000  -45.000011595.8496   24.3178
    7.5000    0.0000  -45.000011030.4434   24.3640
   -7.5000    7.5000  -45.000010674.5195   24.2860
    0.0000    7.5000  -45.000011118.4951   24.2886
    7.5000    7.5000  -45.000010565.9805   24.3194
   -7.5000   15.0000  -45.0000 9859.5420   24.2799
    0.0000   15.0000  -45.000010259.3848   24.2781
    7.5000   15.0000  -45.0000 9769.5068   24.3052
   -7.5000   22.5000  -45.0000 8996.4561   24.2826
    0.0000   22.5000  -45.0000 9383.0830   24.2986
    7.5000   22.5000  -45.0000 8899.2627   24.3399
   -7.5000   30.0000  -45.0000 8161.1089   23.9764
    0.0000   30.0000  -45.0000 8511.4229   24.0096
    7.5000   30.0000  -45.0000 8052.4917   24.0650
   -7.5000   37.5000  -45.0000 7670.9937   23.9789
    0.0000   37.5000  -45.0000 7994.3706   24.0149
    7.5000   37.5000  -45.0000 7548.5015   24.0716
   -7.5000   45.0000  -45.0000 6873.7310   23.3709
    0.0000   45.0000  -45.0000 7151.3081   23.3932
    7.5000   45.0000  -45.0000 6760.7896   23.4376
   -7.5000  -45.0000  -37.5000 8660.0039   24.2341
    0.0000  -45.0000  -37.5000 9000.8242   24.2502
    7.5000  -45.0000  -37.5000 8550.8398   24.2963
   -7.5000  -37.5000  -37.5000 9062.6914   24.2336
    0.0000  -37.5000  -37.5000 9408.5645   24.2324
    7.5000  -37.5000  -37.5000 8929.6865   24.2690
   -7.5000  -30.0000  -37.5000 9742.2695   24.2286
    0.0000  -30.0000  -37.500010136.7773   24.2187
    7.5000  -30.0000  -37.5000 9588.1396   24.2484
   -7.5000  -22.5000  -37.500010381.0742   24.2291
    0.0000  -22.5000  -37.500010802.5244   24.2273
    7.5000  -22.5000  -37.500010196.3291   24.2613
   -7.5000  -15.0000  -37.500010986.2480   24.2384
    0.0000  -15.0000  -37.500011445.1504   24.2491
    7.5000  -15.0000  -37.500010814.7529   24.2904
   -7.5000   -7.5000  -37.500011496.7314   24.2382
    0.0000   -7.5000  -37.500011966.2002   24.2582
    7.5000   -7.5000  -37.500011362.8809   24.3047
   -7.5000    0.0000  -37.500011845.1855   24.2341
    0.0000    0.0000  -37.500012343.8623   24.2502
    7.5000    0.0000  -37.500011715.2988   24.2963
   -7.5000    7.5000  -37.500011400.9248   24.2336
    0.0000    7.5000  -37.500011892.8125   24.2324
    7.5000    7.5000  -37.500011265.8633   24.2690
   -7.5000   15.0000  -37.500010549.8809   24.2286
    0.0000   15.0000  -37.500010996.2676   24.2187
    7.5000   15.0000  -37.500010420.5322   24.2484
   -7.5000   22.5000  -37.5000 9575.5547   24.2257
    0.0000   22.5000  -37.5000 9987.0811   24.2239
    7.5000   22.5000  -37.5000 9433.8789   24.2580
   -7.5000   30.0000  -37.5000 8632.9775   23.9154
    0.0000   30.0000  -37.5000 9016.2295   23.9260
    7.5000   30.0000  -37.5000 8510.5352   23.9667
   -7.5000   37.5000  -37.5000 8055.9521   23.9152
    0.0000   37.5000  -37.5000 8415.6572   23.9350
    7.5000   37.5000  -37.5000 7967.1890   23.9808
   -7.5000   45.0000  -37.5000 7203.5205   23.3137
    0.0000   45.0000  -37.5000 7511.2266   23.3292
    7.5000   45.0000  -37.5000 7117.3994   23.3734
   -7.5000  -45.0000  -30.0000 9478.2588   25.2784
    0.0000  -45.0000  -30.0000 9832.2861   25.2816
    7.5000  -45.0000  -30.0000 9319.4609   25.3260
   -7.5000  -37.5000  -30.0000 9895.4697   25.2914
    0.0000  -37.5000  -30.000010294.6963   25.2791
    7.5000  -37.5000  -30.0000 9732.2080   25.3213
   -7.5000  -30.0000  -30.000010618.9238   25.3009
    0.0000  -30.0000  -30.000011068.2793   25.2819
    7.5000  -30.0000  -30.000010438.0762   25.3166
   -7.5000  -22.5000  -30.000011310.5674   25.3053
    0.0000  -22.5000  -30.000011760.2021   25.2936
    7.5000  -22.5000  -30.000011076.7451   25.3238
   -7.5000  -15.0000  -30.000011948.4189   25.3048
    0.0000  -15.0000  -30.000012415.1143   25.3049
    7.5000  -15.0000  -30.000011726.7461   25.3343
   -7.5000   -7.5000  -30.000012507.0469   25.2871
    0.0000   -7.5000  -30.000013004.8057   25.2954
    7.5000   -7.5000  -30.000012314.0117   25.3313
   -7.5000    0.0000  -30.000012855.3008   25.2784
    0.0000    0.0000  -30.000013371.5537   25.2816
    7.5000    0.0000  -30.000012646.0488   25.3260
   -7.5000    7.5000  -30.000012346.2451   25.2914
    0.0000    7.5000  -30.000012848.1143   25.2791
    7.5000    7.5000  -30.000012127.0137   25.3213
   -7.5000   15.0000  -30.000011446.7393   25.3009
    0.0000   15.0000  -30.000011916.7793   25.2819
    7.5000   15.0000  -30.000011258.1133   25.3166
   -7.5000   22.5000  -30.000010328.9873   25.2992
    0.0000   22.5000  -30.000010784.0273   25.2875
    7.5000   22.5000  -30.000010158.3027   25.3177
   -7.5000   30.0000  -30.0000 9270.9326   24.9700
    0.0000   30.0000  -30.0000 9698.8535   24.9700
    7.5000   30.0000  -30.0000 9145.6768   24.9990
   -7.5000   37.5000  -30.0000 8623.9385   24.9525
    0.0000   37.5000  -30.0000 9001.9990   24.9607
    7.5000   37.5000  -30.0000 8519.5957   24.9961
   -7.5000   45.0000  -30.0000 7659.9805   24.3354
    0.0000   45.0000  -30.0000 7983.6763   24.3384
    7.5000   45.0000  -30.0000 7570.9321   24.3810
   -7.5000  -45.0000  -22.500010252.9023   26.1459
    0.0000  -45.0000  -22.500010628.4443   26.1434
    7.5000  -45.0000  -22.500010025.6387   26.1852
   -7.5000  -37.5000  -22.500010761.7539   26.1641
    0.0000  -37.5000  -22.500011152.7822   26.1457
    7.5000  -37.5000  -22.500010491.2549   26.1872
   -7.5000  -30.0000  -22.500011533.9043   26.1903
    0.0000  -30.0000  -22.500011972.9258   26.1731
    7.5000  -30.0000  -22.500011237.5996   26.2113
   -7.5000  -22.5000  -22.500012279.5391   26.2081
    0.0000  -22.5000  -22.500012748.3027   26.2083
    7.5000  -22.5000  -22.500011953.8848   26.2444
   -7.5000  -15.0000  -22.500012951.2959   26.2030
    0.0000  -15.0000  -22.500013455.2158   26.2193
    7.5000  -15.0000  -22.500012638.1406   26.2532
   -7.5000   -7.5000  -22.500013566.1504   26.1669
    0.0000   -7.5000  -22.500014104.2461   26.1817
    7.5000   -7.5000  -22.500013268.6904   26.2179
   -7.5000    0.0000  -22.500013866.9629   26.1459
    0.0000    0.0000  -22.500014422.6729   26.1434
    7.5000    0.0000  -22.500013576.4355   26.1852
   -7.5000    7.5000  -22.500013276.9160   26.1641
    0.0000    7.5000  -22.500013821.4316   26.1457
    7.5000    7.5000  -22.500012984.2188   26.1872
   -7.5000   15.0000  -22.500012342.8916   26.1903
    0.0000   15.0000  -22.500012830.4922   26.1731
    7.5000   15.0000  -22.500012080.6846   26.2113
   -7.5000   22.5000  -22.500011098.7871   26.2001
    0.0000   22.5000  -22.500011571.1387   26.2002
    7.5000   22.5000  -22.500010893.4307   26.2363
   -7.5000   30.0000  -22.5000 9943.1982   25.8603
    0.0000   30.0000  -22.500010385.3984   25.8764
    7.5000   30.0000  -22.5000 9800.0781   25.9098
   -7.5000   37.5000  -22.5000 9209.0811   25.8247
    0.0000   37.5000  -22.5000 9624.5762   25.8392
    7.5000   37.5000  -22.5000 9101.0547   25.8749
   -7.5000   45.0000  -22.5000 8140.8438   25.1875
    0.0000   45.0000  -22.5000 8493.5869   25.1851
    7.5000   45.0000  -22.5000 8046.8091   25.2252
   -7.5000  -45.0000  -15.000011030.8799   26.7453
    0.0000  -45.0000  -15.000011444.7803   26.7488
    7.5000  -45.0000  -15.000010798.9121   26.7916
   -7.5000  -37.5000  -15.000011557.6484   26.7543
    0.0000  -37.5000  -15.000012006.7383   26.7390
    7.5000  -37.5000  -15.000011300.7021   26.7764
   -7.5000  -30.0000  -15.000012406.3955   26.7827
    0.0000  -30.0000  -15.000012880.2471   26.7746
    7.5000  -30.0000  -15.000012083.2461   26.8129
   -7.5000  -22.5000  -15.000013242.3037   26.8113
    0.0000  -22.5000  -15.000013771.1055   26.8322
    7.5000  -22.5000  -15.000012866.6182   26.8781
   -7.5000  -15.0000  -15.000013949.3047   26.8134
    0.0000  -15.0000  -15.000014505.1895   26.8560
    7.5000  -15.0000  -15.000013568.8486   26.9063
   -7.5000   -7.5000  -15.000014593.6650   26.7759
    0.0000   -7.5000  -15.000015207.6289   26.8082
    7.5000   -7.5000  -15.000014209.4756   26.8562
   -7.5000    0.0000  -15.000014922.0244   26.7453
    0.0000    0.0000  -15.000015555.4199   26.7488
    7.5000    0.0000  -15.000014537.7480   26.7916
   -7.5000    7.5000  -15.000014206.3740   26.7543
    0.0000    7.5000  -15.000014821.6260   26.7390
    7.5000    7.5000  -15.000013823.3906   26.7764
   -7.5000   15.0000  -15.000013197.6641   26.7827
    0.0000   15.0000  -15.000013751.8467   26.7746
    7.5000   15.0000  -15.000012889.2852   26.8129
   -7.5000   22.5000  -15.000011865.0039   26.8018
    0.0000   22.5000  -15.000012394.2705   26.8227
    7.5000   22.5000  -15.000011626.6318   26.8686
   -7.5000   30.0000  -15.000010619.3428   26.4664
    0.0000   30.0000  -15.000011080.7129   26.5084
    7.5000   30.0000  -15.000010453.4521   26.5581
   -7.5000   37.5000  -15.0000 9820.7334   26.4294
    0.0000   37.5000  -15.000010264.2422   26.4612
    7.5000   37.5000  -15.0000 9713.0664   26.5086
   -7.5000   45.0000  -15.0000 8635.8584   25.7794
    0.0000   45.0000  -15.0000 9033.8594   25.7826
    7.5000   45.0000  -15.0000 8554.6846   25.8239
   -7.5000  -45.0000   -7.500011836.6680   27.0292
    0.0000  -45.0000   -7.500012302.0156   27.0465
    7.5000  -45.0000   -7.500011606.5791   27.0947
   -7.5000  -37.5000   -7.500012386.3086   27.0244
    0.0000  -37.5000   -7.500012925.0225   27.0192
    7.5000  -37.5000   -7.500012138.0898   27.0532
   -7.5000  -30.0000   -7.500013301.8711   27.0360
    0.0000  -30.0000   -7.500013878.6045   27.0342
    7.5000  -30.0000   -7.500012995.0264   27.0680
   -7.5000  -22.5000   -7.500014209.0430   27.0586
    0.0000  -22.5000   -7.500014801.9268   27.0860
    7.5000  -22.5000   -7.500013784.5000   27.1361
   -7.5000  -15.0000   -7.500014956.3838   27.0708
    0.0000  -15.0000   -7.500015597.7979   27.1218
    7.5000  -15.0000   -7.500014528.4307   27.1860
   -7.5000   -7.5000   -7.500015648.4209   27.0532
    0.0000   -7.5000   -7.500016362.4756   27.0974
    7.5000   -7.5000   -7.500015218.2598   27.1595
   -7.5000    0.0000   -7.500015957.7441   27.0292
    0.0000    0.0000   -7.500016758.0645   27.0465
    7.5000    0.0000   -7.500015553.3564   27.0947
   -7.5000    7.5000   -7.500015144.4238   27.0244
    0.0000    7.5000   -7.500015850.4307   27.0192
    7.5000    7.5000   -7.500014710.6113   27.0532
   -7.5000   15.0000   -7.500014106.3154   27.0360
    0.0000   15.0000   -7.500014717.6543   27.0342
    7.5000   15.0000   -7.500013709.4531   27.0680
   -7.5000   22.5000   -7.500012682.7441   27.0461
    0.0000   22.5000   -7.500013266.3271   27.0735
    7.5000   22.5000   -7.500012393.9766   27.1236
   -7.5000   30.0000   -7.500011355.7090   26.7198
    0.0000   30.0000   -7.500011878.2217   26.7701
    7.5000   30.0000   -7.500011144.2129   26.8335
   -7.5000   37.5000   -7.500010473.0059   26.7024
    0.0000   37.5000   -7.500010938.6455   26.7460
    7.5000   37.5000   -7.500010346.8096   26.8073
   -7.5000   45.0000   -7.5000 9178.7031   26.0587
    0.0000   45.0000   -7.5000 9585.3799   26.0753
    7.5000   45.0000   -7.5000 9092.1475   26.1218
   -7.5000  -45.0000    0.000012563.9424   27.0849
    0.0000  -45.0000    0.000013081.3418   27.1107
    7.5000  -45.0000    0.000012377.0361   27.1630
   -7.5000  -37.5000    0.000013114.1357   27.0753
    0.0000  -37.5000    0.000013722.7197   27.0783
    7.5000  -37.5000    0.000012932.8691   27.1132
   -7.5000  -30.0000    0.000014068.8623   27.0695
    0.0000  -30.0000    0.000014724.5986   27.0673
    7.5000  -30.0000    0.000013862.6455   27.0980
   -7.5000  -22.5000    0.000015047.2725   27.0771
    0.0000  -22.5000    0.000015723.4473   27.0944
    7.5000  -22.5000    0.000014710.4277   27.1409
   -7.5000  -15.0000    0.000015846.3896   27.0929
    0.0000  -15.0000    0.000016561.8965   27.1299
    7.5000  -15.0000    0.000015446.1475   27.1931
   -7.5000   -7.5000    0.000016535.0000   27.0949
    0.0000   -7.5000    0.000017343.1797   27.1352
    7.5000   -7.5000    0.000016126.9873   27.2000
   -7.5000    0.0000    0.000016837.5352   27.0849
    0.0000    0.0000    0.000017715.2383   27.1107
    7.5000    0.0000    0.000016440.3086   27.1630
   -7.5000    7.5000    0.000015944.3564   27.0753
    0.0000    7.5000    0.000016700.6895   27.0783
    7.5000    7.5000    0.000015462.6523   27.1132
   -7.5000   15.0000    0.000014855.6729   27.0695
    0.0000   15.0000    0.000015488.4092   27.0673
    7.5000   15.0000    0.000014357.1973   27.0980
   -7.5000   22.5000    0.000013372.5938   27.0646
    0.0000   22.5000    0.000013973.9639   27.0820
    7.5000   22.5000    0.000013018.9082   27.1284
   -7.5000   30.0000    0.000012031.0469   26.7423
    0.0000   30.0000    0.000012541.6729   26.7788
    7.5000   30.0000    0.000011707.3242   26.8411
   -7.5000   37.5000    0.000011069.8008   26.7442
    0.0000   37.5000    0.000011535.8369   26.7840
    7.5000   37.5000    0.000010850.2295   26.8480
   -7.5000   45.0000    0.0000 9695.6904   26.1164
    0.0000   45.0000    0.000010112.3975   26.1413
    7.5000   45.0000    0.0000 9545.3330   26.1917
   -7.5000  -45.0000    7.500012279.8789   27.1169
    0.0000  -45.0000    7.500012745.8721   27.1349
    7.5000  -45.0000    7.500012207.4922   27.1865
   -7.5000  -37.5000    7.500012799.8506   27.1163
    0.0000  -37.5000    7.500013330.0371   27.1149
    7.5000  -37.5000    7.500012725.5918   27.1559
   -7.5000  -30.0000    7.500013770.3760   27.1104
    0.0000  -30.0000    7.500014366.7412   27.0994
    7.5000  -30.0000    7.500013650.0615   27.1327
   -7.5000  -22.5000    7.500014818.1562   27.1108
    0.0000  -22.5000    7.500015513.1084   27.1088
    7.5000  -22.5000    7.500014551.9170   27.1470
   -7.5000  -15.0000    7.500015597.0947   27.1213
    0.0000  -15.0000    7.500016271.8477   27.1333
    7.5000  -15.0000    7.500015273.5244   27.1796
   -7.5000   -7.5000    7.500016187.0195   27.1213
    0.0000   -7.5000    7.500016907.5977   27.1437
    7.5000   -7.5000    7.500015908.8428   27.1957
   -7.5000    0.0000    7.500016433.6094   27.1169
    0.0000    0.0000    7.500017207.8145   27.1349
    7.5000    0.0000    7.500016171.5186   27.1865
   -7.5000    7.5000    7.500015455.2480   27.1163
    0.0000    7.5000    7.500016177.4551   27.1149
    7.5000    7.5000    7.500015135.7041   27.1559
   -7.5000   15.0000    7.500014409.0967   27.1104
    0.0000   15.0000    7.500015036.8506   27.0994
    7.5000   15.0000    7.500013998.6826   27.1327
   -7.5000   22.5000    7.500013036.5684   27.0983
    0.0000   22.5000    7.500013624.2451   27.0963
    7.5000   22.5000    7.500012689.5244   27.1345
   -7.5000   30.0000    7.500011738.1670   26.7703
    0.0000   30.0000    7.500012246.8369   26.7821
    7.5000   30.0000    7.500011406.1748   26.8278
   -7.5000   37.5000    7.500010813.7744   26.7703
    0.0000   37.5000    7.500011277.0938   26.7924
    7.5000   37.5000    7.500010545.6436   26.8438
   -7.5000   45.0000    7.5000 9485.3125   26.1484
    0.0000   45.0000    7.5000 9874.0967   26.1658
    7.5000   45.0000    7.5000 9288.8457   26.2154
   -7.5000  -45.0000   15.000011832.6279   27.1449
    0.0000  -45.0000   15.000012264.5703   27.1483
    7.5000  -45.0000   15.000011821.6973   27.1959
   -7.5000  -37.5000   15.000012308.2627   27.1588
    0.0000  -37.5000   15.000012729.3936   27.1456
    7.5000  -37.5000   15.000012324.7930   27.1910
   -7.5000  -30.0000   15.000013261.1963   27.1690
    0.0000  -30.0000   15.000013724.9805   27.1486
    7.5000  -30.0000   15.000013244.0566   27.1859
   -7.5000  -22.5000   15.000014289.9082   27.1737
    0.0000  -22.5000   15.000014815.0859   27.1611
    7.5000  -22.5000   15.000014131.3584   27.1936
   -7.5000  -15.0000   15.000015089.4102   27.1732
    0.0000  -15.0000   15.000015572.1865   27.1733
    7.5000  -15.0000   15.000014879.8496   27.2048
   -7.5000   -7.5000   15.000015695.8721   27.1542
    0.0000   -7.5000   15.000016209.5508   27.1632
    7.5000   -7.5000   15.000015494.9043   27.2016
   -7.5000    0.0000   15.000015942.1533   27.1449
    0.0000    0.0000   15.000016516.2246   27.1483
    7.5000    0.0000   15.000015732.6660   27.1959
   -7.5000    7.5000   15.000014891.1943   27.1588
    0.0000    7.5000   15.000015477.2168   27.1456
    7.5000    7.5000   15.000014649.6582   27.1910
   -7.5000   15.0000   15.000013819.1953   27.1690
    0.0000   15.0000   15.000014370.1992   27.1486
    7.5000   15.0000   15.000013514.2480   27.1859
   -7.5000   22.5000   15.000012531.1006   27.1612
    0.0000   22.5000   15.000013037.7803   27.1486
    7.5000   22.5000   15.000012242.0605   27.1811
   -7.5000   30.0000   15.000011300.2080   26.8216
    0.0000   30.0000   15.000011782.1221   26.8216
    7.5000   30.0000   15.000011023.5801   26.8527
   -7.5000   37.5000   15.000010399.0674   26.8028
    0.0000   37.5000   15.000010851.9854   26.8116
    7.5000   37.5000   15.000010185.0166   26.8496
   -7.5000   45.0000   15.0000 9086.2539   26.1745
    0.0000   45.0000   15.0000 9483.6738   26.1778
    7.5000   45.0000   15.0000 8936.2256   26.2236
   -7.5000  -45.0000   22.500011279.1729   27.1415
    0.0000  -45.0000   22.500011668.6104   27.1390
    7.5000  -45.0000   22.500011277.1924   27.1823
   -7.5000  -37.5000   22.500011714.0967   27.1604
    0.0000  -37.5000   22.500012088.2705   27.1413
    7.5000  -37.5000   22.500011763.2314   27.1844
   -7.5000  -30.0000   22.500012608.1826   27.1876
    0.0000  -30.0000   22.500013035.5264   27.1698
    7.5000  -30.0000   22.500012657.2168   27.2094
   -7.5000  -22.5000   22.500013555.3320   27.2061
    0.0000  -22.5000   22.500014021.8701   27.2063
    7.5000  -22.5000   22.500013490.3662   27.2438
   -7.5000  -15.0000   22.500014390.1240   27.2008
    0.0000  -15.0000   22.500014892.2393   27.2177
    7.5000  -15.0000   22.500014244.5156   27.2529
   -7.5000   -7.5000   22.500015118.9443   27.1634
    0.0000   -7.5000   22.500015702.4863   27.1787
    7.5000   -7.5000   22.500014896.6465   27.2162
   -7.5000    0.0000   22.500015408.4443   27.1415
    0.0000    0.0000   22.500016046.2373   27.1390
    7.5000    0.0000   22.500015175.3174   27.1823
   -7.5000    7.5000   22.500014293.6230   27.1604
    0.0000    7.5000   22.500014854.6064   27.1413
    7.5000    7.5000   22.500014054.9375   27.1844
   -7.5000   15.0000   22.500013195.0225   27.1876
    0.0000   15.0000   22.500013699.6865   27.1698
    7.5000   15.0000   22.500012898.2070   27.2094
   -7.5000   22.5000   22.500011927.3486   27.1936
    0.0000   22.5000   22.500012391.0059   27.1938
    7.5000   22.5000   22.500011673.8203   27.2312
   -7.5000   30.0000   22.500010741.6855   26.8488
    0.0000   30.0000   22.500011155.4873   26.8655
    7.5000   30.0000   22.500010502.4844   26.9002
   -7.5000   37.5000   22.5000 9849.3877   26.8118
    0.0000   37.5000   22.500010243.9736   26.8269
    7.5000   37.5000   22.5000 9670.8994   26.8640
   -7.5000   45.0000   22.5000 8585.0293   26.1694
    0.0000   45.0000   22.5000 8914.8408   26.1668
    7.5000   45.0000   22.5000 8459.8086   26.2085
   -7.5000  -45.0000   30.000010608.3447   27.1124
    0.0000  -45.0000   30.000011003.8730   27.1159
    7.5000  -45.0000   30.000010616.7490   27.1593
   -7.5000  -37.5000   30.000011047.3447   27.1214
    0.0000  -37.5000   30.000011445.3193   27.1059
    7.5000  -37.5000   30.000011071.2461   27.1439
   -7.5000  -30.0000   30.000011921.1367   27.1503
    0.0000  -30.0000   30.000012367.0889   27.1421
    7.5000  -30.0000   30.000011928.8320   27.1809
   -7.5000  -22.5000   30.000012795.9971   27.1793
    0.0000  -22.5000   30.000013220.7705   27.2004
    7.5000  -22.5000   30.000012698.7568   27.2470
   -7.5000  -15.0000   30.000013556.1514   27.1814
    0.0000  -15.0000   30.000013986.4365   27.2246
    7.5000  -15.0000   30.000013399.4736   27.2755
   -7.5000   -7.5000   30.000014238.9629   27.1434
    0.0000   -7.5000   30.000014746.5039   27.1761
    7.5000   -7.5000   30.000014041.8779   27.2247
   -7.5000    0.0000   30.000014562.3936   27.1124
    0.0000    0.0000   30.000015108.4678   27.1159
    7.5000    0.0000   30.000014365.2822   27.1593
   -7.5000    7.5000   30.000013517.8457   27.1214
    0.0000    7.5000   30.000013983.3223   27.1059
    7.5000    7.5000   30.000013307.5156   27.1439
   -7.5000   15.0000   30.000012418.5586   27.1503
    0.0000   15.0000   30.000012828.4297   27.1421
    7.5000   15.0000   30.000012148.3477   27.1809
   -7.5000   22.5000   30.000011228.0479   27.1667
    0.0000   22.5000   30.000011620.4131   27.1879
    7.5000   22.5000   30.000010977.8682   27.2345
   -7.5000   30.0000   30.000010066.3760   26.8296
    0.0000   30.0000   30.000010413.3408   26.8722
    7.5000   30.0000   30.0000 9849.5576   26.9225
   -7.5000   37.5000   30.0000 9214.2871   26.7921
    0.0000   37.5000   30.0000 9555.2900   26.8244
    7.5000   37.5000   30.0000 9039.8945   26.8724
   -7.5000   45.0000   30.0000 8002.8374   26.1401
    0.0000   45.0000   30.0000 8290.1797   26.1434
    7.5000   45.0000   30.0000 7875.7529   26.1852
   -7.5000  -45.0000   37.500010346.1416   27.0915
    0.0000  -45.0000   37.500010774.5059   27.1088
    7.5000  -45.0000   37.500010312.3467   27.1570
   -7.5000  -37.5000   37.500010809.4639   27.0866
    0.0000  -37.5000   37.500011190.2090   27.0814
    7.5000  -37.5000   37.500010755.2393   27.1153
   -7.5000  -30.0000   37.500011611.8037   27.0982
    0.0000  -30.0000   37.500012003.8779   27.0963
    7.5000  -30.0000   37.500011547.3047   27.1302
   -7.5000  -22.5000   37.500012356.7256   27.1208
    0.0000  -22.5000   37.500012738.6787   27.1482
    7.5000  -22.5000   37.500012263.4844   27.1984
   -7.5000  -15.0000   37.500013024.6807   27.1331
    0.0000  -15.0000   37.500013458.5410   27.1841
    7.5000  -15.0000   37.500012950.6963   27.2484
   -7.5000   -7.5000   37.500013654.9268   27.1155
    0.0000   -7.5000   37.500014151.3750   27.1597
    7.5000   -7.5000   37.500013560.0654   27.2218
   -7.5000    0.0000   37.500013988.8164   27.0915
    0.0000    0.0000   37.500014542.9336   27.1088
    7.5000    0.0000   37.500013879.2725   27.1570
   -7.5000    7.5000   37.500013056.6689   27.0866
    0.0000    7.5000   37.500013553.9395   27.0814
    7.5000    7.5000   37.500012880.1426   27.1153
   -7.5000   15.0000   37.500011931.0117   27.0982
    0.0000   15.0000   37.500012373.8418   27.0963
    7.5000   15.0000   37.500011742.7949   27.1302
   -7.5000   22.5000   37.500010782.0576   27.1083
    0.0000   22.5000   37.500011208.3008   27.1357
    7.5000   22.5000   37.500010628.7783   27.1858
   -7.5000   30.0000   37.5000 9682.2021   26.7819
    0.0000   30.0000   37.500010045.9561   26.8323
    7.5000   30.0000   37.5000 9518.8350   26.8957
   -7.5000   37.5000   37.5000 8850.3984   26.7646
    0.0000   37.5000   37.5000 9209.1562   26.8082
    7.5000   37.5000   37.5000 8720.3213   26.8695
   -7.5000   45.0000   37.5000 7685.2217   26.1207
    0.0000   45.0000   37.5000 7989.0757   26.1373
    7.5000   45.0000   37.5000 7591.2300   26.1838
   -7.5000  -45.0000   45.0000 9556.9746   27.0566
    0.0000  -45.0000   45.0000 9983.1455   27.0832
    7.5000  -45.0000   45.0000 9503.3926   27.1365
   -7.5000  -37.5000   45.0000 9946.9209   27.0459
    0.0000  -37.5000   45.000010351.0537   27.0497
    7.5000  -37.5000   45.0000 9904.0293   27.0852
   -7.5000  -30.0000   45.000010675.2178   27.0390
    0.0000  -30.0000   45.000011067.5635   27.0378
    7.5000  -30.0000   45.000010616.3730   27.0689
   -7.5000  -22.5000   45.000011299.6279   27.0467
    0.0000  -22.5000   45.000011696.6016   27.0653
    7.5000  -22.5000   45.000011233.7100   27.1123
   -7.5000  -15.0000   45.000011871.2168   27.0636
    0.0000  -15.0000   45.000012298.9414   27.1019
    7.5000  -15.0000   45.000011820.1709   27.1660
   -7.5000   -7.5000   45.000012442.0430   27.0665
    0.0000   -7.5000   45.000012879.7061   27.1079
    7.5000   -7.5000   45.000012384.9414   27.1739
   -7.5000    0.0000   45.000012770.4629   27.0566
    0.0000    0.0000   45.000013228.0869   27.0832
    7.5000    0.0000   45.000012696.7578   27.1365
   -7.5000    7.5000   45.000011934.1797   27.0459
    0.0000    7.5000   45.000012366.3643   27.0497
    7.5000    7.5000   45.000011825.3623   27.0852
   -7.5000   15.0000   45.000010886.2549   27.0390
    0.0000   15.0000   45.000011294.6191   27.0378
    7.5000   15.0000   45.000010766.7363   27.0689
   -7.5000   22.5000   45.0000 9874.1260   27.0342
    0.0000   22.5000   45.000010241.8701   27.0528
    7.5000   22.5000   45.0000 9753.4932   27.0998
   -7.5000   30.0000   45.0000 8840.2715   26.7111
    0.0000   30.0000   45.0000 9199.9717   26.7488
    7.5000   30.0000   45.0000 8723.0078   26.8121
   -7.5000   37.5000   45.0000 8087.0273   26.7139
    0.0000   37.5000   45.0000 8438.7051   26.7547
    7.5000   37.5000   45.0000 8005.1016   26.8199
   -7.5000   45.0000   45.0000 7065.5215   26.1008
    0.0000   45.0000   45.0000 7326.9912   26.1264
    7.5000   45.0000   45.0000 6979.2812   26.1778

---------------------------------------------------------------------
imgreg_4dfp /opt/freesurfer/average/711-2C_as_mni_average_305 /opt/freesurfer/average/711-2B_as_mni_average_305_mask talsrcimg_g11 none talsrcimg_to_711-2C_as_mni_average_305_t4 4355
---------------------------------------------------------------------

freesurfer imgreg_4dfp.c
/opt/freesurfer/average/711-2C_as_mni_average_305.4dfp.img
       256       256       256         1
  1.000000  1.000000  1.000000
orientation T byte_order littleendian
Reading image: /opt/freesurfer/average/711-2C_as_mni_average_305.4dfp.img
dimensions:      256       256       256
mmppix:       1.0000   -1.0000   -1.0000
center:     128.0000 -129.0000 -129.0000
/opt/freesurfer/average/711-2B_as_mni_average_305_mask.4dfp.img
       256       256       256         1
  1.000000  1.000000  1.000000
orientation T byte_order littleendian
Reading mask: /opt/freesurfer/average/711-2B_as_mni_average_305_mask.4dfp.img (2306576 pixels)
talsrcimg_g11.4dfp.img
       256       256       256         1
  1.000000  1.000000  1.000000
orientation T byte_order littleendian
Reading image: talsrcimg_g11.4dfp.img
dimensions:      256       256       256
mmppix:       1.0000   -1.0000   -1.0000
center:     128.0000 -129.0000 -129.0000
rotation matrix determinant  1.000000
image alignment mode   4355 decimal     1103 hex
   -7.5000  -45.0000  -45.0000 2113.4585   27.2807
    0.0000  -45.0000  -45.0000 2113.8845   27.2605
    7.5000  -45.0000  -45.0000 2088.9402   27.4678
   -7.5000  -37.5000  -45.0000 2163.4529   26.0862
    0.0000  -37.5000  -45.0000 2162.7112   26.0458
    7.5000  -37.5000  -45.0000 2132.2781   26.3171
   -7.5000  -30.0000  -45.0000 2190.7791   25.3384
    0.0000  -30.0000  -45.0000 2193.5942   25.2889
    7.5000  -30.0000  -45.0000 2165.0066   25.6019
   -7.5000  -22.5000  -45.0000 2202.0212   25.0426
    0.0000  -22.5000  -45.0000 2204.7786   25.0518
    7.5000  -22.5000  -45.0000 2180.3035   25.3799
   -7.5000  -15.0000  -45.0000 2204.6841   25.1536
    0.0000  -15.0000  -45.0000 2211.5869   25.1617
    7.5000  -15.0000  -45.0000 2184.3799   25.5677
   -7.5000   -7.5000  -45.0000 2191.0430   25.8107
    0.0000   -7.5000  -45.0000 2201.7339   25.8745
    7.5000   -7.5000  -45.0000 2172.0605   26.3081
   -7.5000    0.0000  -45.0000 2159.1619   26.9893
    0.0000    0.0000  -45.0000 2170.4644   27.0543
    7.5000    0.0000  -45.0000 2144.1074   27.5175
   -7.5000    7.5000  -45.0000 2112.1038   28.6770
    0.0000    7.5000  -45.0000 2128.1387   28.6602
    7.5000    7.5000  -45.0000 2099.3967   29.0455
   -7.5000   15.0000  -45.0000 2047.7802   30.6781
    0.0000   15.0000  -45.0000 2058.2319   30.5340
    7.5000   15.0000  -45.0000 2029.7695   30.9471
   -7.5000   22.5000  -45.0000 1966.9160   33.1378
    0.0000   22.5000  -45.0000 1977.6179   33.0599
    7.5000   22.5000  -45.0000 1949.1416   33.5469
   -7.5000   30.0000  -45.0000 1861.1622   36.3963
    0.0000   30.0000  -45.0000 1872.4319   36.5101
    7.5000   30.0000  -45.0000 1838.4406   37.2856
   -7.5000   37.5000  -45.0000 1748.4325   41.3147
    0.0000   37.5000  -45.0000 1763.0992   41.3697
    7.5000   37.5000  -45.0000 1733.6670   42.2995
   -7.5000   45.0000  -45.0000 1630.8116   48.3839
    0.0000   45.0000  -45.0000 1640.1052   48.3096
    7.5000   45.0000  -45.0000 1619.2030   49.3927
   -7.5000  -45.0000  -37.5000 2219.5613   25.0813
    0.0000  -45.0000  -37.5000 2224.2607   25.0850
    7.5000  -45.0000  -37.5000 2195.3367   25.1039
   -7.5000  -37.5000  -37.5000 2270.7678   23.9431
    0.0000  -37.5000  -37.5000 2269.0637   23.9063
    7.5000  -37.5000  -37.5000 2242.6860   24.0276
   -7.5000  -30.0000  -37.5000 2292.5190   23.2791
    0.0000  -30.0000  -37.5000 2302.9373   23.2952
    7.5000  -30.0000  -37.5000 2270.0134   23.4855
   -7.5000  -22.5000  -37.5000 2302.9490   23.0152
    0.0000  -22.5000  -37.5000 2312.0872   23.0225
    7.5000  -22.5000  -37.5000 2285.0979   23.1903
   -7.5000  -15.0000  -37.5000 2305.3074   23.1032
    0.0000  -15.0000  -37.5000 2311.0918   23.0520
    7.5000  -15.0000  -37.5000 2284.8367   23.3531
   -7.5000   -7.5000  -37.5000 2288.9729   23.6376
    0.0000   -7.5000  -37.5000 2297.5977   23.6023
    7.5000   -7.5000  -37.5000 2271.1489   23.9345
   -7.5000    0.0000  -37.5000 2257.1011   24.6344
    0.0000    0.0000  -37.5000 2268.4397   24.6073
    7.5000    0.0000  -37.5000 2243.5676   24.9914
   -7.5000    7.5000  -37.5000 2216.6187   26.1506
    0.0000    7.5000  -37.5000 2227.9409   26.1078
    7.5000    7.5000  -37.5000 2199.1248   26.4599
   -7.5000   15.0000  -37.5000 2146.2151   28.0350
    0.0000   15.0000  -37.5000 2157.7522   27.9600
    7.5000   15.0000  -37.5000 2128.6892   28.2567
   -7.5000   22.5000  -37.5000 2059.0547   30.3697
    0.0000   22.5000  -37.5000 2068.3186   30.2216
    7.5000   22.5000  -37.5000 2040.1995   30.6636
   -7.5000   30.0000  -37.5000 1947.2643   33.3821
    0.0000   30.0000  -37.5000 1959.9021   33.2987
    7.5000   30.0000  -37.5000 1927.2382   33.8701
   -7.5000   37.5000  -37.5000 1822.6467   37.7421
    0.0000   37.5000  -37.5000 1839.7885   37.6859
    7.5000   37.5000  -37.5000 1814.9257   38.4082
   -7.5000   45.0000  -37.5000 1703.0555   43.8439
    0.0000   45.0000  -37.5000 1709.8632   43.7648
    7.5000   45.0000  -37.5000 1692.6003   44.6769
   -7.5000  -45.0000  -30.0000 2363.1895   23.8803
    0.0000  -45.0000  -30.0000 2358.7317   23.8230
    7.5000  -45.0000  -30.0000 2330.3062   23.8300
   -7.5000  -37.5000  -30.0000 2408.2053   22.7090
    0.0000  -37.5000  -30.0000 2409.9155   22.6968
    7.5000  -37.5000  -30.0000 2380.8093   22.7276
   -7.5000  -30.0000  -30.0000 2438.9111   22.1321
    0.0000  -30.0000  -30.0000 2448.4631   22.0530
    7.5000  -30.0000  -30.0000 2412.9229   22.1607
   -7.5000  -22.5000  -30.0000 2452.8799   21.8765
    0.0000  -22.5000  -30.0000 2462.0298   21.7970
    7.5000  -22.5000  -30.0000 2429.9189   21.9170
   -7.5000  -15.0000  -30.0000 2454.8604   21.9737
    0.0000  -15.0000  -30.0000 2458.8677   21.9073
    7.5000  -15.0000  -30.0000 2436.9045   22.0500
   -7.5000   -7.5000  -30.0000 2438.8799   22.4236
    0.0000   -7.5000  -30.0000 2448.2620   22.3643
    7.5000   -7.5000  -30.0000 2423.9597   22.6201
   -7.5000    0.0000  -30.0000 2410.0767   23.3681
    0.0000    0.0000  -30.0000 2419.9177   23.2875
    7.5000    0.0000  -30.0000 2394.2290   23.5762
   -7.5000    7.5000  -30.0000 2364.4905   24.8007
    0.0000    7.5000  -30.0000 2377.3115   24.7042
    7.5000    7.5000  -30.0000 2343.7925   25.0555
   -7.5000   15.0000  -30.0000 2285.8821   26.6439
    0.0000   15.0000  -30.0000 2301.2864   26.4954
    7.5000   15.0000  -30.0000 2271.2605   26.7703
   -7.5000   22.5000  -30.0000 2191.0591   28.8654
    0.0000   22.5000  -30.0000 2203.2959   28.7515
    7.5000   22.5000  -30.0000 2173.2532   29.0866
   -7.5000   30.0000  -30.0000 2065.9683   31.7608
    0.0000   30.0000  -30.0000 2079.6042   31.6236
    7.5000   30.0000  -30.0000 2049.4709   32.0558
   -7.5000   37.5000  -30.0000 1941.4425   35.8947
    0.0000   37.5000  -30.0000 1955.0316   35.8168
    7.5000   37.5000  -30.0000 1924.8699   36.2701
   -7.5000   45.0000  -30.0000 1803.7709   41.5582
    0.0000   45.0000  -30.0000 1807.5605   41.3821
    7.5000   45.0000  -30.0000 1787.8134   41.9644
   -7.5000  -45.0000  -22.5000 2456.7761   22.4314
    0.0000  -45.0000  -22.5000 2455.7910   22.3431
    7.5000  -45.0000  -22.5000 2417.4910   22.3750
   -7.5000  -37.5000  -22.5000 2520.7563   21.3323
    0.0000  -37.5000  -22.5000 2515.9514   21.1973
    7.5000  -37.5000  -22.5000 2482.2480   21.2312
   -7.5000  -30.0000  -22.5000 2559.9460   20.7149
    0.0000  -30.0000  -22.5000 2558.1072   20.5558
    7.5000  -30.0000  -22.5000 2527.1533   20.6818
   -7.5000  -22.5000  -22.5000 2588.4512   20.5029
    0.0000  -22.5000  -22.5000 2594.4053   20.3438
    7.5000  -22.5000  -22.5000 2559.4048   20.4252
   -7.5000  -15.0000  -22.5000 2591.5105   20.6200
    0.0000  -15.0000  -22.5000 2596.2332   20.5054
    7.5000  -15.0000  -22.5000 2571.5271   20.6487
   -7.5000   -7.5000  -22.5000 2577.4390   21.0768
    0.0000   -7.5000  -22.5000 2586.7686   20.9442
    7.5000   -7.5000  -22.5000 2559.4775   21.1861
   -7.5000    0.0000  -22.5000 2544.2981   21.9989
    0.0000    0.0000  -22.5000 2556.7317   21.8483
    7.5000    0.0000  -22.5000 2523.9199   22.1133
   -7.5000    7.5000  -22.5000 2490.7500   23.3517
    0.0000    7.5000  -22.5000 2506.6475   23.1642
    7.5000    7.5000  -22.5000 2472.2832   23.4697
   -7.5000   15.0000  -22.5000 2408.0366   25.1258
    0.0000   15.0000  -22.5000 2422.3037   24.9097
    7.5000   15.0000  -22.5000 2390.6201   25.1638
   -7.5000   22.5000  -22.5000 2301.3816   27.2126
    0.0000   22.5000  -22.5000 2312.1707   27.1094
    7.5000   22.5000  -22.5000 2283.1265   27.4642
   -7.5000   30.0000  -22.5000 2169.5369   30.0155
    0.0000   30.0000  -22.5000 2181.4873   29.9100
    7.5000   30.0000  -22.5000 2155.7703   30.3495
   -7.5000   37.5000  -22.5000 2030.0751   33.7273
    0.0000   37.5000  -22.5000 2044.0634   33.7036
    7.5000   37.5000  -22.5000 2017.9536   34.1875
   -7.5000   45.0000  -22.5000 1881.9056   39.0226
    0.0000   45.0000  -22.5000 1892.3297   38.9122
    7.5000   45.0000  -22.5000 1865.6547   39.3477
   -7.5000  -45.0000  -15.0000 2520.9971   21.0492
    0.0000  -45.0000  -15.0000 2524.3770   20.9669
    7.5000  -45.0000  -15.0000 2480.9709   21.0870
   -7.5000  -37.5000  -15.0000 2595.4844   19.8832
    0.0000  -37.5000  -15.0000 2596.9392   19.7741
    7.5000  -37.5000  -15.0000 2557.7944   19.8702
   -7.5000  -30.0000  -15.0000 2647.0376   19.2900
    0.0000  -30.0000  -15.0000 2645.4763   19.1620
    7.5000  -30.0000  -15.0000 2612.2971   19.2619
   -7.5000  -22.5000  -15.0000 2692.9744   19.0334
    0.0000  -22.5000  -15.0000 2700.0959   18.9087
    7.5000  -22.5000  -15.0000 2663.4661   19.0502
   -7.5000  -15.0000  -15.0000 2700.0776   19.2438
    0.0000  -15.0000  -15.0000 2707.5840   19.0670
    7.5000  -15.0000  -15.0000 2674.2793   19.2474
   -7.5000   -7.5000  -15.0000 2689.1682   19.7241
    0.0000   -7.5000  -15.0000 2701.9717   19.5725
    7.5000   -7.5000  -15.0000 2665.9036   19.7815
   -7.5000    0.0000  -15.0000 2658.2383   20.6090
    0.0000    0.0000  -15.0000 2672.7251   20.4365
    7.5000    0.0000  -15.0000 2636.0918   20.6651
   -7.5000    7.5000  -15.0000 2597.9871   21.8343
    0.0000    7.5000  -15.0000 2615.3059   21.6452
    7.5000    7.5000  -15.0000 2579.6533   21.9444
   -7.5000   15.0000  -15.0000 2503.9211   23.5196
    0.0000   15.0000  -15.0000 2520.1160   23.3469
    7.5000   15.0000  -15.0000 2487.5315   23.6682
   -7.5000   22.5000  -15.0000 2388.0940   25.6769
    0.0000   22.5000  -15.0000 2400.0833   25.5252
    7.5000   22.5000  -15.0000 2371.3728   25.8834
   -7.5000   30.0000  -15.0000 2245.9194   28.3225
    0.0000   30.0000  -15.0000 2262.5676   28.2492
    7.5000   30.0000  -15.0000 2236.4043   28.6927
   -7.5000   37.5000  -15.0000 2096.2319   31.7606
    0.0000   37.5000  -15.0000 2115.2383   31.7542
    7.5000   37.5000  -15.0000 2089.8101   32.2986
   -7.5000   45.0000  -15.0000 1942.0432   36.6971
    0.0000   45.0000  -15.0000 1956.0283   36.5915
    7.5000   45.0000  -15.0000 1930.1978   37.0560
   -7.5000  -45.0000   -7.5000 2570.8005   19.8258
    0.0000  -45.0000   -7.5000 2572.9780   19.7662
    7.5000  -45.0000   -7.5000 2529.1907   19.9551
   -7.5000  -37.5000   -7.5000 2657.6230   18.6244
    0.0000  -37.5000   -7.5000 2668.1204   18.5674
    7.5000  -37.5000   -7.5000 2625.2815   18.7170
   -7.5000  -30.0000   -7.5000 2720.1301   17.9959
    0.0000  -30.0000   -7.5000 2728.5776   17.9165
    7.5000  -30.0000   -7.5000 2685.9346   18.0527
   -7.5000  -22.5000   -7.5000 2777.3928   17.7517
    0.0000  -22.5000   -7.5000 2787.8694   17.6430
    7.5000  -22.5000   -7.5000 2743.4609   17.8183
   -7.5000  -15.0000   -7.5000 2795.3728   17.8372
    0.0000  -15.0000   -7.5000 2812.6804   17.7294
    7.5000  -15.0000   -7.5000 2767.4336   17.9290
   -7.5000   -7.5000   -7.5000 2792.9551   18.3527
    0.0000   -7.5000   -7.5000 2808.3911   18.2677
    7.5000   -7.5000   -7.5000 2766.1401   18.5070
   -7.5000    0.0000   -7.5000 2751.8472   19.2368
    0.0000    0.0000   -7.5000 2772.6187   19.0957
    7.5000    0.0000   -7.5000 2731.3188   19.3680
   -7.5000    7.5000   -7.5000 2681.9380   20.4320
    0.0000    7.5000   -7.5000 2698.4675   20.2568
    7.5000    7.5000   -7.5000 2666.3027   20.5719
   -7.5000   15.0000   -7.5000 2581.7722   22.0693
    0.0000   15.0000   -7.5000 2596.9697   21.9184
    7.5000   15.0000   -7.5000 2567.7095   22.2332
   -7.5000   22.5000   -7.5000 2458.9629   24.2123
    0.0000   22.5000   -7.5000 2474.9094   24.0742
    7.5000   22.5000   -7.5000 2443.5925   24.4570
   -7.5000   30.0000   -7.5000 2313.2319   26.8114
    0.0000   30.0000   -7.5000 2330.9111   26.7470
    7.5000   30.0000   -7.5000 2298.2383   27.2147
   -7.5000   37.5000   -7.5000 2156.6943   30.1663
    0.0000   37.5000   -7.5000 2169.7180   30.0625
    7.5000   37.5000   -7.5000 2147.6938   30.5812
   -7.5000   45.0000   -7.5000 1988.0582   34.5956
    0.0000   45.0000   -7.5000 2001.1689   34.5276
    7.5000   45.0000   -7.5000 1983.0466   35.1412
   -7.5000  -45.0000    0.0000 2597.6194   18.9673
    0.0000  -45.0000    0.0000 2608.0752   18.8937
    7.5000  -45.0000    0.0000 2572.4888   19.2286
   -7.5000  -37.5000    0.0000 2700.8762   17.7423
    0.0000  -37.5000    0.0000 2717.1519   17.6965
    7.5000  -37.5000    0.0000 2677.9556   17.9574
   -7.5000  -30.0000    0.0000 2774.1011   17.0087
    0.0000  -30.0000    0.0000 2794.0142   16.9694
    7.5000  -30.0000    0.0000 2756.4451   17.1932
   -7.5000  -22.5000    0.0000 2849.5747   16.7834
    0.0000  -22.5000    0.0000 2867.3398   16.6844
    7.5000  -22.5000    0.0000 2816.7595   16.8839
   -7.5000  -15.0000    0.0000 2888.5234   16.8029
    0.0000  -15.0000    0.0000 2914.3333   16.6940
    7.5000  -15.0000    0.0000 2847.5420   16.9663
   -7.5000   -7.5000    0.0000 2879.7915   17.3011
    0.0000   -7.5000    0.0000 2907.9631   17.2017
    7.5000   -7.5000    0.0000 2852.5388   17.5048
   -7.5000    0.0000    0.0000 2827.5120   18.1619
    0.0000    0.0000    0.0000 2850.9873   18.0545
    7.5000    0.0000    0.0000 2808.0510   18.3388
   -7.5000    7.5000    0.0000 2750.7480   19.3364
    0.0000    7.5000    0.0000 2771.4412   19.1620
    7.5000    7.5000    0.0000 2734.4255   19.5082
   -7.5000   15.0000    0.0000 2638.1001   21.0184
    0.0000   15.0000    0.0000 2660.5757   20.7852
    7.5000   15.0000    0.0000 2623.6729   21.1951
   -7.5000   22.5000    0.0000 2505.1467   23.1036
    0.0000   22.5000    0.0000 2527.4800   22.9635
    7.5000   22.5000    0.0000 2490.8469   23.4302
   -7.5000   30.0000    0.0000 2362.2256   25.6841
    0.0000   30.0000    0.0000 2380.0781   25.5704
    7.5000   30.0000    0.0000 2342.7996   26.1304
   -7.5000   37.5000    0.0000 2199.5874   28.9086
    0.0000   37.5000    0.0000 2210.9116   28.8491
    7.5000   37.5000    0.0000 2180.6003   29.4042
   -7.5000   45.0000    0.0000 2025.6234   33.2024
    0.0000   45.0000    0.0000 2040.3750   33.1653
    7.5000   45.0000    0.0000 2011.9548   33.7482
   -7.5000  -45.0000    7.5000 2612.3167   18.4587
    0.0000  -45.0000    7.5000 2612.3962   18.2930
    7.5000  -45.0000    7.5000 2602.7280   18.8522
   -7.5000  -37.5000    7.5000 2724.5813   17.2187
    0.0000  -37.5000    7.5000 2736.0776   17.0823
    7.5000  -37.5000    7.5000 2710.3032   17.5470
   -7.5000  -30.0000    7.5000 2817.0828   16.4168
    0.0000  -30.0000    7.5000 2837.9414   16.3085
    7.5000  -30.0000    7.5000 2799.8293   16.6808
   -7.5000  -22.5000    7.5000 2907.2424   16.1912
    0.0000  -22.5000    7.5000 2930.8696   16.0458
    7.5000  -22.5000    7.5000 2876.3677   16.3463
   -7.5000  -15.0000    7.5000 2957.2139   16.2079
    0.0000  -15.0000    7.5000 2993.5742   16.0465
    7.5000  -15.0000    7.5000 2915.9927   16.3517
   -7.5000   -7.5000    7.5000 2940.6147   16.6425
    0.0000   -7.5000    7.5000 2987.6768   16.4856
    7.5000   -7.5000    7.5000 2916.2234   16.8929
   -7.5000    0.0000    7.5000 2871.2173   17.4759
    0.0000    0.0000    7.5000 2906.8289   17.3105
    7.5000    0.0000    7.5000 2858.1958   17.7507
   -7.5000    7.5000    7.5000 2784.8855   18.7059
    0.0000    7.5000    7.5000 2813.8838   18.5235
    7.5000    7.5000    7.5000 2774.9949   18.9572
   -7.5000   15.0000    7.5000 2673.5681   20.3949
    0.0000   15.0000    7.5000 2696.6143   20.1741
    7.5000   15.0000    7.5000 2659.7048   20.5895
   -7.5000   22.5000    7.5000 2534.2195   22.5279
    0.0000   22.5000    7.5000 2558.4128   22.3491
    7.5000   22.5000    7.5000 2526.3811   22.7932
   -7.5000   30.0000    7.5000 2380.0972   25.0512
    0.0000   30.0000    7.5000 2399.5557   24.9125
    7.5000   30.0000    7.5000 2368.2432   25.4061
   -7.5000   37.5000    7.5000 2217.6987   28.2864
    0.0000   37.5000    7.5000 2229.4067   28.1711
    7.5000   37.5000    7.5000 2198.7969   28.7631
   -7.5000   45.0000    7.5000 2042.9387   32.5288
    0.0000   45.0000    7.5000 2057.5659   32.4073
    7.5000   45.0000    7.5000 2029.8933   32.9464
   -7.5000  -45.0000   15.0000 2611.5200   18.3016
    0.0000  -45.0000   15.0000 2598.8091   17.9914
    7.5000  -45.0000   15.0000 2604.2405   18.7151
   -7.5000  -37.5000   15.0000 2720.1262   17.0072
    0.0000  -37.5000   15.0000 2718.9043   16.7317
    7.5000  -37.5000   15.0000 2712.2549   17.3662
   -7.5000  -30.0000   15.0000 2822.8596   16.1903
    0.0000  -30.0000   15.0000 2831.2769   15.9394
    7.5000  -30.0000   15.0000 2808.2712   16.4998
   -7.5000  -22.5000   15.0000 2922.7776   15.9411
    0.0000  -22.5000   15.0000 2948.8616   15.6837
    7.5000  -22.5000   15.0000 2897.1978   16.1383
   -7.5000  -15.0000   15.0000 2987.4932   15.9341
    0.0000  -15.0000   15.0000 3025.3096   15.7005
    7.5000  -15.0000   15.0000 2946.1907   16.1676
   -7.5000   -7.5000   15.0000 2964.5044   16.3909
    0.0000   -7.5000   15.0000 3007.0381   16.1478
    7.5000   -7.5000   15.0000 2931.2314   16.6585
   -7.5000    0.0000   15.0000 2886.2471   17.2088
    0.0000    0.0000   15.0000 2919.5022   17.0314
    7.5000    0.0000   15.0000 2872.2957   17.5094
   -7.5000    7.5000   15.0000 2786.8069   18.4502
    0.0000    7.5000   15.0000 2815.6306   18.3294
    7.5000    7.5000   15.0000 2781.9307   18.7393
   -7.5000   15.0000   15.0000 2669.4629   20.2365
    0.0000   15.0000   15.0000 2691.9668   20.0300
    7.5000   15.0000   15.0000 2664.0718   20.3802
   -7.5000   22.5000   15.0000 2531.6763   22.3624
    0.0000   22.5000   15.0000 2555.3306   22.2015
    7.5000   22.5000   15.0000 2532.9004   22.5941
   -7.5000   30.0000   15.0000 2376.0232   24.9501
    0.0000   30.0000   15.0000 2398.6133   24.7898
    7.5000   30.0000   15.0000 2371.8164   25.1780
   -7.5000   37.5000   15.0000 2216.7339   28.1379
    0.0000   37.5000   15.0000 2231.4692   28.0262
    7.5000   37.5000   15.0000 2211.9553   28.4892
   -7.5000   45.0000   15.0000 2035.8246   32.2004
    0.0000   45.0000   15.0000 2051.0823   32.1693
    7.5000   45.0000   15.0000 2036.7999   32.6050
   -7.5000  -45.0000   22.5000 2589.9946   18.3726
    0.0000  -45.0000   22.5000 2575.4377   17.9656
    7.5000  -45.0000   22.5000 2583.1926   18.8023
   -7.5000  -37.5000   22.5000 2695.6631   17.1284
    0.0000  -37.5000   22.5000 2685.9685   16.7415
    7.5000  -37.5000   22.5000 2691.6177   17.5014
   -7.5000  -30.0000   22.5000 2792.7461   16.3723
    0.0000  -30.0000   22.5000 2795.5840   16.0343
    7.5000  -30.0000   22.5000 2792.5623   16.7149
   -7.5000  -22.5000   22.5000 2889.6238   16.1312
    0.0000  -22.5000   22.5000 2915.2476   15.8735
    7.5000  -22.5000   22.5000 2874.1377   16.3387
   -7.5000  -15.0000   22.5000 2949.9028   16.1376
    0.0000  -15.0000   22.5000 2990.0840   15.9463
    7.5000  -15.0000   22.5000 2929.3806   16.3489
   -7.5000   -7.5000   22.5000 2928.3359   16.6466
    0.0000   -7.5000   22.5000 2972.5732   16.4673
    7.5000   -7.5000   22.5000 2905.8301   16.8087
   -7.5000    0.0000   22.5000 2856.0969   17.4876
    0.0000    0.0000   22.5000 2895.1738   17.3749
    7.5000    0.0000   22.5000 2848.2463   17.6622
   -7.5000    7.5000   22.5000 2756.1729   18.7713
    0.0000    7.5000   22.5000 2780.4902   18.6510
    7.5000    7.5000   22.5000 2755.3484   18.9370
   -7.5000   15.0000   22.5000 2641.0098   20.4662
    0.0000   15.0000   22.5000 2660.0312   20.3352
    7.5000   15.0000   22.5000 2641.2942   20.5810
   -7.5000   22.5000   22.5000 2504.9143   22.5247
    0.0000   22.5000   22.5000 2525.2495   22.4059
    7.5000   22.5000   22.5000 2512.1611   22.7177
   -7.5000   30.0000   22.5000 2359.1702   25.0360
    0.0000   30.0000   22.5000 2377.7388   24.9474
    7.5000   30.0000   22.5000 2360.5012   25.3108
   -7.5000   37.5000   22.5000 2195.0261   28.1316
    0.0000   37.5000   22.5000 2214.0403   28.0587
    7.5000   37.5000   22.5000 2199.6641   28.4758
   -7.5000   45.0000   22.5000 2018.3983   32.2925
    0.0000   45.0000   22.5000 2035.8263   32.1410
    7.5000   45.0000   22.5000 2020.6731   32.5889
   -7.5000  -45.0000   30.0000 2543.8916   18.8382
    0.0000  -45.0000   30.0000 2533.0593   18.4415
    7.5000  -45.0000   30.0000 2546.7058   19.2403
   -7.5000  -37.5000   30.0000 2648.7998   17.6631
    0.0000  -37.5000   30.0000 2632.7241   17.2810
    7.5000  -37.5000   30.0000 2647.6970   17.9904
   -7.5000  -30.0000   30.0000 2739.9705   16.9885
    0.0000  -30.0000   30.0000 2735.0608   16.6529
    7.5000  -30.0000   30.0000 2743.5530   17.2697
   -7.5000  -22.5000   30.0000 2822.0049   16.6747
    0.0000  -22.5000   30.0000 2838.4048   16.4021
    7.5000  -22.5000   30.0000 2818.0269   16.8748
   -7.5000  -15.0000   30.0000 2870.1587   16.7092
    0.0000  -15.0000   30.0000 2897.9753   16.4703
    7.5000  -15.0000   30.0000 2862.2957   16.8855
   -7.5000   -7.5000   30.0000 2850.5667   17.2394
    0.0000   -7.5000   30.0000 2886.9407   17.0236
    7.5000   -7.5000   30.0000 2843.4927   17.3861
   -7.5000    0.0000   30.0000 2788.5691   18.1475
    0.0000    0.0000   30.0000 2828.3196   17.9711
    7.5000    0.0000   30.0000 2786.8843   18.2245
   -7.5000    7.5000   30.0000 2694.3806   19.4419
    0.0000    7.5000   30.0000 2719.4690   19.2329
    7.5000    7.5000   30.0000 2697.4265   19.4996
   -7.5000   15.0000   30.0000 2583.3655   21.1031
    0.0000   15.0000   30.0000 2600.6777   20.8967
    7.5000   15.0000   30.0000 2585.8577   21.1607
   -7.5000   22.5000   30.0000 2460.5444   23.1168
    0.0000   22.5000   30.0000 2477.7864   22.9815
    7.5000   22.5000   30.0000 2462.4751   23.2602
   -7.5000   30.0000   30.0000 2317.3594   25.5225
    0.0000   30.0000   30.0000 2335.6477   25.4187
    7.5000   30.0000   30.0000 2316.5708   25.7567
   -7.5000   37.5000   30.0000 2160.4771   28.5982
    0.0000   37.5000   30.0000 2175.8455   28.4842
    7.5000   37.5000   30.0000 2159.3213   28.8479
   -7.5000   45.0000   30.0000 1988.1733   32.7854
    0.0000   45.0000   30.0000 2006.1833   32.5059
    7.5000   45.0000   30.0000 1993.5020   32.9117
   -7.5000  -45.0000   37.5000 2491.5505   19.7888
    0.0000  -45.0000   37.5000 2489.8770   19.3990
    7.5000  -45.0000   37.5000 2491.6182   20.0473
   -7.5000  -37.5000   37.5000 2593.5242   18.6075
    0.0000  -37.5000   37.5000 2581.5725   18.1871
    7.5000  -37.5000   37.5000 2590.0151   18.8234
   -7.5000  -30.0000   37.5000 2676.2644   17.8661
    0.0000  -30.0000   37.5000 2668.7034   17.4492
    7.5000  -30.0000   37.5000 2678.6108   18.0892
   -7.5000  -22.5000   37.5000 2743.1323   17.4539
    0.0000  -22.5000   37.5000 2753.2734   17.1509
    7.5000  -22.5000   37.5000 2742.1289   17.6747
   -7.5000  -15.0000   37.5000 2786.1343   17.4978
    0.0000  -15.0000   37.5000 2800.3657   17.2999
    7.5000  -15.0000   37.5000 2781.8135   17.7089
   -7.5000   -7.5000   37.5000 2757.2957   18.0466
    0.0000   -7.5000   37.5000 2782.7729   17.8685
    7.5000   -7.5000   37.5000 2754.8618   18.2539
   -7.5000    0.0000   37.5000 2699.1082   18.9532
    0.0000    0.0000   37.5000 2734.3745   18.7739
    7.5000    0.0000   37.5000 2699.7104   19.0940
   -7.5000    7.5000   37.5000 2624.4019   20.3279
    0.0000    7.5000   37.5000 2645.2590   20.0599
    7.5000    7.5000   37.5000 2620.2275   20.3457
   -7.5000   15.0000   37.5000 2519.4412   21.9576
    0.0000   15.0000   37.5000 2535.6609   21.7628
    7.5000   15.0000   37.5000 2518.6658   21.9861
   -7.5000   22.5000   37.5000 2401.0942   23.9619
    0.0000   22.5000   37.5000 2421.8679   23.7989
    7.5000   22.5000   37.5000 2405.2659   24.0555
   -7.5000   30.0000   37.5000 2268.7317   26.4082
    0.0000   30.0000   37.5000 2286.6260   26.3219
    7.5000   30.0000   37.5000 2267.5491   26.5796
   -7.5000   37.5000   37.5000 2112.0017   29.4691
    0.0000   37.5000   37.5000 2129.9888   29.3199
    7.5000   37.5000   37.5000 2107.9504   29.6640
   -7.5000   45.0000   37.5000 1951.6953   33.4353
    0.0000   45.0000   37.5000 1969.9760   33.1826
    7.5000   45.0000   37.5000 1948.5906   33.6976
   -7.5000  -45.0000   45.0000 2427.5684   20.9881
    0.0000  -45.0000   45.0000 2436.5422   20.6787
    7.5000  -45.0000   45.0000 2422.3723   21.1788
   -7.5000  -37.5000   45.0000 2524.8032   19.7588
    0.0000  -37.5000   45.0000 2524.9749   19.4113
    7.5000  -37.5000   45.0000 2521.1843   19.9324
   -7.5000  -30.0000   45.0000 2598.5874   18.9630
    0.0000  -30.0000   45.0000 2597.9463   18.5809
    7.5000  -30.0000   45.0000 2599.4460   19.1326
   -7.5000  -22.5000   45.0000 2655.0994   18.5472
    0.0000  -22.5000   45.0000 2668.2126   18.2193
    7.5000  -22.5000   45.0000 2657.7253   18.7319
   -7.5000  -15.0000   45.0000 2682.7378   18.6203
    0.0000  -15.0000   45.0000 2694.0764   18.4073
    7.5000  -15.0000   45.0000 2682.6565   18.7809
   -7.5000   -7.5000   45.0000 2651.5925   19.1279
    0.0000   -7.5000   45.0000 2674.1597   18.9332
    7.5000   -7.5000   45.0000 2659.2222   19.3411
   -7.5000    0.0000   45.0000 2601.6968   20.0310
    0.0000    0.0000   45.0000 2626.1895   19.8305
    7.5000    0.0000   45.0000 2602.8433   20.1934
   -7.5000    7.5000   45.0000 2535.0176   21.3161
    0.0000    7.5000   45.0000 2554.5278   21.0835
    7.5000    7.5000   45.0000 2530.6602   21.4251
   -7.5000   15.0000   45.0000 2442.4941   22.9722
    0.0000   15.0000   45.0000 2457.6794   22.7896
    7.5000   15.0000   45.0000 2436.1113   23.0632
   -7.5000   22.5000   45.0000 2338.1975   25.0378
    0.0000   22.5000   45.0000 2348.3235   24.8665
    7.5000   22.5000   45.0000 2332.5032   25.1431
   -7.5000   30.0000   45.0000 2200.9197   27.5661
    0.0000   30.0000   45.0000 2221.4568   27.4522
    7.5000   30.0000   45.0000 2196.5085   27.7240
   -7.5000   37.5000   45.0000 2053.3469   30.6535
    0.0000   37.5000   45.0000 2077.5481   30.6138
    7.5000   37.5000   45.0000 2053.2380   30.8562
   -7.5000   45.0000   45.0000 1906.3883   34.6588
    0.0000   45.0000   45.0000 1917.4235   34.5059
    7.5000   45.0000   45.0000 1900.6257   34.8740

---------------------------------------------------------------------
imgreg_4dfp /opt/freesurfer/average/711-2C_as_mni_average_305 /opt/freesurfer/average/711-2B_as_mni_average_305_mask talsrcimg_g11 none talsrcimg_to_711-2C_as_mni_average_305_t4 1283
---------------------------------------------------------------------

freesurfer imgreg_4dfp.c
/opt/freesurfer/average/711-2C_as_mni_average_305.4dfp.img
       256       256       256         1
  1.000000  1.000000  1.000000
orientation T byte_order littleendian
Reading image: /opt/freesurfer/average/711-2C_as_mni_average_305.4dfp.img
dimensions:      256       256       256
mmppix:       1.0000   -1.0000   -1.0000
center:     128.0000 -129.0000 -129.0000
/opt/freesurfer/average/711-2B_as_mni_average_305_mask.4dfp.img
       256       256       256         1
  1.000000  1.000000  1.000000
orientation T byte_order littleendian
Reading mask: /opt/freesurfer/average/711-2B_as_mni_average_305_mask.4dfp.img (2306576 pixels)
talsrcimg_g11.4dfp.img
       256       256       256         1
  1.000000  1.000000  1.000000
orientation T byte_order littleendian
Reading image: talsrcimg_g11.4dfp.img
dimensions:      256       256       256
mmppix:       1.0000   -1.0000   -1.0000
center:     128.0000 -129.0000 -129.0000
rotation matrix determinant  1.000000
fimgreg.f
image alignment mode   1283 decimal      503 hex
parameters
    0.0000  -15.0000   15.0000    0.0000    0.0000    0.0000
eta,q 0.94702 15.73875
niter,ni,del,rscale     5    3   12.0000    1.2000
parameter  4  0.727794 ->  0.500000 qaram    1.1500
parameter  5  0.570461 ->  0.500000 qaram    1.1500
parameters
   -2.4203  -12.7740   15.2044   -3.4500   -3.4500   -2.6895
eta,q 0.95364 15.53446
  0.0585  0.0674  0.0590  0.0499  0.0500  0.0480
  0.0535  0.0605  0.0560  0.0497  0.0478  0.0468
  0.0529  0.0548  0.0533  0.0498  0.0475  0.0464
  0.0550  0.0523  0.0514  0.0511  0.0496  0.0476
  0.0604  0.0516  0.0519  0.0533  0.0531  0.0499
  0.0692  0.0524  0.0547  0.0554  0.0555  0.0540
  0.0762  0.0542  0.0588  0.0582  0.0578  0.0594
niter,ni,del,rscale     6    3   12.0000    1.2000
parameter  4  0.668177 ->  0.500000 qaram    1.3225
parameters
   -1.2022  -10.5992   14.9379   -7.4175   -3.0718   -2.3877
eta,q 0.95811 15.69587
  0.0705  0.0610  0.0527  0.0424  0.0530  0.0481
  0.0587  0.0541  0.0479  0.0418  0.0473  0.0449
  0.0507  0.0493  0.0449  0.0421  0.0428  0.0427
  0.0464  0.0456  0.0438  0.0438  0.0419  0.0419
  0.0462  0.0438  0.0456  0.0475  0.0429  0.0422
  0.0502  0.0454  0.0490  0.0512  0.0459  0.0437
  0.0563  0.0482  0.0543  0.0563  0.0505  0.0472
niter,ni,del,rscale     6    3   12.0000    1.2000
parameters
   -0.9762   -9.1810   14.1731   -7.8364   -3.2819   -2.4651
eta,q 0.95947 15.75852
  0.0620  0.0589  0.0484  0.0521  0.0497  0.0459
  0.0510  0.0511  0.0428  0.0439  0.0444  0.0423
  0.0440  0.0459  0.0410  0.0405  0.0408  0.0404
  0.0419  0.0420  0.0409  0.0408  0.0406  0.0406
  0.0440  0.0410  0.0427  0.0431  0.0422  0.0414
  0.0491  0.0432  0.0467  0.0475  0.0452  0.0427
  0.0589  0.0486  0.0532  0.0526  0.0505  0.0458
niter,ni,del,rscale     5    3   12.0000    1.2000
parameters
   -0.8388   -9.2538   14.1105   -7.8490   -3.3707   -2.4767
eta,q 0.95944 15.75733
  0.0606  0.0531  0.0506  0.0536  0.0497  0.0461
  0.0489  0.0469  0.0441  0.0449  0.0446  0.0424
  0.0421  0.0425  0.0411  0.0406  0.0409  0.0405
  0.0405  0.0406  0.0406  0.0406  0.0406  0.0406
  0.0434  0.0419  0.0419  0.0426  0.0421  0.0414
  0.0488  0.0461  0.0451  0.0468  0.0448  0.0427
  0.0576  0.0547  0.0503  0.0518  0.0500  0.0456
niter,ni,del,rscale     4    3   12.0000    1.2000
parameters
   -0.8149   -9.2523   14.1005   -7.8493   -3.3926   -2.4802
eta,q 0.95943 15.75760
  0.0597  0.0533  0.0508  0.0536  0.0498  0.0461
  0.0483  0.0470  0.0442  0.0449  0.0448  0.0424
  0.0418  0.0426  0.0411  0.0406  0.0410  0.0405
  0.0406  0.0406  0.0406  0.0406  0.0406  0.0406
  0.0436  0.0418  0.0418  0.0426  0.0420  0.0414
  0.0491  0.0459  0.0450  0.0468  0.0447  0.0427
  0.0581  0.0543  0.0501  0.0517  0.0497  0.0456
registration optimization eta report
parameter search radius
    6.0000    6.0000    6.0000    7.9350    6.9000    6.0000
100000*second partial in parameter space
       51.       37.       28.       20.       19.       15.
  0.0597  0.0533  0.0508  0.0536  0.0498  0.0461
  0.0483  0.0470  0.0442  0.0449  0.0448  0.0424
  0.0418  0.0426  0.0411  0.0406  0.0410  0.0405
  0.0406  0.0406  0.0406  0.0406  0.0406  0.0406
  0.0436  0.0418  0.0418  0.0426  0.0420  0.0414
  0.0491  0.0459  0.0450  0.0468  0.0447  0.0427
  0.0581  0.0543  0.0501  0.0517  0.0497  0.0456
   -0.8149   -9.2523   14.1005   -7.8493   -3.3926   -2.4802
eta,q 0.95943 15.75760

---------------------------------------------------------------------
imgreg_4dfp /opt/freesurfer/average/711-2C_as_mni_average_305 /opt/freesurfer/average/711-2B_as_mni_average_305_mask talsrcimg_g11 none talsrcimg_to_711-2C_as_mni_average_305_t4 3335
---------------------------------------------------------------------

freesurfer imgreg_4dfp.c
/opt/freesurfer/average/711-2C_as_mni_average_305.4dfp.img
       256       256       256         1
  1.000000  1.000000  1.000000
orientation T byte_order littleendian
Reading image: /opt/freesurfer/average/711-2C_as_mni_average_305.4dfp.img
dimensions:      256       256       256
mmppix:       1.0000   -1.0000   -1.0000
center:     128.0000 -129.0000 -129.0000
/opt/freesurfer/average/711-2B_as_mni_average_305_mask.4dfp.img
       256       256       256         1
  1.000000  1.000000  1.000000
orientation T byte_order littleendian
Reading mask: /opt/freesurfer/average/711-2B_as_mni_average_305_mask.4dfp.img (2306576 pixels)
talsrcimg_g11.4dfp.img
       256       256       256         1
  1.000000  1.000000  1.000000
orientation T byte_order littleendian
Reading image: talsrcimg_g11.4dfp.img
dimensions:      256       256       256
mmppix:       1.0000   -1.0000   -1.0000
center:     128.0000 -129.0000 -129.0000
fimgreg.f
image alignment mode   3335 decimal      D07 hex
parameters
   -0.8149   -9.2523   14.1005   -0.2688   -0.9948   -1.1105
    3.4794    6.4477   -4.3198   13.3903   -5.9177  -13.6329
eta,q 0.96079 15.86736
niter,ni,del,rscale     5    3    5.0000    1.2000
parameter  4  0.930761 ->  0.500000 qaram    1.1500
parameter  5  1.269548 ->  0.500000 qaram    1.1500
parameter  6  1.157005 ->  0.500000 qaram    1.1500
parameters
   -0.3852   -9.1730   13.7299   -4.4088   -5.1348   -5.2505
    2.4470    6.1877   -3.3160   10.8888   -8.4199  -15.9726
eta,q 0.97304 15.45739
  0.0437  0.0420  0.0402  0.0359  0.0318  0.0281  0.0308  0.0340  0.0319  0.0297  0.0282  0.0279
  0.0415  0.0405  0.0394  0.0360  0.0326  0.0280  0.0291  0.0309  0.0301  0.0282  0.0274  0.0272
  0.0399  0.0395  0.0391  0.0371  0.0342  0.0298  0.0283  0.0287  0.0288  0.0275  0.0272  0.0270
  0.0392  0.0391  0.0391  0.0390  0.0362  0.0330  0.0283  0.0282  0.0282  0.0281  0.0275  0.0272
  0.0392  0.0393  0.0395  0.0417  0.0390  0.0368  0.0291  0.0293  0.0282  0.0300  0.0283  0.0279
  0.0399  0.0402  0.0401  0.0453  0.0426  0.0410  0.0306  0.0316  0.0289  0.0327  0.0296  0.0290
  0.0413  0.0417  0.0411  0.0496  0.0464  0.0456  0.0326  0.0348  0.0304  0.0361  0.0312  0.0306
niter,ni,del,rscale     7    3    5.0000    1.2000
parameters
   -0.2656   -9.5712   13.6501   -5.2573   -7.7007   -6.9207
    2.4499    6.8268   -2.7190   11.9476   -8.9304  -15.3027
eta,q 0.97347 15.23685
  0.0320  0.0292  0.0295  0.0313  0.0285  0.0304  0.0302  0.0332  0.0298  0.0313  0.0283  0.0285
  0.0294  0.0277  0.0280  0.0292  0.0273  0.0290  0.0284  0.0303  0.0283  0.0293  0.0273  0.0276
  0.0276  0.0269  0.0271  0.0275  0.0265  0.0274  0.0273  0.0281  0.0272  0.0278  0.0267  0.0269
  0.0270  0.0269  0.0268  0.0268  0.0268  0.0265  0.0269  0.0269  0.0268  0.0268  0.0266  0.0266
  0.0274  0.0278  0.0273  0.0279  0.0283  0.0281  0.0273  0.0270  0.0270  0.0266  0.0269  0.0266
  0.0288  0.0292  0.0283  0.0303  0.0306  0.0319  0.0284  0.0287  0.0277  0.0276  0.0277  0.0271
  0.0311  0.0312  0.0299  0.0341  0.0343  0.0367  0.0302  0.0316  0.0289  0.0295  0.0288  0.0280
niter,ni,del,rscale     6    3    5.0000    1.2000
parameters
   -0.1051   -9.6374   13.4937   -4.5540   -8.1447   -7.6419
    2.2551    6.9955   -2.4140   11.9304   -9.1536  -15.0273
eta,q 0.97338 15.20170
  0.0313  0.0295  0.0286  0.0323  0.0297  0.0310  0.0299  0.0326  0.0295  0.0301  0.0285  0.0284
  0.0289  0.0278  0.0273  0.0299  0.0281  0.0295  0.0281  0.0298  0.0280  0.0284  0.0275  0.0275
  0.0273  0.0268  0.0266  0.0279  0.0270  0.0278  0.0269  0.0277  0.0270  0.0273  0.0268  0.0269
  0.0265  0.0265  0.0265  0.0265  0.0263  0.0264  0.0267  0.0267  0.0266  0.0266  0.0266  0.0266
  0.0268  0.0270  0.0269  0.0266  0.0268  0.0268  0.0272  0.0271  0.0269  0.0269  0.0269  0.0267
  0.0281  0.0281  0.0278  0.0282  0.0283  0.0300  0.0284  0.0292  0.0277  0.0282  0.0276  0.0272
  0.0303  0.0298  0.0291  0.0311  0.0309  0.0344  0.0302  0.0323  0.0291  0.0304  0.0287  0.0282
niter,ni,del,rscale     5    3    5.0000    1.2000
parameters
   -0.0789   -9.6005   13.3395   -4.2460   -8.1294   -7.9530
    2.1191    7.0625   -2.2830   11.9207   -9.2534  -15.0621
eta,q 0.97332 15.19859
  0.0310  0.0298  0.0285  0.0321  0.0301  0.0313  0.0300  0.0325  0.0294  0.0301  0.0286  0.0283
  0.0287  0.0280  0.0274  0.0298  0.0285  0.0296  0.0281  0.0298  0.0280  0.0285  0.0275  0.0275
  0.0272  0.0270  0.0267  0.0278  0.0273  0.0281  0.0270  0.0277  0.0270  0.0273  0.0269  0.0269
  0.0266  0.0266  0.0266  0.0266  0.0265  0.0265  0.0267  0.0267  0.0267  0.0267  0.0267  0.0267
  0.0271  0.0270  0.0270  0.0269  0.0267  0.0265  0.0272  0.0272  0.0270  0.0269  0.0269  0.0268
  0.0285  0.0280  0.0278  0.0288  0.0281  0.0292  0.0284  0.0294  0.0279  0.0283  0.0276  0.0274
  0.0309  0.0295  0.0290  0.0319  0.0304  0.0334  0.0302  0.0325  0.0292  0.0304  0.0286  0.0284
niter,ni,del,rscale     4    3    5.0000    1.2000
parameters
   -0.0730   -9.5696   13.2466   -4.1437   -8.0986   -8.0719
    2.0536    7.0888   -2.2241   11.9399   -9.2951  -15.1384
eta,q 0.97331 15.19883
  0.0310  0.0298  0.0287  0.0320  0.0301  0.0314  0.0301  0.0324  0.0294  0.0302  0.0286  0.0283
  0.0287  0.0281  0.0275  0.0298  0.0285  0.0297  0.0282  0.0297  0.0279  0.0285  0.0276  0.0275
  0.0272  0.0270  0.0268  0.0278  0.0274  0.0282  0.0270  0.0277  0.0270  0.0273  0.0269  0.0269
  0.0267  0.0267  0.0267  0.0267  0.0267  0.0266  0.0267  0.0267  0.0267  0.0267  0.0267  0.0267
  0.0272  0.0270  0.0270  0.0271  0.0268  0.0264  0.0272  0.0273  0.0270  0.0270  0.0270  0.0269
  0.0286  0.0280  0.0278  0.0290  0.0282  0.0289  0.0284  0.0295  0.0279  0.0283  0.0276  0.0274
  0.0310  0.0295  0.0289  0.0323  0.0305  0.0330  0.0302  0.0326  0.0293  0.0304  0.0286  0.0284
niter,ni,del,rscale     3    3    5.0000    1.2000
parameters
   -0.0706   -9.5523   13.2010   -4.1116   -8.0843   -8.1127
    2.0229    7.1013   -2.2053   11.9613   -9.3057  -15.1876
eta,q 0.97330 15.19939
  0.0310  0.0297  0.0287  0.0320  0.0302  0.0314  0.0302  0.0324  0.0294  0.0302  0.0286  0.0283
  0.0287  0.0280  0.0276  0.0297  0.0286  0.0298  0.0282  0.0297  0.0279  0.0285  0.0276  0.0275
  0.0272  0.0270  0.0269  0.0278  0.0274  0.0282  0.0270  0.0277  0.0270  0.0273  0.0270  0.0269
  0.0267  0.0267  0.0267  0.0267  0.0267  0.0267  0.0267  0.0267  0.0267  0.0267  0.0267  0.0267
  0.0272  0.0271  0.0270  0.0272  0.0269  0.0264  0.0272  0.0273  0.0270  0.0270  0.0270  0.0269
  0.0287  0.0281  0.0277  0.0291  0.0282  0.0288  0.0284  0.0295  0.0279  0.0283  0.0276  0.0274
  0.0310  0.0296  0.0288  0.0324  0.0305  0.0328  0.0301  0.0326  0.0293  0.0304  0.0286  0.0284
niter,ni,del,rscale     2    3    5.0000    1.2000
parameters
   -0.0698   -9.5428   13.1821   -4.1008   -8.0781   -8.1251
    2.0103    7.1036   -2.1932   11.9698   -9.3062  -15.2083
eta,q 0.97330 15.19980
  0.0310  0.0297  0.0288  0.0320  0.0302  0.0315  0.0302  0.0324  0.0294  0.0302  0.0286  0.0283
  0.0287  0.0280  0.0276  0.0297  0.0286  0.0298  0.0283  0.0297  0.0279  0.0285  0.0276  0.0275
  0.0272  0.0270  0.0269  0.0278  0.0274  0.0282  0.0270  0.0277  0.0270  0.0273  0.0270  0.0269
  0.0267  0.0267  0.0267  0.0267  0.0267  0.0267  0.0267  0.0267  0.0267  0.0267  0.0267  0.0267
  0.0272  0.0271  0.0270  0.0272  0.0269  0.0264  0.0272  0.0273  0.0270  0.0270  0.0270  0.0269
  0.0287  0.0281  0.0277  0.0292  0.0282  0.0288  0.0284  0.0295  0.0279  0.0283  0.0276  0.0274
  0.0311  0.0296  0.0288  0.0325  0.0305  0.0328  0.0301  0.0327  0.0293  0.0304  0.0286  0.0284
registration optimization eta report
parameter search radius
    2.4000    2.4000    2.4000    8.2800    8.2800    8.2800
    7.2000    7.2000    7.2000    7.2000    7.2000    7.2000
100000*second partial in parameter space
       75.       51.       36.        8.        5.        8.
        7.       11.        5.        7.        4.        3.
  0.0310  0.0297  0.0288  0.0320  0.0302  0.0315  0.0302  0.0324  0.0294  0.0302  0.0286  0.0283
  0.0287  0.0280  0.0276  0.0297  0.0286  0.0298  0.0283  0.0297  0.0279  0.0285  0.0276  0.0275
  0.0272  0.0270  0.0269  0.0278  0.0274  0.0282  0.0270  0.0277  0.0270  0.0273  0.0270  0.0269
  0.0267  0.0267  0.0267  0.0267  0.0267  0.0267  0.0267  0.0267  0.0267  0.0267  0.0267  0.0267
  0.0272  0.0271  0.0270  0.0272  0.0269  0.0264  0.0272  0.0273  0.0270  0.0270  0.0270  0.0269
  0.0287  0.0281  0.0277  0.0292  0.0282  0.0288  0.0284  0.0295  0.0279  0.0283  0.0276  0.0274
  0.0311  0.0296  0.0288  0.0325  0.0305  0.0328  0.0301  0.0327  0.0293  0.0304  0.0286  0.0284
   -0.0698   -9.5428   13.1821   -4.1008   -8.0781   -8.1251
    2.0103    7.1036   -2.1932   11.9698   -9.3062  -15.2083
eta,q 0.97330 15.19980

---------------------------------------------------------------------
imgreg_4dfp /opt/freesurfer/average/711-2C_as_mni_average_305 /opt/freesurfer/average/711-2B_as_mni_average_305_mask talsrcimg_g11 none talsrcimg_to_711-2C_as_mni_average_305_t4 2311
---------------------------------------------------------------------

freesurfer imgreg_4dfp.c
/opt/freesurfer/average/711-2C_as_mni_average_305.4dfp.img
       256       256       256         1
  1.000000  1.000000  1.000000
orientation T byte_order littleendian
Reading image: /opt/freesurfer/average/711-2C_as_mni_average_305.4dfp.img
dimensions:      256       256       256
mmppix:       1.0000   -1.0000   -1.0000
center:     128.0000 -129.0000 -129.0000
/opt/freesurfer/average/711-2B_as_mni_average_305_mask.4dfp.img
       256       256       256         1
  1.000000  1.000000  1.000000
orientation T byte_order littleendian
Reading mask: /opt/freesurfer/average/711-2B_as_mni_average_305_mask.4dfp.img (2306576 pixels)
talsrcimg_g11.4dfp.img
       256       256       256         1
  1.000000  1.000000  1.000000
orientation T byte_order littleendian
Reading image: talsrcimg_g11.4dfp.img
dimensions:      256       256       256
mmppix:       1.0000   -1.0000   -1.0000
center:     128.0000 -129.0000 -129.0000
fimgreg.f
image alignment mode   2311 decimal      907 hex
parameters
   -0.0698   -9.5428   13.1821   -4.1008   -8.0781   -8.1252
    2.0103    7.1036   -2.1932   11.9698   -9.3062  -15.2083
eta,q 0.97330 15.19980
niter,ni,del,rscale     5    3    5.0000    0.8000
parameters
   -0.0629   -9.5720   13.1352   -3.6965   -7.6643   -7.1230
    1.8500    7.1788   -2.2568   11.8261   -9.4297  -15.5094
eta,q 0.97370 15.27037
  0.0287  0.0280  0.0276  0.0292  0.0282  0.0293  0.0279  0.0295  0.0276  0.0281  0.0273  0.0271
  0.0276  0.0273  0.0271  0.0281  0.0275  0.0284  0.0270  0.0279  0.0269  0.0272  0.0268  0.0267
  0.0269  0.0268  0.0268  0.0272  0.0270  0.0275  0.0264  0.0268  0.0264  0.0266  0.0264  0.0264
  0.0267  0.0267  0.0267  0.0267  0.0267  0.0266  0.0263  0.0263  0.0263  0.0263  0.0263  0.0263
  0.0269  0.0269  0.0268  0.0268  0.0267  0.0262  0.0266  0.0266  0.0265  0.0265  0.0264  0.0265
  0.0276  0.0274  0.0272  0.0275  0.0271  0.0267  0.0272  0.0277  0.0269  0.0273  0.0268  0.0268
  0.0287  0.0281  0.0277  0.0286  0.0278  0.0281  0.0281  0.0294  0.0276  0.0285  0.0274  0.0273
niter,ni,del,rscale     4    3    5.0000    0.7000
parameters
   -0.0855   -9.5131   13.3001   -3.9533   -7.6143   -6.7647
    1.8358    7.2085   -2.2941   11.9341   -9.4495  -15.5477
eta,q 0.97380 15.28581
  0.0279  0.0275  0.0274  0.0279  0.0274  0.0285  0.0275  0.0287  0.0272  0.0278  0.0270  0.0269
  0.0270  0.0269  0.0268  0.0270  0.0269  0.0277  0.0268  0.0274  0.0266  0.0271  0.0266  0.0265
  0.0265  0.0265  0.0265  0.0265  0.0265  0.0269  0.0263  0.0266  0.0263  0.0265  0.0263  0.0263
  0.0263  0.0263  0.0263  0.0263  0.0263  0.0263  0.0262  0.0262  0.0262  0.0262  0.0262  0.0262
  0.0265  0.0264  0.0263  0.0266  0.0264  0.0262  0.0264  0.0265  0.0263  0.0263  0.0263  0.0263
  0.0271  0.0267  0.0266  0.0273  0.0268  0.0268  0.0268  0.0273  0.0267  0.0268  0.0266  0.0265
  0.0280  0.0273  0.0270  0.0283  0.0275  0.0282  0.0275  0.0287  0.0272  0.0278  0.0270  0.0269
niter,ni,del,rscale     3    3    5.0000    0.6000
parameters
   -0.0822   -9.5197   13.3834   -4.0774   -7.5883   -6.5522
    1.8288    7.2200   -2.3021   11.9761   -9.4646  -15.5679
eta,q 0.97385 15.29319
  0.0274  0.0270  0.0270  0.0275  0.0271  0.0280  0.0271  0.0280  0.0269  0.0274  0.0268  0.0267
  0.0267  0.0266  0.0266  0.0268  0.0267  0.0273  0.0266  0.0271  0.0265  0.0268  0.0264  0.0264
  0.0263  0.0263  0.0263  0.0264  0.0263  0.0266  0.0263  0.0264  0.0262  0.0264  0.0262  0.0262
  0.0262  0.0262  0.0262  0.0262  0.0262  0.0262  0.0262  0.0262  0.0262  0.0262  0.0262  0.0262
  0.0263  0.0263  0.0263  0.0264  0.0263  0.0262  0.0263  0.0264  0.0263  0.0262  0.0262  0.0262
  0.0267  0.0266  0.0264  0.0269  0.0266  0.0268  0.0266  0.0270  0.0265  0.0267  0.0264  0.0264
  0.0274  0.0270  0.0268  0.0277  0.0271  0.0278  0.0271  0.0281  0.0269  0.0274  0.0268  0.0267
niter,ni,del,rscale     2    3    5.0000    0.5000
parameters
   -0.0790   -9.5269   13.4284   -4.1364   -7.5455   -6.3947
    1.8030    7.2339   -2.3064   11.9998   -9.4771  -15.6022
eta,q 0.97386 15.30037
  0.0270  0.0267  0.0267  0.0271  0.0268  0.0275  0.0268  0.0275  0.0267  0.0270  0.0266  0.0265
  0.0265  0.0264  0.0264  0.0266  0.0265  0.0269  0.0264  0.0268  0.0264  0.0266  0.0263  0.0263
  0.0263  0.0262  0.0262  0.0263  0.0263  0.0264  0.0262  0.0263  0.0262  0.0263  0.0262  0.0262
  0.0262  0.0262  0.0262  0.0262  0.0262  0.0262  0.0261  0.0261  0.0261  0.0261  0.0261  0.0261
  0.0263  0.0262  0.0262  0.0263  0.0262  0.0262  0.0262  0.0263  0.0262  0.0262  0.0262  0.0262
  0.0265  0.0264  0.0263  0.0266  0.0264  0.0266  0.0264  0.0267  0.0264  0.0265  0.0263  0.0263
  0.0270  0.0268  0.0266  0.0272  0.0268  0.0274  0.0268  0.0275  0.0267  0.0271  0.0266  0.0265
niter,ni,del,rscale     1    3    5.0000    0.4000
parameters
   -0.0796   -9.5315   13.4587   -4.1770   -7.5059   -6.2707
    1.7825    7.2413   -2.3061   12.0263   -9.4708  -15.6346
eta,q 0.97387 15.30641
  0.0267  0.0265  0.0265  0.0268  0.0266  0.0271  0.0266  0.0270  0.0265  0.0267  0.0264  0.0264
  0.0264  0.0263  0.0263  0.0264  0.0264  0.0266  0.0263  0.0265  0.0263  0.0264  0.0262  0.0262
  0.0262  0.0262  0.0262  0.0262  0.0262  0.0263  0.0262  0.0262  0.0262  0.0262  0.0262  0.0262
  0.0261  0.0261  0.0261  0.0261  0.0261  0.0261  0.0261  0.0261  0.0261  0.0261  0.0261  0.0261
  0.0262  0.0262  0.0262  0.0262  0.0262  0.0262  0.0262  0.0262  0.0262  0.0262  0.0262  0.0262
  0.0264  0.0263  0.0263  0.0264  0.0263  0.0264  0.0263  0.0265  0.0263  0.0264  0.0262  0.0262
  0.0267  0.0265  0.0264  0.0268  0.0266  0.0270  0.0266  0.0270  0.0265  0.0267  0.0264  0.0264
registration optimization eta report
parameter search radius
    0.8000    0.8000    0.8000    2.4000    2.4000    2.4000
    2.4000    2.4000    2.4000    2.4000    2.4000    2.4000
100000*second partial in parameter space
       84.       60.       49.       11.        8.       15.
        8.       15.        6.       10.        5.        5.
  0.0267  0.0265  0.0265  0.0268  0.0266  0.0271  0.0266  0.0270  0.0265  0.0267  0.0264  0.0264
  0.0264  0.0263  0.0263  0.0264  0.0264  0.0266  0.0263  0.0265  0.0263  0.0264  0.0262  0.0262
  0.0262  0.0262  0.0262  0.0262  0.0262  0.0263  0.0262  0.0262  0.0262  0.0262  0.0262  0.0262
  0.0261  0.0261  0.0261  0.0261  0.0261  0.0261  0.0261  0.0261  0.0261  0.0261  0.0261  0.0261
  0.0262  0.0262  0.0262  0.0262  0.0262  0.0262  0.0262  0.0262  0.0262  0.0262  0.0262  0.0262
  0.0264  0.0263  0.0263  0.0264  0.0263  0.0264  0.0263  0.0265  0.0263  0.0264  0.0262  0.0262
  0.0267  0.0265  0.0264  0.0268  0.0266  0.0270  0.0266  0.0270  0.0265  0.0267  0.0264  0.0264
   -0.0796   -9.5315   13.4587   -4.1770   -7.5059   -6.2707
    1.7825    7.2413   -2.3061   12.0263   -9.4708  -15.6346
eta,q 0.97387 15.30641

---------------------------------------------------------------------
imgreg_4dfp /opt/freesurfer/average/711-2C_as_mni_average_305 /opt/freesurfer/average/711-2B_as_mni_average_305_mask talsrcimg_g11 none talsrcimg_to_711-2C_as_mni_average_305_t4 2311
---------------------------------------------------------------------

freesurfer imgreg_4dfp.c
/opt/freesurfer/average/711-2C_as_mni_average_305.4dfp.img
       256       256       256         1
  1.000000  1.000000  1.000000
orientation T byte_order littleendian
Reading image: /opt/freesurfer/average/711-2C_as_mni_average_305.4dfp.img
dimensions:      256       256       256
mmppix:       1.0000   -1.0000   -1.0000
center:     128.0000 -129.0000 -129.0000
/opt/freesurfer/average/711-2B_as_mni_average_305_mask.4dfp.img
       256       256       256         1
  1.000000  1.000000  1.000000
orientation T byte_order littleendian
Reading mask: /opt/freesurfer/average/711-2B_as_mni_average_305_mask.4dfp.img (2306576 pixels)
talsrcimg_g11.4dfp.img
       256       256       256         1
  1.000000  1.000000  1.000000
orientation T byte_order littleendian
Reading image: talsrcimg_g11.4dfp.img
dimensions:      256       256       256
mmppix:       1.0000   -1.0000   -1.0000
center:     128.0000 -129.0000 -129.0000
fimgreg.f
image alignment mode   2311 decimal      907 hex
parameters
   -0.0796   -9.5315   13.4587   -4.1770   -7.5059   -6.2707
    1.7825    7.2413   -2.3061   12.0263   -9.4708  -15.6346
eta,q 0.97387 15.30642
niter,ni,del,rscale     5    3    5.0000    0.8000
parameters
   -0.0773   -9.5071   13.5132   -4.3231   -7.7836   -6.6141
    1.9072    7.1832   -2.2888   11.9916   -9.4415  -15.4174
eta,q 0.97380 15.27550
  0.0282  0.0277  0.0275  0.0282  0.0274  0.0286  0.0280  0.0292  0.0275  0.0281  0.0272  0.0271
  0.0271  0.0268  0.0267  0.0272  0.0268  0.0276  0.0270  0.0277  0.0268  0.0272  0.0267  0.0267
  0.0264  0.0263  0.0263  0.0264  0.0263  0.0266  0.0264  0.0266  0.0263  0.0265  0.0263  0.0263
  0.0261  0.0261  0.0261  0.0261  0.0261  0.0261  0.0262  0.0262  0.0262  0.0262  0.0262  0.0262
  0.0264  0.0263  0.0262  0.0264  0.0263  0.0265  0.0264  0.0265  0.0263  0.0264  0.0263  0.0263
  0.0271  0.0268  0.0266  0.0273  0.0269  0.0278  0.0269  0.0277  0.0268  0.0271  0.0267  0.0265
  0.0282  0.0276  0.0273  0.0286  0.0279  0.0298  0.0278  0.0295  0.0275  0.0283  0.0272  0.0270
niter,ni,del,rscale     4    3    5.0000    0.7000
parameters
   -0.0727   -9.5571   13.4581   -4.1644   -7.7115   -6.6253
    1.8784    7.2001   -2.2901   11.9423   -9.4540  -15.4197
eta,q 0.97382 15.27999
  0.0278  0.0273  0.0270  0.0281  0.0273  0.0283  0.0275  0.0287  0.0272  0.0277  0.0270  0.0269
  0.0269  0.0266  0.0265  0.0272  0.0268  0.0275  0.0267  0.0274  0.0266  0.0270  0.0265  0.0265
  0.0264  0.0263  0.0263  0.0265  0.0264  0.0267  0.0263  0.0265  0.0263  0.0264  0.0263  0.0263
  0.0262  0.0262  0.0262  0.0262  0.0262  0.0262  0.0262  0.0262  0.0262  0.0262  0.0262  0.0262
  0.0264  0.0264  0.0263  0.0263  0.0262  0.0263  0.0263  0.0264  0.0263  0.0263  0.0263  0.0263
  0.0269  0.0268  0.0267  0.0269  0.0267  0.0272  0.0268  0.0273  0.0266  0.0269  0.0265  0.0265
  0.0278  0.0274  0.0271  0.0279  0.0274  0.0287  0.0275  0.0287  0.0272  0.0279  0.0270  0.0269
niter,ni,del,rscale     3    3    5.0000    0.6000
parameters
   -0.0748   -9.5504   13.4401   -4.1279   -7.6215   -6.5220
    1.8376    7.2235   -2.2997   11.9484   -9.4765  -15.4812
eta,q 0.97384 15.28994
  0.0274  0.0270  0.0268  0.0276  0.0271  0.0279  0.0271  0.0280  0.0269  0.0274  0.0267  0.0267
  0.0267  0.0266  0.0265  0.0269  0.0267  0.0272  0.0266  0.0271  0.0265  0.0268  0.0264  0.0264
  0.0263  0.0263  0.0262  0.0264  0.0263  0.0266  0.0262  0.0264  0.0262  0.0264  0.0262  0.0262
  0.0262  0.0262  0.0262  0.0262  0.0262  0.0262  0.0262  0.0262  0.0262  0.0262  0.0262  0.0262
  0.0263  0.0263  0.0263  0.0263  0.0262  0.0262  0.0263  0.0263  0.0262  0.0263  0.0262  0.0262
  0.0267  0.0266  0.0265  0.0268  0.0265  0.0268  0.0266  0.0270  0.0265  0.0267  0.0264  0.0264
  0.0274  0.0270  0.0269  0.0275  0.0271  0.0280  0.0271  0.0280  0.0269  0.0275  0.0268  0.0267
niter,ni,del,rscale     2    3    5.0000    0.5000
parameters
   -0.0763   -9.5438   13.4451   -4.1444   -7.5592   -6.3934
    1.8103    7.2355   -2.3001   11.9789   -9.4804  -15.5542
eta,q 0.97386 15.29856
  0.0270  0.0268  0.0266  0.0271  0.0268  0.0275  0.0268  0.0275  0.0267  0.0270  0.0266  0.0265
  0.0265  0.0264  0.0264  0.0266  0.0265  0.0269  0.0264  0.0268  0.0264  0.0266  0.0263  0.0263
  0.0263  0.0262  0.0262  0.0263  0.0263  0.0264  0.0262  0.0263  0.0262  0.0263  0.0262  0.0262
  0.0262  0.0262  0.0262  0.0262  0.0262  0.0262  0.0261  0.0261  0.0261  0.0261  0.0261  0.0261
  0.0263  0.0262  0.0262  0.0263  0.0262  0.0262  0.0262  0.0263  0.0262  0.0262  0.0262  0.0262
  0.0265  0.0264  0.0264  0.0266  0.0264  0.0266  0.0265  0.0267  0.0264  0.0265  0.0263  0.0263
  0.0270  0.0267  0.0266  0.0272  0.0268  0.0274  0.0268  0.0275  0.0267  0.0271  0.0266  0.0265
niter,ni,del,rscale     1    3    5.0000    0.4000
parameters
   -0.0781   -9.5368   13.4629   -4.1758   -7.5073   -6.2721
    1.7835    7.2435   -2.3059   12.0178   -9.4794  -15.6088
eta,q 0.97387 15.30591
  0.0267  0.0265  0.0265  0.0268  0.0266  0.0271  0.0266  0.0270  0.0265  0.0267  0.0264  0.0264
  0.0264  0.0263  0.0263  0.0264  0.0264  0.0266  0.0263  0.0265  0.0263  0.0264  0.0262  0.0262
  0.0262  0.0262  0.0262  0.0262  0.0262  0.0263  0.0262  0.0262  0.0262  0.0262  0.0262  0.0261
  0.0261  0.0261  0.0261  0.0261  0.0261  0.0261  0.0261  0.0261  0.0261  0.0261  0.0261  0.0261
  0.0262  0.0262  0.0262  0.0262  0.0262  0.0262  0.0262  0.0262  0.0262  0.0262  0.0262  0.0262
  0.0264  0.0263  0.0263  0.0264  0.0263  0.0264  0.0263  0.0265  0.0263  0.0264  0.0262  0.0262
  0.0267  0.0265  0.0264  0.0268  0.0266  0.0270  0.0266  0.0270  0.0265  0.0267  0.0264  0.0264
registration optimization eta report
parameter search radius
    0.8000    0.8000    0.8000    2.4000    2.4000    2.4000
    2.4000    2.4000    2.4000    2.4000    2.4000    2.4000
100000*second partial in parameter space
       84.       60.       48.       11.        8.       15.
        8.       15.        6.       10.        5.        5.
  0.0267  0.0265  0.0265  0.0268  0.0266  0.0271  0.0266  0.0270  0.0265  0.0267  0.0264  0.0264
  0.0264  0.0263  0.0263  0.0264  0.0264  0.0266  0.0263  0.0265  0.0263  0.0264  0.0262  0.0262
  0.0262  0.0262  0.0262  0.0262  0.0262  0.0263  0.0262  0.0262  0.0262  0.0262  0.0262  0.0261
  0.0261  0.0261  0.0261  0.0261  0.0261  0.0261  0.0261  0.0261  0.0261  0.0261  0.0261  0.0261
  0.0262  0.0262  0.0262  0.0262  0.0262  0.0262  0.0262  0.0262  0.0262  0.0262  0.0262  0.0262
  0.0264  0.0263  0.0263  0.0264  0.0263  0.0264  0.0263  0.0265  0.0263  0.0264  0.0262  0.0262
  0.0267  0.0265  0.0264  0.0268  0.0266  0.0270  0.0266  0.0270  0.0265  0.0267  0.0264  0.0264
   -0.0781   -9.5368   13.4629   -4.1758   -7.5073   -6.2721
    1.7835    7.2435   -2.3059   12.0178   -9.4794  -15.6088
eta,q 0.97387 15.30591

---------------------------------------------------------------------
compute_vox2vox talsrcimg talsrcimg_to_711-2C_as_mni_average_305_t4 /opt/freesurfer/average/711-2C_as_mni_average_305
---------------------------------------------------------------------

freesurfer compute_vox2vox.c
Reading: talsrcimg.4dfp.ifh
Reading: talsrcimg_to_711-2C_as_mni_average_305_t4
Reading: /opt/freesurfer/average/711-2C_as_mni_average_305.4dfp.ifh
Writing: talsrcimg_to_711-2C_as_mni_average_305_t4_vox2vox.txt

start time Mon Mar 9 23:17:31 CET 2026
end		time Mon Mar 9 23:17:45 CET 2026

mpr2mni305 success

avi2talxfm orig_nu.mgz /opt/freesurfer/average/mni305.cor.mgz talsrcimg_to_711-2C_as_mni_average_305_t4_vox2vox.txt transforms/talairach.auto.xfm
avi2talxfm done
mv -f /out/sourcedata/freesurfer/sub-v1s3x0050777_ses-1/mri/talsrcimg_to_711-2C_as_mni_average_305_t4_vox2vox.txt /out/sourcedata/freesurfer/sub-v1s3x0050777_ses-1/mri/transforms/talsrcimg_to_711-2C_as_mni_average_305_t4_vox2vox.txt
lta_convert --src orig_nu.mgz --trg /opt/freesurfer/average/mni305.cor.mgz --inxfm transforms/talairach.auto.xfm --outlta transforms/talairach.auto.xfm.lta --subject fsaverage
7.3.2

--src: orig_nu.mgz src image (geometry).
--trg: /opt/freesurfer/average/mni305.cor.mgz trg image (geometry).
--inmni: transforms/talairach.auto.xfm input MNI/XFM transform.
--outlta: transforms/talairach.auto.xfm.lta output LTA.
--s: fsaverage subject name
 LTA read, type : 1
 1.03529  -0.07581  -0.03276  -11.31757;
 0.10670   1.03651   0.17286  -1.48090;
 0.01195  -0.13657   1.05789   13.99606;
 0.00000   0.00000   0.00000   1.00000;
setting subject to fsaverage
Writing  LTA to file transforms/talairach.auto.xfm.lta...
lta_convert successful.
 
 
Started at Mon Mar 9 23:17:31 CET 2026
Ended   at Mon Mar  9 23:17:45 CET 2026
talairach_avi done
