/out/sourcedata/freesurfer/sub-v1s3x0050781_ses-1/mri
/opt/freesurfer/bin/talairach_avi
--i orig_nu.mgz --xfm transforms/talairach.auto.xfm
talairach_avi 7.3.2
Linux dna061 5.14.0-427.37.1.el9_4.x86_64 #1 SMP PREEMPT_DYNAMIC Fri Sep 13 12:41:50 EDT 2024 x86_64 x86_64 x86_64 GNU/Linux
Mon Mar  9 23:28:19 CET 2026
mri_convert orig_nu.mgz talsrcimg.img 
reading from orig_nu.mgz...
TR=0.00, TE=0.00, TI=0.00, flip angle=0.00
i_ras = (-1, 0, 0)
j_ras = (0, 0, -1)
k_ras = (0, 1, 0)
writing to talsrcimg.img...
Analyze Output Matrix
-1.00000   0.00000   0.00000   129.52362;
 0.00000   0.00000   1.00000  -148.65332;
 0.00000  -1.00000   0.00000   142.18004;
 0.00000   0.00000   0.00000   1.00000;
--------------------
INFO: set hdr.hist.orient to -1
mpr2mni305 talsrcimg
Mon Mar  9 23:28:20 CET 2026
/opt/freesurfer/bin/mpr2mni305 talsrcimg
mpr2mni305 7.3.2
target=711-2C_as_mni_average_305

---------------------------------------------------------------------
analyzeto4dfp talsrcimg -O0 -y
---------------------------------------------------------------------

freesurfer ifh2hdr.c
Mon Mar  9 23:28:20 2026
Writing: talsrcimg.4dfp.hdr
freesurfer analyzeto4dfp.c
Reading: talsrcimg.hdr
header size 348 bytes
hdr.dime.datatype	offset=70	value=2
hdr.dime.bitpix		offset=72	value=8
hdr.hist.orient		offset=252	value=-1
dimensionality     4
dimensions       256       256       256         1
Reading: talsrcimg.img
Writing: talsrcimg.4dfp.img
Writing: talsrcimg.4dfp.ifh
ifh2hdr talsrcimg -r0to249
ori=2

---------------------------------------------------------------------
gauss_4dfp talsrcimg 1.1
---------------------------------------------------------------------

freesurfer gauss_4dfp.c
Reading: talsrcimg.4dfp.img
Writing: talsrcimg_g11.4dfp.img
image dimensions 256 256 256 padded to 288 288 288
processing volume 1freesurfer ifh2hdr.c
Mon Mar  9 23:28:21 2026
Writing: talsrcimg_g11.4dfp.hdr

Writing: talsrcimg_g11.4dfp.ifh
including: talsrcimg.4dfp.img.rec in talsrcimg_g11.4dfp.img.rec

---------------------------------------------------------------------
imgreg_4dfp /opt/freesurfer/average/711-2C_as_mni_average_305 none talsrcimg_g11 none talsrcimg_to_711-2C_as_mni_average_305_t4 4355
---------------------------------------------------------------------

freesurfer imgreg_4dfp.c
/opt/freesurfer/average/711-2C_as_mni_average_305.4dfp.img
       256       256       256         1
  1.000000  1.000000  1.000000
orientation T byte_order littleendian
Reading image: /opt/freesurfer/average/711-2C_as_mni_average_305.4dfp.img
dimensions:      256       256       256
mmppix:       1.0000   -1.0000   -1.0000
center:     128.0000 -129.0000 -129.0000
talsrcimg_g11.4dfp.img
       256       256       256         1
  1.000000  1.000000  1.000000
orientation T byte_order littleendian
Reading image: talsrcimg_g11.4dfp.img
dimensions:      256       256       256
mmppix:       1.0000   -1.0000   -1.0000
center:     128.0000 -129.0000 -129.0000
t4_read: open error in t4_sub.f l:  41 t4_file(1:l)talsrcimg_to_711-2C_as_mni_average_305_t4 
t4_read: transform initialized to I4
rotation matrix determinant  1.000000
image alignment mode   4355 decimal     1103 hex
   -7.5000  -45.0000  -45.0000 7120.1577   21.2855
    0.0000  -45.0000  -45.0000 7470.7378   21.3176
    7.5000  -45.0000  -45.0000 7162.0342   21.3009
   -7.5000  -37.5000  -45.0000 7561.9907   21.3130
    0.0000  -37.5000  -45.0000 7945.6592   21.3559
    7.5000  -37.5000  -45.0000 7628.4297   21.3427
   -7.5000  -30.0000  -45.0000 8204.1367   21.2866
    0.0000  -30.0000  -45.0000 8635.7471   21.3257
    7.5000  -30.0000  -45.0000 8279.6201   21.3064
   -7.5000  -22.5000  -45.0000 8776.3154   21.2246
    0.0000  -22.5000  -45.0000 9268.5312   21.2485
    7.5000  -22.5000  -45.0000 8873.4629   21.2230
   -7.5000  -15.0000  -45.0000 9360.1738   21.1914
    0.0000  -15.0000  -45.0000 9872.8408   21.2040
    7.5000  -15.0000  -45.0000 9474.7910   21.1766
   -7.5000   -7.5000  -45.0000 9947.5713   21.2259
    0.0000   -7.5000  -45.000010495.2441   21.2427
    7.5000   -7.5000  -45.000010069.0498   21.2181
   -7.5000    0.0000  -45.000010381.4619   21.2855
    0.0000    0.0000  -45.000010949.4297   21.3176
    7.5000    0.0000  -45.000010490.2852   21.3008
   -7.5000    7.5000  -45.000010024.6611   21.3130
    0.0000    7.5000  -45.000010547.9307   21.3559
    7.5000    7.5000  -45.000010074.2354   21.3427
   -7.5000   15.0000  -45.0000 9454.6201   21.2866
    0.0000   15.0000  -45.0000 9927.0186   21.3257
    7.5000   15.0000  -45.0000 9505.2148   21.3064
   -7.5000   22.5000  -45.0000 8651.2314   21.2217
    0.0000   22.5000  -45.0000 9099.8848   21.2456
    7.5000   22.5000  -45.0000 8702.5801   21.2201
   -7.5000   30.0000  -45.0000 7816.2061   20.9090
    0.0000   30.0000  -45.0000 8241.6221   20.9214
    7.5000   30.0000  -45.0000 7841.3105   20.8944
   -7.5000   37.5000  -45.0000 7412.1201   20.9430
    0.0000   37.5000  -45.0000 7832.1904   20.9596
    7.5000   37.5000  -45.0000 7413.1094   20.9353
   -7.5000   45.0000  -45.0000 6753.1040   20.4686
    0.0000   45.0000  -45.0000 7130.3506   20.4994
    7.5000   45.0000  -45.0000 6725.8325   20.4833
   -7.5000  -45.0000  -37.5000 7668.1582   21.1484
    0.0000  -45.0000  -37.5000 8061.7617   21.1715
    7.5000  -45.0000  -37.5000 7672.4609   21.1435
   -7.5000  -37.5000  -37.5000 8135.9795   21.1679
    0.0000  -37.5000  -37.5000 8560.8623   21.1952
    7.5000  -37.5000  -37.5000 8171.6987   21.1711
   -7.5000  -30.0000  -37.5000 8792.6768   21.1486
    0.0000  -30.0000  -37.5000 9263.5674   21.1742
    7.5000  -30.0000  -37.5000 8866.6260   21.1438
   -7.5000  -22.5000  -37.5000 9414.7559   21.1022
    0.0000  -22.5000  -37.5000 9969.0674   21.1218
    7.5000  -22.5000  -37.5000 9500.7031   21.0850
   -7.5000  -15.0000  -37.500010007.2705   21.0777
    0.0000  -15.0000  -37.500010570.9971   21.0923
    7.5000  -15.0000  -37.500010087.4150   21.0533
   -7.5000   -7.5000  -37.500010610.8154   21.1045
    0.0000   -7.5000  -37.500011183.2393   21.1210
    7.5000   -7.5000  -37.500010650.9902   21.0845
   -7.5000    0.0000  -37.500011059.9404   21.1484
    0.0000    0.0000  -37.500011631.5537   21.1715
    7.5000    0.0000  -37.500011102.9121   21.1434
   -7.5000    7.5000  -37.500010645.4775   21.1679
    0.0000    7.5000  -37.500011191.4521   21.1952
    7.5000    7.5000  -37.500010643.4014   21.1711
   -7.5000   15.0000  -37.500010060.5225   21.1486
    0.0000   15.0000  -37.500010608.4541   21.1742
    7.5000   15.0000  -37.500010086.9121   21.1438
   -7.5000   22.5000  -37.5000 9196.1895   21.0993
    0.0000   22.5000  -37.5000 9726.2021   21.1189
    7.5000   22.5000  -37.5000 9229.6787   21.0821
   -7.5000   30.0000  -37.5000 8305.1191   20.7968
    0.0000   30.0000  -37.5000 8780.1016   20.8112
    7.5000   30.0000  -37.5000 8322.8535   20.7727
   -7.5000   37.5000  -37.5000 7835.1245   20.8233
    0.0000   37.5000  -37.5000 8285.1592   20.8395
    7.5000   37.5000  -37.5000 7828.0430   20.8035
   -7.5000   45.0000  -37.5000 7105.3730   20.3368
    0.0000   45.0000  -37.5000 7506.2373   20.3589
    7.5000   45.0000  -37.5000 7099.5903   20.3320
   -7.5000  -45.0000  -30.0000 8375.7061   22.0380
    0.0000  -45.0000  -30.0000 8824.9043   22.0523
    7.5000  -45.0000  -30.0000 8399.0977   22.0000
   -7.5000  -37.5000  -30.0000 8889.2383   22.0495
    0.0000  -37.5000  -30.0000 9379.2549   22.0656
    7.5000  -37.5000  -30.0000 8918.3760   22.0178
   -7.5000  -30.0000  -30.0000 9628.5752   22.0417
    0.0000  -30.0000  -30.000010143.7881   22.0603
    7.5000  -30.0000  -30.0000 9637.4229   22.0075
   -7.5000  -22.5000  -30.000010291.1758   22.0169
    0.0000  -22.5000  -30.000010888.4697   22.0364
    7.5000  -22.5000  -30.000010340.0723   21.9770
   -7.5000  -15.0000  -30.000010890.3145   22.0025
    0.0000  -15.0000  -30.000011496.8955   22.0192
    7.5000  -15.0000  -30.000010931.6436   21.9569
   -7.5000   -7.5000  -30.000011508.6035   22.0157
    0.0000   -7.5000  -30.000012134.7305   22.0298
    7.5000   -7.5000  -30.000011536.5762   21.9696
   -7.5000    0.0000  -30.000012014.4639   22.0380
    0.0000    0.0000  -30.000012624.2197   22.0522
    7.5000    0.0000  -30.000012030.5078   22.0000
   -7.5000    7.5000  -30.000011533.9893   22.0495
    0.0000    7.5000  -30.000012124.8145   22.0656
    7.5000    7.5000  -30.000011521.3447   22.0178
   -7.5000   15.0000  -30.000010911.9473   22.0417
    0.0000   15.0000  -30.000011506.6641   22.0603
    7.5000   15.0000  -30.000010909.8311   22.0075
   -7.5000   22.5000  -30.0000 9961.4229   22.0116
    0.0000   22.5000  -30.000010531.3896   22.0311
    7.5000   22.5000  -30.000010008.2676   21.9718
   -7.5000   30.0000  -30.0000 8948.0205   21.7114
    0.0000   30.0000  -30.0000 9434.3252   21.7279
    7.5000   30.0000  -30.0000 8951.6016   21.6664
   -7.5000   37.5000  -30.0000 8409.7656   21.7244
    0.0000   37.5000  -30.0000 8872.9609   21.7383
    7.5000   37.5000  -30.0000 8411.6260   21.6789
   -7.5000   45.0000  -30.0000 7583.5806   21.2077
    0.0000   45.0000  -30.0000 7994.9375   21.2215
    7.5000   45.0000  -30.0000 7595.1836   21.1712
   -7.5000  -45.0000  -22.5000 9126.8584   22.8314
    0.0000  -45.0000  -22.5000 9600.3574   22.8433
    7.5000  -45.0000  -22.5000 9105.1543   22.7792
   -7.5000  -37.5000  -22.5000 9664.9082   22.8424
    0.0000  -37.5000  -22.500010192.7197   22.8619
    7.5000  -37.5000  -22.5000 9653.4346   22.8031
   -7.5000  -30.0000  -22.500010471.9473   22.8429
    0.0000  -30.0000  -22.500011051.9355   22.8673
    7.5000  -30.0000  -22.500010450.5010   22.8046
   -7.5000  -22.5000  -22.500011196.8662   22.8284
    0.0000  -22.5000  -22.500011831.6807   22.8506
    7.5000  -22.5000  -22.500011223.9854   22.7802
   -7.5000  -15.0000  -22.500011847.5566   22.8164
    0.0000  -15.0000  -22.500012485.2041   22.8301
    7.5000  -15.0000  -22.500011859.6211   22.7552
   -7.5000   -7.5000  -22.500012517.5088   22.8198
    0.0000   -7.5000  -22.500013170.1182   22.8280
    7.5000   -7.5000  -22.500012508.9023   22.7556
   -7.5000    0.0000  -22.500013029.4912   22.8313
    0.0000    0.0000  -22.500013723.9297   22.8433
    7.5000    0.0000  -22.500013022.8818   22.7791
   -7.5000    7.5000  -22.500012434.0273   22.8424
    0.0000    7.5000  -22.500013095.6875   22.8619
    7.5000    7.5000  -22.500012397.6240   22.8031
   -7.5000   15.0000  -22.500011774.6719   22.8429
    0.0000   15.0000  -22.500012421.2998   22.8673
    7.5000   15.0000  -22.500011771.1553   22.8046
   -7.5000   22.5000  -22.500010801.6162   22.8213
    0.0000   22.5000  -22.500011392.7910   22.8435
    7.5000   22.5000  -22.500010843.8975   22.7732
   -7.5000   30.0000  -22.5000 9688.1006   22.5180
    0.0000   30.0000  -22.500010159.6738   22.5314
    7.5000   30.0000  -22.5000 9693.4951   22.4576
   -7.5000   37.5000  -22.5000 9069.5088   22.5213
    0.0000   37.5000  -22.5000 9510.2998   22.5294
    7.5000   37.5000  -22.5000 9037.9336   22.4579
   -7.5000   45.0000  -22.5000 8130.9775   21.9877
    0.0000   45.0000  -22.5000 8568.0195   21.9992
    7.5000   45.0000  -22.5000 8111.6133   21.9374
   -7.5000  -45.0000  -15.0000 9848.1289   23.4216
    0.0000  -45.0000  -15.000010351.1738   23.4427
    7.5000  -45.0000  -15.0000 9832.6318   23.3872
   -7.5000  -37.5000  -15.000010432.5879   23.4415
    0.0000  -37.5000  -15.000010987.4746   23.4777
    7.5000  -37.5000  -15.000010428.3096   23.4279
   -7.5000  -30.0000  -15.000011268.3525   23.4393
    0.0000  -30.0000  -15.000011919.5186   23.4778
    7.5000  -30.0000  -15.000011277.6543   23.4239
   -7.5000  -22.5000  -15.000012060.7705   23.4126
    0.0000  -22.5000  -15.000012718.1357   23.4376
    7.5000  -22.5000  -15.000012068.9111   23.3751
   -7.5000  -15.0000  -15.000012745.8662   23.3914
    0.0000  -15.0000  -15.000013461.8877   23.3999
    7.5000  -15.0000  -15.000012762.0195   23.3321
   -7.5000   -7.5000  -15.000013479.4248   23.3983
    0.0000   -7.5000  -15.000014215.7900   23.4051
    7.5000   -7.5000  -15.000013477.4150   23.3403
   -7.5000    0.0000  -15.000014032.0430   23.4216
    0.0000    0.0000  -15.000014818.9424   23.4427
    7.5000    0.0000  -15.000014050.9717   23.3872
   -7.5000    7.5000  -15.000013372.7295   23.4415
    0.0000    7.5000  -15.000014110.3955   23.4777
    7.5000    7.5000  -15.000013360.3271   23.4279
   -7.5000   15.0000  -15.000012629.9160   23.4393
    0.0000   15.0000  -15.000013305.1211   23.4778
    7.5000   15.0000  -15.000012638.0312   23.4239
   -7.5000   22.5000  -15.000011646.5029   23.4043
    0.0000   22.5000  -15.000012241.1719   23.4293
    7.5000   22.5000  -15.000011694.2451   23.3668
   -7.5000   30.0000  -15.000010426.6689   23.0887
    0.0000   30.0000  -15.000010937.3252   23.0971
    7.5000   30.0000  -15.000010452.2197   23.0301
   -7.5000   37.5000  -15.0000 9705.1211   23.0955
    0.0000   37.5000  -15.000010177.2461   23.1022
    7.5000   37.5000  -15.0000 9705.7158   23.0382
   -7.5000   45.0000  -15.0000 8666.2783   22.5698
    0.0000   45.0000  -15.0000 9138.2539   22.5901
    7.5000   45.0000  -15.0000 8655.7949   22.5366
   -7.5000  -45.0000   -7.500010549.6807   23.6993
    0.0000  -45.0000   -7.500011124.6377   23.7328
    7.5000  -45.0000   -7.500010609.8232   23.7003
   -7.5000  -37.5000   -7.500011203.2090   23.7298
    0.0000  -37.5000   -7.500011831.3906   23.7798
    7.5000  -37.5000   -7.500011257.5254   23.7515
   -7.5000  -30.0000   -7.500012111.9697   23.7119
    0.0000  -30.0000   -7.500012857.3057   23.7593
    7.5000  -30.0000   -7.500012192.0947   23.7253
   -7.5000  -22.5000   -7.500012914.4404   23.6562
    0.0000  -22.5000   -7.500013685.1211   23.6835
    7.5000  -22.5000   -7.500012996.6182   23.6419
   -7.5000  -15.0000   -7.500013610.7881   23.6218
    0.0000  -15.0000   -7.500014414.2422   23.6313
    7.5000  -15.0000   -7.500013658.8633   23.5864
   -7.5000   -7.5000   -7.500014439.3623   23.6469
    0.0000   -7.5000   -7.500015288.8691   23.6600
    7.5000   -7.5000   -7.500014463.4336   23.6186
   -7.5000    0.0000   -7.500015112.3154   23.6993
    0.0000    0.0000   -7.500016047.0117   23.7327
    7.5000    0.0000   -7.500015168.3721   23.7002
   -7.5000    7.5000   -7.500014374.6201   23.7298
    0.0000    7.5000   -7.500015264.0635   23.7798
    7.5000    7.5000   -7.500014443.0146   23.7515
   -7.5000   15.0000   -7.500013528.2979   23.7119
    0.0000   15.0000   -7.500014331.7656   23.7593
    7.5000   15.0000   -7.500013571.3135   23.7253
   -7.5000   22.5000   -7.500012484.3223   23.6453
    0.0000   22.5000   -7.500013172.5332   23.6725
    7.5000   22.5000   -7.500012548.0820   23.6310
   -7.5000   30.0000   -7.500011180.0342   23.3155
    0.0000   30.0000   -7.500011782.5156   23.3248
    7.5000   30.0000   -7.500011279.2031   23.2806
   -7.5000   37.5000   -7.500010400.6934   23.3402
    0.0000   37.5000   -7.500010942.9326   23.3532
    7.5000   37.5000   -7.500010452.8770   23.3124
   -7.5000   45.0000   -7.5000 9232.3066   22.8416
    0.0000   45.0000   -7.5000 9749.7285   22.8739
    7.5000   45.0000   -7.5000 9281.5439   22.8426
   -7.5000  -45.0000    0.000011161.6553   23.7054
    0.0000  -45.0000    0.000011758.0898   23.7403
    7.5000  -45.0000    0.000011271.8047   23.7220
   -7.5000  -37.5000    0.000011834.8691   23.7367
    0.0000  -37.5000    0.000012513.6240   23.7836
    7.5000  -37.5000    0.000011960.0391   23.7689
   -7.5000  -30.0000    0.000012882.1562   23.7081
    0.0000  -30.0000    0.000013700.9453   23.7508
    7.5000  -30.0000    0.000013025.4375   23.7290
   -7.5000  -22.5000    0.000013746.8770   23.6393
    0.0000  -22.5000    0.000014601.1953   23.6652
    7.5000  -22.5000    0.000013891.2324   23.6364
   -7.5000  -15.0000    0.000014445.0029   23.6017
    0.0000  -15.0000    0.000015327.0996   23.6152
    7.5000  -15.0000    0.000014523.8076   23.5845
   -7.5000   -7.5000    0.000015326.8252   23.6393
    0.0000   -7.5000    0.000016312.1084   23.6574
    7.5000   -7.5000    0.000015401.8662   23.6302
   -7.5000    0.0000    0.000015977.8555   23.7053
    0.0000    0.0000    0.000017080.6484   23.7403
    7.5000    0.0000    0.000016121.8281   23.7220
   -7.5000    7.5000    0.000015157.0684   23.7367
    0.0000    7.5000    0.000016234.8516   23.7836
    7.5000    7.5000    0.000015350.1582   23.7689
   -7.5000   15.0000    0.000014236.4131   23.7081
    0.0000   15.0000    0.000015186.6348   23.7508
    7.5000   15.0000    0.000014363.8662   23.7290
   -7.5000   22.5000    0.000013157.4980   23.6284
    0.0000   22.5000    0.000013957.2910   23.6543
    7.5000   22.5000    0.000013255.1172   23.6255
   -7.5000   30.0000    0.000011822.7012   23.2963
    0.0000   30.0000    0.000012505.3291   23.3095
    7.5000   30.0000    0.000011941.8252   23.2793
   -7.5000   37.5000    0.000010984.5088   23.3333
    0.0000   37.5000    0.000011601.0361   23.3512
    7.5000   37.5000    0.000011088.1318   23.3243
   -7.5000   45.0000    0.0000 9743.4844   22.8492
    0.0000   45.0000    0.000010298.1367   22.8829
    7.5000   45.0000    0.0000 9821.6436   22.8653
   -7.5000  -45.0000    7.500010900.2158   23.6657
    0.0000  -45.0000    7.500011429.9834   23.6914
    7.5000  -45.0000    7.500010994.8027   23.6601
   -7.5000  -37.5000    7.500011559.9707   23.6875
    0.0000  -37.5000    7.500012142.3193   23.7180
    7.5000  -37.5000    7.500011657.5010   23.6910
   -7.5000  -30.0000    7.500012732.3740   23.6658
    0.0000  -30.0000    7.500013452.4023   23.6945
    7.5000  -30.0000    7.500012843.8965   23.6605
   -7.5000  -22.5000    7.500013719.6729   23.6139
    0.0000  -22.5000    7.500014582.5801   23.6359
    7.5000  -22.5000    7.500013901.2773   23.5947
   -7.5000  -15.0000    7.500014342.1357   23.5865
    0.0000  -15.0000    7.500015316.0576   23.6028
    7.5000  -15.0000    7.500014528.5469   23.5592
   -7.5000   -7.5000    7.500015038.3643   23.6165
    0.0000   -7.5000    7.500016086.8320   23.6349
    7.5000   -7.5000    7.500015240.3789   23.5941
   -7.5000    0.0000    7.500015620.8066   23.6657
    0.0000    0.0000    7.500016755.7363   23.6914
    7.5000    0.0000    7.500015885.2041   23.6601
   -7.5000    7.5000    7.500014844.5107   23.6875
    0.0000    7.5000    7.500015938.7920   23.7180
    7.5000    7.5000    7.500015126.5244   23.6910
   -7.5000   15.0000    7.500013897.2930   23.6658
    0.0000   15.0000    7.500014891.8271   23.6945
    7.5000   15.0000    7.500014107.3877   23.6605
   -7.5000   22.5000    7.500012838.6836   23.6030
    0.0000   22.5000    7.500013713.7783   23.6250
    7.5000   22.5000    7.500013001.1445   23.5838
   -7.5000   30.0000    7.500011624.4141   23.2812
    0.0000   30.0000    7.500012357.4775   23.2974
    7.5000   30.0000    7.500011773.0342   23.2543
   -7.5000   37.5000    7.500010847.5635   23.3109
    0.0000   37.5000    7.500011498.4170   23.3291
    7.5000   37.5000    7.500010915.7490   23.2887
   -7.5000   45.0000    7.5000 9613.2998   22.8110
    0.0000   45.0000    7.500010182.0078   22.8358
    7.5000   45.0000    7.5000 9658.7832   22.8056
   -7.5000  -45.0000   15.000010518.0723   23.6652
    0.0000  -45.0000   15.000010951.9170   23.6805
    7.5000  -45.0000   15.000010577.0156   23.6244
   -7.5000  -37.5000   15.000011141.6465   23.6775
    0.0000  -37.5000   15.000011570.1904   23.6948
    7.5000  -37.5000   15.000011183.1514   23.6434
   -7.5000  -30.0000   15.000012307.5146   23.6692
    0.0000  -30.0000   15.000012939.1689   23.6891
    7.5000  -30.0000   15.000012382.0137   23.6324
   -7.5000  -22.5000   15.000013422.1621   23.6426
    0.0000  -22.5000   15.000014369.6289   23.6635
    7.5000  -22.5000   15.000013606.5566   23.5997
   -7.5000  -15.0000   15.000014059.2822   23.6271
    0.0000  -15.0000   15.000014968.1670   23.6450
    7.5000  -15.0000   15.000014299.1992   23.5781
   -7.5000   -7.5000   15.000014645.6475   23.6413
    0.0000   -7.5000   15.000015458.4639   23.6564
    7.5000   -7.5000   15.000014907.0459   23.5917
   -7.5000    0.0000   15.000015204.4619   23.6652
    0.0000    0.0000   15.000016058.5039   23.6805
    7.5000    0.0000   15.000015421.9395   23.6244
   -7.5000    7.5000   15.000014495.5264   23.6775
    0.0000    7.5000   15.000015401.6436   23.6948
    7.5000    7.5000   15.000014663.5527   23.6434
   -7.5000   15.0000   15.000013539.4395   23.6692
    0.0000   15.0000   15.000014435.3203   23.6891
    7.5000   15.0000   15.000013636.6309   23.6324
   -7.5000   22.5000   15.000012499.1650   23.6317
    0.0000   22.5000   15.000013325.7471   23.6526
    7.5000   22.5000   15.000012561.4189   23.5889
   -7.5000   30.0000   15.000011306.6748   23.3213
    0.0000   30.0000   15.000012023.7676   23.3390
    7.5000   30.0000   15.000011322.2871   23.2729
   -7.5000   37.5000   15.000010642.3623   23.3353
    0.0000   37.5000   15.000011276.7002   23.3502
    7.5000   37.5000   15.000010588.8115   23.2864
   -7.5000   45.0000   15.0000 9460.2910   22.8105
    0.0000   45.0000   15.000010026.6006   22.8253
    7.5000   45.0000   15.0000 9409.1689   22.7712
   -7.5000  -45.0000   22.500010055.0371   23.7008
    0.0000  -45.0000   22.500010463.9883   23.7132
    7.5000  -45.0000   22.500010140.6543   23.6466
   -7.5000  -37.5000   22.500010670.1465   23.7122
    0.0000  -37.5000   22.500011036.0303   23.7325
    7.5000  -37.5000   22.500010739.6934   23.6714
   -7.5000  -30.0000   22.500011767.1992   23.7127
    0.0000  -30.0000   22.500012291.2559   23.7381
    7.5000  -30.0000   22.500011927.3340   23.6730
   -7.5000  -22.5000   22.500012880.0781   23.6977
    0.0000  -22.5000   22.500013671.7627   23.7207
    7.5000  -22.5000   22.500013019.3311   23.6477
   -7.5000  -15.0000   22.500013805.3828   23.6853
    0.0000  -15.0000   22.500014541.9980   23.6994
    7.5000  -15.0000   22.500013799.7412   23.6217
   -7.5000   -7.5000   22.500014626.6357   23.6888
    0.0000   -7.5000   22.500015316.0381   23.6973
    7.5000   -7.5000   22.500014542.2617   23.6221
   -7.5000    0.0000   22.500015133.5254   23.7008
    0.0000    0.0000   22.500015950.1562   23.7131
    7.5000    0.0000   22.500015052.7090   23.6466
   -7.5000    7.5000   22.500014236.4961   23.7122
    0.0000    7.5000   22.500015115.3926   23.7325
    7.5000    7.5000   22.500014183.6768   23.6714
   -7.5000   15.0000   22.500013096.7705   23.7127
    0.0000   15.0000   22.500013895.1016   23.7381
    7.5000   15.0000   22.500013026.3877   23.6730
   -7.5000   22.5000   22.500012069.8652   23.6868
    0.0000   22.5000   22.500012782.6855   23.7098
    7.5000   22.5000   22.500011986.9580   23.6368
   -7.5000   30.0000   22.500010899.0996   23.3787
    0.0000   30.0000   22.500011529.5596   23.3927
    7.5000   30.0000   22.500010832.9629   23.3160
   -7.5000   37.5000   22.500010242.3516   23.3822
    0.0000   37.5000   22.500010843.3037   23.3906
    7.5000   37.5000   22.500010171.4062   23.3164
   -7.5000   45.0000   22.5000 9064.0938   22.8448
    0.0000   45.0000   22.5000 9615.8232   22.8567
    7.5000   45.0000   22.5000 9003.2188   22.7926
   -7.5000  -45.0000   30.0000 9484.2900   23.7430
    0.0000  -45.0000   30.0000 9925.1025   23.7645
    7.5000  -45.0000   30.0000 9594.3770   23.7082
   -7.5000  -37.5000   30.000010159.9336   23.7632
    0.0000  -37.5000   30.000010587.5469   23.7999
    7.5000  -37.5000   30.000010193.1680   23.7494
   -7.5000  -30.0000   30.000011230.1309   23.7610
    0.0000  -30.0000   30.000011828.0732   23.8000
    7.5000  -30.0000   30.000011229.1182   23.7454
   -7.5000  -22.5000   30.000012197.8311   23.7339
    0.0000  -22.5000   30.000012962.0225   23.7593
    7.5000  -22.5000   30.000012124.1006   23.6958
   -7.5000  -15.0000   30.000013069.3779   23.7124
    0.0000  -15.0000   30.000013814.8926   23.7210
    7.5000  -15.0000   30.000012810.9385   23.6523
   -7.5000   -7.5000   30.000013915.3604   23.7194
    0.0000   -7.5000   30.000014678.0713   23.7263
    7.5000   -7.5000   30.000013587.1904   23.6606
   -7.5000    0.0000   30.000014398.5527   23.7430
    0.0000    0.0000   30.000015245.3721   23.7644
    7.5000    0.0000   30.000014127.1396   23.7082
   -7.5000    7.5000   30.000013517.7861   23.7632
    0.0000    7.5000   30.000014368.0801   23.7999
    7.5000    7.5000   30.000013366.9990   23.7494
   -7.5000   15.0000   30.000012326.1348   23.7610
    0.0000   15.0000   30.000013054.6328   23.8000
    7.5000   15.0000   30.000012231.1094   23.7454
   -7.5000   22.5000   30.000011308.6807   23.7229
    0.0000   22.5000   30.000011930.0137   23.7483
    7.5000   22.5000   30.000011248.5684   23.6849
   -7.5000   30.0000   30.000010211.0000   23.4056
    0.0000   30.0000   30.000010770.5352   23.4140
    7.5000   30.0000   30.000010183.0312   23.3462
   -7.5000   37.5000   30.0000 9565.6045   23.4124
    0.0000   37.5000   30.000010074.5449   23.4192
    7.5000   37.5000   30.0000 9533.8008   23.3543
   -7.5000   45.0000   30.0000 8487.5918   22.8855
    0.0000   45.0000   30.0000 8928.3252   22.9062
    7.5000   45.0000   30.0000 8446.0303   22.8519
   -7.5000  -45.0000   37.5000 9281.7676   23.7471
    0.0000  -45.0000   37.5000 9847.2246   23.7807
    7.5000  -45.0000   37.5000 9383.9453   23.7481
   -7.5000  -37.5000   37.5000 9950.3652   23.7777
    0.0000  -37.5000   37.500010527.7305   23.8278
    7.5000  -37.5000   37.500010017.1084   23.7994
   -7.5000  -30.0000   37.500010859.7178   23.7598
    0.0000  -30.0000   37.500011521.3193   23.8073
    7.5000  -30.0000   37.500010931.3477   23.7732
   -7.5000  -22.5000   37.500011659.9854   23.7040
    0.0000  -22.5000   37.500012299.2549   23.7313
    7.5000  -22.5000   37.500011672.0381   23.6896
   -7.5000  -15.0000   37.500012314.4443   23.6695
    0.0000  -15.0000   37.500012894.9912   23.6790
    7.5000  -15.0000   37.500012263.7627   23.6341
   -7.5000   -7.5000   37.500013018.5049   23.6946
    0.0000   -7.5000   37.500013650.2656   23.7078
    7.5000   -7.5000   37.500013020.2441   23.6663
   -7.5000    0.0000   37.500013553.3066   23.7471
    0.0000    0.0000   37.500014274.6055   23.7807
    7.5000    0.0000   37.500013603.9893   23.7481
   -7.5000    7.5000   37.500012892.8545   23.7777
    0.0000    7.5000   37.500013626.6006   23.8278
    7.5000    7.5000   37.500012960.4072   23.7994
   -7.5000   15.0000   37.500011914.0713   23.7598
    0.0000   15.0000   37.500012562.5938   23.8073
    7.5000   15.0000   37.500011944.2520   23.7732
   -7.5000   22.5000   37.500010930.3223   23.6930
    0.0000   22.5000   37.500011522.6689   23.7203
    7.5000   22.5000   37.500010929.7031   23.6787
   -7.5000   30.0000   37.5000 9867.3916   23.3632
    0.0000   30.0000   37.500010409.0986   23.3726
    7.5000   30.0000   37.5000 9856.4717   23.3282
   -7.5000   37.5000   37.5000 9202.9746   23.3880
    0.0000   37.5000   37.5000 9689.7119   23.4010
    7.5000   37.5000   37.5000 9178.8545   23.3600
   -7.5000   45.0000   37.5000 8167.9380   22.8895
    0.0000   45.0000   37.5000 8586.2051   22.9218
    7.5000   45.0000   37.5000 8136.6753   22.8904
   -7.5000  -45.0000   45.0000 8500.1875   23.5829
    0.0000  -45.0000   45.0000 8920.4238   23.6178
    7.5000  -45.0000   45.0000 8576.0352   23.5996
   -7.5000  -37.5000   45.0000 8994.3359   23.6145
    0.0000  -37.5000   45.0000 9436.5273   23.6612
    7.5000  -37.5000   45.0000 9125.4326   23.6466
   -7.5000  -30.0000   45.0000 9745.1738   23.5865
    0.0000  -30.0000   45.000010235.6924   23.6291
    7.5000  -30.0000   45.0000 9916.7852   23.6073
   -7.5000  -22.5000   45.000010432.8750   23.5180
    0.0000  -22.5000   45.000010860.9111   23.5438
    7.5000  -22.5000   45.000010590.0566   23.5151
   -7.5000  -15.0000   45.000011008.5977   23.4802
    0.0000  -15.0000   45.000011392.8691   23.4937
    7.5000  -15.0000   45.000011121.3975   23.4630
   -7.5000   -7.5000   45.000011622.5859   23.5172
    0.0000   -7.5000   45.000012035.0947   23.5353
    7.5000   -7.5000   45.000011733.2021   23.5082
   -7.5000    0.0000   45.000012158.0098   23.5829
    0.0000    0.0000   45.000012636.4170   23.6178
    7.5000    0.0000   45.000012277.9355   23.5996
   -7.5000    7.5000   45.000011647.7920   23.6145
    0.0000    7.5000   45.000012166.2246   23.6612
    7.5000    7.5000   45.000011760.2588   23.6466
   -7.5000   15.0000   45.000010816.8105   23.5865
    0.0000   15.0000   45.000011280.2070   23.6291
    7.5000   15.0000   45.000010886.8711   23.6073
   -7.5000   22.5000   45.0000 9923.4541   23.5071
    0.0000   22.5000   45.000010385.9453   23.5329
    7.5000   22.5000   45.0000 9954.0098   23.5042
   -7.5000   30.0000   45.0000 8959.6338   23.1743
    0.0000   30.0000   45.0000 9410.9170   23.1876
    7.5000   30.0000   45.0000 8972.1562   23.1574
   -7.5000   37.5000   45.0000 8343.9482   23.2108
    0.0000   37.5000   45.0000 8758.3291   23.2287
    7.5000   37.5000   45.0000 8344.5166   23.2019
   -7.5000   45.0000   45.0000 7421.9536   22.7415
    0.0000   45.0000   45.0000 7811.2563   22.7752
    7.5000   45.0000   45.0000 7442.1636   22.7576

---------------------------------------------------------------------
imgreg_4dfp /opt/freesurfer/average/711-2C_as_mni_average_305 /opt/freesurfer/average/711-2B_as_mni_average_305_mask talsrcimg_g11 none talsrcimg_to_711-2C_as_mni_average_305_t4 4355
---------------------------------------------------------------------

freesurfer imgreg_4dfp.c
/opt/freesurfer/average/711-2C_as_mni_average_305.4dfp.img
       256       256       256         1
  1.000000  1.000000  1.000000
orientation T byte_order littleendian
Reading image: /opt/freesurfer/average/711-2C_as_mni_average_305.4dfp.img
dimensions:      256       256       256
mmppix:       1.0000   -1.0000   -1.0000
center:     128.0000 -129.0000 -129.0000
/opt/freesurfer/average/711-2B_as_mni_average_305_mask.4dfp.img
       256       256       256         1
  1.000000  1.000000  1.000000
orientation T byte_order littleendian
Reading mask: /opt/freesurfer/average/711-2B_as_mni_average_305_mask.4dfp.img (2306576 pixels)
talsrcimg_g11.4dfp.img
       256       256       256         1
  1.000000  1.000000  1.000000
orientation T byte_order littleendian
Reading image: talsrcimg_g11.4dfp.img
dimensions:      256       256       256
mmppix:       1.0000   -1.0000   -1.0000
center:     128.0000 -129.0000 -129.0000
rotation matrix determinant  1.000000
image alignment mode   4355 decimal     1103 hex
   -7.5000  -45.0000  -45.0000 1923.6191   26.0218
    0.0000  -45.0000  -45.0000 1928.9766   26.0155
    7.5000  -45.0000  -45.0000 1920.3643   26.1848
   -7.5000  -37.5000  -45.0000 1983.9681   24.4396
    0.0000  -37.5000  -45.0000 1992.1328   24.4368
    7.5000  -37.5000  -45.0000 1985.9397   24.7027
   -7.5000  -30.0000  -45.0000 2015.5841   23.3180
    0.0000  -30.0000  -45.0000 2023.7104   23.2407
    7.5000  -30.0000  -45.0000 2011.9387   23.5682
   -7.5000  -22.5000  -45.0000 2036.6327   22.7616
    0.0000  -22.5000  -45.0000 2041.8995   22.6268
    7.5000  -22.5000  -45.0000 2039.3204   22.9677
   -7.5000  -15.0000  -45.0000 2046.2220   22.8862
    0.0000  -15.0000  -45.0000 2054.4622   22.6777
    7.5000  -15.0000  -45.0000 2049.1978   22.9781
   -7.5000   -7.5000  -45.0000 2047.9225   23.2409
    0.0000   -7.5000  -45.0000 2053.9529   23.0862
    7.5000   -7.5000  -45.0000 2053.7666   23.3678
   -7.5000    0.0000  -45.0000 2039.9407   24.1982
    0.0000    0.0000  -45.0000 2053.9114   23.9818
    7.5000    0.0000  -45.0000 2045.7771   24.2391
   -7.5000    7.5000  -45.0000 2009.3441   25.3177
    0.0000    7.5000  -45.0000 2026.7826   25.1262
    7.5000    7.5000  -45.0000 2013.1649   25.3931
   -7.5000   15.0000  -45.0000 1960.5979   26.5763
    0.0000   15.0000  -45.0000 1978.1108   26.4336
    7.5000   15.0000  -45.0000 1959.8260   26.7104
   -7.5000   22.5000  -45.0000 1893.6769   28.2867
    0.0000   22.5000  -45.0000 1908.1501   28.0645
    7.5000   22.5000  -45.0000 1892.9869   28.4183
   -7.5000   30.0000  -45.0000 1807.7874   30.6922
    0.0000   30.0000  -45.0000 1823.4380   30.4343
    7.5000   30.0000  -45.0000 1808.2819   30.9374
   -7.5000   37.5000  -45.0000 1738.4874   34.3333
    0.0000   37.5000  -45.0000 1748.4240   33.9745
    7.5000   37.5000  -45.0000 1730.0988   34.5109
   -7.5000   45.0000  -45.0000 1630.0012   39.2809
    0.0000   45.0000  -45.0000 1639.7689   38.8382
    7.5000   45.0000  -45.0000 1620.8390   39.4768
   -7.5000  -45.0000  -37.5000 2024.1074   23.9373
    0.0000  -45.0000  -37.5000 2029.1481   23.9674
    7.5000  -45.0000  -37.5000 2008.1824   24.0631
   -7.5000  -37.5000  -37.5000 2092.5732   22.4718
    0.0000  -37.5000  -37.5000 2098.2637   22.5008
    7.5000  -37.5000  -37.5000 2083.8579   22.5948
   -7.5000  -30.0000  -37.5000 2122.2529   21.4355
    0.0000  -30.0000  -37.5000 2127.3511   21.4469
    7.5000  -30.0000  -37.5000 2115.8467   21.6075
   -7.5000  -22.5000  -37.5000 2144.5525   20.9624
    0.0000  -22.5000  -37.5000 2158.8740   20.9400
    7.5000  -22.5000  -37.5000 2141.9004   21.0601
   -7.5000  -15.0000  -37.5000 2152.9441   21.0102
    0.0000  -15.0000  -37.5000 2163.1934   20.8991
    7.5000  -15.0000  -37.5000 2151.5471   21.0204
   -7.5000   -7.5000  -37.5000 2147.1213   21.0844
    0.0000   -7.5000  -37.5000 2157.6929   21.0055
    7.5000   -7.5000  -37.5000 2138.1450   21.0689
   -7.5000    0.0000  -37.5000 2139.4312   21.6994
    0.0000    0.0000  -37.5000 2140.5718   21.5684
    7.5000    0.0000  -37.5000 2117.6289   21.7015
   -7.5000    7.5000  -37.5000 2111.9094   22.7112
    0.0000    7.5000  -37.5000 2114.4651   22.5194
    7.5000    7.5000  -37.5000 2091.9839   22.6957
   -7.5000   15.0000  -37.5000 2065.5928   24.0226
    0.0000   15.0000  -37.5000 2078.5718   23.9196
    7.5000   15.0000  -37.5000 2054.6978   24.0430
   -7.5000   22.5000  -37.5000 2003.8652   25.7788
    0.0000   22.5000  -37.5000 2020.8563   25.6592
    7.5000   22.5000  -37.5000 1999.3983   25.8011
   -7.5000   30.0000  -37.5000 1913.1110   27.9839
    0.0000   30.0000  -37.5000 1929.9282   27.8657
    7.5000   30.0000  -37.5000 1908.8777   28.1586
   -7.5000   37.5000  -37.5000 1817.6497   31.1392
    0.0000   37.5000  -37.5000 1827.9955   30.9422
    7.5000   37.5000  -37.5000 1805.9618   31.2727
   -7.5000   45.0000  -37.5000 1700.7434   35.5430
    0.0000   45.0000  -37.5000 1706.2175   35.1339
    7.5000   45.0000  -37.5000 1693.7091   35.5894
   -7.5000  -45.0000  -30.0000 2168.0806   22.7060
    0.0000  -45.0000  -30.0000 2172.3525   22.8354
    7.5000  -45.0000  -30.0000 2154.0012   22.7985
   -7.5000  -37.5000  -30.0000 2240.4104   21.2771
    0.0000  -37.5000  -30.0000 2245.9971   21.3794
    7.5000  -37.5000  -30.0000 2222.9543   21.4323
   -7.5000  -30.0000  -30.0000 2276.7239   20.4188
    0.0000  -30.0000  -30.0000 2281.6604   20.4846
    7.5000  -30.0000  -30.0000 2250.6943   20.5101
   -7.5000  -22.5000  -30.0000 2292.5437   19.9178
    0.0000  -22.5000  -30.0000 2302.0278   19.9221
    7.5000  -22.5000  -30.0000 2277.4385   19.9390
   -7.5000  -15.0000  -30.0000 2293.0654   19.8087
    0.0000  -15.0000  -30.0000 2298.8977   19.6767
    7.5000  -15.0000  -30.0000 2277.2444   19.6985
   -7.5000   -7.5000  -30.0000 2291.9641   19.8297
    0.0000   -7.5000  -30.0000 2299.4590   19.7749
    7.5000   -7.5000  -30.0000 2273.6572   19.7937
   -7.5000    0.0000  -30.0000 2290.8013   20.4122
    0.0000    0.0000  -30.0000 2293.3628   20.3000
    7.5000    0.0000  -30.0000 2268.4963   20.4276
   -7.5000    7.5000  -30.0000 2270.5693   21.3816
    0.0000    7.5000  -30.0000 2272.9692   21.2278
    7.5000    7.5000  -30.0000 2250.8008   21.3654
   -7.5000   15.0000  -30.0000 2219.0769   22.7087
    0.0000   15.0000  -30.0000 2224.2913   22.5795
    7.5000   15.0000  -30.0000 2199.1292   22.6657
   -7.5000   22.5000  -30.0000 2152.0869   24.4568
    0.0000   22.5000  -30.0000 2159.3179   24.2918
    7.5000   22.5000  -30.0000 2136.7034   24.3614
   -7.5000   30.0000  -30.0000 2055.9177   26.6104
    0.0000   30.0000  -30.0000 2062.6462   26.4829
    7.5000   30.0000  -30.0000 2039.5022   26.6215
   -7.5000   37.5000  -30.0000 1947.2645   29.5268
    0.0000   37.5000  -30.0000 1955.5106   29.3259
    7.5000   37.5000  -30.0000 1938.0027   29.4631
   -7.5000   45.0000  -30.0000 1805.1710   33.4331
    0.0000   45.0000  -30.0000 1817.1617   33.1039
    7.5000   45.0000  -30.0000 1806.9268   33.4675
   -7.5000  -45.0000  -22.5000 2293.3303   21.6135
    0.0000  -45.0000  -22.5000 2300.1858   21.6838
    7.5000  -45.0000  -22.5000 2269.0518   21.5692
   -7.5000  -37.5000  -22.5000 2360.1499   20.1464
    0.0000  -37.5000  -22.5000 2368.2913   20.1697
    7.5000  -37.5000  -22.5000 2337.7173   20.1456
   -7.5000  -30.0000  -22.5000 2402.4080   19.2148
    0.0000  -30.0000  -22.5000 2407.0723   19.1495
    7.5000  -30.0000  -22.5000 2379.6423   19.2343
   -7.5000  -22.5000  -22.5000 2425.7493   18.7429
    0.0000  -22.5000  -22.5000 2433.7561   18.6509
    7.5000  -22.5000  -22.5000 2405.3574   18.7213
   -7.5000  -15.0000  -22.5000 2432.4656   18.5332
    0.0000  -15.0000  -22.5000 2440.8152   18.4312
    7.5000  -15.0000  -22.5000 2418.3467   18.5104
   -7.5000   -7.5000  -22.5000 2438.0649   18.6959
    0.0000   -7.5000  -22.5000 2445.5613   18.5129
    7.5000   -7.5000  -22.5000 2423.1409   18.6155
   -7.5000    0.0000  -22.5000 2431.5542   19.2436
    0.0000    0.0000  -22.5000 2437.3445   19.0575
    7.5000    0.0000  -22.5000 2410.3674   19.2315
   -7.5000    7.5000  -22.5000 2401.5637   20.1361
    0.0000    7.5000  -22.5000 2415.4771   19.9667
    7.5000    7.5000  -22.5000 2378.7634   20.1293
   -7.5000   15.0000  -22.5000 2349.5146   21.3927
    0.0000   15.0000  -22.5000 2361.9429   21.3275
    7.5000   15.0000  -22.5000 2323.4810   21.4184
   -7.5000   22.5000  -22.5000 2274.4473   23.0330
    0.0000   22.5000  -22.5000 2288.7681   22.9562
    7.5000   22.5000  -22.5000 2256.9375   23.0027
   -7.5000   30.0000  -22.5000 2174.0679   25.0575
    0.0000   30.0000  -22.5000 2185.8899   24.9674
    7.5000   30.0000  -22.5000 2155.0667   25.0495
   -7.5000   37.5000  -22.5000 2049.4048   27.7763
    0.0000   37.5000  -22.5000 2065.1904   27.6383
    7.5000   37.5000  -22.5000 2034.9581   27.7061
   -7.5000   45.0000  -22.5000 1900.9869   31.2891
    0.0000   45.0000  -22.5000 1923.9576   31.1784
    7.5000   45.0000  -22.5000 1897.6898   31.3389
   -7.5000  -45.0000  -15.0000 2369.8472   20.4680
    0.0000  -45.0000  -15.0000 2383.7485   20.5075
    7.5000  -45.0000  -15.0000 2346.3350   20.4481
   -7.5000  -37.5000  -15.0000 2446.5574   19.1593
    0.0000  -37.5000  -15.0000 2458.6484   19.1185
    7.5000  -37.5000  -15.0000 2430.1941   19.1173
   -7.5000  -30.0000  -15.0000 2489.7776   18.1520
    0.0000  -30.0000  -15.0000 2496.7820   18.0479
    7.5000  -30.0000  -15.0000 2472.6189   18.1378
   -7.5000  -22.5000  -15.0000 2523.4346   17.5895
    0.0000  -22.5000  -15.0000 2531.0078   17.4346
    7.5000  -22.5000  -15.0000 2504.6150   17.5914
   -7.5000  -15.0000  -15.0000 2540.2324   17.3027
    0.0000  -15.0000  -15.0000 2549.2917   17.1154
    7.5000  -15.0000  -15.0000 2522.5347   17.2823
   -7.5000   -7.5000  -15.0000 2547.2874   17.5398
    0.0000   -7.5000  -15.0000 2557.6890   17.3490
    7.5000   -7.5000  -15.0000 2527.8184   17.5141
   -7.5000    0.0000  -15.0000 2535.7944   18.1518
    0.0000    0.0000  -15.0000 2552.1968   17.9747
    7.5000    0.0000  -15.0000 2528.3826   18.2201
   -7.5000    7.5000  -15.0000 2504.3735   18.9668
    0.0000    7.5000  -15.0000 2529.7319   18.8248
    7.5000    7.5000  -15.0000 2494.8127   19.0423
   -7.5000   15.0000  -15.0000 2438.8315   20.1564
    0.0000   15.0000  -15.0000 2466.9253   20.0614
    7.5000   15.0000  -15.0000 2428.3667   20.2037
   -7.5000   22.5000  -15.0000 2363.9539   21.6585
    0.0000   22.5000  -15.0000 2387.9556   21.5830
    7.5000   22.5000  -15.0000 2354.2439   21.7074
   -7.5000   30.0000  -15.0000 2264.5276   23.6513
    0.0000   30.0000  -15.0000 2287.2593   23.5670
    7.5000   30.0000  -15.0000 2252.3030   23.6606
   -7.5000   37.5000  -15.0000 2129.7878   26.1793
    0.0000   37.5000  -15.0000 2146.2688   26.0651
    7.5000   37.5000  -15.0000 2121.7991   26.2259
   -7.5000   45.0000  -15.0000 1973.2729   29.5451
    0.0000   45.0000  -15.0000 1994.4785   29.4308
    7.5000   45.0000  -15.0000 1969.4413   29.6515
   -7.5000  -45.0000   -7.5000 2412.9944   19.5066
    0.0000  -45.0000   -7.5000 2438.7776   19.5182
    7.5000  -45.0000   -7.5000 2411.1685   19.5907
   -7.5000  -37.5000   -7.5000 2505.0142   18.1815
    0.0000  -37.5000   -7.5000 2528.0715   18.1740
    7.5000  -37.5000   -7.5000 2499.1655   18.2455
   -7.5000  -30.0000   -7.5000 2560.1226   17.2091
    0.0000  -30.0000   -7.5000 2579.9497   17.1763
    7.5000  -30.0000   -7.5000 2559.4648   17.2471
   -7.5000  -22.5000   -7.5000 2591.5908   16.5386
    0.0000  -22.5000   -7.5000 2605.5208   16.3866
    7.5000  -22.5000   -7.5000 2583.6326   16.5564
   -7.5000  -15.0000   -7.5000 2608.5588   16.1262
    0.0000  -15.0000   -7.5000 2626.6885   15.9532
    7.5000  -15.0000   -7.5000 2596.2844   16.1480
   -7.5000   -7.5000   -7.5000 2623.4678   16.3714
    0.0000   -7.5000   -7.5000 2652.8921   16.2308
    7.5000   -7.5000   -7.5000 2617.9656   16.3921
   -7.5000    0.0000   -7.5000 2613.2209   17.0258
    0.0000    0.0000   -7.5000 2651.5327   16.8673
    7.5000    0.0000   -7.5000 2624.8904   17.0964
   -7.5000    7.5000   -7.5000 2588.4541   17.8913
    0.0000    7.5000   -7.5000 2622.1172   17.7080
    7.5000    7.5000   -7.5000 2601.8533   17.9912
   -7.5000   15.0000   -7.5000 2521.8149   18.9512
    0.0000   15.0000   -7.5000 2554.2903   18.7974
    7.5000   15.0000   -7.5000 2533.3896   19.0455
   -7.5000   22.5000   -7.5000 2436.6531   20.3979
    0.0000   22.5000   -7.5000 2463.0181   20.2785
    7.5000   22.5000   -7.5000 2445.3264   20.4980
   -7.5000   30.0000   -7.5000 2330.1804   22.3422
    0.0000   30.0000   -7.5000 2358.0972   22.1834
    7.5000   30.0000   -7.5000 2337.3230   22.3762
   -7.5000   37.5000   -7.5000 2197.1831   24.7761
    0.0000   37.5000   -7.5000 2216.9712   24.6347
    7.5000   37.5000   -7.5000 2194.3169   24.8066
   -7.5000   45.0000   -7.5000 2024.3092   27.8771
    0.0000   45.0000   -7.5000 2051.9819   27.7400
    7.5000   45.0000   -7.5000 2028.6447   28.0152
   -7.5000  -45.0000    0.0000 2431.3628   18.8535
    0.0000  -45.0000    0.0000 2458.3389   18.7565
    7.5000  -45.0000    0.0000 2445.3650   18.9252
   -7.5000  -37.5000    0.0000 2528.8130   17.4911
    0.0000  -37.5000    0.0000 2560.3660   17.4406
    7.5000  -37.5000    0.0000 2541.9121   17.5679
   -7.5000  -30.0000    0.0000 2598.9446   16.5409
    0.0000  -30.0000    0.0000 2632.5928   16.4656
    7.5000  -30.0000    0.0000 2609.8750   16.5525
   -7.5000  -22.5000    0.0000 2641.7119   15.7673
    0.0000  -22.5000    0.0000 2674.1301   15.7144
    7.5000  -22.5000    0.0000 2649.7544   15.8495
   -7.5000  -15.0000    0.0000 2660.1497   15.2419
    0.0000  -15.0000    0.0000 2688.0366   15.1115
    7.5000  -15.0000    0.0000 2655.2212   15.3338
   -7.5000   -7.5000    0.0000 2692.3130   15.5173
    0.0000   -7.5000    0.0000 2719.6604   15.3130
    7.5000   -7.5000    0.0000 2693.4429   15.5522
   -7.5000    0.0000    0.0000 2688.4019   16.0978
    0.0000    0.0000    0.0000 2717.4158   15.8866
    7.5000    0.0000    0.0000 2702.8589   16.1223
   -7.5000    7.5000    0.0000 2649.8840   16.8868
    0.0000    7.5000    0.0000 2681.6990   16.7127
    7.5000    7.5000    0.0000 2669.0725   16.9605
   -7.5000   15.0000    0.0000 2588.2788   18.0055
    0.0000   15.0000    0.0000 2611.5037   17.7583
    7.5000   15.0000    0.0000 2602.4661   18.0237
   -7.5000   22.5000    0.0000 2499.2134   19.4945
    0.0000   22.5000    0.0000 2518.0542   19.2440
    7.5000   22.5000    0.0000 2510.8242   19.5458
   -7.5000   30.0000    0.0000 2383.9729   21.4164
    0.0000   30.0000    0.0000 2405.4644   21.1411
    7.5000   30.0000    0.0000 2392.2175   21.4550
   -7.5000   37.5000    0.0000 2242.5383   23.7077
    0.0000   37.5000    0.0000 2261.7676   23.4165
    7.5000   37.5000    0.0000 2250.9319   23.7812
   -7.5000   45.0000    0.0000 2071.6960   26.6379
    0.0000   45.0000    0.0000 2089.1421   26.4675
    7.5000   45.0000    0.0000 2073.3542   26.7826
   -7.5000  -45.0000    7.5000 2447.3840   18.4042
    0.0000  -45.0000    7.5000 2462.7078   18.1746
    7.5000  -45.0000    7.5000 2453.4385   18.3964
   -7.5000  -37.5000    7.5000 2547.1394   17.0306
    0.0000  -37.5000    7.5000 2565.5684   16.8733
    7.5000  -37.5000    7.5000 2554.0786   17.0306
   -7.5000  -30.0000    7.5000 2635.3701   16.0408
    0.0000  -30.0000    7.5000 2666.5579   15.9309
    7.5000  -30.0000    7.5000 2647.1970   16.0299
   -7.5000  -22.5000    7.5000 2702.9226   15.3471
    0.0000  -22.5000    7.5000 2740.0225   15.2812
    7.5000  -22.5000    7.5000 2715.7158   15.3697
   -7.5000  -15.0000    7.5000 2733.9575   14.7282
    0.0000  -15.0000    7.5000 2758.7183   14.5609
    7.5000  -15.0000    7.5000 2736.2798   14.8759
   -7.5000   -7.5000    7.5000 2750.5913   14.8522
    0.0000   -7.5000    7.5000 2776.1963   14.6536
    7.5000   -7.5000    7.5000 2753.7795   14.9399
   -7.5000    0.0000    7.5000 2744.1743   15.3804
    0.0000    0.0000    7.5000 2769.4871   15.1964
    7.5000    0.0000    7.5000 2756.0015   15.4438
   -7.5000    7.5000    7.5000 2722.8123   16.2362
    0.0000    7.5000    7.5000 2739.4966   15.9890
    7.5000    7.5000    7.5000 2730.0127   16.3121
   -7.5000   15.0000    7.5000 2652.7161   17.4151
    0.0000   15.0000    7.5000 2668.6833   17.0910
    7.5000   15.0000    7.5000 2663.3665   17.4784
   -7.5000   22.5000    7.5000 2548.7522   18.8881
    0.0000   22.5000    7.5000 2573.4424   18.6043
    7.5000   22.5000    7.5000 2561.4417   19.0396
   -7.5000   30.0000    7.5000 2430.3254   20.7055
    0.0000   30.0000    7.5000 2457.3606   20.4557
    7.5000   30.0000    7.5000 2442.4031   20.8704
   -7.5000   37.5000    7.5000 2289.1506   22.8811
    0.0000   37.5000    7.5000 2309.7063   22.7089
    7.5000   37.5000    7.5000 2292.7126   23.1092
   -7.5000   45.0000    7.5000 2108.5967   25.7174
    0.0000   45.0000    7.5000 2126.1353   25.6360
    7.5000   45.0000    7.5000 2107.3760   26.0155
   -7.5000  -45.0000   15.0000 2446.2424   18.3514
    0.0000  -45.0000   15.0000 2443.0234   17.8678
    7.5000  -45.0000   15.0000 2441.6707   18.1880
   -7.5000  -37.5000   15.0000 2559.2236   16.9661
    0.0000  -37.5000   15.0000 2552.5374   16.5466
    7.5000  -37.5000   15.0000 2547.6052   16.8291
   -7.5000  -30.0000   15.0000 2644.1091   15.8930
    0.0000  -30.0000   15.0000 2659.0269   15.5811
    7.5000  -30.0000   15.0000 2643.5200   15.8059
   -7.5000  -22.5000   15.0000 2721.6438   15.2216
    0.0000  -22.5000   15.0000 2752.8757   15.0377
    7.5000  -22.5000   15.0000 2728.8840   15.1350
   -7.5000  -15.0000   15.0000 2779.5715   14.6992
    0.0000  -15.0000   15.0000 2815.8538   14.4955
    7.5000  -15.0000   15.0000 2786.2031   14.7345
   -7.5000   -7.5000   15.0000 2798.1719   14.5615
    0.0000   -7.5000   15.0000 2827.0767   14.3121
    7.5000   -7.5000   15.0000 2803.4431   14.7219
   -7.5000    0.0000   15.0000 2788.8872   15.1106
    0.0000    0.0000   15.0000 2810.0359   14.7271
    7.5000    0.0000   15.0000 2789.2937   15.2008
   -7.5000    7.5000   15.0000 2757.7095   16.0248
    0.0000    7.5000   15.0000 2775.6858   15.6181
    7.5000    7.5000   15.0000 2753.1667   16.0491
   -7.5000   15.0000   15.0000 2683.1470   17.2044
    0.0000   15.0000   15.0000 2702.2847   16.8358
    7.5000   15.0000   15.0000 2681.0120   17.1688
   -7.5000   22.5000   15.0000 2584.4817   18.7229
    0.0000   22.5000   15.0000 2598.6787   18.3761
    7.5000   22.5000   15.0000 2580.6917   18.6735
   -7.5000   30.0000   15.0000 2463.1575   20.5268
    0.0000   30.0000   15.0000 2484.5259   20.2288
    7.5000   30.0000   15.0000 2458.4517   20.5468
   -7.5000   37.5000   15.0000 2324.3452   22.7696
    0.0000   37.5000   15.0000 2335.8420   22.4930
    7.5000   37.5000   15.0000 2310.3320   22.8431
   -7.5000   45.0000   15.0000 2136.0950   25.5582
    0.0000   45.0000   15.0000 2153.2336   25.3202
    7.5000   45.0000   15.0000 2129.4797   25.6422
   -7.5000  -45.0000   22.5000 2424.0076   18.5444
    0.0000  -45.0000   22.5000 2412.1494   17.9657
    7.5000  -45.0000   22.5000 2420.3911   18.4110
   -7.5000  -37.5000   22.5000 2539.2720   17.1922
    0.0000  -37.5000   22.5000 2525.7080   16.6536
    7.5000  -37.5000   22.5000 2536.7141   17.0567
   -7.5000  -30.0000   22.5000 2630.2983   16.1707
    0.0000  -30.0000   22.5000 2622.0647   15.6816
    7.5000  -30.0000   22.5000 2642.0935   16.0813
   -7.5000  -22.5000   22.5000 2727.1228   15.6092
    0.0000  -22.5000   22.5000 2747.8035   15.3248
    7.5000  -22.5000   22.5000 2743.4014   15.5209
   -7.5000  -15.0000   22.5000 2807.1863   15.1801
    0.0000  -15.0000   22.5000 2873.6650   15.0527
    7.5000  -15.0000   22.5000 2809.5522   15.0257
   -7.5000   -7.5000   22.5000 2852.6545   15.1977
    0.0000   -7.5000   22.5000 2904.8132   14.8856
    7.5000   -7.5000   22.5000 2831.3025   14.9787
   -7.5000    0.0000   22.5000 2817.1199   15.4491
    0.0000    0.0000   22.5000 2868.4917   15.1988
    7.5000    0.0000   22.5000 2814.3113   15.3960
   -7.5000    7.5000   22.5000 2758.9526   16.1602
    0.0000    7.5000   22.5000 2801.8577   15.9557
    7.5000    7.5000   22.5000 2762.1951   16.1867
   -7.5000   15.0000   22.5000 2674.5327   17.3241
    0.0000   15.0000   22.5000 2703.0684   17.1069
    7.5000   15.0000   22.5000 2674.3259   17.2604
   -7.5000   22.5000   22.5000 2584.9407   18.8981
    0.0000   22.5000   22.5000 2600.5686   18.6139
    7.5000   22.5000   22.5000 2580.2334   18.7478
   -7.5000   30.0000   22.5000 2468.8181   20.7441
    0.0000   30.0000   22.5000 2491.1733   20.4815
    7.5000   30.0000   22.5000 2462.3281   20.6561
   -7.5000   37.5000   22.5000 2327.5198   22.9010
    0.0000   37.5000   22.5000 2349.7427   22.7080
    7.5000   37.5000   22.5000 2321.7144   22.8858
   -7.5000   45.0000   22.5000 2135.0049   25.5892
    0.0000   45.0000   22.5000 2158.4500   25.5140
    7.5000   45.0000   22.5000 2133.1323   25.6058
   -7.5000  -45.0000   30.0000 2390.2729   19.1695
    0.0000  -45.0000   30.0000 2373.7812   18.5390
    7.5000  -45.0000   30.0000 2392.9043   18.9958
   -7.5000  -37.5000   30.0000 2518.1355   17.9291
    0.0000  -37.5000   30.0000 2504.7659   17.3798
    7.5000  -37.5000   30.0000 2515.7988   17.6921
   -7.5000  -30.0000   30.0000 2626.9534   17.1029
    0.0000  -30.0000   30.0000 2627.3496   16.6049
    7.5000  -30.0000   30.0000 2623.5447   16.8193
   -7.5000  -22.5000   30.0000 2718.1165   16.4060
    0.0000  -22.5000   30.0000 2753.2864   16.2656
    7.5000  -22.5000   30.0000 2721.6040   16.2039
   -7.5000  -15.0000   30.0000 2782.9548   15.9311
    0.0000  -15.0000   30.0000 2838.4077   15.7773
    7.5000  -15.0000   30.0000 2767.4253   15.6397
   -7.5000   -7.5000   30.0000 2820.8562   15.9289
    0.0000   -7.5000   30.0000 2883.8816   15.7137
    7.5000   -7.5000   30.0000 2809.0105   15.6039
   -7.5000    0.0000   30.0000 2792.5806   16.3012
    0.0000    0.0000   30.0000 2854.9717   16.1132
    7.5000    0.0000   30.0000 2797.3918   16.0390
   -7.5000    7.5000   30.0000 2733.8799   16.9762
    0.0000    7.5000   30.0000 2789.4885   16.8532
    7.5000    7.5000   30.0000 2743.3647   16.8443
   -7.5000   15.0000   30.0000 2633.4546   17.9742
    0.0000   15.0000   30.0000 2663.1775   17.8418
    7.5000   15.0000   30.0000 2643.1562   17.8990
   -7.5000   22.5000   30.0000 2546.6003   19.3250
    0.0000   22.5000   30.0000 2561.4790   19.1230
    7.5000   22.5000   30.0000 2554.6838   19.2558
   -7.5000   30.0000   30.0000 2433.5273   21.0445
    0.0000   30.0000   30.0000 2456.2183   20.8152
    7.5000   30.0000   30.0000 2439.8352   21.0203
   -7.5000   37.5000   30.0000 2292.2229   23.1809
    0.0000   37.5000   30.0000 2309.6765   22.9290
    7.5000   37.5000   30.0000 2298.6675   23.1437
   -7.5000   45.0000   30.0000 2110.7014   25.9127
    0.0000   45.0000   30.0000 2131.7095   25.7143
    7.5000   45.0000   30.0000 2120.0332   26.0229
   -7.5000  -45.0000   37.5000 2376.6274   20.5226
    0.0000  -45.0000   37.5000 2392.4988   20.0520
    7.5000  -45.0000   37.5000 2375.3481   20.2118
   -7.5000  -37.5000   37.5000 2503.5425   19.2411
    0.0000  -37.5000   37.5000 2513.1973   18.7267
    7.5000  -37.5000   37.5000 2501.6318   18.9189
   -7.5000  -30.0000   37.5000 2603.6611   18.1224
    0.0000  -30.0000   37.5000 2609.2788   17.6239
    7.5000  -30.0000   37.5000 2605.0017   17.8484
   -7.5000  -22.5000   37.5000 2680.2458   17.2597
    0.0000  -22.5000   37.5000 2686.4326   16.7844
    7.5000  -22.5000   37.5000 2681.5566   16.9502
   -7.5000  -15.0000   37.5000 2722.3486   16.7007
    0.0000  -15.0000   37.5000 2751.1685   16.2354
    7.5000  -15.0000   37.5000 2722.9358   16.3774
   -7.5000   -7.5000   37.5000 2761.1086   16.6252
    0.0000   -7.5000   37.5000 2804.2976   16.2221
    7.5000   -7.5000   37.5000 2776.5273   16.4285
   -7.5000    0.0000   37.5000 2736.1309   17.0755
    0.0000    0.0000   37.5000 2788.5679   16.8137
    7.5000    0.0000   37.5000 2752.6604   16.9901
   -7.5000    7.5000   37.5000 2679.8748   17.8782
    0.0000    7.5000   37.5000 2728.5046   17.6312
    7.5000    7.5000   37.5000 2695.3528   17.7742
   -7.5000   15.0000   37.5000 2591.6758   18.9515
    0.0000   15.0000   37.5000 2624.2415   18.7092
    7.5000   15.0000   37.5000 2603.3926   18.8445
   -7.5000   22.5000   37.5000 2499.9211   20.2768
    0.0000   22.5000   37.5000 2520.3757   20.0257
    7.5000   22.5000   37.5000 2506.5105   20.1567
   -7.5000   30.0000   37.5000 2377.1907   21.8108
    0.0000   30.0000   37.5000 2401.4128   21.5683
    7.5000   30.0000   37.5000 2385.8413   21.6796
   -7.5000   37.5000   37.5000 2239.6211   23.8554
    0.0000   37.5000   37.5000 2254.4202   23.5739
    7.5000   37.5000   37.5000 2246.2542   23.7370
   -7.5000   45.0000   37.5000 2073.7310   26.5840
    0.0000   45.0000   37.5000 2093.4106   26.3003
    7.5000   45.0000   37.5000 2084.1826   26.5138
   -7.5000  -45.0000   45.0000 2337.3071   22.0111
    0.0000  -45.0000   45.0000 2355.5540   21.3570
    7.5000  -45.0000   45.0000 2342.2410   21.6644
   -7.5000  -37.5000   45.0000 2449.3198   20.3785
    0.0000  -37.5000   45.0000 2464.8518   19.7277
    7.5000  -37.5000   45.0000 2458.5898   20.0980
   -7.5000  -30.0000   45.0000 2546.3718   19.0390
    0.0000  -30.0000   45.0000 2550.4805   18.4002
    7.5000  -30.0000   45.0000 2551.6069   18.7773
   -7.5000  -22.5000   45.0000 2609.4880   18.1101
    0.0000  -22.5000   45.0000 2617.6772   17.4205
    7.5000  -22.5000   45.0000 2620.9995   17.8071
   -7.5000  -15.0000   45.0000 2652.4231   17.6052
    0.0000  -15.0000   45.0000 2676.2722   16.9898
    7.5000  -15.0000   45.0000 2665.6455   17.3001
   -7.5000   -7.5000   45.0000 2682.7764   17.5674
    0.0000   -7.5000   45.0000 2710.6343   17.0735
    7.5000   -7.5000   45.0000 2700.1821   17.3735
   -7.5000    0.0000   45.0000 2655.0593   18.0557
    0.0000    0.0000   45.0000 2693.6113   17.6662
    7.5000    0.0000   45.0000 2670.1465   17.9034
   -7.5000    7.5000   45.0000 2606.6147   18.8588
    0.0000    7.5000   45.0000 2647.7141   18.5203
    7.5000    7.5000   45.0000 2621.2356   18.7372
   -7.5000   15.0000   45.0000 2528.1306   19.9662
    0.0000   15.0000   45.0000 2549.9668   19.6050
    7.5000   15.0000   45.0000 2535.6526   19.8264
   -7.5000   22.5000   45.0000 2443.5085   21.3290
    0.0000   22.5000   45.0000 2462.1191   21.0196
    7.5000   22.5000   45.0000 2452.3994   21.1780
   -7.5000   30.0000   45.0000 2315.2646   22.9284
    0.0000   30.0000   45.0000 2344.7981   22.6503
    7.5000   30.0000   45.0000 2328.7769   22.7782
   -7.5000   37.5000   45.0000 2173.7161   24.8906
    0.0000   37.5000   45.0000 2192.9238   24.6207
    7.5000   37.5000   45.0000 2182.7437   24.8162
   -7.5000   45.0000   45.0000 2024.7263   27.4855
    0.0000   45.0000   45.0000 2044.1636   27.2542
    7.5000   45.0000   45.0000 2032.4100   27.4874

---------------------------------------------------------------------
imgreg_4dfp /opt/freesurfer/average/711-2C_as_mni_average_305 /opt/freesurfer/average/711-2B_as_mni_average_305_mask talsrcimg_g11 none talsrcimg_to_711-2C_as_mni_average_305_t4 1283
---------------------------------------------------------------------

freesurfer imgreg_4dfp.c
/opt/freesurfer/average/711-2C_as_mni_average_305.4dfp.img
       256       256       256         1
  1.000000  1.000000  1.000000
orientation T byte_order littleendian
Reading image: /opt/freesurfer/average/711-2C_as_mni_average_305.4dfp.img
dimensions:      256       256       256
mmppix:       1.0000   -1.0000   -1.0000
center:     128.0000 -129.0000 -129.0000
/opt/freesurfer/average/711-2B_as_mni_average_305_mask.4dfp.img
       256       256       256         1
  1.000000  1.000000  1.000000
orientation T byte_order littleendian
Reading mask: /opt/freesurfer/average/711-2B_as_mni_average_305_mask.4dfp.img (2306576 pixels)
talsrcimg_g11.4dfp.img
       256       256       256         1
  1.000000  1.000000  1.000000
orientation T byte_order littleendian
Reading image: talsrcimg_g11.4dfp.img
dimensions:      256       256       256
mmppix:       1.0000   -1.0000   -1.0000
center:     128.0000 -129.0000 -129.0000
rotation matrix determinant  1.000000
fimgreg.f
image alignment mode   1283 decimal      503 hex
parameters
    0.0000   -7.5000   22.5000    0.0000    0.0000    0.0000
eta,q 0.90898 14.93361
niter,ni,del,rscale     5    3   12.0000    1.2000
parameter  3 -1.187816 -> -0.500000 qaram    1.1500
parameters
   -1.1076   -9.5971   25.9500    0.4401   -0.6821   -0.0467
eta,q 0.91044 15.18710
  0.1023  0.0970  0.1057  0.0955  0.0957  0.0923
  0.0964  0.0960  0.1000  0.0904  0.0921  0.0910
  0.0960  0.0974  0.0975  0.0891  0.0899  0.0900
  0.0970  0.0961  0.0974  0.0897  0.0899  0.0896
  0.0972  0.0965  0.0919  0.0910  0.0909  0.0903
  0.1009  0.0994  0.0892  0.0916  0.0939  0.0910
  0.1112  0.1041  0.0917  0.0921  0.0999  0.0923
niter,ni,del,rscale     5    3   12.0000    1.2000
parameter  4  2.123212 ->  0.500000 qaram    1.1500
parameters
   -1.7049   -7.2167   25.3070   -3.0099   -0.7075   -0.6102
eta,q 0.91342 15.08569
  0.1067  0.0984  0.1055  0.0870  0.0968  0.0899
  0.0959  0.0950  0.0998  0.0866  0.0923  0.0870
  0.0899  0.0928  0.0924  0.0879  0.0887  0.0860
  0.0896  0.0892  0.0904  0.0901  0.0868  0.0869
  0.0950  0.0898  0.0952  0.0921  0.0879  0.0877
  0.1056  0.0917  0.1034  0.0936  0.0917  0.0885
  0.1099  0.0907  0.1124  0.0950  0.0977  0.0903
niter,ni,del,rscale     5    3   12.0000    1.2000
parameter  4  0.652278 ->  0.500000 qaram    1.3225
parameters
   -1.4448   -5.0924   24.9462   -6.9774   -0.4639    1.7113
eta,q 0.91407 15.11482
  0.1093  0.0996  0.1038  0.0870  0.0971  0.0936
  0.0976  0.0937  0.1006  0.0873  0.0929  0.0903
  0.0895  0.0891  0.0936  0.0865  0.0894  0.0881
  0.0866  0.0865  0.0874  0.0878  0.0871  0.0871
  0.0895  0.0873  0.0906  0.0903  0.0877  0.0860
  0.0982  0.0878  0.1003  0.0927  0.0912  0.0861
  0.1036  0.0886  0.1109  0.0955  0.0965  0.0878
niter,ni,del,rscale     5    3   12.0000    1.2000
parameters
   -1.1779   -3.4798   24.7051   -7.9584   -1.1433    1.7434
eta,q 0.91383 15.15463
  0.1102  0.1062  0.0975  0.0911  0.0936  0.0902
  0.0970  0.0949  0.0968  0.0840  0.0903  0.0889
  0.0886  0.0881  0.0920  0.0850  0.0872  0.0877
  0.0859  0.0863  0.0862  0.0865  0.0862  0.0862
  0.0914  0.0862  0.0875  0.0874  0.0880  0.0856
  0.0990  0.0876  0.0936  0.0884  0.0925  0.0874
  0.1026  0.0907  0.1041  0.0913  0.0986  0.0918
niter,ni,del,rscale     4    3   12.0000    1.2000
parameters
   -0.8255   -3.1001   24.6690   -7.8228   -1.6237    1.2207
eta,q 0.91302 15.18922
  0.1108  0.1009  0.0972  0.0937  0.0944  0.0894
  0.0965  0.0899  0.0961  0.0855  0.0911  0.0886
  0.0885  0.0866  0.0918  0.0844  0.0880  0.0879
  0.0862  0.0865  0.0865  0.0866  0.0866  0.0867
  0.0913  0.0875  0.0873  0.0875  0.0883  0.0864
  0.0983  0.0916  0.0923  0.0882  0.0924  0.0882
  0.1017  0.0948  0.1016  0.0902  0.0981  0.0925
niter,ni,del,rscale     3    3   12.0000    1.2000
parameters
   -0.5273   -3.0491   24.7229   -7.9561   -1.9149    0.8868
eta,q 0.91260 15.20501
  0.1096  0.0985  0.0974  0.0930  0.0953  0.0894
  0.0957  0.0894  0.0963  0.0855  0.0916  0.0884
  0.0888  0.0875  0.0925  0.0855  0.0886  0.0881
  0.0870  0.0873  0.0873  0.0872  0.0872  0.0872
  0.0915  0.0886  0.0874  0.0880  0.0884  0.0866
  0.0979  0.0925  0.0923  0.0885  0.0922  0.0879
  0.1016  0.0955  0.1013  0.0907  0.0977  0.0914
niter,ni,del,rscale     2    3   12.0000    1.2000
parameters
   -0.3423   -2.9139   24.7872   -8.0235   -2.0982    0.5175
eta,q 0.91236 15.22521
  0.1081  0.0988  0.0973  0.0927  0.0958  0.0894
  0.0951  0.0894  0.0962  0.0859  0.0919  0.0883
  0.0890  0.0877  0.0926  0.0858  0.0889  0.0880
  0.0874  0.0875  0.0875  0.0875  0.0875  0.0875
  0.0917  0.0886  0.0875  0.0880  0.0886  0.0870
  0.0977  0.0924  0.0923  0.0885  0.0921  0.0880
  0.1021  0.0952  0.1009  0.0906  0.0975  0.0910
niter,ni,del,rscale     1    3   12.0000    1.2000
parameters
   -0.1921   -2.7985   24.8490   -8.1603   -2.2032    0.2571
eta,q 0.91228 15.23580
  0.1074  0.0983  0.0971  0.0923  0.0961  0.0896
  0.0951  0.0893  0.0961  0.0860  0.0921  0.0883
  0.0895  0.0880  0.0926  0.0862  0.0889  0.0879
  0.0876  0.0877  0.0877  0.0876  0.0877  0.0877
  0.0914  0.0886  0.0873  0.0878  0.0886  0.0872
  0.0974  0.0923  0.0924  0.0884  0.0920  0.0880
  0.1027  0.0950  0.1008  0.0907  0.0972  0.0907
registration optimization eta report
parameter search radius
    6.0000    6.0000    6.9000    7.9350    6.0000    6.0000
100000*second partial in parameter space
       47.       25.       22.        7.       25.        7.
  0.1074  0.0983  0.0971  0.0923  0.0961  0.0896
  0.0951  0.0893  0.0961  0.0860  0.0921  0.0883
  0.0895  0.0880  0.0926  0.0862  0.0889  0.0879
  0.0876  0.0877  0.0877  0.0876  0.0877  0.0877
  0.0914  0.0886  0.0873  0.0878  0.0886  0.0872
  0.0974  0.0923  0.0924  0.0884  0.0920  0.0880
  0.1027  0.0950  0.1008  0.0907  0.0972  0.0907
   -0.1921   -2.7985   24.8490   -8.1603   -2.2032    0.2571
eta,q 0.91228 15.23580

---------------------------------------------------------------------
imgreg_4dfp /opt/freesurfer/average/711-2C_as_mni_average_305 /opt/freesurfer/average/711-2B_as_mni_average_305_mask talsrcimg_g11 none talsrcimg_to_711-2C_as_mni_average_305_t4 3335
---------------------------------------------------------------------

freesurfer imgreg_4dfp.c
/opt/freesurfer/average/711-2C_as_mni_average_305.4dfp.img
       256       256       256         1
  1.000000  1.000000  1.000000
orientation T byte_order littleendian
Reading image: /opt/freesurfer/average/711-2C_as_mni_average_305.4dfp.img
dimensions:      256       256       256
mmppix:       1.0000   -1.0000   -1.0000
center:     128.0000 -129.0000 -129.0000
/opt/freesurfer/average/711-2B_as_mni_average_305_mask.4dfp.img
       256       256       256         1
  1.000000  1.000000  1.000000
orientation T byte_order littleendian
Reading mask: /opt/freesurfer/average/711-2B_as_mni_average_305_mask.4dfp.img (2306576 pixels)
talsrcimg_g11.4dfp.img
       256       256       256         1
  1.000000  1.000000  1.000000
orientation T byte_order littleendian
Reading image: talsrcimg_g11.4dfp.img
dimensions:      256       256       256
mmppix:       1.0000   -1.0000   -1.0000
center:     128.0000 -129.0000 -129.0000
fimgreg.f
image alignment mode   3335 decimal      D07 hex
parameters
   -0.1921   -2.7985   24.8490   -0.0749   -1.0160   -1.0857
   -0.9899    3.7417    0.4484   14.2112   -3.8444  -14.1838
eta,q 0.91473 15.31841
niter,ni,del,rscale     5    3    5.0000    1.2000
parameter  4  1.156203 ->  0.500000 qaram    1.1500
parameter  5  3.382133 ->  0.500000 qaram    1.1500
parameter  6  0.615732 ->  0.500000 qaram    1.1500
parameter 10 -0.745620 -> -0.500000 qaram    1.1500
parameter 12 -3.316316 -> -0.500000 qaram    1.1500
parameters
    0.0157   -3.4093   24.7546   -4.2149   -5.1560   -5.2257
   -3.1821    2.9637   -1.8794   18.3512   -2.2769  -10.0438
eta,q 0.93235 15.28928
  0.0903  0.0860  0.0874  0.0771  0.0709  0.0724  0.0731  0.0764  0.0726  0.0765  0.0730  0.0775
  0.0878  0.0854  0.0862  0.0784  0.0738  0.0726  0.0725  0.0732  0.0722  0.0746  0.0718  0.0752
  0.0861  0.0851  0.0854  0.0808  0.0759  0.0725  0.0724  0.0721  0.0721  0.0732  0.0711  0.0730
  0.0853  0.0852  0.0851  0.0851  0.0789  0.0744  0.0725  0.0724  0.0722  0.0721  0.0708  0.0709
  0.0855  0.0856  0.0854  0.0916  0.0824  0.0795  0.0730  0.0733  0.0725  0.0712  0.0709  0.0689
  0.0867  0.0864  0.0864  0.0992  0.0854  0.0877  0.0737  0.0751  0.0732  0.0708  0.0712  0.0672
  0.0889  0.0876  0.0880  0.1067  0.0897  0.0957  0.0749  0.0781  0.0742  0.0712  0.0715  0.0659
niter,ni,del,rscale     7    3    5.0000    1.2000
parameter  2  0.580255 ->  0.500000 qaram    1.1500
parameter  3  1.910274 ->  0.500000 qaram    1.1500
parameter  4  0.509835 ->  0.500000 qaram    1.3225
parameter  5  6.680900 ->  0.500000 qaram    1.3225
parameter  9 -0.547812 -> -0.500000 qaram    1.1500
parameter 10  0.793966 ->  0.500000 qaram    1.3225
parameter 12 -3.042807 -> -0.500000 qaram    1.3225
parameters
    0.0999   -4.7893   23.3746   -8.9759   -9.9170   -9.0893
   -0.1691    2.0735    2.2606   13.5902   -1.4400   -5.2828
eta,q 0.94577 14.75325
  0.0703  0.0675  0.0627  0.0630  0.0545  0.0578  0.0606  0.0595  0.0605  0.0549  0.0562  0.0567
  0.0688  0.0672  0.0638  0.0629  0.0572  0.0575  0.0593  0.0579  0.0591  0.0549  0.0556  0.0562
  0.0679  0.0672  0.0652  0.0632  0.0598  0.0575  0.0582  0.0571  0.0580  0.0554  0.0552  0.0557
  0.0676  0.0676  0.0671  0.0641  0.0629  0.0579  0.0575  0.0572  0.0571  0.0565  0.0550  0.0550
  0.0679  0.0685  0.0694  0.0665  0.0666  0.0608  0.0572  0.0579  0.0566  0.0584  0.0551  0.0545
  0.0686  0.0697  0.0720  0.0719  0.0699  0.0668  0.0573  0.0591  0.0565  0.0609  0.0554  0.0541
  0.0699  0.0710  0.0747  0.0807  0.0730  0.0755  0.0579  0.0607  0.0570  0.0638  0.0557  0.0539
niter,ni,del,rscale     7    3    5.0000    1.2000
parameter  2  1.846668 ->  0.500000 qaram    1.3225
parameter  3  5.779027 ->  0.500000 qaram    1.3225
parameter  5  2.422403 ->  0.500000 qaram    1.5209
parameter 10  0.563462 ->  0.500000 qaram    1.5209
parameters
    0.6683   -6.3763   21.7876   -9.0874  -15.3922  -12.4531
   -0.8713    2.1482    1.8975    8.1151   -1.0998   -7.5413
eta,q 0.96407 14.64418
  0.0582  0.0498  0.0424  0.0494  0.0369  0.0390  0.0406  0.0420  0.0408  0.0377  0.0369  0.0380
  0.0563  0.0507  0.0449  0.0476  0.0380  0.0383  0.0391  0.0398  0.0393  0.0362  0.0364  0.0369
  0.0549  0.0521  0.0478  0.0464  0.0413  0.0382  0.0383  0.0384  0.0384  0.0363  0.0361  0.0361
  0.0542  0.0541  0.0510  0.0457  0.0457  0.0387  0.0382  0.0381  0.0381  0.0381  0.0360  0.0360
  0.0541  0.0565  0.0544  0.0457  0.0501  0.0402  0.0387  0.0386  0.0385  0.0411  0.0360  0.0370
  0.0546  0.0591  0.0578  0.0467  0.0548  0.0445  0.0400  0.0398  0.0396  0.0450  0.0363  0.0391
  0.0556  0.0617  0.0613  0.0506  0.0590  0.0523  0.0418  0.0416  0.0414  0.0494  0.0367  0.0419
niter,ni,del,rscale     7    3    5.0000    1.2000
parameter  3  1.443636 ->  0.500000 qaram    1.5209
parameter  4 -0.754602 -> -0.500000 qaram    1.5209
parameters
    0.5373   -7.3464   19.9626   -3.6122  -17.8491  -11.9623
   -1.3159    2.5546    2.6168   11.5475    0.0358   -8.1029
eta,q 0.96898 14.84109
  0.0384  0.0382  0.0315  0.0379  0.0372  0.0364  0.0340  0.0388  0.0339  0.0399  0.0325  0.0330
  0.0369  0.0364  0.0324  0.0358  0.0345  0.0347  0.0327  0.0343  0.0329  0.0366  0.0316  0.0320
  0.0361  0.0355  0.0337  0.0341  0.0325  0.0332  0.0320  0.0321  0.0322  0.0339  0.0312  0.0313
  0.0359  0.0359  0.0355  0.0327  0.0313  0.0320  0.0318  0.0318  0.0318  0.0318  0.0310  0.0310
  0.0363  0.0377  0.0379  0.0318  0.0333  0.0311  0.0322  0.0323  0.0319  0.0310  0.0310  0.0312
  0.0374  0.0411  0.0407  0.0312  0.0406  0.0318  0.0331  0.0337  0.0324  0.0315  0.0312  0.0322
  0.0390  0.0458  0.0438  0.0318  0.0489  0.0371  0.0347  0.0369  0.0334  0.0342  0.0317  0.0338
niter,ni,del,rscale     7    3    5.0000    1.2000
parameter  3  0.832250 ->  0.500000 qaram    1.7490
parameters
    0.5828   -7.1745   17.8638   -5.9922  -17.5454  -13.1491
   -1.3790    2.6333    2.6321   12.2315   -0.4952  -10.9721
eta,q 0.97018 14.66494
  0.0343  0.0358  0.0289  0.0342  0.0375  0.0336  0.0325  0.0356  0.0320  0.0361  0.0306  0.0308
  0.0325  0.0332  0.0287  0.0320  0.0342  0.0321  0.0312  0.0320  0.0309  0.0331  0.0301  0.0300
  0.0314  0.0316  0.0296  0.0302  0.0315  0.0308  0.0304  0.0304  0.0303  0.0310  0.0300  0.0298
  0.0310  0.0310  0.0310  0.0289  0.0296  0.0295  0.0301  0.0301  0.0301  0.0301  0.0301  0.0300
  0.0313  0.0312  0.0331  0.0299  0.0286  0.0287  0.0304  0.0304  0.0303  0.0302  0.0302  0.0307
  0.0323  0.0324  0.0359  0.0370  0.0313  0.0326  0.0313  0.0320  0.0309  0.0315  0.0304  0.0315
  0.0341  0.0350  0.0395  0.0469  0.0388  0.0415  0.0326  0.0353  0.0320  0.0353  0.0307  0.0327
niter,ni,del,rscale     7    3    5.0000    1.2000
parameters
    0.4522   -6.8899   16.2500   -6.6642  -17.2100  -14.3476
   -1.4519    2.6847    2.7787   13.4289   -1.0553  -12.4176
eta,q 0.97063 14.59771
  0.0325  0.0346  0.0308  0.0353  0.0368  0.0333  0.0320  0.0351  0.0314  0.0355  0.0302  0.0309
  0.0309  0.0320  0.0291  0.0327  0.0336  0.0316  0.0306  0.0314  0.0304  0.0324  0.0296  0.0300
  0.0300  0.0304  0.0289  0.0306  0.0310  0.0303  0.0298  0.0298  0.0298  0.0304  0.0295  0.0295
  0.0298  0.0298  0.0298  0.0288  0.0291  0.0290  0.0296  0.0296  0.0296  0.0296  0.0295  0.0295
  0.0303  0.0300  0.0313  0.0281  0.0280  0.0284  0.0299  0.0299  0.0297  0.0297  0.0296  0.0301
  0.0314  0.0310  0.0335  0.0320  0.0306  0.0325  0.0307  0.0315  0.0303  0.0307  0.0299  0.0309
  0.0332  0.0331  0.0363  0.0401  0.0382  0.0409  0.0321  0.0347  0.0313  0.0335  0.0304  0.0318
niter,ni,del,rscale     6    3    5.0000    1.2000
parameters
    0.4047   -6.5836   15.8680   -6.4335  -17.4624  -14.9433
   -1.5866    2.7435    2.9063   14.0033   -1.1597  -12.6321
eta,q 0.97048 14.57422
  0.0323  0.0340  0.0331  0.0358  0.0364  0.0339  0.0319  0.0352  0.0314  0.0346  0.0305  0.0314
  0.0306  0.0316  0.0304  0.0332  0.0334  0.0320  0.0306  0.0313  0.0303  0.0318  0.0297  0.0304
  0.0297  0.0300  0.0293  0.0310  0.0309  0.0305  0.0298  0.0297  0.0297  0.0301  0.0295  0.0298
  0.0294  0.0294  0.0293  0.0292  0.0291  0.0292  0.0295  0.0295  0.0295  0.0295  0.0295  0.0295
  0.0298  0.0295  0.0303  0.0281  0.0283  0.0282  0.0298  0.0299  0.0297  0.0299  0.0297  0.0299
  0.0308  0.0305  0.0320  0.0303  0.0318  0.0312  0.0307  0.0315  0.0303  0.0309  0.0299  0.0306
  0.0326  0.0325  0.0342  0.0377  0.0397  0.0385  0.0320  0.0347  0.0313  0.0338  0.0304  0.0315
niter,ni,del,rscale     5    3    5.0000    1.2000
parameters
    0.4258   -6.3882   15.6250   -6.3270  -17.6829  -15.3488
   -1.6680    2.7674    2.8691   14.4343   -1.2348  -12.6242
eta,q 0.97030 14.55226
  0.0326  0.0337  0.0335  0.0359  0.0365  0.0341  0.0320  0.0353  0.0314  0.0344  0.0306  0.0316
  0.0309  0.0314  0.0308  0.0333  0.0336  0.0323  0.0308  0.0315  0.0304  0.0317  0.0299  0.0306
  0.0299  0.0301  0.0297  0.0312  0.0312  0.0308  0.0299  0.0299  0.0299  0.0302  0.0297  0.0299
  0.0295  0.0295  0.0295  0.0295  0.0294  0.0295  0.0297  0.0297  0.0297  0.0297  0.0297  0.0297
  0.0298  0.0297  0.0303  0.0284  0.0286  0.0284  0.0300  0.0301  0.0299  0.0300  0.0299  0.0301
  0.0308  0.0308  0.0319  0.0308  0.0319  0.0309  0.0308  0.0317  0.0304  0.0310  0.0301  0.0307
  0.0325  0.0328  0.0340  0.0381  0.0396  0.0379  0.0321  0.0349  0.0314  0.0339  0.0305  0.0315
niter,ni,del,rscale     4    3    5.0000    1.2000
parameters
    0.4367   -6.2360   15.4561   -6.2615  -17.8790  -15.6728
   -1.7266    2.7806    2.8471   14.7851   -1.2993  -12.5380
eta,q 0.97013 14.53213
  0.0328  0.0336  0.0337  0.0360  0.0365  0.0343  0.0321  0.0354  0.0315  0.0344  0.0308  0.0318
  0.0310  0.0315  0.0311  0.0334  0.0337  0.0324  0.0309  0.0316  0.0306  0.0318  0.0301  0.0308
  0.0300  0.0302  0.0299  0.0313  0.0314  0.0309  0.0301  0.0300  0.0300  0.0303  0.0298  0.0301
  0.0297  0.0297  0.0297  0.0297  0.0296  0.0297  0.0299  0.0299  0.0299  0.0299  0.0299  0.0299
  0.0300  0.0299  0.0304  0.0286  0.0288  0.0286  0.0301  0.0303  0.0300  0.0302  0.0300  0.0302
  0.0310  0.0310  0.0319  0.0310  0.0320  0.0309  0.0309  0.0319  0.0306  0.0311  0.0303  0.0308
  0.0327  0.0329  0.0340  0.0383  0.0395  0.0377  0.0322  0.0350  0.0315  0.0340  0.0307  0.0316
niter,ni,del,rscale     3    3    5.0000    1.2000
parameters
    0.4444   -6.1087   15.3131   -6.2136  -18.0616  -15.9699
   -1.7770    2.7831    2.8093   15.1094   -1.3229  -12.4209
eta,q 0.96998 14.51240
  0.0329  0.0336  0.0338  0.0362  0.0365  0.0344  0.0322  0.0354  0.0316  0.0344  0.0309  0.0319
  0.0312  0.0316  0.0313  0.0336  0.0338  0.0325  0.0310  0.0317  0.0307  0.0319  0.0302  0.0309
  0.0302  0.0304  0.0301  0.0315  0.0315  0.0311  0.0303  0.0302  0.0302  0.0304  0.0300  0.0302
  0.0299  0.0299  0.0299  0.0298  0.0298  0.0299  0.0300  0.0300  0.0300  0.0300  0.0300  0.0300
  0.0302  0.0301  0.0305  0.0288  0.0290  0.0288  0.0303  0.0305  0.0302  0.0303  0.0302  0.0303
  0.0312  0.0311  0.0320  0.0312  0.0321  0.0309  0.0311  0.0320  0.0307  0.0312  0.0304  0.0310
  0.0328  0.0331  0.0341  0.0384  0.0394  0.0377  0.0323  0.0351  0.0317  0.0341  0.0308  0.0317
niter,ni,del,rscale     2    3    5.0000    1.2000
parameters
    0.4500   -5.9826   15.1749   -6.1629  -18.2611  -16.2658
   -1.8272    2.7756    2.7647   15.4549   -1.3102  -12.2659
eta,q 0.96982 14.49175
  0.0330  0.0336  0.0339  0.0363  0.0365  0.0344  0.0323  0.0355  0.0318  0.0344  0.0311  0.0320
  0.0313  0.0317  0.0314  0.0337  0.0338  0.0326  0.0312  0.0318  0.0309  0.0321  0.0304  0.0310
  0.0303  0.0305  0.0303  0.0316  0.0316  0.0312  0.0304  0.0303  0.0303  0.0306  0.0302  0.0304
  0.0300  0.0300  0.0300  0.0300  0.0300  0.0301  0.0302  0.0302  0.0302  0.0302  0.0302  0.0302
  0.0304  0.0302  0.0306  0.0289  0.0292  0.0290  0.0304  0.0306  0.0304  0.0304  0.0303  0.0305
  0.0313  0.0312  0.0321  0.0313  0.0322  0.0310  0.0312  0.0321  0.0309  0.0313  0.0306  0.0311
  0.0329  0.0332  0.0342  0.0385  0.0394  0.0377  0.0324  0.0352  0.0318  0.0342  0.0309  0.0318
niter,ni,del,rscale     1    3    5.0000    1.2000
parameters
    0.4568   -5.8443   15.0306   -6.1172  -18.4977  -16.5814
   -1.8811    2.7566    2.6773   15.8504   -1.2125  -12.0671
eta,q 0.96965 14.46757
  0.0331  0.0337  0.0340  0.0364  0.0365  0.0345  0.0325  0.0355  0.0320  0.0345  0.0313  0.0321
  0.0314  0.0319  0.0316  0.0338  0.0338  0.0327  0.0313  0.0319  0.0310  0.0322  0.0306  0.0312
  0.0305  0.0307  0.0305  0.0318  0.0317  0.0313  0.0306  0.0305  0.0305  0.0308  0.0303  0.0306
  0.0302  0.0302  0.0302  0.0302  0.0301  0.0302  0.0303  0.0303  0.0303  0.0303  0.0303  0.0303
  0.0305  0.0304  0.0308  0.0291  0.0294  0.0292  0.0306  0.0308  0.0305  0.0305  0.0305  0.0306
  0.0315  0.0314  0.0322  0.0315  0.0324  0.0311  0.0313  0.0323  0.0311  0.0314  0.0307  0.0312
  0.0330  0.0333  0.0343  0.0386  0.0393  0.0378  0.0325  0.0352  0.0320  0.0342  0.0311  0.0319
registration optimization eta report
parameter search radius
    2.4000    3.1740    4.1976   10.9503   10.9503    8.2800
    7.2000    7.2000    8.2800   10.9503    7.2000    9.5220
100000*second partial in parameter space
       50.       33.       22.        6.        7.        9.
        4.       10.        2.        3.        2.        2.
  0.0331  0.0337  0.0340  0.0364  0.0365  0.0345  0.0325  0.0355  0.0320  0.0345  0.0313  0.0321
  0.0314  0.0319  0.0316  0.0338  0.0338  0.0327  0.0313  0.0319  0.0310  0.0322  0.0306  0.0312
  0.0305  0.0307  0.0305  0.0318  0.0317  0.0313  0.0306  0.0305  0.0305  0.0308  0.0303  0.0306
  0.0302  0.0302  0.0302  0.0302  0.0301  0.0302  0.0303  0.0303  0.0303  0.0303  0.0303  0.0303
  0.0305  0.0304  0.0308  0.0291  0.0294  0.0292  0.0306  0.0308  0.0305  0.0305  0.0305  0.0306
  0.0315  0.0314  0.0322  0.0315  0.0324  0.0311  0.0313  0.0323  0.0311  0.0314  0.0307  0.0312
  0.0330  0.0333  0.0343  0.0386  0.0393  0.0378  0.0325  0.0352  0.0320  0.0342  0.0311  0.0319
    0.4568   -5.8443   15.0306   -6.1172  -18.4977  -16.5814
   -1.8811    2.7566    2.6773   15.8504   -1.2125  -12.0671
eta,q 0.96965 14.46757

---------------------------------------------------------------------
imgreg_4dfp /opt/freesurfer/average/711-2C_as_mni_average_305 /opt/freesurfer/average/711-2B_as_mni_average_305_mask talsrcimg_g11 none talsrcimg_to_711-2C_as_mni_average_305_t4 2311
---------------------------------------------------------------------

freesurfer imgreg_4dfp.c
/opt/freesurfer/average/711-2C_as_mni_average_305.4dfp.img
       256       256       256         1
  1.000000  1.000000  1.000000
orientation T byte_order littleendian
Reading image: /opt/freesurfer/average/711-2C_as_mni_average_305.4dfp.img
dimensions:      256       256       256
mmppix:       1.0000   -1.0000   -1.0000
center:     128.0000 -129.0000 -129.0000
/opt/freesurfer/average/711-2B_as_mni_average_305_mask.4dfp.img
       256       256       256         1
  1.000000  1.000000  1.000000
orientation T byte_order littleendian
Reading mask: /opt/freesurfer/average/711-2B_as_mni_average_305_mask.4dfp.img (2306576 pixels)
talsrcimg_g11.4dfp.img
       256       256       256         1
  1.000000  1.000000  1.000000
orientation T byte_order littleendian
Reading image: talsrcimg_g11.4dfp.img
dimensions:      256       256       256
mmppix:       1.0000   -1.0000   -1.0000
center:     128.0000 -129.0000 -129.0000
fimgreg.f
image alignment mode   2311 decimal      907 hex
parameters
    0.4568   -5.8443   15.0306   -6.1172  -18.4977  -16.5814
   -1.8811    2.7566    2.6773   15.8504   -1.2125  -12.0671
eta,q 0.96964 14.46756
niter,ni,del,rscale     5    3    5.0000    0.8000
parameter  4 -1.237605 -> -0.500000 qaram    1.1500
parameter  5 -0.613041 -> -0.500000 qaram    1.1500
parameters
    0.4355   -5.5743   14.7675   -3.3572  -15.7377  -15.9067
   -1.7857    2.9138    2.5737   15.5695   -0.5177  -14.0683
eta,q 0.97158 14.80544
  0.0316  0.0314  0.0307  0.0325  0.0316  0.0312  0.0301  0.0334  0.0294  0.0293  0.0301  0.0286
  0.0309  0.0309  0.0305  0.0317  0.0308  0.0303  0.0292  0.0306  0.0289  0.0288  0.0292  0.0285
  0.0305  0.0306  0.0303  0.0310  0.0301  0.0295  0.0287  0.0290  0.0286  0.0286  0.0287  0.0284
  0.0304  0.0304  0.0303  0.0303  0.0294  0.0287  0.0285  0.0285  0.0285  0.0285  0.0285  0.0285
  0.0305  0.0303  0.0304  0.0298  0.0289  0.0283  0.0286  0.0289  0.0286  0.0286  0.0286  0.0287
  0.0309  0.0305  0.0307  0.0293  0.0287  0.0286  0.0291  0.0303  0.0289  0.0289  0.0288  0.0291
  0.0316  0.0309  0.0311  0.0294  0.0293  0.0307  0.0300  0.0326  0.0295  0.0296  0.0293  0.0296
niter,ni,del,rscale     6    3    5.0000    0.9000
parameters
    0.6091   -6.1469   15.0309   -4.1623  -16.2203  -15.0839
   -1.7921    2.9697    2.5736   14.9308   -0.0765  -13.7559
eta,q 0.97179 14.77417
  0.0313  0.0289  0.0297  0.0310  0.0313  0.0317  0.0299  0.0337  0.0291  0.0290  0.0298  0.0290
  0.0298  0.0285  0.0289  0.0299  0.0302  0.0306  0.0290  0.0305  0.0286  0.0285  0.0289  0.0286
  0.0289  0.0283  0.0285  0.0290  0.0292  0.0296  0.0284  0.0287  0.0283  0.0282  0.0284  0.0283
  0.0284  0.0284  0.0283  0.0283  0.0285  0.0286  0.0282  0.0282  0.0282  0.0282  0.0282  0.0282
  0.0285  0.0288  0.0283  0.0284  0.0284  0.0278  0.0284  0.0288  0.0283  0.0283  0.0283  0.0283
  0.0292  0.0297  0.0286  0.0305  0.0300  0.0281  0.0289  0.0305  0.0286  0.0287  0.0287  0.0285
  0.0304  0.0311  0.0290  0.0344  0.0336  0.0312  0.0299  0.0333  0.0291  0.0296  0.0293  0.0289
niter,ni,del,rscale     5    3    5.0000    0.8000
parameters
    0.5975   -6.2615   15.1977   -4.0997  -15.7169  -14.5260
   -1.7066    2.8549    2.4355   14.6026    0.1918  -13.9617
eta,q 0.97227 14.82786
  0.0300  0.0291  0.0292  0.0309  0.0308  0.0308  0.0292  0.0321  0.0285  0.0285  0.0291  0.0283
  0.0290  0.0286  0.0287  0.0298  0.0298  0.0298  0.0284  0.0295  0.0280  0.0281  0.0283  0.0280
  0.0284  0.0283  0.0283  0.0289  0.0289  0.0289  0.0279  0.0281  0.0278  0.0278  0.0279  0.0278
  0.0282  0.0282  0.0282  0.0282  0.0282  0.0280  0.0277  0.0277  0.0277  0.0277  0.0277  0.0277
  0.0284  0.0283  0.0283  0.0280  0.0278  0.0274  0.0278  0.0283  0.0278  0.0278  0.0278  0.0278
  0.0290  0.0287  0.0285  0.0289  0.0284  0.0278  0.0283  0.0299  0.0281  0.0282  0.0282  0.0280
  0.0301  0.0294  0.0288  0.0316  0.0307  0.0306  0.0291  0.0324  0.0286  0.0289  0.0287  0.0284
niter,ni,del,rscale     4    3    5.0000    0.7000
parameters
    0.5848   -6.4548   15.3414   -4.0013  -15.2280  -14.0315
   -1.6367    2.7904    2.3558   14.2352    0.3746  -14.0271
eta,q 0.97272 14.87442
  0.0292  0.0283  0.0286  0.0300  0.0300  0.0300  0.0285  0.0310  0.0280  0.0280  0.0285  0.0278
  0.0284  0.0279  0.0281  0.0291  0.0291  0.0292  0.0278  0.0288  0.0276  0.0276  0.0278  0.0275
  0.0279  0.0277  0.0278  0.0283  0.0283  0.0283  0.0274  0.0276  0.0274  0.0274  0.0274  0.0273
  0.0277  0.0277  0.0277  0.0277  0.0277  0.0275  0.0273  0.0273  0.0273  0.0273  0.0273  0.0273
  0.0279  0.0279  0.0278  0.0276  0.0273  0.0270  0.0274  0.0278  0.0274  0.0274  0.0274  0.0273
  0.0284  0.0282  0.0279  0.0283  0.0279  0.0275  0.0278  0.0291  0.0276  0.0277  0.0277  0.0275
  0.0293  0.0288  0.0283  0.0304  0.0297  0.0298  0.0284  0.0312  0.0280  0.0284  0.0282  0.0278
niter,ni,del,rscale     3    3    5.0000    0.6000
parameters
    0.5797   -6.6094   15.4874   -3.9274  -14.8493  -13.5501
   -1.5944    2.7520    2.3187   13.9450    0.5255  -13.9878
eta,q 0.97306 14.91271
  0.0284  0.0278  0.0280  0.0291  0.0291  0.0293  0.0279  0.0300  0.0275  0.0275  0.0279  0.0274
  0.0278  0.0275  0.0276  0.0284  0.0284  0.0285  0.0274  0.0282  0.0272  0.0272  0.0274  0.0271
  0.0274  0.0273  0.0274  0.0277  0.0278  0.0278  0.0270  0.0272  0.0270  0.0270  0.0270  0.0270
  0.0273  0.0273  0.0273  0.0273  0.0273  0.0272  0.0269  0.0269  0.0269  0.0269  0.0269  0.0269
  0.0274  0.0274  0.0273  0.0272  0.0270  0.0268  0.0270  0.0274  0.0270  0.0270  0.0270  0.0270
  0.0278  0.0277  0.0274  0.0278  0.0275  0.0272  0.0273  0.0284  0.0272  0.0273  0.0273  0.0271
  0.0285  0.0282  0.0277  0.0294  0.0290  0.0289  0.0278  0.0300  0.0276  0.0279  0.0277  0.0274
niter,ni,del,rscale     2    3    5.0000    0.5000
parameters
    0.5783   -6.7255   15.6353   -3.8960  -14.5308  -13.1144
   -1.5654    2.7128    2.2789   13.7272    0.6521  -13.9074
eta,q 0.97330 14.94432
  0.0278  0.0274  0.0275  0.0283  0.0284  0.0286  0.0274  0.0290  0.0271  0.0272  0.0274  0.0270
  0.0273  0.0271  0.0272  0.0277  0.0278  0.0280  0.0270  0.0276  0.0269  0.0269  0.0270  0.0268
  0.0270  0.0270  0.0270  0.0272  0.0273  0.0274  0.0268  0.0269  0.0267  0.0268  0.0268  0.0267
  0.0269  0.0269  0.0269  0.0269  0.0269  0.0269  0.0267  0.0267  0.0267  0.0267  0.0267  0.0267
  0.0270  0.0270  0.0270  0.0269  0.0268  0.0266  0.0268  0.0270  0.0267  0.0268  0.0268  0.0267
  0.0273  0.0273  0.0271  0.0274  0.0272  0.0269  0.0270  0.0278  0.0269  0.0270  0.0270  0.0268
  0.0278  0.0276  0.0272  0.0285  0.0282  0.0282  0.0274  0.0290  0.0272  0.0274  0.0273  0.0270
niter,ni,del,rscale     1    3    5.0000    0.4000
parameters
    0.5716   -6.8184   15.7790   -3.9017  -14.2555  -12.7156
   -1.5308    2.6658    2.2509   13.5537    0.7634  -13.8125
eta,q 0.97348 14.97041
  0.0273  0.0270  0.0271  0.0276  0.0278  0.0280  0.0270  0.0280  0.0268  0.0269  0.0270  0.0267
  0.0270  0.0268  0.0269  0.0272  0.0273  0.0275  0.0267  0.0272  0.0267  0.0267  0.0268  0.0266
  0.0268  0.0267  0.0268  0.0269  0.0270  0.0270  0.0266  0.0267  0.0266  0.0266  0.0266  0.0266
  0.0267  0.0267  0.0267  0.0267  0.0267  0.0266  0.0265  0.0265  0.0265  0.0265  0.0265  0.0265
  0.0268  0.0268  0.0267  0.0267  0.0266  0.0265  0.0266  0.0267  0.0266  0.0266  0.0266  0.0265
  0.0270  0.0269  0.0268  0.0270  0.0269  0.0267  0.0267  0.0273  0.0267  0.0267  0.0267  0.0266
  0.0273  0.0272  0.0269  0.0278  0.0276  0.0275  0.0270  0.0281  0.0268  0.0270  0.0269  0.0267
registration optimization eta report
parameter search radius
    0.8000    0.8000    0.8000    2.7600    2.7600    2.4000
    2.4000    2.4000    2.4000    2.4000    2.4000    2.4000
100000*second partial in parameter space
       92.       61.       50.       13.       13.       19.
        8.       27.        6.        7.        8.        3.
  0.0273  0.0270  0.0271  0.0276  0.0278  0.0280  0.0270  0.0280  0.0268  0.0269  0.0270  0.0267
  0.0270  0.0268  0.0269  0.0272  0.0273  0.0275  0.0267  0.0272  0.0267  0.0267  0.0268  0.0266
  0.0268  0.0267  0.0268  0.0269  0.0270  0.0270  0.0266  0.0267  0.0266  0.0266  0.0266  0.0266
  0.0267  0.0267  0.0267  0.0267  0.0267  0.0266  0.0265  0.0265  0.0265  0.0265  0.0265  0.0265
  0.0268  0.0268  0.0267  0.0267  0.0266  0.0265  0.0266  0.0267  0.0266  0.0266  0.0266  0.0265
  0.0270  0.0269  0.0268  0.0270  0.0269  0.0267  0.0267  0.0273  0.0267  0.0267  0.0267  0.0266
  0.0273  0.0272  0.0269  0.0278  0.0276  0.0275  0.0270  0.0281  0.0268  0.0270  0.0269  0.0267
    0.5716   -6.8184   15.7790   -3.9017  -14.2555  -12.7156
   -1.5308    2.6658    2.2509   13.5537    0.7634  -13.8125
eta,q 0.97348 14.97041

---------------------------------------------------------------------
imgreg_4dfp /opt/freesurfer/average/711-2C_as_mni_average_305 /opt/freesurfer/average/711-2B_as_mni_average_305_mask talsrcimg_g11 none talsrcimg_to_711-2C_as_mni_average_305_t4 2311
---------------------------------------------------------------------

freesurfer imgreg_4dfp.c
/opt/freesurfer/average/711-2C_as_mni_average_305.4dfp.img
       256       256       256         1
  1.000000  1.000000  1.000000
orientation T byte_order littleendian
Reading image: /opt/freesurfer/average/711-2C_as_mni_average_305.4dfp.img
dimensions:      256       256       256
mmppix:       1.0000   -1.0000   -1.0000
center:     128.0000 -129.0000 -129.0000
/opt/freesurfer/average/711-2B_as_mni_average_305_mask.4dfp.img
       256       256       256         1
  1.000000  1.000000  1.000000
orientation T byte_order littleendian
Reading mask: /opt/freesurfer/average/711-2B_as_mni_average_305_mask.4dfp.img (2306576 pixels)
talsrcimg_g11.4dfp.img
       256       256       256         1
  1.000000  1.000000  1.000000
orientation T byte_order littleendian
Reading image: talsrcimg_g11.4dfp.img
dimensions:      256       256       256
mmppix:       1.0000   -1.0000   -1.0000
center:     128.0000 -129.0000 -129.0000
fimgreg.f
image alignment mode   2311 decimal      907 hex
parameters
    0.5716   -6.8184   15.7790   -3.9017  -14.2555  -12.7156
   -1.5308    2.6658    2.2509   13.5537    0.7634  -13.8125
eta,q 0.97348 14.97041
niter,ni,del,rscale     5    3    5.0000    0.8000
parameters
    0.5357   -6.9035   16.0060   -4.5673  -14.8697  -13.1980
   -1.4144    2.5744    2.3418   13.4594    0.6444  -13.3750
eta,q 0.97304 14.89887
  0.0288  0.0280  0.0284  0.0286  0.0286  0.0297  0.0285  0.0313  0.0280  0.0281  0.0282  0.0279
  0.0275  0.0272  0.0274  0.0276  0.0278  0.0287  0.0277  0.0288  0.0275  0.0275  0.0275  0.0274
  0.0268  0.0267  0.0268  0.0269  0.0271  0.0277  0.0272  0.0273  0.0271  0.0272  0.0271  0.0271
  0.0265  0.0265  0.0265  0.0265  0.0266  0.0267  0.0270  0.0270  0.0270  0.0270  0.0270  0.0270
  0.0268  0.0268  0.0266  0.0268  0.0268  0.0267  0.0271  0.0275  0.0271  0.0270  0.0272  0.0270
  0.0276  0.0274  0.0269  0.0282  0.0283  0.0288  0.0276  0.0291  0.0274  0.0275  0.0276  0.0272
  0.0291  0.0284  0.0275  0.0310  0.0310  0.0328  0.0284  0.0316  0.0280  0.0284  0.0282  0.0276
niter,ni,del,rscale     4    3    5.0000    0.7000
parameters
    0.4997   -6.8749   15.7723   -4.2006  -14.6713  -13.4249
   -1.4426    2.5537    2.3395   13.5250    0.5509  -13.5441
eta,q 0.97311 14.91311
  0.0284  0.0281  0.0275  0.0290  0.0288  0.0293  0.0281  0.0306  0.0277  0.0278  0.0279  0.0274
  0.0276  0.0275  0.0271  0.0281  0.0280  0.0284  0.0274  0.0285  0.0273  0.0274  0.0273  0.0271
  0.0271  0.0271  0.0269  0.0274  0.0274  0.0275  0.0270  0.0272  0.0270  0.0271  0.0270  0.0269
  0.0270  0.0270  0.0270  0.0269  0.0268  0.0268  0.0269  0.0269  0.0269  0.0269  0.0269  0.0269
  0.0271  0.0271  0.0272  0.0268  0.0267  0.0266  0.0270  0.0273  0.0270  0.0269  0.0270  0.0269
  0.0277  0.0274  0.0275  0.0273  0.0273  0.0279  0.0274  0.0286  0.0273  0.0272  0.0274  0.0272
  0.0286  0.0280  0.0280  0.0287  0.0289  0.0310  0.0281  0.0306  0.0277  0.0279  0.0280  0.0276
niter,ni,del,rscale     3    3    5.0000    0.6000
parameters
    0.5145   -6.8600   15.7143   -3.9484  -14.4753  -13.3269
   -1.4787    2.6030    2.3163   13.5261    0.5560  -13.6227
eta,q 0.97325 14.93501
  0.0281  0.0277  0.0275  0.0285  0.0284  0.0289  0.0277  0.0299  0.0274  0.0275  0.0276  0.0272
  0.0274  0.0273  0.0271  0.0278  0.0278  0.0281  0.0272  0.0281  0.0270  0.0271  0.0271  0.0269
  0.0270  0.0270  0.0269  0.0272  0.0272  0.0274  0.0269  0.0271  0.0268  0.0269  0.0268  0.0268
  0.0269  0.0269  0.0269  0.0269  0.0268  0.0268  0.0267  0.0267  0.0267  0.0267  0.0267  0.0267
  0.0270  0.0270  0.0270  0.0268  0.0267  0.0266  0.0269  0.0271  0.0268  0.0268  0.0269  0.0268
  0.0274  0.0272  0.0272  0.0272  0.0272  0.0273  0.0272  0.0281  0.0270  0.0270  0.0272  0.0269
  0.0280  0.0277  0.0275  0.0283  0.0284  0.0293  0.0277  0.0297  0.0274  0.0276  0.0276  0.0272
niter,ni,del,rscale     2    3    5.0000    0.5000
parameters
    0.5396   -6.8730   15.7559   -3.8352  -14.2816  -13.0438
   -1.5025    2.6390    2.2842   13.4789    0.6235  -13.6329
eta,q 0.97340 14.95830
  0.0277  0.0273  0.0273  0.0279  0.0279  0.0284  0.0273  0.0290  0.0271  0.0271  0.0273  0.0269
  0.0272  0.0270  0.0270  0.0274  0.0274  0.0278  0.0269  0.0276  0.0268  0.0269  0.0269  0.0268
  0.0269  0.0268  0.0268  0.0270  0.0270  0.0272  0.0267  0.0268  0.0267  0.0267  0.0267  0.0266
  0.0268  0.0267  0.0267  0.0267  0.0267  0.0267  0.0266  0.0266  0.0266  0.0266  0.0266  0.0266
  0.0268  0.0268  0.0268  0.0267  0.0267  0.0265  0.0267  0.0269  0.0267  0.0266  0.0267  0.0266
  0.0271  0.0270  0.0269  0.0271  0.0270  0.0269  0.0269  0.0276  0.0268  0.0268  0.0269  0.0267
  0.0276  0.0274  0.0272  0.0279  0.0279  0.0282  0.0273  0.0288  0.0271  0.0272  0.0272  0.0269
niter,ni,del,rscale     1    3    5.0000    0.4000
parameters
    0.5534   -6.9052   15.8464   -3.8238  -14.1070  -12.6982
   -1.5018    2.6373    2.2621   13.3983    0.7176  -13.6411
eta,q 0.97352 14.97875
  0.0272  0.0270  0.0270  0.0273  0.0274  0.0279  0.0269  0.0281  0.0268  0.0268  0.0270  0.0267
  0.0269  0.0268  0.0268  0.0270  0.0271  0.0274  0.0267  0.0272  0.0266  0.0267  0.0267  0.0266
  0.0267  0.0266  0.0267  0.0267  0.0268  0.0269  0.0265  0.0266  0.0265  0.0265  0.0265  0.0265
  0.0266  0.0266  0.0266  0.0266  0.0266  0.0266  0.0265  0.0265  0.0265  0.0265  0.0265  0.0265
  0.0267  0.0267  0.0266  0.0266  0.0266  0.0264  0.0265  0.0267  0.0265  0.0265  0.0265  0.0265
  0.0269  0.0268  0.0267  0.0269  0.0268  0.0267  0.0267  0.0272  0.0266  0.0267  0.0267  0.0266
  0.0272  0.0270  0.0269  0.0274  0.0274  0.0275  0.0269  0.0280  0.0268  0.0269  0.0269  0.0267
registration optimization eta report
parameter search radius
    0.8000    0.8000    0.8000    2.4000    2.4000    2.4000
    2.4000    2.4000    2.4000    2.4000    2.4000    2.4000
100000*second partial in parameter space
       91.       65.       51.       14.       14.       19.
        8.       27.        6.        7.        8.        4.
  0.0272  0.0270  0.0270  0.0273  0.0274  0.0279  0.0269  0.0281  0.0268  0.0268  0.0270  0.0267
  0.0269  0.0268  0.0268  0.0270  0.0271  0.0274  0.0267  0.0272  0.0266  0.0267  0.0267  0.0266
  0.0267  0.0266  0.0267  0.0267  0.0268  0.0269  0.0265  0.0266  0.0265  0.0265  0.0265  0.0265
  0.0266  0.0266  0.0266  0.0266  0.0266  0.0266  0.0265  0.0265  0.0265  0.0265  0.0265  0.0265
  0.0267  0.0267  0.0266  0.0266  0.0266  0.0264  0.0265  0.0267  0.0265  0.0265  0.0265  0.0265
  0.0269  0.0268  0.0267  0.0269  0.0268  0.0267  0.0267  0.0272  0.0266  0.0267  0.0267  0.0266
  0.0272  0.0270  0.0269  0.0274  0.0274  0.0275  0.0269  0.0280  0.0268  0.0269  0.0269  0.0267
    0.5534   -6.9052   15.8464   -3.8238  -14.1070  -12.6982
   -1.5018    2.6373    2.2621   13.3983    0.7176  -13.6411
eta,q 0.97352 14.97875

---------------------------------------------------------------------
compute_vox2vox talsrcimg talsrcimg_to_711-2C_as_mni_average_305_t4 /opt/freesurfer/average/711-2C_as_mni_average_305
---------------------------------------------------------------------

freesurfer compute_vox2vox.c
Reading: talsrcimg.4dfp.ifh
Reading: talsrcimg_to_711-2C_as_mni_average_305_t4
Reading: /opt/freesurfer/average/711-2C_as_mni_average_305.4dfp.ifh
Writing: talsrcimg_to_711-2C_as_mni_average_305_t4_vox2vox.txt

start time Mon Mar 9 23:28:20 CET 2026
end		time Mon Mar 9 23:29:45 CET 2026

mpr2mni305 success

avi2talxfm orig_nu.mgz /opt/freesurfer/average/mni305.cor.mgz talsrcimg_to_711-2C_as_mni_average_305_t4_vox2vox.txt transforms/talairach.auto.xfm
avi2talxfm done
mv -f /out/sourcedata/freesurfer/sub-v1s3x0050781_ses-1/mri/talsrcimg_to_711-2C_as_mni_average_305_t4_vox2vox.txt /out/sourcedata/freesurfer/sub-v1s3x0050781_ses-1/mri/transforms/talsrcimg_to_711-2C_as_mni_average_305_t4_vox2vox.txt
lta_convert --src orig_nu.mgz --trg /opt/freesurfer/average/mni305.cor.mgz --inxfm transforms/talairach.auto.xfm --outlta transforms/talairach.auto.xfm.lta --subject fsaverage
7.3.2

--src: orig_nu.mgz src image (geometry).
--trg: /opt/freesurfer/average/mni305.cor.mgz trg image (geometry).
--inmni: transforms/talairach.auto.xfm input MNI/XFM transform.
--outlta: transforms/talairach.auto.xfm.lta output LTA.
--s: fsaverage subject name
 LTA read, type : 1
 1.03970  -0.03339   0.01288  -1.36108;
-0.01252   1.11860   0.17743   3.27718;
-0.02543  -0.17361   1.13622  -7.93678;
 0.00000   0.00000   0.00000   1.00000;
setting subject to fsaverage
Writing  LTA to file transforms/talairach.auto.xfm.lta...
lta_convert successful.
 
 
Started at Mon Mar 9 23:28:19 CET 2026
Ended   at Mon Mar  9 23:29:46 CET 2026
talairach_avi done
