/out/sourcedata/freesurfer/sub-v1s3x0050794_ses-1/mri
/opt/freesurfer/bin/talairach_avi
--i orig_nu.mgz --xfm transforms/talairach.auto.xfm
talairach_avi 7.3.2
Linux dna010 5.14.0-427.37.1.el9_4.x86_64 #1 SMP PREEMPT_DYNAMIC Fri Sep 13 12:41:50 EDT 2024 x86_64 x86_64 x86_64 GNU/Linux
Tue Mar 10 00:27:52 CET 2026
mri_convert orig_nu.mgz talsrcimg.img 
reading from orig_nu.mgz...
TR=0.00, TE=0.00, TI=0.00, flip angle=0.00
i_ras = (-1, 0, 0)
j_ras = (0, 0, -1)
k_ras = (0, 1, 0)
writing to talsrcimg.img...
Analyze Output Matrix
-1.00000   0.00000   0.00000   126.81610;
 0.00000   0.00000   1.00000  -166.89279;
 0.00000  -1.00000   0.00000   159.86034;
 0.00000   0.00000   0.00000   1.00000;
--------------------
INFO: set hdr.hist.orient to -1
mpr2mni305 talsrcimg
Tue Mar 10 00:27:52 CET 2026
/opt/freesurfer/bin/mpr2mni305 talsrcimg
mpr2mni305 7.3.2
target=711-2C_as_mni_average_305

---------------------------------------------------------------------
analyzeto4dfp talsrcimg -O0 -y
---------------------------------------------------------------------

freesurfer ifh2hdr.c
Tue Mar 10 00:27:53 2026
Writing: talsrcimg.4dfp.hdr
freesurfer analyzeto4dfp.c
Reading: talsrcimg.hdr
header size 348 bytes
hdr.dime.datatype	offset=70	value=2
hdr.dime.bitpix		offset=72	value=8
hdr.hist.orient		offset=252	value=-1
dimensionality     4
dimensions       256       256       256         1
Reading: talsrcimg.img
Writing: talsrcimg.4dfp.img
Writing: talsrcimg.4dfp.ifh
ifh2hdr talsrcimg -r0to255
ori=2

---------------------------------------------------------------------
gauss_4dfp talsrcimg 1.1
---------------------------------------------------------------------

freesurfer gauss_4dfp.c
Reading: talsrcimg.4dfp.img
Writing: talsrcimg_g11.4dfp.img
image dimensions 256 256 256 padded to 288 288 288
processing volume 1freesurfer ifh2hdr.c
Tue Mar 10 00:27:54 2026
Writing: talsrcimg_g11.4dfp.hdr

Writing: talsrcimg_g11.4dfp.ifh
including: talsrcimg.4dfp.img.rec in talsrcimg_g11.4dfp.img.rec

---------------------------------------------------------------------
imgreg_4dfp /opt/freesurfer/average/711-2C_as_mni_average_305 none talsrcimg_g11 none talsrcimg_to_711-2C_as_mni_average_305_t4 4355
---------------------------------------------------------------------

freesurfer imgreg_4dfp.c
/opt/freesurfer/average/711-2C_as_mni_average_305.4dfp.img
       256       256       256         1
  1.000000  1.000000  1.000000
orientation T byte_order littleendian
Reading image: /opt/freesurfer/average/711-2C_as_mni_average_305.4dfp.img
dimensions:      256       256       256
mmppix:       1.0000   -1.0000   -1.0000
center:     128.0000 -129.0000 -129.0000
talsrcimg_g11.4dfp.img
       256       256       256         1
  1.000000  1.000000  1.000000
orientation T byte_order littleendian
Reading image: talsrcimg_g11.4dfp.img
dimensions:      256       256       256
mmppix:       1.0000   -1.0000   -1.0000
center:     128.0000 -129.0000 -129.0000
t4_read: open error in t4_sub.f l:  41 t4_file(1:l)talsrcimg_to_711-2C_as_mni_average_305_t4 
t4_read: transform initialized to I4
rotation matrix determinant  1.000000
image alignment mode   4355 decimal     1103 hex
   -7.5000  -45.0000  -45.0000 7740.5415   22.2335
    0.0000  -45.0000  -45.0000 8092.2583   22.2417
    7.5000  -45.0000  -45.0000 7729.5151   22.2315
   -7.5000  -37.5000  -45.0000 8187.9917   22.1964
    0.0000  -37.5000  -45.0000 8591.3896   22.2059
    7.5000  -37.5000  -45.0000 8201.5293   22.1934
   -7.5000  -30.0000  -45.0000 8902.6904   22.1759
    0.0000  -30.0000  -45.0000 9348.5605   22.1759
    7.5000  -30.0000  -45.0000 8920.0117   22.1537
   -7.5000  -22.5000  -45.0000 9586.7305   22.1931
    0.0000  -22.5000  -45.000010061.0117   22.1800
    7.5000  -22.5000  -45.0000 9562.0869   22.1500
   -7.5000  -15.0000  -45.000010135.2324   22.2336
    0.0000  -15.0000  -45.000010643.9805   22.2154
    7.5000  -15.0000  -45.000010123.7227   22.1871
   -7.5000   -7.5000  -45.000010684.3877   22.2535
    0.0000   -7.5000  -45.000011217.9844   22.2471
    7.5000   -7.5000  -45.000010670.6387   22.2288
   -7.5000    0.0000  -45.000011171.3936   22.2334
    0.0000    0.0000  -45.000011669.0527   22.2416
    7.5000    0.0000  -45.000011111.2705   22.2314
   -7.5000    7.5000  -45.000010747.6631   22.1964
    0.0000    7.5000  -45.000011222.1904   22.2059
    7.5000    7.5000  -45.000010682.6416   22.1934
   -7.5000   15.0000  -45.000010246.5508   22.1759
    0.0000   15.0000  -45.000010680.8760   22.1759
    7.5000   15.0000  -45.000010171.9531   22.1537
   -7.5000   22.5000  -45.0000 9630.9297   22.1901
    0.0000   22.5000  -45.000010052.7275   22.1770
    7.5000   22.5000  -45.0000 9579.4707   22.1469
   -7.5000   30.0000  -45.0000 8834.3369   21.9373
    0.0000   30.0000  -45.0000 9203.9307   21.9193
    7.5000   30.0000  -45.0000 8747.0576   21.8914
   -7.5000   37.5000  -45.0000 8314.7959   21.9569
    0.0000   37.5000  -45.0000 8650.8916   21.9506
    7.5000   37.5000  -45.0000 8223.3262   21.9326
   -7.5000   45.0000  -45.0000 7508.1929   21.3847
    0.0000   45.0000  -45.0000 7776.6724   21.3926
    7.5000   45.0000  -45.0000 7388.0366   21.3828
   -7.5000  -45.0000  -37.5000 8289.4287   22.1684
    0.0000  -45.0000  -37.5000 8699.0049   22.1580
    7.5000  -45.0000  -37.5000 8271.1631   22.1549
   -7.5000  -37.5000  -37.5000 8791.4590   22.1237
    0.0000  -37.5000  -37.5000 9219.3682   22.1192
    7.5000  -37.5000  -37.5000 8771.4775   22.1144
   -7.5000  -30.0000  -37.5000 9585.5010   22.0964
    0.0000  -30.0000  -37.500010071.0830   22.0940
    7.5000  -30.0000  -37.5000 9556.8740   22.0850
   -7.5000  -22.5000  -37.500010262.2510   22.1141
    0.0000  -22.5000  -37.500010783.0566   22.1062
    7.5000  -22.5000  -37.500010234.7900   22.0954
   -7.5000  -15.0000  -37.500010800.0234   22.1645
    0.0000  -15.0000  -37.500011392.4717   22.1492
    7.5000  -15.0000  -37.500010797.3291   22.1406
   -7.5000   -7.5000  -37.500011395.1963   22.1914
    0.0000   -7.5000  -37.500011998.2012   22.1758
    7.5000   -7.5000  -37.500011358.6865   22.1705
   -7.5000    0.0000  -37.500011884.4082   22.1683
    0.0000    0.0000  -37.500012449.3984   22.1579
    7.5000    0.0000  -37.500011796.7227   22.1548
   -7.5000    7.5000  -37.500011410.5596   22.1236
    0.0000    7.5000  -37.500011940.5537   22.1191
    7.5000    7.5000  -37.500011306.8174   22.1143
   -7.5000   15.0000  -37.500010880.6943   22.0964
    0.0000   15.0000  -37.500011363.5645   22.0940
    7.5000   15.0000  -37.500010773.4990   22.0850
   -7.5000   22.5000  -37.500010194.1309   22.1111
    0.0000   22.5000  -37.500010669.8828   22.1032
    7.5000   22.5000  -37.500010112.1045   22.0924
   -7.5000   30.0000  -37.5000 9341.9326   21.8692
    0.0000   30.0000  -37.5000 9752.7412   21.8540
    7.5000   30.0000  -37.5000 9222.6279   21.8455
   -7.5000   37.5000  -37.5000 8748.0322   21.8957
    0.0000   37.5000  -37.5000 9126.9062   21.8803
    7.5000   37.5000  -37.5000 8647.7314   21.8751
   -7.5000   45.0000  -37.5000 7911.5679   21.3212
    0.0000   45.0000  -37.5000 8218.2451   21.3112
    7.5000   45.0000  -37.5000 7795.6118   21.3082
   -7.5000  -45.0000  -30.0000 8976.2822   23.1153
    0.0000  -45.0000  -30.0000 9380.4434   23.0999
    7.5000  -45.0000  -30.0000 8951.8721   23.1075
   -7.5000  -37.5000  -30.0000 9500.2002   23.0695
    0.0000  -37.5000  -30.0000 9952.8135   23.0586
    7.5000  -37.5000  -30.0000 9466.9580   23.0634
   -7.5000  -30.0000  -30.000010338.7285   23.0361
    0.0000  -30.0000  -30.000010840.7432   23.0301
    7.5000  -30.0000  -30.000010308.6631   23.0357
   -7.5000  -22.5000  -30.000011063.7676   23.0497
    0.0000  -22.5000  -30.000011633.2432   23.0417
    7.5000  -22.5000  -30.000011077.7822   23.0530
   -7.5000  -15.0000  -30.000011711.7949   23.1029
    0.0000  -15.0000  -30.000012342.3203   23.0890
    7.5000  -15.0000  -30.000011678.2529   23.1044
   -7.5000   -7.5000  -30.000012336.2285   23.1352
    0.0000   -7.5000  -30.000012991.6318   23.1185
    7.5000   -7.5000  -30.000012237.2324   23.1312
   -7.5000    0.0000  -30.000012812.2305   23.1152
    0.0000    0.0000  -30.000013485.6953   23.0997
    7.5000    0.0000  -30.000012718.7998   23.1074
   -7.5000    7.5000  -30.000012315.7461   23.0694
    0.0000    7.5000  -30.000012918.4512   23.0585
    7.5000    7.5000  -30.000012202.4053   23.0633
   -7.5000   15.0000  -30.000011701.0977   23.0361
    0.0000   15.0000  -30.000012223.1426   23.0301
    7.5000   15.0000  -30.000011556.7207   23.0356
   -7.5000   22.5000  -30.000010942.9893   23.0441
    0.0000   22.5000  -30.000011465.5391   23.0362
    7.5000   22.5000  -30.000010838.7754   23.0475
   -7.5000   30.0000  -30.0000 9991.1992   22.7972
    0.0000   30.0000  -30.000010447.5547   22.7835
    7.5000   30.0000  -30.0000 9879.6797   22.7987
   -7.5000   37.5000  -30.0000 9352.1904   22.8291
    0.0000   37.5000  -30.0000 9766.8320   22.8126
    7.5000   37.5000  -30.0000 9254.4082   22.8251
   -7.5000   45.0000  -30.0000 8443.2949   22.2470
    0.0000   45.0000  -30.0000 8777.3379   22.2322
    7.5000   45.0000  -30.0000 8327.6035   22.2396
   -7.5000  -45.0000  -22.5000 9682.6045   23.9538
    0.0000  -45.0000  -22.500010129.9209   23.9535
    7.5000  -45.0000  -22.5000 9651.1895   23.9646
   -7.5000  -37.5000  -22.500010204.3848   23.9134
    0.0000  -37.5000  -22.500010677.9404   23.9117
    7.5000  -37.5000  -22.500010162.8379   23.9187
   -7.5000  -30.0000  -22.500011066.8350   23.8800
    0.0000  -30.0000  -22.500011591.5977   23.8726
    7.5000  -30.0000  -22.500011019.7607   23.8787
   -7.5000  -22.5000  -22.500011862.0020   23.8887
    0.0000  -22.5000  -22.500012438.6904   23.8741
    7.5000  -22.5000  -22.500011810.7646   23.8855
   -7.5000  -15.0000  -22.500012584.7939   23.9355
    0.0000  -15.0000  -22.500013176.9072   23.9182
    7.5000  -15.0000  -22.500012481.8828   23.9353
   -7.5000   -7.5000  -22.500013242.5635   23.9671
    0.0000   -7.5000  -22.500013894.8682   23.9584
    7.5000   -7.5000  -22.500013119.1611   23.9742
   -7.5000    0.0000  -22.500013756.7656   23.9537
    0.0000    0.0000  -22.500014463.1318   23.9534
    7.5000    0.0000  -22.500013619.2998   23.9645
   -7.5000    7.5000  -22.500013173.9268   23.9133
    0.0000    7.5000  -22.500013842.4648   23.9117
    7.5000    7.5000  -22.500013033.6631   23.9187
   -7.5000   15.0000  -22.500012461.4248   23.8800
    0.0000   15.0000  -22.500013057.0732   23.8726
    7.5000   15.0000  -22.500012308.4678   23.8787
   -7.5000   22.5000  -22.500011667.8857   23.8814
    0.0000   22.5000  -22.500012251.7197   23.8667
    7.5000   22.5000  -22.500011548.5586   23.8781
   -7.5000   30.0000  -22.500010659.3936   23.6224
    0.0000   30.0000  -22.500011178.1807   23.6053
    7.5000   30.0000  -22.500010552.0098   23.6222
   -7.5000   37.5000  -22.5000 9950.2441   23.6537
    0.0000   37.5000  -22.500010399.6436   23.6450
    7.5000   37.5000  -22.5000 9818.1572   23.6607
   -7.5000   45.0000  -22.5000 8963.8818   23.0712
    0.0000   45.0000  -22.5000 9335.8174   23.0709
    7.5000   45.0000  -22.5000 8828.6865   23.0816
   -7.5000  -45.0000  -15.000010408.4326   24.5507
    0.0000  -45.0000  -15.000010871.5205   24.5711
    7.5000  -45.0000  -15.000010378.1650   24.5779
   -7.5000  -37.5000  -15.000010918.6836   24.5163
    0.0000  -37.5000  -15.000011396.5938   24.5298
    7.5000  -37.5000  -15.000010859.0654   24.5318
   -7.5000  -30.0000  -15.000011787.8154   24.4862
    0.0000  -30.0000  -15.000012327.2676   24.4808
    7.5000  -30.0000  -15.000011730.6191   24.4747
   -7.5000  -22.5000  -15.000012608.1504   24.4925
    0.0000  -22.5000  -15.000013170.3291   24.4718
    7.5000  -22.5000  -15.000012539.1201   24.4634
   -7.5000  -15.0000  -15.000013328.3994   24.5318
    0.0000  -15.0000  -15.000013918.2490   24.5111
    7.5000  -15.0000  -15.000013224.1191   24.5080
   -7.5000   -7.5000  -15.000014043.6816   24.5598
    0.0000   -7.5000  -15.000014719.2656   24.5612
    7.5000   -7.5000  -15.000013924.7002   24.5653
   -7.5000    0.0000  -15.000014612.0967   24.5506
    0.0000    0.0000  -15.000015368.2998   24.5710
    7.5000    0.0000  -15.000014475.9434   24.5778
   -7.5000    7.5000  -15.000014004.9023   24.5163
    0.0000    7.5000  -15.000014717.9102   24.5297
    7.5000    7.5000  -15.000013847.4902   24.5318
   -7.5000   15.0000  -15.000013206.0439   24.4862
    0.0000   15.0000  -15.000013852.2822   24.4808
    7.5000   15.0000  -15.000013018.2334   24.4747
   -7.5000   22.5000  -15.000012339.3887   24.4838
    0.0000   22.5000  -15.000012973.3496   24.4632
    7.5000   22.5000  -15.000012182.5869   24.4548
   -7.5000   30.0000  -15.000011291.8770   24.2143
    0.0000   30.0000  -15.000011864.8750   24.1939
    7.5000   30.0000  -15.000011151.1035   24.1909
   -7.5000   37.5000  -15.000010557.9668   24.2420
    0.0000   37.5000  -15.000011054.2549   24.2434
    7.5000   37.5000  -15.000010412.0391   24.2475
   -7.5000   45.0000  -15.0000 9468.4072   23.6612
    0.0000   45.0000  -15.0000 9882.4385   23.6807
    7.5000   45.0000  -15.0000 9343.3252   23.6873
   -7.5000  -45.0000   -7.500011119.2236   24.8129
    0.0000  -45.0000   -7.500011622.2920   24.8368
    7.5000  -45.0000   -7.500011076.1709   24.8321
   -7.5000  -37.5000   -7.500011685.0479   24.7784
    0.0000  -37.5000   -7.500012178.0078   24.7968
    7.5000  -37.5000   -7.500011608.3662   24.7878
   -7.5000  -30.0000   -7.500012563.2803   24.7534
    0.0000  -30.0000   -7.500013111.3916   24.7511
    7.5000  -30.0000   -7.500012502.9648   24.7294
   -7.5000  -22.5000   -7.500013362.8057   24.7647
    0.0000  -22.5000   -7.500013928.4766   24.7438
    7.5000  -22.5000   -7.500013321.8691   24.7135
   -7.5000  -15.0000   -7.500014067.8174   24.8028
    0.0000  -15.0000   -7.500014684.4160   24.7807
    7.5000  -15.0000   -7.500014013.7930   24.7541
   -7.5000   -7.5000   -7.500014823.4229   24.8260
    0.0000   -7.5000   -7.500015521.5596   24.8278
    7.5000   -7.5000   -7.500014719.2002   24.8142
   -7.5000    0.0000   -7.500015492.0459   24.8128
    0.0000    0.0000   -7.500016252.5723   24.8367
    7.5000    0.0000   -7.500015364.0039   24.8320
   -7.5000    7.5000   -7.500014843.2549   24.7783
    0.0000    7.5000   -7.500015588.9316   24.7968
    7.5000    7.5000   -7.500014691.7129   24.7878
   -7.5000   15.0000   -7.500013946.9902   24.7534
    0.0000   15.0000   -7.500014647.6855   24.7511
    7.5000   15.0000   -7.500013806.3633   24.7294
   -7.5000   22.5000   -7.500012986.6670   24.7533
    0.0000   22.5000   -7.500013656.8369   24.7324
    7.5000   22.5000   -7.500012843.8662   24.7020
   -7.5000   30.0000   -7.500011927.4316   24.4812
    0.0000   30.0000   -7.500012506.4756   24.4593
    7.5000   30.0000   -7.500011771.8281   24.4330
   -7.5000   37.5000   -7.500011189.4346   24.5041
    0.0000   37.5000   -7.500011701.7432   24.5059
    7.5000   37.5000   -7.500011022.0908   24.4925
   -7.5000   45.0000   -7.500010035.4160   23.9196
    0.0000   45.0000   -7.500010472.2686   23.9426
    7.5000   45.0000   -7.5000 9888.8867   23.9380
   -7.5000  -45.0000    0.000011770.6855   24.8256
    0.0000  -45.0000    0.000012285.8359   24.8338
    7.5000  -45.0000    0.000011739.2891   24.8220
   -7.5000  -37.5000    0.000012380.4805   24.7832
    0.0000  -37.5000    0.000012900.7314   24.7930
    7.5000  -37.5000    0.000012318.5186   24.7786
   -7.5000  -30.0000    0.000013293.8281   24.7592
    0.0000  -30.0000    0.000013825.8018   24.7585
    7.5000  -30.0000    0.000013241.5859   24.7332
   -7.5000  -22.5000    0.000014096.3691   24.7785
    0.0000  -22.5000    0.000014610.4248   24.7629
    7.5000  -22.5000    0.000014072.9521   24.7289
   -7.5000  -15.0000    0.000014792.2949   24.8247
    0.0000  -15.0000    0.000015352.1055   24.8033
    7.5000  -15.0000    0.000014769.6855   24.7713
   -7.5000   -7.5000    0.000015569.8887   24.8479
    0.0000   -7.5000    0.000016246.4316   24.8396
    7.5000   -7.5000    0.000015509.8164   24.8188
   -7.5000    0.0000    0.000016293.4453   24.8255
    0.0000    0.0000    0.000017015.1797   24.8337
    7.5000    0.0000    0.000016192.0361   24.8218
   -7.5000    7.5000    0.000015596.1924   24.7832
    0.0000    7.5000    0.000016283.9395   24.7929
    7.5000    7.5000    0.000015490.9326   24.7786
   -7.5000   15.0000    0.000014621.8760   24.7592
    0.0000   15.0000    0.000015299.2432   24.7585
    7.5000   15.0000    0.000014513.5557   24.7332
   -7.5000   22.5000    0.000013537.4395   24.7671
    0.0000   22.5000    0.000014200.9766   24.7515
    7.5000   22.5000    0.000013421.5879   24.7175
   -7.5000   30.0000    0.000012478.3447   24.5034
    0.0000   30.0000    0.000013037.7422   24.4823
    7.5000   30.0000    0.000012317.8984   24.4507
   -7.5000   37.5000    0.000011742.0996   24.5263
    0.0000   37.5000    0.000012260.8623   24.5182
    7.5000   37.5000    0.000011579.7598   24.4977
   -7.5000   45.0000    0.000010541.6758   23.9341
    0.0000   45.0000    0.000010977.9443   23.9420
    7.5000   45.0000    0.000010389.5137   23.9306
   -7.5000  -45.0000    7.500011511.1113   24.8064
    0.0000  -45.0000    7.500011987.6719   24.7948
    7.5000  -45.0000    7.500011476.1787   24.7913
   -7.5000  -37.5000    7.500012094.0547   24.7563
    0.0000  -37.5000    7.500012553.6562   24.7512
    7.5000  -37.5000    7.500012036.0029   24.7458
   -7.5000  -30.0000    7.500013005.1162   24.7257
    0.0000  -30.0000    7.500013501.8057   24.7230
    7.5000  -30.0000    7.500012951.2627   24.7129
   -7.5000  -22.5000    7.500013826.2441   24.7456
    0.0000  -22.5000    7.500014310.8936   24.7368
    7.5000  -22.5000    7.500013786.6816   24.7246
   -7.5000  -15.0000    7.500014500.6943   24.8021
    0.0000  -15.0000    7.500015013.7646   24.7850
    7.5000  -15.0000    7.500014486.1289   24.7753
   -7.5000   -7.5000    7.500015186.6133   24.8322
    0.0000   -7.5000    7.500015723.1787   24.8147
    7.5000   -7.5000    7.500015195.7100   24.8088
   -7.5000    0.0000    7.500015784.1221   24.8063
    0.0000    0.0000    7.500016311.3594   24.7946
    7.5000    0.0000    7.500015770.2402   24.7911
   -7.5000    7.5000    7.500015101.3525   24.7562
    0.0000    7.5000    7.500015612.5781   24.7512
    7.5000    7.5000    7.500015076.0068   24.7458
   -7.5000   15.0000    7.500014159.6631   24.7257
    0.0000   15.0000    7.500014696.8447   24.7230
    7.5000   15.0000    7.500014146.4512   24.7129
   -7.5000   22.5000    7.500013120.8701   24.7342
    0.0000   22.5000    7.500013649.4580   24.7254
    7.5000   22.5000    7.500013041.0117   24.7132
   -7.5000   30.0000    7.500012088.6045   24.4811
    0.0000   30.0000    7.500012551.9336   24.4642
    7.5000   30.0000    7.500011951.4873   24.4546
   -7.5000   37.5000    7.500011368.3584   24.5108
    0.0000   37.5000    7.500011806.2695   24.4936
    7.5000   37.5000    7.500011240.2881   24.4878
   -7.5000   45.0000    7.500010213.1621   23.9146
    0.0000   45.0000    7.500010604.9453   23.9033
    7.5000   45.0000    7.500010076.6670   23.9000
   -7.5000  -45.0000   15.000011072.2725   24.8221
    0.0000  -45.0000   15.000011536.2939   24.8055
    7.5000  -45.0000   15.000011034.3779   24.8137
   -7.5000  -37.5000   15.000011627.1465   24.7728
    0.0000  -37.5000   15.000012063.0244   24.7611
    7.5000  -37.5000   15.000011595.5371   24.7663
   -7.5000  -30.0000   15.000012548.9629   24.7370
    0.0000  -30.0000   15.000013019.8721   24.7305
    7.5000  -30.0000   15.000012517.2617   24.7365
   -7.5000  -22.5000   15.000013431.0654   24.7516
    0.0000  -22.5000   15.000013916.5596   24.7430
    7.5000  -22.5000   15.000013357.5020   24.7551
   -7.5000  -15.0000   15.000014058.4980   24.8088
    0.0000  -15.0000   15.000014498.5508   24.7938
    7.5000  -15.0000   15.000014019.4580   24.8104
   -7.5000   -7.5000   15.000014649.9766   24.8434
    0.0000   -7.5000   15.000015050.5986   24.8254
    7.5000   -7.5000   15.000014665.2549   24.8391
   -7.5000    0.0000   15.000015224.4072   24.8220
    0.0000    0.0000   15.000015628.0967   24.8053
    7.5000    0.0000   15.000015214.2412   24.8135
   -7.5000    7.5000   15.000014566.2402   24.7728
    0.0000    7.5000   15.000015013.4238   24.7610
    7.5000    7.5000   15.000014561.3740   24.7662
   -7.5000   15.0000   15.000013664.0537   24.7370
    0.0000   15.0000   15.000014153.3164   24.7305
    7.5000   15.0000   15.000013645.9189   24.7365
   -7.5000   22.5000   15.000012642.4482   24.7402
    0.0000   22.5000   15.000013104.4336   24.7316
    7.5000   22.5000   15.000012575.6650   24.7437
   -7.5000   30.0000   15.000011586.4287   24.4877
    0.0000   30.0000   15.000011973.3496   24.4729
    7.5000   30.0000   15.000011460.0312   24.4893
   -7.5000   37.5000   15.000010885.3105   24.5219
    0.0000   37.5000   15.000011243.1650   24.5042
    7.5000   37.5000   15.000010745.3086   24.5177
   -7.5000   45.0000   15.0000 9739.9668   23.9284
    0.0000   45.0000   15.000010068.7598   23.9124
    7.5000   45.0000   15.0000 9596.7666   23.9204
   -7.5000  -45.0000   22.500010542.3242   24.8660
    0.0000  -45.0000   22.500010996.2109   24.8657
    7.5000  -45.0000   22.500010520.1328   24.8772
   -7.5000  -37.5000   22.500011074.3281   24.8240
    0.0000  -37.5000   22.500011529.9834   24.8223
    7.5000  -37.5000   22.500011064.2188   24.8295
   -7.5000  -30.0000   22.500011935.7451   24.7893
    0.0000  -30.0000   22.500012417.6230   24.7816
    7.5000  -30.0000   22.500011924.5127   24.7880
   -7.5000  -22.5000   22.500012748.4189   24.7984
    0.0000  -22.5000   22.500013292.3438   24.7832
    7.5000  -22.5000   22.500012719.1318   24.7951
   -7.5000  -15.0000   22.500013380.7773   24.8470
    0.0000  -15.0000   22.500013919.5225   24.8290
    7.5000  -15.0000   22.500013378.2725   24.8467
   -7.5000   -7.5000   22.500014072.0361   24.8798
    0.0000   -7.5000   22.500014595.2461   24.8707
    7.5000   -7.5000   22.500014039.6631   24.8871
   -7.5000    0.0000   22.500014642.7910   24.8659
    0.0000    0.0000   22.500015252.7139   24.8656
    7.5000    0.0000   22.500014596.3545   24.8771
   -7.5000    7.5000   22.500014004.2344   24.8240
    0.0000    7.5000   22.500014599.4336   24.8222
    7.5000    7.5000   22.500014000.5098   24.8295
   -7.5000   15.0000   22.500013116.6094   24.7893
    0.0000   15.0000   22.500013695.4590   24.7816
    7.5000   15.0000   22.500013121.0752   24.7880
   -7.5000   22.5000   22.500012072.3477   24.7870
    0.0000   22.5000   22.500012567.2969   24.7718
    7.5000   22.5000   22.500012032.9014   24.7836
   -7.5000   30.0000   22.500011008.4492   24.5254
    0.0000   30.0000   22.500011380.1729   24.5077
    7.5000   30.0000   22.500010909.1689   24.5251
   -7.5000   37.5000   22.500010343.9863   24.5578
    0.0000   37.5000   22.500010672.3193   24.5489
    7.5000   37.5000   22.500010236.6943   24.5651
   -7.5000   45.0000   22.5000 9265.0068   23.9705
    0.0000   45.0000   22.5000 9560.0342   23.9702
    7.5000   45.0000   22.5000 9148.6797   23.9813
   -7.5000  -45.0000   30.0000 9893.7148   24.8877
    0.0000  -45.0000   30.000010398.1875   24.9083
    7.5000  -45.0000   30.0000 9899.2686   24.9152
   -7.5000  -37.5000   30.000010410.2637   24.8528
    0.0000  -37.5000   30.000010907.0762   24.8664
    7.5000  -37.5000   30.000010417.5654   24.8685
   -7.5000  -30.0000   30.000011243.6875   24.8222
    0.0000  -30.0000   30.000011771.0713   24.8168
    7.5000  -30.0000   30.000011247.1533   24.8106
   -7.5000  -22.5000   30.000012029.6992   24.8286
    0.0000  -22.5000   30.000012566.7549   24.8077
    7.5000  -22.5000   30.000012041.9619   24.7992
   -7.5000  -15.0000   30.000012682.8809   24.8685
    0.0000  -15.0000   30.000013187.6514   24.8475
    7.5000  -15.0000   30.000012684.7285   24.8444
   -7.5000   -7.5000   30.000013360.2217   24.8969
    0.0000   -7.5000   30.000013876.3320   24.8983
    7.5000   -7.5000   30.000013306.5967   24.9025
   -7.5000    0.0000   30.000013922.9492   24.8876
    0.0000    0.0000   30.000014477.3916   24.9082
    7.5000    0.0000   30.000013856.3193   24.9151
   -7.5000    7.5000   30.000013264.8330   24.8527
    0.0000    7.5000   30.000013800.2803   24.8664
    7.5000    7.5000   30.000013262.4062   24.8684
   -7.5000   15.0000   30.000012432.8193   24.8222
    0.0000   15.0000   30.000012943.0508   24.8168
    7.5000   15.0000   30.000012441.5664   24.8106
   -7.5000   22.5000   30.000011430.2188   24.8171
    0.0000   22.5000   30.000011883.8662   24.7962
    7.5000   22.5000   30.000011403.1602   24.7877
   -7.5000   30.0000   30.000010387.2217   24.5466
    0.0000   30.0000   30.000010768.5869   24.5259
    7.5000   30.0000   30.000010333.0830   24.5228
   -7.5000   37.5000   30.0000 9733.6963   24.5747
    0.0000   37.5000   30.000010093.6250   24.5761
    7.5000   37.5000   30.0000 9671.7676   24.5803
   -7.5000   45.0000   30.0000 8686.7246   23.9922
    0.0000   45.0000   30.0000 8997.8105   24.0120
    7.5000   45.0000   30.0000 8606.8760   24.0187
   -7.5000  -45.0000   37.5000 9579.9639   24.8750
    0.0000  -45.0000   37.500010077.5723   24.8989
    7.5000  -45.0000   37.5000 9583.6221   24.8938
   -7.5000  -37.5000   37.500010099.7910   24.8403
    0.0000  -37.5000   37.500010598.4268   24.8587
    7.5000  -37.5000   37.500010110.5986   24.8495
   -7.5000  -30.0000   37.500010936.0576   24.8150
    0.0000  -30.0000   37.500011504.6943   24.8127
    7.5000  -30.0000   37.500010968.5391   24.7908
   -7.5000  -22.5000   37.500011700.2002   24.8263
    0.0000  -22.5000   37.500012288.4609   24.8054
    7.5000  -22.5000   37.500011708.7578   24.7748
   -7.5000  -15.0000   37.500012342.8164   24.8646
    0.0000  -15.0000   37.500012916.6377   24.8424
    7.5000  -15.0000   37.500012334.0820   24.8155
   -7.5000   -7.5000   37.500012970.3721   24.8880
    0.0000   -7.5000   37.500013559.0957   24.8897
    7.5000   -7.5000   37.500012928.3359   24.8759
   -7.5000    0.0000   37.500013464.2900   24.8749
    0.0000    0.0000   37.500014053.7598   24.8987
    7.5000    0.0000   37.500013424.2725   24.8937
   -7.5000    7.5000   37.500012847.7803   24.8403
    0.0000    7.5000   37.500013382.9209   24.8587
    7.5000    7.5000   37.500012831.6191   24.8494
   -7.5000   15.0000   37.500012072.0781   24.8150
    0.0000   15.0000   37.500012584.9023   24.8127
    7.5000   15.0000   37.500012069.3203   24.7908
   -7.5000   22.5000   37.500011096.1270   24.8149
    0.0000   22.5000   37.500011569.3545   24.7939
    7.5000   22.5000   37.500011079.4658   24.7634
   -7.5000   30.0000   37.500010086.0186   24.5428
    0.0000   30.0000   37.500010491.3604   24.5208
    7.5000   30.0000   37.500010039.9238   24.4944
   -7.5000   37.5000   37.5000 9420.2344   24.5660
    0.0000   37.5000   37.5000 9790.8584   24.5676
    7.5000   37.5000   37.5000 9368.3213   24.5540
   -7.5000   45.0000   37.5000 8404.0967   23.9813
    0.0000   45.0000   37.5000 8737.3477   24.0042
    7.5000   45.0000   37.5000 8334.0596   23.9993
   -7.5000  -45.0000   45.0000 8817.1035   24.8943
    0.0000  -45.0000   45.0000 9278.0098   24.9023
    7.5000  -45.0000   45.0000 8828.9990   24.8893
   -7.5000  -37.5000   45.0000 9332.4053   24.8520
    0.0000  -37.5000   45.0000 9810.7441   24.8619
    7.5000  -37.5000   45.0000 9322.2412   24.8464
   -7.5000  -30.0000   45.000010112.2666   24.8280
    0.0000  -30.0000   45.000010657.0059   24.8271
    7.5000  -30.0000   45.000010115.7969   24.8004
   -7.5000  -22.5000   45.000010786.7559   24.8471
    0.0000  -22.5000   45.000011379.2764   24.8306
    7.5000  -22.5000   45.000010797.6611   24.7950
   -7.5000  -15.0000   45.000011368.1748   24.8933
    0.0000  -15.0000   45.000011966.5205   24.8705
    7.5000  -15.0000   45.000011352.9453   24.8368
   -7.5000   -7.5000   45.000011942.4521   24.9165
    0.0000   -7.5000   45.000012543.4414   24.9073
    7.5000   -7.5000   45.000011921.3682   24.8851
   -7.5000    0.0000   45.000012371.1914   24.8942
    0.0000    0.0000   45.000012934.2646   24.9022
    7.5000    0.0000   45.000012325.3652   24.8892
   -7.5000    7.5000   45.000011825.2705   24.8519
    0.0000    7.5000   45.000012314.0547   24.8618
    7.5000    7.5000   45.000011792.5283   24.8463
   -7.5000   15.0000   45.000011126.5557   24.8280
    0.0000   15.0000   45.000011600.7178   24.8271
    7.5000   15.0000   45.000011129.0752   24.8004
   -7.5000   22.5000   45.000010241.5107   24.8355
    0.0000   22.5000   45.000010680.0283   24.8191
    7.5000   22.5000   45.000010231.8506   24.7835
   -7.5000   30.0000   45.0000 9268.4434   24.5690
    0.0000   30.0000   45.0000 9655.6357   24.5465
    7.5000   30.0000   45.0000 9242.3682   24.5132
   -7.5000   37.5000   45.0000 8674.9336   24.5919
    0.0000   37.5000   45.0000 9009.8848   24.5829
    7.5000   37.5000   45.0000 8627.1260   24.5610
   -7.5000   45.0000   45.0000 7761.5874   24.0113
    0.0000   45.0000   45.0000 8051.0024   24.0190
    7.5000   45.0000   45.0000 7696.4746   24.0064

---------------------------------------------------------------------
imgreg_4dfp /opt/freesurfer/average/711-2C_as_mni_average_305 /opt/freesurfer/average/711-2B_as_mni_average_305_mask talsrcimg_g11 none talsrcimg_to_711-2C_as_mni_average_305_t4 4355
---------------------------------------------------------------------

freesurfer imgreg_4dfp.c
/opt/freesurfer/average/711-2C_as_mni_average_305.4dfp.img
       256       256       256         1
  1.000000  1.000000  1.000000
orientation T byte_order littleendian
Reading image: /opt/freesurfer/average/711-2C_as_mni_average_305.4dfp.img
dimensions:      256       256       256
mmppix:       1.0000   -1.0000   -1.0000
center:     128.0000 -129.0000 -129.0000
/opt/freesurfer/average/711-2B_as_mni_average_305_mask.4dfp.img
       256       256       256         1
  1.000000  1.000000  1.000000
orientation T byte_order littleendian
Reading mask: /opt/freesurfer/average/711-2B_as_mni_average_305_mask.4dfp.img (2306576 pixels)
talsrcimg_g11.4dfp.img
       256       256       256         1
  1.000000  1.000000  1.000000
orientation T byte_order littleendian
Reading image: talsrcimg_g11.4dfp.img
dimensions:      256       256       256
mmppix:       1.0000   -1.0000   -1.0000
center:     128.0000 -129.0000 -129.0000
rotation matrix determinant  1.000000
image alignment mode   4355 decimal     1103 hex
   -7.5000  -45.0000  -45.0000 2023.5416   23.6814
    0.0000  -45.0000  -45.0000 2030.2472   23.5007
    7.5000  -45.0000  -45.0000 2014.1106   23.5660
   -7.5000  -37.5000  -45.0000 2097.1492   22.0406
    0.0000  -37.5000  -45.0000 2109.4963   21.9038
    7.5000  -37.5000  -45.0000 2094.3328   21.9287
   -7.5000  -30.0000  -45.0000 2145.9592   20.9534
    0.0000  -30.0000  -45.0000 2160.0400   20.8495
    7.5000  -30.0000  -45.0000 2145.0847   20.8910
   -7.5000  -22.5000  -45.0000 2179.3792   20.4240
    0.0000  -22.5000  -45.0000 2194.0850   20.2499
    7.5000  -22.5000  -45.0000 2176.5452   20.3844
   -7.5000  -15.0000  -45.0000 2181.3965   20.4185
    0.0000  -15.0000  -45.0000 2197.5996   20.2195
    7.5000  -15.0000  -45.0000 2177.9724   20.4000
   -7.5000   -7.5000  -45.0000 2173.3210   20.6557
    0.0000   -7.5000  -45.0000 2186.0168   20.5082
    7.5000   -7.5000  -45.0000 2167.0972   20.7515
   -7.5000    0.0000  -45.0000 2148.3821   21.3515
    0.0000    0.0000  -45.0000 2163.8044   21.1164
    7.5000    0.0000  -45.0000 2139.9709   21.4513
   -7.5000    7.5000  -45.0000 2099.3525   22.3449
    0.0000    7.5000  -45.0000 2115.0386   22.1786
    7.5000    7.5000  -45.0000 2089.7180   22.4824
   -7.5000   15.0000  -45.0000 2035.6311   23.7525
    0.0000   15.0000  -45.0000 2052.9402   23.6282
    7.5000   15.0000  -45.0000 2021.5291   23.8506
   -7.5000   22.5000  -45.0000 1957.1016   25.6111
    0.0000   22.5000  -45.0000 1972.1453   25.4203
    7.5000   22.5000  -45.0000 1947.6477   25.7293
   -7.5000   30.0000  -45.0000 1857.6045   28.0251
    0.0000   30.0000  -45.0000 1871.5658   27.8500
    7.5000   30.0000  -45.0000 1844.9558   28.3529
   -7.5000   37.5000  -45.0000 1751.8881   31.5563
    0.0000   37.5000  -45.0000 1765.8923   31.3399
    7.5000   37.5000  -45.0000 1742.9932   31.9117
   -7.5000   45.0000  -45.0000 1635.6481   36.5606
    0.0000   45.0000  -45.0000 1644.6409   36.2962
    7.5000   45.0000  -45.0000 1620.9244   36.8471
   -7.5000  -45.0000  -37.5000 2113.1965   21.8421
    0.0000  -45.0000  -37.5000 2127.1750   21.7306
    7.5000  -45.0000  -37.5000 2106.1719   21.7603
   -7.5000  -37.5000  -37.5000 2201.0481   20.2879
    0.0000  -37.5000  -37.5000 2211.5352   20.1524
    7.5000  -37.5000  -37.5000 2198.2961   20.1841
   -7.5000  -30.0000  -37.5000 2257.4795   19.2910
    0.0000  -30.0000  -37.5000 2274.0713   19.2154
    7.5000  -30.0000  -37.5000 2252.0286   19.2350
   -7.5000  -22.5000  -37.5000 2285.8586   18.7802
    0.0000  -22.5000  -37.5000 2299.4209   18.6686
    7.5000  -22.5000  -37.5000 2282.4832   18.7618
   -7.5000  -15.0000  -37.5000 2273.0740   18.7634
    0.0000  -15.0000  -37.5000 2300.9995   18.5892
    7.5000  -15.0000  -37.5000 2276.1948   18.7771
   -7.5000   -7.5000  -37.5000 2270.5151   18.9845
    0.0000   -7.5000  -37.5000 2289.6477   18.8311
    7.5000   -7.5000  -37.5000 2264.1191   19.0385
   -7.5000    0.0000  -37.5000 2253.1108   19.5345
    0.0000    0.0000  -37.5000 2263.4395   19.3380
    7.5000    0.0000  -37.5000 2236.9419   19.6010
   -7.5000    7.5000  -37.5000 2203.6948   20.3625
    0.0000    7.5000  -37.5000 2218.5168   20.2342
    7.5000    7.5000  -37.5000 2191.0112   20.4726
   -7.5000   15.0000  -37.5000 2132.5056   21.5875
    0.0000   15.0000  -37.5000 2152.7378   21.4374
    7.5000   15.0000  -37.5000 2126.2776   21.7034
   -7.5000   22.5000  -37.5000 2050.4202   23.3162
    0.0000   22.5000  -37.5000 2065.0952   23.1156
    7.5000   22.5000  -37.5000 2037.8704   23.3974
   -7.5000   30.0000  -37.5000 1948.7877   25.5391
    0.0000   30.0000  -37.5000 1963.4917   25.3601
    7.5000   30.0000  -37.5000 1928.5448   25.6901
   -7.5000   37.5000  -37.5000 1837.3136   28.6271
    0.0000   37.5000  -37.5000 1850.6121   28.4338
    7.5000   37.5000  -37.5000 1824.3162   28.9155
   -7.5000   45.0000  -37.5000 1717.0825   32.9709
    0.0000   45.0000  -37.5000 1726.5593   32.7935
    7.5000   45.0000  -37.5000 1697.8429   33.2929
   -7.5000  -45.0000  -30.0000 2240.5476   21.0018
    0.0000  -45.0000  -30.0000 2251.8752   20.8199
    7.5000  -45.0000  -30.0000 2235.6167   20.8722
   -7.5000  -37.5000  -30.0000 2336.1438   19.3860
    0.0000  -37.5000  -30.0000 2353.0137   19.2143
    7.5000  -37.5000  -30.0000 2331.0781   19.2566
   -7.5000  -30.0000  -30.0000 2399.1887   18.3443
    0.0000  -30.0000  -30.0000 2414.9478   18.2624
    7.5000  -30.0000  -30.0000 2395.3611   18.3126
   -7.5000  -22.5000  -30.0000 2425.9250   17.8532
    0.0000  -22.5000  -30.0000 2446.5710   17.8179
    7.5000  -22.5000  -30.0000 2432.1130   17.8872
   -7.5000  -15.0000  -30.0000 2425.0823   17.8362
    0.0000  -15.0000  -30.0000 2448.6868   17.7200
    7.5000  -15.0000  -30.0000 2425.1880   17.8885
   -7.5000   -7.5000  -30.0000 2413.5303   18.1070
    0.0000   -7.5000  -30.0000 2438.7449   17.9838
    7.5000   -7.5000  -30.0000 2408.7319   18.1559
   -7.5000    0.0000  -30.0000 2393.5771   18.6157
    0.0000    0.0000  -30.0000 2416.5562   18.4746
    7.5000    0.0000  -30.0000 2384.9355   18.6761
   -7.5000    7.5000  -30.0000 2351.9976   19.3485
    0.0000    7.5000  -30.0000 2371.7710   19.2334
    7.5000    7.5000  -30.0000 2341.3718   19.4883
   -7.5000   15.0000  -30.0000 2276.0256   20.4096
    0.0000   15.0000  -30.0000 2296.5525   20.2913
    7.5000   15.0000  -30.0000 2266.3032   20.5419
   -7.5000   22.5000  -30.0000 2183.8923   21.9981
    0.0000   22.5000  -30.0000 2202.9822   21.8503
    7.5000   22.5000  -30.0000 2169.9277   22.1425
   -7.5000   30.0000  -30.0000 2068.0576   24.1051
    0.0000   30.0000  -30.0000 2080.5125   23.9432
    7.5000   30.0000  -30.0000 2054.5828   24.3196
   -7.5000   37.5000  -30.0000 1947.3052   26.9475
    0.0000   37.5000  -30.0000 1960.4904   26.7181
    7.5000   37.5000  -30.0000 1934.2451   27.1939
   -7.5000   45.0000  -30.0000 1824.9735   30.8841
    0.0000   45.0000  -30.0000 1835.6315   30.8027
    7.5000   45.0000  -30.0000 1804.0090   31.2530
   -7.5000  -45.0000  -22.5000 2343.6018   20.0538
    0.0000  -45.0000  -22.5000 2355.8472   19.8858
    7.5000  -45.0000  -22.5000 2339.8408   19.9838
   -7.5000  -37.5000  -22.5000 2439.4744   18.4516
    0.0000  -37.5000  -22.5000 2455.1277   18.3064
    7.5000  -37.5000  -22.5000 2436.2922   18.3857
   -7.5000  -30.0000  -22.5000 2510.9587   17.3303
    0.0000  -30.0000  -22.5000 2531.2463   17.2396
    7.5000  -30.0000  -22.5000 2508.2971   17.2998
   -7.5000  -22.5000  -22.5000 2543.2556   16.8304
    0.0000  -22.5000  -22.5000 2566.2959   16.7520
    7.5000  -22.5000  -22.5000 2541.8865   16.8172
   -7.5000  -15.0000  -22.5000 2561.0754   16.7592
    0.0000  -15.0000  -22.5000 2575.8623   16.6286
    7.5000  -15.0000  -22.5000 2551.3933   16.6847
   -7.5000   -7.5000  -22.5000 2547.3225   17.0470
    0.0000   -7.5000  -22.5000 2569.0864   16.9340
    7.5000   -7.5000  -22.5000 2541.0320   17.0804
   -7.5000    0.0000  -22.5000 2521.9111   17.5884
    0.0000    0.0000  -22.5000 2549.5017   17.4721
    7.5000    0.0000  -22.5000 2516.8638   17.6788
   -7.5000    7.5000  -22.5000 2477.6006   18.2807
    0.0000    7.5000  -22.5000 2501.3945   18.2031
    7.5000    7.5000  -22.5000 2466.0042   18.4003
   -7.5000   15.0000  -22.5000 2397.8787   19.3067
    0.0000   15.0000  -22.5000 2418.9729   19.2091
    7.5000   15.0000  -22.5000 2388.9429   19.4387
   -7.5000   22.5000  -22.5000 2300.2249   20.7222
    0.0000   22.5000  -22.5000 2319.5327   20.5912
    7.5000   22.5000  -22.5000 2290.5874   20.8611
   -7.5000   30.0000  -22.5000 2177.1001   22.6372
    0.0000   30.0000  -22.5000 2192.5195   22.4868
    7.5000   30.0000  -22.5000 2164.8467   22.8198
   -7.5000   37.5000  -22.5000 2044.2236   25.2854
    0.0000   37.5000  -22.5000 2051.9287   25.0968
    7.5000   37.5000  -22.5000 2025.7313   25.5610
   -7.5000   45.0000  -22.5000 1915.6938   28.8787
    0.0000   45.0000  -22.5000 1925.0204   28.7774
    7.5000   45.0000  -22.5000 1894.3986   29.3080
   -7.5000  -45.0000  -15.0000 2408.1787   19.2027
    0.0000  -45.0000  -15.0000 2424.6233   19.0232
    7.5000  -45.0000  -15.0000 2409.1799   19.1823
   -7.5000  -37.5000  -15.0000 2502.9480   17.6118
    0.0000  -37.5000  -15.0000 2521.7354   17.4235
    7.5000  -37.5000  -15.0000 2504.5024   17.5888
   -7.5000  -30.0000  -15.0000 2585.8691   16.4405
    0.0000  -30.0000  -15.0000 2605.7681   16.2888
    7.5000  -30.0000  -15.0000 2586.8555   16.3932
   -7.5000  -22.5000  -15.0000 2635.8188   15.8435
    0.0000  -22.5000  -15.0000 2656.2751   15.7182
    7.5000  -22.5000  -15.0000 2632.1526   15.8086
   -7.5000  -15.0000  -15.0000 2660.9075   15.6737
    0.0000  -15.0000  -15.0000 2673.0171   15.5779
    7.5000  -15.0000  -15.0000 2649.6509   15.6488
   -7.5000   -7.5000  -15.0000 2654.7368   15.9594
    0.0000   -7.5000  -15.0000 2682.0544   15.8767
    7.5000   -7.5000  -15.0000 2647.0356   15.9689
   -7.5000    0.0000  -15.0000 2629.9119   16.4959
    0.0000    0.0000  -15.0000 2661.5305   16.4353
    7.5000    0.0000  -15.0000 2622.1819   16.5621
   -7.5000    7.5000  -15.0000 2585.2600   17.2142
    0.0000    7.5000  -15.0000 2613.1345   17.1773
    7.5000    7.5000  -15.0000 2572.1052   17.3559
   -7.5000   15.0000  -15.0000 2502.6943   18.2425
    0.0000   15.0000  -15.0000 2523.6445   18.1337
    7.5000   15.0000  -15.0000 2489.8013   18.3126
   -7.5000   22.5000  -15.0000 2397.3948   19.5574
    0.0000   22.5000  -15.0000 2419.0525   19.4563
    7.5000   22.5000  -15.0000 2383.7161   19.7068
   -7.5000   30.0000  -15.0000 2267.1462   21.3026
    0.0000   30.0000  -15.0000 2289.3264   21.1937
    7.5000   30.0000  -15.0000 2253.1780   21.4974
   -7.5000   37.5000  -15.0000 2127.9207   23.8176
    0.0000   37.5000  -15.0000 2136.3389   23.7468
    7.5000   37.5000  -15.0000 2108.7141   24.0709
   -7.5000   45.0000  -15.0000 1980.9141   27.1869
    0.0000   45.0000  -15.0000 1991.5065   27.1230
    7.5000   45.0000  -15.0000 1963.6997   27.5386
   -7.5000  -45.0000   -7.5000 2447.3745   18.3993
    0.0000  -45.0000   -7.5000 2468.1812   18.1304
    7.5000  -45.0000   -7.5000 2451.0242   18.3754
   -7.5000  -37.5000   -7.5000 2554.1460   16.8200
    0.0000  -37.5000   -7.5000 2573.3352   16.5837
    7.5000  -37.5000   -7.5000 2553.3789   16.8068
   -7.5000  -30.0000   -7.5000 2644.9402   15.6487
    0.0000  -30.0000   -7.5000 2666.2715   15.4599
    7.5000  -30.0000   -7.5000 2645.7495   15.6296
   -7.5000  -22.5000   -7.5000 2708.2280   14.9693
    0.0000  -22.5000   -7.5000 2732.7969   14.7931
    7.5000  -22.5000   -7.5000 2708.6653   14.9644
   -7.5000  -15.0000   -7.5000 2738.4812   14.7137
    0.0000  -15.0000   -7.5000 2760.8489   14.5986
    7.5000  -15.0000   -7.5000 2732.4058   14.7303
   -7.5000   -7.5000   -7.5000 2746.1174   14.9475
    0.0000   -7.5000   -7.5000 2778.3577   14.8528
    7.5000   -7.5000   -7.5000 2733.6194   14.9717
   -7.5000    0.0000   -7.5000 2731.6787   15.4874
    0.0000    0.0000   -7.5000 2765.5420   15.4284
    7.5000    0.0000   -7.5000 2721.8674   15.5287
   -7.5000    7.5000   -7.5000 2679.2695   16.2300
    0.0000    7.5000   -7.5000 2714.7405   16.1726
    7.5000    7.5000   -7.5000 2666.1699   16.3099
   -7.5000   15.0000   -7.5000 2588.3101   17.1773
    0.0000   15.0000   -7.5000 2618.0894   17.1123
    7.5000   15.0000   -7.5000 2576.8826   17.2852
   -7.5000   22.5000   -7.5000 2478.4670   18.4635
    0.0000   22.5000   -7.5000 2504.7598   18.3616
    7.5000   22.5000   -7.5000 2463.1040   18.5771
   -7.5000   30.0000   -7.5000 2344.3005   20.1562
    0.0000   30.0000   -7.5000 2364.0632   20.0771
    7.5000   30.0000   -7.5000 2327.5818   20.3478
   -7.5000   37.5000   -7.5000 2194.0811   22.5307
    0.0000   37.5000   -7.5000 2207.8130   22.4685
    7.5000   37.5000   -7.5000 2175.5723   22.8506
   -7.5000   45.0000   -7.5000 2035.5065   25.7121
    0.0000   45.0000   -7.5000 2048.9961   25.6244
    7.5000   45.0000   -7.5000 2022.6729   26.0674
   -7.5000  -45.0000    0.0000 2468.0364   17.7814
    0.0000  -45.0000    0.0000 2495.5383   17.4749
    7.5000  -45.0000    0.0000 2478.6318   17.8251
   -7.5000  -37.5000    0.0000 2583.9915   16.2756
    0.0000  -37.5000    0.0000 2607.6902   15.9994
    7.5000  -37.5000    0.0000 2590.2000   16.2794
   -7.5000  -30.0000    0.0000 2678.2024   15.1288
    0.0000  -30.0000    0.0000 2700.8467   14.8962
    7.5000  -30.0000    0.0000 2683.2659   15.1427
   -7.5000  -22.5000    0.0000 2759.7322   14.3934
    0.0000  -22.5000    0.0000 2787.0232   14.1325
    7.5000  -22.5000    0.0000 2764.0229   14.3934
   -7.5000  -15.0000    0.0000 2807.4893   14.0482
    0.0000  -15.0000    0.0000 2838.3630   13.8366
    7.5000  -15.0000    0.0000 2799.4099   14.1050
   -7.5000   -7.5000    0.0000 2823.9106   14.1862
    0.0000   -7.5000    0.0000 2866.7837   14.0238
    7.5000   -7.5000    0.0000 2815.5674   14.2396
   -7.5000    0.0000    0.0000 2814.7771   14.7346
    0.0000    0.0000    0.0000 2854.0759   14.5946
    7.5000    0.0000    0.0000 2802.9700   14.7581
   -7.5000    7.5000    0.0000 2758.7969   15.4078
    0.0000    7.5000    0.0000 2795.2556   15.3264
    7.5000    7.5000    0.0000 2744.3467   15.4762
   -7.5000   15.0000    0.0000 2657.5391   16.3865
    0.0000   15.0000    0.0000 2690.5251   16.2865
    7.5000   15.0000    0.0000 2641.6411   16.4593
   -7.5000   22.5000    0.0000 2534.2034   17.6650
    0.0000   22.5000    0.0000 2566.6536   17.5624
    7.5000   22.5000    0.0000 2516.9578   17.7823
   -7.5000   30.0000    0.0000 2399.0474   19.3818
    0.0000   30.0000    0.0000 2413.9753   19.2780
    7.5000   30.0000    0.0000 2375.5288   19.5415
   -7.5000   37.5000    0.0000 2247.4521   21.6654
    0.0000   37.5000    0.0000 2256.9717   21.5755
    7.5000   37.5000    0.0000 2223.2327   21.9304
   -7.5000   45.0000    0.0000 2081.2644   24.6659
    0.0000   45.0000    0.0000 2094.1870   24.6121
    7.5000   45.0000    0.0000 2063.4219   24.9866
   -7.5000  -45.0000    7.5000 2473.3943   17.5421
    0.0000  -45.0000    7.5000 2499.2898   17.1875
    7.5000  -45.0000    7.5000 2483.2412   17.5242
   -7.5000  -37.5000    7.5000 2594.7146   16.0093
    0.0000  -37.5000    7.5000 2618.5801   15.6407
    7.5000  -37.5000    7.5000 2603.4719   16.0123
   -7.5000  -30.0000    7.5000 2693.5737   14.8491
    0.0000  -30.0000    7.5000 2718.4360   14.4955
    7.5000  -30.0000    7.5000 2701.4590   14.8350
   -7.5000  -22.5000    7.5000 2790.3259   14.0835
    0.0000  -22.5000    7.5000 2824.0259   13.7549
    7.5000  -22.5000    7.5000 2794.9185   14.0664
   -7.5000  -15.0000    7.5000 2858.5967   13.6479
    0.0000  -15.0000    7.5000 2900.3008   13.3513
    7.5000  -15.0000    7.5000 2848.6411   13.7045
   -7.5000   -7.5000    7.5000 2887.0505   13.7143
    0.0000   -7.5000    7.5000 2936.0962   13.4331
    7.5000   -7.5000    7.5000 2876.2991   13.7903
   -7.5000    0.0000    7.5000 2869.5354   14.1873
    0.0000    0.0000    7.5000 2910.3845   13.9456
    7.5000    0.0000    7.5000 2855.7803   14.2190
   -7.5000    7.5000    7.5000 2804.8943   14.8986
    0.0000    7.5000    7.5000 2839.5818   14.6693
    7.5000    7.5000    7.5000 2787.6841   14.9662
   -7.5000   15.0000    7.5000 2694.9116   15.8827
    0.0000   15.0000    7.5000 2731.6787   15.6974
    7.5000   15.0000    7.5000 2683.5801   15.9804
   -7.5000   22.5000    7.5000 2565.3103   17.2420
    0.0000   22.5000    7.5000 2595.1914   17.1023
    7.5000   22.5000    7.5000 2548.9343   17.3423
   -7.5000   30.0000    7.5000 2427.2515   18.9905
    0.0000   30.0000    7.5000 2443.6589   18.8327
    7.5000   30.0000    7.5000 2407.9460   19.0758
   -7.5000   37.5000    7.5000 2275.0818   21.1650
    0.0000   37.5000    7.5000 2286.6128   21.0516
    7.5000   37.5000    7.5000 2253.6279   21.3897
   -7.5000   45.0000    7.5000 2107.3208   24.0576
    0.0000   45.0000    7.5000 2119.8245   23.9605
    7.5000   45.0000    7.5000 2087.4875   24.3508
   -7.5000  -45.0000   15.0000 2450.1116   17.5298
    0.0000  -45.0000   15.0000 2473.5645   17.1780
    7.5000  -45.0000   15.0000 2458.8284   17.5048
   -7.5000  -37.5000   15.0000 2576.9580   15.9585
    0.0000  -37.5000   15.0000 2602.2852   15.5824
    7.5000  -37.5000   15.0000 2583.3516   15.9689
   -7.5000  -30.0000   15.0000 2686.8335   14.7758
    0.0000  -30.0000   15.0000 2717.4053   14.3863
    7.5000  -30.0000   15.0000 2697.5632   14.7824
   -7.5000  -22.5000   15.0000 2789.1846   14.0189
    0.0000  -22.5000   15.0000 2826.2549   13.6395
    7.5000  -22.5000   15.0000 2791.4016   14.0095
   -7.5000  -15.0000   15.0000 2867.7603   13.5735
    0.0000  -15.0000   15.0000 2911.8611   13.1988
    7.5000  -15.0000   15.0000 2860.7617   13.5704
   -7.5000   -7.5000   15.0000 2905.0774   13.5521
    0.0000   -7.5000   15.0000 2950.0918   13.1864
    7.5000   -7.5000   15.0000 2891.4468   13.6085
   -7.5000    0.0000   15.0000 2889.4209   13.9287
    0.0000    0.0000   15.0000 2926.1792   13.6369
    7.5000    0.0000   15.0000 2869.1509   13.9963
   -7.5000    7.5000   15.0000 2813.7031   14.6456
    0.0000    7.5000   15.0000 2850.6628   14.3880
    7.5000    7.5000   15.0000 2800.5562   14.7062
   -7.5000   15.0000   15.0000 2706.5281   15.6814
    0.0000   15.0000   15.0000 2738.1782   15.5067
    7.5000   15.0000   15.0000 2693.9473   15.7511
   -7.5000   22.5000   15.0000 2574.5383   17.1205
    0.0000   22.5000   15.0000 2597.9590   17.0039
    7.5000   22.5000   15.0000 2560.4761   17.2149
   -7.5000   30.0000   15.0000 2431.3501   18.8645
    0.0000   30.0000   15.0000 2443.5334   18.7742
    7.5000   30.0000   15.0000 2411.2854   18.9698
   -7.5000   37.5000   15.0000 2277.4597   21.0161
    0.0000   37.5000   15.0000 2286.3901   20.9106
    7.5000   37.5000   15.0000 2256.1436   21.1794
   -7.5000   45.0000   15.0000 2110.8254   23.7785
    0.0000   45.0000   15.0000 2120.5583   23.7112
    7.5000   45.0000   15.0000 2091.2439   23.9941
   -7.5000  -45.0000   22.5000 2415.1628   17.7621
    0.0000  -45.0000   22.5000 2446.1272   17.4078
    7.5000  -45.0000   22.5000 2431.5972   17.7557
   -7.5000  -37.5000   22.5000 2541.7412   16.1733
    0.0000  -37.5000   22.5000 2575.8198   15.8207
    7.5000  -37.5000   22.5000 2554.5295   16.1633
   -7.5000  -30.0000   22.5000 2653.4319   14.9804
    0.0000  -30.0000   22.5000 2689.1399   14.6067
    7.5000  -30.0000   22.5000 2662.0786   14.9503
   -7.5000  -22.5000   22.5000 2751.2000   14.1929
    0.0000  -22.5000   22.5000 2796.7129   13.8558
    7.5000  -22.5000   22.5000 2752.5776   14.1960
   -7.5000  -15.0000   22.5000 2830.9585   13.7785
    0.0000  -15.0000   22.5000 2877.8572   13.4520
    7.5000  -15.0000   22.5000 2825.2424   13.7793
   -7.5000   -7.5000   22.5000 2876.1523   13.8105
    0.0000   -7.5000   22.5000 2913.9856   13.4862
    7.5000   -7.5000   22.5000 2858.0928   13.8392
   -7.5000    0.0000   22.5000 2867.6340   14.0918
    0.0000    0.0000   22.5000 2907.7393   13.8795
    7.5000    0.0000   22.5000 2850.7725   14.1280
   -7.5000    7.5000   22.5000 2794.9536   14.7768
    0.0000    7.5000   22.5000 2830.1379   14.6320
    7.5000    7.5000   22.5000 2786.6257   14.8371
   -7.5000   15.0000   22.5000 2688.3220   15.7872
    0.0000   15.0000   22.5000 2720.6868   15.6620
    7.5000   15.0000   22.5000 2675.4119   15.8564
   -7.5000   22.5000   22.5000 2563.5015   17.2231
    0.0000   22.5000   22.5000 2582.4766   17.0605
    7.5000   22.5000   22.5000 2546.3667   17.2759
   -7.5000   30.0000   22.5000 2418.7224   18.9838
    0.0000   30.0000   22.5000 2423.8159   18.8380
    7.5000   30.0000   22.5000 2399.3650   19.0716
   -7.5000   37.5000   22.5000 2265.2075   21.1218
    0.0000   37.5000   22.5000 2273.0542   21.0237
    7.5000   37.5000   22.5000 2244.7759   21.3034
   -7.5000   45.0000   22.5000 2097.0322   23.8382
    0.0000   45.0000   22.5000 2106.5469   23.7332
    7.5000   45.0000   22.5000 2077.1992   24.1007
   -7.5000  -45.0000   30.0000 2370.9468   18.3354
    0.0000  -45.0000   30.0000 2411.0591   18.0037
    7.5000  -45.0000   30.0000 2389.0461   18.2718
   -7.5000  -37.5000   30.0000 2493.7036   16.6876
    0.0000  -37.5000   30.0000 2533.9893   16.3660
    7.5000  -37.5000   30.0000 2507.1790   16.6718
   -7.5000  -30.0000   30.0000 2597.8232   15.4784
    0.0000  -30.0000   30.0000 2633.5039   15.1906
    7.5000  -30.0000   30.0000 2601.7537   15.4584
   -7.5000  -22.5000   30.0000 2683.5703   14.7768
    0.0000  -22.5000   30.0000 2723.7205   14.4656
    7.5000  -22.5000   30.0000 2686.1904   14.7370
   -7.5000  -15.0000   30.0000 2772.5793   14.3232
    0.0000  -15.0000   30.0000 2810.7881   14.0077
    7.5000  -15.0000   30.0000 2764.1384   14.3238
   -7.5000   -7.5000   30.0000 2817.2036   14.3040
    0.0000   -7.5000   30.0000 2849.9912   14.0120
    7.5000   -7.5000   30.0000 2797.4238   14.3022
   -7.5000    0.0000   30.0000 2807.7639   14.6515
    0.0000    0.0000   30.0000 2839.3997   14.4378
    7.5000    0.0000   30.0000 2791.6699   14.6690
   -7.5000    7.5000   30.0000 2732.7781   15.3433
    0.0000    7.5000   30.0000 2761.2981   15.1462
    7.5000    7.5000   30.0000 2725.2185   15.3852
   -7.5000   15.0000   30.0000 2628.1765   16.3353
    0.0000   15.0000   30.0000 2653.0227   16.1663
    7.5000   15.0000   30.0000 2620.4185   16.3699
   -7.5000   22.5000   30.0000 2519.0320   17.6355
    0.0000   22.5000   30.0000 2537.6189   17.4296
    7.5000   22.5000   30.0000 2502.8152   17.6729
   -7.5000   30.0000   30.0000 2385.5710   19.3701
    0.0000   30.0000   30.0000 2395.3955   19.1652
    7.5000   30.0000   30.0000 2366.5483   19.4319
   -7.5000   37.5000   30.0000 2233.9065   21.5102
    0.0000   37.5000   30.0000 2245.7781   21.3885
    7.5000   37.5000   30.0000 2219.3870   21.6507
   -7.5000   45.0000   30.0000 2065.0757   24.1905
    0.0000   45.0000   30.0000 2075.2600   24.0485
    7.5000   45.0000   30.0000 2051.1731   24.3760
   -7.5000  -45.0000   37.5000 2321.4246   19.2760
    0.0000  -45.0000   37.5000 2361.8027   18.9710
    7.5000  -45.0000   37.5000 2337.3545   19.1609
   -7.5000  -37.5000   37.5000 2440.4202   17.5775
    0.0000  -37.5000   37.5000 2475.9868   17.2949
    7.5000  -37.5000   37.5000 2448.9194   17.5451
   -7.5000  -30.0000   37.5000 2532.4846   16.4189
    0.0000  -30.0000   37.5000 2567.6350   16.1470
    7.5000  -30.0000   37.5000 2539.8013   16.3346
   -7.5000  -22.5000   37.5000 2616.0144   15.6147
    0.0000  -22.5000   37.5000 2656.6030   15.3460
    7.5000  -22.5000   37.5000 2616.6892   15.5366
   -7.5000  -15.0000   37.5000 2696.0815   15.1044
    0.0000  -15.0000   37.5000 2730.8831   14.8248
    7.5000  -15.0000   37.5000 2685.0759   15.0776
   -7.5000   -7.5000   37.5000 2729.3274   15.0750
    0.0000   -7.5000   37.5000 2761.9595   14.8446
    7.5000   -7.5000   37.5000 2713.4204   15.0210
   -7.5000    0.0000   37.5000 2712.4233   15.4462
    0.0000    0.0000   37.5000 2736.9180   15.2515
    7.5000    0.0000   37.5000 2698.9814   15.4509
   -7.5000    7.5000   37.5000 2655.9829   16.0979
    0.0000    7.5000   37.5000 2672.9749   15.9169
    7.5000    7.5000   37.5000 2643.1292   16.1162
   -7.5000   15.0000   37.5000 2561.7751   17.0620
    0.0000   15.0000   37.5000 2583.8665   16.8879
    7.5000   15.0000   37.5000 2551.6157   17.1085
   -7.5000   22.5000   37.5000 2449.2812   18.3426
    0.0000   22.5000   37.5000 2474.1802   18.1712
    7.5000   22.5000   37.5000 2440.4102   18.3783
   -7.5000   30.0000   37.5000 2331.6335   20.0204
    0.0000   30.0000   37.5000 2346.3481   19.8114
    7.5000   30.0000   37.5000 2316.8716   20.1063
   -7.5000   37.5000   37.5000 2184.0247   22.1004
    0.0000   37.5000   37.5000 2195.7253   21.9343
    7.5000   37.5000   37.5000 2174.2390   22.2364
   -7.5000   45.0000   37.5000 2025.1946   24.7160
    0.0000   45.0000   37.5000 2040.3655   24.5998
    7.5000   45.0000   37.5000 2010.9193   24.9536
   -7.5000  -45.0000   45.0000 2254.2390   20.6430
    0.0000  -45.0000   45.0000 2284.5159   20.3204
    7.5000  -45.0000   45.0000 2265.6301   20.4487
   -7.5000  -37.5000   45.0000 2370.6511   18.8402
    0.0000  -37.5000   45.0000 2402.3252   18.5726
    7.5000  -37.5000   45.0000 2372.6655   18.7390
   -7.5000  -30.0000   45.0000 2459.5444   17.5607
    0.0000  -30.0000   45.0000 2492.9712   17.3134
    7.5000  -30.0000   45.0000 2461.7734   17.4773
   -7.5000  -22.5000   45.0000 2539.7083   16.7009
    0.0000  -22.5000   45.0000 2579.5879   16.4303
    7.5000  -22.5000   45.0000 2534.9905   16.5982
   -7.5000  -15.0000   45.0000 2602.6272   16.1530
    0.0000  -15.0000   45.0000 2636.3711   15.9366
    7.5000  -15.0000   45.0000 2589.0078   16.0907
   -7.5000   -7.5000   45.0000 2630.6621   16.0922
    0.0000   -7.5000   45.0000 2664.3965   15.9161
    7.5000   -7.5000   45.0000 2624.1792   16.0269
   -7.5000    0.0000   45.0000 2610.6428   16.4501
    0.0000    0.0000   45.0000 2633.6689   16.2693
    7.5000    0.0000   45.0000 2597.7913   16.3955
   -7.5000    7.5000   45.0000 2562.4031   17.0526
    0.0000    7.5000   45.0000 2572.3225   16.9009
    7.5000    7.5000   45.0000 2546.0132   17.0508
   -7.5000   15.0000   45.0000 2476.2158   17.9958
    0.0000   15.0000   45.0000 2492.0613   17.8574
    7.5000   15.0000   45.0000 2465.7949   18.0559
   -7.5000   22.5000   45.0000 2374.0815   19.2799
    0.0000   22.5000   45.0000 2392.8267   19.1170
    7.5000   22.5000   45.0000 2365.4036   19.3262
   -7.5000   30.0000   45.0000 2263.0181   20.9070
    0.0000   30.0000   45.0000 2275.8887   20.7284
    7.5000   30.0000   45.0000 2249.5928   21.0069
   -7.5000   37.5000   45.0000 2126.3943   23.0363
    0.0000   37.5000   45.0000 2133.2434   22.8528
    7.5000   37.5000   45.0000 2112.7500   23.1607
   -7.5000   45.0000   45.0000 1974.4246   25.6273
    0.0000   45.0000   45.0000 1985.0288   25.5473
    7.5000   45.0000   45.0000 1965.2638   25.8431

---------------------------------------------------------------------
imgreg_4dfp /opt/freesurfer/average/711-2C_as_mni_average_305 /opt/freesurfer/average/711-2B_as_mni_average_305_mask talsrcimg_g11 none talsrcimg_to_711-2C_as_mni_average_305_t4 1283
---------------------------------------------------------------------

freesurfer imgreg_4dfp.c
/opt/freesurfer/average/711-2C_as_mni_average_305.4dfp.img
       256       256       256         1
  1.000000  1.000000  1.000000
orientation T byte_order littleendian
Reading image: /opt/freesurfer/average/711-2C_as_mni_average_305.4dfp.img
dimensions:      256       256       256
mmppix:       1.0000   -1.0000   -1.0000
center:     128.0000 -129.0000 -129.0000
/opt/freesurfer/average/711-2B_as_mni_average_305_mask.4dfp.img
       256       256       256         1
  1.000000  1.000000  1.000000
orientation T byte_order littleendian
Reading mask: /opt/freesurfer/average/711-2B_as_mni_average_305_mask.4dfp.img (2306576 pixels)
talsrcimg_g11.4dfp.img
       256       256       256         1
  1.000000  1.000000  1.000000
orientation T byte_order littleendian
Reading image: talsrcimg_g11.4dfp.img
dimensions:      256       256       256
mmppix:       1.0000   -1.0000   -1.0000
center:     128.0000 -129.0000 -129.0000
rotation matrix determinant  1.000000
fimgreg.f
image alignment mode   1283 decimal      503 hex
parameters
    0.0000   -7.5000   15.0000    0.0000    0.0000    0.0000
eta,q 0.92717 13.16283
niter,ni,del,rscale     5    3   12.0000    1.2000
parameter  2 -0.684392 -> -0.500000 qaram    1.1500
parameter  4  2.141677 ->  0.500000 qaram    1.1500
parameters
    0.2240   -4.0500   14.9370   -3.4500   -0.0828    2.4531
eta,q 0.93665 12.99848
  0.0838  0.0832  0.0750  0.0610  0.0663  0.0707
  0.0794  0.0795  0.0724  0.0631  0.0652  0.0682
  0.0762  0.0762  0.0708  0.0657  0.0645  0.0654
  0.0735  0.0730  0.0702  0.0701  0.0638  0.0638
  0.0732  0.0705  0.0712  0.0743  0.0637  0.0634
  0.0769  0.0699  0.0723  0.0795  0.0645  0.0635
  0.0841  0.0718  0.0753  0.0842  0.0673  0.0648
niter,ni,del,rscale     6    3   12.0000    1.2000
parameter  4  1.398419 ->  0.500000 qaram    1.3225
parameters
    0.0489   -4.4862   13.7679   -7.4175   -1.0572    3.3946
eta,q 0.94195 12.87392
  0.0724  0.0771  0.0680  0.0562  0.0620  0.0614
  0.0670  0.0709  0.0641  0.0580  0.0593  0.0605
  0.0643  0.0650  0.0626  0.0602  0.0589  0.0602
  0.0634  0.0634  0.0634  0.0628  0.0586  0.0589
  0.0636  0.0663  0.0653  0.0677  0.0590  0.0575
  0.0671  0.0730  0.0684  0.0735  0.0618  0.0582
  0.0745  0.0813  0.0730  0.0783  0.0660  0.0613
niter,ni,del,rscale     6    3   12.0000    1.2000
parameter  4  0.770249 ->  0.500000 qaram    1.5209
parameters
    0.2276   -4.1885   13.0904  -11.9801   -1.4561    2.6878
eta,q 0.94587 12.87838
  0.0695  0.0746  0.0633  0.0550  0.0616  0.0565
  0.0651  0.0650  0.0602  0.0535  0.0569  0.0557
  0.0615  0.0595  0.0589  0.0551  0.0546  0.0550
  0.0581  0.0578  0.0579  0.0583  0.0538  0.0538
  0.0571  0.0599  0.0584  0.0614  0.0558  0.0538
  0.0614  0.0644  0.0622  0.0656  0.0591  0.0559
  0.0712  0.0709  0.0675  0.0722  0.0630  0.0598
niter,ni,del,rscale     6    3   12.0000    1.2000
parameters
    0.2201   -3.0713   12.1783  -12.7128   -1.2243    1.9760
eta,q 0.94674 12.89167
  0.0668  0.0728  0.0591  0.0643  0.0619  0.0553
  0.0614  0.0631  0.0571  0.0568  0.0570  0.0540
  0.0582  0.0573  0.0554  0.0521  0.0545  0.0535
  0.0541  0.0541  0.0531  0.0539  0.0532  0.0532
  0.0537  0.0528  0.0543  0.0579  0.0541  0.0531
  0.0599  0.0569  0.0592  0.0614  0.0568  0.0544
  0.0694  0.0638  0.0671  0.0646  0.0603  0.0579
niter,ni,del,rscale     5    3   12.0000    1.2000
parameters
    0.0956   -2.6527   11.9067  -13.5143   -0.8653    1.6026
eta,q 0.94747 12.88370
  0.0650  0.0671  0.0597  0.0633  0.0609  0.0552
  0.0596  0.0604  0.0567  0.0566  0.0564  0.0534
  0.0564  0.0568  0.0553  0.0515  0.0540  0.0527
  0.0533  0.0534  0.0531  0.0534  0.0526  0.0525
  0.0530  0.0538  0.0526  0.0574  0.0531  0.0527
  0.0588  0.0585  0.0561  0.0611  0.0554  0.0535
  0.0684  0.0648  0.0633  0.0640  0.0591  0.0565
niter,ni,del,rscale     4    3   12.0000    1.2000
parameters
   -0.1084   -2.1309   11.6901  -14.4447   -0.5427    1.4259
eta,q 0.94840 12.87692
  0.0637  0.0666  0.0595  0.0621  0.0597  0.0550
  0.0582  0.0604  0.0560  0.0561  0.0555  0.0531
  0.0551  0.0565  0.0544  0.0507  0.0530  0.0517
  0.0525  0.0528  0.0525  0.0527  0.0517  0.0516
  0.0525  0.0535  0.0523  0.0565  0.0519  0.0520
  0.0580  0.0577  0.0554  0.0606  0.0544  0.0529
  0.0675  0.0638  0.0625  0.0638  0.0584  0.0558
niter,ni,del,rscale     3    3   12.0000    1.2000
parameters
   -0.3206   -1.4640   11.4400  -15.6000   -0.3620    1.4093
eta,q 0.94976 12.88231
  0.0632  0.0669  0.0594  0.0606  0.0588  0.0548
  0.0572  0.0602  0.0554  0.0552  0.0543  0.0527
  0.0539  0.0554  0.0534  0.0491  0.0517  0.0507
  0.0516  0.0518  0.0516  0.0518  0.0503  0.0502
  0.0518  0.0526  0.0520  0.0556  0.0506  0.0509
  0.0573  0.0566  0.0553  0.0601  0.0538  0.0522
  0.0668  0.0627  0.0623  0.0637  0.0581  0.0552
niter,ni,del,rscale     2    3   12.0000    1.2000
parameters
   -0.4333   -0.7170   11.1553  -16.7228   -0.2943    1.2118
eta,q 0.95147 12.91584
  0.0638  0.0671  0.0595  0.0603  0.0578  0.0544
  0.0571  0.0600  0.0551  0.0547  0.0531  0.0515
  0.0528  0.0541  0.0522  0.0473  0.0503  0.0490
  0.0502  0.0503  0.0501  0.0502  0.0486  0.0486
  0.0510  0.0510  0.0517  0.0550  0.0494  0.0496
  0.0568  0.0555  0.0557  0.0597  0.0532  0.0516
  0.0663  0.0619  0.0625  0.0634  0.0573  0.0554
niter,ni,del,rscale     1    3   12.0000    1.2000
parameters
   -0.4324   -0.0453   10.9037  -17.5187   -0.2941    1.0661
eta,q 0.95285 12.96172
  0.0646  0.0665  0.0600  0.0614  0.0566  0.0542
  0.0573  0.0600  0.0547  0.0544  0.0517  0.0509
  0.0519  0.0528  0.0506  0.0465  0.0487  0.0480
  0.0485  0.0485  0.0482  0.0482  0.0472  0.0472
  0.0498  0.0493  0.0506  0.0541  0.0483  0.0484
  0.0563  0.0547  0.0556  0.0590  0.0522  0.0509
  0.0660  0.0619  0.0626  0.0633  0.0564  0.0552
registration optimization eta report
parameter search radius
    6.0000    6.9000    6.0000    9.1253    6.0000    6.0000
100000*second partial in parameter space
       46.       32.       35.       17.       25.       21.
  0.0646  0.0665  0.0600  0.0614  0.0566  0.0542
  0.0573  0.0600  0.0547  0.0544  0.0517  0.0509
  0.0519  0.0528  0.0506  0.0465  0.0487  0.0480
  0.0485  0.0485  0.0482  0.0482  0.0472  0.0472
  0.0498  0.0493  0.0506  0.0541  0.0483  0.0484
  0.0563  0.0547  0.0556  0.0590  0.0522  0.0509
  0.0660  0.0619  0.0626  0.0633  0.0564  0.0552
   -0.4324   -0.0453   10.9037  -17.5187   -0.2941    1.0661
eta,q 0.95285 12.96172

---------------------------------------------------------------------
imgreg_4dfp /opt/freesurfer/average/711-2C_as_mni_average_305 /opt/freesurfer/average/711-2B_as_mni_average_305_mask talsrcimg_g11 none talsrcimg_to_711-2C_as_mni_average_305_t4 3335
---------------------------------------------------------------------

freesurfer imgreg_4dfp.c
/opt/freesurfer/average/711-2C_as_mni_average_305.4dfp.img
       256       256       256         1
  1.000000  1.000000  1.000000
orientation T byte_order littleendian
Reading image: /opt/freesurfer/average/711-2C_as_mni_average_305.4dfp.img
dimensions:      256       256       256
mmppix:       1.0000   -1.0000   -1.0000
center:     128.0000 -129.0000 -129.0000
/opt/freesurfer/average/711-2B_as_mni_average_305_mask.4dfp.img
       256       256       256         1
  1.000000  1.000000  1.000000
orientation T byte_order littleendian
Reading mask: /opt/freesurfer/average/711-2B_as_mni_average_305_mask.4dfp.img (2306576 pixels)
talsrcimg_g11.4dfp.img
       256       256       256         1
  1.000000  1.000000  1.000000
orientation T byte_order littleendian
Reading image: talsrcimg_g11.4dfp.img
dimensions:      256       256       256
mmppix:       1.0000   -1.0000   -1.0000
center:     128.0000 -129.0000 -129.0000
fimgreg.f
image alignment mode   3335 decimal      D07 hex
parameters
   -0.4324   -0.0453   10.9037   -0.0186   -4.6575   -4.6394
   -1.9288   -0.0707    1.8606   30.1055   -0.5133  -30.1012
eta,q 0.95113 13.10288
niter,ni,del,rscale     5    3    5.0000    1.2000
parameter  4  1.944827 ->  0.500000 qaram    1.1500
parameter  5  7.538737 ->  0.500000 qaram    1.1500
parameter  6  0.917419 ->  0.500000 qaram    1.1500
parameters
   -0.6569    0.3346   10.7468   -4.1586   -8.7975   -8.7794
   -3.1841   -0.0945    0.5011   27.8819   -2.8821  -26.6595
eta,q 0.96958 12.43836
  0.0513  0.0499  0.0504  0.0404  0.0322  0.0318  0.0339  0.0376  0.0334  0.0336  0.0317  0.0348
  0.0498  0.0492  0.0494  0.0423  0.0351  0.0317  0.0326  0.0346  0.0323  0.0317  0.0311  0.0329
  0.0490  0.0490  0.0489  0.0451  0.0389  0.0331  0.0319  0.0325  0.0317  0.0310  0.0308  0.0316
  0.0489  0.0488  0.0488  0.0488  0.0430  0.0361  0.0319  0.0318  0.0318  0.0317  0.0310  0.0308
  0.0494  0.0488  0.0491  0.0531  0.0469  0.0399  0.0327  0.0326  0.0324  0.0334  0.0317  0.0305
  0.0506  0.0489  0.0498  0.0578  0.0506  0.0449  0.0340  0.0346  0.0336  0.0356  0.0328  0.0305
  0.0524  0.0494  0.0508  0.0630  0.0551  0.0506  0.0359  0.0377  0.0352  0.0380  0.0342  0.0309
niter,ni,del,rscale     7    3    5.0000    1.2000
parameter  4  0.607649 ->  0.500000 qaram    1.3225
parameter  5  1.146280 ->  0.500000 qaram    1.3225
parameters
   -0.5219    0.9092   10.5877   -8.9196  -13.5585  -10.3367
   -2.5523    0.4464    0.6971   29.3743   -3.1090  -27.9702
eta,q 0.97594 12.10457
  0.0352  0.0347  0.0326  0.0291  0.0234  0.0285  0.0285  0.0309  0.0276  0.0307  0.0255  0.0252
  0.0327  0.0328  0.0312  0.0282  0.0240  0.0267  0.0266  0.0278  0.0259  0.0281  0.0247  0.0245
  0.0311  0.0313  0.0304  0.0285  0.0257  0.0250  0.0252  0.0255  0.0248  0.0259  0.0243  0.0241
  0.0304  0.0304  0.0302  0.0302  0.0282  0.0244  0.0245  0.0245  0.0244  0.0244  0.0241  0.0241
  0.0308  0.0302  0.0307  0.0333  0.0316  0.0258  0.0247  0.0248  0.0248  0.0242  0.0243  0.0245
  0.0321  0.0308  0.0317  0.0378  0.0361  0.0295  0.0257  0.0265  0.0257  0.0252  0.0249  0.0253
  0.0342  0.0321  0.0332  0.0430  0.0407  0.0347  0.0274  0.0294  0.0272  0.0274  0.0257  0.0264
niter,ni,del,rscale     7    3    5.0000    1.2000
parameters
   -0.4086    1.1782   10.2909   -8.9051  -17.7459  -10.3539
   -2.6163    0.3961    0.5754   30.7871   -3.3613  -29.9275
eta,q 0.97783 12.01379
  0.0290  0.0282  0.0259  0.0301  0.0246  0.0283  0.0263  0.0285  0.0255  0.0288  0.0236  0.0232
  0.0264  0.0261  0.0247  0.0274  0.0231  0.0262  0.0244  0.0255  0.0239  0.0263  0.0229  0.0225
  0.0247  0.0248  0.0240  0.0252  0.0228  0.0242  0.0232  0.0234  0.0230  0.0242  0.0225  0.0222
  0.0241  0.0240  0.0240  0.0239  0.0239  0.0227  0.0227  0.0227  0.0227  0.0227  0.0223  0.0223
  0.0244  0.0241  0.0245  0.0243  0.0263  0.0228  0.0232  0.0234  0.0231  0.0224  0.0225  0.0229
  0.0258  0.0250  0.0255  0.0266  0.0299  0.0253  0.0245  0.0255  0.0241  0.0234  0.0230  0.0239
  0.0282  0.0268  0.0271  0.0308  0.0349  0.0295  0.0264  0.0287  0.0256  0.0258  0.0238  0.0252
niter,ni,del,rscale     6    3    5.0000    1.2000
parameters
   -0.3724    1.2237   10.1421   -8.4668  -18.7719  -10.2432
   -2.5788    0.4158    0.5615   31.2551   -3.5130  -30.5541
eta,q 0.97814 12.01659
  0.0269  0.0261  0.0245  0.0286  0.0265  0.0284  0.0257  0.0281  0.0249  0.0273  0.0234  0.0236
  0.0244  0.0239  0.0231  0.0258  0.0242  0.0260  0.0238  0.0250  0.0232  0.0249  0.0225  0.0226
  0.0227  0.0226  0.0223  0.0236  0.0225  0.0237  0.0225  0.0228  0.0223  0.0231  0.0220  0.0220
  0.0222  0.0222  0.0222  0.0222  0.0221  0.0220  0.0220  0.0220  0.0220  0.0220  0.0219  0.0219
  0.0227  0.0226  0.0226  0.0222  0.0232  0.0222  0.0224  0.0227  0.0224  0.0221  0.0221  0.0223
  0.0242  0.0239  0.0236  0.0243  0.0256  0.0248  0.0237  0.0249  0.0233  0.0237  0.0226  0.0231
  0.0266  0.0257  0.0251  0.0283  0.0292  0.0291  0.0257  0.0281  0.0248  0.0265  0.0234  0.0242
niter,ni,del,rscale     5    3    5.0000    1.2000
parameters
   -0.3732    1.2951   10.0926   -8.4071  -19.0875  -10.2351
   -2.5820    0.4226    0.5757   31.4741   -3.5609  -30.8026
eta,q 0.97818 12.01576
  0.0265  0.0259  0.0245  0.0280  0.0270  0.0283  0.0256  0.0280  0.0248  0.0269  0.0234  0.0237
  0.0240  0.0237  0.0230  0.0253  0.0246  0.0258  0.0236  0.0249  0.0231  0.0246  0.0225  0.0227
  0.0224  0.0223  0.0221  0.0232  0.0227  0.0235  0.0223  0.0226  0.0221  0.0229  0.0220  0.0220
  0.0219  0.0219  0.0219  0.0219  0.0219  0.0219  0.0219  0.0219  0.0219  0.0219  0.0218  0.0218
  0.0224  0.0223  0.0222  0.0221  0.0227  0.0222  0.0223  0.0226  0.0222  0.0221  0.0221  0.0222
  0.0240  0.0235  0.0232  0.0244  0.0248  0.0249  0.0236  0.0248  0.0232  0.0239  0.0226  0.0229
  0.0265  0.0253  0.0247  0.0286  0.0281  0.0294  0.0256  0.0280  0.0246  0.0268  0.0234  0.0239
niter,ni,del,rscale     4    3    5.0000    1.2000
parameters
   -0.3715    1.3361   10.0667   -8.3971  -19.2044  -10.2486
   -2.5886    0.4247    0.5902   31.5782   -3.5770  -30.9021
eta,q 0.97818 12.01488
  0.0265  0.0257  0.0245  0.0279  0.0271  0.0283  0.0255  0.0280  0.0247  0.0268  0.0234  0.0238
  0.0240  0.0236  0.0230  0.0252  0.0247  0.0258  0.0236  0.0248  0.0231  0.0245  0.0225  0.0227
  0.0224  0.0222  0.0221  0.0231  0.0228  0.0234  0.0223  0.0226  0.0221  0.0228  0.0220  0.0220
  0.0218  0.0218  0.0218  0.0218  0.0218  0.0218  0.0218  0.0218  0.0218  0.0218  0.0218  0.0218
  0.0224  0.0223  0.0222  0.0221  0.0225  0.0222  0.0223  0.0226  0.0222  0.0222  0.0220  0.0221
  0.0240  0.0235  0.0231  0.0245  0.0246  0.0249  0.0236  0.0248  0.0232  0.0240  0.0226  0.0228
  0.0265  0.0253  0.0246  0.0287  0.0278  0.0294  0.0256  0.0280  0.0246  0.0269  0.0233  0.0238
niter,ni,del,rscale     3    3    5.0000    1.2000
parameters
   -0.3703    1.3557   10.0535   -8.3956  -19.2554  -10.2617
   -2.5907    0.4243    0.5937   31.6247   -3.5796  -30.9450
eta,q 0.97818 12.01416
  0.0265  0.0256  0.0245  0.0279  0.0272  0.0283  0.0255  0.0280  0.0247  0.0267  0.0234  0.0238
  0.0240  0.0235  0.0230  0.0252  0.0248  0.0258  0.0236  0.0248  0.0231  0.0244  0.0225  0.0227
  0.0223  0.0222  0.0221  0.0231  0.0228  0.0234  0.0223  0.0226  0.0221  0.0227  0.0220  0.0220
  0.0218  0.0218  0.0218  0.0218  0.0218  0.0218  0.0218  0.0218  0.0218  0.0218  0.0218  0.0218
  0.0224  0.0223  0.0222  0.0221  0.0225  0.0222  0.0223  0.0226  0.0222  0.0222  0.0220  0.0221
  0.0240  0.0235  0.0231  0.0245  0.0245  0.0249  0.0236  0.0248  0.0232  0.0240  0.0226  0.0228
  0.0265  0.0254  0.0245  0.0287  0.0277  0.0294  0.0256  0.0280  0.0246  0.0269  0.0233  0.0238
registration optimization eta report
parameter search radius
    2.4000    2.4000    2.4000    9.5220    9.5220    8.2800
    7.2000    7.2000    7.2000    7.2000    7.2000    7.2000
100000*second partial in parameter space
       81.       64.       47.        7.        6.       10.
        7.       12.        5.       10.        3.        4.
  0.0265  0.0256  0.0245  0.0279  0.0272  0.0283  0.0255  0.0280  0.0247  0.0267  0.0234  0.0238
  0.0240  0.0235  0.0230  0.0252  0.0248  0.0258  0.0236  0.0248  0.0231  0.0244  0.0225  0.0227
  0.0223  0.0222  0.0221  0.0231  0.0228  0.0234  0.0223  0.0226  0.0221  0.0227  0.0220  0.0220
  0.0218  0.0218  0.0218  0.0218  0.0218  0.0218  0.0218  0.0218  0.0218  0.0218  0.0218  0.0218
  0.0224  0.0223  0.0222  0.0221  0.0225  0.0222  0.0223  0.0226  0.0222  0.0222  0.0220  0.0221
  0.0240  0.0235  0.0231  0.0245  0.0245  0.0249  0.0236  0.0248  0.0232  0.0240  0.0226  0.0228
  0.0265  0.0254  0.0245  0.0287  0.0277  0.0294  0.0256  0.0280  0.0246  0.0269  0.0233  0.0238
   -0.3703    1.3557   10.0535   -8.3956  -19.2554  -10.2617
   -2.5907    0.4243    0.5937   31.6247   -3.5796  -30.9450
eta,q 0.97818 12.01416

---------------------------------------------------------------------
imgreg_4dfp /opt/freesurfer/average/711-2C_as_mni_average_305 /opt/freesurfer/average/711-2B_as_mni_average_305_mask talsrcimg_g11 none talsrcimg_to_711-2C_as_mni_average_305_t4 2311
---------------------------------------------------------------------

freesurfer imgreg_4dfp.c
/opt/freesurfer/average/711-2C_as_mni_average_305.4dfp.img
       256       256       256         1
  1.000000  1.000000  1.000000
orientation T byte_order littleendian
Reading image: /opt/freesurfer/average/711-2C_as_mni_average_305.4dfp.img
dimensions:      256       256       256
mmppix:       1.0000   -1.0000   -1.0000
center:     128.0000 -129.0000 -129.0000
/opt/freesurfer/average/711-2B_as_mni_average_305_mask.4dfp.img
       256       256       256         1
  1.000000  1.000000  1.000000
orientation T byte_order littleendian
Reading mask: /opt/freesurfer/average/711-2B_as_mni_average_305_mask.4dfp.img (2306576 pixels)
talsrcimg_g11.4dfp.img
       256       256       256         1
  1.000000  1.000000  1.000000
orientation T byte_order littleendian
Reading image: talsrcimg_g11.4dfp.img
dimensions:      256       256       256
mmppix:       1.0000   -1.0000   -1.0000
center:     128.0000 -129.0000 -129.0000
fimgreg.f
image alignment mode   2311 decimal      907 hex
parameters
   -0.3703    1.3557   10.0535   -8.3956  -19.2554  -10.2617
   -2.5907    0.4243    0.5937   31.6247   -3.5796  -30.9450
eta,q 0.97818 12.01417
niter,ni,del,rscale     5    3    5.0000    0.8000
parameters
   -0.3747    1.3325   10.0381   -7.5568  -19.0673   -9.7297
   -2.5642    0.4907    0.4754   31.5943   -3.5849  -31.0964
eta,q 0.97841 12.07337
  0.0239  0.0235  0.0230  0.0241  0.0236  0.0251  0.0234  0.0249  0.0229  0.0241  0.0224  0.0225
  0.0228  0.0225  0.0224  0.0231  0.0227  0.0236  0.0225  0.0231  0.0221  0.0229  0.0220  0.0220
  0.0221  0.0220  0.0219  0.0223  0.0220  0.0225  0.0218  0.0220  0.0217  0.0220  0.0217  0.0217
  0.0218  0.0218  0.0218  0.0218  0.0217  0.0217  0.0216  0.0216  0.0216  0.0216  0.0216  0.0216
  0.0221  0.0220  0.0220  0.0217  0.0219  0.0217  0.0218  0.0219  0.0218  0.0218  0.0217  0.0217
  0.0228  0.0226  0.0224  0.0221  0.0225  0.0225  0.0224  0.0230  0.0223  0.0228  0.0220  0.0221
  0.0240  0.0235  0.0231  0.0231  0.0234  0.0241  0.0234  0.0247  0.0230  0.0243  0.0224  0.0226
niter,ni,del,rscale     4    3    5.0000    0.7000
parameters
   -0.4145    1.3075   10.1237   -7.6244  -19.0982   -9.5437
   -2.5336    0.4781    0.4507   31.6034   -3.5556  -31.1200
eta,q 0.97844 12.07578
  0.0232  0.0229  0.0227  0.0230  0.0230  0.0241  0.0230  0.0240  0.0226  0.0236  0.0222  0.0223
  0.0223  0.0221  0.0221  0.0223  0.0223  0.0230  0.0222  0.0227  0.0220  0.0226  0.0219  0.0219
  0.0218  0.0217  0.0217  0.0218  0.0218  0.0221  0.0217  0.0219  0.0217  0.0219  0.0216  0.0216
  0.0216  0.0216  0.0216  0.0216  0.0216  0.0216  0.0216  0.0216  0.0216  0.0216  0.0216  0.0216
  0.0218  0.0218  0.0217  0.0217  0.0218  0.0217  0.0217  0.0218  0.0217  0.0217  0.0216  0.0217
  0.0224  0.0222  0.0220  0.0223  0.0223  0.0225  0.0222  0.0227  0.0221  0.0225  0.0219  0.0219
  0.0234  0.0230  0.0225  0.0232  0.0231  0.0239  0.0230  0.0241  0.0226  0.0237  0.0222  0.0223
niter,ni,del,rscale     3    3    5.0000    0.6000
parameters
   -0.4168    1.3009   10.1667   -7.6001  -19.1247   -9.4375
   -2.5223    0.4811    0.4284   31.6232   -3.5619  -31.1536
eta,q 0.97845 12.07946
  0.0228  0.0226  0.0224  0.0227  0.0227  0.0235  0.0226  0.0234  0.0223  0.0231  0.0220  0.0221
  0.0221  0.0220  0.0219  0.0221  0.0221  0.0226  0.0220  0.0224  0.0219  0.0223  0.0218  0.0218
  0.0217  0.0217  0.0217  0.0217  0.0217  0.0219  0.0217  0.0218  0.0216  0.0218  0.0216  0.0216
  0.0216  0.0216  0.0216  0.0216  0.0216  0.0216  0.0216  0.0216  0.0216  0.0216  0.0215  0.0215
  0.0217  0.0217  0.0216  0.0217  0.0217  0.0217  0.0217  0.0218  0.0217  0.0217  0.0216  0.0216
  0.0221  0.0220  0.0219  0.0220  0.0221  0.0223  0.0220  0.0224  0.0219  0.0222  0.0218  0.0218
  0.0228  0.0226  0.0223  0.0227  0.0227  0.0234  0.0226  0.0234  0.0223  0.0231  0.0220  0.0221
niter,ni,del,rscale     2    3    5.0000    0.5000
parameters
   -0.4236    1.2990   10.1871   -7.5632  -19.1487   -9.3668
   -2.5223    0.4901    0.4102   31.6550   -3.5609  -31.1858
eta,q 0.97846 12.08303
  0.0224  0.0223  0.0221  0.0224  0.0223  0.0229  0.0223  0.0229  0.0221  0.0227  0.0219  0.0219
  0.0219  0.0219  0.0218  0.0220  0.0219  0.0223  0.0219  0.0221  0.0218  0.0221  0.0217  0.0217
  0.0216  0.0216  0.0216  0.0217  0.0216  0.0218  0.0216  0.0217  0.0216  0.0217  0.0216  0.0216
  0.0216  0.0215  0.0215  0.0215  0.0216  0.0216  0.0215  0.0215  0.0215  0.0215  0.0215  0.0215
  0.0217  0.0216  0.0216  0.0216  0.0216  0.0216  0.0216  0.0217  0.0216  0.0216  0.0216  0.0216
  0.0220  0.0219  0.0218  0.0219  0.0219  0.0221  0.0219  0.0221  0.0218  0.0220  0.0217  0.0217
  0.0224  0.0223  0.0221  0.0224  0.0224  0.0229  0.0223  0.0229  0.0221  0.0227  0.0219  0.0220
niter,ni,del,rscale     1    3    5.0000    0.4000
parameters
   -0.4242    1.3004   10.1997   -7.5391  -19.1654   -9.3080
   -2.5215    0.4990    0.3947   31.6787   -3.5900  -31.2147
eta,q 0.97847 12.08580
  0.0221  0.0220  0.0219  0.0221  0.0221  0.0225  0.0220  0.0224  0.0219  0.0223  0.0218  0.0218
  0.0218  0.0217  0.0217  0.0218  0.0218  0.0220  0.0218  0.0219  0.0217  0.0219  0.0216  0.0217
  0.0216  0.0216  0.0216  0.0216  0.0216  0.0217  0.0216  0.0216  0.0216  0.0216  0.0216  0.0216
  0.0215  0.0215  0.0215  0.0215  0.0215  0.0215  0.0215  0.0215  0.0215  0.0215  0.0215  0.0215
  0.0216  0.0216  0.0216  0.0216  0.0216  0.0216  0.0216  0.0216  0.0216  0.0216  0.0216  0.0216
  0.0218  0.0217  0.0217  0.0218  0.0218  0.0219  0.0218  0.0219  0.0217  0.0218  0.0216  0.0217
  0.0221  0.0220  0.0219  0.0221  0.0221  0.0224  0.0220  0.0224  0.0219  0.0223  0.0218  0.0218
registration optimization eta report
parameter search radius
    0.8000    0.8000    0.8000    2.4000    2.4000    2.4000
    2.4000    2.4000    2.4000    2.4000    2.4000    2.4000
100000*second partial in parameter space
       89.       71.       55.        9.        9.       16.
        8.       15.        6.       13.        4.        5.
  0.0221  0.0220  0.0219  0.0221  0.0221  0.0225  0.0220  0.0224  0.0219  0.0223  0.0218  0.0218
  0.0218  0.0217  0.0217  0.0218  0.0218  0.0220  0.0218  0.0219  0.0217  0.0219  0.0216  0.0217
  0.0216  0.0216  0.0216  0.0216  0.0216  0.0217  0.0216  0.0216  0.0216  0.0216  0.0216  0.0216
  0.0215  0.0215  0.0215  0.0215  0.0215  0.0215  0.0215  0.0215  0.0215  0.0215  0.0215  0.0215
  0.0216  0.0216  0.0216  0.0216  0.0216  0.0216  0.0216  0.0216  0.0216  0.0216  0.0216  0.0216
  0.0218  0.0217  0.0217  0.0218  0.0218  0.0219  0.0218  0.0219  0.0217  0.0218  0.0216  0.0217
  0.0221  0.0220  0.0219  0.0221  0.0221  0.0224  0.0220  0.0224  0.0219  0.0223  0.0218  0.0218
   -0.4242    1.3004   10.1997   -7.5391  -19.1654   -9.3080
   -2.5215    0.4990    0.3947   31.6787   -3.5900  -31.2147
eta,q 0.97847 12.08580

---------------------------------------------------------------------
imgreg_4dfp /opt/freesurfer/average/711-2C_as_mni_average_305 /opt/freesurfer/average/711-2B_as_mni_average_305_mask talsrcimg_g11 none talsrcimg_to_711-2C_as_mni_average_305_t4 2311
---------------------------------------------------------------------

freesurfer imgreg_4dfp.c
/opt/freesurfer/average/711-2C_as_mni_average_305.4dfp.img
       256       256       256         1
  1.000000  1.000000  1.000000
orientation T byte_order littleendian
Reading image: /opt/freesurfer/average/711-2C_as_mni_average_305.4dfp.img
dimensions:      256       256       256
mmppix:       1.0000   -1.0000   -1.0000
center:     128.0000 -129.0000 -129.0000
/opt/freesurfer/average/711-2B_as_mni_average_305_mask.4dfp.img
       256       256       256         1
  1.000000  1.000000  1.000000
orientation T byte_order littleendian
Reading mask: /opt/freesurfer/average/711-2B_as_mni_average_305_mask.4dfp.img (2306576 pixels)
talsrcimg_g11.4dfp.img
       256       256       256         1
  1.000000  1.000000  1.000000
orientation T byte_order littleendian
Reading image: talsrcimg_g11.4dfp.img
dimensions:      256       256       256
mmppix:       1.0000   -1.0000   -1.0000
center:     128.0000 -129.0000 -129.0000
fimgreg.f
image alignment mode   2311 decimal      907 hex
parameters
   -0.4242    1.3004   10.1997   -7.5391  -19.1654   -9.3080
   -2.5215    0.4990    0.3947   31.6787   -3.5900  -31.2147
eta,q 0.97847 12.08581
niter,ni,del,rscale     5    3    5.0000    0.8000
parameters
   -0.4159    1.3318   10.2103   -7.7840  -19.2078   -9.5027
   -2.5091    0.4680    0.4626   31.5989   -3.5396  -31.0893
eta,q 0.97843 12.06674
  0.0238  0.0234  0.0229  0.0233  0.0234  0.0244  0.0234  0.0247  0.0230  0.0240  0.0224  0.0226
  0.0225  0.0224  0.0222  0.0224  0.0224  0.0230  0.0224  0.0230  0.0222  0.0228  0.0219  0.0221
  0.0218  0.0217  0.0217  0.0218  0.0218  0.0220  0.0218  0.0219  0.0217  0.0220  0.0217  0.0217
  0.0215  0.0215  0.0215  0.0215  0.0215  0.0215  0.0216  0.0216  0.0216  0.0216  0.0216  0.0216
  0.0218  0.0217  0.0217  0.0218  0.0218  0.0219  0.0218  0.0219  0.0217  0.0218  0.0217  0.0217
  0.0225  0.0223  0.0221  0.0226  0.0225  0.0232  0.0224  0.0231  0.0222  0.0228  0.0219  0.0220
  0.0237  0.0232  0.0229  0.0238  0.0235  0.0251  0.0234  0.0248  0.0229  0.0244  0.0224  0.0225
niter,ni,del,rscale     4    3    5.0000    0.7000
parameters
   -0.4092    1.3112   10.1802   -7.6552  -19.1440   -9.4841
   -2.5200    0.4699    0.4409   31.5946   -3.5508  -31.1082
eta,q 0.97844 12.07435
  0.0233  0.0229  0.0226  0.0231  0.0231  0.0240  0.0230  0.0241  0.0226  0.0235  0.0222  0.0223
  0.0223  0.0221  0.0220  0.0224  0.0223  0.0228  0.0222  0.0227  0.0220  0.0226  0.0218  0.0219
  0.0218  0.0217  0.0217  0.0218  0.0218  0.0220  0.0217  0.0219  0.0217  0.0219  0.0216  0.0216
  0.0216  0.0216  0.0216  0.0216  0.0216  0.0216  0.0216  0.0216  0.0216  0.0216  0.0216  0.0216
  0.0218  0.0217  0.0217  0.0217  0.0217  0.0218  0.0217  0.0218  0.0217  0.0217  0.0216  0.0217
  0.0223  0.0222  0.0221  0.0222  0.0222  0.0226  0.0222  0.0227  0.0221  0.0225  0.0219  0.0219
  0.0233  0.0230  0.0226  0.0231  0.0230  0.0241  0.0230  0.0241  0.0226  0.0237  0.0222  0.0223
niter,ni,del,rscale     3    3    5.0000    0.6000
parameters
   -0.4172    1.3010   10.1797   -7.6049  -19.1352   -9.4255
   -2.5172    0.4810    0.4278   31.6187   -3.5566  -31.1565
eta,q 0.97845 12.07931
  0.0228  0.0226  0.0223  0.0227  0.0227  0.0234  0.0226  0.0234  0.0223  0.0231  0.0220  0.0221
  0.0221  0.0220  0.0219  0.0221  0.0221  0.0225  0.0220  0.0224  0.0219  0.0223  0.0218  0.0218
  0.0217  0.0217  0.0216  0.0217  0.0217  0.0219  0.0217  0.0218  0.0216  0.0218  0.0216  0.0216
  0.0216  0.0216  0.0216  0.0216  0.0216  0.0216  0.0216  0.0216  0.0216  0.0216  0.0215  0.0215
  0.0217  0.0217  0.0216  0.0216  0.0217  0.0217  0.0217  0.0218  0.0216  0.0217  0.0216  0.0216
  0.0221  0.0220  0.0219  0.0220  0.0221  0.0223  0.0220  0.0224  0.0219  0.0222  0.0218  0.0218
  0.0228  0.0226  0.0223  0.0227  0.0227  0.0234  0.0226  0.0234  0.0223  0.0231  0.0220  0.0222
niter,ni,del,rscale     2    3    5.0000    0.5000
parameters
   -0.4238    1.2983   10.1899   -7.5652  -19.1510   -9.3623
   -2.5175    0.4873    0.4131   31.6511   -3.5653  -31.1923
eta,q 0.97846 12.08308
  0.0224  0.0223  0.0221  0.0224  0.0223  0.0229  0.0223  0.0229  0.0221  0.0227  0.0219  0.0219
  0.0219  0.0219  0.0218  0.0220  0.0219  0.0223  0.0219  0.0221  0.0218  0.0221  0.0217  0.0217
  0.0216  0.0216  0.0216  0.0217  0.0216  0.0218  0.0216  0.0217  0.0216  0.0217  0.0216  0.0216
  0.0216  0.0215  0.0216  0.0215  0.0215  0.0215  0.0215  0.0215  0.0215  0.0215  0.0215  0.0215
  0.0217  0.0216  0.0216  0.0216  0.0216  0.0216  0.0216  0.0217  0.0216  0.0216  0.0216  0.0216
  0.0220  0.0219  0.0218  0.0219  0.0219  0.0221  0.0219  0.0221  0.0218  0.0220  0.0217  0.0217
  0.0224  0.0223  0.0221  0.0224  0.0224  0.0229  0.0223  0.0229  0.0221  0.0227  0.0219  0.0220
niter,ni,del,rscale     1    3    5.0000    0.4000
parameters
   -0.4267    1.3021   10.1989   -7.5333  -19.1684   -9.3066
   -2.5261    0.4999    0.3988   31.6802   -3.5768  -31.2127
eta,q 0.97846 12.08602
  0.0221  0.0220  0.0219  0.0221  0.0221  0.0225  0.0220  0.0224  0.0219  0.0223  0.0218  0.0218
  0.0218  0.0217  0.0217  0.0218  0.0218  0.0220  0.0217  0.0219  0.0217  0.0219  0.0216  0.0217
  0.0216  0.0216  0.0216  0.0216  0.0216  0.0217  0.0216  0.0216  0.0216  0.0216  0.0216  0.0216
  0.0215  0.0215  0.0215  0.0215  0.0215  0.0215  0.0215  0.0215  0.0215  0.0215  0.0215  0.0215
  0.0216  0.0216  0.0216  0.0216  0.0216  0.0216  0.0216  0.0216  0.0216  0.0216  0.0216  0.0216
  0.0218  0.0217  0.0217  0.0218  0.0218  0.0219  0.0218  0.0219  0.0217  0.0218  0.0216  0.0217
  0.0221  0.0220  0.0219  0.0221  0.0221  0.0224  0.0220  0.0224  0.0219  0.0223  0.0218  0.0218
registration optimization eta report
parameter search radius
    0.8000    0.8000    0.8000    2.4000    2.4000    2.4000
    2.4000    2.4000    2.4000    2.4000    2.4000    2.4000
100000*second partial in parameter space
       89.       72.       55.        9.        9.       16.
        8.       15.        6.       13.        4.        5.
  0.0221  0.0220  0.0219  0.0221  0.0221  0.0225  0.0220  0.0224  0.0219  0.0223  0.0218  0.0218
  0.0218  0.0217  0.0217  0.0218  0.0218  0.0220  0.0217  0.0219  0.0217  0.0219  0.0216  0.0217
  0.0216  0.0216  0.0216  0.0216  0.0216  0.0217  0.0216  0.0216  0.0216  0.0216  0.0216  0.0216
  0.0215  0.0215  0.0215  0.0215  0.0215  0.0215  0.0215  0.0215  0.0215  0.0215  0.0215  0.0215
  0.0216  0.0216  0.0216  0.0216  0.0216  0.0216  0.0216  0.0216  0.0216  0.0216  0.0216  0.0216
  0.0218  0.0217  0.0217  0.0218  0.0218  0.0219  0.0218  0.0219  0.0217  0.0218  0.0216  0.0217
  0.0221  0.0220  0.0219  0.0221  0.0221  0.0224  0.0220  0.0224  0.0219  0.0223  0.0218  0.0218
   -0.4267    1.3021   10.1989   -7.5333  -19.1684   -9.3066
   -2.5261    0.4999    0.3988   31.6802   -3.5768  -31.2127
eta,q 0.97846 12.08602

---------------------------------------------------------------------
compute_vox2vox talsrcimg talsrcimg_to_711-2C_as_mni_average_305_t4 /opt/freesurfer/average/711-2C_as_mni_average_305
---------------------------------------------------------------------

freesurfer compute_vox2vox.c
Reading: talsrcimg.4dfp.ifh
Reading: talsrcimg_to_711-2C_as_mni_average_305_t4
Reading: /opt/freesurfer/average/711-2C_as_mni_average_305.4dfp.ifh
Writing: talsrcimg_to_711-2C_as_mni_average_305_t4_vox2vox.txt

start time Tue Mar 10 00:27:52 CET 2026
end		time Tue Mar 10 00:29:22 CET 2026

mpr2mni305 success

avi2talxfm orig_nu.mgz /opt/freesurfer/average/mni305.cor.mgz talsrcimg_to_711-2C_as_mni_average_305_t4_vox2vox.txt transforms/talairach.auto.xfm
avi2talxfm done
mv -f /out/sourcedata/freesurfer/sub-v1s3x0050794_ses-1/mri/talsrcimg_to_711-2C_as_mni_average_305_t4_vox2vox.txt /out/sourcedata/freesurfer/sub-v1s3x0050794_ses-1/mri/transforms/talsrcimg_to_711-2C_as_mni_average_305_t4_vox2vox.txt
lta_convert --src orig_nu.mgz --trg /opt/freesurfer/average/mni305.cor.mgz --inxfm transforms/talairach.auto.xfm --outlta transforms/talairach.auto.xfm.lta --subject fsaverage
7.3.2

--src: orig_nu.mgz src image (geometry).
--trg: /opt/freesurfer/average/mni305.cor.mgz trg image (geometry).
--inmni: transforms/talairach.auto.xfm input MNI/XFM transform.
--outlta: transforms/talairach.auto.xfm.lta output LTA.
--s: fsaverage subject name
 LTA read, type : 1
 1.08075  -0.01564   0.02773   1.48050;
 0.03594   0.97105   0.37609   14.86102;
-0.01942  -0.38050   1.08960  -46.01318;
 0.00000   0.00000   0.00000   1.00000;
setting subject to fsaverage
Writing  LTA to file transforms/talairach.auto.xfm.lta...
lta_convert successful.
 
 
Started at Tue Mar 10 00:27:52 CET 2026
Ended   at Tue Mar 10 00:29:22 CET 2026
talairach_avi done
