status file for recon-all
Tue Mar 10 02:08:59 CET 2026
#@# Tessellate lh Tue Mar 10 02:09:00 CET 2026
#@# Smooth1 lh Tue Mar 10 02:09:03 CET 2026
#@# Inflation1 lh Tue Mar 10 02:09:06 CET 2026
#@# QSphere lh Tue Mar 10 02:09:16 CET 2026
#@# Fix Topology lh Tue Mar 10 02:10:13 CET 2026
#@# Smooth2 lh Tue Mar 10 02:17:27 CET 2026
#@# Inflation2 lh Tue Mar 10 02:17:30 CET 2026
#@# Curv .H and .K lh Tue Mar 10 02:17:42 CET 2026
#@# Sphere lh Tue Mar 10 02:18:33 CET 2026
#@# Surf Reg lh Tue Mar 10 02:20:24 CET 2026
#@# Jacobian white lh Tue Mar 10 02:24:04 CET 2026
#@# AvgCurv lh Tue Mar 10 02:24:04 CET 2026
#@# Cortical Parc lh Tue Mar 10 02:24:05 CET 2026
#@# white curv lh Tue Mar 10 02:31:09 CET 2026
#@# white area lh Tue Mar 10 02:31:10 CET 2026
#@# pial curv lh Tue Mar 10 02:31:11 CET 2026
#@# pial area lh Tue Mar 10 02:31:13 CET 2026
#@# thickness lh Tue Mar 10 02:31:13 CET 2026
#@# area and vertex vol lh Tue Mar 10 02:31:45 CET 2026
#@# Curvature Stats lh Tue Mar 10 02:31:47 CET 2026
#@# Cortical Parc 2 lh Tue Mar 10 02:31:49 CET 2026
#@# Cortical Parc 3 lh Tue Mar 10 02:32:03 CET 2026
#@# WM/GM Contrast lh Tue Mar 10 02:32:13 CET 2026
recon-all -s sub-v1s3x0050797_ses-1 finished without error at Tue Mar 10 02:32:16 CET 2026



#New# invocation of recon-all 



status file for recon-all
Tue Mar 10 03:00:40 CET 2026
#@# white curv lh Tue Mar 10 03:00:40 CET 2026
#@# white area lh Tue Mar 10 03:00:40 CET 2026
#@# pial curv lh Tue Mar 10 03:00:40 CET 2026
#@# pial area lh Tue Mar 10 03:00:40 CET 2026
#@# thickness lh Tue Mar 10 03:00:40 CET 2026
#@# area and vertex vol lh Tue Mar 10 03:00:40 CET 2026
#@# Parcellation Stats lh Tue Mar 10 03:00:40 CET 2026
#@# Parcellation Stats 2 lh Tue Mar 10 03:01:01 CET 2026
#@# Parcellation Stats 3 lh Tue Mar 10 03:01:12 CET 2026
#@# BA_exvivo Labels lh Tue Mar 10 03:01:22 CET 2026
recon-all -s sub-v1s3x0050797_ses-1 finished without error at Tue Mar 10 03:03:58 CET 2026
