/out/sourcedata/freesurfer/sub-v1s3x0050788_ses-1/mri
/opt/freesurfer/bin/talairach_avi
--i orig_nu.mgz --xfm transforms/talairach.auto.xfm
talairach_avi 7.3.2
Linux dna069 5.14.0-427.37.1.el9_4.x86_64 #1 SMP PREEMPT_DYNAMIC Fri Sep 13 12:41:50 EDT 2024 x86_64 x86_64 x86_64 GNU/Linux
Mon Mar  9 23:51:04 CET 2026
mri_convert orig_nu.mgz talsrcimg.img 
reading from orig_nu.mgz...
TR=0.00, TE=0.00, TI=0.00, flip angle=0.00
i_ras = (-1, 0, 0)
j_ras = (0, 0, -1)
k_ras = (0, 1, 0)
writing to talsrcimg.img...
Analyze Output Matrix
-1.00000   0.00000   0.00000   134.81479;
 0.00000   0.00000   1.00000  -126.56593;
 0.00000  -1.00000   0.00000   124.76735;
 0.00000   0.00000   0.00000   1.00000;
--------------------
INFO: set hdr.hist.orient to -1
mpr2mni305 talsrcimg
Mon Mar  9 23:51:04 CET 2026
/opt/freesurfer/bin/mpr2mni305 talsrcimg
mpr2mni305 7.3.2
target=711-2C_as_mni_average_305

---------------------------------------------------------------------
analyzeto4dfp talsrcimg -O0 -y
---------------------------------------------------------------------

freesurfer ifh2hdr.c
Mon Mar  9 23:51:05 2026
Writing: talsrcimg.4dfp.hdr
freesurfer analyzeto4dfp.c
Reading: talsrcimg.hdr
header size 348 bytes
hdr.dime.datatype	offset=70	value=2
hdr.dime.bitpix		offset=72	value=8
hdr.hist.orient		offset=252	value=-1
dimensionality     4
dimensions       256       256       256         1
Reading: talsrcimg.img
Writing: talsrcimg.4dfp.img
Writing: talsrcimg.4dfp.ifh
ifh2hdr talsrcimg -r0to241
ori=2

---------------------------------------------------------------------
gauss_4dfp talsrcimg 1.1
---------------------------------------------------------------------

freesurfer gauss_4dfp.c
Reading: talsrcimg.4dfp.img
Writing: talsrcimg_g11.4dfp.img
image dimensions 256 256 256 padded to 288 288 288
processing volume 1freesurfer ifh2hdr.c
Mon Mar  9 23:51:06 2026
Writing: talsrcimg_g11.4dfp.hdr

Writing: talsrcimg_g11.4dfp.ifh
including: talsrcimg.4dfp.img.rec in talsrcimg_g11.4dfp.img.rec

---------------------------------------------------------------------
imgreg_4dfp /opt/freesurfer/average/711-2C_as_mni_average_305 none talsrcimg_g11 none talsrcimg_to_711-2C_as_mni_average_305_t4 4355
---------------------------------------------------------------------

freesurfer imgreg_4dfp.c
/opt/freesurfer/average/711-2C_as_mni_average_305.4dfp.img
       256       256       256         1
  1.000000  1.000000  1.000000
orientation T byte_order littleendian
Reading image: /opt/freesurfer/average/711-2C_as_mni_average_305.4dfp.img
dimensions:      256       256       256
mmppix:       1.0000   -1.0000   -1.0000
center:     128.0000 -129.0000 -129.0000
talsrcimg_g11.4dfp.img
       256       256       256         1
  1.000000  1.000000  1.000000
orientation T byte_order littleendian
Reading image: talsrcimg_g11.4dfp.img
dimensions:      256       256       256
mmppix:       1.0000   -1.0000   -1.0000
center:     128.0000 -129.0000 -129.0000
t4_read: open error in t4_sub.f l:  41 t4_file(1:l)talsrcimg_to_711-2C_as_mni_average_305_t4 
t4_read: transform initialized to I4
rotation matrix determinant  1.000000
image alignment mode   4355 decimal     1103 hex
   -7.5000  -45.0000  -45.0000 6900.0850   22.6090
    0.0000  -45.0000  -45.0000 7237.5498   22.6665
    7.5000  -45.0000  -45.0000 6992.5088   22.7071
   -7.5000  -37.5000  -45.0000 7326.3081   22.6067
    0.0000  -37.5000  -45.0000 7682.8911   22.6728
    7.5000  -37.5000  -45.0000 7430.3711   22.7031
   -7.5000  -30.0000  -45.0000 7959.9614   22.6057
    0.0000  -30.0000  -45.0000 8351.1367   22.6788
    7.5000  -30.0000  -45.0000 8073.8755   22.7034
   -7.5000  -22.5000  -45.0000 8553.8838   22.6157
    0.0000  -22.5000  -45.0000 8987.6387   22.6864
    7.5000  -22.5000  -45.0000 8654.5469   22.7146
   -7.5000  -15.0000  -45.0000 9102.7969   22.6149
    0.0000  -15.0000  -45.0000 9566.1934   22.6766
    7.5000  -15.0000  -45.0000 9231.6270   22.7142
   -7.5000   -7.5000  -45.0000 9622.5908   22.6073
    0.0000   -7.5000  -45.000010112.7734   22.6625
    7.5000   -7.5000  -45.0000 9772.2510   22.7068
   -7.5000    0.0000  -45.000010107.1748   22.6090
    0.0000    0.0000  -45.000010614.5820   22.6665
    7.5000    0.0000  -45.000010247.5811   22.7071
   -7.5000    7.5000  -45.0000 9780.1025   22.6067
    0.0000    7.5000  -45.000010275.7188   22.6728
    7.5000    7.5000  -45.0000 9919.3555   22.7031
   -7.5000   15.0000  -45.0000 9390.5674   22.6057
    0.0000   15.0000  -45.0000 9857.4131   22.6788
    7.5000   15.0000  -45.0000 9489.4619   22.7034
   -7.5000   22.5000  -45.0000 8723.4160   22.6126
    0.0000   22.5000  -45.0000 9154.2646   22.6833
    7.5000   22.5000  -45.0000 8810.0039   22.7115
   -7.5000   30.0000  -45.0000 7964.0332   22.3136
    0.0000   30.0000  -45.0000 8363.9316   22.3744
    7.5000   30.0000  -45.0000 8037.7515   22.4115
   -7.5000   37.5000  -45.0000 7492.6157   22.3060
    0.0000   37.5000  -45.0000 7857.5703   22.3605
    7.5000   37.5000  -45.0000 7535.5947   22.4042
   -7.5000   45.0000  -45.0000 6807.8457   21.7413
    0.0000   45.0000  -45.0000 7131.4165   21.7965
    7.5000   45.0000  -45.0000 6812.3447   21.8356
   -7.5000  -45.0000  -37.5000 7447.8872   22.3619
    0.0000  -45.0000  -37.5000 7836.8164   22.4186
    7.5000  -45.0000  -37.5000 7570.4917   22.4715
   -7.5000  -37.5000  -37.5000 7933.3652   22.3614
    0.0000  -37.5000  -37.5000 8332.5332   22.4236
    7.5000  -37.5000  -37.5000 8040.4150   22.4661
   -7.5000  -30.0000  -37.5000 8625.2715   22.3572
    0.0000  -30.0000  -37.5000 9053.1230   22.4247
    7.5000  -30.0000  -37.5000 8741.8291   22.4654
   -7.5000  -22.5000  -37.5000 9257.9805   22.3578
    0.0000  -22.5000  -37.5000 9722.7627   22.4275
    7.5000  -22.5000  -37.5000 9377.1914   22.4781
   -7.5000  -15.0000  -37.5000 9786.8535   22.3526
    0.0000  -15.0000  -37.500010278.1660   22.4173
    7.5000  -15.0000  -37.5000 9921.4268   22.4797
   -7.5000   -7.5000  -37.500010341.4277   22.3525
    0.0000   -7.5000  -37.500010897.1025   22.4096
    7.5000   -7.5000  -37.500010477.5205   22.4725
   -7.5000    0.0000  -37.500010849.9082   22.3619
    0.0000    0.0000  -37.500011440.4141   22.4186
    7.5000    0.0000  -37.500010971.0254   22.4715
   -7.5000    7.5000  -37.500010456.3564   22.3614
    0.0000    7.5000  -37.500010991.0127   22.4236
    7.5000    7.5000  -37.500010580.2207   22.4661
   -7.5000   15.0000  -37.500010027.5850   22.3572
    0.0000   15.0000  -37.500010522.8545   22.4247
    7.5000   15.0000  -37.500010131.2969   22.4654
   -7.5000   22.5000  -37.5000 9364.2812   22.3547
    0.0000   22.5000  -37.5000 9799.1123   22.4245
    7.5000   22.5000  -37.5000 9401.8496   22.4750
   -7.5000   30.0000  -37.5000 8526.8096   22.0548
    0.0000   30.0000  -37.5000 8949.9922   22.1186
    7.5000   30.0000  -37.5000 8573.0137   22.1801
   -7.5000   37.5000  -37.5000 7967.6411   22.0547
    0.0000   37.5000  -37.5000 8386.3145   22.1109
    7.5000   37.5000  -37.5000 7990.9131   22.1730
   -7.5000   45.0000  -37.5000 7217.9551   21.5036
    0.0000   45.0000  -37.5000 7573.5537   21.5582
    7.5000   45.0000  -37.5000 7217.8838   21.6091
   -7.5000  -45.0000  -30.0000 8206.9307   23.1402
    0.0000  -45.0000  -30.0000 8677.6592   23.1811
    7.5000  -45.0000  -30.0000 8351.4229   23.2404
   -7.5000  -37.5000  -30.0000 8703.0166   23.1548
    0.0000  -37.5000  -30.0000 9212.7031   23.1995
    7.5000  -37.5000  -30.0000 8854.9404   23.2483
   -7.5000  -30.0000  -30.0000 9467.3691   23.1677
    0.0000  -30.0000  -30.0000 9978.0215   23.2172
    7.5000  -30.0000  -30.0000 9606.8906   23.2678
   -7.5000  -22.5000  -30.000010147.5625   23.1668
    0.0000  -22.5000  -30.000010694.2949   23.2210
    7.5000  -22.5000  -30.000010281.0400   23.2870
   -7.5000  -15.0000  -30.000010695.5361   23.1455
    0.0000  -15.0000  -30.000011306.4414   23.1955
    7.5000  -15.0000  -30.000010815.2129   23.2749
   -7.5000   -7.5000  -30.000011285.9082   23.1317
    0.0000   -7.5000  -30.000011937.8662   23.1734
    7.5000   -7.5000  -30.000011408.3662   23.2479
   -7.5000    0.0000  -30.000011807.4482   23.1402
    0.0000    0.0000  -30.000012457.0938   23.1811
    7.5000    0.0000  -30.000011949.8789   23.2404
   -7.5000    7.5000  -30.000011347.9580   23.1548
    0.0000    7.5000  -30.000011933.4102   23.1995
    7.5000    7.5000  -30.000011492.8193   23.2483
   -7.5000   15.0000  -30.000010910.3418   23.1677
    0.0000   15.0000  -30.000011461.0225   23.2172
    7.5000   15.0000  -30.000011013.8916   23.2678
   -7.5000   22.5000  -30.000010160.4639   23.1613
    0.0000   22.5000  -30.000010690.8291   23.2154
    7.5000   22.5000  -30.000010233.7656   23.2814
   -7.5000   30.0000  -30.0000 9237.3730   22.8393
    0.0000   30.0000  -30.0000 9694.4199   22.8886
    7.5000   30.0000  -30.0000 9259.3613   22.9670
   -7.5000   37.5000  -30.0000 8581.2832   22.8256
    0.0000   37.5000  -30.0000 9022.6494   22.8668
    7.5000   37.5000  -30.0000 8608.7363   22.9403
   -7.5000   45.0000  -30.0000 7733.6230   22.2684
    0.0000   45.0000  -30.0000 8156.1782   22.3078
    7.5000   45.0000  -30.0000 7769.8350   22.3648
   -7.5000  -45.0000  -22.5000 8984.1104   23.9320
    0.0000  -45.0000  -22.5000 9515.5400   23.9547
    7.5000  -45.0000  -22.5000 9153.8779   24.0077
   -7.5000  -37.5000  -22.5000 9547.7930   23.9636
    0.0000  -37.5000  -22.500010096.3467   23.9907
    7.5000  -37.5000  -22.5000 9711.2979   24.0323
   -7.5000  -30.0000  -22.500010360.2559   23.9976
    0.0000  -30.0000  -22.500010959.0391   24.0308
    7.5000  -30.0000  -22.500010515.6699   24.0731
   -7.5000  -22.5000  -22.500011055.5381   24.0014
    0.0000  -22.5000  -22.500011692.3066   24.0380
    7.5000  -22.5000  -22.500011232.3887   24.0945
   -7.5000  -15.0000  -22.500011653.2383   23.9639
    0.0000  -15.0000  -22.500012374.1396   23.9944
    7.5000  -15.0000  -22.500011812.3838   24.0642
   -7.5000   -7.5000  -22.500012265.5254   23.9286
    0.0000   -7.5000  -22.500013045.9482   23.9514
    7.5000   -7.5000  -22.500012432.0234   24.0182
   -7.5000    0.0000  -22.500012817.2725   23.9320
    0.0000    0.0000  -22.500013573.3652   23.9547
    7.5000    0.0000  -22.500013028.0615   24.0077
   -7.5000    7.5000  -22.500012339.9756   23.9636
    0.0000    7.5000  -22.500013016.2344   23.9907
    7.5000    7.5000  -22.500012489.1992   24.0323
   -7.5000   15.0000  -22.500011831.0781   23.9976
    0.0000   15.0000  -22.500012459.4766   24.0308
    7.5000   15.0000  -22.500011931.4717   24.0731
   -7.5000   22.5000  -22.500011031.5664   23.9940
    0.0000   22.5000  -22.500011626.6885   24.0306
    7.5000   22.5000  -22.500011097.2197   24.0871
   -7.5000   30.0000  -22.5000 9968.8359   23.6504
    0.0000   30.0000  -22.500010496.3623   23.6806
    7.5000   30.0000  -22.500010001.9824   23.7494
   -7.5000   37.5000  -22.5000 9205.7910   23.6156
    0.0000   37.5000  -22.5000 9722.6016   23.6381
    7.5000   37.5000  -22.5000 9264.6465   23.7040
   -7.5000   45.0000  -22.5000 8276.0361   23.0477
    0.0000   45.0000  -22.5000 8742.3535   23.0696
    7.5000   45.0000  -22.5000 8320.8662   23.1206
   -7.5000  -45.0000  -15.0000 9795.2109   24.5554
    0.0000  -45.0000  -15.000010353.0127   24.5759
    7.5000  -45.0000  -15.0000 9910.4521   24.6185
   -7.5000  -37.5000  -15.000010394.7227   24.5917
    0.0000  -37.5000  -15.000010983.1875   24.6201
    7.5000  -37.5000  -15.000010495.6299   24.6493
   -7.5000  -30.0000  -15.000011296.5684   24.6317
    0.0000  -30.0000  -15.000011942.0586   24.6690
    7.5000  -30.0000  -15.000011391.5742   24.6940
   -7.5000  -22.5000  -15.000012029.9355   24.6399
    0.0000  -22.5000  -15.000012726.8477   24.6770
    7.5000  -22.5000  -15.000012163.1152   24.7117
   -7.5000  -15.0000  -15.000012674.1865   24.5995
    0.0000  -15.0000  -15.000013471.0391   24.6261
    7.5000  -15.0000  -15.000012810.6787   24.6740
   -7.5000   -7.5000  -15.000013327.8789   24.5551
    0.0000   -7.5000  -15.000014207.3701   24.5739
    7.5000   -7.5000  -15.000013509.5625   24.6256
   -7.5000    0.0000  -15.000013909.6650   24.5554
    0.0000    0.0000  -15.000014788.4492   24.5759
    7.5000    0.0000  -15.000014115.0293   24.6185
   -7.5000    7.5000  -15.000013315.6445   24.5917
    0.0000    7.5000  -15.000014133.0322   24.6201
    7.5000    7.5000  -15.000013510.5645   24.6493
   -7.5000   15.0000  -15.000012693.5039   24.6317
    0.0000   15.0000  -15.000013451.7402   24.6690
    7.5000   15.0000  -15.000012847.1484   24.6940
   -7.5000   22.5000  -15.000011871.4570   24.6312
    0.0000   22.5000  -15.000012567.4678   24.6683
    7.5000   22.5000  -15.000011992.0605   24.7030
   -7.5000   30.0000  -15.000010685.1299   24.2811
    0.0000   30.0000  -15.000011302.1836   24.3074
    7.5000   30.0000  -15.000010782.4570   24.3547
   -7.5000   37.5000  -15.0000 9878.1934   24.2373
    0.0000   37.5000  -15.000010436.9717   24.2559
    7.5000   37.5000  -15.0000 9964.7158   24.3069
   -7.5000   45.0000  -15.0000 8871.7734   23.6624
    0.0000   45.0000  -15.0000 9357.9414   23.6821
    7.5000   45.0000  -15.0000 8914.5303   23.7231
   -7.5000  -45.0000   -7.500010626.1289   24.9043
    0.0000  -45.0000   -7.500011246.9854   24.9441
    7.5000  -45.0000   -7.500010769.1621   24.9814
   -7.5000  -37.5000   -7.500011248.8428   24.9219
    0.0000  -37.5000   -7.500011913.2002   24.9725
    7.5000  -37.5000   -7.500011362.6982   24.9964
   -7.5000  -30.0000   -7.500012213.0703   24.9403
    0.0000  -30.0000   -7.500012961.2637   25.0008
    7.5000  -30.0000   -7.500012343.5596   25.0176
   -7.5000  -22.5000   -7.500013011.2236   24.9500
    0.0000  -22.5000   -7.500013801.5049   25.0072
    7.5000  -22.5000   -7.500013158.9082   25.0289
   -7.5000  -15.0000   -7.500013750.4424   24.9293
    0.0000  -15.0000   -7.500014611.3213   24.9739
    7.5000  -15.0000   -7.500013861.1025   25.0074
   -7.5000   -7.5000   -7.500014442.4678   24.9021
    0.0000   -7.5000   -7.500015403.1309   24.9392
    7.5000   -7.5000   -7.500014605.6836   24.9811
   -7.5000    0.0000   -7.500015049.4082   24.9043
    0.0000    0.0000   -7.500016063.1025   24.9441
    7.5000    0.0000   -7.500015268.3652   24.9814
   -7.5000    7.5000   -7.500014409.7910   24.9219
    0.0000    7.5000   -7.500015366.3584   24.9725
    7.5000    7.5000   -7.500014628.7246   24.9964
   -7.5000   15.0000   -7.500013662.2070   24.9403
    0.0000   15.0000   -7.500014507.9395   25.0008
    7.5000   15.0000   -7.500013811.0469   25.0176
   -7.5000   22.5000   -7.500012800.5117   24.9385
    0.0000   22.5000   -7.500013575.7686   24.9957
    7.5000   22.5000   -7.500012907.7949   25.0174
   -7.5000   30.0000   -7.500011489.3027   24.6061
    0.0000   30.0000   -7.500012181.9160   24.6500
    7.5000   30.0000   -7.500011605.5850   24.6831
   -7.5000   37.5000   -7.500010635.0674   24.5792
    0.0000   37.5000   -7.500011230.8955   24.6157
    7.5000   37.5000   -7.500010715.2188   24.6572
   -7.5000   45.0000   -7.5000 9526.0156   24.0030
    0.0000   45.0000   -7.500010031.6641   24.0414
    7.5000   45.0000   -7.5000 9568.7881   24.0774
   -7.5000  -45.0000    0.000011406.7383   24.9639
    0.0000  -45.0000    0.000012077.8975   25.0257
    7.5000  -45.0000    0.000011541.4189   25.0700
   -7.5000  -37.5000    0.000012085.4766   24.9616
    0.0000  -37.5000    0.000012804.3350   25.0325
    7.5000  -37.5000    0.000012175.2041   25.0653
   -7.5000  -30.0000    0.000013094.8906   24.9569
    0.0000  -30.0000    0.000013928.6270   25.0359
    7.5000  -30.0000    0.000013207.2686   25.0623
   -7.5000  -22.5000    0.000013947.5791   24.9638
    0.0000  -22.5000    0.000014831.1260   25.0410
    7.5000  -22.5000    0.000014080.9346   25.0716
   -7.5000  -15.0000    0.000014698.4775   24.9621
    0.0000  -15.0000    0.000015700.6348   25.0298
    7.5000  -15.0000    0.000014843.3633   25.0711
   -7.5000   -7.5000    0.000015428.6406   24.9575
    0.0000   -7.5000    0.000016512.9629   25.0177
    7.5000   -7.5000    0.000015605.5332   25.0665
   -7.5000    0.0000    0.000016083.2451   24.9639
    0.0000    0.0000    0.000017235.1328   25.0257
    7.5000    0.0000    0.000016321.9922   25.0700
   -7.5000    7.5000    0.000015449.8867   24.9616
    0.0000    7.5000    0.000016500.8691   25.0325
    7.5000    7.5000    0.000015656.9512   25.0653
   -7.5000   15.0000    0.000014604.4629   24.9569
    0.0000   15.0000    0.000015510.5449   25.0359
    7.5000   15.0000    0.000014713.0449   25.0623
   -7.5000   22.5000    0.000013667.4854   24.9523
    0.0000   22.5000    0.000014518.0703   25.0295
    7.5000   22.5000    0.000013737.4014   25.0600
   -7.5000   30.0000    0.000012275.0703   24.6390
    0.0000   30.0000    0.000013041.2734   24.7059
    7.5000   30.0000    0.000012384.2207   24.7466
   -7.5000   37.5000    0.000011337.7559   24.6345
    0.0000   37.5000    0.000012024.5488   24.6940
    7.5000   37.5000    0.000011443.7227   24.7421
   -7.5000   45.0000    0.000010119.7148   24.0623
    0.0000   45.0000    0.000010681.2490   24.1218
    7.5000   45.0000    0.000010208.9004   24.1646
   -7.5000  -45.0000    7.500011345.7939   24.9071
    0.0000  -45.0000    7.500012007.1904   24.9701
    7.5000  -45.0000    7.500011455.1309   25.0290
   -7.5000  -37.5000    7.500011966.6729   24.9070
    0.0000  -37.5000    7.500012675.7051   24.9760
    7.5000  -37.5000    7.500012074.8262   25.0234
   -7.5000  -30.0000    7.500013001.4922   24.9026
    0.0000  -30.0000    7.500013759.9629   24.9777
    7.5000  -30.0000    7.500013104.2471   25.0231
   -7.5000  -22.5000    7.500013916.7676   24.9033
    0.0000  -22.5000    7.500014811.7539   24.9810
    7.5000  -22.5000    7.500014063.8369   25.0372
   -7.5000  -15.0000    7.500014642.1162   24.8974
    0.0000  -15.0000    7.500015639.5020   24.9694
    7.5000  -15.0000    7.500014801.2324   25.0386
   -7.5000   -7.5000    7.500015313.5254   24.8969
    0.0000   -7.5000    7.500016324.8857   24.9602
    7.5000   -7.5000    7.500015465.0508   25.0301
   -7.5000    0.0000    7.500015966.8154   24.9071
    0.0000    0.0000    7.500016981.8945   24.9701
    7.5000    0.0000    7.500016134.6748   25.0290
   -7.5000    7.5000    7.500015276.9941   24.9070
    0.0000    7.5000    7.500016261.9824   24.9760
    7.5000    7.5000    7.500015417.6064   25.0234
   -7.5000   15.0000    7.500014400.5059   24.9026
    0.0000   15.0000    7.500015298.8232   24.9777
    7.5000   15.0000    7.500014447.8135   25.0231
   -7.5000   22.5000    7.500013467.6113   24.8919
    0.0000   22.5000    7.500014257.7090   24.9695
    7.5000   22.5000    7.500013442.9131   25.0257
   -7.5000   30.0000    7.500012123.0986   24.5752
    0.0000   30.0000    7.500012848.8662   24.6463
    7.5000   30.0000    7.500012167.3145   24.7146
   -7.5000   37.5000    7.500011185.8428   24.5747
    0.0000   37.5000    7.500011877.9023   24.6372
    7.5000   37.5000    7.500011285.1895   24.7062
   -7.5000   45.0000    7.5000 9994.4883   24.0076
    0.0000   45.0000    7.500010556.3145   24.0683
    7.5000   45.0000    7.500010056.6123   24.1251
   -7.5000  -45.0000   15.000011118.9648   24.8486
    0.0000  -45.0000   15.000011652.1016   24.8926
    7.5000  -45.0000   15.000011212.3965   24.9562
   -7.5000  -37.5000   15.000011683.1084   24.8644
    0.0000  -37.5000   15.000012237.6494   24.9123
    7.5000  -37.5000   15.000011768.5859   24.9648
   -7.5000  -30.0000   15.000012720.8936   24.8782
    0.0000  -30.0000   15.000013360.9570   24.9313
    7.5000  -30.0000   15.000012837.1094   24.9857
   -7.5000  -22.5000   15.000013719.1494   24.8772
    0.0000  -22.5000   15.000014617.1201   24.9354
    7.5000  -22.5000   15.000013884.3750   25.0063
   -7.5000  -15.0000   15.000014435.3350   24.8544
    0.0000  -15.0000   15.000015331.5479   24.9080
    7.5000  -15.0000   15.000014594.5127   24.9933
   -7.5000   -7.5000   15.000015034.3135   24.8395
    0.0000   -7.5000   15.000015828.8291   24.8843
    7.5000   -7.5000   15.000015166.0518   24.9643
   -7.5000    0.0000   15.000015681.6592   24.8486
    0.0000    0.0000   15.000016481.4473   24.8926
    7.5000    0.0000   15.000015813.3516   24.9562
   -7.5000    7.5000   15.000014987.7646   24.8644
    0.0000    7.5000   15.000015779.5244   24.9123
    7.5000    7.5000   15.000015128.7354   24.9648
   -7.5000   15.0000   15.000014083.0908   24.8782
    0.0000   15.0000   15.000014801.1455   24.9313
    7.5000   15.0000   15.000014144.5137   24.9857
   -7.5000   22.5000   15.000013122.0205   24.8658
    0.0000   22.5000   15.000013793.6748   24.9239
    7.5000   22.5000   15.000013069.8936   24.9947
   -7.5000   30.0000   15.000011824.2422   24.5327
    0.0000   30.0000   15.000012470.5684   24.5857
    7.5000   30.0000   15.000011826.7344   24.6699
   -7.5000   37.5000   15.000010930.8301   24.5180
    0.0000   37.5000   15.000011563.1992   24.5623
    7.5000   37.5000   15.000010958.8232   24.6412
   -7.5000   45.0000   15.0000 9765.3975   23.9512
    0.0000   45.0000   15.000010323.4102   23.9936
    7.5000   45.0000   15.0000 9786.2354   24.0549
   -7.5000  -45.0000   22.500010739.1660   24.8433
    0.0000  -45.0000   22.500011223.8838   24.8669
    7.5000  -45.0000   22.500010808.7012   24.9219
   -7.5000  -37.5000   22.500011272.2627   24.8761
    0.0000  -37.5000   22.500011733.9121   24.9042
    7.5000  -37.5000   22.500011338.1094   24.9475
   -7.5000  -30.0000   22.500012269.2822   24.9114
    0.0000  -30.0000   22.500012779.1279   24.9459
    7.5000  -30.0000   22.500012368.7500   24.9898
   -7.5000  -22.5000   22.500013214.2275   24.9153
    0.0000  -22.5000   22.500013919.8770   24.9534
    7.5000  -22.5000   22.500013369.6494   25.0120
   -7.5000  -15.0000   22.500013948.1699   24.8764
    0.0000  -15.0000   22.500014551.4414   24.9081
    7.5000  -15.0000   22.500014093.5723   24.9805
   -7.5000   -7.5000   22.500014602.6172   24.8398
    0.0000   -7.5000   22.500015075.6113   24.8634
    7.5000   -7.5000   22.500014709.5312   24.9328
   -7.5000    0.0000   22.500015300.6953   24.8433
    0.0000    0.0000   22.500015829.9600   24.8669
    7.5000    0.0000   22.500015406.0059   24.9219
   -7.5000    7.5000   22.500014649.2871   24.8761
    0.0000    7.5000   22.500015238.9531   24.9042
    7.5000    7.5000   22.500014715.0430   24.9475
   -7.5000   15.0000   22.500013678.5273   24.9114
    0.0000   15.0000   22.500014260.8164   24.9459
    7.5000   15.0000   22.500013670.6133   24.9898
   -7.5000   22.5000   22.500012669.6396   24.9039
    0.0000   22.5000   22.500013278.6445   24.9419
    7.5000   22.5000   22.500012602.0420   25.0005
   -7.5000   30.0000   22.500011385.3936   24.5545
    0.0000   30.0000   22.500011997.3330   24.5858
    7.5000   30.0000   22.500011382.4893   24.6572
   -7.5000   37.5000   22.500010556.6426   24.5183
    0.0000   37.5000   22.500011163.2178   24.5417
    7.5000   37.5000   22.500010576.6240   24.6101
   -7.5000   45.0000   22.5000 9412.5039   23.9461
    0.0000   45.0000   22.5000 9962.6748   23.9689
    7.5000   45.0000   22.5000 9410.6816   24.0219
   -7.5000  -45.0000   30.000010160.8330   24.8924
    0.0000  -45.0000   30.000010571.0322   24.9132
    7.5000  -45.0000   30.000010248.5518   24.9563
   -7.5000  -37.5000   30.000010691.2383   24.9292
    0.0000  -37.5000   30.000011091.1963   24.9580
    7.5000  -37.5000   30.000010781.5225   24.9876
   -7.5000  -30.0000   30.000011609.8389   24.9697
    0.0000  -30.0000   30.000012040.3350   25.0076
    7.5000  -30.0000   30.000011717.9092   25.0329
   -7.5000  -22.5000   30.000012478.4834   24.9781
    0.0000  -22.5000   30.000012982.5703   25.0157
    7.5000  -22.5000   30.000012604.0449   25.0508
   -7.5000  -15.0000   30.000013259.4580   24.9371
    0.0000  -15.0000   30.000013753.2227   24.9641
    7.5000  -15.0000   30.000013343.3623   25.0126
   -7.5000   -7.5000   30.000014034.5664   24.8920
    0.0000   -7.5000   30.000014598.6826   24.9112
    7.5000   -7.5000   30.000014089.4521   24.9635
   -7.5000    0.0000   30.000014734.4805   24.8924
    0.0000    0.0000   30.000015431.3701   24.9132
    7.5000    0.0000   30.000014774.9287   24.9563
   -7.5000    7.5000   30.000014058.9277   24.9292
    0.0000    7.5000   30.000014795.2168   24.9580
    7.5000    7.5000   30.000014101.1787   24.9876
   -7.5000   15.0000   30.000012996.0449   24.9697
    0.0000   15.0000   30.000013689.1201   25.0076
    7.5000   15.0000   30.000013053.6309   25.0329
   -7.5000   22.5000   30.000011987.1113   24.9666
    0.0000   22.5000   30.000012648.6094   25.0042
    7.5000   22.5000   30.000011995.3320   25.0393
   -7.5000   30.0000   30.000010782.5059   24.6144
    0.0000   30.0000   30.000011360.8887   24.6410
    7.5000   30.0000   30.000010786.5264   24.6889
   -7.5000   37.5000   30.000010004.4336   24.5699
    0.0000   37.5000   30.000010507.0430   24.5888
    7.5000   37.5000   30.000010026.5605   24.6404
   -7.5000   45.0000   30.0000 8905.5557   23.9934
    0.0000   45.0000   30.0000 9345.7021   24.0134
    7.5000   45.0000   30.0000 8921.8857   24.0550
   -7.5000  -45.0000   37.5000 9932.5293   24.9623
    0.0000  -45.0000   37.500010376.2676   25.0023
    7.5000  -45.0000   37.500010043.8115   25.0397
   -7.5000  -37.5000   37.500010413.4668   24.9799
    0.0000  -37.5000   37.500010902.7764   25.0307
    7.5000  -37.5000   37.500010554.6113   25.0548
   -7.5000  -30.0000   37.500011335.4277   24.9983
    0.0000  -30.0000   37.500011857.3408   25.0590
    7.5000  -30.0000   37.500011488.5439   25.0759
   -7.5000  -22.5000   37.500012251.9414   25.0080
    0.0000  -22.5000   37.500012772.1152   25.0655
    7.5000  -22.5000   37.500012356.6094   25.0872
   -7.5000  -15.0000   37.500013024.4131   24.9874
    0.0000  -15.0000   37.500013526.5303   25.0321
    7.5000  -15.0000   37.500013061.9971   25.0657
   -7.5000   -7.5000   37.500013735.7930   24.9601
    0.0000   -7.5000   37.500014293.0898   24.9973
    7.5000   -7.5000   37.500013779.5713   25.0394
   -7.5000    0.0000   37.500014413.6445   24.9623
    0.0000    0.0000   37.500015072.7725   25.0023
    7.5000    0.0000   37.500014409.3535   25.0397
   -7.5000    7.5000   37.500013797.7588   24.9799
    0.0000    7.5000   37.500014470.4629   25.0307
    7.5000    7.5000   37.500013850.1758   25.0548
   -7.5000   15.0000   37.500012757.4590   24.9983
    0.0000   15.0000   37.500013379.6934   25.0590
    7.5000   15.0000   37.500012834.7227   25.0759
   -7.5000   22.5000   37.500011699.3936   24.9965
    0.0000   22.5000   37.500012327.4551   25.0539
    7.5000   22.5000   37.500011762.9463   25.0757
   -7.5000   30.0000   37.500010497.2588   24.6640
    0.0000   30.0000   37.500011069.5498   24.7081
    7.5000   30.0000   37.500010566.9131   24.7413
   -7.5000   37.5000   37.5000 9708.2852   24.6371
    0.0000   37.5000   37.500010210.6836   24.6738
    7.5000   37.5000   37.5000 9775.4170   24.7153
   -7.5000   45.0000   37.5000 8632.1904   24.0608
    0.0000   45.0000   37.5000 9058.9893   24.0993
    7.5000   45.0000   37.5000 8677.9131   24.1354
   -7.5000  -45.0000   45.0000 9241.3115   24.8393
    0.0000  -45.0000   45.0000 9722.1455   24.9002
    7.5000  -45.0000   45.0000 9365.5850   24.9440
   -7.5000  -37.5000   45.0000 9708.0830   24.8372
    0.0000  -37.5000   45.000010228.8633   24.9075
    7.5000  -37.5000   45.0000 9850.0264   24.9398
   -7.5000  -30.0000   45.000010570.3535   24.8322
    0.0000  -30.0000   45.000011095.3848   24.9109
    7.5000  -30.0000   45.000010689.3301   24.9370
   -7.5000  -22.5000   45.000011366.0371   24.8386
    0.0000  -22.5000   45.000011848.3525   24.9154
    7.5000  -22.5000   45.000011412.4307   24.9458
   -7.5000  -15.0000   45.000011995.2471   24.8366
    0.0000  -15.0000   45.000012492.2070   24.9037
    7.5000  -15.0000   45.000012032.0244   24.9448
   -7.5000   -7.5000   45.000012633.0938   24.8323
    0.0000   -7.5000   45.000013166.2510   24.8918
    7.5000   -7.5000   45.000012695.6865   24.9401
   -7.5000    0.0000   45.000013192.9590   24.8393
    0.0000    0.0000   45.000013775.5635   24.9002
    7.5000    0.0000   45.000013254.0586   24.9440
   -7.5000    7.5000   45.000012667.7109   24.8372
    0.0000    7.5000   45.000013290.3066   24.9075
    7.5000    7.5000   45.000012756.5264   24.9398
   -7.5000   15.0000   45.000011802.5664   24.8322
    0.0000   15.0000   45.000012395.0117   24.9109
    7.5000   15.0000   45.000011897.5742   24.9370
   -7.5000   22.5000   45.000010824.7070   24.8270
    0.0000   22.5000   45.000011390.2559   24.9038
    7.5000   22.5000   45.000010906.5566   24.9342
   -7.5000   30.0000   45.0000 9712.4570   24.5130
    0.0000   30.0000   45.000010216.8516   24.5793
    7.5000   30.0000   45.0000 9789.3760   24.6198
   -7.5000   37.5000   45.0000 8955.8545   24.5088
    0.0000   37.5000   45.0000 9416.3232   24.5675
    7.5000   37.5000   45.0000 9023.6221   24.6152
   -7.5000   45.0000   45.0000 7940.0278   23.9530
    0.0000   45.0000   45.0000 8351.2510   24.0118
    7.5000   45.0000   45.0000 8009.4302   24.0540

---------------------------------------------------------------------
imgreg_4dfp /opt/freesurfer/average/711-2C_as_mni_average_305 /opt/freesurfer/average/711-2B_as_mni_average_305_mask talsrcimg_g11 none talsrcimg_to_711-2C_as_mni_average_305_t4 4355
---------------------------------------------------------------------

freesurfer imgreg_4dfp.c
/opt/freesurfer/average/711-2C_as_mni_average_305.4dfp.img
       256       256       256         1
  1.000000  1.000000  1.000000
orientation T byte_order littleendian
Reading image: /opt/freesurfer/average/711-2C_as_mni_average_305.4dfp.img
dimensions:      256       256       256
mmppix:       1.0000   -1.0000   -1.0000
center:     128.0000 -129.0000 -129.0000
/opt/freesurfer/average/711-2B_as_mni_average_305_mask.4dfp.img
       256       256       256         1
  1.000000  1.000000  1.000000
orientation T byte_order littleendian
Reading mask: /opt/freesurfer/average/711-2B_as_mni_average_305_mask.4dfp.img (2306576 pixels)
talsrcimg_g11.4dfp.img
       256       256       256         1
  1.000000  1.000000  1.000000
orientation T byte_order littleendian
Reading image: talsrcimg_g11.4dfp.img
dimensions:      256       256       256
mmppix:       1.0000   -1.0000   -1.0000
center:     128.0000 -129.0000 -129.0000
rotation matrix determinant  1.000000
image alignment mode   4355 decimal     1103 hex
   -7.5000  -45.0000  -45.0000 1916.3948   28.5152
    0.0000  -45.0000  -45.0000 1928.8649   28.2869
    7.5000  -45.0000  -45.0000 1917.0741   28.3300
   -7.5000  -37.5000  -45.0000 1991.6205   26.6932
    0.0000  -37.5000  -45.0000 2009.1207   26.4930
    7.5000  -37.5000  -45.0000 1995.5939   26.5271
   -7.5000  -30.0000  -45.0000 2041.4862   25.4857
    0.0000  -30.0000  -45.0000 2058.6614   25.2767
    7.5000  -30.0000  -45.0000 2044.2803   25.3084
   -7.5000  -22.5000  -45.0000 2082.1804   24.6782
    0.0000  -22.5000  -45.0000 2094.4929   24.4199
    7.5000  -22.5000  -45.0000 2077.2925   24.5221
   -7.5000  -15.0000  -45.0000 2094.6584   24.3762
    0.0000  -15.0000  -45.0000 2109.0461   24.0173
    7.5000  -15.0000  -45.0000 2095.6816   24.1727
   -7.5000   -7.5000  -45.0000 2087.4607   24.5729
    0.0000   -7.5000  -45.0000 2102.1086   24.2801
    7.5000   -7.5000  -45.0000 2094.2095   24.4551
   -7.5000    0.0000  -45.0000 2072.5618   25.2962
    0.0000    0.0000  -45.0000 2084.2432   24.9729
    7.5000    0.0000  -45.0000 2076.0835   25.2164
   -7.5000    7.5000  -45.0000 2037.6672   26.5973
    0.0000    7.5000  -45.0000 2053.5469   26.2347
    7.5000    7.5000  -45.0000 2042.0919   26.3829
   -7.5000   15.0000  -45.0000 1982.3501   28.1796
    0.0000   15.0000  -45.0000 2003.3597   27.8304
    7.5000   15.0000  -45.0000 1991.8936   27.9328
   -7.5000   22.5000  -45.0000 1914.0865   30.2934
    0.0000   22.5000  -45.0000 1936.0907   29.8733
    7.5000   22.5000  -45.0000 1925.6099   29.9204
   -7.5000   30.0000  -45.0000 1830.8054   33.1209
    0.0000   30.0000  -45.0000 1853.9561   32.5751
    7.5000   30.0000  -45.0000 1842.8352   32.7840
   -7.5000   37.5000  -45.0000 1733.1539   37.0720
    0.0000   37.5000  -45.0000 1757.6954   36.4249
    7.5000   37.5000  -45.0000 1745.0477   36.7370
   -7.5000   45.0000  -45.0000 1626.8273   42.7463
    0.0000   45.0000  -45.0000 1649.5637   41.8917
    7.5000   45.0000  -45.0000 1638.1658   42.2443
   -7.5000  -45.0000  -37.5000 2009.7122   25.9632
    0.0000  -45.0000  -37.5000 2027.1056   25.7432
    7.5000  -45.0000  -37.5000 2013.3239   25.8347
   -7.5000  -37.5000  -37.5000 2098.6621   24.2633
    0.0000  -37.5000  -37.5000 2114.3604   24.1279
    7.5000  -37.5000  -37.5000 2101.4421   24.2135
   -7.5000  -30.0000  -37.5000 2156.0586   23.1049
    0.0000  -30.0000  -37.5000 2173.5681   22.9556
    7.5000  -30.0000  -37.5000 2156.4934   23.0105
   -7.5000  -22.5000  -37.5000 2189.7817   22.3722
    0.0000  -22.5000  -37.5000 2204.4734   22.2145
    7.5000  -22.5000  -37.5000 2187.4832   22.2752
   -7.5000  -15.0000  -37.5000 2197.8572   22.0870
    0.0000  -15.0000  -37.5000 2206.9121   21.8322
    7.5000  -15.0000  -37.5000 2199.9470   21.9337
   -7.5000   -7.5000  -37.5000 2184.2971   22.2776
    0.0000   -7.5000  -37.5000 2200.5732   22.0451
    7.5000   -7.5000  -37.5000 2192.6880   22.1775
   -7.5000    0.0000  -37.5000 2177.8757   22.9295
    0.0000    0.0000  -37.5000 2191.9985   22.6831
    7.5000    0.0000  -37.5000 2179.0989   22.8453
   -7.5000    7.5000  -37.5000 2138.5864   24.0448
    0.0000    7.5000  -37.5000 2158.1812   23.7684
    7.5000    7.5000  -37.5000 2143.9480   23.8776
   -7.5000   15.0000  -37.5000 2083.5825   25.4149
    0.0000   15.0000  -37.5000 2106.7920   25.1220
    7.5000   15.0000  -37.5000 2094.2542   25.1689
   -7.5000   22.5000  -37.5000 2015.5826   27.2538
    0.0000   22.5000  -37.5000 2036.9613   26.8871
    7.5000   22.5000  -37.5000 2028.0591   26.9601
   -7.5000   30.0000  -37.5000 1927.8579   29.7631
    0.0000   30.0000  -37.5000 1951.2076   29.3845
    7.5000   30.0000  -37.5000 1937.1355   29.6058
   -7.5000   37.5000  -37.5000 1818.0969   33.3331
    0.0000   37.5000  -37.5000 1846.2271   32.9031
    7.5000   37.5000  -37.5000 1835.2468   33.1934
   -7.5000   45.0000  -37.5000 1698.6007   38.2996
    0.0000   45.0000  -37.5000 1720.9335   37.7388
    7.5000   45.0000  -37.5000 1714.6746   38.0316
   -7.5000  -45.0000  -30.0000 2154.8130   24.5043
    0.0000  -45.0000  -30.0000 2174.6489   24.2635
    7.5000  -45.0000  -30.0000 2157.0730   24.3141
   -7.5000  -37.5000  -30.0000 2243.4065   22.8769
    0.0000  -37.5000  -30.0000 2268.3069   22.7530
    7.5000  -37.5000  -30.0000 2249.8127   22.7668
   -7.5000  -30.0000  -30.0000 2303.4807   21.7803
    0.0000  -30.0000  -30.0000 2319.0955   21.6020
    7.5000  -30.0000  -30.0000 2305.1738   21.6623
   -7.5000  -22.5000  -30.0000 2338.6311   21.0525
    0.0000  -22.5000  -30.0000 2359.0198   20.8678
    7.5000  -22.5000  -30.0000 2338.6709   20.9349
   -7.5000  -15.0000  -30.0000 2344.1750   20.7890
    0.0000  -15.0000  -30.0000 2364.0894   20.6107
    7.5000  -15.0000  -30.0000 2350.1689   20.7254
   -7.5000   -7.5000  -30.0000 2332.2048   21.0093
    0.0000   -7.5000  -30.0000 2356.6648   20.7393
    7.5000   -7.5000  -30.0000 2342.3743   20.8637
   -7.5000    0.0000  -30.0000 2314.3469   21.4642
    0.0000    0.0000  -30.0000 2338.4741   21.2235
    7.5000    0.0000  -30.0000 2322.6013   21.3457
   -7.5000    7.5000  -30.0000 2278.1880   22.4366
    0.0000    7.5000  -30.0000 2306.6597   22.1506
    7.5000    7.5000  -30.0000 2290.4568   22.2575
   -7.5000   15.0000  -30.0000 2229.9685   23.7432
    0.0000   15.0000  -30.0000 2255.2793   23.4724
    7.5000   15.0000  -30.0000 2244.2043   23.5667
   -7.5000   22.5000  -30.0000 2155.2581   25.5437
    0.0000   22.5000  -30.0000 2182.2302   25.2220
    7.5000   22.5000  -30.0000 2171.3079   25.3554
   -7.5000   30.0000  -30.0000 2062.7007   27.9038
    0.0000   30.0000  -30.0000 2085.4751   27.5326
    7.5000   30.0000  -30.0000 2072.0681   27.7667
   -7.5000   37.5000  -30.0000 1944.2053   31.2202
    0.0000   37.5000  -30.0000 1968.0166   30.7902
    7.5000   37.5000  -30.0000 1957.5642   30.9879
   -7.5000   45.0000  -30.0000 1815.0267   35.6513
    0.0000   45.0000  -30.0000 1842.0869   35.2100
    7.5000   45.0000  -30.0000 1831.8857   35.5062
   -7.5000  -45.0000  -22.5000 2265.5869   22.9757
    0.0000  -45.0000  -22.5000 2289.6719   22.8645
    7.5000  -45.0000  -22.5000 2273.7805   22.7743
   -7.5000  -37.5000  -22.5000 2371.8638   21.3952
    0.0000  -37.5000  -22.5000 2388.2798   21.2567
    7.5000  -37.5000  -22.5000 2376.6521   21.1968
   -7.5000  -30.0000  -22.5000 2431.1848   20.3847
    0.0000  -30.0000  -22.5000 2447.6360   20.2625
    7.5000  -30.0000  -22.5000 2430.9883   20.2294
   -7.5000  -22.5000  -22.5000 2460.4292   19.7223
    0.0000  -22.5000  -22.5000 2488.7268   19.5594
    7.5000  -22.5000  -22.5000 2468.2131   19.5888
   -7.5000  -15.0000  -22.5000 2473.6760   19.4305
    0.0000  -15.0000  -22.5000 2509.0676   19.2333
    7.5000  -15.0000  -22.5000 2479.6194   19.3131
   -7.5000   -7.5000  -22.5000 2463.6392   19.6018
    0.0000   -7.5000  -22.5000 2494.0300   19.3451
    7.5000   -7.5000  -22.5000 2476.2126   19.4652
   -7.5000    0.0000  -22.5000 2447.4958   20.0361
    0.0000    0.0000  -22.5000 2475.9138   19.7957
    7.5000    0.0000  -22.5000 2462.0791   19.9068
   -7.5000    7.5000  -22.5000 2417.9751   20.9387
    0.0000    7.5000  -22.5000 2450.6221   20.6750
    7.5000    7.5000  -22.5000 2429.3362   20.8002
   -7.5000   15.0000  -22.5000 2359.6208   22.2268
    0.0000   15.0000  -22.5000 2389.5393   21.9414
    7.5000   15.0000  -22.5000 2373.6428   22.0136
   -7.5000   22.5000  -22.5000 2279.4749   23.9425
    0.0000   22.5000  -22.5000 2308.2939   23.6172
    7.5000   22.5000  -22.5000 2293.1021   23.7239
   -7.5000   30.0000  -22.5000 2180.4673   26.1373
    0.0000   30.0000  -22.5000 2199.1973   25.7762
    7.5000   30.0000  -22.5000 2189.7373   25.9991
   -7.5000   37.5000  -22.5000 2046.3485   29.0776
    0.0000   37.5000  -22.5000 2073.1694   28.6438
    7.5000   37.5000  -22.5000 2059.8032   28.8891
   -7.5000   45.0000  -22.5000 1909.0981   33.0359
    0.0000   45.0000  -22.5000 1939.5011   32.6947
    7.5000   45.0000  -22.5000 1923.4724   32.9964
   -7.5000  -45.0000  -15.0000 2345.3862   21.6757
    0.0000  -45.0000  -15.0000 2367.5061   21.5708
    7.5000  -45.0000  -15.0000 2343.8047   21.4002
   -7.5000  -37.5000  -15.0000 2455.6211   20.0720
    0.0000  -37.5000  -15.0000 2472.0999   19.9781
    7.5000  -37.5000  -15.0000 2447.4487   19.8343
   -7.5000  -30.0000  -15.0000 2526.6484   19.0333
    0.0000  -30.0000  -15.0000 2545.8347   18.9067
    7.5000  -30.0000  -15.0000 2524.3564   18.8593
   -7.5000  -22.5000  -15.0000 2564.7803   18.4586
    0.0000  -22.5000  -15.0000 2588.5220   18.2516
    7.5000  -22.5000  -15.0000 2570.0562   18.2889
   -7.5000  -15.0000  -15.0000 2582.5388   18.1760
    0.0000  -15.0000  -15.0000 2620.4263   17.9699
    7.5000  -15.0000  -15.0000 2592.0112   18.0335
   -7.5000   -7.5000  -15.0000 2584.5452   18.3455
    0.0000   -7.5000  -15.0000 2615.5261   18.1146
    7.5000   -7.5000  -15.0000 2595.2451   18.1691
   -7.5000    0.0000  -15.0000 2570.3940   18.8013
    0.0000    0.0000  -15.0000 2599.3037   18.5161
    7.5000    0.0000  -15.0000 2581.5295   18.6272
   -7.5000    7.5000  -15.0000 2529.5879   19.6387
    0.0000    7.5000  -15.0000 2564.8228   19.3875
    7.5000    7.5000  -15.0000 2544.0667   19.5085
   -7.5000   15.0000  -15.0000 2465.3423   20.8603
    0.0000   15.0000  -15.0000 2502.4316   20.6143
    7.5000   15.0000  -15.0000 2484.8010   20.7197
   -7.5000   22.5000  -15.0000 2382.7236   22.5092
    0.0000   22.5000  -15.0000 2410.5679   22.2042
    7.5000   22.5000  -15.0000 2397.1868   22.2844
   -7.5000   30.0000  -15.0000 2265.1992   24.6093
    0.0000   30.0000  -15.0000 2288.6936   24.2866
    7.5000   30.0000  -15.0000 2280.2678   24.4379
   -7.5000   37.5000  -15.0000 2125.3245   27.3911
    0.0000   37.5000  -15.0000 2155.9126   27.0089
    7.5000   37.5000  -15.0000 2144.9268   27.2404
   -7.5000   45.0000  -15.0000 1982.0107   31.0145
    0.0000   45.0000  -15.0000 2015.4174   30.6747
    7.5000   45.0000  -15.0000 1997.5040   30.9502
   -7.5000  -45.0000   -7.5000 2395.2427   20.4492
    0.0000  -45.0000   -7.5000 2430.1855   20.3963
    7.5000  -45.0000   -7.5000 2403.4358   20.3049
   -7.5000  -37.5000   -7.5000 2501.8416   18.8693
    0.0000  -37.5000   -7.5000 2539.3613   18.8289
    7.5000  -37.5000   -7.5000 2510.1516   18.7340
   -7.5000  -30.0000   -7.5000 2582.3367   17.7877
    0.0000  -30.0000   -7.5000 2619.5950   17.7190
    7.5000  -30.0000   -7.5000 2598.1992   17.6391
   -7.5000  -22.5000   -7.5000 2640.6921   17.1849
    0.0000  -22.5000   -7.5000 2673.2998   17.0665
    7.5000  -22.5000   -7.5000 2661.4426   17.0893
   -7.5000  -15.0000   -7.5000 2675.5691   16.9423
    0.0000  -15.0000   -7.5000 2708.6052   16.7823
    7.5000  -15.0000   -7.5000 2685.2114   16.8372
   -7.5000   -7.5000   -7.5000 2685.4451   17.0938
    0.0000   -7.5000   -7.5000 2715.9854   16.8800
    7.5000   -7.5000   -7.5000 2700.2024   16.9554
   -7.5000    0.0000   -7.5000 2671.8188   17.5905
    0.0000    0.0000   -7.5000 2705.5181   17.3698
    7.5000    0.0000   -7.5000 2686.1689   17.4562
   -7.5000    7.5000   -7.5000 2631.0352   18.4012
    0.0000    7.5000   -7.5000 2670.7854   18.1838
    7.5000    7.5000   -7.5000 2653.0312   18.2923
   -7.5000   15.0000   -7.5000 2557.8716   19.5855
    0.0000   15.0000   -7.5000 2597.3132   19.3538
    7.5000   15.0000   -7.5000 2580.1726   19.4337
   -7.5000   22.5000   -7.5000 2465.4570   21.1603
    0.0000   22.5000   -7.5000 2497.8071   20.9292
    7.5000   22.5000   -7.5000 2481.5942   21.0018
   -7.5000   30.0000   -7.5000 2336.0522   23.2697
    0.0000   30.0000   -7.5000 2363.3430   22.9384
    7.5000   30.0000   -7.5000 2356.2390   23.0957
   -7.5000   37.5000   -7.5000 2192.7217   25.8950
    0.0000   37.5000   -7.5000 2222.9858   25.6541
    7.5000   37.5000   -7.5000 2211.7969   25.8263
   -7.5000   45.0000   -7.5000 2042.6263   29.3161
    0.0000   45.0000   -7.5000 2074.9116   29.0856
    7.5000   45.0000   -7.5000 2053.6926   29.2200
   -7.5000  -45.0000    0.0000 2427.4136   19.5146
    0.0000  -45.0000    0.0000 2465.6611   19.4441
    7.5000  -45.0000    0.0000 2438.6355   19.3700
   -7.5000  -37.5000    0.0000 2546.0457   17.9431
    0.0000  -37.5000    0.0000 2588.0342   17.9108
    7.5000  -37.5000    0.0000 2554.5830   17.8235
   -7.5000  -30.0000    0.0000 2639.7043   16.8094
    0.0000  -30.0000    0.0000 2684.8557   16.7714
    7.5000  -30.0000    0.0000 2656.3350   16.6967
   -7.5000  -22.5000    0.0000 2704.6262   16.1505
    0.0000  -22.5000    0.0000 2744.9341   16.0458
    7.5000  -22.5000    0.0000 2728.5762   16.0670
   -7.5000  -15.0000    0.0000 2744.1936   15.8790
    0.0000  -15.0000    0.0000 2786.5244   15.7354
    7.5000  -15.0000    0.0000 2763.7937   15.8276
   -7.5000   -7.5000    0.0000 2765.7163   15.9478
    0.0000   -7.5000    0.0000 2809.8005   15.8004
    7.5000   -7.5000    0.0000 2781.1714   15.8688
   -7.5000    0.0000    0.0000 2752.2173   16.5008
    0.0000    0.0000    0.0000 2796.4312   16.3192
    7.5000    0.0000    0.0000 2776.8997   16.3832
   -7.5000    7.5000    0.0000 2713.1580   17.3328
    0.0000    7.5000    0.0000 2751.7249   17.1359
    7.5000    7.5000    0.0000 2737.9841   17.2370
   -7.5000   15.0000    0.0000 2636.0107   18.4712
    0.0000   15.0000    0.0000 2671.0449   18.2083
    7.5000   15.0000    0.0000 2660.1101   18.3545
   -7.5000   22.5000    0.0000 2530.8171   20.0178
    0.0000   22.5000    0.0000 2564.7466   19.7532
    7.5000   22.5000    0.0000 2552.6536   19.8921
   -7.5000   30.0000    0.0000 2396.6108   22.1350
    0.0000   30.0000    0.0000 2428.8560   21.8552
    7.5000   30.0000    0.0000 2415.7239   22.0121
   -7.5000   37.5000    0.0000 2245.2319   24.6901
    0.0000   37.5000    0.0000 2278.5508   24.4016
    7.5000   37.5000    0.0000 2263.3699   24.5953
   -7.5000   45.0000    0.0000 2083.4316   28.0221
    0.0000   45.0000    0.0000 2114.8018   27.7488
    7.5000   45.0000    0.0000 2104.1772   27.9323
   -7.5000  -45.0000    7.5000 2452.7886   18.7595
    0.0000  -45.0000    7.5000 2488.0132   18.5874
    7.5000  -45.0000    7.5000 2469.2117   18.6324
   -7.5000  -37.5000    7.5000 2575.3152   17.1799
    0.0000  -37.5000    7.5000 2618.4294   17.0393
    7.5000  -37.5000    7.5000 2593.5913   17.0918
   -7.5000  -30.0000    7.5000 2680.7644   16.0810
    0.0000  -30.0000    7.5000 2727.5754   15.9677
    7.5000  -30.0000    7.5000 2702.6897   15.9890
   -7.5000  -22.5000    7.5000 2767.3218   15.4176
    0.0000  -22.5000    7.5000 2822.3865   15.2976
    7.5000  -22.5000    7.5000 2799.0476   15.3236
   -7.5000  -15.0000    7.5000 2820.0083   15.0836
    0.0000  -15.0000    7.5000 2876.5381   14.8996
    7.5000  -15.0000    7.5000 2847.5776   14.9877
   -7.5000   -7.5000    7.5000 2849.0659   15.0655
    0.0000   -7.5000    7.5000 2904.5579   14.8976
    7.5000   -7.5000    7.5000 2869.8225   15.0208
   -7.5000    0.0000    7.5000 2833.2141   15.6471
    0.0000    0.0000    7.5000 2882.8420   15.4226
    7.5000    0.0000    7.5000 2867.4878   15.5494
   -7.5000    7.5000    7.5000 2780.1597   16.4485
    0.0000    7.5000    7.5000 2820.2581   16.1773
    7.5000    7.5000    7.5000 2810.8276   16.3263
   -7.5000   15.0000    7.5000 2689.8862   17.5974
    0.0000   15.0000    7.5000 2732.7817   17.3022
    7.5000   15.0000    7.5000 2716.7461   17.4724
   -7.5000   22.5000    7.5000 2575.5762   19.1706
    0.0000   22.5000    7.5000 2614.1584   18.8796
    7.5000   22.5000    7.5000 2599.2866   19.1103
   -7.5000   30.0000    7.5000 2442.3376   21.2198
    0.0000   30.0000    7.5000 2475.8918   20.9313
    7.5000   30.0000    7.5000 2458.2600   21.1832
   -7.5000   37.5000    7.5000 2283.3333   23.7270
    0.0000   37.5000    7.5000 2323.0491   23.4380
    7.5000   37.5000    7.5000 2307.9475   23.7040
   -7.5000   45.0000    7.5000 2116.5701   27.0258
    0.0000   45.0000    7.5000 2150.9368   26.7040
    7.5000   45.0000    7.5000 2138.3186   26.9161
   -7.5000  -45.0000   15.0000 2467.2932   18.3712
    0.0000  -45.0000   15.0000 2485.4636   17.9350
    7.5000  -45.0000   15.0000 2486.0757   18.1875
   -7.5000  -37.5000   15.0000 2589.5923   16.7821
    0.0000  -37.5000   15.0000 2615.8340   16.4088
    7.5000  -37.5000   15.0000 2609.4929   16.6352
   -7.5000  -30.0000   15.0000 2696.1370   15.6830
    0.0000  -30.0000   15.0000 2736.3975   15.3701
    7.5000  -30.0000   15.0000 2726.0879   15.5388
   -7.5000  -22.5000   15.0000 2794.1790   15.0293
    0.0000  -22.5000   15.0000 2851.8369   14.7929
    7.5000  -22.5000   15.0000 2831.5713   14.8915
   -7.5000  -15.0000   15.0000 2863.9290   14.5934
    0.0000  -15.0000   15.0000 2940.8640   14.3460
    7.5000  -15.0000   15.0000 2899.2021   14.4744
   -7.5000   -7.5000   15.0000 2908.3486   14.4753
    0.0000   -7.5000   15.0000 2981.4309   14.1575
    7.5000   -7.5000   15.0000 2936.4724   14.4243
   -7.5000    0.0000   15.0000 2886.4934   15.0825
    0.0000    0.0000   15.0000 2945.9551   14.7288
    7.5000    0.0000   15.0000 2921.9292   15.0265
   -7.5000    7.5000   15.0000 2820.7776   15.9952
    0.0000    7.5000   15.0000 2865.4094   15.6292
    7.5000    7.5000   15.0000 2856.3506   15.9295
   -7.5000   15.0000   15.0000 2722.6907   17.1818
    0.0000   15.0000   15.0000 2760.7415   16.8141
    7.5000   15.0000   15.0000 2753.7083   17.1060
   -7.5000   22.5000   15.0000 2604.6128   18.7247
    0.0000   22.5000   15.0000 2641.4075   18.3369
    7.5000   22.5000   15.0000 2628.9851   18.6239
   -7.5000   30.0000   15.0000 2463.3096   20.7261
    0.0000   30.0000   15.0000 2498.9084   20.3474
    7.5000   30.0000   15.0000 2483.0410   20.6487
   -7.5000   37.5000   15.0000 2305.8330   23.3038
    0.0000   37.5000   15.0000 2336.7839   22.8916
    7.5000   37.5000   15.0000 2325.5776   23.2177
   -7.5000   45.0000   15.0000 2132.4436   26.5286
    0.0000   45.0000   15.0000 2163.7620   26.0621
    7.5000   45.0000   15.0000 2151.2668   26.3640
   -7.5000  -45.0000   22.5000 2463.6716   18.3085
    0.0000  -45.0000   22.5000 2472.1697   17.7704
    7.5000  -45.0000   22.5000 2478.6042   18.0957
   -7.5000  -37.5000   22.5000 2581.6204   16.7449
    0.0000  -37.5000   22.5000 2595.1189   16.2453
    7.5000  -37.5000   22.5000 2599.3806   16.5269
   -7.5000  -30.0000   22.5000 2694.9817   15.6000
    0.0000  -30.0000   22.5000 2719.8372   15.1431
    7.5000  -30.0000   22.5000 2719.1294   15.4038
   -7.5000  -22.5000   22.5000 2795.3767   14.9027
    0.0000  -22.5000   22.5000 2842.7007   14.4770
    7.5000  -22.5000   22.5000 2834.7693   14.7310
   -7.5000  -15.0000   22.5000 2871.1104   14.4062
    0.0000  -15.0000   22.5000 2938.2512   14.0395
    7.5000  -15.0000   22.5000 2911.3054   14.2532
   -7.5000   -7.5000   22.5000 2927.3604   14.3818
    0.0000   -7.5000   22.5000 2997.7839   13.8708
    7.5000   -7.5000   22.5000 2955.6777   14.2846
   -7.5000    0.0000   22.5000 2911.6028   14.9612
    0.0000    0.0000   22.5000 2978.6765   14.4937
    7.5000    0.0000   22.5000 2944.9780   14.8958
   -7.5000    7.5000   22.5000 2833.0110   15.8709
    0.0000    7.5000   22.5000 2883.2507   15.5014
    7.5000    7.5000   22.5000 2866.8240   15.7810
   -7.5000   15.0000   22.5000 2724.6396   17.0580
    0.0000   15.0000   22.5000 2761.7693   16.7326
    7.5000   15.0000   22.5000 2756.8040   16.9497
   -7.5000   22.5000   22.5000 2605.5779   18.6477
    0.0000   22.5000   22.5000 2640.1372   18.3065
    7.5000   22.5000   22.5000 2631.8259   18.4993
   -7.5000   30.0000   22.5000 2464.9717   20.6638
    0.0000   30.0000   22.5000 2500.9336   20.3239
    7.5000   30.0000   22.5000 2486.8013   20.5491
   -7.5000   37.5000   22.5000 2311.1743   23.1775
    0.0000   37.5000   22.5000 2344.7764   22.8462
    7.5000   37.5000   22.5000 2327.7097   23.0161
   -7.5000   45.0000   22.5000 2139.3142   26.2500
    0.0000   45.0000   22.5000 2165.8943   26.0032
    7.5000   45.0000   22.5000 2153.5261   26.0741
   -7.5000  -45.0000   30.0000 2437.1912   18.5193
    0.0000  -45.0000   30.0000 2447.3481   17.8196
    7.5000  -45.0000   30.0000 2452.3252   18.2372
   -7.5000  -37.5000   30.0000 2553.7610   16.9975
    0.0000  -37.5000   30.0000 2566.9036   16.3784
    7.5000  -37.5000   30.0000 2572.6841   16.7258
   -7.5000  -30.0000   30.0000 2661.5151   15.8902
    0.0000  -30.0000   30.0000 2681.6721   15.2857
    7.5000  -30.0000   30.0000 2687.8159   15.6540
   -7.5000  -22.5000   30.0000 2762.6216   15.1780
    0.0000  -22.5000   30.0000 2797.6707   14.6722
    7.5000  -22.5000   30.0000 2800.1089   14.9538
   -7.5000  -15.0000   30.0000 2849.3530   14.7326
    0.0000  -15.0000   30.0000 2895.1172   14.2574
    7.5000  -15.0000   30.0000 2886.9026   14.5394
   -7.5000   -7.5000   30.0000 2902.5400   14.8258
    0.0000   -7.5000   30.0000 2960.7200   14.3906
    7.5000   -7.5000   30.0000 2933.2117   14.6044
   -7.5000    0.0000   30.0000 2873.8550   15.2968
    0.0000    0.0000   30.0000 2952.0193   15.0044
    7.5000    0.0000   30.0000 2909.8872   15.1191
   -7.5000    7.5000   30.0000 2803.5474   16.1349
    0.0000    7.5000   30.0000 2869.9839   15.9452
    7.5000    7.5000   30.0000 2839.5972   16.0032
   -7.5000   15.0000   30.0000 2700.2244   17.3344
    0.0000   15.0000   30.0000 2741.7014   17.1276
    7.5000   15.0000   30.0000 2731.4351   17.2011
   -7.5000   22.5000   30.0000 2583.8467   18.9056
    0.0000   22.5000   30.0000 2615.9026   18.6319
    7.5000   22.5000   30.0000 2611.2769   18.7357
   -7.5000   30.0000   30.0000 2448.2656   20.8553
    0.0000   30.0000   30.0000 2481.9873   20.5415
    7.5000   30.0000   30.0000 2470.4292   20.7007
   -7.5000   37.5000   30.0000 2295.6375   23.3152
    0.0000   37.5000   30.0000 2322.2529   22.9543
    7.5000   37.5000   30.0000 2313.9092   23.1108
   -7.5000   45.0000   30.0000 2119.2922   26.4218
    0.0000   45.0000   30.0000 2149.7297   26.0348
    7.5000   45.0000   30.0000 2138.3450   26.2241
   -7.5000  -45.0000   37.5000 2404.3374   19.0345
    0.0000  -45.0000   37.5000 2420.3967   18.3648
    7.5000  -45.0000   37.5000 2426.5322   18.7149
   -7.5000  -37.5000   37.5000 2508.9854   17.5805
    0.0000  -37.5000   37.5000 2531.7063   16.9515
    7.5000  -37.5000   37.5000 2536.4133   17.3304
   -7.5000  -30.0000   37.5000 2621.7947   16.5200
    0.0000  -30.0000   37.5000 2641.6152   15.9753
    7.5000  -30.0000   37.5000 2647.0857   16.2991
   -7.5000  -22.5000   37.5000 2720.3245   15.8141
    0.0000  -22.5000   37.5000 2749.6106   15.2966
    7.5000  -22.5000   37.5000 2754.9163   15.5596
   -7.5000  -15.0000   37.5000 2799.3359   15.3965
    0.0000  -15.0000   37.5000 2836.7991   14.8517
    7.5000  -15.0000   37.5000 2823.2949   15.1139
   -7.5000   -7.5000   37.5000 2836.0955   15.4447
    0.0000   -7.5000   37.5000 2881.8926   15.0200
    7.5000   -7.5000   37.5000 2870.5552   15.1992
   -7.5000    0.0000   37.5000 2809.6670   15.9704
    0.0000    0.0000   37.5000 2871.9307   15.6236
    7.5000    0.0000   37.5000 2842.4690   15.7314
   -7.5000    7.5000   37.5000 2748.2549   16.7995
    0.0000    7.5000   37.5000 2806.0386   16.4967
    7.5000    7.5000   37.5000 2782.9016   16.5797
   -7.5000   15.0000   37.5000 2648.8499   17.9709
    0.0000   15.0000   37.5000 2687.8022   17.7295
    7.5000   15.0000   37.5000 2675.6841   17.8033
   -7.5000   22.5000   37.5000 2541.3503   19.4863
    0.0000   22.5000   37.5000 2575.2620   19.2230
    7.5000   22.5000   37.5000 2565.1375   19.2823
   -7.5000   30.0000   37.5000 2408.5278   21.3963
    0.0000   30.0000   37.5000 2443.7361   21.0590
    7.5000   30.0000   37.5000 2433.1257   21.1911
   -7.5000   37.5000   37.5000 2257.2566   23.7589
    0.0000   37.5000   37.5000 2286.1326   23.3618
    7.5000   37.5000   37.5000 2280.2356   23.5334
   -7.5000   45.0000   37.5000 2087.5972   26.8048
    0.0000   45.0000   37.5000 2113.0674   26.3954
    7.5000   45.0000   37.5000 2112.2966   26.5096
   -7.5000  -45.0000   45.0000 2360.8723   19.9190
    0.0000  -45.0000   45.0000 2388.9478   19.3281
    7.5000  -45.0000   45.0000 2388.7488   19.6217
   -7.5000  -37.5000   45.0000 2460.2788   18.5555
    0.0000  -37.5000   45.0000 2497.8413   17.9615
    7.5000  -37.5000   45.0000 2494.2036   18.2642
   -7.5000  -30.0000   45.0000 2569.6199   17.4145
    0.0000  -30.0000   45.0000 2599.4568   16.8682
    7.5000  -30.0000   45.0000 2596.3943   17.1482
   -7.5000  -22.5000   45.0000 2663.3264   16.6280
    0.0000  -22.5000   45.0000 2692.6489   16.0208
    7.5000  -22.5000   45.0000 2687.0532   16.3118
   -7.5000  -15.0000   45.0000 2722.9443   16.1538
    0.0000  -15.0000   45.0000 2757.8135   15.6618
    7.5000  -15.0000   45.0000 2746.6479   15.9221
   -7.5000   -7.5000   45.0000 2750.9385   16.2070
    0.0000   -7.5000   45.0000 2781.4075   15.8235
    7.5000   -7.5000   45.0000 2778.3032   16.0200
   -7.5000    0.0000   45.0000 2719.7742   16.7234
    0.0000    0.0000   45.0000 2757.7339   16.3865
    7.5000    0.0000   45.0000 2745.9460   16.5456
   -7.5000    7.5000   45.0000 2658.0366   17.5706
    0.0000    7.5000   45.0000 2704.8591   17.2399
    7.5000    7.5000   45.0000 2688.3291   17.3799
   -7.5000   15.0000   45.0000 2574.3525   18.7596
    0.0000   15.0000   45.0000 2610.1482   18.4370
    7.5000   15.0000   45.0000 2599.2427   18.6086
   -7.5000   22.5000   45.0000 2472.3848   20.3325
    0.0000   22.5000   45.0000 2509.9424   20.0360
    7.5000   22.5000   45.0000 2501.1021   20.1442
   -7.5000   30.0000   45.0000 2349.7742   22.2853
    0.0000   30.0000   45.0000 2379.6143   21.9531
    7.5000   30.0000   45.0000 2372.5203   22.0269
   -7.5000   37.5000   45.0000 2204.2771   24.5567
    0.0000   37.5000   45.0000 2230.5149   24.2011
    7.5000   37.5000   45.0000 2227.0022   24.3071
   -7.5000   45.0000   45.0000 2044.7157   27.4930
    0.0000   45.0000   45.0000 2068.8882   27.1187
    7.5000   45.0000   45.0000 2065.8569   27.2796

---------------------------------------------------------------------
imgreg_4dfp /opt/freesurfer/average/711-2C_as_mni_average_305 /opt/freesurfer/average/711-2B_as_mni_average_305_mask talsrcimg_g11 none talsrcimg_to_711-2C_as_mni_average_305_t4 1283
---------------------------------------------------------------------

freesurfer imgreg_4dfp.c
/opt/freesurfer/average/711-2C_as_mni_average_305.4dfp.img
       256       256       256         1
  1.000000  1.000000  1.000000
orientation T byte_order littleendian
Reading image: /opt/freesurfer/average/711-2C_as_mni_average_305.4dfp.img
dimensions:      256       256       256
mmppix:       1.0000   -1.0000   -1.0000
center:     128.0000 -129.0000 -129.0000
/opt/freesurfer/average/711-2B_as_mni_average_305_mask.4dfp.img
       256       256       256         1
  1.000000  1.000000  1.000000
orientation T byte_order littleendian
Reading mask: /opt/freesurfer/average/711-2B_as_mni_average_305_mask.4dfp.img (2306576 pixels)
talsrcimg_g11.4dfp.img
       256       256       256         1
  1.000000  1.000000  1.000000
orientation T byte_order littleendian
Reading image: talsrcimg_g11.4dfp.img
dimensions:      256       256       256
mmppix:       1.0000   -1.0000   -1.0000
center:     128.0000 -129.0000 -129.0000
rotation matrix determinant  1.000000
fimgreg.f
image alignment mode   1283 decimal      503 hex
parameters
    0.0000   -7.5000   22.5000    0.0000    0.0000    0.0000
eta,q 0.93938 13.90492
niter,ni,del,rscale     5    3   12.0000    1.2000
parameter  2 -0.523205 -> -0.500000 qaram    1.1500
parameter  4  1.147608 ->  0.500000 qaram    1.1500
parameters
    1.3986   -4.0500   21.6237   -3.4500   -0.9297   -1.6852
eta,q 0.94404 13.84244
  0.0781  0.0707  0.0655  0.0556  0.0615  0.0585
  0.0738  0.0645  0.0621  0.0561  0.0587  0.0571
  0.0678  0.0622  0.0596  0.0576  0.0565  0.0560
  0.0634  0.0626  0.0599  0.0595  0.0564  0.0564
  0.0635  0.0610  0.0624  0.0619  0.0584  0.0581
  0.0654  0.0595  0.0654  0.0657  0.0616  0.0605
  0.0704  0.0609  0.0689  0.0694  0.0657  0.0630
niter,ni,del,rscale     6    3   12.0000    1.2000
parameters
    1.7730   -4.1398   21.1167   -4.9984   -1.4549   -2.1278
eta,q 0.94529 13.84186
  0.0708  0.0651  0.0625  0.0602  0.0617  0.0590
  0.0655  0.0607  0.0583  0.0539  0.0585  0.0568
  0.0600  0.0588  0.0552  0.0544  0.0556  0.0555
  0.0560  0.0558  0.0559  0.0555  0.0546  0.0546
  0.0569  0.0556  0.0573  0.0576  0.0562  0.0554
  0.0618  0.0599  0.0601  0.0607  0.0603  0.0578
  0.0692  0.0675  0.0648  0.0638  0.0650  0.0608
niter,ni,del,rscale     5    3   12.0000    1.2000
parameters
    1.7886   -3.6878   20.9694   -5.1187   -1.5679   -2.1769
eta,q 0.94560 13.86176
  0.0686  0.0681  0.0614  0.0637  0.0616  0.0591
  0.0635  0.0615  0.0570  0.0557  0.0589  0.0569
  0.0577  0.0567  0.0537  0.0538  0.0559  0.0556
  0.0547  0.0547  0.0545  0.0544  0.0544  0.0544
  0.0570  0.0550  0.0556  0.0556  0.0551  0.0549
  0.0622  0.0582  0.0571  0.0584  0.0585  0.0568
  0.0695  0.0658  0.0618  0.0623  0.0631  0.0596
niter,ni,del,rscale     4    3   12.0000    1.2000
parameters
    1.7417   -3.6789   20.9482   -5.1597   -1.5842   -2.1588
eta,q 0.94563 13.85906
  0.0681  0.0668  0.0614  0.0639  0.0617  0.0592
  0.0627  0.0602  0.0571  0.0559  0.0591  0.0569
  0.0570  0.0558  0.0538  0.0538  0.0560  0.0556
  0.0544  0.0544  0.0544  0.0544  0.0544  0.0544
  0.0567  0.0553  0.0554  0.0554  0.0549  0.0548
  0.0620  0.0593  0.0567  0.0582  0.0582  0.0567
  0.0693  0.0674  0.0613  0.0621  0.0628  0.0595
registration optimization eta report
parameter search radius
    6.0000    6.9000    6.0000    6.9000    6.0000    6.0000
100000*second partial in parameter space
       38.       27.       20.       19.       22.       13.
  0.0681  0.0668  0.0614  0.0639  0.0617  0.0592
  0.0627  0.0602  0.0571  0.0559  0.0591  0.0569
  0.0570  0.0558  0.0538  0.0538  0.0560  0.0556
  0.0544  0.0544  0.0544  0.0544  0.0544  0.0544
  0.0567  0.0553  0.0554  0.0554  0.0549  0.0548
  0.0620  0.0593  0.0567  0.0582  0.0582  0.0567
  0.0693  0.0674  0.0613  0.0621  0.0628  0.0595
    1.7417   -3.6789   20.9482   -5.1597   -1.5842   -2.1588
eta,q 0.94563 13.85906

---------------------------------------------------------------------
imgreg_4dfp /opt/freesurfer/average/711-2C_as_mni_average_305 /opt/freesurfer/average/711-2B_as_mni_average_305_mask talsrcimg_g11 none talsrcimg_to_711-2C_as_mni_average_305_t4 3335
---------------------------------------------------------------------

freesurfer imgreg_4dfp.c
/opt/freesurfer/average/711-2C_as_mni_average_305.4dfp.img
       256       256       256         1
  1.000000  1.000000  1.000000
orientation T byte_order littleendian
Reading image: /opt/freesurfer/average/711-2C_as_mni_average_305.4dfp.img
dimensions:      256       256       256
mmppix:       1.0000   -1.0000   -1.0000
center:     128.0000 -129.0000 -129.0000
/opt/freesurfer/average/711-2B_as_mni_average_305_mask.4dfp.img
       256       256       256         1
  1.000000  1.000000  1.000000
orientation T byte_order littleendian
Reading mask: /opt/freesurfer/average/711-2B_as_mni_average_305_mask.4dfp.img (2306576 pixels)
talsrcimg_g11.4dfp.img
       256       256       256         1
  1.000000  1.000000  1.000000
orientation T byte_order littleendian
Reading image: talsrcimg_g11.4dfp.img
dimensions:      256       256       256
mmppix:       1.0000   -1.0000   -1.0000
center:     128.0000 -129.0000 -129.0000
fimgreg.f
image alignment mode   3335 decimal      D07 hex
parameters
    1.7417   -3.6789   20.9482   -0.1092   -0.4665   -0.4433
    3.5032    3.0902   -3.7654    8.8830   -2.7646   -8.9897
eta,q 0.94601 14.03107
niter,ni,del,rscale     5    3    5.0000    1.2000
parameter  4  1.632071 ->  0.500000 qaram    1.1500
parameter  5  3.896718 ->  0.500000 qaram    1.1500
parameter  6  1.986400 ->  0.500000 qaram    1.1500
parameter 12  0.904684 ->  0.500000 qaram    1.1500
parameters
    1.6419   -2.6788   21.2790   -4.2492   -4.6065   -4.5833
    4.4134    3.3072   -2.7434    5.7934   -4.0944  -13.1297
eta,q 0.96533 13.83710
  0.0565  0.0563  0.0546  0.0469  0.0394  0.0354  0.0400  0.0425  0.0399  0.0373  0.0373  0.0345
  0.0551  0.0554  0.0541  0.0485  0.0420  0.0362  0.0384  0.0398  0.0385  0.0363  0.0364  0.0346
  0.0542  0.0546  0.0538  0.0507  0.0452  0.0386  0.0372  0.0376  0.0373  0.0360  0.0359  0.0350
  0.0540  0.0540  0.0536  0.0536  0.0490  0.0429  0.0367  0.0367  0.0367  0.0366  0.0360  0.0359
  0.0544  0.0536  0.0536  0.0573  0.0535  0.0475  0.0368  0.0372  0.0367  0.0386  0.0365  0.0371
  0.0554  0.0537  0.0538  0.0617  0.0577  0.0516  0.0374  0.0392  0.0374  0.0421  0.0374  0.0387
  0.0569  0.0543  0.0542  0.0664  0.0618  0.0557  0.0387  0.0420  0.0386  0.0465  0.0387  0.0406
niter,ni,del,rscale     7    3    5.0000    1.2000
parameter  3  0.586334 ->  0.500000 qaram    1.1500
parameter  4  0.563998 ->  0.500000 qaram    1.3225
parameter  5  1.414378 ->  0.500000 qaram    1.3225
parameters
    1.3865   -3.8707   19.8990   -9.0102   -9.3675   -6.8291
    3.8656    3.9436   -3.3191    7.4268   -4.8110  -16.6429
eta,q 0.97325 13.57404
  0.0382  0.0347  0.0337  0.0325  0.0255  0.0302  0.0308  0.0342  0.0300  0.0337  0.0282  0.0277
  0.0361  0.0341  0.0332  0.0316  0.0265  0.0293  0.0291  0.0312  0.0286  0.0312  0.0276  0.0270
  0.0348  0.0340  0.0333  0.0317  0.0288  0.0281  0.0280  0.0289  0.0278  0.0291  0.0273  0.0268
  0.0347  0.0346  0.0340  0.0331  0.0315  0.0271  0.0278  0.0278  0.0277  0.0277  0.0272  0.0272
  0.0356  0.0357  0.0351  0.0360  0.0350  0.0286  0.0285  0.0279  0.0283  0.0273  0.0274  0.0284
  0.0374  0.0372  0.0367  0.0399  0.0393  0.0340  0.0298  0.0296  0.0293  0.0281  0.0279  0.0300
  0.0399  0.0392  0.0385  0.0450  0.0442  0.0408  0.0317  0.0325  0.0308  0.0303  0.0287  0.0321
niter,ni,del,rscale     7    3    5.0000    1.2000
parameters
    1.4686   -4.3369   18.7339   -8.1195  -13.3382   -7.3266
    4.3129    4.0985   -3.6525    8.4700   -4.4035  -18.2166
eta,q 0.97547 13.46948
  0.0307  0.0288  0.0270  0.0321  0.0271  0.0290  0.0291  0.0312  0.0273  0.0300  0.0263  0.0263
  0.0286  0.0274  0.0263  0.0298  0.0252  0.0275  0.0270  0.0282  0.0259  0.0277  0.0254  0.0252
  0.0273  0.0267  0.0262  0.0278  0.0246  0.0261  0.0255  0.0259  0.0250  0.0259  0.0248  0.0246
  0.0267  0.0267  0.0266  0.0262  0.0259  0.0246  0.0248  0.0248  0.0248  0.0248  0.0246  0.0246
  0.0271  0.0276  0.0276  0.0258  0.0286  0.0239  0.0251  0.0254  0.0252  0.0247  0.0247  0.0252
  0.0283  0.0292  0.0290  0.0277  0.0325  0.0268  0.0263  0.0276  0.0262  0.0257  0.0252  0.0266
  0.0302  0.0313  0.0308  0.0310  0.0374  0.0325  0.0282  0.0309  0.0277  0.0280  0.0259  0.0284
niter,ni,del,rscale     6    3    5.0000    1.2000
parameters
    1.5166   -4.0784   18.7101   -6.7502  -14.0223   -7.5046
    4.3646    4.0631   -3.8007    8.9316   -4.1275  -18.7620
eta,q 0.97595 13.49302
  0.0288  0.0286  0.0269  0.0309  0.0294  0.0288  0.0282  0.0306  0.0269  0.0287  0.0259  0.0264
  0.0265  0.0266  0.0254  0.0286  0.0269  0.0272  0.0260  0.0277  0.0253  0.0266  0.0250  0.0252
  0.0251  0.0252  0.0246  0.0264  0.0248  0.0257  0.0246  0.0252  0.0244  0.0249  0.0243  0.0243
  0.0245  0.0245  0.0245  0.0245  0.0240  0.0240  0.0241  0.0241  0.0241  0.0241  0.0241  0.0241
  0.0250  0.0246  0.0248  0.0239  0.0251  0.0233  0.0246  0.0249  0.0245  0.0243  0.0242  0.0245
  0.0263  0.0255  0.0256  0.0255  0.0278  0.0258  0.0260  0.0275  0.0255  0.0255  0.0248  0.0256
  0.0284  0.0272  0.0268  0.0289  0.0315  0.0314  0.0280  0.0310  0.0271  0.0280  0.0257  0.0273
niter,ni,del,rscale     5    3    5.0000    1.2000
parameters
    1.5118   -3.9305   18.7232   -6.5612  -14.1834   -7.5048
    4.3872    4.0154   -3.8935    9.2009   -4.0329  -18.9282
eta,q 0.97601 13.50001
  0.0284  0.0278  0.0266  0.0300  0.0298  0.0289  0.0280  0.0306  0.0268  0.0284  0.0258  0.0266
  0.0261  0.0259  0.0251  0.0278  0.0273  0.0273  0.0259  0.0276  0.0253  0.0263  0.0249  0.0253
  0.0246  0.0246  0.0242  0.0257  0.0251  0.0257  0.0245  0.0251  0.0243  0.0247  0.0242  0.0243
  0.0241  0.0241  0.0240  0.0240  0.0240  0.0240  0.0240  0.0240  0.0240  0.0240  0.0240  0.0240
  0.0246  0.0243  0.0244  0.0242  0.0247  0.0232  0.0245  0.0249  0.0244  0.0242  0.0242  0.0243
  0.0261  0.0253  0.0252  0.0265  0.0272  0.0255  0.0259  0.0275  0.0254  0.0255  0.0248  0.0253
  0.0284  0.0270  0.0264  0.0306  0.0307  0.0310  0.0280  0.0310  0.0269  0.0281  0.0258  0.0269
niter,ni,del,rscale     4    3    5.0000    1.2000
parameters
    1.5019   -3.8707   18.7109   -6.5138  -14.2561   -7.5350
    4.4111    3.9926   -3.9380    9.3119   -3.9918  -18.9971
eta,q 0.97601 13.50060
  0.0283  0.0275  0.0266  0.0299  0.0299  0.0289  0.0280  0.0306  0.0268  0.0282  0.0258  0.0266
  0.0260  0.0256  0.0250  0.0277  0.0274  0.0273  0.0259  0.0276  0.0253  0.0262  0.0249  0.0253
  0.0245  0.0244  0.0241  0.0255  0.0252  0.0257  0.0245  0.0251  0.0243  0.0247  0.0242  0.0244
  0.0240  0.0240  0.0240  0.0240  0.0240  0.0240  0.0240  0.0240  0.0240  0.0240  0.0240  0.0240
  0.0245  0.0243  0.0244  0.0243  0.0246  0.0232  0.0245  0.0248  0.0244  0.0243  0.0242  0.0243
  0.0260  0.0254  0.0252  0.0267  0.0271  0.0255  0.0259  0.0274  0.0253  0.0256  0.0248  0.0252
  0.0284  0.0272  0.0264  0.0308  0.0305  0.0310  0.0280  0.0310  0.0269  0.0282  0.0258  0.0269
niter,ni,del,rscale     3    3    5.0000    1.2000
parameters
    1.4973   -3.8459   18.6923   -6.4855  -14.2874   -7.5682
    4.4248    3.9814   -3.9574    9.3630   -3.9671  -19.0340
eta,q 0.97600 13.50007
  0.0284  0.0274  0.0266  0.0299  0.0299  0.0289  0.0280  0.0306  0.0268  0.0281  0.0258  0.0267
  0.0260  0.0255  0.0250  0.0277  0.0274  0.0273  0.0259  0.0277  0.0253  0.0261  0.0249  0.0254
  0.0245  0.0244  0.0241  0.0255  0.0252  0.0257  0.0245  0.0251  0.0243  0.0246  0.0243  0.0244
  0.0240  0.0240  0.0240  0.0240  0.0240  0.0240  0.0240  0.0240  0.0240  0.0240  0.0240  0.0240
  0.0245  0.0243  0.0244  0.0243  0.0246  0.0232  0.0245  0.0248  0.0244  0.0243  0.0242  0.0243
  0.0260  0.0254  0.0252  0.0267  0.0271  0.0256  0.0259  0.0274  0.0253  0.0257  0.0248  0.0252
  0.0284  0.0273  0.0264  0.0309  0.0305  0.0310  0.0280  0.0310  0.0268  0.0283  0.0258  0.0269
niter,ni,del,rscale     2    3    5.0000    1.2000
parameters
    1.4962   -3.8323   18.6769   -6.4702  -14.2960   -7.5908
    4.4322    3.9779   -3.9675    9.3919   -3.9509  -19.0584
eta,q 0.97600 13.49991
  0.0284  0.0274  0.0266  0.0299  0.0299  0.0289  0.0280  0.0306  0.0268  0.0281  0.0258  0.0267
  0.0260  0.0255  0.0250  0.0277  0.0274  0.0273  0.0259  0.0277  0.0253  0.0261  0.0249  0.0254
  0.0245  0.0244  0.0242  0.0255  0.0252  0.0257  0.0245  0.0252  0.0243  0.0246  0.0243  0.0244
  0.0240  0.0240  0.0240  0.0240  0.0240  0.0240  0.0240  0.0240  0.0240  0.0240  0.0240  0.0240
  0.0245  0.0244  0.0244  0.0243  0.0246  0.0232  0.0245  0.0248  0.0244  0.0243  0.0242  0.0243
  0.0260  0.0255  0.0252  0.0267  0.0270  0.0256  0.0259  0.0274  0.0253  0.0257  0.0248  0.0252
  0.0284  0.0273  0.0264  0.0309  0.0304  0.0310  0.0280  0.0310  0.0268  0.0283  0.0258  0.0269
registration optimization eta report
parameter search radius
    2.4000    2.4000    2.7600    9.5220    9.5220    8.2800
    7.2000    7.2000    7.2000    7.2000    7.2000    8.2800
100000*second partial in parameter space
       76.       58.       33.        7.        7.        9.
        8.       13.        5.        8.        3.        4.
  0.0284  0.0274  0.0266  0.0299  0.0299  0.0289  0.0280  0.0306  0.0268  0.0281  0.0258  0.0267
  0.0260  0.0255  0.0250  0.0277  0.0274  0.0273  0.0259  0.0277  0.0253  0.0261  0.0249  0.0254
  0.0245  0.0244  0.0242  0.0255  0.0252  0.0257  0.0245  0.0252  0.0243  0.0246  0.0243  0.0244
  0.0240  0.0240  0.0240  0.0240  0.0240  0.0240  0.0240  0.0240  0.0240  0.0240  0.0240  0.0240
  0.0245  0.0244  0.0244  0.0243  0.0246  0.0232  0.0245  0.0248  0.0244  0.0243  0.0242  0.0243
  0.0260  0.0255  0.0252  0.0267  0.0270  0.0256  0.0259  0.0274  0.0253  0.0257  0.0248  0.0252
  0.0284  0.0273  0.0264  0.0309  0.0304  0.0310  0.0280  0.0310  0.0268  0.0283  0.0258  0.0269
    1.4962   -3.8323   18.6769   -6.4702  -14.2960   -7.5908
    4.4322    3.9779   -3.9675    9.3919   -3.9509  -19.0584
eta,q 0.97600 13.49991

---------------------------------------------------------------------
imgreg_4dfp /opt/freesurfer/average/711-2C_as_mni_average_305 /opt/freesurfer/average/711-2B_as_mni_average_305_mask talsrcimg_g11 none talsrcimg_to_711-2C_as_mni_average_305_t4 2311
---------------------------------------------------------------------

freesurfer imgreg_4dfp.c
/opt/freesurfer/average/711-2C_as_mni_average_305.4dfp.img
       256       256       256         1
  1.000000  1.000000  1.000000
orientation T byte_order littleendian
Reading image: /opt/freesurfer/average/711-2C_as_mni_average_305.4dfp.img
dimensions:      256       256       256
mmppix:       1.0000   -1.0000   -1.0000
center:     128.0000 -129.0000 -129.0000
/opt/freesurfer/average/711-2B_as_mni_average_305_mask.4dfp.img
       256       256       256         1
  1.000000  1.000000  1.000000
orientation T byte_order littleendian
Reading mask: /opt/freesurfer/average/711-2B_as_mni_average_305_mask.4dfp.img (2306576 pixels)
talsrcimg_g11.4dfp.img
       256       256       256         1
  1.000000  1.000000  1.000000
orientation T byte_order littleendian
Reading image: talsrcimg_g11.4dfp.img
dimensions:      256       256       256
mmppix:       1.0000   -1.0000   -1.0000
center:     128.0000 -129.0000 -129.0000
fimgreg.f
image alignment mode   2311 decimal      907 hex
parameters
    1.4962   -3.8323   18.6769   -6.4702  -14.2960   -7.5908
    4.4322    3.9779   -3.9675    9.3919   -3.9509  -19.0584
eta,q 0.97600 13.49990
niter,ni,del,rscale     5    3    5.0000    0.8000
parameters
    1.5007   -3.8223   18.5328   -5.6235  -14.0550   -6.3936
    4.3139    4.0419   -3.9274    9.2581   -3.8675  -19.2388
eta,q 0.97655 13.54832
  0.0261  0.0255  0.0247  0.0266  0.0261  0.0266  0.0254  0.0276  0.0249  0.0256  0.0245  0.0245
  0.0249  0.0247  0.0243  0.0255  0.0250  0.0256  0.0243  0.0256  0.0241  0.0245  0.0240  0.0240
  0.0242  0.0242  0.0240  0.0246  0.0243  0.0247  0.0236  0.0241  0.0236  0.0237  0.0236  0.0236
  0.0240  0.0240  0.0240  0.0240  0.0239  0.0238  0.0234  0.0234  0.0234  0.0234  0.0234  0.0234
  0.0242  0.0242  0.0242  0.0239  0.0240  0.0234  0.0237  0.0239  0.0236  0.0237  0.0235  0.0236
  0.0249  0.0247  0.0245  0.0244  0.0246  0.0236  0.0245  0.0253  0.0241  0.0245  0.0239  0.0240
  0.0260  0.0255  0.0250  0.0254  0.0258  0.0252  0.0256  0.0274  0.0249  0.0260  0.0245  0.0247
niter,ni,del,rscale     4    3    5.0000    0.7000
parameters
    1.4918   -3.8089   19.0139   -5.8673  -14.1641   -5.6543
    4.2637    3.9911   -3.9280    9.3350   -4.1030  -19.0168
eta,q 0.97688 13.57121
  0.0251  0.0247  0.0248  0.0250  0.0249  0.0258  0.0247  0.0263  0.0243  0.0250  0.0239  0.0241
  0.0242  0.0240  0.0242  0.0241  0.0241  0.0250  0.0238  0.0247  0.0237  0.0241  0.0235  0.0236
  0.0236  0.0236  0.0237  0.0236  0.0236  0.0241  0.0233  0.0235  0.0233  0.0234  0.0232  0.0233
  0.0234  0.0234  0.0234  0.0234  0.0234  0.0234  0.0231  0.0231  0.0231  0.0231  0.0231  0.0231
  0.0236  0.0236  0.0234  0.0236  0.0235  0.0230  0.0233  0.0235  0.0233  0.0233  0.0232  0.0232
  0.0242  0.0240  0.0235  0.0243  0.0242  0.0234  0.0239  0.0248  0.0237  0.0239  0.0236  0.0235
  0.0252  0.0247  0.0237  0.0255  0.0252  0.0250  0.0248  0.0266  0.0243  0.0250  0.0241  0.0239
niter,ni,del,rscale     3    3    5.0000    0.6000
parameters
    1.4587   -3.8212   19.2618   -6.0337  -14.2273   -5.2640
    4.2657    4.0087   -3.8869    9.2766   -4.3829  -18.8354
eta,q 0.97702 13.57843
  0.0243  0.0240  0.0240  0.0243  0.0243  0.0252  0.0242  0.0256  0.0239  0.0244  0.0235  0.0237
  0.0236  0.0235  0.0236  0.0237  0.0237  0.0244  0.0235  0.0242  0.0234  0.0236  0.0232  0.0233
  0.0232  0.0232  0.0233  0.0232  0.0233  0.0237  0.0231  0.0233  0.0231  0.0232  0.0230  0.0231
  0.0231  0.0231  0.0231  0.0231  0.0231  0.0231  0.0230  0.0230  0.0230  0.0230  0.0230  0.0230
  0.0233  0.0232  0.0231  0.0233  0.0232  0.0229  0.0231  0.0233  0.0231  0.0231  0.0231  0.0230
  0.0237  0.0236  0.0232  0.0238  0.0237  0.0234  0.0235  0.0241  0.0234  0.0236  0.0234  0.0232
  0.0244  0.0241  0.0235  0.0246  0.0245  0.0248  0.0242  0.0256  0.0238  0.0245  0.0237  0.0236
niter,ni,del,rscale     2    3    5.0000    0.5000
parameters
    1.4425   -3.8494   19.3979   -6.1188  -14.2405   -4.9702
    4.2482    4.0608   -3.8130    9.1907   -4.6139  -18.7527
eta,q 0.97710 13.58149
  0.0238  0.0236  0.0236  0.0239  0.0239  0.0246  0.0237  0.0248  0.0235  0.0239  0.0233  0.0234
  0.0234  0.0233  0.0233  0.0234  0.0234  0.0240  0.0233  0.0238  0.0232  0.0234  0.0231  0.0231
  0.0231  0.0230  0.0231  0.0231  0.0231  0.0234  0.0230  0.0232  0.0230  0.0230  0.0229  0.0230
  0.0230  0.0230  0.0230  0.0230  0.0230  0.0230  0.0229  0.0229  0.0229  0.0229  0.0229  0.0229
  0.0231  0.0231  0.0230  0.0231  0.0230  0.0229  0.0230  0.0231  0.0230  0.0230  0.0230  0.0229
  0.0234  0.0233  0.0231  0.0234  0.0234  0.0233  0.0233  0.0237  0.0232  0.0234  0.0232  0.0231
  0.0239  0.0237  0.0233  0.0240  0.0239  0.0243  0.0237  0.0247  0.0235  0.0241  0.0235  0.0234
niter,ni,del,rscale     1    3    5.0000    0.4000
parameters
    1.4389   -3.8760   19.4894   -6.2001  -14.2389   -4.7168
    4.2102    4.1233   -3.7506    9.1316   -4.7837  -18.7030
eta,q 0.97715 13.58337
  0.0235  0.0233  0.0233  0.0235  0.0235  0.0241  0.0234  0.0241  0.0233  0.0235  0.0231  0.0232
  0.0231  0.0231  0.0231  0.0232  0.0232  0.0236  0.0231  0.0235  0.0230  0.0232  0.0230  0.0230
  0.0230  0.0229  0.0230  0.0230  0.0230  0.0232  0.0229  0.0230  0.0229  0.0229  0.0229  0.0229
  0.0229  0.0229  0.0229  0.0229  0.0229  0.0229  0.0228  0.0228  0.0228  0.0228  0.0228  0.0228
  0.0230  0.0230  0.0229  0.0230  0.0229  0.0228  0.0229  0.0230  0.0229  0.0229  0.0229  0.0229
  0.0232  0.0231  0.0230  0.0232  0.0231  0.0231  0.0231  0.0234  0.0230  0.0232  0.0230  0.0230
  0.0235  0.0234  0.0231  0.0236  0.0235  0.0238  0.0234  0.0240  0.0232  0.0236  0.0232  0.0231
registration optimization eta report
parameter search radius
    0.8000    0.8000    0.8000    2.4000    2.4000    2.4000
    2.4000    2.4000    2.4000    2.4000    2.4000    2.4000
100000*second partial in parameter space
       88.       68.       50.       11.       10.       18.
        9.       21.        7.       12.        6.        5.
  0.0235  0.0233  0.0233  0.0235  0.0235  0.0241  0.0234  0.0241  0.0233  0.0235  0.0231  0.0232
  0.0231  0.0231  0.0231  0.0232  0.0232  0.0236  0.0231  0.0235  0.0230  0.0232  0.0230  0.0230
  0.0230  0.0229  0.0230  0.0230  0.0230  0.0232  0.0229  0.0230  0.0229  0.0229  0.0229  0.0229
  0.0229  0.0229  0.0229  0.0229  0.0229  0.0229  0.0228  0.0228  0.0228  0.0228  0.0228  0.0228
  0.0230  0.0230  0.0229  0.0230  0.0229  0.0228  0.0229  0.0230  0.0229  0.0229  0.0229  0.0229
  0.0232  0.0231  0.0230  0.0232  0.0231  0.0231  0.0231  0.0234  0.0230  0.0232  0.0230  0.0230
  0.0235  0.0234  0.0231  0.0236  0.0235  0.0238  0.0234  0.0240  0.0232  0.0236  0.0232  0.0231
    1.4389   -3.8760   19.4894   -6.2001  -14.2389   -4.7168
    4.2102    4.1233   -3.7506    9.1316   -4.7837  -18.7030
eta,q 0.97715 13.58337

---------------------------------------------------------------------
imgreg_4dfp /opt/freesurfer/average/711-2C_as_mni_average_305 /opt/freesurfer/average/711-2B_as_mni_average_305_mask talsrcimg_g11 none talsrcimg_to_711-2C_as_mni_average_305_t4 2311
---------------------------------------------------------------------

freesurfer imgreg_4dfp.c
/opt/freesurfer/average/711-2C_as_mni_average_305.4dfp.img
       256       256       256         1
  1.000000  1.000000  1.000000
orientation T byte_order littleendian
Reading image: /opt/freesurfer/average/711-2C_as_mni_average_305.4dfp.img
dimensions:      256       256       256
mmppix:       1.0000   -1.0000   -1.0000
center:     128.0000 -129.0000 -129.0000
/opt/freesurfer/average/711-2B_as_mni_average_305_mask.4dfp.img
       256       256       256         1
  1.000000  1.000000  1.000000
orientation T byte_order littleendian
Reading mask: /opt/freesurfer/average/711-2B_as_mni_average_305_mask.4dfp.img (2306576 pixels)
talsrcimg_g11.4dfp.img
       256       256       256         1
  1.000000  1.000000  1.000000
orientation T byte_order littleendian
Reading image: talsrcimg_g11.4dfp.img
dimensions:      256       256       256
mmppix:       1.0000   -1.0000   -1.0000
center:     128.0000 -129.0000 -129.0000
fimgreg.f
image alignment mode   2311 decimal      907 hex
parameters
    1.4389   -3.8760   19.4894   -6.2001  -14.2389   -4.7168
    4.2102    4.1233   -3.7506    9.1316   -4.7837  -18.7030
eta,q 0.97716 13.58337
niter,ni,del,rscale     5    3    5.0000    0.8000
parameters
    1.4386   -3.8958   19.5788   -6.4982  -14.4562   -5.1653
    4.2997    4.0989   -3.7279    9.0735   -4.7878  -18.5066
eta,q 0.97701 13.56745
  0.0251  0.0245  0.0244  0.0248  0.0248  0.0257  0.0251  0.0270  0.0245  0.0254  0.0241  0.0242
  0.0238  0.0236  0.0235  0.0238  0.0238  0.0246  0.0240  0.0250  0.0237  0.0242  0.0235  0.0236
  0.0231  0.0230  0.0230  0.0231  0.0231  0.0236  0.0232  0.0236  0.0232  0.0234  0.0231  0.0232
  0.0228  0.0228  0.0228  0.0228  0.0228  0.0229  0.0230  0.0230  0.0230  0.0230  0.0230  0.0230
  0.0231  0.0231  0.0230  0.0232  0.0231  0.0232  0.0232  0.0235  0.0232  0.0232  0.0231  0.0231
  0.0239  0.0237  0.0234  0.0241  0.0240  0.0250  0.0239  0.0250  0.0237  0.0241  0.0235  0.0234
  0.0251  0.0246  0.0240  0.0255  0.0254  0.0279  0.0249  0.0272  0.0244  0.0257  0.0241  0.0241
niter,ni,del,rscale     4    3    5.0000    0.7000
parameters
    1.4535   -3.9281   19.4300   -6.2386  -14.3247   -5.2703
    4.2819    4.1405   -3.7247    9.0189   -4.7313  -18.5494
eta,q 0.97702 13.57122
  0.0247  0.0242  0.0237  0.0249  0.0247  0.0254  0.0245  0.0263  0.0241  0.0249  0.0239  0.0239
  0.0238  0.0235  0.0233  0.0240  0.0239  0.0244  0.0237  0.0246  0.0235  0.0239  0.0234  0.0234
  0.0232  0.0231  0.0230  0.0233  0.0232  0.0236  0.0232  0.0235  0.0231  0.0232  0.0231  0.0231
  0.0230  0.0230  0.0230  0.0230  0.0230  0.0229  0.0230  0.0230  0.0230  0.0230  0.0230  0.0230
  0.0232  0.0232  0.0232  0.0231  0.0230  0.0230  0.0232  0.0233  0.0231  0.0232  0.0231  0.0231
  0.0237  0.0236  0.0235  0.0236  0.0236  0.0241  0.0237  0.0245  0.0235  0.0239  0.0234  0.0234
  0.0246  0.0243  0.0241  0.0245  0.0246  0.0263  0.0246  0.0262  0.0241  0.0251  0.0238  0.0239
niter,ni,del,rscale     3    3    5.0000    0.6000
parameters
    1.4620   -3.9118   19.4271   -6.1414  -14.2487   -5.1132
    4.2346    4.1490   -3.7408    9.0409   -4.7348  -18.5955
eta,q 0.97708 13.57770
  0.0242  0.0240  0.0236  0.0244  0.0243  0.0250  0.0241  0.0255  0.0238  0.0244  0.0236  0.0236
  0.0236  0.0234  0.0233  0.0237  0.0236  0.0242  0.0234  0.0242  0.0233  0.0237  0.0232  0.0232
  0.0231  0.0231  0.0230  0.0232  0.0232  0.0235  0.0230  0.0233  0.0230  0.0231  0.0230  0.0230
  0.0230  0.0230  0.0230  0.0230  0.0230  0.0230  0.0229  0.0229  0.0229  0.0229  0.0229  0.0229
  0.0231  0.0231  0.0231  0.0231  0.0231  0.0229  0.0231  0.0232  0.0230  0.0231  0.0230  0.0230
  0.0235  0.0234  0.0233  0.0235  0.0235  0.0235  0.0235  0.0241  0.0233  0.0236  0.0232  0.0232
  0.0242  0.0239  0.0236  0.0243  0.0242  0.0251  0.0241  0.0255  0.0238  0.0245  0.0236  0.0236
niter,ni,del,rscale     2    3    5.0000    0.5000
parameters
    1.4563   -3.9006   19.4760   -6.1699  -14.2346   -4.8894
    4.2088    4.1567   -3.7300    9.0614   -4.7999  -18.6253
eta,q 0.97713 13.58121
  0.0238  0.0236  0.0235  0.0239  0.0238  0.0245  0.0237  0.0247  0.0235  0.0239  0.0233  0.0233
  0.0233  0.0232  0.0232  0.0234  0.0234  0.0239  0.0232  0.0238  0.0232  0.0234  0.0231  0.0231
  0.0230  0.0230  0.0230  0.0231  0.0231  0.0233  0.0230  0.0231  0.0229  0.0230  0.0229  0.0229
  0.0229  0.0229  0.0229  0.0229  0.0229  0.0229  0.0229  0.0229  0.0229  0.0229  0.0229  0.0229
  0.0230  0.0230  0.0230  0.0230  0.0230  0.0229  0.0230  0.0231  0.0229  0.0230  0.0229  0.0229
  0.0233  0.0232  0.0231  0.0234  0.0233  0.0233  0.0233  0.0237  0.0231  0.0233  0.0231  0.0231
  0.0238  0.0236  0.0234  0.0239  0.0238  0.0244  0.0237  0.0247  0.0235  0.0240  0.0234  0.0234
niter,ni,del,rscale     1    3    5.0000    0.4000
parameters
    1.4515   -3.9018   19.5344   -6.2328  -14.2366   -4.6751
    4.1885    4.1804   -3.7019    9.0596   -4.9006  -18.6170
eta,q 0.97717 13.58307
  0.0234  0.0233  0.0232  0.0235  0.0234  0.0240  0.0234  0.0241  0.0232  0.0235  0.0231  0.0231
  0.0231  0.0231  0.0231  0.0231  0.0231  0.0235  0.0231  0.0234  0.0230  0.0232  0.0230  0.0230
  0.0229  0.0229  0.0229  0.0229  0.0229  0.0231  0.0229  0.0230  0.0229  0.0229  0.0229  0.0229
  0.0229  0.0229  0.0229  0.0229  0.0229  0.0229  0.0228  0.0228  0.0228  0.0228  0.0228  0.0228
  0.0229  0.0229  0.0229  0.0229  0.0229  0.0228  0.0229  0.0230  0.0229  0.0229  0.0229  0.0229
  0.0231  0.0231  0.0230  0.0232  0.0231  0.0231  0.0231  0.0234  0.0230  0.0231  0.0230  0.0230
  0.0234  0.0233  0.0231  0.0235  0.0235  0.0238  0.0234  0.0241  0.0232  0.0236  0.0232  0.0231
registration optimization eta report
parameter search radius
    0.8000    0.8000    0.8000    2.4000    2.4000    2.4000
    2.4000    2.4000    2.4000    2.4000    2.4000    2.4000
100000*second partial in parameter space
       88.       69.       51.       11.       10.       19.
        9.       21.        7.       12.        6.        5.
  0.0234  0.0233  0.0232  0.0235  0.0234  0.0240  0.0234  0.0241  0.0232  0.0235  0.0231  0.0231
  0.0231  0.0231  0.0231  0.0231  0.0231  0.0235  0.0231  0.0234  0.0230  0.0232  0.0230  0.0230
  0.0229  0.0229  0.0229  0.0229  0.0229  0.0231  0.0229  0.0230  0.0229  0.0229  0.0229  0.0229
  0.0229  0.0229  0.0229  0.0229  0.0229  0.0229  0.0228  0.0228  0.0228  0.0228  0.0228  0.0228
  0.0229  0.0229  0.0229  0.0229  0.0229  0.0228  0.0229  0.0230  0.0229  0.0229  0.0229  0.0229
  0.0231  0.0231  0.0230  0.0232  0.0231  0.0231  0.0231  0.0234  0.0230  0.0231  0.0230  0.0230
  0.0234  0.0233  0.0231  0.0235  0.0235  0.0238  0.0234  0.0241  0.0232  0.0236  0.0232  0.0231
    1.4515   -3.9018   19.5344   -6.2328  -14.2366   -4.6751
    4.1885    4.1804   -3.7019    9.0596   -4.9006  -18.6170
eta,q 0.97717 13.58307

---------------------------------------------------------------------
compute_vox2vox talsrcimg talsrcimg_to_711-2C_as_mni_average_305_t4 /opt/freesurfer/average/711-2C_as_mni_average_305
---------------------------------------------------------------------

freesurfer compute_vox2vox.c
Reading: talsrcimg.4dfp.ifh
Reading: talsrcimg_to_711-2C_as_mni_average_305_t4
Reading: /opt/freesurfer/average/711-2C_as_mni_average_305.4dfp.ifh
Writing: talsrcimg_to_711-2C_as_mni_average_305_t4_vox2vox.txt

start time Mon Mar 9 23:51:04 CET 2026
end		time Mon Mar 9 23:51:18 CET 2026

mpr2mni305 success

avi2talxfm orig_nu.mgz /opt/freesurfer/average/mni305.cor.mgz talsrcimg_to_711-2C_as_mni_average_305_t4_vox2vox.txt transforms/talairach.auto.xfm
avi2talxfm done
mv -f /out/sourcedata/freesurfer/sub-v1s3x0050788_ses-1/mri/talsrcimg_to_711-2C_as_mni_average_305_t4_vox2vox.txt /out/sourcedata/freesurfer/sub-v1s3x0050788_ses-1/mri/transforms/talsrcimg_to_711-2C_as_mni_average_305_t4_vox2vox.txt
lta_convert --src orig_nu.mgz --trg /opt/freesurfer/average/mni305.cor.mgz --inxfm transforms/talairach.auto.xfm --outlta transforms/talairach.auto.xfm.lta --subject fsaverage
7.3.2

--src: orig_nu.mgz src image (geometry).
--trg: /opt/freesurfer/average/mni305.cor.mgz trg image (geometry).
--inmni: transforms/talairach.auto.xfm input MNI/XFM transform.
--outlta: transforms/talairach.auto.xfm.lta output LTA.
--s: fsaverage subject name
 LTA read, type : 1
 1.06194  -0.04080  -0.06072  -7.35478;
 0.06226   1.02545   0.21956  -21.16843;
 0.03926  -0.11008   1.14018   11.29781;
 0.00000   0.00000   0.00000   1.00000;
setting subject to fsaverage
Writing  LTA to file transforms/talairach.auto.xfm.lta...
lta_convert successful.
 
 
Started at Mon Mar 9 23:51:04 CET 2026
Ended   at Mon Mar  9 23:51:18 CET 2026
talairach_avi done
