/out/sourcedata/freesurfer/sub-v1s3x0050798_ses-1/mri
/opt/freesurfer/bin/talairach_avi
--i orig_nu.mgz --xfm transforms/talairach.auto.xfm
talairach_avi 7.3.2
Linux dna006 5.14.0-427.37.1.el9_4.x86_64 #1 SMP PREEMPT_DYNAMIC Fri Sep 13 12:41:50 EDT 2024 x86_64 x86_64 x86_64 GNU/Linux
Tue Mar 10 00:34:04 CET 2026
mri_convert orig_nu.mgz talsrcimg.img 
reading from orig_nu.mgz...
TR=0.00, TE=0.00, TI=0.00, flip angle=0.00
i_ras = (-1, 0, 0)
j_ras = (0, 0, -1)
k_ras = (0, 1, 0)
writing to talsrcimg.img...
Analyze Output Matrix
-1.00000   0.00000   0.00000   131.00891;
 0.00000   0.00000   1.00000  -139.63794;
 0.00000  -1.00000   0.00000   127.27080;
 0.00000   0.00000   0.00000   1.00000;
--------------------
INFO: set hdr.hist.orient to -1
mpr2mni305 talsrcimg
Tue Mar 10 00:34:04 CET 2026
/opt/freesurfer/bin/mpr2mni305 talsrcimg
mpr2mni305 7.3.2
target=711-2C_as_mni_average_305

---------------------------------------------------------------------
analyzeto4dfp talsrcimg -O0 -y
---------------------------------------------------------------------

freesurfer ifh2hdr.c
Tue Mar 10 00:34:04 2026
Writing: talsrcimg.4dfp.hdr
freesurfer analyzeto4dfp.c
Reading: talsrcimg.hdr
header size 348 bytes
hdr.dime.datatype	offset=70	value=2
hdr.dime.bitpix		offset=72	value=8
hdr.hist.orient		offset=252	value=-1
dimensionality     4
dimensions       256       256       256         1
Reading: talsrcimg.img
Writing: talsrcimg.4dfp.img
Writing: talsrcimg.4dfp.ifh
ifh2hdr talsrcimg -r0to255
ori=2

---------------------------------------------------------------------
gauss_4dfp talsrcimg 1.1
---------------------------------------------------------------------

freesurfer gauss_4dfp.c
Reading: talsrcimg.4dfp.img
Writing: talsrcimg_g11.4dfp.img
image dimensions 256 256 256 padded to 288 288 288
processing volume 1freesurfer ifh2hdr.c
Tue Mar 10 00:34:06 2026
Writing: talsrcimg_g11.4dfp.hdr

Writing: talsrcimg_g11.4dfp.ifh
including: talsrcimg.4dfp.img.rec in talsrcimg_g11.4dfp.img.rec

---------------------------------------------------------------------
imgreg_4dfp /opt/freesurfer/average/711-2C_as_mni_average_305 none talsrcimg_g11 none talsrcimg_to_711-2C_as_mni_average_305_t4 4355
---------------------------------------------------------------------

freesurfer imgreg_4dfp.c
/opt/freesurfer/average/711-2C_as_mni_average_305.4dfp.img
       256       256       256         1
  1.000000  1.000000  1.000000
orientation T byte_order littleendian
Reading image: /opt/freesurfer/average/711-2C_as_mni_average_305.4dfp.img
dimensions:      256       256       256
mmppix:       1.0000   -1.0000   -1.0000
center:     128.0000 -129.0000 -129.0000
talsrcimg_g11.4dfp.img
       256       256       256         1
  1.000000  1.000000  1.000000
orientation T byte_order littleendian
Reading image: talsrcimg_g11.4dfp.img
dimensions:      256       256       256
mmppix:       1.0000   -1.0000   -1.0000
center:     128.0000 -129.0000 -129.0000
t4_read: open error in t4_sub.f l:  41 t4_file(1:l)talsrcimg_to_711-2C_as_mni_average_305_t4 
t4_read: transform initialized to I4
rotation matrix determinant  1.000000
image alignment mode   4355 decimal     1103 hex
   -7.5000  -45.0000  -45.0000 7412.1392   19.8472
    0.0000  -45.0000  -45.0000 7734.0171   19.9075
    7.5000  -45.0000  -45.0000 7395.2993   19.9430
   -7.5000  -37.5000  -45.0000 7844.3350   19.8545
    0.0000  -37.5000  -45.0000 8186.0591   19.9171
    7.5000  -37.5000  -45.0000 7810.6953   19.9502
   -7.5000  -30.0000  -45.0000 8511.0742   19.8614
    0.0000  -30.0000  -45.0000 8929.8770   19.9231
    7.5000  -30.0000  -45.0000 8502.8389   19.9456
   -7.5000  -22.5000  -45.0000 9165.7959   19.8604
    0.0000  -22.5000  -45.0000 9615.3311   19.9173
    7.5000  -22.5000  -45.0000 9159.2109   19.9304
   -7.5000  -15.0000  -45.0000 9762.6816   19.8524
    0.0000  -15.0000  -45.000010239.6289   19.9065
    7.5000  -15.0000  -45.0000 9755.0674   19.9198
   -7.5000   -7.5000  -45.000010325.8086   19.8461
    0.0000   -7.5000  -45.000010802.2246   19.9027
    7.5000   -7.5000  -45.000010318.7061   19.9277
   -7.5000    0.0000  -45.000010722.8809   19.8471
    0.0000    0.0000  -45.000011180.6973   19.9075
    7.5000    0.0000  -45.000010678.5244   19.9429
   -7.5000    7.5000  -45.000010228.7764   19.8545
    0.0000    7.5000  -45.000010690.8174   19.9171
    7.5000    7.5000  -45.000010229.2080   19.9502
   -7.5000   15.0000  -45.0000 9568.3887   19.8614
    0.0000   15.0000  -45.000010007.1523   19.9231
    7.5000   15.0000  -45.0000 9572.4766   19.9456
   -7.5000   22.5000  -45.0000 8785.0879   19.8577
    0.0000   22.5000  -45.0000 9189.7959   19.9146
    7.5000   22.5000  -45.0000 8781.7705   19.9277
   -7.5000   30.0000  -45.0000 8028.6089   19.5879
    0.0000   30.0000  -45.0000 8390.2715   19.6412
    7.5000   30.0000  -45.0000 8016.6040   19.6543
   -7.5000   37.5000  -45.0000 7581.5513   19.5816
    0.0000   37.5000  -45.0000 7933.9653   19.6375
    7.5000   37.5000  -45.0000 7581.2935   19.6621
   -7.5000   45.0000  -45.0000 6924.0303   19.1137
    0.0000   45.0000  -45.0000 7250.4082   19.1719
    7.5000   45.0000  -45.0000 6904.8711   19.2062
   -7.5000  -45.0000  -37.5000 7969.5444   19.7692
    0.0000  -45.0000  -37.5000 8305.9570   19.8376
    7.5000  -45.0000  -37.5000 7944.7090   19.8664
   -7.5000  -37.5000  -37.5000 8407.7334   19.7740
    0.0000  -37.5000  -37.5000 8785.3184   19.8337
    7.5000  -37.5000  -37.5000 8391.9912   19.8488
   -7.5000  -30.0000  -37.5000 9105.5371   19.7722
    0.0000  -30.0000  -37.5000 9527.2939   19.8223
    7.5000  -30.0000  -37.5000 9075.9482   19.8207
   -7.5000  -22.5000  -37.5000 9806.5352   19.7662
    0.0000  -22.5000  -37.500010235.7246   19.8144
    7.5000  -22.5000  -37.5000 9748.7266   19.8095
   -7.5000  -15.0000  -37.500010447.1318   19.7607
    0.0000  -15.0000  -37.500010905.6934   19.8163
    7.5000  -15.0000  -37.500010406.7832   19.8227
   -7.5000   -7.5000  -37.500010998.4775   19.7619
    0.0000   -7.5000  -37.500011486.7646   19.8280
    7.5000   -7.5000  -37.500011008.8389   19.8513
   -7.5000    0.0000  -37.500011341.4561   19.7691
    0.0000    0.0000  -37.500011828.9434   19.8375
    7.5000    0.0000  -37.500011336.1523   19.8663
   -7.5000    7.5000  -37.500010867.5596   19.7740
    0.0000    7.5000  -37.500011345.3027   19.8337
    7.5000    7.5000  -37.500010838.2432   19.8488
   -7.5000   15.0000  -37.500010182.3516   19.7722
    0.0000   15.0000  -37.500010640.3389   19.8223
    7.5000   15.0000  -37.500010167.5566   19.8207
   -7.5000   22.5000  -37.5000 9341.5918   19.7635
    0.0000   22.5000  -37.5000 9752.7979   19.8117
    7.5000   22.5000  -37.5000 9339.4863   19.8068
   -7.5000   30.0000  -37.5000 8493.8154   19.4974
    0.0000   30.0000  -37.5000 8855.8750   19.5522
    7.5000   30.0000  -37.5000 8500.9697   19.5585
   -7.5000   37.5000  -37.5000 7983.9155   19.4985
    0.0000   37.5000  -37.5000 8365.1553   19.5637
    7.5000   37.5000  -37.5000 8019.4604   19.5868
   -7.5000   45.0000  -37.5000 7265.2627   19.0424
    0.0000   45.0000  -37.5000 7623.4175   19.1082
    7.5000   45.0000  -37.5000 7279.6963   19.1362
   -7.5000  -45.0000  -30.0000 8647.1318   20.5642
    0.0000  -45.0000  -30.0000 8998.6533   20.6446
    7.5000  -45.0000  -30.0000 8629.6074   20.6751
   -7.5000  -37.5000  -30.0000 9133.6455   20.5671
    0.0000  -37.5000  -30.0000 9524.8408   20.6311
    7.5000  -37.5000  -30.0000 9104.4570   20.6422
   -7.5000  -30.0000  -30.0000 9889.4277   20.5598
    0.0000  -30.0000  -30.000010317.1523   20.6063
    7.5000  -30.0000  -30.0000 9841.2725   20.5971
   -7.5000  -22.5000  -30.000010662.5498   20.5514
    0.0000  -22.5000  -30.000011098.7451   20.5958
    7.5000  -22.5000  -30.000010584.5684   20.5858
   -7.5000  -15.0000  -30.000011351.3174   20.5492
    0.0000  -15.0000  -30.000011810.0762   20.6076
    7.5000  -15.0000  -30.000011313.3535   20.6142
   -7.5000   -7.5000  -30.000011897.8633   20.5547
    0.0000   -7.5000  -30.000012438.9922   20.6314
    7.5000   -7.5000  -30.000011932.6182   20.6584
   -7.5000    0.0000  -30.000012247.0420   20.5641
    0.0000    0.0000  -30.000012799.9336   20.6445
    7.5000    0.0000  -30.000012246.4268   20.6751
   -7.5000    7.5000  -30.000011715.2354   20.5671
    0.0000    7.5000  -30.000012246.6943   20.6311
    7.5000    7.5000  -30.000011709.8896   20.6422
   -7.5000   15.0000  -30.000010984.6689   20.5598
    0.0000   15.0000  -30.000011479.1416   20.6063
    7.5000   15.0000  -30.000011023.2979   20.5971
   -7.5000   22.5000  -30.000010048.7070   20.5464
    0.0000   22.5000  -30.000010493.3389   20.5909
    7.5000   22.5000  -30.000010111.4922   20.5809
   -7.5000   30.0000  -30.0000 9105.8057   20.2773
    0.0000   30.0000  -30.0000 9495.0459   20.3349
    7.5000   30.0000  -30.0000 9189.4316   20.3414
   -7.5000   37.5000  -30.0000 8538.4492   20.2827
    0.0000   37.5000  -30.0000 8933.9561   20.3584
    7.5000   37.5000  -30.0000 8635.1279   20.3850
   -7.5000   45.0000  -30.0000 7754.9844   19.8245
    0.0000   45.0000  -30.0000 8133.4971   19.9020
    7.5000   45.0000  -30.0000 7812.0464   19.9317
   -7.5000  -45.0000  -22.5000 9402.3662   21.1994
    0.0000  -45.0000  -22.5000 9763.9082   21.2798
    7.5000  -45.0000  -22.5000 9371.3584   21.3183
   -7.5000  -37.5000  -22.5000 9903.9756   21.2030
    0.0000  -37.5000  -22.500010293.1367   21.2710
    7.5000  -37.5000  -22.5000 9852.6377   21.2967
   -7.5000  -30.0000  -22.500010740.5898   21.1985
    0.0000  -30.0000  -22.500011157.4170   21.2499
    7.5000  -30.0000  -22.500010684.2705   21.2572
   -7.5000  -22.5000  -22.500011540.3252   21.1918
    0.0000  -22.5000  -22.500012025.8457   21.2368
    7.5000  -22.5000  -22.500011500.8125   21.2389
   -7.5000  -15.0000  -22.500012291.5303   21.1898
    0.0000  -15.0000  -22.500012840.2295   21.2442
    7.5000  -15.0000  -22.500012305.8906   21.2567
   -7.5000   -7.5000  -22.500012938.6797   21.1928
    0.0000   -7.5000  -22.500013554.5137   21.2659
    7.5000   -7.5000  -22.500012973.0605   21.2966
   -7.5000    0.0000  -22.500013280.9795   21.1994
    0.0000    0.0000  -22.500013884.6191   21.2797
    7.5000    0.0000  -22.500013279.8584   21.3182
   -7.5000    7.5000  -22.500012616.8359   21.2030
    0.0000    7.5000  -22.500013179.7695   21.2710
    7.5000    7.5000  -22.500012649.1816   21.2967
   -7.5000   15.0000  -22.500011821.1875   21.1985
    0.0000   15.0000  -22.500012320.3994   21.2499
    7.5000   15.0000  -22.500011912.2686   21.2572
   -7.5000   22.5000  -22.500010867.0459   21.1852
    0.0000   22.5000  -22.500011278.2695   21.2303
    7.5000   22.5000  -22.500010971.1133   21.2324
   -7.5000   30.0000  -22.5000 9839.8320   20.9126
    0.0000   30.0000  -22.500010195.7939   20.9664
    7.5000   30.0000  -22.5000 9943.2617   20.9787
   -7.5000   37.5000  -22.5000 9196.0664   20.9156
    0.0000   37.5000  -22.5000 9568.4814   20.9877
    7.5000   37.5000  -22.5000 9297.4268   21.0180
   -7.5000   45.0000  -22.5000 8285.8193   20.4493
    0.0000   45.0000  -22.5000 8649.6387   20.5268
    7.5000   45.0000  -22.5000 8344.9277   20.5641
   -7.5000  -45.0000  -15.000010128.2119   21.6586
    0.0000  -45.0000  -15.000010529.0859   21.7299
    7.5000  -45.0000  -15.000010076.9121   21.7737
   -7.5000  -37.5000  -15.000010671.5859   21.6649
    0.0000  -37.5000  -15.000011077.6367   21.7344
    7.5000  -37.5000  -15.000010604.7100   21.7770
   -7.5000  -30.0000  -15.000011598.2842   21.6674
    0.0000  -30.0000  -15.000012065.2656   21.7277
    7.5000  -30.0000  -15.000011542.4473   21.7573
   -7.5000  -22.5000  -15.000012482.4863   21.6634
    0.0000  -22.5000  -15.000013015.5225   21.7133
    7.5000  -22.5000  -15.000012424.0957   21.7312
   -7.5000  -15.0000  -15.000013293.4043   21.6580
    0.0000  -15.0000  -15.000013960.4072   21.7072
    7.5000  -15.0000  -15.000013262.8457   21.7245
   -7.5000   -7.5000  -15.000013979.0752   21.6555
    0.0000   -7.5000  -15.000014676.3682   21.7170
    7.5000   -7.5000  -15.000013971.1924   21.7473
   -7.5000    0.0000  -15.000014302.4668   21.6586
    0.0000    0.0000  -15.000014952.1768   21.7299
    7.5000    0.0000  -15.000014294.2471   21.7737
   -7.5000    7.5000  -15.000013543.2490   21.6649
    0.0000    7.5000  -15.000014133.9150   21.7344
    7.5000    7.5000  -15.000013628.0234   21.7770
   -7.5000   15.0000  -15.000012730.9580   21.6674
    0.0000   15.0000  -15.000013197.2129   21.7277
    7.5000   15.0000  -15.000012808.7998   21.7573
   -7.5000   22.5000  -15.000011736.8086   21.6557
    0.0000   22.5000  -15.000012112.8594   21.7057
    7.5000   22.5000  -15.000011802.0654   21.7235
   -7.5000   30.0000  -15.000010566.8184   21.3777
    0.0000   30.0000  -15.000010929.2266   21.4263
    7.5000   30.0000  -15.000010679.3516   21.4434
   -7.5000   37.5000  -15.0000 9903.9932   21.3753
    0.0000   37.5000  -15.000010258.0869   21.4359
    7.5000   37.5000  -15.0000 9982.0176   21.4658
   -7.5000   45.0000  -15.0000 8883.2773   20.9010
    0.0000   45.0000  -15.0000 9230.2773   20.9699
    7.5000   45.0000  -15.0000 8915.2148   21.0123
   -7.5000  -45.0000   -7.500010912.2549   21.9353
    0.0000  -45.0000   -7.500011324.4297   21.9992
    7.5000  -45.0000   -7.500010816.6797   22.0432
   -7.5000  -37.5000   -7.500011521.7148   21.9437
    0.0000  -37.5000   -7.500011989.4463   22.0129
    7.5000  -37.5000   -7.500011428.2695   22.0606
   -7.5000  -30.0000   -7.500012557.4766   21.9517
    0.0000  -30.0000   -7.500013097.4492   22.0196
    7.5000  -30.0000   -7.500012477.7256   22.0579
   -7.5000  -22.5000   -7.500013494.4922   21.9497
    0.0000  -22.5000   -7.500014182.2744   22.0082
    7.5000  -22.5000   -7.500013423.8408   22.0324
   -7.5000  -15.0000   -7.500014323.0420   21.9410
    0.0000  -15.0000   -7.500015182.2656   21.9929
    7.5000  -15.0000   -7.500014290.0166   22.0113
   -7.5000   -7.5000   -7.500015041.6064   21.9343
    0.0000   -7.5000   -7.500015912.6113   21.9904
    7.5000   -7.5000   -7.500015035.9463   22.0192
   -7.5000    0.0000   -7.500015392.3613   21.9353
    0.0000    0.0000   -7.500016186.8809   21.9992
    7.5000    0.0000   -7.500015426.5332   22.0431
   -7.5000    7.5000   -7.500014562.5693   21.9437
    0.0000    7.5000   -7.500015249.5771   22.0129
    7.5000    7.5000   -7.500014660.8643   22.0606
   -7.5000   15.0000   -7.500013676.5488   21.9517
    0.0000   15.0000   -7.500014237.9600   22.0196
    7.5000   15.0000   -7.500013774.8174   22.0579
   -7.5000   22.5000   -7.500012616.1465   21.9396
    0.0000   22.5000   -7.500013092.0781   21.9981
    7.5000   22.5000   -7.500012717.9707   22.0223
   -7.5000   30.0000   -7.500011390.0410   21.6564
    0.0000   30.0000   -7.500011820.6016   21.7076
    7.5000   30.0000   -7.500011495.5977   21.7258
   -7.5000   37.5000   -7.500010670.1777   21.6498
    0.0000   37.5000   -7.500011088.1963   21.7052
    7.5000   37.5000   -7.500010773.0615   21.7336
   -7.5000   45.0000   -7.5000 9556.0664   21.1708
    0.0000   45.0000   -7.5000 9936.7568   21.2325
    7.5000   45.0000   -7.5000 9614.4043   21.2751
   -7.5000  -45.0000    0.000011609.4180   22.0478
    0.0000  -45.0000    0.000012147.9512   22.1135
    7.5000  -45.0000    0.000011552.8584   22.1529
   -7.5000  -37.5000    0.000012227.7998   22.0557
    0.0000  -37.5000    0.000012874.3193   22.1235
    7.5000  -37.5000    0.000012204.4229   22.1601
   -7.5000  -30.0000    0.000013333.5654   22.0621
    0.0000  -30.0000    0.000014126.9160   22.1286
    7.5000  -30.0000    0.000013323.2764   22.1532
   -7.5000  -22.5000    0.000014332.5469   22.0598
    0.0000  -22.5000    0.000015407.8818   22.1212
    7.5000  -22.5000    0.000014389.1299   22.1352
   -7.5000  -15.0000    0.000015193.5557   22.0511
    0.0000  -15.0000    0.000016494.9277   22.1095
    7.5000  -15.0000    0.000015419.4043   22.1239
   -7.5000   -7.5000    0.000015969.7139   22.0454
    0.0000   -7.5000    0.000017149.2871   22.1070
    7.5000   -7.5000    0.000016153.3916   22.1346
   -7.5000    0.0000    0.000016352.4834   22.0478
    0.0000    0.0000    0.000017373.2480   22.1135
    7.5000    0.0000    0.000016496.2930   22.1528
   -7.5000    7.5000    0.000015453.7354   22.0557
    0.0000    7.5000    0.000016345.1133   22.1235
    7.5000    7.5000    0.000015612.3789   22.1600
   -7.5000   15.0000    0.000014484.8994   22.0621
    0.0000   15.0000    0.000015288.6631   22.1286
    7.5000   15.0000    0.000014676.5742   22.1532
   -7.5000   22.5000    0.000013377.6279   22.0497
    0.0000   22.5000    0.000014030.9180   22.1110
    7.5000   22.5000    0.000013548.9365   22.1250
   -7.5000   30.0000    0.000012097.4961   21.7657
    0.0000   30.0000    0.000012674.2334   21.8234
    7.5000   30.0000    0.000012246.7773   21.8376
   -7.5000   37.5000    0.000011352.8525   21.7601
    0.0000   37.5000    0.000011879.1104   21.8209
    7.5000   37.5000    0.000011467.9951   21.8481
   -7.5000   45.0000    0.000010189.5654   21.2829
    0.0000   45.0000    0.000010632.3848   21.3463
    7.5000   45.0000    0.000010244.2578   21.3845
   -7.5000  -45.0000    7.500011343.5645   22.1001
    0.0000  -45.0000    7.500012056.7422   22.1768
    7.5000  -45.0000    7.500011381.0205   22.2094
   -7.5000  -37.5000    7.500011939.4365   22.1051
    0.0000  -37.5000    7.500012739.8203   22.1722
    7.5000  -37.5000    7.500011976.3701   22.1895
   -7.5000  -30.0000    7.500013050.1211   22.1029
    0.0000  -30.0000    7.500014044.0127   22.1593
    7.5000  -30.0000    7.500013136.0576   22.1580
   -7.5000  -22.5000    7.500014075.0859   22.0965
    0.0000  -22.5000    7.500015504.0723   22.1509
    7.5000  -22.5000    7.500014427.6357   22.1459
   -7.5000  -15.0000    7.500015033.0107   22.0908
    0.0000  -15.0000    7.500016622.2988   22.1533
    7.5000  -15.0000    7.500015478.5205   22.1609
   -7.5000   -7.5000    7.500015694.0869   22.0921
    0.0000   -7.5000    7.500017033.9473   22.1663
    7.5000   -7.5000    7.500015983.9941   22.1929
   -7.5000    0.0000    7.500016084.0273   22.1000
    0.0000    0.0000    7.500017260.8320   22.1768
    7.5000    0.0000    7.500016293.3877   22.2094
   -7.5000    7.5000    7.500015204.9316   22.1051
    0.0000    7.5000    7.500016277.9590   22.1722
    7.5000    7.5000    7.500015413.2520   22.1894
   -7.5000   15.0000    7.500014270.5752   22.1029
    0.0000   15.0000    7.500015232.1016   22.1593
    7.5000   15.0000    7.500014475.7402   22.1580
   -7.5000   22.5000    7.500013242.6211   22.0864
    0.0000   22.5000    7.500013990.3105   22.1407
    7.5000   22.5000    7.500013340.0840   22.1357
   -7.5000   30.0000    7.500011958.5059   21.8049
    0.0000   30.0000    7.500012592.3789   21.8666
    7.5000   30.0000    7.500012060.6514   21.8741
   -7.5000   37.5000    7.500011182.0713   21.8062
    0.0000   37.5000    7.500011757.1494   21.8795
    7.5000   37.5000    7.500011253.6797   21.9057
   -7.5000   45.0000    7.500010011.2031   21.3376
    0.0000   45.0000    7.500010482.0615   21.4118
    7.5000   45.0000    7.500010036.9961   21.4435
   -7.5000  -45.0000   15.000010953.3633   22.0826
    0.0000  -45.0000   15.000011649.1982   22.1689
    7.5000  -45.0000   15.000011029.5186   22.2017
   -7.5000  -37.5000   15.000011508.2275   22.0857
    0.0000  -37.5000   15.000012337.7705   22.1544
    7.5000  -37.5000   15.000011627.8828   22.1663
   -7.5000  -30.0000   15.000012563.7236   22.0779
    0.0000  -30.0000   15.000013669.2266   22.1277
    7.5000  -30.0000   15.000012820.4609   22.1179
   -7.5000  -22.5000   15.000013627.9268   22.0688
    0.0000  -22.5000   15.000015088.0098   22.1165
    7.5000  -22.5000   15.000014071.5430   22.1058
   -7.5000  -15.0000   15.000014610.7910   22.0664
    0.0000  -15.0000   15.000016152.6631   22.1291
    7.5000  -15.0000   15.000014953.5098   22.1362
   -7.5000   -7.5000   15.000015314.8691   22.0723
    0.0000   -7.5000   15.000016674.7168   22.1547
    7.5000   -7.5000   15.000015452.7373   22.1837
   -7.5000    0.0000   15.000015723.3564   22.0825
    0.0000    0.0000   15.000016957.5410   22.1688
    7.5000    0.0000   15.000015783.8193   22.2016
   -7.5000    7.5000   15.000014908.0283   22.0857
    0.0000    7.5000   15.000015960.6309   22.1544
    7.5000    7.5000   15.000014920.4189   22.1663
   -7.5000   15.0000   15.000013948.2988   22.0779
    0.0000   15.0000   15.000014831.9131   22.1277
    7.5000   15.0000   15.000013947.5264   22.1179
   -7.5000   22.5000   15.000012877.4736   22.0586
    0.0000   22.5000   15.000013597.1416   22.1063
    7.5000   22.5000   15.000012850.7764   22.0956
   -7.5000   30.0000   15.000011596.2432   21.7809
    0.0000   30.0000   15.000012202.6465   21.8427
    7.5000   30.0000   15.000011619.0449   21.8497
   -7.5000   37.5000   15.000010779.5762   21.7867
    0.0000   37.5000   15.000011386.6787   21.8680
    7.5000   37.5000   15.000010837.0674   21.8966
   -7.5000   45.0000   15.0000 9602.0439   21.3227
    0.0000   45.0000   15.000010138.0596   21.4061
    7.5000   45.0000   15.0000 9663.5322   21.4380
   -7.5000  -45.0000   22.500010458.2578   22.0067
    0.0000  -45.0000   22.500011148.6914   22.0901
    7.5000  -45.0000   22.500010602.7744   22.1301
   -7.5000  -37.5000   22.500010983.5127   22.0104
    0.0000  -37.5000   22.500011752.9775   22.0810
    7.5000  -37.5000   22.500011163.5840   22.1077
   -7.5000  -30.0000   22.500012004.2676   22.0057
    0.0000  -30.0000   22.500012905.1514   22.0591
    7.5000  -30.0000   22.500012237.0684   22.0667
   -7.5000  -22.5000   22.500013100.6289   21.9987
    0.0000  -22.5000   22.500014091.0879   22.0455
    7.5000  -22.5000   22.500013212.6895   22.0477
   -7.5000  -15.0000   22.500014226.3887   21.9967
    0.0000  -15.0000   22.500015244.4307   22.0532
    7.5000  -15.0000   22.500014062.1045   22.0662
   -7.5000   -7.5000   22.500015084.5469   21.9998
    0.0000   -7.5000   22.500016182.8955   22.0757
    7.5000   -7.5000   22.500014825.1816   22.1075
   -7.5000    0.0000   22.500015473.4229   22.0066
    0.0000    0.0000   22.500016658.0312   22.0900
    7.5000    0.0000   22.500015262.3340   22.1300
   -7.5000    7.5000   22.500014521.9668   22.0104
    0.0000    7.5000   22.500015604.3633   22.0810
    7.5000    7.5000   22.500014379.7012   22.1077
   -7.5000   15.0000   22.500013377.6709   22.0057
    0.0000   15.0000   22.500014329.3867   22.0591
    7.5000   15.0000   22.500013323.6025   22.0667
   -7.5000   22.5000   22.500012241.9990   21.9886
    0.0000   22.5000   22.500013043.7861   22.0354
    7.5000   22.5000   22.500012260.8906   22.0375
   -7.5000   30.0000   22.500011014.7744   21.7120
    0.0000   30.0000   22.500011706.4834   21.7678
    7.5000   30.0000   22.500011088.5723   21.7806
   -7.5000   37.5000   22.500010277.1689   21.7151
    0.0000   37.5000   22.500010907.8135   21.7900
    7.5000   37.5000   22.500010348.1611   21.8214
   -7.5000   45.0000   22.5000 9154.8320   21.2464
    0.0000   45.0000   22.5000 9672.2031   21.3269
    7.5000   45.0000   22.5000 9207.1328   21.3657
   -7.5000  -45.0000   30.0000 9882.8340   21.9558
    0.0000  -45.0000   30.000010406.8457   22.0282
    7.5000  -45.0000   30.0000 9958.0225   22.0725
   -7.5000  -37.5000   30.000010416.0771   21.9622
    0.0000  -37.5000   30.000010988.7715   22.0327
    7.5000  -37.5000   30.000010489.5986   22.0758
   -7.5000  -30.0000   30.000011417.7061   21.9647
    0.0000  -30.0000   30.000012111.1426   22.0258
    7.5000  -30.0000   30.000011448.9951   22.0559
   -7.5000  -22.5000   30.000012454.1992   21.9606
    0.0000  -22.5000   30.000013255.8008   22.0113
    7.5000  -22.5000   30.000012342.1045   22.0294
   -7.5000  -15.0000   30.000013363.8291   21.9552
    0.0000  -15.0000   30.000014231.7275   22.0051
    7.5000  -15.0000   30.000013152.7031   22.0226
   -7.5000   -7.5000   30.000014078.5684   21.9527
    0.0000   -7.5000   30.000015073.1953   22.0150
    7.5000   -7.5000   30.000013963.5322   22.0457
   -7.5000    0.0000   30.000014434.4795   21.9558
    0.0000    0.0000   30.000015517.8066   22.0281
    7.5000    0.0000   30.000014439.8076   22.0725
   -7.5000    7.5000   30.000013579.4639   21.9622
    0.0000    7.5000   30.000014594.1230   22.0326
    7.5000    7.5000   30.000013679.9482   22.0758
   -7.5000   15.0000   30.000012513.9385   21.9647
    0.0000   15.0000   30.000013405.2285   22.0258
    7.5000   15.0000   30.000012667.3320   22.0559
   -7.5000   22.5000   30.000011454.1836   21.9505
    0.0000   22.5000   30.000012218.2676   22.0012
    7.5000   22.5000   30.000011583.4404   22.0192
   -7.5000   30.0000   30.000010315.1602   21.6710
    0.0000   30.0000   30.000010939.3623   21.7203
    7.5000   30.0000   30.000010406.4688   21.7376
   -7.5000   37.5000   30.0000 9614.5645   21.6686
    0.0000   37.5000   30.000010137.9209   21.7301
    7.5000   37.5000   30.0000 9638.3867   21.7604
   -7.5000   45.0000   30.0000 8560.1191   21.1934
    0.0000   45.0000   30.0000 8978.8652   21.2633
    7.5000   45.0000   30.0000 8548.7988   21.3063
   -7.5000  -45.0000   37.5000 9688.0664   21.9827
    0.0000  -45.0000   37.500010113.5166   22.0468
    7.5000  -45.0000   37.5000 9689.5566   22.0908
   -7.5000  -37.5000   37.500010202.3662   21.9912
    0.0000  -37.5000   37.500010714.0889   22.0606
    7.5000  -37.5000   37.500010235.8369   22.1083
   -7.5000  -30.0000   37.500011140.8076   21.9992
    0.0000  -30.0000   37.500011725.0557   22.0672
    7.5000  -30.0000   37.500011171.1748   22.1056
   -7.5000  -22.5000   37.500012015.3662   21.9972
    0.0000  -22.5000   37.500012669.6689   22.0559
    7.5000  -22.5000   37.500011987.9365   22.0801
   -7.5000  -15.0000   37.500012726.3848   21.9885
    0.0000  -15.0000   37.500013448.6064   22.0405
    7.5000  -15.0000   37.500012703.5771   22.0589
   -7.5000   -7.5000   37.500013335.6553   21.9817
    0.0000   -7.5000   37.500014121.0518   22.0379
    7.5000   -7.5000   37.500013369.9336   22.0668
   -7.5000    0.0000   37.500013661.0723   21.9827
    0.0000    0.0000   37.500014507.0186   22.0468
    7.5000    0.0000   37.500013763.0264   22.0908
   -7.5000    7.5000   37.500012960.3174   21.9912
    0.0000    7.5000   37.500013743.4189   22.0605
    7.5000    7.5000   37.500013084.8916   22.1083
   -7.5000   15.0000   37.500012012.7207   21.9992
    0.0000   15.0000   37.500012766.1123   22.0672
    7.5000   15.0000   37.500012174.7686   22.1056
   -7.5000   22.5000   37.500010974.1504   21.9871
    0.0000   22.5000   37.500011689.9648   22.0457
    7.5000   22.5000   37.500011168.8359   22.0700
   -7.5000   30.0000   37.5000 9905.0723   21.7039
    0.0000   30.0000   37.500010499.8477   21.7552
    7.5000   30.0000   37.500010025.1797   21.7734
   -7.5000   37.5000   37.5000 9218.5898   21.6973
    0.0000   37.5000   37.5000 9727.6660   21.7527
    7.5000   37.5000   37.5000 9274.3428   21.7812
   -7.5000   45.0000   37.5000 8205.4404   21.2181
    0.0000   45.0000   37.5000 8603.3887   21.2800
    7.5000   45.0000   37.5000 8210.9268   21.3227
   -7.5000  -45.0000   45.0000 9003.2480   22.1198
    0.0000  -45.0000   45.0000 9354.9795   22.1866
    7.5000  -45.0000   45.0000 9014.2275   22.2263
   -7.5000  -37.5000   45.0000 9414.7051   22.1279
    0.0000  -37.5000   45.0000 9789.4492   22.1967
    7.5000  -37.5000   45.0000 9465.2373   22.2334
   -7.5000  -30.0000   45.000010191.9609   22.1341
    0.0000  -30.0000   45.000010628.5508   22.2015
    7.5000  -30.0000   45.000010266.8848   22.2261
   -7.5000  -22.5000   45.000010936.8359   22.1314
    0.0000  -22.5000   45.000011427.9375   22.1937
    7.5000  -22.5000   45.000010976.3105   22.2079
   -7.5000  -15.0000   45.000011528.3428   22.1223
    0.0000  -15.0000   45.000012090.2139   22.1819
    7.5000  -15.0000   45.000011576.8945   22.1966
   -7.5000   -7.5000   45.000012083.0371   22.1168
    0.0000   -7.5000   45.000012703.6162   22.1796
    7.5000   -7.5000   45.000012149.9326   22.2077
   -7.5000    0.0000   45.000012427.1533   22.1197
    0.0000    0.0000   45.000013074.5156   22.1865
    7.5000    0.0000   45.000012514.1309   22.2263
   -7.5000    7.5000   45.000011823.9053   22.1279
    0.0000    7.5000   45.000012457.1562   22.1967
    7.5000    7.5000   45.000011907.7285   22.2334
   -7.5000   15.0000   45.000010982.2744   22.1341
    0.0000   15.0000   45.000011613.1650   22.2015
    7.5000   15.0000   45.000011092.8379   22.2261
   -7.5000   22.5000   45.000010034.0078   22.1211
    0.0000   22.5000   45.000010620.6592   22.1834
    7.5000   22.5000   45.000010149.6055   22.1976
   -7.5000   30.0000   45.0000 9032.4717   21.8341
    0.0000   30.0000   45.0000 9551.7988   21.8929
    7.5000   30.0000   45.0000 9144.4922   21.9074
   -7.5000   37.5000   45.0000 8400.8623   21.8286
    0.0000   37.5000   45.0000 8851.6084   21.8907
    7.5000   37.5000   45.0000 8490.4102   21.9184
   -7.5000   45.0000   45.0000 7455.4248   21.3623
    0.0000   45.0000   45.0000 7836.5786   21.4268
    7.5000   45.0000   45.0000 7527.7969   21.4655

---------------------------------------------------------------------
imgreg_4dfp /opt/freesurfer/average/711-2C_as_mni_average_305 /opt/freesurfer/average/711-2B_as_mni_average_305_mask talsrcimg_g11 none talsrcimg_to_711-2C_as_mni_average_305_t4 4355
---------------------------------------------------------------------

freesurfer imgreg_4dfp.c
/opt/freesurfer/average/711-2C_as_mni_average_305.4dfp.img
       256       256       256         1
  1.000000  1.000000  1.000000
orientation T byte_order littleendian
Reading image: /opt/freesurfer/average/711-2C_as_mni_average_305.4dfp.img
dimensions:      256       256       256
mmppix:       1.0000   -1.0000   -1.0000
center:     128.0000 -129.0000 -129.0000
/opt/freesurfer/average/711-2B_as_mni_average_305_mask.4dfp.img
       256       256       256         1
  1.000000  1.000000  1.000000
orientation T byte_order littleendian
Reading mask: /opt/freesurfer/average/711-2B_as_mni_average_305_mask.4dfp.img (2306576 pixels)
talsrcimg_g11.4dfp.img
       256       256       256         1
  1.000000  1.000000  1.000000
orientation T byte_order littleendian
Reading image: talsrcimg_g11.4dfp.img
dimensions:      256       256       256
mmppix:       1.0000   -1.0000   -1.0000
center:     128.0000 -129.0000 -129.0000
rotation matrix determinant  1.000000
image alignment mode   4355 decimal     1103 hex
   -7.5000  -45.0000  -45.0000 2055.9451   24.7277
    0.0000  -45.0000  -45.0000 2055.0845   24.7750
    7.5000  -45.0000  -45.0000 2042.3414   24.9651
   -7.5000  -37.5000  -45.0000 2116.3816   23.3885
    0.0000  -37.5000  -45.0000 2112.2891   23.3606
    7.5000  -37.5000  -45.0000 2096.0935   23.6393
   -7.5000  -30.0000  -45.0000 2156.0222   22.4360
    0.0000  -30.0000  -45.0000 2156.9656   22.4223
    7.5000  -30.0000  -45.0000 2135.1724   22.7478
   -7.5000  -22.5000  -45.0000 2190.8923   22.1503
    0.0000  -22.5000  -45.0000 2193.9980   22.1971
    7.5000  -22.5000  -45.0000 2173.1194   22.4932
   -7.5000  -15.0000  -45.0000 2206.9895   22.2981
    0.0000  -15.0000  -45.0000 2203.8987   22.2451
    7.5000  -15.0000  -45.0000 2183.6978   22.5913
   -7.5000   -7.5000  -45.0000 2208.6724   22.7738
    0.0000   -7.5000  -45.0000 2212.5298   22.6890
    7.5000   -7.5000  -45.0000 2189.1768   22.9541
   -7.5000    0.0000  -45.0000 2188.6089   23.3527
    0.0000    0.0000  -45.0000 2196.5271   23.3241
    7.5000    0.0000  -45.0000 2177.2297   23.5336
   -7.5000    7.5000  -45.0000 2147.4028   24.2624
    0.0000    7.5000  -45.0000 2164.0803   24.1862
    7.5000    7.5000  -45.0000 2148.2275   24.3598
   -7.5000   15.0000  -45.0000 2098.7209   25.3289
    0.0000   15.0000  -45.0000 2112.6106   25.2594
    7.5000   15.0000  -45.0000 2096.2302   25.4733
   -7.5000   22.5000  -45.0000 2029.7245   26.9925
    0.0000   22.5000  -45.0000 2043.8439   26.9164
    7.5000   22.5000  -45.0000 2026.1041   27.1028
   -7.5000   30.0000  -45.0000 1939.8678   29.3920
    0.0000   30.0000  -45.0000 1957.1506   29.1667
    7.5000   30.0000  -45.0000 1948.0571   29.4631
   -7.5000   37.5000  -45.0000 1835.4248   32.4536
    0.0000   37.5000  -45.0000 1854.9254   32.2602
    7.5000   37.5000  -45.0000 1852.9670   32.6465
   -7.5000   45.0000  -45.0000 1733.9697   36.7807
    0.0000   45.0000  -45.0000 1747.9847   36.4703
    7.5000   45.0000  -45.0000 1751.2155   36.8519
   -7.5000  -45.0000  -37.5000 2148.9670   22.9077
    0.0000  -45.0000  -37.5000 2155.3738   22.8873
    7.5000  -45.0000  -37.5000 2144.1223   23.0655
   -7.5000  -37.5000  -37.5000 2205.1174   21.5729
    0.0000  -37.5000  -37.5000 2215.9014   21.6009
    7.5000  -37.5000  -37.5000 2198.5879   21.7960
   -7.5000  -30.0000  -37.5000 2250.1672   20.8303
    0.0000  -30.0000  -37.5000 2258.7366   20.8335
    7.5000  -30.0000  -37.5000 2234.3577   21.1025
   -7.5000  -22.5000  -37.5000 2289.9236   20.5937
    0.0000  -22.5000  -37.5000 2293.1641   20.5105
    7.5000  -22.5000  -37.5000 2269.8008   20.7981
   -7.5000  -15.0000  -37.5000 2308.3074   20.6030
    0.0000  -15.0000  -37.5000 2313.0818   20.5901
    7.5000  -15.0000  -37.5000 2293.7500   20.8146
   -7.5000   -7.5000  -37.5000 2318.3994   20.9358
    0.0000   -7.5000  -37.5000 2323.9731   20.8346
    7.5000   -7.5000  -37.5000 2306.0781   21.0142
   -7.5000    0.0000  -37.5000 2290.7334   21.3249
    0.0000    0.0000  -37.5000 2303.2002   21.2337
    7.5000    0.0000  -37.5000 2290.8372   21.4472
   -7.5000    7.5000  -37.5000 2257.0593   22.1330
    0.0000    7.5000  -37.5000 2276.7346   22.0022
    7.5000    7.5000  -37.5000 2259.5864   22.2341
   -7.5000   15.0000  -37.5000 2199.3582   23.2572
    0.0000   15.0000  -37.5000 2224.6294   23.1065
    7.5000   15.0000  -37.5000 2204.9229   23.2916
   -7.5000   22.5000  -37.5000 2133.1177   24.7387
    0.0000   22.5000  -37.5000 2157.0266   24.6110
    7.5000   22.5000  -37.5000 2142.6445   24.8201
   -7.5000   30.0000  -37.5000 2037.3340   26.9479
    0.0000   30.0000  -37.5000 2059.2585   26.7609
    7.5000   30.0000  -37.5000 2050.9846   27.0532
   -7.5000   37.5000  -37.5000 1935.5314   29.7956
    0.0000   37.5000  -37.5000 1956.8312   29.6262
    7.5000   37.5000  -37.5000 1945.4230   29.8140
   -7.5000   45.0000  -37.5000 1819.1229   33.7596
    0.0000   45.0000  -37.5000 1839.4690   33.4181
    7.5000   45.0000  -37.5000 1834.1549   33.7300
   -7.5000  -45.0000  -30.0000 2273.0156   21.8989
    0.0000  -45.0000  -30.0000 2279.7751   21.9029
    7.5000  -45.0000  -30.0000 2264.2520   22.0360
   -7.5000  -37.5000  -30.0000 2345.1504   20.6266
    0.0000  -37.5000  -30.0000 2354.8611   20.6123
    7.5000  -37.5000  -30.0000 2330.7737   20.7938
   -7.5000  -30.0000  -30.0000 2386.9390   19.9619
    0.0000  -30.0000  -30.0000 2398.3972   19.8932
    7.5000  -30.0000  -30.0000 2367.1355   20.1422
   -7.5000  -22.5000  -30.0000 2429.4185   19.7037
    0.0000  -22.5000  -30.0000 2439.5820   19.6088
    7.5000  -22.5000  -30.0000 2408.5271   19.8245
   -7.5000  -15.0000  -30.0000 2443.6052   19.6236
    0.0000  -15.0000  -30.0000 2454.5042   19.5230
    7.5000  -15.0000  -30.0000 2424.6685   19.7172
   -7.5000   -7.5000  -30.0000 2450.5586   19.7547
    0.0000   -7.5000  -30.0000 2464.1133   19.6158
    7.5000   -7.5000  -30.0000 2435.9080   19.8633
   -7.5000    0.0000  -30.0000 2432.7915   20.1122
    0.0000    0.0000  -30.0000 2455.1511   20.0298
    7.5000    0.0000  -30.0000 2433.6118   20.2823
   -7.5000    7.5000  -30.0000 2407.1396   20.9250
    0.0000    7.5000  -30.0000 2437.0117   20.7768
    7.5000    7.5000  -30.0000 2410.7964   21.0244
   -7.5000   15.0000  -30.0000 2346.1672   22.0432
    0.0000   15.0000  -30.0000 2375.5872   21.8695
    7.5000   15.0000  -30.0000 2353.3452   22.0510
   -7.5000   22.5000  -30.0000 2270.7905   23.5919
    0.0000   22.5000  -30.0000 2298.6553   23.4023
    7.5000   22.5000  -30.0000 2282.5483   23.5397
   -7.5000   30.0000  -30.0000 2172.3770   25.5993
    0.0000   30.0000  -30.0000 2198.7979   25.4707
    7.5000   30.0000  -30.0000 2188.4331   25.6448
   -7.5000   37.5000  -30.0000 2060.3833   28.3053
    0.0000   37.5000  -30.0000 2089.0383   28.0680
    7.5000   37.5000  -30.0000 2071.8120   28.2343
   -7.5000   45.0000  -30.0000 1935.9338   31.9115
    0.0000   45.0000  -30.0000 1968.8927   31.6968
    7.5000   45.0000  -30.0000 1951.9971   31.7910
   -7.5000  -45.0000  -22.5000 2382.2151   20.7316
    0.0000  -45.0000  -22.5000 2393.5840   20.6867
    7.5000  -45.0000  -22.5000 2363.9036   20.8466
   -7.5000  -37.5000  -22.5000 2456.0303   19.4858
    0.0000  -37.5000  -22.5000 2461.9104   19.4171
    7.5000  -37.5000  -22.5000 2433.0237   19.5475
   -7.5000  -30.0000  -22.5000 2495.6763   18.8067
    0.0000  -30.0000  -22.5000 2501.0945   18.6743
    7.5000  -30.0000  -22.5000 2475.0054   18.8491
   -7.5000  -22.5000  -22.5000 2538.0823   18.4000
    0.0000  -22.5000  -22.5000 2547.2732   18.2686
    7.5000  -22.5000  -22.5000 2515.6423   18.4474
   -7.5000  -15.0000  -22.5000 2558.6299   18.3803
    0.0000  -15.0000  -22.5000 2575.3916   18.2241
    7.5000  -15.0000  -22.5000 2549.4905   18.4477
   -7.5000   -7.5000  -22.5000 2577.8474   18.5153
    0.0000   -7.5000  -22.5000 2595.6021   18.3578
    7.5000   -7.5000  -22.5000 2571.0029   18.6117
   -7.5000    0.0000  -22.5000 2572.3831   18.9023
    0.0000    0.0000  -22.5000 2595.0894   18.7400
    7.5000    0.0000  -22.5000 2563.2532   18.9521
   -7.5000    7.5000  -22.5000 2541.2729   19.6492
    0.0000    7.5000  -22.5000 2568.1982   19.4507
    7.5000    7.5000  -22.5000 2541.8538   19.6398
   -7.5000   15.0000  -22.5000 2479.1360   20.7273
    0.0000   15.0000  -22.5000 2511.1614   20.5331
    7.5000   15.0000  -22.5000 2487.9133   20.6855
   -7.5000   22.5000  -22.5000 2393.2375   22.1303
    0.0000   22.5000  -22.5000 2421.0181   21.8679
    7.5000   22.5000  -22.5000 2405.1858   22.0755
   -7.5000   30.0000  -22.5000 2286.6257   24.0022
    0.0000   30.0000  -22.5000 2314.7458   23.7697
    7.5000   30.0000  -22.5000 2297.6648   23.9471
   -7.5000   37.5000  -22.5000 2164.6357   26.5266
    0.0000   37.5000  -22.5000 2194.3706   26.2838
    7.5000   37.5000  -22.5000 2177.7065   26.5155
   -7.5000   45.0000  -22.5000 2025.7744   29.8107
    0.0000   45.0000  -22.5000 2057.2422   29.6194
    7.5000   45.0000  -22.5000 2040.9277   29.9104
   -7.5000  -45.0000  -15.0000 2444.3997   19.5261
    0.0000  -45.0000  -15.0000 2450.8308   19.5045
    7.5000  -45.0000  -15.0000 2418.8667   19.7176
   -7.5000  -37.5000  -15.0000 2526.8455   18.3278
    0.0000  -37.5000  -15.0000 2526.5278   18.2734
    7.5000  -37.5000  -15.0000 2502.5715   18.4369
   -7.5000  -30.0000  -15.0000 2578.2429   17.5732
    0.0000  -30.0000  -15.0000 2584.9688   17.5012
    7.5000  -30.0000  -15.0000 2562.6277   17.6478
   -7.5000  -22.5000  -15.0000 2632.9966   17.1457
    0.0000  -22.5000  -15.0000 2643.8574   17.0370
    7.5000  -22.5000  -15.0000 2616.5439   17.1866
   -7.5000  -15.0000  -15.0000 2664.2551   17.1430
    0.0000  -15.0000  -15.0000 2679.8127   16.9857
    7.5000  -15.0000  -15.0000 2645.7849   17.1025
   -7.5000   -7.5000  -15.0000 2674.6677   17.2427
    0.0000   -7.5000  -15.0000 2700.4607   17.1496
    7.5000   -7.5000  -15.0000 2664.7476   17.3146
   -7.5000    0.0000  -15.0000 2675.1904   17.6674
    0.0000    0.0000  -15.0000 2697.0630   17.5615
    7.5000    0.0000  -15.0000 2671.7844   17.7882
   -7.5000    7.5000  -15.0000 2651.7158   18.3545
    0.0000    7.5000  -15.0000 2675.9041   18.2119
    7.5000    7.5000  -15.0000 2656.2766   18.4642
   -7.5000   15.0000  -15.0000 2580.4739   19.4208
    0.0000   15.0000  -15.0000 2602.0181   19.1577
    7.5000   15.0000  -15.0000 2589.1357   19.4495
   -7.5000   22.5000  -15.0000 2486.2773   20.7764
    0.0000   22.5000  -15.0000 2510.7292   20.4670
    7.5000   22.5000  -15.0000 2494.6133   20.7305
   -7.5000   30.0000  -15.0000 2366.5417   22.6088
    0.0000   30.0000  -15.0000 2393.6187   22.2777
    7.5000   30.0000  -15.0000 2383.6030   22.4981
   -7.5000   37.5000  -15.0000 2242.8069   24.9655
    0.0000   37.5000  -15.0000 2265.3174   24.6202
    7.5000   37.5000  -15.0000 2258.1355   24.9679
   -7.5000   45.0000  -15.0000 2095.9116   28.0804
    0.0000   45.0000  -15.0000 2117.5061   27.7931
    7.5000   45.0000  -15.0000 2106.4888   28.1232
   -7.5000  -45.0000   -7.5000 2491.9626   18.5894
    0.0000  -45.0000   -7.5000 2489.4116   18.5915
    7.5000  -45.0000   -7.5000 2473.6431   18.8116
   -7.5000  -37.5000   -7.5000 2586.3582   17.3672
    0.0000  -37.5000   -7.5000 2587.6714   17.3531
    7.5000  -37.5000   -7.5000 2572.8193   17.5196
   -7.5000  -30.0000   -7.5000 2656.3638   16.5024
    0.0000  -30.0000   -7.5000 2662.4246   16.5217
    7.5000  -30.0000   -7.5000 2649.3987   16.6676
   -7.5000  -22.5000   -7.5000 2712.3669   16.0779
    0.0000  -22.5000   -7.5000 2727.8330   16.0842
    7.5000  -22.5000   -7.5000 2699.7737   16.1818
   -7.5000  -15.0000   -7.5000 2738.9163   15.9491
    0.0000  -15.0000   -7.5000 2759.7808   15.9613
    7.5000  -15.0000   -7.5000 2723.1931   16.0600
   -7.5000   -7.5000   -7.5000 2760.5735   16.0968
    0.0000   -7.5000   -7.5000 2787.5090   16.0232
    7.5000   -7.5000   -7.5000 2757.3086   16.2265
   -7.5000    0.0000   -7.5000 2755.7251   16.5275
    0.0000    0.0000   -7.5000 2788.5139   16.4228
    7.5000    0.0000   -7.5000 2767.4287   16.7313
   -7.5000    7.5000   -7.5000 2726.3916   17.2532
    0.0000    7.5000   -7.5000 2755.5518   17.0833
    7.5000    7.5000   -7.5000 2749.6252   17.3975
   -7.5000   15.0000   -7.5000 2654.6299   18.2477
    0.0000   15.0000   -7.5000 2683.4229   17.9875
    7.5000   15.0000   -7.5000 2680.3357   18.3073
   -7.5000   22.5000   -7.5000 2556.1570   19.6088
    0.0000   22.5000   -7.5000 2582.8738   19.3062
    7.5000   22.5000   -7.5000 2582.5901   19.6561
   -7.5000   30.0000   -7.5000 2430.2634   21.3961
    0.0000   30.0000   -7.5000 2457.8977   21.1044
    7.5000   30.0000   -7.5000 2452.3774   21.4595
   -7.5000   37.5000   -7.5000 2295.3706   23.7417
    0.0000   37.5000   -7.5000 2324.9348   23.3901
    7.5000   37.5000   -7.5000 2318.0710   23.7713
   -7.5000   45.0000   -7.5000 2141.7549   26.7148
    0.0000   45.0000   -7.5000 2164.9512   26.3956
    7.5000   45.0000   -7.5000 2158.6321   26.7818
   -7.5000  -45.0000    0.0000 2514.0105   17.9370
    0.0000  -45.0000    0.0000 2527.7295   18.0570
    7.5000  -45.0000    0.0000 2511.3660   18.2838
   -7.5000  -37.5000    0.0000 2614.8645   16.7211
    0.0000  -37.5000    0.0000 2630.9946   16.7923
    7.5000  -37.5000    0.0000 2614.9709   16.9718
   -7.5000  -30.0000    0.0000 2692.1443   15.7785
    0.0000  -30.0000    0.0000 2723.5073   15.9346
    7.5000  -30.0000    0.0000 2698.1204   16.0642
   -7.5000  -22.5000    0.0000 2742.2051   15.2330
    0.0000  -22.5000    0.0000 2784.1235   15.4170
    7.5000  -22.5000    0.0000 2754.8088   15.5169
   -7.5000  -15.0000    0.0000 2790.0979   15.0839
    0.0000  -15.0000    0.0000 2830.6519   15.2669
    7.5000  -15.0000    0.0000 2801.6438   15.4127
   -7.5000   -7.5000    0.0000 2813.4294   15.2300
    0.0000   -7.5000    0.0000 2860.3323   15.2234
    7.5000   -7.5000    0.0000 2841.0569   15.5181
   -7.5000    0.0000    0.0000 2811.1274   15.7028
    0.0000    0.0000    0.0000 2858.5520   15.5360
    7.5000    0.0000    0.0000 2848.5024   15.9162
   -7.5000    7.5000    0.0000 2772.9280   16.4318
    0.0000    7.5000    0.0000 2812.0005   16.2008
    7.5000    7.5000    0.0000 2811.9482   16.5193
   -7.5000   15.0000    0.0000 2699.1870   17.5046
    0.0000   15.0000    0.0000 2738.4563   17.2270
    7.5000   15.0000    0.0000 2740.5144   17.5577
   -7.5000   22.5000    0.0000 2598.0625   18.8771
    0.0000   22.5000    0.0000 2634.5906   18.6328
    7.5000   22.5000    0.0000 2635.5461   19.0148
   -7.5000   30.0000    0.0000 2473.0459   20.6537
    0.0000   30.0000    0.0000 2506.0369   20.4175
    7.5000   30.0000    0.0000 2501.6482   20.8414
   -7.5000   37.5000    0.0000 2332.2747   22.9630
    0.0000   37.5000    0.0000 2365.7542   22.6475
    7.5000   37.5000    0.0000 2358.4338   23.1035
   -7.5000   45.0000    0.0000 2167.7368   25.8011
    0.0000   45.0000    0.0000 2196.4797   25.5298
    7.5000   45.0000    0.0000 2192.1189   25.9625
   -7.5000  -45.0000    7.5000 2513.9661   17.5712
    0.0000  -45.0000    7.5000 2551.5623   17.8005
    7.5000  -45.0000    7.5000 2525.2307   17.9461
   -7.5000  -37.5000    7.5000 2612.0837   16.2640
    0.0000  -37.5000    7.5000 2657.3865   16.4895
    7.5000  -37.5000    7.5000 2624.7842   16.5775
   -7.5000  -30.0000    7.5000 2705.4922   15.3167
    0.0000  -30.0000    7.5000 2750.1116   15.5586
    7.5000  -30.0000    7.5000 2726.6172   15.5943
   -7.5000  -22.5000    7.5000 2776.4297   14.7928
    0.0000  -22.5000    7.5000 2821.2991   14.9961
    7.5000  -22.5000    7.5000 2801.7944   15.0574
   -7.5000  -15.0000    7.5000 2843.6677   14.5802
    0.0000  -15.0000    7.5000 2894.4592   14.8589
    7.5000  -15.0000    7.5000 2879.4465   14.9243
   -7.5000   -7.5000    7.5000 2857.5115   14.6733
    0.0000   -7.5000    7.5000 2920.5667   14.6810
    7.5000   -7.5000    7.5000 2898.4790   14.9026
   -7.5000    0.0000    7.5000 2848.5134   15.1991
    0.0000    0.0000    7.5000 2904.6702   14.9679
    7.5000    0.0000    7.5000 2887.2603   15.2746
   -7.5000    7.5000    7.5000 2809.9802   16.0089
    0.0000    7.5000    7.5000 2858.8064   15.7642
    7.5000    7.5000    7.5000 2852.0088   16.0399
   -7.5000   15.0000    7.5000 2737.2627   17.1044
    0.0000   15.0000    7.5000 2778.9058   16.8742
    7.5000   15.0000    7.5000 2771.8337   17.1289
   -7.5000   22.5000    7.5000 2635.7761   18.5497
    0.0000   22.5000    7.5000 2671.4722   18.2988
    7.5000   22.5000    7.5000 2667.1819   18.5553
   -7.5000   30.0000    7.5000 2506.0164   20.3643
    0.0000   30.0000    7.5000 2540.2092   20.0687
    7.5000   30.0000    7.5000 2537.4370   20.3891
   -7.5000   37.5000    7.5000 2360.7341   22.6194
    0.0000   37.5000    7.5000 2396.3650   22.2902
    7.5000   37.5000    7.5000 2393.5635   22.6343
   -7.5000   45.0000    7.5000 2196.1487   25.4093
    0.0000   45.0000    7.5000 2223.8462   25.0800
    7.5000   45.0000    7.5000 2223.5776   25.4594
   -7.5000  -45.0000   15.0000 2487.9028   17.3845
    0.0000  -45.0000   15.0000 2523.6016   17.5272
    7.5000  -45.0000   15.0000 2508.2310   17.7167
   -7.5000  -37.5000   15.0000 2594.5994   16.0751
    0.0000  -37.5000   15.0000 2631.9033   16.2452
    7.5000  -37.5000   15.0000 2615.6902   16.3232
   -7.5000  -30.0000   15.0000 2694.3608   15.1478
    0.0000  -30.0000   15.0000 2737.7954   15.3349
    7.5000  -30.0000   15.0000 2721.3555   15.3268
   -7.5000  -22.5000   15.0000 2784.8394   14.5531
    0.0000  -22.5000   15.0000 2832.1335   14.7517
    7.5000  -22.5000   15.0000 2822.5007   14.7568
   -7.5000  -15.0000   15.0000 2845.6816   14.3779
    0.0000  -15.0000   15.0000 2913.3745   14.6123
    7.5000  -15.0000   15.0000 2894.8533   14.6051
   -7.5000   -7.5000   15.0000 2878.2231   14.5814
    0.0000   -7.5000   15.0000 2949.5728   14.5382
    7.5000   -7.5000   15.0000 2913.7854   14.5096
   -7.5000    0.0000   15.0000 2864.9165   15.0702
    0.0000    0.0000   15.0000 2920.3752   14.8168
    7.5000    0.0000   15.0000 2901.7422   14.9235
   -7.5000    7.5000   15.0000 2822.2466   15.8525
    0.0000    7.5000   15.0000 2866.2344   15.5808
    7.5000    7.5000   15.0000 2856.8821   15.7347
   -7.5000   15.0000   15.0000 2747.6101   16.9924
    0.0000   15.0000   15.0000 2775.1853   16.7067
    7.5000   15.0000   15.0000 2771.6460   16.8725
   -7.5000   22.5000   15.0000 2645.4946   18.4937
    0.0000   22.5000   15.0000 2672.3018   18.1915
    7.5000   22.5000   15.0000 2666.5645   18.3152
   -7.5000   30.0000   15.0000 2508.4697   20.3204
    0.0000   30.0000   15.0000 2545.4189   19.9843
    7.5000   30.0000   15.0000 2544.8977   20.1399
   -7.5000   37.5000   15.0000 2363.5664   22.5591
    0.0000   37.5000   15.0000 2406.3958   22.2421
    7.5000   37.5000   15.0000 2396.8352   22.4054
   -7.5000   45.0000   15.0000 2204.9773   25.2237
    0.0000   45.0000   15.0000 2235.7715   24.9879
    7.5000   45.0000   15.0000 2228.2466   25.1277
   -7.5000  -45.0000   22.5000 2453.9060   17.4086
    0.0000  -45.0000   22.5000 2480.7114   17.4839
    7.5000  -45.0000   22.5000 2476.8403   17.6663
   -7.5000  -37.5000   22.5000 2558.5823   16.1010
    0.0000  -37.5000   22.5000 2588.9116   16.1769
    7.5000  -37.5000   22.5000 2591.3384   16.2776
   -7.5000  -30.0000   22.5000 2666.6311   15.1730
    0.0000  -30.0000   22.5000 2696.9985   15.2165
    7.5000  -30.0000   22.5000 2701.6433   15.2583
   -7.5000  -22.5000   22.5000 2774.2529   14.7291
    0.0000  -22.5000   22.5000 2814.7258   14.7718
    7.5000  -22.5000   22.5000 2808.0186   14.7822
   -7.5000  -15.0000   22.5000 2859.1917   14.7442
    0.0000  -15.0000   22.5000 2917.3665   14.6455
    7.5000  -15.0000   22.5000 2872.0491   14.4823
   -7.5000   -7.5000   22.5000 2891.3132   14.9662
    0.0000   -7.5000   22.5000 2946.9753   14.7224
    7.5000   -7.5000   22.5000 2904.4871   14.5693
   -7.5000    0.0000   22.5000 2868.2878   15.3227
    0.0000    0.0000   22.5000 2932.1462   15.1295
    7.5000    0.0000   22.5000 2904.0085   15.0544
   -7.5000    7.5000   22.5000 2816.6194   16.0263
    0.0000    7.5000   22.5000 2866.8870   15.8445
    7.5000    7.5000   22.5000 2852.4480   15.8227
   -7.5000   15.0000   22.5000 2733.3359   17.1166
    0.0000   15.0000   22.5000 2763.5591   16.8918
    7.5000   15.0000   22.5000 2757.6843   16.9354
   -7.5000   22.5000   22.5000 2622.3533   18.6036
    0.0000   22.5000   22.5000 2654.3577   18.3284
    7.5000   22.5000   22.5000 2654.2185   18.3779
   -7.5000   30.0000   22.5000 2491.2363   20.3979
    0.0000   30.0000   22.5000 2533.2017   20.1185
    7.5000   30.0000   22.5000 2535.4143   20.2360
   -7.5000   37.5000   22.5000 2352.2727   22.5935
    0.0000   37.5000   22.5000 2391.1963   22.3206
    7.5000   37.5000   22.5000 2391.2073   22.5068
   -7.5000   45.0000   22.5000 2187.8811   25.2944
    0.0000   45.0000   22.5000 2214.0898   25.0200
    7.5000   45.0000   22.5000 2214.6072   25.2127
   -7.5000  -45.0000   30.0000 2407.3037   17.9509
    0.0000  -45.0000   30.0000 2409.2363   17.7603
    7.5000  -45.0000   30.0000 2428.5605   18.0132
   -7.5000  -37.5000   30.0000 2510.6033   16.6902
    0.0000  -37.5000   30.0000 2525.6326   16.5979
    7.5000  -37.5000   30.0000 2537.8044   16.6867
   -7.5000  -30.0000   30.0000 2627.0046   15.8905
    0.0000  -30.0000   30.0000 2657.7908   15.8252
    7.5000  -30.0000   30.0000 2650.7900   15.7783
   -7.5000  -22.5000   30.0000 2739.0676   15.4058
    0.0000  -22.5000   30.0000 2794.1926   15.3932
    7.5000  -22.5000   30.0000 2754.9316   15.2113
   -7.5000  -15.0000   30.0000 2814.1172   15.2355
    0.0000  -15.0000   30.0000 2871.4075   15.0713
    7.5000  -15.0000   30.0000 2826.9590   14.8916
   -7.5000   -7.5000   30.0000 2843.5625   15.3192
    0.0000   -7.5000   30.0000 2904.2617   15.1554
    7.5000   -7.5000   30.0000 2869.1143   15.1052
   -7.5000    0.0000   30.0000 2813.4526   15.7774
    0.0000    0.0000   30.0000 2877.8965   15.6303
    7.5000    0.0000   30.0000 2856.6934   15.6663
   -7.5000    7.5000   30.0000 2760.0808   16.5500
    0.0000    7.5000   30.0000 2815.3213   16.4015
    7.5000    7.5000   30.0000 2806.9236   16.4808
   -7.5000   15.0000   30.0000 2683.3018   17.6935
    0.0000   15.0000   30.0000 2721.4573   17.4794
    7.5000   15.0000   30.0000 2724.5620   17.6088
   -7.5000   22.5000   30.0000 2575.8411   19.1053
    0.0000   22.5000   30.0000 2611.6370   18.8755
    7.5000   22.5000   30.0000 2610.2019   18.9979
   -7.5000   30.0000   30.0000 2453.4963   20.8915
    0.0000   30.0000   30.0000 2486.0234   20.5945
    7.5000   30.0000   30.0000 2488.8792   20.7078
   -7.5000   37.5000   30.0000 2315.3320   23.0204
    0.0000   37.5000   30.0000 2343.4739   22.6883
    7.5000   37.5000   30.0000 2341.2178   22.7950
   -7.5000   45.0000   30.0000 2152.1709   25.7025
    0.0000   45.0000   30.0000 2178.9590   25.3058
    7.5000   45.0000   30.0000 2175.0979   25.4012
   -7.5000  -45.0000   37.5000 2377.8933   19.0763
    0.0000  -45.0000   37.5000 2366.3096   18.7522
    7.5000  -45.0000   37.5000 2385.9658   18.9603
   -7.5000  -37.5000   37.5000 2480.8140   17.8454
    0.0000  -37.5000   37.5000 2490.5640   17.5927
    7.5000  -37.5000   37.5000 2495.8235   17.6979
   -7.5000  -30.0000   37.5000 2587.6062   16.8553
    0.0000  -30.0000   37.5000 2608.7812   16.6464
    7.5000  -30.0000   37.5000 2601.4336   16.6691
   -7.5000  -22.5000   37.5000 2684.6743   16.2371
    0.0000  -22.5000   37.5000 2720.3042   16.0097
    7.5000  -22.5000   37.5000 2698.9939   15.9807
   -7.5000  -15.0000   37.5000 2741.2979   15.9152
    0.0000  -15.0000   37.5000 2788.4473   15.7299
    7.5000  -15.0000   37.5000 2765.4307   15.7216
   -7.5000   -7.5000   37.5000 2771.8716   16.0396
    0.0000   -7.5000   37.5000 2815.9570   15.8693
    7.5000   -7.5000   37.5000 2793.6133   15.9100
   -7.5000    0.0000   37.5000 2740.7095   16.4528
    0.0000    0.0000   37.5000 2789.1558   16.3140
    7.5000    0.0000   37.5000 2775.4077   16.3785
   -7.5000    7.5000   37.5000 2691.3428   17.3035
    0.0000    7.5000   37.5000 2736.5920   17.1241
    7.5000    7.5000   37.5000 2733.2825   17.2409
   -7.5000   15.0000   37.5000 2619.2642   18.4883
    0.0000   15.0000   37.5000 2661.0417   18.2173
    7.5000   15.0000   37.5000 2662.3730   18.3384
   -7.5000   22.5000   37.5000 2512.3345   19.9716
    0.0000   22.5000   37.5000 2556.1038   19.7474
    7.5000   22.5000   37.5000 2556.5857   19.8882
   -7.5000   30.0000   37.5000 2397.0298   21.7762
    0.0000   30.0000   37.5000 2425.7729   21.4700
    7.5000   30.0000   37.5000 2423.8696   21.6065
   -7.5000   37.5000   37.5000 2251.2952   23.8586
    0.0000   37.5000   37.5000 2275.5386   23.5023
    7.5000   37.5000   37.5000 2273.8589   23.6354
   -7.5000   45.0000   37.5000 2099.5081   26.4107
    0.0000   45.0000   37.5000 2125.6130   26.0510
    7.5000   45.0000   37.5000 2123.5706   26.1519
   -7.5000  -45.0000   45.0000 2338.0903   20.5278
    0.0000  -45.0000   45.0000 2319.7844   19.9235
    7.5000  -45.0000   45.0000 2343.0032   20.2331
   -7.5000  -37.5000   45.0000 2435.4807   19.0582
    0.0000  -37.5000   45.0000 2427.4128   18.5559
    7.5000  -37.5000   45.0000 2445.7961   18.7689
   -7.5000  -30.0000   45.0000 2528.8472   17.9210
    0.0000  -30.0000   45.0000 2530.0593   17.4786
    7.5000  -30.0000   45.0000 2538.5093   17.6516
   -7.5000  -22.5000   45.0000 2609.0010   17.1667
    0.0000  -22.5000   45.0000 2629.6533   16.8669
    7.5000  -22.5000   45.0000 2626.9216   16.9485
   -7.5000  -15.0000   45.0000 2656.9924   16.8330
    0.0000  -15.0000   45.0000 2694.6155   16.5840
    7.5000  -15.0000   45.0000 2682.1167   16.6645
   -7.5000   -7.5000   45.0000 2675.5198   17.0146
    0.0000   -7.5000   45.0000 2709.9250   16.7912
    7.5000   -7.5000   45.0000 2697.4751   16.8324
   -7.5000    0.0000   45.0000 2646.1316   17.4952
    0.0000    0.0000   45.0000 2682.5955   17.2727
    7.5000    0.0000   45.0000 2682.0056   17.3408
   -7.5000    7.5000   45.0000 2598.9031   18.3038
    0.0000    7.5000   45.0000 2638.7798   18.0820
    7.5000    7.5000   45.0000 2636.2471   18.1796
   -7.5000   15.0000   45.0000 2529.3555   19.4638
    0.0000   15.0000   45.0000 2574.8091   19.1759
    7.5000   15.0000   45.0000 2574.5198   19.2816
   -7.5000   22.5000   45.0000 2437.9761   20.9955
    0.0000   22.5000   45.0000 2478.8826   20.7001
    7.5000   22.5000   45.0000 2474.6536   20.8527
   -7.5000   30.0000   45.0000 2316.5303   22.8122
    0.0000   30.0000   45.0000 2351.8386   22.5650
    7.5000   30.0000   45.0000 2351.6655   22.6489
   -7.5000   37.5000   45.0000 2175.7454   25.0183
    0.0000   37.5000   45.0000 2201.8430   24.7452
    7.5000   37.5000   45.0000 2205.5583   24.8554
   -7.5000   45.0000   45.0000 2035.7544   27.6174
    0.0000   45.0000   45.0000 2057.0071   27.3227
    7.5000   45.0000   45.0000 2057.7583   27.4317

---------------------------------------------------------------------
imgreg_4dfp /opt/freesurfer/average/711-2C_as_mni_average_305 /opt/freesurfer/average/711-2B_as_mni_average_305_mask talsrcimg_g11 none talsrcimg_to_711-2C_as_mni_average_305_t4 1283
---------------------------------------------------------------------

freesurfer imgreg_4dfp.c
/opt/freesurfer/average/711-2C_as_mni_average_305.4dfp.img
       256       256       256         1
  1.000000  1.000000  1.000000
orientation T byte_order littleendian
Reading image: /opt/freesurfer/average/711-2C_as_mni_average_305.4dfp.img
dimensions:      256       256       256
mmppix:       1.0000   -1.0000   -1.0000
center:     128.0000 -129.0000 -129.0000
/opt/freesurfer/average/711-2B_as_mni_average_305_mask.4dfp.img
       256       256       256         1
  1.000000  1.000000  1.000000
orientation T byte_order littleendian
Reading mask: /opt/freesurfer/average/711-2B_as_mni_average_305_mask.4dfp.img (2306576 pixels)
talsrcimg_g11.4dfp.img
       256       256       256         1
  1.000000  1.000000  1.000000
orientation T byte_order littleendian
Reading image: talsrcimg_g11.4dfp.img
dimensions:      256       256       256
mmppix:       1.0000   -1.0000   -1.0000
center:     128.0000 -129.0000 -129.0000
rotation matrix determinant  1.000000
fimgreg.f
image alignment mode   1283 decimal      503 hex
parameters
    0.0000   -7.5000   15.0000    0.0000    0.0000    0.0000
eta,q 0.92293 14.49496
niter,ni,del,rscale     5    3   12.0000    1.2000
parameter  2  0.513712 ->  0.500000 qaram    1.1500
parameter  4  1.606053 ->  0.500000 qaram    1.1500
parameters
    0.7369  -10.9500   15.8057   -3.4500   -1.7859   -0.5037
eta,q 0.93169 14.56882
  0.0949  0.0767  0.0819  0.0673  0.0705  0.0750
  0.0820  0.0722  0.0780  0.0684  0.0690  0.0719
  0.0765  0.0711  0.0755  0.0694  0.0685  0.0692
  0.0752  0.0746  0.0721  0.0710  0.0688  0.0685
  0.0760  0.0807  0.0717  0.0719  0.0694  0.0709
  0.0803  0.0846  0.0747  0.0731  0.0732  0.0738
  0.0847  0.0864  0.0788  0.0768  0.0795  0.0768
niter,ni,del,rscale     6    3   12.0000    1.2000
parameter  4  1.077376 ->  0.500000 qaram    1.3225
parameters
    1.6455   -8.9095   15.2668   -7.4175   -3.3636   -2.3782
eta,q 0.93490 14.38187
  0.0888  0.0951  0.0759  0.0644  0.0681  0.0683
  0.0802  0.0832  0.0703  0.0656  0.0667  0.0653
  0.0732  0.0740  0.0659  0.0668  0.0663  0.0651
  0.0683  0.0680  0.0685  0.0675  0.0659  0.0662
  0.0690  0.0688  0.0717  0.0689  0.0666  0.0679
  0.0729  0.0718  0.0740  0.0721  0.0699  0.0701
  0.0803  0.0749  0.0759  0.0756  0.0757  0.0735
niter,ni,del,rscale     6    3   12.0000    1.2000
parameter  4  1.186088 ->  0.500000 qaram    1.5209
parameters
    1.9067   -6.8077   15.1338  -11.9801   -3.7180   -1.7424
eta,q 0.94216 14.42144
  0.0827  0.0864  0.0776  0.0607  0.0668  0.0663
  0.0757  0.0734  0.0676  0.0580  0.0627  0.0615
  0.0686  0.0655  0.0626  0.0598  0.0591  0.0590
  0.0651  0.0651  0.0655  0.0652  0.0580  0.0580
  0.0667  0.0655  0.0698  0.0695  0.0601  0.0581
  0.0713  0.0650  0.0723  0.0727  0.0638  0.0598
  0.0817  0.0679  0.0735  0.0762  0.0693  0.0632
niter,ni,del,rscale     6    3   12.0000    1.2000
parameters
    2.0946   -4.7804   15.1423  -12.8158   -3.5213   -1.8681
eta,q 0.94267 14.53819
  0.0804  0.0858  0.0691  0.0719  0.0649  0.0632
  0.0703  0.0732  0.0614  0.0622  0.0621  0.0597
  0.0623  0.0636  0.0564  0.0580  0.0594  0.0582
  0.0578  0.0577  0.0576  0.0576  0.0574  0.0573
  0.0596  0.0578  0.0615  0.0613  0.0577  0.0574
  0.0672  0.0605  0.0637  0.0683  0.0601  0.0596
  0.0792  0.0650  0.0658  0.0760  0.0653  0.0644
niter,ni,del,rscale     5    3   12.0000    1.2000
parameters
    2.1340   -4.2413   15.2406  -13.0004   -3.4999   -1.8779
eta,q 0.94216 14.55024
  0.0755  0.0777  0.0674  0.0745  0.0645  0.0639
  0.0664  0.0655  0.0610  0.0641  0.0621  0.0604
  0.0614  0.0581  0.0567  0.0592  0.0597  0.0588
  0.0573  0.0573  0.0577  0.0579  0.0578  0.0578
  0.0580  0.0596  0.0614  0.0604  0.0583  0.0578
  0.0645  0.0640  0.0631  0.0662  0.0605  0.0600
  0.0772  0.0701  0.0637  0.0747  0.0658  0.0646
niter,ni,del,rscale     4    3   12.0000    1.2000
parameters
    2.1415   -4.1181   15.3021  -13.0312   -3.5058   -1.8871
eta,q 0.94198 14.54849
  0.0745  0.0755  0.0668  0.0751  0.0643  0.0641
  0.0658  0.0637  0.0607  0.0646  0.0621  0.0606
  0.0615  0.0576  0.0566  0.0596  0.0598  0.0590
  0.0578  0.0578  0.0579  0.0580  0.0580  0.0580
  0.0581  0.0604  0.0615  0.0604  0.0584  0.0580
  0.0640  0.0653  0.0628  0.0659  0.0606  0.0602
  0.0767  0.0717  0.0633  0.0743  0.0658  0.0648
niter,ni,del,rscale     3    3   12.0000    1.2000
parameters
    2.1444   -4.0866   15.3204  -13.0366   -3.5062   -1.8894
eta,q 0.94193 14.54787
  0.0743  0.0751  0.0666  0.0752  0.0643  0.0642
  0.0656  0.0633  0.0605  0.0647  0.0621  0.0607
  0.0616  0.0576  0.0566  0.0597  0.0599  0.0590
  0.0580  0.0580  0.0580  0.0581  0.0581  0.0581
  0.0582  0.0607  0.0616  0.0604  0.0584  0.0581
  0.0638  0.0656  0.0627  0.0658  0.0606  0.0603
  0.0765  0.0721  0.0633  0.0743  0.0658  0.0648
registration optimization eta report
parameter search radius
    6.0000    6.9000    6.0000    9.1253    6.0000    6.0000
100000*second partial in parameter space
       48.       34.       19.       20.       19.       18.
  0.0743  0.0751  0.0666  0.0752  0.0643  0.0642
  0.0656  0.0633  0.0605  0.0647  0.0621  0.0607
  0.0616  0.0576  0.0566  0.0597  0.0599  0.0590
  0.0580  0.0580  0.0580  0.0581  0.0581  0.0581
  0.0582  0.0607  0.0616  0.0604  0.0584  0.0581
  0.0638  0.0656  0.0627  0.0658  0.0606  0.0603
  0.0765  0.0721  0.0633  0.0743  0.0658  0.0648
    2.1444   -4.0866   15.3204  -13.0366   -3.5062   -1.8894
eta,q 0.94193 14.54787

---------------------------------------------------------------------
imgreg_4dfp /opt/freesurfer/average/711-2C_as_mni_average_305 /opt/freesurfer/average/711-2B_as_mni_average_305_mask talsrcimg_g11 none talsrcimg_to_711-2C_as_mni_average_305_t4 3335
---------------------------------------------------------------------

freesurfer imgreg_4dfp.c
/opt/freesurfer/average/711-2C_as_mni_average_305.4dfp.img
       256       256       256         1
  1.000000  1.000000  1.000000
orientation T byte_order littleendian
Reading image: /opt/freesurfer/average/711-2C_as_mni_average_305.4dfp.img
dimensions:      256       256       256
mmppix:       1.0000   -1.0000   -1.0000
center:     128.0000 -129.0000 -129.0000
/opt/freesurfer/average/711-2B_as_mni_average_305_mask.4dfp.img
       256       256       256         1
  1.000000  1.000000  1.000000
orientation T byte_order littleendian
Reading mask: /opt/freesurfer/average/711-2B_as_mni_average_305_mask.4dfp.img (2306576 pixels)
talsrcimg_g11.4dfp.img
       256       256       256         1
  1.000000  1.000000  1.000000
orientation T byte_order littleendian
Reading image: talsrcimg_g11.4dfp.img
dimensions:      256       256       256
mmppix:       1.0000   -1.0000   -1.0000
center:     128.0000 -129.0000 -129.0000
fimgreg.f
image alignment mode   3335 decimal      D07 hex
parameters
    2.1444   -4.0866   15.3204   -0.2414   -2.5849   -2.7598
    1.8333    6.6984   -3.2909   22.3487   -6.1156  -22.5152
eta,q 0.94211 14.55994
niter,ni,del,rscale     5    3    5.0000    1.2000
parameter  2 -0.501764 -> -0.500000 qaram    1.1500
parameter  3 -0.801855 -> -0.500000 qaram    1.1500
parameter  4  0.927800 ->  0.500000 qaram    1.1500
parameter  5  1.253225 ->  0.500000 qaram    1.1500
parameter  6  1.284994 ->  0.500000 qaram    1.1500
parameter 10  0.522915 ->  0.500000 qaram    1.1500
parameter 12  0.604454 ->  0.500000 qaram    1.1500
parameters
    1.2751   -2.7066   16.7004   -4.3814   -6.7249   -6.8998
    0.4541    7.6098   -3.1851   18.2087   -5.0892  -26.6552
eta,q 0.95649 14.48561
  0.0588  0.0628  0.0615  0.0514  0.0486  0.0436  0.0466  0.0509  0.0467  0.0443  0.0463  0.0440
  0.0577  0.0605  0.0598  0.0523  0.0495  0.0443  0.0453  0.0480  0.0456  0.0442  0.0451  0.0435
  0.0574  0.0586  0.0581  0.0536  0.0507  0.0466  0.0447  0.0457  0.0449  0.0442  0.0443  0.0436
  0.0579  0.0574  0.0567  0.0555  0.0526  0.0498  0.0448  0.0447  0.0447  0.0447  0.0441  0.0442
  0.0591  0.0568  0.0558  0.0585  0.0552  0.0545  0.0456  0.0451  0.0449  0.0459  0.0443  0.0450
  0.0609  0.0568  0.0555  0.0629  0.0584  0.0598  0.0469  0.0465  0.0455  0.0483  0.0447  0.0459
  0.0633  0.0574  0.0558  0.0687  0.0620  0.0649  0.0486  0.0484  0.0465  0.0516  0.0452  0.0470
niter,ni,del,rscale     7    3    5.0000    1.2000
parameter  2  2.120942 ->  0.500000 qaram    1.3225
parameter  3  1.805940 ->  0.500000 qaram    1.3225
parameter  4  0.624047 ->  0.500000 qaram    1.3225
parameter  5  0.956298 ->  0.500000 qaram    1.3225
parameters
    2.0036   -4.2936   15.1134   -9.1424  -11.4859  -10.7152
    1.4537    7.5016   -1.7191   17.9653   -4.9035  -27.2444
eta,q 0.97134 14.34730
  0.0486  0.0375  0.0330  0.0334  0.0298  0.0308  0.0329  0.0343  0.0320  0.0339  0.0303  0.0310
  0.0463  0.0388  0.0342  0.0331  0.0296  0.0293  0.0307  0.0311  0.0303  0.0314  0.0293  0.0297
  0.0446  0.0407  0.0363  0.0334  0.0305  0.0286  0.0294  0.0291  0.0291  0.0296  0.0288  0.0290
  0.0435  0.0432  0.0393  0.0346  0.0331  0.0297  0.0287  0.0286  0.0286  0.0286  0.0286  0.0286
  0.0432  0.0461  0.0428  0.0369  0.0370  0.0341  0.0288  0.0296  0.0287  0.0289  0.0289  0.0290
  0.0437  0.0493  0.0467  0.0402  0.0411  0.0408  0.0296  0.0315  0.0291  0.0314  0.0293  0.0301
  0.0448  0.0526  0.0505  0.0449  0.0451  0.0477  0.0310  0.0344  0.0299  0.0353  0.0300  0.0320
niter,ni,del,rscale     7    3    5.0000    1.2000
parameter  3  0.505955 ->  0.500000 qaram    1.5209
parameters
    2.1932   -4.8219   13.2883   -4.8286  -11.4758  -12.3016
    1.1602    7.8777   -1.3791   19.5511   -4.1573  -29.0238
eta,q 0.97370 14.53186
  0.0329  0.0321  0.0285  0.0335  0.0316  0.0306  0.0294  0.0333  0.0292  0.0323  0.0286  0.0278
  0.0307  0.0299  0.0278  0.0312  0.0292  0.0287  0.0279  0.0298  0.0279  0.0298  0.0272  0.0267
  0.0292  0.0288  0.0278  0.0293  0.0275  0.0273  0.0271  0.0274  0.0271  0.0280  0.0265  0.0263
  0.0287  0.0286  0.0286  0.0277  0.0264  0.0264  0.0268  0.0268  0.0269  0.0269  0.0264  0.0264
  0.0289  0.0297  0.0301  0.0266  0.0262  0.0277  0.0273  0.0276  0.0271  0.0262  0.0266  0.0271
  0.0300  0.0321  0.0324  0.0266  0.0282  0.0313  0.0283  0.0294  0.0277  0.0270  0.0270  0.0281
  0.0317  0.0359  0.0356  0.0283  0.0326  0.0377  0.0298  0.0317  0.0287  0.0297  0.0276  0.0295
niter,ni,del,rscale     7    3    5.0000    1.2000
parameters
    2.0138   -4.7836   12.6466   -4.7603  -11.2743  -12.6390
    0.9175    7.9795   -1.1421   20.1318   -3.5496  -29.7593
eta,q 0.97402 14.56429
  0.0296  0.0312  0.0293  0.0306  0.0313  0.0313  0.0287  0.0321  0.0285  0.0309  0.0280  0.0282
  0.0277  0.0286  0.0271  0.0288  0.0289  0.0292  0.0272  0.0286  0.0272  0.0286  0.0268  0.0267
  0.0265  0.0269  0.0261  0.0272  0.0272  0.0274  0.0264  0.0265  0.0264  0.0271  0.0261  0.0260
  0.0263  0.0263  0.0263  0.0261  0.0260  0.0260  0.0261  0.0261  0.0261  0.0262  0.0260  0.0260
  0.0269  0.0267  0.0274  0.0259  0.0257  0.0259  0.0265  0.0271  0.0264  0.0260  0.0262  0.0266
  0.0284  0.0283  0.0294  0.0274  0.0276  0.0285  0.0276  0.0289  0.0271  0.0272  0.0266  0.0276
  0.0307  0.0311  0.0324  0.0317  0.0319  0.0339  0.0290  0.0312  0.0281  0.0303  0.0272  0.0288
niter,ni,del,rscale     6    3    5.0000    1.2000
parameters
    1.9134   -4.7068   12.3848   -4.3167  -11.3527  -12.7852
    0.8263    7.9976   -1.0699   20.4860   -3.0493  -30.1280
eta,q 0.97419 14.58962
  0.0294  0.0310  0.0300  0.0306  0.0310  0.0314  0.0286  0.0317  0.0282  0.0305  0.0277  0.0285
  0.0275  0.0284  0.0274  0.0287  0.0286  0.0292  0.0271  0.0282  0.0269  0.0282  0.0265  0.0266
  0.0263  0.0267  0.0262  0.0271  0.0269  0.0273  0.0262  0.0262  0.0261  0.0268  0.0259  0.0259
  0.0260  0.0260  0.0260  0.0259  0.0258  0.0258  0.0259  0.0259  0.0259  0.0259  0.0258  0.0258
  0.0265  0.0264  0.0268  0.0255  0.0256  0.0255  0.0263  0.0269  0.0262  0.0259  0.0260  0.0264
  0.0279  0.0279  0.0285  0.0268  0.0277  0.0281  0.0272  0.0286  0.0269  0.0271  0.0265  0.0274
  0.0300  0.0306  0.0311  0.0310  0.0323  0.0335  0.0287  0.0311  0.0280  0.0303  0.0270  0.0286
niter,ni,del,rscale     5    3    5.0000    1.2000
parameters
    1.8495   -4.6749   12.2242   -4.1258  -11.4009  -12.8680
    0.7789    7.9721   -1.0869   20.6942   -2.7256  -30.3432
eta,q 0.97425 14.60133
  0.0293  0.0307  0.0301  0.0304  0.0309  0.0314  0.0285  0.0315  0.0280  0.0303  0.0275  0.0286
  0.0274  0.0281  0.0275  0.0285  0.0286  0.0292  0.0270  0.0280  0.0268  0.0280  0.0263  0.0267
  0.0262  0.0264  0.0261  0.0270  0.0269  0.0272  0.0261  0.0260  0.0260  0.0266  0.0258  0.0258
  0.0258  0.0258  0.0258  0.0258  0.0257  0.0257  0.0258  0.0258  0.0258  0.0258  0.0257  0.0258
  0.0263  0.0263  0.0266  0.0254  0.0255  0.0253  0.0262  0.0267  0.0261  0.0259  0.0260  0.0263
  0.0276  0.0279  0.0282  0.0268  0.0276  0.0279  0.0271  0.0285  0.0268  0.0271  0.0264  0.0273
  0.0297  0.0306  0.0307  0.0314  0.0322  0.0333  0.0285  0.0311  0.0280  0.0304  0.0270  0.0285
niter,ni,del,rscale     4    3    5.0000    1.2000
parameters
    1.8099   -4.6577   12.1361   -4.0208  -11.4366  -12.9239
    0.7570    7.9398   -1.1037   20.8182   -2.5356  -30.4655
eta,q 0.97427 14.60734
  0.0293  0.0306  0.0303  0.0303  0.0309  0.0315  0.0285  0.0314  0.0280  0.0302  0.0274  0.0287
  0.0274  0.0280  0.0275  0.0285  0.0286  0.0292  0.0270  0.0280  0.0267  0.0280  0.0263  0.0267
  0.0262  0.0263  0.0261  0.0269  0.0269  0.0272  0.0260  0.0260  0.0260  0.0265  0.0258  0.0258
  0.0258  0.0258  0.0258  0.0257  0.0257  0.0257  0.0258  0.0257  0.0257  0.0257  0.0257  0.0257
  0.0262  0.0263  0.0264  0.0254  0.0254  0.0252  0.0261  0.0267  0.0260  0.0259  0.0260  0.0263
  0.0275  0.0278  0.0280  0.0268  0.0276  0.0278  0.0271  0.0284  0.0268  0.0272  0.0264  0.0272
  0.0296  0.0305  0.0305  0.0316  0.0322  0.0333  0.0284  0.0311  0.0279  0.0305  0.0270  0.0284
niter,ni,del,rscale     3    3    5.0000    1.2000
parameters
    1.7856   -4.6454   12.0844   -3.9657  -11.4609  -12.9627
    0.7471    7.9182   -1.1195   20.8935   -2.4367  -30.5403
eta,q 0.97428 14.61030
  0.0293  0.0305  0.0304  0.0303  0.0309  0.0315  0.0285  0.0314  0.0280  0.0301  0.0273  0.0287
  0.0274  0.0280  0.0275  0.0285  0.0286  0.0292  0.0269  0.0280  0.0267  0.0279  0.0262  0.0267
  0.0262  0.0263  0.0261  0.0269  0.0269  0.0272  0.0260  0.0260  0.0259  0.0265  0.0257  0.0258
  0.0257  0.0257  0.0257  0.0257  0.0257  0.0257  0.0257  0.0257  0.0257  0.0257  0.0257  0.0257
  0.0261  0.0263  0.0264  0.0254  0.0254  0.0252  0.0261  0.0266  0.0260  0.0259  0.0260  0.0263
  0.0274  0.0278  0.0280  0.0268  0.0275  0.0278  0.0270  0.0283  0.0268  0.0272  0.0264  0.0272
  0.0295  0.0305  0.0304  0.0317  0.0322  0.0333  0.0284  0.0311  0.0279  0.0305  0.0270  0.0284
niter,ni,del,rscale     2    3    5.0000    1.2000
parameters
    1.7725   -4.6364   12.0547   -3.9357  -11.4753  -12.9872
    0.7385    7.9071   -1.1290   20.9393   -2.3813  -30.5827
eta,q 0.97429 14.61191
  0.0293  0.0305  0.0304  0.0303  0.0309  0.0315  0.0285  0.0314  0.0279  0.0300  0.0273  0.0288
  0.0274  0.0280  0.0276  0.0284  0.0286  0.0292  0.0269  0.0280  0.0267  0.0279  0.0262  0.0268
  0.0262  0.0263  0.0261  0.0269  0.0269  0.0272  0.0260  0.0260  0.0259  0.0265  0.0257  0.0258
  0.0257  0.0257  0.0257  0.0257  0.0257  0.0257  0.0257  0.0257  0.0257  0.0257  0.0257  0.0257
  0.0261  0.0262  0.0264  0.0254  0.0254  0.0252  0.0261  0.0266  0.0260  0.0259  0.0260  0.0262
  0.0274  0.0278  0.0279  0.0268  0.0275  0.0278  0.0270  0.0283  0.0268  0.0272  0.0264  0.0272
  0.0295  0.0305  0.0304  0.0317  0.0322  0.0332  0.0284  0.0311  0.0279  0.0305  0.0270  0.0284
registration optimization eta report
parameter search radius
    2.4000    3.1740    3.6501    9.5220    9.5220    8.2800
    7.2000    7.2000    7.2000    8.2800    7.2000    8.2800
100000*second partial in parameter space
       63.       47.       35.        6.        7.       10.
        5.       11.        4.        7.        3.        4.
  0.0293  0.0305  0.0304  0.0303  0.0309  0.0315  0.0285  0.0314  0.0279  0.0300  0.0273  0.0288
  0.0274  0.0280  0.0276  0.0284  0.0286  0.0292  0.0269  0.0280  0.0267  0.0279  0.0262  0.0268
  0.0262  0.0263  0.0261  0.0269  0.0269  0.0272  0.0260  0.0260  0.0259  0.0265  0.0257  0.0258
  0.0257  0.0257  0.0257  0.0257  0.0257  0.0257  0.0257  0.0257  0.0257  0.0257  0.0257  0.0257
  0.0261  0.0262  0.0264  0.0254  0.0254  0.0252  0.0261  0.0266  0.0260  0.0259  0.0260  0.0262
  0.0274  0.0278  0.0279  0.0268  0.0275  0.0278  0.0270  0.0283  0.0268  0.0272  0.0264  0.0272
  0.0295  0.0305  0.0304  0.0317  0.0322  0.0332  0.0284  0.0311  0.0279  0.0305  0.0270  0.0284
    1.7725   -4.6364   12.0547   -3.9357  -11.4753  -12.9872
    0.7385    7.9071   -1.1290   20.9393   -2.3813  -30.5827
eta,q 0.97429 14.61191

---------------------------------------------------------------------
imgreg_4dfp /opt/freesurfer/average/711-2C_as_mni_average_305 /opt/freesurfer/average/711-2B_as_mni_average_305_mask talsrcimg_g11 none talsrcimg_to_711-2C_as_mni_average_305_t4 2311
---------------------------------------------------------------------

freesurfer imgreg_4dfp.c
/opt/freesurfer/average/711-2C_as_mni_average_305.4dfp.img
       256       256       256         1
  1.000000  1.000000  1.000000
orientation T byte_order littleendian
Reading image: /opt/freesurfer/average/711-2C_as_mni_average_305.4dfp.img
dimensions:      256       256       256
mmppix:       1.0000   -1.0000   -1.0000
center:     128.0000 -129.0000 -129.0000
/opt/freesurfer/average/711-2B_as_mni_average_305_mask.4dfp.img
       256       256       256         1
  1.000000  1.000000  1.000000
orientation T byte_order littleendian
Reading mask: /opt/freesurfer/average/711-2B_as_mni_average_305_mask.4dfp.img (2306576 pixels)
talsrcimg_g11.4dfp.img
       256       256       256         1
  1.000000  1.000000  1.000000
orientation T byte_order littleendian
Reading image: talsrcimg_g11.4dfp.img
dimensions:      256       256       256
mmppix:       1.0000   -1.0000   -1.0000
center:     128.0000 -129.0000 -129.0000
fimgreg.f
image alignment mode   2311 decimal      907 hex
parameters
    1.7725   -4.6364   12.0547   -3.9357  -11.4753  -12.9872
    0.7385    7.9071   -1.1290   20.9393   -2.3813  -30.5827
eta,q 0.97428 14.61191
niter,ni,del,rscale     5    3    5.0000    0.8000
parameter  4 -0.529504 -> -0.500000 qaram    1.1500
parameters
    1.7856   -4.6131   11.9014   -1.1757   -9.9609  -12.7901
    0.7040    8.2188   -0.7813   21.1610   -1.6506  -30.7694
eta,q 0.97515 14.79271
  0.0274  0.0270  0.0264  0.0276  0.0274  0.0278  0.0264  0.0286  0.0265  0.0269  0.0263  0.0261
  0.0265  0.0263  0.0260  0.0269  0.0265  0.0267  0.0255  0.0267  0.0256  0.0260  0.0256  0.0253
  0.0259  0.0259  0.0257  0.0262  0.0259  0.0257  0.0250  0.0254  0.0251  0.0253  0.0251  0.0249
  0.0257  0.0257  0.0257  0.0257  0.0253  0.0250  0.0249  0.0249  0.0249  0.0249  0.0249  0.0249
  0.0259  0.0259  0.0259  0.0254  0.0250  0.0248  0.0251  0.0251  0.0250  0.0250  0.0249  0.0251
  0.0264  0.0263  0.0262  0.0253  0.0251  0.0258  0.0256  0.0260  0.0254  0.0256  0.0252  0.0256
  0.0274  0.0269  0.0267  0.0257  0.0259  0.0280  0.0264  0.0278  0.0261  0.0267  0.0256  0.0262
niter,ni,del,rscale     5    3    5.0000    0.8000
parameters
    1.5679   -4.7050   11.4702   -1.9886  -10.0837  -12.7297
    0.6850    7.9850   -0.8737   21.5859   -1.0843  -30.9599
eta,q 0.97526 14.78308
  0.0263  0.0262  0.0254  0.0266  0.0265  0.0277  0.0263  0.0277  0.0260  0.0269  0.0261  0.0260
  0.0254  0.0254  0.0249  0.0257  0.0258  0.0266  0.0254  0.0260  0.0253  0.0259  0.0254  0.0252
  0.0249  0.0250  0.0247  0.0251  0.0252  0.0256  0.0249  0.0250  0.0249  0.0252  0.0249  0.0248
  0.0249  0.0248  0.0248  0.0247  0.0248  0.0248  0.0248  0.0248  0.0248  0.0248  0.0248  0.0248
  0.0253  0.0250  0.0252  0.0250  0.0249  0.0246  0.0250  0.0252  0.0250  0.0248  0.0248  0.0250
  0.0261  0.0257  0.0258  0.0263  0.0256  0.0258  0.0255  0.0264  0.0254  0.0254  0.0251  0.0255
  0.0274  0.0266  0.0266  0.0291  0.0271  0.0283  0.0262  0.0284  0.0261  0.0264  0.0255  0.0261
niter,ni,del,rscale     4    3    5.0000    0.7000
parameters
    1.4936   -4.6541   11.4874   -1.7806  -10.0781  -12.5579
    0.7151    7.9072   -0.8997   21.7741   -0.8249  -31.0353
eta,q 0.97537 14.79630
  0.0261  0.0260  0.0257  0.0266  0.0261  0.0272  0.0259  0.0272  0.0257  0.0263  0.0256  0.0257
  0.0253  0.0253  0.0251  0.0259  0.0255  0.0263  0.0251  0.0258  0.0251  0.0255  0.0251  0.0250
  0.0249  0.0249  0.0248  0.0252  0.0250  0.0254  0.0247  0.0249  0.0247  0.0249  0.0248  0.0247
  0.0247  0.0247  0.0247  0.0247  0.0247  0.0247  0.0246  0.0246  0.0246  0.0246  0.0246  0.0246
  0.0250  0.0248  0.0248  0.0247  0.0247  0.0245  0.0248  0.0249  0.0248  0.0247  0.0247  0.0248
  0.0255  0.0252  0.0251  0.0252  0.0252  0.0254  0.0252  0.0259  0.0251  0.0252  0.0250  0.0252
  0.0264  0.0258  0.0256  0.0267  0.0264  0.0274  0.0258  0.0275  0.0257  0.0261  0.0254  0.0257
niter,ni,del,rscale     3    3    5.0000    0.6000
parameters
    1.4675   -4.6499   11.4941   -1.6486  -10.0342  -12.3765
    0.7127    7.9054   -0.8911   21.8658   -0.7103  -31.0272
eta,q 0.97545 14.80590
  0.0257  0.0255  0.0254  0.0261  0.0257  0.0267  0.0255  0.0267  0.0253  0.0258  0.0253  0.0255
  0.0251  0.0250  0.0249  0.0255  0.0252  0.0259  0.0249  0.0255  0.0249  0.0252  0.0249  0.0249
  0.0247  0.0247  0.0247  0.0250  0.0248  0.0252  0.0246  0.0248  0.0246  0.0247  0.0246  0.0246
  0.0246  0.0246  0.0246  0.0246  0.0246  0.0246  0.0245  0.0245  0.0246  0.0246  0.0245  0.0245
  0.0248  0.0247  0.0247  0.0246  0.0246  0.0245  0.0247  0.0248  0.0246  0.0247  0.0246  0.0247
  0.0252  0.0250  0.0250  0.0251  0.0250  0.0252  0.0250  0.0255  0.0249  0.0250  0.0248  0.0250
  0.0258  0.0255  0.0253  0.0262  0.0258  0.0268  0.0254  0.0267  0.0253  0.0258  0.0252  0.0254
niter,ni,del,rscale     2    3    5.0000    0.5000
parameters
    1.4532   -4.6575   11.5274   -1.5599   -9.9825  -12.1676
    0.6882    7.9427   -0.8611   21.8979   -0.6548  -30.9944
eta,q 0.97552 14.81277
  0.0253  0.0252  0.0251  0.0256  0.0253  0.0262  0.0251  0.0261  0.0251  0.0254  0.0250  0.0252
  0.0249  0.0248  0.0248  0.0252  0.0250  0.0256  0.0247  0.0252  0.0247  0.0249  0.0247  0.0247
  0.0246  0.0246  0.0246  0.0248  0.0247  0.0250  0.0245  0.0247  0.0245  0.0246  0.0245  0.0245
  0.0245  0.0246  0.0245  0.0245  0.0245  0.0245  0.0245  0.0245  0.0245  0.0245  0.0245  0.0245
  0.0247  0.0246  0.0246  0.0246  0.0246  0.0245  0.0246  0.0246  0.0245  0.0246  0.0245  0.0246
  0.0249  0.0248  0.0248  0.0249  0.0248  0.0249  0.0248  0.0251  0.0247  0.0249  0.0247  0.0248
  0.0254  0.0252  0.0250  0.0257  0.0254  0.0261  0.0251  0.0261  0.0250  0.0254  0.0250  0.0251
niter,ni,del,rscale     1    3    5.0000    0.4000
parameters
    1.4462   -4.6687   11.5828   -1.5339   -9.9320  -11.9254
    0.6643    8.0012   -0.8344   21.8964   -0.6375  -30.9367
eta,q 0.97558 14.81683
  0.0250  0.0249  0.0249  0.0252  0.0250  0.0257  0.0248  0.0255  0.0248  0.0251  0.0248  0.0249
  0.0247  0.0247  0.0247  0.0249  0.0248  0.0252  0.0246  0.0250  0.0246  0.0247  0.0246  0.0246
  0.0245  0.0245  0.0245  0.0246  0.0246  0.0248  0.0245  0.0246  0.0245  0.0245  0.0245  0.0245
  0.0245  0.0245  0.0245  0.0245  0.0245  0.0245  0.0244  0.0244  0.0244  0.0244  0.0244  0.0244
  0.0245  0.0245  0.0245  0.0245  0.0245  0.0244  0.0245  0.0245  0.0245  0.0245  0.0245  0.0245
  0.0247  0.0247  0.0246  0.0248  0.0247  0.0247  0.0246  0.0249  0.0246  0.0247  0.0246  0.0246
  0.0250  0.0249  0.0248  0.0253  0.0250  0.0255  0.0248  0.0255  0.0248  0.0251  0.0248  0.0248
registration optimization eta report
parameter search radius
    0.8000    0.8000    0.8000    2.7600    2.4000    2.4000
    2.4000    2.4000    2.4000    2.4000    2.4000    2.4000
100000*second partial in parameter space
       85.       66.       57.       10.        9.       19.
        7.       19.        6.       11.        6.        7.
  0.0250  0.0249  0.0249  0.0252  0.0250  0.0257  0.0248  0.0255  0.0248  0.0251  0.0248  0.0249
  0.0247  0.0247  0.0247  0.0249  0.0248  0.0252  0.0246  0.0250  0.0246  0.0247  0.0246  0.0246
  0.0245  0.0245  0.0245  0.0246  0.0246  0.0248  0.0245  0.0246  0.0245  0.0245  0.0245  0.0245
  0.0245  0.0245  0.0245  0.0245  0.0245  0.0245  0.0244  0.0244  0.0244  0.0244  0.0244  0.0244
  0.0245  0.0245  0.0245  0.0245  0.0245  0.0244  0.0245  0.0245  0.0245  0.0245  0.0245  0.0245
  0.0247  0.0247  0.0246  0.0248  0.0247  0.0247  0.0246  0.0249  0.0246  0.0247  0.0246  0.0246
  0.0250  0.0249  0.0248  0.0253  0.0250  0.0255  0.0248  0.0255  0.0248  0.0251  0.0248  0.0248
    1.4462   -4.6687   11.5828   -1.5339   -9.9320  -11.9254
    0.6643    8.0012   -0.8344   21.8964   -0.6375  -30.9367
eta,q 0.97558 14.81683

---------------------------------------------------------------------
imgreg_4dfp /opt/freesurfer/average/711-2C_as_mni_average_305 /opt/freesurfer/average/711-2B_as_mni_average_305_mask talsrcimg_g11 none talsrcimg_to_711-2C_as_mni_average_305_t4 2311
---------------------------------------------------------------------

freesurfer imgreg_4dfp.c
/opt/freesurfer/average/711-2C_as_mni_average_305.4dfp.img
       256       256       256         1
  1.000000  1.000000  1.000000
orientation T byte_order littleendian
Reading image: /opt/freesurfer/average/711-2C_as_mni_average_305.4dfp.img
dimensions:      256       256       256
mmppix:       1.0000   -1.0000   -1.0000
center:     128.0000 -129.0000 -129.0000
/opt/freesurfer/average/711-2B_as_mni_average_305_mask.4dfp.img
       256       256       256         1
  1.000000  1.000000  1.000000
orientation T byte_order littleendian
Reading mask: /opt/freesurfer/average/711-2B_as_mni_average_305_mask.4dfp.img (2306576 pixels)
talsrcimg_g11.4dfp.img
       256       256       256         1
  1.000000  1.000000  1.000000
orientation T byte_order littleendian
Reading image: talsrcimg_g11.4dfp.img
dimensions:      256       256       256
mmppix:       1.0000   -1.0000   -1.0000
center:     128.0000 -129.0000 -129.0000
fimgreg.f
image alignment mode   2311 decimal      907 hex
parameters
    1.4462   -4.6687   11.5828   -1.5339   -9.9320  -11.9254
    0.6643    8.0012   -0.8344   21.8964   -0.6375  -30.9367
eta,q 0.97558 14.81683
niter,ni,del,rscale     5    3    5.0000    0.8000
parameters
    1.4565   -4.7235   11.7030   -2.1380  -10.4373  -12.3253
    0.7542    7.7795   -1.0108   21.6879   -0.6872  -30.9086
eta,q 0.97532 14.77300
  0.0267  0.0260  0.0262  0.0260  0.0260  0.0274  0.0262  0.0278  0.0259  0.0265  0.0257  0.0261
  0.0254  0.0251  0.0252  0.0253  0.0253  0.0264  0.0253  0.0260  0.0252  0.0256  0.0251  0.0252
  0.0247  0.0246  0.0247  0.0247  0.0247  0.0253  0.0248  0.0250  0.0248  0.0249  0.0248  0.0248
  0.0244  0.0244  0.0244  0.0244  0.0245  0.0245  0.0247  0.0247  0.0247  0.0247  0.0247  0.0247
  0.0247  0.0246  0.0245  0.0247  0.0247  0.0246  0.0249  0.0251  0.0249  0.0249  0.0248  0.0249
  0.0254  0.0252  0.0250  0.0257  0.0256  0.0265  0.0253  0.0264  0.0253  0.0256  0.0252  0.0253
  0.0266  0.0263  0.0257  0.0277  0.0273  0.0296  0.0261  0.0285  0.0260  0.0270  0.0258  0.0260
niter,ni,del,rscale     4    3    5.0000    0.7000
parameters
    1.4848   -4.6531   11.6299   -1.7244  -10.2065  -12.4105
    0.7705    7.8195   -0.9712   21.7420   -0.6933  -30.9842
eta,q 0.97540 14.79353
  0.0262  0.0259  0.0255  0.0262  0.0261  0.0270  0.0258  0.0274  0.0257  0.0262  0.0255  0.0257
  0.0254  0.0253  0.0250  0.0256  0.0255  0.0261  0.0251  0.0259  0.0251  0.0254  0.0250  0.0250
  0.0249  0.0248  0.0247  0.0250  0.0249  0.0253  0.0247  0.0250  0.0247  0.0248  0.0247  0.0247
  0.0247  0.0247  0.0247  0.0247  0.0246  0.0246  0.0246  0.0246  0.0246  0.0246  0.0246  0.0246
  0.0248  0.0247  0.0248  0.0246  0.0246  0.0245  0.0248  0.0249  0.0247  0.0247  0.0247  0.0248
  0.0253  0.0251  0.0252  0.0250  0.0250  0.0256  0.0251  0.0257  0.0251  0.0252  0.0250  0.0252
  0.0261  0.0257  0.0257  0.0259  0.0260  0.0279  0.0257  0.0273  0.0256  0.0262  0.0255  0.0257
niter,ni,del,rscale     3    3    5.0000    0.6000
parameters
    1.4684   -4.6558   11.5522   -1.5587  -10.0687  -12.3395
    0.7426    7.8714   -0.9094   21.8308   -0.6607  -30.9994
eta,q 0.97546 14.80616
  0.0257  0.0255  0.0253  0.0258  0.0257  0.0266  0.0254  0.0267  0.0254  0.0258  0.0253  0.0254
  0.0251  0.0250  0.0248  0.0253  0.0252  0.0258  0.0249  0.0256  0.0249  0.0252  0.0249  0.0249
  0.0247  0.0247  0.0246  0.0248  0.0248  0.0251  0.0246  0.0248  0.0246  0.0247  0.0246  0.0246
  0.0246  0.0246  0.0246  0.0246  0.0246  0.0246  0.0245  0.0245  0.0245  0.0245  0.0245  0.0245
  0.0247  0.0247  0.0247  0.0246  0.0246  0.0245  0.0247  0.0247  0.0246  0.0246  0.0246  0.0247
  0.0251  0.0250  0.0250  0.0249  0.0249  0.0252  0.0250  0.0254  0.0249  0.0250  0.0248  0.0250
  0.0258  0.0255  0.0254  0.0257  0.0257  0.0269  0.0254  0.0267  0.0253  0.0258  0.0252  0.0254
niter,ni,del,rscale     2    3    5.0000    0.5000
parameters
    1.4538   -4.6615   11.5412   -1.4742   -9.9863  -12.1767
    0.7100    7.9261   -0.8648   21.8789   -0.6364  -30.9879
eta,q 0.97552 14.81390
  0.0253  0.0252  0.0251  0.0254  0.0253  0.0262  0.0251  0.0261  0.0251  0.0254  0.0250  0.0251
  0.0249  0.0248  0.0248  0.0250  0.0250  0.0255  0.0247  0.0253  0.0247  0.0249  0.0247  0.0247
  0.0246  0.0246  0.0246  0.0247  0.0247  0.0249  0.0245  0.0247  0.0245  0.0246  0.0245  0.0245
  0.0245  0.0245  0.0245  0.0245  0.0245  0.0245  0.0245  0.0245  0.0245  0.0245  0.0245  0.0245
  0.0246  0.0246  0.0246  0.0246  0.0245  0.0245  0.0246  0.0246  0.0245  0.0246  0.0245  0.0246
  0.0249  0.0248  0.0248  0.0248  0.0248  0.0250  0.0248  0.0251  0.0247  0.0249  0.0247  0.0248
  0.0254  0.0252  0.0251  0.0254  0.0254  0.0262  0.0251  0.0260  0.0250  0.0254  0.0250  0.0251
niter,ni,del,rscale     1    3    5.0000    0.4000
parameters
    1.4447   -4.6695   11.5795   -1.4689   -9.9347  -11.9465
    0.6722    7.9937   -0.8287   21.8901   -0.6266  -30.9381
eta,q 0.97557 14.81774
  0.0250  0.0249  0.0249  0.0250  0.0250  0.0257  0.0248  0.0256  0.0248  0.0251  0.0248  0.0249
  0.0247  0.0247  0.0247  0.0248  0.0248  0.0252  0.0246  0.0250  0.0246  0.0247  0.0246  0.0246
  0.0245  0.0245  0.0245  0.0246  0.0246  0.0248  0.0245  0.0246  0.0245  0.0245  0.0245  0.0245
  0.0245  0.0245  0.0245  0.0245  0.0245  0.0245  0.0244  0.0244  0.0244  0.0244  0.0244  0.0244
  0.0246  0.0245  0.0245  0.0245  0.0245  0.0244  0.0245  0.0245  0.0245  0.0245  0.0245  0.0245
  0.0247  0.0247  0.0246  0.0247  0.0247  0.0247  0.0246  0.0249  0.0246  0.0247  0.0246  0.0246
  0.0250  0.0249  0.0248  0.0251  0.0250  0.0255  0.0249  0.0255  0.0248  0.0251  0.0248  0.0248
registration optimization eta report
parameter search radius
    0.8000    0.8000    0.8000    2.4000    2.4000    2.4000
    2.4000    2.4000    2.4000    2.4000    2.4000    2.4000
100000*second partial in parameter space
       84.       66.       57.       10.        9.       20.
        7.       19.        6.       11.        6.        7.
  0.0250  0.0249  0.0249  0.0250  0.0250  0.0257  0.0248  0.0256  0.0248  0.0251  0.0248  0.0249
  0.0247  0.0247  0.0247  0.0248  0.0248  0.0252  0.0246  0.0250  0.0246  0.0247  0.0246  0.0246
  0.0245  0.0245  0.0245  0.0246  0.0246  0.0248  0.0245  0.0246  0.0245  0.0245  0.0245  0.0245
  0.0245  0.0245  0.0245  0.0245  0.0245  0.0245  0.0244  0.0244  0.0244  0.0244  0.0244  0.0244
  0.0246  0.0245  0.0245  0.0245  0.0245  0.0244  0.0245  0.0245  0.0245  0.0245  0.0245  0.0245
  0.0247  0.0247  0.0246  0.0247  0.0247  0.0247  0.0246  0.0249  0.0246  0.0247  0.0246  0.0246
  0.0250  0.0249  0.0248  0.0251  0.0250  0.0255  0.0249  0.0255  0.0248  0.0251  0.0248  0.0248
    1.4447   -4.6695   11.5795   -1.4689   -9.9347  -11.9465
    0.6722    7.9937   -0.8287   21.8901   -0.6266  -30.9381
eta,q 0.97557 14.81774

---------------------------------------------------------------------
compute_vox2vox talsrcimg talsrcimg_to_711-2C_as_mni_average_305_t4 /opt/freesurfer/average/711-2C_as_mni_average_305
---------------------------------------------------------------------

freesurfer compute_vox2vox.c
Reading: talsrcimg.4dfp.ifh
Reading: talsrcimg_to_711-2C_as_mni_average_305_t4
Reading: /opt/freesurfer/average/711-2C_as_mni_average_305.4dfp.ifh
Writing: talsrcimg_to_711-2C_as_mni_average_305_t4_vox2vox.txt

start time Tue Mar 10 00:34:04 CET 2026
end		time Tue Mar 10 00:35:39 CET 2026

mpr2mni305 success

avi2talxfm orig_nu.mgz /opt/freesurfer/average/mni305.cor.mgz talsrcimg_to_711-2C_as_mni_average_305_t4_vox2vox.txt transforms/talairach.auto.xfm
avi2talxfm done
mv -f /out/sourcedata/freesurfer/sub-v1s3x0050798_ses-1/mri/talsrcimg_to_711-2C_as_mni_average_305_t4_vox2vox.txt /out/sourcedata/freesurfer/sub-v1s3x0050798_ses-1/mri/transforms/talsrcimg_to_711-2C_as_mni_average_305_t4_vox2vox.txt
lta_convert --src orig_nu.mgz --trg /opt/freesurfer/average/mni305.cor.mgz --inxfm transforms/talairach.auto.xfm --outlta transforms/talairach.auto.xfm.lta --subject fsaverage
7.3.2

--src: orig_nu.mgz src image (geometry).
--trg: /opt/freesurfer/average/mni305.cor.mgz trg image (geometry).
--inmni: transforms/talairach.auto.xfm input MNI/XFM transform.
--outlta: transforms/talairach.auto.xfm.lta output LTA.
--s: fsaverage subject name
 LTA read, type : 1
 1.01408  -0.08308  -0.03611  -3.73811;
 0.00967   1.04553   0.35908   1.32539;
 0.00698  -0.25488   1.02270   6.50497;
 0.00000   0.00000   0.00000   1.00000;
setting subject to fsaverage
Writing  LTA to file transforms/talairach.auto.xfm.lta...
lta_convert successful.
 
 
Started at Tue Mar 10 00:34:04 CET 2026
Ended   at Tue Mar 10 00:35:39 CET 2026
talairach_avi done
