/out/sourcedata/freesurfer/sub-v1s3x0050813_ses-1/mri
/opt/freesurfer/bin/talairach_avi
--i orig_nu.mgz --xfm transforms/talairach.auto.xfm
talairach_avi 7.3.2
Linux dna007 5.14.0-427.37.1.el9_4.x86_64 #1 SMP PREEMPT_DYNAMIC Fri Sep 13 12:41:50 EDT 2024 x86_64 x86_64 x86_64 GNU/Linux
Tue Mar 10 01:07:44 CET 2026
mri_convert orig_nu.mgz talsrcimg.img 
reading from orig_nu.mgz...
TR=0.00, TE=0.00, TI=0.00, flip angle=0.00
i_ras = (-1, 0, 0)
j_ras = (0, 0, -1)
k_ras = (0, 1, 0)
writing to talsrcimg.img...
Analyze Output Matrix
-1.00000   0.00000   0.00000   129.98555;
 0.00000   0.00000   1.00000  -121.07433;
 0.00000  -1.00000   0.00000   130.47180;
 0.00000   0.00000   0.00000   1.00000;
--------------------
INFO: set hdr.hist.orient to -1
mpr2mni305 talsrcimg
Tue Mar 10 01:07:45 CET 2026
/opt/freesurfer/bin/mpr2mni305 talsrcimg
mpr2mni305 7.3.2
target=711-2C_as_mni_average_305

---------------------------------------------------------------------
analyzeto4dfp talsrcimg -O0 -y
---------------------------------------------------------------------

freesurfer ifh2hdr.c
Tue Mar 10 01:07:45 2026
Writing: talsrcimg.4dfp.hdr
freesurfer analyzeto4dfp.c
Reading: talsrcimg.hdr
header size 348 bytes
hdr.dime.datatype	offset=70	value=2
hdr.dime.bitpix		offset=72	value=8
hdr.hist.orient		offset=252	value=-1
dimensionality     4
dimensions       256       256       256         1
Reading: talsrcimg.img
Writing: talsrcimg.4dfp.img
Writing: talsrcimg.4dfp.ifh
ifh2hdr talsrcimg -r0to241
ori=2

---------------------------------------------------------------------
gauss_4dfp talsrcimg 1.1
---------------------------------------------------------------------

freesurfer gauss_4dfp.c
Reading: talsrcimg.4dfp.img
Writing: talsrcimg_g11.4dfp.img
image dimensions 256 256 256 padded to 288 288 288
processing volume 1freesurfer ifh2hdr.c
Tue Mar 10 01:07:47 2026
Writing: talsrcimg_g11.4dfp.hdr

Writing: talsrcimg_g11.4dfp.ifh
including: talsrcimg.4dfp.img.rec in talsrcimg_g11.4dfp.img.rec

---------------------------------------------------------------------
imgreg_4dfp /opt/freesurfer/average/711-2C_as_mni_average_305 none talsrcimg_g11 none talsrcimg_to_711-2C_as_mni_average_305_t4 4355
---------------------------------------------------------------------

freesurfer imgreg_4dfp.c
/opt/freesurfer/average/711-2C_as_mni_average_305.4dfp.img
       256       256       256         1
  1.000000  1.000000  1.000000
orientation T byte_order littleendian
Reading image: /opt/freesurfer/average/711-2C_as_mni_average_305.4dfp.img
dimensions:      256       256       256
mmppix:       1.0000   -1.0000   -1.0000
center:     128.0000 -129.0000 -129.0000
talsrcimg_g11.4dfp.img
       256       256       256         1
  1.000000  1.000000  1.000000
orientation T byte_order littleendian
Reading image: talsrcimg_g11.4dfp.img
dimensions:      256       256       256
mmppix:       1.0000   -1.0000   -1.0000
center:     128.0000 -129.0000 -129.0000
t4_read: open error in t4_sub.f l:  41 t4_file(1:l)talsrcimg_to_711-2C_as_mni_average_305_t4 
t4_read: transform initialized to I4
rotation matrix determinant  1.000000
image alignment mode   4355 decimal     1103 hex
   -7.5000  -45.0000  -45.0000 6785.9780   25.9517
    0.0000  -45.0000  -45.0000 7065.5713   26.1689
    7.5000  -45.0000  -45.0000 6733.2148   26.2742
   -7.5000  -37.5000  -45.0000 7251.8179   26.0056
    0.0000  -37.5000  -45.0000 7544.5645   26.2219
    7.5000  -37.5000  -45.0000 7170.0464   26.3034
   -7.5000  -30.0000  -45.0000 7970.3403   25.9850
    0.0000  -30.0000  -45.0000 8279.3516   26.1919
    7.5000  -30.0000  -45.0000 7871.6860   26.2679
   -7.5000  -22.5000  -45.0000 8612.9609   25.9068
    0.0000  -22.5000  -45.0000 8953.6250   26.1039
    7.5000  -22.5000  -45.0000 8478.8086   26.2015
   -7.5000  -15.0000  -45.0000 9197.2969   25.8528
    0.0000  -15.0000  -45.0000 9542.8066   26.0490
    7.5000  -15.0000  -45.0000 9046.7939   26.1717
   -7.5000   -7.5000  -45.0000 9743.5586   25.8772
    0.0000   -7.5000  -45.000010118.8027   26.0840
    7.5000   -7.5000  -45.0000 9545.5840   26.2088
   -7.5000    0.0000  -45.000010168.3213   25.9517
    0.0000    0.0000  -45.000010549.5527   26.1689
    7.5000    0.0000  -45.0000 9959.2002   26.2742
   -7.5000    7.5000  -45.0000 9780.8779   26.0056
    0.0000    7.5000  -45.000010133.7568   26.2219
    7.5000    7.5000  -45.0000 9600.0166   26.3034
   -7.5000   15.0000  -45.0000 9390.3408   25.9850
    0.0000   15.0000  -45.0000 9712.0986   26.1919
    7.5000   15.0000  -45.0000 9173.6416   26.2679
   -7.5000   22.5000  -45.0000 8921.4951   25.9033
    0.0000   22.5000  -45.0000 9192.1172   26.1003
    7.5000   22.5000  -45.0000 8684.6680   26.1979
   -7.5000   30.0000  -45.0000 8139.7573   25.5083
    0.0000   30.0000  -45.0000 8382.7529   25.7018
    7.5000   30.0000  -45.0000 7941.1123   25.8229
   -7.5000   37.5000  -45.0000 7625.3452   25.5324
    0.0000   37.5000  -45.0000 7884.2266   25.7364
    7.5000   37.5000  -45.0000 7431.6221   25.8595
   -7.5000   45.0000  -45.0000 6884.2178   24.9557
    0.0000   45.0000  -45.0000 7109.5195   25.1645
    7.5000   45.0000  -45.0000 6708.9302   25.2658
   -7.5000  -45.0000  -37.5000 7370.5835   25.7640
    0.0000  -45.0000  -37.5000 7675.6729   25.9486
    7.5000  -45.0000  -37.5000 7303.8618   26.0687
   -7.5000  -37.5000  -37.5000 7874.3726   25.8063
    0.0000  -37.5000  -37.5000 8176.4595   25.9848
    7.5000  -37.5000  -37.5000 7785.4033   26.0833
   -7.5000  -30.0000  -37.5000 8656.5342   25.7945
    0.0000  -30.0000  -37.5000 8989.4639   25.9649
    7.5000  -30.0000  -37.5000 8545.9336   26.0535
   -7.5000  -22.5000  -37.5000 9320.9775   25.7354
    0.0000  -22.5000  -37.5000 9680.4258   25.9029
    7.5000  -22.5000  -37.5000 9172.2266   26.0072
   -7.5000  -15.0000  -37.5000 9887.3486   25.6924
    0.0000  -15.0000  -37.500010245.6826   25.8655
    7.5000  -15.0000  -37.5000 9737.5518   25.9924
   -7.5000   -7.5000  -37.500010453.5420   25.7093
    0.0000   -7.5000  -37.500010828.9902   25.8913
    7.5000   -7.5000  -37.500010246.9648   26.0243
   -7.5000    0.0000  -37.500010907.0566   25.7640
    0.0000    0.0000  -37.500011287.8555   25.9486
    7.5000    0.0000  -37.500010659.6270   26.0687
   -7.5000    7.5000  -37.500010510.1777   25.8063
    0.0000    7.5000  -37.500010888.1475   25.9848
    7.5000    7.5000  -37.500010309.7773   26.0833
   -7.5000   15.0000  -37.500010077.8320   25.7945
    0.0000   15.0000  -37.500010414.8154   25.9649
    7.5000   15.0000  -37.5000 9846.9805   26.0535
   -7.5000   22.5000  -37.5000 9558.1514   25.7318
    0.0000   22.5000  -37.5000 9845.5811   25.8994
    7.5000   22.5000  -37.5000 9320.0547   26.0036
   -7.5000   30.0000  -37.5000 8706.0029   25.3500
    0.0000   30.0000  -37.5000 8958.3262   25.5208
    7.5000   30.0000  -37.5000 8493.4639   25.6460
   -7.5000   37.5000  -37.5000 8130.4062   25.3667
    0.0000   37.5000  -37.5000 8340.9062   25.5463
    7.5000   37.5000  -37.5000 7917.9360   25.6775
   -7.5000   45.0000  -37.5000 7304.8481   24.7752
    0.0000   45.0000  -37.5000 7497.0889   24.9527
    7.5000   45.0000  -37.5000 7094.1475   25.0682
   -7.5000  -45.0000  -30.0000 8133.3364   26.8326
    0.0000  -45.0000  -30.0000 8473.5371   27.0153
    7.5000  -45.0000  -30.0000 8056.5601   27.1530
   -7.5000  -37.5000  -30.0000 8667.6064   26.8870
    0.0000  -37.5000  -30.0000 9014.8066   27.0549
    7.5000  -37.5000  -30.0000 8575.3154   27.1682
   -7.5000  -30.0000  -30.0000 9512.0283   26.9052
    0.0000  -30.0000  -30.0000 9888.9395   27.0660
    7.5000  -30.0000  -30.0000 9411.1445   27.1607
   -7.5000  -22.5000  -30.000010219.5273   26.8598
    0.0000  -22.5000  -30.000010627.1621   27.0272
    7.5000  -22.5000  -30.000010084.5488   27.1318
   -7.5000  -15.0000  -30.000010812.0615   26.8066
    0.0000  -15.0000  -30.000011242.4863   26.9886
    7.5000  -15.0000  -30.000010656.4199   27.1169
   -7.5000   -7.5000  -30.000011379.0244   26.7977
    0.0000   -7.5000  -30.000011829.1426   26.9878
    7.5000   -7.5000  -30.000011195.7812   27.1306
   -7.5000    0.0000  -30.000011834.0068   26.8326
    0.0000    0.0000  -30.000012272.8828   27.0153
    7.5000    0.0000  -30.000011620.7998   27.1530
   -7.5000    7.5000  -30.000011411.3701   26.8870
    0.0000    7.5000  -30.000011834.6553   27.0549
    7.5000    7.5000  -30.000011206.1475   27.1682
   -7.5000   15.0000  -30.000010953.9004   26.9052
    0.0000   15.0000  -30.000011347.3096   27.0660
    7.5000   15.0000  -30.000010693.7939   27.1607
   -7.5000   22.5000  -30.000010405.7324   26.8534
    0.0000   22.5000  -30.000010744.9668   27.0207
    7.5000   22.5000  -30.000010116.4492   27.1253
   -7.5000   30.0000  -30.0000 9466.6230   26.4519
    0.0000   30.0000  -30.0000 9734.0127   26.6315
    7.5000   30.0000  -30.0000 9184.7227   26.7581
   -7.5000   37.5000  -30.0000 8789.8662   26.4431
    0.0000   37.5000  -30.0000 9011.2559   26.6307
    7.5000   37.5000  -30.0000 8517.3594   26.7716
   -7.5000   45.0000  -30.0000 7878.4141   25.8217
    0.0000   45.0000  -30.0000 8081.2681   25.9975
    7.5000   45.0000  -30.0000 7632.5366   26.1300
   -7.5000  -45.0000  -22.5000 8859.9014   27.8086
    0.0000  -45.0000  -22.5000 9230.9199   28.0260
    7.5000  -45.0000  -22.5000 8785.4727   28.1591
   -7.5000  -37.5000  -22.5000 9452.9639   27.8914
    0.0000  -37.5000  -22.5000 9833.5312   28.0892
    7.5000  -37.5000  -22.5000 9337.8867   28.1913
   -7.5000  -30.0000  -22.500010369.5752   27.9338
    0.0000  -30.0000  -22.500010773.7725   28.1238
    7.5000  -30.0000  -22.500010213.1338   28.2023
   -7.5000  -22.5000  -22.500011106.6455   27.8812
    0.0000  -22.5000  -22.500011563.1328   28.0817
    7.5000  -22.5000  -22.500010926.0957   28.1715
   -7.5000  -15.0000  -22.500011737.2949   27.8027
    0.0000  -15.0000  -22.500012215.7441   28.0217
    7.5000  -15.0000  -22.500011550.5732   28.1405
   -7.5000   -7.5000  -22.500012318.8799   27.7725
    0.0000   -7.5000  -22.500012834.5088   28.0005
    7.5000   -7.5000  -22.500012108.3545   28.1389
   -7.5000    0.0000  -22.500012818.9551   27.8086
    0.0000    0.0000  -22.500013357.5889   28.0260
    7.5000    0.0000  -22.500012617.5625   28.1591
   -7.5000    7.5000  -22.500012382.1465   27.8914
    0.0000    7.5000  -22.500012883.6367   28.0892
    7.5000    7.5000  -22.500012158.2646   28.1913
   -7.5000   15.0000  -22.500011844.6699   27.9338
    0.0000   15.0000  -22.500012310.0693   28.1238
    7.5000   15.0000  -22.500011561.0967   28.2023
   -7.5000   22.5000  -22.500011256.7246   27.8726
    0.0000   22.5000  -22.500011661.0469   28.0731
    7.5000   22.5000  -22.500010912.6455   28.1628
   -7.5000   30.0000  -22.500010194.8584   27.4391
    0.0000   30.0000  -22.500010511.0859   27.6551
    7.5000   30.0000  -22.5000 9870.3965   27.7724
   -7.5000   37.5000  -22.5000 9435.3652   27.4092
    0.0000   37.5000  -22.5000 9691.2266   27.6343
    7.5000   37.5000  -22.5000 9157.6992   27.7709
   -7.5000   45.0000  -22.5000 8463.9346   26.7810
    0.0000   45.0000  -22.5000 8707.5605   26.9904
    7.5000   45.0000  -22.5000 8198.6270   27.1186
   -7.5000  -45.0000  -15.0000 9611.1738   28.5502
    0.0000  -45.0000  -15.000010018.6240   28.8117
    7.5000  -45.0000  -15.0000 9533.0225   28.9318
   -7.5000  -37.5000  -15.000010218.1846   28.6475
    0.0000  -37.5000  -15.000010666.8330   28.8924
    7.5000  -37.5000  -15.000010090.4014   28.9761
   -7.5000  -30.0000  -15.000011156.5078   28.6824
    0.0000  -30.0000  -15.000011651.0352   28.9169
    7.5000  -30.0000  -15.000011015.2695   28.9794
   -7.5000  -22.5000  -15.000011903.8877   28.6088
    0.0000  -22.5000  -15.000012434.1484   28.8479
    7.5000  -22.5000  -15.000011794.5674   28.9297
   -7.5000  -15.0000  -15.000012583.1006   28.5172
    0.0000  -15.0000  -15.000013131.7578   28.7705
    7.5000  -15.0000  -15.000012445.4062   28.8867
   -7.5000   -7.5000  -15.000013254.7520   28.4934
    0.0000   -7.5000  -15.000013820.6543   28.7589
    7.5000   -7.5000  -15.000013042.2793   28.8921
   -7.5000    0.0000  -15.000013869.0000   28.5502
    0.0000    0.0000  -15.000014480.2695   28.8117
    7.5000    0.0000  -15.000013631.0342   28.9318
   -7.5000    7.5000  -15.000013392.7607   28.6475
    0.0000    7.5000  -15.000013972.8096   28.8924
    7.5000    7.5000  -15.000013103.3066   28.9761
   -7.5000   15.0000  -15.000012700.5146   28.6824
    0.0000   15.0000  -15.000013218.1494   28.9169
    7.5000   15.0000  -15.000012390.3857   28.9794
   -7.5000   22.5000  -15.000012056.1367   28.5987
    0.0000   22.5000  -15.000012484.0957   28.8377
    7.5000   22.5000  -15.000011680.9717   28.9194
   -7.5000   30.0000  -15.000010948.7803   28.1481
    0.0000   30.0000  -15.000011313.7852   28.3982
    7.5000   30.0000  -15.000010599.8105   28.5128
   -7.5000   37.5000  -15.000010137.1006   28.1247
    0.0000   37.5000  -15.000010476.2305   28.3867
    7.5000   37.5000  -15.0000 9821.2393   28.5182
   -7.5000   45.0000  -15.0000 9078.6064   27.5118
    0.0000   45.0000  -15.0000 9397.2148   27.7639
    7.5000   45.0000  -15.0000 8808.3691   27.8796
   -7.5000  -45.0000   -7.500010429.4473   28.8952
    0.0000  -45.0000   -7.500010873.9600   29.1647
    7.5000  -45.0000   -7.500010336.3242   29.2761
   -7.5000  -37.5000   -7.500011022.6045   28.9787
    0.0000  -37.5000   -7.500011494.1143   29.2418
    7.5000  -37.5000   -7.500010904.5332   29.3204
   -7.5000  -30.0000   -7.500011963.4072   28.9809
    0.0000  -30.0000   -7.500012484.8428   29.2327
    7.5000  -30.0000   -7.500011859.8574   29.2994
   -7.5000  -22.5000   -7.500012804.3848   28.8923
    0.0000  -22.5000   -7.500013349.1914   29.1373
    7.5000  -22.5000   -7.500012700.3701   29.2288
   -7.5000  -15.0000   -7.500013520.2178   28.8119
    0.0000  -15.0000   -7.500014080.4629   29.0604
    7.5000  -15.0000   -7.500013393.2090   29.1845
   -7.5000   -7.5000   -7.500014209.3428   28.8170
    0.0000   -7.5000   -7.500014836.0781   29.0787
    7.5000   -7.5000   -7.500014013.3398   29.2106
   -7.5000    0.0000   -7.500014877.4326   28.8952
    0.0000    0.0000   -7.500015590.3213   29.1647
    7.5000    0.0000   -7.500014630.1455   29.2761
   -7.5000    7.5000   -7.500014412.3486   28.9787
    0.0000    7.5000   -7.500015090.7422   29.2418
    7.5000    7.5000   -7.500014113.3281   29.3204
   -7.5000   15.0000   -7.500013620.8428   28.9809
    0.0000   15.0000   -7.500014192.4111   29.2327
    7.5000   15.0000   -7.500013286.3867   29.2994
   -7.5000   22.5000   -7.500012909.3037   28.8789
    0.0000   22.5000   -7.500013383.9355   29.1238
    7.5000   22.5000   -7.500012503.5918   29.2153
   -7.5000   30.0000   -7.500011721.8848   28.4382
    0.0000   30.0000   -7.500012163.8408   28.6836
    7.5000   30.0000   -7.500011374.6641   28.8060
   -7.5000   37.5000   -7.500010880.6348   28.4433
    0.0000   37.5000   -7.500011262.7598   28.7016
    7.5000   37.5000   -7.500010550.2734   28.8318
   -7.5000   45.0000   -7.5000 9726.4062   27.8496
    0.0000   45.0000   -7.500010076.4473   28.1092
    7.5000   45.0000   -7.5000 9457.4131   28.2167
   -7.5000  -45.0000    0.000011165.4268   28.8955
    0.0000  -45.0000    0.000011648.9580   29.1366
    7.5000  -45.0000    0.000011098.4248   29.2513
   -7.5000  -37.5000    0.000011788.4473   28.9555
    0.0000  -37.5000    0.000012264.7539   29.1958
    7.5000  -37.5000    0.000011689.2041   29.2841
   -7.5000  -30.0000    0.000012771.4023   28.9336
    0.0000  -30.0000    0.000013286.5791   29.1635
    7.5000  -30.0000    0.000012680.8730   29.2457
   -7.5000  -22.5000    0.000013670.0020   28.8474
    0.0000  -22.5000    0.000014183.9072   29.0664
    7.5000  -22.5000    0.000013565.7959   29.1727
   -7.5000  -15.0000    0.000014327.3428   28.7873
    0.0000  -15.0000    0.000014909.2959   29.0052
    7.5000  -15.0000    0.000014238.0010   29.1392
   -7.5000   -7.5000    0.000015036.5215   28.8136
    0.0000   -7.5000    0.000015686.1250   29.0430
    7.5000   -7.5000    0.000014914.5518   29.1794
   -7.5000    0.0000    0.000015771.5771   28.8955
    0.0000    0.0000    0.000016492.9551   29.1366
    7.5000    0.0000    0.000015579.0029   29.2513
   -7.5000    7.5000    0.000015280.7695   28.9555
    0.0000    7.5000    0.000015934.1738   29.1958
    7.5000    7.5000    0.000015037.8975   29.2841
   -7.5000   15.0000    0.000014403.0850   28.9336
    0.0000   15.0000    0.000014984.4541   29.1635
    7.5000   15.0000    0.000014114.8076   29.2457
   -7.5000   22.5000    0.000013558.8779   28.8342
    0.0000   22.5000    0.000014032.7109   29.0530
    7.5000   22.5000    0.000013195.1387   29.1593
   -7.5000   30.0000    0.000012353.2354   28.4148
    0.0000   30.0000    0.000012800.5801   28.6298
    7.5000   30.0000    0.000012033.7969   28.7621
   -7.5000   37.5000    0.000011465.5605   28.4407
    0.0000   37.5000    0.000011883.3184   28.6672
    7.5000   37.5000    0.000011152.8359   28.8018
   -7.5000   45.0000    0.000010255.4912   27.8520
    0.0000   45.0000    0.000010627.7539   28.0843
    7.5000   45.0000    0.0000 9994.5645   28.1949
   -7.5000  -45.0000    7.500011018.0762   28.8307
    0.0000  -45.0000    7.500011472.8320   29.0372
    7.5000  -45.0000    7.500010941.3555   29.1716
   -7.5000  -37.5000    7.500011598.4229   28.8780
    0.0000  -37.5000    7.500012080.3643   29.0777
    7.5000  -37.5000    7.500011519.6113   29.1879
   -7.5000  -30.0000    7.500012570.7627   28.8647
    0.0000  -30.0000    7.500013096.7930   29.0555
    7.5000  -30.0000    7.500012524.6943   29.1546
   -7.5000  -22.5000    7.500013445.1074   28.7986
    0.0000  -22.5000    7.500014002.8896   28.9861
    7.5000  -22.5000    7.500013409.3516   29.1027
   -7.5000  -15.0000    7.500014087.8086   28.7505
    0.0000  -15.0000    7.500014704.8555   28.9442
    7.5000  -15.0000    7.500014084.8320   29.0862
   -7.5000   -7.5000    7.500014773.8398   28.7694
    0.0000   -7.5000    7.500015373.2695   28.9730
    7.5000   -7.5000    7.500014749.8096   29.1219
   -7.5000    0.0000    7.500015477.8584   28.8307
    0.0000    0.0000    7.500016103.4990   29.0372
    7.5000    0.0000    7.500015399.3184   29.1716
   -7.5000    7.5000    7.500014929.9072   28.8780
    0.0000    7.5000    7.500015537.3789   29.0777
    7.5000    7.5000    7.500014813.8604   29.1879
   -7.5000   15.0000    7.500014004.6523   28.8647
    0.0000   15.0000    7.500014572.5371   29.0555
    7.5000   15.0000    7.500013894.4004   29.1546
   -7.5000   22.5000    7.500013122.0703   28.7853
    0.0000   22.5000    7.500013625.5059   28.9727
    7.5000   22.5000    7.500012913.2871   29.0893
   -7.5000   30.0000    7.500011965.6924   28.3784
    0.0000   30.0000    7.500012393.0117   28.5696
    7.5000   30.0000    7.500011784.6709   28.7097
   -7.5000   37.5000    7.500011148.5312   28.3970
    0.0000   37.5000    7.500011536.1553   28.5981
    7.5000   37.5000    7.500010930.7549   28.7450
   -7.5000   45.0000    7.5000 9991.8281   27.7894
    0.0000   45.0000    7.500010341.0000   27.9885
    7.5000   45.0000    7.5000 9748.6807   28.1181
   -7.5000  -45.0000   15.000010690.9736   28.8138
    0.0000  -45.0000   15.000011115.2783   29.0100
    7.5000  -45.0000   15.000010608.9795   29.1578
   -7.5000  -37.5000   15.000011249.4736   28.8722
    0.0000  -37.5000   15.000011694.5420   29.0525
    7.5000  -37.5000   15.000011173.3740   29.1742
   -7.5000  -30.0000   15.000012194.8613   28.8918
    0.0000  -30.0000   15.000012685.8340   29.0644
    7.5000  -30.0000   15.000012174.5537   29.1662
   -7.5000  -22.5000   15.000013067.3887   28.8430
    0.0000  -22.5000   15.000013599.3379   29.0228
    7.5000  -22.5000   15.000013099.3086   29.1351
   -7.5000  -15.0000   15.000013638.9170   28.7859
    0.0000  -15.0000   15.000014112.8213   28.9814
    7.5000  -15.0000   15.000013770.3223   29.1191
   -7.5000   -7.5000   15.000014189.8633   28.7763
    0.0000   -7.5000   15.000014650.5264   28.9804
    7.5000   -7.5000   15.000014329.7568   29.1338
   -7.5000    0.0000   15.000014840.2021   28.8138
    0.0000    0.0000   15.000015325.4131   29.0100
    7.5000    0.0000   15.000014953.3906   29.1578
   -7.5000    7.5000   15.000014299.9209   28.8722
    0.0000    7.5000   15.000014806.6689   29.0525
    7.5000    7.5000   15.000014392.4072   29.1742
   -7.5000   15.0000   15.000013418.3438   28.8918
    0.0000   15.0000   15.000013890.1074   29.0644
    7.5000   15.0000   15.000013515.0947   29.1662
   -7.5000   22.5000   15.000012548.6426   28.8297
    0.0000   22.5000   15.000012968.6289   29.0094
    7.5000   22.5000   15.000012505.4941   29.1217
   -7.5000   30.0000   15.000011458.1387   28.4133
    0.0000   30.0000   15.000011806.1221   28.6063
    7.5000   30.0000   15.000011368.3086   28.7423
   -7.5000   37.5000   15.000010728.5000   28.4039
    0.0000   37.5000   15.000011050.5938   28.6054
    7.5000   37.5000   15.000010572.1357   28.7568
   -7.5000   45.0000   15.0000 9633.3994   27.7732
    0.0000   45.0000   15.0000 9934.0684   27.9623
    7.5000   45.0000   15.0000 9425.5557   28.1048
   -7.5000  -45.0000   22.500010267.3379   28.8675
    0.0000  -45.0000   22.500010666.7422   29.0933
    7.5000  -45.0000   22.500010173.5371   29.2313
   -7.5000  -37.5000   22.500010768.9336   28.9534
    0.0000  -37.5000   22.500011168.9561   29.1588
    7.5000  -37.5000   22.500010696.2686   29.2648
   -7.5000  -30.0000   22.500011691.2441   28.9975
    0.0000  -30.0000   22.500012195.1982   29.1948
    7.5000  -30.0000   22.500011652.4824   29.2762
   -7.5000  -22.5000   22.500012557.3662   28.9429
    0.0000  -22.5000   22.500013082.0430   29.1511
    7.5000  -22.5000   22.500012609.0488   29.2442
   -7.5000  -15.0000   22.500013058.2969   28.8614
    0.0000  -15.0000   22.500013505.0977   29.0887
    7.5000  -15.0000   22.500013285.6807   29.2121
   -7.5000   -7.5000   22.500013574.7002   28.8300
    0.0000   -7.5000   22.500013986.1816   29.0668
    7.5000   -7.5000   22.500013876.5430   29.2105
   -7.5000    0.0000   22.500014206.0000   28.8675
    0.0000    0.0000   22.500014715.0391   29.0933
    7.5000    0.0000   22.500014462.1016   29.2313
   -7.5000    7.5000   22.500013793.9570   28.9534
    0.0000    7.5000   22.500014302.6426   29.1588
    7.5000    7.5000   22.500013941.6455   29.2648
   -7.5000   15.0000   22.500012959.4580   28.9975
    0.0000   15.0000   22.500013434.2744   29.1948
    7.5000   15.0000   22.500013040.9961   29.2762
   -7.5000   22.5000   22.500012066.4072   28.9295
    0.0000   22.5000   22.500012442.0205   29.1376
    7.5000   22.5000   22.500012000.1152   29.2308
   -7.5000   30.0000   22.500010975.9121   28.4879
    0.0000   30.0000   22.500011288.1045   28.7123
    7.5000   30.0000   22.500010867.4199   28.8340
   -7.5000   37.5000   22.500010246.7910   28.4569
    0.0000   37.5000   22.500010541.8838   28.6906
    7.5000   37.5000   22.500010107.3330   28.8324
   -7.5000   45.0000   22.5000 9182.0020   27.8250
    0.0000   45.0000   22.5000 9454.6348   28.0425
    7.5000   45.0000   22.5000 9010.5791   28.1756
   -7.5000  -45.0000   30.0000 9766.0713   28.9420
    0.0000  -45.0000   30.000010140.1289   29.2071
    7.5000  -45.0000   30.0000 9658.5586   29.3288
   -7.5000  -37.5000   30.000010223.8633   29.0406
    0.0000  -37.5000   30.000010610.9912   29.2889
    7.5000  -37.5000   30.000010153.1504   29.3737
   -7.5000  -30.0000   30.000011084.5469   29.0760
    0.0000  -30.0000   30.000011546.1895   29.3137
    7.5000  -30.0000   30.000011073.7168   29.3771
   -7.5000  -22.5000   30.000011829.1309   29.0014
    0.0000  -22.5000   30.000012318.2725   29.2438
    7.5000  -22.5000   30.000011905.9697   29.3267
   -7.5000  -15.0000   30.000012437.7705   28.9085
    0.0000  -15.0000   30.000012938.3643   29.1654
    7.5000  -15.0000   30.000012573.4990   29.2831
   -7.5000   -7.5000   30.000013123.4854   28.8845
    0.0000   -7.5000   30.000013630.9424   29.1536
    7.5000   -7.5000   30.000013230.6182   29.2886
   -7.5000    0.0000   30.000013765.4512   28.9420
    0.0000    0.0000   30.000014312.4512   29.2071
    7.5000    0.0000   30.000013788.8613   29.3288
   -7.5000    7.5000   30.000013308.5986   29.0406
    0.0000    7.5000   30.000013767.2588   29.2889
    7.5000    7.5000   30.000013267.1182   29.3737
   -7.5000   15.0000   30.000012461.7246   29.0760
    0.0000   15.0000   30.000012869.3975   29.3137
    7.5000   15.0000   30.000012420.1299   29.3771
   -7.5000   22.5000   30.000011464.9971   28.9881
    0.0000   22.5000   30.000011797.1133   29.2303
    7.5000   22.5000   30.000011368.8857   29.3132
   -7.5000   30.0000   30.000010394.6133   28.5344
    0.0000   30.0000   30.000010712.7988   28.7879
    7.5000   30.0000   30.000010295.5537   28.9041
   -7.5000   37.5000   30.0000 9671.7100   28.5106
    0.0000   37.5000   30.0000 9947.8584   28.7763
    7.5000   37.5000   30.0000 9567.8916   28.9096
   -7.5000   45.0000   30.0000 8665.3184   27.8967
    0.0000   45.0000   30.0000 8903.1816   28.1523
    7.5000   45.0000   30.0000 8526.1621   28.2696
   -7.5000  -45.0000   37.5000 9595.3623   28.9536
    0.0000  -45.0000   37.5000 9982.0332   29.2235
    7.5000  -45.0000   37.5000 9511.6758   29.3352
   -7.5000  -37.5000   37.500010076.1523   29.0372
    0.0000  -37.5000   37.500010515.3906   29.3009
    7.5000  -37.5000   37.5000 9994.5371   29.3796
   -7.5000  -30.0000   37.500010962.8184   29.0394
    0.0000  -30.0000   37.500011452.9707   29.2917
    7.5000  -30.0000   37.500010870.2930   29.3585
   -7.5000  -22.5000   37.500011761.8271   28.9506
    0.0000  -22.5000   37.500012235.8223   29.1961
    7.5000  -22.5000   37.500011683.1582   29.2878
   -7.5000  -15.0000   37.500012389.2812   28.8700
    0.0000  -15.0000   37.500012874.8750   29.1191
    7.5000  -15.0000   37.500012316.2051   29.2434
   -7.5000   -7.5000   37.500013024.5527   28.8752
    0.0000   -7.5000   37.500013502.3838   29.1375
    7.5000   -7.5000   37.500012925.5781   29.2696
   -7.5000    0.0000   37.500013563.4414   28.9536
    0.0000    0.0000   37.500014085.2002   29.2235
    7.5000    0.0000   37.500013431.7578   29.3352
   -7.5000    7.5000   37.500013083.2119   29.0372
    0.0000    7.5000   37.500013569.5225   29.3009
    7.5000    7.5000   37.500012961.7705   29.3796
   -7.5000   15.0000   37.500012282.8271   29.0394
    0.0000   15.0000   37.500012748.7139   29.2917
    7.5000   15.0000   37.500012202.7285   29.3585
   -7.5000   22.5000   37.500011267.4922   28.9373
    0.0000   22.5000   37.500011645.4717   29.1826
    7.5000   22.5000   37.500011175.6582   29.2743
   -7.5000   30.0000   37.500010225.7920   28.4964
    0.0000   30.0000   37.500010579.0166   28.7423
    7.5000   30.0000   37.500010140.1836   28.8649
   -7.5000   37.5000   37.5000 9482.7109   28.5015
    0.0000   37.5000   37.5000 9789.5205   28.7604
    7.5000   37.5000   37.5000 9386.5332   28.8908
   -7.5000   45.0000   37.5000 8439.5771   27.9079
    0.0000   45.0000   37.5000 8711.3457   28.1681
    7.5000   45.0000   37.5000 8319.1357   28.2758
   -7.5000  -45.0000   45.0000 8954.7617   28.7102
    0.0000  -45.0000   45.0000 9346.2715   28.9498
    7.5000  -45.0000   45.0000 8846.3809   29.0638
   -7.5000  -37.5000   45.0000 9461.4219   28.7698
    0.0000  -37.5000   45.0000 9876.8994   29.0087
    7.5000  -37.5000   45.0000 9303.8906   29.0965
   -7.5000  -30.0000   45.000010278.2373   28.7482
    0.0000  -30.0000   45.000010720.6553   28.9768
    7.5000  -30.0000   45.000010088.8535   29.0585
   -7.5000  -22.5000   45.000010980.7559   28.6627
    0.0000  -22.5000   45.000011427.1084   28.8804
    7.5000  -22.5000   45.000010790.5381   28.9860
   -7.5000  -15.0000   45.000011530.0293   28.6029
    0.0000  -15.0000   45.000011969.0166   28.8194
    7.5000  -15.0000   45.000011368.8838   28.9526
   -7.5000   -7.5000   45.000012053.6826   28.6289
    0.0000   -7.5000   45.000012522.9443   28.8569
    7.5000   -7.5000   45.000011911.9434   28.9925
   -7.5000    0.0000   45.000012477.1035   28.7102
    0.0000    0.0000   45.000012969.9951   28.9498
    7.5000    0.0000   45.000012365.3389   29.0638
   -7.5000    7.5000   45.000012061.9570   28.7698
    0.0000    7.5000   45.000012534.5488   29.0087
    7.5000    7.5000   45.000011971.3477   29.0965
   -7.5000   15.0000   45.000011396.1641   28.7482
    0.0000   15.0000   45.000011865.9365   28.9768
    7.5000   15.0000   45.000011345.4834   29.0585
   -7.5000   22.5000   45.000010464.2695   28.6494
    0.0000   22.5000   45.000010858.2314   28.8670
    7.5000   22.5000   45.000010400.2549   28.9725
   -7.5000   30.0000   45.0000 9493.4375   28.2302
    0.0000   30.0000   45.0000 9841.3008   28.4440
    7.5000   30.0000   45.0000 9427.6094   28.5755
   -7.5000   37.5000   45.0000 8800.2998   28.2559
    0.0000   37.5000   45.0000 9108.8955   28.4810
    7.5000   37.5000   45.0000 8707.7441   28.6148
   -7.5000   45.0000   45.0000 7835.8926   27.6858
    0.0000   45.0000   45.0000 8107.1938   27.9169
    7.5000   45.0000   45.0000 7731.8413   28.0269

---------------------------------------------------------------------
imgreg_4dfp /opt/freesurfer/average/711-2C_as_mni_average_305 /opt/freesurfer/average/711-2B_as_mni_average_305_mask talsrcimg_g11 none talsrcimg_to_711-2C_as_mni_average_305_t4 4355
---------------------------------------------------------------------

freesurfer imgreg_4dfp.c
/opt/freesurfer/average/711-2C_as_mni_average_305.4dfp.img
       256       256       256         1
  1.000000  1.000000  1.000000
orientation T byte_order littleendian
Reading image: /opt/freesurfer/average/711-2C_as_mni_average_305.4dfp.img
dimensions:      256       256       256
mmppix:       1.0000   -1.0000   -1.0000
center:     128.0000 -129.0000 -129.0000
/opt/freesurfer/average/711-2B_as_mni_average_305_mask.4dfp.img
       256       256       256         1
  1.000000  1.000000  1.000000
orientation T byte_order littleendian
Reading mask: /opt/freesurfer/average/711-2B_as_mni_average_305_mask.4dfp.img (2306576 pixels)
talsrcimg_g11.4dfp.img
       256       256       256         1
  1.000000  1.000000  1.000000
orientation T byte_order littleendian
Reading image: talsrcimg_g11.4dfp.img
dimensions:      256       256       256
mmppix:       1.0000   -1.0000   -1.0000
center:     128.0000 -129.0000 -129.0000
rotation matrix determinant  1.000000
image alignment mode   4355 decimal     1103 hex
   -7.5000  -45.0000  -45.0000 1854.4419   31.3358
    0.0000  -45.0000  -45.0000 1854.8536   31.3071
    7.5000  -45.0000  -45.0000 1839.2831   31.8776
   -7.5000  -37.5000  -45.0000 1937.3657   29.3073
    0.0000  -37.5000  -45.0000 1939.5586   29.2848
    7.5000  -37.5000  -45.0000 1918.5439   29.6877
   -7.5000  -30.0000  -45.0000 1986.0219   27.7264
    0.0000  -30.0000  -45.0000 1992.8158   27.6497
    7.5000  -30.0000  -45.0000 1971.3698   27.9472
   -7.5000  -22.5000  -45.0000 2028.8043   26.4043
    0.0000  -22.5000  -45.0000 2035.8187   26.3142
    7.5000  -22.5000  -45.0000 2005.2356   26.7936
   -7.5000  -15.0000  -45.0000 2046.1135   25.7560
    0.0000  -15.0000  -45.0000 2054.0173   25.6680
    7.5000  -15.0000  -45.0000 2022.7435   26.1977
   -7.5000   -7.5000  -45.0000 2051.8914   25.8776
    0.0000   -7.5000  -45.0000 2058.0830   25.7457
    7.5000   -7.5000  -45.0000 2024.4938   26.4243
   -7.5000    0.0000  -45.0000 2035.9773   26.5832
    0.0000    0.0000  -45.0000 2046.2551   26.4891
    7.5000    0.0000  -45.0000 2008.6331   27.1235
   -7.5000    7.5000  -45.0000 1997.4904   27.9360
    0.0000    7.5000  -45.0000 2002.4752   27.8365
    7.5000    7.5000  -45.0000 1970.1083   28.5140
   -7.5000   15.0000  -45.0000 1943.8062   29.6196
    0.0000   15.0000  -45.0000 1951.2076   29.5270
    7.5000   15.0000  -45.0000 1918.6030   30.1675
   -7.5000   22.5000  -45.0000 1883.7426   31.6252
    0.0000   22.5000  -45.0000 1889.6689   31.5127
    7.5000   22.5000  -45.0000 1855.4730   32.2601
   -7.5000   30.0000  -45.0000 1794.9615   34.3863
    0.0000   30.0000  -45.0000 1800.5256   34.2742
    7.5000   30.0000  -45.0000 1770.6333   35.1033
   -7.5000   37.5000  -45.0000 1694.5817   38.4042
    0.0000   37.5000  -45.0000 1705.3160   38.2611
    7.5000   37.5000  -45.0000 1666.4570   39.2828
   -7.5000   45.0000  -45.0000 1586.9144   44.4433
    0.0000   45.0000  -45.0000 1594.3348   44.4408
    7.5000   45.0000  -45.0000 1559.9072   45.5051
   -7.5000  -45.0000  -37.5000 1958.6400   28.5726
    0.0000  -45.0000  -37.5000 1963.2714   28.4100
    7.5000  -45.0000  -37.5000 1937.5042   29.0310
   -7.5000  -37.5000  -37.5000 2049.8398   26.6076
    0.0000  -37.5000  -37.5000 2053.0464   26.5457
    7.5000  -37.5000  -37.5000 2023.1102   27.0035
   -7.5000  -30.0000  -37.5000 2105.4548   25.1323
    0.0000  -30.0000  -37.5000 2114.1292   25.0641
    7.5000  -30.0000  -37.5000 2084.6392   25.4504
   -7.5000  -22.5000  -37.5000 2139.2102   24.0315
    0.0000  -22.5000  -37.5000 2147.3635   23.9957
    7.5000  -22.5000  -37.5000 2114.3462   24.3651
   -7.5000  -15.0000  -37.5000 2151.1509   23.4808
    0.0000  -15.0000  -37.5000 2160.2512   23.4234
    7.5000  -15.0000  -37.5000 2131.0852   23.8759
   -7.5000   -7.5000  -37.5000 2149.2178   23.6253
    0.0000   -7.5000  -37.5000 2155.4954   23.5543
    7.5000   -7.5000  -37.5000 2125.3420   24.1041
   -7.5000    0.0000  -37.5000 2140.2139   24.2841
    0.0000    0.0000  -37.5000 2144.4783   24.2294
    7.5000    0.0000  -37.5000 2107.6091   24.7511
   -7.5000    7.5000  -37.5000 2104.4731   25.4826
    0.0000    7.5000  -37.5000 2111.8555   25.4213
    7.5000    7.5000  -37.5000 2077.0691   25.9950
   -7.5000   15.0000  -37.5000 2052.7446   26.9376
    0.0000   15.0000  -37.5000 2060.3960   26.8621
    7.5000   15.0000  -37.5000 2023.6526   27.4706
   -7.5000   22.5000  -37.5000 1984.5652   28.7119
    0.0000   22.5000  -37.5000 1989.4269   28.6178
    7.5000   22.5000  -37.5000 1953.2678   29.3141
   -7.5000   30.0000  -37.5000 1888.7927   31.1135
    0.0000   30.0000  -37.5000 1897.3335   31.0173
    7.5000   30.0000  -37.5000 1862.2439   31.8734
   -7.5000   37.5000  -37.5000 1783.2748   34.8356
    0.0000   37.5000  -37.5000 1787.2767   34.7140
    7.5000   37.5000  -37.5000 1760.3137   35.5438
   -7.5000   45.0000  -37.5000 1659.9829   40.0982
    0.0000   45.0000  -37.5000 1663.3462   40.1141
    7.5000   45.0000  -37.5000 1636.6060   41.0378
   -7.5000  -45.0000  -30.0000 2094.5691   26.8733
    0.0000  -45.0000  -30.0000 2099.4233   26.6971
    7.5000  -45.0000  -30.0000 2063.7251   27.3573
   -7.5000  -37.5000  -30.0000 2190.6636   24.9976
    0.0000  -37.5000  -30.0000 2195.2678   24.8726
    7.5000  -37.5000  -30.0000 2160.0068   25.3990
   -7.5000  -30.0000  -30.0000 2255.1602   23.6375
    0.0000  -30.0000  -30.0000 2266.9292   23.5831
    7.5000  -30.0000  -30.0000 2232.4878   23.9215
   -7.5000  -22.5000  -30.0000 2287.9885   22.7005
    0.0000  -22.5000  -30.0000 2304.4116   22.6669
    7.5000  -22.5000  -30.0000 2268.3604   22.9759
   -7.5000  -15.0000  -30.0000 2298.2996   22.2914
    0.0000  -15.0000  -30.0000 2310.8953   22.2387
    7.5000  -15.0000  -30.0000 2280.4500   22.6455
   -7.5000   -7.5000  -30.0000 2293.7310   22.3474
    0.0000   -7.5000  -30.0000 2309.4238   22.3787
    7.5000   -7.5000  -30.0000 2274.6899   22.7484
   -7.5000    0.0000  -30.0000 2273.3357   22.8749
    0.0000    0.0000  -30.0000 2282.4326   22.8535
    7.5000    0.0000  -30.0000 2249.7390   23.2553
   -7.5000    7.5000  -30.0000 2240.4539   23.9131
    0.0000    7.5000  -30.0000 2248.6445   23.8575
    7.5000    7.5000  -30.0000 2211.6719   24.3356
   -7.5000   15.0000  -30.0000 2190.2837   25.3885
    0.0000   15.0000  -30.0000 2200.9387   25.3417
    7.5000   15.0000  -30.0000 2156.9656   25.8559
   -7.5000   22.5000  -30.0000 2114.8787   27.1942
    0.0000   22.5000  -30.0000 2125.7065   27.1934
    7.5000   22.5000  -30.0000 2087.4072   27.7689
   -7.5000   30.0000  -30.0000 2016.7111   29.5850
    0.0000   30.0000  -30.0000 2026.4299   29.4839
    7.5000   30.0000  -30.0000 1991.7261   30.2311
   -7.5000   37.5000  -30.0000 1902.1097   32.9916
    0.0000   37.5000  -30.0000 1905.3632   32.8062
    7.5000   37.5000  -30.0000 1869.9908   33.5248
   -7.5000   45.0000  -30.0000 1773.1071   37.8566
    0.0000   45.0000  -30.0000 1781.0100   37.7680
    7.5000   45.0000  -30.0000 1744.0513   38.3849
   -7.5000  -45.0000  -22.5000 2186.7366   25.0613
    0.0000  -45.0000  -22.5000 2197.1226   25.0931
    7.5000  -45.0000  -22.5000 2159.5295   25.6345
   -7.5000  -37.5000  -22.5000 2297.5225   23.2369
    0.0000  -37.5000  -22.5000 2299.5637   23.1783
    7.5000  -37.5000  -22.5000 2263.4287   23.6671
   -7.5000  -30.0000  -22.5000 2371.5974   22.0088
    0.0000  -30.0000  -22.5000 2375.7029   21.9542
    7.5000  -30.0000  -22.5000 2337.4202   22.2831
   -7.5000  -22.5000  -22.5000 2411.2661   21.1711
    0.0000  -22.5000  -22.5000 2421.9907   21.1619
    7.5000  -22.5000  -22.5000 2377.1602   21.4799
   -7.5000  -15.0000  -22.5000 2427.1086   20.7943
    0.0000  -15.0000  -22.5000 2440.2249   20.7932
    7.5000  -15.0000  -22.5000 2397.2256   21.1168
   -7.5000   -7.5000  -22.5000 2422.1177   20.8795
    0.0000   -7.5000  -22.5000 2439.2559   20.9118
    7.5000   -7.5000  -22.5000 2399.0166   21.1859
   -7.5000    0.0000  -22.5000 2403.4509   21.4419
    0.0000    0.0000  -22.5000 2417.7549   21.4369
    7.5000    0.0000  -22.5000 2379.6689   21.7303
   -7.5000    7.5000  -22.5000 2372.5303   22.4165
    0.0000    7.5000  -22.5000 2384.6736   22.4089
    7.5000    7.5000  -22.5000 2344.3928   22.8102
   -7.5000   15.0000  -22.5000 2312.7356   23.7921
    0.0000   15.0000  -22.5000 2327.7561   23.7890
    7.5000   15.0000  -22.5000 2284.9658   24.2565
   -7.5000   22.5000  -22.5000 2228.0364   25.5942
    0.0000   22.5000  -22.5000 2238.0137   25.5749
    7.5000   22.5000  -22.5000 2199.1201   26.0896
   -7.5000   30.0000  -22.5000 2117.2271   27.8153
    0.0000   30.0000  -22.5000 2125.9233   27.7621
    7.5000   30.0000  -22.5000 2088.2456   28.3634
   -7.5000   37.5000  -22.5000 1994.8594   30.9536
    0.0000   37.5000  -22.5000 1999.2551   30.8297
    7.5000   37.5000  -22.5000 1967.3137   31.5196
   -7.5000   45.0000  -22.5000 1866.2125   35.3505
    0.0000   45.0000  -22.5000 1875.1284   35.2221
    7.5000   45.0000  -22.5000 1834.6128   35.9680
   -7.5000  -45.0000  -15.0000 2259.8469   23.5947
    0.0000  -45.0000  -15.0000 2266.1279   23.6247
    7.5000  -45.0000  -15.0000 2232.1472   24.1991
   -7.5000  -37.5000  -15.0000 2372.4043   21.7378
    0.0000  -37.5000  -15.0000 2377.2627   21.7757
    7.5000  -37.5000  -15.0000 2334.8804   22.2118
   -7.5000  -30.0000  -15.0000 2459.0596   20.4579
    0.0000  -30.0000  -15.0000 2464.2234   20.5156
    7.5000  -30.0000  -15.0000 2423.9365   20.8369
   -7.5000  -22.5000  -15.0000 2500.6409   19.6453
    0.0000  -22.5000  -15.0000 2510.1960   19.7438
    7.5000  -22.5000  -15.0000 2472.3328   20.0772
   -7.5000  -15.0000  -15.0000 2528.3149   19.2826
    0.0000  -15.0000  -15.0000 2540.9167   19.3328
    7.5000  -15.0000  -15.0000 2493.9917   19.6768
   -7.5000   -7.5000  -15.0000 2539.6223   19.4045
    0.0000   -7.5000  -15.0000 2553.4885   19.4312
    7.5000   -7.5000  -15.0000 2498.6875   19.7293
   -7.5000    0.0000  -15.0000 2526.8494   20.0075
    0.0000    0.0000  -15.0000 2540.1892   20.0308
    7.5000    0.0000  -15.0000 2490.3538   20.3325
   -7.5000    7.5000  -15.0000 2483.7722   21.0607
    0.0000    7.5000  -15.0000 2497.6143   21.0649
    7.5000    7.5000  -15.0000 2447.8772   21.3673
   -7.5000   15.0000  -15.0000 2415.2310   22.3235
    0.0000   15.0000  -15.0000 2430.8076   22.3801
    7.5000   15.0000  -15.0000 2382.1804   22.7227
   -7.5000   22.5000  -15.0000 2326.9590   24.0077
    0.0000   22.5000  -15.0000 2340.1992   24.0535
    7.5000   22.5000  -15.0000 2295.7197   24.4777
   -7.5000   30.0000  -15.0000 2208.7219   26.1136
    0.0000   30.0000  -15.0000 2217.6997   26.0880
    7.5000   30.0000  -15.0000 2179.4248   26.5510
   -7.5000   37.5000  -15.0000 2068.5439   29.0023
    0.0000   37.5000  -15.0000 2078.2734   29.0187
    7.5000   37.5000  -15.0000 2043.8938   29.5091
   -7.5000   45.0000  -15.0000 1932.3931   33.0604
    0.0000   45.0000  -15.0000 1942.1093   33.0432
    7.5000   45.0000  -15.0000 1903.0909   33.7502
   -7.5000  -45.0000   -7.5000 2322.9988   22.2343
    0.0000  -45.0000   -7.5000 2327.5051   22.2806
    7.5000  -45.0000   -7.5000 2291.5381   22.8737
   -7.5000  -37.5000   -7.5000 2433.4531   20.4370
    0.0000  -37.5000   -7.5000 2438.5591   20.5103
    7.5000  -37.5000   -7.5000 2401.2134   20.9695
   -7.5000  -30.0000   -7.5000 2524.5688   19.1166
    0.0000  -30.0000   -7.5000 2527.4766   19.2327
    7.5000  -30.0000   -7.5000 2492.5405   19.5907
   -7.5000  -22.5000   -7.5000 2588.9922   18.2810
    0.0000  -22.5000   -7.5000 2598.2236   18.3605
    7.5000  -22.5000   -7.5000 2555.5144   18.7427
   -7.5000  -15.0000   -7.5000 2625.2700   17.8673
    0.0000  -15.0000   -7.5000 2634.1592   17.9406
    7.5000  -15.0000   -7.5000 2589.5828   18.3223
   -7.5000   -7.5000   -7.5000 2644.2686   17.9811
    0.0000   -7.5000   -7.5000 2658.8804   17.9995
    7.5000   -7.5000   -7.5000 2598.6211   18.3373
   -7.5000    0.0000   -7.5000 2630.0542   18.7254
    0.0000    0.0000   -7.5000 2647.0676   18.7463
    7.5000    0.0000   -7.5000 2582.5908   19.0186
   -7.5000    7.5000   -7.5000 2588.9824   19.7181
    0.0000    7.5000   -7.5000 2608.3013   19.7784
    7.5000    7.5000   -7.5000 2545.8704   19.9790
   -7.5000   15.0000   -7.5000 2509.6394   20.9080
    0.0000   15.0000   -7.5000 2528.4807   21.0087
    7.5000   15.0000   -7.5000 2472.2410   21.2861
   -7.5000   22.5000   -7.5000 2412.0125   22.3974
    0.0000   22.5000   -7.5000 2431.5972   22.5058
    7.5000   22.5000   -7.5000 2380.0808   22.8459
   -7.5000   30.0000   -7.5000 2286.7170   24.4244
    0.0000   30.0000   -7.5000 2302.3828   24.4854
    7.5000   30.0000   -7.5000 2259.5449   24.9153
   -7.5000   37.5000   -7.5000 2142.0276   27.2447
    0.0000   37.5000   -7.5000 2149.3564   27.2368
    7.5000   37.5000   -7.5000 2117.0295   27.7884
   -7.5000   45.0000   -7.5000 1991.7411   31.0160
    0.0000   45.0000   -7.5000 1997.0266   31.0022
    7.5000   45.0000   -7.5000 1966.5823   31.5604
   -7.5000  -45.0000    0.0000 2360.3792   21.2185
    0.0000  -45.0000    0.0000 2364.1414   21.2379
    7.5000  -45.0000    0.0000 2336.3174   21.8910
   -7.5000  -37.5000    0.0000 2483.5322   19.4476
    0.0000  -37.5000    0.0000 2487.2639   19.4466
    7.5000  -37.5000    0.0000 2453.6123   20.0172
   -7.5000  -30.0000    0.0000 2584.0833   18.1351
    0.0000  -30.0000    0.0000 2587.4998   18.1562
    7.5000  -30.0000    0.0000 2556.5906   18.6458
   -7.5000  -22.5000    0.0000 2667.3423   17.2762
    0.0000  -22.5000    0.0000 2675.2258   17.2904
    7.5000  -22.5000    0.0000 2634.8298   17.7546
   -7.5000  -15.0000    0.0000 2710.9048   16.7900
    0.0000  -15.0000    0.0000 2721.2637   16.8115
    7.5000  -15.0000    0.0000 2674.7129   17.2396
   -7.5000   -7.5000    0.0000 2738.4255   16.8745
    0.0000   -7.5000    0.0000 2756.4172   16.8790
    7.5000   -7.5000    0.0000 2692.9827   17.2465
   -7.5000    0.0000    0.0000 2726.0798   17.6211
    0.0000    0.0000    0.0000 2748.1284   17.6585
    7.5000    0.0000    0.0000 2673.3723   17.9162
   -7.5000    7.5000    0.0000 2680.5576   18.5771
    0.0000    7.5000    0.0000 2696.8206   18.6300
    7.5000    7.5000    0.0000 2634.2915   18.9058
   -7.5000   15.0000    0.0000 2593.7668   19.7056
    0.0000   15.0000    0.0000 2609.0542   19.7545
    7.5000   15.0000    0.0000 2556.2666   20.0986
   -7.5000   22.5000    0.0000 2483.3003   21.1317
    0.0000   22.5000    0.0000 2499.9500   21.1962
    7.5000   22.5000    0.0000 2452.1357   21.6017
   -7.5000   30.0000    0.0000 2350.6572   23.1482
    0.0000   30.0000    0.0000 2369.2815   23.2090
    7.5000   30.0000    0.0000 2324.2920   23.6656
   -7.5000   37.5000    0.0000 2199.7847   25.8863
    0.0000   37.5000    0.0000 2212.3037   25.8948
    7.5000   37.5000    0.0000 2172.4819   26.4076
   -7.5000   45.0000    0.0000 2040.5200   29.3951
    0.0000   45.0000    0.0000 2047.4674   29.3814
    7.5000   45.0000    0.0000 2015.0464   29.9232
   -7.5000  -45.0000    7.5000 2385.3228   20.4411
    0.0000  -45.0000    7.5000 2388.5938   20.4445
    7.5000  -45.0000    7.5000 2360.4028   21.1094
   -7.5000  -37.5000    7.5000 2511.1316   18.7341
    0.0000  -37.5000    7.5000 2514.8130   18.6746
    7.5000  -37.5000    7.5000 2483.8240   19.3152
   -7.5000  -30.0000    7.5000 2625.9138   17.4114
    0.0000  -30.0000    7.5000 2634.9692   17.3798
    7.5000  -30.0000    7.5000 2603.7864   17.9877
   -7.5000  -22.5000    7.5000 2729.6062   16.5234
    0.0000  -22.5000    7.5000 2739.3574   16.4735
    7.5000  -22.5000    7.5000 2699.4563   17.0729
   -7.5000  -15.0000    7.5000 2791.7266   15.9833
    0.0000  -15.0000    7.5000 2814.4058   15.9619
    7.5000  -15.0000    7.5000 2751.6226   16.4976
   -7.5000   -7.5000    7.5000 2832.0896   16.0266
    0.0000   -7.5000    7.5000 2853.7261   16.0413
    7.5000   -7.5000    7.5000 2780.7502   16.4817
   -7.5000    0.0000    7.5000 2817.4094   16.7009
    0.0000    0.0000    7.5000 2845.0088   16.7398
    7.5000    0.0000    7.5000 2767.5679   17.0984
   -7.5000    7.5000    7.5000 2753.5403   17.6446
    0.0000    7.5000    7.5000 2776.4404   17.6481
    7.5000    7.5000    7.5000 2712.7329   18.0009
   -7.5000   15.0000    7.5000 2655.1628   18.7694
    0.0000   15.0000    7.5000 2673.3965   18.7940
    7.5000   15.0000    7.5000 2623.5764   19.1856
   -7.5000   22.5000    7.5000 2536.4307   20.2964
    0.0000   22.5000    7.5000 2559.9541   20.3558
    7.5000   22.5000    7.5000 2506.4097   20.7920
   -7.5000   30.0000    7.5000 2400.1465   22.3074
    0.0000   30.0000    7.5000 2416.2051   22.3799
    7.5000   30.0000    7.5000 2372.8682   22.8328
   -7.5000   37.5000    7.5000 2246.2512   24.9748
    0.0000   37.5000    7.5000 2260.6560   25.0132
    7.5000   37.5000    7.5000 2217.5542   25.4731
   -7.5000   45.0000    7.5000 2074.3267   28.3590
    0.0000   45.0000    7.5000 2088.3108   28.3447
    7.5000   45.0000    7.5000 2048.5361   28.8779
   -7.5000  -45.0000   15.0000 2388.9209   20.0166
    0.0000  -45.0000   15.0000 2390.3528   19.9462
    7.5000  -45.0000   15.0000 2360.9854   20.7144
   -7.5000  -37.5000   15.0000 2516.7302   18.3406
    0.0000  -37.5000   15.0000 2521.1658   18.2498
    7.5000  -37.5000   15.0000 2487.1492   18.9616
   -7.5000  -30.0000   15.0000 2639.3154   17.0143
    0.0000  -30.0000   15.0000 2644.9504   16.9601
    7.5000  -30.0000   15.0000 2614.0156   17.6344
   -7.5000  -22.5000   15.0000 2754.2278   16.1201
    0.0000  -22.5000   15.0000 2766.4695   16.0421
    7.5000  -22.5000   15.0000 2723.0286   16.7275
   -7.5000  -15.0000   15.0000 2843.8521   15.4754
    0.0000  -15.0000   15.0000 2866.4888   15.3723
    7.5000  -15.0000   15.0000 2801.0823   16.1294
   -7.5000   -7.5000   15.0000 2898.6777   15.3481
    0.0000   -7.5000   15.0000 2918.2751   15.2488
    7.5000   -7.5000   15.0000 2840.6829   15.9987
   -7.5000    0.0000   15.0000 2877.8306   15.9973
    0.0000    0.0000   15.0000 2898.0549   15.8887
    7.5000    0.0000   15.0000 2826.8191   16.5671
   -7.5000    7.5000   15.0000 2798.1006   17.0607
    0.0000    7.5000   15.0000 2820.6663   16.9847
    7.5000    7.5000   15.0000 2756.3037   17.5329
   -7.5000   15.0000   15.0000 2688.3486   18.3131
    0.0000   15.0000   15.0000 2707.6301   18.2984
    7.5000   15.0000   15.0000 2658.9795   18.8022
   -7.5000   22.5000   15.0000 2564.7698   19.8496
    0.0000   22.5000   15.0000 2590.2412   19.8671
    7.5000   22.5000   15.0000 2538.8350   20.3481
   -7.5000   30.0000   15.0000 2423.3943   21.8380
    0.0000   30.0000   15.0000 2439.5066   21.9104
    7.5000   30.0000   15.0000 2392.6875   22.3633
   -7.5000   37.5000   15.0000 2260.0337   24.4832
    0.0000   37.5000   15.0000 2276.0955   24.4975
    7.5000   37.5000   15.0000 2234.7993   25.0114
   -7.5000   45.0000   15.0000 2091.0574   27.7810
    0.0000   45.0000   15.0000 2101.3572   27.7657
    7.5000   45.0000   15.0000 2067.3542   28.3725
   -7.5000  -45.0000   22.5000 2375.5386   19.9578
    0.0000  -45.0000   22.5000 2382.9189   19.9256
    7.5000  -45.0000   22.5000 2344.1887   20.6265
   -7.5000  -37.5000   22.5000 2502.4578   18.3043
    0.0000  -37.5000   22.5000 2512.9089   18.2323
    7.5000  -37.5000   22.5000 2465.7507   18.9687
   -7.5000  -30.0000   22.5000 2628.1775   16.9750
    0.0000  -30.0000   22.5000 2642.1848   16.9037
    7.5000  -30.0000   22.5000 2592.9077   17.6765
   -7.5000  -22.5000   22.5000 2744.1941   16.0708
    0.0000  -22.5000   22.5000 2758.5945   15.9875
    7.5000  -22.5000   22.5000 2713.1755   16.7296
   -7.5000  -15.0000   22.5000 2835.1670   15.4075
    0.0000  -15.0000   22.5000 2859.8909   15.3254
    7.5000  -15.0000   22.5000 2799.9609   16.1197
   -7.5000   -7.5000   22.5000 2893.4551   15.2773
    0.0000   -7.5000   22.5000 2912.0872   15.1287
    7.5000   -7.5000   22.5000 2858.0547   16.0467
   -7.5000    0.0000   22.5000 2881.7478   15.8372
    0.0000    0.0000   22.5000 2909.3169   15.7425
    7.5000    0.0000   22.5000 2835.9607   16.4677
   -7.5000    7.5000   22.5000 2807.2051   16.9299
    0.0000    7.5000   22.5000 2832.9021   16.8803
    7.5000    7.5000   22.5000 2766.0535   17.4282
   -7.5000   15.0000   22.5000 2689.6472   18.2410
    0.0000   15.0000   22.5000 2712.7734   18.2206
    7.5000   15.0000   22.5000 2659.6890   18.6689
   -7.5000   22.5000   22.5000 2561.1858   19.7966
    0.0000   22.5000   22.5000 2582.1079   19.7999
    7.5000   22.5000   22.5000 2538.7651   20.2620
   -7.5000   30.0000   22.5000 2417.2927   21.7626
    0.0000   30.0000   22.5000 2433.4946   21.8127
    7.5000   30.0000   22.5000 2390.6572   22.2730
   -7.5000   37.5000   22.5000 2265.0164   24.2471
    0.0000   37.5000   22.5000 2276.2390   24.3225
    7.5000   37.5000   22.5000 2234.3425   24.8103
   -7.5000   45.0000   22.5000 2095.4146   27.3987
    0.0000   45.0000   22.5000 2107.8276   27.4769
    7.5000   45.0000   22.5000 2069.4509   28.0227
   -7.5000  -45.0000   30.0000 2351.0073   20.2724
    0.0000  -45.0000   30.0000 2364.6899   20.2435
    7.5000  -45.0000   30.0000 2315.5854   20.9288
   -7.5000  -37.5000   30.0000 2467.8188   18.5958
    0.0000  -37.5000   30.0000 2483.8857   18.5697
    7.5000  -37.5000   30.0000 2432.0979   19.2870
   -7.5000  -30.0000   30.0000 2589.1213   17.2595
    0.0000  -30.0000   30.0000 2609.2058   17.2401
    7.5000  -30.0000   30.0000 2561.0906   18.0032
   -7.5000  -22.5000   30.0000 2689.9902   16.3255
    0.0000  -22.5000   30.0000 2713.3647   16.3313
    7.5000  -22.5000   30.0000 2673.4148   17.0577
   -7.5000  -15.0000   30.0000 2788.6624   15.7842
    0.0000  -15.0000   30.0000 2809.1467   15.7291
    7.5000  -15.0000   30.0000 2763.2195   16.5308
   -7.5000   -7.5000   30.0000 2841.3882   15.8426
    0.0000   -7.5000   30.0000 2854.3340   15.7996
    7.5000   -7.5000   30.0000 2808.6228   16.4563
   -7.5000    0.0000   30.0000 2828.8215   16.2987
    0.0000    0.0000   30.0000 2849.9336   16.2846
    7.5000    0.0000   30.0000 2791.5383   16.7992
   -7.5000    7.5000   30.0000 2770.3423   17.1975
    0.0000    7.5000   30.0000 2788.7407   17.1310
    7.5000    7.5000   30.0000 2728.3433   17.6355
   -7.5000   15.0000   30.0000 2656.7148   18.5070
    0.0000   15.0000   30.0000 2678.9087   18.4646
    7.5000   15.0000   30.0000 2629.0251   18.8908
   -7.5000   22.5000   30.0000 2534.0659   20.0807
    0.0000   22.5000   30.0000 2551.6519   20.0176
    7.5000   22.5000   30.0000 2513.3767   20.4656
   -7.5000   30.0000   30.0000 2395.8970   21.9809
    0.0000   30.0000   30.0000 2414.7236   21.9609
    7.5000   30.0000   30.0000 2373.8652   22.4306
   -7.5000   37.5000   30.0000 2243.9595   24.3859
    0.0000   37.5000   30.0000 2254.2324   24.3845
    7.5000   37.5000   30.0000 2219.3501   24.8695
   -7.5000   45.0000   30.0000 2076.8198   27.5118
    0.0000   45.0000   30.0000 2090.4976   27.5226
    7.5000   45.0000   30.0000 2052.6716   28.0417
   -7.5000  -45.0000   37.5000 2323.8767   20.9966
    0.0000  -45.0000   37.5000 2343.3320   20.9414
    7.5000  -45.0000   37.5000 2299.4260   21.6121
   -7.5000  -37.5000   37.5000 2433.2427   19.3331
    0.0000  -37.5000   37.5000 2462.0105   19.3324
    7.5000  -37.5000   37.5000 2407.3701   19.9716
   -7.5000  -30.0000   37.5000 2551.5081   18.0434
    0.0000  -30.0000   37.5000 2580.7549   18.1234
    7.5000  -30.0000   37.5000 2521.1655   18.6721
   -7.5000  -22.5000   37.5000 2651.8494   17.1170
    0.0000  -22.5000   37.5000 2679.3711   17.1028
    7.5000  -22.5000   37.5000 2629.2717   17.7392
   -7.5000  -15.0000   37.5000 2726.9033   16.5288
    0.0000  -15.0000   37.5000 2748.4553   16.5010
    7.5000  -15.0000   37.5000 2698.7917   17.1633
   -7.5000   -7.5000   37.5000 2760.4248   16.5295
    0.0000   -7.5000   37.5000 2773.6238   16.5097
    7.5000   -7.5000   37.5000 2732.3325   17.0717
   -7.5000    0.0000   37.5000 2741.3965   16.9382
    0.0000    0.0000   37.5000 2758.1145   16.9043
    7.5000    0.0000   37.5000 2713.4333   17.3779
   -7.5000    7.5000   37.5000 2683.6733   17.8487
    0.0000    7.5000   37.5000 2700.9451   17.8050
    7.5000    7.5000   37.5000 2654.2710   18.2566
   -7.5000   15.0000   37.5000 2590.8083   19.1012
    0.0000   15.0000   37.5000 2614.6042   19.1061
    7.5000   15.0000   37.5000 2567.3586   19.4762
   -7.5000   22.5000   37.5000 2487.0874   20.5678
    0.0000   22.5000   37.5000 2502.7417   20.5821
    7.5000   22.5000   37.5000 2467.9019   20.9994
   -7.5000   30.0000   37.5000 2357.9873   22.3908
    0.0000   30.0000   37.5000 2376.4749   22.3999
    7.5000   30.0000   37.5000 2340.7395   22.8739
   -7.5000   37.5000   37.5000 2200.0598   24.7769
    0.0000   37.5000   37.5000 2216.5208   24.7330
    7.5000   37.5000   37.5000 2191.7954   25.2146
   -7.5000   45.0000   37.5000 2037.3987   27.8229
    0.0000   45.0000   37.5000 2051.5850   27.7505
    7.5000   45.0000   37.5000 2024.2666   28.3393
   -7.5000  -45.0000   45.0000 2276.7395   22.2269
    0.0000  -45.0000   45.0000 2302.1230   22.1745
    7.5000  -45.0000   45.0000 2255.1721   22.6890
   -7.5000  -37.5000   45.0000 2389.8020   20.5399
    0.0000  -37.5000   45.0000 2416.7681   20.5682
    7.5000  -37.5000   45.0000 2361.5442   20.9704
   -7.5000  -30.0000   45.0000 2499.2063   19.1958
    0.0000  -30.0000   45.0000 2526.5188   19.2005
    7.5000  -30.0000   45.0000 2470.8508   19.6123
   -7.5000  -22.5000   45.0000 2587.6289   18.1123
    0.0000  -22.5000   45.0000 2620.4111   18.0876
    7.5000  -22.5000   45.0000 2560.8413   18.5794
   -7.5000  -15.0000   45.0000 2644.7583   17.5236
    0.0000  -15.0000   45.0000 2665.7502   17.5364
    7.5000  -15.0000   45.0000 2617.3811   18.0258
   -7.5000   -7.5000   45.0000 2659.6113   17.4660
    0.0000   -7.5000   45.0000 2680.4011   17.4767
    7.5000   -7.5000   45.0000 2636.6631   17.9477
   -7.5000    0.0000   45.0000 2638.7092   17.7749
    0.0000    0.0000   45.0000 2653.5151   17.7879
    7.5000    0.0000   45.0000 2621.8899   18.2324
   -7.5000    7.5000   45.0000 2580.8186   18.6700
    0.0000    7.5000   45.0000 2595.7346   18.6426
    7.5000    7.5000   45.0000 2563.4097   19.1073
   -7.5000   15.0000   45.0000 2503.5300   19.8990
    0.0000   15.0000   45.0000 2529.8208   19.9145
    7.5000   15.0000   45.0000 2489.3218   20.3551
   -7.5000   22.5000   45.0000 2413.2458   21.3898
    0.0000   22.5000   45.0000 2432.0442   21.4175
    7.5000   22.5000   45.0000 2397.9399   21.8473
   -7.5000   30.0000   45.0000 2294.9463   23.1063
    0.0000   30.0000   45.0000 2309.7104   23.1468
    7.5000   30.0000   45.0000 2282.6599   23.6242
   -7.5000   37.5000   45.0000 2149.6829   25.4669
    0.0000   37.5000   45.0000 2164.6890   25.4937
    7.5000   37.5000   45.0000 2138.2744   25.9170
   -7.5000   45.0000   45.0000 1995.4020   28.5723
    0.0000   45.0000   45.0000 2005.7361   28.6201
    7.5000   45.0000   45.0000 1981.6711   29.0921

---------------------------------------------------------------------
imgreg_4dfp /opt/freesurfer/average/711-2C_as_mni_average_305 /opt/freesurfer/average/711-2B_as_mni_average_305_mask talsrcimg_g11 none talsrcimg_to_711-2C_as_mni_average_305_t4 1283
---------------------------------------------------------------------

freesurfer imgreg_4dfp.c
/opt/freesurfer/average/711-2C_as_mni_average_305.4dfp.img
       256       256       256         1
  1.000000  1.000000  1.000000
orientation T byte_order littleendian
Reading image: /opt/freesurfer/average/711-2C_as_mni_average_305.4dfp.img
dimensions:      256       256       256
mmppix:       1.0000   -1.0000   -1.0000
center:     128.0000 -129.0000 -129.0000
/opt/freesurfer/average/711-2B_as_mni_average_305_mask.4dfp.img
       256       256       256         1
  1.000000  1.000000  1.000000
orientation T byte_order littleendian
Reading mask: /opt/freesurfer/average/711-2B_as_mni_average_305_mask.4dfp.img (2306576 pixels)
talsrcimg_g11.4dfp.img
       256       256       256         1
  1.000000  1.000000  1.000000
orientation T byte_order littleendian
Reading image: talsrcimg_g11.4dfp.img
dimensions:      256       256       256
mmppix:       1.0000   -1.0000   -1.0000
center:     128.0000 -129.0000 -129.0000
rotation matrix determinant  1.000000
fimgreg.f
image alignment mode   1283 decimal      503 hex
parameters
    0.0000   -7.5000   15.0000    0.0000    0.0000    0.0000
eta,q 0.91622 15.29620
niter,ni,del,rscale     5    3   12.0000    1.2000
parameters
   -1.7068   -6.1552   16.8504   -1.1774   -1.3830    0.1321
eta,q 0.92051 14.98643
  0.0841  0.0955  0.0940  0.0822  0.0812  0.0836
  0.0833  0.0884  0.0873  0.0808  0.0802  0.0817
  0.0819  0.0841  0.0823  0.0799  0.0796  0.0802
  0.0797  0.0808  0.0799  0.0790  0.0794  0.0795
  0.0826  0.0799  0.0793  0.0799  0.0802  0.0802
  0.0900  0.0832  0.0802  0.0833  0.0819  0.0817
  0.0996  0.0864  0.0831  0.0874  0.0853  0.0831
niter,ni,del,rscale     4    3   12.0000    1.2000
parameter  4  0.642567 ->  0.500000 qaram    1.1500
parameters
   -1.2264   -5.1623   16.8559   -4.6274   -1.3146   -0.3254
eta,q 0.92239 15.11340
  0.0855  0.0886  0.0854  0.0780  0.0845  0.0814
  0.0828  0.0835  0.0815  0.0769  0.0817  0.0794
  0.0817  0.0807  0.0804  0.0788  0.0786  0.0783
  0.0795  0.0789  0.0794  0.0794  0.0774  0.0774
  0.0780  0.0803  0.0791  0.0795  0.0784  0.0775
  0.0801  0.0813  0.0814  0.0822  0.0811  0.0801
  0.0854  0.0834  0.0858  0.0862  0.0845  0.0836
niter,ni,del,rscale     4    3   12.0000    1.2000
parameters
   -0.8627   -3.2825   16.7371   -5.9502   -1.0861    0.1187
eta,q 0.92697 15.23547
  0.0853  0.0886  0.0818  0.0810  0.0816  0.0804
  0.0828  0.0853  0.0787  0.0769  0.0784  0.0781
  0.0806  0.0813  0.0774  0.0730  0.0750  0.0757
  0.0776  0.0771  0.0749  0.0750  0.0734  0.0734
  0.0767  0.0748  0.0747  0.0788  0.0741  0.0727
  0.0793  0.0762  0.0779  0.0822  0.0769  0.0756
  0.0860  0.0815  0.0842  0.0856  0.0811  0.0800
niter,ni,del,rscale     3    3   12.0000    1.2000
parameters
   -1.0811   -3.0364   16.3160   -6.4033   -0.9292    0.2484
eta,q 0.92720 15.29564
  0.0823  0.0876  0.0798  0.0828  0.0806  0.0797
  0.0783  0.0838  0.0765  0.0787  0.0773  0.0775
  0.0755  0.0769  0.0751  0.0734  0.0740  0.0751
  0.0730  0.0732  0.0732  0.0734  0.0729  0.0729
  0.0735  0.0749  0.0737  0.0770  0.0737  0.0727
  0.0778  0.0804  0.0775  0.0809  0.0762  0.0760
  0.0858  0.0871  0.0831  0.0840  0.0802  0.0805
niter,ni,del,rscale     2    3   12.0000    1.2000
parameters
   -1.2119   -2.8835   16.1562   -6.6365   -0.9212    0.2764
eta,q 0.92729 15.32027
  0.0823  0.0876  0.0805  0.0833  0.0799  0.0794
  0.0780  0.0837  0.0764  0.0793  0.0766  0.0772
  0.0749  0.0763  0.0746  0.0739  0.0736  0.0749
  0.0728  0.0729  0.0729  0.0730  0.0727  0.0727
  0.0731  0.0753  0.0733  0.0765  0.0736  0.0727
  0.0770  0.0809  0.0767  0.0804  0.0762  0.0762
  0.0850  0.0875  0.0821  0.0838  0.0801  0.0805
niter,ni,del,rscale     1    3   12.0000    1.2000
parameters
   -1.2732   -2.8044   16.0381   -6.7879   -0.9512    0.2766
eta,q 0.92736 15.33694
  0.0823  0.0875  0.0808  0.0835  0.0796  0.0792
  0.0778  0.0834  0.0763  0.0795  0.0763  0.0771
  0.0746  0.0760  0.0744  0.0741  0.0735  0.0748
  0.0727  0.0728  0.0728  0.0728  0.0727  0.0726
  0.0730  0.0756  0.0733  0.0763  0.0736  0.0727
  0.0766  0.0814  0.0766  0.0802  0.0761  0.0762
  0.0844  0.0879  0.0820  0.0837  0.0799  0.0804
registration optimization eta report
parameter search radius
    6.0000    6.0000    6.0000    6.9000    6.0000    6.0000
100000*second partial in parameter space
       30.       39.       24.       21.       19.       19.
  0.0823  0.0875  0.0808  0.0835  0.0796  0.0792
  0.0778  0.0834  0.0763  0.0795  0.0763  0.0771
  0.0746  0.0760  0.0744  0.0741  0.0735  0.0748
  0.0727  0.0728  0.0728  0.0728  0.0727  0.0726
  0.0730  0.0756  0.0733  0.0763  0.0736  0.0727
  0.0766  0.0814  0.0766  0.0802  0.0761  0.0762
  0.0844  0.0879  0.0820  0.0837  0.0799  0.0804
   -1.2732   -2.8044   16.0381   -6.7879   -0.9512    0.2766
eta,q 0.92736 15.33694

---------------------------------------------------------------------
imgreg_4dfp /opt/freesurfer/average/711-2C_as_mni_average_305 /opt/freesurfer/average/711-2B_as_mni_average_305_mask talsrcimg_g11 none talsrcimg_to_711-2C_as_mni_average_305_t4 3335
---------------------------------------------------------------------

freesurfer imgreg_4dfp.c
/opt/freesurfer/average/711-2C_as_mni_average_305.4dfp.img
       256       256       256         1
  1.000000  1.000000  1.000000
orientation T byte_order littleendian
Reading image: /opt/freesurfer/average/711-2C_as_mni_average_305.4dfp.img
dimensions:      256       256       256
mmppix:       1.0000   -1.0000   -1.0000
center:     128.0000 -129.0000 -129.0000
/opt/freesurfer/average/711-2B_as_mni_average_305_mask.4dfp.img
       256       256       256         1
  1.000000  1.000000  1.000000
orientation T byte_order littleendian
Reading mask: /opt/freesurfer/average/711-2B_as_mni_average_305_mask.4dfp.img (2306576 pixels)
talsrcimg_g11.4dfp.img
       256       256       256         1
  1.000000  1.000000  1.000000
orientation T byte_order littleendian
Reading image: talsrcimg_g11.4dfp.img
dimensions:      256       256       256
mmppix:       1.0000   -1.0000   -1.0000
center:     128.0000 -129.0000 -129.0000
fimgreg.f
image alignment mode   3335 decimal      D07 hex
parameters
   -1.2732   -2.8044   16.0381   -0.0149   -0.7031   -0.7146
   -0.6755    1.5914    0.4826   11.8273   -1.6601  -11.8178
eta,q 0.92601 15.31385
niter,ni,del,rscale     5    3    5.0000    1.2000
parameter  4 10.932169 ->  0.500000 qaram    1.1500
parameter  5  4.526989 ->  0.500000 qaram    1.1500
parameter  6  3.139268 ->  0.500000 qaram    1.1500
parameter 10  0.658869 ->  0.500000 qaram    1.1500
parameters
   -1.6871   -2.8391   16.6710   -4.1549   -4.8431   -4.8546
   -1.9624   -0.3505   -1.1590    7.6873   -2.1985  -10.7841
eta,q 0.95145 14.36682
  0.0760  0.0757  0.0762  0.0593  0.0541  0.0458  0.0526  0.0523  0.0513  0.0493  0.0502  0.0509
  0.0747  0.0746  0.0750  0.0641  0.0577  0.0497  0.0514  0.0505  0.0505  0.0486  0.0492  0.0496
  0.0740  0.0740  0.0743  0.0689  0.0617  0.0539  0.0508  0.0502  0.0502  0.0490  0.0486  0.0488
  0.0740  0.0739  0.0739  0.0738  0.0655  0.0588  0.0508  0.0507  0.0503  0.0502  0.0486  0.0486
  0.0748  0.0742  0.0738  0.0799  0.0698  0.0645  0.0515  0.0517  0.0507  0.0518  0.0490  0.0486
  0.0762  0.0748  0.0741  0.0853  0.0749  0.0705  0.0528  0.0531  0.0516  0.0542  0.0497  0.0491
  0.0778  0.0756  0.0745  0.0904  0.0798  0.0769  0.0544  0.0552  0.0529  0.0571  0.0506  0.0497
niter,ni,del,rscale     7    3    5.0000    1.2000
parameter  4  1.639692 ->  0.500000 qaram    1.3225
parameter  5  1.831254 ->  0.500000 qaram    1.3225
parameter  6  0.762377 ->  0.500000 qaram    1.3225
parameters
   -1.0406   -2.4078   17.5781   -8.9159   -9.6041   -9.6156
    0.6763    2.8016    1.9008    8.2776   -1.0034  -10.7323
eta,q 0.97267 14.07303
  0.0531  0.0515  0.0518  0.0369  0.0316  0.0308  0.0361  0.0406  0.0338  0.0351  0.0314  0.0298
  0.0511  0.0500  0.0502  0.0388  0.0336  0.0304  0.0335  0.0365  0.0314  0.0317  0.0295  0.0286
  0.0496  0.0488  0.0489  0.0422  0.0361  0.0311  0.0316  0.0328  0.0295  0.0292  0.0281  0.0277
  0.0485  0.0482  0.0481  0.0477  0.0395  0.0343  0.0304  0.0299  0.0282  0.0276  0.0274  0.0273
  0.0482  0.0481  0.0477  0.0541  0.0440  0.0393  0.0299  0.0283  0.0276  0.0276  0.0274  0.0276
  0.0486  0.0487  0.0479  0.0609  0.0487  0.0456  0.0302  0.0286  0.0278  0.0298  0.0281  0.0284
  0.0501  0.0499  0.0487  0.0683  0.0538  0.0524  0.0313  0.0311  0.0287  0.0339  0.0295  0.0298
niter,ni,del,rscale     7    3    5.0000    1.2000
parameter  4  0.505806 ->  0.500000 qaram    1.5209
parameters
   -1.7272   -2.4825   17.4027  -14.3911  -13.4324  -10.5970
    0.4752    1.6736    2.0267    9.2578   -0.4267  -11.7259
eta,q 0.97579 13.77572
  0.0298  0.0301  0.0295  0.0274  0.0264  0.0297  0.0279  0.0285  0.0272  0.0304  0.0260  0.0255
  0.0276  0.0281  0.0279  0.0256  0.0245  0.0274  0.0261  0.0257  0.0257  0.0274  0.0250  0.0247
  0.0268  0.0271  0.0270  0.0249  0.0241  0.0259  0.0249  0.0245  0.0247  0.0254  0.0245  0.0243
  0.0273  0.0268  0.0268  0.0268  0.0253  0.0240  0.0246  0.0246  0.0244  0.0244  0.0243  0.0243
  0.0291  0.0273  0.0273  0.0321  0.0273  0.0238  0.0251  0.0257  0.0247  0.0243  0.0243  0.0247
  0.0320  0.0285  0.0285  0.0386  0.0310  0.0282  0.0263  0.0282  0.0256  0.0255  0.0247  0.0254
  0.0359  0.0304  0.0303  0.0456  0.0355  0.0354  0.0282  0.0320  0.0270  0.0283  0.0255  0.0264
niter,ni,del,rscale     7    3    5.0000    1.2000
parameters
   -1.8150   -2.4418   16.9021  -14.2218  -13.6218  -10.9523
    0.4746    1.5720    2.0774    9.4869   -0.1680  -12.2403
eta,q 0.97581 13.75996
  0.0282  0.0277  0.0254  0.0318  0.0293  0.0302  0.0278  0.0300  0.0269  0.0294  0.0257  0.0258
  0.0260  0.0258  0.0245  0.0286  0.0269  0.0277  0.0259  0.0266  0.0255  0.0267  0.0249  0.0248
  0.0246  0.0246  0.0241  0.0261  0.0248  0.0259  0.0246  0.0247  0.0246  0.0249  0.0244  0.0243
  0.0242  0.0242  0.0242  0.0241  0.0240  0.0240  0.0242  0.0242  0.0242  0.0242  0.0242  0.0242
  0.0248  0.0246  0.0247  0.0236  0.0249  0.0232  0.0247  0.0249  0.0245  0.0245  0.0243  0.0245
  0.0264  0.0257  0.0257  0.0264  0.0267  0.0269  0.0259  0.0268  0.0254  0.0260  0.0248  0.0252
  0.0288  0.0274  0.0271  0.0332  0.0301  0.0335  0.0277  0.0303  0.0269  0.0291  0.0255  0.0262
niter,ni,del,rscale     6    3    5.0000    1.2000
parameters
   -1.8406   -2.3758   16.7909  -14.1682  -13.6683  -11.0138
    0.4984    1.5159    2.0685    9.6481   -0.1223  -12.3985
eta,q 0.97583 13.76015
  0.0284  0.0277  0.0261  0.0316  0.0295  0.0305  0.0278  0.0300  0.0268  0.0292  0.0256  0.0259
  0.0261  0.0258  0.0249  0.0285  0.0271  0.0279  0.0258  0.0267  0.0254  0.0266  0.0248  0.0249
  0.0247  0.0246  0.0243  0.0261  0.0250  0.0261  0.0246  0.0247  0.0245  0.0249  0.0243  0.0243
  0.0242  0.0242  0.0242  0.0242  0.0242  0.0242  0.0242  0.0242  0.0242  0.0242  0.0242  0.0242
  0.0247  0.0245  0.0245  0.0238  0.0249  0.0232  0.0246  0.0248  0.0245  0.0245  0.0243  0.0245
  0.0262  0.0256  0.0252  0.0267  0.0267  0.0264  0.0259  0.0268  0.0254  0.0260  0.0248  0.0251
  0.0286  0.0273  0.0264  0.0334  0.0300  0.0328  0.0277  0.0302  0.0269  0.0291  0.0256  0.0260
niter,ni,del,rscale     5    3    5.0000    1.2000
parameters
   -1.8531   -2.3435   16.7605  -14.1579  -13.7003  -11.0283
    0.5167    1.4937    2.0713    9.7122   -0.1121  -12.4543
eta,q 0.97582 13.75957
  0.0285  0.0276  0.0262  0.0316  0.0295  0.0305  0.0278  0.0301  0.0268  0.0291  0.0256  0.0260
  0.0261  0.0257  0.0250  0.0285  0.0271  0.0280  0.0258  0.0267  0.0254  0.0265  0.0248  0.0249
  0.0247  0.0246  0.0244  0.0261  0.0250  0.0261  0.0246  0.0247  0.0245  0.0248  0.0243  0.0243
  0.0242  0.0242  0.0242  0.0242  0.0242  0.0242  0.0242  0.0242  0.0242  0.0242  0.0242  0.0242
  0.0247  0.0246  0.0245  0.0238  0.0249  0.0232  0.0246  0.0248  0.0245  0.0245  0.0243  0.0244
  0.0262  0.0257  0.0252  0.0268  0.0267  0.0263  0.0259  0.0267  0.0254  0.0261  0.0248  0.0251
  0.0286  0.0274  0.0262  0.0334  0.0299  0.0327  0.0277  0.0301  0.0268  0.0292  0.0256  0.0260
niter,ni,del,rscale     4    3    5.0000    1.2000
parameters
   -1.8585   -2.3294   16.7517  -14.1532  -13.7174  -11.0306
    0.5212    1.4838    2.0727    9.7387   -0.1098  -12.4766
eta,q 0.97582 13.75935
  0.0285  0.0276  0.0262  0.0316  0.0295  0.0305  0.0278  0.0301  0.0268  0.0290  0.0256  0.0260
  0.0261  0.0257  0.0250  0.0285  0.0271  0.0280  0.0258  0.0267  0.0254  0.0265  0.0248  0.0249
  0.0247  0.0245  0.0244  0.0261  0.0250  0.0261  0.0246  0.0247  0.0245  0.0248  0.0243  0.0243
  0.0242  0.0242  0.0242  0.0242  0.0242  0.0242  0.0242  0.0242  0.0242  0.0242  0.0242  0.0242
  0.0247  0.0246  0.0244  0.0238  0.0249  0.0232  0.0246  0.0248  0.0245  0.0245  0.0243  0.0244
  0.0261  0.0257  0.0251  0.0268  0.0266  0.0263  0.0259  0.0267  0.0254  0.0261  0.0248  0.0250
  0.0285  0.0274  0.0262  0.0334  0.0299  0.0327  0.0277  0.0301  0.0268  0.0293  0.0256  0.0259
registration optimization eta report
parameter search radius
    2.4000    2.4000    2.4000   10.9503    9.5220    9.5220
    7.2000    7.2000    7.2000    8.2800    7.2000    7.2000
100000*second partial in parameter space
       75.       57.       36.        7.        6.        8.
        7.       12.        5.        7.        3.        3.
  0.0285  0.0276  0.0262  0.0316  0.0295  0.0305  0.0278  0.0301  0.0268  0.0290  0.0256  0.0260
  0.0261  0.0257  0.0250  0.0285  0.0271  0.0280  0.0258  0.0267  0.0254  0.0265  0.0248  0.0249
  0.0247  0.0245  0.0244  0.0261  0.0250  0.0261  0.0246  0.0247  0.0245  0.0248  0.0243  0.0243
  0.0242  0.0242  0.0242  0.0242  0.0242  0.0242  0.0242  0.0242  0.0242  0.0242  0.0242  0.0242
  0.0247  0.0246  0.0244  0.0238  0.0249  0.0232  0.0246  0.0248  0.0245  0.0245  0.0243  0.0244
  0.0261  0.0257  0.0251  0.0268  0.0266  0.0263  0.0259  0.0267  0.0254  0.0261  0.0248  0.0250
  0.0285  0.0274  0.0262  0.0334  0.0299  0.0327  0.0277  0.0301  0.0268  0.0293  0.0256  0.0259
   -1.8585   -2.3294   16.7517  -14.1532  -13.7174  -11.0306
    0.5212    1.4838    2.0727    9.7387   -0.1098  -12.4766
eta,q 0.97582 13.75935

---------------------------------------------------------------------
imgreg_4dfp /opt/freesurfer/average/711-2C_as_mni_average_305 /opt/freesurfer/average/711-2B_as_mni_average_305_mask talsrcimg_g11 none talsrcimg_to_711-2C_as_mni_average_305_t4 2311
---------------------------------------------------------------------

freesurfer imgreg_4dfp.c
/opt/freesurfer/average/711-2C_as_mni_average_305.4dfp.img
       256       256       256         1
  1.000000  1.000000  1.000000
orientation T byte_order littleendian
Reading image: /opt/freesurfer/average/711-2C_as_mni_average_305.4dfp.img
dimensions:      256       256       256
mmppix:       1.0000   -1.0000   -1.0000
center:     128.0000 -129.0000 -129.0000
/opt/freesurfer/average/711-2B_as_mni_average_305_mask.4dfp.img
       256       256       256         1
  1.000000  1.000000  1.000000
orientation T byte_order littleendian
Reading mask: /opt/freesurfer/average/711-2B_as_mni_average_305_mask.4dfp.img (2306576 pixels)
talsrcimg_g11.4dfp.img
       256       256       256         1
  1.000000  1.000000  1.000000
orientation T byte_order littleendian
Reading image: talsrcimg_g11.4dfp.img
dimensions:      256       256       256
mmppix:       1.0000   -1.0000   -1.0000
center:     128.0000 -129.0000 -129.0000
fimgreg.f
image alignment mode   2311 decimal      907 hex
parameters
   -1.8585   -2.3294   16.7517  -14.1532  -13.7174  -11.0306
    0.5212    1.4838    2.0727    9.7387   -0.1098  -12.4766
eta,q 0.97582 13.75936
niter,ni,del,rscale     5    3    5.0000    0.8000
parameter  4 -0.508480 -> -0.500000 qaram    1.1500
parameters
   -1.8561   -2.3462   16.7129  -11.3932  -13.9719   -9.5090
    0.5762    1.6012    2.0087    9.7638   -0.0256  -12.5282
eta,q 0.97697 13.91012
  0.0261  0.0257  0.0250  0.0267  0.0253  0.0268  0.0252  0.0274  0.0245  0.0254  0.0243  0.0241
  0.0251  0.0248  0.0245  0.0258  0.0244  0.0258  0.0240  0.0253  0.0237  0.0242  0.0237  0.0235
  0.0244  0.0243  0.0242  0.0249  0.0238  0.0247  0.0233  0.0237  0.0232  0.0234  0.0232  0.0231
  0.0242  0.0242  0.0242  0.0242  0.0237  0.0237  0.0230  0.0230  0.0230  0.0230  0.0230  0.0230
  0.0244  0.0244  0.0243  0.0237  0.0240  0.0230  0.0232  0.0235  0.0232  0.0232  0.0232  0.0232
  0.0250  0.0249  0.0246  0.0237  0.0247  0.0233  0.0240  0.0249  0.0237  0.0241  0.0236  0.0235
  0.0261  0.0257  0.0251  0.0243  0.0256  0.0248  0.0251  0.0271  0.0245  0.0254  0.0243  0.0242
niter,ni,del,rscale     5    3    5.0000    0.8000
parameters
   -1.9190   -2.3250   17.1206  -12.5303  -13.9631   -9.1353
    0.5832    1.4851    2.0437    9.8516   -0.1003  -12.3442
eta,q 0.97724 13.90304
  0.0253  0.0248  0.0251  0.0249  0.0249  0.0260  0.0248  0.0265  0.0242  0.0251  0.0239  0.0239
  0.0240  0.0238  0.0241  0.0238  0.0238  0.0249  0.0237  0.0245  0.0234  0.0239  0.0233  0.0233
  0.0232  0.0232  0.0234  0.0230  0.0231  0.0238  0.0230  0.0232  0.0229  0.0231  0.0229  0.0229
  0.0230  0.0230  0.0230  0.0230  0.0229  0.0229  0.0228  0.0228  0.0228  0.0228  0.0228  0.0228
  0.0234  0.0232  0.0230  0.0237  0.0232  0.0227  0.0230  0.0233  0.0229  0.0230  0.0229  0.0229
  0.0243  0.0238  0.0232  0.0254  0.0239  0.0236  0.0237  0.0248  0.0234  0.0237  0.0233  0.0232
  0.0257  0.0247  0.0237  0.0284  0.0248  0.0258  0.0248  0.0269  0.0242  0.0250  0.0240  0.0238
niter,ni,del,rscale     4    3    5.0000    0.7000
parameters
   -1.9212   -2.3218   17.1762  -12.5894  -14.0471   -8.8831
    0.5748    1.4856    2.0552    9.8115   -0.1275  -12.3375
eta,q 0.97730 13.90519
  0.0247  0.0241  0.0239  0.0250  0.0243  0.0254  0.0243  0.0258  0.0238  0.0245  0.0236  0.0235
  0.0236  0.0234  0.0233  0.0240  0.0235  0.0244  0.0234  0.0242  0.0232  0.0235  0.0231  0.0231
  0.0230  0.0229  0.0229  0.0232  0.0229  0.0235  0.0229  0.0231  0.0228  0.0229  0.0228  0.0228
  0.0228  0.0228  0.0228  0.0228  0.0228  0.0228  0.0227  0.0227  0.0227  0.0227  0.0227  0.0227
  0.0230  0.0229  0.0229  0.0230  0.0230  0.0227  0.0229  0.0231  0.0228  0.0229  0.0228  0.0228
  0.0236  0.0234  0.0232  0.0238  0.0236  0.0235  0.0234  0.0242  0.0232  0.0235  0.0231  0.0231
  0.0247  0.0241  0.0237  0.0254  0.0244  0.0253  0.0243  0.0259  0.0238  0.0246  0.0236  0.0236
niter,ni,del,rscale     3    3    5.0000    0.6000
parameters
   -1.9176   -2.3224   17.2293  -12.5106  -14.1535   -8.6626
    0.5772    1.5026    2.0471    9.7980   -0.1540  -12.3304
eta,q 0.97737 13.91024
  0.0241  0.0237  0.0235  0.0245  0.0239  0.0248  0.0238  0.0251  0.0235  0.0240  0.0233  0.0233
  0.0233  0.0231  0.0231  0.0237  0.0232  0.0240  0.0232  0.0238  0.0230  0.0233  0.0230  0.0229
  0.0229  0.0228  0.0228  0.0230  0.0228  0.0232  0.0228  0.0229  0.0227  0.0228  0.0227  0.0227
  0.0227  0.0227  0.0227  0.0227  0.0227  0.0227  0.0226  0.0226  0.0226  0.0226  0.0226  0.0226
  0.0228  0.0228  0.0228  0.0228  0.0229  0.0226  0.0228  0.0229  0.0227  0.0228  0.0227  0.0227
  0.0233  0.0231  0.0230  0.0234  0.0233  0.0233  0.0232  0.0237  0.0230  0.0232  0.0229  0.0229
  0.0241  0.0237  0.0234  0.0246  0.0240  0.0247  0.0238  0.0251  0.0235  0.0241  0.0234  0.0233
niter,ni,del,rscale     2    3    5.0000    0.5000
parameters
   -1.9197   -2.3154   17.2854  -12.4563  -14.2438   -8.4633
    0.5828    1.5037    2.0419    9.7999   -0.1718  -12.3168
eta,q 0.97741 13.91471
  0.0236  0.0233  0.0232  0.0240  0.0235  0.0243  0.0234  0.0243  0.0232  0.0236  0.0231  0.0231
  0.0231  0.0230  0.0229  0.0233  0.0230  0.0236  0.0230  0.0234  0.0229  0.0231  0.0228  0.0228
  0.0227  0.0227  0.0227  0.0229  0.0227  0.0230  0.0227  0.0228  0.0227  0.0227  0.0227  0.0227
  0.0226  0.0226  0.0226  0.0226  0.0226  0.0226  0.0226  0.0226  0.0226  0.0226  0.0226  0.0226
  0.0227  0.0227  0.0227  0.0228  0.0228  0.0226  0.0227  0.0228  0.0227  0.0227  0.0226  0.0226
  0.0231  0.0229  0.0228  0.0232  0.0231  0.0231  0.0230  0.0234  0.0229  0.0230  0.0228  0.0228
  0.0236  0.0233  0.0231  0.0240  0.0236  0.0241  0.0234  0.0244  0.0232  0.0236  0.0231  0.0231
niter,ni,del,rscale     1    3    5.0000    0.4000
parameters
   -1.9252   -2.3071   17.3357  -12.4229  -14.3220   -8.2934
    0.5916    1.5010    2.0283    9.7981   -0.1976  -12.3041
eta,q 0.97743 13.91783
  0.0232  0.0231  0.0230  0.0235  0.0232  0.0237  0.0231  0.0237  0.0230  0.0232  0.0229  0.0229
  0.0229  0.0228  0.0228  0.0230  0.0228  0.0232  0.0228  0.0231  0.0227  0.0229  0.0227  0.0227
  0.0227  0.0226  0.0226  0.0227  0.0226  0.0228  0.0226  0.0227  0.0226  0.0227  0.0226  0.0226
  0.0226  0.0226  0.0226  0.0226  0.0226  0.0226  0.0226  0.0226  0.0226  0.0226  0.0226  0.0226
  0.0227  0.0226  0.0226  0.0227  0.0227  0.0226  0.0226  0.0227  0.0226  0.0226  0.0226  0.0226
  0.0229  0.0228  0.0227  0.0230  0.0229  0.0229  0.0228  0.0231  0.0227  0.0229  0.0227  0.0227
  0.0232  0.0230  0.0229  0.0235  0.0232  0.0235  0.0231  0.0238  0.0230  0.0232  0.0229  0.0229
registration optimization eta report
parameter search radius
    0.8000    0.8000    0.8000    2.7600    2.4000    2.4000
    2.4000    2.4000    2.4000    2.4000    2.4000    2.4000
100000*second partial in parameter space
      101.       71.       56.       12.       10.       18.
        9.       20.        7.       11.        6.        5.
  0.0232  0.0231  0.0230  0.0235  0.0232  0.0237  0.0231  0.0237  0.0230  0.0232  0.0229  0.0229
  0.0229  0.0228  0.0228  0.0230  0.0228  0.0232  0.0228  0.0231  0.0227  0.0229  0.0227  0.0227
  0.0227  0.0226  0.0226  0.0227  0.0226  0.0228  0.0226  0.0227  0.0226  0.0227  0.0226  0.0226
  0.0226  0.0226  0.0226  0.0226  0.0226  0.0226  0.0226  0.0226  0.0226  0.0226  0.0226  0.0226
  0.0227  0.0226  0.0226  0.0227  0.0227  0.0226  0.0226  0.0227  0.0226  0.0226  0.0226  0.0226
  0.0229  0.0228  0.0227  0.0230  0.0229  0.0229  0.0228  0.0231  0.0227  0.0229  0.0227  0.0227
  0.0232  0.0230  0.0229  0.0235  0.0232  0.0235  0.0231  0.0238  0.0230  0.0232  0.0229  0.0229
   -1.9252   -2.3071   17.3357  -12.4229  -14.3220   -8.2934
    0.5916    1.5010    2.0283    9.7981   -0.1976  -12.3041
eta,q 0.97743 13.91783

---------------------------------------------------------------------
imgreg_4dfp /opt/freesurfer/average/711-2C_as_mni_average_305 /opt/freesurfer/average/711-2B_as_mni_average_305_mask talsrcimg_g11 none talsrcimg_to_711-2C_as_mni_average_305_t4 2311
---------------------------------------------------------------------

freesurfer imgreg_4dfp.c
/opt/freesurfer/average/711-2C_as_mni_average_305.4dfp.img
       256       256       256         1
  1.000000  1.000000  1.000000
orientation T byte_order littleendian
Reading image: /opt/freesurfer/average/711-2C_as_mni_average_305.4dfp.img
dimensions:      256       256       256
mmppix:       1.0000   -1.0000   -1.0000
center:     128.0000 -129.0000 -129.0000
/opt/freesurfer/average/711-2B_as_mni_average_305_mask.4dfp.img
       256       256       256         1
  1.000000  1.000000  1.000000
orientation T byte_order littleendian
Reading mask: /opt/freesurfer/average/711-2B_as_mni_average_305_mask.4dfp.img (2306576 pixels)
talsrcimg_g11.4dfp.img
       256       256       256         1
  1.000000  1.000000  1.000000
orientation T byte_order littleendian
Reading image: talsrcimg_g11.4dfp.img
dimensions:      256       256       256
mmppix:       1.0000   -1.0000   -1.0000
center:     128.0000 -129.0000 -129.0000
fimgreg.f
image alignment mode   2311 decimal      907 hex
parameters
   -1.9252   -2.3071   17.3357  -12.4229  -14.3220   -8.2934
    0.5916    1.5010    2.0283    9.7981   -0.1976  -12.3041
eta,q 0.97743 13.91783
niter,ni,del,rscale     5    3    5.0000    0.8000
parameters
   -1.9285   -2.2851   17.4141  -12.7295  -14.2141   -8.7551
    0.5663    1.4606    2.0856    9.8230   -0.2411  -12.1796
eta,q 0.97731 13.90330
  0.0251  0.0244  0.0242  0.0247  0.0248  0.0254  0.0247  0.0265  0.0241  0.0250  0.0238  0.0238
  0.0237  0.0234  0.0233  0.0237  0.0237  0.0243  0.0236  0.0245  0.0234  0.0238  0.0232  0.0232
  0.0229  0.0228  0.0228  0.0229  0.0229  0.0232  0.0229  0.0232  0.0229  0.0230  0.0228  0.0228
  0.0226  0.0226  0.0226  0.0226  0.0226  0.0226  0.0227  0.0227  0.0227  0.0227  0.0227  0.0227
  0.0229  0.0228  0.0227  0.0229  0.0229  0.0229  0.0229  0.0232  0.0228  0.0229  0.0228  0.0228
  0.0237  0.0234  0.0231  0.0238  0.0236  0.0246  0.0236  0.0245  0.0233  0.0237  0.0232  0.0231
  0.0251  0.0243  0.0238  0.0256  0.0246  0.0275  0.0247  0.0267  0.0241  0.0250  0.0239  0.0237
niter,ni,del,rscale     4    3    5.0000    0.7000
parameters
   -1.9241   -2.3073   17.2786  -12.5209  -14.1531   -8.7954
    0.5550    1.5061    2.0763    9.7840   -0.1890  -12.2504
eta,q 0.97733 13.90786
  0.0246  0.0240  0.0235  0.0246  0.0244  0.0252  0.0242  0.0259  0.0238  0.0244  0.0236  0.0235
  0.0235  0.0233  0.0230  0.0238  0.0234  0.0242  0.0234  0.0242  0.0232  0.0235  0.0231  0.0230
  0.0229  0.0228  0.0227  0.0231  0.0229  0.0233  0.0228  0.0231  0.0228  0.0229  0.0228  0.0228
  0.0227  0.0227  0.0227  0.0227  0.0227  0.0227  0.0227  0.0227  0.0227  0.0227  0.0227  0.0227
  0.0229  0.0229  0.0229  0.0228  0.0229  0.0227  0.0229  0.0230  0.0228  0.0229  0.0227  0.0228
  0.0235  0.0233  0.0233  0.0233  0.0234  0.0237  0.0234  0.0241  0.0232  0.0235  0.0230  0.0231
  0.0245  0.0241  0.0239  0.0244  0.0242  0.0258  0.0242  0.0258  0.0238  0.0246  0.0236  0.0236
niter,ni,del,rscale     3    3    5.0000    0.6000
parameters
   -1.9201   -2.3190   17.2637  -12.4322  -14.1826   -8.6509
    0.5679    1.5161    2.0498    9.7843   -0.1788  -12.2860
eta,q 0.97737 13.91260
  0.0241  0.0236  0.0234  0.0241  0.0239  0.0248  0.0238  0.0251  0.0235  0.0240  0.0233  0.0233
  0.0233  0.0231  0.0230  0.0234  0.0232  0.0239  0.0232  0.0238  0.0230  0.0233  0.0230  0.0229
  0.0228  0.0228  0.0227  0.0229  0.0228  0.0231  0.0228  0.0229  0.0227  0.0228  0.0227  0.0227
  0.0227  0.0227  0.0227  0.0227  0.0227  0.0227  0.0226  0.0226  0.0226  0.0226  0.0226  0.0226
  0.0228  0.0228  0.0228  0.0228  0.0228  0.0227  0.0228  0.0229  0.0227  0.0228  0.0227  0.0227
  0.0233  0.0231  0.0230  0.0232  0.0233  0.0233  0.0232  0.0237  0.0230  0.0232  0.0229  0.0229
  0.0241  0.0237  0.0234  0.0241  0.0239  0.0248  0.0238  0.0251  0.0235  0.0240  0.0233  0.0233
niter,ni,del,rscale     2    3    5.0000    0.5000
parameters
   -1.9211   -2.3145   17.2977  -12.3920  -14.2575   -8.4649
    0.5839    1.5138    2.0381    9.7879   -0.1914  -12.2888
eta,q 0.97740 13.91626
  0.0236  0.0233  0.0232  0.0237  0.0235  0.0243  0.0234  0.0243  0.0232  0.0236  0.0231  0.0230
  0.0231  0.0229  0.0229  0.0232  0.0230  0.0236  0.0230  0.0234  0.0229  0.0231  0.0228  0.0228
  0.0227  0.0227  0.0227  0.0228  0.0227  0.0230  0.0227  0.0228  0.0227  0.0227  0.0227  0.0227
  0.0226  0.0226  0.0226  0.0226  0.0226  0.0226  0.0226  0.0226  0.0226  0.0226  0.0226  0.0226
  0.0227  0.0227  0.0227  0.0227  0.0228  0.0226  0.0227  0.0228  0.0227  0.0227  0.0226  0.0226
  0.0231  0.0229  0.0229  0.0231  0.0231  0.0231  0.0230  0.0234  0.0229  0.0230  0.0228  0.0228
  0.0236  0.0233  0.0231  0.0237  0.0236  0.0241  0.0234  0.0244  0.0232  0.0236  0.0231  0.0231
niter,ni,del,rscale     1    3    5.0000    0.4000
parameters
   -1.9280   -2.3070   17.3448  -12.3948  -14.3229   -8.2938
    0.6015    1.5064    2.0241    9.7947   -0.1969  -12.2827
eta,q 0.97743 13.91891
  0.0232  0.0231  0.0230  0.0233  0.0232  0.0237  0.0231  0.0237  0.0230  0.0232  0.0229  0.0229
  0.0229  0.0228  0.0228  0.0229  0.0228  0.0232  0.0228  0.0231  0.0227  0.0229  0.0227  0.0227
  0.0227  0.0226  0.0226  0.0227  0.0226  0.0228  0.0226  0.0227  0.0226  0.0227  0.0226  0.0226
  0.0226  0.0226  0.0226  0.0226  0.0226  0.0226  0.0226  0.0226  0.0226  0.0226  0.0226  0.0226
  0.0227  0.0227  0.0226  0.0227  0.0227  0.0226  0.0226  0.0227  0.0226  0.0226  0.0226  0.0226
  0.0229  0.0228  0.0227  0.0229  0.0229  0.0229  0.0228  0.0231  0.0228  0.0229  0.0227  0.0227
  0.0232  0.0230  0.0229  0.0233  0.0232  0.0235  0.0231  0.0238  0.0230  0.0232  0.0229  0.0229
registration optimization eta report
parameter search radius
    0.8000    0.8000    0.8000    2.4000    2.4000    2.4000
    2.4000    2.4000    2.4000    2.4000    2.4000    2.4000
100000*second partial in parameter space
      101.       72.       56.       12.       10.       18.
        9.       20.        7.       11.        5.        5.
  0.0232  0.0231  0.0230  0.0233  0.0232  0.0237  0.0231  0.0237  0.0230  0.0232  0.0229  0.0229
  0.0229  0.0228  0.0228  0.0229  0.0228  0.0232  0.0228  0.0231  0.0227  0.0229  0.0227  0.0227
  0.0227  0.0226  0.0226  0.0227  0.0226  0.0228  0.0226  0.0227  0.0226  0.0227  0.0226  0.0226
  0.0226  0.0226  0.0226  0.0226  0.0226  0.0226  0.0226  0.0226  0.0226  0.0226  0.0226  0.0226
  0.0227  0.0227  0.0226  0.0227  0.0227  0.0226  0.0226  0.0227  0.0226  0.0226  0.0226  0.0226
  0.0229  0.0228  0.0227  0.0229  0.0229  0.0229  0.0228  0.0231  0.0228  0.0229  0.0227  0.0227
  0.0232  0.0230  0.0229  0.0233  0.0232  0.0235  0.0231  0.0238  0.0230  0.0232  0.0229  0.0229
   -1.9280   -2.3070   17.3448  -12.3948  -14.3229   -8.2938
    0.6015    1.5064    2.0241    9.7947   -0.1969  -12.2827
eta,q 0.97743 13.91891

---------------------------------------------------------------------
compute_vox2vox talsrcimg talsrcimg_to_711-2C_as_mni_average_305_t4 /opt/freesurfer/average/711-2C_as_mni_average_305
---------------------------------------------------------------------

freesurfer compute_vox2vox.c
Reading: talsrcimg.4dfp.ifh
Reading: talsrcimg_to_711-2C_as_mni_average_305_t4
Reading: /opt/freesurfer/average/711-2C_as_mni_average_305.4dfp.ifh
Writing: talsrcimg_to_711-2C_as_mni_average_305_t4_vox2vox.txt

start time Tue Mar 10 01:07:45 CET 2026
end		time Tue Mar 10 01:09:12 CET 2026

mpr2mni305 success

avi2talxfm orig_nu.mgz /opt/freesurfer/average/mni305.cor.mgz talsrcimg_to_711-2C_as_mni_average_305_t4_vox2vox.txt transforms/talairach.auto.xfm
avi2talxfm done
mv -f /out/sourcedata/freesurfer/sub-v1s3x0050813_ses-1/mri/talsrcimg_to_711-2C_as_mni_average_305_t4_vox2vox.txt /out/sourcedata/freesurfer/sub-v1s3x0050813_ses-1/mri/transforms/talsrcimg_to_711-2C_as_mni_average_305_t4_vox2vox.txt
lta_convert --src orig_nu.mgz --trg /opt/freesurfer/average/mni305.cor.mgz --inxfm transforms/talairach.auto.xfm --outlta transforms/talairach.auto.xfm.lta --subject fsaverage
7.3.2

--src: orig_nu.mgz src image (geometry).
--trg: /opt/freesurfer/average/mni305.cor.mgz trg image (geometry).
--inmni: transforms/talairach.auto.xfm input MNI/XFM transform.
--outlta: transforms/talairach.auto.xfm.lta output LTA.
--s: fsaverage subject name
 LTA read, type : 1
 1.14169  -0.01763  -0.01054   1.49504;
-0.00114   1.07401   0.15398  -26.93922;
-0.02684  -0.12237   1.14982   3.90485;
 0.00000   0.00000   0.00000   1.00000;
setting subject to fsaverage
Writing  LTA to file transforms/talairach.auto.xfm.lta...
lta_convert successful.
 
 
Started at Tue Mar 10 01:07:44 CET 2026
Ended   at Tue Mar 10 01:09:12 CET 2026
talairach_avi done
