status file for recon-all
Tue Mar 10 02:35:50 CET 2026
#@# Tessellate rh Tue Mar 10 02:35:50 CET 2026
#@# Smooth1 rh Tue Mar 10 02:35:53 CET 2026
#@# Inflation1 rh Tue Mar 10 02:35:56 CET 2026
#@# QSphere rh Tue Mar 10 02:36:05 CET 2026
#@# Fix Topology rh Tue Mar 10 02:36:56 CET 2026
#@# Smooth2 rh Tue Mar 10 02:42:14 CET 2026
#@# Inflation2 rh Tue Mar 10 02:42:17 CET 2026
#@# Curv .H and .K rh Tue Mar 10 02:42:27 CET 2026
#@# Sphere rh Tue Mar 10 02:43:14 CET 2026
#@# Surf Reg rh Tue Mar 10 02:45:08 CET 2026
#@# Jacobian white rh Tue Mar 10 02:48:09 CET 2026
#@# AvgCurv rh Tue Mar 10 02:48:10 CET 2026
#@# Cortical Parc rh Tue Mar 10 02:48:10 CET 2026
#@# white curv rh Tue Mar 10 02:54:14 CET 2026
#@# white area rh Tue Mar 10 02:54:16 CET 2026
#@# pial curv rh Tue Mar 10 02:54:16 CET 2026
#@# pial area rh Tue Mar 10 02:54:18 CET 2026
#@# thickness rh Tue Mar 10 02:54:18 CET 2026
#@# area and vertex vol rh Tue Mar 10 02:54:48 CET 2026
#@# Curvature Stats rh Tue Mar 10 02:54:49 CET 2026
#@# Cortical Parc 2 rh Tue Mar 10 02:54:51 CET 2026
#@# Cortical Parc 3 rh Tue Mar 10 02:55:03 CET 2026
#@# WM/GM Contrast rh Tue Mar 10 02:55:13 CET 2026
recon-all -s sub-v1s3x0050795_ses-1 finished without error at Tue Mar 10 02:55:16 CET 2026



#New# invocation of recon-all 



status file for recon-all
Tue Mar 10 03:04:10 CET 2026
#@# white curv rh Tue Mar 10 03:04:10 CET 2026
#@# white area rh Tue Mar 10 03:04:10 CET 2026
#@# pial curv rh Tue Mar 10 03:04:10 CET 2026
#@# pial area rh Tue Mar 10 03:04:10 CET 2026
#@# thickness rh Tue Mar 10 03:04:10 CET 2026
#@# area and vertex vol rh Tue Mar 10 03:04:10 CET 2026
#@# Parcellation Stats rh Tue Mar 10 03:04:10 CET 2026
#@# Parcellation Stats 2 rh Tue Mar 10 03:04:28 CET 2026
#@# Parcellation Stats 3 rh Tue Mar 10 03:04:38 CET 2026
#@# BA_exvivo Labels rh Tue Mar 10 03:04:47 CET 2026
recon-all -s sub-v1s3x0050795_ses-1 finished without error at Tue Mar 10 03:07:06 CET 2026
