status file for recon-all
Tue Mar 10 00:25:30 CET 2026
#@# MotionCor Tue Mar 10 00:25:32 CET 2026
#@# Talairach Tue Mar 10 00:25:42 CET 2026
#@# Talairach Failure Detection Tue Mar 10 00:30:04 CET 2026
#@# Nu Intensity Correction Tue Mar 10 00:30:04 CET 2026
#@# Intensity Normalization Tue Mar 10 00:33:17 CET 2026
recon-all -s sub-v1s3x0050795_ses-1 finished without error at Tue Mar 10 00:34:42 CET 2026



#New# invocation of recon-all 



status file for recon-all
Tue Mar 10 00:43:22 CET 2026
#@# EM Registration Tue Mar 10 00:43:22 CET 2026
recon-all -s sub-v1s3x0050795_ses-1 finished without error at Tue Mar 10 00:45:34 CET 2026



#New# invocation of recon-all 



status file for recon-all
Tue Mar 10 00:45:36 CET 2026
#@# CA Normalize Tue Mar 10 00:45:36 CET 2026
#@# CA Reg Tue Mar 10 00:46:53 CET 2026
#@# SubCort Seg Tue Mar 10 01:31:25 CET 2026
#@# CC Seg Tue Mar 10 02:05:01 CET 2026
#@# Merge ASeg Tue Mar 10 02:05:32 CET 2026
#@# Intensity Normalization2 Tue Mar 10 02:05:32 CET 2026
#@# Mask BFS Tue Mar 10 02:07:39 CET 2026
#@# WM Segmentation Tue Mar 10 02:07:40 CET 2026
#@# Fill Tue Mar 10 02:09:34 CET 2026
recon-all -s sub-v1s3x0050795_ses-1 finished without error at Tue Mar 10 02:10:36 CET 2026



#New# invocation of recon-all 



status file for recon-all
Tue Mar 10 02:55:20 CET 2026
#@# white curv lh Tue Mar 10 02:55:20 CET 2026
#@# white area lh Tue Mar 10 02:55:20 CET 2026
#@# pial curv lh Tue Mar 10 02:55:20 CET 2026
#@# pial area lh Tue Mar 10 02:55:20 CET 2026
#@# thickness lh Tue Mar 10 02:55:20 CET 2026
#@# area and vertex vol lh Tue Mar 10 02:55:20 CET 2026
#@# white curv rh Tue Mar 10 02:55:20 CET 2026
#@# white area rh Tue Mar 10 02:55:20 CET 2026
#@# pial curv rh Tue Mar 10 02:55:20 CET 2026
#@# pial area rh Tue Mar 10 02:55:20 CET 2026
#@# thickness rh Tue Mar 10 02:55:20 CET 2026
#@# area and vertex vol rh Tue Mar 10 02:55:20 CET 2026
#@# Cortical ribbon mask Tue Mar 10 02:55:20 CET 2026
recon-all -s sub-v1s3x0050795_ses-1 finished without error at Tue Mar 10 03:01:11 CET 2026



#New# invocation of recon-all 



status file for recon-all
Tue Mar 10 03:07:12 CET 2026
#@# white curv lh Tue Mar 10 03:07:12 CET 2026
#@# white area lh Tue Mar 10 03:07:12 CET 2026
#@# pial curv lh Tue Mar 10 03:07:12 CET 2026
#@# pial area lh Tue Mar 10 03:07:12 CET 2026
#@# thickness lh Tue Mar 10 03:07:12 CET 2026
#@# area and vertex vol lh Tue Mar 10 03:07:12 CET 2026
#@# white curv rh Tue Mar 10 03:07:12 CET 2026
#@# white area rh Tue Mar 10 03:07:12 CET 2026
#@# pial curv rh Tue Mar 10 03:07:12 CET 2026
#@# pial area rh Tue Mar 10 03:07:12 CET 2026
#@# thickness rh Tue Mar 10 03:07:12 CET 2026
#@# area and vertex vol rh Tue Mar 10 03:07:12 CET 2026
#@# Curvature Stats lh Tue Mar 10 03:07:12 CET 2026
#@# Curvature Stats rh Tue Mar 10 03:07:14 CET 2026
#@# Relabel Hypointensities Tue Mar 10 03:07:16 CET 2026
#@# APas-to-ASeg Tue Mar 10 03:07:31 CET 2026
#@# AParc-to-ASeg aparc Tue Mar 10 03:07:39 CET 2026
#@# AParc-to-ASeg aparc.a2009s Tue Mar 10 03:08:22 CET 2026
#@# AParc-to-ASeg aparc.DKTatlas Tue Mar 10 03:09:03 CET 2026
#@# WMParc Tue Mar 10 03:09:45 CET 2026
#@# ASeg Stats Tue Mar 10 03:13:18 CET 2026
recon-all -s sub-v1s3x0050795_ses-1 finished without error at Tue Mar 10 03:13:49 CET 2026
