status file for recon-all
Tue Mar 10 02:10:41 CET 2026
#@# Tessellate lh Tue Mar 10 02:10:42 CET 2026
#@# Smooth1 lh Tue Mar 10 02:10:45 CET 2026
#@# Inflation1 lh Tue Mar 10 02:10:48 CET 2026
#@# QSphere lh Tue Mar 10 02:10:57 CET 2026
#@# Fix Topology lh Tue Mar 10 02:11:50 CET 2026
#@# Smooth2 lh Tue Mar 10 02:18:50 CET 2026
#@# Inflation2 lh Tue Mar 10 02:18:53 CET 2026
#@# Curv .H and .K lh Tue Mar 10 02:19:04 CET 2026
#@# Sphere lh Tue Mar 10 02:19:50 CET 2026
#@# Surf Reg lh Tue Mar 10 02:23:59 CET 2026
#@# Jacobian white lh Tue Mar 10 02:28:43 CET 2026
#@# AvgCurv lh Tue Mar 10 02:28:44 CET 2026
#@# Cortical Parc lh Tue Mar 10 02:28:45 CET 2026
#@# white curv lh Tue Mar 10 02:34:45 CET 2026
#@# white area lh Tue Mar 10 02:34:46 CET 2026
#@# pial curv lh Tue Mar 10 02:34:47 CET 2026
#@# pial area lh Tue Mar 10 02:34:48 CET 2026
#@# thickness lh Tue Mar 10 02:34:49 CET 2026
#@# area and vertex vol lh Tue Mar 10 02:35:18 CET 2026
#@# Curvature Stats lh Tue Mar 10 02:35:19 CET 2026
#@# Cortical Parc 2 lh Tue Mar 10 02:35:21 CET 2026
#@# Cortical Parc 3 lh Tue Mar 10 02:35:34 CET 2026
#@# WM/GM Contrast lh Tue Mar 10 02:35:44 CET 2026
recon-all -s sub-v1s3x0050795_ses-1 finished without error at Tue Mar 10 02:35:46 CET 2026



#New# invocation of recon-all 



status file for recon-all
Tue Mar 10 03:01:14 CET 2026
#@# white curv lh Tue Mar 10 03:01:14 CET 2026
#@# white area lh Tue Mar 10 03:01:14 CET 2026
#@# pial curv lh Tue Mar 10 03:01:14 CET 2026
#@# pial area lh Tue Mar 10 03:01:14 CET 2026
#@# thickness lh Tue Mar 10 03:01:14 CET 2026
#@# area and vertex vol lh Tue Mar 10 03:01:14 CET 2026
#@# Parcellation Stats lh Tue Mar 10 03:01:14 CET 2026
#@# Parcellation Stats 2 lh Tue Mar 10 03:01:32 CET 2026
#@# Parcellation Stats 3 lh Tue Mar 10 03:01:41 CET 2026
#@# BA_exvivo Labels lh Tue Mar 10 03:01:50 CET 2026
recon-all -s sub-v1s3x0050795_ses-1 finished without error at Tue Mar 10 03:04:07 CET 2026
