/out/sourcedata/freesurfer/sub-v1s3x0050810_ses-1/mri
/opt/freesurfer/bin/talairach_avi
--i orig_nu.mgz --xfm transforms/talairach.auto.xfm
talairach_avi 7.3.2
Linux dna003 5.14.0-427.37.1.el9_4.x86_64 #1 SMP PREEMPT_DYNAMIC Fri Sep 13 12:41:50 EDT 2024 x86_64 x86_64 x86_64 GNU/Linux
Tue Mar 10 00:59:11 CET 2026
mri_convert orig_nu.mgz talsrcimg.img 
reading from orig_nu.mgz...
TR=0.00, TE=0.00, TI=0.00, flip angle=0.00
i_ras = (-1, 0, 0)
j_ras = (0, 0, -1)
k_ras = (0, 1, 0)
writing to talsrcimg.img...
Analyze Output Matrix
-1.00000   0.00000   0.00000   131.11328;
 0.00000   0.00000   1.00000  -132.31900;
 0.00000  -1.00000   0.00000   132.28058;
 0.00000   0.00000   0.00000   1.00000;
--------------------
INFO: set hdr.hist.orient to -1
mpr2mni305 talsrcimg
Tue Mar 10 00:59:12 CET 2026
/opt/freesurfer/bin/mpr2mni305 talsrcimg
mpr2mni305 7.3.2
target=711-2C_as_mni_average_305

---------------------------------------------------------------------
analyzeto4dfp talsrcimg -O0 -y
---------------------------------------------------------------------

freesurfer ifh2hdr.c
Tue Mar 10 00:59:12 2026
Writing: talsrcimg.4dfp.hdr
freesurfer analyzeto4dfp.c
Reading: talsrcimg.hdr
header size 348 bytes
hdr.dime.datatype	offset=70	value=2
hdr.dime.bitpix		offset=72	value=8
hdr.hist.orient		offset=252	value=-1
dimensionality     4
dimensions       256       256       256         1
Reading: talsrcimg.img
Writing: talsrcimg.4dfp.img
Writing: talsrcimg.4dfp.ifh
ifh2hdr talsrcimg -r0to253
ori=2

---------------------------------------------------------------------
gauss_4dfp talsrcimg 1.1
---------------------------------------------------------------------

freesurfer gauss_4dfp.c
Reading: talsrcimg.4dfp.img
Writing: talsrcimg_g11.4dfp.img
image dimensions 256 256 256 padded to 288 288 288
processing volume 1freesurfer ifh2hdr.c
Tue Mar 10 00:59:14 2026
Writing: talsrcimg_g11.4dfp.hdr

Writing: talsrcimg_g11.4dfp.ifh
including: talsrcimg.4dfp.img.rec in talsrcimg_g11.4dfp.img.rec

---------------------------------------------------------------------
imgreg_4dfp /opt/freesurfer/average/711-2C_as_mni_average_305 none talsrcimg_g11 none talsrcimg_to_711-2C_as_mni_average_305_t4 4355
---------------------------------------------------------------------

freesurfer imgreg_4dfp.c
/opt/freesurfer/average/711-2C_as_mni_average_305.4dfp.img
       256       256       256         1
  1.000000  1.000000  1.000000
orientation T byte_order littleendian
Reading image: /opt/freesurfer/average/711-2C_as_mni_average_305.4dfp.img
dimensions:      256       256       256
mmppix:       1.0000   -1.0000   -1.0000
center:     128.0000 -129.0000 -129.0000
talsrcimg_g11.4dfp.img
       256       256       256         1
  1.000000  1.000000  1.000000
orientation T byte_order littleendian
Reading image: talsrcimg_g11.4dfp.img
dimensions:      256       256       256
mmppix:       1.0000   -1.0000   -1.0000
center:     128.0000 -129.0000 -129.0000
t4_read: open error in t4_sub.f l:  41 t4_file(1:l)talsrcimg_to_711-2C_as_mni_average_305_t4 
t4_read: transform initialized to I4
rotation matrix determinant  1.000000
image alignment mode   4355 decimal     1103 hex
   -7.5000  -45.0000  -45.0000 6918.9414   22.4144
    0.0000  -45.0000  -45.0000 7226.3643   22.4797
    7.5000  -45.0000  -45.0000 6914.1416   22.4665
   -7.5000  -37.5000  -45.0000 7360.5542   22.4515
    0.0000  -37.5000  -45.0000 7699.3032   22.5091
    7.5000  -37.5000  -45.0000 7369.4829   22.5025
   -7.5000  -30.0000  -45.0000 8139.3081   22.4200
    0.0000  -30.0000  -45.0000 8528.0869   22.4823
    7.5000  -30.0000  -45.0000 8162.4385   22.4721
   -7.5000  -22.5000  -45.0000 8845.4424   22.3480
    0.0000  -22.5000  -45.0000 9259.5479   22.4236
    7.5000  -22.5000  -45.0000 8850.4404   22.4021
   -7.5000  -15.0000  -45.0000 9422.3643   22.3141
    0.0000  -15.0000  -45.0000 9890.3535   22.3970
    7.5000  -15.0000  -45.0000 9412.8916   22.3646
   -7.5000   -7.5000  -45.000010027.9141   22.3490
    0.0000   -7.5000  -45.000010501.4424   22.4263
    7.5000   -7.5000  -45.0000 9988.4795   22.3985
   -7.5000    0.0000  -45.000010569.1182   22.4144
    0.0000    0.0000  -45.000011046.3682   22.4797
    7.5000    0.0000  -45.000010516.1582   22.4665
   -7.5000    7.5000  -45.000010265.6885   22.4515
    0.0000    7.5000  -45.000010766.3154   22.5091
    7.5000    7.5000  -45.000010246.8711   22.5025
   -7.5000   15.0000  -45.0000 9897.0986   22.4200
    0.0000   15.0000  -45.000010377.1045   22.4823
    7.5000   15.0000  -45.0000 9891.8057   22.4721
   -7.5000   22.5000  -45.0000 9510.7227   22.3449
    0.0000   22.5000  -45.0000 9967.7637   22.4205
    7.5000   22.5000  -45.0000 9467.2266   22.3990
   -7.5000   30.0000  -45.0000 8725.0107   22.0168
    0.0000   30.0000  -45.0000 9124.7822   22.0986
    7.5000   30.0000  -45.0000 8653.2822   22.0665
   -7.5000   37.5000  -45.0000 8236.7832   22.0511
    0.0000   37.5000  -45.0000 8645.6855   22.1275
    7.5000   37.5000  -45.0000 8181.6313   22.1000
   -7.5000   45.0000  -45.0000 7516.5679   21.5541
    0.0000   45.0000  -45.0000 7884.3428   21.6169
    7.5000   45.0000  -45.0000 7481.2998   21.6042
   -7.5000  -45.0000  -37.5000 7459.5557   22.1767
    0.0000  -45.0000  -37.5000 7788.0132   22.2392
    7.5000  -45.0000  -37.5000 7453.5015   22.2160
   -7.5000  -37.5000  -37.5000 7952.0933   22.2152
    0.0000  -37.5000  -37.5000 8331.3477   22.2651
    7.5000  -37.5000  -37.5000 7957.8398   22.2450
   -7.5000  -30.0000  -37.5000 8809.7578   22.1924
    0.0000  -30.0000  -37.5000 9226.5078   22.2420
    7.5000  -30.0000  -37.5000 8791.7080   22.2175
   -7.5000  -22.5000  -37.5000 9556.9922   22.1271
    0.0000  -22.5000  -37.500010035.4688   22.1901
    7.5000  -22.5000  -37.5000 9550.8711   22.1566
   -7.5000  -15.0000  -37.500010170.5137   22.0915
    0.0000  -15.0000  -37.500010715.2646   22.1661
    7.5000  -15.0000  -37.500010129.0029   22.1256
   -7.5000   -7.5000  -37.500010765.5889   22.1183
    0.0000   -7.5000  -37.500011332.7334   22.1921
    7.5000   -7.5000  -37.500010677.4111   22.1573
   -7.5000    0.0000  -37.500011286.5791   22.1767
    0.0000    0.0000  -37.500011867.4473   22.2392
    7.5000    0.0000  -37.500011211.3232   22.2160
   -7.5000    7.5000  -37.500010992.3623   22.2152
    0.0000    7.5000  -37.500011522.4834   22.2651
    7.5000    7.5000  -37.500010911.7686   22.2450
   -7.5000   15.0000  -37.500010614.7715   22.1924
    0.0000   15.0000  -37.500011169.2490   22.2420
    7.5000   15.0000  -37.500010546.5791   22.2175
   -7.5000   22.5000  -37.500010187.1650   22.1241
    0.0000   22.5000  -37.500010728.0068   22.1871
    7.5000   22.5000  -37.500010098.4766   22.1536
   -7.5000   30.0000  -37.5000 9277.9541   21.7971
    0.0000   30.0000  -37.5000 9765.5547   21.8707
    7.5000   30.0000  -37.5000 9196.4043   21.8307
   -7.5000   37.5000  -37.5000 8727.0918   21.8235
    0.0000   37.5000  -37.5000 9174.9502   21.8963
    7.5000   37.5000  -37.5000 8656.3145   21.8621
   -7.5000   45.0000  -37.5000 7904.2754   21.3256
    0.0000   45.0000  -37.5000 8329.2266   21.3856
    7.5000   45.0000  -37.5000 7865.4985   21.3634
   -7.5000  -45.0000  -30.0000 8152.4229   23.0096
    0.0000  -45.0000  -30.0000 8555.4209   23.0688
    7.5000  -45.0000  -30.0000 8128.3413   23.0401
   -7.5000  -37.5000  -30.0000 8721.2139   23.0577
    0.0000  -37.5000  -30.0000 9169.1641   23.1029
    7.5000  -37.5000  -30.0000 8688.4941   23.0763
   -7.5000  -30.0000  -30.0000 9620.8369   23.0346
    0.0000  -30.0000  -30.000010132.3604   23.0734
    7.5000  -30.0000  -30.0000 9593.7686   23.0476
   -7.5000  -22.5000  -30.000010428.2568   22.9595
    0.0000  -22.5000  -30.000010989.1953   23.0072
    7.5000  -22.5000  -30.000010419.9346   22.9782
   -7.5000  -15.0000  -30.000011101.5840   22.9127
    0.0000  -15.0000  -30.000011682.6396   22.9726
    7.5000  -15.0000  -30.000011050.0225   22.9387
   -7.5000   -7.5000  -30.000011727.8535   22.9396
    0.0000   -7.5000  -30.000012378.2441   23.0048
    7.5000   -7.5000  -30.000011626.3770   22.9720
   -7.5000    0.0000  -30.000012259.7402   23.0096
    0.0000    0.0000  -30.000012946.1201   23.0688
    7.5000    0.0000  -30.000012138.6553   23.0401
   -7.5000    7.5000  -30.000011892.4268   23.0577
    0.0000    7.5000  -30.000012542.1533   23.1029
    7.5000    7.5000  -30.000011781.8623   23.0763
   -7.5000   15.0000  -30.000011507.9502   23.0346
    0.0000   15.0000  -30.000012158.6641   23.0734
    7.5000   15.0000  -30.000011407.6660   23.0476
   -7.5000   22.5000  -30.000011029.5000   22.9540
    0.0000   22.5000  -30.000011637.8486   23.0016
    7.5000   22.5000  -30.000010918.2363   22.9727
   -7.5000   30.0000  -30.000010020.0439   22.6095
    0.0000   30.0000  -30.000010549.0693   22.6686
    7.5000   30.0000  -30.0000 9928.5088   22.6352
   -7.5000   37.5000  -30.0000 9393.2402   22.6360
    0.0000   37.5000  -30.0000 9835.6396   22.7004
    7.5000   37.5000  -30.0000 9315.2471   22.6680
   -7.5000   45.0000  -30.0000 8472.2168   22.1427
    0.0000   45.0000  -30.0000 8920.5801   22.1997
    7.5000   45.0000  -30.0000 8406.1279   22.1721
   -7.5000  -45.0000  -22.5000 8881.7334   23.7913
    0.0000  -45.0000  -22.5000 9359.7363   23.8475
    7.5000  -45.0000  -22.5000 8834.0879   23.8229
   -7.5000  -37.5000  -22.5000 9474.4307   23.8543
    0.0000  -37.5000  -22.500010011.4648   23.9010
    7.5000  -37.5000  -22.5000 9453.0254   23.8822
   -7.5000  -30.0000  -22.500010423.2979   23.8237
    0.0000  -30.0000  -22.500011019.8721   23.8648
    7.5000  -30.0000  -22.500010408.0801   23.8546
   -7.5000  -22.5000  -22.500011275.1475   23.7269
    0.0000  -22.5000  -22.500011897.6162   23.7726
    7.5000  -22.5000  -22.500011263.2812   23.7637
   -7.5000  -15.0000  -22.500012051.3428   23.6640
    0.0000  -15.0000  -22.500012682.5732   23.7174
    7.5000  -15.0000  -22.500011971.3916   23.7018
   -7.5000   -7.5000  -22.500012722.8516   23.6978
    0.0000   -7.5000  -22.500013470.7520   23.7560
    7.5000   -7.5000  -22.500012565.6797   23.7333
   -7.5000    0.0000  -22.500013277.2285   23.7913
    0.0000    0.0000  -22.500014092.2793   23.8475
    7.5000    0.0000  -22.500013111.7783   23.8229
   -7.5000    7.5000  -22.500012855.2822   23.8543
    0.0000    7.5000  -22.500013590.0625   23.9010
    7.5000    7.5000  -22.500012698.6035   23.8822
   -7.5000   15.0000  -22.500012391.2295   23.8237
    0.0000   15.0000  -22.500013101.7969   23.8648
    7.5000   15.0000  -22.500012264.6904   23.8546
   -7.5000   22.5000  -22.500011814.3945   23.7196
    0.0000   22.5000  -22.500012459.3525   23.7653
    7.5000   22.5000  -22.500011673.9053   23.7564
   -7.5000   30.0000  -22.500010767.1055   23.3545
    0.0000   30.0000  -22.500011355.5166   23.4072
    7.5000   30.0000  -22.500010661.8701   23.3918
   -7.5000   37.5000  -22.500010073.2393   23.3879
    0.0000   37.5000  -22.500010602.6943   23.4453
    7.5000   37.5000  -22.5000 9993.1562   23.4229
   -7.5000   45.0000  -22.5000 9022.1377   22.9122
    0.0000   45.0000  -22.5000 9519.2598   22.9663
    7.5000   45.0000  -22.5000 8973.3066   22.9426
   -7.5000  -45.0000  -15.0000 9569.5166   24.3772
    0.0000  -45.0000  -15.000010102.0352   24.4345
    7.5000  -45.0000  -15.0000 9551.6445   24.4205
   -7.5000  -37.5000  -15.000010191.1475   24.4485
    0.0000  -37.5000  -15.000010758.3311   24.5028
    7.5000  -37.5000  -15.000010182.4707   24.4989
   -7.5000  -30.0000  -15.000011188.7969   24.4116
    0.0000  -30.0000  -15.000011815.5664   24.4658
    7.5000  -30.0000  -15.000011189.8369   24.4727
   -7.5000  -22.5000  -15.000012106.1504   24.2997
    0.0000  -22.5000  -15.000012781.5947   24.3575
    7.5000  -22.5000  -15.000012077.8242   24.3641
   -7.5000  -15.0000  -15.000012951.5400   24.2284
    0.0000  -15.0000  -15.000013657.5645   24.2879
    7.5000  -15.0000  -15.000012859.4932   24.2837
   -7.5000   -7.5000  -15.000013664.2178   24.2691
    0.0000   -7.5000  -15.000014463.5049   24.3278
    7.5000   -7.5000  -15.000013473.4463   24.3138
   -7.5000    0.0000  -15.000014284.9561   24.3772
    0.0000    0.0000  -15.000015167.8232   24.4345
    7.5000    0.0000  -15.000014075.6738   24.4204
   -7.5000    7.5000  -15.000013844.6084   24.4485
    0.0000    7.5000  -15.000014716.3604   24.5028
    7.5000    7.5000  -15.000013697.8496   24.4989
   -7.5000   15.0000  -15.000013329.5068   24.4116
    0.0000   15.0000  -15.000014147.8203   24.4658
    7.5000   15.0000  -15.000013199.1855   24.4727
   -7.5000   22.5000  -15.000012605.9922   24.2911
    0.0000   22.5000  -15.000013335.1484   24.3489
    7.5000   22.5000  -15.000012453.1123   24.3555
   -7.5000   30.0000  -15.000011492.8105   23.9148
    0.0000   30.0000  -15.000012172.0771   23.9736
    7.5000   30.0000  -15.000011376.2100   23.9694
   -7.5000   37.5000  -15.000010782.9365   23.9550
    0.0000   37.5000  -15.000011412.9697   24.0129
    7.5000   37.5000  -15.000010698.2178   23.9992
   -7.5000   45.0000  -15.0000 9618.4600   23.4907
    0.0000   45.0000  -15.000010173.7480   23.5458
    7.5000   45.0000  -15.0000 9573.7598   23.5323
   -7.5000  -45.0000   -7.500010340.7520   24.6958
    0.0000  -45.0000   -7.500010850.7227   24.7591
    7.5000  -45.0000   -7.500010336.9102   24.7500
   -7.5000  -37.5000   -7.500010971.4492   24.7545
    0.0000  -37.5000   -7.500011531.7031   24.8163
    7.5000  -37.5000   -7.500011003.8369   24.8181
   -7.5000  -30.0000   -7.500012056.0771   24.7154
    0.0000  -30.0000   -7.500012700.1475   24.7832
    7.5000  -30.0000   -7.500012071.2373   24.7893
   -7.5000  -22.5000   -7.500013081.2871   24.6133
    0.0000  -22.5000   -7.500013776.9785   24.6891
    7.5000  -22.5000   -7.500013056.5674   24.6881
   -7.5000  -15.0000   -7.500013989.5234   24.5557
    0.0000  -15.0000   -7.500014746.1514   24.6324
    7.5000  -15.0000   -7.500013897.5234   24.6178
   -7.5000   -7.5000   -7.500014735.5625   24.5991
    0.0000   -7.5000   -7.500015561.1426   24.6691
    7.5000   -7.5000   -7.500014513.8223   24.6509
   -7.5000    0.0000   -7.500015362.6289   24.6958
    0.0000    0.0000   -7.500016238.0156   24.7591
    7.5000    0.0000   -7.500015143.0664   24.7500
   -7.5000    7.5000   -7.500014894.0137   24.7545
    0.0000    7.5000   -7.500015807.9551   24.8163
    7.5000    7.5000   -7.500014736.0605   24.8181
   -7.5000   15.0000   -7.500014369.3311   24.7154
    0.0000   15.0000   -7.500015233.5469   24.7832
    7.5000   15.0000   -7.500014196.3545   24.7893
   -7.5000   22.5000   -7.500013526.4551   24.6019
    0.0000   22.5000   -7.500014289.1055   24.6777
    7.5000   22.5000   -7.500013313.9570   24.6767
   -7.5000   30.0000   -7.500012352.6240   24.2373
    0.0000   30.0000   -7.500013062.9951   24.3129
    7.5000   30.0000   -7.500012164.8984   24.2985
   -7.5000   37.5000   -7.500011600.2822   24.2801
    0.0000   37.5000   -7.500012283.2002   24.3492
    7.5000   37.5000   -7.500011461.4414   24.3312
   -7.5000   45.0000   -7.500010317.2969   23.8021
    0.0000   45.0000   -7.500010911.9795   23.8631
    7.5000   45.0000   -7.500010235.2754   23.8543
   -7.5000  -45.0000    0.000011045.6289   24.7668
    0.0000  -45.0000    0.000011573.6201   24.8371
    7.5000  -45.0000    0.000011026.1875   24.8224
   -7.5000  -37.5000    0.000011733.1777   24.8093
    0.0000  -37.5000    0.000012313.4580   24.8724
    7.5000  -37.5000    0.000011724.3525   24.8654
   -7.5000  -30.0000    0.000012910.6475   24.7745
    0.0000  -30.0000    0.000013547.5723   24.8440
    7.5000  -30.0000    0.000012894.2783   24.8335
   -7.5000  -22.5000    0.000014052.4619   24.6927
    0.0000  -22.5000    0.000014739.3643   24.7769
    7.5000  -22.5000    0.000014022.0391   24.7542
   -7.5000  -15.0000    0.000015011.1074   24.6532
    0.0000  -15.0000    0.000015818.0986   24.7441
    7.5000  -15.0000    0.000014909.1133   24.7094
   -7.5000   -7.5000    0.000015781.8037   24.6922
    0.0000   -7.5000    0.000016560.9863   24.7759
    7.5000   -7.5000    0.000015548.6221   24.7456
   -7.5000    0.0000    0.000016390.4238   24.7667
    0.0000    0.0000    0.000017249.0312   24.8371
    7.5000    0.0000    0.000016156.1035   24.8224
   -7.5000    7.5000    0.000015883.8857   24.8093
    0.0000    7.5000    0.000016765.1289   24.8724
    7.5000    7.5000    0.000015704.5479   24.8654
   -7.5000   15.0000    0.000015278.8760   24.7745
    0.0000   15.0000    0.000016105.9775   24.8440
    7.5000   15.0000    0.000015106.2402   24.8335
   -7.5000   22.5000    0.000014327.7822   24.6814
    0.0000   22.5000    0.000015072.3594   24.7654
    7.5000   22.5000    0.000014060.7354   24.7428
   -7.5000   30.0000    0.000013095.1055   24.3341
    0.0000   30.0000    0.000013772.6289   24.4239
    7.5000   30.0000    0.000012835.4727   24.3896
   -7.5000   37.5000    0.000012324.3721   24.3727
    0.0000   37.5000    0.000012984.3467   24.4553
    7.5000   37.5000    0.000012122.1484   24.4253
   -7.5000   45.0000    0.000011027.7041   23.8723
    0.0000   45.0000    0.000011598.8008   23.9401
    7.5000   45.0000    0.000010847.6904   23.9259
   -7.5000  -45.0000    7.500010939.9541   24.7442
    0.0000  -45.0000    7.500011383.4395   24.8144
    7.5000  -45.0000    7.500010888.8496   24.7893
   -7.5000  -37.5000    7.500011596.3311   24.7865
    0.0000  -37.5000    7.500012063.1885   24.8428
    7.5000  -37.5000    7.500011555.4561   24.8209
   -7.5000  -30.0000    7.500012740.7461   24.7604
    0.0000  -30.0000    7.500013261.7129   24.8161
    7.5000  -30.0000    7.500012694.8350   24.7893
   -7.5000  -22.5000    7.500013943.8301   24.6873
    0.0000  -22.5000    7.500014575.6660   24.7579
    7.5000  -22.5000    7.500013867.7500   24.7211
   -7.5000  -15.0000    7.500015005.2061   24.6479
    0.0000  -15.0000    7.500015756.4883   24.7314
    7.5000  -15.0000    7.500014839.5244   24.6869
   -7.5000   -7.5000    7.500015733.4189   24.6786
    0.0000   -7.5000    7.500016444.7520   24.7613
    7.5000   -7.5000    7.500015490.9688   24.7233
   -7.5000    0.0000    7.500016388.4902   24.7442
    0.0000    0.0000    7.500017110.1562   24.8144
    7.5000    0.0000    7.500016140.8301   24.7893
   -7.5000    7.5000    7.500015816.8008   24.7865
    0.0000    7.5000    7.500016540.0156   24.8428
    7.5000    7.5000    7.500015603.6650   24.8209
   -7.5000   15.0000    7.500015138.1846   24.7604
    0.0000   15.0000    7.500015848.5664   24.8161
    7.5000   15.0000    7.500014949.1221   24.7893
   -7.5000   22.5000    7.500014133.7080   24.6759
    0.0000   22.5000    7.500014785.0225   24.7465
    7.5000   22.5000    7.500013832.2451   24.7098
   -7.5000   30.0000    7.500012904.6689   24.3289
    0.0000   30.0000    7.500013506.4678   24.4113
    7.5000   30.0000    7.500012623.0225   24.3674
   -7.5000   37.5000    7.500012172.3721   24.3592
    0.0000   37.5000    7.500012788.7051   24.4408
    7.5000   37.5000    7.500011914.7520   24.4034
   -7.5000   45.0000    7.500010904.5293   23.8505
    0.0000   45.0000    7.500011441.6328   23.9182
    7.5000   45.0000    7.500010685.8154   23.8940
   -7.5000  -45.0000   15.000010602.0557   24.7085
    0.0000  -45.0000   15.000011048.8965   24.7721
    7.5000  -45.0000   15.000010531.8164   24.7413
   -7.5000  -37.5000   15.000011228.7363   24.7602
    0.0000  -37.5000   15.000011662.1797   24.8087
    7.5000  -37.5000   15.000011174.5791   24.7801
   -7.5000  -30.0000   15.000012346.9082   24.7354
    0.0000  -30.0000   15.000012783.9189   24.7771
    7.5000  -30.0000   15.000012287.9785   24.7494
   -7.5000  -22.5000   15.000013573.9189   24.6547
    0.0000  -22.5000   15.000014197.8936   24.7059
    7.5000  -22.5000   15.000013464.3076   24.6748
   -7.5000  -15.0000   15.000014696.0205   24.6044
    0.0000  -15.0000   15.000015361.3389   24.6688
    7.5000  -15.0000   15.000014562.7324   24.6324
   -7.5000   -7.5000   15.000015503.0059   24.6333
    0.0000   -7.5000   15.000016048.7988   24.7034
    7.5000   -7.5000   15.000015326.7432   24.6681
   -7.5000    0.0000   15.000016289.4805   24.7085
    0.0000    0.0000   15.000016883.8867   24.7721
    7.5000    0.0000   15.000015961.7471   24.7412
   -7.5000    7.5000   15.000015711.0400   24.7602
    0.0000    7.5000   15.000016335.7803   24.8087
    7.5000    7.5000   15.000015367.1533   24.7801
   -7.5000   15.0000   15.000014918.6807   24.7354
    0.0000   15.0000   15.000015627.0352   24.7771
    7.5000   15.0000   15.000014644.5840   24.7494
   -7.5000   22.5000   15.000013734.3965   24.6434
    0.0000   22.5000   15.000014404.6318   24.6945
    7.5000   22.5000   15.000013460.4922   24.6634
   -7.5000   30.0000   15.000012501.1484   24.2860
    0.0000   30.0000   15.000013109.9092   24.3496
    7.5000   30.0000   15.000012243.4658   24.3137
   -7.5000   37.5000   15.000011791.0586   24.3145
    0.0000   37.5000   15.000012407.6172   24.3837
    7.5000   37.5000   15.000011520.5928   24.3489
   -7.5000   45.0000   15.000010588.8975   23.8161
    0.0000   45.0000   15.000011137.1553   23.8775
    7.5000   45.0000   15.000010346.1260   23.8477
   -7.5000  -45.0000   22.500010197.2715   24.6972
    0.0000  -45.0000   22.500010596.2148   24.7556
    7.5000  -45.0000   22.500010158.0176   24.7301
   -7.5000  -37.5000   22.500010789.6475   24.7626
    0.0000  -37.5000   22.500011202.0713   24.8111
    7.5000  -37.5000   22.500010770.4609   24.7917
   -7.5000  -30.0000   22.500011875.1846   24.7309
    0.0000  -30.0000   22.500012320.4502   24.7735
    7.5000  -30.0000   22.500011815.8086   24.7629
   -7.5000  -22.5000   22.500012940.7188   24.6305
    0.0000  -22.5000   22.500013458.2266   24.6779
    7.5000  -22.5000   22.500012844.7715   24.6686
   -7.5000  -15.0000   22.500013858.5674   24.5652
    0.0000  -15.0000   22.500014479.3037   24.6206
    7.5000  -15.0000   22.500013787.3867   24.6043
   -7.5000   -7.5000   22.500014724.1250   24.6003
    0.0000   -7.5000   22.500015400.9746   24.6606
    7.5000   -7.5000   22.500014591.9795   24.6371
   -7.5000    0.0000   22.500015549.0664   24.6972
    0.0000    0.0000   22.500016306.5527   24.7556
    7.5000    0.0000   22.500015285.5215   24.7300
   -7.5000    7.5000   22.500014993.0781   24.7626
    0.0000    7.5000   22.500015781.3457   24.8111
    7.5000    7.5000   22.500014698.3916   24.7917
   -7.5000   15.0000   22.500014226.9844   24.7309
    0.0000   15.0000   22.500015011.0010   24.7735
    7.5000   15.0000   22.500013983.8262   24.7629
   -7.5000   22.5000   22.500013037.4590   24.6191
    0.0000   22.5000   22.500013718.9482   24.6665
    7.5000   22.5000   22.500012847.8701   24.6572
   -7.5000   30.0000   22.500011892.9746   24.2472
    0.0000   30.0000   22.500012470.4150   24.3020
    7.5000   30.0000   22.500011707.9463   24.2859
   -7.5000   37.5000   22.500011268.5518   24.2819
    0.0000   37.5000   22.500011786.1416   24.3415
    7.5000   37.5000   22.500011079.8574   24.3182
   -7.5000   45.0000   22.500010158.3242   23.8053
    0.0000   45.0000   22.500010632.1719   23.8615
    7.5000   45.0000   22.5000 9969.8467   23.8369
   -7.5000  -45.0000   30.0000 9546.7686   24.7118
    0.0000  -45.0000   30.000010055.6846   24.7698
    7.5000  -45.0000   30.0000 9498.9316   24.7556
   -7.5000  -37.5000   30.000010144.8545   24.7840
    0.0000  -37.5000   30.000010686.1357   24.8391
    7.5000  -37.5000   30.000010119.8184   24.8351
   -7.5000  -30.0000   30.000011155.2070   24.7466
    0.0000  -30.0000   30.000011730.7695   24.8016
    7.5000  -30.0000   30.000011106.2646   24.8086
   -7.5000  -22.5000   30.000012091.5010   24.6332
    0.0000  -22.5000   30.000012662.7363   24.6918
    7.5000  -22.5000   30.000012060.2559   24.6985
   -7.5000  -15.0000   30.000012836.1826   24.5609
    0.0000  -15.0000   30.000013379.2168   24.6213
    7.5000  -15.0000   30.000012866.3135   24.6170
   -7.5000   -7.5000   30.000013612.0322   24.6021
    0.0000   -7.5000   30.000014172.1045   24.6616
    7.5000   -7.5000   30.000013591.9453   24.6475
   -7.5000    0.0000   30.000014358.3721   24.7118
    0.0000    0.0000   30.000014933.7275   24.7698
    7.5000    0.0000   30.000014247.2705   24.7556
   -7.5000    7.5000   30.000013926.7588   24.7840
    0.0000    7.5000   30.000014534.4521   24.8391
    7.5000    7.5000   30.000013783.9062   24.8351
   -7.5000   15.0000   30.000013339.4531   24.7466
    0.0000   15.0000   30.000013975.9443   24.8016
    7.5000   15.0000   30.000013229.2002   24.8086
   -7.5000   22.5000   30.000012257.8682   24.6218
    0.0000   22.5000   30.000012821.7139   24.6804
    7.5000   22.5000   30.000012139.0020   24.6871
   -7.5000   30.0000   30.000011174.8506   24.2430
    0.0000   30.0000   30.000011701.1650   24.3026
    7.5000   30.0000   30.000011051.4883   24.2984
   -7.5000   37.5000   30.000010544.8564   24.2837
    0.0000   37.5000   30.000011034.0508   24.3425
    7.5000   37.5000   30.000010409.7021   24.3285
   -7.5000   45.0000   30.0000 9480.0420   23.8193
    0.0000   45.0000   30.0000 9930.7988   23.8752
    7.5000   45.0000   30.0000 9337.3926   23.8615
   -7.5000  -45.0000   37.5000 9215.3799   24.7598
    0.0000  -45.0000   37.5000 9652.6787   24.8231
    7.5000  -45.0000   37.5000 9185.2842   24.8138
   -7.5000  -37.5000   37.5000 9773.3447   24.8187
    0.0000  -37.5000   37.500010248.1582   24.8805
    7.5000  -37.5000   37.5000 9759.3584   24.8822
   -7.5000  -30.0000   37.500010707.8086   24.7794
    0.0000  -30.0000   37.500011194.1416   24.8472
    7.5000  -30.0000   37.500010708.2979   24.8534
   -7.5000  -22.5000   37.500011555.7949   24.6770
    0.0000  -22.5000   37.500012003.9316   24.7530
    7.5000  -22.5000   37.500011573.5254   24.7519
   -7.5000  -15.0000   37.500012258.9961   24.6194
    0.0000  -15.0000   37.500012689.4795   24.6961
    7.5000  -15.0000   37.500012301.6855   24.6814
   -7.5000   -7.5000   37.500012977.7666   24.6629
    0.0000   -7.5000   37.500013436.6699   24.7329
    7.5000   -7.5000   37.500012991.9277   24.7145
   -7.5000    0.0000   37.500013643.5420   24.7598
    0.0000    0.0000   37.500014172.4424   24.8231
    7.5000    0.0000   37.500013597.7490   24.8138
   -7.5000    7.5000   37.500013265.3857   24.8187
    0.0000    7.5000   37.500013808.7188   24.8805
    7.5000    7.5000   37.500013187.9023   24.8822
   -7.5000   15.0000   37.500012814.4609   24.7794
    0.0000   15.0000   37.500013353.8701   24.8472
    7.5000   15.0000   37.500012766.0762   24.8534
   -7.5000   22.5000   37.500011837.7061   24.6657
    0.0000   22.5000   37.500012322.8652   24.7416
    7.5000   22.5000   37.500011752.1904   24.7405
   -7.5000   30.0000   37.500010814.5811   24.3008
    0.0000   30.0000   37.500011281.7881   24.3765
    7.5000   30.0000   37.500010694.9414   24.3619
   -7.5000   37.5000   37.500010150.3154   24.3438
    0.0000   37.5000   37.500010556.9990   24.4128
    7.5000   37.5000   37.500010019.7168   24.3947
   -7.5000   45.0000   37.5000 9073.5371   23.8656
    0.0000   45.0000   37.5000 9460.0781   23.9266
    7.5000   45.0000   37.5000 8969.9814   23.9177
   -7.5000  -45.0000   45.0000 8443.3027   24.9274
    0.0000  -45.0000   45.0000 8847.8145   24.9991
    7.5000  -45.0000   45.0000 8428.3936   24.9828
   -7.5000  -37.5000   45.0000 8925.1963   24.9730
    0.0000  -37.5000   45.0000 9377.3066   25.0376
    7.5000  -37.5000   45.0000 8938.6748   25.0287
   -7.5000  -30.0000   45.0000 9777.0312   24.9384
    0.0000  -30.0000   45.000010207.7549   25.0091
    7.5000  -30.0000   45.0000 9765.0879   24.9967
   -7.5000  -22.5000   45.000010541.4209   24.8534
    0.0000  -22.5000   45.000010969.2451   24.9386
    7.5000  -22.5000   45.000010518.4941   24.9140
   -7.5000  -15.0000   45.000011199.0840   24.8108
    0.0000  -15.0000   45.000011638.2764   24.9028
    7.5000  -15.0000   45.000011205.9385   24.8662
   -7.5000   -7.5000   45.000011819.3555   24.8500
    0.0000   -7.5000   45.000012297.2139   24.9348
    7.5000   -7.5000   45.000011835.4043   24.9027
   -7.5000    0.0000   45.000012411.0723   24.9274
    0.0000    0.0000   45.000012907.0469   24.9991
    7.5000    0.0000   45.000012384.3555   24.9828
   -7.5000    7.5000   45.000012107.6133   24.9730
    0.0000    7.5000   45.000012585.5098   25.0376
    7.5000    7.5000   45.000012036.5625   25.0287
   -7.5000   15.0000   45.000011726.7344   24.9384
    0.0000   15.0000   45.000012218.1533   25.0091
    7.5000   15.0000   45.000011677.8164   24.9967
   -7.5000   22.5000   45.000010849.2246   24.8419
    0.0000   22.5000   45.000011280.7705   24.9271
    7.5000   22.5000   45.000010771.7656   24.9025
   -7.5000   30.0000   45.0000 9881.8057   24.4876
    0.0000   30.0000   45.000010299.7510   24.5784
    7.5000   30.0000   45.0000 9831.2051   24.5422
   -7.5000   37.5000   45.0000 9267.0010   24.5262
    0.0000   37.5000   45.0000 9663.9404   24.6100
    7.5000   37.5000   45.0000 9187.8252   24.5783
   -7.5000   45.0000   45.0000 8300.2119   24.0380
    0.0000   45.0000   45.0000 8689.1689   24.1072
    7.5000   45.0000   45.0000 8235.1973   24.0914

---------------------------------------------------------------------
imgreg_4dfp /opt/freesurfer/average/711-2C_as_mni_average_305 /opt/freesurfer/average/711-2B_as_mni_average_305_mask talsrcimg_g11 none talsrcimg_to_711-2C_as_mni_average_305_t4 4355
---------------------------------------------------------------------

freesurfer imgreg_4dfp.c
/opt/freesurfer/average/711-2C_as_mni_average_305.4dfp.img
       256       256       256         1
  1.000000  1.000000  1.000000
orientation T byte_order littleendian
Reading image: /opt/freesurfer/average/711-2C_as_mni_average_305.4dfp.img
dimensions:      256       256       256
mmppix:       1.0000   -1.0000   -1.0000
center:     128.0000 -129.0000 -129.0000
/opt/freesurfer/average/711-2B_as_mni_average_305_mask.4dfp.img
       256       256       256         1
  1.000000  1.000000  1.000000
orientation T byte_order littleendian
Reading mask: /opt/freesurfer/average/711-2B_as_mni_average_305_mask.4dfp.img (2306576 pixels)
talsrcimg_g11.4dfp.img
       256       256       256         1
  1.000000  1.000000  1.000000
orientation T byte_order littleendian
Reading image: talsrcimg_g11.4dfp.img
dimensions:      256       256       256
mmppix:       1.0000   -1.0000   -1.0000
center:     128.0000 -129.0000 -129.0000
rotation matrix determinant  1.000000
image alignment mode   4355 decimal     1103 hex
   -7.5000  -45.0000  -45.0000 1920.0044   29.2492
    0.0000  -45.0000  -45.0000 1932.8942   29.0611
    7.5000  -45.0000  -45.0000 1910.7179   29.2526
   -7.5000  -37.5000  -45.0000 1997.8384   26.8793
    0.0000  -37.5000  -45.0000 2013.9076   26.8150
    7.5000  -37.5000  -45.0000 1995.4750   26.8649
   -7.5000  -30.0000  -45.0000 2079.5789   25.2189
    0.0000  -30.0000  -45.0000 2096.5286   25.1710
    7.5000  -30.0000  -45.0000 2084.8057   25.2107
   -7.5000  -22.5000  -45.0000 2127.9158   24.0112
    0.0000  -22.5000  -45.0000 2141.7224   23.9729
    7.5000  -22.5000  -45.0000 2130.8831   23.9727
   -7.5000  -15.0000  -45.0000 2150.0452   23.0957
    0.0000  -15.0000  -45.0000 2166.5676   22.9870
    7.5000  -15.0000  -45.0000 2154.1252   23.0635
   -7.5000   -7.5000  -45.0000 2161.1616   22.7885
    0.0000   -7.5000  -45.0000 2176.7234   22.6189
    7.5000   -7.5000  -45.0000 2162.6140   22.7844
   -7.5000    0.0000  -45.0000 2156.4146   22.8516
    0.0000    0.0000  -45.0000 2165.9500   22.7027
    7.5000    0.0000  -45.0000 2153.3403   22.7707
   -7.5000    7.5000  -45.0000 2135.4841   23.4776
    0.0000    7.5000  -45.0000 2152.7314   23.2198
    7.5000    7.5000  -45.0000 2133.4089   23.4182
   -7.5000   15.0000  -45.0000 2088.0359   24.7224
    0.0000   15.0000  -45.0000 2105.7725   24.4386
    7.5000   15.0000  -45.0000 2093.4248   24.6530
   -7.5000   22.5000  -45.0000 2036.4778   26.5132
    0.0000   22.5000  -45.0000 2058.2271   26.2564
    7.5000   22.5000  -45.0000 2041.6908   26.3901
   -7.5000   30.0000  -45.0000 1967.4326   28.8390
    0.0000   30.0000  -45.0000 1984.8413   28.6240
    7.5000   30.0000  -45.0000 1966.1759   28.8270
   -7.5000   37.5000  -45.0000 1875.2668   31.5983
    0.0000   37.5000  -45.0000 1892.6646   31.3343
    7.5000   37.5000  -45.0000 1874.4009   31.6368
   -7.5000   45.0000  -45.0000 1767.5161   35.2946
    0.0000   45.0000  -45.0000 1782.1172   34.8183
    7.5000   45.0000  -45.0000 1764.8488   35.2836
   -7.5000  -45.0000  -37.5000 2018.6306   26.6950
    0.0000  -45.0000  -37.5000 2027.7656   26.6103
    7.5000  -45.0000  -37.5000 2011.1018   26.6789
   -7.5000  -37.5000  -37.5000 2112.8291   24.6184
    0.0000  -37.5000  -37.5000 2127.6660   24.6400
    7.5000  -37.5000  -37.5000 2109.1501   24.5709
   -7.5000  -30.0000  -37.5000 2199.8162   23.0689
    0.0000  -30.0000  -37.5000 2213.4197   23.1208
    7.5000  -30.0000  -37.5000 2194.7136   23.0495
   -7.5000  -22.5000  -37.5000 2245.0503   21.9970
    0.0000  -22.5000  -37.5000 2264.0254   22.0261
    7.5000  -22.5000  -37.5000 2243.7383   21.9144
   -7.5000  -15.0000  -37.5000 2262.2029   21.1562
    0.0000  -15.0000  -37.5000 2287.9192   21.1569
    7.5000  -15.0000  -37.5000 2262.1284   21.1412
   -7.5000   -7.5000  -37.5000 2270.4797   20.9157
    0.0000   -7.5000  -37.5000 2294.5732   20.8172
    7.5000   -7.5000  -37.5000 2266.5356   20.8542
   -7.5000    0.0000  -37.5000 2260.8108   20.8765
    0.0000    0.0000  -37.5000 2281.2104   20.8271
    7.5000    0.0000  -37.5000 2259.5337   20.8614
   -7.5000    7.5000  -37.5000 2249.8892   21.4179
    0.0000    7.5000  -37.5000 2266.0334   21.2503
    7.5000    7.5000  -37.5000 2245.0642   21.3917
   -7.5000   15.0000  -37.5000 2203.2993   22.4493
    0.0000   15.0000  -37.5000 2223.9500   22.2816
    7.5000   15.0000  -37.5000 2202.6265   22.4263
   -7.5000   22.5000  -37.5000 2149.1785   24.1302
    0.0000   22.5000  -37.5000 2170.0691   23.9259
    7.5000   22.5000  -37.5000 2147.3718   24.0063
   -7.5000   30.0000  -37.5000 2067.9128   26.2866
    0.0000   30.0000  -37.5000 2086.8848   26.1133
    7.5000   30.0000  -37.5000 2062.0327   26.2206
   -7.5000   37.5000  -37.5000 1968.9716   28.9637
    0.0000   37.5000  -37.5000 1985.8563   28.6609
    7.5000   37.5000  -37.5000 1967.2551   28.8181
   -7.5000   45.0000  -37.5000 1854.3719   32.2640
    0.0000   45.0000  -37.5000 1871.0527   31.9412
    7.5000   45.0000  -37.5000 1851.4845   32.1897
   -7.5000  -45.0000  -30.0000 2142.0703   25.3851
    0.0000  -45.0000  -30.0000 2157.6543   25.4247
    7.5000  -45.0000  -30.0000 2132.1018   25.3783
   -7.5000  -37.5000  -30.0000 2251.9365   23.4207
    0.0000  -37.5000  -30.0000 2271.8110   23.4446
    7.5000  -37.5000  -30.0000 2241.1089   23.3578
   -7.5000  -30.0000  -30.0000 2336.1831   21.8677
    0.0000  -30.0000  -30.0000 2360.4626   21.9109
    7.5000  -30.0000  -30.0000 2327.0620   21.8210
   -7.5000  -22.5000  -30.0000 2384.8987   20.7807
    0.0000  -22.5000  -30.0000 2410.1560   20.7593
    7.5000  -22.5000  -30.0000 2386.5391   20.7262
   -7.5000  -15.0000  -30.0000 2411.7329   20.0685
    0.0000  -15.0000  -30.0000 2433.7234   20.0510
    7.5000  -15.0000  -30.0000 2411.3489   19.9997
   -7.5000   -7.5000  -30.0000 2428.3223   19.7974
    0.0000   -7.5000  -30.0000 2452.8896   19.7644
    7.5000   -7.5000  -30.0000 2423.2266   19.7312
   -7.5000    0.0000  -30.0000 2421.9824   19.8786
    0.0000    0.0000  -30.0000 2444.6414   19.7773
    7.5000    0.0000  -30.0000 2415.1987   19.7963
   -7.5000    7.5000  -30.0000 2405.2979   20.4009
    0.0000    7.5000  -30.0000 2424.5688   20.2578
    7.5000    7.5000  -30.0000 2395.3794   20.3427
   -7.5000   15.0000  -30.0000 2360.7930   21.3742
    0.0000   15.0000  -30.0000 2387.7349   21.1991
    7.5000   15.0000  -30.0000 2351.8721   21.2887
   -7.5000   22.5000  -30.0000 2298.4297   22.8564
    0.0000   22.5000  -30.0000 2316.9868   22.7089
    7.5000   22.5000  -30.0000 2288.8298   22.8242
   -7.5000   30.0000  -30.0000 2201.6267   24.8665
    0.0000   30.0000  -30.0000 2216.5884   24.7561
    7.5000   30.0000  -30.0000 2194.9485   24.8495
   -7.5000   37.5000  -30.0000 2094.4084   27.4132
    0.0000   37.5000  -30.0000 2101.5027   27.2545
    7.5000   37.5000  -30.0000 2085.9385   27.3592
   -7.5000   45.0000  -30.0000 1966.8370   30.5557
    0.0000   45.0000  -30.0000 1986.5311   30.3008
    7.5000   45.0000  -30.0000 1959.7308   30.4385
   -7.5000  -45.0000  -22.5000 2235.2649   24.0995
    0.0000  -45.0000  -22.5000 2255.9189   24.2452
    7.5000  -45.0000  -22.5000 2221.4377   24.1021
   -7.5000  -37.5000  -22.5000 2347.2788   22.1187
    0.0000  -37.5000  -22.5000 2376.1882   22.1893
    7.5000  -37.5000  -22.5000 2343.5969   22.1124
   -7.5000  -30.0000  -22.5000 2434.8335   20.5721
    0.0000  -30.0000  -22.5000 2458.4695   20.5621
    7.5000  -30.0000  -22.5000 2431.4497   20.5079
   -7.5000  -22.5000  -22.5000 2491.9294   19.4845
    0.0000  -22.5000  -22.5000 2512.2305   19.4387
    7.5000  -22.5000  -22.5000 2497.1228   19.4367
   -7.5000  -15.0000  -22.5000 2538.1929   18.8318
    0.0000  -15.0000  -22.5000 2554.3838   18.7779
    7.5000  -15.0000  -22.5000 2526.8708   18.7849
   -7.5000   -7.5000  -22.5000 2565.0120   18.5556
    0.0000   -7.5000  -22.5000 2588.3374   18.5016
    7.5000   -7.5000  -22.5000 2552.1487   18.4706
   -7.5000    0.0000  -22.5000 2561.9189   18.7081
    0.0000    0.0000  -22.5000 2586.1765   18.6250
    7.5000    0.0000  -22.5000 2555.7156   18.6147
   -7.5000    7.5000  -22.5000 2540.0447   19.3323
    0.0000    7.5000  -22.5000 2564.4277   19.1745
    7.5000    7.5000  -22.5000 2531.6760   19.2500
   -7.5000   15.0000  -22.5000 2494.4673   20.2708
    0.0000   15.0000  -22.5000 2520.8799   20.1035
    7.5000   15.0000  -22.5000 2485.8403   20.1753
   -7.5000   22.5000  -22.5000 2424.4319   21.6166
    0.0000   22.5000  -22.5000 2448.2925   21.4965
    7.5000   22.5000  -22.5000 2415.7520   21.6163
   -7.5000   30.0000  -22.5000 2315.4707   23.4651
    0.0000   30.0000  -22.5000 2340.2197   23.3423
    7.5000   30.0000  -22.5000 2309.6045   23.4546
   -7.5000   37.5000  -22.5000 2196.4968   25.8717
    0.0000   37.5000  -22.5000 2213.8555   25.7291
    7.5000   37.5000  -22.5000 2188.2974   25.8485
   -7.5000   45.0000  -22.5000 2063.5510   28.9143
    0.0000   45.0000  -22.5000 2076.9285   28.7032
    7.5000   45.0000  -22.5000 2057.0193   28.8537
   -7.5000  -45.0000  -15.0000 2282.5417   22.8631
    0.0000  -45.0000  -15.0000 2311.6013   22.9760
    7.5000  -45.0000  -15.0000 2280.5454   22.9234
   -7.5000  -37.5000  -15.0000 2395.6780   20.8814
    0.0000  -37.5000  -15.0000 2428.6611   20.9462
    7.5000  -37.5000  -15.0000 2397.5823   20.8978
   -7.5000  -30.0000  -15.0000 2486.6897   19.3650
    0.0000  -30.0000  -15.0000 2518.0039   19.3632
    7.5000  -30.0000  -15.0000 2493.2617   19.3310
   -7.5000  -22.5000  -15.0000 2555.0649   18.2721
    0.0000  -22.5000  -15.0000 2579.3745   18.1892
    7.5000  -22.5000  -15.0000 2562.8157   18.2032
   -7.5000  -15.0000  -15.0000 2615.9656   17.6573
    0.0000  -15.0000  -15.0000 2632.7944   17.5926
    7.5000  -15.0000  -15.0000 2609.4138   17.6405
   -7.5000   -7.5000  -15.0000 2650.6885   17.3790
    0.0000   -7.5000  -15.0000 2677.3223   17.3452
    7.5000   -7.5000  -15.0000 2638.6411   17.3441
   -7.5000    0.0000  -15.0000 2659.5879   17.5109
    0.0000    0.0000  -15.0000 2688.2725   17.4591
    7.5000    0.0000  -15.0000 2652.3215   17.4504
   -7.5000    7.5000  -15.0000 2638.3367   18.1872
    0.0000    7.5000  -15.0000 2675.3335   18.1072
    7.5000    7.5000  -15.0000 2638.3730   18.1489
   -7.5000   15.0000  -15.0000 2592.2161   19.1759
    0.0000   15.0000  -15.0000 2626.5352   19.0262
    7.5000   15.0000  -15.0000 2589.1677   19.1569
   -7.5000   22.5000  -15.0000 2509.7148   20.4790
    0.0000   22.5000  -15.0000 2540.3127   20.3531
    7.5000   22.5000  -15.0000 2508.5266   20.4880
   -7.5000   30.0000  -15.0000 2403.0103   22.1999
    0.0000   30.0000  -15.0000 2426.9761   22.0764
    7.5000   30.0000  -15.0000 2399.5962   22.2147
   -7.5000   37.5000  -15.0000 2281.7437   24.4659
    0.0000   37.5000  -15.0000 2305.9580   24.3452
    7.5000   37.5000  -15.0000 2279.5754   24.5126
   -7.5000   45.0000  -15.0000 2133.6514   27.4115
    0.0000   45.0000  -15.0000 2155.2495   27.3017
    7.5000   45.0000  -15.0000 2129.1367   27.4077
   -7.5000  -45.0000   -7.5000 2323.4946   21.8298
    0.0000  -45.0000   -7.5000 2342.0659   21.7819
    7.5000  -45.0000   -7.5000 2326.7534   21.9223
   -7.5000  -37.5000   -7.5000 2429.0146   19.7991
    0.0000  -37.5000   -7.5000 2452.0527   19.7700
    7.5000  -37.5000   -7.5000 2442.9470   19.8821
   -7.5000  -30.0000   -7.5000 2533.5894   18.2823
    0.0000  -30.0000   -7.5000 2563.5654   18.1969
    7.5000  -30.0000   -7.5000 2547.0298   18.3101
   -7.5000  -22.5000   -7.5000 2620.0491   17.2050
    0.0000  -22.5000   -7.5000 2648.0176   17.1239
    7.5000  -22.5000   -7.5000 2629.6086   17.1810
   -7.5000  -15.0000   -7.5000 2691.2522   16.5883
    0.0000  -15.0000   -7.5000 2717.0457   16.5088
    7.5000  -15.0000   -7.5000 2690.0940   16.5864
   -7.5000   -7.5000   -7.5000 2739.3176   16.2919
    0.0000   -7.5000   -7.5000 2768.1636   16.2444
    7.5000   -7.5000   -7.5000 2726.4136   16.3065
   -7.5000    0.0000   -7.5000 2744.7583   16.4214
    0.0000    0.0000   -7.5000 2779.4771   16.3347
    7.5000    0.0000   -7.5000 2740.8469   16.4195
   -7.5000    7.5000   -7.5000 2724.5464   17.0400
    0.0000    7.5000   -7.5000 2764.3320   16.9275
    7.5000    7.5000   -7.5000 2729.6511   17.0376
   -7.5000   15.0000   -7.5000 2671.5774   18.0098
    0.0000   15.0000   -7.5000 2704.4458   17.8859
    7.5000   15.0000   -7.5000 2669.2712   18.0190
   -7.5000   22.5000   -7.5000 2583.7585   19.3024
    0.0000   22.5000   -7.5000 2611.7131   19.1756
    7.5000   22.5000   -7.5000 2578.9912   19.3454
   -7.5000   30.0000   -7.5000 2471.0371   21.0564
    0.0000   30.0000   -7.5000 2491.6802   20.9051
    7.5000   30.0000   -7.5000 2464.5935   21.0835
   -7.5000   37.5000   -7.5000 2341.9133   23.3356
    0.0000   37.5000   -7.5000 2369.1750   23.1351
    7.5000   37.5000   -7.5000 2341.8057   23.3073
   -7.5000   45.0000   -7.5000 2183.8455   26.0963
    0.0000   45.0000   -7.5000 2208.4395   25.9094
    7.5000   45.0000   -7.5000 2184.7285   26.0789
   -7.5000  -45.0000    0.0000 2342.8511   21.0176
    0.0000  -45.0000    0.0000 2363.7295   20.9344
    7.5000  -45.0000    0.0000 2351.7969   21.1668
   -7.5000  -37.5000    0.0000 2451.4844   19.0881
    0.0000  -37.5000    0.0000 2478.0435   18.9783
    7.5000  -37.5000    0.0000 2464.1062   19.1398
   -7.5000  -30.0000    0.0000 2567.0146   17.5730
    0.0000  -30.0000    0.0000 2596.7781   17.4136
    7.5000  -30.0000    0.0000 2580.6426   17.5651
   -7.5000  -22.5000    0.0000 2671.8860   16.4676
    0.0000  -22.5000    0.0000 2703.1904   16.2895
    7.5000  -22.5000    0.0000 2682.2603   16.4286
   -7.5000  -15.0000    0.0000 2756.6462   15.7801
    0.0000  -15.0000    0.0000 2793.3857   15.6652
    7.5000  -15.0000    0.0000 2758.9250   15.7988
   -7.5000   -7.5000    0.0000 2813.9348   15.4856
    0.0000   -7.5000    0.0000 2848.7192   15.3263
    7.5000   -7.5000    0.0000 2805.6091   15.4714
   -7.5000    0.0000    0.0000 2824.9805   15.5939
    0.0000    0.0000    0.0000 2862.0027   15.4112
    7.5000    0.0000    0.0000 2817.1514   15.5733
   -7.5000    7.5000    0.0000 2800.1978   16.1658
    0.0000    7.5000    0.0000 2837.7937   16.0063
    7.5000    7.5000    0.0000 2803.4233   16.1816
   -7.5000   15.0000    0.0000 2731.5142   17.0686
    0.0000   15.0000    0.0000 2760.3872   16.8980
    7.5000   15.0000    0.0000 2735.5908   17.1667
   -7.5000   22.5000    0.0000 2632.8406   18.4402
    0.0000   22.5000    0.0000 2663.8901   18.2413
    7.5000   22.5000    0.0000 2635.7434   18.5415
   -7.5000   30.0000    0.0000 2519.3438   20.2308
    0.0000   30.0000    0.0000 2539.6660   20.0525
    7.5000   30.0000    0.0000 2512.2378   20.3498
   -7.5000   37.5000    0.0000 2385.7517   22.3952
    0.0000   37.5000    0.0000 2409.0200   22.2120
    7.5000   37.5000    0.0000 2382.3464   22.4782
   -7.5000   45.0000    0.0000 2229.4280   24.9684
    0.0000   45.0000    0.0000 2248.7937   24.8204
    7.5000   45.0000    0.0000 2220.9414   25.1054
   -7.5000  -45.0000    7.5000 2365.6902   20.7109
    0.0000  -45.0000    7.5000 2369.2156   20.2879
    7.5000  -45.0000    7.5000 2368.4609   20.7850
   -7.5000  -37.5000    7.5000 2477.6963   18.7205
    0.0000  -37.5000    7.5000 2485.7412   18.3577
    7.5000  -37.5000    7.5000 2482.4231   18.7462
   -7.5000  -30.0000    7.5000 2592.3323   17.1940
    0.0000  -30.0000    7.5000 2609.1199   16.8483
    7.5000  -30.0000    7.5000 2601.6982   17.1559
   -7.5000  -22.5000    7.5000 2702.1296   16.0239
    0.0000  -22.5000    7.5000 2727.1758   15.7200
    7.5000  -22.5000    7.5000 2708.5959   15.9895
   -7.5000  -15.0000    7.5000 2804.1548   15.3373
    0.0000  -15.0000    7.5000 2839.4885   15.0966
    7.5000  -15.0000    7.5000 2807.0366   15.3133
   -7.5000   -7.5000    7.5000 2877.6404   14.9952
    0.0000   -7.5000    7.5000 2922.8845   14.6391
    7.5000   -7.5000    7.5000 2865.6531   14.9693
   -7.5000    0.0000    7.5000 2904.2644   15.0927
    0.0000    0.0000    7.5000 2949.9866   14.7392
    7.5000    0.0000    7.5000 2888.8479   15.1392
   -7.5000    7.5000    7.5000 2867.4404   15.6805
    0.0000    7.5000    7.5000 2900.7600   15.3210
    7.5000    7.5000    7.5000 2862.4692   15.7328
   -7.5000   15.0000    7.5000 2784.8049   16.5769
    0.0000   15.0000    7.5000 2810.3635   16.2563
    7.5000   15.0000    7.5000 2785.5569   16.6660
   -7.5000   22.5000    7.5000 2681.3833   17.9630
    0.0000   22.5000    7.5000 2707.7505   17.6630
    7.5000   22.5000    7.5000 2680.0369   17.9964
   -7.5000   30.0000    7.5000 2549.2795   19.7506
    0.0000   30.0000    7.5000 2570.4238   19.5078
    7.5000   30.0000    7.5000 2550.8394   19.8138
   -7.5000   37.5000    7.5000 2412.2239   21.9032
    0.0000   37.5000    7.5000 2429.6821   21.6864
    7.5000   37.5000    7.5000 2407.8591   21.9584
   -7.5000   45.0000    7.5000 2251.7131   24.5163
    0.0000   45.0000    7.5000 2264.4448   24.2607
    7.5000   45.0000    7.5000 2242.2942   24.6393
   -7.5000  -45.0000   15.0000 2364.8950   20.5279
    0.0000  -45.0000   15.0000 2362.2942   20.0841
    7.5000  -45.0000   15.0000 2357.1450   20.6261
   -7.5000  -37.5000   15.0000 2479.4885   18.6088
    0.0000  -37.5000   15.0000 2473.8076   18.1866
    7.5000  -37.5000   15.0000 2472.4702   18.6623
   -7.5000  -30.0000   15.0000 2591.9385   17.0617
    0.0000  -30.0000   15.0000 2594.8250   16.6089
    7.5000  -30.0000   15.0000 2593.2688   17.0957
   -7.5000  -22.5000   15.0000 2704.1553   15.8340
    0.0000  -22.5000   15.0000 2715.5491   15.4049
    7.5000  -22.5000   15.0000 2709.4089   15.8900
   -7.5000  -15.0000   15.0000 2819.0786   15.1989
    0.0000  -15.0000   15.0000 2840.8530   14.8715
    7.5000  -15.0000   15.0000 2819.3999   15.2016
   -7.5000   -7.5000   15.0000 2902.8459   14.9017
    0.0000   -7.5000   15.0000 2953.0159   14.5647
    7.5000   -7.5000   15.0000 2885.9626   14.9199
   -7.5000    0.0000   15.0000 2946.9312   15.0226
    0.0000    0.0000   15.0000 3005.4177   14.5896
    7.5000    0.0000   15.0000 2910.8354   15.0669
   -7.5000    7.5000   15.0000 2895.2461   15.5634
    0.0000    7.5000   15.0000 2941.8582   15.2350
    7.5000    7.5000   15.0000 2884.3618   15.6151
   -7.5000   15.0000   15.0000 2799.4556   16.4184
    0.0000   15.0000   15.0000 2839.3005   16.1258
    7.5000   15.0000   15.0000 2802.7112   16.4492
   -7.5000   22.5000   15.0000 2689.5908   17.7747
    0.0000   22.5000   15.0000 2722.7319   17.5374
    7.5000   22.5000   15.0000 2691.1665   17.7475
   -7.5000   30.0000   15.0000 2557.3743   19.5647
    0.0000   30.0000   15.0000 2578.8989   19.3753
    7.5000   30.0000   15.0000 2552.6077   19.5386
   -7.5000   37.5000   15.0000 2417.1660   21.6743
    0.0000   37.5000   15.0000 2438.9160   21.5448
    7.5000   37.5000   15.0000 2404.5081   21.7045
   -7.5000   45.0000   15.0000 2251.7424   24.2830
    0.0000   45.0000   15.0000 2270.8064   24.2058
    7.5000   45.0000   15.0000 2244.0771   24.3406
   -7.5000  -45.0000   22.5000 2355.5742   20.6530
    0.0000  -45.0000   22.5000 2346.3047   20.1591
    7.5000  -45.0000   22.5000 2355.5020   20.8704
   -7.5000  -37.5000   22.5000 2467.7212   18.7214
    0.0000  -37.5000   22.5000 2459.6724   18.2530
    7.5000  -37.5000   22.5000 2466.3716   18.8649
   -7.5000  -30.0000   22.5000 2585.7627   17.2274
    0.0000  -30.0000   22.5000 2580.8030   16.7284
    7.5000  -30.0000   22.5000 2584.8066   17.2718
   -7.5000  -22.5000   22.5000 2699.6511   16.0480
    0.0000  -22.5000   22.5000 2703.3591   15.6470
    7.5000  -22.5000   22.5000 2700.2173   16.0823
   -7.5000  -15.0000   22.5000 2797.8245   15.2902
    0.0000  -15.0000   22.5000 2826.2429   15.0276
    7.5000  -15.0000   22.5000 2801.8191   15.3648
   -7.5000   -7.5000   22.5000 2879.2048   15.0082
    0.0000   -7.5000   22.5000 2915.7676   14.7678
    7.5000   -7.5000   22.5000 2864.6682   15.1131
   -7.5000    0.0000   22.5000 2918.0361   15.2129
    0.0000    0.0000   22.5000 2962.1389   15.0278
    7.5000    0.0000   22.5000 2889.9158   15.2870
   -7.5000    7.5000   22.5000 2869.5078   15.7720
    0.0000    7.5000   22.5000 2920.6414   15.6328
    7.5000    7.5000   22.5000 2860.9121   15.8167
   -7.5000   15.0000   22.5000 2786.4260   16.6274
    0.0000   15.0000   22.5000 2830.6074   16.4411
    7.5000   15.0000   22.5000 2779.9229   16.6384
   -7.5000   22.5000   22.5000 2681.0576   17.9695
    0.0000   22.5000   22.5000 2713.9731   17.7458
    7.5000   22.5000   22.5000 2680.5608   17.9232
   -7.5000   30.0000   22.5000 2551.2717   19.6804
    0.0000   30.0000   22.5000 2572.1416   19.4620
    7.5000   30.0000   22.5000 2545.4629   19.6052
   -7.5000   37.5000   22.5000 2411.3936   21.7552
    0.0000   37.5000   22.5000 2426.1860   21.5582
    7.5000   37.5000   22.5000 2405.1719   21.7424
   -7.5000   45.0000   22.5000 2244.4124   24.3548
    0.0000   45.0000   22.5000 2259.0735   24.1900
    7.5000   45.0000   22.5000 2241.4668   24.3681
   -7.5000  -45.0000   30.0000 2332.0745   21.1144
    0.0000  -45.0000   30.0000 2338.0427   20.8154
    7.5000  -45.0000   30.0000 2325.2007   21.3537
   -7.5000  -37.5000   30.0000 2444.3979   19.2318
    0.0000  -37.5000   30.0000 2448.8125   18.9053
    7.5000  -37.5000   30.0000 2438.6238   19.4705
   -7.5000  -30.0000   30.0000 2567.1816   17.7529
    0.0000  -30.0000   30.0000 2566.3413   17.3535
    7.5000  -30.0000   30.0000 2561.0471   17.8943
   -7.5000  -22.5000   30.0000 2679.1213   16.5746
    0.0000  -22.5000   30.0000 2679.2910   16.2219
    7.5000  -22.5000   30.0000 2674.4084   16.6732
   -7.5000  -15.0000   30.0000 2759.7339   15.7501
    0.0000  -15.0000   30.0000 2771.0698   15.3849
    7.5000  -15.0000   30.0000 2762.8501   15.9287
   -7.5000   -7.5000   30.0000 2829.7058   15.4579
    0.0000   -7.5000   30.0000 2853.5281   15.1547
    7.5000   -7.5000   30.0000 2824.7595   15.5700
   -7.5000    0.0000   30.0000 2849.5647   15.6826
    0.0000    0.0000   30.0000 2877.3904   15.4312
    7.5000    0.0000   30.0000 2835.6272   15.7152
   -7.5000    7.5000   30.0000 2807.3899   16.2818
    0.0000    7.5000   30.0000 2850.0393   16.0482
    7.5000    7.5000   30.0000 2801.9915   16.2768
   -7.5000   15.0000   30.0000 2738.8188   17.1965
    0.0000   15.0000   30.0000 2772.1646   16.9724
    7.5000   15.0000   30.0000 2730.4177   17.1796
   -7.5000   22.5000   30.0000 2635.6953   18.4693
    0.0000   22.5000   30.0000 2664.1616   18.2806
    7.5000   22.5000   30.0000 2635.9912   18.4635
   -7.5000   30.0000   30.0000 2513.9866   20.0741
    0.0000   30.0000   30.0000 2535.7024   19.9031
    7.5000   30.0000   30.0000 2509.7761   20.0744
   -7.5000   37.5000   30.0000 2371.7424   22.0563
    0.0000   37.5000   30.0000 2393.1396   21.9342
    7.5000   37.5000   30.0000 2372.0408   22.0640
   -7.5000   45.0000   30.0000 2206.5527   24.7107
    0.0000   45.0000   30.0000 2227.2146   24.5338
    7.5000   45.0000   30.0000 2210.7795   24.6479
   -7.5000  -45.0000   37.5000 2299.0071   22.0630
    0.0000  -45.0000   37.5000 2306.0869   21.7207
    7.5000  -45.0000   37.5000 2292.8826   22.3833
   -7.5000  -37.5000   37.5000 2413.8105   20.0823
    0.0000  -37.5000   37.5000 2424.7791   19.7050
    7.5000  -37.5000   37.5000 2406.9873   20.3781
   -7.5000  -30.0000   37.5000 2537.0679   18.5237
    0.0000  -30.0000   37.5000 2540.9573   18.1029
    7.5000  -30.0000   37.5000 2529.6453   18.7201
   -7.5000  -22.5000   37.5000 2644.6584   17.2583
    0.0000  -22.5000   37.5000 2641.7427   16.8190
    7.5000  -22.5000   37.5000 2642.3674   17.4708
   -7.5000  -15.0000   37.5000 2718.6609   16.4244
    0.0000  -15.0000   37.5000 2725.7097   16.0539
    7.5000  -15.0000   37.5000 2717.7949   16.6863
   -7.5000   -7.5000   37.5000 2777.1128   16.1873
    0.0000   -7.5000   37.5000 2783.0642   15.9467
    7.5000   -7.5000   37.5000 2768.0046   16.3975
   -7.5000    0.0000   37.5000 2773.6577   16.4236
    0.0000    0.0000   37.5000 2797.0649   16.2010
    7.5000    0.0000   37.5000 2762.7449   16.5302
   -7.5000    7.5000   37.5000 2729.3777   17.0184
    0.0000    7.5000   37.5000 2763.4294   16.7932
    7.5000    7.5000   37.5000 2720.0898   17.0446
   -7.5000   15.0000   37.5000 2663.2639   17.9440
    0.0000   15.0000   37.5000 2689.7297   17.6863
    7.5000   15.0000   37.5000 2656.3030   17.9120
   -7.5000   22.5000   37.5000 2575.8259   19.2711
    0.0000   22.5000   37.5000 2596.7761   19.0646
    7.5000   22.5000   37.5000 2572.9150   19.2731
   -7.5000   30.0000   37.5000 2464.4866   20.9185
    0.0000   30.0000   37.5000 2486.4739   20.7863
    7.5000   30.0000   37.5000 2456.8083   20.8504
   -7.5000   37.5000   37.5000 2321.7920   22.8757
    0.0000   37.5000   37.5000 2337.3894   22.6904
    7.5000   37.5000   37.5000 2325.1191   22.7911
   -7.5000   45.0000   37.5000 2157.1641   25.3789
    0.0000   45.0000   37.5000 2177.9119   25.2020
    7.5000   45.0000   37.5000 2161.7017   25.3402
   -7.5000  -45.0000   45.0000 2255.8162   23.0536
    0.0000  -45.0000   45.0000 2268.5076   22.8069
    7.5000  -45.0000   45.0000 2251.9458   23.3871
   -7.5000  -37.5000   45.0000 2369.0771   20.9849
    0.0000  -37.5000   45.0000 2386.1541   20.7619
    7.5000  -37.5000   45.0000 2364.9189   21.2994
   -7.5000  -30.0000   45.0000 2488.4026   19.3592
    0.0000  -30.0000   45.0000 2486.9878   19.0107
    7.5000  -30.0000   45.0000 2478.2368   19.6280
   -7.5000  -22.5000   45.0000 2585.2166   18.0999
    0.0000  -22.5000   45.0000 2587.2263   17.7095
    7.5000  -22.5000   45.0000 2575.8491   18.3365
   -7.5000  -15.0000   45.0000 2656.4299   17.3247
    0.0000  -15.0000   45.0000 2657.8228   17.0385
    7.5000  -15.0000   45.0000 2648.9106   17.5733
   -7.5000   -7.5000   45.0000 2692.7961   17.1446
    0.0000   -7.5000   45.0000 2698.2168   16.9508
    7.5000   -7.5000   45.0000 2685.4927   17.3835
   -7.5000    0.0000   45.0000 2689.9436   17.3709
    0.0000    0.0000   45.0000 2705.1692   17.1575
    7.5000    0.0000   45.0000 2680.6609   17.5238
   -7.5000    7.5000   45.0000 2645.0276   17.9956
    0.0000    7.5000   45.0000 2669.7012   17.8044
    7.5000    7.5000   45.0000 2634.7229   18.0612
   -7.5000   15.0000   45.0000 2573.0554   18.9136
    0.0000   15.0000   45.0000 2598.9182   18.7185
    7.5000   15.0000   45.0000 2569.6050   18.9277
   -7.5000   22.5000   45.0000 2492.0298   20.1865
    0.0000   22.5000   45.0000 2514.8252   20.0336
    7.5000   22.5000   45.0000 2489.7971   20.2488
   -7.5000   30.0000   45.0000 2382.8071   21.9140
    0.0000   30.0000   45.0000 2406.2000   21.8123
    7.5000   30.0000   45.0000 2387.1011   21.9459
   -7.5000   37.5000   45.0000 2245.4727   23.9234
    0.0000   37.5000   45.0000 2270.2305   23.8347
    7.5000   37.5000   45.0000 2248.4136   23.9595
   -7.5000   45.0000   45.0000 2096.7788   26.4078
    0.0000   45.0000   45.0000 2123.6704   26.3226
    7.5000   45.0000   45.0000 2097.6858   26.5153

---------------------------------------------------------------------
imgreg_4dfp /opt/freesurfer/average/711-2C_as_mni_average_305 /opt/freesurfer/average/711-2B_as_mni_average_305_mask talsrcimg_g11 none talsrcimg_to_711-2C_as_mni_average_305_t4 1283
---------------------------------------------------------------------

freesurfer imgreg_4dfp.c
/opt/freesurfer/average/711-2C_as_mni_average_305.4dfp.img
       256       256       256         1
  1.000000  1.000000  1.000000
orientation T byte_order littleendian
Reading image: /opt/freesurfer/average/711-2C_as_mni_average_305.4dfp.img
dimensions:      256       256       256
mmppix:       1.0000   -1.0000   -1.0000
center:     128.0000 -129.0000 -129.0000
/opt/freesurfer/average/711-2B_as_mni_average_305_mask.4dfp.img
       256       256       256         1
  1.000000  1.000000  1.000000
orientation T byte_order littleendian
Reading mask: /opt/freesurfer/average/711-2B_as_mni_average_305_mask.4dfp.img (2306576 pixels)
talsrcimg_g11.4dfp.img
       256       256       256         1
  1.000000  1.000000  1.000000
orientation T byte_order littleendian
Reading image: talsrcimg_g11.4dfp.img
dimensions:      256       256       256
mmppix:       1.0000   -1.0000   -1.0000
center:     128.0000 -129.0000 -129.0000
rotation matrix determinant  1.000000
fimgreg.f
image alignment mode   1283 decimal      503 hex
parameters
    0.0000    0.0000   15.0000    0.0000    0.0000    0.0000
eta,q 0.94371 14.64465
niter,ni,del,rscale     5    3   12.0000    1.2000
parameters
   -1.3545    0.0249   15.3024    0.2609    1.9771    0.1508
eta,q 0.94419 14.52564
  0.0664  0.0714  0.0648  0.0664  0.0691  0.0632
  0.0583  0.0636  0.0622  0.0610  0.0635  0.0591
  0.0580  0.0591  0.0595  0.0574  0.0590  0.0564
  0.0591  0.0577  0.0576  0.0568  0.0565  0.0558
  0.0607  0.0586  0.0572  0.0575  0.0558  0.0565
  0.0681  0.0637  0.0601  0.0609  0.0565  0.0590
  0.0801  0.0711  0.0648  0.0641  0.0592  0.0622
niter,ni,del,rscale     4    3   12.0000    1.2000
parameters
   -1.5547   -0.1085   15.0848    0.4984    1.8015    0.0523
eta,q 0.94432 14.53059
  0.0719  0.0691  0.0643  0.0661  0.0634  0.0629
  0.0600  0.0620  0.0607  0.0606  0.0590  0.0589
  0.0553  0.0574  0.0568  0.0567  0.0566  0.0564
  0.0558  0.0558  0.0558  0.0558  0.0557  0.0557
  0.0570  0.0576  0.0578  0.0572  0.0566  0.0569
  0.0629  0.0629  0.0613  0.0604  0.0592  0.0596
  0.0731  0.0704  0.0655  0.0639  0.0648  0.0630
niter,ni,del,rscale     3    3   12.0000    1.2000
parameters
   -1.4987   -0.2054   15.1322    0.6067    1.8007   -0.0009
eta,q 0.94424 14.53191
  0.0733  0.0690  0.0648  0.0657  0.0638  0.0630
  0.0613  0.0620  0.0612  0.0601  0.0592  0.0591
  0.0555  0.0574  0.0573  0.0565  0.0568  0.0564
  0.0557  0.0557  0.0557  0.0557  0.0558  0.0558
  0.0568  0.0574  0.0573  0.0574  0.0565  0.0568
  0.0616  0.0626  0.0607  0.0606  0.0589  0.0595
  0.0716  0.0700  0.0647  0.0641  0.0642  0.0630
niter,ni,del,rscale     2    3   12.0000    1.2000
parameters
   -1.5023   -0.2441   15.1568    0.6572    1.7997   -0.0329
eta,q 0.94422 14.53387
  0.0729  0.0692  0.0648  0.0655  0.0639  0.0631
  0.0610  0.0622  0.0612  0.0600  0.0592  0.0591
  0.0555  0.0576  0.0573  0.0565  0.0568  0.0565
  0.0558  0.0558  0.0558  0.0558  0.0558  0.0558
  0.0569  0.0573  0.0574  0.0576  0.0565  0.0568
  0.0618  0.0624  0.0608  0.0607  0.0589  0.0595
  0.0720  0.0697  0.0648  0.0642  0.0642  0.0629
registration optimization eta report
parameter search radius
    6.0000    6.0000    6.0000    6.0000    6.0000    6.0000
100000*second partial in parameter space
       49.       38.       24.       25.       23.       20.
  0.0729  0.0692  0.0648  0.0655  0.0639  0.0631
  0.0610  0.0622  0.0612  0.0600  0.0592  0.0591
  0.0555  0.0576  0.0573  0.0565  0.0568  0.0565
  0.0558  0.0558  0.0558  0.0558  0.0558  0.0558
  0.0569  0.0573  0.0574  0.0576  0.0565  0.0568
  0.0618  0.0624  0.0608  0.0607  0.0589  0.0595
  0.0720  0.0697  0.0648  0.0642  0.0642  0.0629
   -1.5023   -0.2441   15.1568    0.6572    1.7997   -0.0329
eta,q 0.94422 14.53387

---------------------------------------------------------------------
imgreg_4dfp /opt/freesurfer/average/711-2C_as_mni_average_305 /opt/freesurfer/average/711-2B_as_mni_average_305_mask talsrcimg_g11 none talsrcimg_to_711-2C_as_mni_average_305_t4 3335
---------------------------------------------------------------------

freesurfer imgreg_4dfp.c
/opt/freesurfer/average/711-2C_as_mni_average_305.4dfp.img
       256       256       256         1
  1.000000  1.000000  1.000000
orientation T byte_order littleendian
Reading image: /opt/freesurfer/average/711-2C_as_mni_average_305.4dfp.img
dimensions:      256       256       256
mmppix:       1.0000   -1.0000   -1.0000
center:     128.0000 -129.0000 -129.0000
/opt/freesurfer/average/711-2B_as_mni_average_305_mask.4dfp.img
       256       256       256         1
  1.000000  1.000000  1.000000
orientation T byte_order littleendian
Reading mask: /opt/freesurfer/average/711-2B_as_mni_average_305_mask.4dfp.img (2306576 pixels)
talsrcimg_g11.4dfp.img
       256       256       256         1
  1.000000  1.000000  1.000000
orientation T byte_order littleendian
Reading image: talsrcimg_g11.4dfp.img
dimensions:      256       256       256
mmppix:       1.0000   -1.0000   -1.0000
center:     128.0000 -129.0000 -129.0000
fimgreg.f
image alignment mode   3335 decimal      D07 hex
parameters
   -1.5023   -0.2441   15.1568   -0.0493   -0.0066   -0.0559
    0.0214   -3.1411   -0.0574   -1.1452    3.1406    1.1464
eta,q 0.94603 14.62677
niter,ni,del,rscale     5    3    5.0000    1.2000
parameter  4  2.922344 ->  0.500000 qaram    1.1500
parameter  5  2.460081 ->  0.500000 qaram    1.1500
parameter  6  0.629910 ->  0.500000 qaram    1.1500
parameters
   -1.2361   -0.0640   16.3548   -4.1893   -4.1466   -4.1959
    0.7147   -1.7202    2.2925   -1.4215    2.4599   -0.8224
eta,q 0.96334 14.59167
  0.0576  0.0568  0.0580  0.0414  0.0366  0.0384  0.0413  0.0491  0.0411  0.0399  0.0389  0.0372
  0.0559  0.0555  0.0563  0.0434  0.0387  0.0376  0.0393  0.0440  0.0393  0.0384  0.0376  0.0369
  0.0547  0.0545  0.0548  0.0476  0.0413  0.0372  0.0380  0.0398  0.0379  0.0372  0.0368  0.0367
  0.0540  0.0539  0.0538  0.0532  0.0444  0.0394  0.0374  0.0374  0.0370  0.0367  0.0367  0.0367
  0.0540  0.0540  0.0533  0.0600  0.0480  0.0452  0.0376  0.0371  0.0367  0.0371  0.0372  0.0370
  0.0548  0.0548  0.0533  0.0660  0.0518  0.0518  0.0385  0.0389  0.0370  0.0385  0.0383  0.0377
  0.0565  0.0562  0.0539  0.0708  0.0563  0.0573  0.0400  0.0429  0.0379  0.0407  0.0399  0.0389
niter,ni,del,rscale     7    3    5.0000    1.2000
parameter  2  0.538899 ->  0.500000 qaram    1.1500
parameter  3  1.198639 ->  0.500000 qaram    1.1500
parameter  5  1.409538 ->  0.500000 qaram    1.3225
parameters
   -1.2658   -1.4440   14.9748   -7.4914   -8.9076   -4.8990
   -0.1885   -1.8526    2.1890   -1.7233    1.9998   -1.9874
eta,q 0.97046 14.42021
  0.0421  0.0365  0.0330  0.0355  0.0280  0.0345  0.0325  0.0363  0.0324  0.0337  0.0309  0.0311
  0.0389  0.0359  0.0332  0.0338  0.0287  0.0327  0.0307  0.0321  0.0309  0.0314  0.0301  0.0302
  0.0371  0.0360  0.0342  0.0327  0.0304  0.0312  0.0298  0.0301  0.0299  0.0300  0.0297  0.0296
  0.0367  0.0367  0.0358  0.0334  0.0328  0.0291  0.0297  0.0296  0.0296  0.0296  0.0296  0.0296
  0.0375  0.0380  0.0379  0.0373  0.0362  0.0285  0.0305  0.0303  0.0300  0.0302  0.0298  0.0301
  0.0393  0.0399  0.0403  0.0437  0.0395  0.0326  0.0321  0.0325  0.0310  0.0319  0.0303  0.0311
  0.0421  0.0423  0.0430  0.0509  0.0434  0.0398  0.0342  0.0367  0.0325  0.0345  0.0313  0.0324
niter,ni,del,rscale     7    3    5.0000    1.2000
parameters
   -1.3511   -1.3080   13.8410   -7.6575  -11.2442   -5.3699
   -0.1317   -1.8767    2.3635   -0.7294    2.3999   -3.3768
eta,q 0.97155 14.32836
  0.0338  0.0345  0.0301  0.0347  0.0324  0.0336  0.0324  0.0354  0.0312  0.0340  0.0300  0.0298
  0.0314  0.0320  0.0291  0.0324  0.0295  0.0316  0.0303  0.0313  0.0298  0.0313  0.0292  0.0289
  0.0300  0.0303  0.0290  0.0305  0.0281  0.0300  0.0290  0.0291  0.0289  0.0294  0.0287  0.0285
  0.0295  0.0295  0.0295  0.0289  0.0290  0.0282  0.0286  0.0286  0.0286  0.0286  0.0285  0.0285
  0.0301  0.0299  0.0306  0.0287  0.0309  0.0276  0.0290  0.0292  0.0288  0.0288  0.0285  0.0291
  0.0318  0.0313  0.0322  0.0314  0.0342  0.0312  0.0303  0.0314  0.0296  0.0297  0.0289  0.0300
  0.0345  0.0337  0.0342  0.0368  0.0377  0.0373  0.0323  0.0354  0.0310  0.0316  0.0298  0.0313
niter,ni,del,rscale     6    3    5.0000    1.2000
parameters
   -1.3060   -1.0031   13.8118   -7.1975  -11.5683   -5.3744
   -0.1932   -1.8918    2.4201   -0.0933    2.3433   -3.8240
eta,q 0.97188 14.33791
  0.0331  0.0342  0.0312  0.0343  0.0345  0.0339  0.0319  0.0353  0.0307  0.0331  0.0296  0.0300
  0.0306  0.0313  0.0293  0.0320  0.0313  0.0317  0.0298  0.0310  0.0293  0.0305  0.0287  0.0289
  0.0290  0.0293  0.0285  0.0300  0.0287  0.0299  0.0285  0.0287  0.0284  0.0287  0.0283  0.0283
  0.0284  0.0284  0.0284  0.0284  0.0282  0.0281  0.0281  0.0281  0.0281  0.0281  0.0281  0.0281
  0.0288  0.0287  0.0288  0.0277  0.0295  0.0271  0.0286  0.0288  0.0284  0.0284  0.0282  0.0285
  0.0303  0.0300  0.0297  0.0296  0.0318  0.0300  0.0299  0.0311  0.0292  0.0295  0.0287  0.0293
  0.0328  0.0321  0.0310  0.0345  0.0353  0.0359  0.0320  0.0353  0.0306  0.0315  0.0298  0.0305
niter,ni,del,rscale     5    3    5.0000    1.2000
parameters
   -1.3106   -0.8506   13.7316   -7.1685  -11.6802   -5.4356
   -0.2279   -1.8923    2.5054    0.2131    2.3502   -4.0588
eta,q 0.97189 14.33202
  0.0327  0.0333  0.0309  0.0338  0.0346  0.0339  0.0319  0.0353  0.0306  0.0326  0.0297  0.0302
  0.0302  0.0306  0.0290  0.0316  0.0314  0.0317  0.0298  0.0310  0.0292  0.0302  0.0288  0.0290
  0.0287  0.0288  0.0281  0.0297  0.0288  0.0299  0.0285  0.0287  0.0284  0.0286  0.0283  0.0283
  0.0281  0.0281  0.0281  0.0281  0.0281  0.0281  0.0281  0.0281  0.0281  0.0281  0.0281  0.0281
  0.0286  0.0285  0.0286  0.0277  0.0293  0.0271  0.0286  0.0288  0.0284  0.0285  0.0282  0.0284
  0.0302  0.0299  0.0295  0.0301  0.0315  0.0301  0.0299  0.0311  0.0291  0.0297  0.0287  0.0292
  0.0328  0.0322  0.0309  0.0353  0.0349  0.0362  0.0320  0.0352  0.0305  0.0319  0.0297  0.0304
niter,ni,del,rscale     4    3    5.0000    1.2000
parameters
   -1.3081   -0.7734   13.6760   -7.1437  -11.7348   -5.4894
   -0.2528   -1.8916    2.5501    0.3749    2.3479   -4.1914
eta,q 0.97188 14.32838
  0.0328  0.0330  0.0310  0.0338  0.0347  0.0339  0.0319  0.0353  0.0305  0.0324  0.0297  0.0302
  0.0302  0.0304  0.0291  0.0316  0.0315  0.0317  0.0298  0.0310  0.0292  0.0300  0.0288  0.0290
  0.0287  0.0287  0.0281  0.0297  0.0289  0.0300  0.0286  0.0287  0.0284  0.0285  0.0283  0.0283
  0.0281  0.0281  0.0281  0.0281  0.0281  0.0281  0.0281  0.0281  0.0281  0.0281  0.0281  0.0281
  0.0286  0.0286  0.0286  0.0277  0.0293  0.0271  0.0286  0.0288  0.0284  0.0286  0.0282  0.0284
  0.0301  0.0301  0.0295  0.0301  0.0314  0.0302  0.0299  0.0311  0.0292  0.0298  0.0287  0.0292
  0.0328  0.0325  0.0309  0.0353  0.0348  0.0362  0.0319  0.0352  0.0305  0.0320  0.0298  0.0304
niter,ni,del,rscale     3    3    5.0000    1.2000
parameters
   -1.3069   -0.7317   13.6380   -7.1258  -11.7630   -5.5318
   -0.2666   -1.8900    2.5751    0.4712    2.3491   -4.2624
eta,q 0.97185 14.32634
  0.0328  0.0329  0.0311  0.0338  0.0347  0.0340  0.0319  0.0353  0.0305  0.0323  0.0297  0.0303
  0.0302  0.0303  0.0291  0.0316  0.0316  0.0317  0.0299  0.0311  0.0292  0.0300  0.0288  0.0291
  0.0287  0.0287  0.0282  0.0297  0.0289  0.0300  0.0286  0.0287  0.0284  0.0285  0.0283  0.0284
  0.0281  0.0281  0.0281  0.0281  0.0281  0.0281  0.0281  0.0281  0.0281  0.0281  0.0281  0.0281
  0.0286  0.0286  0.0286  0.0277  0.0293  0.0271  0.0286  0.0288  0.0284  0.0286  0.0282  0.0284
  0.0301  0.0302  0.0295  0.0302  0.0314  0.0302  0.0299  0.0311  0.0292  0.0298  0.0287  0.0292
  0.0328  0.0326  0.0309  0.0353  0.0348  0.0362  0.0319  0.0352  0.0305  0.0321  0.0298  0.0304
niter,ni,del,rscale     2    3    5.0000    1.2000
parameters
   -1.3048   -0.7060   13.6141   -7.1136  -11.7796   -5.5596
   -0.2758   -1.8874    2.5893    0.5257    2.3550   -4.3057
eta,q 0.97184 14.32489
  0.0328  0.0328  0.0311  0.0339  0.0348  0.0340  0.0320  0.0353  0.0305  0.0323  0.0297  0.0303
  0.0302  0.0303  0.0291  0.0316  0.0316  0.0318  0.0299  0.0311  0.0292  0.0300  0.0288  0.0291
  0.0287  0.0287  0.0282  0.0297  0.0289  0.0300  0.0286  0.0288  0.0284  0.0285  0.0283  0.0284
  0.0281  0.0281  0.0281  0.0281  0.0281  0.0281  0.0282  0.0282  0.0282  0.0282  0.0282  0.0282
  0.0286  0.0287  0.0286  0.0278  0.0294  0.0271  0.0286  0.0289  0.0284  0.0286  0.0282  0.0284
  0.0302  0.0302  0.0295  0.0302  0.0314  0.0301  0.0299  0.0312  0.0292  0.0299  0.0287  0.0292
  0.0328  0.0326  0.0308  0.0354  0.0348  0.0362  0.0320  0.0352  0.0305  0.0321  0.0298  0.0303
registration optimization eta report
parameter search radius
    2.4000    2.7600    2.7600    8.2800    9.5220    8.2800
    7.2000    7.2000    7.2000    7.2000    7.2000    7.2000
100000*second partial in parameter space
       81.       60.       37.       10.        7.       10.
        7.       14.        5.        8.        3.        4.
  0.0328  0.0328  0.0311  0.0339  0.0348  0.0340  0.0320  0.0353  0.0305  0.0323  0.0297  0.0303
  0.0302  0.0303  0.0291  0.0316  0.0316  0.0318  0.0299  0.0311  0.0292  0.0300  0.0288  0.0291
  0.0287  0.0287  0.0282  0.0297  0.0289  0.0300  0.0286  0.0288  0.0284  0.0285  0.0283  0.0284
  0.0281  0.0281  0.0281  0.0281  0.0281  0.0281  0.0282  0.0282  0.0282  0.0282  0.0282  0.0282
  0.0286  0.0287  0.0286  0.0278  0.0294  0.0271  0.0286  0.0289  0.0284  0.0286  0.0282  0.0284
  0.0302  0.0302  0.0295  0.0302  0.0314  0.0301  0.0299  0.0312  0.0292  0.0299  0.0287  0.0292
  0.0328  0.0326  0.0308  0.0354  0.0348  0.0362  0.0320  0.0352  0.0305  0.0321  0.0298  0.0303
   -1.3048   -0.7060   13.6141   -7.1136  -11.7796   -5.5596
   -0.2758   -1.8874    2.5893    0.5257    2.3550   -4.3057
eta,q 0.97184 14.32489

---------------------------------------------------------------------
imgreg_4dfp /opt/freesurfer/average/711-2C_as_mni_average_305 /opt/freesurfer/average/711-2B_as_mni_average_305_mask talsrcimg_g11 none talsrcimg_to_711-2C_as_mni_average_305_t4 2311
---------------------------------------------------------------------

freesurfer imgreg_4dfp.c
/opt/freesurfer/average/711-2C_as_mni_average_305.4dfp.img
       256       256       256         1
  1.000000  1.000000  1.000000
orientation T byte_order littleendian
Reading image: /opt/freesurfer/average/711-2C_as_mni_average_305.4dfp.img
dimensions:      256       256       256
mmppix:       1.0000   -1.0000   -1.0000
center:     128.0000 -129.0000 -129.0000
/opt/freesurfer/average/711-2B_as_mni_average_305_mask.4dfp.img
       256       256       256         1
  1.000000  1.000000  1.000000
orientation T byte_order littleendian
Reading mask: /opt/freesurfer/average/711-2B_as_mni_average_305_mask.4dfp.img (2306576 pixels)
talsrcimg_g11.4dfp.img
       256       256       256         1
  1.000000  1.000000  1.000000
orientation T byte_order littleendian
Reading image: talsrcimg_g11.4dfp.img
dimensions:      256       256       256
mmppix:       1.0000   -1.0000   -1.0000
center:     128.0000 -129.0000 -129.0000
fimgreg.f
image alignment mode   2311 decimal      907 hex
parameters
   -1.3048   -0.7060   13.6141   -7.1136  -11.7796   -5.5596
   -0.2758   -1.8874    2.5893    0.5257    2.3550   -4.3057
eta,q 0.97184 14.32489
niter,ni,del,rscale     5    3    5.0000    0.8000
parameters
   -1.2835   -0.6929   13.3605   -5.8211  -12.1537   -4.5610
   -0.3899   -1.8389    2.5462    0.8432    2.2397   -4.4281
eta,q 0.97300 14.37931
  0.0303  0.0298  0.0288  0.0311  0.0296  0.0309  0.0289  0.0317  0.0282  0.0296  0.0282  0.0282
  0.0291  0.0289  0.0283  0.0300  0.0284  0.0299  0.0278  0.0292  0.0275  0.0282  0.0275  0.0275
  0.0284  0.0283  0.0281  0.0290  0.0277  0.0289  0.0272  0.0276  0.0271  0.0274  0.0271  0.0271
  0.0282  0.0282  0.0282  0.0281  0.0277  0.0276  0.0270  0.0270  0.0270  0.0270  0.0270  0.0270
  0.0283  0.0283  0.0284  0.0277  0.0282  0.0269  0.0273  0.0275  0.0271  0.0272  0.0272  0.0272
  0.0290  0.0289  0.0288  0.0280  0.0291  0.0275  0.0280  0.0291  0.0275  0.0278  0.0276  0.0276
  0.0302  0.0297  0.0293  0.0293  0.0301  0.0297  0.0291  0.0315  0.0282  0.0289  0.0283  0.0283
niter,ni,del,rscale     4    3    5.0000    0.7000
parameters
   -1.3359   -0.6439   13.7432   -5.9177  -12.4204   -3.9091
   -0.3775   -1.9326    2.5299    0.7775    2.1308   -4.3919
eta,q 0.97340 14.39124
  0.0288  0.0284  0.0288  0.0291  0.0287  0.0300  0.0281  0.0301  0.0275  0.0284  0.0275  0.0276
  0.0278  0.0277  0.0279  0.0282  0.0277  0.0291  0.0273  0.0281  0.0270  0.0274  0.0270  0.0271
  0.0272  0.0272  0.0273  0.0274  0.0271  0.0281  0.0268  0.0269  0.0267  0.0268  0.0267  0.0267
  0.0270  0.0270  0.0270  0.0270  0.0270  0.0269  0.0266  0.0266  0.0266  0.0266  0.0266  0.0266
  0.0273  0.0271  0.0270  0.0270  0.0274  0.0266  0.0268  0.0271  0.0267  0.0268  0.0267  0.0267
  0.0280  0.0275  0.0271  0.0280  0.0281  0.0273  0.0273  0.0284  0.0270  0.0275  0.0271  0.0270
  0.0291  0.0282  0.0275  0.0298  0.0290  0.0292  0.0281  0.0304  0.0275  0.0285  0.0276  0.0276
niter,ni,del,rscale     3    3    5.0000    0.6000
parameters
   -1.3653   -0.6576   14.0415   -5.8399  -12.6513   -3.4015
   -0.4023   -1.9844    2.5216    0.5971    2.0435   -4.2986
eta,q 0.97367 14.39810
  0.0280  0.0276  0.0279  0.0284  0.0279  0.0293  0.0274  0.0291  0.0270  0.0277  0.0271  0.0272
  0.0272  0.0271  0.0273  0.0276  0.0271  0.0285  0.0268  0.0276  0.0266  0.0269  0.0266  0.0267
  0.0267  0.0267  0.0268  0.0269  0.0266  0.0274  0.0265  0.0266  0.0264  0.0265  0.0264  0.0264
  0.0266  0.0266  0.0266  0.0266  0.0265  0.0265  0.0263  0.0263  0.0263  0.0263  0.0263  0.0263
  0.0268  0.0267  0.0266  0.0266  0.0268  0.0263  0.0265  0.0267  0.0264  0.0266  0.0264  0.0264
  0.0273  0.0270  0.0267  0.0272  0.0274  0.0270  0.0268  0.0277  0.0266  0.0271  0.0267  0.0267
  0.0281  0.0276  0.0270  0.0285  0.0283  0.0286  0.0275  0.0293  0.0270  0.0280  0.0271  0.0271
niter,ni,del,rscale     2    3    5.0000    0.5000
parameters
   -1.3969   -0.7060   14.3009   -5.7697  -12.8221   -2.9867
   -0.3962   -2.0153    2.4936    0.3495    1.9913   -4.1255
eta,q 0.97384 14.40130
  0.0273  0.0270  0.0273  0.0277  0.0273  0.0287  0.0270  0.0283  0.0266  0.0271  0.0267  0.0268
  0.0267  0.0266  0.0268  0.0271  0.0267  0.0279  0.0265  0.0271  0.0264  0.0266  0.0264  0.0265
  0.0264  0.0264  0.0265  0.0266  0.0264  0.0269  0.0263  0.0264  0.0262  0.0262  0.0262  0.0263
  0.0263  0.0263  0.0263  0.0263  0.0263  0.0263  0.0262  0.0262  0.0262  0.0262  0.0262  0.0262
  0.0265  0.0264  0.0263  0.0263  0.0265  0.0262  0.0263  0.0264  0.0262  0.0264  0.0262  0.0262
  0.0268  0.0267  0.0264  0.0268  0.0269  0.0268  0.0265  0.0272  0.0264  0.0268  0.0264  0.0264
  0.0274  0.0271  0.0266  0.0277  0.0276  0.0279  0.0270  0.0283  0.0267  0.0274  0.0267  0.0267
niter,ni,del,rscale     1    3    5.0000    0.4000
parameters
   -1.4197   -0.7866   14.5268   -5.7187  -12.9326   -2.6637
   -0.3733   -2.0348    2.4452    0.0454    2.0116   -3.9105
eta,q 0.97394 14.40341
  0.0268  0.0265  0.0268  0.0271  0.0269  0.0280  0.0266  0.0275  0.0264  0.0266  0.0264  0.0265
  0.0264  0.0263  0.0265  0.0266  0.0264  0.0272  0.0263  0.0267  0.0262  0.0263  0.0262  0.0263
  0.0262  0.0262  0.0263  0.0263  0.0262  0.0265  0.0261  0.0262  0.0261  0.0261  0.0261  0.0261
  0.0262  0.0262  0.0262  0.0261  0.0261  0.0261  0.0261  0.0261  0.0261  0.0261  0.0261  0.0261
  0.0262  0.0262  0.0261  0.0262  0.0263  0.0261  0.0261  0.0263  0.0261  0.0262  0.0261  0.0261
  0.0265  0.0264  0.0262  0.0265  0.0265  0.0265  0.0263  0.0267  0.0262  0.0265  0.0262  0.0262
  0.0269  0.0267  0.0263  0.0271  0.0270  0.0273  0.0266  0.0275  0.0264  0.0270  0.0264  0.0264
registration optimization eta report
parameter search radius
    0.8000    0.8000    0.8000    2.4000    2.4000    2.4000
    2.4000    2.4000    2.4000    2.4000    2.4000    2.4000
100000*second partial in parameter space
      107.       73.       65.       17.       14.       26.
        9.       25.        5.       13.        6.        6.
  0.0268  0.0265  0.0268  0.0271  0.0269  0.0280  0.0266  0.0275  0.0264  0.0266  0.0264  0.0265
  0.0264  0.0263  0.0265  0.0266  0.0264  0.0272  0.0263  0.0267  0.0262  0.0263  0.0262  0.0263
  0.0262  0.0262  0.0263  0.0263  0.0262  0.0265  0.0261  0.0262  0.0261  0.0261  0.0261  0.0261
  0.0262  0.0262  0.0262  0.0261  0.0261  0.0261  0.0261  0.0261  0.0261  0.0261  0.0261  0.0261
  0.0262  0.0262  0.0261  0.0262  0.0263  0.0261  0.0261  0.0263  0.0261  0.0262  0.0261  0.0261
  0.0265  0.0264  0.0262  0.0265  0.0265  0.0265  0.0263  0.0267  0.0262  0.0265  0.0262  0.0262
  0.0269  0.0267  0.0263  0.0271  0.0270  0.0273  0.0266  0.0275  0.0264  0.0270  0.0264  0.0264
   -1.4197   -0.7866   14.5268   -5.7187  -12.9326   -2.6637
   -0.3733   -2.0348    2.4452    0.0454    2.0116   -3.9105
eta,q 0.97394 14.40341

---------------------------------------------------------------------
imgreg_4dfp /opt/freesurfer/average/711-2C_as_mni_average_305 /opt/freesurfer/average/711-2B_as_mni_average_305_mask talsrcimg_g11 none talsrcimg_to_711-2C_as_mni_average_305_t4 2311
---------------------------------------------------------------------

freesurfer imgreg_4dfp.c
/opt/freesurfer/average/711-2C_as_mni_average_305.4dfp.img
       256       256       256         1
  1.000000  1.000000  1.000000
orientation T byte_order littleendian
Reading image: /opt/freesurfer/average/711-2C_as_mni_average_305.4dfp.img
dimensions:      256       256       256
mmppix:       1.0000   -1.0000   -1.0000
center:     128.0000 -129.0000 -129.0000
/opt/freesurfer/average/711-2B_as_mni_average_305_mask.4dfp.img
       256       256       256         1
  1.000000  1.000000  1.000000
orientation T byte_order littleendian
Reading mask: /opt/freesurfer/average/711-2B_as_mni_average_305_mask.4dfp.img (2306576 pixels)
talsrcimg_g11.4dfp.img
       256       256       256         1
  1.000000  1.000000  1.000000
orientation T byte_order littleendian
Reading image: talsrcimg_g11.4dfp.img
dimensions:      256       256       256
mmppix:       1.0000   -1.0000   -1.0000
center:     128.0000 -129.0000 -129.0000
fimgreg.f
image alignment mode   2311 decimal      907 hex
parameters
   -1.4197   -0.7866   14.5268   -5.7187  -12.9326   -2.6637
   -0.3733   -2.0348    2.4452    0.0454    2.0116   -3.9105
eta,q 0.97394 14.40341
niter,ni,del,rscale     5    3    5.0000    0.8000
parameters
   -1.4211   -0.9015   14.7003   -6.2825  -12.7910   -3.0300
   -0.3151   -2.0269    2.4242   -0.2342    2.0626   -3.7819
eta,q 0.97379 14.40018
  0.0289  0.0277  0.0281  0.0286  0.0290  0.0298  0.0282  0.0309  0.0274  0.0285  0.0274  0.0276
  0.0273  0.0267  0.0271  0.0274  0.0275  0.0286  0.0271  0.0282  0.0268  0.0272  0.0267  0.0269
  0.0264  0.0262  0.0264  0.0265  0.0265  0.0271  0.0265  0.0267  0.0264  0.0264  0.0263  0.0264
  0.0261  0.0261  0.0261  0.0260  0.0261  0.0261  0.0262  0.0262  0.0262  0.0262  0.0262  0.0262
  0.0264  0.0264  0.0261  0.0265  0.0264  0.0265  0.0264  0.0268  0.0264  0.0267  0.0263  0.0263
  0.0273  0.0271  0.0266  0.0281  0.0274  0.0286  0.0271  0.0283  0.0268  0.0276  0.0267  0.0267
  0.0289  0.0282  0.0274  0.0309  0.0286  0.0323  0.0281  0.0307  0.0275  0.0290  0.0274  0.0275
niter,ni,del,rscale     4    3    5.0000    0.7000
parameters
   -1.3852   -0.9361   14.5699   -6.1001  -12.6928   -3.0181
   -0.3352   -2.0017    2.3839   -0.2359    2.0720   -3.7236
eta,q 0.97384 14.40526
  0.0282  0.0275  0.0272  0.0287  0.0284  0.0295  0.0277  0.0299  0.0271  0.0282  0.0271  0.0272
  0.0271  0.0268  0.0266  0.0277  0.0273  0.0284  0.0268  0.0278  0.0266  0.0270  0.0266  0.0267
  0.0265  0.0264  0.0263  0.0268  0.0264  0.0271  0.0263  0.0265  0.0263  0.0264  0.0263  0.0263
  0.0262  0.0262  0.0262  0.0262  0.0262  0.0262  0.0262  0.0262  0.0262  0.0262  0.0262  0.0262
  0.0264  0.0264  0.0264  0.0262  0.0264  0.0263  0.0263  0.0266  0.0263  0.0264  0.0263  0.0262
  0.0270  0.0269  0.0269  0.0270  0.0272  0.0276  0.0268  0.0278  0.0266  0.0271  0.0266  0.0266
  0.0280  0.0277  0.0276  0.0287  0.0282  0.0302  0.0277  0.0297  0.0271  0.0282  0.0271  0.0272
niter,ni,del,rscale     3    3    5.0000    0.6000
parameters
   -1.3921   -0.9492   14.5770   -5.9595  -12.7253   -2.8398
   -0.3268   -2.0207    2.3599   -0.2753    2.0756   -3.6659
eta,q 0.97392 14.40793
  0.0276  0.0272  0.0271  0.0281  0.0278  0.0290  0.0272  0.0290  0.0268  0.0276  0.0268  0.0269
  0.0268  0.0266  0.0266  0.0273  0.0269  0.0280  0.0266  0.0273  0.0264  0.0267  0.0264  0.0265
  0.0263  0.0263  0.0263  0.0266  0.0263  0.0269  0.0262  0.0264  0.0262  0.0262  0.0262  0.0262
  0.0262  0.0262  0.0262  0.0262  0.0261  0.0261  0.0261  0.0261  0.0261  0.0261  0.0261  0.0261
  0.0263  0.0263  0.0263  0.0262  0.0264  0.0262  0.0262  0.0265  0.0262  0.0263  0.0262  0.0262
  0.0268  0.0266  0.0266  0.0268  0.0270  0.0271  0.0266  0.0274  0.0264  0.0268  0.0264  0.0264
  0.0276  0.0272  0.0271  0.0281  0.0278  0.0290  0.0272  0.0290  0.0268  0.0277  0.0268  0.0269
niter,ni,del,rscale     2    3    5.0000    0.5000
parameters
   -1.4074   -0.9745   14.6614   -5.8662  -12.7940   -2.6083
   -0.3100   -2.0408    2.3319   -0.3944    2.0893   -3.5562
eta,q 0.97399 14.40887
  0.0271  0.0268  0.0268  0.0275  0.0272  0.0285  0.0268  0.0281  0.0265  0.0271  0.0266  0.0266
  0.0265  0.0264  0.0265  0.0269  0.0266  0.0275  0.0264  0.0269  0.0262  0.0265  0.0263  0.0263
  0.0262  0.0262  0.0262  0.0264  0.0262  0.0266  0.0261  0.0262  0.0261  0.0261  0.0261  0.0261
  0.0261  0.0261  0.0261  0.0261  0.0261  0.0261  0.0260  0.0260  0.0260  0.0260  0.0260  0.0260
  0.0262  0.0262  0.0261  0.0261  0.0262  0.0261  0.0261  0.0263  0.0261  0.0262  0.0261  0.0261
  0.0266  0.0264  0.0263  0.0266  0.0267  0.0268  0.0264  0.0270  0.0262  0.0266  0.0263  0.0262
  0.0272  0.0268  0.0266  0.0275  0.0273  0.0281  0.0268  0.0281  0.0265  0.0272  0.0266  0.0266
niter,ni,del,rscale     1    3    5.0000    0.4000
parameters
   -1.4193   -1.0210   14.7768   -5.8090  -12.8773   -2.4007
   -0.2956   -2.0595    2.2798   -0.5663    2.1274   -3.4165
eta,q 0.97404 14.40900
  0.0267  0.0264  0.0266  0.0270  0.0268  0.0278  0.0265  0.0274  0.0263  0.0266  0.0263  0.0264
  0.0263  0.0262  0.0263  0.0265  0.0263  0.0270  0.0262  0.0266  0.0261  0.0262  0.0261  0.0262
  0.0261  0.0261  0.0261  0.0262  0.0261  0.0263  0.0260  0.0261  0.0260  0.0260  0.0260  0.0260
  0.0260  0.0260  0.0260  0.0260  0.0260  0.0260  0.0260  0.0260  0.0260  0.0260  0.0260  0.0260
  0.0261  0.0261  0.0260  0.0260  0.0261  0.0261  0.0260  0.0261  0.0260  0.0261  0.0260  0.0260
  0.0263  0.0263  0.0261  0.0263  0.0264  0.0265  0.0262  0.0266  0.0261  0.0264  0.0261  0.0261
  0.0267  0.0266  0.0263  0.0270  0.0269  0.0274  0.0265  0.0274  0.0263  0.0268  0.0263  0.0263
registration optimization eta report
parameter search radius
    0.8000    0.8000    0.8000    2.4000    2.4000    2.4000
    2.4000    2.4000    2.4000    2.4000    2.4000    2.4000
100000*second partial in parameter space
      107.       75.       67.       17.       14.       27.
        9.       25.        5.       13.        6.        7.
  0.0267  0.0264  0.0266  0.0270  0.0268  0.0278  0.0265  0.0274  0.0263  0.0266  0.0263  0.0264
  0.0263  0.0262  0.0263  0.0265  0.0263  0.0270  0.0262  0.0266  0.0261  0.0262  0.0261  0.0262
  0.0261  0.0261  0.0261  0.0262  0.0261  0.0263  0.0260  0.0261  0.0260  0.0260  0.0260  0.0260
  0.0260  0.0260  0.0260  0.0260  0.0260  0.0260  0.0260  0.0260  0.0260  0.0260  0.0260  0.0260
  0.0261  0.0261  0.0260  0.0260  0.0261  0.0261  0.0260  0.0261  0.0260  0.0261  0.0260  0.0260
  0.0263  0.0263  0.0261  0.0263  0.0264  0.0265  0.0262  0.0266  0.0261  0.0264  0.0261  0.0261
  0.0267  0.0266  0.0263  0.0270  0.0269  0.0274  0.0265  0.0274  0.0263  0.0268  0.0263  0.0263
   -1.4193   -1.0210   14.7768   -5.8090  -12.8773   -2.4007
   -0.2956   -2.0595    2.2798   -0.5663    2.1274   -3.4165
eta,q 0.97404 14.40900

---------------------------------------------------------------------
compute_vox2vox talsrcimg talsrcimg_to_711-2C_as_mni_average_305_t4 /opt/freesurfer/average/711-2C_as_mni_average_305
---------------------------------------------------------------------

freesurfer compute_vox2vox.c
Reading: talsrcimg.4dfp.ifh
Reading: talsrcimg_to_711-2C_as_mni_average_305_t4
Reading: /opt/freesurfer/average/711-2C_as_mni_average_305.4dfp.ifh
Writing: talsrcimg_to_711-2C_as_mni_average_305_t4_vox2vox.txt

start time Tue Mar 10 00:59:12 CET 2026
end		time Tue Mar 10 01:00:39 CET 2026

mpr2mni305 success

avi2talxfm orig_nu.mgz /opt/freesurfer/average/mni305.cor.mgz talsrcimg_to_711-2C_as_mni_average_305_t4_vox2vox.txt transforms/talairach.auto.xfm
avi2talxfm done
mv -f /out/sourcedata/freesurfer/sub-v1s3x0050810_ses-1/mri/talsrcimg_to_711-2C_as_mni_average_305_t4_vox2vox.txt /out/sourcedata/freesurfer/sub-v1s3x0050810_ses-1/mri/transforms/talsrcimg_to_711-2C_as_mni_average_305_t4_vox2vox.txt
lta_convert --src orig_nu.mgz --trg /opt/freesurfer/average/mni305.cor.mgz --inxfm transforms/talairach.auto.xfm --outlta transforms/talairach.auto.xfm.lta --subject fsaverage
7.3.2

--src: orig_nu.mgz src image (geometry).
--trg: /opt/freesurfer/average/mni305.cor.mgz trg image (geometry).
--inmni: transforms/talairach.auto.xfm input MNI/XFM transform.
--outlta: transforms/talairach.auto.xfm.lta output LTA.
--s: fsaverage subject name
 LTA read, type : 1
 1.06106   0.02242   0.00448  -0.98091;
-0.02411   1.02432   0.04009  -11.78595;
-0.02792   0.00607   1.14795  -2.63800;
 0.00000   0.00000   0.00000   1.00000;
setting subject to fsaverage
Writing  LTA to file transforms/talairach.auto.xfm.lta...
lta_convert successful.
 
 
Started at Tue Mar 10 00:59:11 CET 2026
Ended   at Tue Mar 10 01:00:39 CET 2026
talairach_avi done
