/out/sourcedata/freesurfer/sub-v1s3x0050815_ses-1/mri
/opt/freesurfer/bin/talairach_avi
--i orig_nu.mgz --xfm transforms/talairach.auto.xfm
talairach_avi 7.3.2
Linux dna050 5.14.0-427.37.1.el9_4.x86_64 #1 SMP PREEMPT_DYNAMIC Fri Sep 13 12:41:50 EDT 2024 x86_64 x86_64 x86_64 GNU/Linux
Tue Mar 10 01:16:23 CET 2026
mri_convert orig_nu.mgz talsrcimg.img 
reading from orig_nu.mgz...
TR=0.00, TE=0.00, TI=0.00, flip angle=0.00
i_ras = (-1, 0, 0)
j_ras = (0, 0, -1)
k_ras = (0, 1, 0)
writing to talsrcimg.img...
Analyze Output Matrix
-1.00000   0.00000   0.00000   121.65686;
 0.00000   0.00000   1.00000  -152.58566;
 0.00000  -1.00000   0.00000   147.66664;
 0.00000   0.00000   0.00000   1.00000;
--------------------
INFO: set hdr.hist.orient to -1
mpr2mni305 talsrcimg
Tue Mar 10 01:16:23 CET 2026
/opt/freesurfer/bin/mpr2mni305 talsrcimg
mpr2mni305 7.3.2
target=711-2C_as_mni_average_305

---------------------------------------------------------------------
analyzeto4dfp talsrcimg -O0 -y
---------------------------------------------------------------------

freesurfer ifh2hdr.c
Tue Mar 10 01:16:24 2026
Writing: talsrcimg.4dfp.hdr
freesurfer analyzeto4dfp.c
Reading: talsrcimg.hdr
header size 348 bytes
hdr.dime.datatype	offset=70	value=2
hdr.dime.bitpix		offset=72	value=8
hdr.hist.orient		offset=252	value=-1
dimensionality     4
dimensions       256       256       256         1
Reading: talsrcimg.img
Writing: talsrcimg.4dfp.img
Writing: talsrcimg.4dfp.ifh
ifh2hdr talsrcimg -r0to225
ori=2

---------------------------------------------------------------------
gauss_4dfp talsrcimg 1.1
---------------------------------------------------------------------

freesurfer gauss_4dfp.c
Reading: talsrcimg.4dfp.img
Writing: talsrcimg_g11.4dfp.img
image dimensions 256 256 256 padded to 288 288 288
processing volume 1freesurfer ifh2hdr.c
Tue Mar 10 01:16:25 2026
Writing: talsrcimg_g11.4dfp.hdr

Writing: talsrcimg_g11.4dfp.ifh
including: talsrcimg.4dfp.img.rec in talsrcimg_g11.4dfp.img.rec

---------------------------------------------------------------------
imgreg_4dfp /opt/freesurfer/average/711-2C_as_mni_average_305 none talsrcimg_g11 none talsrcimg_to_711-2C_as_mni_average_305_t4 4355
---------------------------------------------------------------------

freesurfer imgreg_4dfp.c
/opt/freesurfer/average/711-2C_as_mni_average_305.4dfp.img
       256       256       256         1
  1.000000  1.000000  1.000000
orientation T byte_order littleendian
Reading image: /opt/freesurfer/average/711-2C_as_mni_average_305.4dfp.img
dimensions:      256       256       256
mmppix:       1.0000   -1.0000   -1.0000
center:     128.0000 -129.0000 -129.0000
talsrcimg_g11.4dfp.img
       256       256       256         1
  1.000000  1.000000  1.000000
orientation T byte_order littleendian
Reading image: talsrcimg_g11.4dfp.img
dimensions:      256       256       256
mmppix:       1.0000   -1.0000   -1.0000
center:     128.0000 -129.0000 -129.0000
t4_read: open error in t4_sub.f l:  41 t4_file(1:l)talsrcimg_to_711-2C_as_mni_average_305_t4 
t4_read: transform initialized to I4
rotation matrix determinant  1.000000
image alignment mode   4355 decimal     1103 hex
   -7.5000  -45.0000  -45.0000 7588.1226   19.0722
    0.0000  -45.0000  -45.0000 7915.7168   19.0513
    7.5000  -45.0000  -45.0000 7519.7314   19.0138
   -7.5000  -37.5000  -45.0000 8113.6304   19.0420
    0.0000  -37.5000  -45.0000 8474.9570   19.0211
    7.5000  -37.5000  -45.0000 8023.8384   18.9942
   -7.5000  -30.0000  -45.0000 8935.8047   19.0452
    0.0000  -30.0000  -45.0000 9355.5547   19.0268
    7.5000  -30.0000  -45.0000 8870.8203   19.0142
   -7.5000  -22.5000  -45.0000 9694.7168   19.0869
    0.0000  -22.5000  -45.000010160.3682   19.0683
    7.5000  -22.5000  -45.0000 9620.2061   19.0566
   -7.5000  -15.0000  -45.000010368.9062   19.1209
    0.0000  -15.0000  -45.000010870.5811   19.0987
    7.5000  -15.0000  -45.000010275.0752   19.0749
   -7.5000   -7.5000  -45.000010981.4590   19.1086
    0.0000   -7.5000  -45.000011515.0361   19.0868
    7.5000   -7.5000  -45.000010873.1660   19.0513
   -7.5000    0.0000  -45.000011578.7197   19.0714
    0.0000    0.0000  -45.000012098.5879   19.0505
    7.5000    0.0000  -45.000011458.4961   19.0130
   -7.5000    7.5000  -45.000011239.0449   19.0420
    0.0000    7.5000  -45.000011682.8086   19.0211
    7.5000    7.5000  -45.000011072.7217   18.9942
   -7.5000   15.0000  -45.000010824.2148   19.0452
    0.0000   15.0000  -45.000011240.4336   19.0268
    7.5000   15.0000  -45.000010640.3281   19.0142
   -7.5000   22.5000  -45.000010294.0977   19.0843
    0.0000   22.5000  -45.000010703.5391   19.0657
    7.5000   22.5000  -45.000010131.2607   19.0540
   -7.5000   30.0000  -45.0000 9543.1133   18.8661
    0.0000   30.0000  -45.0000 9937.1113   18.8442
    7.5000   30.0000  -45.0000 9409.9648   18.8207
   -7.5000   37.5000  -45.0000 9006.2412   18.8539
    0.0000   37.5000  -45.0000 9356.3809   18.8324
    7.5000   37.5000  -45.0000 8864.0059   18.7974
   -7.5000   45.0000  -45.0000 8164.2397   18.3394
    0.0000   45.0000  -45.0000 8494.8154   18.3193
    7.5000   45.0000  -45.0000 8021.1108   18.2833
   -7.5000  -45.0000  -37.5000 8086.4253   18.9637
    0.0000  -45.0000  -37.5000 8474.8154   18.9338
    7.5000  -45.0000  -37.5000 8037.5254   18.9038
   -7.5000  -37.5000  -37.5000 8645.0137   18.9405
    0.0000  -37.5000  -37.5000 9056.2402   18.9127
    7.5000  -37.5000  -37.5000 8567.2891   18.8887
   -7.5000  -30.0000  -37.5000 9536.8438   18.9460
    0.0000  -30.0000  -37.5000 9992.7305   18.9237
    7.5000  -30.0000  -37.5000 9444.1855   18.9089
   -7.5000  -22.5000  -37.500010346.8252   18.9798
    0.0000  -22.5000  -37.500010858.3369   18.9585
    7.5000  -22.5000  -37.500010239.8066   18.9452
   -7.5000  -15.0000  -37.500011048.3848   19.0047
    0.0000  -15.0000  -37.500011604.2520   18.9799
    7.5000  -15.0000  -37.500010927.3838   18.9598
   -7.5000   -7.5000  -37.500011685.2842   18.9933
    0.0000   -7.5000  -37.500012273.5449   18.9654
    7.5000   -7.5000  -37.500011549.0127   18.9377
   -7.5000    0.0000  -37.500012309.1924   18.9629
    0.0000    0.0000  -37.500012903.7881   18.9330
    7.5000    0.0000  -37.500012165.4150   18.9030
   -7.5000    7.5000  -37.500011916.5020   18.9405
    0.0000    7.5000  -37.500012455.5195   18.9127
    7.5000    7.5000  -37.500011739.9873   18.8887
   -7.5000   15.0000  -37.500011430.0732   18.9460
    0.0000   15.0000  -37.500011921.3770   18.9237
    7.5000   15.0000  -37.500011230.7881   18.9089
   -7.5000   22.5000  -37.500010907.5010   18.9772
    0.0000   22.5000  -37.500011383.0908   18.9559
    7.5000   22.5000  -37.500010729.5273   18.9426
   -7.5000   30.0000  -37.500010104.7188   18.7514
    0.0000   30.0000  -37.500010547.6885   18.7269
    7.5000   30.0000  -37.5000 9962.1504   18.7071
   -7.5000   37.5000  -37.5000 9496.8037   18.7402
    0.0000   37.5000  -37.5000 9886.7168   18.7127
    7.5000   37.5000  -37.5000 9352.8867   18.6853
   -7.5000   45.0000  -37.5000 8568.5635   18.2351
    0.0000   45.0000  -37.5000 8934.0068   18.2063
    7.5000   45.0000  -37.5000 8436.7471   18.1775
   -7.5000  -45.0000  -30.0000 8778.2441   19.7453
    0.0000  -45.0000  -30.0000 9221.8926   19.7090
    7.5000  -45.0000  -30.0000 8733.6523   19.6779
   -7.5000  -37.5000  -30.0000 9386.6582   19.7126
    0.0000  -37.5000  -30.0000 9846.5723   19.6801
    7.5000  -37.5000  -30.0000 9320.6270   19.6539
   -7.5000  -30.0000  -30.000010354.8779   19.7077
    0.0000  -30.0000  -30.000010849.1865   19.6814
    7.5000  -30.0000  -30.000010242.3789   19.6612
   -7.5000  -22.5000  -30.000011231.8809   19.7382
    0.0000  -22.5000  -30.000011794.6064   19.7133
    7.5000  -22.5000  -30.000011100.9111   19.6937
   -7.5000  -15.0000  -30.000011957.5576   19.7710
    0.0000  -15.0000  -30.000012565.6963   19.7428
    7.5000  -15.0000  -30.000011813.9941   19.7182
   -7.5000   -7.5000  -30.000012657.8623   19.7724
    0.0000   -7.5000  -30.000013282.5703   19.7390
    7.5000   -7.5000  -30.000012500.3584   19.7088
   -7.5000    0.0000  -30.000013323.1455   19.7445
    0.0000    0.0000  -30.000013941.2744   19.7081
    7.5000    0.0000  -30.000013133.0586   19.6770
   -7.5000    7.5000  -30.000012893.5459   19.7126
    0.0000    7.5000  -30.000013493.7383   19.6801
    7.5000    7.5000  -30.000012662.2275   19.6539
   -7.5000   15.0000  -30.000012304.5381   19.7077
    0.0000   15.0000  -30.000012859.6738   19.6814
    7.5000   15.0000  -30.000012059.1035   19.6612
   -7.5000   22.5000  -30.000011739.5420   19.7335
    0.0000   22.5000  -30.000012267.0322   19.7085
    7.5000   22.5000  -30.000011529.0498   19.6889
   -7.5000   30.0000  -30.000010852.9609   19.5094
    0.0000   30.0000  -30.000011353.5889   19.4815
    7.5000   30.0000  -30.000010679.9004   19.4572
   -7.5000   37.5000  -30.000010189.7158   19.5108
    0.0000   37.5000  -30.000010639.2500   19.4778
    7.5000   37.5000  -30.000010023.0420   19.4480
   -7.5000   45.0000  -30.0000 9169.3604   19.0006
    0.0000   45.0000  -30.0000 9588.3262   18.9656
    7.5000   45.0000  -30.0000 9038.8916   18.9357
   -7.5000  -45.0000  -22.5000 9527.7949   20.4508
    0.0000  -45.0000  -22.5000 9987.7080   20.4180
    7.5000  -45.0000  -22.5000 9458.1348   20.3769
   -7.5000  -37.5000  -22.500010196.4590   20.4025
    0.0000  -37.5000  -22.500010656.5264   20.3727
    7.5000  -37.5000  -22.500010091.5244   20.3407
   -7.5000  -30.0000  -22.500011205.9238   20.3835
    0.0000  -30.0000  -22.500011736.0781   20.3570
    7.5000  -30.0000  -22.500011062.0986   20.3322
   -7.5000  -22.5000  -22.500012148.1924   20.4168
    0.0000  -22.5000  -22.500012746.8350   20.3906
    7.5000  -22.5000  -22.500011991.4258   20.3634
   -7.5000  -15.0000  -22.500012946.0586   20.4659
    0.0000  -15.0000  -22.500013576.2070   20.4370
    7.5000  -15.0000  -22.500012766.3281   20.4006
   -7.5000   -7.5000  -22.500013703.6328   20.4802
    0.0000   -7.5000  -22.500014353.5381   20.4478
    7.5000   -7.5000  -22.500013501.0146   20.4047
   -7.5000    0.0000  -22.500014417.1602   20.4500
    0.0000    0.0000  -22.500015084.0898   20.4171
    7.5000    0.0000  -22.500014149.8623   20.3760
   -7.5000    7.5000  -22.500013930.0244   20.4025
    0.0000    7.5000  -22.500014607.5752   20.3727
    7.5000    7.5000  -22.500013653.3281   20.3407
   -7.5000   15.0000  -22.500013245.7529   20.3835
    0.0000   15.0000  -22.500013866.2432   20.3570
    7.5000   15.0000  -22.500012975.3506   20.3322
   -7.5000   22.5000  -22.500012592.2656   20.4105
    0.0000   22.5000  -22.500013173.6387   20.3843
    7.5000   22.5000  -22.500012324.6689   20.3571
   -7.5000   30.0000  -22.500011684.7373   20.1982
    0.0000   30.0000  -22.500012233.8184   20.1697
    7.5000   30.0000  -22.500011462.7109   20.1337
   -7.5000   37.5000  -22.500010971.4365   20.2123
    0.0000   37.5000  -22.500011471.7354   20.1803
    7.5000   37.5000  -22.500010792.3047   20.1378
   -7.5000   45.0000  -22.5000 9840.0557   19.6943
    0.0000   45.0000  -22.500010290.6143   19.6627
    7.5000   45.0000  -22.5000 9683.0342   19.6231
   -7.5000  -45.0000  -15.000010301.2578   20.9262
    0.0000  -45.0000  -15.000010744.1514   20.9026
    7.5000  -45.0000  -15.000010189.7109   20.8525
   -7.5000  -37.5000  -15.000010986.3086   20.8701
    0.0000  -37.5000  -15.000011465.5303   20.8469
    7.5000  -37.5000  -15.000010865.0352   20.8113
   -7.5000  -30.0000  -15.000012034.4775   20.8457
    0.0000  -30.0000  -15.000012611.7754   20.8222
    7.5000  -30.0000  -15.000011888.3154   20.7984
   -7.5000  -22.5000  -15.000013065.1123   20.8851
    0.0000  -22.5000  -15.000013695.5010   20.8607
    7.5000  -22.5000  -15.000012888.5488   20.8324
   -7.5000  -15.0000  -15.000013923.9473   20.9446
    0.0000  -15.0000  -15.000014592.9482   20.9179
    7.5000  -15.0000  -15.000013724.0635   20.8741
   -7.5000   -7.5000  -15.000014746.8262   20.9604
    0.0000   -7.5000  -15.000015430.2686   20.9342
    7.5000   -7.5000  -15.000014480.3682   20.8803
   -7.5000    0.0000  -15.000015458.4688   20.9253
    0.0000    0.0000  -15.000016214.4434   20.9017
    7.5000    0.0000  -15.000015126.8936   20.8516
   -7.5000    7.5000  -15.000014982.7676   20.8701
    0.0000    7.5000  -15.000015715.8623   20.8469
    7.5000    7.5000  -15.000014610.5508   20.8113
   -7.5000   15.0000  -15.000014228.3516   20.8457
    0.0000   15.0000  -15.000014918.6680   20.8222
    7.5000   15.0000  -15.000013883.6631   20.7984
   -7.5000   22.5000  -15.000013439.1758   20.8777
    0.0000   22.5000  -15.000014055.2256   20.8533
    7.5000   22.5000  -15.000013144.9365   20.8250
   -7.5000   30.0000  -15.000012484.9258   20.6735
    0.0000   30.0000  -15.000013044.6357   20.6472
    7.5000   30.0000  -15.000012232.0547   20.6039
   -7.5000   37.5000  -15.000011763.4941   20.6891
    0.0000   37.5000  -15.000012286.5537   20.6632
    7.5000   37.5000  -15.000011556.9717   20.6101
   -7.5000   45.0000  -15.000010555.1689   20.1643
    0.0000   45.0000  -15.000011004.0195   20.1416
    7.5000   45.0000  -15.000010348.3350   20.0932
   -7.5000  -45.0000   -7.500011050.2666   21.1195
    0.0000  -45.0000   -7.500011509.9902   21.1005
    7.5000  -45.0000   -7.500010924.1514   21.0502
   -7.5000  -37.5000   -7.500011784.7842   21.0722
    0.0000  -37.5000   -7.500012281.3223   21.0516
    7.5000  -37.5000   -7.500011650.4932   21.0169
   -7.5000  -30.0000   -7.500012928.0918   21.0590
    0.0000  -30.0000   -7.500013486.5244   21.0384
    7.5000  -30.0000   -7.500012775.1709   21.0200
   -7.5000  -22.5000   -7.500014021.7715   21.1035
    0.0000  -22.5000   -7.500014645.3945   21.0824
    7.5000  -22.5000   -7.500013842.7109   21.0619
   -7.5000  -15.0000   -7.500014905.5615   21.1558
    0.0000  -15.0000   -7.500015595.2627   21.1320
    7.5000  -15.0000   -7.500014699.0654   21.0942
   -7.5000   -7.5000   -7.500015725.4277   21.1577
    0.0000   -7.5000   -7.500016425.6504   21.1361
    7.5000   -7.5000   -7.500015417.7412   21.0847
   -7.5000    0.0000   -7.500016506.9941   21.1186
    0.0000    0.0000   -7.500017282.1797   21.0996
    7.5000    0.0000   -7.500016121.8066   21.0493
   -7.5000    7.5000   -7.500016062.0479   21.0722
    0.0000    7.5000   -7.500016814.9785   21.0516
    7.5000    7.5000   -7.500015632.6318   21.0169
   -7.5000   15.0000   -7.500015241.8047   21.0590
    0.0000   15.0000   -7.500015968.8115   21.0384
    7.5000   15.0000   -7.500014888.3164   21.0200
   -7.5000   22.5000   -7.500014313.8525   21.0938
    0.0000   22.5000   -7.500014960.1562   21.0727
    7.5000   22.5000   -7.500014030.4512   21.0521
   -7.5000   30.0000   -7.500013317.2725   20.8814
    0.0000   30.0000   -7.500013906.0547   20.8580
    7.5000   30.0000   -7.500013048.7695   20.8206
   -7.5000   37.5000   -7.500012575.1230   20.8833
    0.0000   37.5000   -7.500013140.8613   20.8620
    7.5000   37.5000   -7.500012350.8213   20.8113
   -7.5000   45.0000   -7.500011293.6055   20.3544
    0.0000   45.0000   -7.500011784.4248   20.3360
    7.5000   45.0000   -7.500011058.5742   20.2875
   -7.5000  -45.0000    0.000011677.7852   21.1315
    0.0000  -45.0000    0.000012141.9082   21.1083
    7.5000  -45.0000    0.000011573.5371   21.0657
   -7.5000  -37.5000    0.000012495.4365   21.0994
    0.0000  -37.5000    0.000012990.0586   21.0757
    7.5000  -37.5000    0.000012365.0713   21.0447
   -7.5000  -30.0000    0.000013702.8789   21.1023
    0.0000  -30.0000    0.000014267.5791   21.0817
    7.5000  -30.0000    0.000013568.4316   21.0667
   -7.5000  -22.5000    0.000014855.0186   21.1467
    0.0000  -22.5000    0.000015495.1582   21.1267
    7.5000  -22.5000    0.000014701.2969   21.1129
   -7.5000  -15.0000    0.000015785.9619   21.1830
    0.0000  -15.0000    0.000016520.3047   21.1595
    7.5000  -15.0000    0.000015603.6641   21.1325
   -7.5000   -7.5000    0.000016615.5625   21.1698
    0.0000   -7.5000    0.000017344.3125   21.1465
    7.5000   -7.5000    0.000016315.1123   21.1064
   -7.5000    0.0000    0.000017456.3105   21.1306
    0.0000    0.0000    0.000018197.2246   21.1074
    7.5000    0.0000    0.000017076.8027   21.0648
   -7.5000    7.5000    0.000016970.6055   21.0994
    0.0000    7.5000    0.000017673.7793   21.0757
    7.5000    7.5000    0.000016583.7852   21.0447
   -7.5000   15.0000    0.000016117.8311   21.1023
    0.0000   15.0000    0.000016803.4258   21.0817
    7.5000   15.0000    0.000015786.3730   21.0667
   -7.5000   22.5000    0.000015109.6699   21.1370
    0.0000   22.5000    0.000015736.5703   21.1169
    7.5000   22.5000    0.000014789.7412   21.1032
   -7.5000   30.0000    0.000014087.1074   20.9088
    0.0000   30.0000    0.000014695.5518   20.8857
    7.5000   30.0000    0.000013773.2949   20.8590
   -7.5000   37.5000    0.000013370.1123   20.8959
    0.0000   37.5000    0.000013950.5039   20.8728
    7.5000   37.5000    0.000013078.3193   20.8332
   -7.5000   45.0000    0.000012030.3887   20.3675
    0.0000   45.0000    0.000012534.4229   20.3451
    7.5000   45.0000    0.000011734.9287   20.3041
   -7.5000  -45.0000    7.500011408.1855   21.1562
    0.0000  -45.0000    7.500011858.1973   21.1233
    7.5000  -45.0000    7.500011319.9199   21.0895
   -7.5000  -37.5000    7.500012205.9785   21.1298
    0.0000  -37.5000    7.500012674.0996   21.0992
    7.5000  -37.5000    7.500012061.4980   21.0719
   -7.5000  -30.0000    7.500013388.1191   21.1356
    0.0000  -30.0000    7.500013909.3184   21.1113
    7.5000  -30.0000    7.500013233.9189   21.0944
   -7.5000  -22.5000    7.500014535.1602   21.1736
    0.0000  -22.5000    7.500015135.9512   21.1505
    7.5000  -22.5000    7.500014394.6885   21.1358
   -7.5000  -15.0000    7.500015519.6748   21.2020
    0.0000  -15.0000    7.500016242.6611   21.1751
    7.5000  -15.0000    7.500015345.8828   21.1528
   -7.5000   -7.5000    7.500016328.5957   21.1897
    0.0000   -7.5000    7.500017007.4453   21.1591
    7.5000   -7.5000    7.500016068.6338   21.1281
   -7.5000    0.0000    7.500017102.1680   21.1553
    0.0000    0.0000    7.500017745.5195   21.1224
    7.5000    0.0000    7.500016784.9766   21.0886
   -7.5000    7.5000    7.500016593.4082   21.1298
    0.0000    7.5000    7.500017166.1660   21.0992
    7.5000    7.5000    7.500016280.1143   21.0719
   -7.5000   15.0000    7.500015799.0928   21.1356
    0.0000   15.0000    7.500016380.9775   21.1113
    7.5000   15.0000    7.500015467.4814   21.0944
   -7.5000   22.5000    7.500014803.0391   21.1638
    0.0000   22.5000    7.500015407.1279   21.1407
    7.5000   22.5000    7.500014455.1426   21.1260
   -7.5000   30.0000    7.500013775.2217   20.9276
    0.0000   30.0000    7.500014359.2695   20.9010
    7.5000   30.0000    7.500013414.3174   20.8791
   -7.5000   37.5000    7.500013085.0996   20.9154
    0.0000   37.5000    7.500013656.9834   20.8853
    7.5000   37.5000    7.500012728.6006   20.8547
   -7.5000   45.0000    7.500011778.8936   20.3913
    0.0000   45.0000    7.500012290.5020   20.3596
    7.5000   45.0000    7.500011436.8779   20.3270
   -7.5000  -45.0000   15.000011010.8135   21.2031
    0.0000  -45.0000   15.000011433.0869   21.1641
    7.5000  -45.0000   15.000010926.9648   21.1307
   -7.5000  -37.5000   15.000011737.9775   21.1680
    0.0000  -37.5000   15.000012183.8662   21.1331
    7.5000  -37.5000   15.000011648.6875   21.1050
   -7.5000  -30.0000   15.000012847.5977   21.1627
    0.0000  -30.0000   15.000013326.4600   21.1345
    7.5000  -30.0000   15.000012760.3955   21.1127
   -7.5000  -22.5000   15.000013971.7568   21.1955
    0.0000  -22.5000   15.000014498.4033   21.1687
    7.5000  -22.5000   15.000013850.4453   21.1477
   -7.5000  -15.0000   15.000015049.6367   21.2307
    0.0000  -15.0000   15.000015749.4277   21.2004
    7.5000  -15.0000   15.000014868.8223   21.1739
   -7.5000   -7.5000   15.000015877.9395   21.2322
    0.0000   -7.5000   15.000016638.5156   21.1963
    7.5000   -7.5000   15.000015683.2031   21.1639
   -7.5000    0.0000   15.000016652.5078   21.2022
    0.0000    0.0000   15.000017392.5684   21.1632
    7.5000    0.0000   15.000016411.2441   21.1298
   -7.5000    7.5000   15.000016140.6426   21.1680
    0.0000    7.5000   15.000016816.9766   21.1331
    7.5000    7.5000   15.000015847.5293   21.1050
   -7.5000   15.0000   15.000015380.2217   21.1627
    0.0000   15.0000   15.000016008.1641   21.1345
    7.5000   15.0000   15.000015036.1553   21.1127
   -7.5000   22.5000   15.000014352.8232   21.1857
    0.0000   22.5000   15.000014943.2490   21.1589
    7.5000   22.5000   15.000014031.5264   21.1379
   -7.5000   30.0000   15.000013251.3984   20.9560
    0.0000   30.0000   15.000013755.3008   20.9260
    7.5000   30.0000   15.000012926.2803   20.8999
   -7.5000   37.5000   15.000012569.9131   20.9574
    0.0000   37.5000   15.000013051.9668   20.9220
    7.5000   37.5000   15.000012210.4492   20.8900
   -7.5000   45.0000   15.000011318.4482   20.4365
    0.0000   45.0000   15.000011746.7305   20.3989
    7.5000   45.0000   15.000011002.8467   20.3667
   -7.5000  -45.0000   22.500010511.8213   21.2296
    0.0000  -45.0000   22.500010926.4561   21.1955
    7.5000  -45.0000   22.500010398.5801   21.1529
   -7.5000  -37.5000   22.500011167.9346   21.1794
    0.0000  -37.5000   22.500011623.2734   21.1485
    7.5000  -37.5000   22.500011063.1318   21.1153
   -7.5000  -30.0000   22.500012177.6875   21.1597
    0.0000  -30.0000   22.500012654.8037   21.1322
    7.5000  -30.0000   22.500012118.4863   21.1064
   -7.5000  -22.5000   22.500013245.2119   21.1942
    0.0000  -22.5000   22.500013762.1172   21.1670
    7.5000  -22.5000   22.500013149.8340   21.1388
   -7.5000  -15.0000   22.500014268.5332   21.2453
    0.0000  -15.0000   22.500014898.4170   21.2153
    7.5000  -15.0000   22.500014177.1279   21.1774
   -7.5000   -7.5000   22.500015102.2578   21.2601
    0.0000   -7.5000   22.500015743.8594   21.2264
    7.5000   -7.5000   22.500015038.1875   21.1817
   -7.5000    0.0000   22.500015899.5596   21.2287
    0.0000    0.0000   22.500016539.4785   21.1946
    7.5000    0.0000   22.500015775.3564   21.1520
   -7.5000    7.5000   22.500015455.5762   21.1794
    0.0000    7.5000   22.500016075.7373   21.1485
    7.5000    7.5000   22.500015239.4336   21.1153
   -7.5000   15.0000   22.500014739.1309   21.1597
    0.0000   15.0000   22.500015290.9092   21.1322
    7.5000   15.0000   22.500014438.2998   21.1064
   -7.5000   22.5000   22.500013660.0518   21.1845
    0.0000   22.5000   22.500014192.5176   21.1573
    7.5000   22.5000   22.500013414.0439   21.1291
   -7.5000   30.0000   22.500012518.7051   20.9703
    0.0000   30.0000   22.500012991.1748   20.9407
    7.5000   30.0000   22.500012280.7686   20.9034
   -7.5000   37.5000   22.500011880.7725   20.9849
    0.0000   37.5000   22.500012314.3584   20.9517
    7.5000   37.5000   22.500011616.0967   20.9076
   -7.5000   45.0000   22.500010731.5195   20.4620
    0.0000   45.0000   22.500011105.0312   20.4291
    7.5000   45.0000   22.500010472.7207   20.3881
   -7.5000  -45.0000   30.0000 9869.7959   21.2135
    0.0000  -45.0000   30.000010295.3379   21.1895
    7.5000  -45.0000   30.0000 9751.5176   21.1387
   -7.5000  -37.5000   30.000010469.8975   21.1566
    0.0000  -37.5000   30.000010922.7002   21.1331
    7.5000  -37.5000   30.000010373.2832   21.0970
   -7.5000  -30.0000   30.000011432.5605   21.1319
    0.0000  -30.0000   30.000011897.2725   21.1080
    7.5000  -30.0000   30.000011370.0586   21.0839
   -7.5000  -22.5000   30.000012433.8857   21.1718
    0.0000  -22.5000   30.000012942.0938   21.1471
    7.5000  -22.5000   30.000012356.3486   21.1183
   -7.5000  -15.0000   30.000013328.4121   21.2321
    0.0000  -15.0000   30.000013910.5234   21.2050
    7.5000  -15.0000   30.000013268.7559   21.1606
   -7.5000   -7.5000   30.000014094.1826   21.2481
    0.0000   -7.5000   30.000014677.5322   21.2215
    7.5000   -7.5000   30.000014049.9844   21.1670
   -7.5000    0.0000   30.000014846.9189   21.2125
    0.0000    0.0000   30.000015446.3428   21.1886
    7.5000    0.0000   30.000014748.2656   21.1378
   -7.5000    7.5000   30.000014475.9668   21.1566
    0.0000    7.5000   30.000015059.3789   21.1331
    7.5000    7.5000   30.000014317.2744   21.0970
   -7.5000   15.0000   30.000013823.2734   21.1319
    0.0000   15.0000   30.000014355.0547   21.1080
    7.5000   15.0000   30.000013603.5088   21.0839
   -7.5000   22.5000   30.000012837.1592   21.1620
    0.0000   22.5000   30.000013327.5557   21.1373
    7.5000   22.5000   30.000012660.9053   21.1086
   -7.5000   30.0000   30.000011729.1846   20.9573
    0.0000   30.0000   30.000012158.9531   20.9306
    7.5000   30.0000   30.000011555.7090   20.8867
   -7.5000   37.5000   30.000011116.0713   20.9731
    0.0000   37.5000   30.000011527.7539   20.9469
    7.5000   37.5000   30.000010920.8965   20.8930
   -7.5000   45.0000   30.000010018.3818   20.4464
    0.0000   45.0000   30.000010376.8945   20.4234
    7.5000   45.0000   30.0000 9824.7314   20.3744
   -7.5000  -45.0000   37.5000 9548.4648   21.3180
    0.0000  -45.0000   37.500010000.9678   21.2983
    7.5000  -45.0000   37.5000 9445.8193   21.2471
   -7.5000  -37.5000   37.500010143.2695   21.2692
    0.0000  -37.5000   37.500010622.9434   21.2478
    7.5000  -37.5000   37.500010063.4629   21.2128
   -7.5000  -30.0000   37.500011099.4678   21.2551
    0.0000  -30.0000   37.500011612.4346   21.2335
    7.5000  -30.0000   37.500011022.0322   21.2151
   -7.5000  -22.5000   37.500012021.4697   21.3002
    0.0000  -22.5000   37.500012554.9053   21.2783
    7.5000  -22.5000   37.500011959.0410   21.2574
   -7.5000  -15.0000   37.500012812.1670   21.3539
    0.0000  -15.0000   37.500013370.2529   21.3295
    7.5000  -15.0000   37.500012768.9766   21.2908
   -7.5000   -7.5000   37.500013523.8203   21.3567
    0.0000   -7.5000   37.500014079.7344   21.3344
    7.5000   -7.5000   37.500013472.4385   21.2820
   -7.5000    0.0000   37.500014216.2715   21.3171
    0.0000    0.0000   37.500014786.8125   21.2973
    7.5000    0.0000   37.500014114.0693   21.2462
   -7.5000    7.5000   37.500013857.5244   21.2692
    0.0000    7.5000   37.500014407.8730   21.2478
    7.5000    7.5000   37.500013727.9551   21.2128
   -7.5000   15.0000   37.500013253.7812   21.2551
    0.0000   15.0000   37.500013790.1680   21.2335
    7.5000   15.0000   37.500013136.1016   21.2151
   -7.5000   22.5000   37.500012370.8232   21.2904
    0.0000   22.5000   37.500012868.8555   21.2685
    7.5000   22.5000   37.500012257.4463   21.2476
   -7.5000   30.0000   37.500011307.5879   21.0776
    0.0000   30.0000   37.500011741.2285   21.0535
    7.5000   30.0000   37.500011173.7480   21.0153
   -7.5000   37.5000   37.500010689.1172   21.0803
    0.0000   37.5000   37.500011091.9736   21.0583
    7.5000   37.5000   37.500010527.1240   21.0066
   -7.5000   45.0000   37.5000 9605.9023   20.5472
    0.0000   45.0000   37.5000 9977.8076   20.5282
    7.5000   45.0000   37.5000 9463.9316   20.4789
   -7.5000  -45.0000   45.0000 8843.9355   21.4811
    0.0000  -45.0000   45.0000 9275.7500   21.4555
    7.5000  -45.0000   45.0000 8741.7383   21.4104
   -7.5000  -37.5000   45.0000 9395.7197   21.4482
    0.0000  -37.5000   45.0000 9853.2471   21.4212
    7.5000  -37.5000   45.0000 9305.4092   21.3884
   -7.5000  -30.0000   45.000010258.2148   21.4514
    0.0000  -30.0000   45.000010738.6172   21.4267
    7.5000  -30.0000   45.000010156.5684   21.4109
   -7.5000  -22.5000   45.000011063.6104   21.4970
    0.0000  -22.5000   45.000011596.7061   21.4730
    7.5000  -22.5000   45.000010988.0928   21.4586
   -7.5000  -15.0000   45.000011789.7617   21.5341
    0.0000  -15.0000   45.000012337.0010   21.5076
    7.5000  -15.0000   45.000011712.3730   21.4791
   -7.5000   -7.5000   45.000012421.4795   21.5204
    0.0000   -7.5000   45.000012954.8926   21.4948
    7.5000   -7.5000   45.000012350.9268   21.4523
   -7.5000    0.0000   45.000012980.8467   21.4801
    0.0000    0.0000   45.000013496.7539   21.4546
    7.5000    0.0000   45.000012915.7148   21.4095
   -7.5000    7.5000   45.000012637.4453   21.4482
    0.0000    7.5000   45.000013111.4277   21.4212
    7.5000    7.5000   45.000012571.1162   21.3884
   -7.5000   15.0000   45.000012121.4248   21.4514
    0.0000   15.0000   45.000012588.7529   21.4267
    7.5000   15.0000   45.000012066.2744   21.4109
   -7.5000   22.5000   45.000011355.6250   21.4870
    0.0000   22.5000   45.000011801.0146   21.4631
    7.5000   22.5000   45.000011280.8086   21.4487
   -7.5000   30.0000   45.000010364.1230   21.2536
    0.0000   30.0000   45.000010784.8027   21.2274
    7.5000   30.0000   45.000010283.9609   21.1993
   -7.5000   37.5000   45.0000 9779.8232   21.2401
    0.0000   37.5000   45.000010165.1943   21.2147
    7.5000   37.5000   45.0000 9654.5195   21.1729
   -7.5000   45.0000   45.0000 8795.7812   20.7138
    0.0000   45.0000   45.0000 9133.6074   20.6891
    7.5000   45.0000   45.0000 8656.2695   20.6456

---------------------------------------------------------------------
imgreg_4dfp /opt/freesurfer/average/711-2C_as_mni_average_305 /opt/freesurfer/average/711-2B_as_mni_average_305_mask talsrcimg_g11 none talsrcimg_to_711-2C_as_mni_average_305_t4 4355
---------------------------------------------------------------------

freesurfer imgreg_4dfp.c
/opt/freesurfer/average/711-2C_as_mni_average_305.4dfp.img
       256       256       256         1
  1.000000  1.000000  1.000000
orientation T byte_order littleendian
Reading image: /opt/freesurfer/average/711-2C_as_mni_average_305.4dfp.img
dimensions:      256       256       256
mmppix:       1.0000   -1.0000   -1.0000
center:     128.0000 -129.0000 -129.0000
/opt/freesurfer/average/711-2B_as_mni_average_305_mask.4dfp.img
       256       256       256         1
  1.000000  1.000000  1.000000
orientation T byte_order littleendian
Reading mask: /opt/freesurfer/average/711-2B_as_mni_average_305_mask.4dfp.img (2306576 pixels)
talsrcimg_g11.4dfp.img
       256       256       256         1
  1.000000  1.000000  1.000000
orientation T byte_order littleendian
Reading image: talsrcimg_g11.4dfp.img
dimensions:      256       256       256
mmppix:       1.0000   -1.0000   -1.0000
center:     128.0000 -129.0000 -129.0000
rotation matrix determinant  1.000000
image alignment mode   4355 decimal     1103 hex
   -7.5000  -45.0000  -45.0000 2079.4287   23.4920
    0.0000  -45.0000  -45.0000 2087.3210   23.6574
    7.5000  -45.0000  -45.0000 2073.3647   23.8448
   -7.5000  -37.5000  -45.0000 2168.1445   21.5564
    0.0000  -37.5000  -45.0000 2174.7749   21.6914
    7.5000  -37.5000  -45.0000 2158.9192   21.7962
   -7.5000  -30.0000  -45.0000 2239.2815   20.2725
    0.0000  -30.0000  -45.0000 2249.0015   20.3457
    7.5000  -30.0000  -45.0000 2237.6790   20.4783
   -7.5000  -22.5000  -45.0000 2285.4680   19.5350
    0.0000  -22.5000  -45.0000 2294.2236   19.5275
    7.5000  -22.5000  -45.0000 2277.4763   19.6858
   -7.5000  -15.0000  -45.0000 2313.7639   19.0996
    0.0000  -15.0000  -45.0000 2323.3093   19.0565
    7.5000  -15.0000  -45.0000 2303.5681   19.2523
   -7.5000   -7.5000  -45.0000 2315.0881   19.0178
    0.0000   -7.5000  -45.0000 2330.9282   18.9426
    7.5000   -7.5000  -45.0000 2308.2646   19.1717
   -7.5000    0.0000  -45.0000 2309.2188   19.2551
    0.0000    0.0000  -45.0000 2318.2634   19.1518
    7.5000    0.0000  -45.0000 2300.0007   19.4324
   -7.5000    7.5000  -45.0000 2287.6531   19.8287
    0.0000    7.5000  -45.0000 2297.9290   19.7196
    7.5000    7.5000  -45.0000 2278.5288   20.0072
   -7.5000   15.0000  -45.0000 2242.2109   20.7579
    0.0000   15.0000  -45.0000 2255.1689   20.6541
    7.5000   15.0000  -45.0000 2235.1987   20.9362
   -7.5000   22.5000  -45.0000 2181.0437   21.9411
    0.0000   22.5000  -45.0000 2200.2969   21.8328
    7.5000   22.5000  -45.0000 2173.2378   22.1495
   -7.5000   30.0000  -45.0000 2102.5112   23.5837
    0.0000   30.0000  -45.0000 2117.1619   23.4632
    7.5000   30.0000  -45.0000 2092.0962   23.7213
   -7.5000   37.5000  -45.0000 2007.7124   25.8237
    0.0000   37.5000  -45.0000 2018.9653   25.6811
    7.5000   37.5000  -45.0000 1999.1815   25.9673
   -7.5000   45.0000  -45.0000 1897.6670   28.9004
    0.0000   45.0000  -45.0000 1908.7834   28.7475
    7.5000   45.0000  -45.0000 1890.4585   29.0208
   -7.5000  -45.0000  -37.5000 2156.0605   21.8022
    0.0000  -45.0000  -37.5000 2168.5754   21.9640
    7.5000  -45.0000  -37.5000 2147.6304   22.1024
   -7.5000  -37.5000  -37.5000 2253.3337   20.0132
    0.0000  -37.5000  -37.5000 2261.5784   20.1673
    7.5000  -37.5000  -37.5000 2240.4575   20.2331
   -7.5000  -30.0000  -37.5000 2332.4819   18.8030
    0.0000  -30.0000  -37.5000 2342.2539   18.8644
    7.5000  -30.0000  -37.5000 2324.0442   18.9701
   -7.5000  -22.5000  -37.5000 2381.4128   18.0328
    0.0000  -22.5000  -37.5000 2394.9717   18.0547
    7.5000  -22.5000  -37.5000 2369.8489   18.1583
   -7.5000  -15.0000  -37.5000 2407.6323   17.6036
    0.0000  -15.0000  -37.5000 2422.6350   17.5795
    7.5000  -15.0000  -37.5000 2394.8101   17.7630
   -7.5000   -7.5000  -37.5000 2416.1621   17.5648
    0.0000   -7.5000  -37.5000 2434.6184   17.4626
    7.5000   -7.5000  -37.5000 2405.7219   17.6851
   -7.5000    0.0000  -37.5000 2410.0908   17.7593
    0.0000    0.0000  -37.5000 2422.3079   17.6061
    7.5000    0.0000  -37.5000 2399.7812   17.8992
   -7.5000    7.5000  -37.5000 2392.4451   18.2073
    0.0000    7.5000  -37.5000 2405.4141   18.0834
    7.5000    7.5000  -37.5000 2381.0647   18.3641
   -7.5000   15.0000  -37.5000 2346.9329   19.0303
    0.0000   15.0000  -37.5000 2364.0630   18.9136
    7.5000   15.0000  -37.5000 2336.6919   19.2242
   -7.5000   22.5000  -37.5000 2283.0544   20.1793
    0.0000   22.5000  -37.5000 2302.0144   20.0329
    7.5000   22.5000  -37.5000 2274.4338   20.3852
   -7.5000   30.0000  -37.5000 2196.3484   21.7470
    0.0000   30.0000  -37.5000 2213.5308   21.6301
    7.5000   30.0000  -37.5000 2186.5876   21.9164
   -7.5000   37.5000  -37.5000 2095.0503   23.8361
    0.0000   37.5000  -37.5000 2108.3186   23.7052
    7.5000   37.5000  -37.5000 2083.2312   23.9921
   -7.5000   45.0000  -37.5000 1983.5592   26.5942
    0.0000   45.0000  -37.5000 1993.5164   26.4471
    7.5000   45.0000  -37.5000 1970.9681   26.7152
   -7.5000  -45.0000  -30.0000 2274.9861   21.0637
    0.0000  -45.0000  -30.0000 2286.2769   21.2116
    7.5000  -45.0000  -30.0000 2260.9504   21.2616
   -7.5000  -37.5000  -30.0000 2379.1355   19.2959
    0.0000  -37.5000  -30.0000 2391.7896   19.4085
    7.5000  -37.5000  -30.0000 2366.2048   19.4177
   -7.5000  -30.0000  -30.0000 2468.5720   17.9878
    0.0000  -30.0000  -30.0000 2482.2952   18.0400
    7.5000  -30.0000  -30.0000 2452.5635   18.1061
   -7.5000  -22.5000  -30.0000 2523.5884   17.1767
    0.0000  -22.5000  -30.0000 2540.7122   17.2243
    7.5000  -22.5000  -30.0000 2510.0164   17.2852
   -7.5000  -15.0000  -30.0000 2555.6401   16.8199
    0.0000  -15.0000  -30.0000 2570.1541   16.7758
    7.5000  -15.0000  -30.0000 2537.1401   16.9214
   -7.5000   -7.5000  -30.0000 2565.8606   16.7200
    0.0000   -7.5000  -30.0000 2582.5967   16.6155
    7.5000   -7.5000  -30.0000 2552.5793   16.8376
   -7.5000    0.0000  -30.0000 2561.4561   16.8974
    0.0000    0.0000  -30.0000 2575.5491   16.7781
    7.5000    0.0000  -30.0000 2550.8696   17.0181
   -7.5000    7.5000  -30.0000 2544.3140   17.3283
    0.0000    7.5000  -30.0000 2561.6013   17.1914
    7.5000    7.5000  -30.0000 2528.9128   17.4631
   -7.5000   15.0000  -30.0000 2497.6262   18.0847
    0.0000   15.0000  -30.0000 2517.1580   17.9566
    7.5000   15.0000  -30.0000 2483.4370   18.2581
   -7.5000   22.5000  -30.0000 2429.5259   19.2000
    0.0000   22.5000  -30.0000 2446.3137   19.0497
    7.5000   22.5000  -30.0000 2413.4487   19.3866
   -7.5000   30.0000  -30.0000 2333.7776   20.7207
    0.0000   30.0000  -30.0000 2345.4958   20.5774
    7.5000   30.0000  -30.0000 2316.0623   20.8885
   -7.5000   37.5000  -30.0000 2223.7695   22.7233
    0.0000   37.5000  -30.0000 2236.4209   22.6058
    7.5000   37.5000  -30.0000 2207.5303   22.8755
   -7.5000   45.0000  -30.0000 2104.1865   25.3797
    0.0000   45.0000  -30.0000 2117.6528   25.2311
    7.5000   45.0000  -30.0000 2089.2224   25.4926
   -7.5000  -45.0000  -22.5000 2374.0859   20.2243
    0.0000  -45.0000  -22.5000 2382.7915   20.2451
    7.5000  -45.0000  -22.5000 2351.1853   20.3150
   -7.5000  -37.5000  -22.5000 2487.3154   18.4130
    0.0000  -37.5000  -22.5000 2493.4360   18.4013
    7.5000  -37.5000  -22.5000 2464.0686   18.5018
   -7.5000  -30.0000  -22.5000 2574.2512   17.0813
    0.0000  -30.0000  -22.5000 2589.2061   17.0637
    7.5000  -30.0000  -22.5000 2550.0928   17.1422
   -7.5000  -22.5000  -22.5000 2637.8145   16.2227
    0.0000  -22.5000  -22.5000 2658.1990   16.2233
    7.5000  -22.5000  -22.5000 2619.2637   16.2559
   -7.5000  -15.0000  -22.5000 2676.3945   15.8354
    0.0000  -15.0000  -22.5000 2693.8074   15.8111
    7.5000  -15.0000  -22.5000 2658.2141   15.9003
   -7.5000   -7.5000  -22.5000 2698.1216   15.7601
    0.0000   -7.5000  -22.5000 2714.5745   15.6503
    7.5000   -7.5000  -22.5000 2680.5398   15.8057
   -7.5000    0.0000  -22.5000 2696.6829   15.9480
    0.0000    0.0000  -22.5000 2709.7742   15.8341
    7.5000    0.0000  -22.5000 2679.4924   16.0248
   -7.5000    7.5000  -22.5000 2674.4646   16.3515
    0.0000    7.5000  -22.5000 2694.6345   16.2598
    7.5000    7.5000  -22.5000 2658.2998   16.4956
   -7.5000   15.0000  -22.5000 2627.2380   17.0674
    0.0000   15.0000  -22.5000 2648.4375   16.9615
    7.5000   15.0000  -22.5000 2608.3052   17.2277
   -7.5000   22.5000  -22.5000 2554.1794   18.1052
    0.0000   22.5000  -22.5000 2572.6768   18.0233
    7.5000   22.5000  -22.5000 2534.7673   18.3089
   -7.5000   30.0000  -22.5000 2451.8826   19.5448
    0.0000   30.0000  -22.5000 2466.5422   19.4327
    7.5000   30.0000  -22.5000 2434.9446   19.7236
   -7.5000   37.5000  -22.5000 2335.9099   21.4877
    0.0000   37.5000  -22.5000 2348.5813   21.3147
    7.5000   37.5000  -22.5000 2322.4084   21.5940
   -7.5000   45.0000  -22.5000 2200.8171   23.9656
    0.0000   45.0000  -22.5000 2213.7141   23.8186
    7.5000   45.0000  -22.5000 2185.2263   24.0440
   -7.5000  -45.0000  -15.0000 2441.2483   19.3598
    0.0000  -45.0000  -15.0000 2445.1980   19.3151
    7.5000  -45.0000  -15.0000 2416.6018   19.4642
   -7.5000  -37.5000  -15.0000 2554.2510   17.5380
    0.0000  -37.5000  -15.0000 2560.8442   17.4837
    7.5000  -37.5000  -15.0000 2532.5330   17.6187
   -7.5000  -30.0000  -15.0000 2641.8657   16.1837
    0.0000  -30.0000  -15.0000 2657.4968   16.1175
    7.5000  -30.0000  -15.0000 2620.6821   16.2408
   -7.5000  -22.5000  -15.0000 2715.0037   15.2946
    0.0000  -22.5000  -15.0000 2738.2075   15.2471
    7.5000  -22.5000  -15.0000 2701.0588   15.3426
   -7.5000  -15.0000  -15.0000 2759.1848   14.8748
    0.0000  -15.0000  -15.0000 2780.3000   14.8109
    7.5000  -15.0000  -15.0000 2745.9507   14.8973
   -7.5000   -7.5000  -15.0000 2796.9299   14.7416
    0.0000   -7.5000  -15.0000 2815.7192   14.6521
    7.5000   -7.5000  -15.0000 2777.0859   14.7818
   -7.5000    0.0000  -15.0000 2798.1326   14.9333
    0.0000    0.0000  -15.0000 2820.3547   14.8503
    7.5000    0.0000  -15.0000 2773.0164   14.9828
   -7.5000    7.5000  -15.0000 2780.8979   15.3572
    0.0000    7.5000  -15.0000 2803.4976   15.3138
    7.5000    7.5000  -15.0000 2757.3596   15.4859
   -7.5000   15.0000  -15.0000 2733.3525   16.0372
    0.0000   15.0000  -15.0000 2754.8467   15.9818
    7.5000   15.0000  -15.0000 2708.9158   16.2279
   -7.5000   22.5000  -15.0000 2651.9541   17.0516
    0.0000   22.5000  -15.0000 2670.0784   16.9699
    7.5000   22.5000  -15.0000 2635.0178   17.2802
   -7.5000   30.0000  -15.0000 2539.9978   18.4100
    0.0000   30.0000  -15.0000 2555.3271   18.2798
    7.5000   30.0000  -15.0000 2527.9944   18.5846
   -7.5000   37.5000  -15.0000 2416.0088   20.2478
    0.0000   37.5000  -15.0000 2430.3596   20.0843
    7.5000   37.5000  -15.0000 2404.8933   20.3651
   -7.5000   45.0000  -15.0000 2275.1389   22.6212
    0.0000   45.0000  -15.0000 2283.8833   22.4760
    7.5000   45.0000  -15.0000 2257.7585   22.7511
   -7.5000  -45.0000   -7.5000 2471.5664   18.5692
    0.0000  -45.0000   -7.5000 2475.1606   18.4203
    7.5000  -45.0000   -7.5000 2447.2837   18.6670
   -7.5000  -37.5000   -7.5000 2587.0266   16.7846
    0.0000  -37.5000   -7.5000 2598.6516   16.6757
    7.5000  -37.5000   -7.5000 2567.8845   16.9125
   -7.5000  -30.0000   -7.5000 2688.8748   15.4016
    0.0000  -30.0000   -7.5000 2699.6433   15.3147
    7.5000  -30.0000   -7.5000 2670.5300   15.5496
   -7.5000  -22.5000   -7.5000 2772.2715   14.5250
    0.0000  -22.5000   -7.5000 2789.6602   14.4071
    7.5000  -22.5000   -7.5000 2755.8457   14.6079
   -7.5000  -15.0000   -7.5000 2822.0762   14.0062
    0.0000  -15.0000   -7.5000 2841.2820   13.8689
    7.5000  -15.0000   -7.5000 2807.9998   14.0551
   -7.5000   -7.5000   -7.5000 2861.8708   13.7904
    0.0000   -7.5000   -7.5000 2881.4714   13.6725
    7.5000   -7.5000   -7.5000 2837.8513   13.8047
   -7.5000    0.0000   -7.5000 2875.4541   13.9601
    0.0000    0.0000   -7.5000 2901.1919   13.8796
    7.5000    0.0000   -7.5000 2846.9785   14.0073
   -7.5000    7.5000   -7.5000 2864.8545   14.4476
    0.0000    7.5000   -7.5000 2888.9763   14.3850
    7.5000    7.5000   -7.5000 2833.7446   14.5313
   -7.5000   15.0000   -7.5000 2810.3359   15.1301
    0.0000   15.0000   -7.5000 2834.9985   15.0451
    7.5000   15.0000   -7.5000 2790.3665   15.3039
   -7.5000   22.5000   -7.5000 2723.0627   16.1027
    0.0000   22.5000   -7.5000 2742.3645   16.0055
    7.5000   22.5000   -7.5000 2707.2859   16.3535
   -7.5000   30.0000   -7.5000 2603.5154   17.4185
    0.0000   30.0000   -7.5000 2625.8154   17.2977
    7.5000   30.0000   -7.5000 2590.3650   17.6401
   -7.5000   37.5000   -7.5000 2473.7542   19.1907
    0.0000   37.5000   -7.5000 2495.0708   19.0479
    7.5000   37.5000   -7.5000 2461.4641   19.3915
   -7.5000   45.0000   -7.5000 2325.3604   21.5074
    0.0000   45.0000   -7.5000 2338.9319   21.3730
    7.5000   45.0000   -7.5000 2313.1692   21.7020
   -7.5000  -45.0000    0.0000 2476.8667   17.9672
    0.0000  -45.0000    0.0000 2479.7686   17.7380
    7.5000  -45.0000    0.0000 2459.2339   18.1594
   -7.5000  -37.5000    0.0000 2603.9038   16.2672
    0.0000  -37.5000    0.0000 2609.3965   16.0649
    7.5000  -37.5000    0.0000 2586.8840   16.4597
   -7.5000  -30.0000    0.0000 2709.8562   14.9418
    0.0000  -30.0000    0.0000 2718.7808   14.7856
    7.5000  -30.0000    0.0000 2693.5002   15.0986
   -7.5000  -22.5000    0.0000 2802.6226   13.9874
    0.0000  -22.5000    0.0000 2818.1724   13.8400
    7.5000  -22.5000    0.0000 2790.6626   14.1138
   -7.5000  -15.0000    0.0000 2862.5530   13.3714
    0.0000  -15.0000    0.0000 2886.7253   13.2344
    7.5000  -15.0000    0.0000 2853.6895   13.4852
   -7.5000   -7.5000    0.0000 2908.9778   13.0824
    0.0000   -7.5000    0.0000 2934.9971   12.9289
    7.5000   -7.5000    0.0000 2884.3601   13.1709
   -7.5000    0.0000    0.0000 2935.0259   13.2287
    0.0000    0.0000    0.0000 2963.7156   13.0907
    7.5000    0.0000    0.0000 2899.3647   13.3300
   -7.5000    7.5000    0.0000 2923.6970   13.7390
    0.0000    7.5000    0.0000 2947.0115   13.5791
    7.5000    7.5000    0.0000 2892.4443   13.8412
   -7.5000   15.0000    0.0000 2862.0981   14.4645
    0.0000   15.0000    0.0000 2881.9771   14.3138
    7.5000   15.0000    0.0000 2836.3091   14.6274
   -7.5000   22.5000    0.0000 2766.2346   15.4658
    0.0000   22.5000    0.0000 2788.8013   15.3218
    7.5000   22.5000    0.0000 2749.4541   15.7007
   -7.5000   30.0000    0.0000 2642.5918   16.7744
    0.0000   30.0000    0.0000 2669.2446   16.6245
    7.5000   30.0000    0.0000 2631.7690   17.0294
   -7.5000   37.5000    0.0000 2515.0002   18.5593
    0.0000   37.5000    0.0000 2534.6750   18.3991
    7.5000   37.5000    0.0000 2498.8499   18.7736
   -7.5000   45.0000    0.0000 2365.1643   20.8426
    0.0000   45.0000    0.0000 2379.4666   20.6674
    7.5000   45.0000    0.0000 2348.1150   21.0437
   -7.5000  -45.0000    7.5000 2477.1499   17.7024
    0.0000  -45.0000    7.5000 2477.4709   17.4657
    7.5000  -45.0000    7.5000 2464.5364   17.9555
   -7.5000  -37.5000    7.5000 2609.5620   16.0284
    0.0000  -37.5000    7.5000 2609.5994   15.8203
    7.5000  -37.5000    7.5000 2588.8281   16.2305
   -7.5000  -30.0000    7.5000 2715.8584   14.7024
    0.0000  -30.0000    7.5000 2719.4912   14.5101
    7.5000  -30.0000    7.5000 2695.2839   14.8843
   -7.5000  -22.5000    7.5000 2819.5383   13.7119
    0.0000  -22.5000    7.5000 2829.6167   13.5363
    7.5000  -22.5000    7.5000 2799.8582   13.8657
   -7.5000  -15.0000    7.5000 2897.5520   13.0532
    0.0000  -15.0000    7.5000 2917.2024   12.9340
    7.5000  -15.0000    7.5000 2878.1396   13.2010
   -7.5000   -7.5000    7.5000 2955.8372   12.7125
    0.0000   -7.5000    7.5000 2976.1582   12.5636
    7.5000   -7.5000    7.5000 2927.1433   12.8403
   -7.5000    0.0000    7.5000 2980.7209   12.8293
    0.0000    0.0000    7.5000 3007.4409   12.6332
    7.5000    0.0000    7.5000 2940.0764   12.9473
   -7.5000    7.5000    7.5000 2962.5774   13.3316
    0.0000    7.5000    7.5000 2979.6865   13.1387
    7.5000    7.5000    7.5000 2924.9360   13.4728
   -7.5000   15.0000    7.5000 2895.4163   14.0823
    0.0000   15.0000    7.5000 2910.7942   13.9375
    7.5000   15.0000    7.5000 2856.6147   14.2403
   -7.5000   22.5000    7.5000 2790.9993   15.1060
    0.0000   22.5000    7.5000 2817.5500   14.9970
    7.5000   22.5000    7.5000 2774.1184   15.2952
   -7.5000   30.0000    7.5000 2668.4453   16.4335
    0.0000   30.0000    7.5000 2694.0601   16.3733
    7.5000   30.0000    7.5000 2656.5054   16.6567
   -7.5000   37.5000    7.5000 2537.0601   18.2361
    0.0000   37.5000    7.5000 2556.2217   18.1548
    7.5000   37.5000    7.5000 2520.7979   18.4095
   -7.5000   45.0000    7.5000 2388.5610   20.4969
    0.0000   45.0000    7.5000 2403.0413   20.4306
    7.5000   45.0000    7.5000 2370.1294   20.6459
   -7.5000  -45.0000   15.0000 2463.6133   17.7130
    0.0000  -45.0000   15.0000 2467.4702   17.4127
    7.5000  -45.0000   15.0000 2449.9424   17.9765
   -7.5000  -37.5000   15.0000 2591.9944   15.9841
    0.0000  -37.5000   15.0000 2593.2642   15.7484
    7.5000  -37.5000   15.0000 2574.8118   16.2633
   -7.5000  -30.0000   15.0000 2701.4084   14.6510
    0.0000  -30.0000   15.0000 2706.7751   14.4221
    7.5000  -30.0000   15.0000 2685.7498   14.9117
   -7.5000  -22.5000   15.0000 2805.6377   13.6351
    0.0000  -22.5000   15.0000 2813.9778   13.4111
    7.5000  -22.5000   15.0000 2787.6250   13.8679
   -7.5000  -15.0000   15.0000 2900.9258   13.0077
    0.0000  -15.0000   15.0000 2916.8579   12.8446
    7.5000  -15.0000   15.0000 2873.7078   13.1975
   -7.5000   -7.5000   15.0000 2966.7205   12.7195
    0.0000   -7.5000   15.0000 2987.9612   12.5745
    7.5000   -7.5000   15.0000 2931.7556   12.8625
   -7.5000    0.0000   15.0000 3002.9907   12.7814
    0.0000    0.0000   15.0000 3026.4368   12.6360
    7.5000    0.0000   15.0000 2953.2725   12.9166
   -7.5000    7.5000   15.0000 2977.0879   13.2049
    0.0000    7.5000   15.0000 2995.2153   13.0605
    7.5000    7.5000   15.0000 2929.4944   13.3734
   -7.5000   15.0000   15.0000 2901.1807   13.9678
    0.0000   15.0000   15.0000 2915.8015   13.8394
    7.5000   15.0000   15.0000 2860.0071   14.1242
   -7.5000   22.5000   15.0000 2794.8569   15.0532
    0.0000   22.5000   15.0000 2814.1226   14.9223
    7.5000   22.5000   15.0000 2775.6804   15.2151
   -7.5000   30.0000   15.0000 2672.8440   16.4575
    0.0000   30.0000   15.0000 2688.1160   16.2961
    7.5000   30.0000   15.0000 2661.0664   16.5877
   -7.5000   37.5000   15.0000 2539.9177   18.2446
    0.0000   37.5000   15.0000 2557.3086   18.1120
    7.5000   37.5000   15.0000 2523.5769   18.3817
   -7.5000   45.0000   15.0000 2389.4963   20.5453
    0.0000   45.0000   15.0000 2403.2073   20.3735
    7.5000   45.0000   15.0000 2370.6431   20.6160
   -7.5000  -45.0000   22.5000 2446.6973   17.9585
    0.0000  -45.0000   22.5000 2451.1072   17.6546
    7.5000  -45.0000   22.5000 2426.3079   18.2517
   -7.5000  -37.5000   22.5000 2566.2913   16.1590
    0.0000  -37.5000   22.5000 2570.3042   15.8990
    7.5000  -37.5000   22.5000 2548.1582   16.4698
   -7.5000  -30.0000   22.5000 2670.8555   14.7934
    0.0000  -30.0000   22.5000 2679.4631   14.5780
    7.5000  -30.0000   22.5000 2658.4150   15.0952
   -7.5000  -22.5000   22.5000 2778.4065   13.8037
    0.0000  -22.5000   22.5000 2784.4800   13.5858
    7.5000  -22.5000   22.5000 2755.7900   14.0752
   -7.5000  -15.0000   22.5000 2879.0708   13.2501
    0.0000  -15.0000   22.5000 2891.5842   13.0628
    7.5000  -15.0000   22.5000 2851.2463   13.4943
   -7.5000   -7.5000   22.5000 2951.2844   12.9590
    0.0000   -7.5000   22.5000 2970.1438   12.7752
    7.5000   -7.5000   22.5000 2915.8088   13.1531
   -7.5000    0.0000   22.5000 2987.1514   12.9837
    0.0000    0.0000   22.5000 3007.3289   12.8109
    7.5000    0.0000   22.5000 2945.4070   13.1882
   -7.5000    7.5000   22.5000 2960.9338   13.3705
    0.0000    7.5000   22.5000 2975.4067   13.2210
    7.5000    7.5000   22.5000 2915.1016   13.5543
   -7.5000   15.0000   22.5000 2888.7520   14.1312
    0.0000   15.0000   22.5000 2895.2883   13.9978
    7.5000   15.0000   22.5000 2843.9766   14.3183
   -7.5000   22.5000   22.5000 2774.2664   15.2594
    0.0000   22.5000   22.5000 2787.0259   15.0892
    7.5000   22.5000   22.5000 2754.7656   15.3950
   -7.5000   30.0000   22.5000 2644.8728   16.6764
    0.0000   30.0000   22.5000 2659.4707   16.5005
    7.5000   30.0000   22.5000 2637.8171   16.7976
   -7.5000   37.5000   22.5000 2521.7061   18.4745
    0.0000   37.5000   22.5000 2531.4507   18.3097
    7.5000   37.5000   22.5000 2508.4124   18.5655
   -7.5000   45.0000   22.5000 2376.4705   20.6857
    0.0000   45.0000   22.5000 2385.6990   20.5088
    7.5000   45.0000   22.5000 2354.1941   20.7454
   -7.5000  -45.0000   30.0000 2413.3206   18.4122
    0.0000  -45.0000   30.0000 2423.0728   18.1415
    7.5000  -45.0000   30.0000 2393.7795   18.7212
   -7.5000  -37.5000   30.0000 2524.9590   16.5927
    0.0000  -37.5000   30.0000 2536.2473   16.3631
    7.5000  -37.5000   30.0000 2508.4485   16.9161
   -7.5000  -30.0000   30.0000 2630.7629   15.2255
    0.0000  -30.0000   30.0000 2639.6531   15.0111
    7.5000  -30.0000   30.0000 2613.6777   15.5630
   -7.5000  -22.5000   30.0000 2738.0164   14.3073
    0.0000  -22.5000   30.0000 2743.0400   14.1134
    7.5000  -22.5000   30.0000 2711.1108   14.6125
   -7.5000  -15.0000   30.0000 2833.0151   13.7208
    0.0000  -15.0000   30.0000 2843.2483   13.5606
    7.5000  -15.0000   30.0000 2802.3740   13.9895
   -7.5000   -7.5000   30.0000 2905.1074   13.3717
    0.0000   -7.5000   30.0000 2920.4534   13.2147
    7.5000   -7.5000   30.0000 2870.9011   13.6187
   -7.5000    0.0000   30.0000 2942.2861   13.3693
    0.0000    0.0000   30.0000 2957.7397   13.2245
    7.5000    0.0000   30.0000 2900.6707   13.5732
   -7.5000    7.5000   30.0000 2916.7681   13.7886
    0.0000    7.5000   30.0000 2930.1536   13.6538
    7.5000    7.5000   30.0000 2874.9966   13.9673
   -7.5000   15.0000   30.0000 2844.2021   14.6122
    0.0000   15.0000   30.0000 2853.5444   14.4730
    7.5000   15.0000   30.0000 2801.8728   14.7584
   -7.5000   22.5000   30.0000 2730.9670   15.7575
    0.0000   22.5000   30.0000 2742.0049   15.5641
    7.5000   22.5000   30.0000 2708.5933   15.8609
   -7.5000   30.0000   30.0000 2607.5793   17.1693
    0.0000   30.0000   30.0000 2615.3362   16.9580
    7.5000   30.0000   30.0000 2594.4822   17.2925
   -7.5000   37.5000   30.0000 2483.2183   18.9229
    0.0000   37.5000   30.0000 2495.7786   18.7254
    7.5000   37.5000   30.0000 2472.3958   18.9994
   -7.5000   45.0000   30.0000 2342.3640   21.0924
    0.0000   45.0000   30.0000 2349.3813   20.8822
    7.5000   45.0000   30.0000 2322.4829   21.1319
   -7.5000  -45.0000   37.5000 2368.7444   19.1219
    0.0000  -45.0000   37.5000 2381.9075   18.9496
    7.5000  -45.0000   37.5000 2350.7322   19.4512
   -7.5000  -37.5000   37.5000 2481.1755   17.3314
    0.0000  -37.5000   37.5000 2496.0393   17.1849
    7.5000  -37.5000   37.5000 2462.5205   17.6840
   -7.5000  -30.0000   37.5000 2584.0840   15.9731
    0.0000  -30.0000   37.5000 2595.3408   15.8241
    7.5000  -30.0000   37.5000 2557.9827   16.3473
   -7.5000  -22.5000   37.5000 2685.7161   15.0102
    0.0000  -22.5000   37.5000 2692.9275   14.8576
    7.5000  -22.5000   37.5000 2660.4009   15.3414
   -7.5000  -15.0000   37.5000 2773.5393   14.3502
    0.0000  -15.0000   37.5000 2780.9424   14.1812
    7.5000  -15.0000   37.5000 2745.1606   14.6470
   -7.5000   -7.5000   37.5000 2841.0806   13.9931
    0.0000   -7.5000   37.5000 2853.8159   13.8388
    7.5000   -7.5000   37.5000 2810.9082   14.2482
   -7.5000    0.0000   37.5000 2866.9673   14.0358
    0.0000    0.0000   37.5000 2879.7913   13.9042
    7.5000    0.0000   37.5000 2833.5894   14.1964
   -7.5000    7.5000   37.5000 2844.2827   14.4445
    0.0000    7.5000   37.5000 2858.6597   14.3200
    7.5000    7.5000   37.5000 2813.1587   14.6066
   -7.5000   15.0000   37.5000 2773.9202   15.2804
    0.0000   15.0000   37.5000 2790.7219   15.1510
    7.5000   15.0000   37.5000 2746.3313   15.4388
   -7.5000   22.5000   37.5000 2671.6392   16.4324
    0.0000   22.5000   37.5000 2685.4053   16.2606
    7.5000   22.5000   37.5000 2652.4453   16.5677
   -7.5000   30.0000   37.5000 2556.3384   17.8648
    0.0000   30.0000   37.5000 2564.3699   17.6921
    7.5000   30.0000   37.5000 2538.6064   18.0160
   -7.5000   37.5000   37.5000 2431.8867   19.5692
    0.0000   37.5000   37.5000 2440.3760   19.3988
    7.5000   37.5000   37.5000 2418.1086   19.6977
   -7.5000   45.0000   37.5000 2288.3774   21.7065
    0.0000   45.0000   37.5000 2296.6003   21.4808
    7.5000   45.0000   37.5000 2273.4377   21.7495
   -7.5000  -45.0000   45.0000 2314.5337   20.1842
    0.0000  -45.0000   45.0000 2326.2717   20.0401
    7.5000  -45.0000   45.0000 2293.6270   20.4431
   -7.5000  -37.5000   45.0000 2427.7654   18.3124
    0.0000  -37.5000   45.0000 2440.4041   18.1978
    7.5000  -37.5000   45.0000 2402.4263   18.6468
   -7.5000  -30.0000   45.0000 2528.6365   16.9103
    0.0000  -30.0000   45.0000 2536.0410   16.8043
    7.5000  -30.0000   45.0000 2494.9202   17.2732
   -7.5000  -22.5000   45.0000 2627.0950   15.8850
    0.0000  -22.5000   45.0000 2636.3677   15.7834
    7.5000  -22.5000   45.0000 2592.9937   16.2083
   -7.5000  -15.0000   45.0000 2706.8115   15.2020
    0.0000  -15.0000   45.0000 2720.9761   15.0638
    7.5000  -15.0000   45.0000 2676.9849   15.4834
   -7.5000   -7.5000   45.0000 2761.7803   14.8292
    0.0000   -7.5000   45.0000 2776.0959   14.6892
    7.5000   -7.5000   45.0000 2730.5220   15.0661
   -7.5000    0.0000   45.0000 2769.1177   14.8451
    0.0000    0.0000   45.0000 2779.4167   14.7173
    7.5000    0.0000   45.0000 2739.1047   15.0235
   -7.5000    7.5000   45.0000 2746.6052   15.2675
    0.0000    7.5000   45.0000 2756.7776   15.1435
    7.5000    7.5000   45.0000 2720.7551   15.4272
   -7.5000   15.0000   45.0000 2687.4336   16.0943
    0.0000   15.0000   45.0000 2698.3257   15.9746
    7.5000   15.0000   45.0000 2658.7129   16.2691
   -7.5000   22.5000   45.0000 2596.7739   17.2647
    0.0000   22.5000   45.0000 2605.6118   17.1204
    7.5000   22.5000   45.0000 2572.0007   17.4437
   -7.5000   30.0000   45.0000 2481.9231   18.6961
    0.0000   30.0000   45.0000 2493.1526   18.5903
    7.5000   30.0000   45.0000 2470.6165   18.9211
   -7.5000   37.5000   45.0000 2361.2129   20.4077
    0.0000   37.5000   45.0000 2373.6614   20.3431
    7.5000   37.5000   45.0000 2354.0857   20.6437
   -7.5000   45.0000   45.0000 2222.0596   22.6191
    0.0000   45.0000   45.0000 2232.4509   22.4731
    7.5000   45.0000   45.0000 2207.8748   22.7167

---------------------------------------------------------------------
imgreg_4dfp /opt/freesurfer/average/711-2C_as_mni_average_305 /opt/freesurfer/average/711-2B_as_mni_average_305_mask talsrcimg_g11 none talsrcimg_to_711-2C_as_mni_average_305_t4 1283
---------------------------------------------------------------------

freesurfer imgreg_4dfp.c
/opt/freesurfer/average/711-2C_as_mni_average_305.4dfp.img
       256       256       256         1
  1.000000  1.000000  1.000000
orientation T byte_order littleendian
Reading image: /opt/freesurfer/average/711-2C_as_mni_average_305.4dfp.img
dimensions:      256       256       256
mmppix:       1.0000   -1.0000   -1.0000
center:     128.0000 -129.0000 -129.0000
/opt/freesurfer/average/711-2B_as_mni_average_305_mask.4dfp.img
       256       256       256         1
  1.000000  1.000000  1.000000
orientation T byte_order littleendian
Reading mask: /opt/freesurfer/average/711-2B_as_mni_average_305_mask.4dfp.img (2306576 pixels)
talsrcimg_g11.4dfp.img
       256       256       256         1
  1.000000  1.000000  1.000000
orientation T byte_order littleendian
Reading image: talsrcimg_g11.4dfp.img
dimensions:      256       256       256
mmppix:       1.0000   -1.0000   -1.0000
center:     128.0000 -129.0000 -129.0000
rotation matrix determinant  1.000000
fimgreg.f
image alignment mode   1283 decimal      503 hex
parameters
    0.0000    0.0000   15.0000    0.0000    0.0000    0.0000
eta,q 0.94876 12.61657
niter,ni,del,rscale     5    3   12.0000    1.2000
parameter  4 20.508139 ->  0.500000 qaram    1.1500
parameters
   -2.8992   -0.8501   14.6823   -3.4500    1.0001    2.2559
eta,q 0.95602 12.49754
  0.0528  0.0529  0.0527  0.0423  0.0559  0.0514
  0.0494  0.0497  0.0513  0.0429  0.0498  0.0491
  0.0500  0.0486  0.0503  0.0455  0.0449  0.0459
  0.0527  0.0492  0.0486  0.0486  0.0435  0.0440
  0.0557  0.0504  0.0484  0.0507  0.0453  0.0439
  0.0602  0.0520  0.0510  0.0521  0.0479  0.0443
  0.0677  0.0551  0.0553  0.0546  0.0485  0.0455
niter,ni,del,rscale     5    3   12.0000    1.2000
parameter  4  0.892723 ->  0.500000 qaram    1.3225
parameters
   -1.8419   -0.3405   13.7778   -7.4175    1.3973    1.9663
eta,q 0.95868 12.46705
  0.0601  0.0546  0.0478  0.0428  0.0485  0.0450
  0.0524  0.0491  0.0456  0.0413  0.0446  0.0423
  0.0462  0.0459  0.0441  0.0415  0.0417  0.0416
  0.0440  0.0442  0.0439  0.0437  0.0411  0.0413
  0.0447  0.0444  0.0454  0.0473  0.0422  0.0414
  0.0468  0.0477  0.0477  0.0497  0.0439  0.0428
  0.0515  0.0514  0.0512  0.0507  0.0463  0.0460
niter,ni,del,rscale     5    3   12.0000    1.2000
parameters
   -1.8313    1.4724   13.4838   -8.4938    1.7688    0.9473
eta,q 0.95918 12.47751
  0.0525  0.0555  0.0463  0.0480  0.0472  0.0425
  0.0448  0.0486  0.0430  0.0417  0.0432  0.0405
  0.0415  0.0440  0.0412  0.0404  0.0406  0.0407
  0.0413  0.0413  0.0408  0.0408  0.0406  0.0407
  0.0425  0.0409  0.0417  0.0429  0.0415  0.0409
  0.0452  0.0421  0.0438  0.0472  0.0425  0.0419
  0.0517  0.0446  0.0474  0.0508  0.0452  0.0446
niter,ni,del,rscale     4    3   12.0000    1.2000
parameters
   -2.6101    2.3271   13.7227   -9.6624    2.5832    1.1683
eta,q 0.96038 12.47563
  0.0484  0.0514  0.0458  0.0471  0.0469  0.0439
  0.0414  0.0459  0.0421  0.0412  0.0424  0.0407
  0.0399  0.0421  0.0404  0.0388  0.0393  0.0396
  0.0408  0.0405  0.0401  0.0401  0.0395  0.0396
  0.0422  0.0400  0.0401  0.0422  0.0395  0.0398
  0.0458  0.0420  0.0413  0.0465  0.0401  0.0407
  0.0531  0.0468  0.0450  0.0509  0.0433  0.0429
niter,ni,del,rscale     3    3   12.0000    1.2000
parameters
   -3.0168    3.0034   13.8128  -10.4996    2.5295    1.2584
eta,q 0.96178 12.47820
  0.0494  0.0517  0.0443  0.0475  0.0449  0.0436
  0.0414  0.0456  0.0413  0.0418  0.0405  0.0404
  0.0384  0.0415  0.0397  0.0376  0.0382  0.0386
  0.0396  0.0392  0.0389  0.0389  0.0382  0.0382
  0.0412  0.0392  0.0387  0.0416  0.0385  0.0390
  0.0445  0.0423  0.0403  0.0458  0.0407  0.0403
  0.0512  0.0474  0.0448  0.0502  0.0450  0.0430
niter,ni,del,rscale     2    3   12.0000    1.2000
parameters
   -3.0002    3.4325   13.7557  -10.9045    2.4089    1.2988
eta,q 0.96200 12.48356
  0.0510  0.0510  0.0436  0.0485  0.0446  0.0434
  0.0421  0.0449  0.0409  0.0428  0.0403  0.0403
  0.0377  0.0403  0.0390  0.0377  0.0380  0.0384
  0.0382  0.0382  0.0382  0.0382  0.0380  0.0380
  0.0404  0.0394  0.0382  0.0408  0.0384  0.0390
  0.0432  0.0430  0.0401  0.0450  0.0408  0.0403
  0.0492  0.0477  0.0447  0.0495  0.0450  0.0429
niter,ni,del,rscale     1    3   12.0000    1.2000
parameters
   -2.9743    3.6645   13.6957  -11.1254    2.3083    1.3423
eta,q 0.96200 12.48761
  0.0509  0.0504  0.0434  0.0490  0.0446  0.0433
  0.0420  0.0443  0.0407  0.0433  0.0404  0.0403
  0.0375  0.0396  0.0389  0.0379  0.0380  0.0384
  0.0380  0.0380  0.0381  0.0381  0.0380  0.0380
  0.0403  0.0398  0.0382  0.0403  0.0383  0.0390
  0.0431  0.0435  0.0400  0.0446  0.0408  0.0403
  0.0489  0.0482  0.0445  0.0493  0.0449  0.0429
registration optimization eta report
parameter search radius
    6.0000    6.0000    6.0000    7.9350    6.0000    6.0000
100000*second partial in parameter space
       34.       31.       17.       18.       20.       14.
  0.0509  0.0504  0.0434  0.0490  0.0446  0.0433
  0.0420  0.0443  0.0407  0.0433  0.0404  0.0403
  0.0375  0.0396  0.0389  0.0379  0.0380  0.0384
  0.0380  0.0380  0.0381  0.0381  0.0380  0.0380
  0.0403  0.0398  0.0382  0.0403  0.0383  0.0390
  0.0431  0.0435  0.0400  0.0446  0.0408  0.0403
  0.0489  0.0482  0.0445  0.0493  0.0449  0.0429
   -2.9743    3.6645   13.6957  -11.1254    2.3083    1.3423
eta,q 0.96200 12.48761

---------------------------------------------------------------------
imgreg_4dfp /opt/freesurfer/average/711-2C_as_mni_average_305 /opt/freesurfer/average/711-2B_as_mni_average_305_mask talsrcimg_g11 none talsrcimg_to_711-2C_as_mni_average_305_t4 3335
---------------------------------------------------------------------

freesurfer imgreg_4dfp.c
/opt/freesurfer/average/711-2C_as_mni_average_305.4dfp.img
       256       256       256         1
  1.000000  1.000000  1.000000
orientation T byte_order littleendian
Reading image: /opt/freesurfer/average/711-2C_as_mni_average_305.4dfp.img
dimensions:      256       256       256
mmppix:       1.0000   -1.0000   -1.0000
center:     128.0000 -129.0000 -129.0000
/opt/freesurfer/average/711-2B_as_mni_average_305_mask.4dfp.img
       256       256       256         1
  1.000000  1.000000  1.000000
orientation T byte_order littleendian
Reading mask: /opt/freesurfer/average/711-2B_as_mni_average_305_mask.4dfp.img (2306576 pixels)
talsrcimg_g11.4dfp.img
       256       256       256         1
  1.000000  1.000000  1.000000
orientation T byte_order littleendian
Reading image: talsrcimg_g11.4dfp.img
dimensions:      256       256       256
mmppix:       1.0000   -1.0000   -1.0000
center:     128.0000 -129.0000 -129.0000
fimgreg.f
image alignment mode   3335 decimal      D07 hex
parameters
   -2.9743    3.6645   13.6957   -0.1086   -1.8880   -1.9589
   -1.5216   -4.4029    2.3407   19.1977    4.0276  -19.2800
eta,q 0.96259 12.64602
niter,ni,del,rscale     5    3    5.0000    1.2000
parameter  4  1.240947 ->  0.500000 qaram    1.1500
parameter  5  2.277240 ->  0.500000 qaram    1.1500
parameter 12  0.661564 ->  0.500000 qaram    1.1500
parameters
   -2.5850    3.7080   13.9020   -4.2486   -6.0280   -4.4215
   -0.3067   -3.7955    2.5402   17.8118    3.4036  -23.4200
eta,q 0.96983 12.40223
  0.0406  0.0390  0.0386  0.0342  0.0291  0.0320  0.0339  0.0357  0.0327  0.0328  0.0311  0.0303
  0.0390  0.0381  0.0380  0.0346  0.0306  0.0312  0.0324  0.0334  0.0316  0.0314  0.0308  0.0302
  0.0380  0.0375  0.0376  0.0357  0.0325  0.0308  0.0313  0.0317  0.0309  0.0306  0.0306  0.0302
  0.0374  0.0373  0.0373  0.0373  0.0348  0.0311  0.0308  0.0307  0.0307  0.0307  0.0305  0.0305
  0.0374  0.0375  0.0373  0.0392  0.0374  0.0321  0.0308  0.0309  0.0309  0.0316  0.0306  0.0310
  0.0379  0.0380  0.0377  0.0414  0.0402  0.0337  0.0313  0.0322  0.0315  0.0332  0.0309  0.0318
  0.0391  0.0389  0.0383  0.0444  0.0437  0.0363  0.0323  0.0345  0.0325  0.0351  0.0314  0.0325
niter,ni,del,rscale     7    3    5.0000    1.2000
parameter  5  1.109514 ->  0.500000 qaram    1.3225
parameters
   -2.7204    3.6925   13.4678   -6.8081  -10.7890   -3.2672
    0.1623   -3.8313    2.6073   19.5828    2.9620  -25.7911
eta,q 0.97324 12.25299
  0.0331  0.0324  0.0310  0.0316  0.0267  0.0303  0.0305  0.0319  0.0295  0.0322  0.0277  0.0276
  0.0314  0.0312  0.0304  0.0303  0.0272  0.0291  0.0289  0.0296  0.0283  0.0300  0.0273  0.0270
  0.0304  0.0304  0.0301  0.0297  0.0282  0.0280  0.0277  0.0279  0.0275  0.0283  0.0270  0.0268
  0.0302  0.0302  0.0302  0.0301  0.0297  0.0274  0.0272  0.0272  0.0272  0.0272  0.0269  0.0269
  0.0307  0.0304  0.0304  0.0314  0.0319  0.0273  0.0275  0.0277  0.0275  0.0269  0.0271  0.0274
  0.0319  0.0312  0.0310  0.0332  0.0347  0.0278  0.0284  0.0295  0.0282  0.0275  0.0274  0.0281
  0.0338  0.0325  0.0319  0.0353  0.0378  0.0291  0.0298  0.0322  0.0294  0.0291  0.0279  0.0292
niter,ni,del,rscale     7    3    5.0000    1.2000
parameters
   -2.7192    3.5054   14.0445   -6.6213  -14.8982   -2.3243
    0.3228   -3.9349    2.5918   20.6298    2.4805  -25.8099
eta,q 0.97477 12.17790
  0.0305  0.0289  0.0289  0.0306  0.0275  0.0290  0.0288  0.0303  0.0278  0.0301  0.0262  0.0271
  0.0284  0.0276  0.0279  0.0287  0.0259  0.0276  0.0270  0.0278  0.0265  0.0280  0.0256  0.0261
  0.0272  0.0269  0.0272  0.0272  0.0256  0.0264  0.0258  0.0260  0.0256  0.0264  0.0253  0.0255
  0.0268  0.0268  0.0267  0.0266  0.0266  0.0255  0.0254  0.0254  0.0254  0.0254  0.0252  0.0252
  0.0272  0.0272  0.0267  0.0270  0.0285  0.0254  0.0258  0.0260  0.0257  0.0253  0.0254  0.0254
  0.0285  0.0282  0.0269  0.0284  0.0313  0.0260  0.0269  0.0279  0.0265  0.0263  0.0258  0.0261
  0.0305  0.0296  0.0275  0.0303  0.0343  0.0280  0.0285  0.0307  0.0278  0.0282  0.0265  0.0271
niter,ni,del,rscale     6    3    5.0000    1.2000
parameters
   -2.7280    3.5751   14.3757   -6.1865  -15.4162   -2.3026
    0.3256   -3.8937    2.6662   20.7988    2.4199  -25.6396
eta,q 0.97489 12.17961
  0.0291  0.0283  0.0273  0.0296  0.0298  0.0285  0.0284  0.0304  0.0276  0.0291  0.0262  0.0271
  0.0270  0.0266  0.0263  0.0275  0.0274  0.0270  0.0267  0.0277  0.0263  0.0272  0.0256  0.0261
  0.0256  0.0256  0.0256  0.0259  0.0256  0.0258  0.0255  0.0259  0.0254  0.0258  0.0252  0.0254
  0.0252  0.0252  0.0252  0.0252  0.0252  0.0251  0.0251  0.0251  0.0251  0.0251  0.0251  0.0251
  0.0257  0.0255  0.0252  0.0255  0.0262  0.0254  0.0256  0.0257  0.0254  0.0255  0.0252  0.0253
  0.0270  0.0265  0.0257  0.0269  0.0281  0.0265  0.0267  0.0275  0.0262  0.0268  0.0256  0.0260
  0.0291  0.0279  0.0264  0.0288  0.0309  0.0289  0.0284  0.0304  0.0275  0.0289  0.0262  0.0270
niter,ni,del,rscale     5    3    5.0000    1.2000
parameters
   -2.7341    3.5911   14.3876   -6.0736  -15.5519   -2.3386
    0.2901   -3.8869    2.6924   20.8294    2.4071  -25.6466
eta,q 0.97490 12.17873
  0.0290  0.0281  0.0268  0.0293  0.0302  0.0285  0.0284  0.0303  0.0275  0.0290  0.0262  0.0270
  0.0268  0.0265  0.0259  0.0272  0.0277  0.0270  0.0266  0.0277  0.0262  0.0271  0.0256  0.0260
  0.0255  0.0254  0.0253  0.0257  0.0258  0.0258  0.0255  0.0258  0.0254  0.0257  0.0252  0.0254
  0.0251  0.0251  0.0251  0.0251  0.0251  0.0251  0.0251  0.0251  0.0251  0.0251  0.0251  0.0251
  0.0256  0.0255  0.0253  0.0256  0.0260  0.0254  0.0255  0.0257  0.0254  0.0255  0.0252  0.0253
  0.0269  0.0265  0.0259  0.0271  0.0277  0.0266  0.0267  0.0276  0.0262  0.0269  0.0256  0.0260
  0.0290  0.0280  0.0268  0.0290  0.0305  0.0290  0.0284  0.0304  0.0275  0.0291  0.0262  0.0270
niter,ni,del,rscale     4    3    5.0000    1.2000
parameters
   -2.7307    3.6009   14.3781   -6.0336  -15.5771   -2.3531
    0.2810   -3.8853    2.6962   20.8475    2.3994  -25.6669
eta,q 0.97491 12.17903
  0.0290  0.0281  0.0268  0.0292  0.0302  0.0285  0.0284  0.0303  0.0275  0.0289  0.0262  0.0270
  0.0268  0.0264  0.0259  0.0271  0.0278  0.0270  0.0266  0.0277  0.0262  0.0271  0.0256  0.0260
  0.0255  0.0254  0.0253  0.0256  0.0258  0.0258  0.0255  0.0258  0.0254  0.0257  0.0252  0.0254
  0.0251  0.0251  0.0251  0.0251  0.0251  0.0251  0.0251  0.0251  0.0251  0.0251  0.0251  0.0251
  0.0255  0.0255  0.0253  0.0256  0.0259  0.0254  0.0255  0.0257  0.0254  0.0255  0.0252  0.0253
  0.0268  0.0265  0.0259  0.0271  0.0277  0.0266  0.0267  0.0276  0.0262  0.0269  0.0256  0.0260
  0.0289  0.0280  0.0268  0.0291  0.0304  0.0290  0.0284  0.0304  0.0275  0.0291  0.0262  0.0270
registration optimization eta report
parameter search radius
    2.4000    2.4000    2.4000    8.2800    9.5220    7.2000
    7.2000    7.2000    7.2000    7.2000    7.2000    8.2800
100000*second partial in parameter space
       67.       50.       29.        6.        6.        7.
        6.       10.        5.        7.        2.        3.
  0.0290  0.0281  0.0268  0.0292  0.0302  0.0285  0.0284  0.0303  0.0275  0.0289  0.0262  0.0270
  0.0268  0.0264  0.0259  0.0271  0.0278  0.0270  0.0266  0.0277  0.0262  0.0271  0.0256  0.0260
  0.0255  0.0254  0.0253  0.0256  0.0258  0.0258  0.0255  0.0258  0.0254  0.0257  0.0252  0.0254
  0.0251  0.0251  0.0251  0.0251  0.0251  0.0251  0.0251  0.0251  0.0251  0.0251  0.0251  0.0251
  0.0255  0.0255  0.0253  0.0256  0.0259  0.0254  0.0255  0.0257  0.0254  0.0255  0.0252  0.0253
  0.0268  0.0265  0.0259  0.0271  0.0277  0.0266  0.0267  0.0276  0.0262  0.0269  0.0256  0.0260
  0.0289  0.0280  0.0268  0.0291  0.0304  0.0290  0.0284  0.0304  0.0275  0.0291  0.0262  0.0270
   -2.7307    3.6009   14.3781   -6.0336  -15.5771   -2.3531
    0.2810   -3.8853    2.6962   20.8475    2.3994  -25.6669
eta,q 0.97491 12.17903

---------------------------------------------------------------------
imgreg_4dfp /opt/freesurfer/average/711-2C_as_mni_average_305 /opt/freesurfer/average/711-2B_as_mni_average_305_mask talsrcimg_g11 none talsrcimg_to_711-2C_as_mni_average_305_t4 2311
---------------------------------------------------------------------

freesurfer imgreg_4dfp.c
/opt/freesurfer/average/711-2C_as_mni_average_305.4dfp.img
       256       256       256         1
  1.000000  1.000000  1.000000
orientation T byte_order littleendian
Reading image: /opt/freesurfer/average/711-2C_as_mni_average_305.4dfp.img
dimensions:      256       256       256
mmppix:       1.0000   -1.0000   -1.0000
center:     128.0000 -129.0000 -129.0000
/opt/freesurfer/average/711-2B_as_mni_average_305_mask.4dfp.img
       256       256       256         1
  1.000000  1.000000  1.000000
orientation T byte_order littleendian
Reading mask: /opt/freesurfer/average/711-2B_as_mni_average_305_mask.4dfp.img (2306576 pixels)
talsrcimg_g11.4dfp.img
       256       256       256         1
  1.000000  1.000000  1.000000
orientation T byte_order littleendian
Reading image: talsrcimg_g11.4dfp.img
dimensions:      256       256       256
mmppix:       1.0000   -1.0000   -1.0000
center:     128.0000 -129.0000 -129.0000
fimgreg.f
image alignment mode   2311 decimal      907 hex
parameters
   -2.7307    3.6009   14.3781   -6.0336  -15.5771   -2.3531
    0.2810   -3.8853    2.6962   20.8475    2.3994  -25.6669
eta,q 0.97491 12.17903
niter,ni,del,rscale     5    3    5.0000    0.8000
parameters
   -2.7327    3.5873   14.4045   -6.0751  -15.5705   -1.9148
    0.2564   -3.8385    2.6376   20.8635    2.3728  -25.6845
eta,q 0.97492 12.18543
  0.0268  0.0264  0.0259  0.0267  0.0268  0.0270  0.0266  0.0277  0.0262  0.0270  0.0256  0.0258
  0.0259  0.0257  0.0255  0.0258  0.0259  0.0262  0.0258  0.0263  0.0256  0.0260  0.0253  0.0254
  0.0253  0.0252  0.0252  0.0253  0.0253  0.0255  0.0253  0.0254  0.0252  0.0253  0.0251  0.0252
  0.0251  0.0251  0.0251  0.0251  0.0251  0.0251  0.0251  0.0251  0.0251  0.0251  0.0251  0.0251
  0.0253  0.0253  0.0252  0.0253  0.0254  0.0252  0.0253  0.0253  0.0252  0.0253  0.0251  0.0252
  0.0259  0.0257  0.0254  0.0258  0.0259  0.0256  0.0258  0.0262  0.0256  0.0260  0.0253  0.0254
  0.0268  0.0265  0.0259  0.0267  0.0267  0.0265  0.0267  0.0276  0.0262  0.0270  0.0256  0.0258
niter,ni,del,rscale     4    3    5.0000    0.7000
parameters
   -2.7256    3.5869   14.5035   -6.1534  -15.6733   -1.7639
    0.2455   -3.8117    2.6220   20.8829    2.3590  -25.6335
eta,q 0.97493 12.18366
  0.0264  0.0261  0.0257  0.0263  0.0263  0.0265  0.0263  0.0271  0.0259  0.0266  0.0254  0.0256
  0.0257  0.0256  0.0254  0.0256  0.0256  0.0258  0.0256  0.0260  0.0255  0.0258  0.0252  0.0253
  0.0252  0.0252  0.0252  0.0252  0.0252  0.0253  0.0252  0.0253  0.0252  0.0253  0.0251  0.0251
  0.0251  0.0251  0.0251  0.0251  0.0251  0.0251  0.0251  0.0251  0.0251  0.0251  0.0251  0.0251
  0.0252  0.0252  0.0251  0.0252  0.0253  0.0252  0.0252  0.0253  0.0252  0.0252  0.0251  0.0251
  0.0257  0.0256  0.0253  0.0257  0.0258  0.0256  0.0256  0.0260  0.0255  0.0258  0.0252  0.0253
  0.0264  0.0261  0.0256  0.0264  0.0264  0.0264  0.0263  0.0271  0.0259  0.0266  0.0255  0.0256
niter,ni,del,rscale     3    3    5.0000    0.6000
parameters
   -2.7280    3.5795   14.5437   -6.1590  -15.7490   -1.6937
    0.2279   -3.7991    2.6130   20.8810    2.3299  -25.6005
eta,q 0.97493 12.18258
  0.0261  0.0259  0.0255  0.0260  0.0260  0.0261  0.0260  0.0266  0.0257  0.0262  0.0253  0.0255
  0.0255  0.0254  0.0253  0.0255  0.0255  0.0256  0.0255  0.0258  0.0254  0.0256  0.0252  0.0253
  0.0252  0.0252  0.0251  0.0252  0.0252  0.0252  0.0252  0.0253  0.0251  0.0252  0.0251  0.0251
  0.0251  0.0251  0.0251  0.0251  0.0251  0.0251  0.0251  0.0251  0.0251  0.0251  0.0251  0.0251
  0.0252  0.0252  0.0251  0.0252  0.0252  0.0252  0.0252  0.0252  0.0252  0.0252  0.0251  0.0251
  0.0255  0.0254  0.0252  0.0255  0.0256  0.0255  0.0255  0.0257  0.0254  0.0256  0.0252  0.0253
  0.0261  0.0259  0.0255  0.0260  0.0261  0.0260  0.0260  0.0266  0.0257  0.0262  0.0254  0.0255
niter,ni,del,rscale     2    3    5.0000    0.5000
parameters
   -2.7312    3.5726   14.5713   -6.1535  -15.7976   -1.6588
    0.2173   -3.7816    2.6104   20.8827    2.3241  -25.5726
eta,q 0.97493 12.18190
  0.0258  0.0256  0.0254  0.0257  0.0258  0.0258  0.0257  0.0261  0.0255  0.0259  0.0253  0.0254
  0.0254  0.0253  0.0252  0.0254  0.0254  0.0254  0.0254  0.0256  0.0253  0.0255  0.0252  0.0252
  0.0251  0.0251  0.0251  0.0251  0.0251  0.0251  0.0251  0.0252  0.0251  0.0252  0.0251  0.0251
  0.0251  0.0251  0.0251  0.0251  0.0251  0.0251  0.0251  0.0251  0.0251  0.0251  0.0251  0.0251
  0.0251  0.0251  0.0251  0.0251  0.0252  0.0252  0.0252  0.0252  0.0251  0.0252  0.0251  0.0251
  0.0254  0.0253  0.0252  0.0254  0.0254  0.0254  0.0254  0.0255  0.0253  0.0254  0.0252  0.0252
  0.0258  0.0256  0.0254  0.0257  0.0258  0.0258  0.0257  0.0261  0.0255  0.0259  0.0253  0.0254
niter,ni,del,rscale     1    3    5.0000    0.4000
parameters
   -2.7282    3.5693   14.5888   -6.1429  -15.8342   -1.6770
    0.1861   -3.7569    2.6120   20.9029    2.3192  -25.5325
eta,q 0.97493 12.18115
  0.0255  0.0254  0.0253  0.0255  0.0255  0.0255  0.0255  0.0258  0.0254  0.0256  0.0252  0.0253
  0.0253  0.0252  0.0252  0.0253  0.0253  0.0253  0.0252  0.0254  0.0252  0.0253  0.0251  0.0252
  0.0251  0.0251  0.0251  0.0251  0.0251  0.0251  0.0251  0.0252  0.0251  0.0251  0.0251  0.0251
  0.0251  0.0251  0.0251  0.0251  0.0251  0.0251  0.0251  0.0251  0.0251  0.0251  0.0251  0.0251
  0.0251  0.0251  0.0251  0.0251  0.0251  0.0251  0.0251  0.0251  0.0251  0.0251  0.0251  0.0251
  0.0253  0.0252  0.0252  0.0253  0.0253  0.0253  0.0253  0.0254  0.0252  0.0253  0.0251  0.0251
  0.0255  0.0254  0.0253  0.0255  0.0256  0.0255  0.0255  0.0257  0.0254  0.0256  0.0252  0.0253
registration optimization eta report
parameter search radius
    0.8000    0.8000    0.8000    2.4000    2.4000    2.4000
    2.4000    2.4000    2.4000    2.4000    2.4000    2.4000
100000*second partial in parameter space
       70.       55.       30.        7.        8.        8.
        7.       12.        5.        9.        2.        3.
  0.0255  0.0254  0.0253  0.0255  0.0255  0.0255  0.0255  0.0258  0.0254  0.0256  0.0252  0.0253
  0.0253  0.0252  0.0252  0.0253  0.0253  0.0253  0.0252  0.0254  0.0252  0.0253  0.0251  0.0252
  0.0251  0.0251  0.0251  0.0251  0.0251  0.0251  0.0251  0.0252  0.0251  0.0251  0.0251  0.0251
  0.0251  0.0251  0.0251  0.0251  0.0251  0.0251  0.0251  0.0251  0.0251  0.0251  0.0251  0.0251
  0.0251  0.0251  0.0251  0.0251  0.0251  0.0251  0.0251  0.0251  0.0251  0.0251  0.0251  0.0251
  0.0253  0.0252  0.0252  0.0253  0.0253  0.0253  0.0253  0.0254  0.0252  0.0253  0.0251  0.0251
  0.0255  0.0254  0.0253  0.0255  0.0256  0.0255  0.0255  0.0257  0.0254  0.0256  0.0252  0.0253
   -2.7282    3.5693   14.5888   -6.1429  -15.8342   -1.6770
    0.1861   -3.7569    2.6120   20.9029    2.3192  -25.5325
eta,q 0.97493 12.18115

---------------------------------------------------------------------
imgreg_4dfp /opt/freesurfer/average/711-2C_as_mni_average_305 /opt/freesurfer/average/711-2B_as_mni_average_305_mask talsrcimg_g11 none talsrcimg_to_711-2C_as_mni_average_305_t4 2311
---------------------------------------------------------------------

freesurfer imgreg_4dfp.c
/opt/freesurfer/average/711-2C_as_mni_average_305.4dfp.img
       256       256       256         1
  1.000000  1.000000  1.000000
orientation T byte_order littleendian
Reading image: /opt/freesurfer/average/711-2C_as_mni_average_305.4dfp.img
dimensions:      256       256       256
mmppix:       1.0000   -1.0000   -1.0000
center:     128.0000 -129.0000 -129.0000
/opt/freesurfer/average/711-2B_as_mni_average_305_mask.4dfp.img
       256       256       256         1
  1.000000  1.000000  1.000000
orientation T byte_order littleendian
Reading mask: /opt/freesurfer/average/711-2B_as_mni_average_305_mask.4dfp.img (2306576 pixels)
talsrcimg_g11.4dfp.img
       256       256       256         1
  1.000000  1.000000  1.000000
orientation T byte_order littleendian
Reading image: talsrcimg_g11.4dfp.img
dimensions:      256       256       256
mmppix:       1.0000   -1.0000   -1.0000
center:     128.0000 -129.0000 -129.0000
fimgreg.f
image alignment mode   2311 decimal      907 hex
parameters
   -2.7282    3.5693   14.5888   -6.1429  -15.8342   -1.6770
    0.1861   -3.7569    2.6120   20.9029    2.3192  -25.5325
eta,q 0.97493 12.18116
niter,ni,del,rscale     5    3    5.0000    0.8000
parameters
   -2.7218    3.5895   14.5555   -6.1653  -15.7153   -1.8187
    0.2380   -3.8118    2.6438   20.8568    2.3550  -25.5853
eta,q 0.97492 12.18138
  0.0269  0.0265  0.0258  0.0267  0.0268  0.0267  0.0267  0.0276  0.0262  0.0269  0.0256  0.0258
  0.0259  0.0257  0.0254  0.0258  0.0259  0.0259  0.0258  0.0262  0.0256  0.0260  0.0253  0.0254
  0.0253  0.0252  0.0252  0.0253  0.0253  0.0253  0.0253  0.0254  0.0252  0.0253  0.0251  0.0252
  0.0251  0.0251  0.0251  0.0251  0.0251  0.0251  0.0251  0.0251  0.0251  0.0251  0.0251  0.0251
  0.0253  0.0252  0.0252  0.0253  0.0253  0.0253  0.0253  0.0254  0.0252  0.0253  0.0251  0.0252
  0.0259  0.0257  0.0254  0.0258  0.0258  0.0259  0.0258  0.0263  0.0256  0.0260  0.0253  0.0254
  0.0268  0.0264  0.0259  0.0267  0.0266  0.0270  0.0266  0.0277  0.0262  0.0271  0.0256  0.0258
niter,ni,del,rscale     4    3    5.0000    0.7000
parameters
   -2.7295    3.5761   14.5349   -6.1525  -15.6999   -1.7452
    0.2315   -3.8116    2.6366   20.8521    2.3470  -25.6039
eta,q 0.97492 12.18294
  0.0264  0.0261  0.0256  0.0263  0.0264  0.0265  0.0263  0.0271  0.0259  0.0266  0.0255  0.0256
  0.0257  0.0255  0.0253  0.0256  0.0257  0.0258  0.0256  0.0260  0.0255  0.0258  0.0252  0.0253
  0.0252  0.0252  0.0251  0.0252  0.0252  0.0253  0.0252  0.0253  0.0252  0.0253  0.0251  0.0251
  0.0251  0.0251  0.0251  0.0251  0.0251  0.0251  0.0251  0.0251  0.0251  0.0251  0.0251  0.0251
  0.0252  0.0252  0.0251  0.0252  0.0253  0.0252  0.0252  0.0253  0.0252  0.0252  0.0251  0.0251
  0.0257  0.0256  0.0253  0.0256  0.0257  0.0256  0.0256  0.0260  0.0255  0.0258  0.0252  0.0253
  0.0264  0.0261  0.0257  0.0263  0.0263  0.0264  0.0263  0.0271  0.0259  0.0266  0.0255  0.0256
niter,ni,del,rscale     3    3    5.0000    0.6000
parameters
   -2.7303    3.5730   14.5545   -6.1600  -15.7441   -1.6820
    0.2233   -3.8031    2.6231   20.8618    2.3491  -25.5856
eta,q 0.97493 12.18272
  0.0261  0.0259  0.0255  0.0260  0.0261  0.0261  0.0260  0.0266  0.0257  0.0262  0.0254  0.0255
  0.0255  0.0254  0.0253  0.0255  0.0255  0.0256  0.0255  0.0258  0.0254  0.0256  0.0252  0.0253
  0.0252  0.0252  0.0251  0.0252  0.0252  0.0252  0.0252  0.0253  0.0251  0.0252  0.0251  0.0251
  0.0251  0.0251  0.0251  0.0251  0.0251  0.0251  0.0251  0.0251  0.0251  0.0251  0.0251  0.0251
  0.0252  0.0252  0.0251  0.0252  0.0252  0.0252  0.0252  0.0252  0.0252  0.0252  0.0251  0.0251
  0.0255  0.0254  0.0253  0.0255  0.0256  0.0255  0.0255  0.0257  0.0254  0.0256  0.0252  0.0253
  0.0261  0.0259  0.0255  0.0260  0.0261  0.0261  0.0260  0.0266  0.0257  0.0262  0.0254  0.0255
niter,ni,del,rscale     2    3    5.0000    0.5000
parameters
   -2.7312    3.5688   14.5776   -6.1555  -15.7949   -1.6478
    0.2069   -3.7799    2.6205   20.8722    2.3306  -25.5655
eta,q 0.97493 12.18199
  0.0258  0.0256  0.0254  0.0257  0.0258  0.0258  0.0257  0.0261  0.0255  0.0259  0.0253  0.0254
  0.0254  0.0253  0.0252  0.0254  0.0254  0.0254  0.0254  0.0256  0.0253  0.0255  0.0252  0.0252
  0.0252  0.0251  0.0251  0.0251  0.0251  0.0251  0.0251  0.0252  0.0251  0.0252  0.0251  0.0251
  0.0251  0.0251  0.0251  0.0251  0.0251  0.0251  0.0251  0.0251  0.0251  0.0251  0.0251  0.0251
  0.0251  0.0251  0.0251  0.0251  0.0252  0.0252  0.0252  0.0252  0.0251  0.0252  0.0251  0.0251
  0.0254  0.0253  0.0252  0.0254  0.0254  0.0254  0.0254  0.0255  0.0253  0.0254  0.0252  0.0252
  0.0258  0.0256  0.0254  0.0257  0.0258  0.0258  0.0257  0.0261  0.0255  0.0259  0.0253  0.0254
niter,ni,del,rscale     1    3    5.0000    0.4000
parameters
   -2.7312    3.5690   14.5871   -6.1457  -15.8365   -1.6705
    0.1865   -3.7578    2.6130   20.9057    2.3163  -25.5175
eta,q 0.97493 12.18114
  0.0255  0.0254  0.0253  0.0255  0.0255  0.0255  0.0255  0.0258  0.0254  0.0256  0.0252  0.0253
  0.0253  0.0252  0.0252  0.0253  0.0253  0.0253  0.0253  0.0254  0.0252  0.0253  0.0251  0.0252
  0.0251  0.0251  0.0251  0.0251  0.0251  0.0251  0.0251  0.0252  0.0251  0.0251  0.0251  0.0251
  0.0251  0.0251  0.0251  0.0251  0.0251  0.0251  0.0251  0.0251  0.0251  0.0251  0.0251  0.0251
  0.0251  0.0251  0.0251  0.0251  0.0251  0.0252  0.0251  0.0251  0.0251  0.0251  0.0251  0.0251
  0.0253  0.0252  0.0252  0.0253  0.0253  0.0253  0.0253  0.0254  0.0252  0.0253  0.0251  0.0252
  0.0255  0.0254  0.0253  0.0255  0.0256  0.0255  0.0255  0.0257  0.0254  0.0256  0.0252  0.0253
registration optimization eta report
parameter search radius
    0.8000    0.8000    0.8000    2.4000    2.4000    2.4000
    2.4000    2.4000    2.4000    2.4000    2.4000    2.4000
100000*second partial in parameter space
       69.       55.       30.        7.        8.        8.
        7.       12.        5.        9.        2.        3.
  0.0255  0.0254  0.0253  0.0255  0.0255  0.0255  0.0255  0.0258  0.0254  0.0256  0.0252  0.0253
  0.0253  0.0252  0.0252  0.0253  0.0253  0.0253  0.0253  0.0254  0.0252  0.0253  0.0251  0.0252
  0.0251  0.0251  0.0251  0.0251  0.0251  0.0251  0.0251  0.0252  0.0251  0.0251  0.0251  0.0251
  0.0251  0.0251  0.0251  0.0251  0.0251  0.0251  0.0251  0.0251  0.0251  0.0251  0.0251  0.0251
  0.0251  0.0251  0.0251  0.0251  0.0251  0.0252  0.0251  0.0251  0.0251  0.0251  0.0251  0.0251
  0.0253  0.0252  0.0252  0.0253  0.0253  0.0253  0.0253  0.0254  0.0252  0.0253  0.0251  0.0252
  0.0255  0.0254  0.0253  0.0255  0.0256  0.0255  0.0255  0.0257  0.0254  0.0256  0.0252  0.0253
   -2.7312    3.5690   14.5871   -6.1457  -15.8365   -1.6705
    0.1865   -3.7578    2.6130   20.9057    2.3163  -25.5175
eta,q 0.97493 12.18114

---------------------------------------------------------------------
compute_vox2vox talsrcimg talsrcimg_to_711-2C_as_mni_average_305_t4 /opt/freesurfer/average/711-2C_as_mni_average_305
---------------------------------------------------------------------

freesurfer compute_vox2vox.c
Reading: talsrcimg.4dfp.ifh
Reading: talsrcimg_to_711-2C_as_mni_average_305_t4
Reading: /opt/freesurfer/average/711-2C_as_mni_average_305.4dfp.ifh
Writing: talsrcimg_to_711-2C_as_mni_average_305_t4_vox2vox.txt

start time Tue Mar 10 01:16:23 CET 2026
end		time Tue Mar 10 01:17:50 CET 2026

mpr2mni305 success

avi2talxfm orig_nu.mgz /opt/freesurfer/average/mni305.cor.mgz talsrcimg_to_711-2C_as_mni_average_305_t4_vox2vox.txt transforms/talairach.auto.xfm
avi2talxfm done
mv -f /out/sourcedata/freesurfer/sub-v1s3x0050815_ses-1/mri/talsrcimg_to_711-2C_as_mni_average_305_t4_vox2vox.txt /out/sourcedata/freesurfer/sub-v1s3x0050815_ses-1/mri/transforms/talsrcimg_to_711-2C_as_mni_average_305_t4_vox2vox.txt
lta_convert --src orig_nu.mgz --trg /opt/freesurfer/average/mni305.cor.mgz --inxfm transforms/talairach.auto.xfm --outlta transforms/talairach.auto.xfm.lta --subject fsaverage
7.3.2

--src: orig_nu.mgz src image (geometry).
--trg: /opt/freesurfer/average/mni305.cor.mgz trg image (geometry).
--inmni: transforms/talairach.auto.xfm input MNI/XFM transform.
--outlta: transforms/talairach.auto.xfm.lta output LTA.
--s: fsaverage subject name
 LTA read, type : 1
 1.06427   0.03868   0.00937   10.90023;
-0.03161   0.95425   0.28939   1.78789;
-0.02519  -0.23823   1.11599  -27.45050;
 0.00000   0.00000   0.00000   1.00000;
setting subject to fsaverage
Writing  LTA to file transforms/talairach.auto.xfm.lta...
lta_convert successful.
 
 
Started at Tue Mar 10 01:16:23 CET 2026
Ended   at Tue Mar 10 01:17:50 CET 2026
talairach_avi done
