status file for recon-all
Tue Mar 10 03:05:50 CET 2026
#@# Tessellate rh Tue Mar 10 03:05:50 CET 2026
#@# Smooth1 rh Tue Mar 10 03:05:54 CET 2026
#@# Inflation1 rh Tue Mar 10 03:05:57 CET 2026
#@# QSphere rh Tue Mar 10 03:06:13 CET 2026
#@# Fix Topology rh Tue Mar 10 03:07:46 CET 2026
#@# Smooth2 rh Tue Mar 10 03:15:03 CET 2026
#@# Inflation2 rh Tue Mar 10 03:15:07 CET 2026
#@# Curv .H and .K rh Tue Mar 10 03:15:24 CET 2026
#@# Sphere rh Tue Mar 10 03:16:18 CET 2026
#@# Surf Reg rh Tue Mar 10 03:19:10 CET 2026
#@# Jacobian white rh Tue Mar 10 03:25:04 CET 2026
#@# AvgCurv rh Tue Mar 10 03:25:05 CET 2026
#@# Cortical Parc rh Tue Mar 10 03:25:06 CET 2026
#@# white curv rh Tue Mar 10 03:32:55 CET 2026
#@# white area rh Tue Mar 10 03:32:57 CET 2026
#@# pial curv rh Tue Mar 10 03:32:58 CET 2026
#@# pial area rh Tue Mar 10 03:33:00 CET 2026
#@# thickness rh Tue Mar 10 03:33:01 CET 2026
#@# area and vertex vol rh Tue Mar 10 03:33:38 CET 2026
#@# Curvature Stats rh Tue Mar 10 03:33:40 CET 2026
#@# Cortical Parc 2 rh Tue Mar 10 03:33:43 CET 2026
#@# Cortical Parc 3 rh Tue Mar 10 03:33:59 CET 2026
#@# WM/GM Contrast rh Tue Mar 10 03:34:11 CET 2026
recon-all -s sub-v1s3x0050805_ses-1 finished without error at Tue Mar 10 03:34:14 CET 2026



#New# invocation of recon-all 



status file for recon-all
Tue Mar 10 03:45:10 CET 2026
#@# white curv rh Tue Mar 10 03:45:11 CET 2026
#@# white area rh Tue Mar 10 03:45:11 CET 2026
#@# pial curv rh Tue Mar 10 03:45:11 CET 2026
#@# pial area rh Tue Mar 10 03:45:11 CET 2026
#@# thickness rh Tue Mar 10 03:45:11 CET 2026
#@# area and vertex vol rh Tue Mar 10 03:45:11 CET 2026
#@# Parcellation Stats rh Tue Mar 10 03:45:11 CET 2026
#@# Parcellation Stats 2 rh Tue Mar 10 03:45:34 CET 2026
#@# Parcellation Stats 3 rh Tue Mar 10 03:45:46 CET 2026
#@# BA_exvivo Labels rh Tue Mar 10 03:45:59 CET 2026
recon-all -s sub-v1s3x0050805_ses-1 finished without error at Tue Mar 10 03:49:04 CET 2026
