status file for recon-all
Tue Mar 10 02:37:04 CET 2026
#@# Tessellate lh Tue Mar 10 02:37:04 CET 2026
#@# Smooth1 lh Tue Mar 10 02:37:08 CET 2026
#@# Inflation1 lh Tue Mar 10 02:37:11 CET 2026
#@# QSphere lh Tue Mar 10 02:37:27 CET 2026
#@# Fix Topology lh Tue Mar 10 02:38:40 CET 2026
#@# Smooth2 lh Tue Mar 10 02:45:48 CET 2026
#@# Inflation2 lh Tue Mar 10 02:45:52 CET 2026
#@# Curv .H and .K lh Tue Mar 10 02:46:08 CET 2026
#@# Sphere lh Tue Mar 10 02:47:02 CET 2026
#@# Surf Reg lh Tue Mar 10 02:50:54 CET 2026
#@# Jacobian white lh Tue Mar 10 02:56:31 CET 2026
#@# AvgCurv lh Tue Mar 10 02:56:32 CET 2026
#@# Cortical Parc lh Tue Mar 10 02:56:34 CET 2026
#@# white curv lh Tue Mar 10 03:04:28 CET 2026
#@# white area lh Tue Mar 10 03:04:31 CET 2026
#@# pial curv lh Tue Mar 10 03:04:31 CET 2026
#@# pial area lh Tue Mar 10 03:04:34 CET 2026
#@# thickness lh Tue Mar 10 03:04:34 CET 2026
#@# area and vertex vol lh Tue Mar 10 03:05:12 CET 2026
#@# Curvature Stats lh Tue Mar 10 03:05:14 CET 2026
#@# Cortical Parc 2 lh Tue Mar 10 03:05:17 CET 2026
#@# Cortical Parc 3 lh Tue Mar 10 03:05:32 CET 2026
#@# WM/GM Contrast lh Tue Mar 10 03:05:43 CET 2026
recon-all -s sub-v1s3x0050805_ses-1 finished without error at Tue Mar 10 03:05:47 CET 2026



#New# invocation of recon-all 



status file for recon-all
Tue Mar 10 03:41:15 CET 2026
#@# white curv lh Tue Mar 10 03:41:15 CET 2026
#@# white area lh Tue Mar 10 03:41:15 CET 2026
#@# pial curv lh Tue Mar 10 03:41:15 CET 2026
#@# pial area lh Tue Mar 10 03:41:15 CET 2026
#@# thickness lh Tue Mar 10 03:41:15 CET 2026
#@# area and vertex vol lh Tue Mar 10 03:41:15 CET 2026
#@# Parcellation Stats lh Tue Mar 10 03:41:15 CET 2026
#@# Parcellation Stats 2 lh Tue Mar 10 03:41:38 CET 2026
#@# Parcellation Stats 3 lh Tue Mar 10 03:41:50 CET 2026
#@# BA_exvivo Labels lh Tue Mar 10 03:42:03 CET 2026
recon-all -s sub-v1s3x0050805_ses-1 finished without error at Tue Mar 10 03:45:07 CET 2026
