status file for recon-all
Tue Mar 10 00:48:43 CET 2026
#@# MotionCor Tue Mar 10 00:48:45 CET 2026
#@# Talairach Tue Mar 10 00:48:56 CET 2026
#@# Talairach Failure Detection Tue Mar 10 00:53:28 CET 2026
#@# Nu Intensity Correction Tue Mar 10 00:53:28 CET 2026
#@# Intensity Normalization Tue Mar 10 00:56:45 CET 2026
recon-all -s sub-v1s3x0050805_ses-1 finished without error at Tue Mar 10 00:58:16 CET 2026



#New# invocation of recon-all 



status file for recon-all
Tue Mar 10 01:07:20 CET 2026
#@# EM Registration Tue Mar 10 01:07:20 CET 2026
recon-all -s sub-v1s3x0050805_ses-1 finished without error at Tue Mar 10 01:09:39 CET 2026



#New# invocation of recon-all 



status file for recon-all
Tue Mar 10 01:09:40 CET 2026
#@# CA Normalize Tue Mar 10 01:09:40 CET 2026
#@# CA Reg Tue Mar 10 01:11:01 CET 2026
#@# SubCort Seg Tue Mar 10 01:57:54 CET 2026
#@# CC Seg Tue Mar 10 02:31:06 CET 2026
#@# Merge ASeg Tue Mar 10 02:31:38 CET 2026
#@# Intensity Normalization2 Tue Mar 10 02:31:38 CET 2026
#@# Mask BFS Tue Mar 10 02:33:54 CET 2026
#@# WM Segmentation Tue Mar 10 02:33:55 CET 2026
#@# Fill Tue Mar 10 02:35:56 CET 2026
recon-all -s sub-v1s3x0050805_ses-1 finished without error at Tue Mar 10 02:37:01 CET 2026



#New# invocation of recon-all 



status file for recon-all
Tue Mar 10 03:34:19 CET 2026
#@# white curv lh Tue Mar 10 03:34:19 CET 2026
#@# white area lh Tue Mar 10 03:34:19 CET 2026
#@# pial curv lh Tue Mar 10 03:34:19 CET 2026
#@# pial area lh Tue Mar 10 03:34:19 CET 2026
#@# thickness lh Tue Mar 10 03:34:19 CET 2026
#@# area and vertex vol lh Tue Mar 10 03:34:19 CET 2026
#@# white curv rh Tue Mar 10 03:34:19 CET 2026
#@# white area rh Tue Mar 10 03:34:19 CET 2026
#@# pial curv rh Tue Mar 10 03:34:19 CET 2026
#@# pial area rh Tue Mar 10 03:34:19 CET 2026
#@# thickness rh Tue Mar 10 03:34:19 CET 2026
#@# area and vertex vol rh Tue Mar 10 03:34:19 CET 2026
#@# Cortical ribbon mask Tue Mar 10 03:34:19 CET 2026
recon-all -s sub-v1s3x0050805_ses-1 finished without error at Tue Mar 10 03:41:11 CET 2026



#New# invocation of recon-all 



status file for recon-all
Tue Mar 10 03:49:10 CET 2026
#@# white curv lh Tue Mar 10 03:49:10 CET 2026
#@# white area lh Tue Mar 10 03:49:10 CET 2026
#@# pial curv lh Tue Mar 10 03:49:10 CET 2026
#@# pial area lh Tue Mar 10 03:49:10 CET 2026
#@# thickness lh Tue Mar 10 03:49:10 CET 2026
#@# area and vertex vol lh Tue Mar 10 03:49:10 CET 2026
#@# white curv rh Tue Mar 10 03:49:10 CET 2026
#@# white area rh Tue Mar 10 03:49:10 CET 2026
#@# pial curv rh Tue Mar 10 03:49:10 CET 2026
#@# pial area rh Tue Mar 10 03:49:10 CET 2026
#@# thickness rh Tue Mar 10 03:49:10 CET 2026
#@# area and vertex vol rh Tue Mar 10 03:49:10 CET 2026
#@# Curvature Stats lh Tue Mar 10 03:49:10 CET 2026
#@# Curvature Stats rh Tue Mar 10 03:49:14 CET 2026
#@# Relabel Hypointensities Tue Mar 10 03:49:17 CET 2026
#@# APas-to-ASeg Tue Mar 10 03:49:34 CET 2026
#@# AParc-to-ASeg aparc Tue Mar 10 03:49:45 CET 2026
#@# AParc-to-ASeg aparc.a2009s Tue Mar 10 03:50:47 CET 2026
#@# AParc-to-ASeg aparc.DKTatlas Tue Mar 10 03:51:44 CET 2026
#@# WMParc Tue Mar 10 03:52:37 CET 2026
#@# ASeg Stats Tue Mar 10 03:56:46 CET 2026
recon-all -s sub-v1s3x0050805_ses-1 finished without error at Tue Mar 10 03:57:30 CET 2026
