status file for recon-all
Tue Mar 10 00:26:04 CET 2026
#@# MotionCor Tue Mar 10 00:26:06 CET 2026
#@# Talairach Tue Mar 10 00:26:16 CET 2026
#@# Talairach Failure Detection Tue Mar 10 00:30:50 CET 2026
#@# Nu Intensity Correction Tue Mar 10 00:30:50 CET 2026
#@# Intensity Normalization Tue Mar 10 00:34:05 CET 2026
recon-all -s sub-v1s3x0050796_ses-1 finished without error at Tue Mar 10 00:35:29 CET 2026



#New# invocation of recon-all 



status file for recon-all
Tue Mar 10 00:44:00 CET 2026
#@# EM Registration Tue Mar 10 00:44:00 CET 2026
recon-all -s sub-v1s3x0050796_ses-1 finished without error at Tue Mar 10 00:45:31 CET 2026



#New# invocation of recon-all 



status file for recon-all
Tue Mar 10 00:45:33 CET 2026
#@# CA Normalize Tue Mar 10 00:45:33 CET 2026
#@# CA Reg Tue Mar 10 00:46:53 CET 2026
#@# SubCort Seg Tue Mar 10 01:32:11 CET 2026
#@# CC Seg Tue Mar 10 02:02:24 CET 2026
#@# Merge ASeg Tue Mar 10 02:03:05 CET 2026
#@# Intensity Normalization2 Tue Mar 10 02:03:05 CET 2026
#@# Mask BFS Tue Mar 10 02:05:11 CET 2026
#@# WM Segmentation Tue Mar 10 02:05:11 CET 2026
#@# Fill Tue Mar 10 02:07:05 CET 2026
recon-all -s sub-v1s3x0050796_ses-1 finished without error at Tue Mar 10 02:08:10 CET 2026



#New# invocation of recon-all 



status file for recon-all
Tue Mar 10 02:50:50 CET 2026
#@# white curv lh Tue Mar 10 02:50:50 CET 2026
#@# white area lh Tue Mar 10 02:50:50 CET 2026
#@# pial curv lh Tue Mar 10 02:50:50 CET 2026
#@# pial area lh Tue Mar 10 02:50:50 CET 2026
#@# thickness lh Tue Mar 10 02:50:50 CET 2026
#@# area and vertex vol lh Tue Mar 10 02:50:50 CET 2026
#@# white curv rh Tue Mar 10 02:50:50 CET 2026
#@# white area rh Tue Mar 10 02:50:50 CET 2026
#@# pial curv rh Tue Mar 10 02:50:50 CET 2026
#@# pial area rh Tue Mar 10 02:50:50 CET 2026
#@# thickness rh Tue Mar 10 02:50:50 CET 2026
#@# area and vertex vol rh Tue Mar 10 02:50:50 CET 2026
#@# Cortical ribbon mask Tue Mar 10 02:50:50 CET 2026
recon-all -s sub-v1s3x0050796_ses-1 finished without error at Tue Mar 10 02:54:32 CET 2026



#New# invocation of recon-all 



status file for recon-all
Tue Mar 10 03:00:22 CET 2026
#@# white curv lh Tue Mar 10 03:00:22 CET 2026
#@# white area lh Tue Mar 10 03:00:22 CET 2026
#@# pial curv lh Tue Mar 10 03:00:22 CET 2026
#@# pial area lh Tue Mar 10 03:00:22 CET 2026
#@# thickness lh Tue Mar 10 03:00:22 CET 2026
#@# area and vertex vol lh Tue Mar 10 03:00:22 CET 2026
#@# white curv rh Tue Mar 10 03:00:22 CET 2026
#@# white area rh Tue Mar 10 03:00:22 CET 2026
#@# pial curv rh Tue Mar 10 03:00:22 CET 2026
#@# pial area rh Tue Mar 10 03:00:22 CET 2026
#@# thickness rh Tue Mar 10 03:00:22 CET 2026
#@# area and vertex vol rh Tue Mar 10 03:00:22 CET 2026
#@# Curvature Stats lh Tue Mar 10 03:00:22 CET 2026
#@# Curvature Stats rh Tue Mar 10 03:00:24 CET 2026
#@# Relabel Hypointensities Tue Mar 10 03:00:26 CET 2026
#@# APas-to-ASeg Tue Mar 10 03:00:41 CET 2026
#@# AParc-to-ASeg aparc Tue Mar 10 03:00:49 CET 2026
#@# AParc-to-ASeg aparc.a2009s Tue Mar 10 03:01:23 CET 2026
#@# AParc-to-ASeg aparc.DKTatlas Tue Mar 10 03:02:00 CET 2026
#@# WMParc Tue Mar 10 03:02:36 CET 2026
#@# ASeg Stats Tue Mar 10 03:06:33 CET 2026
recon-all -s sub-v1s3x0050796_ses-1 finished without error at Tue Mar 10 03:07:07 CET 2026
