status file for recon-all
Tue Mar 10 02:31:13 CET 2026
#@# Tessellate rh Tue Mar 10 02:31:13 CET 2026
#@# Smooth1 rh Tue Mar 10 02:31:17 CET 2026
#@# Inflation1 rh Tue Mar 10 02:31:20 CET 2026
#@# QSphere rh Tue Mar 10 02:31:30 CET 2026
#@# Fix Topology rh Tue Mar 10 02:32:23 CET 2026
#@# Smooth2 rh Tue Mar 10 02:38:28 CET 2026
#@# Inflation2 rh Tue Mar 10 02:38:31 CET 2026
#@# Curv .H and .K rh Tue Mar 10 02:38:41 CET 2026
#@# Sphere rh Tue Mar 10 02:39:25 CET 2026
#@# Surf Reg rh Tue Mar 10 02:41:25 CET 2026
#@# Jacobian white rh Tue Mar 10 02:44:21 CET 2026
#@# AvgCurv rh Tue Mar 10 02:44:21 CET 2026
#@# Cortical Parc rh Tue Mar 10 02:44:22 CET 2026
#@# white curv rh Tue Mar 10 02:49:44 CET 2026
#@# white area rh Tue Mar 10 02:49:45 CET 2026
#@# pial curv rh Tue Mar 10 02:49:46 CET 2026
#@# pial area rh Tue Mar 10 02:49:47 CET 2026
#@# thickness rh Tue Mar 10 02:49:48 CET 2026
#@# area and vertex vol rh Tue Mar 10 02:50:15 CET 2026
#@# Curvature Stats rh Tue Mar 10 02:50:17 CET 2026
#@# Cortical Parc 2 rh Tue Mar 10 02:50:19 CET 2026
#@# Cortical Parc 3 rh Tue Mar 10 02:50:31 CET 2026
#@# WM/GM Contrast rh Tue Mar 10 02:50:40 CET 2026
recon-all -s sub-v1s3x0050796_ses-1 finished without error at Tue Mar 10 02:50:43 CET 2026



#New# invocation of recon-all 



status file for recon-all
Tue Mar 10 02:57:28 CET 2026
#@# white curv rh Tue Mar 10 02:57:28 CET 2026
#@# white area rh Tue Mar 10 02:57:28 CET 2026
#@# pial curv rh Tue Mar 10 02:57:28 CET 2026
#@# pial area rh Tue Mar 10 02:57:28 CET 2026
#@# thickness rh Tue Mar 10 02:57:28 CET 2026
#@# area and vertex vol rh Tue Mar 10 02:57:28 CET 2026
#@# Parcellation Stats rh Tue Mar 10 02:57:28 CET 2026
#@# Parcellation Stats 2 rh Tue Mar 10 02:57:44 CET 2026
#@# Parcellation Stats 3 rh Tue Mar 10 02:57:53 CET 2026
#@# BA_exvivo Labels rh Tue Mar 10 02:58:01 CET 2026
recon-all -s sub-v1s3x0050796_ses-1 finished without error at Tue Mar 10 03:00:18 CET 2026
