status file for recon-all
Tue Mar 10 02:08:14 CET 2026
#@# Tessellate lh Tue Mar 10 02:08:14 CET 2026
#@# Smooth1 lh Tue Mar 10 02:08:17 CET 2026
#@# Inflation1 lh Tue Mar 10 02:08:19 CET 2026
#@# QSphere lh Tue Mar 10 02:08:29 CET 2026
#@# Fix Topology lh Tue Mar 10 02:09:23 CET 2026
#@# Smooth2 lh Tue Mar 10 02:18:31 CET 2026
#@# Inflation2 lh Tue Mar 10 02:18:34 CET 2026
#@# Curv .H and .K lh Tue Mar 10 02:18:45 CET 2026
#@# Sphere lh Tue Mar 10 02:19:28 CET 2026
#@# Surf Reg lh Tue Mar 10 02:21:11 CET 2026
#@# Jacobian white lh Tue Mar 10 02:24:08 CET 2026
#@# AvgCurv lh Tue Mar 10 02:24:09 CET 2026
#@# Cortical Parc lh Tue Mar 10 02:24:10 CET 2026
#@# white curv lh Tue Mar 10 02:30:10 CET 2026
#@# white area lh Tue Mar 10 02:30:12 CET 2026
#@# pial curv lh Tue Mar 10 02:30:12 CET 2026
#@# pial area lh Tue Mar 10 02:30:14 CET 2026
#@# thickness lh Tue Mar 10 02:30:14 CET 2026
#@# area and vertex vol lh Tue Mar 10 02:30:42 CET 2026
#@# Curvature Stats lh Tue Mar 10 02:30:43 CET 2026
#@# Cortical Parc 2 lh Tue Mar 10 02:30:45 CET 2026
#@# Cortical Parc 3 lh Tue Mar 10 02:30:57 CET 2026
#@# WM/GM Contrast lh Tue Mar 10 02:31:06 CET 2026
recon-all -s sub-v1s3x0050796_ses-1 finished without error at Tue Mar 10 02:31:09 CET 2026



#New# invocation of recon-all 



status file for recon-all
Tue Mar 10 02:54:36 CET 2026
#@# white curv lh Tue Mar 10 02:54:36 CET 2026
#@# white area lh Tue Mar 10 02:54:36 CET 2026
#@# pial curv lh Tue Mar 10 02:54:36 CET 2026
#@# pial area lh Tue Mar 10 02:54:36 CET 2026
#@# thickness lh Tue Mar 10 02:54:36 CET 2026
#@# area and vertex vol lh Tue Mar 10 02:54:36 CET 2026
#@# Parcellation Stats lh Tue Mar 10 02:54:36 CET 2026
#@# Parcellation Stats 2 lh Tue Mar 10 02:54:52 CET 2026
#@# Parcellation Stats 3 lh Tue Mar 10 02:55:00 CET 2026
#@# BA_exvivo Labels lh Tue Mar 10 02:55:08 CET 2026
recon-all -s sub-v1s3x0050796_ses-1 finished without error at Tue Mar 10 02:57:25 CET 2026
