status file for recon-all
Tue Mar 10 03:27:28 CET 2026
#@# Tessellate lh Tue Mar 10 03:27:28 CET 2026
#@# Smooth1 lh Tue Mar 10 03:27:32 CET 2026
#@# Inflation1 lh Tue Mar 10 03:27:34 CET 2026
#@# QSphere lh Tue Mar 10 03:27:46 CET 2026
#@# Fix Topology lh Tue Mar 10 03:28:54 CET 2026
#@# Smooth2 lh Tue Mar 10 03:35:00 CET 2026
#@# Inflation2 lh Tue Mar 10 03:35:03 CET 2026
#@# Curv .H and .K lh Tue Mar 10 03:35:17 CET 2026
#@# Sphere lh Tue Mar 10 03:36:03 CET 2026
#@# Surf Reg lh Tue Mar 10 03:39:32 CET 2026
#@# Jacobian white lh Tue Mar 10 03:43:37 CET 2026
#@# AvgCurv lh Tue Mar 10 03:43:38 CET 2026
#@# Cortical Parc lh Tue Mar 10 03:43:39 CET 2026
#@# white curv lh Tue Mar 10 03:50:33 CET 2026
#@# white area lh Tue Mar 10 03:50:35 CET 2026
#@# pial curv lh Tue Mar 10 03:50:35 CET 2026
#@# pial area lh Tue Mar 10 03:50:37 CET 2026
#@# thickness lh Tue Mar 10 03:50:38 CET 2026
#@# area and vertex vol lh Tue Mar 10 03:51:07 CET 2026
#@# Curvature Stats lh Tue Mar 10 03:51:09 CET 2026
#@# Cortical Parc 2 lh Tue Mar 10 03:51:11 CET 2026
#@# Cortical Parc 3 lh Tue Mar 10 03:51:24 CET 2026
#@# WM/GM Contrast lh Tue Mar 10 03:51:34 CET 2026
recon-all -s sub-v1s3x0050821_ses-1 finished without error at Tue Mar 10 03:51:38 CET 2026



#New# invocation of recon-all 



status file for recon-all
Tue Mar 10 04:20:00 CET 2026
#@# white curv lh Tue Mar 10 04:20:00 CET 2026
#@# white area lh Tue Mar 10 04:20:00 CET 2026
#@# pial curv lh Tue Mar 10 04:20:00 CET 2026
#@# pial area lh Tue Mar 10 04:20:00 CET 2026
#@# thickness lh Tue Mar 10 04:20:00 CET 2026
#@# area and vertex vol lh Tue Mar 10 04:20:00 CET 2026
#@# Parcellation Stats lh Tue Mar 10 04:20:01 CET 2026
#@# Parcellation Stats 2 lh Tue Mar 10 04:20:18 CET 2026
#@# Parcellation Stats 3 lh Tue Mar 10 04:20:27 CET 2026
#@# BA_exvivo Labels lh Tue Mar 10 04:20:36 CET 2026
recon-all -s sub-v1s3x0050821_ses-1 finished without error at Tue Mar 10 04:23:07 CET 2026
