status file for recon-all
Tue Mar 10 03:51:40 CET 2026
#@# Tessellate rh Tue Mar 10 03:51:40 CET 2026
#@# Smooth1 rh Tue Mar 10 03:51:44 CET 2026
#@# Inflation1 rh Tue Mar 10 03:51:47 CET 2026
#@# QSphere rh Tue Mar 10 03:52:00 CET 2026
#@# Fix Topology rh Tue Mar 10 03:53:20 CET 2026
#@# Smooth2 rh Tue Mar 10 03:58:52 CET 2026
#@# Inflation2 rh Tue Mar 10 03:58:55 CET 2026
#@# Curv .H and .K rh Tue Mar 10 03:59:09 CET 2026
#@# Sphere rh Tue Mar 10 03:59:55 CET 2026
#@# Surf Reg rh Tue Mar 10 04:03:32 CET 2026
#@# Jacobian white rh Tue Mar 10 04:07:39 CET 2026
#@# AvgCurv rh Tue Mar 10 04:07:40 CET 2026
#@# Cortical Parc rh Tue Mar 10 04:07:41 CET 2026
#@# white curv rh Tue Mar 10 04:14:27 CET 2026
#@# white area rh Tue Mar 10 04:14:29 CET 2026
#@# pial curv rh Tue Mar 10 04:14:30 CET 2026
#@# pial area rh Tue Mar 10 04:14:32 CET 2026
#@# thickness rh Tue Mar 10 04:14:32 CET 2026
#@# area and vertex vol rh Tue Mar 10 04:15:01 CET 2026
#@# Curvature Stats rh Tue Mar 10 04:15:03 CET 2026
#@# Cortical Parc 2 rh Tue Mar 10 04:15:05 CET 2026
#@# Cortical Parc 3 rh Tue Mar 10 04:15:18 CET 2026
#@# WM/GM Contrast rh Tue Mar 10 04:15:28 CET 2026
recon-all -s sub-v1s3x0050821_ses-1 finished without error at Tue Mar 10 04:15:31 CET 2026



#New# invocation of recon-all 



status file for recon-all
Tue Mar 10 04:23:10 CET 2026
#@# white curv rh Tue Mar 10 04:23:10 CET 2026
#@# white area rh Tue Mar 10 04:23:10 CET 2026
#@# pial curv rh Tue Mar 10 04:23:10 CET 2026
#@# pial area rh Tue Mar 10 04:23:10 CET 2026
#@# thickness rh Tue Mar 10 04:23:10 CET 2026
#@# area and vertex vol rh Tue Mar 10 04:23:10 CET 2026
#@# Parcellation Stats rh Tue Mar 10 04:23:10 CET 2026
#@# Parcellation Stats 2 rh Tue Mar 10 04:23:28 CET 2026
#@# Parcellation Stats 3 rh Tue Mar 10 04:23:37 CET 2026
#@# BA_exvivo Labels rh Tue Mar 10 04:23:46 CET 2026
recon-all -s sub-v1s3x0050821_ses-1 finished without error at Tue Mar 10 04:26:17 CET 2026
